<?xml version="1.0" encoding="UTF-8"?>
<testsuite xmlns:xsi="http://www.w3.org/2001/XMLSchema-instance" xsi:noNamespaceSchemaLocation="https://maven.apache.org/surefire/maven-surefire-plugin/xsd/surefire-test-report-3.0.xsd" version="3.0" name="tests.Simulacoes.TestDeleteSimulacoes" time="2.373" tests="18" errors="0" skipped="0" failures="8">
  <properties>
    <property name="java.specification.version" value="19"/>
    <property name="sun.cpu.isalist" value="amd64"/>
    <property name="sun.jnu.encoding" value="Cp1252"/>
    <property name="java.class.path" value="C:\Users\ignacio\IdeaProjects\challengeignacio\target\test-classes;C:\Users\ignacio\IdeaProjects\challengeignacio\target\classes;C:\Users\ignacio\.m2\repository\org\junit\jupiter\junit-jupiter-engine\5.9.0\junit-jupiter-engine-5.9.0.jar;C:\Users\ignacio\.m2\repository\org\junit\platform\junit-platform-engine\1.9.0\junit-platform-engine-1.9.0.jar;C:\Users\ignacio\.m2\repository\org\opentest4j\opentest4j\1.2.0\opentest4j-1.2.0.jar;C:\Users\ignacio\.m2\repository\org\junit\platform\junit-platform-commons\1.9.0\junit-platform-commons-1.9.0.jar;C:\Users\ignacio\.m2\repository\org\junit\jupiter\junit-jupiter-api\5.9.0\junit-jupiter-api-5.9.0.jar;C:\Users\ignacio\.m2\repository\org\apiguardian\apiguardian-api\1.1.2\apiguardian-api-1.1.2.jar;C:\Users\ignacio\.m2\repository\io\rest-assured\rest-assured\5.1.1\rest-assured-5.1.1.jar;C:\Users\ignacio\.m2\repository\org\apache\groovy\groovy\4.0.1\groovy-4.0.1.jar;C:\Users\ignacio\.m2\repository\org\apache\groovy\groovy-xml\4.0.1\groovy-xml-4.0.1.jar;C:\Users\ignacio\.m2\repository\org\apache\httpcomponents\httpclient\4.5.13\httpclient-4.5.13.jar;C:\Users\ignacio\.m2\repository\org\apache\httpcomponents\httpcore\4.4.13\httpcore-4.4.13.jar;C:\Users\ignacio\.m2\repository\commons-logging\commons-logging\1.2\commons-logging-1.2.jar;C:\Users\ignacio\.m2\repository\commons-codec\commons-codec\1.11\commons-codec-1.11.jar;C:\Users\ignacio\.m2\repository\org\apache\httpcomponents\httpmime\4.5.13\httpmime-4.5.13.jar;C:\Users\ignacio\.m2\repository\org\hamcrest\hamcrest\2.1\hamcrest-2.1.jar;C:\Users\ignacio\.m2\repository\org\ccil\cowan\tagsoup\tagsoup\1.2.1\tagsoup-1.2.1.jar;C:\Users\ignacio\.m2\repository\io\rest-assured\json-path\5.1.1\json-path-5.1.1.jar;C:\Users\ignacio\.m2\repository\org\apache\groovy\groovy-json\4.0.1\groovy-json-4.0.1.jar;C:\Users\ignacio\.m2\repository\io\rest-assured\rest-assured-common\5.1.1\rest-assured-common-5.1.1.jar;C:\Users\ignacio\.m2\repository\io\rest-assured\xml-path\5.1.1\xml-path-5.1.1.jar;C:\Users\ignacio\.m2\repository\com\github\tomakehurst\wiremock-jre8\2.33.2\wiremock-jre8-2.33.2.jar;C:\Users\ignacio\.m2\repository\org\eclipse\jetty\jetty-server\9.4.46.v20220331\jetty-server-9.4.46.v20220331.jar;C:\Users\ignacio\.m2\repository\javax\servlet\javax.servlet-api\3.1.0\javax.servlet-api-3.1.0.jar;C:\Users\ignacio\.m2\repository\org\eclipse\jetty\jetty-http\9.4.46.v20220331\jetty-http-9.4.46.v20220331.jar;C:\Users\ignacio\.m2\repository\org\eclipse\jetty\jetty-io\9.4.46.v20220331\jetty-io-9.4.46.v20220331.jar;C:\Users\ignacio\.m2\repository\org\eclipse\jetty\jetty-servlet\9.4.46.v20220331\jetty-servlet-9.4.46.v20220331.jar;C:\Users\ignacio\.m2\repository\org\eclipse\jetty\jetty-security\9.4.46.v20220331\jetty-security-9.4.46.v20220331.jar;C:\Users\ignacio\.m2\repository\org\eclipse\jetty\jetty-util-ajax\9.4.46.v20220331\jetty-util-ajax-9.4.46.v20220331.jar;C:\Users\ignacio\.m2\repository\org\eclipse\jetty\jetty-servlets\9.4.46.v20220331\jetty-servlets-9.4.46.v20220331.jar;C:\Users\ignacio\.m2\repository\org\eclipse\jetty\jetty-continuation\9.4.46.v20220331\jetty-continuation-9.4.46.v20220331.jar;C:\Users\ignacio\.m2\repository\org\eclipse\jetty\jetty-util\9.4.46.v20220331\jetty-util-9.4.46.v20220331.jar;C:\Users\ignacio\.m2\repository\org\eclipse\jetty\jetty-webapp\9.4.46.v20220331\jetty-webapp-9.4.46.v20220331.jar;C:\Users\ignacio\.m2\repository\org\eclipse\jetty\jetty-xml\9.4.46.v20220331\jetty-xml-9.4.46.v20220331.jar;C:\Users\ignacio\.m2\repository\org\eclipse\jetty\jetty-proxy\9.4.46.v20220331\jetty-proxy-9.4.46.v20220331.jar;C:\Users\ignacio\.m2\repository\org\eclipse\jetty\jetty-client\9.4.46.v20220331\jetty-client-9.4.46.v20220331.jar;C:\Users\ignacio\.m2\repository\org\eclipse\jetty\http2\http2-server\9.4.46.v20220331\http2-server-9.4.46.v20220331.jar;C:\Users\ignacio\.m2\repository\org\eclipse\jetty\http2\http2-common\9.4.46.v20220331\http2-common-9.4.46.v20220331.jar;C:\Users\ignacio\.m2\repository\org\eclipse\jetty\http2\http2-hpack\9.4.46.v20220331\http2-hpack-9.4.46.v20220331.jar;C:\Users\ignacio\.m2\repository\org\eclipse\jetty\jetty-alpn-server\9.4.46.v20220331\jetty-alpn-server-9.4.46.v20220331.jar;C:\Users\ignacio\.m2\repository\org\eclipse\jetty\jetty-alpn-java-server\9.4.46.v20220331\jetty-alpn-java-server-9.4.46.v20220331.jar;C:\Users\ignacio\.m2\repository\org\eclipse\jetty\jetty-alpn-openjdk8-server\9.4.46.v20220331\jetty-alpn-openjdk8-server-9.4.46.v20220331.jar;C:\Users\ignacio\.m2\repository\org\eclipse\jetty\jetty-alpn-java-client\9.4.46.v20220331\jetty-alpn-java-client-9.4.46.v20220331.jar;C:\Users\ignacio\.m2\repository\org\eclipse\jetty\jetty-alpn-client\9.4.46.v20220331\jetty-alpn-client-9.4.46.v20220331.jar;C:\Users\ignacio\.m2\repository\org\eclipse\jetty\jetty-alpn-openjdk8-client\9.4.46.v20220331\jetty-alpn-openjdk8-client-9.4.46.v20220331.jar;C:\Users\ignacio\.m2\repository\com\google\guava\guava\31.1-jre\guava-31.1-jre.jar;C:\Users\ignacio\.m2\repository\com\google\guava\failureaccess\1.0.1\failureaccess-1.0.1.jar;C:\Users\ignacio\.m2\repository\com\google\guava\listenablefuture\9999.0-empty-to-avoid-conflict-with-guava\listenablefuture-9999.0-empty-to-avoid-conflict-with-guava.jar;C:\Users\ignacio\.m2\repository\com\google\code\findbugs\jsr305\3.0.2\jsr305-3.0.2.jar;C:\Users\ignacio\.m2\repository\org\checkerframework\checker-qual\3.12.0\checker-qual-3.12.0.jar;C:\Users\ignacio\.m2\repository\com\google\errorprone\error_prone_annotations\2.11.0\error_prone_annotations-2.11.0.jar;C:\Users\ignacio\.m2\repository\com\google\j2objc\j2objc-annotations\1.3\j2objc-annotations-1.3.jar;C:\Users\ignacio\.m2\repository\com\fasterxml\jackson\core\jackson-annotations\2.13.2\jackson-annotations-2.13.2.jar;C:\Users\ignacio\.m2\repository\org\apache\httpcomponents\client5\httpclient5\5.1.3\httpclient5-5.1.3.jar;C:\Users\ignacio\.m2\repository\org\apache\httpcomponents\core5\httpcore5\5.1.3\httpcore5-5.1.3.jar;C:\Users\ignacio\.m2\repository\org\apache\httpcomponents\core5\httpcore5-h2\5.1.3\httpcore5-h2-5.1.3.jar;C:\Users\ignacio\.m2\repository\org\xmlunit\xmlunit-core\2.9.0\xmlunit-core-2.9.0.jar;C:\Users\ignacio\.m2\repository\jakarta\xml\bind\jakarta.xml.bind-api\2.3.3\jakarta.xml.bind-api-2.3.3.jar;C:\Users\ignacio\.m2\repository\jakarta\activation\jakarta.activation-api\1.2.2\jakarta.activation-api-1.2.2.jar;C:\Users\ignacio\.m2\repository\org\xmlunit\xmlunit-legacy\2.9.0\xmlunit-legacy-2.9.0.jar;C:\Users\ignacio\.m2\repository\org\xmlunit\xmlunit-placeholders\2.9.0\xmlunit-placeholders-2.9.0.jar;C:\Users\ignacio\.m2\repository\net\javacrumbs\json-unit\json-unit-core\2.33.0\json-unit-core-2.33.0.jar;C:\Users\ignacio\.m2\repository\org\hamcrest\hamcrest-core\2.2\hamcrest-core-2.2.jar;C:\Users\ignacio\.m2\repository\com\jayway\jsonpath\json-path\2.7.0\json-path-2.7.0.jar;C:\Users\ignacio\.m2\repository\net\minidev\json-smart\2.4.7\json-smart-2.4.7.jar;C:\Users\ignacio\.m2\repository\net\minidev\accessors-smart\2.4.7\accessors-smart-2.4.7.jar;C:\Users\ignacio\.m2\repository\org\ow2\asm\asm\9.3\asm-9.3.jar;C:\Users\ignacio\.m2\repository\net\sf\jopt-simple\jopt-simple\5.0.4\jopt-simple-5.0.4.jar;C:\Users\ignacio\.m2\repository\org\apache\commons\commons-lang3\3.12.0\commons-lang3-3.12.0.jar;C:\Users\ignacio\.m2\repository\com\github\jknack\handlebars\4.3.0\handlebars-4.3.0.jar;C:\Users\ignacio\.m2\repository\com\github\jknack\handlebars-helpers\4.3.0\handlebars-helpers-4.3.0.jar;C:\Users\ignacio\.m2\repository\commons-fileupload\commons-fileupload\1.4\commons-fileupload-1.4.jar;C:\Users\ignacio\.m2\repository\commons-io\commons-io\2.11.0\commons-io-2.11.0.jar;C:\Users\ignacio\.m2\repository\io\rest-assured\json-schema-validator\5.1.1\json-schema-validator-5.1.1.jar;C:\Users\ignacio\.m2\repository\com\github\java-json-tools\json-schema-validator\2.2.14\json-schema-validator-2.2.14.jar;C:\Users\ignacio\.m2\repository\com\github\java-json-tools\jackson-coreutils-equivalence\1.0\jackson-coreutils-equivalence-1.0.jar;C:\Users\ignacio\.m2\repository\com\github\java-json-tools\jackson-coreutils\2.0\jackson-coreutils-2.0.jar;C:\Users\ignacio\.m2\repository\com\github\java-json-tools\msg-simple\1.2\msg-simple-1.2.jar;C:\Users\ignacio\.m2\repository\com\github\java-json-tools\btf\1.3\btf-1.3.jar;C:\Users\ignacio\.m2\repository\com\github\java-json-tools\json-schema-core\1.2.14\json-schema-core-1.2.14.jar;C:\Users\ignacio\.m2\repository\com\github\java-json-tools\uri-template\0.10\uri-template-0.10.jar;C:\Users\ignacio\.m2\repository\org\mozilla\rhino\1.7.7.2\rhino-1.7.7.2.jar;C:\Users\ignacio\.m2\repository\com\sun\mail\mailapi\1.6.2\mailapi-1.6.2.jar;C:\Users\ignacio\.m2\repository\joda-time\joda-time\2.10.5\joda-time-2.10.5.jar;C:\Users\ignacio\.m2\repository\com\googlecode\libphonenumber\libphonenumber\8.11.1\libphonenumber-8.11.1.jar;C:\Users\ignacio\.m2\repository\com\fasterxml\jackson\core\jackson-core\2.13.3\jackson-core-2.13.3.jar;C:\Users\ignacio\.m2\repository\com\fasterxml\jackson\core\jackson-databind\2.13.3\jackson-databind-2.13.3.jar;C:\Users\ignacio\.m2\repository\com\github\javafaker\javafaker\1.0.2\javafaker-1.0.2.jar;C:\Users\ignacio\.m2\repository\org\yaml\snakeyaml\1.23\snakeyaml-1.23-android.jar;C:\Users\ignacio\.m2\repository\com\github\mifmif\generex\1.0.2\generex-1.0.2.jar;C:\Users\ignacio\.m2\repository\dk\brics\automaton\automaton\1.11-8\automaton-1.11-8.jar;C:\Users\ignacio\.m2\repository\org\projectlombok\lombok\1.18.24\lombok-1.18.24.jar;C:\Users\ignacio\.m2\repository\io\qameta\allure\allure-junit5\2.18.1\allure-junit5-2.18.1.jar;C:\Users\ignacio\.m2\repository\io\qameta\allure\allure-junit-platform\2.18.1\allure-junit-platform-2.18.1.jar;C:\Users\ignacio\.m2\repository\io\qameta\allure\allure-java-commons\2.18.1\allure-java-commons-2.18.1.jar;C:\Users\ignacio\.m2\repository\io\qameta\allure\allure-model\2.18.1\allure-model-2.18.1.jar;C:\Users\ignacio\.m2\repository\io\qameta\allure\allure-test-filter\2.18.1\allure-test-filter-2.18.1.jar;C:\Users\ignacio\.m2\repository\org\junit\platform\junit-platform-launcher\1.8.2\junit-platform-launcher-1.8.2.jar;C:\Users\ignacio\.m2\repository\org\slf4j\slf4j-api\1.7.36\slf4j-api-1.7.36.jar;C:\Users\ignacio\.m2\repository\org\slf4j\slf4j-simple\1.7.36\slf4j-simple-1.7.36.jar;"/>
    <property name="java.vm.vendor" value="Oracle Corporation"/>
    <property name="sun.arch.data.model" value="64"/>
    <property name="user.variant" value=""/>
    <property name="java.vendor.url" value="https://java.oracle.com/"/>
    <property name="user.timezone" value="America/Sao_Paulo"/>
    <property name="os.name" value="Windows 10"/>
    <property name="java.vm.specification.version" value="19"/>
    <property name="sun.java.launcher" value="SUN_STANDARD"/>
    <property name="user.country" value="BR"/>
    <property name="sun.boot.library.path" value="C:\Program Files\Java\jdk-19\bin"/>
    <property name="sun.java.command" value="C:\Users\ignacio\AppData\Local\Temp\surefire13722195426394807744\surefirebooter-20221207154522653_3.jar C:\Users\ignacio\AppData\Local\Temp\surefire13722195426394807744 2022-12-07T15-45-22_478-jvmRun1 surefire-20221207154522653_1tmp surefire_0-20221207154522653_2tmp"/>
    <property name="jdk.debug" value="release"/>
    <property name="surefire.test.class.path" value="C:\Users\ignacio\IdeaProjects\challengeignacio\target\test-classes;C:\Users\ignacio\IdeaProjects\challengeignacio\target\classes;C:\Users\ignacio\.m2\repository\org\junit\jupiter\junit-jupiter-engine\5.9.0\junit-jupiter-engine-5.9.0.jar;C:\Users\ignacio\.m2\repository\org\junit\platform\junit-platform-engine\1.9.0\junit-platform-engine-1.9.0.jar;C:\Users\ignacio\.m2\repository\org\opentest4j\opentest4j\1.2.0\opentest4j-1.2.0.jar;C:\Users\ignacio\.m2\repository\org\junit\platform\junit-platform-commons\1.9.0\junit-platform-commons-1.9.0.jar;C:\Users\ignacio\.m2\repository\org\junit\jupiter\junit-jupiter-api\5.9.0\junit-jupiter-api-5.9.0.jar;C:\Users\ignacio\.m2\repository\org\apiguardian\apiguardian-api\1.1.2\apiguardian-api-1.1.2.jar;C:\Users\ignacio\.m2\repository\io\rest-assured\rest-assured\5.1.1\rest-assured-5.1.1.jar;C:\Users\ignacio\.m2\repository\org\apache\groovy\groovy\4.0.1\groovy-4.0.1.jar;C:\Users\ignacio\.m2\repository\org\apache\groovy\groovy-xml\4.0.1\groovy-xml-4.0.1.jar;C:\Users\ignacio\.m2\repository\org\apache\httpcomponents\httpclient\4.5.13\httpclient-4.5.13.jar;C:\Users\ignacio\.m2\repository\org\apache\httpcomponents\httpcore\4.4.13\httpcore-4.4.13.jar;C:\Users\ignacio\.m2\repository\commons-logging\commons-logging\1.2\commons-logging-1.2.jar;C:\Users\ignacio\.m2\repository\commons-codec\commons-codec\1.11\commons-codec-1.11.jar;C:\Users\ignacio\.m2\repository\org\apache\httpcomponents\httpmime\4.5.13\httpmime-4.5.13.jar;C:\Users\ignacio\.m2\repository\org\hamcrest\hamcrest\2.1\hamcrest-2.1.jar;C:\Users\ignacio\.m2\repository\org\ccil\cowan\tagsoup\tagsoup\1.2.1\tagsoup-1.2.1.jar;C:\Users\ignacio\.m2\repository\io\rest-assured\json-path\5.1.1\json-path-5.1.1.jar;C:\Users\ignacio\.m2\repository\org\apache\groovy\groovy-json\4.0.1\groovy-json-4.0.1.jar;C:\Users\ignacio\.m2\repository\io\rest-assured\rest-assured-common\5.1.1\rest-assured-common-5.1.1.jar;C:\Users\ignacio\.m2\repository\io\rest-assured\xml-path\5.1.1\xml-path-5.1.1.jar;C:\Users\ignacio\.m2\repository\com\github\tomakehurst\wiremock-jre8\2.33.2\wiremock-jre8-2.33.2.jar;C:\Users\ignacio\.m2\repository\org\eclipse\jetty\jetty-server\9.4.46.v20220331\jetty-server-9.4.46.v20220331.jar;C:\Users\ignacio\.m2\repository\javax\servlet\javax.servlet-api\3.1.0\javax.servlet-api-3.1.0.jar;C:\Users\ignacio\.m2\repository\org\eclipse\jetty\jetty-http\9.4.46.v20220331\jetty-http-9.4.46.v20220331.jar;C:\Users\ignacio\.m2\repository\org\eclipse\jetty\jetty-io\9.4.46.v20220331\jetty-io-9.4.46.v20220331.jar;C:\Users\ignacio\.m2\repository\org\eclipse\jetty\jetty-servlet\9.4.46.v20220331\jetty-servlet-9.4.46.v20220331.jar;C:\Users\ignacio\.m2\repository\org\eclipse\jetty\jetty-security\9.4.46.v20220331\jetty-security-9.4.46.v20220331.jar;C:\Users\ignacio\.m2\repository\org\eclipse\jetty\jetty-util-ajax\9.4.46.v20220331\jetty-util-ajax-9.4.46.v20220331.jar;C:\Users\ignacio\.m2\repository\org\eclipse\jetty\jetty-servlets\9.4.46.v20220331\jetty-servlets-9.4.46.v20220331.jar;C:\Users\ignacio\.m2\repository\org\eclipse\jetty\jetty-continuation\9.4.46.v20220331\jetty-continuation-9.4.46.v20220331.jar;C:\Users\ignacio\.m2\repository\org\eclipse\jetty\jetty-util\9.4.46.v20220331\jetty-util-9.4.46.v20220331.jar;C:\Users\ignacio\.m2\repository\org\eclipse\jetty\jetty-webapp\9.4.46.v20220331\jetty-webapp-9.4.46.v20220331.jar;C:\Users\ignacio\.m2\repository\org\eclipse\jetty\jetty-xml\9.4.46.v20220331\jetty-xml-9.4.46.v20220331.jar;C:\Users\ignacio\.m2\repository\org\eclipse\jetty\jetty-proxy\9.4.46.v20220331\jetty-proxy-9.4.46.v20220331.jar;C:\Users\ignacio\.m2\repository\org\eclipse\jetty\jetty-client\9.4.46.v20220331\jetty-client-9.4.46.v20220331.jar;C:\Users\ignacio\.m2\repository\org\eclipse\jetty\http2\http2-server\9.4.46.v20220331\http2-server-9.4.46.v20220331.jar;C:\Users\ignacio\.m2\repository\org\eclipse\jetty\http2\http2-common\9.4.46.v20220331\http2-common-9.4.46.v20220331.jar;C:\Users\ignacio\.m2\repository\org\eclipse\jetty\http2\http2-hpack\9.4.46.v20220331\http2-hpack-9.4.46.v20220331.jar;C:\Users\ignacio\.m2\repository\org\eclipse\jetty\jetty-alpn-server\9.4.46.v20220331\jetty-alpn-server-9.4.46.v20220331.jar;C:\Users\ignacio\.m2\repository\org\eclipse\jetty\jetty-alpn-java-server\9.4.46.v20220331\jetty-alpn-java-server-9.4.46.v20220331.jar;C:\Users\ignacio\.m2\repository\org\eclipse\jetty\jetty-alpn-openjdk8-server\9.4.46.v20220331\jetty-alpn-openjdk8-server-9.4.46.v20220331.jar;C:\Users\ignacio\.m2\repository\org\eclipse\jetty\jetty-alpn-java-client\9.4.46.v20220331\jetty-alpn-java-client-9.4.46.v20220331.jar;C:\Users\ignacio\.m2\repository\org\eclipse\jetty\jetty-alpn-client\9.4.46.v20220331\jetty-alpn-client-9.4.46.v20220331.jar;C:\Users\ignacio\.m2\repository\org\eclipse\jetty\jetty-alpn-openjdk8-client\9.4.46.v20220331\jetty-alpn-openjdk8-client-9.4.46.v20220331.jar;C:\Users\ignacio\.m2\repository\com\google\guava\guava\31.1-jre\guava-31.1-jre.jar;C:\Users\ignacio\.m2\repository\com\google\guava\failureaccess\1.0.1\failureaccess-1.0.1.jar;C:\Users\ignacio\.m2\repository\com\google\guava\listenablefuture\9999.0-empty-to-avoid-conflict-with-guava\listenablefuture-9999.0-empty-to-avoid-conflict-with-guava.jar;C:\Users\ignacio\.m2\repository\com\google\code\findbugs\jsr305\3.0.2\jsr305-3.0.2.jar;C:\Users\ignacio\.m2\repository\org\checkerframework\checker-qual\3.12.0\checker-qual-3.12.0.jar;C:\Users\ignacio\.m2\repository\com\google\errorprone\error_prone_annotations\2.11.0\error_prone_annotations-2.11.0.jar;C:\Users\ignacio\.m2\repository\com\google\j2objc\j2objc-annotations\1.3\j2objc-annotations-1.3.jar;C:\Users\ignacio\.m2\repository\com\fasterxml\jackson\core\jackson-annotations\2.13.2\jackson-annotations-2.13.2.jar;C:\Users\ignacio\.m2\repository\org\apache\httpcomponents\client5\httpclient5\5.1.3\httpclient5-5.1.3.jar;C:\Users\ignacio\.m2\repository\org\apache\httpcomponents\core5\httpcore5\5.1.3\httpcore5-5.1.3.jar;C:\Users\ignacio\.m2\repository\org\apache\httpcomponents\core5\httpcore5-h2\5.1.3\httpcore5-h2-5.1.3.jar;C:\Users\ignacio\.m2\repository\org\xmlunit\xmlunit-core\2.9.0\xmlunit-core-2.9.0.jar;C:\Users\ignacio\.m2\repository\jakarta\xml\bind\jakarta.xml.bind-api\2.3.3\jakarta.xml.bind-api-2.3.3.jar;C:\Users\ignacio\.m2\repository\jakarta\activation\jakarta.activation-api\1.2.2\jakarta.activation-api-1.2.2.jar;C:\Users\ignacio\.m2\repository\org\xmlunit\xmlunit-legacy\2.9.0\xmlunit-legacy-2.9.0.jar;C:\Users\ignacio\.m2\repository\org\xmlunit\xmlunit-placeholders\2.9.0\xmlunit-placeholders-2.9.0.jar;C:\Users\ignacio\.m2\repository\net\javacrumbs\json-unit\json-unit-core\2.33.0\json-unit-core-2.33.0.jar;C:\Users\ignacio\.m2\repository\org\hamcrest\hamcrest-core\2.2\hamcrest-core-2.2.jar;C:\Users\ignacio\.m2\repository\com\jayway\jsonpath\json-path\2.7.0\json-path-2.7.0.jar;C:\Users\ignacio\.m2\repository\net\minidev\json-smart\2.4.7\json-smart-2.4.7.jar;C:\Users\ignacio\.m2\repository\net\minidev\accessors-smart\2.4.7\accessors-smart-2.4.7.jar;C:\Users\ignacio\.m2\repository\org\ow2\asm\asm\9.3\asm-9.3.jar;C:\Users\ignacio\.m2\repository\net\sf\jopt-simple\jopt-simple\5.0.4\jopt-simple-5.0.4.jar;C:\Users\ignacio\.m2\repository\org\apache\commons\commons-lang3\3.12.0\commons-lang3-3.12.0.jar;C:\Users\ignacio\.m2\repository\com\github\jknack\handlebars\4.3.0\handlebars-4.3.0.jar;C:\Users\ignacio\.m2\repository\com\github\jknack\handlebars-helpers\4.3.0\handlebars-helpers-4.3.0.jar;C:\Users\ignacio\.m2\repository\commons-fileupload\commons-fileupload\1.4\commons-fileupload-1.4.jar;C:\Users\ignacio\.m2\repository\commons-io\commons-io\2.11.0\commons-io-2.11.0.jar;C:\Users\ignacio\.m2\repository\io\rest-assured\json-schema-validator\5.1.1\json-schema-validator-5.1.1.jar;C:\Users\ignacio\.m2\repository\com\github\java-json-tools\json-schema-validator\2.2.14\json-schema-validator-2.2.14.jar;C:\Users\ignacio\.m2\repository\com\github\java-json-tools\jackson-coreutils-equivalence\1.0\jackson-coreutils-equivalence-1.0.jar;C:\Users\ignacio\.m2\repository\com\github\java-json-tools\jackson-coreutils\2.0\jackson-coreutils-2.0.jar;C:\Users\ignacio\.m2\repository\com\github\java-json-tools\msg-simple\1.2\msg-simple-1.2.jar;C:\Users\ignacio\.m2\repository\com\github\java-json-tools\btf\1.3\btf-1.3.jar;C:\Users\ignacio\.m2\repository\com\github\java-json-tools\json-schema-core\1.2.14\json-schema-core-1.2.14.jar;C:\Users\ignacio\.m2\repository\com\github\java-json-tools\uri-template\0.10\uri-template-0.10.jar;C:\Users\ignacio\.m2\repository\org\mozilla\rhino\1.7.7.2\rhino-1.7.7.2.jar;C:\Users\ignacio\.m2\repository\com\sun\mail\mailapi\1.6.2\mailapi-1.6.2.jar;C:\Users\ignacio\.m2\repository\joda-time\joda-time\2.10.5\joda-time-2.10.5.jar;C:\Users\ignacio\.m2\repository\com\googlecode\libphonenumber\libphonenumber\8.11.1\libphonenumber-8.11.1.jar;C:\Users\ignacio\.m2\repository\com\fasterxml\jackson\core\jackson-core\2.13.3\jackson-core-2.13.3.jar;C:\Users\ignacio\.m2\repository\com\fasterxml\jackson\core\jackson-databind\2.13.3\jackson-databind-2.13.3.jar;C:\Users\ignacio\.m2\repository\com\github\javafaker\javafaker\1.0.2\javafaker-1.0.2.jar;C:\Users\ignacio\.m2\repository\org\yaml\snakeyaml\1.23\snakeyaml-1.23-android.jar;C:\Users\ignacio\.m2\repository\com\github\mifmif\generex\1.0.2\generex-1.0.2.jar;C:\Users\ignacio\.m2\repository\dk\brics\automaton\automaton\1.11-8\automaton-1.11-8.jar;C:\Users\ignacio\.m2\repository\org\projectlombok\lombok\1.18.24\lombok-1.18.24.jar;C:\Users\ignacio\.m2\repository\io\qameta\allure\allure-junit5\2.18.1\allure-junit5-2.18.1.jar;C:\Users\ignacio\.m2\repository\io\qameta\allure\allure-junit-platform\2.18.1\allure-junit-platform-2.18.1.jar;C:\Users\ignacio\.m2\repository\io\qameta\allure\allure-java-commons\2.18.1\allure-java-commons-2.18.1.jar;C:\Users\ignacio\.m2\repository\io\qameta\allure\allure-model\2.18.1\allure-model-2.18.1.jar;C:\Users\ignacio\.m2\repository\io\qameta\allure\allure-test-filter\2.18.1\allure-test-filter-2.18.1.jar;C:\Users\ignacio\.m2\repository\org\junit\platform\junit-platform-launcher\1.8.2\junit-platform-launcher-1.8.2.jar;C:\Users\ignacio\.m2\repository\org\slf4j\slf4j-api\1.7.36\slf4j-api-1.7.36.jar;C:\Users\ignacio\.m2\repository\org\slf4j\slf4j-simple\1.7.36\slf4j-simple-1.7.36.jar;"/>
    <property name="allure.results.directory" value="C:\Users\ignacio\IdeaProjects\challengeignacio\target/allure-results"/>
    <property name="sun.cpu.endian" value="little"/>
    <property name="user.home" value="C:\Users\ignacio"/>
    <property name="user.language" value="pt"/>
    <property name="java.specification.vendor" value="Oracle Corporation"/>
    <property name="java.version.date" value="2022-09-20"/>
    <property name="java.home" value="C:\Program Files\Java\jdk-19"/>
    <property name="file.separator" value="\"/>
    <property name="basedir" value="C:\Users\ignacio\IdeaProjects\challengeignacio"/>
    <property name="java.vm.compressedOopsMode" value="Zero based"/>
    <property name="line.separator" value="&#10;"/>
    <property name="java.vm.specification.vendor" value="Oracle Corporation"/>
    <property name="java.specification.name" value="Java Platform API Specification"/>
    <property name="surefire.real.class.path" value="C:\Users\ignacio\AppData\Local\Temp\surefire13722195426394807744\surefirebooter-20221207154522653_3.jar"/>
    <property name="user.script" value=""/>
    <property name="sun.management.compiler" value="HotSpot 64-Bit Tiered Compilers"/>
    <property name="org.eclipse.jetty.http.HttpGenerator.STRICT" value="true"/>
    <property name="java.runtime.version" value="19+36-2238"/>
    <property name="user.name" value="ignacio"/>
    <property name="stdout.encoding" value="Cp1252"/>
    <property name="path.separator" value=";"/>
    <property name="os.version" value="10.0"/>
    <property name="java.runtime.name" value="Java(TM) SE Runtime Environment"/>
    <property name="file.encoding" value="UTF-8"/>
    <property name="java.vm.name" value="Java HotSpot(TM) 64-Bit Server VM"/>
    <property name="localRepository" value="C:\Users\ignacio\.m2\repository"/>
    <property name="javax.xml.xpath.XPathFactory:http://java.sun.com/jaxp/xpath/dom" value="com.sun.org.apache.xpath.internal.jaxp.XPathFactoryImpl"/>
    <property name="java.vendor.url.bug" value="https://bugreport.java.com/bugreport/"/>
    <property name="jetty.git.hash" value="bc17a0369a11ecf40bb92c839b9ef0a8ac50ea18"/>
    <property name="java.io.tmpdir" value="C:\Users\ignacio\AppData\Local\Temp\"/>
    <property name="java.version" value="19"/>
    <property name="user.dir" value="C:\Users\ignacio\IdeaProjects\challengeignacio"/>
    <property name="os.arch" value="amd64"/>
    <property name="java.vm.specification.name" value="Java Virtual Machine Specification"/>
    <property name="env" value="local"/>
    <property name="sun.os.patch.level" value=""/>
    <property name="native.encoding" value="Cp1252"/>
    <property name="java.library.path" value="C:\Program Files\Java\jdk-19\bin;C:\Windows\Sun\Java\bin;C:\Windows\system32;C:\Windows;C:\Program Files\Alacritty\;C:\Program Files\Common Files\Oracle\Java\javapath;E:\CUDA\bin;E:\CUDA\libnvvp;C:\Windows\system32;C:\Windows;C:\Windows\System32\Wbem;C:\Windows\System32\WindowsPowerShell\v1.0\;C:\Windows\System32\OpenSSH\;C:\Program Files\Git\cmd;C:\Program Files (x86)\NVIDIA Corporation\PhysX\Common;C:\Program Files\NVIDIA Corporation\NVIDIA NvDLISR;C:\Program Files\NVIDIA Corporation\Nsight Compute 2022.3.0\;C:\Program Files\Java\jdk-19\bin;C:\Program Files\apache-maven-3.8.6\bin;C:\Program Files\dotnet\;C:\Users\ignacio\scoop\apps\allure\2.20.1\bin;;C:\Program Files\Docker\Docker\resources\bin;C:\Users\ignacio\scoop\shims;C:\Users\ignacio\AppData\Local\Programs\Python\Python310\Scripts\;C:\Users\ignacio\AppData\Local\Programs\Python\Python310\;C:\Users\ignacio\AppData\Local\Programs\Python\Launcher\;C:\Users\ignacio\AppData\Local\Microsoft\WindowsApps;C:\Users\ignacio\AppData\Local\Programs\Microsoft VS Code\bin;C:\Program Files\JetBrains\IntelliJ IDEA Community Edition 2022.2.3\bin;C:\Python27;;."/>
    <property name="junit.jupiter.extensions.autodetection.enabled" value="true"/>
    <property name="java.vm.info" value="mixed mode, sharing"/>
    <property name="stderr.encoding" value="Cp1252"/>
    <property name="java.vendor" value="Oracle Corporation"/>
    <property name="java.vm.version" value="19+36-2238"/>
    <property name="sun.io.unicode.encoding" value="UnicodeLittle"/>
    <property name="javax.xml.transform.TransformerFactory" value="com.sun.org.apache.xalan.internal.xsltc.trax.TransformerFactoryImpl"/>
    <property name="java.class.version" value="63.0"/>
  </properties>
  <testcase name="deveRecusarPutCpfSemRestricao" classname="tests.Restricoes.TestPutRestricoes" time="0.333">
    <system-err><![CDATA[[ForkJoinPool-1-worker-3] INFO org.eclipse.jetty.util.log - Logging initialized @2197ms to org.eclipse.jetty.util.log.Slf4jLog
[ForkJoinPool-1-worker-3] INFO org.eclipse.jetty.server.Server - jetty-9.4.46.v20220331; built: 2022-03-31T16:38:08.030Z; git: bc17a0369a11ecf40bb92c839b9ef0a8ac50ea18; jvm 19+36-2238
[ForkJoinPool-1-worker-5] INFO org.eclipse.jetty.server.Server - jetty-9.4.46.v20220331; built: 2022-03-31T16:38:08.030Z; git: bc17a0369a11ecf40bb92c839b9ef0a8ac50ea18; jvm 19+36-2238
[ForkJoinPool-1-worker-4] INFO org.eclipse.jetty.server.Server - jetty-9.4.46.v20220331; built: 2022-03-31T16:38:08.030Z; git: bc17a0369a11ecf40bb92c839b9ef0a8ac50ea18; jvm 19+36-2238
[ForkJoinPool-1-worker-2] INFO org.eclipse.jetty.server.Server - jetty-9.4.46.v20220331; built: 2022-03-31T16:38:08.030Z; git: bc17a0369a11ecf40bb92c839b9ef0a8ac50ea18; jvm 19+36-2238
[ForkJoinPool-1-worker-4] INFO org.eclipse.jetty.server.handler.ContextHandler - Started o.e.j.s.ServletContextHandler@4207a208{/__admin,null,AVAILABLE}
[ForkJoinPool-1-worker-5] INFO org.eclipse.jetty.server.handler.ContextHandler - Started o.e.j.s.ServletContextHandler@7c3f15e8{/__admin,null,AVAILABLE}
[ForkJoinPool-1-worker-2] INFO org.eclipse.jetty.server.handler.ContextHandler - Started o.e.j.s.ServletContextHandler@65c38249{/__admin,null,AVAILABLE}
[ForkJoinPool-1-worker-3] INFO org.eclipse.jetty.server.handler.ContextHandler - Started o.e.j.s.ServletContextHandler@2664441d{/__admin,null,AVAILABLE}
[ForkJoinPool-1-worker-2] INFO org.eclipse.jetty.server.handler.ContextHandler.ROOT - RequestHandlerClass from context returned com.github.tomakehurst.wiremock.http.StubRequestHandler. Normalized mapped under returned 'null'
[ForkJoinPool-1-worker-4] INFO org.eclipse.jetty.server.handler.ContextHandler.ROOT - RequestHandlerClass from context returned com.github.tomakehurst.wiremock.http.StubRequestHandler. Normalized mapped under returned 'null'
[ForkJoinPool-1-worker-5] INFO org.eclipse.jetty.server.handler.ContextHandler.ROOT - RequestHandlerClass from context returned com.github.tomakehurst.wiremock.http.StubRequestHandler. Normalized mapped under returned 'null'
[ForkJoinPool-1-worker-3] INFO org.eclipse.jetty.server.handler.ContextHandler.ROOT - RequestHandlerClass from context returned com.github.tomakehurst.wiremock.http.StubRequestHandler. Normalized mapped under returned 'null'
[ForkJoinPool-1-worker-4] INFO org.eclipse.jetty.server.handler.ContextHandler - Started o.e.j.s.ServletContextHandler@3c83b9e0{/,null,AVAILABLE}
[ForkJoinPool-1-worker-2] INFO org.eclipse.jetty.server.handler.ContextHandler - Started o.e.j.s.ServletContextHandler@2085c51{/,null,AVAILABLE}
[ForkJoinPool-1-worker-3] INFO org.eclipse.jetty.server.handler.ContextHandler - Started o.e.j.s.ServletContextHandler@366484c8{/,null,AVAILABLE}
[ForkJoinPool-1-worker-5] INFO org.eclipse.jetty.server.handler.ContextHandler - Started o.e.j.s.ServletContextHandler@7dd83bcd{/,null,AVAILABLE}
[ForkJoinPool-1-worker-2] INFO org.eclipse.jetty.server.AbstractConnector - Started NetworkTrafficServerConnector@3ed21a0c{HTTP/1.1, (http/1.1, h2c)}{0.0.0.0:9600}
[ForkJoinPool-1-worker-2] INFO org.eclipse.jetty.server.Server - Started @2601ms
[ForkJoinPool-1-worker-5] INFO org.eclipse.jetty.server.AbstractConnector - Started NetworkTrafficServerConnector@13109de0{HTTP/1.1, (http/1.1, h2c)}{0.0.0.0:9000}
[ForkJoinPool-1-worker-3] INFO org.eclipse.jetty.server.AbstractConnector - Started NetworkTrafficServerConnector@3692ae12{HTTP/1.1, (http/1.1, h2c)}{0.0.0.0:9400}
[ForkJoinPool-1-worker-5] INFO org.eclipse.jetty.server.Server - Started @2601ms
[ForkJoinPool-1-worker-4] INFO org.eclipse.jetty.server.AbstractConnector - Started NetworkTrafficServerConnector@24ad0e64{HTTP/1.1, (http/1.1, h2c)}{0.0.0.0:9200}
[ForkJoinPool-1-worker-3] INFO org.eclipse.jetty.server.Server - Started @2601ms
[ForkJoinPool-1-worker-4] INFO org.eclipse.jetty.server.Server - Started @2601ms
]]></system-err>
  </testcase>
  <testcase name="deveRecusarPutCpfRestricao" classname="tests.Restricoes.TestPutRestricoes" time="0.017"/>
  <testcase name="deveRecusarPutRaiz" classname="tests.Restricoes.TestPutRestricoes" time="0.597"/>
  <testcase name="deveFalharDeleteRaiz" classname="tests.Simulacoes.TestDeleteSimulacoes" time="0.964"/>
  <testcase name="deveDeletarSimulacao" classname="tests.Simulacoes.TestDeleteSimulacoes" time="1.227">
    <failure message="simulacao (1 failure)&#10;	java.lang.AssertionError: &#10;Expected: is &lt;204&gt;&#10;     but: was &lt;200&gt;" type="org.opentest4j.MultipleFailuresError"><![CDATA[org.opentest4j.MultipleFailuresError: 
simulacao (1 failure)
	java.lang.AssertionError: 
Expected: is <204>
     but: was <200>
	at org.junit.jupiter.api.AssertAll.assertAll(AssertAll.java:80)
	at org.junit.jupiter.api.AssertAll.assertAll(AssertAll.java:44)
	at org.junit.jupiter.api.Assertions.assertAll(Assertions.java:2928)
	at tests.Simulacoes.TestDeleteSimulacoes.deveDeletarSimulacao(TestDeleteSimulacoes.java:26)
	at java.base/jdk.internal.reflect.DirectMethodHandleAccessor.invoke(DirectMethodHandleAccessor.java:104)
	at java.base/java.lang.reflect.Method.invoke(Method.java:578)
	at org.junit.platform.commons.util.ReflectionUtils.invokeMethod(ReflectionUtils.java:727)
	at org.junit.jupiter.engine.execution.MethodInvocation.proceed(MethodInvocation.java:60)
	at org.junit.jupiter.engine.execution.InvocationInterceptorChain$ValidatingInvocation.proceed(InvocationInterceptorChain.java:131)
	at org.junit.jupiter.api.extension.InvocationInterceptor.interceptTestMethod(InvocationInterceptor.java:118)
	at org.junit.jupiter.engine.execution.InterceptingExecutableInvoker$ReflectiveInterceptorCall.lambda$ofVoidMethod$0(InterceptingExecutableInvoker.java:103)
	at org.junit.jupiter.engine.execution.InterceptingExecutableInvoker.lambda$invoke$0(InterceptingExecutableInvoker.java:93)
	at org.junit.jupiter.engine.execution.InvocationInterceptorChain$InterceptedInvocation.proceed(InvocationInterceptorChain.java:106)
	at org.junit.jupiter.engine.extension.TimeoutExtension.intercept(TimeoutExtension.java:156)
	at org.junit.jupiter.engine.extension.TimeoutExtension.interceptTestableMethod(TimeoutExtension.java:147)
	at org.junit.jupiter.engine.extension.TimeoutExtension.interceptTestMethod(TimeoutExtension.java:86)
	at org.junit.jupiter.engine.execution.InterceptingExecutableInvoker$ReflectiveInterceptorCall.lambda$ofVoidMethod$0(InterceptingExecutableInvoker.java:103)
	at org.junit.jupiter.engine.execution.InterceptingExecutableInvoker.lambda$invoke$0(InterceptingExecutableInvoker.java:93)
	at org.junit.jupiter.engine.execution.InvocationInterceptorChain$InterceptedInvocation.proceed(InvocationInterceptorChain.java:106)
	at org.junit.jupiter.engine.execution.InvocationInterceptorChain.proceed(InvocationInterceptorChain.java:64)
	at org.junit.jupiter.engine.execution.InvocationInterceptorChain.chainAndInvoke(InvocationInterceptorChain.java:45)
	at org.junit.jupiter.engine.execution.InvocationInterceptorChain.invoke(InvocationInterceptorChain.java:37)
	at org.junit.jupiter.engine.execution.InterceptingExecutableInvoker.invoke(InterceptingExecutableInvoker.java:92)
	at org.junit.jupiter.engine.execution.InterceptingExecutableInvoker.invoke(InterceptingExecutableInvoker.java:86)
	at org.junit.jupiter.engine.descriptor.TestMethodTestDescriptor.lambda$invokeTestMethod$7(TestMethodTestDescriptor.java:217)
	at org.junit.platform.engine.support.hierarchical.ThrowableCollector.execute(ThrowableCollector.java:73)
	at org.junit.jupiter.engine.descriptor.TestMethodTestDescriptor.invokeTestMethod(TestMethodTestDescriptor.java:213)
	at org.junit.jupiter.engine.descriptor.TestMethodTestDescriptor.execute(TestMethodTestDescriptor.java:138)
	at org.junit.jupiter.engine.descriptor.TestMethodTestDescriptor.execute(TestMethodTestDescriptor.java:68)
	at org.junit.platform.engine.support.hierarchical.NodeTestTask.lambda$executeRecursively$6(NodeTestTask.java:151)
	at org.junit.platform.engine.support.hierarchical.ThrowableCollector.execute(ThrowableCollector.java:73)
	at org.junit.platform.engine.support.hierarchical.NodeTestTask.lambda$executeRecursively$8(NodeTestTask.java:141)
	at org.junit.platform.engine.support.hierarchical.Node.around(Node.java:137)
	at org.junit.platform.engine.support.hierarchical.NodeTestTask.lambda$executeRecursively$9(NodeTestTask.java:139)
	at org.junit.platform.engine.support.hierarchical.ThrowableCollector.execute(ThrowableCollector.java:73)
	at org.junit.platform.engine.support.hierarchical.NodeTestTask.executeRecursively(NodeTestTask.java:138)
	at org.junit.platform.engine.support.hierarchical.NodeTestTask.execute(NodeTestTask.java:95)
	at org.junit.platform.engine.support.hierarchical.ForkJoinPoolHierarchicalTestExecutorService$ExclusiveTask.compute(ForkJoinPoolHierarchicalTestExecutorService.java:185)
	at java.base/java.util.concurrent.RecursiveAction.exec(RecursiveAction.java:194)
	at java.base/java.util.concurrent.ForkJoinTask.doExec(ForkJoinTask.java:387)
	at java.base/java.util.concurrent.ForkJoinPool$WorkQueue.topLevelExec(ForkJoinPool.java:1311)
	at java.base/java.util.concurrent.ForkJoinPool.scan(ForkJoinPool.java:1840)
	at java.base/java.util.concurrent.ForkJoinPool.runWorker(ForkJoinPool.java:1806)
	at java.base/java.util.concurrent.ForkJoinWorkerThread.run(ForkJoinWorkerThread.java:177)
	Suppressed: java.lang.AssertionError: 
Expected: is <204>
     but: was <200>
		at org.hamcrest.MatcherAssert.assertThat(MatcherAssert.java:18)
		at org.hamcrest.MatcherAssert.assertThat(MatcherAssert.java:6)
		at tests.Simulacoes.TestDeleteSimulacoes.lambda$deveDeletarSimulacao$1(TestDeleteSimulacoes.java:28)
		at org.junit.jupiter.api.AssertAll.lambda$assertAll$0(AssertAll.java:68)
		at java.base/java.util.stream.ReferencePipeline$3$1.accept(ReferencePipeline.java:197)
		at java.base/java.util.Spliterators$ArraySpliterator.forEachRemaining(Spliterators.java:1006)
		at java.base/java.util.stream.AbstractPipeline.copyInto(AbstractPipeline.java:509)
		at java.base/java.util.stream.AbstractPipeline.wrapAndCopyInto(AbstractPipeline.java:499)
		at java.base/java.util.stream.ReduceOps$ReduceOp.evaluateSequential(ReduceOps.java:921)
		at java.base/java.util.stream.AbstractPipeline.evaluate(AbstractPipeline.java:234)
		at java.base/java.util.stream.ReferencePipeline.collect(ReferencePipeline.java:682)
		at org.junit.jupiter.api.AssertAll.assertAll(AssertAll.java:77)
		... 43 more
]]></failure>
  </testcase>
  <testcase name="deveFalharDeleteSimulacao" classname="tests.Simulacoes.TestDeleteSimulacoes" time="0.621">
    <failure message="simulacao (2 failures)&#10;	java.lang.IllegalStateException: Cannot determine which path implementation to use because the content-type text/plain;charset=UTF-8 doesn&apos;t map to a path implementation.&#10;	java.lang.AssertionError: &#10;Expected: is &lt;404&gt;&#10;     but: was &lt;200&gt;" type="org.opentest4j.MultipleFailuresError"><![CDATA[org.opentest4j.MultipleFailuresError: 
simulacao (2 failures)
	java.lang.IllegalStateException: Cannot determine which path implementation to use because the content-type text/plain;charset=UTF-8 doesn't map to a path implementation.
	java.lang.AssertionError: 
Expected: is <404>
     but: was <200>
	at org.junit.jupiter.api.AssertAll.assertAll(AssertAll.java:80)
	at org.junit.jupiter.api.AssertAll.assertAll(AssertAll.java:44)
	at org.junit.jupiter.api.Assertions.assertAll(Assertions.java:2928)
	at tests.Simulacoes.TestDeleteSimulacoes.deveFalharDeleteSimulacao(TestDeleteSimulacoes.java:38)
	at java.base/jdk.internal.reflect.DirectMethodHandleAccessor.invoke(DirectMethodHandleAccessor.java:104)
	at java.base/java.lang.reflect.Method.invoke(Method.java:578)
	at org.junit.platform.commons.util.ReflectionUtils.invokeMethod(ReflectionUtils.java:727)
	at org.junit.jupiter.engine.execution.MethodInvocation.proceed(MethodInvocation.java:60)
	at org.junit.jupiter.engine.execution.InvocationInterceptorChain$ValidatingInvocation.proceed(InvocationInterceptorChain.java:131)
	at org.junit.jupiter.api.extension.InvocationInterceptor.interceptTestMethod(InvocationInterceptor.java:118)
	at org.junit.jupiter.engine.execution.InterceptingExecutableInvoker$ReflectiveInterceptorCall.lambda$ofVoidMethod$0(InterceptingExecutableInvoker.java:103)
	at org.junit.jupiter.engine.execution.InterceptingExecutableInvoker.lambda$invoke$0(InterceptingExecutableInvoker.java:93)
	at org.junit.jupiter.engine.execution.InvocationInterceptorChain$InterceptedInvocation.proceed(InvocationInterceptorChain.java:106)
	at org.junit.jupiter.engine.extension.TimeoutExtension.intercept(TimeoutExtension.java:156)
	at org.junit.jupiter.engine.extension.TimeoutExtension.interceptTestableMethod(TimeoutExtension.java:147)
	at org.junit.jupiter.engine.extension.TimeoutExtension.interceptTestMethod(TimeoutExtension.java:86)
	at org.junit.jupiter.engine.execution.InterceptingExecutableInvoker$ReflectiveInterceptorCall.lambda$ofVoidMethod$0(InterceptingExecutableInvoker.java:103)
	at org.junit.jupiter.engine.execution.InterceptingExecutableInvoker.lambda$invoke$0(InterceptingExecutableInvoker.java:93)
	at org.junit.jupiter.engine.execution.InvocationInterceptorChain$InterceptedInvocation.proceed(InvocationInterceptorChain.java:106)
	at org.junit.jupiter.engine.execution.InvocationInterceptorChain.proceed(InvocationInterceptorChain.java:64)
	at org.junit.jupiter.engine.execution.InvocationInterceptorChain.chainAndInvoke(InvocationInterceptorChain.java:45)
	at org.junit.jupiter.engine.execution.InvocationInterceptorChain.invoke(InvocationInterceptorChain.java:37)
	at org.junit.jupiter.engine.execution.InterceptingExecutableInvoker.invoke(InterceptingExecutableInvoker.java:92)
	at org.junit.jupiter.engine.execution.InterceptingExecutableInvoker.invoke(InterceptingExecutableInvoker.java:86)
	at org.junit.jupiter.engine.descriptor.TestMethodTestDescriptor.lambda$invokeTestMethod$7(TestMethodTestDescriptor.java:217)
	at org.junit.platform.engine.support.hierarchical.ThrowableCollector.execute(ThrowableCollector.java:73)
	at org.junit.jupiter.engine.descriptor.TestMethodTestDescriptor.invokeTestMethod(TestMethodTestDescriptor.java:213)
	at org.junit.jupiter.engine.descriptor.TestMethodTestDescriptor.execute(TestMethodTestDescriptor.java:138)
	at org.junit.jupiter.engine.descriptor.TestMethodTestDescriptor.execute(TestMethodTestDescriptor.java:68)
	at org.junit.platform.engine.support.hierarchical.NodeTestTask.lambda$executeRecursively$6(NodeTestTask.java:151)
	at org.junit.platform.engine.support.hierarchical.ThrowableCollector.execute(ThrowableCollector.java:73)
	at org.junit.platform.engine.support.hierarchical.NodeTestTask.lambda$executeRecursively$8(NodeTestTask.java:141)
	at org.junit.platform.engine.support.hierarchical.Node.around(Node.java:137)
	at org.junit.platform.engine.support.hierarchical.NodeTestTask.lambda$executeRecursively$9(NodeTestTask.java:139)
	at org.junit.platform.engine.support.hierarchical.ThrowableCollector.execute(ThrowableCollector.java:73)
	at org.junit.platform.engine.support.hierarchical.NodeTestTask.executeRecursively(NodeTestTask.java:138)
	at org.junit.platform.engine.support.hierarchical.NodeTestTask.execute(NodeTestTask.java:95)
	at org.junit.platform.engine.support.hierarchical.ForkJoinPoolHierarchicalTestExecutorService$ExclusiveTask.compute(ForkJoinPoolHierarchicalTestExecutorService.java:185)
	at java.base/java.util.concurrent.RecursiveAction.exec(RecursiveAction.java:194)
	at java.base/java.util.concurrent.ForkJoinTask.doExec(ForkJoinTask.java:387)
	at java.base/java.util.concurrent.ForkJoinPool$WorkQueue.tryRemoveAndExec(ForkJoinPool.java:1350)
	at java.base/java.util.concurrent.ForkJoinTask.awaitDone(ForkJoinTask.java:422)
	at java.base/java.util.concurrent.ForkJoinTask.join(ForkJoinTask.java:651)
	at org.junit.platform.engine.support.hierarchical.ForkJoinPoolHierarchicalTestExecutorService.joinConcurrentTasksInReverseOrderToEnableWorkStealing(ForkJoinPoolHierarchicalTestExecutorService.java:162)
	at org.junit.platform.engine.support.hierarchical.ForkJoinPoolHierarchicalTestExecutorService.invokeAll(ForkJoinPoolHierarchicalTestExecutorService.java:136)
	at org.junit.platform.engine.support.hierarchical.NodeTestTask.lambda$executeRecursively$6(NodeTestTask.java:155)
	at org.junit.platform.engine.support.hierarchical.ThrowableCollector.execute(ThrowableCollector.java:73)
	at org.junit.platform.engine.support.hierarchical.NodeTestTask.lambda$executeRecursively$8(NodeTestTask.java:141)
	at org.junit.platform.engine.support.hierarchical.Node.around(Node.java:137)
	at org.junit.platform.engine.support.hierarchical.NodeTestTask.lambda$executeRecursively$9(NodeTestTask.java:139)
	at org.junit.platform.engine.support.hierarchical.ThrowableCollector.execute(ThrowableCollector.java:73)
	at org.junit.platform.engine.support.hierarchical.NodeTestTask.executeRecursively(NodeTestTask.java:138)
	at org.junit.platform.engine.support.hierarchical.NodeTestTask.execute(NodeTestTask.java:95)
	at org.junit.platform.engine.support.hierarchical.ForkJoinPoolHierarchicalTestExecutorService$ExclusiveTask.compute(ForkJoinPoolHierarchicalTestExecutorService.java:185)
	at java.base/java.util.concurrent.RecursiveAction.exec(RecursiveAction.java:194)
	at java.base/java.util.concurrent.ForkJoinTask.doExec(ForkJoinTask.java:387)
	at java.base/java.util.concurrent.ForkJoinPool$WorkQueue.topLevelExec(ForkJoinPool.java:1311)
	at java.base/java.util.concurrent.ForkJoinPool.scan(ForkJoinPool.java:1840)
	at java.base/java.util.concurrent.ForkJoinPool.runWorker(ForkJoinPool.java:1806)
	at java.base/java.util.concurrent.ForkJoinWorkerThread.run(ForkJoinWorkerThread.java:177)
	Suppressed: java.lang.IllegalStateException: Cannot determine which path implementation to use because the content-type text/plain;charset=UTF-8 doesn't map to a path implementation.
		at java.base/jdk.internal.reflect.DirectConstructorHandleAccessor.newInstance(DirectConstructorHandleAccessor.java:67)
		at java.base/java.lang.reflect.Constructor.newInstanceWithCaller(Constructor.java:500)
		at java.base/java.lang.reflect.Constructor.newInstance(Constructor.java:484)
		at org.codehaus.groovy.reflection.CachedConstructor.invoke(CachedConstructor.java:73)
		at org.codehaus.groovy.reflection.CachedConstructor.doConstructorInvoke(CachedConstructor.java:60)
		at org.codehaus.groovy.runtime.callsite.ConstructorSite$ConstructorSiteNoUnwrap.callConstructor(ConstructorSite.java:86)
		at org.codehaus.groovy.runtime.callsite.CallSiteArray.defaultCallConstructor(CallSiteArray.java:58)
		at org.codehaus.groovy.runtime.callsite.AbstractCallSite.callConstructor(AbstractCallSite.java:263)
		at org.codehaus.groovy.runtime.callsite.AbstractCallSite.callConstructor(AbstractCallSite.java:277)
		at io.restassured.internal.RestAssuredResponseOptionsGroovyImpl.path(RestAssuredResponseOptionsGroovyImpl.groovy:416)
		at io.restassured.internal.RestAssuredResponseOptionsImpl.path(RestAssuredResponseOptionsImpl.java:230)
		at tests.Simulacoes.TestDeleteSimulacoes.lambda$deveFalharDeleteSimulacao$2(TestDeleteSimulacoes.java:39)
		at org.junit.jupiter.api.AssertAll.lambda$assertAll$0(AssertAll.java:68)
		at java.base/java.util.stream.ReferencePipeline$3$1.accept(ReferencePipeline.java:197)
		at java.base/java.util.Spliterators$ArraySpliterator.forEachRemaining(Spliterators.java:1006)
		at java.base/java.util.stream.AbstractPipeline.copyInto(AbstractPipeline.java:509)
		at java.base/java.util.stream.AbstractPipeline.wrapAndCopyInto(AbstractPipeline.java:499)
		at java.base/java.util.stream.ReduceOps$ReduceOp.evaluateSequential(ReduceOps.java:921)
		at java.base/java.util.stream.AbstractPipeline.evaluate(AbstractPipeline.java:234)
		at java.base/java.util.stream.ReferencePipeline.collect(ReferencePipeline.java:682)
		at org.junit.jupiter.api.AssertAll.assertAll(AssertAll.java:77)
		... 59 more
	Suppressed: java.lang.AssertionError: 
Expected: is <404>
     but: was <200>
		at org.hamcrest.MatcherAssert.assertThat(MatcherAssert.java:18)
		at org.hamcrest.MatcherAssert.assertThat(MatcherAssert.java:6)
		at tests.Simulacoes.TestDeleteSimulacoes.lambda$deveFalharDeleteSimulacao$3(TestDeleteSimulacoes.java:40)
		at org.junit.jupiter.api.AssertAll.lambda$assertAll$0(AssertAll.java:68)
		at java.base/java.util.stream.ReferencePipeline$3$1.accept(ReferencePipeline.java:197)
		at java.base/java.util.Spliterators$ArraySpliterator.forEachRemaining(Spliterators.java:1006)
		at java.base/java.util.stream.AbstractPipeline.copyInto(AbstractPipeline.java:509)
		at java.base/java.util.stream.AbstractPipeline.wrapAndCopyInto(AbstractPipeline.java:499)
		at java.base/java.util.stream.ReduceOps$ReduceOp.evaluateSequential(ReduceOps.java:921)
		at java.base/java.util.stream.AbstractPipeline.evaluate(AbstractPipeline.java:234)
		at java.base/java.util.stream.ReferencePipeline.collect(ReferencePipeline.java:682)
		at org.junit.jupiter.api.AssertAll.assertAll(AssertAll.java:77)
		... 59 more
]]></failure>
  </testcase>
  <testcase name="deveFalharValorAlto" classname="tests.Simulacoes.TestPostSimulacoes" time="0.116"/>
  <testcase name="deveCadastrarValorMenorQueOMaximo" classname="tests.Simulacoes.TestPostSimulacoes" time="0.617"/>
  <testcase name="deveRecusarDeleteCpfSemRestricao" classname="tests.Restricoes.TestDeleteRestricoes" time="0.332"/>
  <testcase name="deveRecusarDeleteCpfRestricao" classname="tests.Restricoes.TestDeleteRestricoes" time="0.017"/>
  <testcase name="deveRecusarDeleteRaiz" classname="tests.Restricoes.TestDeleteRestricoes" time="0.596"/>
  <testcase name="deveValidarSchemaSimulacaoEditada" classname="tests.Simulacoes.TestPutSimulacoes" time="0.397">
    <failure message="&#10;Expected: The content to match the given JSON schema.&#10;warning: the following keywords are unknown and will be ignored: [$id, examples]&#10;    level: &quot;warning&quot;&#10;    schema: {&quot;loadingURI&quot;:&quot;#&quot;,&quot;pointer&quot;:&quot;&quot;}&#10;    domain: &quot;syntax&quot;&#10;    ignored: [&quot;$id&quot;,&quot;examples&quot;]&#10;warning: the following keywords are unknown and will be ignored: [examples]&#10;    level: &quot;warning&quot;&#10;    schema: {&quot;loadingURI&quot;:&quot;#&quot;,&quot;pointer&quot;:&quot;/properties/cpf&quot;}&#10;    domain: &quot;syntax&quot;&#10;    ignored: [&quot;examples&quot;]&#10;warning: the following keywords are unknown and will be ignored: [examples]&#10;    level: &quot;warning&quot;&#10;    schema: {&quot;loadingURI&quot;:&quot;#&quot;,&quot;pointer&quot;:&quot;/properties/email&quot;}&#10;    domain: &quot;syntax&quot;&#10;    ignored: [&quot;examples&quot;]&#10;warning: the following keywords are unknown and will be ignored: [examples]&#10;    level: &quot;warning&quot;&#10;    schema: {&quot;loadingURI&quot;:&quot;#&quot;,&quot;pointer&quot;:&quot;/properties/nome&quot;}&#10;    domain: &quot;syntax&quot;&#10;    ignored: [&quot;examples&quot;]&#10;warning: the following keywords are unknown and will be ignored: [examples]&#10;    level: &quot;warning&quot;&#10;    schema: {&quot;loadingURI&quot;:&quot;#&quot;,&quot;pointer&quot;:&quot;/properties/parcelas&quot;}&#10;    domain: &quot;syntax&quot;&#10;    ignored: [&quot;examples&quot;]&#10;warning: the following keywords are unknown and will be ignored: [examples]&#10;    level: &quot;warning&quot;&#10;    schema: {&quot;loadingURI&quot;:&quot;#&quot;,&quot;pointer&quot;:&quot;/properties/seguro&quot;}&#10;    domain: &quot;syntax&quot;&#10;    ignored: [&quot;examples&quot;]&#10;warning: the following keywords are unknown and will be ignored: [examples]&#10;    level: &quot;warning&quot;&#10;    schema: {&quot;loadingURI&quot;:&quot;#&quot;,&quot;pointer&quot;:&quot;/properties/valor&quot;}&#10;    domain: &quot;syntax&quot;&#10;    ignored: [&quot;examples&quot;]&#10;warning: the following keywords are unknown and will be ignored: [examples]&#10;    level: &quot;warning&quot;&#10;    schema: {&quot;loadingURI&quot;:&quot;#&quot;,&quot;pointer&quot;:&quot;/properties/cpf&quot;}&#10;    domain: &quot;syntax&quot;&#10;    ignored: [&quot;examples&quot;]&#10;error: instance type (string) does not match any allowed primitive type (allowed: [&quot;integer&quot;])&#10;    level: &quot;error&quot;&#10;    schema: {&quot;loadingURI&quot;:&quot;#&quot;,&quot;pointer&quot;:&quot;/properties/cpf&quot;}&#10;    instance: {&quot;pointer&quot;:&quot;/cpf&quot;}&#10;    domain: &quot;validation&quot;&#10;    keyword: &quot;type&quot;&#10;    found: &quot;string&quot;&#10;    expected: [&quot;integer&quot;]&#10;warning: the following keywords are unknown and will be ignored: [examples]&#10;    level: &quot;warning&quot;&#10;    schema: {&quot;loadingURI&quot;:&quot;#&quot;,&quot;pointer&quot;:&quot;/properties/email&quot;}&#10;    domain: &quot;syntax&quot;&#10;    ignored: [&quot;examples&quot;]&#10;warning: the following keywords are unknown and will be ignored: [examples]&#10;    level: &quot;warning&quot;&#10;    schema: {&quot;loadingURI&quot;:&quot;#&quot;,&quot;pointer&quot;:&quot;/properties/nome&quot;}&#10;    domain: &quot;syntax&quot;&#10;    ignored: [&quot;examples&quot;]&#10;warning: the following keywords are unknown and will be ignored: [examples]&#10;    level: &quot;warning&quot;&#10;    schema: {&quot;loadingURI&quot;:&quot;#&quot;,&quot;pointer&quot;:&quot;/properties/parcelas&quot;}&#10;    domain: &quot;syntax&quot;&#10;    ignored: [&quot;examples&quot;]&#10;warning: the following keywords are unknown and will be ignored: [examples]&#10;    level: &quot;warning&quot;&#10;    schema: {&quot;loadingURI&quot;:&quot;#&quot;,&quot;pointer&quot;:&quot;/properties/seguro&quot;}&#10;    domain: &quot;syntax&quot;&#10;    ignored: [&quot;examples&quot;]&#10;warning: the following keywords are unknown and will be ignored: [examples]&#10;    level: &quot;warning&quot;&#10;    schema: {&quot;loadingURI&quot;:&quot;#&quot;,&quot;pointer&quot;:&quot;/properties/valor&quot;}&#10;    domain: &quot;syntax&quot;&#10;    ignored: [&quot;examples&quot;]&#10;error: instance type (number) does not match any allowed primitive type (allowed: [&quot;integer&quot;])&#10;    level: &quot;error&quot;&#10;    schema: {&quot;loadingURI&quot;:&quot;#&quot;,&quot;pointer&quot;:&quot;/properties/valor&quot;}&#10;    instance: {&quot;pointer&quot;:&quot;/valor&quot;}&#10;    domain: &quot;validation&quot;&#10;    keyword: &quot;type&quot;&#10;    found: &quot;number&quot;&#10;    expected: [&quot;integer&quot;]&#10;&#10;     but: was &quot;{\&quot;id\&quot;:822,\&quot;nome\&quot;:\&quot;Carla\&quot;,\&quot;cpf\&quot;:\&quot;19997694013\&quot;,\&quot;email\&quot;:\&quot;felipe.porteira@bol.com.br\&quot;,\&quot;valor\&quot;:2390.00,\&quot;parcelas\&quot;:27,\&quot;seguro\&quot;:true}&quot;" type="java.lang.AssertionError"><![CDATA[java.lang.AssertionError: 

Expected: The content to match the given JSON schema.
warning: the following keywords are unknown and will be ignored: [$id, examples]
    level: "warning"
    schema: {"loadingURI":"#","pointer":""}
    domain: "syntax"
    ignored: ["$id","examples"]
warning: the following keywords are unknown and will be ignored: [examples]
    level: "warning"
    schema: {"loadingURI":"#","pointer":"/properties/cpf"}
    domain: "syntax"
    ignored: ["examples"]
warning: the following keywords are unknown and will be ignored: [examples]
    level: "warning"
    schema: {"loadingURI":"#","pointer":"/properties/email"}
    domain: "syntax"
    ignored: ["examples"]
warning: the following keywords are unknown and will be ignored: [examples]
    level: "warning"
    schema: {"loadingURI":"#","pointer":"/properties/nome"}
    domain: "syntax"
    ignored: ["examples"]
warning: the following keywords are unknown and will be ignored: [examples]
    level: "warning"
    schema: {"loadingURI":"#","pointer":"/properties/parcelas"}
    domain: "syntax"
    ignored: ["examples"]
warning: the following keywords are unknown and will be ignored: [examples]
    level: "warning"
    schema: {"loadingURI":"#","pointer":"/properties/seguro"}
    domain: "syntax"
    ignored: ["examples"]
warning: the following keywords are unknown and will be ignored: [examples]
    level: "warning"
    schema: {"loadingURI":"#","pointer":"/properties/valor"}
    domain: "syntax"
    ignored: ["examples"]
warning: the following keywords are unknown and will be ignored: [examples]
    level: "warning"
    schema: {"loadingURI":"#","pointer":"/properties/cpf"}
    domain: "syntax"
    ignored: ["examples"]
error: instance type (string) does not match any allowed primitive type (allowed: ["integer"])
    level: "error"
    schema: {"loadingURI":"#","pointer":"/properties/cpf"}
    instance: {"pointer":"/cpf"}
    domain: "validation"
    keyword: "type"
    found: "string"
    expected: ["integer"]
warning: the following keywords are unknown and will be ignored: [examples]
    level: "warning"
    schema: {"loadingURI":"#","pointer":"/properties/email"}
    domain: "syntax"
    ignored: ["examples"]
warning: the following keywords are unknown and will be ignored: [examples]
    level: "warning"
    schema: {"loadingURI":"#","pointer":"/properties/nome"}
    domain: "syntax"
    ignored: ["examples"]
warning: the following keywords are unknown and will be ignored: [examples]
    level: "warning"
    schema: {"loadingURI":"#","pointer":"/properties/parcelas"}
    domain: "syntax"
    ignored: ["examples"]
warning: the following keywords are unknown and will be ignored: [examples]
    level: "warning"
    schema: {"loadingURI":"#","pointer":"/properties/seguro"}
    domain: "syntax"
    ignored: ["examples"]
warning: the following keywords are unknown and will be ignored: [examples]
    level: "warning"
    schema: {"loadingURI":"#","pointer":"/properties/valor"}
    domain: "syntax"
    ignored: ["examples"]
error: instance type (number) does not match any allowed primitive type (allowed: ["integer"])
    level: "error"
    schema: {"loadingURI":"#","pointer":"/properties/valor"}
    instance: {"pointer":"/valor"}
    domain: "validation"
    keyword: "type"
    found: "number"
    expected: ["integer"]

     but: was "{\"id\":822,\"nome\":\"Carla\",\"cpf\":\"19997694013\",\"email\":\"felipe.porteira@bol.com.br\",\"valor\":2390.00,\"parcelas\":27,\"seguro\":true}"
	at org.hamcrest.MatcherAssert.assertThat(MatcherAssert.java:18)
	at org.hamcrest.MatcherAssert.assertThat(MatcherAssert.java:6)
	at tests.Simulacoes.TestPutSimulacoes.deveValidarSchemaSimulacaoEditada(TestPutSimulacoes.java:163)
	at java.base/jdk.internal.reflect.DirectMethodHandleAccessor.invoke(DirectMethodHandleAccessor.java:104)
	at java.base/java.lang.reflect.Method.invoke(Method.java:578)
	at org.junit.platform.commons.util.ReflectionUtils.invokeMethod(ReflectionUtils.java:727)
	at org.junit.jupiter.engine.execution.MethodInvocation.proceed(MethodInvocation.java:60)
	at org.junit.jupiter.engine.execution.InvocationInterceptorChain$ValidatingInvocation.proceed(InvocationInterceptorChain.java:131)
	at org.junit.jupiter.api.extension.InvocationInterceptor.interceptTestMethod(InvocationInterceptor.java:118)
	at org.junit.jupiter.engine.execution.InterceptingExecutableInvoker$ReflectiveInterceptorCall.lambda$ofVoidMethod$0(InterceptingExecutableInvoker.java:103)
	at org.junit.jupiter.engine.execution.InterceptingExecutableInvoker.lambda$invoke$0(InterceptingExecutableInvoker.java:93)
	at org.junit.jupiter.engine.execution.InvocationInterceptorChain$InterceptedInvocation.proceed(InvocationInterceptorChain.java:106)
	at org.junit.jupiter.engine.extension.TimeoutExtension.intercept(TimeoutExtension.java:156)
	at org.junit.jupiter.engine.extension.TimeoutExtension.interceptTestableMethod(TimeoutExtension.java:147)
	at org.junit.jupiter.engine.extension.TimeoutExtension.interceptTestMethod(TimeoutExtension.java:86)
	at org.junit.jupiter.engine.execution.InterceptingExecutableInvoker$ReflectiveInterceptorCall.lambda$ofVoidMethod$0(InterceptingExecutableInvoker.java:103)
	at org.junit.jupiter.engine.execution.InterceptingExecutableInvoker.lambda$invoke$0(InterceptingExecutableInvoker.java:93)
	at org.junit.jupiter.engine.execution.InvocationInterceptorChain$InterceptedInvocation.proceed(InvocationInterceptorChain.java:106)
	at org.junit.jupiter.engine.execution.InvocationInterceptorChain.proceed(InvocationInterceptorChain.java:64)
	at org.junit.jupiter.engine.execution.InvocationInterceptorChain.chainAndInvoke(InvocationInterceptorChain.java:45)
	at org.junit.jupiter.engine.execution.InvocationInterceptorChain.invoke(InvocationInterceptorChain.java:37)
	at org.junit.jupiter.engine.execution.InterceptingExecutableInvoker.invoke(InterceptingExecutableInvoker.java:92)
	at org.junit.jupiter.engine.execution.InterceptingExecutableInvoker.invoke(InterceptingExecutableInvoker.java:86)
	at org.junit.jupiter.engine.descriptor.TestMethodTestDescriptor.lambda$invokeTestMethod$7(TestMethodTestDescriptor.java:217)
	at org.junit.platform.engine.support.hierarchical.ThrowableCollector.execute(ThrowableCollector.java:73)
	at org.junit.jupiter.engine.descriptor.TestMethodTestDescriptor.invokeTestMethod(TestMethodTestDescriptor.java:213)
	at org.junit.jupiter.engine.descriptor.TestMethodTestDescriptor.execute(TestMethodTestDescriptor.java:138)
	at org.junit.jupiter.engine.descriptor.TestMethodTestDescriptor.execute(TestMethodTestDescriptor.java:68)
	at org.junit.platform.engine.support.hierarchical.NodeTestTask.lambda$executeRecursively$6(NodeTestTask.java:151)
	at org.junit.platform.engine.support.hierarchical.ThrowableCollector.execute(ThrowableCollector.java:73)
	at org.junit.platform.engine.support.hierarchical.NodeTestTask.lambda$executeRecursively$8(NodeTestTask.java:141)
	at org.junit.platform.engine.support.hierarchical.Node.around(Node.java:137)
	at org.junit.platform.engine.support.hierarchical.NodeTestTask.lambda$executeRecursively$9(NodeTestTask.java:139)
	at org.junit.platform.engine.support.hierarchical.ThrowableCollector.execute(ThrowableCollector.java:73)
	at org.junit.platform.engine.support.hierarchical.NodeTestTask.executeRecursively(NodeTestTask.java:138)
	at org.junit.platform.engine.support.hierarchical.NodeTestTask.execute(NodeTestTask.java:95)
	at org.junit.platform.engine.support.hierarchical.ForkJoinPoolHierarchicalTestExecutorService$ExclusiveTask.compute(ForkJoinPoolHierarchicalTestExecutorService.java:185)
	at java.base/java.util.concurrent.RecursiveAction.exec(RecursiveAction.java:194)
	at java.base/java.util.concurrent.ForkJoinTask.doExec(ForkJoinTask.java:387)
	at java.base/java.util.concurrent.ForkJoinPool$WorkQueue.tryRemoveAndExec(ForkJoinPool.java:1350)
	at java.base/java.util.concurrent.ForkJoinTask.awaitDone(ForkJoinTask.java:422)
	at java.base/java.util.concurrent.ForkJoinTask.join(ForkJoinTask.java:651)
	at org.junit.platform.engine.support.hierarchical.ForkJoinPoolHierarchicalTestExecutorService.joinConcurrentTasksInReverseOrderToEnableWorkStealing(ForkJoinPoolHierarchicalTestExecutorService.java:162)
	at org.junit.platform.engine.support.hierarchical.ForkJoinPoolHierarchicalTestExecutorService.invokeAll(ForkJoinPoolHierarchicalTestExecutorService.java:136)
	at org.junit.platform.engine.support.hierarchical.NodeTestTask.lambda$executeRecursively$6(NodeTestTask.java:155)
	at org.junit.platform.engine.support.hierarchical.ThrowableCollector.execute(ThrowableCollector.java:73)
	at org.junit.platform.engine.support.hierarchical.NodeTestTask.lambda$executeRecursively$8(NodeTestTask.java:141)
	at org.junit.platform.engine.support.hierarchical.Node.around(Node.java:137)
	at org.junit.platform.engine.support.hierarchical.NodeTestTask.lambda$executeRecursively$9(NodeTestTask.java:139)
	at org.junit.platform.engine.support.hierarchical.ThrowableCollector.execute(ThrowableCollector.java:73)
	at org.junit.platform.engine.support.hierarchical.NodeTestTask.executeRecursively(NodeTestTask.java:138)
	at org.junit.platform.engine.support.hierarchical.NodeTestTask.execute(NodeTestTask.java:95)
	at org.junit.platform.engine.support.hierarchical.ForkJoinPoolHierarchicalTestExecutorService$ExclusiveTask.compute(ForkJoinPoolHierarchicalTestExecutorService.java:185)
	at java.base/java.util.concurrent.RecursiveAction.exec(RecursiveAction.java:194)
	at java.base/java.util.concurrent.ForkJoinTask.doExec(ForkJoinTask.java:387)
	at java.base/java.util.concurrent.ForkJoinPool$WorkQueue.tryRemoveAndExec(ForkJoinPool.java:1350)
	at java.base/java.util.concurrent.ForkJoinTask.awaitDone(ForkJoinTask.java:422)
	at java.base/java.util.concurrent.ForkJoinTask.join(ForkJoinTask.java:651)
	at org.junit.platform.engine.support.hierarchical.ForkJoinPoolHierarchicalTestExecutorService.joinConcurrentTasksInReverseOrderToEnableWorkStealing(ForkJoinPoolHierarchicalTestExecutorService.java:162)
	at org.junit.platform.engine.support.hierarchical.ForkJoinPoolHierarchicalTestExecutorService.invokeAll(ForkJoinPoolHierarchicalTestExecutorService.java:136)
	at org.junit.platform.engine.support.hierarchical.NodeTestTask.lambda$executeRecursively$6(NodeTestTask.java:155)
	at org.junit.platform.engine.support.hierarchical.ThrowableCollector.execute(ThrowableCollector.java:73)
	at org.junit.platform.engine.support.hierarchical.NodeTestTask.lambda$executeRecursively$8(NodeTestTask.java:141)
	at org.junit.platform.engine.support.hierarchical.Node.around(Node.java:137)
	at org.junit.platform.engine.support.hierarchical.NodeTestTask.lambda$executeRecursively$9(NodeTestTask.java:139)
	at org.junit.platform.engine.support.hierarchical.ThrowableCollector.execute(ThrowableCollector.java:73)
	at org.junit.platform.engine.support.hierarchical.NodeTestTask.executeRecursively(NodeTestTask.java:138)
	at org.junit.platform.engine.support.hierarchical.NodeTestTask.execute(NodeTestTask.java:95)
	at org.junit.platform.engine.support.hierarchical.ForkJoinPoolHierarchicalTestExecutorService$ExclusiveTask.compute(ForkJoinPoolHierarchicalTestExecutorService.java:185)
	at java.base/java.util.concurrent.RecursiveAction.exec(RecursiveAction.java:194)
	at java.base/java.util.concurrent.ForkJoinTask.doExec(ForkJoinTask.java:387)
	at java.base/java.util.concurrent.ForkJoinPool$WorkQueue.topLevelExec(ForkJoinPool.java:1311)
	at java.base/java.util.concurrent.ForkJoinPool.scan(ForkJoinPool.java:1840)
	at java.base/java.util.concurrent.ForkJoinPool.runWorker(ForkJoinPool.java:1806)
	at java.base/java.util.concurrent.ForkJoinWorkerThread.run(ForkJoinWorkerThread.java:177)
]]></failure>
  </testcase>
  <testcase name="deveFalharPutSimulacaoInexistente" classname="tests.Simulacoes.TestPutSimulacoes" time="0.334">
    <failure message="simulacao (1 failure)&#10;	java.lang.AssertionError: &#10;Expected: &quot;CPF não encontrado&quot;&#10;     but: was &quot;CPF 74861006503 não encontrado&quot;" type="org.opentest4j.MultipleFailuresError"><![CDATA[org.opentest4j.MultipleFailuresError: 
simulacao (1 failure)
	java.lang.AssertionError: 
Expected: "CPF não encontrado"
     but: was "CPF 74861006503 não encontrado"
	at org.junit.jupiter.api.AssertAll.assertAll(AssertAll.java:80)
	at org.junit.jupiter.api.AssertAll.assertAll(AssertAll.java:44)
	at org.junit.jupiter.api.Assertions.assertAll(Assertions.java:2928)
	at tests.Simulacoes.TestPutSimulacoes.deveFalharPutSimulacaoInexistente(TestPutSimulacoes.java:56)
	at java.base/jdk.internal.reflect.DirectMethodHandleAccessor.invoke(DirectMethodHandleAccessor.java:104)
	at java.base/java.lang.reflect.Method.invoke(Method.java:578)
	at org.junit.platform.commons.util.ReflectionUtils.invokeMethod(ReflectionUtils.java:727)
	at org.junit.jupiter.engine.execution.MethodInvocation.proceed(MethodInvocation.java:60)
	at org.junit.jupiter.engine.execution.InvocationInterceptorChain$ValidatingInvocation.proceed(InvocationInterceptorChain.java:131)
	at org.junit.jupiter.api.extension.InvocationInterceptor.interceptTestMethod(InvocationInterceptor.java:118)
	at org.junit.jupiter.engine.execution.InterceptingExecutableInvoker$ReflectiveInterceptorCall.lambda$ofVoidMethod$0(InterceptingExecutableInvoker.java:103)
	at org.junit.jupiter.engine.execution.InterceptingExecutableInvoker.lambda$invoke$0(InterceptingExecutableInvoker.java:93)
	at org.junit.jupiter.engine.execution.InvocationInterceptorChain$InterceptedInvocation.proceed(InvocationInterceptorChain.java:106)
	at org.junit.jupiter.engine.extension.TimeoutExtension.intercept(TimeoutExtension.java:156)
	at org.junit.jupiter.engine.extension.TimeoutExtension.interceptTestableMethod(TimeoutExtension.java:147)
	at org.junit.jupiter.engine.extension.TimeoutExtension.interceptTestMethod(TimeoutExtension.java:86)
	at org.junit.jupiter.engine.execution.InterceptingExecutableInvoker$ReflectiveInterceptorCall.lambda$ofVoidMethod$0(InterceptingExecutableInvoker.java:103)
	at org.junit.jupiter.engine.execution.InterceptingExecutableInvoker.lambda$invoke$0(InterceptingExecutableInvoker.java:93)
	at org.junit.jupiter.engine.execution.InvocationInterceptorChain$InterceptedInvocation.proceed(InvocationInterceptorChain.java:106)
	at org.junit.jupiter.engine.execution.InvocationInterceptorChain.proceed(InvocationInterceptorChain.java:64)
	at org.junit.jupiter.engine.execution.InvocationInterceptorChain.chainAndInvoke(InvocationInterceptorChain.java:45)
	at org.junit.jupiter.engine.execution.InvocationInterceptorChain.invoke(InvocationInterceptorChain.java:37)
	at org.junit.jupiter.engine.execution.InterceptingExecutableInvoker.invoke(InterceptingExecutableInvoker.java:92)
	at org.junit.jupiter.engine.execution.InterceptingExecutableInvoker.invoke(InterceptingExecutableInvoker.java:86)
	at org.junit.jupiter.engine.descriptor.TestMethodTestDescriptor.lambda$invokeTestMethod$7(TestMethodTestDescriptor.java:217)
	at org.junit.platform.engine.support.hierarchical.ThrowableCollector.execute(ThrowableCollector.java:73)
	at org.junit.jupiter.engine.descriptor.TestMethodTestDescriptor.invokeTestMethod(TestMethodTestDescriptor.java:213)
	at org.junit.jupiter.engine.descriptor.TestMethodTestDescriptor.execute(TestMethodTestDescriptor.java:138)
	at org.junit.jupiter.engine.descriptor.TestMethodTestDescriptor.execute(TestMethodTestDescriptor.java:68)
	at org.junit.platform.engine.support.hierarchical.NodeTestTask.lambda$executeRecursively$6(NodeTestTask.java:151)
	at org.junit.platform.engine.support.hierarchical.ThrowableCollector.execute(ThrowableCollector.java:73)
	at org.junit.platform.engine.support.hierarchical.NodeTestTask.lambda$executeRecursively$8(NodeTestTask.java:141)
	at org.junit.platform.engine.support.hierarchical.Node.around(Node.java:137)
	at org.junit.platform.engine.support.hierarchical.NodeTestTask.lambda$executeRecursively$9(NodeTestTask.java:139)
	at org.junit.platform.engine.support.hierarchical.ThrowableCollector.execute(ThrowableCollector.java:73)
	at org.junit.platform.engine.support.hierarchical.NodeTestTask.executeRecursively(NodeTestTask.java:138)
	at org.junit.platform.engine.support.hierarchical.NodeTestTask.execute(NodeTestTask.java:95)
	at org.junit.platform.engine.support.hierarchical.ForkJoinPoolHierarchicalTestExecutorService$ExclusiveTask.compute(ForkJoinPoolHierarchicalTestExecutorService.java:185)
	at java.base/java.util.concurrent.RecursiveAction.exec(RecursiveAction.java:194)
	at java.base/java.util.concurrent.ForkJoinTask.doExec(ForkJoinTask.java:387)
	at java.base/java.util.concurrent.ForkJoinPool$WorkQueue.tryRemoveAndExec(ForkJoinPool.java:1350)
	at java.base/java.util.concurrent.ForkJoinTask.awaitDone(ForkJoinTask.java:422)
	at java.base/java.util.concurrent.ForkJoinTask.join(ForkJoinTask.java:651)
	at org.junit.platform.engine.support.hierarchical.ForkJoinPoolHierarchicalTestExecutorService.joinConcurrentTasksInReverseOrderToEnableWorkStealing(ForkJoinPoolHierarchicalTestExecutorService.java:162)
	at org.junit.platform.engine.support.hierarchical.ForkJoinPoolHierarchicalTestExecutorService.invokeAll(ForkJoinPoolHierarchicalTestExecutorService.java:136)
	at org.junit.platform.engine.support.hierarchical.NodeTestTask.lambda$executeRecursively$6(NodeTestTask.java:155)
	at org.junit.platform.engine.support.hierarchical.ThrowableCollector.execute(ThrowableCollector.java:73)
	at org.junit.platform.engine.support.hierarchical.NodeTestTask.lambda$executeRecursively$8(NodeTestTask.java:141)
	at org.junit.platform.engine.support.hierarchical.Node.around(Node.java:137)
	at org.junit.platform.engine.support.hierarchical.NodeTestTask.lambda$executeRecursively$9(NodeTestTask.java:139)
	at org.junit.platform.engine.support.hierarchical.ThrowableCollector.execute(ThrowableCollector.java:73)
	at org.junit.platform.engine.support.hierarchical.NodeTestTask.executeRecursively(NodeTestTask.java:138)
	at org.junit.platform.engine.support.hierarchical.NodeTestTask.execute(NodeTestTask.java:95)
	at org.junit.platform.engine.support.hierarchical.ForkJoinPoolHierarchicalTestExecutorService$ExclusiveTask.compute(ForkJoinPoolHierarchicalTestExecutorService.java:185)
	at java.base/java.util.concurrent.RecursiveAction.exec(RecursiveAction.java:194)
	at java.base/java.util.concurrent.ForkJoinTask.doExec(ForkJoinTask.java:387)
	at java.base/java.util.concurrent.ForkJoinPool$WorkQueue.tryRemoveAndExec(ForkJoinPool.java:1350)
	at java.base/java.util.concurrent.ForkJoinTask.awaitDone(ForkJoinTask.java:422)
	at java.base/java.util.concurrent.ForkJoinTask.join(ForkJoinTask.java:651)
	at org.junit.platform.engine.support.hierarchical.ForkJoinPoolHierarchicalTestExecutorService.joinConcurrentTasksInReverseOrderToEnableWorkStealing(ForkJoinPoolHierarchicalTestExecutorService.java:162)
	at org.junit.platform.engine.support.hierarchical.ForkJoinPoolHierarchicalTestExecutorService.invokeAll(ForkJoinPoolHierarchicalTestExecutorService.java:136)
	at org.junit.platform.engine.support.hierarchical.NodeTestTask.lambda$executeRecursively$6(NodeTestTask.java:155)
	at org.junit.platform.engine.support.hierarchical.ThrowableCollector.execute(ThrowableCollector.java:73)
	at org.junit.platform.engine.support.hierarchical.NodeTestTask.lambda$executeRecursively$8(NodeTestTask.java:141)
	at org.junit.platform.engine.support.hierarchical.Node.around(Node.java:137)
	at org.junit.platform.engine.support.hierarchical.NodeTestTask.lambda$executeRecursively$9(NodeTestTask.java:139)
	at org.junit.platform.engine.support.hierarchical.ThrowableCollector.execute(ThrowableCollector.java:73)
	at org.junit.platform.engine.support.hierarchical.NodeTestTask.executeRecursively(NodeTestTask.java:138)
	at org.junit.platform.engine.support.hierarchical.NodeTestTask.execute(NodeTestTask.java:95)
	at org.junit.platform.engine.support.hierarchical.ForkJoinPoolHierarchicalTestExecutorService$ExclusiveTask.compute(ForkJoinPoolHierarchicalTestExecutorService.java:185)
	at java.base/java.util.concurrent.RecursiveAction.exec(RecursiveAction.java:194)
	at java.base/java.util.concurrent.ForkJoinTask.doExec(ForkJoinTask.java:387)
	at java.base/java.util.concurrent.ForkJoinPool$WorkQueue.topLevelExec(ForkJoinPool.java:1311)
	at java.base/java.util.concurrent.ForkJoinPool.scan(ForkJoinPool.java:1840)
	at java.base/java.util.concurrent.ForkJoinPool.runWorker(ForkJoinPool.java:1806)
	at java.base/java.util.concurrent.ForkJoinWorkerThread.run(ForkJoinWorkerThread.java:177)
	Suppressed: java.lang.AssertionError: 
Expected: "CPF não encontrado"
     but: was "CPF 74861006503 não encontrado"
		at org.hamcrest.MatcherAssert.assertThat(MatcherAssert.java:18)
		at org.hamcrest.MatcherAssert.assertThat(MatcherAssert.java:6)
		at tests.Simulacoes.TestPutSimulacoes.lambda$deveFalharPutSimulacaoInexistente$7(TestPutSimulacoes.java:57)
		at org.junit.jupiter.api.AssertAll.lambda$assertAll$0(AssertAll.java:68)
		at java.base/java.util.stream.ReferencePipeline$3$1.accept(ReferencePipeline.java:197)
		at java.base/java.util.Spliterators$ArraySpliterator.forEachRemaining(Spliterators.java:1006)
		at java.base/java.util.stream.AbstractPipeline.copyInto(AbstractPipeline.java:509)
		at java.base/java.util.stream.AbstractPipeline.wrapAndCopyInto(AbstractPipeline.java:499)
		at java.base/java.util.stream.ReduceOps$ReduceOp.evaluateSequential(ReduceOps.java:921)
		at java.base/java.util.stream.AbstractPipeline.evaluate(AbstractPipeline.java:234)
		at java.base/java.util.stream.ReferencePipeline.collect(ReferencePipeline.java:682)
		at org.junit.jupiter.api.AssertAll.assertAll(AssertAll.java:77)
		... 75 more
]]></failure>
  </testcase>
  <testcase name="deveValidarSchemaRaiz200" classname="tests.Simulacoes.TestGetSimulacoes" time="0.452">
    <failure message="&#10;Expected: The content to match the given JSON schema.&#10;warning: the following keywords are unknown and will be ignored: [$id, examples]&#10;    level: &quot;warning&quot;&#10;    schema: {&quot;loadingURI&quot;:&quot;#&quot;,&quot;pointer&quot;:&quot;&quot;}&#10;    domain: &quot;syntax&quot;&#10;    ignored: [&quot;$id&quot;,&quot;examples&quot;]&#10;warning: the following keywords are unknown and will be ignored: [examples]&#10;    level: &quot;warning&quot;&#10;    schema: {&quot;loadingURI&quot;:&quot;#&quot;,&quot;pointer&quot;:&quot;/items&quot;}&#10;    domain: &quot;syntax&quot;&#10;    ignored: [&quot;examples&quot;]&#10;warning: the following keywords are unknown and will be ignored: [examples]&#10;    level: &quot;warning&quot;&#10;    schema: {&quot;loadingURI&quot;:&quot;#&quot;,&quot;pointer&quot;:&quot;/items/properties/cpf&quot;}&#10;    domain: &quot;syntax&quot;&#10;    ignored: [&quot;examples&quot;]&#10;warning: the following keywords are unknown and will be ignored: [examples]&#10;    level: &quot;warning&quot;&#10;    schema: {&quot;loadingURI&quot;:&quot;#&quot;,&quot;pointer&quot;:&quot;/items/properties/email&quot;}&#10;    domain: &quot;syntax&quot;&#10;    ignored: [&quot;examples&quot;]&#10;warning: the following keywords are unknown and will be ignored: [examples]&#10;    level: &quot;warning&quot;&#10;    schema: {&quot;loadingURI&quot;:&quot;#&quot;,&quot;pointer&quot;:&quot;/items/properties/id&quot;}&#10;    domain: &quot;syntax&quot;&#10;    ignored: [&quot;examples&quot;]&#10;warning: the following keywords are unknown and will be ignored: [examples]&#10;    level: &quot;warning&quot;&#10;    schema: {&quot;loadingURI&quot;:&quot;#&quot;,&quot;pointer&quot;:&quot;/items/properties/nome&quot;}&#10;    domain: &quot;syntax&quot;&#10;    ignored: [&quot;examples&quot;]&#10;warning: the following keywords are unknown and will be ignored: [examples]&#10;    level: &quot;warning&quot;&#10;    schema: {&quot;loadingURI&quot;:&quot;#&quot;,&quot;pointer&quot;:&quot;/items/properties/parcelas&quot;}&#10;    domain: &quot;syntax&quot;&#10;    ignored: [&quot;examples&quot;]&#10;warning: the following keywords are unknown and will be ignored: [examples]&#10;    level: &quot;warning&quot;&#10;    schema: {&quot;loadingURI&quot;:&quot;#&quot;,&quot;pointer&quot;:&quot;/items/properties/seguro&quot;}&#10;    domain: &quot;syntax&quot;&#10;    ignored: [&quot;examples&quot;]&#10;warning: the following keywords are unknown and will be ignored: [examples]&#10;    level: &quot;warning&quot;&#10;    schema: {&quot;loadingURI&quot;:&quot;#&quot;,&quot;pointer&quot;:&quot;/items/properties/valor&quot;}&#10;    domain: &quot;syntax&quot;&#10;    ignored: [&quot;examples&quot;]&#10;warning: the following keywords are unknown and will be ignored: [examples]&#10;    level: &quot;warning&quot;&#10;    schema: {&quot;loadingURI&quot;:&quot;#&quot;,&quot;pointer&quot;:&quot;/items&quot;}&#10;    domain: &quot;syntax&quot;&#10;    ignored: [&quot;examples&quot;]&#10;warning: the following keywords are unknown and will be ignored: [examples]&#10;    level: &quot;warning&quot;&#10;    schema: {&quot;loadingURI&quot;:&quot;#&quot;,&quot;pointer&quot;:&quot;/items/properties/cpf&quot;}&#10;    domain: &quot;syntax&quot;&#10;    ignored: [&quot;examples&quot;]&#10;warning: the following keywords are unknown and will be ignored: [examples]&#10;    level: &quot;warning&quot;&#10;    schema: {&quot;loadingURI&quot;:&quot;#&quot;,&quot;pointer&quot;:&quot;/items/properties/email&quot;}&#10;    domain: &quot;syntax&quot;&#10;    ignored: [&quot;examples&quot;]&#10;warning: the following keywords are unknown and will be ignored: [examples]&#10;    level: &quot;warning&quot;&#10;    schema: {&quot;loadingURI&quot;:&quot;#&quot;,&quot;pointer&quot;:&quot;/items/properties/id&quot;}&#10;    domain: &quot;syntax&quot;&#10;    ignored: [&quot;examples&quot;]&#10;warning: the following keywords are unknown and will be ignored: [examples]&#10;    level: &quot;warning&quot;&#10;    schema: {&quot;loadingURI&quot;:&quot;#&quot;,&quot;pointer&quot;:&quot;/items/properties/nome&quot;}&#10;    domain: &quot;syntax&quot;&#10;    ignored: [&quot;examples&quot;]&#10;warning: the following keywords are unknown and will be ignored: [examples]&#10;    level: &quot;warning&quot;&#10;    schema: {&quot;loadingURI&quot;:&quot;#&quot;,&quot;pointer&quot;:&quot;/items/properties/parcelas&quot;}&#10;    domain: &quot;syntax&quot;&#10;    ignored: [&quot;examples&quot;]&#10;warning: the following keywords are unknown and will be ignored: [examples]&#10;    level: &quot;warning&quot;&#10;    schema: {&quot;loadingURI&quot;:&quot;#&quot;,&quot;pointer&quot;:&quot;/items/properties/seguro&quot;}&#10;    domain: &quot;syntax&quot;&#10;    ignored: [&quot;examples&quot;]&#10;warning: the following keywords are unknown and will be ignored: [examples]&#10;    level: &quot;warning&quot;&#10;    schema: {&quot;loadingURI&quot;:&quot;#&quot;,&quot;pointer&quot;:&quot;/items/properties/valor&quot;}&#10;    domain: &quot;syntax&quot;&#10;    ignored: [&quot;examples&quot;]&#10;warning: the following keywords are unknown and will be ignored: [examples]&#10;    level: &quot;warning&quot;&#10;    schema: {&quot;loadingURI&quot;:&quot;#&quot;,&quot;pointer&quot;:&quot;/items/properties/cpf&quot;}&#10;    domain: &quot;syntax&quot;&#10;    ignored: [&quot;examples&quot;]&#10;error: instance type (string) does not match any allowed primitive type (allowed: [&quot;integer&quot;])&#10;    level: &quot;error&quot;&#10;    schema: {&quot;loadingURI&quot;:&quot;#&quot;,&quot;pointer&quot;:&quot;/items/properties/cpf&quot;}&#10;    instance: {&quot;pointer&quot;:&quot;/0/cpf&quot;}&#10;    domain: &quot;validation&quot;&#10;    keyword: &quot;type&quot;&#10;    found: &quot;string&quot;&#10;    expected: [&quot;integer&quot;]&#10;warning: the following keywords are unknown and will be ignored: [examples]&#10;    level: &quot;warning&quot;&#10;    schema: {&quot;loadingURI&quot;:&quot;#&quot;,&quot;pointer&quot;:&quot;/items/properties/email&quot;}&#10;    domain: &quot;syntax&quot;&#10;    ignored: [&quot;examples&quot;]&#10;warning: the following keywords are unknown and will be ignored: [examples]&#10;    level: &quot;warning&quot;&#10;    schema: {&quot;loadingURI&quot;:&quot;#&quot;,&quot;pointer&quot;:&quot;/items/properties/id&quot;}&#10;    domain: &quot;syntax&quot;&#10;    ignored: [&quot;examples&quot;]&#10;warning: the following keywords are unknown and will be ignored: [examples]&#10;    level: &quot;warning&quot;&#10;    schema: {&quot;loadingURI&quot;:&quot;#&quot;,&quot;pointer&quot;:&quot;/items/properties/nome&quot;}&#10;    domain: &quot;syntax&quot;&#10;    ignored: [&quot;examples&quot;]&#10;warning: the following keywords are unknown and will be ignored: [examples]&#10;    level: &quot;warning&quot;&#10;    schema: {&quot;loadingURI&quot;:&quot;#&quot;,&quot;pointer&quot;:&quot;/items/properties/parcelas&quot;}&#10;    domain: &quot;syntax&quot;&#10;    ignored: [&quot;examples&quot;]&#10;warning: the following keywords are unknown and will be ignored: [examples]&#10;    level: &quot;warning&quot;&#10;    schema: {&quot;loadingURI&quot;:&quot;#&quot;,&quot;pointer&quot;:&quot;/items/properties/seguro&quot;}&#10;    domain: &quot;syntax&quot;&#10;    ignored: [&quot;examples&quot;]&#10;warning: the following keywords are unknown and will be ignored: [examples]&#10;    level: &quot;warning&quot;&#10;    schema: {&quot;loadingURI&quot;:&quot;#&quot;,&quot;pointer&quot;:&quot;/items/properties/valor&quot;}&#10;    domain: &quot;syntax&quot;&#10;    ignored: [&quot;examples&quot;]&#10;error: instance type (number) does not match any allowed primitive type (allowed: [&quot;integer&quot;])&#10;    level: &quot;error&quot;&#10;    schema: {&quot;loadingURI&quot;:&quot;#&quot;,&quot;pointer&quot;:&quot;/items/properties/valor&quot;}&#10;    instance: {&quot;pointer&quot;:&quot;/0/valor&quot;}&#10;    domain: &quot;validation&quot;&#10;    keyword: &quot;type&quot;&#10;    found: &quot;number&quot;&#10;    expected: [&quot;integer&quot;]&#10;warning: the following keywords are unknown and will be ignored: [examples]&#10;    level: &quot;warning&quot;&#10;    schema: {&quot;loadingURI&quot;:&quot;#&quot;,&quot;pointer&quot;:&quot;/items&quot;}&#10;    domain: &quot;syntax&quot;&#10;    ignored: [&quot;examples&quot;]&#10;warning: the following keywords are unknown and will be ignored: [examples]&#10;    level: &quot;warning&quot;&#10;    schema: {&quot;loadingURI&quot;:&quot;#&quot;,&quot;pointer&quot;:&quot;/items/properties/cpf&quot;}&#10;    domain: &quot;syntax&quot;&#10;    ignored: [&quot;examples&quot;]&#10;warning: the following keywords are unknown and will be ignored: [examples]&#10;    level: &quot;warning&quot;&#10;    schema: {&quot;loadingURI&quot;:&quot;#&quot;,&quot;pointer&quot;:&quot;/items/properties/email&quot;}&#10;    domain: &quot;syntax&quot;&#10;    ignored: [&quot;examples&quot;]&#10;warning: the following keywords are unknown and will be ignored: [examples]&#10;    level: &quot;warning&quot;&#10;    schema: {&quot;loadingURI&quot;:&quot;#&quot;,&quot;pointer&quot;:&quot;/items/properties/id&quot;}&#10;    domain: &quot;syntax&quot;&#10;    ignored: [&quot;examples&quot;]&#10;warning: the following keywords are unknown and will be ignored: [examples]&#10;    level: &quot;warning&quot;&#10;    schema: {&quot;loadingURI&quot;:&quot;#&quot;,&quot;pointer&quot;:&quot;/items/properties/nome&quot;}&#10;    domain: &quot;syntax&quot;&#10;    ignored: [&quot;examples&quot;]&#10;warning: the following keywords are unknown and will be ignored: [examples]&#10;    level: &quot;warning&quot;&#10;    schema: {&quot;loadingURI&quot;:&quot;#&quot;,&quot;pointer&quot;:&quot;/items/properties/parcelas&quot;}&#10;    domain: &quot;syntax&quot;&#10;    ignored: [&quot;examples&quot;]&#10;warning: the following keywords are unknown and will be ignored: [examples]&#10;    level: &quot;warning&quot;&#10;    schema: {&quot;loadingURI&quot;:&quot;#&quot;,&quot;pointer&quot;:&quot;/items/properties/seguro&quot;}&#10;    domain: &quot;syntax&quot;&#10;    ignored: [&quot;examples&quot;]&#10;warning: the following keywords are unknown and will be ignored: [examples]&#10;    level: &quot;warning&quot;&#10;    schema: {&quot;loadingURI&quot;:&quot;#&quot;,&quot;pointer&quot;:&quot;/items/properties/valor&quot;}&#10;    domain: &quot;syntax&quot;&#10;    ignored: [&quot;examples&quot;]&#10;warning: the following keywords are unknown and will be ignored: [examples]&#10;    level: &quot;warning&quot;&#10;    schema: {&quot;loadingURI&quot;:&quot;#&quot;,&quot;pointer&quot;:&quot;/items&quot;}&#10;    domain: &quot;syntax&quot;&#10;    ignored: [&quot;examples&quot;]&#10;warning: the following keywords are unknown and will be ignored: [examples]&#10;    level: &quot;warning&quot;&#10;    schema: {&quot;loadingURI&quot;:&quot;#&quot;,&quot;pointer&quot;:&quot;/items/properties/cpf&quot;}&#10;    domain: &quot;syntax&quot;&#10;    ignored: [&quot;examples&quot;]&#10;warning: the following keywords are unknown and will be ignored: [examples]&#10;    level: &quot;warning&quot;&#10;    schema: {&quot;loadingURI&quot;:&quot;#&quot;,&quot;pointer&quot;:&quot;/items/properties/email&quot;}&#10;    domain: &quot;syntax&quot;&#10;    ignored: [&quot;examples&quot;]&#10;warning: the following keywords are unknown and will be ignored: [examples]&#10;    level: &quot;warning&quot;&#10;    schema: {&quot;loadingURI&quot;:&quot;#&quot;,&quot;pointer&quot;:&quot;/items/properties/id&quot;}&#10;    domain: &quot;syntax&quot;&#10;    ignored: [&quot;examples&quot;]&#10;warning: the following keywords are unknown and will be ignored: [examples]&#10;    level: &quot;warning&quot;&#10;    schema: {&quot;loadingURI&quot;:&quot;#&quot;,&quot;pointer&quot;:&quot;/items/properties/nome&quot;}&#10;    domain: &quot;syntax&quot;&#10;    ignored: [&quot;examples&quot;]&#10;warning: the following keywords are unknown and will be ignored: [examples]&#10;    level: &quot;warning&quot;&#10;    schema: {&quot;loadingURI&quot;:&quot;#&quot;,&quot;pointer&quot;:&quot;/items/properties/parcelas&quot;}&#10;    domain: &quot;syntax&quot;&#10;    ignored: [&quot;examples&quot;]&#10;warning: the following keywords are unknown and will be ignored: [examples]&#10;    level: &quot;warning&quot;&#10;    schema: {&quot;loadingURI&quot;:&quot;#&quot;,&quot;pointer&quot;:&quot;/items/properties/seguro&quot;}&#10;    domain: &quot;syntax&quot;&#10;    ignored: [&quot;examples&quot;]&#10;warning: the following keywords are unknown and will be ignored: [examples]&#10;    level: &quot;warning&quot;&#10;    schema: {&quot;loadingURI&quot;:&quot;#&quot;,&quot;pointer&quot;:&quot;/items/properties/valor&quot;}&#10;    domain: &quot;syntax&quot;&#10;    ignored: [&quot;examples&quot;]&#10;warning: the following keywords are unknown and will be ignored: [examples]&#10;    level: &quot;warning&quot;&#10;    schema: {&quot;loadingURI&quot;:&quot;#&quot;,&quot;pointer&quot;:&quot;/items&quot;}&#10;    domain: &quot;syntax&quot;&#10;    ignored: [&quot;examples&quot;]&#10;warning: the following keywords are unknown and will be ignored: [examples]&#10;    level: &quot;warning&quot;&#10;    schema: {&quot;loadingURI&quot;:&quot;#&quot;,&quot;pointer&quot;:&quot;/items/properties/cpf&quot;}&#10;    domain: &quot;syntax&quot;&#10;    ignored: [&quot;examples&quot;]&#10;warning: the following keywords are unknown and will be ignored: [examples]&#10;    level: &quot;warning&quot;&#10;    schema: {&quot;loadingURI&quot;:&quot;#&quot;,&quot;pointer&quot;:&quot;/items/properties/email&quot;}&#10;    domain: &quot;syntax&quot;&#10;    ignored: [&quot;examples&quot;]&#10;warning: the following keywords are unknown and will be ignored: [examples]&#10;    level: &quot;warning&quot;&#10;    schema: {&quot;loadingURI&quot;:&quot;#&quot;,&quot;pointer&quot;:&quot;/items/properties/id&quot;}&#10;    domain: &quot;syntax&quot;&#10;    ignored: [&quot;examples&quot;]&#10;warning: the following keywords are unknown and will be ignored: [examples]&#10;    level: &quot;warning&quot;&#10;    schema: {&quot;loadingURI&quot;:&quot;#&quot;,&quot;pointer&quot;:&quot;/items/properties/nome&quot;}&#10;    domain: &quot;syntax&quot;&#10;    ignored: [&quot;examples&quot;]&#10;warning: the following keywords are unknown and will be ignored: [examples]&#10;    level: &quot;warning&quot;&#10;    schema: {&quot;loadingURI&quot;:&quot;#&quot;,&quot;pointer&quot;:&quot;/items/properties/parcelas&quot;}&#10;    domain: &quot;syntax&quot;&#10;    ignored: [&quot;examples&quot;]&#10;warning: the following keywords are unknown and will be ignored: [examples]&#10;    level: &quot;warning&quot;&#10;    schema: {&quot;loadingURI&quot;:&quot;#&quot;,&quot;pointer&quot;:&quot;/items/properties/seguro&quot;}&#10;    domain: &quot;syntax&quot;&#10;    ignored: [&quot;examples&quot;]&#10;warning: the following keywords are unknown and will be ignored: [examples]&#10;    level: &quot;warning&quot;&#10;    schema: {&quot;loadingURI&quot;:&quot;#&quot;,&quot;pointer&quot;:&quot;/items/properties/valor&quot;}&#10;    domain: &quot;syntax&quot;&#10;    ignored: [&quot;examples&quot;]&#10;warning: the following keywords are unknown and will be ignored: [examples]&#10;    level: &quot;warning&quot;&#10;    schema: {&quot;loadingURI&quot;:&quot;#&quot;,&quot;pointer&quot;:&quot;/items&quot;}&#10;    domain: &quot;syntax&quot;&#10;    ignored: [&quot;examples&quot;]&#10;warning: the following keywords are unknown and will be ignored: [examples]&#10;    level: &quot;warning&quot;&#10;    schema: {&quot;loadingURI&quot;:&quot;#&quot;,&quot;pointer&quot;:&quot;/items/properties/cpf&quot;}&#10;    domain: &quot;syntax&quot;&#10;    ignored: [&quot;examples&quot;]&#10;warning: the following keywords are unknown and will be ignored: [examples]&#10;    level: &quot;warning&quot;&#10;    schema: {&quot;loadingURI&quot;:&quot;#&quot;,&quot;pointer&quot;:&quot;/items/properties/email&quot;}&#10;    domain: &quot;syntax&quot;&#10;    ignored: [&quot;examples&quot;]&#10;warning: the following keywords are unknown and will be ignored: [examples]&#10;    level: &quot;warning&quot;&#10;    schema: {&quot;loadingURI&quot;:&quot;#&quot;,&quot;pointer&quot;:&quot;/items/properties/id&quot;}&#10;    domain: &quot;syntax&quot;&#10;    ignored: [&quot;examples&quot;]&#10;warning: the following keywords are unknown and will be ignored: [examples]&#10;    level: &quot;warning&quot;&#10;    schema: {&quot;loadingURI&quot;:&quot;#&quot;,&quot;pointer&quot;:&quot;/items/properties/nome&quot;}&#10;    domain: &quot;syntax&quot;&#10;    ignored: [&quot;examples&quot;]&#10;warning: the following keywords are unknown and will be ignored: [examples]&#10;    level: &quot;warning&quot;&#10;    schema: {&quot;loadingURI&quot;:&quot;#&quot;,&quot;pointer&quot;:&quot;/items/properties/parcelas&quot;}&#10;    domain: &quot;syntax&quot;&#10;    ignored: [&quot;examples&quot;]&#10;warning: the following keywords are unknown and will be ignored: [examples]&#10;    level: &quot;warning&quot;&#10;    schema: {&quot;loadingURI&quot;:&quot;#&quot;,&quot;pointer&quot;:&quot;/items/properties/seguro&quot;}&#10;    domain: &quot;syntax&quot;&#10;    ignored: [&quot;examples&quot;]&#10;warning: the following keywords are unknown and will be ignored: [examples]&#10;    level: &quot;warning&quot;&#10;    schema: {&quot;loadingURI&quot;:&quot;#&quot;,&quot;pointer&quot;:&quot;/items/properties/valor&quot;}&#10;    domain: &quot;syntax&quot;&#10;    ignored: [&quot;examples&quot;]&#10;warning: the following keywords are unknown and will be ignored: [examples]&#10;    level: &quot;warning&quot;&#10;    schema: {&quot;loadingURI&quot;:&quot;#&quot;,&quot;pointer&quot;:&quot;/items&quot;}&#10;    domain: &quot;syntax&quot;&#10;    ignored: [&quot;examples&quot;]&#10;warning: the following keywords are unknown and will be ignored: [examples]&#10;    level: &quot;warning&quot;&#10;    schema: {&quot;loadingURI&quot;:&quot;#&quot;,&quot;pointer&quot;:&quot;/items/properties/cpf&quot;}&#10;    domain: &quot;syntax&quot;&#10;    ignored: [&quot;examples&quot;]&#10;warning: the following keywords are unknown and will be ignored: [examples]&#10;    level: &quot;warning&quot;&#10;    schema: {&quot;loadingURI&quot;:&quot;#&quot;,&quot;pointer&quot;:&quot;/items/properties/email&quot;}&#10;    domain: &quot;syntax&quot;&#10;    ignored: [&quot;examples&quot;]&#10;warning: the following keywords are unknown and will be ignored: [examples]&#10;    level: &quot;warning&quot;&#10;    schema: {&quot;loadingURI&quot;:&quot;#&quot;,&quot;pointer&quot;:&quot;/items/properties/id&quot;}&#10;    domain: &quot;syntax&quot;&#10;    ignored: [&quot;examples&quot;]&#10;warning: the following keywords are unknown and will be ignored: [examples]&#10;    level: &quot;warning&quot;&#10;    schema: {&quot;loadingURI&quot;:&quot;#&quot;,&quot;pointer&quot;:&quot;/items/properties/nome&quot;}&#10;    domain: &quot;syntax&quot;&#10;    ignored: [&quot;examples&quot;]&#10;warning: the following keywords are unknown and will be ignored: [examples]&#10;    level: &quot;warning&quot;&#10;    schema: {&quot;loadingURI&quot;:&quot;#&quot;,&quot;pointer&quot;:&quot;/items/properties/parcelas&quot;}&#10;    domain: &quot;syntax&quot;&#10;    ignored: [&quot;examples&quot;]&#10;warning: the following keywords are unknown and will be ignored: [examples]&#10;    level: &quot;warning&quot;&#10;    schema: {&quot;loadingURI&quot;:&quot;#&quot;,&quot;pointer&quot;:&quot;/items/properties/seguro&quot;}&#10;    domain: &quot;syntax&quot;&#10;    ignored: [&quot;examples&quot;]&#10;warning: the following keywords are unknown and will be ignored: [examples]&#10;    level: &quot;warning&quot;&#10;    schema: {&quot;loadingURI&quot;:&quot;#&quot;,&quot;pointer&quot;:&quot;/items/properties/valor&quot;}&#10;    domain: &quot;syntax&quot;&#10;    ignored: [&quot;examples&quot;]&#10;warning: the following keywords are unknown and will be ignored: [examples]&#10;    level: &quot;warning&quot;&#10;    schema: {&quot;loadingURI&quot;:&quot;#&quot;,&quot;pointer&quot;:&quot;/items&quot;}&#10;    domain: &quot;syntax&quot;&#10;    ignored: [&quot;examples&quot;]&#10;warning: the following keywords are unknown and will be ignored: [examples]&#10;    level: &quot;warning&quot;&#10;    schema: {&quot;loadingURI&quot;:&quot;#&quot;,&quot;pointer&quot;:&quot;/items/properties/cpf&quot;}&#10;    domain: &quot;syntax&quot;&#10;    ignored: [&quot;examples&quot;]&#10;warning: the following keywords are unknown and will be ignored: [examples]&#10;    level: &quot;warning&quot;&#10;    schema: {&quot;loadingURI&quot;:&quot;#&quot;,&quot;pointer&quot;:&quot;/items/properties/email&quot;}&#10;    domain: &quot;syntax&quot;&#10;    ignored: [&quot;examples&quot;]&#10;warning: the following keywords are unknown and will be ignored: [examples]&#10;    level: &quot;warning&quot;&#10;    schema: {&quot;loadingURI&quot;:&quot;#&quot;,&quot;pointer&quot;:&quot;/items/properties/id&quot;}&#10;    domain: &quot;syntax&quot;&#10;    ignored: [&quot;examples&quot;]&#10;warning: the following keywords are unknown and will be ignored: [examples]&#10;    level: &quot;warning&quot;&#10;    schema: {&quot;loadingURI&quot;:&quot;#&quot;,&quot;pointer&quot;:&quot;/items/properties/nome&quot;}&#10;    domain: &quot;syntax&quot;&#10;    ignored: [&quot;examples&quot;]&#10;warning: the following keywords are unknown and will be ignored: [examples]&#10;    level: &quot;warning&quot;&#10;    schema: {&quot;loadingURI&quot;:&quot;#&quot;,&quot;pointer&quot;:&quot;/items/properties/parcelas&quot;}&#10;    domain: &quot;syntax&quot;&#10;    ignored: [&quot;examples&quot;]&#10;warning: the following keywords are unknown and will be ignored: [examples]&#10;    level: &quot;warning&quot;&#10;    schema: {&quot;loadingURI&quot;:&quot;#&quot;,&quot;pointer&quot;:&quot;/items/properties/seguro&quot;}&#10;    domain: &quot;syntax&quot;&#10;    ignored: [&quot;examples&quot;]&#10;warning: the following keywords are unknown and will be ignored: [examples]&#10;    level: &quot;warning&quot;&#10;    schema: {&quot;loadingURI&quot;:&quot;#&quot;,&quot;pointer&quot;:&quot;/items/properties/valor&quot;}&#10;    domain: &quot;syntax&quot;&#10;    ignored: [&quot;examples&quot;]&#10;warning: the following keywords are unknown and will be ignored: [examples]&#10;    level: &quot;warning&quot;&#10;    schema: {&quot;loadingURI&quot;:&quot;#&quot;,&quot;pointer&quot;:&quot;/items&quot;}&#10;    domain: &quot;syntax&quot;&#10;    ignored: [&quot;examples&quot;]&#10;warning: the following keywords are unknown and will be ignored: [examples]&#10;    level: &quot;warning&quot;&#10;    schema: {&quot;loadingURI&quot;:&quot;#&quot;,&quot;pointer&quot;:&quot;/items/properties/cpf&quot;}&#10;    domain: &quot;syntax&quot;&#10;    ignored: [&quot;examples&quot;]&#10;warning: the following keywords are unknown and will be ignored: [examples]&#10;    level: &quot;warning&quot;&#10;    schema: {&quot;loadingURI&quot;:&quot;#&quot;,&quot;pointer&quot;:&quot;/items/properties/email&quot;}&#10;    domain: &quot;syntax&quot;&#10;    ignored: [&quot;examples&quot;]&#10;warning: the following keywords are unknown and will be ignored: [examples]&#10;    level: &quot;warning&quot;&#10;    schema: {&quot;loadingURI&quot;:&quot;#&quot;,&quot;pointer&quot;:&quot;/items/properties/id&quot;}&#10;    domain: &quot;syntax&quot;&#10;    ignored: [&quot;examples&quot;]&#10;warning: the following keywords are unknown and will be ignored: [examples]&#10;    level: &quot;warning&quot;&#10;    schema: {&quot;loadingURI&quot;:&quot;#&quot;,&quot;pointer&quot;:&quot;/items/properties/nome&quot;}&#10;    domain: &quot;syntax&quot;&#10;    ignored: [&quot;examples&quot;]&#10;warning: the following keywords are unknown and will be ignored: [examples]&#10;    level: &quot;warning&quot;&#10;    schema: {&quot;loadingURI&quot;:&quot;#&quot;,&quot;pointer&quot;:&quot;/items/properties/parcelas&quot;}&#10;    domain: &quot;syntax&quot;&#10;    ignored: [&quot;examples&quot;]&#10;warning: the following keywords are unknown and will be ignored: [examples]&#10;    level: &quot;warning&quot;&#10;    schema: {&quot;loadingURI&quot;:&quot;#&quot;,&quot;pointer&quot;:&quot;/items/properties/seguro&quot;}&#10;    domain: &quot;syntax&quot;&#10;    ignored: [&quot;examples&quot;]&#10;warning: the following keywords are unknown and will be ignored: [examples]&#10;    level: &quot;warning&quot;&#10;    schema: {&quot;loadingURI&quot;:&quot;#&quot;,&quot;pointer&quot;:&quot;/items/properties/valor&quot;}&#10;    domain: &quot;syntax&quot;&#10;    ignored: [&quot;examples&quot;]&#10;warning: the following keywords are unknown and will be ignored: [examples]&#10;    level: &quot;warning&quot;&#10;    schema: {&quot;loadingURI&quot;:&quot;#&quot;,&quot;pointer&quot;:&quot;/items&quot;}&#10;    domain: &quot;syntax&quot;&#10;    ignored: [&quot;examples&quot;]&#10;warning: the following keywords are unknown and will be ignored: [examples]&#10;    level: &quot;warning&quot;&#10;    schema: {&quot;loadingURI&quot;:&quot;#&quot;,&quot;pointer&quot;:&quot;/items/properties/cpf&quot;}&#10;    domain: &quot;syntax&quot;&#10;    ignored: [&quot;examples&quot;]&#10;warning: the following keywords are unknown and will be ignored: [examples]&#10;    level: &quot;warning&quot;&#10;    schema: {&quot;loadingURI&quot;:&quot;#&quot;,&quot;pointer&quot;:&quot;/items/properties/email&quot;}&#10;    domain: &quot;syntax&quot;&#10;    ignored: [&quot;examples&quot;]&#10;warning: the following keywords are unknown and will be ignored: [examples]&#10;    level: &quot;warning&quot;&#10;    schema: {&quot;loadingURI&quot;:&quot;#&quot;,&quot;pointer&quot;:&quot;/items/properties/id&quot;}&#10;    domain: &quot;syntax&quot;&#10;    ignored: [&quot;examples&quot;]&#10;warning: the following keywords are unknown and will be ignored: [examples]&#10;    level: &quot;warning&quot;&#10;    schema: {&quot;loadingURI&quot;:&quot;#&quot;,&quot;pointer&quot;:&quot;/items/properties/nome&quot;}&#10;    domain: &quot;syntax&quot;&#10;    ignored: [&quot;examples&quot;]&#10;warning: the following keywords are unknown and will be ignored: [examples]&#10;    level: &quot;warning&quot;&#10;    schema: {&quot;loadingURI&quot;:&quot;#&quot;,&quot;pointer&quot;:&quot;/items/properties/parcelas&quot;}&#10;    domain: &quot;syntax&quot;&#10;    ignored: [&quot;examples&quot;]&#10;warning: the following keywords are unknown and will be ignored: [examples]&#10;    level: &quot;warning&quot;&#10;    schema: {&quot;loadingURI&quot;:&quot;#&quot;,&quot;pointer&quot;:&quot;/items/properties/seguro&quot;}&#10;    domain: &quot;syntax&quot;&#10;    ignored: [&quot;examples&quot;]&#10;warning: the following keywords are unknown and will be ignored: [examples]&#10;    level: &quot;warning&quot;&#10;    schema: {&quot;loadingURI&quot;:&quot;#&quot;,&quot;pointer&quot;:&quot;/items/properties/valor&quot;}&#10;    domain: &quot;syntax&quot;&#10;    ignored: [&quot;examples&quot;]&#10;warning: the following keywords are unknown and will be ignored: [examples]&#10;    level: &quot;warning&quot;&#10;    schema: {&quot;loadingURI&quot;:&quot;#&quot;,&quot;pointer&quot;:&quot;/items&quot;}&#10;    domain: &quot;syntax&quot;&#10;    ignored: [&quot;examples&quot;]&#10;warning: the following keywords are unknown and will be ignored: [examples]&#10;    level: &quot;warning&quot;&#10;    schema: {&quot;loadingURI&quot;:&quot;#&quot;,&quot;pointer&quot;:&quot;/items/properties/cpf&quot;}&#10;    domain: &quot;syntax&quot;&#10;    ignored: [&quot;examples&quot;]&#10;warning: the following keywords are unknown and will be ignored: [examples]&#10;    level: &quot;warning&quot;&#10;    schema: {&quot;loadingURI&quot;:&quot;#&quot;,&quot;pointer&quot;:&quot;/items/properties/email&quot;}&#10;    domain: &quot;syntax&quot;&#10;    ignored: [&quot;examples&quot;]&#10;warning: the following keywords are unknown and will be ignored: [examples]&#10;    level: &quot;warning&quot;&#10;    schema: {&quot;loadingURI&quot;:&quot;#&quot;,&quot;pointer&quot;:&quot;/items/properties/id&quot;}&#10;    domain: &quot;syntax&quot;&#10;    ignored: [&quot;examples&quot;]&#10;warning: the following keywords are unknown and will be ignored: [examples]&#10;    level: &quot;warning&quot;&#10;    schema: {&quot;loadingURI&quot;:&quot;#&quot;,&quot;pointer&quot;:&quot;/items/properties/nome&quot;}&#10;    domain: &quot;syntax&quot;&#10;    ignored: [&quot;examples&quot;]&#10;warning: the following keywords are unknown and will be ignored: [examples]&#10;    level: &quot;warning&quot;&#10;    schema: {&quot;loadingURI&quot;:&quot;#&quot;,&quot;pointer&quot;:&quot;/items/properties/parcelas&quot;}&#10;    domain: &quot;syntax&quot;&#10;    ignored: [&quot;examples&quot;]&#10;warning: the following keywords are unknown and will be ignored: [examples]&#10;    level: &quot;warning&quot;&#10;    schema: {&quot;loadingURI&quot;:&quot;#&quot;,&quot;pointer&quot;:&quot;/items/properties/seguro&quot;}&#10;    domain: &quot;syntax&quot;&#10;    ignored: [&quot;examples&quot;]&#10;warning: the following keywords are unknown and will be ignored: [examples]&#10;    level: &quot;warning&quot;&#10;    schema: {&quot;loadingURI&quot;:&quot;#&quot;,&quot;pointer&quot;:&quot;/items/properties/valor&quot;}&#10;    domain: &quot;syntax&quot;&#10;    ignored: [&quot;examples&quot;]&#10;warning: the following keywords are unknown and will be ignored: [examples]&#10;    level: &quot;warning&quot;&#10;    schema: {&quot;loadingURI&quot;:&quot;#&quot;,&quot;pointer&quot;:&quot;/items&quot;}&#10;    domain: &quot;syntax&quot;&#10;    ignored: [&quot;examples&quot;]&#10;warning: the following keywords are unknown and will be ignored: [examples]&#10;    level: &quot;warning&quot;&#10;    schema: {&quot;loadingURI&quot;:&quot;#&quot;,&quot;pointer&quot;:&quot;/items/properties/cpf&quot;}&#10;    domain: &quot;syntax&quot;&#10;    ignored: [&quot;examples&quot;]&#10;warning: the following keywords are unknown and will be ignored: [examples]&#10;    level: &quot;warning&quot;&#10;    schema: {&quot;loadingURI&quot;:&quot;#&quot;,&quot;pointer&quot;:&quot;/items/properties/email&quot;}&#10;    domain: &quot;syntax&quot;&#10;    ignored: [&quot;examples&quot;]&#10;warning: the following keywords are unknown and will be ignored: [examples]&#10;    level: &quot;warning&quot;&#10;    schema: {&quot;loadingURI&quot;:&quot;#&quot;,&quot;pointer&quot;:&quot;/items/properties/id&quot;}&#10;    domain: &quot;syntax&quot;&#10;    ignored: [&quot;examples&quot;]&#10;warning: the following keywords are unknown and will be ignored: [examples]&#10;    level: &quot;warning&quot;&#10;    schema: {&quot;loadingURI&quot;:&quot;#&quot;,&quot;pointer&quot;:&quot;/items/properties/nome&quot;}&#10;    domain: &quot;syntax&quot;&#10;    ignored: [&quot;examples&quot;]&#10;warning: the following keywords are unknown and will be ignored: [examples]&#10;    level: &quot;warning&quot;&#10;    schema: {&quot;loadingURI&quot;:&quot;#&quot;,&quot;pointer&quot;:&quot;/items/properties/parcelas&quot;}&#10;    domain: &quot;syntax&quot;&#10;    ignored: [&quot;examples&quot;]&#10;warning: the following keywords are unknown and will be ignored: [examples]&#10;    level: &quot;warning&quot;&#10;    schema: {&quot;loadingURI&quot;:&quot;#&quot;,&quot;pointer&quot;:&quot;/items/properties/seguro&quot;}&#10;    domain: &quot;syntax&quot;&#10;    ignored: [&quot;examples&quot;]&#10;warning: the following keywords are unknown and will be ignored: [examples]&#10;    level: &quot;warning&quot;&#10;    schema: {&quot;loadingURI&quot;:&quot;#&quot;,&quot;pointer&quot;:&quot;/items/properties/valor&quot;}&#10;    domain: &quot;syntax&quot;&#10;    ignored: [&quot;examples&quot;]&#10;warning: the following keywords are unknown and will be ignored: [examples]&#10;    level: &quot;warning&quot;&#10;    schema: {&quot;loadingURI&quot;:&quot;#&quot;,&quot;pointer&quot;:&quot;/items&quot;}&#10;    domain: &quot;syntax&quot;&#10;    ignored: [&quot;examples&quot;]&#10;warning: the following keywords are unknown and will be ignored: [examples]&#10;    level: &quot;warning&quot;&#10;    schema: {&quot;loadingURI&quot;:&quot;#&quot;,&quot;pointer&quot;:&quot;/items/properties/cpf&quot;}&#10;    domain: &quot;syntax&quot;&#10;    ignored: [&quot;examples&quot;]&#10;warning: the following keywords are unknown and will be ignored: [examples]&#10;    level: &quot;warning&quot;&#10;    schema: {&quot;loadingURI&quot;:&quot;#&quot;,&quot;pointer&quot;:&quot;/items/properties/email&quot;}&#10;    domain: &quot;syntax&quot;&#10;    ignored: [&quot;examples&quot;]&#10;warning: the following keywords are unknown and will be ignored: [examples]&#10;    level: &quot;warning&quot;&#10;    schema: {&quot;loadingURI&quot;:&quot;#&quot;,&quot;pointer&quot;:&quot;/items/properties/id&quot;}&#10;    domain: &quot;syntax&quot;&#10;    ignored: [&quot;examples&quot;]&#10;warning: the following keywords are unknown and will be ignored: [examples]&#10;    level: &quot;warning&quot;&#10;    schema: {&quot;loadingURI&quot;:&quot;#&quot;,&quot;pointer&quot;:&quot;/items/properties/nome&quot;}&#10;    domain: &quot;syntax&quot;&#10;    ignored: [&quot;examples&quot;]&#10;warning: the following keywords are unknown and will be ignored: [examples]&#10;    level: &quot;warning&quot;&#10;    schema: {&quot;loadingURI&quot;:&quot;#&quot;,&quot;pointer&quot;:&quot;/items/properties/parcelas&quot;}&#10;    domain: &quot;syntax&quot;&#10;    ignored: [&quot;examples&quot;]&#10;warning: the following keywords are unknown and will be ignored: [examples]&#10;    level: &quot;warning&quot;&#10;    schema: {&quot;loadingURI&quot;:&quot;#&quot;,&quot;pointer&quot;:&quot;/items/properties/seguro&quot;}&#10;    domain: &quot;syntax&quot;&#10;    ignored: [&quot;examples&quot;]&#10;warning: the following keywords are unknown and will be ignored: [examples]&#10;    level: &quot;warning&quot;&#10;    schema: {&quot;loadingURI&quot;:&quot;#&quot;,&quot;pointer&quot;:&quot;/items/properties/valor&quot;}&#10;    domain: &quot;syntax&quot;&#10;    ignored: [&quot;examples&quot;]&#10;warning: the following keywords are unknown and will be ignored: [examples]&#10;    level: &quot;warning&quot;&#10;    schema: {&quot;loadingURI&quot;:&quot;#&quot;,&quot;pointer&quot;:&quot;/items&quot;}&#10;    domain: &quot;syntax&quot;&#10;    ignored: [&quot;examples&quot;]&#10;warning: the following keywords are unknown and will be ignored: [examples]&#10;    level: &quot;warning&quot;&#10;    schema: {&quot;loadingURI&quot;:&quot;#&quot;,&quot;pointer&quot;:&quot;/items/properties/cpf&quot;}&#10;    domain: &quot;syntax&quot;&#10;    ignored: [&quot;examples&quot;]&#10;warning: the following keywords are unknown and will be ignored: [examples]&#10;    level: &quot;warning&quot;&#10;    schema: {&quot;loadingURI&quot;:&quot;#&quot;,&quot;pointer&quot;:&quot;/items/properties/email&quot;}&#10;    domain: &quot;syntax&quot;&#10;    ignored: [&quot;examples&quot;]&#10;warning: the following keywords are unknown and will be ignored: [examples]&#10;    level: &quot;warning&quot;&#10;    schema: {&quot;loadingURI&quot;:&quot;#&quot;,&quot;pointer&quot;:&quot;/items/properties/id&quot;}&#10;    domain: &quot;syntax&quot;&#10;    ignored: [&quot;examples&quot;]&#10;warning: the following keywords are unknown and will be ignored: [examples]&#10;    level: &quot;warning&quot;&#10;    schema: {&quot;loadingURI&quot;:&quot;#&quot;,&quot;pointer&quot;:&quot;/items/properties/nome&quot;}&#10;    domain: &quot;syntax&quot;&#10;    ignored: [&quot;examples&quot;]&#10;warning: the following keywords are unknown and will be ignored: [examples]&#10;    level: &quot;warning&quot;&#10;    schema: {&quot;loadingURI&quot;:&quot;#&quot;,&quot;pointer&quot;:&quot;/items/properties/parcelas&quot;}&#10;    domain: &quot;syntax&quot;&#10;    ignored: [&quot;examples&quot;]&#10;warning: the following keywords are unknown and will be ignored: [examples]&#10;    level: &quot;warning&quot;&#10;    schema: {&quot;loadingURI&quot;:&quot;#&quot;,&quot;pointer&quot;:&quot;/items/properties/seguro&quot;}&#10;    domain: &quot;syntax&quot;&#10;    ignored: [&quot;examples&quot;]&#10;warning: the following keywords are unknown and will be ignored: [examples]&#10;    level: &quot;warning&quot;&#10;    schema: {&quot;loadingURI&quot;:&quot;#&quot;,&quot;pointer&quot;:&quot;/items/properties/valor&quot;}&#10;    domain: &quot;syntax&quot;&#10;    ignored: [&quot;examples&quot;]&#10;warning: the following keywords are unknown and will be ignored: [examples]&#10;    level: &quot;warning&quot;&#10;    schema: {&quot;loadingURI&quot;:&quot;#&quot;,&quot;pointer&quot;:&quot;/items&quot;}&#10;    domain: &quot;syntax&quot;&#10;    ignored: [&quot;examples&quot;]&#10;warning: the following keywords are unknown and will be ignored: [examples]&#10;    level: &quot;warning&quot;&#10;    schema: {&quot;loadingURI&quot;:&quot;#&quot;,&quot;pointer&quot;:&quot;/items/properties/cpf&quot;}&#10;    domain: &quot;syntax&quot;&#10;    ignored: [&quot;examples&quot;]&#10;warning: the following keywords are unknown and will be ignored: [examples]&#10;    level: &quot;warning&quot;&#10;    schema: {&quot;loadingURI&quot;:&quot;#&quot;,&quot;pointer&quot;:&quot;/items/properties/email&quot;}&#10;    domain: &quot;syntax&quot;&#10;    ignored: [&quot;examples&quot;]&#10;warning: the following keywords are unknown and will be ignored: [examples]&#10;    level: &quot;warning&quot;&#10;    schema: {&quot;loadingURI&quot;:&quot;#&quot;,&quot;pointer&quot;:&quot;/items/properties/id&quot;}&#10;    domain: &quot;syntax&quot;&#10;    ignored: [&quot;examples&quot;]&#10;warning: the following keywords are unknown and will be ignored: [examples]&#10;    level: &quot;warning&quot;&#10;    schema: {&quot;loadingURI&quot;:&quot;#&quot;,&quot;pointer&quot;:&quot;/items/properties/nome&quot;}&#10;    domain: &quot;syntax&quot;&#10;    ignored: [&quot;examples&quot;]&#10;warning: the following keywords are unknown and will be ignored: [examples]&#10;    level: &quot;warning&quot;&#10;    schema: {&quot;loadingURI&quot;:&quot;#&quot;,&quot;pointer&quot;:&quot;/items/properties/parcelas&quot;}&#10;    domain: &quot;syntax&quot;&#10;    ignored: [&quot;examples&quot;]&#10;warning: the following keywords are unknown and will be ignored: [examples]&#10;    level: &quot;warning&quot;&#10;    schema: {&quot;loadingURI&quot;:&quot;#&quot;,&quot;pointer&quot;:&quot;/items/properties/seguro&quot;}&#10;    domain: &quot;syntax&quot;&#10;    ignored: [&quot;examples&quot;]&#10;warning: the following keywords are unknown and will be ignored: [examples]&#10;    level: &quot;warning&quot;&#10;    schema: {&quot;loadingURI&quot;:&quot;#&quot;,&quot;pointer&quot;:&quot;/items/properties/valor&quot;}&#10;    domain: &quot;syntax&quot;&#10;    ignored: [&quot;examples&quot;]&#10;warning: the following keywords are unknown and will be ignored: [examples]&#10;    level: &quot;warning&quot;&#10;    schema: {&quot;loadingURI&quot;:&quot;#&quot;,&quot;pointer&quot;:&quot;/items&quot;}&#10;    domain: &quot;syntax&quot;&#10;    ignored: [&quot;examples&quot;]&#10;warning: the following keywords are unknown and will be ignored: [examples]&#10;    level: &quot;warning&quot;&#10;    schema: {&quot;loadingURI&quot;:&quot;#&quot;,&quot;pointer&quot;:&quot;/items/properties/cpf&quot;}&#10;    domain: &quot;syntax&quot;&#10;    ignored: [&quot;examples&quot;]&#10;warning: the following keywords are unknown and will be ignored: [examples]&#10;    level: &quot;warning&quot;&#10;    schema: {&quot;loadingURI&quot;:&quot;#&quot;,&quot;pointer&quot;:&quot;/items/properties/email&quot;}&#10;    domain: &quot;syntax&quot;&#10;    ignored: [&quot;examples&quot;]&#10;warning: the following keywords are unknown and will be ignored: [examples]&#10;    level: &quot;warning&quot;&#10;    schema: {&quot;loadingURI&quot;:&quot;#&quot;,&quot;pointer&quot;:&quot;/items/properties/id&quot;}&#10;    domain: &quot;syntax&quot;&#10;    ignored: [&quot;examples&quot;]&#10;warning: the following keywords are unknown and will be ignored: [examples]&#10;    level: &quot;warning&quot;&#10;    schema: {&quot;loadingURI&quot;:&quot;#&quot;,&quot;pointer&quot;:&quot;/items/properties/nome&quot;}&#10;    domain: &quot;syntax&quot;&#10;    ignored: [&quot;examples&quot;]&#10;warning: the following keywords are unknown and will be ignored: [examples]&#10;    level: &quot;warning&quot;&#10;    schema: {&quot;loadingURI&quot;:&quot;#&quot;,&quot;pointer&quot;:&quot;/items/properties/parcelas&quot;}&#10;    domain: &quot;syntax&quot;&#10;    ignored: [&quot;examples&quot;]&#10;warning: the following keywords are unknown and will be ignored: [examples]&#10;    level: &quot;warning&quot;&#10;    schema: {&quot;loadingURI&quot;:&quot;#&quot;,&quot;pointer&quot;:&quot;/items/properties/seguro&quot;}&#10;    domain: &quot;syntax&quot;&#10;    ignored: [&quot;examples&quot;]&#10;warning: the following keywords are unknown and will be ignored: [examples]&#10;    level: &quot;warning&quot;&#10;    schema: {&quot;loadingURI&quot;:&quot;#&quot;,&quot;pointer&quot;:&quot;/items/properties/valor&quot;}&#10;    domain: &quot;syntax&quot;&#10;    ignored: [&quot;examples&quot;]&#10;warning: the following keywords are unknown and will be ignored: [examples]&#10;    level: &quot;warning&quot;&#10;    schema: {&quot;loadingURI&quot;:&quot;#&quot;,&quot;pointer&quot;:&quot;/items&quot;}&#10;    domain: &quot;syntax&quot;&#10;    ignored: [&quot;examples&quot;]&#10;warning: the following keywords are unknown and will be ignored: [examples]&#10;    level: &quot;warning&quot;&#10;    schema: {&quot;loadingURI&quot;:&quot;#&quot;,&quot;pointer&quot;:&quot;/items/properties/cpf&quot;}&#10;    domain: &quot;syntax&quot;&#10;    ignored: [&quot;examples&quot;]&#10;warning: the following keywords are unknown and will be ignored: [examples]&#10;    level: &quot;warning&quot;&#10;    schema: {&quot;loadingURI&quot;:&quot;#&quot;,&quot;pointer&quot;:&quot;/items/properties/email&quot;}&#10;    domain: &quot;syntax&quot;&#10;    ignored: [&quot;examples&quot;]&#10;warning: the following keywords are unknown and will be ignored: [examples]&#10;    level: &quot;warning&quot;&#10;    schema: {&quot;loadingURI&quot;:&quot;#&quot;,&quot;pointer&quot;:&quot;/items/properties/id&quot;}&#10;    domain: &quot;syntax&quot;&#10;    ignored: [&quot;examples&quot;]&#10;warning: the following keywords are unknown and will be ignored: [examples]&#10;    level: &quot;warning&quot;&#10;    schema: {&quot;loadingURI&quot;:&quot;#&quot;,&quot;pointer&quot;:&quot;/items/properties/nome&quot;}&#10;    domain: &quot;syntax&quot;&#10;    ignored: [&quot;examples&quot;]&#10;warning: the following keywords are unknown and will be ignored: [examples]&#10;    level: &quot;warning&quot;&#10;    schema: {&quot;loadingURI&quot;:&quot;#&quot;,&quot;pointer&quot;:&quot;/items/properties/parcelas&quot;}&#10;    domain: &quot;syntax&quot;&#10;    ignored: [&quot;examples&quot;]&#10;warning: the following keywords are unknown and will be ignored: [examples]&#10;    level: &quot;warning&quot;&#10;    schema: {&quot;loadingURI&quot;:&quot;#&quot;,&quot;pointer&quot;:&quot;/items/properties/seguro&quot;}&#10;    domain: &quot;syntax&quot;&#10;    ignored: [&quot;examples&quot;]&#10;warning: the following keywords are unknown and will be ignored: [examples]&#10;    level: &quot;warning&quot;&#10;    schema: {&quot;loadingURI&quot;:&quot;#&quot;,&quot;pointer&quot;:&quot;/items/properties/valor&quot;}&#10;    domain: &quot;syntax&quot;&#10;    ignored: [&quot;examples&quot;]&#10;warning: the following keywords are unknown and will be ignored: [examples]&#10;    level: &quot;warning&quot;&#10;    schema: {&quot;loadingURI&quot;:&quot;#&quot;,&quot;pointer&quot;:&quot;/items&quot;}&#10;    domain: &quot;syntax&quot;&#10;    ignored: [&quot;examples&quot;]&#10;warning: the following keywords are unknown and will be ignored: [examples]&#10;    level: &quot;warning&quot;&#10;    schema: {&quot;loadingURI&quot;:&quot;#&quot;,&quot;pointer&quot;:&quot;/items/properties/cpf&quot;}&#10;    domain: &quot;syntax&quot;&#10;    ignored: [&quot;examples&quot;]&#10;warning: the following keywords are unknown and will be ignored: [examples]&#10;    level: &quot;warning&quot;&#10;    schema: {&quot;loadingURI&quot;:&quot;#&quot;,&quot;pointer&quot;:&quot;/items/properties/email&quot;}&#10;    domain: &quot;syntax&quot;&#10;    ignored: [&quot;examples&quot;]&#10;warning: the following keywords are unknown and will be ignored: [examples]&#10;    level: &quot;warning&quot;&#10;    schema: {&quot;loadingURI&quot;:&quot;#&quot;,&quot;pointer&quot;:&quot;/items/properties/id&quot;}&#10;    domain: &quot;syntax&quot;&#10;    ignored: [&quot;examples&quot;]&#10;warning: the following keywords are unknown and will be ignored: [examples]&#10;    level: &quot;warning&quot;&#10;    schema: {&quot;loadingURI&quot;:&quot;#&quot;,&quot;pointer&quot;:&quot;/items/properties/nome&quot;}&#10;    domain: &quot;syntax&quot;&#10;    ignored: [&quot;examples&quot;]&#10;warning: the following keywords are unknown and will be ignored: [examples]&#10;    level: &quot;warning&quot;&#10;    schema: {&quot;loadingURI&quot;:&quot;#&quot;,&quot;pointer&quot;:&quot;/items/properties/parcelas&quot;}&#10;    domain: &quot;syntax&quot;&#10;    ignored: [&quot;examples&quot;]&#10;warning: the following keywords are unknown and will be ignored: [examples]&#10;    level: &quot;warning&quot;&#10;    schema: {&quot;loadingURI&quot;:&quot;#&quot;,&quot;pointer&quot;:&quot;/items/properties/seguro&quot;}&#10;    domain: &quot;syntax&quot;&#10;    ignored: [&quot;examples&quot;]&#10;warning: the following keywords are unknown and will be ignored: [examples]&#10;    level: &quot;warning&quot;&#10;    schema: {&quot;loadingURI&quot;:&quot;#&quot;,&quot;pointer&quot;:&quot;/items/properties/valor&quot;}&#10;    domain: &quot;syntax&quot;&#10;    ignored: [&quot;examples&quot;]&#10;warning: the following keywords are unknown and will be ignored: [examples]&#10;    level: &quot;warning&quot;&#10;    schema: {&quot;loadingURI&quot;:&quot;#&quot;,&quot;pointer&quot;:&quot;/items&quot;}&#10;    domain: &quot;syntax&quot;&#10;    ignored: [&quot;examples&quot;]&#10;warning: the following keywords are unknown and will be ignored: [examples]&#10;    level: &quot;warning&quot;&#10;    schema: {&quot;loadingURI&quot;:&quot;#&quot;,&quot;pointer&quot;:&quot;/items/properties/cpf&quot;}&#10;    domain: &quot;syntax&quot;&#10;    ignored: [&quot;examples&quot;]&#10;warning: the following keywords are unknown and will be ignored: [examples]&#10;    level: &quot;warning&quot;&#10;    schema: {&quot;loadingURI&quot;:&quot;#&quot;,&quot;pointer&quot;:&quot;/items/properties/email&quot;}&#10;    domain: &quot;syntax&quot;&#10;    ignored: [&quot;examples&quot;]&#10;warning: the following keywords are unknown and will be ignored: [examples]&#10;    level: &quot;warning&quot;&#10;    schema: {&quot;loadingURI&quot;:&quot;#&quot;,&quot;pointer&quot;:&quot;/items/properties/id&quot;}&#10;    domain: &quot;syntax&quot;&#10;    ignored: [&quot;examples&quot;]&#10;warning: the following keywords are unknown and will be ignored: [examples]&#10;    level: &quot;warning&quot;&#10;    schema: {&quot;loadingURI&quot;:&quot;#&quot;,&quot;pointer&quot;:&quot;/items/properties/nome&quot;}&#10;    domain: &quot;syntax&quot;&#10;    ignored: [&quot;examples&quot;]&#10;warning: the following keywords are unknown and will be ignored: [examples]&#10;    level: &quot;warning&quot;&#10;    schema: {&quot;loadingURI&quot;:&quot;#&quot;,&quot;pointer&quot;:&quot;/items/properties/parcelas&quot;}&#10;    domain: &quot;syntax&quot;&#10;    ignored: [&quot;examples&quot;]&#10;warning: the following keywords are unknown and will be ignored: [examples]&#10;    level: &quot;warning&quot;&#10;    schema: {&quot;loadingURI&quot;:&quot;#&quot;,&quot;pointer&quot;:&quot;/items/properties/seguro&quot;}&#10;    domain: &quot;syntax&quot;&#10;    ignored: [&quot;examples&quot;]&#10;warning: the following keywords are unknown and will be ignored: [examples]&#10;    level: &quot;warning&quot;&#10;    schema: {&quot;loadingURI&quot;:&quot;#&quot;,&quot;pointer&quot;:&quot;/items/properties/valor&quot;}&#10;    domain: &quot;syntax&quot;&#10;    ignored: [&quot;examples&quot;]&#10;warning: the following keywords are unknown and will be ignored: [examples]&#10;    level: &quot;warning&quot;&#10;    schema: {&quot;loadingURI&quot;:&quot;#&quot;,&quot;pointer&quot;:&quot;/items&quot;}&#10;    domain: &quot;syntax&quot;&#10;    ignored: [&quot;examples&quot;]&#10;warning: the following keywords are unknown and will be ignored: [examples]&#10;    level: &quot;warning&quot;&#10;    schema: {&quot;loadingURI&quot;:&quot;#&quot;,&quot;pointer&quot;:&quot;/items/properties/cpf&quot;}&#10;    domain: &quot;syntax&quot;&#10;    ignored: [&quot;examples&quot;]&#10;warning: the following keywords are unknown and will be ignored: [examples]&#10;    level: &quot;warning&quot;&#10;    schema: {&quot;loadingURI&quot;:&quot;#&quot;,&quot;pointer&quot;:&quot;/items/properties/email&quot;}&#10;    domain: &quot;syntax&quot;&#10;    ignored: [&quot;examples&quot;]&#10;warning: the following keywords are unknown and will be ignored: [examples]&#10;    level: &quot;warning&quot;&#10;    schema: {&quot;loadingURI&quot;:&quot;#&quot;,&quot;pointer&quot;:&quot;/items/properties/id&quot;}&#10;    domain: &quot;syntax&quot;&#10;    ignored: [&quot;examples&quot;]&#10;warning: the following keywords are unknown and will be ignored: [examples]&#10;    level: &quot;warning&quot;&#10;    schema: {&quot;loadingURI&quot;:&quot;#&quot;,&quot;pointer&quot;:&quot;/items/properties/nome&quot;}&#10;    domain: &quot;syntax&quot;&#10;    ignored: [&quot;examples&quot;]&#10;warning: the following keywords are unknown and will be ignored: [examples]&#10;    level: &quot;warning&quot;&#10;    schema: {&quot;loadingURI&quot;:&quot;#&quot;,&quot;pointer&quot;:&quot;/items/properties/parcelas&quot;}&#10;    domain: &quot;syntax&quot;&#10;    ignored: [&quot;examples&quot;]&#10;warning: the following keywords are unknown and will be ignored: [examples]&#10;    level: &quot;warning&quot;&#10;    schema: {&quot;loadingURI&quot;:&quot;#&quot;,&quot;pointer&quot;:&quot;/items/properties/seguro&quot;}&#10;    domain: &quot;syntax&quot;&#10;    ignored: [&quot;examples&quot;]&#10;warning: the following keywords are unknown and will be ignored: [examples]&#10;    level: &quot;warning&quot;&#10;    schema: {&quot;loadingURI&quot;:&quot;#&quot;,&quot;pointer&quot;:&quot;/items/properties/valor&quot;}&#10;    domain: &quot;syntax&quot;&#10;    ignored: [&quot;examples&quot;]&#10;warning: the following keywords are unknown and will be ignored: [examples]&#10;    level: &quot;warning&quot;&#10;    schema: {&quot;loadingURI&quot;:&quot;#&quot;,&quot;pointer&quot;:&quot;/items&quot;}&#10;    domain: &quot;syntax&quot;&#10;    ignored: [&quot;examples&quot;]&#10;warning: the following keywords are unknown and will be ignored: [examples]&#10;    level: &quot;warning&quot;&#10;    schema: {&quot;loadingURI&quot;:&quot;#&quot;,&quot;pointer&quot;:&quot;/items/properties/cpf&quot;}&#10;    domain: &quot;syntax&quot;&#10;    ignored: [&quot;examples&quot;]&#10;warning: the following keywords are unknown and will be ignored: [examples]&#10;    level: &quot;warning&quot;&#10;    schema: {&quot;loadingURI&quot;:&quot;#&quot;,&quot;pointer&quot;:&quot;/items/properties/email&quot;}&#10;    domain: &quot;syntax&quot;&#10;    ignored: [&quot;examples&quot;]&#10;warning: the following keywords are unknown and will be ignored: [examples]&#10;    level: &quot;warning&quot;&#10;    schema: {&quot;loadingURI&quot;:&quot;#&quot;,&quot;pointer&quot;:&quot;/items/properties/id&quot;}&#10;    domain: &quot;syntax&quot;&#10;    ignored: [&quot;examples&quot;]&#10;warning: the following keywords are unknown and will be ignored: [examples]&#10;    level: &quot;warning&quot;&#10;    schema: {&quot;loadingURI&quot;:&quot;#&quot;,&quot;pointer&quot;:&quot;/items/properties/nome&quot;}&#10;    domain: &quot;syntax&quot;&#10;    ignored: [&quot;examples&quot;]&#10;warning: the following keywords are unknown and will be ignored: [examples]&#10;    level: &quot;warning&quot;&#10;    schema: {&quot;loadingURI&quot;:&quot;#&quot;,&quot;pointer&quot;:&quot;/items/properties/parcelas&quot;}&#10;    domain: &quot;syntax&quot;&#10;    ignored: [&quot;examples&quot;]&#10;warning: the following keywords are unknown and will be ignored: [examples]&#10;    level: &quot;warning&quot;&#10;    schema: {&quot;loadingURI&quot;:&quot;#&quot;,&quot;pointer&quot;:&quot;/items/properties/seguro&quot;}&#10;    domain: &quot;syntax&quot;&#10;    ignored: [&quot;examples&quot;]&#10;warning: the following keywords are unknown and will be ignored: [examples]&#10;    level: &quot;warning&quot;&#10;    schema: {&quot;loadingURI&quot;:&quot;#&quot;,&quot;pointer&quot;:&quot;/items/properties/valor&quot;}&#10;    domain: &quot;syntax&quot;&#10;    ignored: [&quot;examples&quot;]&#10;warning: the following keywords are unknown and will be ignored: [examples]&#10;    level: &quot;warning&quot;&#10;    schema: {&quot;loadingURI&quot;:&quot;#&quot;,&quot;pointer&quot;:&quot;/items&quot;}&#10;    domain: &quot;syntax&quot;&#10;    ignored: [&quot;examples&quot;]&#10;warning: the following keywords are unknown and will be ignored: [examples]&#10;    level: &quot;warning&quot;&#10;    schema: {&quot;loadingURI&quot;:&quot;#&quot;,&quot;pointer&quot;:&quot;/items/properties/cpf&quot;}&#10;    domain: &quot;syntax&quot;&#10;    ignored: [&quot;examples&quot;]&#10;warning: the following keywords are unknown and will be ignored: [examples]&#10;    level: &quot;warning&quot;&#10;    schema: {&quot;loadingURI&quot;:&quot;#&quot;,&quot;pointer&quot;:&quot;/items/properties/email&quot;}&#10;    domain: &quot;syntax&quot;&#10;    ignored: [&quot;examples&quot;]&#10;warning: the following keywords are unknown and will be ignored: [examples]&#10;    level: &quot;warning&quot;&#10;    schema: {&quot;loadingURI&quot;:&quot;#&quot;,&quot;pointer&quot;:&quot;/items/properties/id&quot;}&#10;    domain: &quot;syntax&quot;&#10;    ignored: [&quot;examples&quot;]&#10;warning: the following keywords are unknown and will be ignored: [examples]&#10;    level: &quot;warning&quot;&#10;    schema: {&quot;loadingURI&quot;:&quot;#&quot;,&quot;pointer&quot;:&quot;/items/properties/nome&quot;}&#10;    domain: &quot;syntax&quot;&#10;    ignored: [&quot;examples&quot;]&#10;warning: the following keywords are unknown and will be ignored: [examples]&#10;    level: &quot;warning&quot;&#10;    schema: {&quot;loadingURI&quot;:&quot;#&quot;,&quot;pointer&quot;:&quot;/items/properties/parcelas&quot;}&#10;    domain: &quot;syntax&quot;&#10;    ignored: [&quot;examples&quot;]&#10;warning: the following keywords are unknown and will be ignored: [examples]&#10;    level: &quot;warning&quot;&#10;    schema: {&quot;loadingURI&quot;:&quot;#&quot;,&quot;pointer&quot;:&quot;/items/properties/seguro&quot;}&#10;    domain: &quot;syntax&quot;&#10;    ignored: [&quot;examples&quot;]&#10;warning: the following keywords are unknown and will be ignored: [examples]&#10;    level: &quot;warning&quot;&#10;    schema: {&quot;loadingURI&quot;:&quot;#&quot;,&quot;pointer&quot;:&quot;/items/properties/valor&quot;}&#10;    domain: &quot;syntax&quot;&#10;    ignored: [&quot;examples&quot;]&#10;warning: the following keywords are unknown and will be ignored: [examples]&#10;    level: &quot;warning&quot;&#10;    schema: {&quot;loadingURI&quot;:&quot;#&quot;,&quot;pointer&quot;:&quot;/items&quot;}&#10;    domain: &quot;syntax&quot;&#10;    ignored: [&quot;examples&quot;]&#10;warning: the following keywords are unknown and will be ignored: [examples]&#10;    level: &quot;warning&quot;&#10;    schema: {&quot;loadingURI&quot;:&quot;#&quot;,&quot;pointer&quot;:&quot;/items/properties/cpf&quot;}&#10;    domain: &quot;syntax&quot;&#10;    ignored: [&quot;examples&quot;]&#10;warning: the following keywords are unknown and will be ignored: [examples]&#10;    level: &quot;warning&quot;&#10;    schema: {&quot;loadingURI&quot;:&quot;#&quot;,&quot;pointer&quot;:&quot;/items/properties/email&quot;}&#10;    domain: &quot;syntax&quot;&#10;    ignored: [&quot;examples&quot;]&#10;warning: the following keywords are unknown and will be ignored: [examples]&#10;    level: &quot;warning&quot;&#10;    schema: {&quot;loadingURI&quot;:&quot;#&quot;,&quot;pointer&quot;:&quot;/items/properties/id&quot;}&#10;    domain: &quot;syntax&quot;&#10;    ignored: [&quot;examples&quot;]&#10;warning: the following keywords are unknown and will be ignored: [examples]&#10;    level: &quot;warning&quot;&#10;    schema: {&quot;loadingURI&quot;:&quot;#&quot;,&quot;pointer&quot;:&quot;/items/properties/nome&quot;}&#10;    domain: &quot;syntax&quot;&#10;    ignored: [&quot;examples&quot;]&#10;warning: the following keywords are unknown and will be ignored: [examples]&#10;    level: &quot;warning&quot;&#10;    schema: {&quot;loadingURI&quot;:&quot;#&quot;,&quot;pointer&quot;:&quot;/items/properties/parcelas&quot;}&#10;    domain: &quot;syntax&quot;&#10;    ignored: [&quot;examples&quot;]&#10;warning: the following keywords are unknown and will be ignored: [examples]&#10;    level: &quot;warning&quot;&#10;    schema: {&quot;loadingURI&quot;:&quot;#&quot;,&quot;pointer&quot;:&quot;/items/properties/seguro&quot;}&#10;    domain: &quot;syntax&quot;&#10;    ignored: [&quot;examples&quot;]&#10;warning: the following keywords are unknown and will be ignored: [examples]&#10;    level: &quot;warning&quot;&#10;    schema: {&quot;loadingURI&quot;:&quot;#&quot;,&quot;pointer&quot;:&quot;/items/properties/valor&quot;}&#10;    domain: &quot;syntax&quot;&#10;    ignored: [&quot;examples&quot;]&#10;warning: the following keywords are unknown and will be ignored: [examples]&#10;    level: &quot;warning&quot;&#10;    schema: {&quot;loadingURI&quot;:&quot;#&quot;,&quot;pointer&quot;:&quot;/items&quot;}&#10;    domain: &quot;syntax&quot;&#10;    ignored: [&quot;examples&quot;]&#10;warning: the following keywords are unknown and will be ignored: [examples]&#10;    level: &quot;warning&quot;&#10;    schema: {&quot;loadingURI&quot;:&quot;#&quot;,&quot;pointer&quot;:&quot;/items/properties/cpf&quot;}&#10;    domain: &quot;syntax&quot;&#10;    ignored: [&quot;examples&quot;]&#10;warning: the following keywords are unknown and will be ignored: [examples]&#10;    level: &quot;warning&quot;&#10;    schema: {&quot;loadingURI&quot;:&quot;#&quot;,&quot;pointer&quot;:&quot;/items/properties/email&quot;}&#10;    domain: &quot;syntax&quot;&#10;    ignored: [&quot;examples&quot;]&#10;warning: the following keywords are unknown and will be ignored: [examples]&#10;    level: &quot;warning&quot;&#10;    schema: {&quot;loadingURI&quot;:&quot;#&quot;,&quot;pointer&quot;:&quot;/items/properties/id&quot;}&#10;    domain: &quot;syntax&quot;&#10;    ignored: [&quot;examples&quot;]&#10;warning: the following keywords are unknown and will be ignored: [examples]&#10;    level: &quot;warning&quot;&#10;    schema: {&quot;loadingURI&quot;:&quot;#&quot;,&quot;pointer&quot;:&quot;/items/properties/nome&quot;}&#10;    domain: &quot;syntax&quot;&#10;    ignored: [&quot;examples&quot;]&#10;warning: the following keywords are unknown and will be ignored: [examples]&#10;    level: &quot;warning&quot;&#10;    schema: {&quot;loadingURI&quot;:&quot;#&quot;,&quot;pointer&quot;:&quot;/items/properties/parcelas&quot;}&#10;    domain: &quot;syntax&quot;&#10;    ignored: [&quot;examples&quot;]&#10;warning: the following keywords are unknown and will be ignored: [examples]&#10;    level: &quot;warning&quot;&#10;    schema: {&quot;loadingURI&quot;:&quot;#&quot;,&quot;pointer&quot;:&quot;/items/properties/seguro&quot;}&#10;    domain: &quot;syntax&quot;&#10;    ignored: [&quot;examples&quot;]&#10;warning: the following keywords are unknown and will be ignored: [examples]&#10;    level: &quot;warning&quot;&#10;    schema: {&quot;loadingURI&quot;:&quot;#&quot;,&quot;pointer&quot;:&quot;/items/properties/valor&quot;}&#10;    domain: &quot;syntax&quot;&#10;    ignored: [&quot;examples&quot;]&#10;warning: the following keywords are unknown and will be ignored: [examples]&#10;    level: &quot;warning&quot;&#10;    schema: {&quot;loadingURI&quot;:&quot;#&quot;,&quot;pointer&quot;:&quot;/items&quot;}&#10;    domain: &quot;syntax&quot;&#10;    ignored: [&quot;examples&quot;]&#10;warning: the following keywords are unknown and will be ignored: [examples]&#10;    level: &quot;warning&quot;&#10;    schema: {&quot;loadingURI&quot;:&quot;#&quot;,&quot;pointer&quot;:&quot;/items/properties/cpf&quot;}&#10;    domain: &quot;syntax&quot;&#10;    ignored: [&quot;examples&quot;]&#10;warning: the following keywords are unknown and will be ignored: [examples]&#10;    level: &quot;warning&quot;&#10;    schema: {&quot;loadingURI&quot;:&quot;#&quot;,&quot;pointer&quot;:&quot;/items/properties/email&quot;}&#10;    domain: &quot;syntax&quot;&#10;    ignored: [&quot;examples&quot;]&#10;warning: the following keywords are unknown and will be ignored: [examples]&#10;    level: &quot;warning&quot;&#10;    schema: {&quot;loadingURI&quot;:&quot;#&quot;,&quot;pointer&quot;:&quot;/items/properties/id&quot;}&#10;    domain: &quot;syntax&quot;&#10;    ignored: [&quot;examples&quot;]&#10;warning: the following keywords are unknown and will be ignored: [examples]&#10;    level: &quot;warning&quot;&#10;    schema: {&quot;loadingURI&quot;:&quot;#&quot;,&quot;pointer&quot;:&quot;/items/properties/nome&quot;}&#10;    domain: &quot;syntax&quot;&#10;    ignored: [&quot;examples&quot;]&#10;warning: the following keywords are unknown and will be ignored: [examples]&#10;    level: &quot;warning&quot;&#10;    schema: {&quot;loadingURI&quot;:&quot;#&quot;,&quot;pointer&quot;:&quot;/items/properties/parcelas&quot;}&#10;    domain: &quot;syntax&quot;&#10;    ignored: [&quot;examples&quot;]&#10;warning: the following keywords are unknown and will be ignored: [examples]&#10;    level: &quot;warning&quot;&#10;    schema: {&quot;loadingURI&quot;:&quot;#&quot;,&quot;pointer&quot;:&quot;/items/properties/seguro&quot;}&#10;    domain: &quot;syntax&quot;&#10;    ignored: [&quot;examples&quot;]&#10;warning: the following keywords are unknown and will be ignored: [examples]&#10;    level: &quot;warning&quot;&#10;    schema: {&quot;loadingURI&quot;:&quot;#&quot;,&quot;pointer&quot;:&quot;/items/properties/valor&quot;}&#10;    domain: &quot;syntax&quot;&#10;    ignored: [&quot;examples&quot;]&#10;warning: the following keywords are unknown and will be ignored: [examples]&#10;    level: &quot;warning&quot;&#10;    schema: {&quot;loadingURI&quot;:&quot;#&quot;,&quot;pointer&quot;:&quot;/items&quot;}&#10;    domain: &quot;syntax&quot;&#10;    ignored: [&quot;examples&quot;]&#10;warning: the following keywords are unknown and will be ignored: [examples]&#10;    level: &quot;warning&quot;&#10;    schema: {&quot;loadingURI&quot;:&quot;#&quot;,&quot;pointer&quot;:&quot;/items/properties/cpf&quot;}&#10;    domain: &quot;syntax&quot;&#10;    ignored: [&quot;examples&quot;]&#10;warning: the following keywords are unknown and will be ignored: [examples]&#10;    level: &quot;warning&quot;&#10;    schema: {&quot;loadingURI&quot;:&quot;#&quot;,&quot;pointer&quot;:&quot;/items/properties/email&quot;}&#10;    domain: &quot;syntax&quot;&#10;    ignored: [&quot;examples&quot;]&#10;warning: the following keywords are unknown and will be ignored: [examples]&#10;    level: &quot;warning&quot;&#10;    schema: {&quot;loadingURI&quot;:&quot;#&quot;,&quot;pointer&quot;:&quot;/items/properties/id&quot;}&#10;    domain: &quot;syntax&quot;&#10;    ignored: [&quot;examples&quot;]&#10;warning: the following keywords are unknown and will be ignored: [examples]&#10;    level: &quot;warning&quot;&#10;    schema: {&quot;loadingURI&quot;:&quot;#&quot;,&quot;pointer&quot;:&quot;/items/properties/nome&quot;}&#10;    domain: &quot;syntax&quot;&#10;    ignored: [&quot;examples&quot;]&#10;warning: the following keywords are unknown and will be ignored: [examples]&#10;    level: &quot;warning&quot;&#10;    schema: {&quot;loadingURI&quot;:&quot;#&quot;,&quot;pointer&quot;:&quot;/items/properties/parcelas&quot;}&#10;    domain: &quot;syntax&quot;&#10;    ignored: [&quot;examples&quot;]&#10;warning: the following keywords are unknown and will be ignored: [examples]&#10;    level: &quot;warning&quot;&#10;    schema: {&quot;loadingURI&quot;:&quot;#&quot;,&quot;pointer&quot;:&quot;/items/properties/seguro&quot;}&#10;    domain: &quot;syntax&quot;&#10;    ignored: [&quot;examples&quot;]&#10;warning: the following keywords are unknown and will be ignored: [examples]&#10;    level: &quot;warning&quot;&#10;    schema: {&quot;loadingURI&quot;:&quot;#&quot;,&quot;pointer&quot;:&quot;/items/properties/valor&quot;}&#10;    domain: &quot;syntax&quot;&#10;    ignored: [&quot;examples&quot;]&#10;warning: the following keywords are unknown and will be ignored: [examples]&#10;    level: &quot;warning&quot;&#10;    schema: {&quot;loadingURI&quot;:&quot;#&quot;,&quot;pointer&quot;:&quot;/items&quot;}&#10;    domain: &quot;syntax&quot;&#10;    ignored: [&quot;examples&quot;]&#10;warning: the following keywords are unknown and will be ignored: [examples]&#10;    level: &quot;warning&quot;&#10;    schema: {&quot;loadingURI&quot;:&quot;#&quot;,&quot;pointer&quot;:&quot;/items/properties/cpf&quot;}&#10;    domain: &quot;syntax&quot;&#10;    ignored: [&quot;examples&quot;]&#10;warning: the following keywords are unknown and will be ignored: [examples]&#10;    level: &quot;warning&quot;&#10;    schema: {&quot;loadingURI&quot;:&quot;#&quot;,&quot;pointer&quot;:&quot;/items/properties/email&quot;}&#10;    domain: &quot;syntax&quot;&#10;    ignored: [&quot;examples&quot;]&#10;warning: the following keywords are unknown and will be ignored: [examples]&#10;    level: &quot;warning&quot;&#10;    schema: {&quot;loadingURI&quot;:&quot;#&quot;,&quot;pointer&quot;:&quot;/items/properties/id&quot;}&#10;    domain: &quot;syntax&quot;&#10;    ignored: [&quot;examples&quot;]&#10;warning: the following keywords are unknown and will be ignored: [examples]&#10;    level: &quot;warning&quot;&#10;    schema: {&quot;loadingURI&quot;:&quot;#&quot;,&quot;pointer&quot;:&quot;/items/properties/nome&quot;}&#10;    domain: &quot;syntax&quot;&#10;    ignored: [&quot;examples&quot;]&#10;warning: the following keywords are unknown and will be ignored: [examples]&#10;    level: &quot;warning&quot;&#10;    schema: {&quot;loadingURI&quot;:&quot;#&quot;,&quot;pointer&quot;:&quot;/items/properties/parcelas&quot;}&#10;    domain: &quot;syntax&quot;&#10;    ignored: [&quot;examples&quot;]&#10;warning: the following keywords are unknown and will be ignored: [examples]&#10;    level: &quot;warning&quot;&#10;    schema: {&quot;loadingURI&quot;:&quot;#&quot;,&quot;pointer&quot;:&quot;/items/properties/seguro&quot;}&#10;    domain: &quot;syntax&quot;&#10;    ignored: [&quot;examples&quot;]&#10;warning: the following keywords are unknown and will be ignored: [examples]&#10;    level: &quot;warning&quot;&#10;    schema: {&quot;loadingURI&quot;:&quot;#&quot;,&quot;pointer&quot;:&quot;/items/properties/valor&quot;}&#10;    domain: &quot;syntax&quot;&#10;    ignored: [&quot;examples&quot;]&#10;warning: the following keywords are unknown and will be ignored: [examples]&#10;    level: &quot;warning&quot;&#10;    schema: {&quot;loadingURI&quot;:&quot;#&quot;,&quot;pointer&quot;:&quot;/items&quot;}&#10;    domain: &quot;syntax&quot;&#10;    ignored: [&quot;examples&quot;]&#10;warning: the following keywords are unknown and will be ignored: [examples]&#10;    level: &quot;warning&quot;&#10;    schema: {&quot;loadingURI&quot;:&quot;#&quot;,&quot;pointer&quot;:&quot;/items/properties/cpf&quot;}&#10;    domain: &quot;syntax&quot;&#10;    ignored: [&quot;examples&quot;]&#10;warning: the following keywords are unknown and will be ignored: [examples]&#10;    level: &quot;warning&quot;&#10;    schema: {&quot;loadingURI&quot;:&quot;#&quot;,&quot;pointer&quot;:&quot;/items/properties/email&quot;}&#10;    domain: &quot;syntax&quot;&#10;    ignored: [&quot;examples&quot;]&#10;warning: the following keywords are unknown and will be ignored: [examples]&#10;    level: &quot;warning&quot;&#10;    schema: {&quot;loadingURI&quot;:&quot;#&quot;,&quot;pointer&quot;:&quot;/items/properties/id&quot;}&#10;    domain: &quot;syntax&quot;&#10;    ignored: [&quot;examples&quot;]&#10;warning: the following keywords are unknown and will be ignored: [examples]&#10;    level: &quot;warning&quot;&#10;    schema: {&quot;loadingURI&quot;:&quot;#&quot;,&quot;pointer&quot;:&quot;/items/properties/nome&quot;}&#10;    domain: &quot;syntax&quot;&#10;    ignored: [&quot;examples&quot;]&#10;warning: the following keywords are unknown and will be ignored: [examples]&#10;    level: &quot;warning&quot;&#10;    schema: {&quot;loadingURI&quot;:&quot;#&quot;,&quot;pointer&quot;:&quot;/items/properties/parcelas&quot;}&#10;    domain: &quot;syntax&quot;&#10;    ignored: [&quot;examples&quot;]&#10;warning: the following keywords are unknown and will be ignored: [examples]&#10;    level: &quot;warning&quot;&#10;    schema: {&quot;loadingURI&quot;:&quot;#&quot;,&quot;pointer&quot;:&quot;/items/properties/seguro&quot;}&#10;    domain: &quot;syntax&quot;&#10;    ignored: [&quot;examples&quot;]&#10;warning: the following keywords are unknown and will be ignored: [examples]&#10;    level: &quot;warning&quot;&#10;    schema: {&quot;loadingURI&quot;:&quot;#&quot;,&quot;pointer&quot;:&quot;/items/properties/valor&quot;}&#10;    domain: &quot;syntax&quot;&#10;    ignored: [&quot;examples&quot;]&#10;warning: the following keywords are unknown and will be ignored: [examples]&#10;    level: &quot;warning&quot;&#10;    schema: {&quot;loadingURI&quot;:&quot;#&quot;,&quot;pointer&quot;:&quot;/items&quot;}&#10;    domain: &quot;syntax&quot;&#10;    ignored: [&quot;examples&quot;]&#10;warning: the following keywords are unknown and will be ignored: [examples]&#10;    level: &quot;warning&quot;&#10;    schema: {&quot;loadingURI&quot;:&quot;#&quot;,&quot;pointer&quot;:&quot;/items/properties/cpf&quot;}&#10;    domain: &quot;syntax&quot;&#10;    ignored: [&quot;examples&quot;]&#10;warning: the following keywords are unknown and will be ignored: [examples]&#10;    level: &quot;warning&quot;&#10;    schema: {&quot;loadingURI&quot;:&quot;#&quot;,&quot;pointer&quot;:&quot;/items/properties/email&quot;}&#10;    domain: &quot;syntax&quot;&#10;    ignored: [&quot;examples&quot;]&#10;warning: the following keywords are unknown and will be ignored: [examples]&#10;    level: &quot;warning&quot;&#10;    schema: {&quot;loadingURI&quot;:&quot;#&quot;,&quot;pointer&quot;:&quot;/items/properties/id&quot;}&#10;    domain: &quot;syntax&quot;&#10;    ignored: [&quot;examples&quot;]&#10;warning: the following keywords are unknown and will be ignored: [examples]&#10;    level: &quot;warning&quot;&#10;    schema: {&quot;loadingURI&quot;:&quot;#&quot;,&quot;pointer&quot;:&quot;/items/properties/nome&quot;}&#10;    domain: &quot;syntax&quot;&#10;    ignored: [&quot;examples&quot;]&#10;warning: the following keywords are unknown and will be ignored: [examples]&#10;    level: &quot;warning&quot;&#10;    schema: {&quot;loadingURI&quot;:&quot;#&quot;,&quot;pointer&quot;:&quot;/items/properties/parcelas&quot;}&#10;    domain: &quot;syntax&quot;&#10;    ignored: [&quot;examples&quot;]&#10;warning: the following keywords are unknown and will be ignored: [examples]&#10;    level: &quot;warning&quot;&#10;    schema: {&quot;loadingURI&quot;:&quot;#&quot;,&quot;pointer&quot;:&quot;/items/properties/seguro&quot;}&#10;    domain: &quot;syntax&quot;&#10;    ignored: [&quot;examples&quot;]&#10;warning: the following keywords are unknown and will be ignored: [examples]&#10;    level: &quot;warning&quot;&#10;    schema: {&quot;loadingURI&quot;:&quot;#&quot;,&quot;pointer&quot;:&quot;/items/properties/valor&quot;}&#10;    domain: &quot;syntax&quot;&#10;    ignored: [&quot;examples&quot;]&#10;warning: the following keywords are unknown and will be ignored: [examples]&#10;    level: &quot;warning&quot;&#10;    schema: {&quot;loadingURI&quot;:&quot;#&quot;,&quot;pointer&quot;:&quot;/items&quot;}&#10;    domain: &quot;syntax&quot;&#10;    ignored: [&quot;examples&quot;]&#10;warning: the following keywords are unknown and will be ignored: [examples]&#10;    level: &quot;warning&quot;&#10;    schema: {&quot;loadingURI&quot;:&quot;#&quot;,&quot;pointer&quot;:&quot;/items/properties/cpf&quot;}&#10;    domain: &quot;syntax&quot;&#10;    ignored: [&quot;examples&quot;]&#10;warning: the following keywords are unknown and will be ignored: [examples]&#10;    level: &quot;warning&quot;&#10;    schema: {&quot;loadingURI&quot;:&quot;#&quot;,&quot;pointer&quot;:&quot;/items/properties/email&quot;}&#10;    domain: &quot;syntax&quot;&#10;    ignored: [&quot;examples&quot;]&#10;warning: the following keywords are unknown and will be ignored: [examples]&#10;    level: &quot;warning&quot;&#10;    schema: {&quot;loadingURI&quot;:&quot;#&quot;,&quot;pointer&quot;:&quot;/items/properties/id&quot;}&#10;    domain: &quot;syntax&quot;&#10;    ignored: [&quot;examples&quot;]&#10;warning: the following keywords are unknown and will be ignored: [examples]&#10;    level: &quot;warning&quot;&#10;    schema: {&quot;loadingURI&quot;:&quot;#&quot;,&quot;pointer&quot;:&quot;/items/properties/nome&quot;}&#10;    domain: &quot;syntax&quot;&#10;    ignored: [&quot;examples&quot;]&#10;warning: the following keywords are unknown and will be ignored: [examples]&#10;    level: &quot;warning&quot;&#10;    schema: {&quot;loadingURI&quot;:&quot;#&quot;,&quot;pointer&quot;:&quot;/items/properties/parcelas&quot;}&#10;    domain: &quot;syntax&quot;&#10;    ignored: [&quot;examples&quot;]&#10;warning: the following keywords are unknown and will be ignored: [examples]&#10;    level: &quot;warning&quot;&#10;    schema: {&quot;loadingURI&quot;:&quot;#&quot;,&quot;pointer&quot;:&quot;/items/properties/seguro&quot;}&#10;    domain: &quot;syntax&quot;&#10;    ignored: [&quot;examples&quot;]&#10;warning: the following keywords are unknown and will be ignored: [examples]&#10;    level: &quot;warning&quot;&#10;    schema: {&quot;loadingURI&quot;:&quot;#&quot;,&quot;pointer&quot;:&quot;/items/properties/valor&quot;}&#10;    domain: &quot;syntax&quot;&#10;    ignored: [&quot;examples&quot;]&#10;warning: the following keywords are unknown and will be ignored: [examples]&#10;    level: &quot;warning&quot;&#10;    schema: {&quot;loadingURI&quot;:&quot;#&quot;,&quot;pointer&quot;:&quot;/items&quot;}&#10;    domain: &quot;syntax&quot;&#10;    ignored: [&quot;examples&quot;]&#10;warning: the following keywords are unknown and will be ignored: [examples]&#10;    level: &quot;warning&quot;&#10;    schema: {&quot;loadingURI&quot;:&quot;#&quot;,&quot;pointer&quot;:&quot;/items/properties/cpf&quot;}&#10;    domain: &quot;syntax&quot;&#10;    ignored: [&quot;examples&quot;]&#10;warning: the following keywords are unknown and will be ignored: [examples]&#10;    level: &quot;warning&quot;&#10;    schema: {&quot;loadingURI&quot;:&quot;#&quot;,&quot;pointer&quot;:&quot;/items/properties/email&quot;}&#10;    domain: &quot;syntax&quot;&#10;    ignored: [&quot;examples&quot;]&#10;warning: the following keywords are unknown and will be ignored: [examples]&#10;    level: &quot;warning&quot;&#10;    schema: {&quot;loadingURI&quot;:&quot;#&quot;,&quot;pointer&quot;:&quot;/items/properties/id&quot;}&#10;    domain: &quot;syntax&quot;&#10;    ignored: [&quot;examples&quot;]&#10;warning: the following keywords are unknown and will be ignored: [examples]&#10;    level: &quot;warning&quot;&#10;    schema: {&quot;loadingURI&quot;:&quot;#&quot;,&quot;pointer&quot;:&quot;/items/properties/nome&quot;}&#10;    domain: &quot;syntax&quot;&#10;    ignored: [&quot;examples&quot;]&#10;warning: the following keywords are unknown and will be ignored: [examples]&#10;    level: &quot;warning&quot;&#10;    schema: {&quot;loadingURI&quot;:&quot;#&quot;,&quot;pointer&quot;:&quot;/items/properties/parcelas&quot;}&#10;    domain: &quot;syntax&quot;&#10;    ignored: [&quot;examples&quot;]&#10;warning: the following keywords are unknown and will be ignored: [examples]&#10;    level: &quot;warning&quot;&#10;    schema: {&quot;loadingURI&quot;:&quot;#&quot;,&quot;pointer&quot;:&quot;/items/properties/seguro&quot;}&#10;    domain: &quot;syntax&quot;&#10;    ignored: [&quot;examples&quot;]&#10;warning: the following keywords are unknown and will be ignored: [examples]&#10;    level: &quot;warning&quot;&#10;    schema: {&quot;loadingURI&quot;:&quot;#&quot;,&quot;pointer&quot;:&quot;/items/properties/valor&quot;}&#10;    domain: &quot;syntax&quot;&#10;    ignored: [&quot;examples&quot;]&#10;warning: the following keywords are unknown and will be ignored: [examples]&#10;    level: &quot;warning&quot;&#10;    schema: {&quot;loadingURI&quot;:&quot;#&quot;,&quot;pointer&quot;:&quot;/items&quot;}&#10;    domain: &quot;syntax&quot;&#10;    ignored: [&quot;examples&quot;]&#10;warning: the following keywords are unknown and will be ignored: [examples]&#10;    level: &quot;warning&quot;&#10;    schema: {&quot;loadingURI&quot;:&quot;#&quot;,&quot;pointer&quot;:&quot;/items/properties/cpf&quot;}&#10;    domain: &quot;syntax&quot;&#10;    ignored: [&quot;examples&quot;]&#10;warning: the following keywords are unknown and will be ignored: [examples]&#10;    level: &quot;warning&quot;&#10;    schema: {&quot;loadingURI&quot;:&quot;#&quot;,&quot;pointer&quot;:&quot;/items/properties/email&quot;}&#10;    domain: &quot;syntax&quot;&#10;    ignored: [&quot;examples&quot;]&#10;warning: the following keywords are unknown and will be ignored: [examples]&#10;    level: &quot;warning&quot;&#10;    schema: {&quot;loadingURI&quot;:&quot;#&quot;,&quot;pointer&quot;:&quot;/items/properties/id&quot;}&#10;    domain: &quot;syntax&quot;&#10;    ignored: [&quot;examples&quot;]&#10;warning: the following keywords are unknown and will be ignored: [examples]&#10;    level: &quot;warning&quot;&#10;    schema: {&quot;loadingURI&quot;:&quot;#&quot;,&quot;pointer&quot;:&quot;/items/properties/nome&quot;}&#10;    domain: &quot;syntax&quot;&#10;    ignored: [&quot;examples&quot;]&#10;warning: the following keywords are unknown and will be ignored: [examples]&#10;    level: &quot;warning&quot;&#10;    schema: {&quot;loadingURI&quot;:&quot;#&quot;,&quot;pointer&quot;:&quot;/items/properties/parcelas&quot;}&#10;    domain: &quot;syntax&quot;&#10;    ignored: [&quot;examples&quot;]&#10;warning: the following keywords are unknown and will be ignored: [examples]&#10;    level: &quot;warning&quot;&#10;    schema: {&quot;loadingURI&quot;:&quot;#&quot;,&quot;pointer&quot;:&quot;/items/properties/seguro&quot;}&#10;    domain: &quot;syntax&quot;&#10;    ignored: [&quot;examples&quot;]&#10;warning: the following keywords are unknown and will be ignored: [examples]&#10;    level: &quot;warning&quot;&#10;    schema: {&quot;loadingURI&quot;:&quot;#&quot;,&quot;pointer&quot;:&quot;/items/properties/valor&quot;}&#10;    domain: &quot;syntax&quot;&#10;    ignored: [&quot;examples&quot;]&#10;warning: the following keywords are unknown and will be ignored: [examples]&#10;    level: &quot;warning&quot;&#10;    schema: {&quot;loadingURI&quot;:&quot;#&quot;,&quot;pointer&quot;:&quot;/items&quot;}&#10;    domain: &quot;syntax&quot;&#10;    ignored: [&quot;examples&quot;]&#10;warning: the following keywords are unknown and will be ignored: [examples]&#10;    level: &quot;warning&quot;&#10;    schema: {&quot;loadingURI&quot;:&quot;#&quot;,&quot;pointer&quot;:&quot;/items/properties/cpf&quot;}&#10;    domain: &quot;syntax&quot;&#10;    ignored: [&quot;examples&quot;]&#10;warning: the following keywords are unknown and will be ignored: [examples]&#10;    level: &quot;warning&quot;&#10;    schema: {&quot;loadingURI&quot;:&quot;#&quot;,&quot;pointer&quot;:&quot;/items/properties/email&quot;}&#10;    domain: &quot;syntax&quot;&#10;    ignored: [&quot;examples&quot;]&#10;warning: the following keywords are unknown and will be ignored: [examples]&#10;    level: &quot;warning&quot;&#10;    schema: {&quot;loadingURI&quot;:&quot;#&quot;,&quot;pointer&quot;:&quot;/items/properties/id&quot;}&#10;    domain: &quot;syntax&quot;&#10;    ignored: [&quot;examples&quot;]&#10;warning: the following keywords are unknown and will be ignored: [examples]&#10;    level: &quot;warning&quot;&#10;    schema: {&quot;loadingURI&quot;:&quot;#&quot;,&quot;pointer&quot;:&quot;/items/properties/nome&quot;}&#10;    domain: &quot;syntax&quot;&#10;    ignored: [&quot;examples&quot;]&#10;warning: the following keywords are unknown and will be ignored: [examples]&#10;    level: &quot;warning&quot;&#10;    schema: {&quot;loadingURI&quot;:&quot;#&quot;,&quot;pointer&quot;:&quot;/items/properties/parcelas&quot;}&#10;    domain: &quot;syntax&quot;&#10;    ignored: [&quot;examples&quot;]&#10;warning: the following keywords are unknown and will be ignored: [examples]&#10;    level: &quot;warning&quot;&#10;    schema: {&quot;loadingURI&quot;:&quot;#&quot;,&quot;pointer&quot;:&quot;/items/properties/seguro&quot;}&#10;    domain: &quot;syntax&quot;&#10;    ignored: [&quot;examples&quot;]&#10;warning: the following keywords are unknown and will be ignored: [examples]&#10;    level: &quot;warning&quot;&#10;    schema: {&quot;loadingURI&quot;:&quot;#&quot;,&quot;pointer&quot;:&quot;/items/properties/valor&quot;}&#10;    domain: &quot;syntax&quot;&#10;    ignored: [&quot;examples&quot;]&#10;warning: the following keywords are unknown and will be ignored: [examples]&#10;    level: &quot;warning&quot;&#10;    schema: {&quot;loadingURI&quot;:&quot;#&quot;,&quot;pointer&quot;:&quot;/items&quot;}&#10;    domain: &quot;syntax&quot;&#10;    ignored: [&quot;examples&quot;]&#10;warning: the following keywords are unknown and will be ignored: [examples]&#10;    level: &quot;warning&quot;&#10;    schema: {&quot;loadingURI&quot;:&quot;#&quot;,&quot;pointer&quot;:&quot;/items/properties/cpf&quot;}&#10;    domain: &quot;syntax&quot;&#10;    ignored: [&quot;examples&quot;]&#10;warning: the following keywords are unknown and will be ignored: [examples]&#10;    level: &quot;warning&quot;&#10;    schema: {&quot;loadingURI&quot;:&quot;#&quot;,&quot;pointer&quot;:&quot;/items/properties/email&quot;}&#10;    domain: &quot;syntax&quot;&#10;    ignored: [&quot;examples&quot;]&#10;warning: the following keywords are unknown and will be ignored: [examples]&#10;    level: &quot;warning&quot;&#10;    schema: {&quot;loadingURI&quot;:&quot;#&quot;,&quot;pointer&quot;:&quot;/items/properties/id&quot;}&#10;    domain: &quot;syntax&quot;&#10;    ignored: [&quot;examples&quot;]&#10;warning: the following keywords are unknown and will be ignored: [examples]&#10;    level: &quot;warning&quot;&#10;    schema: {&quot;loadingURI&quot;:&quot;#&quot;,&quot;pointer&quot;:&quot;/items/properties/nome&quot;}&#10;    domain: &quot;syntax&quot;&#10;    ignored: [&quot;examples&quot;]&#10;warning: the following keywords are unknown and will be ignored: [examples]&#10;    level: &quot;warning&quot;&#10;    schema: {&quot;loadingURI&quot;:&quot;#&quot;,&quot;pointer&quot;:&quot;/items/properties/parcelas&quot;}&#10;    domain: &quot;syntax&quot;&#10;    ignored: [&quot;examples&quot;]&#10;warning: the following keywords are unknown and will be ignored: [examples]&#10;    level: &quot;warning&quot;&#10;    schema: {&quot;loadingURI&quot;:&quot;#&quot;,&quot;pointer&quot;:&quot;/items/properties/seguro&quot;}&#10;    domain: &quot;syntax&quot;&#10;    ignored: [&quot;examples&quot;]&#10;warning: the following keywords are unknown and will be ignored: [examples]&#10;    level: &quot;warning&quot;&#10;    schema: {&quot;loadingURI&quot;:&quot;#&quot;,&quot;pointer&quot;:&quot;/items/properties/valor&quot;}&#10;    domain: &quot;syntax&quot;&#10;    ignored: [&quot;examples&quot;]&#10;warning: the following keywords are unknown and will be ignored: [examples]&#10;    level: &quot;warning&quot;&#10;    schema: {&quot;loadingURI&quot;:&quot;#&quot;,&quot;pointer&quot;:&quot;/items&quot;}&#10;    domain: &quot;syntax&quot;&#10;    ignored: [&quot;examples&quot;]&#10;warning: the following keywords are unknown and will be ignored: [examples]&#10;    level: &quot;warning&quot;&#10;    schema: {&quot;loadingURI&quot;:&quot;#&quot;,&quot;pointer&quot;:&quot;/items/properties/cpf&quot;}&#10;    domain: &quot;syntax&quot;&#10;    ignored: [&quot;examples&quot;]&#10;warning: the following keywords are unknown and will be ignored: [examples]&#10;    level: &quot;warning&quot;&#10;    schema: {&quot;loadingURI&quot;:&quot;#&quot;,&quot;pointer&quot;:&quot;/items/properties/email&quot;}&#10;    domain: &quot;syntax&quot;&#10;    ignored: [&quot;examples&quot;]&#10;warning: the following keywords are unknown and will be ignored: [examples]&#10;    level: &quot;warning&quot;&#10;    schema: {&quot;loadingURI&quot;:&quot;#&quot;,&quot;pointer&quot;:&quot;/items/properties/id&quot;}&#10;    domain: &quot;syntax&quot;&#10;    ignored: [&quot;examples&quot;]&#10;warning: the following keywords are unknown and will be ignored: [examples]&#10;    level: &quot;warning&quot;&#10;    schema: {&quot;loadingURI&quot;:&quot;#&quot;,&quot;pointer&quot;:&quot;/items/properties/nome&quot;}&#10;    domain: &quot;syntax&quot;&#10;    ignored: [&quot;examples&quot;]&#10;warning: the following keywords are unknown and will be ignored: [examples]&#10;    level: &quot;warning&quot;&#10;    schema: {&quot;loadingURI&quot;:&quot;#&quot;,&quot;pointer&quot;:&quot;/items/properties/parcelas&quot;}&#10;    domain: &quot;syntax&quot;&#10;    ignored: [&quot;examples&quot;]&#10;warning: the following keywords are unknown and will be ignored: [examples]&#10;    level: &quot;warning&quot;&#10;    schema: {&quot;loadingURI&quot;:&quot;#&quot;,&quot;pointer&quot;:&quot;/items/properties/seguro&quot;}&#10;    domain: &quot;syntax&quot;&#10;    ignored: [&quot;examples&quot;]&#10;warning: the following keywords are unknown and will be ignored: [examples]&#10;    level: &quot;warning&quot;&#10;    schema: {&quot;loadingURI&quot;:&quot;#&quot;,&quot;pointer&quot;:&quot;/items/properties/valor&quot;}&#10;    domain: &quot;syntax&quot;&#10;    ignored: [&quot;examples&quot;]&#10;warning: the following keywords are unknown and will be ignored: [examples]&#10;    level: &quot;warning&quot;&#10;    schema: {&quot;loadingURI&quot;:&quot;#&quot;,&quot;pointer&quot;:&quot;/items&quot;}&#10;    domain: &quot;syntax&quot;&#10;    ignored: [&quot;examples&quot;]&#10;warning: the following keywords are unknown and will be ignored: [examples]&#10;    level: &quot;warning&quot;&#10;    schema: {&quot;loadingURI&quot;:&quot;#&quot;,&quot;pointer&quot;:&quot;/items/properties/cpf&quot;}&#10;    domain: &quot;syntax&quot;&#10;    ignored: [&quot;examples&quot;]&#10;warning: the following keywords are unknown and will be ignored: [examples]&#10;    level: &quot;warning&quot;&#10;    schema: {&quot;loadingURI&quot;:&quot;#&quot;,&quot;pointer&quot;:&quot;/items/properties/email&quot;}&#10;    domain: &quot;syntax&quot;&#10;    ignored: [&quot;examples&quot;]&#10;warning: the following keywords are unknown and will be ignored: [examples]&#10;    level: &quot;warning&quot;&#10;    schema: {&quot;loadingURI&quot;:&quot;#&quot;,&quot;pointer&quot;:&quot;/items/properties/id&quot;}&#10;    domain: &quot;syntax&quot;&#10;    ignored: [&quot;examples&quot;]&#10;warning: the following keywords are unknown and will be ignored: [examples]&#10;    level: &quot;warning&quot;&#10;    schema: {&quot;loadingURI&quot;:&quot;#&quot;,&quot;pointer&quot;:&quot;/items/properties/nome&quot;}&#10;    domain: &quot;syntax&quot;&#10;    ignored: [&quot;examples&quot;]&#10;warning: the following keywords are unknown and will be ignored: [examples]&#10;    level: &quot;warning&quot;&#10;    schema: {&quot;loadingURI&quot;:&quot;#&quot;,&quot;pointer&quot;:&quot;/items/properties/parcelas&quot;}&#10;    domain: &quot;syntax&quot;&#10;    ignored: [&quot;examples&quot;]&#10;warning: the following keywords are unknown and will be ignored: [examples]&#10;    level: &quot;warning&quot;&#10;    schema: {&quot;loadingURI&quot;:&quot;#&quot;,&quot;pointer&quot;:&quot;/items/properties/seguro&quot;}&#10;    domain: &quot;syntax&quot;&#10;    ignored: [&quot;examples&quot;]&#10;warning: the following keywords are unknown and will be ignored: [examples]&#10;    level: &quot;warning&quot;&#10;    schema: {&quot;loadingURI&quot;:&quot;#&quot;,&quot;pointer&quot;:&quot;/items/properties/valor&quot;}&#10;    domain: &quot;syntax&quot;&#10;    ignored: [&quot;examples&quot;]&#10;warning: the following keywords are unknown and will be ignored: [examples]&#10;    level: &quot;warning&quot;&#10;    schema: {&quot;loadingURI&quot;:&quot;#&quot;,&quot;pointer&quot;:&quot;/items&quot;}&#10;    domain: &quot;syntax&quot;&#10;    ignored: [&quot;examples&quot;]&#10;warning: the following keywords are unknown and will be ignored: [examples]&#10;    level: &quot;warning&quot;&#10;    schema: {&quot;loadingURI&quot;:&quot;#&quot;,&quot;pointer&quot;:&quot;/items/properties/cpf&quot;}&#10;    domain: &quot;syntax&quot;&#10;    ignored: [&quot;examples&quot;]&#10;warning: the following keywords are unknown and will be ignored: [examples]&#10;    level: &quot;warning&quot;&#10;    schema: {&quot;loadingURI&quot;:&quot;#&quot;,&quot;pointer&quot;:&quot;/items/properties/email&quot;}&#10;    domain: &quot;syntax&quot;&#10;    ignored: [&quot;examples&quot;]&#10;warning: the following keywords are unknown and will be ignored: [examples]&#10;    level: &quot;warning&quot;&#10;    schema: {&quot;loadingURI&quot;:&quot;#&quot;,&quot;pointer&quot;:&quot;/items/properties/id&quot;}&#10;    domain: &quot;syntax&quot;&#10;    ignored: [&quot;examples&quot;]&#10;warning: the following keywords are unknown and will be ignored: [examples]&#10;    level: &quot;warning&quot;&#10;    schema: {&quot;loadingURI&quot;:&quot;#&quot;,&quot;pointer&quot;:&quot;/items/properties/nome&quot;}&#10;    domain: &quot;syntax&quot;&#10;    ignored: [&quot;examples&quot;]&#10;warning: the following keywords are unknown and will be ignored: [examples]&#10;    level: &quot;warning&quot;&#10;    schema: {&quot;loadingURI&quot;:&quot;#&quot;,&quot;pointer&quot;:&quot;/items/properties/parcelas&quot;}&#10;    domain: &quot;syntax&quot;&#10;    ignored: [&quot;examples&quot;]&#10;warning: the following keywords are unknown and will be ignored: [examples]&#10;    level: &quot;warning&quot;&#10;    schema: {&quot;loadingURI&quot;:&quot;#&quot;,&quot;pointer&quot;:&quot;/items/properties/seguro&quot;}&#10;    domain: &quot;syntax&quot;&#10;    ignored: [&quot;examples&quot;]&#10;warning: the following keywords are unknown and will be ignored: [examples]&#10;    level: &quot;warning&quot;&#10;    schema: {&quot;loadingURI&quot;:&quot;#&quot;,&quot;pointer&quot;:&quot;/items/properties/valor&quot;}&#10;    domain: &quot;syntax&quot;&#10;    ignored: [&quot;examples&quot;]&#10;warning: the following keywords are unknown and will be ignored: [examples]&#10;    level: &quot;warning&quot;&#10;    schema: {&quot;loadingURI&quot;:&quot;#&quot;,&quot;pointer&quot;:&quot;/items&quot;}&#10;    domain: &quot;syntax&quot;&#10;    ignored: [&quot;examples&quot;]&#10;warning: the following keywords are unknown and will be ignored: [examples]&#10;    level: &quot;warning&quot;&#10;    schema: {&quot;loadingURI&quot;:&quot;#&quot;,&quot;pointer&quot;:&quot;/items/properties/cpf&quot;}&#10;    domain: &quot;syntax&quot;&#10;    ignored: [&quot;examples&quot;]&#10;warning: the following keywords are unknown and will be ignored: [examples]&#10;    level: &quot;warning&quot;&#10;    schema: {&quot;loadingURI&quot;:&quot;#&quot;,&quot;pointer&quot;:&quot;/items/properties/email&quot;}&#10;    domain: &quot;syntax&quot;&#10;    ignored: [&quot;examples&quot;]&#10;warning: the following keywords are unknown and will be ignored: [examples]&#10;    level: &quot;warning&quot;&#10;    schema: {&quot;loadingURI&quot;:&quot;#&quot;,&quot;pointer&quot;:&quot;/items/properties/id&quot;}&#10;    domain: &quot;syntax&quot;&#10;    ignored: [&quot;examples&quot;]&#10;warning: the following keywords are unknown and will be ignored: [examples]&#10;    level: &quot;warning&quot;&#10;    schema: {&quot;loadingURI&quot;:&quot;#&quot;,&quot;pointer&quot;:&quot;/items/properties/nome&quot;}&#10;    domain: &quot;syntax&quot;&#10;    ignored: [&quot;examples&quot;]&#10;warning: the following keywords are unknown and will be ignored: [examples]&#10;    level: &quot;warning&quot;&#10;    schema: {&quot;loadingURI&quot;:&quot;#&quot;,&quot;pointer&quot;:&quot;/items/properties/parcelas&quot;}&#10;    domain: &quot;syntax&quot;&#10;    ignored: [&quot;examples&quot;]&#10;warning: the following keywords are unknown and will be ignored: [examples]&#10;    level: &quot;warning&quot;&#10;    schema: {&quot;loadingURI&quot;:&quot;#&quot;,&quot;pointer&quot;:&quot;/items/properties/seguro&quot;}&#10;    domain: &quot;syntax&quot;&#10;    ignored: [&quot;examples&quot;]&#10;warning: the following keywords are unknown and will be ignored: [examples]&#10;    level: &quot;warning&quot;&#10;    schema: {&quot;loadingURI&quot;:&quot;#&quot;,&quot;pointer&quot;:&quot;/items/properties/valor&quot;}&#10;    domain: &quot;syntax&quot;&#10;    ignored: [&quot;examples&quot;]&#10;warning: the following keywords are unknown and will be ignored: [examples]&#10;    level: &quot;warning&quot;&#10;    schema: {&quot;loadingURI&quot;:&quot;#&quot;,&quot;pointer&quot;:&quot;/items&quot;}&#10;    domain: &quot;syntax&quot;&#10;    ignored: [&quot;examples&quot;]&#10;warning: the following keywords are unknown and will be ignored: [examples]&#10;    level: &quot;warning&quot;&#10;    schema: {&quot;loadingURI&quot;:&quot;#&quot;,&quot;pointer&quot;:&quot;/items/properties/cpf&quot;}&#10;    domain: &quot;syntax&quot;&#10;    ignored: [&quot;examples&quot;]&#10;warning: the following keywords are unknown and will be ignored: [examples]&#10;    level: &quot;warning&quot;&#10;    schema: {&quot;loadingURI&quot;:&quot;#&quot;,&quot;pointer&quot;:&quot;/items/properties/email&quot;}&#10;    domain: &quot;syntax&quot;&#10;    ignored: [&quot;examples&quot;]&#10;warning: the following keywords are unknown and will be ignored: [examples]&#10;    level: &quot;warning&quot;&#10;    schema: {&quot;loadingURI&quot;:&quot;#&quot;,&quot;pointer&quot;:&quot;/items/properties/id&quot;}&#10;    domain: &quot;syntax&quot;&#10;    ignored: [&quot;examples&quot;]&#10;warning: the following keywords are unknown and will be ignored: [examples]&#10;    level: &quot;warning&quot;&#10;    schema: {&quot;loadingURI&quot;:&quot;#&quot;,&quot;pointer&quot;:&quot;/items/properties/nome&quot;}&#10;    domain: &quot;syntax&quot;&#10;    ignored: [&quot;examples&quot;]&#10;warning: the following keywords are unknown and will be ignored: [examples]&#10;    level: &quot;warning&quot;&#10;    schema: {&quot;loadingURI&quot;:&quot;#&quot;,&quot;pointer&quot;:&quot;/items/properties/parcelas&quot;}&#10;    domain: &quot;syntax&quot;&#10;    ignored: [&quot;examples&quot;]&#10;warning: the following keywords are unknown and will be ignored: [examples]&#10;    level: &quot;warning&quot;&#10;    schema: {&quot;loadingURI&quot;:&quot;#&quot;,&quot;pointer&quot;:&quot;/items/properties/seguro&quot;}&#10;    domain: &quot;syntax&quot;&#10;    ignored: [&quot;examples&quot;]&#10;warning: the following keywords are unknown and will be ignored: [examples]&#10;    level: &quot;warning&quot;&#10;    schema: {&quot;loadingURI&quot;:&quot;#&quot;,&quot;pointer&quot;:&quot;/items/properties/valor&quot;}&#10;    domain: &quot;syntax&quot;&#10;    ignored: [&quot;examples&quot;]&#10;warning: the following keywords are unknown and will be ignored: [examples]&#10;    level: &quot;warning&quot;&#10;    schema: {&quot;loadingURI&quot;:&quot;#&quot;,&quot;pointer&quot;:&quot;/items&quot;}&#10;    domain: &quot;syntax&quot;&#10;    ignored: [&quot;examples&quot;]&#10;warning: the following keywords are unknown and will be ignored: [examples]&#10;    level: &quot;warning&quot;&#10;    schema: {&quot;loadingURI&quot;:&quot;#&quot;,&quot;pointer&quot;:&quot;/items/properties/cpf&quot;}&#10;    domain: &quot;syntax&quot;&#10;    ignored: [&quot;examples&quot;]&#10;warning: the following keywords are unknown and will be ignored: [examples]&#10;    level: &quot;warning&quot;&#10;    schema: {&quot;loadingURI&quot;:&quot;#&quot;,&quot;pointer&quot;:&quot;/items/properties/email&quot;}&#10;    domain: &quot;syntax&quot;&#10;    ignored: [&quot;examples&quot;]&#10;warning: the following keywords are unknown and will be ignored: [examples]&#10;    level: &quot;warning&quot;&#10;    schema: {&quot;loadingURI&quot;:&quot;#&quot;,&quot;pointer&quot;:&quot;/items/properties/id&quot;}&#10;    domain: &quot;syntax&quot;&#10;    ignored: [&quot;examples&quot;]&#10;warning: the following keywords are unknown and will be ignored: [examples]&#10;    level: &quot;warning&quot;&#10;    schema: {&quot;loadingURI&quot;:&quot;#&quot;,&quot;pointer&quot;:&quot;/items/properties/nome&quot;}&#10;    domain: &quot;syntax&quot;&#10;    ignored: [&quot;examples&quot;]&#10;warning: the following keywords are unknown and will be ignored: [examples]&#10;    level: &quot;warning&quot;&#10;    schema: {&quot;loadingURI&quot;:&quot;#&quot;,&quot;pointer&quot;:&quot;/items/properties/parcelas&quot;}&#10;    domain: &quot;syntax&quot;&#10;    ignored: [&quot;examples&quot;]&#10;warning: the following keywords are unknown and will be ignored: [examples]&#10;    level: &quot;warning&quot;&#10;    schema: {&quot;loadingURI&quot;:&quot;#&quot;,&quot;pointer&quot;:&quot;/items/properties/seguro&quot;}&#10;    domain: &quot;syntax&quot;&#10;    ignored: [&quot;examples&quot;]&#10;warning: the following keywords are unknown and will be ignored: [examples]&#10;    level: &quot;warning&quot;&#10;    schema: {&quot;loadingURI&quot;:&quot;#&quot;,&quot;pointer&quot;:&quot;/items/properties/valor&quot;}&#10;    domain: &quot;syntax&quot;&#10;    ignored: [&quot;examples&quot;]&#10;warning: the following keywords are unknown and will be ignored: [examples]&#10;    level: &quot;warning&quot;&#10;    schema: {&quot;loadingURI&quot;:&quot;#&quot;,&quot;pointer&quot;:&quot;/items&quot;}&#10;    domain: &quot;syntax&quot;&#10;    ignored: [&quot;examples&quot;]&#10;warning: the following keywords are unknown and will be ignored: [examples]&#10;    level: &quot;warning&quot;&#10;    schema: {&quot;loadingURI&quot;:&quot;#&quot;,&quot;pointer&quot;:&quot;/items/properties/cpf&quot;}&#10;    domain: &quot;syntax&quot;&#10;    ignored: [&quot;examples&quot;]&#10;warning: the following keywords are unknown and will be ignored: [examples]&#10;    level: &quot;warning&quot;&#10;    schema: {&quot;loadingURI&quot;:&quot;#&quot;,&quot;pointer&quot;:&quot;/items/properties/email&quot;}&#10;    domain: &quot;syntax&quot;&#10;    ignored: [&quot;examples&quot;]&#10;warning: the following keywords are unknown and will be ignored: [examples]&#10;    level: &quot;warning&quot;&#10;    schema: {&quot;loadingURI&quot;:&quot;#&quot;,&quot;pointer&quot;:&quot;/items/properties/id&quot;}&#10;    domain: &quot;syntax&quot;&#10;    ignored: [&quot;examples&quot;]&#10;warning: the following keywords are unknown and will be ignored: [examples]&#10;    level: &quot;warning&quot;&#10;    schema: {&quot;loadingURI&quot;:&quot;#&quot;,&quot;pointer&quot;:&quot;/items/properties/nome&quot;}&#10;    domain: &quot;syntax&quot;&#10;    ignored: [&quot;examples&quot;]&#10;warning: the following keywords are unknown and will be ignored: [examples]&#10;    level: &quot;warning&quot;&#10;    schema: {&quot;loadingURI&quot;:&quot;#&quot;,&quot;pointer&quot;:&quot;/items/properties/parcelas&quot;}&#10;    domain: &quot;syntax&quot;&#10;    ignored: [&quot;examples&quot;]&#10;warning: the following keywords are unknown and will be ignored: [examples]&#10;    level: &quot;warning&quot;&#10;    schema: {&quot;loadingURI&quot;:&quot;#&quot;,&quot;pointer&quot;:&quot;/items/properties/seguro&quot;}&#10;    domain: &quot;syntax&quot;&#10;    ignored: [&quot;examples&quot;]&#10;warning: the following keywords are unknown and will be ignored: [examples]&#10;    level: &quot;warning&quot;&#10;    schema: {&quot;loadingURI&quot;:&quot;#&quot;,&quot;pointer&quot;:&quot;/items/properties/valor&quot;}&#10;    domain: &quot;syntax&quot;&#10;    ignored: [&quot;examples&quot;]&#10;warning: the following keywords are unknown and will be ignored: [examples]&#10;    level: &quot;warning&quot;&#10;    schema: {&quot;loadingURI&quot;:&quot;#&quot;,&quot;pointer&quot;:&quot;/items&quot;}&#10;    domain: &quot;syntax&quot;&#10;    ignored: [&quot;examples&quot;]&#10;warning: the following keywords are unknown and will be ignored: [examples]&#10;    level: &quot;warning&quot;&#10;    schema: {&quot;loadingURI&quot;:&quot;#&quot;,&quot;pointer&quot;:&quot;/items/properties/cpf&quot;}&#10;    domain: &quot;syntax&quot;&#10;    ignored: [&quot;examples&quot;]&#10;warning: the following keywords are unknown and will be ignored: [examples]&#10;    level: &quot;warning&quot;&#10;    schema: {&quot;loadingURI&quot;:&quot;#&quot;,&quot;pointer&quot;:&quot;/items/properties/email&quot;}&#10;    domain: &quot;syntax&quot;&#10;    ignored: [&quot;examples&quot;]&#10;warning: the following keywords are unknown and will be ignored: [examples]&#10;    level: &quot;warning&quot;&#10;    schema: {&quot;loadingURI&quot;:&quot;#&quot;,&quot;pointer&quot;:&quot;/items/properties/id&quot;}&#10;    domain: &quot;syntax&quot;&#10;    ignored: [&quot;examples&quot;]&#10;warning: the following keywords are unknown and will be ignored: [examples]&#10;    level: &quot;warning&quot;&#10;    schema: {&quot;loadingURI&quot;:&quot;#&quot;,&quot;pointer&quot;:&quot;/items/properties/nome&quot;}&#10;    domain: &quot;syntax&quot;&#10;    ignored: [&quot;examples&quot;]&#10;warning: the following keywords are unknown and will be ignored: [examples]&#10;    level: &quot;warning&quot;&#10;    schema: {&quot;loadingURI&quot;:&quot;#&quot;,&quot;pointer&quot;:&quot;/items/properties/parcelas&quot;}&#10;    domain: &quot;syntax&quot;&#10;    ignored: [&quot;examples&quot;]&#10;warning: the following keywords are unknown and will be ignored: [examples]&#10;    level: &quot;warning&quot;&#10;    schema: {&quot;loadingURI&quot;:&quot;#&quot;,&quot;pointer&quot;:&quot;/items/properties/seguro&quot;}&#10;    domain: &quot;syntax&quot;&#10;    ignored: [&quot;examples&quot;]&#10;warning: the following keywords are unknown and will be ignored: [examples]&#10;    level: &quot;warning&quot;&#10;    schema: {&quot;loadingURI&quot;:&quot;#&quot;,&quot;pointer&quot;:&quot;/items/properties/valor&quot;}&#10;    domain: &quot;syntax&quot;&#10;    ignored: [&quot;examples&quot;]&#10;warning: the following keywords are unknown and will be ignored: [examples]&#10;    level: &quot;warning&quot;&#10;    schema: {&quot;loadingURI&quot;:&quot;#&quot;,&quot;pointer&quot;:&quot;/items&quot;}&#10;    domain: &quot;syntax&quot;&#10;    ignored: [&quot;examples&quot;]&#10;warning: the following keywords are unknown and will be ignored: [examples]&#10;    level: &quot;warning&quot;&#10;    schema: {&quot;loadingURI&quot;:&quot;#&quot;,&quot;pointer&quot;:&quot;/items/properties/cpf&quot;}&#10;    domain: &quot;syntax&quot;&#10;    ignored: [&quot;examples&quot;]&#10;warning: the following keywords are unknown and will be ignored: [examples]&#10;    level: &quot;warning&quot;&#10;    schema: {&quot;loadingURI&quot;:&quot;#&quot;,&quot;pointer&quot;:&quot;/items/properties/email&quot;}&#10;    domain: &quot;syntax&quot;&#10;    ignored: [&quot;examples&quot;]&#10;warning: the following keywords are unknown and will be ignored: [examples]&#10;    level: &quot;warning&quot;&#10;    schema: {&quot;loadingURI&quot;:&quot;#&quot;,&quot;pointer&quot;:&quot;/items/properties/id&quot;}&#10;    domain: &quot;syntax&quot;&#10;    ignored: [&quot;examples&quot;]&#10;warning: the following keywords are unknown and will be ignored: [examples]&#10;    level: &quot;warning&quot;&#10;    schema: {&quot;loadingURI&quot;:&quot;#&quot;,&quot;pointer&quot;:&quot;/items/properties/nome&quot;}&#10;    domain: &quot;syntax&quot;&#10;    ignored: [&quot;examples&quot;]&#10;warning: the following keywords are unknown and will be ignored: [examples]&#10;    level: &quot;warning&quot;&#10;    schema: {&quot;loadingURI&quot;:&quot;#&quot;,&quot;pointer&quot;:&quot;/items/properties/parcelas&quot;}&#10;    domain: &quot;syntax&quot;&#10;    ignored: [&quot;examples&quot;]&#10;warning: the following keywords are unknown and will be ignored: [examples]&#10;    level: &quot;warning&quot;&#10;    schema: {&quot;loadingURI&quot;:&quot;#&quot;,&quot;pointer&quot;:&quot;/items/properties/seguro&quot;}&#10;    domain: &quot;syntax&quot;&#10;    ignored: [&quot;examples&quot;]&#10;warning: the following keywords are unknown and will be ignored: [examples]&#10;    level: &quot;warning&quot;&#10;    schema: {&quot;loadingURI&quot;:&quot;#&quot;,&quot;pointer&quot;:&quot;/items/properties/valor&quot;}&#10;    domain: &quot;syntax&quot;&#10;    ignored: [&quot;examples&quot;]&#10;warning: the following keywords are unknown and will be ignored: [examples]&#10;    level: &quot;warning&quot;&#10;    schema: {&quot;loadingURI&quot;:&quot;#&quot;,&quot;pointer&quot;:&quot;/items&quot;}&#10;    domain: &quot;syntax&quot;&#10;    ignored: [&quot;examples&quot;]&#10;warning: the following keywords are unknown and will be ignored: [examples]&#10;    level: &quot;warning&quot;&#10;    schema: {&quot;loadingURI&quot;:&quot;#&quot;,&quot;pointer&quot;:&quot;/items/properties/cpf&quot;}&#10;    domain: &quot;syntax&quot;&#10;    ignored: [&quot;examples&quot;]&#10;warning: the following keywords are unknown and will be ignored: [examples]&#10;    level: &quot;warning&quot;&#10;    schema: {&quot;loadingURI&quot;:&quot;#&quot;,&quot;pointer&quot;:&quot;/items/properties/email&quot;}&#10;    domain: &quot;syntax&quot;&#10;    ignored: [&quot;examples&quot;]&#10;warning: the following keywords are unknown and will be ignored: [examples]&#10;    level: &quot;warning&quot;&#10;    schema: {&quot;loadingURI&quot;:&quot;#&quot;,&quot;pointer&quot;:&quot;/items/properties/id&quot;}&#10;    domain: &quot;syntax&quot;&#10;    ignored: [&quot;examples&quot;]&#10;warning: the following keywords are unknown and will be ignored: [examples]&#10;    level: &quot;warning&quot;&#10;    schema: {&quot;loadingURI&quot;:&quot;#&quot;,&quot;pointer&quot;:&quot;/items/properties/nome&quot;}&#10;    domain: &quot;syntax&quot;&#10;    ignored: [&quot;examples&quot;]&#10;warning: the following keywords are unknown and will be ignored: [examples]&#10;    level: &quot;warning&quot;&#10;    schema: {&quot;loadingURI&quot;:&quot;#&quot;,&quot;pointer&quot;:&quot;/items/properties/parcelas&quot;}&#10;    domain: &quot;syntax&quot;&#10;    ignored: [&quot;examples&quot;]&#10;warning: the following keywords are unknown and will be ignored: [examples]&#10;    level: &quot;warning&quot;&#10;    schema: {&quot;loadingURI&quot;:&quot;#&quot;,&quot;pointer&quot;:&quot;/items/properties/seguro&quot;}&#10;    domain: &quot;syntax&quot;&#10;    ignored: [&quot;examples&quot;]&#10;warning: the following keywords are unknown and will be ignored: [examples]&#10;    level: &quot;warning&quot;&#10;    schema: {&quot;loadingURI&quot;:&quot;#&quot;,&quot;pointer&quot;:&quot;/items/properties/valor&quot;}&#10;    domain: &quot;syntax&quot;&#10;    ignored: [&quot;examples&quot;]&#10;warning: the following keywords are unknown and will be ignored: [examples]&#10;    level: &quot;warning&quot;&#10;    schema: {&quot;loadingURI&quot;:&quot;#&quot;,&quot;pointer&quot;:&quot;/items&quot;}&#10;    domain: &quot;syntax&quot;&#10;    ignored: [&quot;examples&quot;]&#10;warning: the following keywords are unknown and will be ignored: [examples]&#10;    level: &quot;warning&quot;&#10;    schema: {&quot;loadingURI&quot;:&quot;#&quot;,&quot;pointer&quot;:&quot;/items/properties/cpf&quot;}&#10;    domain: &quot;syntax&quot;&#10;    ignored: [&quot;examples&quot;]&#10;warning: the following keywords are unknown and will be ignored: [examples]&#10;    level: &quot;warning&quot;&#10;    schema: {&quot;loadingURI&quot;:&quot;#&quot;,&quot;pointer&quot;:&quot;/items/properties/email&quot;}&#10;    domain: &quot;syntax&quot;&#10;    ignored: [&quot;examples&quot;]&#10;warning: the following keywords are unknown and will be ignored: [examples]&#10;    level: &quot;warning&quot;&#10;    schema: {&quot;loadingURI&quot;:&quot;#&quot;,&quot;pointer&quot;:&quot;/items/properties/id&quot;}&#10;    domain: &quot;syntax&quot;&#10;    ignored: [&quot;examples&quot;]&#10;warning: the following keywords are unknown and will be ignored: [examples]&#10;    level: &quot;warning&quot;&#10;    schema: {&quot;loadingURI&quot;:&quot;#&quot;,&quot;pointer&quot;:&quot;/items/properties/nome&quot;}&#10;    domain: &quot;syntax&quot;&#10;    ignored: [&quot;examples&quot;]&#10;warning: the following keywords are unknown and will be ignored: [examples]&#10;    level: &quot;warning&quot;&#10;    schema: {&quot;loadingURI&quot;:&quot;#&quot;,&quot;pointer&quot;:&quot;/items/properties/parcelas&quot;}&#10;    domain: &quot;syntax&quot;&#10;    ignored: [&quot;examples&quot;]&#10;warning: the following keywords are unknown and will be ignored: [examples]&#10;    level: &quot;warning&quot;&#10;    schema: {&quot;loadingURI&quot;:&quot;#&quot;,&quot;pointer&quot;:&quot;/items/properties/seguro&quot;}&#10;    domain: &quot;syntax&quot;&#10;    ignored: [&quot;examples&quot;]&#10;warning: the following keywords are unknown and will be ignored: [examples]&#10;    level: &quot;warning&quot;&#10;    schema: {&quot;loadingURI&quot;:&quot;#&quot;,&quot;pointer&quot;:&quot;/items/properties/valor&quot;}&#10;    domain: &quot;syntax&quot;&#10;    ignored: [&quot;examples&quot;]&#10;warning: the following keywords are unknown and will be ignored: [examples]&#10;    level: &quot;warning&quot;&#10;    schema: {&quot;loadingURI&quot;:&quot;#&quot;,&quot;pointer&quot;:&quot;/items&quot;}&#10;    domain: &quot;syntax&quot;&#10;    ignored: [&quot;examples&quot;]&#10;warning: the following keywords are unknown and will be ignored: [examples]&#10;    level: &quot;warning&quot;&#10;    schema: {&quot;loadingURI&quot;:&quot;#&quot;,&quot;pointer&quot;:&quot;/items/properties/cpf&quot;}&#10;    domain: &quot;syntax&quot;&#10;    ignored: [&quot;examples&quot;]&#10;warning: the following keywords are unknown and will be ignored: [examples]&#10;    level: &quot;warning&quot;&#10;    schema: {&quot;loadingURI&quot;:&quot;#&quot;,&quot;pointer&quot;:&quot;/items/properties/email&quot;}&#10;    domain: &quot;syntax&quot;&#10;    ignored: [&quot;examples&quot;]&#10;warning: the following keywords are unknown and will be ignored: [examples]&#10;    level: &quot;warning&quot;&#10;    schema: {&quot;loadingURI&quot;:&quot;#&quot;,&quot;pointer&quot;:&quot;/items/properties/id&quot;}&#10;    domain: &quot;syntax&quot;&#10;    ignored: [&quot;examples&quot;]&#10;warning: the following keywords are unknown and will be ignored: [examples]&#10;    level: &quot;warning&quot;&#10;    schema: {&quot;loadingURI&quot;:&quot;#&quot;,&quot;pointer&quot;:&quot;/items/properties/nome&quot;}&#10;    domain: &quot;syntax&quot;&#10;    ignored: [&quot;examples&quot;]&#10;warning: the following keywords are unknown and will be ignored: [examples]&#10;    level: &quot;warning&quot;&#10;    schema: {&quot;loadingURI&quot;:&quot;#&quot;,&quot;pointer&quot;:&quot;/items/properties/parcelas&quot;}&#10;    domain: &quot;syntax&quot;&#10;    ignored: [&quot;examples&quot;]&#10;warning: the following keywords are unknown and will be ignored: [examples]&#10;    level: &quot;warning&quot;&#10;    schema: {&quot;loadingURI&quot;:&quot;#&quot;,&quot;pointer&quot;:&quot;/items/properties/seguro&quot;}&#10;    domain: &quot;syntax&quot;&#10;    ignored: [&quot;examples&quot;]&#10;warning: the following keywords are unknown and will be ignored: [examples]&#10;    level: &quot;warning&quot;&#10;    schema: {&quot;loadingURI&quot;:&quot;#&quot;,&quot;pointer&quot;:&quot;/items/properties/valor&quot;}&#10;    domain: &quot;syntax&quot;&#10;    ignored: [&quot;examples&quot;]&#10;warning: the following keywords are unknown and will be ignored: [examples]&#10;    level: &quot;warning&quot;&#10;    schema: {&quot;loadingURI&quot;:&quot;#&quot;,&quot;pointer&quot;:&quot;/items&quot;}&#10;    domain: &quot;syntax&quot;&#10;    ignored: [&quot;examples&quot;]&#10;warning: the following keywords are unknown and will be ignored: [examples]&#10;    level: &quot;warning&quot;&#10;    schema: {&quot;loadingURI&quot;:&quot;#&quot;,&quot;pointer&quot;:&quot;/items/properties/cpf&quot;}&#10;    domain: &quot;syntax&quot;&#10;    ignored: [&quot;examples&quot;]&#10;warning: the following keywords are unknown and will be ignored: [examples]&#10;    level: &quot;warning&quot;&#10;    schema: {&quot;loadingURI&quot;:&quot;#&quot;,&quot;pointer&quot;:&quot;/items/properties/email&quot;}&#10;    domain: &quot;syntax&quot;&#10;    ignored: [&quot;examples&quot;]&#10;warning: the following keywords are unknown and will be ignored: [examples]&#10;    level: &quot;warning&quot;&#10;    schema: {&quot;loadingURI&quot;:&quot;#&quot;,&quot;pointer&quot;:&quot;/items/properties/id&quot;}&#10;    domain: &quot;syntax&quot;&#10;    ignored: [&quot;examples&quot;]&#10;warning: the following keywords are unknown and will be ignored: [examples]&#10;    level: &quot;warning&quot;&#10;    schema: {&quot;loadingURI&quot;:&quot;#&quot;,&quot;pointer&quot;:&quot;/items/properties/nome&quot;}&#10;    domain: &quot;syntax&quot;&#10;    ignored: [&quot;examples&quot;]&#10;warning: the following keywords are unknown and will be ignored: [examples]&#10;    level: &quot;warning&quot;&#10;    schema: {&quot;loadingURI&quot;:&quot;#&quot;,&quot;pointer&quot;:&quot;/items/properties/parcelas&quot;}&#10;    domain: &quot;syntax&quot;&#10;    ignored: [&quot;examples&quot;]&#10;warning: the following keywords are unknown and will be ignored: [examples]&#10;    level: &quot;warning&quot;&#10;    schema: {&quot;loadingURI&quot;:&quot;#&quot;,&quot;pointer&quot;:&quot;/items/properties/seguro&quot;}&#10;    domain: &quot;syntax&quot;&#10;    ignored: [&quot;examples&quot;]&#10;warning: the following keywords are unknown and will be ignored: [examples]&#10;    level: &quot;warning&quot;&#10;    schema: {&quot;loadingURI&quot;:&quot;#&quot;,&quot;pointer&quot;:&quot;/items/properties/valor&quot;}&#10;    domain: &quot;syntax&quot;&#10;    ignored: [&quot;examples&quot;]&#10;warning: the following keywords are unknown and will be ignored: [examples]&#10;    level: &quot;warning&quot;&#10;    schema: {&quot;loadingURI&quot;:&quot;#&quot;,&quot;pointer&quot;:&quot;/items&quot;}&#10;    domain: &quot;syntax&quot;&#10;    ignored: [&quot;examples&quot;]&#10;warning: the following keywords are unknown and will be ignored: [examples]&#10;    level: &quot;warning&quot;&#10;    schema: {&quot;loadingURI&quot;:&quot;#&quot;,&quot;pointer&quot;:&quot;/items/properties/cpf&quot;}&#10;    domain: &quot;syntax&quot;&#10;    ignored: [&quot;examples&quot;]&#10;warning: the following keywords are unknown and will be ignored: [examples]&#10;    level: &quot;warning&quot;&#10;    schema: {&quot;loadingURI&quot;:&quot;#&quot;,&quot;pointer&quot;:&quot;/items/properties/email&quot;}&#10;    domain: &quot;syntax&quot;&#10;    ignored: [&quot;examples&quot;]&#10;warning: the following keywords are unknown and will be ignored: [examples]&#10;    level: &quot;warning&quot;&#10;    schema: {&quot;loadingURI&quot;:&quot;#&quot;,&quot;pointer&quot;:&quot;/items/properties/id&quot;}&#10;    domain: &quot;syntax&quot;&#10;    ignored: [&quot;examples&quot;]&#10;warning: the following keywords are unknown and will be ignored: [examples]&#10;    level: &quot;warning&quot;&#10;    schema: {&quot;loadingURI&quot;:&quot;#&quot;,&quot;pointer&quot;:&quot;/items/properties/nome&quot;}&#10;    domain: &quot;syntax&quot;&#10;    ignored: [&quot;examples&quot;]&#10;warning: the following keywords are unknown and will be ignored: [examples]&#10;    level: &quot;warning&quot;&#10;    schema: {&quot;loadingURI&quot;:&quot;#&quot;,&quot;pointer&quot;:&quot;/items/properties/parcelas&quot;}&#10;    domain: &quot;syntax&quot;&#10;    ignored: [&quot;examples&quot;]&#10;warning: the following keywords are unknown and will be ignored: [examples]&#10;    level: &quot;warning&quot;&#10;    schema: {&quot;loadingURI&quot;:&quot;#&quot;,&quot;pointer&quot;:&quot;/items/properties/seguro&quot;}&#10;    domain: &quot;syntax&quot;&#10;    ignored: [&quot;examples&quot;]&#10;warning: the following keywords are unknown and will be ignored: [examples]&#10;    level: &quot;warning&quot;&#10;    schema: {&quot;loadingURI&quot;:&quot;#&quot;,&quot;pointer&quot;:&quot;/items/properties/valor&quot;}&#10;    domain: &quot;syntax&quot;&#10;    ignored: [&quot;examples&quot;]&#10;warning: the following keywords are unknown and will be ignored: [examples]&#10;    level: &quot;warning&quot;&#10;    schema: {&quot;loadingURI&quot;:&quot;#&quot;,&quot;pointer&quot;:&quot;/items&quot;}&#10;    domain: &quot;syntax&quot;&#10;    ignored: [&quot;examples&quot;]&#10;warning: the following keywords are unknown and will be ignored: [examples]&#10;    level: &quot;warning&quot;&#10;    schema: {&quot;loadingURI&quot;:&quot;#&quot;,&quot;pointer&quot;:&quot;/items/properties/cpf&quot;}&#10;    domain: &quot;syntax&quot;&#10;    ignored: [&quot;examples&quot;]&#10;warning: the following keywords are unknown and will be ignored: [examples]&#10;    level: &quot;warning&quot;&#10;    schema: {&quot;loadingURI&quot;:&quot;#&quot;,&quot;pointer&quot;:&quot;/items/properties/email&quot;}&#10;    domain: &quot;syntax&quot;&#10;    ignored: [&quot;examples&quot;]&#10;warning: the following keywords are unknown and will be ignored: [examples]&#10;    level: &quot;warning&quot;&#10;    schema: {&quot;loadingURI&quot;:&quot;#&quot;,&quot;pointer&quot;:&quot;/items/properties/id&quot;}&#10;    domain: &quot;syntax&quot;&#10;    ignored: [&quot;examples&quot;]&#10;warning: the following keywords are unknown and will be ignored: [examples]&#10;    level: &quot;warning&quot;&#10;    schema: {&quot;loadingURI&quot;:&quot;#&quot;,&quot;pointer&quot;:&quot;/items/properties/nome&quot;}&#10;    domain: &quot;syntax&quot;&#10;    ignored: [&quot;examples&quot;]&#10;warning: the following keywords are unknown and will be ignored: [examples]&#10;    level: &quot;warning&quot;&#10;    schema: {&quot;loadingURI&quot;:&quot;#&quot;,&quot;pointer&quot;:&quot;/items/properties/parcelas&quot;}&#10;    domain: &quot;syntax&quot;&#10;    ignored: [&quot;examples&quot;]&#10;warning: the following keywords are unknown and will be ignored: [examples]&#10;    level: &quot;warning&quot;&#10;    schema: {&quot;loadingURI&quot;:&quot;#&quot;,&quot;pointer&quot;:&quot;/items/properties/seguro&quot;}&#10;    domain: &quot;syntax&quot;&#10;    ignored: [&quot;examples&quot;]&#10;warning: the following keywords are unknown and will be ignored: [examples]&#10;    level: &quot;warning&quot;&#10;    schema: {&quot;loadingURI&quot;:&quot;#&quot;,&quot;pointer&quot;:&quot;/items/properties/valor&quot;}&#10;    domain: &quot;syntax&quot;&#10;    ignored: [&quot;examples&quot;]&#10;warning: the following keywords are unknown and will be ignored: [examples]&#10;    level: &quot;warning&quot;&#10;    schema: {&quot;loadingURI&quot;:&quot;#&quot;,&quot;pointer&quot;:&quot;/items&quot;}&#10;    domain: &quot;syntax&quot;&#10;    ignored: [&quot;examples&quot;]&#10;warning: the following keywords are unknown and will be ignored: [examples]&#10;    level: &quot;warning&quot;&#10;    schema: {&quot;loadingURI&quot;:&quot;#&quot;,&quot;pointer&quot;:&quot;/items/properties/cpf&quot;}&#10;    domain: &quot;syntax&quot;&#10;    ignored: [&quot;examples&quot;]&#10;warning: the following keywords are unknown and will be ignored: [examples]&#10;    level: &quot;warning&quot;&#10;    schema: {&quot;loadingURI&quot;:&quot;#&quot;,&quot;pointer&quot;:&quot;/items/properties/email&quot;}&#10;    domain: &quot;syntax&quot;&#10;    ignored: [&quot;examples&quot;]&#10;warning: the following keywords are unknown and will be ignored: [examples]&#10;    level: &quot;warning&quot;&#10;    schema: {&quot;loadingURI&quot;:&quot;#&quot;,&quot;pointer&quot;:&quot;/items/properties/id&quot;}&#10;    domain: &quot;syntax&quot;&#10;    ignored: [&quot;examples&quot;]&#10;warning: the following keywords are unknown and will be ignored: [examples]&#10;    level: &quot;warning&quot;&#10;    schema: {&quot;loadingURI&quot;:&quot;#&quot;,&quot;pointer&quot;:&quot;/items/properties/nome&quot;}&#10;    domain: &quot;syntax&quot;&#10;    ignored: [&quot;examples&quot;]&#10;warning: the following keywords are unknown and will be ignored: [examples]&#10;    level: &quot;warning&quot;&#10;    schema: {&quot;loadingURI&quot;:&quot;#&quot;,&quot;pointer&quot;:&quot;/items/properties/parcelas&quot;}&#10;    domain: &quot;syntax&quot;&#10;    ignored: [&quot;examples&quot;]&#10;warning: the following keywords are unknown and will be ignored: [examples]&#10;    level: &quot;warning&quot;&#10;    schema: {&quot;loadingURI&quot;:&quot;#&quot;,&quot;pointer&quot;:&quot;/items/properties/seguro&quot;}&#10;    domain: &quot;syntax&quot;&#10;    ignored: [&quot;examples&quot;]&#10;warning: the following keywords are unknown and will be ignored: [examples]&#10;    level: &quot;warning&quot;&#10;    schema: {&quot;loadingURI&quot;:&quot;#&quot;,&quot;pointer&quot;:&quot;/items/properties/valor&quot;}&#10;    domain: &quot;syntax&quot;&#10;    ignored: [&quot;examples&quot;]&#10;warning: the following keywords are unknown and will be ignored: [examples]&#10;    level: &quot;warning&quot;&#10;    schema: {&quot;loadingURI&quot;:&quot;#&quot;,&quot;pointer&quot;:&quot;/items&quot;}&#10;    domain: &quot;syntax&quot;&#10;    ignored: [&quot;examples&quot;]&#10;warning: the following keywords are unknown and will be ignored: [examples]&#10;    level: &quot;warning&quot;&#10;    schema: {&quot;loadingURI&quot;:&quot;#&quot;,&quot;pointer&quot;:&quot;/items/properties/cpf&quot;}&#10;    domain: &quot;syntax&quot;&#10;    ignored: [&quot;examples&quot;]&#10;warning: the following keywords are unknown and will be ignored: [examples]&#10;    level: &quot;warning&quot;&#10;    schema: {&quot;loadingURI&quot;:&quot;#&quot;,&quot;pointer&quot;:&quot;/items/properties/email&quot;}&#10;    domain: &quot;syntax&quot;&#10;    ignored: [&quot;examples&quot;]&#10;warning: the following keywords are unknown and will be ignored: [examples]&#10;    level: &quot;warning&quot;&#10;    schema: {&quot;loadingURI&quot;:&quot;#&quot;,&quot;pointer&quot;:&quot;/items/properties/id&quot;}&#10;    domain: &quot;syntax&quot;&#10;    ignored: [&quot;examples&quot;]&#10;warning: the following keywords are unknown and will be ignored: [examples]&#10;    level: &quot;warning&quot;&#10;    schema: {&quot;loadingURI&quot;:&quot;#&quot;,&quot;pointer&quot;:&quot;/items/properties/nome&quot;}&#10;    domain: &quot;syntax&quot;&#10;    ignored: [&quot;examples&quot;]&#10;warning: the following keywords are unknown and will be ignored: [examples]&#10;    level: &quot;warning&quot;&#10;    schema: {&quot;loadingURI&quot;:&quot;#&quot;,&quot;pointer&quot;:&quot;/items/properties/parcelas&quot;}&#10;    domain: &quot;syntax&quot;&#10;    ignored: [&quot;examples&quot;]&#10;warning: the following keywords are unknown and will be ignored: [examples]&#10;    level: &quot;warning&quot;&#10;    schema: {&quot;loadingURI&quot;:&quot;#&quot;,&quot;pointer&quot;:&quot;/items/properties/seguro&quot;}&#10;    domain: &quot;syntax&quot;&#10;    ignored: [&quot;examples&quot;]&#10;warning: the following keywords are unknown and will be ignored: [examples]&#10;    level: &quot;warning&quot;&#10;    schema: {&quot;loadingURI&quot;:&quot;#&quot;,&quot;pointer&quot;:&quot;/items/properties/valor&quot;}&#10;    domain: &quot;syntax&quot;&#10;    ignored: [&quot;examples&quot;]&#10;warning: the following keywords are unknown and will be ignored: [examples]&#10;    level: &quot;warning&quot;&#10;    schema: {&quot;loadingURI&quot;:&quot;#&quot;,&quot;pointer&quot;:&quot;/items&quot;}&#10;    domain: &quot;syntax&quot;&#10;    ignored: [&quot;examples&quot;]&#10;warning: the following keywords are unknown and will be ignored: [examples]&#10;    level: &quot;warning&quot;&#10;    schema: {&quot;loadingURI&quot;:&quot;#&quot;,&quot;pointer&quot;:&quot;/items/properties/cpf&quot;}&#10;    domain: &quot;syntax&quot;&#10;    ignored: [&quot;examples&quot;]&#10;warning: the following keywords are unknown and will be ignored: [examples]&#10;    level: &quot;warning&quot;&#10;    schema: {&quot;loadingURI&quot;:&quot;#&quot;,&quot;pointer&quot;:&quot;/items/properties/email&quot;}&#10;    domain: &quot;syntax&quot;&#10;    ignored: [&quot;examples&quot;]&#10;warning: the following keywords are unknown and will be ignored: [examples]&#10;    level: &quot;warning&quot;&#10;    schema: {&quot;loadingURI&quot;:&quot;#&quot;,&quot;pointer&quot;:&quot;/items/properties/id&quot;}&#10;    domain: &quot;syntax&quot;&#10;    ignored: [&quot;examples&quot;]&#10;warning: the following keywords are unknown and will be ignored: [examples]&#10;    level: &quot;warning&quot;&#10;    schema: {&quot;loadingURI&quot;:&quot;#&quot;,&quot;pointer&quot;:&quot;/items/properties/nome&quot;}&#10;    domain: &quot;syntax&quot;&#10;    ignored: [&quot;examples&quot;]&#10;warning: the following keywords are unknown and will be ignored: [examples]&#10;    level: &quot;warning&quot;&#10;    schema: {&quot;loadingURI&quot;:&quot;#&quot;,&quot;pointer&quot;:&quot;/items/properties/parcelas&quot;}&#10;    domain: &quot;syntax&quot;&#10;    ignored: [&quot;examples&quot;]&#10;warning: the following keywords are unknown and will be ignored: [examples]&#10;    level: &quot;warning&quot;&#10;    schema: {&quot;loadingURI&quot;:&quot;#&quot;,&quot;pointer&quot;:&quot;/items/properties/seguro&quot;}&#10;    domain: &quot;syntax&quot;&#10;    ignored: [&quot;examples&quot;]&#10;warning: the following keywords are unknown and will be ignored: [examples]&#10;    level: &quot;warning&quot;&#10;    schema: {&quot;loadingURI&quot;:&quot;#&quot;,&quot;pointer&quot;:&quot;/items/properties/valor&quot;}&#10;    domain: &quot;syntax&quot;&#10;    ignored: [&quot;examples&quot;]&#10;warning: the following keywords are unknown and will be ignored: [examples]&#10;    level: &quot;warning&quot;&#10;    schema: {&quot;loadingURI&quot;:&quot;#&quot;,&quot;pointer&quot;:&quot;/items&quot;}&#10;    domain: &quot;syntax&quot;&#10;    ignored: [&quot;examples&quot;]&#10;warning: the following keywords are unknown and will be ignored: [examples]&#10;    level: &quot;warning&quot;&#10;    schema: {&quot;loadingURI&quot;:&quot;#&quot;,&quot;pointer&quot;:&quot;/items/properties/cpf&quot;}&#10;    domain: &quot;syntax&quot;&#10;    ignored: [&quot;examples&quot;]&#10;warning: the following keywords are unknown and will be ignored: [examples]&#10;    level: &quot;warning&quot;&#10;    schema: {&quot;loadingURI&quot;:&quot;#&quot;,&quot;pointer&quot;:&quot;/items/properties/email&quot;}&#10;    domain: &quot;syntax&quot;&#10;    ignored: [&quot;examples&quot;]&#10;warning: the following keywords are unknown and will be ignored: [examples]&#10;    level: &quot;warning&quot;&#10;    schema: {&quot;loadingURI&quot;:&quot;#&quot;,&quot;pointer&quot;:&quot;/items/properties/id&quot;}&#10;    domain: &quot;syntax&quot;&#10;    ignored: [&quot;examples&quot;]&#10;warning: the following keywords are unknown and will be ignored: [examples]&#10;    level: &quot;warning&quot;&#10;    schema: {&quot;loadingURI&quot;:&quot;#&quot;,&quot;pointer&quot;:&quot;/items/properties/nome&quot;}&#10;    domain: &quot;syntax&quot;&#10;    ignored: [&quot;examples&quot;]&#10;warning: the following keywords are unknown and will be ignored: [examples]&#10;    level: &quot;warning&quot;&#10;    schema: {&quot;loadingURI&quot;:&quot;#&quot;,&quot;pointer&quot;:&quot;/items/properties/parcelas&quot;}&#10;    domain: &quot;syntax&quot;&#10;    ignored: [&quot;examples&quot;]&#10;warning: the following keywords are unknown and will be ignored: [examples]&#10;    level: &quot;warning&quot;&#10;    schema: {&quot;loadingURI&quot;:&quot;#&quot;,&quot;pointer&quot;:&quot;/items/properties/seguro&quot;}&#10;    domain: &quot;syntax&quot;&#10;    ignored: [&quot;examples&quot;]&#10;warning: the following keywords are unknown and will be ignored: [examples]&#10;    level: &quot;warning&quot;&#10;    schema: {&quot;loadingURI&quot;:&quot;#&quot;,&quot;pointer&quot;:&quot;/items/properties/valor&quot;}&#10;    domain: &quot;syntax&quot;&#10;    ignored: [&quot;examples&quot;]&#10;warning: the following keywords are unknown and will be ignored: [examples]&#10;    level: &quot;warning&quot;&#10;    schema: {&quot;loadingURI&quot;:&quot;#&quot;,&quot;pointer&quot;:&quot;/items&quot;}&#10;    domain: &quot;syntax&quot;&#10;    ignored: [&quot;examples&quot;]&#10;warning: the following keywords are unknown and will be ignored: [examples]&#10;    level: &quot;warning&quot;&#10;    schema: {&quot;loadingURI&quot;:&quot;#&quot;,&quot;pointer&quot;:&quot;/items/properties/cpf&quot;}&#10;    domain: &quot;syntax&quot;&#10;    ignored: [&quot;examples&quot;]&#10;warning: the following keywords are unknown and will be ignored: [examples]&#10;    level: &quot;warning&quot;&#10;    schema: {&quot;loadingURI&quot;:&quot;#&quot;,&quot;pointer&quot;:&quot;/items/properties/email&quot;}&#10;    domain: &quot;syntax&quot;&#10;    ignored: [&quot;examples&quot;]&#10;warning: the following keywords are unknown and will be ignored: [examples]&#10;    level: &quot;warning&quot;&#10;    schema: {&quot;loadingURI&quot;:&quot;#&quot;,&quot;pointer&quot;:&quot;/items/properties/id&quot;}&#10;    domain: &quot;syntax&quot;&#10;    ignored: [&quot;examples&quot;]&#10;warning: the following keywords are unknown and will be ignored: [examples]&#10;    level: &quot;warning&quot;&#10;    schema: {&quot;loadingURI&quot;:&quot;#&quot;,&quot;pointer&quot;:&quot;/items/properties/nome&quot;}&#10;    domain: &quot;syntax&quot;&#10;    ignored: [&quot;examples&quot;]&#10;warning: the following keywords are unknown and will be ignored: [examples]&#10;    level: &quot;warning&quot;&#10;    schema: {&quot;loadingURI&quot;:&quot;#&quot;,&quot;pointer&quot;:&quot;/items/properties/parcelas&quot;}&#10;    domain: &quot;syntax&quot;&#10;    ignored: [&quot;examples&quot;]&#10;warning: the following keywords are unknown and will be ignored: [examples]&#10;    level: &quot;warning&quot;&#10;    schema: {&quot;loadingURI&quot;:&quot;#&quot;,&quot;pointer&quot;:&quot;/items/properties/seguro&quot;}&#10;    domain: &quot;syntax&quot;&#10;    ignored: [&quot;examples&quot;]&#10;warning: the following keywords are unknown and will be ignored: [examples]&#10;    level: &quot;warning&quot;&#10;    schema: {&quot;loadingURI&quot;:&quot;#&quot;,&quot;pointer&quot;:&quot;/items/properties/valor&quot;}&#10;    domain: &quot;syntax&quot;&#10;    ignored: [&quot;examples&quot;]&#10;warning: the following keywords are unknown and will be ignored: [examples]&#10;    level: &quot;warning&quot;&#10;    schema: {&quot;loadingURI&quot;:&quot;#&quot;,&quot;pointer&quot;:&quot;/items&quot;}&#10;    domain: &quot;syntax&quot;&#10;    ignored: [&quot;examples&quot;]&#10;warning: the following keywords are unknown and will be ignored: [examples]&#10;    level: &quot;warning&quot;&#10;    schema: {&quot;loadingURI&quot;:&quot;#&quot;,&quot;pointer&quot;:&quot;/items/properties/cpf&quot;}&#10;    domain: &quot;syntax&quot;&#10;    ignored: [&quot;examples&quot;]&#10;warning: the following keywords are unknown and will be ignored: [examples]&#10;    level: &quot;warning&quot;&#10;    schema: {&quot;loadingURI&quot;:&quot;#&quot;,&quot;pointer&quot;:&quot;/items/properties/email&quot;}&#10;    domain: &quot;syntax&quot;&#10;    ignored: [&quot;examples&quot;]&#10;warning: the following keywords are unknown and will be ignored: [examples]&#10;    level: &quot;warning&quot;&#10;    schema: {&quot;loadingURI&quot;:&quot;#&quot;,&quot;pointer&quot;:&quot;/items/properties/id&quot;}&#10;    domain: &quot;syntax&quot;&#10;    ignored: [&quot;examples&quot;]&#10;warning: the following keywords are unknown and will be ignored: [examples]&#10;    level: &quot;warning&quot;&#10;    schema: {&quot;loadingURI&quot;:&quot;#&quot;,&quot;pointer&quot;:&quot;/items/properties/nome&quot;}&#10;    domain: &quot;syntax&quot;&#10;    ignored: [&quot;examples&quot;]&#10;warning: the following keywords are unknown and will be ignored: [examples]&#10;    level: &quot;warning&quot;&#10;    schema: {&quot;loadingURI&quot;:&quot;#&quot;,&quot;pointer&quot;:&quot;/items/properties/parcelas&quot;}&#10;    domain: &quot;syntax&quot;&#10;    ignored: [&quot;examples&quot;]&#10;warning: the following keywords are unknown and will be ignored: [examples]&#10;    level: &quot;warning&quot;&#10;    schema: {&quot;loadingURI&quot;:&quot;#&quot;,&quot;pointer&quot;:&quot;/items/properties/seguro&quot;}&#10;    domain: &quot;syntax&quot;&#10;    ignored: [&quot;examples&quot;]&#10;warning: the following keywords are unknown and will be ignored: [examples]&#10;    level: &quot;warning&quot;&#10;    schema: {&quot;loadingURI&quot;:&quot;#&quot;,&quot;pointer&quot;:&quot;/items/properties/valor&quot;}&#10;    domain: &quot;syntax&quot;&#10;    ignored: [&quot;examples&quot;]&#10;warning: the following keywords are unknown and will be ignored: [examples]&#10;    level: &quot;warning&quot;&#10;    schema: {&quot;loadingURI&quot;:&quot;#&quot;,&quot;pointer&quot;:&quot;/items&quot;}&#10;    domain: &quot;syntax&quot;&#10;    ignored: [&quot;examples&quot;]&#10;warning: the following keywords are unknown and will be ignored: [examples]&#10;    level: &quot;warning&quot;&#10;    schema: {&quot;loadingURI&quot;:&quot;#&quot;,&quot;pointer&quot;:&quot;/items/properties/cpf&quot;}&#10;    domain: &quot;syntax&quot;&#10;    ignored: [&quot;examples&quot;]&#10;warning: the following keywords are unknown and will be ignored: [examples]&#10;    level: &quot;warning&quot;&#10;    schema: {&quot;loadingURI&quot;:&quot;#&quot;,&quot;pointer&quot;:&quot;/items/properties/email&quot;}&#10;    domain: &quot;syntax&quot;&#10;    ignored: [&quot;examples&quot;]&#10;warning: the following keywords are unknown and will be ignored: [examples]&#10;    level: &quot;warning&quot;&#10;    schema: {&quot;loadingURI&quot;:&quot;#&quot;,&quot;pointer&quot;:&quot;/items/properties/id&quot;}&#10;    domain: &quot;syntax&quot;&#10;    ignored: [&quot;examples&quot;]&#10;warning: the following keywords are unknown and will be ignored: [examples]&#10;    level: &quot;warning&quot;&#10;    schema: {&quot;loadingURI&quot;:&quot;#&quot;,&quot;pointer&quot;:&quot;/items/properties/nome&quot;}&#10;    domain: &quot;syntax&quot;&#10;    ignored: [&quot;examples&quot;]&#10;warning: the following keywords are unknown and will be ignored: [examples]&#10;    level: &quot;warning&quot;&#10;    schema: {&quot;loadingURI&quot;:&quot;#&quot;,&quot;pointer&quot;:&quot;/items/properties/parcelas&quot;}&#10;    domain: &quot;syntax&quot;&#10;    ignored: [&quot;examples&quot;]&#10;warning: the following keywords are unknown and will be ignored: [examples]&#10;    level: &quot;warning&quot;&#10;    schema: {&quot;loadingURI&quot;:&quot;#&quot;,&quot;pointer&quot;:&quot;/items/properties/seguro&quot;}&#10;    domain: &quot;syntax&quot;&#10;    ignored: [&quot;examples&quot;]&#10;warning: the following keywords are unknown and will be ignored: [examples]&#10;    level: &quot;warning&quot;&#10;    schema: {&quot;loadingURI&quot;:&quot;#&quot;,&quot;pointer&quot;:&quot;/items/properties/valor&quot;}&#10;    domain: &quot;syntax&quot;&#10;    ignored: [&quot;examples&quot;]&#10;warning: the following keywords are unknown and will be ignored: [examples]&#10;    level: &quot;warning&quot;&#10;    schema: {&quot;loadingURI&quot;:&quot;#&quot;,&quot;pointer&quot;:&quot;/items&quot;}&#10;    domain: &quot;syntax&quot;&#10;    ignored: [&quot;examples&quot;]&#10;warning: the following keywords are unknown and will be ignored: [examples]&#10;    level: &quot;warning&quot;&#10;    schema: {&quot;loadingURI&quot;:&quot;#&quot;,&quot;pointer&quot;:&quot;/items/properties/cpf&quot;}&#10;    domain: &quot;syntax&quot;&#10;    ignored: [&quot;examples&quot;]&#10;warning: the following keywords are unknown and will be ignored: [examples]&#10;    level: &quot;warning&quot;&#10;    schema: {&quot;loadingURI&quot;:&quot;#&quot;,&quot;pointer&quot;:&quot;/items/properties/email&quot;}&#10;    domain: &quot;syntax&quot;&#10;    ignored: [&quot;examples&quot;]&#10;warning: the following keywords are unknown and will be ignored: [examples]&#10;    level: &quot;warning&quot;&#10;    schema: {&quot;loadingURI&quot;:&quot;#&quot;,&quot;pointer&quot;:&quot;/items/properties/id&quot;}&#10;    domain: &quot;syntax&quot;&#10;    ignored: [&quot;examples&quot;]&#10;warning: the following keywords are unknown and will be ignored: [examples]&#10;    level: &quot;warning&quot;&#10;    schema: {&quot;loadingURI&quot;:&quot;#&quot;,&quot;pointer&quot;:&quot;/items/properties/nome&quot;}&#10;    domain: &quot;syntax&quot;&#10;    ignored: [&quot;examples&quot;]&#10;warning: the following keywords are unknown and will be ignored: [examples]&#10;    level: &quot;warning&quot;&#10;    schema: {&quot;loadingURI&quot;:&quot;#&quot;,&quot;pointer&quot;:&quot;/items/properties/parcelas&quot;}&#10;    domain: &quot;syntax&quot;&#10;    ignored: [&quot;examples&quot;]&#10;warning: the following keywords are unknown and will be ignored: [examples]&#10;    level: &quot;warning&quot;&#10;    schema: {&quot;loadingURI&quot;:&quot;#&quot;,&quot;pointer&quot;:&quot;/items/properties/seguro&quot;}&#10;    domain: &quot;syntax&quot;&#10;    ignored: [&quot;examples&quot;]&#10;warning: the following keywords are unknown and will be ignored: [examples]&#10;    level: &quot;warning&quot;&#10;    schema: {&quot;loadingURI&quot;:&quot;#&quot;,&quot;pointer&quot;:&quot;/items/properties/valor&quot;}&#10;    domain: &quot;syntax&quot;&#10;    ignored: [&quot;examples&quot;]&#10;warning: the following keywords are unknown and will be ignored: [examples]&#10;    level: &quot;warning&quot;&#10;    schema: {&quot;loadingURI&quot;:&quot;#&quot;,&quot;pointer&quot;:&quot;/items&quot;}&#10;    domain: &quot;syntax&quot;&#10;    ignored: [&quot;examples&quot;]&#10;warning: the following keywords are unknown and will be ignored: [examples]&#10;    level: &quot;warning&quot;&#10;    schema: {&quot;loadingURI&quot;:&quot;#&quot;,&quot;pointer&quot;:&quot;/items/properties/cpf&quot;}&#10;    domain: &quot;syntax&quot;&#10;    ignored: [&quot;examples&quot;]&#10;warning: the following keywords are unknown and will be ignored: [examples]&#10;    level: &quot;warning&quot;&#10;    schema: {&quot;loadingURI&quot;:&quot;#&quot;,&quot;pointer&quot;:&quot;/items/properties/email&quot;}&#10;    domain: &quot;syntax&quot;&#10;    ignored: [&quot;examples&quot;]&#10;warning: the following keywords are unknown and will be ignored: [examples]&#10;    level: &quot;warning&quot;&#10;    schema: {&quot;loadingURI&quot;:&quot;#&quot;,&quot;pointer&quot;:&quot;/items/properties/id&quot;}&#10;    domain: &quot;syntax&quot;&#10;    ignored: [&quot;examples&quot;]&#10;warning: the following keywords are unknown and will be ignored: [examples]&#10;    level: &quot;warning&quot;&#10;    schema: {&quot;loadingURI&quot;:&quot;#&quot;,&quot;pointer&quot;:&quot;/items/properties/nome&quot;}&#10;    domain: &quot;syntax&quot;&#10;    ignored: [&quot;examples&quot;]&#10;warning: the following keywords are unknown and will be ignored: [examples]&#10;    level: &quot;warning&quot;&#10;    schema: {&quot;loadingURI&quot;:&quot;#&quot;,&quot;pointer&quot;:&quot;/items/properties/parcelas&quot;}&#10;    domain: &quot;syntax&quot;&#10;    ignored: [&quot;examples&quot;]&#10;warning: the following keywords are unknown and will be ignored: [examples]&#10;    level: &quot;warning&quot;&#10;    schema: {&quot;loadingURI&quot;:&quot;#&quot;,&quot;pointer&quot;:&quot;/items/properties/seguro&quot;}&#10;    domain: &quot;syntax&quot;&#10;    ignored: [&quot;examples&quot;]&#10;warning: the following keywords are unknown and will be ignored: [examples]&#10;    level: &quot;warning&quot;&#10;    schema: {&quot;loadingURI&quot;:&quot;#&quot;,&quot;pointer&quot;:&quot;/items/properties/valor&quot;}&#10;    domain: &quot;syntax&quot;&#10;    ignored: [&quot;examples&quot;]&#10;warning: the following keywords are unknown and will be ignored: [examples]&#10;    level: &quot;warning&quot;&#10;    schema: {&quot;loadingURI&quot;:&quot;#&quot;,&quot;pointer&quot;:&quot;/items&quot;}&#10;    domain: &quot;syntax&quot;&#10;    ignored: [&quot;examples&quot;]&#10;warning: the following keywords are unknown and will be ignored: [examples]&#10;    level: &quot;warning&quot;&#10;    schema: {&quot;loadingURI&quot;:&quot;#&quot;,&quot;pointer&quot;:&quot;/items/properties/cpf&quot;}&#10;    domain: &quot;syntax&quot;&#10;    ignored: [&quot;examples&quot;]&#10;warning: the following keywords are unknown and will be ignored: [examples]&#10;    level: &quot;warning&quot;&#10;    schema: {&quot;loadingURI&quot;:&quot;#&quot;,&quot;pointer&quot;:&quot;/items/properties/email&quot;}&#10;    domain: &quot;syntax&quot;&#10;    ignored: [&quot;examples&quot;]&#10;warning: the following keywords are unknown and will be ignored: [examples]&#10;    level: &quot;warning&quot;&#10;    schema: {&quot;loadingURI&quot;:&quot;#&quot;,&quot;pointer&quot;:&quot;/items/properties/id&quot;}&#10;    domain: &quot;syntax&quot;&#10;    ignored: [&quot;examples&quot;]&#10;warning: the following keywords are unknown and will be ignored: [examples]&#10;    level: &quot;warning&quot;&#10;    schema: {&quot;loadingURI&quot;:&quot;#&quot;,&quot;pointer&quot;:&quot;/items/properties/nome&quot;}&#10;    domain: &quot;syntax&quot;&#10;    ignored: [&quot;examples&quot;]&#10;warning: the following keywords are unknown and will be ignored: [examples]&#10;    level: &quot;warning&quot;&#10;    schema: {&quot;loadingURI&quot;:&quot;#&quot;,&quot;pointer&quot;:&quot;/items/properties/parcelas&quot;}&#10;    domain: &quot;syntax&quot;&#10;    ignored: [&quot;examples&quot;]&#10;warning: the following keywords are unknown and will be ignored: [examples]&#10;    level: &quot;warning&quot;&#10;    schema: {&quot;loadingURI&quot;:&quot;#&quot;,&quot;pointer&quot;:&quot;/items/properties/seguro&quot;}&#10;    domain: &quot;syntax&quot;&#10;    ignored: [&quot;examples&quot;]&#10;warning: the following keywords are unknown and will be ignored: [examples]&#10;    level: &quot;warning&quot;&#10;    schema: {&quot;loadingURI&quot;:&quot;#&quot;,&quot;pointer&quot;:&quot;/items/properties/valor&quot;}&#10;    domain: &quot;syntax&quot;&#10;    ignored: [&quot;examples&quot;]&#10;warning: the following keywords are unknown and will be ignored: [examples]&#10;    level: &quot;warning&quot;&#10;    schema: {&quot;loadingURI&quot;:&quot;#&quot;,&quot;pointer&quot;:&quot;/items&quot;}&#10;    domain: &quot;syntax&quot;&#10;    ignored: [&quot;examples&quot;]&#10;warning: the following keywords are unknown and will be ignored: [examples]&#10;    level: &quot;warning&quot;&#10;    schema: {&quot;loadingURI&quot;:&quot;#&quot;,&quot;pointer&quot;:&quot;/items/properties/cpf&quot;}&#10;    domain: &quot;syntax&quot;&#10;    ignored: [&quot;examples&quot;]&#10;warning: the following keywords are unknown and will be ignored: [examples]&#10;    level: &quot;warning&quot;&#10;    schema: {&quot;loadingURI&quot;:&quot;#&quot;,&quot;pointer&quot;:&quot;/items/properties/email&quot;}&#10;    domain: &quot;syntax&quot;&#10;    ignored: [&quot;examples&quot;]&#10;warning: the following keywords are unknown and will be ignored: [examples]&#10;    level: &quot;warning&quot;&#10;    schema: {&quot;loadingURI&quot;:&quot;#&quot;,&quot;pointer&quot;:&quot;/items/properties/id&quot;}&#10;    domain: &quot;syntax&quot;&#10;    ignored: [&quot;examples&quot;]&#10;warning: the following keywords are unknown and will be ignored: [examples]&#10;    level: &quot;warning&quot;&#10;    schema: {&quot;loadingURI&quot;:&quot;#&quot;,&quot;pointer&quot;:&quot;/items/properties/nome&quot;}&#10;    domain: &quot;syntax&quot;&#10;    ignored: [&quot;examples&quot;]&#10;warning: the following keywords are unknown and will be ignored: [examples]&#10;    level: &quot;warning&quot;&#10;    schema: {&quot;loadingURI&quot;:&quot;#&quot;,&quot;pointer&quot;:&quot;/items/properties/parcelas&quot;}&#10;    domain: &quot;syntax&quot;&#10;    ignored: [&quot;examples&quot;]&#10;warning: the following keywords are unknown and will be ignored: [examples]&#10;    level: &quot;warning&quot;&#10;    schema: {&quot;loadingURI&quot;:&quot;#&quot;,&quot;pointer&quot;:&quot;/items/properties/seguro&quot;}&#10;    domain: &quot;syntax&quot;&#10;    ignored: [&quot;examples&quot;]&#10;warning: the following keywords are unknown and will be ignored: [examples]&#10;    level: &quot;warning&quot;&#10;    schema: {&quot;loadingURI&quot;:&quot;#&quot;,&quot;pointer&quot;:&quot;/items/properties/valor&quot;}&#10;    domain: &quot;syntax&quot;&#10;    ignored: [&quot;examples&quot;]&#10;warning: the following keywords are unknown and will be ignored: [examples]&#10;    level: &quot;warning&quot;&#10;    schema: {&quot;loadingURI&quot;:&quot;#&quot;,&quot;pointer&quot;:&quot;/items&quot;}&#10;    domain: &quot;syntax&quot;&#10;    ignored: [&quot;examples&quot;]&#10;warning: the following keywords are unknown and will be ignored: [examples]&#10;    level: &quot;warning&quot;&#10;    schema: {&quot;loadingURI&quot;:&quot;#&quot;,&quot;pointer&quot;:&quot;/items/properties/cpf&quot;}&#10;    domain: &quot;syntax&quot;&#10;    ignored: [&quot;examples&quot;]&#10;warning: the following keywords are unknown and will be ignored: [examples]&#10;    level: &quot;warning&quot;&#10;    schema: {&quot;loadingURI&quot;:&quot;#&quot;,&quot;pointer&quot;:&quot;/items/properties/email&quot;}&#10;    domain: &quot;syntax&quot;&#10;    ignored: [&quot;examples&quot;]&#10;warning: the following keywords are unknown and will be ignored: [examples]&#10;    level: &quot;warning&quot;&#10;    schema: {&quot;loadingURI&quot;:&quot;#&quot;,&quot;pointer&quot;:&quot;/items/properties/id&quot;}&#10;    domain: &quot;syntax&quot;&#10;    ignored: [&quot;examples&quot;]&#10;warning: the following keywords are unknown and will be ignored: [examples]&#10;    level: &quot;warning&quot;&#10;    schema: {&quot;loadingURI&quot;:&quot;#&quot;,&quot;pointer&quot;:&quot;/items/properties/nome&quot;}&#10;    domain: &quot;syntax&quot;&#10;    ignored: [&quot;examples&quot;]&#10;warning: the following keywords are unknown and will be ignored: [examples]&#10;    level: &quot;warning&quot;&#10;    schema: {&quot;loadingURI&quot;:&quot;#&quot;,&quot;pointer&quot;:&quot;/items/properties/parcelas&quot;}&#10;    domain: &quot;syntax&quot;&#10;    ignored: [&quot;examples&quot;]&#10;warning: the following keywords are unknown and will be ignored: [examples]&#10;    level: &quot;warning&quot;&#10;    schema: {&quot;loadingURI&quot;:&quot;#&quot;,&quot;pointer&quot;:&quot;/items/properties/seguro&quot;}&#10;    domain: &quot;syntax&quot;&#10;    ignored: [&quot;examples&quot;]&#10;warning: the following keywords are unknown and will be ignored: [examples]&#10;    level: &quot;warning&quot;&#10;    schema: {&quot;loadingURI&quot;:&quot;#&quot;,&quot;pointer&quot;:&quot;/items/properties/valor&quot;}&#10;    domain: &quot;syntax&quot;&#10;    ignored: [&quot;examples&quot;]&#10;warning: the following keywords are unknown and will be ignored: [examples]&#10;    level: &quot;warning&quot;&#10;    schema: {&quot;loadingURI&quot;:&quot;#&quot;,&quot;pointer&quot;:&quot;/items&quot;}&#10;    domain: &quot;syntax&quot;&#10;    ignored: [&quot;examples&quot;]&#10;warning: the following keywords are unknown and will be ignored: [examples]&#10;    level: &quot;warning&quot;&#10;    schema: {&quot;loadingURI&quot;:&quot;#&quot;,&quot;pointer&quot;:&quot;/items/properties/cpf&quot;}&#10;    domain: &quot;syntax&quot;&#10;    ignored: [&quot;examples&quot;]&#10;warning: the following keywords are unknown and will be ignored: [examples]&#10;    level: &quot;warning&quot;&#10;    schema: {&quot;loadingURI&quot;:&quot;#&quot;,&quot;pointer&quot;:&quot;/items/properties/email&quot;}&#10;    domain: &quot;syntax&quot;&#10;    ignored: [&quot;examples&quot;]&#10;warning: the following keywords are unknown and will be ignored: [examples]&#10;    level: &quot;warning&quot;&#10;    schema: {&quot;loadingURI&quot;:&quot;#&quot;,&quot;pointer&quot;:&quot;/items/properties/id&quot;}&#10;    domain: &quot;syntax&quot;&#10;    ignored: [&quot;examples&quot;]&#10;warning: the following keywords are unknown and will be ignored: [examples]&#10;    level: &quot;warning&quot;&#10;    schema: {&quot;loadingURI&quot;:&quot;#&quot;,&quot;pointer&quot;:&quot;/items/properties/nome&quot;}&#10;    domain: &quot;syntax&quot;&#10;    ignored: [&quot;examples&quot;]&#10;warning: the following keywords are unknown and will be ignored: [examples]&#10;    level: &quot;warning&quot;&#10;    schema: {&quot;loadingURI&quot;:&quot;#&quot;,&quot;pointer&quot;:&quot;/items/properties/parcelas&quot;}&#10;    domain: &quot;syntax&quot;&#10;    ignored: [&quot;examples&quot;]&#10;warning: the following keywords are unknown and will be ignored: [examples]&#10;    level: &quot;warning&quot;&#10;    schema: {&quot;loadingURI&quot;:&quot;#&quot;,&quot;pointer&quot;:&quot;/items/properties/seguro&quot;}&#10;    domain: &quot;syntax&quot;&#10;    ignored: [&quot;examples&quot;]&#10;warning: the following keywords are unknown and will be ignored: [examples]&#10;    level: &quot;warning&quot;&#10;    schema: {&quot;loadingURI&quot;:&quot;#&quot;,&quot;pointer&quot;:&quot;/items/properties/valor&quot;}&#10;    domain: &quot;syntax&quot;&#10;    ignored: [&quot;examples&quot;]&#10;warning: the following keywords are unknown and will be ignored: [examples]&#10;    level: &quot;warning&quot;&#10;    schema: {&quot;loadingURI&quot;:&quot;#&quot;,&quot;pointer&quot;:&quot;/items&quot;}&#10;    domain: &quot;syntax&quot;&#10;    ignored: [&quot;examples&quot;]&#10;warning: the following keywords are unknown and will be ignored: [examples]&#10;    level: &quot;warning&quot;&#10;    schema: {&quot;loadingURI&quot;:&quot;#&quot;,&quot;pointer&quot;:&quot;/items/properties/cpf&quot;}&#10;    domain: &quot;syntax&quot;&#10;    ignored: [&quot;examples&quot;]&#10;warning: the following keywords are unknown and will be ignored: [examples]&#10;    level: &quot;warning&quot;&#10;    schema: {&quot;loadingURI&quot;:&quot;#&quot;,&quot;pointer&quot;:&quot;/items/properties/email&quot;}&#10;    domain: &quot;syntax&quot;&#10;    ignored: [&quot;examples&quot;]&#10;warning: the following keywords are unknown and will be ignored: [examples]&#10;    level: &quot;warning&quot;&#10;    schema: {&quot;loadingURI&quot;:&quot;#&quot;,&quot;pointer&quot;:&quot;/items/properties/id&quot;}&#10;    domain: &quot;syntax&quot;&#10;    ignored: [&quot;examples&quot;]&#10;warning: the following keywords are unknown and will be ignored: [examples]&#10;    level: &quot;warning&quot;&#10;    schema: {&quot;loadingURI&quot;:&quot;#&quot;,&quot;pointer&quot;:&quot;/items/properties/nome&quot;}&#10;    domain: &quot;syntax&quot;&#10;    ignored: [&quot;examples&quot;]&#10;warning: the following keywords are unknown and will be ignored: [examples]&#10;    level: &quot;warning&quot;&#10;    schema: {&quot;loadingURI&quot;:&quot;#&quot;,&quot;pointer&quot;:&quot;/items/properties/parcelas&quot;}&#10;    domain: &quot;syntax&quot;&#10;    ignored: [&quot;examples&quot;]&#10;warning: the following keywords are unknown and will be ignored: [examples]&#10;    level: &quot;warning&quot;&#10;    schema: {&quot;loadingURI&quot;:&quot;#&quot;,&quot;pointer&quot;:&quot;/items/properties/seguro&quot;}&#10;    domain: &quot;syntax&quot;&#10;    ignored: [&quot;examples&quot;]&#10;warning: the following keywords are unknown and will be ignored: [examples]&#10;    level: &quot;warning&quot;&#10;    schema: {&quot;loadingURI&quot;:&quot;#&quot;,&quot;pointer&quot;:&quot;/items/properties/valor&quot;}&#10;    domain: &quot;syntax&quot;&#10;    ignored: [&quot;examples&quot;]&#10;warning: the following keywords are unknown and will be ignored: [examples]&#10;    level: &quot;warning&quot;&#10;    schema: {&quot;loadingURI&quot;:&quot;#&quot;,&quot;pointer&quot;:&quot;/items&quot;}&#10;    domain: &quot;syntax&quot;&#10;    ignored: [&quot;examples&quot;]&#10;warning: the following keywords are unknown and will be ignored: [examples]&#10;    level: &quot;warning&quot;&#10;    schema: {&quot;loadingURI&quot;:&quot;#&quot;,&quot;pointer&quot;:&quot;/items/properties/cpf&quot;}&#10;    domain: &quot;syntax&quot;&#10;    ignored: [&quot;examples&quot;]&#10;warning: the following keywords are unknown and will be ignored: [examples]&#10;    level: &quot;warning&quot;&#10;    schema: {&quot;loadingURI&quot;:&quot;#&quot;,&quot;pointer&quot;:&quot;/items/properties/email&quot;}&#10;    domain: &quot;syntax&quot;&#10;    ignored: [&quot;examples&quot;]&#10;warning: the following keywords are unknown and will be ignored: [examples]&#10;    level: &quot;warning&quot;&#10;    schema: {&quot;loadingURI&quot;:&quot;#&quot;,&quot;pointer&quot;:&quot;/items/properties/id&quot;}&#10;    domain: &quot;syntax&quot;&#10;    ignored: [&quot;examples&quot;]&#10;warning: the following keywords are unknown and will be ignored: [examples]&#10;    level: &quot;warning&quot;&#10;    schema: {&quot;loadingURI&quot;:&quot;#&quot;,&quot;pointer&quot;:&quot;/items/properties/nome&quot;}&#10;    domain: &quot;syntax&quot;&#10;    ignored: [&quot;examples&quot;]&#10;warning: the following keywords are unknown and will be ignored: [examples]&#10;    level: &quot;warning&quot;&#10;    schema: {&quot;loadingURI&quot;:&quot;#&quot;,&quot;pointer&quot;:&quot;/items/properties/parcelas&quot;}&#10;    domain: &quot;syntax&quot;&#10;    ignored: [&quot;examples&quot;]&#10;warning: the following keywords are unknown and will be ignored: [examples]&#10;    level: &quot;warning&quot;&#10;    schema: {&quot;loadingURI&quot;:&quot;#&quot;,&quot;pointer&quot;:&quot;/items/properties/seguro&quot;}&#10;    domain: &quot;syntax&quot;&#10;    ignored: [&quot;examples&quot;]&#10;warning: the following keywords are unknown and will be ignored: [examples]&#10;    level: &quot;warning&quot;&#10;    schema: {&quot;loadingURI&quot;:&quot;#&quot;,&quot;pointer&quot;:&quot;/items/properties/valor&quot;}&#10;    domain: &quot;syntax&quot;&#10;    ignored: [&quot;examples&quot;]&#10;warning: the following keywords are unknown and will be ignored: [examples]&#10;    level: &quot;warning&quot;&#10;    schema: {&quot;loadingURI&quot;:&quot;#&quot;,&quot;pointer&quot;:&quot;/items&quot;}&#10;    domain: &quot;syntax&quot;&#10;    ignored: [&quot;examples&quot;]&#10;warning: the following keywords are unknown and will be ignored: [examples]&#10;    level: &quot;warning&quot;&#10;    schema: {&quot;loadingURI&quot;:&quot;#&quot;,&quot;pointer&quot;:&quot;/items/properties/cpf&quot;}&#10;    domain: &quot;syntax&quot;&#10;    ignored: [&quot;examples&quot;]&#10;warning: the following keywords are unknown and will be ignored: [examples]&#10;    level: &quot;warning&quot;&#10;    schema: {&quot;loadingURI&quot;:&quot;#&quot;,&quot;pointer&quot;:&quot;/items/properties/email&quot;}&#10;    domain: &quot;syntax&quot;&#10;    ignored: [&quot;examples&quot;]&#10;warning: the following keywords are unknown and will be ignored: [examples]&#10;    level: &quot;warning&quot;&#10;    schema: {&quot;loadingURI&quot;:&quot;#&quot;,&quot;pointer&quot;:&quot;/items/properties/id&quot;}&#10;    domain: &quot;syntax&quot;&#10;    ignored: [&quot;examples&quot;]&#10;warning: the following keywords are unknown and will be ignored: [examples]&#10;    level: &quot;warning&quot;&#10;    schema: {&quot;loadingURI&quot;:&quot;#&quot;,&quot;pointer&quot;:&quot;/items/properties/nome&quot;}&#10;    domain: &quot;syntax&quot;&#10;    ignored: [&quot;examples&quot;]&#10;warning: the following keywords are unknown and will be ignored: [examples]&#10;    level: &quot;warning&quot;&#10;    schema: {&quot;loadingURI&quot;:&quot;#&quot;,&quot;pointer&quot;:&quot;/items/properties/parcelas&quot;}&#10;    domain: &quot;syntax&quot;&#10;    ignored: [&quot;examples&quot;]&#10;warning: the following keywords are unknown and will be ignored: [examples]&#10;    level: &quot;warning&quot;&#10;    schema: {&quot;loadingURI&quot;:&quot;#&quot;,&quot;pointer&quot;:&quot;/items/properties/seguro&quot;}&#10;    domain: &quot;syntax&quot;&#10;    ignored: [&quot;examples&quot;]&#10;warning: the following keywords are unknown and will be ignored: [examples]&#10;    level: &quot;warning&quot;&#10;    schema: {&quot;loadingURI&quot;:&quot;#&quot;,&quot;pointer&quot;:&quot;/items/properties/valor&quot;}&#10;    domain: &quot;syntax&quot;&#10;    ignored: [&quot;examples&quot;]&#10;warning: the following keywords are unknown and will be ignored: [examples]&#10;    level: &quot;warning&quot;&#10;    schema: {&quot;loadingURI&quot;:&quot;#&quot;,&quot;pointer&quot;:&quot;/items&quot;}&#10;    domain: &quot;syntax&quot;&#10;    ignored: [&quot;examples&quot;]&#10;warning: the following keywords are unknown and will be ignored: [examples]&#10;    level: &quot;warning&quot;&#10;    schema: {&quot;loadingURI&quot;:&quot;#&quot;,&quot;pointer&quot;:&quot;/items/properties/cpf&quot;}&#10;    domain: &quot;syntax&quot;&#10;    ignored: [&quot;examples&quot;]&#10;warning: the following keywords are unknown and will be ignored: [examples]&#10;    level: &quot;warning&quot;&#10;    schema: {&quot;loadingURI&quot;:&quot;#&quot;,&quot;pointer&quot;:&quot;/items/properties/email&quot;}&#10;    domain: &quot;syntax&quot;&#10;    ignored: [&quot;examples&quot;]&#10;warning: the following keywords are unknown and will be ignored: [examples]&#10;    level: &quot;warning&quot;&#10;    schema: {&quot;loadingURI&quot;:&quot;#&quot;,&quot;pointer&quot;:&quot;/items/properties/id&quot;}&#10;    domain: &quot;syntax&quot;&#10;    ignored: [&quot;examples&quot;]&#10;warning: the following keywords are unknown and will be ignored: [examples]&#10;    level: &quot;warning&quot;&#10;    schema: {&quot;loadingURI&quot;:&quot;#&quot;,&quot;pointer&quot;:&quot;/items/properties/nome&quot;}&#10;    domain: &quot;syntax&quot;&#10;    ignored: [&quot;examples&quot;]&#10;warning: the following keywords are unknown and will be ignored: [examples]&#10;    level: &quot;warning&quot;&#10;    schema: {&quot;loadingURI&quot;:&quot;#&quot;,&quot;pointer&quot;:&quot;/items/properties/parcelas&quot;}&#10;    domain: &quot;syntax&quot;&#10;    ignored: [&quot;examples&quot;]&#10;warning: the following keywords are unknown and will be ignored: [examples]&#10;    level: &quot;warning&quot;&#10;    schema: {&quot;loadingURI&quot;:&quot;#&quot;,&quot;pointer&quot;:&quot;/items/properties/seguro&quot;}&#10;    domain: &quot;syntax&quot;&#10;    ignored: [&quot;examples&quot;]&#10;warning: the following keywords are unknown and will be ignored: [examples]&#10;    level: &quot;warning&quot;&#10;    schema: {&quot;loadingURI&quot;:&quot;#&quot;,&quot;pointer&quot;:&quot;/items/properties/valor&quot;}&#10;    domain: &quot;syntax&quot;&#10;    ignored: [&quot;examples&quot;]&#10;warning: the following keywords are unknown and will be ignored: [examples]&#10;    level: &quot;warning&quot;&#10;    schema: {&quot;loadingURI&quot;:&quot;#&quot;,&quot;pointer&quot;:&quot;/items&quot;}&#10;    domain: &quot;syntax&quot;&#10;    ignored: [&quot;examples&quot;]&#10;warning: the following keywords are unknown and will be ignored: [examples]&#10;    level: &quot;warning&quot;&#10;    schema: {&quot;loadingURI&quot;:&quot;#&quot;,&quot;pointer&quot;:&quot;/items/properties/cpf&quot;}&#10;    domain: &quot;syntax&quot;&#10;    ignored: [&quot;examples&quot;]&#10;warning: the following keywords are unknown and will be ignored: [examples]&#10;    level: &quot;warning&quot;&#10;    schema: {&quot;loadingURI&quot;:&quot;#&quot;,&quot;pointer&quot;:&quot;/items/properties/email&quot;}&#10;    domain: &quot;syntax&quot;&#10;    ignored: [&quot;examples&quot;]&#10;warning: the following keywords are unknown and will be ignored: [examples]&#10;    level: &quot;warning&quot;&#10;    schema: {&quot;loadingURI&quot;:&quot;#&quot;,&quot;pointer&quot;:&quot;/items/properties/id&quot;}&#10;    domain: &quot;syntax&quot;&#10;    ignored: [&quot;examples&quot;]&#10;warning: the following keywords are unknown and will be ignored: [examples]&#10;    level: &quot;warning&quot;&#10;    schema: {&quot;loadingURI&quot;:&quot;#&quot;,&quot;pointer&quot;:&quot;/items/properties/nome&quot;}&#10;    domain: &quot;syntax&quot;&#10;    ignored: [&quot;examples&quot;]&#10;warning: the following keywords are unknown and will be ignored: [examples]&#10;    level: &quot;warning&quot;&#10;    schema: {&quot;loadingURI&quot;:&quot;#&quot;,&quot;pointer&quot;:&quot;/items/properties/parcelas&quot;}&#10;    domain: &quot;syntax&quot;&#10;    ignored: [&quot;examples&quot;]&#10;warning: the following keywords are unknown and will be ignored: [examples]&#10;    level: &quot;warning&quot;&#10;    schema: {&quot;loadingURI&quot;:&quot;#&quot;,&quot;pointer&quot;:&quot;/items/properties/seguro&quot;}&#10;    domain: &quot;syntax&quot;&#10;    ignored: [&quot;examples&quot;]&#10;warning: the following keywords are unknown and will be ignored: [examples]&#10;    level: &quot;warning&quot;&#10;    schema: {&quot;loadingURI&quot;:&quot;#&quot;,&quot;pointer&quot;:&quot;/items/properties/valor&quot;}&#10;    domain: &quot;syntax&quot;&#10;    ignored: [&quot;examples&quot;]&#10;warning: the following keywords are unknown and will be ignored: [examples]&#10;    level: &quot;warning&quot;&#10;    schema: {&quot;loadingURI&quot;:&quot;#&quot;,&quot;pointer&quot;:&quot;/items&quot;}&#10;    domain: &quot;syntax&quot;&#10;    ignored: [&quot;examples&quot;]&#10;warning: the following keywords are unknown and will be ignored: [examples]&#10;    level: &quot;warning&quot;&#10;    schema: {&quot;loadingURI&quot;:&quot;#&quot;,&quot;pointer&quot;:&quot;/items/properties/cpf&quot;}&#10;    domain: &quot;syntax&quot;&#10;    ignored: [&quot;examples&quot;]&#10;warning: the following keywords are unknown and will be ignored: [examples]&#10;    level: &quot;warning&quot;&#10;    schema: {&quot;loadingURI&quot;:&quot;#&quot;,&quot;pointer&quot;:&quot;/items/properties/email&quot;}&#10;    domain: &quot;syntax&quot;&#10;    ignored: [&quot;examples&quot;]&#10;warning: the following keywords are unknown and will be ignored: [examples]&#10;    level: &quot;warning&quot;&#10;    schema: {&quot;loadingURI&quot;:&quot;#&quot;,&quot;pointer&quot;:&quot;/items/properties/id&quot;}&#10;    domain: &quot;syntax&quot;&#10;    ignored: [&quot;examples&quot;]&#10;warning: the following keywords are unknown and will be ignored: [examples]&#10;    level: &quot;warning&quot;&#10;    schema: {&quot;loadingURI&quot;:&quot;#&quot;,&quot;pointer&quot;:&quot;/items/properties/nome&quot;}&#10;    domain: &quot;syntax&quot;&#10;    ignored: [&quot;examples&quot;]&#10;warning: the following keywords are unknown and will be ignored: [examples]&#10;    level: &quot;warning&quot;&#10;    schema: {&quot;loadingURI&quot;:&quot;#&quot;,&quot;pointer&quot;:&quot;/items/properties/parcelas&quot;}&#10;    domain: &quot;syntax&quot;&#10;    ignored: [&quot;examples&quot;]&#10;warning: the following keywords are unknown and will be ignored: [examples]&#10;    level: &quot;warning&quot;&#10;    schema: {&quot;loadingURI&quot;:&quot;#&quot;,&quot;pointer&quot;:&quot;/items/properties/seguro&quot;}&#10;    domain: &quot;syntax&quot;&#10;    ignored: [&quot;examples&quot;]&#10;warning: the following keywords are unknown and will be ignored: [examples]&#10;    level: &quot;warning&quot;&#10;    schema: {&quot;loadingURI&quot;:&quot;#&quot;,&quot;pointer&quot;:&quot;/items/properties/valor&quot;}&#10;    domain: &quot;syntax&quot;&#10;    ignored: [&quot;examples&quot;]&#10;warning: the following keywords are unknown and will be ignored: [examples]&#10;    level: &quot;warning&quot;&#10;    schema: {&quot;loadingURI&quot;:&quot;#&quot;,&quot;pointer&quot;:&quot;/items&quot;}&#10;    domain: &quot;syntax&quot;&#10;    ignored: [&quot;examples&quot;]&#10;warning: the following keywords are unknown and will be ignored: [examples]&#10;    level: &quot;warning&quot;&#10;    schema: {&quot;loadingURI&quot;:&quot;#&quot;,&quot;pointer&quot;:&quot;/items/properties/cpf&quot;}&#10;    domain: &quot;syntax&quot;&#10;    ignored: [&quot;examples&quot;]&#10;warning: the following keywords are unknown and will be ignored: [examples]&#10;    level: &quot;warning&quot;&#10;    schema: {&quot;loadingURI&quot;:&quot;#&quot;,&quot;pointer&quot;:&quot;/items/properties/email&quot;}&#10;    domain: &quot;syntax&quot;&#10;    ignored: [&quot;examples&quot;]&#10;warning: the following keywords are unknown and will be ignored: [examples]&#10;    level: &quot;warning&quot;&#10;    schema: {&quot;loadingURI&quot;:&quot;#&quot;,&quot;pointer&quot;:&quot;/items/properties/id&quot;}&#10;    domain: &quot;syntax&quot;&#10;    ignored: [&quot;examples&quot;]&#10;warning: the following keywords are unknown and will be ignored: [examples]&#10;    level: &quot;warning&quot;&#10;    schema: {&quot;loadingURI&quot;:&quot;#&quot;,&quot;pointer&quot;:&quot;/items/properties/nome&quot;}&#10;    domain: &quot;syntax&quot;&#10;    ignored: [&quot;examples&quot;]&#10;warning: the following keywords are unknown and will be ignored: [examples]&#10;    level: &quot;warning&quot;&#10;    schema: {&quot;loadingURI&quot;:&quot;#&quot;,&quot;pointer&quot;:&quot;/items/properties/parcelas&quot;}&#10;    domain: &quot;syntax&quot;&#10;    ignored: [&quot;examples&quot;]&#10;warning: the following keywords are unknown and will be ignored: [examples]&#10;    level: &quot;warning&quot;&#10;    schema: {&quot;loadingURI&quot;:&quot;#&quot;,&quot;pointer&quot;:&quot;/items/properties/seguro&quot;}&#10;    domain: &quot;syntax&quot;&#10;    ignored: [&quot;examples&quot;]&#10;warning: the following keywords are unknown and will be ignored: [examples]&#10;    level: &quot;warning&quot;&#10;    schema: {&quot;loadingURI&quot;:&quot;#&quot;,&quot;pointer&quot;:&quot;/items/properties/valor&quot;}&#10;    domain: &quot;syntax&quot;&#10;    ignored: [&quot;examples&quot;]&#10;warning: the following keywords are unknown and will be ignored: [examples]&#10;    level: &quot;warning&quot;&#10;    schema: {&quot;loadingURI&quot;:&quot;#&quot;,&quot;pointer&quot;:&quot;/items&quot;}&#10;    domain: &quot;syntax&quot;&#10;    ignored: [&quot;examples&quot;]&#10;warning: the following keywords are unknown and will be ignored: [examples]&#10;    level: &quot;warning&quot;&#10;    schema: {&quot;loadingURI&quot;:&quot;#&quot;,&quot;pointer&quot;:&quot;/items/properties/cpf&quot;}&#10;    domain: &quot;syntax&quot;&#10;    ignored: [&quot;examples&quot;]&#10;warning: the following keywords are unknown and will be ignored: [examples]&#10;    level: &quot;warning&quot;&#10;    schema: {&quot;loadingURI&quot;:&quot;#&quot;,&quot;pointer&quot;:&quot;/items/properties/email&quot;}&#10;    domain: &quot;syntax&quot;&#10;    ignored: [&quot;examples&quot;]&#10;warning: the following keywords are unknown and will be ignored: [examples]&#10;    level: &quot;warning&quot;&#10;    schema: {&quot;loadingURI&quot;:&quot;#&quot;,&quot;pointer&quot;:&quot;/items/properties/id&quot;}&#10;    domain: &quot;syntax&quot;&#10;    ignored: [&quot;examples&quot;]&#10;warning: the following keywords are unknown and will be ignored: [examples]&#10;    level: &quot;warning&quot;&#10;    schema: {&quot;loadingURI&quot;:&quot;#&quot;,&quot;pointer&quot;:&quot;/items/properties/nome&quot;}&#10;    domain: &quot;syntax&quot;&#10;    ignored: [&quot;examples&quot;]&#10;warning: the following keywords are unknown and will be ignored: [examples]&#10;    level: &quot;warning&quot;&#10;    schema: {&quot;loadingURI&quot;:&quot;#&quot;,&quot;pointer&quot;:&quot;/items/properties/parcelas&quot;}&#10;    domain: &quot;syntax&quot;&#10;    ignored: [&quot;examples&quot;]&#10;warning: the following keywords are unknown and will be ignored: [examples]&#10;    level: &quot;warning&quot;&#10;    schema: {&quot;loadingURI&quot;:&quot;#&quot;,&quot;pointer&quot;:&quot;/items/properties/seguro&quot;}&#10;    domain: &quot;syntax&quot;&#10;    ignored: [&quot;examples&quot;]&#10;warning: the following keywords are unknown and will be ignored: [examples]&#10;    level: &quot;warning&quot;&#10;    schema: {&quot;loadingURI&quot;:&quot;#&quot;,&quot;pointer&quot;:&quot;/items/properties/valor&quot;}&#10;    domain: &quot;syntax&quot;&#10;    ignored: [&quot;examples&quot;]&#10;warning: the following keywords are unknown and will be ignored: [examples]&#10;    level: &quot;warning&quot;&#10;    schema: {&quot;loadingURI&quot;:&quot;#&quot;,&quot;pointer&quot;:&quot;/items&quot;}&#10;    domain: &quot;syntax&quot;&#10;    ignored: [&quot;examples&quot;]&#10;warning: the following keywords are unknown and will be ignored: [examples]&#10;    level: &quot;warning&quot;&#10;    schema: {&quot;loadingURI&quot;:&quot;#&quot;,&quot;pointer&quot;:&quot;/items/properties/cpf&quot;}&#10;    domain: &quot;syntax&quot;&#10;    ignored: [&quot;examples&quot;]&#10;warning: the following keywords are unknown and will be ignored: [examples]&#10;    level: &quot;warning&quot;&#10;    schema: {&quot;loadingURI&quot;:&quot;#&quot;,&quot;pointer&quot;:&quot;/items/properties/email&quot;}&#10;    domain: &quot;syntax&quot;&#10;    ignored: [&quot;examples&quot;]&#10;warning: the following keywords are unknown and will be ignored: [examples]&#10;    level: &quot;warning&quot;&#10;    schema: {&quot;loadingURI&quot;:&quot;#&quot;,&quot;pointer&quot;:&quot;/items/properties/id&quot;}&#10;    domain: &quot;syntax&quot;&#10;    ignored: [&quot;examples&quot;]&#10;warning: the following keywords are unknown and will be ignored: [examples]&#10;    level: &quot;warning&quot;&#10;    schema: {&quot;loadingURI&quot;:&quot;#&quot;,&quot;pointer&quot;:&quot;/items/properties/nome&quot;}&#10;    domain: &quot;syntax&quot;&#10;    ignored: [&quot;examples&quot;]&#10;warning: the following keywords are unknown and will be ignored: [examples]&#10;    level: &quot;warning&quot;&#10;    schema: {&quot;loadingURI&quot;:&quot;#&quot;,&quot;pointer&quot;:&quot;/items/properties/parcelas&quot;}&#10;    domain: &quot;syntax&quot;&#10;    ignored: [&quot;examples&quot;]&#10;warning: the following keywords are unknown and will be ignored: [examples]&#10;    level: &quot;warning&quot;&#10;    schema: {&quot;loadingURI&quot;:&quot;#&quot;,&quot;pointer&quot;:&quot;/items/properties/seguro&quot;}&#10;    domain: &quot;syntax&quot;&#10;    ignored: [&quot;examples&quot;]&#10;warning: the following keywords are unknown and will be ignored: [examples]&#10;    level: &quot;warning&quot;&#10;    schema: {&quot;loadingURI&quot;:&quot;#&quot;,&quot;pointer&quot;:&quot;/items/properties/valor&quot;}&#10;    domain: &quot;syntax&quot;&#10;    ignored: [&quot;examples&quot;]&#10;warning: the following keywords are unknown and will be ignored: [examples]&#10;    level: &quot;warning&quot;&#10;    schema: {&quot;loadingURI&quot;:&quot;#&quot;,&quot;pointer&quot;:&quot;/items&quot;}&#10;    domain: &quot;syntax&quot;&#10;    ignored: [&quot;examples&quot;]&#10;warning: the following keywords are unknown and will be ignored: [examples]&#10;    level: &quot;warning&quot;&#10;    schema: {&quot;loadingURI&quot;:&quot;#&quot;,&quot;pointer&quot;:&quot;/items/properties/cpf&quot;}&#10;    domain: &quot;syntax&quot;&#10;    ignored: [&quot;examples&quot;]&#10;warning: the following keywords are unknown and will be ignored: [examples]&#10;    level: &quot;warning&quot;&#10;    schema: {&quot;loadingURI&quot;:&quot;#&quot;,&quot;pointer&quot;:&quot;/items/properties/email&quot;}&#10;    domain: &quot;syntax&quot;&#10;    ignored: [&quot;examples&quot;]&#10;warning: the following keywords are unknown and will be ignored: [examples]&#10;    level: &quot;warning&quot;&#10;    schema: {&quot;loadingURI&quot;:&quot;#&quot;,&quot;pointer&quot;:&quot;/items/properties/id&quot;}&#10;    domain: &quot;syntax&quot;&#10;    ignored: [&quot;examples&quot;]&#10;warning: the following keywords are unknown and will be ignored: [examples]&#10;    level: &quot;warning&quot;&#10;    schema: {&quot;loadingURI&quot;:&quot;#&quot;,&quot;pointer&quot;:&quot;/items/properties/nome&quot;}&#10;    domain: &quot;syntax&quot;&#10;    ignored: [&quot;examples&quot;]&#10;warning: the following keywords are unknown and will be ignored: [examples]&#10;    level: &quot;warning&quot;&#10;    schema: {&quot;loadingURI&quot;:&quot;#&quot;,&quot;pointer&quot;:&quot;/items/properties/parcelas&quot;}&#10;    domain: &quot;syntax&quot;&#10;    ignored: [&quot;examples&quot;]&#10;warning: the following keywords are unknown and will be ignored: [examples]&#10;    level: &quot;warning&quot;&#10;    schema: {&quot;loadingURI&quot;:&quot;#&quot;,&quot;pointer&quot;:&quot;/items/properties/seguro&quot;}&#10;    domain: &quot;syntax&quot;&#10;    ignored: [&quot;examples&quot;]&#10;warning: the following keywords are unknown and will be ignored: [examples]&#10;    level: &quot;warning&quot;&#10;    schema: {&quot;loadingURI&quot;:&quot;#&quot;,&quot;pointer&quot;:&quot;/items/properties/valor&quot;}&#10;    domain: &quot;syntax&quot;&#10;    ignored: [&quot;examples&quot;]&#10;warning: the following keywords are unknown and will be ignored: [examples]&#10;    level: &quot;warning&quot;&#10;    schema: {&quot;loadingURI&quot;:&quot;#&quot;,&quot;pointer&quot;:&quot;/items&quot;}&#10;    domain: &quot;syntax&quot;&#10;    ignored: [&quot;examples&quot;]&#10;warning: the following keywords are unknown and will be ignored: [examples]&#10;    level: &quot;warning&quot;&#10;    schema: {&quot;loadingURI&quot;:&quot;#&quot;,&quot;pointer&quot;:&quot;/items/properties/cpf&quot;}&#10;    domain: &quot;syntax&quot;&#10;    ignored: [&quot;examples&quot;]&#10;warning: the following keywords are unknown and will be ignored: [examples]&#10;    level: &quot;warning&quot;&#10;    schema: {&quot;loadingURI&quot;:&quot;#&quot;,&quot;pointer&quot;:&quot;/items/properties/email&quot;}&#10;    domain: &quot;syntax&quot;&#10;    ignored: [&quot;examples&quot;]&#10;warning: the following keywords are unknown and will be ignored: [examples]&#10;    level: &quot;warning&quot;&#10;    schema: {&quot;loadingURI&quot;:&quot;#&quot;,&quot;pointer&quot;:&quot;/items/properties/id&quot;}&#10;    domain: &quot;syntax&quot;&#10;    ignored: [&quot;examples&quot;]&#10;warning: the following keywords are unknown and will be ignored: [examples]&#10;    level: &quot;warning&quot;&#10;    schema: {&quot;loadingURI&quot;:&quot;#&quot;,&quot;pointer&quot;:&quot;/items/properties/nome&quot;}&#10;    domain: &quot;syntax&quot;&#10;    ignored: [&quot;examples&quot;]&#10;warning: the following keywords are unknown and will be ignored: [examples]&#10;    level: &quot;warning&quot;&#10;    schema: {&quot;loadingURI&quot;:&quot;#&quot;,&quot;pointer&quot;:&quot;/items/properties/parcelas&quot;}&#10;    domain: &quot;syntax&quot;&#10;    ignored: [&quot;examples&quot;]&#10;warning: the following keywords are unknown and will be ignored: [examples]&#10;    level: &quot;warning&quot;&#10;    schema: {&quot;loadingURI&quot;:&quot;#&quot;,&quot;pointer&quot;:&quot;/items/properties/seguro&quot;}&#10;    domain: &quot;syntax&quot;&#10;    ignored: [&quot;examples&quot;]&#10;warning: the following keywords are unknown and will be ignored: [examples]&#10;    level: &quot;warning&quot;&#10;    schema: {&quot;loadingURI&quot;:&quot;#&quot;,&quot;pointer&quot;:&quot;/items/properties/valor&quot;}&#10;    domain: &quot;syntax&quot;&#10;    ignored: [&quot;examples&quot;]&#10;warning: the following keywords are unknown and will be ignored: [examples]&#10;    level: &quot;warning&quot;&#10;    schema: {&quot;loadingURI&quot;:&quot;#&quot;,&quot;pointer&quot;:&quot;/items&quot;}&#10;    domain: &quot;syntax&quot;&#10;    ignored: [&quot;examples&quot;]&#10;warning: the following keywords are unknown and will be ignored: [examples]&#10;    level: &quot;warning&quot;&#10;    schema: {&quot;loadingURI&quot;:&quot;#&quot;,&quot;pointer&quot;:&quot;/items/properties/cpf&quot;}&#10;    domain: &quot;syntax&quot;&#10;    ignored: [&quot;examples&quot;]&#10;warning: the following keywords are unknown and will be ignored: [examples]&#10;    level: &quot;warning&quot;&#10;    schema: {&quot;loadingURI&quot;:&quot;#&quot;,&quot;pointer&quot;:&quot;/items/properties/email&quot;}&#10;    domain: &quot;syntax&quot;&#10;    ignored: [&quot;examples&quot;]&#10;warning: the following keywords are unknown and will be ignored: [examples]&#10;    level: &quot;warning&quot;&#10;    schema: {&quot;loadingURI&quot;:&quot;#&quot;,&quot;pointer&quot;:&quot;/items/properties/id&quot;}&#10;    domain: &quot;syntax&quot;&#10;    ignored: [&quot;examples&quot;]&#10;warning: the following keywords are unknown and will be ignored: [examples]&#10;    level: &quot;warning&quot;&#10;    schema: {&quot;loadingURI&quot;:&quot;#&quot;,&quot;pointer&quot;:&quot;/items/properties/nome&quot;}&#10;    domain: &quot;syntax&quot;&#10;    ignored: [&quot;examples&quot;]&#10;warning: the following keywords are unknown and will be ignored: [examples]&#10;    level: &quot;warning&quot;&#10;    schema: {&quot;loadingURI&quot;:&quot;#&quot;,&quot;pointer&quot;:&quot;/items/properties/parcelas&quot;}&#10;    domain: &quot;syntax&quot;&#10;    ignored: [&quot;examples&quot;]&#10;warning: the following keywords are unknown and will be ignored: [examples]&#10;    level: &quot;warning&quot;&#10;    schema: {&quot;loadingURI&quot;:&quot;#&quot;,&quot;pointer&quot;:&quot;/items/properties/seguro&quot;}&#10;    domain: &quot;syntax&quot;&#10;    ignored: [&quot;examples&quot;]&#10;warning: the following keywords are unknown and will be ignored: [examples]&#10;    level: &quot;warning&quot;&#10;    schema: {&quot;loadingURI&quot;:&quot;#&quot;,&quot;pointer&quot;:&quot;/items/properties/valor&quot;}&#10;    domain: &quot;syntax&quot;&#10;    ignored: [&quot;examples&quot;]&#10;warning: the following keywords are unknown and will be ignored: [examples]&#10;    level: &quot;warning&quot;&#10;    schema: {&quot;loadingURI&quot;:&quot;#&quot;,&quot;pointer&quot;:&quot;/items&quot;}&#10;    domain: &quot;syntax&quot;&#10;    ignored: [&quot;examples&quot;]&#10;warning: the following keywords are unknown and will be ignored: [examples]&#10;    level: &quot;warning&quot;&#10;    schema: {&quot;loadingURI&quot;:&quot;#&quot;,&quot;pointer&quot;:&quot;/items/properties/cpf&quot;}&#10;    domain: &quot;syntax&quot;&#10;    ignored: [&quot;examples&quot;]&#10;warning: the following keywords are unknown and will be ignored: [examples]&#10;    level: &quot;warning&quot;&#10;    schema: {&quot;loadingURI&quot;:&quot;#&quot;,&quot;pointer&quot;:&quot;/items/properties/email&quot;}&#10;    domain: &quot;syntax&quot;&#10;    ignored: [&quot;examples&quot;]&#10;warning: the following keywords are unknown and will be ignored: [examples]&#10;    level: &quot;warning&quot;&#10;    schema: {&quot;loadingURI&quot;:&quot;#&quot;,&quot;pointer&quot;:&quot;/items/properties/id&quot;}&#10;    domain: &quot;syntax&quot;&#10;    ignored: [&quot;examples&quot;]&#10;warning: the following keywords are unknown and will be ignored: [examples]&#10;    level: &quot;warning&quot;&#10;    schema: {&quot;loadingURI&quot;:&quot;#&quot;,&quot;pointer&quot;:&quot;/items/properties/nome&quot;}&#10;    domain: &quot;syntax&quot;&#10;    ignored: [&quot;examples&quot;]&#10;warning: the following keywords are unknown and will be ignored: [examples]&#10;    level: &quot;warning&quot;&#10;    schema: {&quot;loadingURI&quot;:&quot;#&quot;,&quot;pointer&quot;:&quot;/items/properties/parcelas&quot;}&#10;    domain: &quot;syntax&quot;&#10;    ignored: [&quot;examples&quot;]&#10;warning: the following keywords are unknown and will be ignored: [examples]&#10;    level: &quot;warning&quot;&#10;    schema: {&quot;loadingURI&quot;:&quot;#&quot;,&quot;pointer&quot;:&quot;/items/properties/seguro&quot;}&#10;    domain: &quot;syntax&quot;&#10;    ignored: [&quot;examples&quot;]&#10;warning: the following keywords are unknown and will be ignored: [examples]&#10;    level: &quot;warning&quot;&#10;    schema: {&quot;loadingURI&quot;:&quot;#&quot;,&quot;pointer&quot;:&quot;/items/properties/valor&quot;}&#10;    domain: &quot;syntax&quot;&#10;    ignored: [&quot;examples&quot;]&#10;warning: the following keywords are unknown and will be ignored: [examples]&#10;    level: &quot;warning&quot;&#10;    schema: {&quot;loadingURI&quot;:&quot;#&quot;,&quot;pointer&quot;:&quot;/items&quot;}&#10;    domain: &quot;syntax&quot;&#10;    ignored: [&quot;examples&quot;]&#10;warning: the following keywords are unknown and will be ignored: [examples]&#10;    level: &quot;warning&quot;&#10;    schema: {&quot;loadingURI&quot;:&quot;#&quot;,&quot;pointer&quot;:&quot;/items/properties/cpf&quot;}&#10;    domain: &quot;syntax&quot;&#10;    ignored: [&quot;examples&quot;]&#10;warning: the following keywords are unknown and will be ignored: [examples]&#10;    level: &quot;warning&quot;&#10;    schema: {&quot;loadingURI&quot;:&quot;#&quot;,&quot;pointer&quot;:&quot;/items/properties/email&quot;}&#10;    domain: &quot;syntax&quot;&#10;    ignored: [&quot;examples&quot;]&#10;warning: the following keywords are unknown and will be ignored: [examples]&#10;    level: &quot;warning&quot;&#10;    schema: {&quot;loadingURI&quot;:&quot;#&quot;,&quot;pointer&quot;:&quot;/items/properties/id&quot;}&#10;    domain: &quot;syntax&quot;&#10;    ignored: [&quot;examples&quot;]&#10;warning: the following keywords are unknown and will be ignored: [examples]&#10;    level: &quot;warning&quot;&#10;    schema: {&quot;loadingURI&quot;:&quot;#&quot;,&quot;pointer&quot;:&quot;/items/properties/nome&quot;}&#10;    domain: &quot;syntax&quot;&#10;    ignored: [&quot;examples&quot;]&#10;warning: the following keywords are unknown and will be ignored: [examples]&#10;    level: &quot;warning&quot;&#10;    schema: {&quot;loadingURI&quot;:&quot;#&quot;,&quot;pointer&quot;:&quot;/items/properties/parcelas&quot;}&#10;    domain: &quot;syntax&quot;&#10;    ignored: [&quot;examples&quot;]&#10;warning: the following keywords are unknown and will be ignored: [examples]&#10;    level: &quot;warning&quot;&#10;    schema: {&quot;loadingURI&quot;:&quot;#&quot;,&quot;pointer&quot;:&quot;/items/properties/seguro&quot;}&#10;    domain: &quot;syntax&quot;&#10;    ignored: [&quot;examples&quot;]&#10;warning: the following keywords are unknown and will be ignored: [examples]&#10;    level: &quot;warning&quot;&#10;    schema: {&quot;loadingURI&quot;:&quot;#&quot;,&quot;pointer&quot;:&quot;/items/properties/valor&quot;}&#10;    domain: &quot;syntax&quot;&#10;    ignored: [&quot;examples&quot;]&#10;warning: the following keywords are unknown and will be ignored: [examples]&#10;    level: &quot;warning&quot;&#10;    schema: {&quot;loadingURI&quot;:&quot;#&quot;,&quot;pointer&quot;:&quot;/items&quot;}&#10;    domain: &quot;syntax&quot;&#10;    ignored: [&quot;examples&quot;]&#10;warning: the following keywords are unknown and will be ignored: [examples]&#10;    level: &quot;warning&quot;&#10;    schema: {&quot;loadingURI&quot;:&quot;#&quot;,&quot;pointer&quot;:&quot;/items/properties/cpf&quot;}&#10;    domain: &quot;syntax&quot;&#10;    ignored: [&quot;examples&quot;]&#10;warning: the following keywords are unknown and will be ignored: [examples]&#10;    level: &quot;warning&quot;&#10;    schema: {&quot;loadingURI&quot;:&quot;#&quot;,&quot;pointer&quot;:&quot;/items/properties/email&quot;}&#10;    domain: &quot;syntax&quot;&#10;    ignored: [&quot;examples&quot;]&#10;warning: the following keywords are unknown and will be ignored: [examples]&#10;    level: &quot;warning&quot;&#10;    schema: {&quot;loadingURI&quot;:&quot;#&quot;,&quot;pointer&quot;:&quot;/items/properties/id&quot;}&#10;    domain: &quot;syntax&quot;&#10;    ignored: [&quot;examples&quot;]&#10;warning: the following keywords are unknown and will be ignored: [examples]&#10;    level: &quot;warning&quot;&#10;    schema: {&quot;loadingURI&quot;:&quot;#&quot;,&quot;pointer&quot;:&quot;/items/properties/nome&quot;}&#10;    domain: &quot;syntax&quot;&#10;    ignored: [&quot;examples&quot;]&#10;warning: the following keywords are unknown and will be ignored: [examples]&#10;    level: &quot;warning&quot;&#10;    schema: {&quot;loadingURI&quot;:&quot;#&quot;,&quot;pointer&quot;:&quot;/items/properties/parcelas&quot;}&#10;    domain: &quot;syntax&quot;&#10;    ignored: [&quot;examples&quot;]&#10;warning: the following keywords are unknown and will be ignored: [examples]&#10;    level: &quot;warning&quot;&#10;    schema: {&quot;loadingURI&quot;:&quot;#&quot;,&quot;pointer&quot;:&quot;/items/properties/seguro&quot;}&#10;    domain: &quot;syntax&quot;&#10;    ignored: [&quot;examples&quot;]&#10;warning: the following keywords are unknown and will be ignored: [examples]&#10;    level: &quot;warning&quot;&#10;    schema: {&quot;loadingURI&quot;:&quot;#&quot;,&quot;pointer&quot;:&quot;/items/properties/valor&quot;}&#10;    domain: &quot;syntax&quot;&#10;    ignored: [&quot;examples&quot;]&#10;warning: the following keywords are unknown and will be ignored: [examples]&#10;    level: &quot;warning&quot;&#10;    schema: {&quot;loadingURI&quot;:&quot;#&quot;,&quot;pointer&quot;:&quot;/items&quot;}&#10;    domain: &quot;syntax&quot;&#10;    ignored: [&quot;examples&quot;]&#10;warning: the following keywords are unknown and will be ignored: [examples]&#10;    level: &quot;warning&quot;&#10;    schema: {&quot;loadingURI&quot;:&quot;#&quot;,&quot;pointer&quot;:&quot;/items/properties/cpf&quot;}&#10;    domain: &quot;syntax&quot;&#10;    ignored: [&quot;examples&quot;]&#10;warning: the following keywords are unknown and will be ignored: [examples]&#10;    level: &quot;warning&quot;&#10;    schema: {&quot;loadingURI&quot;:&quot;#&quot;,&quot;pointer&quot;:&quot;/items/properties/email&quot;}&#10;    domain: &quot;syntax&quot;&#10;    ignored: [&quot;examples&quot;]&#10;warning: the following keywords are unknown and will be ignored: [examples]&#10;    level: &quot;warning&quot;&#10;    schema: {&quot;loadingURI&quot;:&quot;#&quot;,&quot;pointer&quot;:&quot;/items/properties/id&quot;}&#10;    domain: &quot;syntax&quot;&#10;    ignored: [&quot;examples&quot;]&#10;warning: the following keywords are unknown and will be ignored: [examples]&#10;    level: &quot;warning&quot;&#10;    schema: {&quot;loadingURI&quot;:&quot;#&quot;,&quot;pointer&quot;:&quot;/items/properties/nome&quot;}&#10;    domain: &quot;syntax&quot;&#10;    ignored: [&quot;examples&quot;]&#10;warning: the following keywords are unknown and will be ignored: [examples]&#10;    level: &quot;warning&quot;&#10;    schema: {&quot;loadingURI&quot;:&quot;#&quot;,&quot;pointer&quot;:&quot;/items/properties/parcelas&quot;}&#10;    domain: &quot;syntax&quot;&#10;    ignored: [&quot;examples&quot;]&#10;warning: the following keywords are unknown and will be ignored: [examples]&#10;    level: &quot;warning&quot;&#10;    schema: {&quot;loadingURI&quot;:&quot;#&quot;,&quot;pointer&quot;:&quot;/items/properties/seguro&quot;}&#10;    domain: &quot;syntax&quot;&#10;    ignored: [&quot;examples&quot;]&#10;warning: the following keywords are unknown and will be ignored: [examples]&#10;    level: &quot;warning&quot;&#10;    schema: {&quot;loadingURI&quot;:&quot;#&quot;,&quot;pointer&quot;:&quot;/items/properties/valor&quot;}&#10;    domain: &quot;syntax&quot;&#10;    ignored: [&quot;examples&quot;]&#10;warning: the following keywords are unknown and will be ignored: [examples]&#10;    level: &quot;warning&quot;&#10;    schema: {&quot;loadingURI&quot;:&quot;#&quot;,&quot;pointer&quot;:&quot;/items&quot;}&#10;    domain: &quot;syntax&quot;&#10;    ignored: [&quot;examples&quot;]&#10;warning: the following keywords are unknown and will be ignored: [examples]&#10;    level: &quot;warning&quot;&#10;    schema: {&quot;loadingURI&quot;:&quot;#&quot;,&quot;pointer&quot;:&quot;/items/properties/cpf&quot;}&#10;    domain: &quot;syntax&quot;&#10;    ignored: [&quot;examples&quot;]&#10;warning: the following keywords are unknown and will be ignored: [examples]&#10;    level: &quot;warning&quot;&#10;    schema: {&quot;loadingURI&quot;:&quot;#&quot;,&quot;pointer&quot;:&quot;/items/properties/email&quot;}&#10;    domain: &quot;syntax&quot;&#10;    ignored: [&quot;examples&quot;]&#10;warning: the following keywords are unknown and will be ignored: [examples]&#10;    level: &quot;warning&quot;&#10;    schema: {&quot;loadingURI&quot;:&quot;#&quot;,&quot;pointer&quot;:&quot;/items/properties/id&quot;}&#10;    domain: &quot;syntax&quot;&#10;    ignored: [&quot;examples&quot;]&#10;warning: the following keywords are unknown and will be ignored: [examples]&#10;    level: &quot;warning&quot;&#10;    schema: {&quot;loadingURI&quot;:&quot;#&quot;,&quot;pointer&quot;:&quot;/items/properties/nome&quot;}&#10;    domain: &quot;syntax&quot;&#10;    ignored: [&quot;examples&quot;]&#10;warning: the following keywords are unknown and will be ignored: [examples]&#10;    level: &quot;warning&quot;&#10;    schema: {&quot;loadingURI&quot;:&quot;#&quot;,&quot;pointer&quot;:&quot;/items/properties/parcelas&quot;}&#10;    domain: &quot;syntax&quot;&#10;    ignored: [&quot;examples&quot;]&#10;warning: the following keywords are unknown and will be ignored: [examples]&#10;    level: &quot;warning&quot;&#10;    schema: {&quot;loadingURI&quot;:&quot;#&quot;,&quot;pointer&quot;:&quot;/items/properties/seguro&quot;}&#10;    domain: &quot;syntax&quot;&#10;    ignored: [&quot;examples&quot;]&#10;warning: the following keywords are unknown and will be ignored: [examples]&#10;    level: &quot;warning&quot;&#10;    schema: {&quot;loadingURI&quot;:&quot;#&quot;,&quot;pointer&quot;:&quot;/items/properties/valor&quot;}&#10;    domain: &quot;syntax&quot;&#10;    ignored: [&quot;examples&quot;]&#10;warning: the following keywords are unknown and will be ignored: [examples]&#10;    level: &quot;warning&quot;&#10;    schema: {&quot;loadingURI&quot;:&quot;#&quot;,&quot;pointer&quot;:&quot;/items&quot;}&#10;    domain: &quot;syntax&quot;&#10;    ignored: [&quot;examples&quot;]&#10;warning: the following keywords are unknown and will be ignored: [examples]&#10;    level: &quot;warning&quot;&#10;    schema: {&quot;loadingURI&quot;:&quot;#&quot;,&quot;pointer&quot;:&quot;/items/properties/cpf&quot;}&#10;    domain: &quot;syntax&quot;&#10;    ignored: [&quot;examples&quot;]&#10;warning: the following keywords are unknown and will be ignored: [examples]&#10;    level: &quot;warning&quot;&#10;    schema: {&quot;loadingURI&quot;:&quot;#&quot;,&quot;pointer&quot;:&quot;/items/properties/email&quot;}&#10;    domain: &quot;syntax&quot;&#10;    ignored: [&quot;examples&quot;]&#10;warning: the following keywords are unknown and will be ignored: [examples]&#10;    level: &quot;warning&quot;&#10;    schema: {&quot;loadingURI&quot;:&quot;#&quot;,&quot;pointer&quot;:&quot;/items/properties/id&quot;}&#10;    domain: &quot;syntax&quot;&#10;    ignored: [&quot;examples&quot;]&#10;warning: the following keywords are unknown and will be ignored: [examples]&#10;    level: &quot;warning&quot;&#10;    schema: {&quot;loadingURI&quot;:&quot;#&quot;,&quot;pointer&quot;:&quot;/items/properties/nome&quot;}&#10;    domain: &quot;syntax&quot;&#10;    ignored: [&quot;examples&quot;]&#10;warning: the following keywords are unknown and will be ignored: [examples]&#10;    level: &quot;warning&quot;&#10;    schema: {&quot;loadingURI&quot;:&quot;#&quot;,&quot;pointer&quot;:&quot;/items/properties/parcelas&quot;}&#10;    domain: &quot;syntax&quot;&#10;    ignored: [&quot;examples&quot;]&#10;warning: the following keywords are unknown and will be ignored: [examples]&#10;    level: &quot;warning&quot;&#10;    schema: {&quot;loadingURI&quot;:&quot;#&quot;,&quot;pointer&quot;:&quot;/items/properties/seguro&quot;}&#10;    domain: &quot;syntax&quot;&#10;    ignored: [&quot;examples&quot;]&#10;warning: the following keywords are unknown and will be ignored: [examples]&#10;    level: &quot;warning&quot;&#10;    schema: {&quot;loadingURI&quot;:&quot;#&quot;,&quot;pointer&quot;:&quot;/items/properties/valor&quot;}&#10;    domain: &quot;syntax&quot;&#10;    ignored: [&quot;examples&quot;]&#10;warning: the following keywords are unknown and will be ignored: [examples]&#10;    level: &quot;warning&quot;&#10;    schema: {&quot;loadingURI&quot;:&quot;#&quot;,&quot;pointer&quot;:&quot;/items&quot;}&#10;    domain: &quot;syntax&quot;&#10;    ignored: [&quot;examples&quot;]&#10;warning: the following keywords are unknown and will be ignored: [examples]&#10;    level: &quot;warning&quot;&#10;    schema: {&quot;loadingURI&quot;:&quot;#&quot;,&quot;pointer&quot;:&quot;/items/properties/cpf&quot;}&#10;    domain: &quot;syntax&quot;&#10;    ignored: [&quot;examples&quot;]&#10;warning: the following keywords are unknown and will be ignored: [examples]&#10;    level: &quot;warning&quot;&#10;    schema: {&quot;loadingURI&quot;:&quot;#&quot;,&quot;pointer&quot;:&quot;/items/properties/email&quot;}&#10;    domain: &quot;syntax&quot;&#10;    ignored: [&quot;examples&quot;]&#10;warning: the following keywords are unknown and will be ignored: [examples]&#10;    level: &quot;warning&quot;&#10;    schema: {&quot;loadingURI&quot;:&quot;#&quot;,&quot;pointer&quot;:&quot;/items/properties/id&quot;}&#10;    domain: &quot;syntax&quot;&#10;    ignored: [&quot;examples&quot;]&#10;warning: the following keywords are unknown and will be ignored: [examples]&#10;    level: &quot;warning&quot;&#10;    schema: {&quot;loadingURI&quot;:&quot;#&quot;,&quot;pointer&quot;:&quot;/items/properties/nome&quot;}&#10;    domain: &quot;syntax&quot;&#10;    ignored: [&quot;examples&quot;]&#10;warning: the following keywords are unknown and will be ignored: [examples]&#10;    level: &quot;warning&quot;&#10;    schema: {&quot;loadingURI&quot;:&quot;#&quot;,&quot;pointer&quot;:&quot;/items/properties/parcelas&quot;}&#10;    domain: &quot;syntax&quot;&#10;    ignored: [&quot;examples&quot;]&#10;warning: the following keywords are unknown and will be ignored: [examples]&#10;    level: &quot;warning&quot;&#10;    schema: {&quot;loadingURI&quot;:&quot;#&quot;,&quot;pointer&quot;:&quot;/items/properties/seguro&quot;}&#10;    domain: &quot;syntax&quot;&#10;    ignored: [&quot;examples&quot;]&#10;warning: the following keywords are unknown and will be ignored: [examples]&#10;    level: &quot;warning&quot;&#10;    schema: {&quot;loadingURI&quot;:&quot;#&quot;,&quot;pointer&quot;:&quot;/items/properties/valor&quot;}&#10;    domain: &quot;syntax&quot;&#10;    ignored: [&quot;examples&quot;]&#10;warning: the following keywords are unknown and will be ignored: [examples]&#10;    level: &quot;warning&quot;&#10;    schema: {&quot;loadingURI&quot;:&quot;#&quot;,&quot;pointer&quot;:&quot;/items&quot;}&#10;    domain: &quot;syntax&quot;&#10;    ignored: [&quot;examples&quot;]&#10;warning: the following keywords are unknown and will be ignored: [examples]&#10;    level: &quot;warning&quot;&#10;    schema: {&quot;loadingURI&quot;:&quot;#&quot;,&quot;pointer&quot;:&quot;/items/properties/cpf&quot;}&#10;    domain: &quot;syntax&quot;&#10;    ignored: [&quot;examples&quot;]&#10;warning: the following keywords are unknown and will be ignored: [examples]&#10;    level: &quot;warning&quot;&#10;    schema: {&quot;loadingURI&quot;:&quot;#&quot;,&quot;pointer&quot;:&quot;/items/properties/email&quot;}&#10;    domain: &quot;syntax&quot;&#10;    ignored: [&quot;examples&quot;]&#10;warning: the following keywords are unknown and will be ignored: [examples]&#10;    level: &quot;warning&quot;&#10;    schema: {&quot;loadingURI&quot;:&quot;#&quot;,&quot;pointer&quot;:&quot;/items/properties/id&quot;}&#10;    domain: &quot;syntax&quot;&#10;    ignored: [&quot;examples&quot;]&#10;warning: the following keywords are unknown and will be ignored: [examples]&#10;    level: &quot;warning&quot;&#10;    schema: {&quot;loadingURI&quot;:&quot;#&quot;,&quot;pointer&quot;:&quot;/items/properties/nome&quot;}&#10;    domain: &quot;syntax&quot;&#10;    ignored: [&quot;examples&quot;]&#10;warning: the following keywords are unknown and will be ignored: [examples]&#10;    level: &quot;warning&quot;&#10;    schema: {&quot;loadingURI&quot;:&quot;#&quot;,&quot;pointer&quot;:&quot;/items/properties/parcelas&quot;}&#10;    domain: &quot;syntax&quot;&#10;    ignored: [&quot;examples&quot;]&#10;warning: the following keywords are unknown and will be ignored: [examples]&#10;    level: &quot;warning&quot;&#10;    schema: {&quot;loadingURI&quot;:&quot;#&quot;,&quot;pointer&quot;:&quot;/items/properties/seguro&quot;}&#10;    domain: &quot;syntax&quot;&#10;    ignored: [&quot;examples&quot;]&#10;warning: the following keywords are unknown and will be ignored: [examples]&#10;    level: &quot;warning&quot;&#10;    schema: {&quot;loadingURI&quot;:&quot;#&quot;,&quot;pointer&quot;:&quot;/items/properties/valor&quot;}&#10;    domain: &quot;syntax&quot;&#10;    ignored: [&quot;examples&quot;]&#10;warning: the following keywords are unknown and will be ignored: [examples]&#10;    level: &quot;warning&quot;&#10;    schema: {&quot;loadingURI&quot;:&quot;#&quot;,&quot;pointer&quot;:&quot;/items&quot;}&#10;    domain: &quot;syntax&quot;&#10;    ignored: [&quot;examples&quot;]&#10;warning: the following keywords are unknown and will be ignored: [examples]&#10;    level: &quot;warning&quot;&#10;    schema: {&quot;loadingURI&quot;:&quot;#&quot;,&quot;pointer&quot;:&quot;/items/properties/cpf&quot;}&#10;    domain: &quot;syntax&quot;&#10;    ignored: [&quot;examples&quot;]&#10;warning: the following keywords are unknown and will be ignored: [examples]&#10;    level: &quot;warning&quot;&#10;    schema: {&quot;loadingURI&quot;:&quot;#&quot;,&quot;pointer&quot;:&quot;/items/properties/email&quot;}&#10;    domain: &quot;syntax&quot;&#10;    ignored: [&quot;examples&quot;]&#10;warning: the following keywords are unknown and will be ignored: [examples]&#10;    level: &quot;warning&quot;&#10;    schema: {&quot;loadingURI&quot;:&quot;#&quot;,&quot;pointer&quot;:&quot;/items/properties/id&quot;}&#10;    domain: &quot;syntax&quot;&#10;    ignored: [&quot;examples&quot;]&#10;warning: the following keywords are unknown and will be ignored: [examples]&#10;    level: &quot;warning&quot;&#10;    schema: {&quot;loadingURI&quot;:&quot;#&quot;,&quot;pointer&quot;:&quot;/items/properties/nome&quot;}&#10;    domain: &quot;syntax&quot;&#10;    ignored: [&quot;examples&quot;]&#10;warning: the following keywords are unknown and will be ignored: [examples]&#10;    level: &quot;warning&quot;&#10;    schema: {&quot;loadingURI&quot;:&quot;#&quot;,&quot;pointer&quot;:&quot;/items/properties/parcelas&quot;}&#10;    domain: &quot;syntax&quot;&#10;    ignored: [&quot;examples&quot;]&#10;warning: the following keywords are unknown and will be ignored: [examples]&#10;    level: &quot;warning&quot;&#10;    schema: {&quot;loadingURI&quot;:&quot;#&quot;,&quot;pointer&quot;:&quot;/items/properties/seguro&quot;}&#10;    domain: &quot;syntax&quot;&#10;    ignored: [&quot;examples&quot;]&#10;warning: the following keywords are unknown and will be ignored: [examples]&#10;    level: &quot;warning&quot;&#10;    schema: {&quot;loadingURI&quot;:&quot;#&quot;,&quot;pointer&quot;:&quot;/items/properties/valor&quot;}&#10;    domain: &quot;syntax&quot;&#10;    ignored: [&quot;examples&quot;]&#10;warning: the following keywords are unknown and will be ignored: [examples]&#10;    level: &quot;warning&quot;&#10;    schema: {&quot;loadingURI&quot;:&quot;#&quot;,&quot;pointer&quot;:&quot;/items&quot;}&#10;    domain: &quot;syntax&quot;&#10;    ignored: [&quot;examples&quot;]&#10;warning: the following keywords are unknown and will be ignored: [examples]&#10;    level: &quot;warning&quot;&#10;    schema: {&quot;loadingURI&quot;:&quot;#&quot;,&quot;pointer&quot;:&quot;/items/properties/cpf&quot;}&#10;    domain: &quot;syntax&quot;&#10;    ignored: [&quot;examples&quot;]&#10;warning: the following keywords are unknown and will be ignored: [examples]&#10;    level: &quot;warning&quot;&#10;    schema: {&quot;loadingURI&quot;:&quot;#&quot;,&quot;pointer&quot;:&quot;/items/properties/email&quot;}&#10;    domain: &quot;syntax&quot;&#10;    ignored: [&quot;examples&quot;]&#10;warning: the following keywords are unknown and will be ignored: [examples]&#10;    level: &quot;warning&quot;&#10;    schema: {&quot;loadingURI&quot;:&quot;#&quot;,&quot;pointer&quot;:&quot;/items/properties/id&quot;}&#10;    domain: &quot;syntax&quot;&#10;    ignored: [&quot;examples&quot;]&#10;warning: the following keywords are unknown and will be ignored: [examples]&#10;    level: &quot;warning&quot;&#10;    schema: {&quot;loadingURI&quot;:&quot;#&quot;,&quot;pointer&quot;:&quot;/items/properties/nome&quot;}&#10;    domain: &quot;syntax&quot;&#10;    ignored: [&quot;examples&quot;]&#10;warning: the following keywords are unknown and will be ignored: [examples]&#10;    level: &quot;warning&quot;&#10;    schema: {&quot;loadingURI&quot;:&quot;#&quot;,&quot;pointer&quot;:&quot;/items/properties/parcelas&quot;}&#10;    domain: &quot;syntax&quot;&#10;    ignored: [&quot;examples&quot;]&#10;warning: the following keywords are unknown and will be ignored: [examples]&#10;    level: &quot;warning&quot;&#10;    schema: {&quot;loadingURI&quot;:&quot;#&quot;,&quot;pointer&quot;:&quot;/items/properties/seguro&quot;}&#10;    domain: &quot;syntax&quot;&#10;    ignored: [&quot;examples&quot;]&#10;warning: the following keywords are unknown and will be ignored: [examples]&#10;    level: &quot;warning&quot;&#10;    schema: {&quot;loadingURI&quot;:&quot;#&quot;,&quot;pointer&quot;:&quot;/items/properties/valor&quot;}&#10;    domain: &quot;syntax&quot;&#10;    ignored: [&quot;examples&quot;]&#10;warning: the following keywords are unknown and will be ignored: [examples]&#10;    level: &quot;warning&quot;&#10;    schema: {&quot;loadingURI&quot;:&quot;#&quot;,&quot;pointer&quot;:&quot;/items&quot;}&#10;    domain: &quot;syntax&quot;&#10;    ignored: [&quot;examples&quot;]&#10;warning: the following keywords are unknown and will be ignored: [examples]&#10;    level: &quot;warning&quot;&#10;    schema: {&quot;loadingURI&quot;:&quot;#&quot;,&quot;pointer&quot;:&quot;/items/properties/cpf&quot;}&#10;    domain: &quot;syntax&quot;&#10;    ignored: [&quot;examples&quot;]&#10;warning: the following keywords are unknown and will be ignored: [examples]&#10;    level: &quot;warning&quot;&#10;    schema: {&quot;loadingURI&quot;:&quot;#&quot;,&quot;pointer&quot;:&quot;/items/properties/email&quot;}&#10;    domain: &quot;syntax&quot;&#10;    ignored: [&quot;examples&quot;]&#10;warning: the following keywords are unknown and will be ignored: [examples]&#10;    level: &quot;warning&quot;&#10;    schema: {&quot;loadingURI&quot;:&quot;#&quot;,&quot;pointer&quot;:&quot;/items/properties/id&quot;}&#10;    domain: &quot;syntax&quot;&#10;    ignored: [&quot;examples&quot;]&#10;warning: the following keywords are unknown and will be ignored: [examples]&#10;    level: &quot;warning&quot;&#10;    schema: {&quot;loadingURI&quot;:&quot;#&quot;,&quot;pointer&quot;:&quot;/items/properties/nome&quot;}&#10;    domain: &quot;syntax&quot;&#10;    ignored: [&quot;examples&quot;]&#10;warning: the following keywords are unknown and will be ignored: [examples]&#10;    level: &quot;warning&quot;&#10;    schema: {&quot;loadingURI&quot;:&quot;#&quot;,&quot;pointer&quot;:&quot;/items/properties/parcelas&quot;}&#10;    domain: &quot;syntax&quot;&#10;    ignored: [&quot;examples&quot;]&#10;warning: the following keywords are unknown and will be ignored: [examples]&#10;    level: &quot;warning&quot;&#10;    schema: {&quot;loadingURI&quot;:&quot;#&quot;,&quot;pointer&quot;:&quot;/items/properties/seguro&quot;}&#10;    domain: &quot;syntax&quot;&#10;    ignored: [&quot;examples&quot;]&#10;warning: the following keywords are unknown and will be ignored: [examples]&#10;    level: &quot;warning&quot;&#10;    schema: {&quot;loadingURI&quot;:&quot;#&quot;,&quot;pointer&quot;:&quot;/items/properties/valor&quot;}&#10;    domain: &quot;syntax&quot;&#10;    ignored: [&quot;examples&quot;]&#10;warning: the following keywords are unknown and will be ignored: [examples]&#10;    level: &quot;warning&quot;&#10;    schema: {&quot;loadingURI&quot;:&quot;#&quot;,&quot;pointer&quot;:&quot;/items&quot;}&#10;    domain: &quot;syntax&quot;&#10;    ignored: [&quot;examples&quot;]&#10;warning: the following keywords are unknown and will be ignored: [examples]&#10;    level: &quot;warning&quot;&#10;    schema: {&quot;loadingURI&quot;:&quot;#&quot;,&quot;pointer&quot;:&quot;/items/properties/cpf&quot;}&#10;    domain: &quot;syntax&quot;&#10;    ignored: [&quot;examples&quot;]&#10;warning: the following keywords are unknown and will be ignored: [examples]&#10;    level: &quot;warning&quot;&#10;    schema: {&quot;loadingURI&quot;:&quot;#&quot;,&quot;pointer&quot;:&quot;/items/properties/email&quot;}&#10;    domain: &quot;syntax&quot;&#10;    ignored: [&quot;examples&quot;]&#10;warning: the following keywords are unknown and will be ignored: [examples]&#10;    level: &quot;warning&quot;&#10;    schema: {&quot;loadingURI&quot;:&quot;#&quot;,&quot;pointer&quot;:&quot;/items/properties/id&quot;}&#10;    domain: &quot;syntax&quot;&#10;    ignored: [&quot;examples&quot;]&#10;warning: the following keywords are unknown and will be ignored: [examples]&#10;    level: &quot;warning&quot;&#10;    schema: {&quot;loadingURI&quot;:&quot;#&quot;,&quot;pointer&quot;:&quot;/items/properties/nome&quot;}&#10;    domain: &quot;syntax&quot;&#10;    ignored: [&quot;examples&quot;]&#10;warning: the following keywords are unknown and will be ignored: [examples]&#10;    level: &quot;warning&quot;&#10;    schema: {&quot;loadingURI&quot;:&quot;#&quot;,&quot;pointer&quot;:&quot;/items/properties/parcelas&quot;}&#10;    domain: &quot;syntax&quot;&#10;    ignored: [&quot;examples&quot;]&#10;warning: the following keywords are unknown and will be ignored: [examples]&#10;    level: &quot;warning&quot;&#10;    schema: {&quot;loadingURI&quot;:&quot;#&quot;,&quot;pointer&quot;:&quot;/items/properties/seguro&quot;}&#10;    domain: &quot;syntax&quot;&#10;    ignored: [&quot;examples&quot;]&#10;warning: the following keywords are unknown and will be ignored: [examples]&#10;    level: &quot;warning&quot;&#10;    schema: {&quot;loadingURI&quot;:&quot;#&quot;,&quot;pointer&quot;:&quot;/items/properties/valor&quot;}&#10;    domain: &quot;syntax&quot;&#10;    ignored: [&quot;examples&quot;]&#10;warning: the following keywords are unknown and will be ignored: [examples]&#10;    level: &quot;warning&quot;&#10;    schema: {&quot;loadingURI&quot;:&quot;#&quot;,&quot;pointer&quot;:&quot;/items&quot;}&#10;    domain: &quot;syntax&quot;&#10;    ignored: [&quot;examples&quot;]&#10;warning: the following keywords are unknown and will be ignored: [examples]&#10;    level: &quot;warning&quot;&#10;    schema: {&quot;loadingURI&quot;:&quot;#&quot;,&quot;pointer&quot;:&quot;/items/properties/cpf&quot;}&#10;    domain: &quot;syntax&quot;&#10;    ignored: [&quot;examples&quot;]&#10;warning: the following keywords are unknown and will be ignored: [examples]&#10;    level: &quot;warning&quot;&#10;    schema: {&quot;loadingURI&quot;:&quot;#&quot;,&quot;pointer&quot;:&quot;/items/properties/email&quot;}&#10;    domain: &quot;syntax&quot;&#10;    ignored: [&quot;examples&quot;]&#10;warning: the following keywords are unknown and will be ignored: [examples]&#10;    level: &quot;warning&quot;&#10;    schema: {&quot;loadingURI&quot;:&quot;#&quot;,&quot;pointer&quot;:&quot;/items/properties/id&quot;}&#10;    domain: &quot;syntax&quot;&#10;    ignored: [&quot;examples&quot;]&#10;warning: the following keywords are unknown and will be ignored: [examples]&#10;    level: &quot;warning&quot;&#10;    schema: {&quot;loadingURI&quot;:&quot;#&quot;,&quot;pointer&quot;:&quot;/items/properties/nome&quot;}&#10;    domain: &quot;syntax&quot;&#10;    ignored: [&quot;examples&quot;]&#10;warning: the following keywords are unknown and will be ignored: [examples]&#10;    level: &quot;warning&quot;&#10;    schema: {&quot;loadingURI&quot;:&quot;#&quot;,&quot;pointer&quot;:&quot;/items/properties/parcelas&quot;}&#10;    domain: &quot;syntax&quot;&#10;    ignored: [&quot;examples&quot;]&#10;warning: the following keywords are unknown and will be ignored: [examples]&#10;    level: &quot;warning&quot;&#10;    schema: {&quot;loadingURI&quot;:&quot;#&quot;,&quot;pointer&quot;:&quot;/items/properties/seguro&quot;}&#10;    domain: &quot;syntax&quot;&#10;    ignored: [&quot;examples&quot;]&#10;warning: the following keywords are unknown and will be ignored: [examples]&#10;    level: &quot;warning&quot;&#10;    schema: {&quot;loadingURI&quot;:&quot;#&quot;,&quot;pointer&quot;:&quot;/items/properties/valor&quot;}&#10;    domain: &quot;syntax&quot;&#10;    ignored: [&quot;examples&quot;]&#10;warning: the following keywords are unknown and will be ignored: [examples]&#10;    level: &quot;warning&quot;&#10;    schema: {&quot;loadingURI&quot;:&quot;#&quot;,&quot;pointer&quot;:&quot;/items&quot;}&#10;    domain: &quot;syntax&quot;&#10;    ignored: [&quot;examples&quot;]&#10;warning: the following keywords are unknown and will be ignored: [examples]&#10;    level: &quot;warning&quot;&#10;    schema: {&quot;loadingURI&quot;:&quot;#&quot;,&quot;pointer&quot;:&quot;/items/properties/cpf&quot;}&#10;    domain: &quot;syntax&quot;&#10;    ignored: [&quot;examples&quot;]&#10;warning: the following keywords are unknown and will be ignored: [examples]&#10;    level: &quot;warning&quot;&#10;    schema: {&quot;loadingURI&quot;:&quot;#&quot;,&quot;pointer&quot;:&quot;/items/properties/email&quot;}&#10;    domain: &quot;syntax&quot;&#10;    ignored: [&quot;examples&quot;]&#10;warning: the following keywords are unknown and will be ignored: [examples]&#10;    level: &quot;warning&quot;&#10;    schema: {&quot;loadingURI&quot;:&quot;#&quot;,&quot;pointer&quot;:&quot;/items/properties/id&quot;}&#10;    domain: &quot;syntax&quot;&#10;    ignored: [&quot;examples&quot;]&#10;warning: the following keywords are unknown and will be ignored: [examples]&#10;    level: &quot;warning&quot;&#10;    schema: {&quot;loadingURI&quot;:&quot;#&quot;,&quot;pointer&quot;:&quot;/items/properties/nome&quot;}&#10;    domain: &quot;syntax&quot;&#10;    ignored: [&quot;examples&quot;]&#10;warning: the following keywords are unknown and will be ignored: [examples]&#10;    level: &quot;warning&quot;&#10;    schema: {&quot;loadingURI&quot;:&quot;#&quot;,&quot;pointer&quot;:&quot;/items/properties/parcelas&quot;}&#10;    domain: &quot;syntax&quot;&#10;    ignored: [&quot;examples&quot;]&#10;warning: the following keywords are unknown and will be ignored: [examples]&#10;    level: &quot;warning&quot;&#10;    schema: {&quot;loadingURI&quot;:&quot;#&quot;,&quot;pointer&quot;:&quot;/items/properties/seguro&quot;}&#10;    domain: &quot;syntax&quot;&#10;    ignored: [&quot;examples&quot;]&#10;warning: the following keywords are unknown and will be ignored: [examples]&#10;    level: &quot;warning&quot;&#10;    schema: {&quot;loadingURI&quot;:&quot;#&quot;,&quot;pointer&quot;:&quot;/items/properties/valor&quot;}&#10;    domain: &quot;syntax&quot;&#10;    ignored: [&quot;examples&quot;]&#10;warning: the following keywords are unknown and will be ignored: [examples]&#10;    level: &quot;warning&quot;&#10;    schema: {&quot;loadingURI&quot;:&quot;#&quot;,&quot;pointer&quot;:&quot;/items&quot;}&#10;    domain: &quot;syntax&quot;&#10;    ignored: [&quot;examples&quot;]&#10;warning: the following keywords are unknown and will be ignored: [examples]&#10;    level: &quot;warning&quot;&#10;    schema: {&quot;loadingURI&quot;:&quot;#&quot;,&quot;pointer&quot;:&quot;/items/properties/cpf&quot;}&#10;    domain: &quot;syntax&quot;&#10;    ignored: [&quot;examples&quot;]&#10;warning: the following keywords are unknown and will be ignored: [examples]&#10;    level: &quot;warning&quot;&#10;    schema: {&quot;loadingURI&quot;:&quot;#&quot;,&quot;pointer&quot;:&quot;/items/properties/email&quot;}&#10;    domain: &quot;syntax&quot;&#10;    ignored: [&quot;examples&quot;]&#10;warning: the following keywords are unknown and will be ignored: [examples]&#10;    level: &quot;warning&quot;&#10;    schema: {&quot;loadingURI&quot;:&quot;#&quot;,&quot;pointer&quot;:&quot;/items/properties/id&quot;}&#10;    domain: &quot;syntax&quot;&#10;    ignored: [&quot;examples&quot;]&#10;warning: the following keywords are unknown and will be ignored: [examples]&#10;    level: &quot;warning&quot;&#10;    schema: {&quot;loadingURI&quot;:&quot;#&quot;,&quot;pointer&quot;:&quot;/items/properties/nome&quot;}&#10;    domain: &quot;syntax&quot;&#10;    ignored: [&quot;examples&quot;]&#10;warning: the following keywords are unknown and will be ignored: [examples]&#10;    level: &quot;warning&quot;&#10;    schema: {&quot;loadingURI&quot;:&quot;#&quot;,&quot;pointer&quot;:&quot;/items/properties/parcelas&quot;}&#10;    domain: &quot;syntax&quot;&#10;    ignored: [&quot;examples&quot;]&#10;warning: the following keywords are unknown and will be ignored: [examples]&#10;    level: &quot;warning&quot;&#10;    schema: {&quot;loadingURI&quot;:&quot;#&quot;,&quot;pointer&quot;:&quot;/items/properties/seguro&quot;}&#10;    domain: &quot;syntax&quot;&#10;    ignored: [&quot;examples&quot;]&#10;warning: the following keywords are unknown and will be ignored: [examples]&#10;    level: &quot;warning&quot;&#10;    schema: {&quot;loadingURI&quot;:&quot;#&quot;,&quot;pointer&quot;:&quot;/items/properties/valor&quot;}&#10;    domain: &quot;syntax&quot;&#10;    ignored: [&quot;examples&quot;]&#10;warning: the following keywords are unknown and will be ignored: [examples]&#10;    level: &quot;warning&quot;&#10;    schema: {&quot;loadingURI&quot;:&quot;#&quot;,&quot;pointer&quot;:&quot;/items&quot;}&#10;    domain: &quot;syntax&quot;&#10;    ignored: [&quot;examples&quot;]&#10;warning: the following keywords are unknown and will be ignored: [examples]&#10;    level: &quot;warning&quot;&#10;    schema: {&quot;loadingURI&quot;:&quot;#&quot;,&quot;pointer&quot;:&quot;/items/properties/cpf&quot;}&#10;    domain: &quot;syntax&quot;&#10;    ignored: [&quot;examples&quot;]&#10;warning: the following keywords are unknown and will be ignored: [examples]&#10;    level: &quot;warning&quot;&#10;    schema: {&quot;loadingURI&quot;:&quot;#&quot;,&quot;pointer&quot;:&quot;/items/properties/email&quot;}&#10;    domain: &quot;syntax&quot;&#10;    ignored: [&quot;examples&quot;]&#10;warning: the following keywords are unknown and will be ignored: [examples]&#10;    level: &quot;warning&quot;&#10;    schema: {&quot;loadingURI&quot;:&quot;#&quot;,&quot;pointer&quot;:&quot;/items/properties/id&quot;}&#10;    domain: &quot;syntax&quot;&#10;    ignored: [&quot;examples&quot;]&#10;warning: the following keywords are unknown and will be ignored: [examples]&#10;    level: &quot;warning&quot;&#10;    schema: {&quot;loadingURI&quot;:&quot;#&quot;,&quot;pointer&quot;:&quot;/items/properties/nome&quot;}&#10;    domain: &quot;syntax&quot;&#10;    ignored: [&quot;examples&quot;]&#10;warning: the following keywords are unknown and will be ignored: [examples]&#10;    level: &quot;warning&quot;&#10;    schema: {&quot;loadingURI&quot;:&quot;#&quot;,&quot;pointer&quot;:&quot;/items/properties/parcelas&quot;}&#10;    domain: &quot;syntax&quot;&#10;    ignored: [&quot;examples&quot;]&#10;warning: the following keywords are unknown and will be ignored: [examples]&#10;    level: &quot;warning&quot;&#10;    schema: {&quot;loadingURI&quot;:&quot;#&quot;,&quot;pointer&quot;:&quot;/items/properties/seguro&quot;}&#10;    domain: &quot;syntax&quot;&#10;    ignored: [&quot;examples&quot;]&#10;warning: the following keywords are unknown and will be ignored: [examples]&#10;    level: &quot;warning&quot;&#10;    schema: {&quot;loadingURI&quot;:&quot;#&quot;,&quot;pointer&quot;:&quot;/items/properties/valor&quot;}&#10;    domain: &quot;syntax&quot;&#10;    ignored: [&quot;examples&quot;]&#10;warning: the following keywords are unknown and will be ignored: [examples]&#10;    level: &quot;warning&quot;&#10;    schema: {&quot;loadingURI&quot;:&quot;#&quot;,&quot;pointer&quot;:&quot;/items&quot;}&#10;    domain: &quot;syntax&quot;&#10;    ignored: [&quot;examples&quot;]&#10;warning: the following keywords are unknown and will be ignored: [examples]&#10;    level: &quot;warning&quot;&#10;    schema: {&quot;loadingURI&quot;:&quot;#&quot;,&quot;pointer&quot;:&quot;/items/properties/cpf&quot;}&#10;    domain: &quot;syntax&quot;&#10;    ignored: [&quot;examples&quot;]&#10;warning: the following keywords are unknown and will be ignored: [examples]&#10;    level: &quot;warning&quot;&#10;    schema: {&quot;loadingURI&quot;:&quot;#&quot;,&quot;pointer&quot;:&quot;/items/properties/email&quot;}&#10;    domain: &quot;syntax&quot;&#10;    ignored: [&quot;examples&quot;]&#10;warning: the following keywords are unknown and will be ignored: [examples]&#10;    level: &quot;warning&quot;&#10;    schema: {&quot;loadingURI&quot;:&quot;#&quot;,&quot;pointer&quot;:&quot;/items/properties/id&quot;}&#10;    domain: &quot;syntax&quot;&#10;    ignored: [&quot;examples&quot;]&#10;warning: the following keywords are unknown and will be ignored: [examples]&#10;    level: &quot;warning&quot;&#10;    schema: {&quot;loadingURI&quot;:&quot;#&quot;,&quot;pointer&quot;:&quot;/items/properties/nome&quot;}&#10;    domain: &quot;syntax&quot;&#10;    ignored: [&quot;examples&quot;]&#10;warning: the following keywords are unknown and will be ignored: [examples]&#10;    level: &quot;warning&quot;&#10;    schema: {&quot;loadingURI&quot;:&quot;#&quot;,&quot;pointer&quot;:&quot;/items/properties/parcelas&quot;}&#10;    domain: &quot;syntax&quot;&#10;    ignored: [&quot;examples&quot;]&#10;warning: the following keywords are unknown and will be ignored: [examples]&#10;    level: &quot;warning&quot;&#10;    schema: {&quot;loadingURI&quot;:&quot;#&quot;,&quot;pointer&quot;:&quot;/items/properties/seguro&quot;}&#10;    domain: &quot;syntax&quot;&#10;    ignored: [&quot;examples&quot;]&#10;warning: the following keywords are unknown and will be ignored: [examples]&#10;    level: &quot;warning&quot;&#10;    schema: {&quot;loadingURI&quot;:&quot;#&quot;,&quot;pointer&quot;:&quot;/items/properties/valor&quot;}&#10;    domain: &quot;syntax&quot;&#10;    ignored: [&quot;examples&quot;]&#10;warning: the following keywords are unknown and will be ignored: [examples]&#10;    level: &quot;warning&quot;&#10;    schema: {&quot;loadingURI&quot;:&quot;#&quot;,&quot;pointer&quot;:&quot;/items&quot;}&#10;    domain: &quot;syntax&quot;&#10;    ignored: [&quot;examples&quot;]&#10;warning: the following keywords are unknown and will be ignored: [examples]&#10;    level: &quot;warning&quot;&#10;    schema: {&quot;loadingURI&quot;:&quot;#&quot;,&quot;pointer&quot;:&quot;/items/properties/cpf&quot;}&#10;    domain: &quot;syntax&quot;&#10;    ignored: [&quot;examples&quot;]&#10;warning: the following keywords are unknown and will be ignored: [examples]&#10;    level: &quot;warning&quot;&#10;    schema: {&quot;loadingURI&quot;:&quot;#&quot;,&quot;pointer&quot;:&quot;/items/properties/email&quot;}&#10;    domain: &quot;syntax&quot;&#10;    ignored: [&quot;examples&quot;]&#10;warning: the following keywords are unknown and will be ignored: [examples]&#10;    level: &quot;warning&quot;&#10;    schema: {&quot;loadingURI&quot;:&quot;#&quot;,&quot;pointer&quot;:&quot;/items/properties/id&quot;}&#10;    domain: &quot;syntax&quot;&#10;    ignored: [&quot;examples&quot;]&#10;warning: the following keywords are unknown and will be ignored: [examples]&#10;    level: &quot;warning&quot;&#10;    schema: {&quot;loadingURI&quot;:&quot;#&quot;,&quot;pointer&quot;:&quot;/items/properties/nome&quot;}&#10;    domain: &quot;syntax&quot;&#10;    ignored: [&quot;examples&quot;]&#10;warning: the following keywords are unknown and will be ignored: [examples]&#10;    level: &quot;warning&quot;&#10;    schema: {&quot;loadingURI&quot;:&quot;#&quot;,&quot;pointer&quot;:&quot;/items/properties/parcelas&quot;}&#10;    domain: &quot;syntax&quot;&#10;    ignored: [&quot;examples&quot;]&#10;warning: the following keywords are unknown and will be ignored: [examples]&#10;    level: &quot;warning&quot;&#10;    schema: {&quot;loadingURI&quot;:&quot;#&quot;,&quot;pointer&quot;:&quot;/items/properties/seguro&quot;}&#10;    domain: &quot;syntax&quot;&#10;    ignored: [&quot;examples&quot;]&#10;warning: the following keywords are unknown and will be ignored: [examples]&#10;    level: &quot;warning&quot;&#10;    schema: {&quot;loadingURI&quot;:&quot;#&quot;,&quot;pointer&quot;:&quot;/items/properties/valor&quot;}&#10;    domain: &quot;syntax&quot;&#10;    ignored: [&quot;examples&quot;]&#10;warning: the following keywords are unknown and will be ignored: [examples]&#10;    level: &quot;warning&quot;&#10;    schema: {&quot;loadingURI&quot;:&quot;#&quot;,&quot;pointer&quot;:&quot;/items&quot;}&#10;    domain: &quot;syntax&quot;&#10;    ignored: [&quot;examples&quot;]&#10;warning: the following keywords are unknown and will be ignored: [examples]&#10;    level: &quot;warning&quot;&#10;    schema: {&quot;loadingURI&quot;:&quot;#&quot;,&quot;pointer&quot;:&quot;/items/properties/cpf&quot;}&#10;    domain: &quot;syntax&quot;&#10;    ignored: [&quot;examples&quot;]&#10;warning: the following keywords are unknown and will be ignored: [examples]&#10;    level: &quot;warning&quot;&#10;    schema: {&quot;loadingURI&quot;:&quot;#&quot;,&quot;pointer&quot;:&quot;/items/properties/email&quot;}&#10;    domain: &quot;syntax&quot;&#10;    ignored: [&quot;examples&quot;]&#10;warning: the following keywords are unknown and will be ignored: [examples]&#10;    level: &quot;warning&quot;&#10;    schema: {&quot;loadingURI&quot;:&quot;#&quot;,&quot;pointer&quot;:&quot;/items/properties/id&quot;}&#10;    domain: &quot;syntax&quot;&#10;    ignored: [&quot;examples&quot;]&#10;warning: the following keywords are unknown and will be ignored: [examples]&#10;    level: &quot;warning&quot;&#10;    schema: {&quot;loadingURI&quot;:&quot;#&quot;,&quot;pointer&quot;:&quot;/items/properties/nome&quot;}&#10;    domain: &quot;syntax&quot;&#10;    ignored: [&quot;examples&quot;]&#10;warning: the following keywords are unknown and will be ignored: [examples]&#10;    level: &quot;warning&quot;&#10;    schema: {&quot;loadingURI&quot;:&quot;#&quot;,&quot;pointer&quot;:&quot;/items/properties/parcelas&quot;}&#10;    domain: &quot;syntax&quot;&#10;    ignored: [&quot;examples&quot;]&#10;warning: the following keywords are unknown and will be ignored: [examples]&#10;    level: &quot;warning&quot;&#10;    schema: {&quot;loadingURI&quot;:&quot;#&quot;,&quot;pointer&quot;:&quot;/items/properties/seguro&quot;}&#10;    domain: &quot;syntax&quot;&#10;    ignored: [&quot;examples&quot;]&#10;warning: the following keywords are unknown and will be ignored: [examples]&#10;    level: &quot;warning&quot;&#10;    schema: {&quot;loadingURI&quot;:&quot;#&quot;,&quot;pointer&quot;:&quot;/items/properties/valor&quot;}&#10;    domain: &quot;syntax&quot;&#10;    ignored: [&quot;examples&quot;]&#10;warning: the following keywords are unknown and will be ignored: [examples]&#10;    level: &quot;warning&quot;&#10;    schema: {&quot;loadingURI&quot;:&quot;#&quot;,&quot;pointer&quot;:&quot;/items&quot;}&#10;    domain: &quot;syntax&quot;&#10;    ignored: [&quot;examples&quot;]&#10;warning: the following keywords are unknown and will be ignored: [examples]&#10;    level: &quot;warning&quot;&#10;    schema: {&quot;loadingURI&quot;:&quot;#&quot;,&quot;pointer&quot;:&quot;/items/properties/cpf&quot;}&#10;    domain: &quot;syntax&quot;&#10;    ignored: [&quot;examples&quot;]&#10;warning: the following keywords are unknown and will be ignored: [examples]&#10;    level: &quot;warning&quot;&#10;    schema: {&quot;loadingURI&quot;:&quot;#&quot;,&quot;pointer&quot;:&quot;/items/properties/email&quot;}&#10;    domain: &quot;syntax&quot;&#10;    ignored: [&quot;examples&quot;]&#10;warning: the following keywords are unknown and will be ignored: [examples]&#10;    level: &quot;warning&quot;&#10;    schema: {&quot;loadingURI&quot;:&quot;#&quot;,&quot;pointer&quot;:&quot;/items/properties/id&quot;}&#10;    domain: &quot;syntax&quot;&#10;    ignored: [&quot;examples&quot;]&#10;warning: the following keywords are unknown and will be ignored: [examples]&#10;    level: &quot;warning&quot;&#10;    schema: {&quot;loadingURI&quot;:&quot;#&quot;,&quot;pointer&quot;:&quot;/items/properties/nome&quot;}&#10;    domain: &quot;syntax&quot;&#10;    ignored: [&quot;examples&quot;]&#10;warning: the following keywords are unknown and will be ignored: [examples]&#10;    level: &quot;warning&quot;&#10;    schema: {&quot;loadingURI&quot;:&quot;#&quot;,&quot;pointer&quot;:&quot;/items/properties/parcelas&quot;}&#10;    domain: &quot;syntax&quot;&#10;    ignored: [&quot;examples&quot;]&#10;warning: the following keywords are unknown and will be ignored: [examples]&#10;    level: &quot;warning&quot;&#10;    schema: {&quot;loadingURI&quot;:&quot;#&quot;,&quot;pointer&quot;:&quot;/items/properties/seguro&quot;}&#10;    domain: &quot;syntax&quot;&#10;    ignored: [&quot;examples&quot;]&#10;warning: the following keywords are unknown and will be ignored: [examples]&#10;    level: &quot;warning&quot;&#10;    schema: {&quot;loadingURI&quot;:&quot;#&quot;,&quot;pointer&quot;:&quot;/items/properties/valor&quot;}&#10;    domain: &quot;syntax&quot;&#10;    ignored: [&quot;examples&quot;]&#10;warning: the following keywords are unknown and will be ignored: [examples]&#10;    level: &quot;warning&quot;&#10;    schema: {&quot;loadingURI&quot;:&quot;#&quot;,&quot;pointer&quot;:&quot;/items&quot;}&#10;    domain: &quot;syntax&quot;&#10;    ignored: [&quot;examples&quot;]&#10;warning: the following keywords are unknown and will be ignored: [examples]&#10;    level: &quot;warning&quot;&#10;    schema: {&quot;loadingURI&quot;:&quot;#&quot;,&quot;pointer&quot;:&quot;/items/properties/cpf&quot;}&#10;    domain: &quot;syntax&quot;&#10;    ignored: [&quot;examples&quot;]&#10;warning: the following keywords are unknown and will be ignored: [examples]&#10;    level: &quot;warning&quot;&#10;    schema: {&quot;loadingURI&quot;:&quot;#&quot;,&quot;pointer&quot;:&quot;/items/properties/email&quot;}&#10;    domain: &quot;syntax&quot;&#10;    ignored: [&quot;examples&quot;]&#10;warning: the following keywords are unknown and will be ignored: [examples]&#10;    level: &quot;warning&quot;&#10;    schema: {&quot;loadingURI&quot;:&quot;#&quot;,&quot;pointer&quot;:&quot;/items/properties/id&quot;}&#10;    domain: &quot;syntax&quot;&#10;    ignored: [&quot;examples&quot;]&#10;warning: the following keywords are unknown and will be ignored: [examples]&#10;    level: &quot;warning&quot;&#10;    schema: {&quot;loadingURI&quot;:&quot;#&quot;,&quot;pointer&quot;:&quot;/items/properties/nome&quot;}&#10;    domain: &quot;syntax&quot;&#10;    ignored: [&quot;examples&quot;]&#10;warning: the following keywords are unknown and will be ignored: [examples]&#10;    level: &quot;warning&quot;&#10;    schema: {&quot;loadingURI&quot;:&quot;#&quot;,&quot;pointer&quot;:&quot;/items/properties/parcelas&quot;}&#10;    domain: &quot;syntax&quot;&#10;    ignored: [&quot;examples&quot;]&#10;warning: the following keywords are unknown and will be ignored: [examples]&#10;    level: &quot;warning&quot;&#10;    schema: {&quot;loadingURI&quot;:&quot;#&quot;,&quot;pointer&quot;:&quot;/items/properties/seguro&quot;}&#10;    domain: &quot;syntax&quot;&#10;    ignored: [&quot;examples&quot;]&#10;warning: the following keywords are unknown and will be ignored: [examples]&#10;    level: &quot;warning&quot;&#10;    schema: {&quot;loadingURI&quot;:&quot;#&quot;,&quot;pointer&quot;:&quot;/items/properties/valor&quot;}&#10;    domain: &quot;syntax&quot;&#10;    ignored: [&quot;examples&quot;]&#10;warning: the following keywords are unknown and will be ignored: [examples]&#10;    level: &quot;warning&quot;&#10;    schema: {&quot;loadingURI&quot;:&quot;#&quot;,&quot;pointer&quot;:&quot;/items&quot;}&#10;    domain: &quot;syntax&quot;&#10;    ignored: [&quot;examples&quot;]&#10;warning: the following keywords are unknown and will be ignored: [examples]&#10;    level: &quot;warning&quot;&#10;    schema: {&quot;loadingURI&quot;:&quot;#&quot;,&quot;pointer&quot;:&quot;/items/properties/cpf&quot;}&#10;    domain: &quot;syntax&quot;&#10;    ignored: [&quot;examples&quot;]&#10;warning: the following keywords are unknown and will be ignored: [examples]&#10;    level: &quot;warning&quot;&#10;    schema: {&quot;loadingURI&quot;:&quot;#&quot;,&quot;pointer&quot;:&quot;/items/properties/email&quot;}&#10;    domain: &quot;syntax&quot;&#10;    ignored: [&quot;examples&quot;]&#10;warning: the following keywords are unknown and will be ignored: [examples]&#10;    level: &quot;warning&quot;&#10;    schema: {&quot;loadingURI&quot;:&quot;#&quot;,&quot;pointer&quot;:&quot;/items/properties/id&quot;}&#10;    domain: &quot;syntax&quot;&#10;    ignored: [&quot;examples&quot;]&#10;warning: the following keywords are unknown and will be ignored: [examples]&#10;    level: &quot;warning&quot;&#10;    schema: {&quot;loadingURI&quot;:&quot;#&quot;,&quot;pointer&quot;:&quot;/items/properties/nome&quot;}&#10;    domain: &quot;syntax&quot;&#10;    ignored: [&quot;examples&quot;]&#10;warning: the following keywords are unknown and will be ignored: [examples]&#10;    level: &quot;warning&quot;&#10;    schema: {&quot;loadingURI&quot;:&quot;#&quot;,&quot;pointer&quot;:&quot;/items/properties/parcelas&quot;}&#10;    domain: &quot;syntax&quot;&#10;    ignored: [&quot;examples&quot;]&#10;warning: the following keywords are unknown and will be ignored: [examples]&#10;    level: &quot;warning&quot;&#10;    schema: {&quot;loadingURI&quot;:&quot;#&quot;,&quot;pointer&quot;:&quot;/items/properties/seguro&quot;}&#10;    domain: &quot;syntax&quot;&#10;    ignored: [&quot;examples&quot;]&#10;warning: the following keywords are unknown and will be ignored: [examples]&#10;    level: &quot;warning&quot;&#10;    schema: {&quot;loadingURI&quot;:&quot;#&quot;,&quot;pointer&quot;:&quot;/items/properties/valor&quot;}&#10;    domain: &quot;syntax&quot;&#10;    ignored: [&quot;examples&quot;]&#10;warning: the following keywords are unknown and will be ignored: [examples]&#10;    level: &quot;warning&quot;&#10;    schema: {&quot;loadingURI&quot;:&quot;#&quot;,&quot;pointer&quot;:&quot;/items&quot;}&#10;    domain: &quot;syntax&quot;&#10;    ignored: [&quot;examples&quot;]&#10;warning: the following keywords are unknown and will be ignored: [examples]&#10;    level: &quot;warning&quot;&#10;    schema: {&quot;loadingURI&quot;:&quot;#&quot;,&quot;pointer&quot;:&quot;/items/properties/cpf&quot;}&#10;    domain: &quot;syntax&quot;&#10;    ignored: [&quot;examples&quot;]&#10;warning: the following keywords are unknown and will be ignored: [examples]&#10;    level: &quot;warning&quot;&#10;    schema: {&quot;loadingURI&quot;:&quot;#&quot;,&quot;pointer&quot;:&quot;/items/properties/email&quot;}&#10;    domain: &quot;syntax&quot;&#10;    ignored: [&quot;examples&quot;]&#10;warning: the following keywords are unknown and will be ignored: [examples]&#10;    level: &quot;warning&quot;&#10;    schema: {&quot;loadingURI&quot;:&quot;#&quot;,&quot;pointer&quot;:&quot;/items/properties/id&quot;}&#10;    domain: &quot;syntax&quot;&#10;    ignored: [&quot;examples&quot;]&#10;warning: the following keywords are unknown and will be ignored: [examples]&#10;    level: &quot;warning&quot;&#10;    schema: {&quot;loadingURI&quot;:&quot;#&quot;,&quot;pointer&quot;:&quot;/items/properties/nome&quot;}&#10;    domain: &quot;syntax&quot;&#10;    ignored: [&quot;examples&quot;]&#10;warning: the following keywords are unknown and will be ignored: [examples]&#10;    level: &quot;warning&quot;&#10;    schema: {&quot;loadingURI&quot;:&quot;#&quot;,&quot;pointer&quot;:&quot;/items/properties/parcelas&quot;}&#10;    domain: &quot;syntax&quot;&#10;    ignored: [&quot;examples&quot;]&#10;warning: the following keywords are unknown and will be ignored: [examples]&#10;    level: &quot;warning&quot;&#10;    schema: {&quot;loadingURI&quot;:&quot;#&quot;,&quot;pointer&quot;:&quot;/items/properties/seguro&quot;}&#10;    domain: &quot;syntax&quot;&#10;    ignored: [&quot;examples&quot;]&#10;warning: the following keywords are unknown and will be ignored: [examples]&#10;    level: &quot;warning&quot;&#10;    schema: {&quot;loadingURI&quot;:&quot;#&quot;,&quot;pointer&quot;:&quot;/items/properties/valor&quot;}&#10;    domain: &quot;syntax&quot;&#10;    ignored: [&quot;examples&quot;]&#10;warning: the following keywords are unknown and will be ignored: [examples]&#10;    level: &quot;warning&quot;&#10;    schema: {&quot;loadingURI&quot;:&quot;#&quot;,&quot;pointer&quot;:&quot;/items&quot;}&#10;    domain: &quot;syntax&quot;&#10;    ignored: [&quot;examples&quot;]&#10;warning: the following keywords are unknown and will be ignored: [examples]&#10;    level: &quot;warning&quot;&#10;    schema: {&quot;loadingURI&quot;:&quot;#&quot;,&quot;pointer&quot;:&quot;/items/properties/cpf&quot;}&#10;    domain: &quot;syntax&quot;&#10;    ignored: [&quot;examples&quot;]&#10;warning: the following keywords are unknown and will be ignored: [examples]&#10;    level: &quot;warning&quot;&#10;    schema: {&quot;loadingURI&quot;:&quot;#&quot;,&quot;pointer&quot;:&quot;/items/properties/email&quot;}&#10;    domain: &quot;syntax&quot;&#10;    ignored: [&quot;examples&quot;]&#10;warning: the following keywords are unknown and will be ignored: [examples]&#10;    level: &quot;warning&quot;&#10;    schema: {&quot;loadingURI&quot;:&quot;#&quot;,&quot;pointer&quot;:&quot;/items/properties/id&quot;}&#10;    domain: &quot;syntax&quot;&#10;    ignored: [&quot;examples&quot;]&#10;warning: the following keywords are unknown and will be ignored: [examples]&#10;    level: &quot;warning&quot;&#10;    schema: {&quot;loadingURI&quot;:&quot;#&quot;,&quot;pointer&quot;:&quot;/items/properties/nome&quot;}&#10;    domain: &quot;syntax&quot;&#10;    ignored: [&quot;examples&quot;]&#10;warning: the following keywords are unknown and will be ignored: [examples]&#10;    level: &quot;warning&quot;&#10;    schema: {&quot;loadingURI&quot;:&quot;#&quot;,&quot;pointer&quot;:&quot;/items/properties/parcelas&quot;}&#10;    domain: &quot;syntax&quot;&#10;    ignored: [&quot;examples&quot;]&#10;warning: the following keywords are unknown and will be ignored: [examples]&#10;    level: &quot;warning&quot;&#10;    schema: {&quot;loadingURI&quot;:&quot;#&quot;,&quot;pointer&quot;:&quot;/items/properties/seguro&quot;}&#10;    domain: &quot;syntax&quot;&#10;    ignored: [&quot;examples&quot;]&#10;warning: the following keywords are unknown and will be ignored: [examples]&#10;    level: &quot;warning&quot;&#10;    schema: {&quot;loadingURI&quot;:&quot;#&quot;,&quot;pointer&quot;:&quot;/items/properties/valor&quot;}&#10;    domain: &quot;syntax&quot;&#10;    ignored: [&quot;examples&quot;]&#10;warning: the following keywords are unknown and will be ignored: [examples]&#10;    level: &quot;warning&quot;&#10;    schema: {&quot;loadingURI&quot;:&quot;#&quot;,&quot;pointer&quot;:&quot;/items&quot;}&#10;    domain: &quot;syntax&quot;&#10;    ignored: [&quot;examples&quot;]&#10;warning: the following keywords are unknown and will be ignored: [examples]&#10;    level: &quot;warning&quot;&#10;    schema: {&quot;loadingURI&quot;:&quot;#&quot;,&quot;pointer&quot;:&quot;/items/properties/cpf&quot;}&#10;    domain: &quot;syntax&quot;&#10;    ignored: [&quot;examples&quot;]&#10;warning: the following keywords are unknown and will be ignored: [examples]&#10;    level: &quot;warning&quot;&#10;    schema: {&quot;loadingURI&quot;:&quot;#&quot;,&quot;pointer&quot;:&quot;/items/properties/email&quot;}&#10;    domain: &quot;syntax&quot;&#10;    ignored: [&quot;examples&quot;]&#10;warning: the following keywords are unknown and will be ignored: [examples]&#10;    level: &quot;warning&quot;&#10;    schema: {&quot;loadingURI&quot;:&quot;#&quot;,&quot;pointer&quot;:&quot;/items/properties/id&quot;}&#10;    domain: &quot;syntax&quot;&#10;    ignored: [&quot;examples&quot;]&#10;warning: the following keywords are unknown and will be ignored: [examples]&#10;    level: &quot;warning&quot;&#10;    schema: {&quot;loadingURI&quot;:&quot;#&quot;,&quot;pointer&quot;:&quot;/items/properties/nome&quot;}&#10;    domain: &quot;syntax&quot;&#10;    ignored: [&quot;examples&quot;]&#10;warning: the following keywords are unknown and will be ignored: [examples]&#10;    level: &quot;warning&quot;&#10;    schema: {&quot;loadingURI&quot;:&quot;#&quot;,&quot;pointer&quot;:&quot;/items/properties/parcelas&quot;}&#10;    domain: &quot;syntax&quot;&#10;    ignored: [&quot;examples&quot;]&#10;warning: the following keywords are unknown and will be ignored: [examples]&#10;    level: &quot;warning&quot;&#10;    schema: {&quot;loadingURI&quot;:&quot;#&quot;,&quot;pointer&quot;:&quot;/items/properties/seguro&quot;}&#10;    domain: &quot;syntax&quot;&#10;    ignored: [&quot;examples&quot;]&#10;warning: the following keywords are unknown and will be ignored: [examples]&#10;    level: &quot;warning&quot;&#10;    schema: {&quot;loadingURI&quot;:&quot;#&quot;,&quot;pointer&quot;:&quot;/items/properties/valor&quot;}&#10;    domain: &quot;syntax&quot;&#10;    ignored: [&quot;examples&quot;]&#10;warning: the following keywords are unknown and will be ignored: [examples]&#10;    level: &quot;warning&quot;&#10;    schema: {&quot;loadingURI&quot;:&quot;#&quot;,&quot;pointer&quot;:&quot;/items&quot;}&#10;    domain: &quot;syntax&quot;&#10;    ignored: [&quot;examples&quot;]&#10;warning: the following keywords are unknown and will be ignored: [examples]&#10;    level: &quot;warning&quot;&#10;    schema: {&quot;loadingURI&quot;:&quot;#&quot;,&quot;pointer&quot;:&quot;/items/properties/cpf&quot;}&#10;    domain: &quot;syntax&quot;&#10;    ignored: [&quot;examples&quot;]&#10;warning: the following keywords are unknown and will be ignored: [examples]&#10;    level: &quot;warning&quot;&#10;    schema: {&quot;loadingURI&quot;:&quot;#&quot;,&quot;pointer&quot;:&quot;/items/properties/email&quot;}&#10;    domain: &quot;syntax&quot;&#10;    ignored: [&quot;examples&quot;]&#10;warning: the following keywords are unknown and will be ignored: [examples]&#10;    level: &quot;warning&quot;&#10;    schema: {&quot;loadingURI&quot;:&quot;#&quot;,&quot;pointer&quot;:&quot;/items/properties/id&quot;}&#10;    domain: &quot;syntax&quot;&#10;    ignored: [&quot;examples&quot;]&#10;warning: the following keywords are unknown and will be ignored: [examples]&#10;    level: &quot;warning&quot;&#10;    schema: {&quot;loadingURI&quot;:&quot;#&quot;,&quot;pointer&quot;:&quot;/items/properties/nome&quot;}&#10;    domain: &quot;syntax&quot;&#10;    ignored: [&quot;examples&quot;]&#10;warning: the following keywords are unknown and will be ignored: [examples]&#10;    level: &quot;warning&quot;&#10;    schema: {&quot;loadingURI&quot;:&quot;#&quot;,&quot;pointer&quot;:&quot;/items/properties/parcelas&quot;}&#10;    domain: &quot;syntax&quot;&#10;    ignored: [&quot;examples&quot;]&#10;warning: the following keywords are unknown and will be ignored: [examples]&#10;    level: &quot;warning&quot;&#10;    schema: {&quot;loadingURI&quot;:&quot;#&quot;,&quot;pointer&quot;:&quot;/items/properties/seguro&quot;}&#10;    domain: &quot;syntax&quot;&#10;    ignored: [&quot;examples&quot;]&#10;warning: the following keywords are unknown and will be ignored: [examples]&#10;    level: &quot;warning&quot;&#10;    schema: {&quot;loadingURI&quot;:&quot;#&quot;,&quot;pointer&quot;:&quot;/items/properties/valor&quot;}&#10;    domain: &quot;syntax&quot;&#10;    ignored: [&quot;examples&quot;]&#10;warning: the following keywords are unknown and will be ignored: [examples]&#10;    level: &quot;warning&quot;&#10;    schema: {&quot;loadingURI&quot;:&quot;#&quot;,&quot;pointer&quot;:&quot;/items&quot;}&#10;    domain: &quot;syntax&quot;&#10;    ignored: [&quot;examples&quot;]&#10;warning: the following keywords are unknown and will be ignored: [examples]&#10;    level: &quot;warning&quot;&#10;    schema: {&quot;loadingURI&quot;:&quot;#&quot;,&quot;pointer&quot;:&quot;/items/properties/cpf&quot;}&#10;    domain: &quot;syntax&quot;&#10;    ignored: [&quot;examples&quot;]&#10;warning: the following keywords are unknown and will be ignored: [examples]&#10;    level: &quot;warning&quot;&#10;    schema: {&quot;loadingURI&quot;:&quot;#&quot;,&quot;pointer&quot;:&quot;/items/properties/email&quot;}&#10;    domain: &quot;syntax&quot;&#10;    ignored: [&quot;examples&quot;]&#10;warning: the following keywords are unknown and will be ignored: [examples]&#10;    level: &quot;warning&quot;&#10;    schema: {&quot;loadingURI&quot;:&quot;#&quot;,&quot;pointer&quot;:&quot;/items/properties/id&quot;}&#10;    domain: &quot;syntax&quot;&#10;    ignored: [&quot;examples&quot;]&#10;warning: the following keywords are unknown and will be ignored: [examples]&#10;    level: &quot;warning&quot;&#10;    schema: {&quot;loadingURI&quot;:&quot;#&quot;,&quot;pointer&quot;:&quot;/items/properties/nome&quot;}&#10;    domain: &quot;syntax&quot;&#10;    ignored: [&quot;examples&quot;]&#10;warning: the following keywords are unknown and will be ignored: [examples]&#10;    level: &quot;warning&quot;&#10;    schema: {&quot;loadingURI&quot;:&quot;#&quot;,&quot;pointer&quot;:&quot;/items/properties/parcelas&quot;}&#10;    domain: &quot;syntax&quot;&#10;    ignored: [&quot;examples&quot;]&#10;warning: the following keywords are unknown and will be ignored: [examples]&#10;    level: &quot;warning&quot;&#10;    schema: {&quot;loadingURI&quot;:&quot;#&quot;,&quot;pointer&quot;:&quot;/items/properties/seguro&quot;}&#10;    domain: &quot;syntax&quot;&#10;    ignored: [&quot;examples&quot;]&#10;warning: the following keywords are unknown and will be ignored: [examples]&#10;    level: &quot;warning&quot;&#10;    schema: {&quot;loadingURI&quot;:&quot;#&quot;,&quot;pointer&quot;:&quot;/items/properties/valor&quot;}&#10;    domain: &quot;syntax&quot;&#10;    ignored: [&quot;examples&quot;]&#10;warning: the following keywords are unknown and will be ignored: [examples]&#10;    level: &quot;warning&quot;&#10;    schema: {&quot;loadingURI&quot;:&quot;#&quot;,&quot;pointer&quot;:&quot;/items&quot;}&#10;    domain: &quot;syntax&quot;&#10;    ignored: [&quot;examples&quot;]&#10;warning: the following keywords are unknown and will be ignored: [examples]&#10;    level: &quot;warning&quot;&#10;    schema: {&quot;loadingURI&quot;:&quot;#&quot;,&quot;pointer&quot;:&quot;/items/properties/cpf&quot;}&#10;    domain: &quot;syntax&quot;&#10;    ignored: [&quot;examples&quot;]&#10;warning: the following keywords are unknown and will be ignored: [examples]&#10;    level: &quot;warning&quot;&#10;    schema: {&quot;loadingURI&quot;:&quot;#&quot;,&quot;pointer&quot;:&quot;/items/properties/email&quot;}&#10;    domain: &quot;syntax&quot;&#10;    ignored: [&quot;examples&quot;]&#10;warning: the following keywords are unknown and will be ignored: [examples]&#10;    level: &quot;warning&quot;&#10;    schema: {&quot;loadingURI&quot;:&quot;#&quot;,&quot;pointer&quot;:&quot;/items/properties/id&quot;}&#10;    domain: &quot;syntax&quot;&#10;    ignored: [&quot;examples&quot;]&#10;warning: the following keywords are unknown and will be ignored: [examples]&#10;    level: &quot;warning&quot;&#10;    schema: {&quot;loadingURI&quot;:&quot;#&quot;,&quot;pointer&quot;:&quot;/items/properties/nome&quot;}&#10;    domain: &quot;syntax&quot;&#10;    ignored: [&quot;examples&quot;]&#10;warning: the following keywords are unknown and will be ignored: [examples]&#10;    level: &quot;warning&quot;&#10;    schema: {&quot;loadingURI&quot;:&quot;#&quot;,&quot;pointer&quot;:&quot;/items/properties/parcelas&quot;}&#10;    domain: &quot;syntax&quot;&#10;    ignored: [&quot;examples&quot;]&#10;warning: the following keywords are unknown and will be ignored: [examples]&#10;    level: &quot;warning&quot;&#10;    schema: {&quot;loadingURI&quot;:&quot;#&quot;,&quot;pointer&quot;:&quot;/items/properties/seguro&quot;}&#10;    domain: &quot;syntax&quot;&#10;    ignored: [&quot;examples&quot;]&#10;warning: the following keywords are unknown and will be ignored: [examples]&#10;    level: &quot;warning&quot;&#10;    schema: {&quot;loadingURI&quot;:&quot;#&quot;,&quot;pointer&quot;:&quot;/items/properties/valor&quot;}&#10;    domain: &quot;syntax&quot;&#10;    ignored: [&quot;examples&quot;]&#10;warning: the following keywords are unknown and will be ignored: [examples]&#10;    level: &quot;warning&quot;&#10;    schema: {&quot;loadingURI&quot;:&quot;#&quot;,&quot;pointer&quot;:&quot;/items&quot;}&#10;    domain: &quot;syntax&quot;&#10;    ignored: [&quot;examples&quot;]&#10;warning: the following keywords are unknown and will be ignored: [examples]&#10;    level: &quot;warning&quot;&#10;    schema: {&quot;loadingURI&quot;:&quot;#&quot;,&quot;pointer&quot;:&quot;/items/properties/cpf&quot;}&#10;    domain: &quot;syntax&quot;&#10;    ignored: [&quot;examples&quot;]&#10;warning: the following keywords are unknown and will be ignored: [examples]&#10;    level: &quot;warning&quot;&#10;    schema: {&quot;loadingURI&quot;:&quot;#&quot;,&quot;pointer&quot;:&quot;/items/properties/email&quot;}&#10;    domain: &quot;syntax&quot;&#10;    ignored: [&quot;examples&quot;]&#10;warning: the following keywords are unknown and will be ignored: [examples]&#10;    level: &quot;warning&quot;&#10;    schema: {&quot;loadingURI&quot;:&quot;#&quot;,&quot;pointer&quot;:&quot;/items/properties/id&quot;}&#10;    domain: &quot;syntax&quot;&#10;    ignored: [&quot;examples&quot;]&#10;warning: the following keywords are unknown and will be ignored: [examples]&#10;    level: &quot;warning&quot;&#10;    schema: {&quot;loadingURI&quot;:&quot;#&quot;,&quot;pointer&quot;:&quot;/items/properties/nome&quot;}&#10;    domain: &quot;syntax&quot;&#10;    ignored: [&quot;examples&quot;]&#10;warning: the following keywords are unknown and will be ignored: [examples]&#10;    level: &quot;warning&quot;&#10;    schema: {&quot;loadingURI&quot;:&quot;#&quot;,&quot;pointer&quot;:&quot;/items/properties/parcelas&quot;}&#10;    domain: &quot;syntax&quot;&#10;    ignored: [&quot;examples&quot;]&#10;warning: the following keywords are unknown and will be ignored: [examples]&#10;    level: &quot;warning&quot;&#10;    schema: {&quot;loadingURI&quot;:&quot;#&quot;,&quot;pointer&quot;:&quot;/items/properties/seguro&quot;}&#10;    domain: &quot;syntax&quot;&#10;    ignored: [&quot;examples&quot;]&#10;warning: the following keywords are unknown and will be ignored: [examples]&#10;    level: &quot;warning&quot;&#10;    schema: {&quot;loadingURI&quot;:&quot;#&quot;,&quot;pointer&quot;:&quot;/items/properties/valor&quot;}&#10;    domain: &quot;syntax&quot;&#10;    ignored: [&quot;examples&quot;]&#10;warning: the following keywords are unknown and will be ignored: [examples]&#10;    level: &quot;warning&quot;&#10;    schema: {&quot;loadingURI&quot;:&quot;#&quot;,&quot;pointer&quot;:&quot;/items&quot;}&#10;    domain: &quot;syntax&quot;&#10;    ignored: [&quot;examples&quot;]&#10;warning: the following keywords are unknown and will be ignored: [examples]&#10;    level: &quot;warning&quot;&#10;    schema: {&quot;loadingURI&quot;:&quot;#&quot;,&quot;pointer&quot;:&quot;/items/properties/cpf&quot;}&#10;    domain: &quot;syntax&quot;&#10;    ignored: [&quot;examples&quot;]&#10;warning: the following keywords are unknown and will be ignored: [examples]&#10;    level: &quot;warning&quot;&#10;    schema: {&quot;loadingURI&quot;:&quot;#&quot;,&quot;pointer&quot;:&quot;/items/properties/email&quot;}&#10;    domain: &quot;syntax&quot;&#10;    ignored: [&quot;examples&quot;]&#10;warning: the following keywords are unknown and will be ignored: [examples]&#10;    level: &quot;warning&quot;&#10;    schema: {&quot;loadingURI&quot;:&quot;#&quot;,&quot;pointer&quot;:&quot;/items/properties/id&quot;}&#10;    domain: &quot;syntax&quot;&#10;    ignored: [&quot;examples&quot;]&#10;warning: the following keywords are unknown and will be ignored: [examples]&#10;    level: &quot;warning&quot;&#10;    schema: {&quot;loadingURI&quot;:&quot;#&quot;,&quot;pointer&quot;:&quot;/items/properties/nome&quot;}&#10;    domain: &quot;syntax&quot;&#10;    ignored: [&quot;examples&quot;]&#10;warning: the following keywords are unknown and will be ignored: [examples]&#10;    level: &quot;warning&quot;&#10;    schema: {&quot;loadingURI&quot;:&quot;#&quot;,&quot;pointer&quot;:&quot;/items/properties/parcelas&quot;}&#10;    domain: &quot;syntax&quot;&#10;    ignored: [&quot;examples&quot;]&#10;warning: the following keywords are unknown and will be ignored: [examples]&#10;    level: &quot;warning&quot;&#10;    schema: {&quot;loadingURI&quot;:&quot;#&quot;,&quot;pointer&quot;:&quot;/items/properties/seguro&quot;}&#10;    domain: &quot;syntax&quot;&#10;    ignored: [&quot;examples&quot;]&#10;warning: the following keywords are unknown and will be ignored: [examples]&#10;    level: &quot;warning&quot;&#10;    schema: {&quot;loadingURI&quot;:&quot;#&quot;,&quot;pointer&quot;:&quot;/items/properties/valor&quot;}&#10;    domain: &quot;syntax&quot;&#10;    ignored: [&quot;examples&quot;]&#10;warning: the following keywords are unknown and will be ignored: [examples]&#10;    level: &quot;warning&quot;&#10;    schema: {&quot;loadingURI&quot;:&quot;#&quot;,&quot;pointer&quot;:&quot;/items&quot;}&#10;    domain: &quot;syntax&quot;&#10;    ignored: [&quot;examples&quot;]&#10;warning: the following keywords are unknown and will be ignored: [examples]&#10;    level: &quot;warning&quot;&#10;    schema: {&quot;loadingURI&quot;:&quot;#&quot;,&quot;pointer&quot;:&quot;/items/properties/cpf&quot;}&#10;    domain: &quot;syntax&quot;&#10;    ignored: [&quot;examples&quot;]&#10;warning: the following keywords are unknown and will be ignored: [examples]&#10;    level: &quot;warning&quot;&#10;    schema: {&quot;loadingURI&quot;:&quot;#&quot;,&quot;pointer&quot;:&quot;/items/properties/email&quot;}&#10;    domain: &quot;syntax&quot;&#10;    ignored: [&quot;examples&quot;]&#10;warning: the following keywords are unknown and will be ignored: [examples]&#10;    level: &quot;warning&quot;&#10;    schema: {&quot;loadingURI&quot;:&quot;#&quot;,&quot;pointer&quot;:&quot;/items/properties/id&quot;}&#10;    domain: &quot;syntax&quot;&#10;    ignored: [&quot;examples&quot;]&#10;warning: the following keywords are unknown and will be ignored: [examples]&#10;    level: &quot;warning&quot;&#10;    schema: {&quot;loadingURI&quot;:&quot;#&quot;,&quot;pointer&quot;:&quot;/items/properties/nome&quot;}&#10;    domain: &quot;syntax&quot;&#10;    ignored: [&quot;examples&quot;]&#10;warning: the following keywords are unknown and will be ignored: [examples]&#10;    level: &quot;warning&quot;&#10;    schema: {&quot;loadingURI&quot;:&quot;#&quot;,&quot;pointer&quot;:&quot;/items/properties/parcelas&quot;}&#10;    domain: &quot;syntax&quot;&#10;    ignored: [&quot;examples&quot;]&#10;warning: the following keywords are unknown and will be ignored: [examples]&#10;    level: &quot;warning&quot;&#10;    schema: {&quot;loadingURI&quot;:&quot;#&quot;,&quot;pointer&quot;:&quot;/items/properties/seguro&quot;}&#10;    domain: &quot;syntax&quot;&#10;    ignored: [&quot;examples&quot;]&#10;warning: the following keywords are unknown and will be ignored: [examples]&#10;    level: &quot;warning&quot;&#10;    schema: {&quot;loadingURI&quot;:&quot;#&quot;,&quot;pointer&quot;:&quot;/items/properties/valor&quot;}&#10;    domain: &quot;syntax&quot;&#10;    ignored: [&quot;examples&quot;]&#10;warning: the following keywords are unknown and will be ignored: [examples]&#10;    level: &quot;warning&quot;&#10;    schema: {&quot;loadingURI&quot;:&quot;#&quot;,&quot;pointer&quot;:&quot;/items&quot;}&#10;    domain: &quot;syntax&quot;&#10;    ignored: [&quot;examples&quot;]&#10;warning: the following keywords are unknown and will be ignored: [examples]&#10;    level: &quot;warning&quot;&#10;    schema: {&quot;loadingURI&quot;:&quot;#&quot;,&quot;pointer&quot;:&quot;/items/properties/cpf&quot;}&#10;    domain: &quot;syntax&quot;&#10;    ignored: [&quot;examples&quot;]&#10;warning: the following keywords are unknown and will be ignored: [examples]&#10;    level: &quot;warning&quot;&#10;    schema: {&quot;loadingURI&quot;:&quot;#&quot;,&quot;pointer&quot;:&quot;/items/properties/email&quot;}&#10;    domain: &quot;syntax&quot;&#10;    ignored: [&quot;examples&quot;]&#10;warning: the following keywords are unknown and will be ignored: [examples]&#10;    level: &quot;warning&quot;&#10;    schema: {&quot;loadingURI&quot;:&quot;#&quot;,&quot;pointer&quot;:&quot;/items/properties/id&quot;}&#10;    domain: &quot;syntax&quot;&#10;    ignored: [&quot;examples&quot;]&#10;warning: the following keywords are unknown and will be ignored: [examples]&#10;    level: &quot;warning&quot;&#10;    schema: {&quot;loadingURI&quot;:&quot;#&quot;,&quot;pointer&quot;:&quot;/items/properties/nome&quot;}&#10;    domain: &quot;syntax&quot;&#10;    ignored: [&quot;examples&quot;]&#10;warning: the following keywords are unknown and will be ignored: [examples]&#10;    level: &quot;warning&quot;&#10;    schema: {&quot;loadingURI&quot;:&quot;#&quot;,&quot;pointer&quot;:&quot;/items/properties/parcelas&quot;}&#10;    domain: &quot;syntax&quot;&#10;    ignored: [&quot;examples&quot;]&#10;warning: the following keywords are unknown and will be ignored: [examples]&#10;    level: &quot;warning&quot;&#10;    schema: {&quot;loadingURI&quot;:&quot;#&quot;,&quot;pointer&quot;:&quot;/items/properties/seguro&quot;}&#10;    domain: &quot;syntax&quot;&#10;    ignored: [&quot;examples&quot;]&#10;warning: the following keywords are unknown and will be ignored: [examples]&#10;    level: &quot;warning&quot;&#10;    schema: {&quot;loadingURI&quot;:&quot;#&quot;,&quot;pointer&quot;:&quot;/items/properties/valor&quot;}&#10;    domain: &quot;syntax&quot;&#10;    ignored: [&quot;examples&quot;]&#10;warning: the following keywords are unknown and will be ignored: [examples]&#10;    level: &quot;warning&quot;&#10;    schema: {&quot;loadingURI&quot;:&quot;#&quot;,&quot;pointer&quot;:&quot;/items&quot;}&#10;    domain: &quot;syntax&quot;&#10;    ignored: [&quot;examples&quot;]&#10;warning: the following keywords are unknown and will be ignored: [examples]&#10;    level: &quot;warning&quot;&#10;    schema: {&quot;loadingURI&quot;:&quot;#&quot;,&quot;pointer&quot;:&quot;/items/properties/cpf&quot;}&#10;    domain: &quot;syntax&quot;&#10;    ignored: [&quot;examples&quot;]&#10;warning: the following keywords are unknown and will be ignored: [examples]&#10;    level: &quot;warning&quot;&#10;    schema: {&quot;loadingURI&quot;:&quot;#&quot;,&quot;pointer&quot;:&quot;/items/properties/email&quot;}&#10;    domain: &quot;syntax&quot;&#10;    ignored: [&quot;examples&quot;]&#10;warning: the following keywords are unknown and will be ignored: [examples]&#10;    level: &quot;warning&quot;&#10;    schema: {&quot;loadingURI&quot;:&quot;#&quot;,&quot;pointer&quot;:&quot;/items/properties/id&quot;}&#10;    domain: &quot;syntax&quot;&#10;    ignored: [&quot;examples&quot;]&#10;warning: the following keywords are unknown and will be ignored: [examples]&#10;    level: &quot;warning&quot;&#10;    schema: {&quot;loadingURI&quot;:&quot;#&quot;,&quot;pointer&quot;:&quot;/items/properties/nome&quot;}&#10;    domain: &quot;syntax&quot;&#10;    ignored: [&quot;examples&quot;]&#10;warning: the following keywords are unknown and will be ignored: [examples]&#10;    level: &quot;warning&quot;&#10;    schema: {&quot;loadingURI&quot;:&quot;#&quot;,&quot;pointer&quot;:&quot;/items/properties/parcelas&quot;}&#10;    domain: &quot;syntax&quot;&#10;    ignored: [&quot;examples&quot;]&#10;warning: the following keywords are unknown and will be ignored: [examples]&#10;    level: &quot;warning&quot;&#10;    schema: {&quot;loadingURI&quot;:&quot;#&quot;,&quot;pointer&quot;:&quot;/items/properties/seguro&quot;}&#10;    domain: &quot;syntax&quot;&#10;    ignored: [&quot;examples&quot;]&#10;warning: the following keywords are unknown and will be ignored: [examples]&#10;    level: &quot;warning&quot;&#10;    schema: {&quot;loadingURI&quot;:&quot;#&quot;,&quot;pointer&quot;:&quot;/items/properties/valor&quot;}&#10;    domain: &quot;syntax&quot;&#10;    ignored: [&quot;examples&quot;]&#10;warning: the following keywords are unknown and will be ignored: [examples]&#10;    level: &quot;warning&quot;&#10;    schema: {&quot;loadingURI&quot;:&quot;#&quot;,&quot;pointer&quot;:&quot;/items&quot;}&#10;    domain: &quot;syntax&quot;&#10;    ignored: [&quot;examples&quot;]&#10;warning: the following keywords are unknown and will be ignored: [examples]&#10;    level: &quot;warning&quot;&#10;    schema: {&quot;loadingURI&quot;:&quot;#&quot;,&quot;pointer&quot;:&quot;/items/properties/cpf&quot;}&#10;    domain: &quot;syntax&quot;&#10;    ignored: [&quot;examples&quot;]&#10;warning: the following keywords are unknown and will be ignored: [examples]&#10;    level: &quot;warning&quot;&#10;    schema: {&quot;loadingURI&quot;:&quot;#&quot;,&quot;pointer&quot;:&quot;/items/properties/email&quot;}&#10;    domain: &quot;syntax&quot;&#10;    ignored: [&quot;examples&quot;]&#10;warning: the following keywords are unknown and will be ignored: [examples]&#10;    level: &quot;warning&quot;&#10;    schema: {&quot;loadingURI&quot;:&quot;#&quot;,&quot;pointer&quot;:&quot;/items/properties/id&quot;}&#10;    domain: &quot;syntax&quot;&#10;    ignored: [&quot;examples&quot;]&#10;warning: the following keywords are unknown and will be ignored: [examples]&#10;    level: &quot;warning&quot;&#10;    schema: {&quot;loadingURI&quot;:&quot;#&quot;,&quot;pointer&quot;:&quot;/items/properties/nome&quot;}&#10;    domain: &quot;syntax&quot;&#10;    ignored: [&quot;examples&quot;]&#10;warning: the following keywords are unknown and will be ignored: [examples]&#10;    level: &quot;warning&quot;&#10;    schema: {&quot;loadingURI&quot;:&quot;#&quot;,&quot;pointer&quot;:&quot;/items/properties/parcelas&quot;}&#10;    domain: &quot;syntax&quot;&#10;    ignored: [&quot;examples&quot;]&#10;warning: the following keywords are unknown and will be ignored: [examples]&#10;    level: &quot;warning&quot;&#10;    schema: {&quot;loadingURI&quot;:&quot;#&quot;,&quot;pointer&quot;:&quot;/items/properties/seguro&quot;}&#10;    domain: &quot;syntax&quot;&#10;    ignored: [&quot;examples&quot;]&#10;warning: the following keywords are unknown and will be ignored: [examples]&#10;    level: &quot;warning&quot;&#10;    schema: {&quot;loadingURI&quot;:&quot;#&quot;,&quot;pointer&quot;:&quot;/items/properties/valor&quot;}&#10;    domain: &quot;syntax&quot;&#10;    ignored: [&quot;examples&quot;]&#10;warning: the following keywords are unknown and will be ignored: [examples]&#10;    level: &quot;warning&quot;&#10;    schema: {&quot;loadingURI&quot;:&quot;#&quot;,&quot;pointer&quot;:&quot;/items&quot;}&#10;    domain: &quot;syntax&quot;&#10;    ignored: [&quot;examples&quot;]&#10;warning: the following keywords are unknown and will be ignored: [examples]&#10;    level: &quot;warning&quot;&#10;    schema: {&quot;loadingURI&quot;:&quot;#&quot;,&quot;pointer&quot;:&quot;/items/properties/cpf&quot;}&#10;    domain: &quot;syntax&quot;&#10;    ignored: [&quot;examples&quot;]&#10;warning: the following keywords are unknown and will be ignored: [examples]&#10;    level: &quot;warning&quot;&#10;    schema: {&quot;loadingURI&quot;:&quot;#&quot;,&quot;pointer&quot;:&quot;/items/properties/email&quot;}&#10;    domain: &quot;syntax&quot;&#10;    ignored: [&quot;examples&quot;]&#10;warning: the following keywords are unknown and will be ignored: [examples]&#10;    level: &quot;warning&quot;&#10;    schema: {&quot;loadingURI&quot;:&quot;#&quot;,&quot;pointer&quot;:&quot;/items/properties/id&quot;}&#10;    domain: &quot;syntax&quot;&#10;    ignored: [&quot;examples&quot;]&#10;warning: the following keywords are unknown and will be ignored: [examples]&#10;    level: &quot;warning&quot;&#10;    schema: {&quot;loadingURI&quot;:&quot;#&quot;,&quot;pointer&quot;:&quot;/items/properties/nome&quot;}&#10;    domain: &quot;syntax&quot;&#10;    ignored: [&quot;examples&quot;]&#10;warning: the following keywords are unknown and will be ignored: [examples]&#10;    level: &quot;warning&quot;&#10;    schema: {&quot;loadingURI&quot;:&quot;#&quot;,&quot;pointer&quot;:&quot;/items/properties/parcelas&quot;}&#10;    domain: &quot;syntax&quot;&#10;    ignored: [&quot;examples&quot;]&#10;warning: the following keywords are unknown and will be ignored: [examples]&#10;    level: &quot;warning&quot;&#10;    schema: {&quot;loadingURI&quot;:&quot;#&quot;,&quot;pointer&quot;:&quot;/items/properties/seguro&quot;}&#10;    domain: &quot;syntax&quot;&#10;    ignored: [&quot;examples&quot;]&#10;warning: the following keywords are unknown and will be ignored: [examples]&#10;    level: &quot;warning&quot;&#10;    schema: {&quot;loadingURI&quot;:&quot;#&quot;,&quot;pointer&quot;:&quot;/items/properties/valor&quot;}&#10;    domain: &quot;syntax&quot;&#10;    ignored: [&quot;examples&quot;]&#10;warning: the following keywords are unknown and will be ignored: [examples]&#10;    level: &quot;warning&quot;&#10;    schema: {&quot;loadingURI&quot;:&quot;#&quot;,&quot;pointer&quot;:&quot;/items&quot;}&#10;    domain: &quot;syntax&quot;&#10;    ignored: [&quot;examples&quot;]&#10;warning: the following keywords are unknown and will be ignored: [examples]&#10;    level: &quot;warning&quot;&#10;    schema: {&quot;loadingURI&quot;:&quot;#&quot;,&quot;pointer&quot;:&quot;/items/properties/cpf&quot;}&#10;    domain: &quot;syntax&quot;&#10;    ignored: [&quot;examples&quot;]&#10;warning: the following keywords are unknown and will be ignored: [examples]&#10;    level: &quot;warning&quot;&#10;    schema: {&quot;loadingURI&quot;:&quot;#&quot;,&quot;pointer&quot;:&quot;/items/properties/email&quot;}&#10;    domain: &quot;syntax&quot;&#10;    ignored: [&quot;examples&quot;]&#10;warning: the following keywords are unknown and will be ignored: [examples]&#10;    level: &quot;warning&quot;&#10;    schema: {&quot;loadingURI&quot;:&quot;#&quot;,&quot;pointer&quot;:&quot;/items/properties/id&quot;}&#10;    domain: &quot;syntax&quot;&#10;    ignored: [&quot;examples&quot;]&#10;warning: the following keywords are unknown and will be ignored: [examples]&#10;    level: &quot;warning&quot;&#10;    schema: {&quot;loadingURI&quot;:&quot;#&quot;,&quot;pointer&quot;:&quot;/items/properties/nome&quot;}&#10;    domain: &quot;syntax&quot;&#10;    ignored: [&quot;examples&quot;]&#10;warning: the following keywords are unknown and will be ignored: [examples]&#10;    level: &quot;warning&quot;&#10;    schema: {&quot;loadingURI&quot;:&quot;#&quot;,&quot;pointer&quot;:&quot;/items/properties/parcelas&quot;}&#10;    domain: &quot;syntax&quot;&#10;    ignored: [&quot;examples&quot;]&#10;warning: the following keywords are unknown and will be ignored: [examples]&#10;    level: &quot;warning&quot;&#10;    schema: {&quot;loadingURI&quot;:&quot;#&quot;,&quot;pointer&quot;:&quot;/items/properties/seguro&quot;}&#10;    domain: &quot;syntax&quot;&#10;    ignored: [&quot;examples&quot;]&#10;warning: the following keywords are unknown and will be ignored: [examples]&#10;    level: &quot;warning&quot;&#10;    schema: {&quot;loadingURI&quot;:&quot;#&quot;,&quot;pointer&quot;:&quot;/items/properties/valor&quot;}&#10;    domain: &quot;syntax&quot;&#10;    ignored: [&quot;examples&quot;]&#10;warning: the following keywords are unknown and will be ignored: [examples]&#10;    level: &quot;warning&quot;&#10;    schema: {&quot;loadingURI&quot;:&quot;#&quot;,&quot;pointer&quot;:&quot;/items&quot;}&#10;    domain: &quot;syntax&quot;&#10;    ignored: [&quot;examples&quot;]&#10;warning: the following keywords are unknown and will be ignored: [examples]&#10;    level: &quot;warning&quot;&#10;    schema: {&quot;loadingURI&quot;:&quot;#&quot;,&quot;pointer&quot;:&quot;/items/properties/cpf&quot;}&#10;    domain: &quot;syntax&quot;&#10;    ignored: [&quot;examples&quot;]&#10;warning: the following keywords are unknown and will be ignored: [examples]&#10;    level: &quot;warning&quot;&#10;    schema: {&quot;loadingURI&quot;:&quot;#&quot;,&quot;pointer&quot;:&quot;/items/properties/email&quot;}&#10;    domain: &quot;syntax&quot;&#10;    ignored: [&quot;examples&quot;]&#10;warning: the following keywords are unknown and will be ignored: [examples]&#10;    level: &quot;warning&quot;&#10;    schema: {&quot;loadingURI&quot;:&quot;#&quot;,&quot;pointer&quot;:&quot;/items/properties/id&quot;}&#10;    domain: &quot;syntax&quot;&#10;    ignored: [&quot;examples&quot;]&#10;warning: the following keywords are unknown and will be ignored: [examples]&#10;    level: &quot;warning&quot;&#10;    schema: {&quot;loadingURI&quot;:&quot;#&quot;,&quot;pointer&quot;:&quot;/items/properties/nome&quot;}&#10;    domain: &quot;syntax&quot;&#10;    ignored: [&quot;examples&quot;]&#10;warning: the following keywords are unknown and will be ignored: [examples]&#10;    level: &quot;warning&quot;&#10;    schema: {&quot;loadingURI&quot;:&quot;#&quot;,&quot;pointer&quot;:&quot;/items/properties/parcelas&quot;}&#10;    domain: &quot;syntax&quot;&#10;    ignored: [&quot;examples&quot;]&#10;warning: the following keywords are unknown and will be ignored: [examples]&#10;    level: &quot;warning&quot;&#10;    schema: {&quot;loadingURI&quot;:&quot;#&quot;,&quot;pointer&quot;:&quot;/items/properties/seguro&quot;}&#10;    domain: &quot;syntax&quot;&#10;    ignored: [&quot;examples&quot;]&#10;warning: the following keywords are unknown and will be ignored: [examples]&#10;    level: &quot;warning&quot;&#10;    schema: {&quot;loadingURI&quot;:&quot;#&quot;,&quot;pointer&quot;:&quot;/items/properties/valor&quot;}&#10;    domain: &quot;syntax&quot;&#10;    ignored: [&quot;examples&quot;]&#10;warning: the following keywords are unknown and will be ignored: [examples]&#10;    level: &quot;warning&quot;&#10;    schema: {&quot;loadingURI&quot;:&quot;#&quot;,&quot;pointer&quot;:&quot;/items&quot;}&#10;    domain: &quot;syntax&quot;&#10;    ignored: [&quot;examples&quot;]&#10;warning: the following keywords are unknown and will be ignored: [examples]&#10;    level: &quot;warning&quot;&#10;    schema: {&quot;loadingURI&quot;:&quot;#&quot;,&quot;pointer&quot;:&quot;/items/properties/cpf&quot;}&#10;    domain: &quot;syntax&quot;&#10;    ignored: [&quot;examples&quot;]&#10;warning: the following keywords are unknown and will be ignored: [examples]&#10;    level: &quot;warning&quot;&#10;    schema: {&quot;loadingURI&quot;:&quot;#&quot;,&quot;pointer&quot;:&quot;/items/properties/email&quot;}&#10;    domain: &quot;syntax&quot;&#10;    ignored: [&quot;examples&quot;]&#10;warning: the following keywords are unknown and will be ignored: [examples]&#10;    level: &quot;warning&quot;&#10;    schema: {&quot;loadingURI&quot;:&quot;#&quot;,&quot;pointer&quot;:&quot;/items/properties/id&quot;}&#10;    domain: &quot;syntax&quot;&#10;    ignored: [&quot;examples&quot;]&#10;warning: the following keywords are unknown and will be ignored: [examples]&#10;    level: &quot;warning&quot;&#10;    schema: {&quot;loadingURI&quot;:&quot;#&quot;,&quot;pointer&quot;:&quot;/items/properties/nome&quot;}&#10;    domain: &quot;syntax&quot;&#10;    ignored: [&quot;examples&quot;]&#10;warning: the following keywords are unknown and will be ignored: [examples]&#10;    level: &quot;warning&quot;&#10;    schema: {&quot;loadingURI&quot;:&quot;#&quot;,&quot;pointer&quot;:&quot;/items/properties/parcelas&quot;}&#10;    domain: &quot;syntax&quot;&#10;    ignored: [&quot;examples&quot;]&#10;warning: the following keywords are unknown and will be ignored: [examples]&#10;    level: &quot;warning&quot;&#10;    schema: {&quot;loadingURI&quot;:&quot;#&quot;,&quot;pointer&quot;:&quot;/items/properties/seguro&quot;}&#10;    domain: &quot;syntax&quot;&#10;    ignored: [&quot;examples&quot;]&#10;warning: the following keywords are unknown and will be ignored: [examples]&#10;    level: &quot;warning&quot;&#10;    schema: {&quot;loadingURI&quot;:&quot;#&quot;,&quot;pointer&quot;:&quot;/items/properties/valor&quot;}&#10;    domain: &quot;syntax&quot;&#10;    ignored: [&quot;examples&quot;]&#10;warning: the following keywords are unknown and will be ignored: [examples]&#10;    level: &quot;warning&quot;&#10;    schema: {&quot;loadingURI&quot;:&quot;#&quot;,&quot;pointer&quot;:&quot;/items&quot;}&#10;    domain: &quot;syntax&quot;&#10;    ignored: [&quot;examples&quot;]&#10;warning: the following keywords are unknown and will be ignored: [examples]&#10;    level: &quot;warning&quot;&#10;    schema: {&quot;loadingURI&quot;:&quot;#&quot;,&quot;pointer&quot;:&quot;/items/properties/cpf&quot;}&#10;    domain: &quot;syntax&quot;&#10;    ignored: [&quot;examples&quot;]&#10;warning: the following keywords are unknown and will be ignored: [examples]&#10;    level: &quot;warning&quot;&#10;    schema: {&quot;loadingURI&quot;:&quot;#&quot;,&quot;pointer&quot;:&quot;/items/properties/email&quot;}&#10;    domain: &quot;syntax&quot;&#10;    ignored: [&quot;examples&quot;]&#10;warning: the following keywords are unknown and will be ignored: [examples]&#10;    level: &quot;warning&quot;&#10;    schema: {&quot;loadingURI&quot;:&quot;#&quot;,&quot;pointer&quot;:&quot;/items/properties/id&quot;}&#10;    domain: &quot;syntax&quot;&#10;    ignored: [&quot;examples&quot;]&#10;warning: the following keywords are unknown and will be ignored: [examples]&#10;    level: &quot;warning&quot;&#10;    schema: {&quot;loadingURI&quot;:&quot;#&quot;,&quot;pointer&quot;:&quot;/items/properties/nome&quot;}&#10;    domain: &quot;syntax&quot;&#10;    ignored: [&quot;examples&quot;]&#10;warning: the following keywords are unknown and will be ignored: [examples]&#10;    level: &quot;warning&quot;&#10;    schema: {&quot;loadingURI&quot;:&quot;#&quot;,&quot;pointer&quot;:&quot;/items/properties/parcelas&quot;}&#10;    domain: &quot;syntax&quot;&#10;    ignored: [&quot;examples&quot;]&#10;warning: the following keywords are unknown and will be ignored: [examples]&#10;    level: &quot;warning&quot;&#10;    schema: {&quot;loadingURI&quot;:&quot;#&quot;,&quot;pointer&quot;:&quot;/items/properties/seguro&quot;}&#10;    domain: &quot;syntax&quot;&#10;    ignored: [&quot;examples&quot;]&#10;warning: the following keywords are unknown and will be ignored: [examples]&#10;    level: &quot;warning&quot;&#10;    schema: {&quot;loadingURI&quot;:&quot;#&quot;,&quot;pointer&quot;:&quot;/items/properties/valor&quot;}&#10;    domain: &quot;syntax&quot;&#10;    ignored: [&quot;examples&quot;]&#10;warning: the following keywords are unknown and will be ignored: [examples]&#10;    level: &quot;warning&quot;&#10;    schema: {&quot;loadingURI&quot;:&quot;#&quot;,&quot;pointer&quot;:&quot;/items&quot;}&#10;    domain: &quot;syntax&quot;&#10;    ignored: [&quot;examples&quot;]&#10;warning: the following keywords are unknown and will be ignored: [examples]&#10;    level: &quot;warning&quot;&#10;    schema: {&quot;loadingURI&quot;:&quot;#&quot;,&quot;pointer&quot;:&quot;/items/properties/cpf&quot;}&#10;    domain: &quot;syntax&quot;&#10;    ignored: [&quot;examples&quot;]&#10;warning: the following keywords are unknown and will be ignored: [examples]&#10;    level: &quot;warning&quot;&#10;    schema: {&quot;loadingURI&quot;:&quot;#&quot;,&quot;pointer&quot;:&quot;/items/properties/email&quot;}&#10;    domain: &quot;syntax&quot;&#10;    ignored: [&quot;examples&quot;]&#10;warning: the following keywords are unknown and will be ignored: [examples]&#10;    level: &quot;warning&quot;&#10;    schema: {&quot;loadingURI&quot;:&quot;#&quot;,&quot;pointer&quot;:&quot;/items/properties/id&quot;}&#10;    domain: &quot;syntax&quot;&#10;    ignored: [&quot;examples&quot;]&#10;warning: the following keywords are unknown and will be ignored: [examples]&#10;    level: &quot;warning&quot;&#10;    schema: {&quot;loadingURI&quot;:&quot;#&quot;,&quot;pointer&quot;:&quot;/items/properties/nome&quot;}&#10;    domain: &quot;syntax&quot;&#10;    ignored: [&quot;examples&quot;]&#10;warning: the following keywords are unknown and will be ignored: [examples]&#10;    level: &quot;warning&quot;&#10;    schema: {&quot;loadingURI&quot;:&quot;#&quot;,&quot;pointer&quot;:&quot;/items/properties/parcelas&quot;}&#10;    domain: &quot;syntax&quot;&#10;    ignored: [&quot;examples&quot;]&#10;warning: the following keywords are unknown and will be ignored: [examples]&#10;    level: &quot;warning&quot;&#10;    schema: {&quot;loadingURI&quot;:&quot;#&quot;,&quot;pointer&quot;:&quot;/items/properties/seguro&quot;}&#10;    domain: &quot;syntax&quot;&#10;    ignored: [&quot;examples&quot;]&#10;warning: the following keywords are unknown and will be ignored: [examples]&#10;    level: &quot;warning&quot;&#10;    schema: {&quot;loadingURI&quot;:&quot;#&quot;,&quot;pointer&quot;:&quot;/items/properties/valor&quot;}&#10;    domain: &quot;syntax&quot;&#10;    ignored: [&quot;examples&quot;]&#10;warning: the following keywords are unknown and will be ignored: [examples]&#10;    level: &quot;warning&quot;&#10;    schema: {&quot;loadingURI&quot;:&quot;#&quot;,&quot;pointer&quot;:&quot;/items&quot;}&#10;    domain: &quot;syntax&quot;&#10;    ignored: [&quot;examples&quot;]&#10;warning: the following keywords are unknown and will be ignored: [examples]&#10;    level: &quot;warning&quot;&#10;    schema: {&quot;loadingURI&quot;:&quot;#&quot;,&quot;pointer&quot;:&quot;/items/properties/cpf&quot;}&#10;    domain: &quot;syntax&quot;&#10;    ignored: [&quot;examples&quot;]&#10;warning: the following keywords are unknown and will be ignored: [examples]&#10;    level: &quot;warning&quot;&#10;    schema: {&quot;loadingURI&quot;:&quot;#&quot;,&quot;pointer&quot;:&quot;/items/properties/email&quot;}&#10;    domain: &quot;syntax&quot;&#10;    ignored: [&quot;examples&quot;]&#10;warning: the following keywords are unknown and will be ignored: [examples]&#10;    level: &quot;warning&quot;&#10;    schema: {&quot;loadingURI&quot;:&quot;#&quot;,&quot;pointer&quot;:&quot;/items/properties/id&quot;}&#10;    domain: &quot;syntax&quot;&#10;    ignored: [&quot;examples&quot;]&#10;warning: the following keywords are unknown and will be ignored: [examples]&#10;    level: &quot;warning&quot;&#10;    schema: {&quot;loadingURI&quot;:&quot;#&quot;,&quot;pointer&quot;:&quot;/items/properties/nome&quot;}&#10;    domain: &quot;syntax&quot;&#10;    ignored: [&quot;examples&quot;]&#10;warning: the following keywords are unknown and will be ignored: [examples]&#10;    level: &quot;warning&quot;&#10;    schema: {&quot;loadingURI&quot;:&quot;#&quot;,&quot;pointer&quot;:&quot;/items/properties/parcelas&quot;}&#10;    domain: &quot;syntax&quot;&#10;    ignored: [&quot;examples&quot;]&#10;warning: the following keywords are unknown and will be ignored: [examples]&#10;    level: &quot;warning&quot;&#10;    schema: {&quot;loadingURI&quot;:&quot;#&quot;,&quot;pointer&quot;:&quot;/items/properties/seguro&quot;}&#10;    domain: &quot;syntax&quot;&#10;    ignored: [&quot;examples&quot;]&#10;warning: the following keywords are unknown and will be ignored: [examples]&#10;    level: &quot;warning&quot;&#10;    schema: {&quot;loadingURI&quot;:&quot;#&quot;,&quot;pointer&quot;:&quot;/items/properties/valor&quot;}&#10;    domain: &quot;syntax&quot;&#10;    ignored: [&quot;examples&quot;]&#10;warning: the following keywords are unknown and will be ignored: [examples]&#10;    level: &quot;warning&quot;&#10;    schema: {&quot;loadingURI&quot;:&quot;#&quot;,&quot;pointer&quot;:&quot;/items&quot;}&#10;    domain: &quot;syntax&quot;&#10;    ignored: [&quot;examples&quot;]&#10;warning: the following keywords are unknown and will be ignored: [examples]&#10;    level: &quot;warning&quot;&#10;    schema: {&quot;loadingURI&quot;:&quot;#&quot;,&quot;pointer&quot;:&quot;/items/properties/cpf&quot;}&#10;    domain: &quot;syntax&quot;&#10;    ignored: [&quot;examples&quot;]&#10;warning: the following keywords are unknown and will be ignored: [examples]&#10;    level: &quot;warning&quot;&#10;    schema: {&quot;loadingURI&quot;:&quot;#&quot;,&quot;pointer&quot;:&quot;/items/properties/email&quot;}&#10;    domain: &quot;syntax&quot;&#10;    ignored: [&quot;examples&quot;]&#10;warning: the following keywords are unknown and will be ignored: [examples]&#10;    level: &quot;warning&quot;&#10;    schema: {&quot;loadingURI&quot;:&quot;#&quot;,&quot;pointer&quot;:&quot;/items/properties/id&quot;}&#10;    domain: &quot;syntax&quot;&#10;    ignored: [&quot;examples&quot;]&#10;warning: the following keywords are unknown and will be ignored: [examples]&#10;    level: &quot;warning&quot;&#10;    schema: {&quot;loadingURI&quot;:&quot;#&quot;,&quot;pointer&quot;:&quot;/items/properties/nome&quot;}&#10;    domain: &quot;syntax&quot;&#10;    ignored: [&quot;examples&quot;]&#10;warning: the following keywords are unknown and will be ignored: [examples]&#10;    level: &quot;warning&quot;&#10;    schema: {&quot;loadingURI&quot;:&quot;#&quot;,&quot;pointer&quot;:&quot;/items/properties/parcelas&quot;}&#10;    domain: &quot;syntax&quot;&#10;    ignored: [&quot;examples&quot;]&#10;warning: the following keywords are unknown and will be ignored: [examples]&#10;    level: &quot;warning&quot;&#10;    schema: {&quot;loadingURI&quot;:&quot;#&quot;,&quot;pointer&quot;:&quot;/items/properties/seguro&quot;}&#10;    domain: &quot;syntax&quot;&#10;    ignored: [&quot;examples&quot;]&#10;warning: the following keywords are unknown and will be ignored: [examples]&#10;    level: &quot;warning&quot;&#10;    schema: {&quot;loadingURI&quot;:&quot;#&quot;,&quot;pointer&quot;:&quot;/items/properties/valor&quot;}&#10;    domain: &quot;syntax&quot;&#10;    ignored: [&quot;examples&quot;]&#10;warning: the following keywords are unknown and will be ignored: [examples]&#10;    level: &quot;warning&quot;&#10;    schema: {&quot;loadingURI&quot;:&quot;#&quot;,&quot;pointer&quot;:&quot;/items&quot;}&#10;    domain: &quot;syntax&quot;&#10;    ignored: [&quot;examples&quot;]&#10;warning: the following keywords are unknown and will be ignored: [examples]&#10;    level: &quot;warning&quot;&#10;    schema: {&quot;loadingURI&quot;:&quot;#&quot;,&quot;pointer&quot;:&quot;/items/properties/cpf&quot;}&#10;    domain: &quot;syntax&quot;&#10;    ignored: [&quot;examples&quot;]&#10;warning: the following keywords are unknown and will be ignored: [examples]&#10;    level: &quot;warning&quot;&#10;    schema: {&quot;loadingURI&quot;:&quot;#&quot;,&quot;pointer&quot;:&quot;/items/properties/email&quot;}&#10;    domain: &quot;syntax&quot;&#10;    ignored: [&quot;examples&quot;]&#10;warning: the following keywords are unknown and will be ignored: [examples]&#10;    level: &quot;warning&quot;&#10;    schema: {&quot;loadingURI&quot;:&quot;#&quot;,&quot;pointer&quot;:&quot;/items/properties/id&quot;}&#10;    domain: &quot;syntax&quot;&#10;    ignored: [&quot;examples&quot;]&#10;warning: the following keywords are unknown and will be ignored: [examples]&#10;    level: &quot;warning&quot;&#10;    schema: {&quot;loadingURI&quot;:&quot;#&quot;,&quot;pointer&quot;:&quot;/items/properties/nome&quot;}&#10;    domain: &quot;syntax&quot;&#10;    ignored: [&quot;examples&quot;]&#10;warning: the following keywords are unknown and will be ignored: [examples]&#10;    level: &quot;warning&quot;&#10;    schema: {&quot;loadingURI&quot;:&quot;#&quot;,&quot;pointer&quot;:&quot;/items/properties/parcelas&quot;}&#10;    domain: &quot;syntax&quot;&#10;    ignored: [&quot;examples&quot;]&#10;warning: the following keywords are unknown and will be ignored: [examples]&#10;    level: &quot;warning&quot;&#10;    schema: {&quot;loadingURI&quot;:&quot;#&quot;,&quot;pointer&quot;:&quot;/items/properties/seguro&quot;}&#10;    domain: &quot;syntax&quot;&#10;    ignored: [&quot;examples&quot;]&#10;warning: the following keywords are unknown and will be ignored: [examples]&#10;    level: &quot;warning&quot;&#10;    schema: {&quot;loadingURI&quot;:&quot;#&quot;,&quot;pointer&quot;:&quot;/items/properties/valor&quot;}&#10;    domain: &quot;syntax&quot;&#10;    ignored: [&quot;examples&quot;]&#10;warning: the following keywords are unknown and will be ignored: [examples]&#10;    level: &quot;warning&quot;&#10;    schema: {&quot;loadingURI&quot;:&quot;#&quot;,&quot;pointer&quot;:&quot;/items&quot;}&#10;    domain: &quot;syntax&quot;&#10;    ignored: [&quot;examples&quot;]&#10;warning: the following keywords are unknown and will be ignored: [examples]&#10;    level: &quot;warning&quot;&#10;    schema: {&quot;loadingURI&quot;:&quot;#&quot;,&quot;pointer&quot;:&quot;/items/properties/cpf&quot;}&#10;    domain: &quot;syntax&quot;&#10;    ignored: [&quot;examples&quot;]&#10;warning: the following keywords are unknown and will be ignored: [examples]&#10;    level: &quot;warning&quot;&#10;    schema: {&quot;loadingURI&quot;:&quot;#&quot;,&quot;pointer&quot;:&quot;/items/properties/email&quot;}&#10;    domain: &quot;syntax&quot;&#10;    ignored: [&quot;examples&quot;]&#10;warning: the following keywords are unknown and will be ignored: [examples]&#10;    level: &quot;warning&quot;&#10;    schema: {&quot;loadingURI&quot;:&quot;#&quot;,&quot;pointer&quot;:&quot;/items/properties/id&quot;}&#10;    domain: &quot;syntax&quot;&#10;    ignored: [&quot;examples&quot;]&#10;warning: the following keywords are unknown and will be ignored: [examples]&#10;    level: &quot;warning&quot;&#10;    schema: {&quot;loadingURI&quot;:&quot;#&quot;,&quot;pointer&quot;:&quot;/items/properties/nome&quot;}&#10;    domain: &quot;syntax&quot;&#10;    ignored: [&quot;examples&quot;]&#10;warning: the following keywords are unknown and will be ignored: [examples]&#10;    level: &quot;warning&quot;&#10;    schema: {&quot;loadingURI&quot;:&quot;#&quot;,&quot;pointer&quot;:&quot;/items/properties/parcelas&quot;}&#10;    domain: &quot;syntax&quot;&#10;    ignored: [&quot;examples&quot;]&#10;warning: the following keywords are unknown and will be ignored: [examples]&#10;    level: &quot;warning&quot;&#10;    schema: {&quot;loadingURI&quot;:&quot;#&quot;,&quot;pointer&quot;:&quot;/items/properties/seguro&quot;}&#10;    domain: &quot;syntax&quot;&#10;    ignored: [&quot;examples&quot;]&#10;warning: the following keywords are unknown and will be ignored: [examples]&#10;    level: &quot;warning&quot;&#10;    schema: {&quot;loadingURI&quot;:&quot;#&quot;,&quot;pointer&quot;:&quot;/items/properties/valor&quot;}&#10;    domain: &quot;syntax&quot;&#10;    ignored: [&quot;examples&quot;]&#10;warning: the following keywords are unknown and will be ignored: [examples]&#10;    level: &quot;warning&quot;&#10;    schema: {&quot;loadingURI&quot;:&quot;#&quot;,&quot;pointer&quot;:&quot;/items&quot;}&#10;    domain: &quot;syntax&quot;&#10;    ignored: [&quot;examples&quot;]&#10;warning: the following keywords are unknown and will be ignored: [examples]&#10;    level: &quot;warning&quot;&#10;    schema: {&quot;loadingURI&quot;:&quot;#&quot;,&quot;pointer&quot;:&quot;/items/properties/cpf&quot;}&#10;    domain: &quot;syntax&quot;&#10;    ignored: [&quot;examples&quot;]&#10;warning: the following keywords are unknown and will be ignored: [examples]&#10;    level: &quot;warning&quot;&#10;    schema: {&quot;loadingURI&quot;:&quot;#&quot;,&quot;pointer&quot;:&quot;/items/properties/email&quot;}&#10;    domain: &quot;syntax&quot;&#10;    ignored: [&quot;examples&quot;]&#10;warning: the following keywords are unknown and will be ignored: [examples]&#10;    level: &quot;warning&quot;&#10;    schema: {&quot;loadingURI&quot;:&quot;#&quot;,&quot;pointer&quot;:&quot;/items/properties/id&quot;}&#10;    domain: &quot;syntax&quot;&#10;    ignored: [&quot;examples&quot;]&#10;warning: the following keywords are unknown and will be ignored: [examples]&#10;    level: &quot;warning&quot;&#10;    schema: {&quot;loadingURI&quot;:&quot;#&quot;,&quot;pointer&quot;:&quot;/items/properties/nome&quot;}&#10;    domain: &quot;syntax&quot;&#10;    ignored: [&quot;examples&quot;]&#10;warning: the following keywords are unknown and will be ignored: [examples]&#10;    level: &quot;warning&quot;&#10;    schema: {&quot;loadingURI&quot;:&quot;#&quot;,&quot;pointer&quot;:&quot;/items/properties/parcelas&quot;}&#10;    domain: &quot;syntax&quot;&#10;    ignored: [&quot;examples&quot;]&#10;warning: the following keywords are unknown and will be ignored: [examples]&#10;    level: &quot;warning&quot;&#10;    schema: {&quot;loadingURI&quot;:&quot;#&quot;,&quot;pointer&quot;:&quot;/items/properties/seguro&quot;}&#10;    domain: &quot;syntax&quot;&#10;    ignored: [&quot;examples&quot;]&#10;warning: the following keywords are unknown and will be ignored: [examples]&#10;    level: &quot;warning&quot;&#10;    schema: {&quot;loadingURI&quot;:&quot;#&quot;,&quot;pointer&quot;:&quot;/items/properties/valor&quot;}&#10;    domain: &quot;syntax&quot;&#10;    ignored: [&quot;examples&quot;]&#10;warning: the following keywords are unknown and will be ignored: [examples]&#10;    level: &quot;warning&quot;&#10;    schema: {&quot;loadingURI&quot;:&quot;#&quot;,&quot;pointer&quot;:&quot;/items&quot;}&#10;    domain: &quot;syntax&quot;&#10;    ignored: [&quot;examples&quot;]&#10;warning: the following keywords are unknown and will be ignored: [examples]&#10;    level: &quot;warning&quot;&#10;    schema: {&quot;loadingURI&quot;:&quot;#&quot;,&quot;pointer&quot;:&quot;/items/properties/cpf&quot;}&#10;    domain: &quot;syntax&quot;&#10;    ignored: [&quot;examples&quot;]&#10;warning: the following keywords are unknown and will be ignored: [examples]&#10;    level: &quot;warning&quot;&#10;    schema: {&quot;loadingURI&quot;:&quot;#&quot;,&quot;pointer&quot;:&quot;/items/properties/email&quot;}&#10;    domain: &quot;syntax&quot;&#10;    ignored: [&quot;examples&quot;]&#10;warning: the following keywords are unknown and will be ignored: [examples]&#10;    level: &quot;warning&quot;&#10;    schema: {&quot;loadingURI&quot;:&quot;#&quot;,&quot;pointer&quot;:&quot;/items/properties/id&quot;}&#10;    domain: &quot;syntax&quot;&#10;    ignored: [&quot;examples&quot;]&#10;warning: the following keywords are unknown and will be ignored: [examples]&#10;    level: &quot;warning&quot;&#10;    schema: {&quot;loadingURI&quot;:&quot;#&quot;,&quot;pointer&quot;:&quot;/items/properties/nome&quot;}&#10;    domain: &quot;syntax&quot;&#10;    ignored: [&quot;examples&quot;]&#10;warning: the following keywords are unknown and will be ignored: [examples]&#10;    level: &quot;warning&quot;&#10;    schema: {&quot;loadingURI&quot;:&quot;#&quot;,&quot;pointer&quot;:&quot;/items/properties/parcelas&quot;}&#10;    domain: &quot;syntax&quot;&#10;    ignored: [&quot;examples&quot;]&#10;warning: the following keywords are unknown and will be ignored: [examples]&#10;    level: &quot;warning&quot;&#10;    schema: {&quot;loadingURI&quot;:&quot;#&quot;,&quot;pointer&quot;:&quot;/items/properties/seguro&quot;}&#10;    domain: &quot;syntax&quot;&#10;    ignored: [&quot;examples&quot;]&#10;warning: the following keywords are unknown and will be ignored: [examples]&#10;    level: &quot;warning&quot;&#10;    schema: {&quot;loadingURI&quot;:&quot;#&quot;,&quot;pointer&quot;:&quot;/items/properties/valor&quot;}&#10;    domain: &quot;syntax&quot;&#10;    ignored: [&quot;examples&quot;]&#10;warning: the following keywords are unknown and will be ignored: [examples]&#10;    level: &quot;warning&quot;&#10;    schema: {&quot;loadingURI&quot;:&quot;#&quot;,&quot;pointer&quot;:&quot;/items&quot;}&#10;    domain: &quot;syntax&quot;&#10;    ignored: [&quot;examples&quot;]&#10;warning: the following keywords are unknown and will be ignored: [examples]&#10;    level: &quot;warning&quot;&#10;    schema: {&quot;loadingURI&quot;:&quot;#&quot;,&quot;pointer&quot;:&quot;/items/properties/cpf&quot;}&#10;    domain: &quot;syntax&quot;&#10;    ignored: [&quot;examples&quot;]&#10;warning: the following keywords are unknown and will be ignored: [examples]&#10;    level: &quot;warning&quot;&#10;    schema: {&quot;loadingURI&quot;:&quot;#&quot;,&quot;pointer&quot;:&quot;/items/properties/email&quot;}&#10;    domain: &quot;syntax&quot;&#10;    ignored: [&quot;examples&quot;]&#10;warning: the following keywords are unknown and will be ignored: [examples]&#10;    level: &quot;warning&quot;&#10;    schema: {&quot;loadingURI&quot;:&quot;#&quot;,&quot;pointer&quot;:&quot;/items/properties/id&quot;}&#10;    domain: &quot;syntax&quot;&#10;    ignored: [&quot;examples&quot;]&#10;warning: the following keywords are unknown and will be ignored: [examples]&#10;    level: &quot;warning&quot;&#10;    schema: {&quot;loadingURI&quot;:&quot;#&quot;,&quot;pointer&quot;:&quot;/items/properties/nome&quot;}&#10;    domain: &quot;syntax&quot;&#10;    ignored: [&quot;examples&quot;]&#10;warning: the following keywords are unknown and will be ignored: [examples]&#10;    level: &quot;warning&quot;&#10;    schema: {&quot;loadingURI&quot;:&quot;#&quot;,&quot;pointer&quot;:&quot;/items/properties/parcelas&quot;}&#10;    domain: &quot;syntax&quot;&#10;    ignored: [&quot;examples&quot;]&#10;warning: the following keywords are unknown and will be ignored: [examples]&#10;    level: &quot;warning&quot;&#10;    schema: {&quot;loadingURI&quot;:&quot;#&quot;,&quot;pointer&quot;:&quot;/items/properties/seguro&quot;}&#10;    domain: &quot;syntax&quot;&#10;    ignored: [&quot;examples&quot;]&#10;warning: the following keywords are unknown and will be ignored: [examples]&#10;    level: &quot;warning&quot;&#10;    schema: {&quot;loadingURI&quot;:&quot;#&quot;,&quot;pointer&quot;:&quot;/items/properties/valor&quot;}&#10;    domain: &quot;syntax&quot;&#10;    ignored: [&quot;examples&quot;]&#10;warning: the following keywords are unknown and will be ignored: [examples]&#10;    level: &quot;warning&quot;&#10;    schema: {&quot;loadingURI&quot;:&quot;#&quot;,&quot;pointer&quot;:&quot;/items&quot;}&#10;    domain: &quot;syntax&quot;&#10;    ignored: [&quot;examples&quot;]&#10;warning: the following keywords are unknown and will be ignored: [examples]&#10;    level: &quot;warning&quot;&#10;    schema: {&quot;loadingURI&quot;:&quot;#&quot;,&quot;pointer&quot;:&quot;/items/properties/cpf&quot;}&#10;    domain: &quot;syntax&quot;&#10;    ignored: [&quot;examples&quot;]&#10;warning: the following keywords are unknown and will be ignored: [examples]&#10;    level: &quot;warning&quot;&#10;    schema: {&quot;loadingURI&quot;:&quot;#&quot;,&quot;pointer&quot;:&quot;/items/properties/email&quot;}&#10;    domain: &quot;syntax&quot;&#10;    ignored: [&quot;examples&quot;]&#10;warning: the following keywords are unknown and will be ignored: [examples]&#10;    level: &quot;warning&quot;&#10;    schema: {&quot;loadingURI&quot;:&quot;#&quot;,&quot;pointer&quot;:&quot;/items/properties/id&quot;}&#10;    domain: &quot;syntax&quot;&#10;    ignored: [&quot;examples&quot;]&#10;warning: the following keywords are unknown and will be ignored: [examples]&#10;    level: &quot;warning&quot;&#10;    schema: {&quot;loadingURI&quot;:&quot;#&quot;,&quot;pointer&quot;:&quot;/items/properties/nome&quot;}&#10;    domain: &quot;syntax&quot;&#10;    ignored: [&quot;examples&quot;]&#10;warning: the following keywords are unknown and will be ignored: [examples]&#10;    level: &quot;warning&quot;&#10;    schema: {&quot;loadingURI&quot;:&quot;#&quot;,&quot;pointer&quot;:&quot;/items/properties/parcelas&quot;}&#10;    domain: &quot;syntax&quot;&#10;    ignored: [&quot;examples&quot;]&#10;warning: the following keywords are unknown and will be ignored: [examples]&#10;    level: &quot;warning&quot;&#10;    schema: {&quot;loadingURI&quot;:&quot;#&quot;,&quot;pointer&quot;:&quot;/items/properties/seguro&quot;}&#10;    domain: &quot;syntax&quot;&#10;    ignored: [&quot;examples&quot;]&#10;warning: the following keywords are unknown and will be ignored: [examples]&#10;    level: &quot;warning&quot;&#10;    schema: {&quot;loadingURI&quot;:&quot;#&quot;,&quot;pointer&quot;:&quot;/items/properties/valor&quot;}&#10;    domain: &quot;syntax&quot;&#10;    ignored: [&quot;examples&quot;]&#10;warning: the following keywords are unknown and will be ignored: [examples]&#10;    level: &quot;warning&quot;&#10;    schema: {&quot;loadingURI&quot;:&quot;#&quot;,&quot;pointer&quot;:&quot;/items&quot;}&#10;    domain: &quot;syntax&quot;&#10;    ignored: [&quot;examples&quot;]&#10;warning: the following keywords are unknown and will be ignored: [examples]&#10;    level: &quot;warning&quot;&#10;    schema: {&quot;loadingURI&quot;:&quot;#&quot;,&quot;pointer&quot;:&quot;/items/properties/cpf&quot;}&#10;    domain: &quot;syntax&quot;&#10;    ignored: [&quot;examples&quot;]&#10;warning: the following keywords are unknown and will be ignored: [examples]&#10;    level: &quot;warning&quot;&#10;    schema: {&quot;loadingURI&quot;:&quot;#&quot;,&quot;pointer&quot;:&quot;/items/properties/email&quot;}&#10;    domain: &quot;syntax&quot;&#10;    ignored: [&quot;examples&quot;]&#10;warning: the following keywords are unknown and will be ignored: [examples]&#10;    level: &quot;warning&quot;&#10;    schema: {&quot;loadingURI&quot;:&quot;#&quot;,&quot;pointer&quot;:&quot;/items/properties/id&quot;}&#10;    domain: &quot;syntax&quot;&#10;    ignored: [&quot;examples&quot;]&#10;warning: the following keywords are unknown and will be ignored: [examples]&#10;    level: &quot;warning&quot;&#10;    schema: {&quot;loadingURI&quot;:&quot;#&quot;,&quot;pointer&quot;:&quot;/items/properties/nome&quot;}&#10;    domain: &quot;syntax&quot;&#10;    ignored: [&quot;examples&quot;]&#10;warning: the following keywords are unknown and will be ignored: [examples]&#10;    level: &quot;warning&quot;&#10;    schema: {&quot;loadingURI&quot;:&quot;#&quot;,&quot;pointer&quot;:&quot;/items/properties/parcelas&quot;}&#10;    domain: &quot;syntax&quot;&#10;    ignored: [&quot;examples&quot;]&#10;warning: the following keywords are unknown and will be ignored: [examples]&#10;    level: &quot;warning&quot;&#10;    schema: {&quot;loadingURI&quot;:&quot;#&quot;,&quot;pointer&quot;:&quot;/items/properties/seguro&quot;}&#10;    domain: &quot;syntax&quot;&#10;    ignored: [&quot;examples&quot;]&#10;warning: the following keywords are unknown and will be ignored: [examples]&#10;    level: &quot;warning&quot;&#10;    schema: {&quot;loadingURI&quot;:&quot;#&quot;,&quot;pointer&quot;:&quot;/items/properties/valor&quot;}&#10;    domain: &quot;syntax&quot;&#10;    ignored: [&quot;examples&quot;]&#10;warning: the following keywords are unknown and will be ignored: [examples]&#10;    level: &quot;warning&quot;&#10;    schema: {&quot;loadingURI&quot;:&quot;#&quot;,&quot;pointer&quot;:&quot;/items&quot;}&#10;    domain: &quot;syntax&quot;&#10;    ignored: [&quot;examples&quot;]&#10;warning: the following keywords are unknown and will be ignored: [examples]&#10;    level: &quot;warning&quot;&#10;    schema: {&quot;loadingURI&quot;:&quot;#&quot;,&quot;pointer&quot;:&quot;/items/properties/cpf&quot;}&#10;    domain: &quot;syntax&quot;&#10;    ignored: [&quot;examples&quot;]&#10;warning: the following keywords are unknown and will be ignored: [examples]&#10;    level: &quot;warning&quot;&#10;    schema: {&quot;loadingURI&quot;:&quot;#&quot;,&quot;pointer&quot;:&quot;/items/properties/email&quot;}&#10;    domain: &quot;syntax&quot;&#10;    ignored: [&quot;examples&quot;]&#10;warning: the following keywords are unknown and will be ignored: [examples]&#10;    level: &quot;warning&quot;&#10;    schema: {&quot;loadingURI&quot;:&quot;#&quot;,&quot;pointer&quot;:&quot;/items/properties/id&quot;}&#10;    domain: &quot;syntax&quot;&#10;    ignored: [&quot;examples&quot;]&#10;warning: the following keywords are unknown and will be ignored: [examples]&#10;    level: &quot;warning&quot;&#10;    schema: {&quot;loadingURI&quot;:&quot;#&quot;,&quot;pointer&quot;:&quot;/items/properties/nome&quot;}&#10;    domain: &quot;syntax&quot;&#10;    ignored: [&quot;examples&quot;]&#10;warning: the following keywords are unknown and will be ignored: [examples]&#10;    level: &quot;warning&quot;&#10;    schema: {&quot;loadingURI&quot;:&quot;#&quot;,&quot;pointer&quot;:&quot;/items/properties/parcelas&quot;}&#10;    domain: &quot;syntax&quot;&#10;    ignored: [&quot;examples&quot;]&#10;warning: the following keywords are unknown and will be ignored: [examples]&#10;    level: &quot;warning&quot;&#10;    schema: {&quot;loadingURI&quot;:&quot;#&quot;,&quot;pointer&quot;:&quot;/items/properties/seguro&quot;}&#10;    domain: &quot;syntax&quot;&#10;    ignored: [&quot;examples&quot;]&#10;warning: the following keywords are unknown and will be ignored: [examples]&#10;    level: &quot;warning&quot;&#10;    schema: {&quot;loadingURI&quot;:&quot;#&quot;,&quot;pointer&quot;:&quot;/items/properties/valor&quot;}&#10;    domain: &quot;syntax&quot;&#10;    ignored: [&quot;examples&quot;]&#10;warning: the following keywords are unknown and will be ignored: [examples]&#10;    level: &quot;warning&quot;&#10;    schema: {&quot;loadingURI&quot;:&quot;#&quot;,&quot;pointer&quot;:&quot;/items&quot;}&#10;    domain: &quot;syntax&quot;&#10;    ignored: [&quot;examples&quot;]&#10;warning: the following keywords are unknown and will be ignored: [examples]&#10;    level: &quot;warning&quot;&#10;    schema: {&quot;loadingURI&quot;:&quot;#&quot;,&quot;pointer&quot;:&quot;/items/properties/cpf&quot;}&#10;    domain: &quot;syntax&quot;&#10;    ignored: [&quot;examples&quot;]&#10;warning: the following keywords are unknown and will be ignored: [examples]&#10;    level: &quot;warning&quot;&#10;    schema: {&quot;loadingURI&quot;:&quot;#&quot;,&quot;pointer&quot;:&quot;/items/properties/email&quot;}&#10;    domain: &quot;syntax&quot;&#10;    ignored: [&quot;examples&quot;]&#10;warning: the following keywords are unknown and will be ignored: [examples]&#10;    level: &quot;warning&quot;&#10;    schema: {&quot;loadingURI&quot;:&quot;#&quot;,&quot;pointer&quot;:&quot;/items/properties/id&quot;}&#10;    domain: &quot;syntax&quot;&#10;    ignored: [&quot;examples&quot;]&#10;warning: the following keywords are unknown and will be ignored: [examples]&#10;    level: &quot;warning&quot;&#10;    schema: {&quot;loadingURI&quot;:&quot;#&quot;,&quot;pointer&quot;:&quot;/items/properties/nome&quot;}&#10;    domain: &quot;syntax&quot;&#10;    ignored: [&quot;examples&quot;]&#10;warning: the following keywords are unknown and will be ignored: [examples]&#10;    level: &quot;warning&quot;&#10;    schema: {&quot;loadingURI&quot;:&quot;#&quot;,&quot;pointer&quot;:&quot;/items/properties/parcelas&quot;}&#10;    domain: &quot;syntax&quot;&#10;    ignored: [&quot;examples&quot;]&#10;warning: the following keywords are unknown and will be ignored: [examples]&#10;    level: &quot;warning&quot;&#10;    schema: {&quot;loadingURI&quot;:&quot;#&quot;,&quot;pointer&quot;:&quot;/items/properties/seguro&quot;}&#10;    domain: &quot;syntax&quot;&#10;    ignored: [&quot;examples&quot;]&#10;warning: the following keywords are unknown and will be ignored: [examples]&#10;    level: &quot;warning&quot;&#10;    schema: {&quot;loadingURI&quot;:&quot;#&quot;,&quot;pointer&quot;:&quot;/items/properties/valor&quot;}&#10;    domain: &quot;syntax&quot;&#10;    ignored: [&quot;examples&quot;]&#10;warning: the following keywords are unknown and will be ignored: [examples]&#10;    level: &quot;warning&quot;&#10;    schema: {&quot;loadingURI&quot;:&quot;#&quot;,&quot;pointer&quot;:&quot;/items&quot;}&#10;    domain: &quot;syntax&quot;&#10;    ignored: [&quot;examples&quot;]&#10;warning: the following keywords are unknown and will be ignored: [examples]&#10;    level: &quot;warning&quot;&#10;    schema: {&quot;loadingURI&quot;:&quot;#&quot;,&quot;pointer&quot;:&quot;/items/properties/cpf&quot;}&#10;    domain: &quot;syntax&quot;&#10;    ignored: [&quot;examples&quot;]&#10;warning: the following keywords are unknown and will be ignored: [examples]&#10;    level: &quot;warning&quot;&#10;    schema: {&quot;loadingURI&quot;:&quot;#&quot;,&quot;pointer&quot;:&quot;/items/properties/email&quot;}&#10;    domain: &quot;syntax&quot;&#10;    ignored: [&quot;examples&quot;]&#10;warning: the following keywords are unknown and will be ignored: [examples]&#10;    level: &quot;warning&quot;&#10;    schema: {&quot;loadingURI&quot;:&quot;#&quot;,&quot;pointer&quot;:&quot;/items/properties/id&quot;}&#10;    domain: &quot;syntax&quot;&#10;    ignored: [&quot;examples&quot;]&#10;warning: the following keywords are unknown and will be ignored: [examples]&#10;    level: &quot;warning&quot;&#10;    schema: {&quot;loadingURI&quot;:&quot;#&quot;,&quot;pointer&quot;:&quot;/items/properties/nome&quot;}&#10;    domain: &quot;syntax&quot;&#10;    ignored: [&quot;examples&quot;]&#10;warning: the following keywords are unknown and will be ignored: [examples]&#10;    level: &quot;warning&quot;&#10;    schema: {&quot;loadingURI&quot;:&quot;#&quot;,&quot;pointer&quot;:&quot;/items/properties/parcelas&quot;}&#10;    domain: &quot;syntax&quot;&#10;    ignored: [&quot;examples&quot;]&#10;warning: the following keywords are unknown and will be ignored: [examples]&#10;    level: &quot;warning&quot;&#10;    schema: {&quot;loadingURI&quot;:&quot;#&quot;,&quot;pointer&quot;:&quot;/items/properties/seguro&quot;}&#10;    domain: &quot;syntax&quot;&#10;    ignored: [&quot;examples&quot;]&#10;warning: the following keywords are unknown and will be ignored: [examples]&#10;    level: &quot;warning&quot;&#10;    schema: {&quot;loadingURI&quot;:&quot;#&quot;,&quot;pointer&quot;:&quot;/items/properties/valor&quot;}&#10;    domain: &quot;syntax&quot;&#10;    ignored: [&quot;examples&quot;]&#10;warning: the following keywords are unknown and will be ignored: [examples]&#10;    level: &quot;warning&quot;&#10;    schema: {&quot;loadingURI&quot;:&quot;#&quot;,&quot;pointer&quot;:&quot;/items&quot;}&#10;    domain: &quot;syntax&quot;&#10;    ignored: [&quot;examples&quot;]&#10;warning: the following keywords are unknown and will be ignored: [examples]&#10;    level: &quot;warning&quot;&#10;    schema: {&quot;loadingURI&quot;:&quot;#&quot;,&quot;pointer&quot;:&quot;/items/properties/cpf&quot;}&#10;    domain: &quot;syntax&quot;&#10;    ignored: [&quot;examples&quot;]&#10;warning: the following keywords are unknown and will be ignored: [examples]&#10;    level: &quot;warning&quot;&#10;    schema: {&quot;loadingURI&quot;:&quot;#&quot;,&quot;pointer&quot;:&quot;/items/properties/email&quot;}&#10;    domain: &quot;syntax&quot;&#10;    ignored: [&quot;examples&quot;]&#10;warning: the following keywords are unknown and will be ignored: [examples]&#10;    level: &quot;warning&quot;&#10;    schema: {&quot;loadingURI&quot;:&quot;#&quot;,&quot;pointer&quot;:&quot;/items/properties/id&quot;}&#10;    domain: &quot;syntax&quot;&#10;    ignored: [&quot;examples&quot;]&#10;warning: the following keywords are unknown and will be ignored: [examples]&#10;    level: &quot;warning&quot;&#10;    schema: {&quot;loadingURI&quot;:&quot;#&quot;,&quot;pointer&quot;:&quot;/items/properties/nome&quot;}&#10;    domain: &quot;syntax&quot;&#10;    ignored: [&quot;examples&quot;]&#10;warning: the following keywords are unknown and will be ignored: [examples]&#10;    level: &quot;warning&quot;&#10;    schema: {&quot;loadingURI&quot;:&quot;#&quot;,&quot;pointer&quot;:&quot;/items/properties/parcelas&quot;}&#10;    domain: &quot;syntax&quot;&#10;    ignored: [&quot;examples&quot;]&#10;warning: the following keywords are unknown and will be ignored: [examples]&#10;    level: &quot;warning&quot;&#10;    schema: {&quot;loadingURI&quot;:&quot;#&quot;,&quot;pointer&quot;:&quot;/items/properties/seguro&quot;}&#10;    domain: &quot;syntax&quot;&#10;    ignored: [&quot;examples&quot;]&#10;warning: the following keywords are unknown and will be ignored: [examples]&#10;    level: &quot;warning&quot;&#10;    schema: {&quot;loadingURI&quot;:&quot;#&quot;,&quot;pointer&quot;:&quot;/items/properties/valor&quot;}&#10;    domain: &quot;syntax&quot;&#10;    ignored: [&quot;examples&quot;]&#10;warning: the following keywords are unknown and will be ignored: [examples]&#10;    level: &quot;warning&quot;&#10;    schema: {&quot;loadingURI&quot;:&quot;#&quot;,&quot;pointer&quot;:&quot;/items&quot;}&#10;    domain: &quot;syntax&quot;&#10;    ignored: [&quot;examples&quot;]&#10;warning: the following keywords are unknown and will be ignored: [examples]&#10;    level: &quot;warning&quot;&#10;    schema: {&quot;loadingURI&quot;:&quot;#&quot;,&quot;pointer&quot;:&quot;/items/properties/cpf&quot;}&#10;    domain: &quot;syntax&quot;&#10;    ignored: [&quot;examples&quot;]&#10;warning: the following keywords are unknown and will be ignored: [examples]&#10;    level: &quot;warning&quot;&#10;    schema: {&quot;loadingURI&quot;:&quot;#&quot;,&quot;pointer&quot;:&quot;/items/properties/email&quot;}&#10;    domain: &quot;syntax&quot;&#10;    ignored: [&quot;examples&quot;]&#10;warning: the following keywords are unknown and will be ignored: [examples]&#10;    level: &quot;warning&quot;&#10;    schema: {&quot;loadingURI&quot;:&quot;#&quot;,&quot;pointer&quot;:&quot;/items/properties/id&quot;}&#10;    domain: &quot;syntax&quot;&#10;    ignored: [&quot;examples&quot;]&#10;warning: the following keywords are unknown and will be ignored: [examples]&#10;    level: &quot;warning&quot;&#10;    schema: {&quot;loadingURI&quot;:&quot;#&quot;,&quot;pointer&quot;:&quot;/items/properties/nome&quot;}&#10;    domain: &quot;syntax&quot;&#10;    ignored: [&quot;examples&quot;]&#10;warning: the following keywords are unknown and will be ignored: [examples]&#10;    level: &quot;warning&quot;&#10;    schema: {&quot;loadingURI&quot;:&quot;#&quot;,&quot;pointer&quot;:&quot;/items/properties/parcelas&quot;}&#10;    domain: &quot;syntax&quot;&#10;    ignored: [&quot;examples&quot;]&#10;warning: the following keywords are unknown and will be ignored: [examples]&#10;    level: &quot;warning&quot;&#10;    schema: {&quot;loadingURI&quot;:&quot;#&quot;,&quot;pointer&quot;:&quot;/items/properties/seguro&quot;}&#10;    domain: &quot;syntax&quot;&#10;    ignored: [&quot;examples&quot;]&#10;warning: the following keywords are unknown and will be ignored: [examples]&#10;    level: &quot;warning&quot;&#10;    schema: {&quot;loadingURI&quot;:&quot;#&quot;,&quot;pointer&quot;:&quot;/items/properties/valor&quot;}&#10;    domain: &quot;syntax&quot;&#10;    ignored: [&quot;examples&quot;]&#10;warning: the following keywords are unknown and will be ignored: [examples]&#10;    level: &quot;warning&quot;&#10;    schema: {&quot;loadingURI&quot;:&quot;#&quot;,&quot;pointer&quot;:&quot;/items&quot;}&#10;    domain: &quot;syntax&quot;&#10;    ignored: [&quot;examples&quot;]&#10;warning: the following keywords are unknown and will be ignored: [examples]&#10;    level: &quot;warning&quot;&#10;    schema: {&quot;loadingURI&quot;:&quot;#&quot;,&quot;pointer&quot;:&quot;/items/properties/cpf&quot;}&#10;    domain: &quot;syntax&quot;&#10;    ignored: [&quot;examples&quot;]&#10;warning: the following keywords are unknown and will be ignored: [examples]&#10;    level: &quot;warning&quot;&#10;    schema: {&quot;loadingURI&quot;:&quot;#&quot;,&quot;pointer&quot;:&quot;/items/properties/email&quot;}&#10;    domain: &quot;syntax&quot;&#10;    ignored: [&quot;examples&quot;]&#10;warning: the following keywords are unknown and will be ignored: [examples]&#10;    level: &quot;warning&quot;&#10;    schema: {&quot;loadingURI&quot;:&quot;#&quot;,&quot;pointer&quot;:&quot;/items/properties/id&quot;}&#10;    domain: &quot;syntax&quot;&#10;    ignored: [&quot;examples&quot;]&#10;warning: the following keywords are unknown and will be ignored: [examples]&#10;    level: &quot;warning&quot;&#10;    schema: {&quot;loadingURI&quot;:&quot;#&quot;,&quot;pointer&quot;:&quot;/items/properties/nome&quot;}&#10;    domain: &quot;syntax&quot;&#10;    ignored: [&quot;examples&quot;]&#10;warning: the following keywords are unknown and will be ignored: [examples]&#10;    level: &quot;warning&quot;&#10;    schema: {&quot;loadingURI&quot;:&quot;#&quot;,&quot;pointer&quot;:&quot;/items/properties/parcelas&quot;}&#10;    domain: &quot;syntax&quot;&#10;    ignored: [&quot;examples&quot;]&#10;warning: the following keywords are unknown and will be ignored: [examples]&#10;    level: &quot;warning&quot;&#10;    schema: {&quot;loadingURI&quot;:&quot;#&quot;,&quot;pointer&quot;:&quot;/items/properties/seguro&quot;}&#10;    domain: &quot;syntax&quot;&#10;    ignored: [&quot;examples&quot;]&#10;warning: the following keywords are unknown and will be ignored: [examples]&#10;    level: &quot;warning&quot;&#10;    schema: {&quot;loadingURI&quot;:&quot;#&quot;,&quot;pointer&quot;:&quot;/items/properties/valor&quot;}&#10;    domain: &quot;syntax&quot;&#10;    ignored: [&quot;examples&quot;]&#10;warning: the following keywords are unknown and will be ignored: [examples]&#10;    level: &quot;warning&quot;&#10;    schema: {&quot;loadingURI&quot;:&quot;#&quot;,&quot;pointer&quot;:&quot;/items&quot;}&#10;    domain: &quot;syntax&quot;&#10;    ignored: [&quot;examples&quot;]&#10;warning: the following keywords are unknown and will be ignored: [examples]&#10;    level: &quot;warning&quot;&#10;    schema: {&quot;loadingURI&quot;:&quot;#&quot;,&quot;pointer&quot;:&quot;/items/properties/cpf&quot;}&#10;    domain: &quot;syntax&quot;&#10;    ignored: [&quot;examples&quot;]&#10;warning: the following keywords are unknown and will be ignored: [examples]&#10;    level: &quot;warning&quot;&#10;    schema: {&quot;loadingURI&quot;:&quot;#&quot;,&quot;pointer&quot;:&quot;/items/properties/email&quot;}&#10;    domain: &quot;syntax&quot;&#10;    ignored: [&quot;examples&quot;]&#10;warning: the following keywords are unknown and will be ignored: [examples]&#10;    level: &quot;warning&quot;&#10;    schema: {&quot;loadingURI&quot;:&quot;#&quot;,&quot;pointer&quot;:&quot;/items/properties/id&quot;}&#10;    domain: &quot;syntax&quot;&#10;    ignored: [&quot;examples&quot;]&#10;warning: the following keywords are unknown and will be ignored: [examples]&#10;    level: &quot;warning&quot;&#10;    schema: {&quot;loadingURI&quot;:&quot;#&quot;,&quot;pointer&quot;:&quot;/items/properties/nome&quot;}&#10;    domain: &quot;syntax&quot;&#10;    ignored: [&quot;examples&quot;]&#10;warning: the following keywords are unknown and will be ignored: [examples]&#10;    level: &quot;warning&quot;&#10;    schema: {&quot;loadingURI&quot;:&quot;#&quot;,&quot;pointer&quot;:&quot;/items/properties/parcelas&quot;}&#10;    domain: &quot;syntax&quot;&#10;    ignored: [&quot;examples&quot;]&#10;warning: the following keywords are unknown and will be ignored: [examples]&#10;    level: &quot;warning&quot;&#10;    schema: {&quot;loadingURI&quot;:&quot;#&quot;,&quot;pointer&quot;:&quot;/items/properties/seguro&quot;}&#10;    domain: &quot;syntax&quot;&#10;    ignored: [&quot;examples&quot;]&#10;warning: the following keywords are unknown and will be ignored: [examples]&#10;    level: &quot;warning&quot;&#10;    schema: {&quot;loadingURI&quot;:&quot;#&quot;,&quot;pointer&quot;:&quot;/items/properties/valor&quot;}&#10;    domain: &quot;syntax&quot;&#10;    ignored: [&quot;examples&quot;]&#10;warning: the following keywords are unknown and will be ignored: [examples]&#10;    level: &quot;warning&quot;&#10;    schema: {&quot;loadingURI&quot;:&quot;#&quot;,&quot;pointer&quot;:&quot;/items&quot;}&#10;    domain: &quot;syntax&quot;&#10;    ignored: [&quot;examples&quot;]&#10;warning: the following keywords are unknown and will be ignored: [examples]&#10;    level: &quot;warning&quot;&#10;    schema: {&quot;loadingURI&quot;:&quot;#&quot;,&quot;pointer&quot;:&quot;/items/properties/cpf&quot;}&#10;    domain: &quot;syntax&quot;&#10;    ignored: [&quot;examples&quot;]&#10;warning: the following keywords are unknown and will be ignored: [examples]&#10;    level: &quot;warning&quot;&#10;    schema: {&quot;loadingURI&quot;:&quot;#&quot;,&quot;pointer&quot;:&quot;/items/properties/email&quot;}&#10;    domain: &quot;syntax&quot;&#10;    ignored: [&quot;examples&quot;]&#10;warning: the following keywords are unknown and will be ignored: [examples]&#10;    level: &quot;warning&quot;&#10;    schema: {&quot;loadingURI&quot;:&quot;#&quot;,&quot;pointer&quot;:&quot;/items/properties/id&quot;}&#10;    domain: &quot;syntax&quot;&#10;    ignored: [&quot;examples&quot;]&#10;warning: the following keywords are unknown and will be ignored: [examples]&#10;    level: &quot;warning&quot;&#10;    schema: {&quot;loadingURI&quot;:&quot;#&quot;,&quot;pointer&quot;:&quot;/items/properties/nome&quot;}&#10;    domain: &quot;syntax&quot;&#10;    ignored: [&quot;examples&quot;]&#10;warning: the following keywords are unknown and will be ignored: [examples]&#10;    level: &quot;warning&quot;&#10;    schema: {&quot;loadingURI&quot;:&quot;#&quot;,&quot;pointer&quot;:&quot;/items/properties/parcelas&quot;}&#10;    domain: &quot;syntax&quot;&#10;    ignored: [&quot;examples&quot;]&#10;warning: the following keywords are unknown and will be ignored: [examples]&#10;    level: &quot;warning&quot;&#10;    schema: {&quot;loadingURI&quot;:&quot;#&quot;,&quot;pointer&quot;:&quot;/items/properties/seguro&quot;}&#10;    domain: &quot;syntax&quot;&#10;    ignored: [&quot;examples&quot;]&#10;warning: the following keywords are unknown and will be ignored: [examples]&#10;    level: &quot;warning&quot;&#10;    schema: {&quot;loadingURI&quot;:&quot;#&quot;,&quot;pointer&quot;:&quot;/items/properties/valor&quot;}&#10;    domain: &quot;syntax&quot;&#10;    ignored: [&quot;examples&quot;]&#10;warning: the following keywords are unknown and will be ignored: [examples]&#10;    level: &quot;warning&quot;&#10;    schema: {&quot;loadingURI&quot;:&quot;#&quot;,&quot;pointer&quot;:&quot;/items&quot;}&#10;    domain: &quot;syntax&quot;&#10;    ignored: [&quot;examples&quot;]&#10;warning: the following keywords are unknown and will be ignored: [examples]&#10;    level: &quot;warning&quot;&#10;    schema: {&quot;loadingURI&quot;:&quot;#&quot;,&quot;pointer&quot;:&quot;/items/properties/cpf&quot;}&#10;    domain: &quot;syntax&quot;&#10;    ignored: [&quot;examples&quot;]&#10;warning: the following keywords are unknown and will be ignored: [examples]&#10;    level: &quot;warning&quot;&#10;    schema: {&quot;loadingURI&quot;:&quot;#&quot;,&quot;pointer&quot;:&quot;/items/properties/email&quot;}&#10;    domain: &quot;syntax&quot;&#10;    ignored: [&quot;examples&quot;]&#10;warning: the following keywords are unknown and will be ignored: [examples]&#10;    level: &quot;warning&quot;&#10;    schema: {&quot;loadingURI&quot;:&quot;#&quot;,&quot;pointer&quot;:&quot;/items/properties/id&quot;}&#10;    domain: &quot;syntax&quot;&#10;    ignored: [&quot;examples&quot;]&#10;warning: the following keywords are unknown and will be ignored: [examples]&#10;    level: &quot;warning&quot;&#10;    schema: {&quot;loadingURI&quot;:&quot;#&quot;,&quot;pointer&quot;:&quot;/items/properties/nome&quot;}&#10;    domain: &quot;syntax&quot;&#10;    ignored: [&quot;examples&quot;]&#10;warning: the following keywords are unknown and will be ignored: [examples]&#10;    level: &quot;warning&quot;&#10;    schema: {&quot;loadingURI&quot;:&quot;#&quot;,&quot;pointer&quot;:&quot;/items/properties/parcelas&quot;}&#10;    domain: &quot;syntax&quot;&#10;    ignored: [&quot;examples&quot;]&#10;warning: the following keywords are unknown and will be ignored: [examples]&#10;    level: &quot;warning&quot;&#10;    schema: {&quot;loadingURI&quot;:&quot;#&quot;,&quot;pointer&quot;:&quot;/items/properties/seguro&quot;}&#10;    domain: &quot;syntax&quot;&#10;    ignored: [&quot;examples&quot;]&#10;warning: the following keywords are unknown and will be ignored: [examples]&#10;    level: &quot;warning&quot;&#10;    schema: {&quot;loadingURI&quot;:&quot;#&quot;,&quot;pointer&quot;:&quot;/items/properties/valor&quot;}&#10;    domain: &quot;syntax&quot;&#10;    ignored: [&quot;examples&quot;]&#10;warning: the following keywords are unknown and will be ignored: [examples]&#10;    level: &quot;warning&quot;&#10;    schema: {&quot;loadingURI&quot;:&quot;#&quot;,&quot;pointer&quot;:&quot;/items&quot;}&#10;    domain: &quot;syntax&quot;&#10;    ignored: [&quot;examples&quot;]&#10;warning: the following keywords are unknown and will be ignored: [examples]&#10;    level: &quot;warning&quot;&#10;    schema: {&quot;loadingURI&quot;:&quot;#&quot;,&quot;pointer&quot;:&quot;/items/properties/cpf&quot;}&#10;    domain: &quot;syntax&quot;&#10;    ignored: [&quot;examples&quot;]&#10;warning: the following keywords are unknown and will be ignored: [examples]&#10;    level: &quot;warning&quot;&#10;    schema: {&quot;loadingURI&quot;:&quot;#&quot;,&quot;pointer&quot;:&quot;/items/properties/email&quot;}&#10;    domain: &quot;syntax&quot;&#10;    ignored: [&quot;examples&quot;]&#10;warning: the following keywords are unknown and will be ignored: [examples]&#10;    level: &quot;warning&quot;&#10;    schema: {&quot;loadingURI&quot;:&quot;#&quot;,&quot;pointer&quot;:&quot;/items/properties/id&quot;}&#10;    domain: &quot;syntax&quot;&#10;    ignored: [&quot;examples&quot;]&#10;warning: the following keywords are unknown and will be ignored: [examples]&#10;    level: &quot;warning&quot;&#10;    schema: {&quot;loadingURI&quot;:&quot;#&quot;,&quot;pointer&quot;:&quot;/items/properties/nome&quot;}&#10;    domain: &quot;syntax&quot;&#10;    ignored: [&quot;examples&quot;]&#10;warning: the following keywords are unknown and will be ignored: [examples]&#10;    level: &quot;warning&quot;&#10;    schema: {&quot;loadingURI&quot;:&quot;#&quot;,&quot;pointer&quot;:&quot;/items/properties/parcelas&quot;}&#10;    domain: &quot;syntax&quot;&#10;    ignored: [&quot;examples&quot;]&#10;warning: the following keywords are unknown and will be ignored: [examples]&#10;    level: &quot;warning&quot;&#10;    schema: {&quot;loadingURI&quot;:&quot;#&quot;,&quot;pointer&quot;:&quot;/items/properties/seguro&quot;}&#10;    domain: &quot;syntax&quot;&#10;    ignored: [&quot;examples&quot;]&#10;warning: the following keywords are unknown and will be ignored: [examples]&#10;    level: &quot;warning&quot;&#10;    schema: {&quot;loadingURI&quot;:&quot;#&quot;,&quot;pointer&quot;:&quot;/items/properties/valor&quot;}&#10;    domain: &quot;syntax&quot;&#10;    ignored: [&quot;examples&quot;]&#10;warning: the following keywords are unknown and will be ignored: [examples]&#10;    level: &quot;warning&quot;&#10;    schema: {&quot;loadingURI&quot;:&quot;#&quot;,&quot;pointer&quot;:&quot;/items&quot;}&#10;    domain: &quot;syntax&quot;&#10;    ignored: [&quot;examples&quot;]&#10;warning: the following keywords are unknown and will be ignored: [examples]&#10;    level: &quot;warning&quot;&#10;    schema: {&quot;loadingURI&quot;:&quot;#&quot;,&quot;pointer&quot;:&quot;/items/properties/cpf&quot;}&#10;    domain: &quot;syntax&quot;&#10;    ignored: [&quot;examples&quot;]&#10;warning: the following keywords are unknown and will be ignored: [examples]&#10;    level: &quot;warning&quot;&#10;    schema: {&quot;loadingURI&quot;:&quot;#&quot;,&quot;pointer&quot;:&quot;/items/properties/email&quot;}&#10;    domain: &quot;syntax&quot;&#10;    ignored: [&quot;examples&quot;]&#10;warning: the following keywords are unknown and will be ignored: [examples]&#10;    level: &quot;warning&quot;&#10;    schema: {&quot;loadingURI&quot;:&quot;#&quot;,&quot;pointer&quot;:&quot;/items/properties/id&quot;}&#10;    domain: &quot;syntax&quot;&#10;    ignored: [&quot;examples&quot;]&#10;warning: the following keywords are unknown and will be ignored: [examples]&#10;    level: &quot;warning&quot;&#10;    schema: {&quot;loadingURI&quot;:&quot;#&quot;,&quot;pointer&quot;:&quot;/items/properties/nome&quot;}&#10;    domain: &quot;syntax&quot;&#10;    ignored: [&quot;examples&quot;]&#10;warning: the following keywords are unknown and will be ignored: [examples]&#10;    level: &quot;warning&quot;&#10;    schema: {&quot;loadingURI&quot;:&quot;#&quot;,&quot;pointer&quot;:&quot;/items/properties/parcelas&quot;}&#10;    domain: &quot;syntax&quot;&#10;    ignored: [&quot;examples&quot;]&#10;warning: the following keywords are unknown and will be ignored: [examples]&#10;    level: &quot;warning&quot;&#10;    schema: {&quot;loadingURI&quot;:&quot;#&quot;,&quot;pointer&quot;:&quot;/items/properties/seguro&quot;}&#10;    domain: &quot;syntax&quot;&#10;    ignored: [&quot;examples&quot;]&#10;warning: the following keywords are unknown and will be ignored: [examples]&#10;    level: &quot;warning&quot;&#10;    schema: {&quot;loadingURI&quot;:&quot;#&quot;,&quot;pointer&quot;:&quot;/items/properties/valor&quot;}&#10;    domain: &quot;syntax&quot;&#10;    ignored: [&quot;examples&quot;]&#10;warning: the following keywords are unknown and will be ignored: [examples]&#10;    level: &quot;warning&quot;&#10;    schema: {&quot;loadingURI&quot;:&quot;#&quot;,&quot;pointer&quot;:&quot;/items&quot;}&#10;    domain: &quot;syntax&quot;&#10;    ignored: [&quot;examples&quot;]&#10;warning: the following keywords are unknown and will be ignored: [examples]&#10;    level: &quot;warning&quot;&#10;    schema: {&quot;loadingURI&quot;:&quot;#&quot;,&quot;pointer&quot;:&quot;/items/properties/cpf&quot;}&#10;    domain: &quot;syntax&quot;&#10;    ignored: [&quot;examples&quot;]&#10;warning: the following keywords are unknown and will be ignored: [examples]&#10;    level: &quot;warning&quot;&#10;    schema: {&quot;loadingURI&quot;:&quot;#&quot;,&quot;pointer&quot;:&quot;/items/properties/email&quot;}&#10;    domain: &quot;syntax&quot;&#10;    ignored: [&quot;examples&quot;]&#10;warning: the following keywords are unknown and will be ignored: [examples]&#10;    level: &quot;warning&quot;&#10;    schema: {&quot;loadingURI&quot;:&quot;#&quot;,&quot;pointer&quot;:&quot;/items/properties/id&quot;}&#10;    domain: &quot;syntax&quot;&#10;    ignored: [&quot;examples&quot;]&#10;warning: the following keywords are unknown and will be ignored: [examples]&#10;    level: &quot;warning&quot;&#10;    schema: {&quot;loadingURI&quot;:&quot;#&quot;,&quot;pointer&quot;:&quot;/items/properties/nome&quot;}&#10;    domain: &quot;syntax&quot;&#10;    ignored: [&quot;examples&quot;]&#10;warning: the following keywords are unknown and will be ignored: [examples]&#10;    level: &quot;warning&quot;&#10;    schema: {&quot;loadingURI&quot;:&quot;#&quot;,&quot;pointer&quot;:&quot;/items/properties/parcelas&quot;}&#10;    domain: &quot;syntax&quot;&#10;    ignored: [&quot;examples&quot;]&#10;warning: the following keywords are unknown and will be ignored: [examples]&#10;    level: &quot;warning&quot;&#10;    schema: {&quot;loadingURI&quot;:&quot;#&quot;,&quot;pointer&quot;:&quot;/items/properties/seguro&quot;}&#10;    domain: &quot;syntax&quot;&#10;    ignored: [&quot;examples&quot;]&#10;warning: the following keywords are unknown and will be ignored: [examples]&#10;    level: &quot;warning&quot;&#10;    schema: {&quot;loadingURI&quot;:&quot;#&quot;,&quot;pointer&quot;:&quot;/items/properties/valor&quot;}&#10;    domain: &quot;syntax&quot;&#10;    ignored: [&quot;examples&quot;]&#10;warning: the following keywords are unknown and will be ignored: [examples]&#10;    level: &quot;warning&quot;&#10;    schema: {&quot;loadingURI&quot;:&quot;#&quot;,&quot;pointer&quot;:&quot;/items&quot;}&#10;    domain: &quot;syntax&quot;&#10;    ignored: [&quot;examples&quot;]&#10;warning: the following keywords are unknown and will be ignored: [examples]&#10;    level: &quot;warning&quot;&#10;    schema: {&quot;loadingURI&quot;:&quot;#&quot;,&quot;pointer&quot;:&quot;/items/properties/cpf&quot;}&#10;    domain: &quot;syntax&quot;&#10;    ignored: [&quot;examples&quot;]&#10;warning: the following keywords are unknown and will be ignored: [examples]&#10;    level: &quot;warning&quot;&#10;    schema: {&quot;loadingURI&quot;:&quot;#&quot;,&quot;pointer&quot;:&quot;/items/properties/email&quot;}&#10;    domain: &quot;syntax&quot;&#10;    ignored: [&quot;examples&quot;]&#10;warning: the following keywords are unknown and will be ignored: [examples]&#10;    level: &quot;warning&quot;&#10;    schema: {&quot;loadingURI&quot;:&quot;#&quot;,&quot;pointer&quot;:&quot;/items/properties/id&quot;}&#10;    domain: &quot;syntax&quot;&#10;    ignored: [&quot;examples&quot;]&#10;warning: the following keywords are unknown and will be ignored: [examples]&#10;    level: &quot;warning&quot;&#10;    schema: {&quot;loadingURI&quot;:&quot;#&quot;,&quot;pointer&quot;:&quot;/items/properties/nome&quot;}&#10;    domain: &quot;syntax&quot;&#10;    ignored: [&quot;examples&quot;]&#10;warning: the following keywords are unknown and will be ignored: [examples]&#10;    level: &quot;warning&quot;&#10;    schema: {&quot;loadingURI&quot;:&quot;#&quot;,&quot;pointer&quot;:&quot;/items/properties/parcelas&quot;}&#10;    domain: &quot;syntax&quot;&#10;    ignored: [&quot;examples&quot;]&#10;warning: the following keywords are unknown and will be ignored: [examples]&#10;    level: &quot;warning&quot;&#10;    schema: {&quot;loadingURI&quot;:&quot;#&quot;,&quot;pointer&quot;:&quot;/items/properties/seguro&quot;}&#10;    domain: &quot;syntax&quot;&#10;    ignored: [&quot;examples&quot;]&#10;warning: the following keywords are unknown and will be ignored: [examples]&#10;    level: &quot;warning&quot;&#10;    schema: {&quot;loadingURI&quot;:&quot;#&quot;,&quot;pointer&quot;:&quot;/items/properties/valor&quot;}&#10;    domain: &quot;syntax&quot;&#10;    ignored: [&quot;examples&quot;]&#10;warning: the following keywords are unknown and will be ignored: [examples]&#10;    level: &quot;warning&quot;&#10;    schema: {&quot;loadingURI&quot;:&quot;#&quot;,&quot;pointer&quot;:&quot;/items&quot;}&#10;    domain: &quot;syntax&quot;&#10;    ignored: [&quot;examples&quot;]&#10;warning: the following keywords are unknown and will be ignored: [examples]&#10;    level: &quot;warning&quot;&#10;    schema: {&quot;loadingURI&quot;:&quot;#&quot;,&quot;pointer&quot;:&quot;/items/properties/cpf&quot;}&#10;    domain: &quot;syntax&quot;&#10;    ignored: [&quot;examples&quot;]&#10;warning: the following keywords are unknown and will be ignored: [examples]&#10;    level: &quot;warning&quot;&#10;    schema: {&quot;loadingURI&quot;:&quot;#&quot;,&quot;pointer&quot;:&quot;/items/properties/email&quot;}&#10;    domain: &quot;syntax&quot;&#10;    ignored: [&quot;examples&quot;]&#10;warning: the following keywords are unknown and will be ignored: [examples]&#10;    level: &quot;warning&quot;&#10;    schema: {&quot;loadingURI&quot;:&quot;#&quot;,&quot;pointer&quot;:&quot;/items/properties/id&quot;}&#10;    domain: &quot;syntax&quot;&#10;    ignored: [&quot;examples&quot;]&#10;warning: the following keywords are unknown and will be ignored: [examples]&#10;    level: &quot;warning&quot;&#10;    schema: {&quot;loadingURI&quot;:&quot;#&quot;,&quot;pointer&quot;:&quot;/items/properties/nome&quot;}&#10;    domain: &quot;syntax&quot;&#10;    ignored: [&quot;examples&quot;]&#10;warning: the following keywords are unknown and will be ignored: [examples]&#10;    level: &quot;warning&quot;&#10;    schema: {&quot;loadingURI&quot;:&quot;#&quot;,&quot;pointer&quot;:&quot;/items/properties/parcelas&quot;}&#10;    domain: &quot;syntax&quot;&#10;    ignored: [&quot;examples&quot;]&#10;warning: the following keywords are unknown and will be ignored: [examples]&#10;    level: &quot;warning&quot;&#10;    schema: {&quot;loadingURI&quot;:&quot;#&quot;,&quot;pointer&quot;:&quot;/items/properties/seguro&quot;}&#10;    domain: &quot;syntax&quot;&#10;    ignored: [&quot;examples&quot;]&#10;warning: the following keywords are unknown and will be ignored: [examples]&#10;    level: &quot;warning&quot;&#10;    schema: {&quot;loadingURI&quot;:&quot;#&quot;,&quot;pointer&quot;:&quot;/items/properties/valor&quot;}&#10;    domain: &quot;syntax&quot;&#10;    ignored: [&quot;examples&quot;]&#10;warning: the following keywords are unknown and will be ignored: [examples]&#10;    level: &quot;warning&quot;&#10;    schema: {&quot;loadingURI&quot;:&quot;#&quot;,&quot;pointer&quot;:&quot;/items&quot;}&#10;    domain: &quot;syntax&quot;&#10;    ignored: [&quot;examples&quot;]&#10;warning: the following keywords are unknown and will be ignored: [examples]&#10;    level: &quot;warning&quot;&#10;    schema: {&quot;loadingURI&quot;:&quot;#&quot;,&quot;pointer&quot;:&quot;/items/properties/cpf&quot;}&#10;    domain: &quot;syntax&quot;&#10;    ignored: [&quot;examples&quot;]&#10;warning: the following keywords are unknown and will be ignored: [examples]&#10;    level: &quot;warning&quot;&#10;    schema: {&quot;loadingURI&quot;:&quot;#&quot;,&quot;pointer&quot;:&quot;/items/properties/email&quot;}&#10;    domain: &quot;syntax&quot;&#10;    ignored: [&quot;examples&quot;]&#10;warning: the following keywords are unknown and will be ignored: [examples]&#10;    level: &quot;warning&quot;&#10;    schema: {&quot;loadingURI&quot;:&quot;#&quot;,&quot;pointer&quot;:&quot;/items/properties/id&quot;}&#10;    domain: &quot;syntax&quot;&#10;    ignored: [&quot;examples&quot;]&#10;warning: the following keywords are unknown and will be ignored: [examples]&#10;    level: &quot;warning&quot;&#10;    schema: {&quot;loadingURI&quot;:&quot;#&quot;,&quot;pointer&quot;:&quot;/items/properties/nome&quot;}&#10;    domain: &quot;syntax&quot;&#10;    ignored: [&quot;examples&quot;]&#10;warning: the following keywords are unknown and will be ignored: [examples]&#10;    level: &quot;warning&quot;&#10;    schema: {&quot;loadingURI&quot;:&quot;#&quot;,&quot;pointer&quot;:&quot;/items/properties/parcelas&quot;}&#10;    domain: &quot;syntax&quot;&#10;    ignored: [&quot;examples&quot;]&#10;warning: the following keywords are unknown and will be ignored: [examples]&#10;    level: &quot;warning&quot;&#10;    schema: {&quot;loadingURI&quot;:&quot;#&quot;,&quot;pointer&quot;:&quot;/items/properties/seguro&quot;}&#10;    domain: &quot;syntax&quot;&#10;    ignored: [&quot;examples&quot;]&#10;warning: the following keywords are unknown and will be ignored: [examples]&#10;    level: &quot;warning&quot;&#10;    schema: {&quot;loadingURI&quot;:&quot;#&quot;,&quot;pointer&quot;:&quot;/items/properties/valor&quot;}&#10;    domain: &quot;syntax&quot;&#10;    ignored: [&quot;examples&quot;]&#10;warning: the following keywords are unknown and will be ignored: [examples]&#10;    level: &quot;warning&quot;&#10;    schema: {&quot;loadingURI&quot;:&quot;#&quot;,&quot;pointer&quot;:&quot;/items&quot;}&#10;    domain: &quot;syntax&quot;&#10;    ignored: [&quot;examples&quot;]&#10;warning: the following keywords are unknown and will be ignored: [examples]&#10;    level: &quot;warning&quot;&#10;    schema: {&quot;loadingURI&quot;:&quot;#&quot;,&quot;pointer&quot;:&quot;/items/properties/cpf&quot;}&#10;    domain: &quot;syntax&quot;&#10;    ignored: [&quot;examples&quot;]&#10;warning: the following keywords are unknown and will be ignored: [examples]&#10;    level: &quot;warning&quot;&#10;    schema: {&quot;loadingURI&quot;:&quot;#&quot;,&quot;pointer&quot;:&quot;/items/properties/email&quot;}&#10;    domain: &quot;syntax&quot;&#10;    ignored: [&quot;examples&quot;]&#10;warning: the following keywords are unknown and will be ignored: [examples]&#10;    level: &quot;warning&quot;&#10;    schema: {&quot;loadingURI&quot;:&quot;#&quot;,&quot;pointer&quot;:&quot;/items/properties/id&quot;}&#10;    domain: &quot;syntax&quot;&#10;    ignored: [&quot;examples&quot;]&#10;warning: the following keywords are unknown and will be ignored: [examples]&#10;    level: &quot;warning&quot;&#10;    schema: {&quot;loadingURI&quot;:&quot;#&quot;,&quot;pointer&quot;:&quot;/items/properties/nome&quot;}&#10;    domain: &quot;syntax&quot;&#10;    ignored: [&quot;examples&quot;]&#10;warning: the following keywords are unknown and will be ignored: [examples]&#10;    level: &quot;warning&quot;&#10;    schema: {&quot;loadingURI&quot;:&quot;#&quot;,&quot;pointer&quot;:&quot;/items/properties/parcelas&quot;}&#10;    domain: &quot;syntax&quot;&#10;    ignored: [&quot;examples&quot;]&#10;warning: the following keywords are unknown and will be ignored: [examples]&#10;    level: &quot;warning&quot;&#10;    schema: {&quot;loadingURI&quot;:&quot;#&quot;,&quot;pointer&quot;:&quot;/items/properties/seguro&quot;}&#10;    domain: &quot;syntax&quot;&#10;    ignored: [&quot;examples&quot;]&#10;warning: the following keywords are unknown and will be ignored: [examples]&#10;    level: &quot;warning&quot;&#10;    schema: {&quot;loadingURI&quot;:&quot;#&quot;,&quot;pointer&quot;:&quot;/items/properties/valor&quot;}&#10;    domain: &quot;syntax&quot;&#10;    ignored: [&quot;examples&quot;]&#10;warning: the following keywords are unknown and will be ignored: [examples]&#10;    level: &quot;warning&quot;&#10;    schema: {&quot;loadingURI&quot;:&quot;#&quot;,&quot;pointer&quot;:&quot;/items&quot;}&#10;    domain: &quot;syntax&quot;&#10;    ignored: [&quot;examples&quot;]&#10;warning: the following keywords are unknown and will be ignored: [examples]&#10;    level: &quot;warning&quot;&#10;    schema: {&quot;loadingURI&quot;:&quot;#&quot;,&quot;pointer&quot;:&quot;/items/properties/cpf&quot;}&#10;    domain: &quot;syntax&quot;&#10;    ignored: [&quot;examples&quot;]&#10;warning: the following keywords are unknown and will be ignored: [examples]&#10;    level: &quot;warning&quot;&#10;    schema: {&quot;loadingURI&quot;:&quot;#&quot;,&quot;pointer&quot;:&quot;/items/properties/email&quot;}&#10;    domain: &quot;syntax&quot;&#10;    ignored: [&quot;examples&quot;]&#10;warning: the following keywords are unknown and will be ignored: [examples]&#10;    level: &quot;warning&quot;&#10;    schema: {&quot;loadingURI&quot;:&quot;#&quot;,&quot;pointer&quot;:&quot;/items/properties/id&quot;}&#10;    domain: &quot;syntax&quot;&#10;    ignored: [&quot;examples&quot;]&#10;warning: the following keywords are unknown and will be ignored: [examples]&#10;    level: &quot;warning&quot;&#10;    schema: {&quot;loadingURI&quot;:&quot;#&quot;,&quot;pointer&quot;:&quot;/items/properties/nome&quot;}&#10;    domain: &quot;syntax&quot;&#10;    ignored: [&quot;examples&quot;]&#10;warning: the following keywords are unknown and will be ignored: [examples]&#10;    level: &quot;warning&quot;&#10;    schema: {&quot;loadingURI&quot;:&quot;#&quot;,&quot;pointer&quot;:&quot;/items/properties/parcelas&quot;}&#10;    domain: &quot;syntax&quot;&#10;    ignored: [&quot;examples&quot;]&#10;warning: the following keywords are unknown and will be ignored: [examples]&#10;    level: &quot;warning&quot;&#10;    schema: {&quot;loadingURI&quot;:&quot;#&quot;,&quot;pointer&quot;:&quot;/items/properties/seguro&quot;}&#10;    domain: &quot;syntax&quot;&#10;    ignored: [&quot;examples&quot;]&#10;warning: the following keywords are unknown and will be ignored: [examples]&#10;    level: &quot;warning&quot;&#10;    schema: {&quot;loadingURI&quot;:&quot;#&quot;,&quot;pointer&quot;:&quot;/items/properties/valor&quot;}&#10;    domain: &quot;syntax&quot;&#10;    ignored: [&quot;examples&quot;]&#10;warning: the following keywords are unknown and will be ignored: [examples]&#10;    level: &quot;warning&quot;&#10;    schema: {&quot;loadingURI&quot;:&quot;#&quot;,&quot;pointer&quot;:&quot;/items&quot;}&#10;    domain: &quot;syntax&quot;&#10;    ignored: [&quot;examples&quot;]&#10;warning: the following keywords are unknown and will be ignored: [examples]&#10;    level: &quot;warning&quot;&#10;    schema: {&quot;loadingURI&quot;:&quot;#&quot;,&quot;pointer&quot;:&quot;/items/properties/cpf&quot;}&#10;    domain: &quot;syntax&quot;&#10;    ignored: [&quot;examples&quot;]&#10;warning: the following keywords are unknown and will be ignored: [examples]&#10;    level: &quot;warning&quot;&#10;    schema: {&quot;loadingURI&quot;:&quot;#&quot;,&quot;pointer&quot;:&quot;/items/properties/email&quot;}&#10;    domain: &quot;syntax&quot;&#10;    ignored: [&quot;examples&quot;]&#10;warning: the following keywords are unknown and will be ignored: [examples]&#10;    level: &quot;warning&quot;&#10;    schema: {&quot;loadingURI&quot;:&quot;#&quot;,&quot;pointer&quot;:&quot;/items/properties/id&quot;}&#10;    domain: &quot;syntax&quot;&#10;    ignored: [&quot;examples&quot;]&#10;warning: the following keywords are unknown and will be ignored: [examples]&#10;    level: &quot;warning&quot;&#10;    schema: {&quot;loadingURI&quot;:&quot;#&quot;,&quot;pointer&quot;:&quot;/items/properties/nome&quot;}&#10;    domain: &quot;syntax&quot;&#10;    ignored: [&quot;examples&quot;]&#10;warning: the following keywords are unknown and will be ignored: [examples]&#10;    level: &quot;warning&quot;&#10;    schema: {&quot;loadingURI&quot;:&quot;#&quot;,&quot;pointer&quot;:&quot;/items/properties/parcelas&quot;}&#10;    domain: &quot;syntax&quot;&#10;    ignored: [&quot;examples&quot;]&#10;warning: the following keywords are unknown and will be ignored: [examples]&#10;    level: &quot;warning&quot;&#10;    schema: {&quot;loadingURI&quot;:&quot;#&quot;,&quot;pointer&quot;:&quot;/items/properties/seguro&quot;}&#10;    domain: &quot;syntax&quot;&#10;    ignored: [&quot;examples&quot;]&#10;warning: the following keywords are unknown and will be ignored: [examples]&#10;    level: &quot;warning&quot;&#10;    schema: {&quot;loadingURI&quot;:&quot;#&quot;,&quot;pointer&quot;:&quot;/items/properties/valor&quot;}&#10;    domain: &quot;syntax&quot;&#10;    ignored: [&quot;examples&quot;]&#10;warning: the following keywords are unknown and will be ignored: [examples]&#10;    level: &quot;warning&quot;&#10;    schema: {&quot;loadingURI&quot;:&quot;#&quot;,&quot;pointer&quot;:&quot;/items&quot;}&#10;    domain: &quot;syntax&quot;&#10;    ignored: [&quot;examples&quot;]&#10;warning: the following keywords are unknown and will be ignored: [examples]&#10;    level: &quot;warning&quot;&#10;    schema: {&quot;loadingURI&quot;:&quot;#&quot;,&quot;pointer&quot;:&quot;/items/properties/cpf&quot;}&#10;    domain: &quot;syntax&quot;&#10;    ignored: [&quot;examples&quot;]&#10;warning: the following keywords are unknown and will be ignored: [examples]&#10;    level: &quot;warning&quot;&#10;    schema: {&quot;loadingURI&quot;:&quot;#&quot;,&quot;pointer&quot;:&quot;/items/properties/email&quot;}&#10;    domain: &quot;syntax&quot;&#10;    ignored: [&quot;examples&quot;]&#10;warning: the following keywords are unknown and will be ignored: [examples]&#10;    level: &quot;warning&quot;&#10;    schema: {&quot;loadingURI&quot;:&quot;#&quot;,&quot;pointer&quot;:&quot;/items/properties/id&quot;}&#10;    domain: &quot;syntax&quot;&#10;    ignored: [&quot;examples&quot;]&#10;warning: the following keywords are unknown and will be ignored: [examples]&#10;    level: &quot;warning&quot;&#10;    schema: {&quot;loadingURI&quot;:&quot;#&quot;,&quot;pointer&quot;:&quot;/items/properties/nome&quot;}&#10;    domain: &quot;syntax&quot;&#10;    ignored: [&quot;examples&quot;]&#10;warning: the following keywords are unknown and will be ignored: [examples]&#10;    level: &quot;warning&quot;&#10;    schema: {&quot;loadingURI&quot;:&quot;#&quot;,&quot;pointer&quot;:&quot;/items/properties/parcelas&quot;}&#10;    domain: &quot;syntax&quot;&#10;    ignored: [&quot;examples&quot;]&#10;warning: the following keywords are unknown and will be ignored: [examples]&#10;    level: &quot;warning&quot;&#10;    schema: {&quot;loadingURI&quot;:&quot;#&quot;,&quot;pointer&quot;:&quot;/items/properties/seguro&quot;}&#10;    domain: &quot;syntax&quot;&#10;    ignored: [&quot;examples&quot;]&#10;warning: the following keywords are unknown and will be ignored: [examples]&#10;    level: &quot;warning&quot;&#10;    schema: {&quot;loadingURI&quot;:&quot;#&quot;,&quot;pointer&quot;:&quot;/items/properties/valor&quot;}&#10;    domain: &quot;syntax&quot;&#10;    ignored: [&quot;examples&quot;]&#10;warning: the following keywords are unknown and will be ignored: [examples]&#10;    level: &quot;warning&quot;&#10;    schema: {&quot;loadingURI&quot;:&quot;#&quot;,&quot;pointer&quot;:&quot;/items&quot;}&#10;    domain: &quot;syntax&quot;&#10;    ignored: [&quot;examples&quot;]&#10;warning: the following keywords are unknown and will be ignored: [examples]&#10;    level: &quot;warning&quot;&#10;    schema: {&quot;loadingURI&quot;:&quot;#&quot;,&quot;pointer&quot;:&quot;/items/properties/cpf&quot;}&#10;    domain: &quot;syntax&quot;&#10;    ignored: [&quot;examples&quot;]&#10;warning: the following keywords are unknown and will be ignored: [examples]&#10;    level: &quot;warning&quot;&#10;    schema: {&quot;loadingURI&quot;:&quot;#&quot;,&quot;pointer&quot;:&quot;/items/properties/email&quot;}&#10;    domain: &quot;syntax&quot;&#10;    ignored: [&quot;examples&quot;]&#10;warning: the following keywords are unknown and will be ignored: [examples]&#10;    level: &quot;warning&quot;&#10;    schema: {&quot;loadingURI&quot;:&quot;#&quot;,&quot;pointer&quot;:&quot;/items/properties/id&quot;}&#10;    domain: &quot;syntax&quot;&#10;    ignored: [&quot;examples&quot;]&#10;warning: the following keywords are unknown and will be ignored: [examples]&#10;    level: &quot;warning&quot;&#10;    schema: {&quot;loadingURI&quot;:&quot;#&quot;,&quot;pointer&quot;:&quot;/items/properties/nome&quot;}&#10;    domain: &quot;syntax&quot;&#10;    ignored: [&quot;examples&quot;]&#10;warning: the following keywords are unknown and will be ignored: [examples]&#10;    level: &quot;warning&quot;&#10;    schema: {&quot;loadingURI&quot;:&quot;#&quot;,&quot;pointer&quot;:&quot;/items/properties/parcelas&quot;}&#10;    domain: &quot;syntax&quot;&#10;    ignored: [&quot;examples&quot;]&#10;warning: the following keywords are unknown and will be ignored: [examples]&#10;    level: &quot;warning&quot;&#10;    schema: {&quot;loadingURI&quot;:&quot;#&quot;,&quot;pointer&quot;:&quot;/items/properties/seguro&quot;}&#10;    domain: &quot;syntax&quot;&#10;    ignored: [&quot;examples&quot;]&#10;warning: the following keywords are unknown and will be ignored: [examples]&#10;    level: &quot;warning&quot;&#10;    schema: {&quot;loadingURI&quot;:&quot;#&quot;,&quot;pointer&quot;:&quot;/items/properties/valor&quot;}&#10;    domain: &quot;syntax&quot;&#10;    ignored: [&quot;examples&quot;]&#10;warning: the following keywords are unknown and will be ignored: [examples]&#10;    level: &quot;warning&quot;&#10;    schema: {&quot;loadingURI&quot;:&quot;#&quot;,&quot;pointer&quot;:&quot;/items&quot;}&#10;    domain: &quot;syntax&quot;&#10;    ignored: [&quot;examples&quot;]&#10;warning: the following keywords are unknown and will be ignored: [examples]&#10;    level: &quot;warning&quot;&#10;    schema: {&quot;loadingURI&quot;:&quot;#&quot;,&quot;pointer&quot;:&quot;/items/properties/cpf&quot;}&#10;    domain: &quot;syntax&quot;&#10;    ignored: [&quot;examples&quot;]&#10;warning: the following keywords are unknown and will be ignored: [examples]&#10;    level: &quot;warning&quot;&#10;    schema: {&quot;loadingURI&quot;:&quot;#&quot;,&quot;pointer&quot;:&quot;/items/properties/email&quot;}&#10;    domain: &quot;syntax&quot;&#10;    ignored: [&quot;examples&quot;]&#10;warning: the following keywords are unknown and will be ignored: [examples]&#10;    level: &quot;warning&quot;&#10;    schema: {&quot;loadingURI&quot;:&quot;#&quot;,&quot;pointer&quot;:&quot;/items/properties/id&quot;}&#10;    domain: &quot;syntax&quot;&#10;    ignored: [&quot;examples&quot;]&#10;warning: the following keywords are unknown and will be ignored: [examples]&#10;    level: &quot;warning&quot;&#10;    schema: {&quot;loadingURI&quot;:&quot;#&quot;,&quot;pointer&quot;:&quot;/items/properties/nome&quot;}&#10;    domain: &quot;syntax&quot;&#10;    ignored: [&quot;examples&quot;]&#10;warning: the following keywords are unknown and will be ignored: [examples]&#10;    level: &quot;warning&quot;&#10;    schema: {&quot;loadingURI&quot;:&quot;#&quot;,&quot;pointer&quot;:&quot;/items/properties/parcelas&quot;}&#10;    domain: &quot;syntax&quot;&#10;    ignored: [&quot;examples&quot;]&#10;warning: the following keywords are unknown and will be ignored: [examples]&#10;    level: &quot;warning&quot;&#10;    schema: {&quot;loadingURI&quot;:&quot;#&quot;,&quot;pointer&quot;:&quot;/items/properties/seguro&quot;}&#10;    domain: &quot;syntax&quot;&#10;    ignored: [&quot;examples&quot;]&#10;warning: the following keywords are unknown and will be ignored: [examples]&#10;    level: &quot;warning&quot;&#10;    schema: {&quot;loadingURI&quot;:&quot;#&quot;,&quot;pointer&quot;:&quot;/items/properties/valor&quot;}&#10;    domain: &quot;syntax&quot;&#10;    ignored: [&quot;examples&quot;]&#10;warning: the following keywords are unknown and will be ignored: [examples]&#10;    level: &quot;warning&quot;&#10;    schema: {&quot;loadingURI&quot;:&quot;#&quot;,&quot;pointer&quot;:&quot;/items&quot;}&#10;    domain: &quot;syntax&quot;&#10;    ignored: [&quot;examples&quot;]&#10;warning: the following keywords are unknown and will be ignored: [examples]&#10;    level: &quot;warning&quot;&#10;    schema: {&quot;loadingURI&quot;:&quot;#&quot;,&quot;pointer&quot;:&quot;/items/properties/cpf&quot;}&#10;    domain: &quot;syntax&quot;&#10;    ignored: [&quot;examples&quot;]&#10;warning: the following keywords are unknown and will be ignored: [examples]&#10;    level: &quot;warning&quot;&#10;    schema: {&quot;loadingURI&quot;:&quot;#&quot;,&quot;pointer&quot;:&quot;/items/properties/email&quot;}&#10;    domain: &quot;syntax&quot;&#10;    ignored: [&quot;examples&quot;]&#10;warning: the following keywords are unknown and will be ignored: [examples]&#10;    level: &quot;warning&quot;&#10;    schema: {&quot;loadingURI&quot;:&quot;#&quot;,&quot;pointer&quot;:&quot;/items/properties/id&quot;}&#10;    domain: &quot;syntax&quot;&#10;    ignored: [&quot;examples&quot;]&#10;warning: the following keywords are unknown and will be ignored: [examples]&#10;    level: &quot;warning&quot;&#10;    schema: {&quot;loadingURI&quot;:&quot;#&quot;,&quot;pointer&quot;:&quot;/items/properties/nome&quot;}&#10;    domain: &quot;syntax&quot;&#10;    ignored: [&quot;examples&quot;]&#10;warning: the following keywords are unknown and will be ignored: [examples]&#10;    level: &quot;warning&quot;&#10;    schema: {&quot;loadingURI&quot;:&quot;#&quot;,&quot;pointer&quot;:&quot;/items/properties/parcelas&quot;}&#10;    domain: &quot;syntax&quot;&#10;    ignored: [&quot;examples&quot;]&#10;warning: the following keywords are unknown and will be ignored: [examples]&#10;    level: &quot;warning&quot;&#10;    schema: {&quot;loadingURI&quot;:&quot;#&quot;,&quot;pointer&quot;:&quot;/items/properties/seguro&quot;}&#10;    domain: &quot;syntax&quot;&#10;    ignored: [&quot;examples&quot;]&#10;warning: the following keywords are unknown and will be ignored: [examples]&#10;    level: &quot;warning&quot;&#10;    schema: {&quot;loadingURI&quot;:&quot;#&quot;,&quot;pointer&quot;:&quot;/items/properties/valor&quot;}&#10;    domain: &quot;syntax&quot;&#10;    ignored: [&quot;examples&quot;]&#10;warning: the following keywords are unknown and will be ignored: [examples]&#10;    level: &quot;warning&quot;&#10;    schema: {&quot;loadingURI&quot;:&quot;#&quot;,&quot;pointer&quot;:&quot;/items&quot;}&#10;    domain: &quot;syntax&quot;&#10;    ignored: [&quot;examples&quot;]&#10;warning: the following keywords are unknown and will be ignored: [examples]&#10;    level: &quot;warning&quot;&#10;    schema: {&quot;loadingURI&quot;:&quot;#&quot;,&quot;pointer&quot;:&quot;/items/properties/cpf&quot;}&#10;    domain: &quot;syntax&quot;&#10;    ignored: [&quot;examples&quot;]&#10;warning: the following keywords are unknown and will be ignored: [examples]&#10;    level: &quot;warning&quot;&#10;    schema: {&quot;loadingURI&quot;:&quot;#&quot;,&quot;pointer&quot;:&quot;/items/properties/email&quot;}&#10;    domain: &quot;syntax&quot;&#10;    ignored: [&quot;examples&quot;]&#10;warning: the following keywords are unknown and will be ignored: [examples]&#10;    level: &quot;warning&quot;&#10;    schema: {&quot;loadingURI&quot;:&quot;#&quot;,&quot;pointer&quot;:&quot;/items/properties/id&quot;}&#10;    domain: &quot;syntax&quot;&#10;    ignored: [&quot;examples&quot;]&#10;warning: the following keywords are unknown and will be ignored: [examples]&#10;    level: &quot;warning&quot;&#10;    schema: {&quot;loadingURI&quot;:&quot;#&quot;,&quot;pointer&quot;:&quot;/items/properties/nome&quot;}&#10;    domain: &quot;syntax&quot;&#10;    ignored: [&quot;examples&quot;]&#10;warning: the following keywords are unknown and will be ignored: [examples]&#10;    level: &quot;warning&quot;&#10;    schema: {&quot;loadingURI&quot;:&quot;#&quot;,&quot;pointer&quot;:&quot;/items/properties/parcelas&quot;}&#10;    domain: &quot;syntax&quot;&#10;    ignored: [&quot;examples&quot;]&#10;warning: the following keywords are unknown and will be ignored: [examples]&#10;    level: &quot;warning&quot;&#10;    schema: {&quot;loadingURI&quot;:&quot;#&quot;,&quot;pointer&quot;:&quot;/items/properties/seguro&quot;}&#10;    domain: &quot;syntax&quot;&#10;    ignored: [&quot;examples&quot;]&#10;warning: the following keywords are unknown and will be ignored: [examples]&#10;    level: &quot;warning&quot;&#10;    schema: {&quot;loadingURI&quot;:&quot;#&quot;,&quot;pointer&quot;:&quot;/items/properties/valor&quot;}&#10;    domain: &quot;syntax&quot;&#10;    ignored: [&quot;examples&quot;]&#10;warning: the following keywords are unknown and will be ignored: [examples]&#10;    level: &quot;warning&quot;&#10;    schema: {&quot;loadingURI&quot;:&quot;#&quot;,&quot;pointer&quot;:&quot;/items&quot;}&#10;    domain: &quot;syntax&quot;&#10;    ignored: [&quot;examples&quot;]&#10;warning: the following keywords are unknown and will be ignored: [examples]&#10;    level: &quot;warning&quot;&#10;    schema: {&quot;loadingURI&quot;:&quot;#&quot;,&quot;pointer&quot;:&quot;/items/properties/cpf&quot;}&#10;    domain: &quot;syntax&quot;&#10;    ignored: [&quot;examples&quot;]&#10;warning: the following keywords are unknown and will be ignored: [examples]&#10;    level: &quot;warning&quot;&#10;    schema: {&quot;loadingURI&quot;:&quot;#&quot;,&quot;pointer&quot;:&quot;/items/properties/email&quot;}&#10;    domain: &quot;syntax&quot;&#10;    ignored: [&quot;examples&quot;]&#10;warning: the following keywords are unknown and will be ignored: [examples]&#10;    level: &quot;warning&quot;&#10;    schema: {&quot;loadingURI&quot;:&quot;#&quot;,&quot;pointer&quot;:&quot;/items/properties/id&quot;}&#10;    domain: &quot;syntax&quot;&#10;    ignored: [&quot;examples&quot;]&#10;warning: the following keywords are unknown and will be ignored: [examples]&#10;    level: &quot;warning&quot;&#10;    schema: {&quot;loadingURI&quot;:&quot;#&quot;,&quot;pointer&quot;:&quot;/items/properties/nome&quot;}&#10;    domain: &quot;syntax&quot;&#10;    ignored: [&quot;examples&quot;]&#10;warning: the following keywords are unknown and will be ignored: [examples]&#10;    level: &quot;warning&quot;&#10;    schema: {&quot;loadingURI&quot;:&quot;#&quot;,&quot;pointer&quot;:&quot;/items/properties/parcelas&quot;}&#10;    domain: &quot;syntax&quot;&#10;    ignored: [&quot;examples&quot;]&#10;warning: the following keywords are unknown and will be ignored: [examples]&#10;    level: &quot;warning&quot;&#10;    schema: {&quot;loadingURI&quot;:&quot;#&quot;,&quot;pointer&quot;:&quot;/items/properties/seguro&quot;}&#10;    domain: &quot;syntax&quot;&#10;    ignored: [&quot;examples&quot;]&#10;warning: the following keywords are unknown and will be ignored: [examples]&#10;    level: &quot;warning&quot;&#10;    schema: {&quot;loadingURI&quot;:&quot;#&quot;,&quot;pointer&quot;:&quot;/items/properties/valor&quot;}&#10;    domain: &quot;syntax&quot;&#10;    ignored: [&quot;examples&quot;]&#10;warning: the following keywords are unknown and will be ignored: [examples]&#10;    level: &quot;warning&quot;&#10;    schema: {&quot;loadingURI&quot;:&quot;#&quot;,&quot;pointer&quot;:&quot;/items&quot;}&#10;    domain: &quot;syntax&quot;&#10;    ignored: [&quot;examples&quot;]&#10;warning: the following keywords are unknown and will be ignored: [examples]&#10;    level: &quot;warning&quot;&#10;    schema: {&quot;loadingURI&quot;:&quot;#&quot;,&quot;pointer&quot;:&quot;/items/properties/cpf&quot;}&#10;    domain: &quot;syntax&quot;&#10;    ignored: [&quot;examples&quot;]&#10;warning: the following keywords are unknown and will be ignored: [examples]&#10;    level: &quot;warning&quot;&#10;    schema: {&quot;loadingURI&quot;:&quot;#&quot;,&quot;pointer&quot;:&quot;/items/properties/email&quot;}&#10;    domain: &quot;syntax&quot;&#10;    ignored: [&quot;examples&quot;]&#10;warning: the following keywords are unknown and will be ignored: [examples]&#10;    level: &quot;warning&quot;&#10;    schema: {&quot;loadingURI&quot;:&quot;#&quot;,&quot;pointer&quot;:&quot;/items/properties/id&quot;}&#10;    domain: &quot;syntax&quot;&#10;    ignored: [&quot;examples&quot;]&#10;warning: the following keywords are unknown and will be ignored: [examples]&#10;    level: &quot;warning&quot;&#10;    schema: {&quot;loadingURI&quot;:&quot;#&quot;,&quot;pointer&quot;:&quot;/items/properties/nome&quot;}&#10;    domain: &quot;syntax&quot;&#10;    ignored: [&quot;examples&quot;]&#10;warning: the following keywords are unknown and will be ignored: [examples]&#10;    level: &quot;warning&quot;&#10;    schema: {&quot;loadingURI&quot;:&quot;#&quot;,&quot;pointer&quot;:&quot;/items/properties/parcelas&quot;}&#10;    domain: &quot;syntax&quot;&#10;    ignored: [&quot;examples&quot;]&#10;warning: the following keywords are unknown and will be ignored: [examples]&#10;    level: &quot;warning&quot;&#10;    schema: {&quot;loadingURI&quot;:&quot;#&quot;,&quot;pointer&quot;:&quot;/items/properties/seguro&quot;}&#10;    domain: &quot;syntax&quot;&#10;    ignored: [&quot;examples&quot;]&#10;warning: the following keywords are unknown and will be ignored: [examples]&#10;    level: &quot;warning&quot;&#10;    schema: {&quot;loadingURI&quot;:&quot;#&quot;,&quot;pointer&quot;:&quot;/items/properties/valor&quot;}&#10;    domain: &quot;syntax&quot;&#10;    ignored: [&quot;examples&quot;]&#10;warning: the following keywords are unknown and will be ignored: [examples]&#10;    level: &quot;warning&quot;&#10;    schema: {&quot;loadingURI&quot;:&quot;#&quot;,&quot;pointer&quot;:&quot;/items&quot;}&#10;    domain: &quot;syntax&quot;&#10;    ignored: [&quot;examples&quot;]&#10;warning: the following keywords are unknown and will be ignored: [examples]&#10;    level: &quot;warning&quot;&#10;    schema: {&quot;loadingURI&quot;:&quot;#&quot;,&quot;pointer&quot;:&quot;/items/properties/cpf&quot;}&#10;    domain: &quot;syntax&quot;&#10;    ignored: [&quot;examples&quot;]&#10;warning: the following keywords are unknown and will be ignored: [examples]&#10;    level: &quot;warning&quot;&#10;    schema: {&quot;loadingURI&quot;:&quot;#&quot;,&quot;pointer&quot;:&quot;/items/properties/email&quot;}&#10;    domain: &quot;syntax&quot;&#10;    ignored: [&quot;examples&quot;]&#10;warning: the following keywords are unknown and will be ignored: [examples]&#10;    level: &quot;warning&quot;&#10;    schema: {&quot;loadingURI&quot;:&quot;#&quot;,&quot;pointer&quot;:&quot;/items/properties/id&quot;}&#10;    domain: &quot;syntax&quot;&#10;    ignored: [&quot;examples&quot;]&#10;warning: the following keywords are unknown and will be ignored: [examples]&#10;    level: &quot;warning&quot;&#10;    schema: {&quot;loadingURI&quot;:&quot;#&quot;,&quot;pointer&quot;:&quot;/items/properties/nome&quot;}&#10;    domain: &quot;syntax&quot;&#10;    ignored: [&quot;examples&quot;]&#10;warning: the following keywords are unknown and will be ignored: [examples]&#10;    level: &quot;warning&quot;&#10;    schema: {&quot;loadingURI&quot;:&quot;#&quot;,&quot;pointer&quot;:&quot;/items/properties/parcelas&quot;}&#10;    domain: &quot;syntax&quot;&#10;    ignored: [&quot;examples&quot;]&#10;warning: the following keywords are unknown and will be ignored: [examples]&#10;    level: &quot;warning&quot;&#10;    schema: {&quot;loadingURI&quot;:&quot;#&quot;,&quot;pointer&quot;:&quot;/items/properties/seguro&quot;}&#10;    domain: &quot;syntax&quot;&#10;    ignored: [&quot;examples&quot;]&#10;warning: the following keywords are unknown and will be ignored: [examples]&#10;    level: &quot;warning&quot;&#10;    schema: {&quot;loadingURI&quot;:&quot;#&quot;,&quot;pointer&quot;:&quot;/items/properties/valor&quot;}&#10;    domain: &quot;syntax&quot;&#10;    ignored: [&quot;examples&quot;]&#10;warning: the following keywords are unknown and will be ignored: [examples]&#10;    level: &quot;warning&quot;&#10;    schema: {&quot;loadingURI&quot;:&quot;#&quot;,&quot;pointer&quot;:&quot;/items&quot;}&#10;    domain: &quot;syntax&quot;&#10;    ignored: [&quot;examples&quot;]&#10;warning: the following keywords are unknown and will be ignored: [examples]&#10;    level: &quot;warning&quot;&#10;    schema: {&quot;loadingURI&quot;:&quot;#&quot;,&quot;pointer&quot;:&quot;/items/properties/cpf&quot;}&#10;    domain: &quot;syntax&quot;&#10;    ignored: [&quot;examples&quot;]&#10;warning: the following keywords are unknown and will be ignored: [examples]&#10;    level: &quot;warning&quot;&#10;    schema: {&quot;loadingURI&quot;:&quot;#&quot;,&quot;pointer&quot;:&quot;/items/properties/email&quot;}&#10;    domain: &quot;syntax&quot;&#10;    ignored: [&quot;examples&quot;]&#10;warning: the following keywords are unknown and will be ignored: [examples]&#10;    level: &quot;warning&quot;&#10;    schema: {&quot;loadingURI&quot;:&quot;#&quot;,&quot;pointer&quot;:&quot;/items/properties/id&quot;}&#10;    domain: &quot;syntax&quot;&#10;    ignored: [&quot;examples&quot;]&#10;warning: the following keywords are unknown and will be ignored: [examples]&#10;    level: &quot;warning&quot;&#10;    schema: {&quot;loadingURI&quot;:&quot;#&quot;,&quot;pointer&quot;:&quot;/items/properties/nome&quot;}&#10;    domain: &quot;syntax&quot;&#10;    ignored: [&quot;examples&quot;]&#10;warning: the following keywords are unknown and will be ignored: [examples]&#10;    level: &quot;warning&quot;&#10;    schema: {&quot;loadingURI&quot;:&quot;#&quot;,&quot;pointer&quot;:&quot;/items/properties/parcelas&quot;}&#10;    domain: &quot;syntax&quot;&#10;    ignored: [&quot;examples&quot;]&#10;warning: the following keywords are unknown and will be ignored: [examples]&#10;    level: &quot;warning&quot;&#10;    schema: {&quot;loadingURI&quot;:&quot;#&quot;,&quot;pointer&quot;:&quot;/items/properties/seguro&quot;}&#10;    domain: &quot;syntax&quot;&#10;    ignored: [&quot;examples&quot;]&#10;warning: the following keywords are unknown and will be ignored: [examples]&#10;    level: &quot;warning&quot;&#10;    schema: {&quot;loadingURI&quot;:&quot;#&quot;,&quot;pointer&quot;:&quot;/items/properties/valor&quot;}&#10;    domain: &quot;syntax&quot;&#10;    ignored: [&quot;examples&quot;]&#10;warning: the following keywords are unknown and will be ignored: [examples]&#10;    level: &quot;warning&quot;&#10;    schema: {&quot;loadingURI&quot;:&quot;#&quot;,&quot;pointer&quot;:&quot;/items&quot;}&#10;    domain: &quot;syntax&quot;&#10;    ignored: [&quot;examples&quot;]&#10;warning: the following keywords are unknown and will be ignored: [examples]&#10;    level: &quot;warning&quot;&#10;    schema: {&quot;loadingURI&quot;:&quot;#&quot;,&quot;pointer&quot;:&quot;/items/properties/cpf&quot;}&#10;    domain: &quot;syntax&quot;&#10;    ignored: [&quot;examples&quot;]&#10;warning: the following keywords are unknown and will be ignored: [examples]&#10;    level: &quot;warning&quot;&#10;    schema: {&quot;loadingURI&quot;:&quot;#&quot;,&quot;pointer&quot;:&quot;/items/properties/email&quot;}&#10;    domain: &quot;syntax&quot;&#10;    ignored: [&quot;examples&quot;]&#10;warning: the following keywords are unknown and will be ignored: [examples]&#10;    level: &quot;warning&quot;&#10;    schema: {&quot;loadingURI&quot;:&quot;#&quot;,&quot;pointer&quot;:&quot;/items/properties/id&quot;}&#10;    domain: &quot;syntax&quot;&#10;    ignored: [&quot;examples&quot;]&#10;warning: the following keywords are unknown and will be ignored: [examples]&#10;    level: &quot;warning&quot;&#10;    schema: {&quot;loadingURI&quot;:&quot;#&quot;,&quot;pointer&quot;:&quot;/items/properties/nome&quot;}&#10;    domain: &quot;syntax&quot;&#10;    ignored: [&quot;examples&quot;]&#10;warning: the following keywords are unknown and will be ignored: [examples]&#10;    level: &quot;warning&quot;&#10;    schema: {&quot;loadingURI&quot;:&quot;#&quot;,&quot;pointer&quot;:&quot;/items/properties/parcelas&quot;}&#10;    domain: &quot;syntax&quot;&#10;    ignored: [&quot;examples&quot;]&#10;warning: the following keywords are unknown and will be ignored: [examples]&#10;    level: &quot;warning&quot;&#10;    schema: {&quot;loadingURI&quot;:&quot;#&quot;,&quot;pointer&quot;:&quot;/items/properties/seguro&quot;}&#10;    domain: &quot;syntax&quot;&#10;    ignored: [&quot;examples&quot;]&#10;warning: the following keywords are unknown and will be ignored: [examples]&#10;    level: &quot;warning&quot;&#10;    schema: {&quot;loadingURI&quot;:&quot;#&quot;,&quot;pointer&quot;:&quot;/items/properties/valor&quot;}&#10;    domain: &quot;syntax&quot;&#10;    ignored: [&quot;examples&quot;]&#10;warning: the following keywords are unknown and will be ignored: [examples]&#10;    level: &quot;warning&quot;&#10;    schema: {&quot;loadingURI&quot;:&quot;#&quot;,&quot;pointer&quot;:&quot;/items&quot;}&#10;    domain: &quot;syntax&quot;&#10;    ignored: [&quot;examples&quot;]&#10;warning: the following keywords are unknown and will be ignored: [examples]&#10;    level: &quot;warning&quot;&#10;    schema: {&quot;loadingURI&quot;:&quot;#&quot;,&quot;pointer&quot;:&quot;/items/properties/cpf&quot;}&#10;    domain: &quot;syntax&quot;&#10;    ignored: [&quot;examples&quot;]&#10;warning: the following keywords are unknown and will be ignored: [examples]&#10;    level: &quot;warning&quot;&#10;    schema: {&quot;loadingURI&quot;:&quot;#&quot;,&quot;pointer&quot;:&quot;/items/properties/email&quot;}&#10;    domain: &quot;syntax&quot;&#10;    ignored: [&quot;examples&quot;]&#10;warning: the following keywords are unknown and will be ignored: [examples]&#10;    level: &quot;warning&quot;&#10;    schema: {&quot;loadingURI&quot;:&quot;#&quot;,&quot;pointer&quot;:&quot;/items/properties/id&quot;}&#10;    domain: &quot;syntax&quot;&#10;    ignored: [&quot;examples&quot;]&#10;warning: the following keywords are unknown and will be ignored: [examples]&#10;    level: &quot;warning&quot;&#10;    schema: {&quot;loadingURI&quot;:&quot;#&quot;,&quot;pointer&quot;:&quot;/items/properties/nome&quot;}&#10;    domain: &quot;syntax&quot;&#10;    ignored: [&quot;examples&quot;]&#10;warning: the following keywords are unknown and will be ignored: [examples]&#10;    level: &quot;warning&quot;&#10;    schema: {&quot;loadingURI&quot;:&quot;#&quot;,&quot;pointer&quot;:&quot;/items/properties/parcelas&quot;}&#10;    domain: &quot;syntax&quot;&#10;    ignored: [&quot;examples&quot;]&#10;warning: the following keywords are unknown and will be ignored: [examples]&#10;    level: &quot;warning&quot;&#10;    schema: {&quot;loadingURI&quot;:&quot;#&quot;,&quot;pointer&quot;:&quot;/items/properties/seguro&quot;}&#10;    domain: &quot;syntax&quot;&#10;    ignored: [&quot;examples&quot;]&#10;warning: the following keywords are unknown and will be ignored: [examples]&#10;    level: &quot;warning&quot;&#10;    schema: {&quot;loadingURI&quot;:&quot;#&quot;,&quot;pointer&quot;:&quot;/items/properties/valor&quot;}&#10;    domain: &quot;syntax&quot;&#10;    ignored: [&quot;examples&quot;]&#10;warning: the following keywords are unknown and will be ignored: [examples]&#10;    level: &quot;warning&quot;&#10;    schema: {&quot;loadingURI&quot;:&quot;#&quot;,&quot;pointer&quot;:&quot;/items&quot;}&#10;    domain: &quot;syntax&quot;&#10;    ignored: [&quot;examples&quot;]&#10;warning: the following keywords are unknown and will be ignored: [examples]&#10;    level: &quot;warning&quot;&#10;    schema: {&quot;loadingURI&quot;:&quot;#&quot;,&quot;pointer&quot;:&quot;/items/properties/cpf&quot;}&#10;    domain: &quot;syntax&quot;&#10;    ignored: [&quot;examples&quot;]&#10;warning: the following keywords are unknown and will be ignored: [examples]&#10;    level: &quot;warning&quot;&#10;    schema: {&quot;loadingURI&quot;:&quot;#&quot;,&quot;pointer&quot;:&quot;/items/properties/email&quot;}&#10;    domain: &quot;syntax&quot;&#10;    ignored: [&quot;examples&quot;]&#10;warning: the following keywords are unknown and will be ignored: [examples]&#10;    level: &quot;warning&quot;&#10;    schema: {&quot;loadingURI&quot;:&quot;#&quot;,&quot;pointer&quot;:&quot;/items/properties/id&quot;}&#10;    domain: &quot;syntax&quot;&#10;    ignored: [&quot;examples&quot;]&#10;warning: the following keywords are unknown and will be ignored: [examples]&#10;    level: &quot;warning&quot;&#10;    schema: {&quot;loadingURI&quot;:&quot;#&quot;,&quot;pointer&quot;:&quot;/items/properties/nome&quot;}&#10;    domain: &quot;syntax&quot;&#10;    ignored: [&quot;examples&quot;]&#10;warning: the following keywords are unknown and will be ignored: [examples]&#10;    level: &quot;warning&quot;&#10;    schema: {&quot;loadingURI&quot;:&quot;#&quot;,&quot;pointer&quot;:&quot;/items/properties/parcelas&quot;}&#10;    domain: &quot;syntax&quot;&#10;    ignored: [&quot;examples&quot;]&#10;warning: the following keywords are unknown and will be ignored: [examples]&#10;    level: &quot;warning&quot;&#10;    schema: {&quot;loadingURI&quot;:&quot;#&quot;,&quot;pointer&quot;:&quot;/items/properties/seguro&quot;}&#10;    domain: &quot;syntax&quot;&#10;    ignored: [&quot;examples&quot;]&#10;warning: the following keywords are unknown and will be ignored: [examples]&#10;    level: &quot;warning&quot;&#10;    schema: {&quot;loadingURI&quot;:&quot;#&quot;,&quot;pointer&quot;:&quot;/items/properties/valor&quot;}&#10;    domain: &quot;syntax&quot;&#10;    ignored: [&quot;examples&quot;]&#10;warning: the following keywords are unknown and will be ignored: [examples]&#10;    level: &quot;warning&quot;&#10;    schema: {&quot;loadingURI&quot;:&quot;#&quot;,&quot;pointer&quot;:&quot;/items&quot;}&#10;    domain: &quot;syntax&quot;&#10;    ignored: [&quot;examples&quot;]&#10;warning: the following keywords are unknown and will be ignored: [examples]&#10;    level: &quot;warning&quot;&#10;    schema: {&quot;loadingURI&quot;:&quot;#&quot;,&quot;pointer&quot;:&quot;/items/properties/cpf&quot;}&#10;    domain: &quot;syntax&quot;&#10;    ignored: [&quot;examples&quot;]&#10;warning: the following keywords are unknown and will be ignored: [examples]&#10;    level: &quot;warning&quot;&#10;    schema: {&quot;loadingURI&quot;:&quot;#&quot;,&quot;pointer&quot;:&quot;/items/properties/email&quot;}&#10;    domain: &quot;syntax&quot;&#10;    ignored: [&quot;examples&quot;]&#10;warning: the following keywords are unknown and will be ignored: [examples]&#10;    level: &quot;warning&quot;&#10;    schema: {&quot;loadingURI&quot;:&quot;#&quot;,&quot;pointer&quot;:&quot;/items/properties/id&quot;}&#10;    domain: &quot;syntax&quot;&#10;    ignored: [&quot;examples&quot;]&#10;warning: the following keywords are unknown and will be ignored: [examples]&#10;    level: &quot;warning&quot;&#10;    schema: {&quot;loadingURI&quot;:&quot;#&quot;,&quot;pointer&quot;:&quot;/items/properties/nome&quot;}&#10;    domain: &quot;syntax&quot;&#10;    ignored: [&quot;examples&quot;]&#10;warning: the following keywords are unknown and will be ignored: [examples]&#10;    level: &quot;warning&quot;&#10;    schema: {&quot;loadingURI&quot;:&quot;#&quot;,&quot;pointer&quot;:&quot;/items/properties/parcelas&quot;}&#10;    domain: &quot;syntax&quot;&#10;    ignored: [&quot;examples&quot;]&#10;warning: the following keywords are unknown and will be ignored: [examples]&#10;    level: &quot;warning&quot;&#10;    schema: {&quot;loadingURI&quot;:&quot;#&quot;,&quot;pointer&quot;:&quot;/items/properties/seguro&quot;}&#10;    domain: &quot;syntax&quot;&#10;    ignored: [&quot;examples&quot;]&#10;warning: the following keywords are unknown and will be ignored: [examples]&#10;    level: &quot;warning&quot;&#10;    schema: {&quot;loadingURI&quot;:&quot;#&quot;,&quot;pointer&quot;:&quot;/items/properties/valor&quot;}&#10;    domain: &quot;syntax&quot;&#10;    ignored: [&quot;examples&quot;]&#10;warning: the following keywords are unknown and will be ignored: [examples]&#10;    level: &quot;warning&quot;&#10;    schema: {&quot;loadingURI&quot;:&quot;#&quot;,&quot;pointer&quot;:&quot;/items&quot;}&#10;    domain: &quot;syntax&quot;&#10;    ignored: [&quot;examples&quot;]&#10;warning: the following keywords are unknown and will be ignored: [examples]&#10;    level: &quot;warning&quot;&#10;    schema: {&quot;loadingURI&quot;:&quot;#&quot;,&quot;pointer&quot;:&quot;/items/properties/cpf&quot;}&#10;    domain: &quot;syntax&quot;&#10;    ignored: [&quot;examples&quot;]&#10;warning: the following keywords are unknown and will be ignored: [examples]&#10;    level: &quot;warning&quot;&#10;    schema: {&quot;loadingURI&quot;:&quot;#&quot;,&quot;pointer&quot;:&quot;/items/properties/email&quot;}&#10;    domain: &quot;syntax&quot;&#10;    ignored: [&quot;examples&quot;]&#10;warning: the following keywords are unknown and will be ignored: [examples]&#10;    level: &quot;warning&quot;&#10;    schema: {&quot;loadingURI&quot;:&quot;#&quot;,&quot;pointer&quot;:&quot;/items/properties/id&quot;}&#10;    domain: &quot;syntax&quot;&#10;    ignored: [&quot;examples&quot;]&#10;warning: the following keywords are unknown and will be ignored: [examples]&#10;    level: &quot;warning&quot;&#10;    schema: {&quot;loadingURI&quot;:&quot;#&quot;,&quot;pointer&quot;:&quot;/items/properties/nome&quot;}&#10;    domain: &quot;syntax&quot;&#10;    ignored: [&quot;examples&quot;]&#10;warning: the following keywords are unknown and will be ignored: [examples]&#10;    level: &quot;warning&quot;&#10;    schema: {&quot;loadingURI&quot;:&quot;#&quot;,&quot;pointer&quot;:&quot;/items/properties/parcelas&quot;}&#10;    domain: &quot;syntax&quot;&#10;    ignored: [&quot;examples&quot;]&#10;warning: the following keywords are unknown and will be ignored: [examples]&#10;    level: &quot;warning&quot;&#10;    schema: {&quot;loadingURI&quot;:&quot;#&quot;,&quot;pointer&quot;:&quot;/items/properties/seguro&quot;}&#10;    domain: &quot;syntax&quot;&#10;    ignored: [&quot;examples&quot;]&#10;warning: the following keywords are unknown and will be ignored: [examples]&#10;    level: &quot;warning&quot;&#10;    schema: {&quot;loadingURI&quot;:&quot;#&quot;,&quot;pointer&quot;:&quot;/items/properties/valor&quot;}&#10;    domain: &quot;syntax&quot;&#10;    ignored: [&quot;examples&quot;]&#10;warning: the following keywords are unknown and will be ignored: [examples]&#10;    level: &quot;warning&quot;&#10;    schema: {&quot;loadingURI&quot;:&quot;#&quot;,&quot;pointer&quot;:&quot;/items&quot;}&#10;    domain: &quot;syntax&quot;&#10;    ignored: [&quot;examples&quot;]&#10;warning: the following keywords are unknown and will be ignored: [examples]&#10;    level: &quot;warning&quot;&#10;    schema: {&quot;loadingURI&quot;:&quot;#&quot;,&quot;pointer&quot;:&quot;/items/properties/cpf&quot;}&#10;    domain: &quot;syntax&quot;&#10;    ignored: [&quot;examples&quot;]&#10;warning: the following keywords are unknown and will be ignored: [examples]&#10;    level: &quot;warning&quot;&#10;    schema: {&quot;loadingURI&quot;:&quot;#&quot;,&quot;pointer&quot;:&quot;/items/properties/email&quot;}&#10;    domain: &quot;syntax&quot;&#10;    ignored: [&quot;examples&quot;]&#10;warning: the following keywords are unknown and will be ignored: [examples]&#10;    level: &quot;warning&quot;&#10;    schema: {&quot;loadingURI&quot;:&quot;#&quot;,&quot;pointer&quot;:&quot;/items/properties/id&quot;}&#10;    domain: &quot;syntax&quot;&#10;    ignored: [&quot;examples&quot;]&#10;warning: the following keywords are unknown and will be ignored: [examples]&#10;    level: &quot;warning&quot;&#10;    schema: {&quot;loadingURI&quot;:&quot;#&quot;,&quot;pointer&quot;:&quot;/items/properties/nome&quot;}&#10;    domain: &quot;syntax&quot;&#10;    ignored: [&quot;examples&quot;]&#10;warning: the following keywords are unknown and will be ignored: [examples]&#10;    level: &quot;warning&quot;&#10;    schema: {&quot;loadingURI&quot;:&quot;#&quot;,&quot;pointer&quot;:&quot;/items/properties/parcelas&quot;}&#10;    domain: &quot;syntax&quot;&#10;    ignored: [&quot;examples&quot;]&#10;warning: the following keywords are unknown and will be ignored: [examples]&#10;    level: &quot;warning&quot;&#10;    schema: {&quot;loadingURI&quot;:&quot;#&quot;,&quot;pointer&quot;:&quot;/items/properties/seguro&quot;}&#10;    domain: &quot;syntax&quot;&#10;    ignored: [&quot;examples&quot;]&#10;warning: the following keywords are unknown and will be ignored: [examples]&#10;    level: &quot;warning&quot;&#10;    schema: {&quot;loadingURI&quot;:&quot;#&quot;,&quot;pointer&quot;:&quot;/items/properties/valor&quot;}&#10;    domain: &quot;syntax&quot;&#10;    ignored: [&quot;examples&quot;]&#10;warning: the following keywords are unknown and will be ignored: [examples]&#10;    level: &quot;warning&quot;&#10;    schema: {&quot;loadingURI&quot;:&quot;#&quot;,&quot;pointer&quot;:&quot;/items&quot;}&#10;    domain: &quot;syntax&quot;&#10;    ignored: [&quot;examples&quot;]&#10;warning: the following keywords are unknown and will be ignored: [examples]&#10;    level: &quot;warning&quot;&#10;    schema: {&quot;loadingURI&quot;:&quot;#&quot;,&quot;pointer&quot;:&quot;/items/properties/cpf&quot;}&#10;    domain: &quot;syntax&quot;&#10;    ignored: [&quot;examples&quot;]&#10;warning: the following keywords are unknown and will be ignored: [examples]&#10;    level: &quot;warning&quot;&#10;    schema: {&quot;loadingURI&quot;:&quot;#&quot;,&quot;pointer&quot;:&quot;/items/properties/email&quot;}&#10;    domain: &quot;syntax&quot;&#10;    ignored: [&quot;examples&quot;]&#10;warning: the following keywords are unknown and will be ignored: [examples]&#10;    level: &quot;warning&quot;&#10;    schema: {&quot;loadingURI&quot;:&quot;#&quot;,&quot;pointer&quot;:&quot;/items/properties/id&quot;}&#10;    domain: &quot;syntax&quot;&#10;    ignored: [&quot;examples&quot;]&#10;warning: the following keywords are unknown and will be ignored: [examples]&#10;    level: &quot;warning&quot;&#10;    schema: {&quot;loadingURI&quot;:&quot;#&quot;,&quot;pointer&quot;:&quot;/items/properties/nome&quot;}&#10;    domain: &quot;syntax&quot;&#10;    ignored: [&quot;examples&quot;]&#10;warning: the following keywords are unknown and will be ignored: [examples]&#10;    level: &quot;warning&quot;&#10;    schema: {&quot;loadingURI&quot;:&quot;#&quot;,&quot;pointer&quot;:&quot;/items/properties/parcelas&quot;}&#10;    domain: &quot;syntax&quot;&#10;    ignored: [&quot;examples&quot;]&#10;warning: the following keywords are unknown and will be ignored: [examples]&#10;    level: &quot;warning&quot;&#10;    schema: {&quot;loadingURI&quot;:&quot;#&quot;,&quot;pointer&quot;:&quot;/items/properties/seguro&quot;}&#10;    domain: &quot;syntax&quot;&#10;    ignored: [&quot;examples&quot;]&#10;warning: the following keywords are unknown and will be ignored: [examples]&#10;    level: &quot;warning&quot;&#10;    schema: {&quot;loadingURI&quot;:&quot;#&quot;,&quot;pointer&quot;:&quot;/items/properties/valor&quot;}&#10;    domain: &quot;syntax&quot;&#10;    ignored: [&quot;examples&quot;]&#10;warning: the following keywords are unknown and will be ignored: [examples]&#10;    level: &quot;warning&quot;&#10;    schema: {&quot;loadingURI&quot;:&quot;#&quot;,&quot;pointer&quot;:&quot;/items&quot;}&#10;    domain: &quot;syntax&quot;&#10;    ignored: [&quot;examples&quot;]&#10;warning: the following keywords are unknown and will be ignored: [examples]&#10;    level: &quot;warning&quot;&#10;    schema: {&quot;loadingURI&quot;:&quot;#&quot;,&quot;pointer&quot;:&quot;/items/properties/cpf&quot;}&#10;    domain: &quot;syntax&quot;&#10;    ignored: [&quot;examples&quot;]&#10;warning: the following keywords are unknown and will be ignored: [examples]&#10;    level: &quot;warning&quot;&#10;    schema: {&quot;loadingURI&quot;:&quot;#&quot;,&quot;pointer&quot;:&quot;/items/properties/email&quot;}&#10;    domain: &quot;syntax&quot;&#10;    ignored: [&quot;examples&quot;]&#10;warning: the following keywords are unknown and will be ignored: [examples]&#10;    level: &quot;warning&quot;&#10;    schema: {&quot;loadingURI&quot;:&quot;#&quot;,&quot;pointer&quot;:&quot;/items/properties/id&quot;}&#10;    domain: &quot;syntax&quot;&#10;    ignored: [&quot;examples&quot;]&#10;warning: the following keywords are unknown and will be ignored: [examples]&#10;    level: &quot;warning&quot;&#10;    schema: {&quot;loadingURI&quot;:&quot;#&quot;,&quot;pointer&quot;:&quot;/items/properties/nome&quot;}&#10;    domain: &quot;syntax&quot;&#10;    ignored: [&quot;examples&quot;]&#10;warning: the following keywords are unknown and will be ignored: [examples]&#10;    level: &quot;warning&quot;&#10;    schema: {&quot;loadingURI&quot;:&quot;#&quot;,&quot;pointer&quot;:&quot;/items/properties/parcelas&quot;}&#10;    domain: &quot;syntax&quot;&#10;    ignored: [&quot;examples&quot;]&#10;warning: the following keywords are unknown and will be ignored: [examples]&#10;    level: &quot;warning&quot;&#10;    schema: {&quot;loadingURI&quot;:&quot;#&quot;,&quot;pointer&quot;:&quot;/items/properties/seguro&quot;}&#10;    domain: &quot;syntax&quot;&#10;    ignored: [&quot;examples&quot;]&#10;warning: the following keywords are unknown and will be ignored: [examples]&#10;    level: &quot;warning&quot;&#10;    schema: {&quot;loadingURI&quot;:&quot;#&quot;,&quot;pointer&quot;:&quot;/items/properties/valor&quot;}&#10;    domain: &quot;syntax&quot;&#10;    ignored: [&quot;examples&quot;]&#10;warning: the following keywords are unknown and will be ignored: [examples]&#10;    level: &quot;warning&quot;&#10;    schema: {&quot;loadingURI&quot;:&quot;#&quot;,&quot;pointer&quot;:&quot;/items&quot;}&#10;    domain: &quot;syntax&quot;&#10;    ignored: [&quot;examples&quot;]&#10;warning: the following keywords are unknown and will be ignored: [examples]&#10;    level: &quot;warning&quot;&#10;    schema: {&quot;loadingURI&quot;:&quot;#&quot;,&quot;pointer&quot;:&quot;/items/properties/cpf&quot;}&#10;    domain: &quot;syntax&quot;&#10;    ignored: [&quot;examples&quot;]&#10;warning: the following keywords are unknown and will be ignored: [examples]&#10;    level: &quot;warning&quot;&#10;    schema: {&quot;loadingURI&quot;:&quot;#&quot;,&quot;pointer&quot;:&quot;/items/properties/email&quot;}&#10;    domain: &quot;syntax&quot;&#10;    ignored: [&quot;examples&quot;]&#10;warning: the following keywords are unknown and will be ignored: [examples]&#10;    level: &quot;warning&quot;&#10;    schema: {&quot;loadingURI&quot;:&quot;#&quot;,&quot;pointer&quot;:&quot;/items/properties/id&quot;}&#10;    domain: &quot;syntax&quot;&#10;    ignored: [&quot;examples&quot;]&#10;warning: the following keywords are unknown and will be ignored: [examples]&#10;    level: &quot;warning&quot;&#10;    schema: {&quot;loadingURI&quot;:&quot;#&quot;,&quot;pointer&quot;:&quot;/items/properties/nome&quot;}&#10;    domain: &quot;syntax&quot;&#10;    ignored: [&quot;examples&quot;]&#10;warning: the following keywords are unknown and will be ignored: [examples]&#10;    level: &quot;warning&quot;&#10;    schema: {&quot;loadingURI&quot;:&quot;#&quot;,&quot;pointer&quot;:&quot;/items/properties/parcelas&quot;}&#10;    domain: &quot;syntax&quot;&#10;    ignored: [&quot;examples&quot;]&#10;warning: the following keywords are unknown and will be ignored: [examples]&#10;    level: &quot;warning&quot;&#10;    schema: {&quot;loadingURI&quot;:&quot;#&quot;,&quot;pointer&quot;:&quot;/items/properties/seguro&quot;}&#10;    domain: &quot;syntax&quot;&#10;    ignored: [&quot;examples&quot;]&#10;warning: the following keywords are unknown and will be ignored: [examples]&#10;    level: &quot;warning&quot;&#10;    schema: {&quot;loadingURI&quot;:&quot;#&quot;,&quot;pointer&quot;:&quot;/items/properties/valor&quot;}&#10;    domain: &quot;syntax&quot;&#10;    ignored: [&quot;examples&quot;]&#10;warning: the following keywords are unknown and will be ignored: [examples]&#10;    level: &quot;warning&quot;&#10;    schema: {&quot;loadingURI&quot;:&quot;#&quot;,&quot;pointer&quot;:&quot;/items&quot;}&#10;    domain: &quot;syntax&quot;&#10;    ignored: [&quot;examples&quot;]&#10;warning: the following keywords are unknown and will be ignored: [examples]&#10;    level: &quot;warning&quot;&#10;    schema: {&quot;loadingURI&quot;:&quot;#&quot;,&quot;pointer&quot;:&quot;/items/properties/cpf&quot;}&#10;    domain: &quot;syntax&quot;&#10;    ignored: [&quot;examples&quot;]&#10;warning: the following keywords are unknown and will be ignored: [examples]&#10;    level: &quot;warning&quot;&#10;    schema: {&quot;loadingURI&quot;:&quot;#&quot;,&quot;pointer&quot;:&quot;/items/properties/email&quot;}&#10;    domain: &quot;syntax&quot;&#10;    ignored: [&quot;examples&quot;]&#10;warning: the following keywords are unknown and will be ignored: [examples]&#10;    level: &quot;warning&quot;&#10;    schema: {&quot;loadingURI&quot;:&quot;#&quot;,&quot;pointer&quot;:&quot;/items/properties/id&quot;}&#10;    domain: &quot;syntax&quot;&#10;    ignored: [&quot;examples&quot;]&#10;warning: the following keywords are unknown and will be ignored: [examples]&#10;    level: &quot;warning&quot;&#10;    schema: {&quot;loadingURI&quot;:&quot;#&quot;,&quot;pointer&quot;:&quot;/items/properties/nome&quot;}&#10;    domain: &quot;syntax&quot;&#10;    ignored: [&quot;examples&quot;]&#10;warning: the following keywords are unknown and will be ignored: [examples]&#10;    level: &quot;warning&quot;&#10;    schema: {&quot;loadingURI&quot;:&quot;#&quot;,&quot;pointer&quot;:&quot;/items/properties/parcelas&quot;}&#10;    domain: &quot;syntax&quot;&#10;    ignored: [&quot;examples&quot;]&#10;warning: the following keywords are unknown and will be ignored: [examples]&#10;    level: &quot;warning&quot;&#10;    schema: {&quot;loadingURI&quot;:&quot;#&quot;,&quot;pointer&quot;:&quot;/items/properties/seguro&quot;}&#10;    domain: &quot;syntax&quot;&#10;    ignored: [&quot;examples&quot;]&#10;warning: the following keywords are unknown and will be ignored: [examples]&#10;    level: &quot;warning&quot;&#10;    schema: {&quot;loadingURI&quot;:&quot;#&quot;,&quot;pointer&quot;:&quot;/items/properties/valor&quot;}&#10;    domain: &quot;syntax&quot;&#10;    ignored: [&quot;examples&quot;]&#10;warning: the following keywords are unknown and will be ignored: [examples]&#10;    level: &quot;warning&quot;&#10;    schema: {&quot;loadingURI&quot;:&quot;#&quot;,&quot;pointer&quot;:&quot;/items&quot;}&#10;    domain: &quot;syntax&quot;&#10;    ignored: [&quot;examples&quot;]&#10;warning: the following keywords are unknown and will be ignored: [examples]&#10;    level: &quot;warning&quot;&#10;    schema: {&quot;loadingURI&quot;:&quot;#&quot;,&quot;pointer&quot;:&quot;/items/properties/cpf&quot;}&#10;    domain: &quot;syntax&quot;&#10;    ignored: [&quot;examples&quot;]&#10;warning: the following keywords are unknown and will be ignored: [examples]&#10;    level: &quot;warning&quot;&#10;    schema: {&quot;loadingURI&quot;:&quot;#&quot;,&quot;pointer&quot;:&quot;/items/properties/email&quot;}&#10;    domain: &quot;syntax&quot;&#10;    ignored: [&quot;examples&quot;]&#10;warning: the following keywords are unknown and will be ignored: [examples]&#10;    level: &quot;warning&quot;&#10;    schema: {&quot;loadingURI&quot;:&quot;#&quot;,&quot;pointer&quot;:&quot;/items/properties/id&quot;}&#10;    domain: &quot;syntax&quot;&#10;    ignored: [&quot;examples&quot;]&#10;warning: the following keywords are unknown and will be ignored: [examples]&#10;    level: &quot;warning&quot;&#10;    schema: {&quot;loadingURI&quot;:&quot;#&quot;,&quot;pointer&quot;:&quot;/items/properties/nome&quot;}&#10;    domain: &quot;syntax&quot;&#10;    ignored: [&quot;examples&quot;]&#10;warning: the following keywords are unknown and will be ignored: [examples]&#10;    level: &quot;warning&quot;&#10;    schema: {&quot;loadingURI&quot;:&quot;#&quot;,&quot;pointer&quot;:&quot;/items/properties/parcelas&quot;}&#10;    domain: &quot;syntax&quot;&#10;    ignored: [&quot;examples&quot;]&#10;warning: the following keywords are unknown and will be ignored: [examples]&#10;    level: &quot;warning&quot;&#10;    schema: {&quot;loadingURI&quot;:&quot;#&quot;,&quot;pointer&quot;:&quot;/items/properties/seguro&quot;}&#10;    domain: &quot;syntax&quot;&#10;    ignored: [&quot;examples&quot;]&#10;warning: the following keywords are unknown and will be ignored: [examples]&#10;    level: &quot;warning&quot;&#10;    schema: {&quot;loadingURI&quot;:&quot;#&quot;,&quot;pointer&quot;:&quot;/items/properties/valor&quot;}&#10;    domain: &quot;syntax&quot;&#10;    ignored: [&quot;examples&quot;]&#10;warning: the following keywords are unknown and will be ignored: [examples]&#10;    level: &quot;warning&quot;&#10;    schema: {&quot;loadingURI&quot;:&quot;#&quot;,&quot;pointer&quot;:&quot;/items&quot;}&#10;    domain: &quot;syntax&quot;&#10;    ignored: [&quot;examples&quot;]&#10;warning: the following keywords are unknown and will be ignored: [examples]&#10;    level: &quot;warning&quot;&#10;    schema: {&quot;loadingURI&quot;:&quot;#&quot;,&quot;pointer&quot;:&quot;/items/properties/cpf&quot;}&#10;    domain: &quot;syntax&quot;&#10;    ignored: [&quot;examples&quot;]&#10;warning: the following keywords are unknown and will be ignored: [examples]&#10;    level: &quot;warning&quot;&#10;    schema: {&quot;loadingURI&quot;:&quot;#&quot;,&quot;pointer&quot;:&quot;/items/properties/email&quot;}&#10;    domain: &quot;syntax&quot;&#10;    ignored: [&quot;examples&quot;]&#10;warning: the following keywords are unknown and will be ignored: [examples]&#10;    level: &quot;warning&quot;&#10;    schema: {&quot;loadingURI&quot;:&quot;#&quot;,&quot;pointer&quot;:&quot;/items/properties/id&quot;}&#10;    domain: &quot;syntax&quot;&#10;    ignored: [&quot;examples&quot;]&#10;warning: the following keywords are unknown and will be ignored: [examples]&#10;    level: &quot;warning&quot;&#10;    schema: {&quot;loadingURI&quot;:&quot;#&quot;,&quot;pointer&quot;:&quot;/items/properties/nome&quot;}&#10;    domain: &quot;syntax&quot;&#10;    ignored: [&quot;examples&quot;]&#10;warning: the following keywords are unknown and will be ignored: [examples]&#10;    level: &quot;warning&quot;&#10;    schema: {&quot;loadingURI&quot;:&quot;#&quot;,&quot;pointer&quot;:&quot;/items/properties/parcelas&quot;}&#10;    domain: &quot;syntax&quot;&#10;    ignored: [&quot;examples&quot;]&#10;warning: the following keywords are unknown and will be ignored: [examples]&#10;    level: &quot;warning&quot;&#10;    schema: {&quot;loadingURI&quot;:&quot;#&quot;,&quot;pointer&quot;:&quot;/items/properties/seguro&quot;}&#10;    domain: &quot;syntax&quot;&#10;    ignored: [&quot;examples&quot;]&#10;warning: the following keywords are unknown and will be ignored: [examples]&#10;    level: &quot;warning&quot;&#10;    schema: {&quot;loadingURI&quot;:&quot;#&quot;,&quot;pointer&quot;:&quot;/items/properties/valor&quot;}&#10;    domain: &quot;syntax&quot;&#10;    ignored: [&quot;examples&quot;]&#10;warning: the following keywords are unknown and will be ignored: [examples]&#10;    level: &quot;warning&quot;&#10;    schema: {&quot;loadingURI&quot;:&quot;#&quot;,&quot;pointer&quot;:&quot;/items&quot;}&#10;    domain: &quot;syntax&quot;&#10;    ignored: [&quot;examples&quot;]&#10;warning: the following keywords are unknown and will be ignored: [examples]&#10;    level: &quot;warning&quot;&#10;    schema: {&quot;loadingURI&quot;:&quot;#&quot;,&quot;pointer&quot;:&quot;/items/properties/cpf&quot;}&#10;    domain: &quot;syntax&quot;&#10;    ignored: [&quot;examples&quot;]&#10;warning: the following keywords are unknown and will be ignored: [examples]&#10;    level: &quot;warning&quot;&#10;    schema: {&quot;loadingURI&quot;:&quot;#&quot;,&quot;pointer&quot;:&quot;/items/properties/email&quot;}&#10;    domain: &quot;syntax&quot;&#10;    ignored: [&quot;examples&quot;]&#10;warning: the following keywords are unknown and will be ignored: [examples]&#10;    level: &quot;warning&quot;&#10;    schema: {&quot;loadingURI&quot;:&quot;#&quot;,&quot;pointer&quot;:&quot;/items/properties/id&quot;}&#10;    domain: &quot;syntax&quot;&#10;    ignored: [&quot;examples&quot;]&#10;warning: the following keywords are unknown and will be ignored: [examples]&#10;    level: &quot;warning&quot;&#10;    schema: {&quot;loadingURI&quot;:&quot;#&quot;,&quot;pointer&quot;:&quot;/items/properties/nome&quot;}&#10;    domain: &quot;syntax&quot;&#10;    ignored: [&quot;examples&quot;]&#10;warning: the following keywords are unknown and will be ignored: [examples]&#10;    level: &quot;warning&quot;&#10;    schema: {&quot;loadingURI&quot;:&quot;#&quot;,&quot;pointer&quot;:&quot;/items/properties/parcelas&quot;}&#10;    domain: &quot;syntax&quot;&#10;    ignored: [&quot;examples&quot;]&#10;warning: the following keywords are unknown and will be ignored: [examples]&#10;    level: &quot;warning&quot;&#10;    schema: {&quot;loadingURI&quot;:&quot;#&quot;,&quot;pointer&quot;:&quot;/items/properties/seguro&quot;}&#10;    domain: &quot;syntax&quot;&#10;    ignored: [&quot;examples&quot;]&#10;warning: the following keywords are unknown and will be ignored: [examples]&#10;    level: &quot;warning&quot;&#10;    schema: {&quot;loadingURI&quot;:&quot;#&quot;,&quot;pointer&quot;:&quot;/items/properties/valor&quot;}&#10;    domain: &quot;syntax&quot;&#10;    ignored: [&quot;examples&quot;]&#10;warning: the following keywords are unknown and will be ignored: [examples]&#10;    level: &quot;warning&quot;&#10;    schema: {&quot;loadingURI&quot;:&quot;#&quot;,&quot;pointer&quot;:&quot;/items&quot;}&#10;    domain: &quot;syntax&quot;&#10;    ignored: [&quot;examples&quot;]&#10;warning: the following keywords are unknown and will be ignored: [examples]&#10;    level: &quot;warning&quot;&#10;    schema: {&quot;loadingURI&quot;:&quot;#&quot;,&quot;pointer&quot;:&quot;/items/properties/cpf&quot;}&#10;    domain: &quot;syntax&quot;&#10;    ignored: [&quot;examples&quot;]&#10;warning: the following keywords are unknown and will be ignored: [examples]&#10;    level: &quot;warning&quot;&#10;    schema: {&quot;loadingURI&quot;:&quot;#&quot;,&quot;pointer&quot;:&quot;/items/properties/email&quot;}&#10;    domain: &quot;syntax&quot;&#10;    ignored: [&quot;examples&quot;]&#10;warning: the following keywords are unknown and will be ignored: [examples]&#10;    level: &quot;warning&quot;&#10;    schema: {&quot;loadingURI&quot;:&quot;#&quot;,&quot;pointer&quot;:&quot;/items/properties/id&quot;}&#10;    domain: &quot;syntax&quot;&#10;    ignored: [&quot;examples&quot;]&#10;warning: the following keywords are unknown and will be ignored: [examples]&#10;    level: &quot;warning&quot;&#10;    schema: {&quot;loadingURI&quot;:&quot;#&quot;,&quot;pointer&quot;:&quot;/items/properties/nome&quot;}&#10;    domain: &quot;syntax&quot;&#10;    ignored: [&quot;examples&quot;]&#10;warning: the following keywords are unknown and will be ignored: [examples]&#10;    level: &quot;warning&quot;&#10;    schema: {&quot;loadingURI&quot;:&quot;#&quot;,&quot;pointer&quot;:&quot;/items/properties/parcelas&quot;}&#10;    domain: &quot;syntax&quot;&#10;    ignored: [&quot;examples&quot;]&#10;warning: the following keywords are unknown and will be ignored: [examples]&#10;    level: &quot;warning&quot;&#10;    schema: {&quot;loadingURI&quot;:&quot;#&quot;,&quot;pointer&quot;:&quot;/items/properties/seguro&quot;}&#10;    domain: &quot;syntax&quot;&#10;    ignored: [&quot;examples&quot;]&#10;warning: the following keywords are unknown and will be ignored: [examples]&#10;    level: &quot;warning&quot;&#10;    schema: {&quot;loadingURI&quot;:&quot;#&quot;,&quot;pointer&quot;:&quot;/items/properties/valor&quot;}&#10;    domain: &quot;syntax&quot;&#10;    ignored: [&quot;examples&quot;]&#10;warning: the following keywords are unknown and will be ignored: [examples]&#10;    level: &quot;warning&quot;&#10;    schema: {&quot;loadingURI&quot;:&quot;#&quot;,&quot;pointer&quot;:&quot;/items&quot;}&#10;    domain: &quot;syntax&quot;&#10;    ignored: [&quot;examples&quot;]&#10;warning: the following keywords are unknown and will be ignored: [examples]&#10;    level: &quot;warning&quot;&#10;    schema: {&quot;loadingURI&quot;:&quot;#&quot;,&quot;pointer&quot;:&quot;/items/properties/cpf&quot;}&#10;    domain: &quot;syntax&quot;&#10;    ignored: [&quot;examples&quot;]&#10;warning: the following keywords are unknown and will be ignored: [examples]&#10;    level: &quot;warning&quot;&#10;    schema: {&quot;loadingURI&quot;:&quot;#&quot;,&quot;pointer&quot;:&quot;/items/properties/email&quot;}&#10;    domain: &quot;syntax&quot;&#10;    ignored: [&quot;examples&quot;]&#10;warning: the following keywords are unknown and will be ignored: [examples]&#10;    level: &quot;warning&quot;&#10;    schema: {&quot;loadingURI&quot;:&quot;#&quot;,&quot;pointer&quot;:&quot;/items/properties/id&quot;}&#10;    domain: &quot;syntax&quot;&#10;    ignored: [&quot;examples&quot;]&#10;warning: the following keywords are unknown and will be ignored: [examples]&#10;    level: &quot;warning&quot;&#10;    schema: {&quot;loadingURI&quot;:&quot;#&quot;,&quot;pointer&quot;:&quot;/items/properties/nome&quot;}&#10;    domain: &quot;syntax&quot;&#10;    ignored: [&quot;examples&quot;]&#10;warning: the following keywords are unknown and will be ignored: [examples]&#10;    level: &quot;warning&quot;&#10;    schema: {&quot;loadingURI&quot;:&quot;#&quot;,&quot;pointer&quot;:&quot;/items/properties/parcelas&quot;}&#10;    domain: &quot;syntax&quot;&#10;    ignored: [&quot;examples&quot;]&#10;warning: the following keywords are unknown and will be ignored: [examples]&#10;    level: &quot;warning&quot;&#10;    schema: {&quot;loadingURI&quot;:&quot;#&quot;,&quot;pointer&quot;:&quot;/items/properties/seguro&quot;}&#10;    domain: &quot;syntax&quot;&#10;    ignored: [&quot;examples&quot;]&#10;warning: the following keywords are unknown and will be ignored: [examples]&#10;    level: &quot;warning&quot;&#10;    schema: {&quot;loadingURI&quot;:&quot;#&quot;,&quot;pointer&quot;:&quot;/items/properties/valor&quot;}&#10;    domain: &quot;syntax&quot;&#10;    ignored: [&quot;examples&quot;]&#10;warning: the following keywords are unknown and will be ignored: [examples]&#10;    level: &quot;warning&quot;&#10;    schema: {&quot;loadingURI&quot;:&quot;#&quot;,&quot;pointer&quot;:&quot;/items&quot;}&#10;    domain: &quot;syntax&quot;&#10;    ignored: [&quot;examples&quot;]&#10;warning: the following keywords are unknown and will be ignored: [examples]&#10;    level: &quot;warning&quot;&#10;    schema: {&quot;loadingURI&quot;:&quot;#&quot;,&quot;pointer&quot;:&quot;/items/properties/cpf&quot;}&#10;    domain: &quot;syntax&quot;&#10;    ignored: [&quot;examples&quot;]&#10;warning: the following keywords are unknown and will be ignored: [examples]&#10;    level: &quot;warning&quot;&#10;    schema: {&quot;loadingURI&quot;:&quot;#&quot;,&quot;pointer&quot;:&quot;/items/properties/email&quot;}&#10;    domain: &quot;syntax&quot;&#10;    ignored: [&quot;examples&quot;]&#10;warning: the following keywords are unknown and will be ignored: [examples]&#10;    level: &quot;warning&quot;&#10;    schema: {&quot;loadingURI&quot;:&quot;#&quot;,&quot;pointer&quot;:&quot;/items/properties/id&quot;}&#10;    domain: &quot;syntax&quot;&#10;    ignored: [&quot;examples&quot;]&#10;warning: the following keywords are unknown and will be ignored: [examples]&#10;    level: &quot;warning&quot;&#10;    schema: {&quot;loadingURI&quot;:&quot;#&quot;,&quot;pointer&quot;:&quot;/items/properties/nome&quot;}&#10;    domain: &quot;syntax&quot;&#10;    ignored: [&quot;examples&quot;]&#10;warning: the following keywords are unknown and will be ignored: [examples]&#10;    level: &quot;warning&quot;&#10;    schema: {&quot;loadingURI&quot;:&quot;#&quot;,&quot;pointer&quot;:&quot;/items/properties/parcelas&quot;}&#10;    domain: &quot;syntax&quot;&#10;    ignored: [&quot;examples&quot;]&#10;warning: the following keywords are unknown and will be ignored: [examples]&#10;    level: &quot;warning&quot;&#10;    schema: {&quot;loadingURI&quot;:&quot;#&quot;,&quot;pointer&quot;:&quot;/items/properties/seguro&quot;}&#10;    domain: &quot;syntax&quot;&#10;    ignored: [&quot;examples&quot;]&#10;warning: the following keywords are unknown and will be ignored: [examples]&#10;    level: &quot;warning&quot;&#10;    schema: {&quot;loadingURI&quot;:&quot;#&quot;,&quot;pointer&quot;:&quot;/items/properties/valor&quot;}&#10;    domain: &quot;syntax&quot;&#10;    ignored: [&quot;examples&quot;]&#10;warning: the following keywords are unknown and will be ignored: [examples]&#10;    level: &quot;warning&quot;&#10;    schema: {&quot;loadingURI&quot;:&quot;#&quot;,&quot;pointer&quot;:&quot;/items&quot;}&#10;    domain: &quot;syntax&quot;&#10;    ignored: [&quot;examples&quot;]&#10;warning: the following keywords are unknown and will be ignored: [examples]&#10;    level: &quot;warning&quot;&#10;    schema: {&quot;loadingURI&quot;:&quot;#&quot;,&quot;pointer&quot;:&quot;/items/properties/cpf&quot;}&#10;    domain: &quot;syntax&quot;&#10;    ignored: [&quot;examples&quot;]&#10;warning: the following keywords are unknown and will be ignored: [examples]&#10;    level: &quot;warning&quot;&#10;    schema: {&quot;loadingURI&quot;:&quot;#&quot;,&quot;pointer&quot;:&quot;/items/properties/email&quot;}&#10;    domain: &quot;syntax&quot;&#10;    ignored: [&quot;examples&quot;]&#10;warning: the following keywords are unknown and will be ignored: [examples]&#10;    level: &quot;warning&quot;&#10;    schema: {&quot;loadingURI&quot;:&quot;#&quot;,&quot;pointer&quot;:&quot;/items/properties/id&quot;}&#10;    domain: &quot;syntax&quot;&#10;    ignored: [&quot;examples&quot;]&#10;warning: the following keywords are unknown and will be ignored: [examples]&#10;    level: &quot;warning&quot;&#10;    schema: {&quot;loadingURI&quot;:&quot;#&quot;,&quot;pointer&quot;:&quot;/items/properties/nome&quot;}&#10;    domain: &quot;syntax&quot;&#10;    ignored: [&quot;examples&quot;]&#10;warning: the following keywords are unknown and will be ignored: [examples]&#10;    level: &quot;warning&quot;&#10;    schema: {&quot;loadingURI&quot;:&quot;#&quot;,&quot;pointer&quot;:&quot;/items/properties/parcelas&quot;}&#10;    domain: &quot;syntax&quot;&#10;    ignored: [&quot;examples&quot;]&#10;warning: the following keywords are unknown and will be ignored: [examples]&#10;    level: &quot;warning&quot;&#10;    schema: {&quot;loadingURI&quot;:&quot;#&quot;,&quot;pointer&quot;:&quot;/items/properties/seguro&quot;}&#10;    domain: &quot;syntax&quot;&#10;    ignored: [&quot;examples&quot;]&#10;warning: the following keywords are unknown and will be ignored: [examples]&#10;    level: &quot;warning&quot;&#10;    schema: {&quot;loadingURI&quot;:&quot;#&quot;,&quot;pointer&quot;:&quot;/items/properties/valor&quot;}&#10;    domain: &quot;syntax&quot;&#10;    ignored: [&quot;examples&quot;]&#10;warning: the following keywords are unknown and will be ignored: [examples]&#10;    level: &quot;warning&quot;&#10;    schema: {&quot;loadingURI&quot;:&quot;#&quot;,&quot;pointer&quot;:&quot;/items&quot;}&#10;    domain: &quot;syntax&quot;&#10;    ignored: [&quot;examples&quot;]&#10;warning: the following keywords are unknown and will be ignored: [examples]&#10;    level: &quot;warning&quot;&#10;    schema: {&quot;loadingURI&quot;:&quot;#&quot;,&quot;pointer&quot;:&quot;/items/properties/cpf&quot;}&#10;    domain: &quot;syntax&quot;&#10;    ignored: [&quot;examples&quot;]&#10;warning: the following keywords are unknown and will be ignored: [examples]&#10;    level: &quot;warning&quot;&#10;    schema: {&quot;loadingURI&quot;:&quot;#&quot;,&quot;pointer&quot;:&quot;/items/properties/email&quot;}&#10;    domain: &quot;syntax&quot;&#10;    ignored: [&quot;examples&quot;]&#10;warning: the following keywords are unknown and will be ignored: [examples]&#10;    level: &quot;warning&quot;&#10;    schema: {&quot;loadingURI&quot;:&quot;#&quot;,&quot;pointer&quot;:&quot;/items/properties/id&quot;}&#10;    domain: &quot;syntax&quot;&#10;    ignored: [&quot;examples&quot;]&#10;warning: the following keywords are unknown and will be ignored: [examples]&#10;    level: &quot;warning&quot;&#10;    schema: {&quot;loadingURI&quot;:&quot;#&quot;,&quot;pointer&quot;:&quot;/items/properties/nome&quot;}&#10;    domain: &quot;syntax&quot;&#10;    ignored: [&quot;examples&quot;]&#10;warning: the following keywords are unknown and will be ignored: [examples]&#10;    level: &quot;warning&quot;&#10;    schema: {&quot;loadingURI&quot;:&quot;#&quot;,&quot;pointer&quot;:&quot;/items/properties/parcelas&quot;}&#10;    domain: &quot;syntax&quot;&#10;    ignored: [&quot;examples&quot;]&#10;warning: the following keywords are unknown and will be ignored: [examples]&#10;    level: &quot;warning&quot;&#10;    schema: {&quot;loadingURI&quot;:&quot;#&quot;,&quot;pointer&quot;:&quot;/items/properties/seguro&quot;}&#10;    domain: &quot;syntax&quot;&#10;    ignored: [&quot;examples&quot;]&#10;warning: the following keywords are unknown and will be ignored: [examples]&#10;    level: &quot;warning&quot;&#10;    schema: {&quot;loadingURI&quot;:&quot;#&quot;,&quot;pointer&quot;:&quot;/items/properties/valor&quot;}&#10;    domain: &quot;syntax&quot;&#10;    ignored: [&quot;examples&quot;]&#10;warning: the following keywords are unknown and will be ignored: [examples]&#10;    level: &quot;warning&quot;&#10;    schema: {&quot;loadingURI&quot;:&quot;#&quot;,&quot;pointer&quot;:&quot;/items&quot;}&#10;    domain: &quot;syntax&quot;&#10;    ignored: [&quot;examples&quot;]&#10;warning: the following keywords are unknown and will be ignored: [examples]&#10;    level: &quot;warning&quot;&#10;    schema: {&quot;loadingURI&quot;:&quot;#&quot;,&quot;pointer&quot;:&quot;/items/properties/cpf&quot;}&#10;    domain: &quot;syntax&quot;&#10;    ignored: [&quot;examples&quot;]&#10;warning: the following keywords are unknown and will be ignored: [examples]&#10;    level: &quot;warning&quot;&#10;    schema: {&quot;loadingURI&quot;:&quot;#&quot;,&quot;pointer&quot;:&quot;/items/properties/email&quot;}&#10;    domain: &quot;syntax&quot;&#10;    ignored: [&quot;examples&quot;]&#10;warning: the following keywords are unknown and will be ignored: [examples]&#10;    level: &quot;warning&quot;&#10;    schema: {&quot;loadingURI&quot;:&quot;#&quot;,&quot;pointer&quot;:&quot;/items/properties/id&quot;}&#10;    domain: &quot;syntax&quot;&#10;    ignored: [&quot;examples&quot;]&#10;warning: the following keywords are unknown and will be ignored: [examples]&#10;    level: &quot;warning&quot;&#10;    schema: {&quot;loadingURI&quot;:&quot;#&quot;,&quot;pointer&quot;:&quot;/items/properties/nome&quot;}&#10;    domain: &quot;syntax&quot;&#10;    ignored: [&quot;examples&quot;]&#10;warning: the following keywords are unknown and will be ignored: [examples]&#10;    level: &quot;warning&quot;&#10;    schema: {&quot;loadingURI&quot;:&quot;#&quot;,&quot;pointer&quot;:&quot;/items/properties/parcelas&quot;}&#10;    domain: &quot;syntax&quot;&#10;    ignored: [&quot;examples&quot;]&#10;warning: the following keywords are unknown and will be ignored: [examples]&#10;    level: &quot;warning&quot;&#10;    schema: {&quot;loadingURI&quot;:&quot;#&quot;,&quot;pointer&quot;:&quot;/items/properties/seguro&quot;}&#10;    domain: &quot;syntax&quot;&#10;    ignored: [&quot;examples&quot;]&#10;warning: the following keywords are unknown and will be ignored: [examples]&#10;    level: &quot;warning&quot;&#10;    schema: {&quot;loadingURI&quot;:&quot;#&quot;,&quot;pointer&quot;:&quot;/items/properties/valor&quot;}&#10;    domain: &quot;syntax&quot;&#10;    ignored: [&quot;examples&quot;]&#10;warning: the following keywords are unknown and will be ignored: [examples]&#10;    level: &quot;warning&quot;&#10;    schema: {&quot;loadingURI&quot;:&quot;#&quot;,&quot;pointer&quot;:&quot;/items&quot;}&#10;    domain: &quot;syntax&quot;&#10;    ignored: [&quot;examples&quot;]&#10;warning: the following keywords are unknown and will be ignored: [examples]&#10;    level: &quot;warning&quot;&#10;    schema: {&quot;loadingURI&quot;:&quot;#&quot;,&quot;pointer&quot;:&quot;/items/properties/cpf&quot;}&#10;    domain: &quot;syntax&quot;&#10;    ignored: [&quot;examples&quot;]&#10;warning: the following keywords are unknown and will be ignored: [examples]&#10;    level: &quot;warning&quot;&#10;    schema: {&quot;loadingURI&quot;:&quot;#&quot;,&quot;pointer&quot;:&quot;/items/properties/email&quot;}&#10;    domain: &quot;syntax&quot;&#10;    ignored: [&quot;examples&quot;]&#10;warning: the following keywords are unknown and will be ignored: [examples]&#10;    level: &quot;warning&quot;&#10;    schema: {&quot;loadingURI&quot;:&quot;#&quot;,&quot;pointer&quot;:&quot;/items/properties/id&quot;}&#10;    domain: &quot;syntax&quot;&#10;    ignored: [&quot;examples&quot;]&#10;warning: the following keywords are unknown and will be ignored: [examples]&#10;    level: &quot;warning&quot;&#10;    schema: {&quot;loadingURI&quot;:&quot;#&quot;,&quot;pointer&quot;:&quot;/items/properties/nome&quot;}&#10;    domain: &quot;syntax&quot;&#10;    ignored: [&quot;examples&quot;]&#10;warning: the following keywords are unknown and will be ignored: [examples]&#10;    level: &quot;warning&quot;&#10;    schema: {&quot;loadingURI&quot;:&quot;#&quot;,&quot;pointer&quot;:&quot;/items/properties/parcelas&quot;}&#10;    domain: &quot;syntax&quot;&#10;    ignored: [&quot;examples&quot;]&#10;warning: the following keywords are unknown and will be ignored: [examples]&#10;    level: &quot;warning&quot;&#10;    schema: {&quot;loadingURI&quot;:&quot;#&quot;,&quot;pointer&quot;:&quot;/items/properties/seguro&quot;}&#10;    domain: &quot;syntax&quot;&#10;    ignored: [&quot;examples&quot;]&#10;warning: the following keywords are unknown and will be ignored: [examples]&#10;    level: &quot;warning&quot;&#10;    schema: {&quot;loadingURI&quot;:&quot;#&quot;,&quot;pointer&quot;:&quot;/items/properties/valor&quot;}&#10;    domain: &quot;syntax&quot;&#10;    ignored: [&quot;examples&quot;]&#10;warning: the following keywords are unknown and will be ignored: [examples]&#10;    level: &quot;warning&quot;&#10;    schema: {&quot;loadingURI&quot;:&quot;#&quot;,&quot;pointer&quot;:&quot;/items&quot;}&#10;    domain: &quot;syntax&quot;&#10;    ignored: [&quot;examples&quot;]&#10;warning: the following keywords are unknown and will be ignored: [examples]&#10;    level: &quot;warning&quot;&#10;    schema: {&quot;loadingURI&quot;:&quot;#&quot;,&quot;pointer&quot;:&quot;/items/properties/cpf&quot;}&#10;    domain: &quot;syntax&quot;&#10;    ignored: [&quot;examples&quot;]&#10;warning: the following keywords are unknown and will be ignored: [examples]&#10;    level: &quot;warning&quot;&#10;    schema: {&quot;loadingURI&quot;:&quot;#&quot;,&quot;pointer&quot;:&quot;/items/properties/email&quot;}&#10;    domain: &quot;syntax&quot;&#10;    ignored: [&quot;examples&quot;]&#10;warning: the following keywords are unknown and will be ignored: [examples]&#10;    level: &quot;warning&quot;&#10;    schema: {&quot;loadingURI&quot;:&quot;#&quot;,&quot;pointer&quot;:&quot;/items/properties/id&quot;}&#10;    domain: &quot;syntax&quot;&#10;    ignored: [&quot;examples&quot;]&#10;warning: the following keywords are unknown and will be ignored: [examples]&#10;    level: &quot;warning&quot;&#10;    schema: {&quot;loadingURI&quot;:&quot;#&quot;,&quot;pointer&quot;:&quot;/items/properties/nome&quot;}&#10;    domain: &quot;syntax&quot;&#10;    ignored: [&quot;examples&quot;]&#10;warning: the following keywords are unknown and will be ignored: [examples]&#10;    level: &quot;warning&quot;&#10;    schema: {&quot;loadingURI&quot;:&quot;#&quot;,&quot;pointer&quot;:&quot;/items/properties/parcelas&quot;}&#10;    domain: &quot;syntax&quot;&#10;    ignored: [&quot;examples&quot;]&#10;warning: the following keywords are unknown and will be ignored: [examples]&#10;    level: &quot;warning&quot;&#10;    schema: {&quot;loadingURI&quot;:&quot;#&quot;,&quot;pointer&quot;:&quot;/items/properties/seguro&quot;}&#10;    domain: &quot;syntax&quot;&#10;    ignored: [&quot;examples&quot;]&#10;warning: the following keywords are unknown and will be ignored: [examples]&#10;    level: &quot;warning&quot;&#10;    schema: {&quot;loadingURI&quot;:&quot;#&quot;,&quot;pointer&quot;:&quot;/items/properties/valor&quot;}&#10;    domain: &quot;syntax&quot;&#10;    ignored: [&quot;examples&quot;]&#10;warning: the following keywords are unknown and will be ignored: [examples]&#10;    level: &quot;warning&quot;&#10;    schema: {&quot;loadingURI&quot;:&quot;#&quot;,&quot;pointer&quot;:&quot;/items&quot;}&#10;    domain: &quot;syntax&quot;&#10;    ignored: [&quot;examples&quot;]&#10;warning: the following keywords are unknown and will be ignored: [examples]&#10;    level: &quot;warning&quot;&#10;    schema: {&quot;loadingURI&quot;:&quot;#&quot;,&quot;pointer&quot;:&quot;/items/properties/cpf&quot;}&#10;    domain: &quot;syntax&quot;&#10;    ignored: [&quot;examples&quot;]&#10;warning: the following keywords are unknown and will be ignored: [examples]&#10;    level: &quot;warning&quot;&#10;    schema: {&quot;loadingURI&quot;:&quot;#&quot;,&quot;pointer&quot;:&quot;/items/properties/email&quot;}&#10;    domain: &quot;syntax&quot;&#10;    ignored: [&quot;examples&quot;]&#10;warning: the following keywords are unknown and will be ignored: [examples]&#10;    level: &quot;warning&quot;&#10;    schema: {&quot;loadingURI&quot;:&quot;#&quot;,&quot;pointer&quot;:&quot;/items/properties/id&quot;}&#10;    domain: &quot;syntax&quot;&#10;    ignored: [&quot;examples&quot;]&#10;warning: the following keywords are unknown and will be ignored: [examples]&#10;    level: &quot;warning&quot;&#10;    schema: {&quot;loadingURI&quot;:&quot;#&quot;,&quot;pointer&quot;:&quot;/items/properties/nome&quot;}&#10;    domain: &quot;syntax&quot;&#10;    ignored: [&quot;examples&quot;]&#10;warning: the following keywords are unknown and will be ignored: [examples]&#10;    level: &quot;warning&quot;&#10;    schema: {&quot;loadingURI&quot;:&quot;#&quot;,&quot;pointer&quot;:&quot;/items/properties/parcelas&quot;}&#10;    domain: &quot;syntax&quot;&#10;    ignored: [&quot;examples&quot;]&#10;warning: the following keywords are unknown and will be ignored: [examples]&#10;    level: &quot;warning&quot;&#10;    schema: {&quot;loadingURI&quot;:&quot;#&quot;,&quot;pointer&quot;:&quot;/items/properties/seguro&quot;}&#10;    domain: &quot;syntax&quot;&#10;    ignored: [&quot;examples&quot;]&#10;warning: the following keywords are unknown and will be ignored: [examples]&#10;    level: &quot;warning&quot;&#10;    schema: {&quot;loadingURI&quot;:&quot;#&quot;,&quot;pointer&quot;:&quot;/items/properties/valor&quot;}&#10;    domain: &quot;syntax&quot;&#10;    ignored: [&quot;examples&quot;]&#10;warning: the following keywords are unknown and will be ignored: [examples]&#10;    level: &quot;warning&quot;&#10;    schema: {&quot;loadingURI&quot;:&quot;#&quot;,&quot;pointer&quot;:&quot;/items&quot;}&#10;    domain: &quot;syntax&quot;&#10;    ignored: [&quot;examples&quot;]&#10;warning: the following keywords are unknown and will be ignored: [examples]&#10;    level: &quot;warning&quot;&#10;    schema: {&quot;loadingURI&quot;:&quot;#&quot;,&quot;pointer&quot;:&quot;/items/properties/cpf&quot;}&#10;    domain: &quot;syntax&quot;&#10;    ignored: [&quot;examples&quot;]&#10;warning: the following keywords are unknown and will be ignored: [examples]&#10;    level: &quot;warning&quot;&#10;    schema: {&quot;loadingURI&quot;:&quot;#&quot;,&quot;pointer&quot;:&quot;/items/properties/email&quot;}&#10;    domain: &quot;syntax&quot;&#10;    ignored: [&quot;examples&quot;]&#10;warning: the following keywords are unknown and will be ignored: [examples]&#10;    level: &quot;warning&quot;&#10;    schema: {&quot;loadingURI&quot;:&quot;#&quot;,&quot;pointer&quot;:&quot;/items/properties/id&quot;}&#10;    domain: &quot;syntax&quot;&#10;    ignored: [&quot;examples&quot;]&#10;warning: the following keywords are unknown and will be ignored: [examples]&#10;    level: &quot;warning&quot;&#10;    schema: {&quot;loadingURI&quot;:&quot;#&quot;,&quot;pointer&quot;:&quot;/items/properties/nome&quot;}&#10;    domain: &quot;syntax&quot;&#10;    ignored: [&quot;examples&quot;]&#10;warning: the following keywords are unknown and will be ignored: [examples]&#10;    level: &quot;warning&quot;&#10;    schema: {&quot;loadingURI&quot;:&quot;#&quot;,&quot;pointer&quot;:&quot;/items/properties/parcelas&quot;}&#10;    domain: &quot;syntax&quot;&#10;    ignored: [&quot;examples&quot;]&#10;warning: the following keywords are unknown and will be ignored: [examples]&#10;    level: &quot;warning&quot;&#10;    schema: {&quot;loadingURI&quot;:&quot;#&quot;,&quot;pointer&quot;:&quot;/items/properties/seguro&quot;}&#10;    domain: &quot;syntax&quot;&#10;    ignored: [&quot;examples&quot;]&#10;warning: the following keywords are unknown and will be ignored: [examples]&#10;    level: &quot;warning&quot;&#10;    schema: {&quot;loadingURI&quot;:&quot;#&quot;,&quot;pointer&quot;:&quot;/items/properties/valor&quot;}&#10;    domain: &quot;syntax&quot;&#10;    ignored: [&quot;examples&quot;]&#10;warning: the following keywords are unknown and will be ignored: [examples]&#10;    level: &quot;warning&quot;&#10;    schema: {&quot;loadingURI&quot;:&quot;#&quot;,&quot;pointer&quot;:&quot;/items&quot;}&#10;    domain: &quot;syntax&quot;&#10;    ignored: [&quot;examples&quot;]&#10;warning: the following keywords are unknown and will be ignored: [examples]&#10;    level: &quot;warning&quot;&#10;    schema: {&quot;loadingURI&quot;:&quot;#&quot;,&quot;pointer&quot;:&quot;/items/properties/cpf&quot;}&#10;    domain: &quot;syntax&quot;&#10;    ignored: [&quot;examples&quot;]&#10;warning: the following keywords are unknown and will be ignored: [examples]&#10;    level: &quot;warning&quot;&#10;    schema: {&quot;loadingURI&quot;:&quot;#&quot;,&quot;pointer&quot;:&quot;/items/properties/email&quot;}&#10;    domain: &quot;syntax&quot;&#10;    ignored: [&quot;examples&quot;]&#10;warning: the following keywords are unknown and will be ignored: [examples]&#10;    level: &quot;warning&quot;&#10;    schema: {&quot;loadingURI&quot;:&quot;#&quot;,&quot;pointer&quot;:&quot;/items/properties/id&quot;}&#10;    domain: &quot;syntax&quot;&#10;    ignored: [&quot;examples&quot;]&#10;warning: the following keywords are unknown and will be ignored: [examples]&#10;    level: &quot;warning&quot;&#10;    schema: {&quot;loadingURI&quot;:&quot;#&quot;,&quot;pointer&quot;:&quot;/items/properties/nome&quot;}&#10;    domain: &quot;syntax&quot;&#10;    ignored: [&quot;examples&quot;]&#10;warning: the following keywords are unknown and will be ignored: [examples]&#10;    level: &quot;warning&quot;&#10;    schema: {&quot;loadingURI&quot;:&quot;#&quot;,&quot;pointer&quot;:&quot;/items/properties/parcelas&quot;}&#10;    domain: &quot;syntax&quot;&#10;    ignored: [&quot;examples&quot;]&#10;warning: the following keywords are unknown and will be ignored: [examples]&#10;    level: &quot;warning&quot;&#10;    schema: {&quot;loadingURI&quot;:&quot;#&quot;,&quot;pointer&quot;:&quot;/items/properties/seguro&quot;}&#10;    domain: &quot;syntax&quot;&#10;    ignored: [&quot;examples&quot;]&#10;warning: the following keywords are unknown and will be ignored: [examples]&#10;    level: &quot;warning&quot;&#10;    schema: {&quot;loadingURI&quot;:&quot;#&quot;,&quot;pointer&quot;:&quot;/items/properties/valor&quot;}&#10;    domain: &quot;syntax&quot;&#10;    ignored: [&quot;examples&quot;]&#10;warning: the following keywords are unknown and will be ignored: [examples]&#10;    level: &quot;warning&quot;&#10;    schema: {&quot;loadingURI&quot;:&quot;#&quot;,&quot;pointer&quot;:&quot;/items&quot;}&#10;    domain: &quot;syntax&quot;&#10;    ignored: [&quot;examples&quot;]&#10;warning: the following keywords are unknown and will be ignored: [examples]&#10;    level: &quot;warning&quot;&#10;    schema: {&quot;loadingURI&quot;:&quot;#&quot;,&quot;pointer&quot;:&quot;/items/properties/cpf&quot;}&#10;    domain: &quot;syntax&quot;&#10;    ignored: [&quot;examples&quot;]&#10;warning: the following keywords are unknown and will be ignored: [examples]&#10;    level: &quot;warning&quot;&#10;    schema: {&quot;loadingURI&quot;:&quot;#&quot;,&quot;pointer&quot;:&quot;/items/properties/email&quot;}&#10;    domain: &quot;syntax&quot;&#10;    ignored: [&quot;examples&quot;]&#10;warning: the following keywords are unknown and will be ignored: [examples]&#10;    level: &quot;warning&quot;&#10;    schema: {&quot;loadingURI&quot;:&quot;#&quot;,&quot;pointer&quot;:&quot;/items/properties/id&quot;}&#10;    domain: &quot;syntax&quot;&#10;    ignored: [&quot;examples&quot;]&#10;warning: the following keywords are unknown and will be ignored: [examples]&#10;    level: &quot;warning&quot;&#10;    schema: {&quot;loadingURI&quot;:&quot;#&quot;,&quot;pointer&quot;:&quot;/items/properties/nome&quot;}&#10;    domain: &quot;syntax&quot;&#10;    ignored: [&quot;examples&quot;]&#10;warning: the following keywords are unknown and will be ignored: [examples]&#10;    level: &quot;warning&quot;&#10;    schema: {&quot;loadingURI&quot;:&quot;#&quot;,&quot;pointer&quot;:&quot;/items/properties/parcelas&quot;}&#10;    domain: &quot;syntax&quot;&#10;    ignored: [&quot;examples&quot;]&#10;warning: the following keywords are unknown and will be ignored: [examples]&#10;    level: &quot;warning&quot;&#10;    schema: {&quot;loadingURI&quot;:&quot;#&quot;,&quot;pointer&quot;:&quot;/items/properties/seguro&quot;}&#10;    domain: &quot;syntax&quot;&#10;    ignored: [&quot;examples&quot;]&#10;warning: the following keywords are unknown and will be ignored: [examples]&#10;    level: &quot;warning&quot;&#10;    schema: {&quot;loadingURI&quot;:&quot;#&quot;,&quot;pointer&quot;:&quot;/items/properties/valor&quot;}&#10;    domain: &quot;syntax&quot;&#10;    ignored: [&quot;examples&quot;]&#10;warning: the following keywords are unknown and will be ignored: [examples]&#10;    level: &quot;warning&quot;&#10;    schema: {&quot;loadingURI&quot;:&quot;#&quot;,&quot;pointer&quot;:&quot;/items&quot;}&#10;    domain: &quot;syntax&quot;&#10;    ignored: [&quot;examples&quot;]&#10;warning: the following keywords are unknown and will be ignored: [examples]&#10;    level: &quot;warning&quot;&#10;    schema: {&quot;loadingURI&quot;:&quot;#&quot;,&quot;pointer&quot;:&quot;/items/properties/cpf&quot;}&#10;    domain: &quot;syntax&quot;&#10;    ignored: [&quot;examples&quot;]&#10;warning: the following keywords are unknown and will be ignored: [examples]&#10;    level: &quot;warning&quot;&#10;    schema: {&quot;loadingURI&quot;:&quot;#&quot;,&quot;pointer&quot;:&quot;/items/properties/email&quot;}&#10;    domain: &quot;syntax&quot;&#10;    ignored: [&quot;examples&quot;]&#10;warning: the following keywords are unknown and will be ignored: [examples]&#10;    level: &quot;warning&quot;&#10;    schema: {&quot;loadingURI&quot;:&quot;#&quot;,&quot;pointer&quot;:&quot;/items/properties/id&quot;}&#10;    domain: &quot;syntax&quot;&#10;    ignored: [&quot;examples&quot;]&#10;warning: the following keywords are unknown and will be ignored: [examples]&#10;    level: &quot;warning&quot;&#10;    schema: {&quot;loadingURI&quot;:&quot;#&quot;,&quot;pointer&quot;:&quot;/items/properties/nome&quot;}&#10;    domain: &quot;syntax&quot;&#10;    ignored: [&quot;examples&quot;]&#10;warning: the following keywords are unknown and will be ignored: [examples]&#10;    level: &quot;warning&quot;&#10;    schema: {&quot;loadingURI&quot;:&quot;#&quot;,&quot;pointer&quot;:&quot;/items/properties/parcelas&quot;}&#10;    domain: &quot;syntax&quot;&#10;    ignored: [&quot;examples&quot;]&#10;warning: the following keywords are unknown and will be ignored: [examples]&#10;    level: &quot;warning&quot;&#10;    schema: {&quot;loadingURI&quot;:&quot;#&quot;,&quot;pointer&quot;:&quot;/items/properties/seguro&quot;}&#10;    domain: &quot;syntax&quot;&#10;    ignored: [&quot;examples&quot;]&#10;warning: the following keywords are unknown and will be ignored: [examples]&#10;    level: &quot;warning&quot;&#10;    schema: {&quot;loadingURI&quot;:&quot;#&quot;,&quot;pointer&quot;:&quot;/items/properties/valor&quot;}&#10;    domain: &quot;syntax&quot;&#10;    ignored: [&quot;examples&quot;]&#10;warning: the following keywords are unknown and will be ignored: [examples]&#10;    level: &quot;warning&quot;&#10;    schema: {&quot;loadingURI&quot;:&quot;#&quot;,&quot;pointer&quot;:&quot;/items&quot;}&#10;    domain: &quot;syntax&quot;&#10;    ignored: [&quot;examples&quot;]&#10;warning: the following keywords are unknown and will be ignored: [examples]&#10;    level: &quot;warning&quot;&#10;    schema: {&quot;loadingURI&quot;:&quot;#&quot;,&quot;pointer&quot;:&quot;/items/properties/cpf&quot;}&#10;    domain: &quot;syntax&quot;&#10;    ignored: [&quot;examples&quot;]&#10;warning: the following keywords are unknown and will be ignored: [examples]&#10;    level: &quot;warning&quot;&#10;    schema: {&quot;loadingURI&quot;:&quot;#&quot;,&quot;pointer&quot;:&quot;/items/properties/email&quot;}&#10;    domain: &quot;syntax&quot;&#10;    ignored: [&quot;examples&quot;]&#10;warning: the following keywords are unknown and will be ignored: [examples]&#10;    level: &quot;warning&quot;&#10;    schema: {&quot;loadingURI&quot;:&quot;#&quot;,&quot;pointer&quot;:&quot;/items/properties/id&quot;}&#10;    domain: &quot;syntax&quot;&#10;    ignored: [&quot;examples&quot;]&#10;warning: the following keywords are unknown and will be ignored: [examples]&#10;    level: &quot;warning&quot;&#10;    schema: {&quot;loadingURI&quot;:&quot;#&quot;,&quot;pointer&quot;:&quot;/items/properties/nome&quot;}&#10;    domain: &quot;syntax&quot;&#10;    ignored: [&quot;examples&quot;]&#10;warning: the following keywords are unknown and will be ignored: [examples]&#10;    level: &quot;warning&quot;&#10;    schema: {&quot;loadingURI&quot;:&quot;#&quot;,&quot;pointer&quot;:&quot;/items/properties/parcelas&quot;}&#10;    domain: &quot;syntax&quot;&#10;    ignored: [&quot;examples&quot;]&#10;warning: the following keywords are unknown and will be ignored: [examples]&#10;    level: &quot;warning&quot;&#10;    schema: {&quot;loadingURI&quot;:&quot;#&quot;,&quot;pointer&quot;:&quot;/items/properties/seguro&quot;}&#10;    domain: &quot;syntax&quot;&#10;    ignored: [&quot;examples&quot;]&#10;warning: the following keywords are unknown and will be ignored: [examples]&#10;    level: &quot;warning&quot;&#10;    schema: {&quot;loadingURI&quot;:&quot;#&quot;,&quot;pointer&quot;:&quot;/items/properties/valor&quot;}&#10;    domain: &quot;syntax&quot;&#10;    ignored: [&quot;examples&quot;]&#10;warning: the following keywords are unknown and will be ignored: [examples]&#10;    level: &quot;warning&quot;&#10;    schema: {&quot;loadingURI&quot;:&quot;#&quot;,&quot;pointer&quot;:&quot;/items&quot;}&#10;    domain: &quot;syntax&quot;&#10;    ignored: [&quot;examples&quot;]&#10;warning: the following keywords are unknown and will be ignored: [examples]&#10;    level: &quot;warning&quot;&#10;    schema: {&quot;loadingURI&quot;:&quot;#&quot;,&quot;pointer&quot;:&quot;/items/properties/cpf&quot;}&#10;    domain: &quot;syntax&quot;&#10;    ignored: [&quot;examples&quot;]&#10;warning: the following keywords are unknown and will be ignored: [examples]&#10;    level: &quot;warning&quot;&#10;    schema: {&quot;loadingURI&quot;:&quot;#&quot;,&quot;pointer&quot;:&quot;/items/properties/email&quot;}&#10;    domain: &quot;syntax&quot;&#10;    ignored: [&quot;examples&quot;]&#10;warning: the following keywords are unknown and will be ignored: [examples]&#10;    level: &quot;warning&quot;&#10;    schema: {&quot;loadingURI&quot;:&quot;#&quot;,&quot;pointer&quot;:&quot;/items/properties/id&quot;}&#10;    domain: &quot;syntax&quot;&#10;    ignored: [&quot;examples&quot;]&#10;warning: the following keywords are unknown and will be ignored: [examples]&#10;    level: &quot;warning&quot;&#10;    schema: {&quot;loadingURI&quot;:&quot;#&quot;,&quot;pointer&quot;:&quot;/items/properties/nome&quot;}&#10;    domain: &quot;syntax&quot;&#10;    ignored: [&quot;examples&quot;]&#10;warning: the following keywords are unknown and will be ignored: [examples]&#10;    level: &quot;warning&quot;&#10;    schema: {&quot;loadingURI&quot;:&quot;#&quot;,&quot;pointer&quot;:&quot;/items/properties/parcelas&quot;}&#10;    domain: &quot;syntax&quot;&#10;    ignored: [&quot;examples&quot;]&#10;warning: the following keywords are unknown and will be ignored: [examples]&#10;    level: &quot;warning&quot;&#10;    schema: {&quot;loadingURI&quot;:&quot;#&quot;,&quot;pointer&quot;:&quot;/items/properties/seguro&quot;}&#10;    domain: &quot;syntax&quot;&#10;    ignored: [&quot;examples&quot;]&#10;warning: the following keywords are unknown and will be ignored: [examples]&#10;    level: &quot;warning&quot;&#10;    schema: {&quot;loadingURI&quot;:&quot;#&quot;,&quot;pointer&quot;:&quot;/items/properties/valor&quot;}&#10;    domain: &quot;syntax&quot;&#10;    ignored: [&quot;examples&quot;]&#10;warning: the following keywords are unknown and will be ignored: [examples]&#10;    level: &quot;warning&quot;&#10;    schema: {&quot;loadingURI&quot;:&quot;#&quot;,&quot;pointer&quot;:&quot;/items&quot;}&#10;    domain: &quot;syntax&quot;&#10;    ignored: [&quot;examples&quot;]&#10;warning: the following keywords are unknown and will be ignored: [examples]&#10;    level: &quot;warning&quot;&#10;    schema: {&quot;loadingURI&quot;:&quot;#&quot;,&quot;pointer&quot;:&quot;/items/properties/cpf&quot;}&#10;    domain: &quot;syntax&quot;&#10;    ignored: [&quot;examples&quot;]&#10;warning: the following keywords are unknown and will be ignored: [examples]&#10;    level: &quot;warning&quot;&#10;    schema: {&quot;loadingURI&quot;:&quot;#&quot;,&quot;pointer&quot;:&quot;/items/properties/email&quot;}&#10;    domain: &quot;syntax&quot;&#10;    ignored: [&quot;examples&quot;]&#10;warning: the following keywords are unknown and will be ignored: [examples]&#10;    level: &quot;warning&quot;&#10;    schema: {&quot;loadingURI&quot;:&quot;#&quot;,&quot;pointer&quot;:&quot;/items/properties/id&quot;}&#10;    domain: &quot;syntax&quot;&#10;    ignored: [&quot;examples&quot;]&#10;warning: the following keywords are unknown and will be ignored: [examples]&#10;    level: &quot;warning&quot;&#10;    schema: {&quot;loadingURI&quot;:&quot;#&quot;,&quot;pointer&quot;:&quot;/items/properties/nome&quot;}&#10;    domain: &quot;syntax&quot;&#10;    ignored: [&quot;examples&quot;]&#10;warning: the following keywords are unknown and will be ignored: [examples]&#10;    level: &quot;warning&quot;&#10;    schema: {&quot;loadingURI&quot;:&quot;#&quot;,&quot;pointer&quot;:&quot;/items/properties/parcelas&quot;}&#10;    domain: &quot;syntax&quot;&#10;    ignored: [&quot;examples&quot;]&#10;warning: the following keywords are unknown and will be ignored: [examples]&#10;    level: &quot;warning&quot;&#10;    schema: {&quot;loadingURI&quot;:&quot;#&quot;,&quot;pointer&quot;:&quot;/items/properties/seguro&quot;}&#10;    domain: &quot;syntax&quot;&#10;    ignored: [&quot;examples&quot;]&#10;warning: the following keywords are unknown and will be ignored: [examples]&#10;    level: &quot;warning&quot;&#10;    schema: {&quot;loadingURI&quot;:&quot;#&quot;,&quot;pointer&quot;:&quot;/items/properties/valor&quot;}&#10;    domain: &quot;syntax&quot;&#10;    ignored: [&quot;examples&quot;]&#10;warning: the following keywords are unknown and will be ignored: [examples]&#10;    level: &quot;warning&quot;&#10;    schema: {&quot;loadingURI&quot;:&quot;#&quot;,&quot;pointer&quot;:&quot;/items&quot;}&#10;    domain: &quot;syntax&quot;&#10;    ignored: [&quot;examples&quot;]&#10;warning: the following keywords are unknown and will be ignored: [examples]&#10;    level: &quot;warning&quot;&#10;    schema: {&quot;loadingURI&quot;:&quot;#&quot;,&quot;pointer&quot;:&quot;/items/properties/cpf&quot;}&#10;    domain: &quot;syntax&quot;&#10;    ignored: [&quot;examples&quot;]&#10;warning: the following keywords are unknown and will be ignored: [examples]&#10;    level: &quot;warning&quot;&#10;    schema: {&quot;loadingURI&quot;:&quot;#&quot;,&quot;pointer&quot;:&quot;/items/properties/email&quot;}&#10;    domain: &quot;syntax&quot;&#10;    ignored: [&quot;examples&quot;]&#10;warning: the following keywords are unknown and will be ignored: [examples]&#10;    level: &quot;warning&quot;&#10;    schema: {&quot;loadingURI&quot;:&quot;#&quot;,&quot;pointer&quot;:&quot;/items/properties/id&quot;}&#10;    domain: &quot;syntax&quot;&#10;    ignored: [&quot;examples&quot;]&#10;warning: the following keywords are unknown and will be ignored: [examples]&#10;    level: &quot;warning&quot;&#10;    schema: {&quot;loadingURI&quot;:&quot;#&quot;,&quot;pointer&quot;:&quot;/items/properties/nome&quot;}&#10;    domain: &quot;syntax&quot;&#10;    ignored: [&quot;examples&quot;]&#10;warning: the following keywords are unknown and will be ignored: [examples]&#10;    level: &quot;warning&quot;&#10;    schema: {&quot;loadingURI&quot;:&quot;#&quot;,&quot;pointer&quot;:&quot;/items/properties/parcelas&quot;}&#10;    domain: &quot;syntax&quot;&#10;    ignored: [&quot;examples&quot;]&#10;warning: the following keywords are unknown and will be ignored: [examples]&#10;    level: &quot;warning&quot;&#10;    schema: {&quot;loadingURI&quot;:&quot;#&quot;,&quot;pointer&quot;:&quot;/items/properties/seguro&quot;}&#10;    domain: &quot;syntax&quot;&#10;    ignored: [&quot;examples&quot;]&#10;warning: the following keywords are unknown and will be ignored: [examples]&#10;    level: &quot;warning&quot;&#10;    schema: {&quot;loadingURI&quot;:&quot;#&quot;,&quot;pointer&quot;:&quot;/items/properties/valor&quot;}&#10;    domain: &quot;syntax&quot;&#10;    ignored: [&quot;examples&quot;]&#10;warning: the following keywords are unknown and will be ignored: [examples]&#10;    level: &quot;warning&quot;&#10;    schema: {&quot;loadingURI&quot;:&quot;#&quot;,&quot;pointer&quot;:&quot;/items&quot;}&#10;    domain: &quot;syntax&quot;&#10;    ignored: [&quot;examples&quot;]&#10;warning: the following keywords are unknown and will be ignored: [examples]&#10;    level: &quot;warning&quot;&#10;    schema: {&quot;loadingURI&quot;:&quot;#&quot;,&quot;pointer&quot;:&quot;/items/properties/cpf&quot;}&#10;    domain: &quot;syntax&quot;&#10;    ignored: [&quot;examples&quot;]&#10;warning: the following keywords are unknown and will be ignored: [examples]&#10;    level: &quot;warning&quot;&#10;    schema: {&quot;loadingURI&quot;:&quot;#&quot;,&quot;pointer&quot;:&quot;/items/properties/email&quot;}&#10;    domain: &quot;syntax&quot;&#10;    ignored: [&quot;examples&quot;]&#10;warning: the following keywords are unknown and will be ignored: [examples]&#10;    level: &quot;warning&quot;&#10;    schema: {&quot;loadingURI&quot;:&quot;#&quot;,&quot;pointer&quot;:&quot;/items/properties/id&quot;}&#10;    domain: &quot;syntax&quot;&#10;    ignored: [&quot;examples&quot;]&#10;warning: the following keywords are unknown and will be ignored: [examples]&#10;    level: &quot;warning&quot;&#10;    schema: {&quot;loadingURI&quot;:&quot;#&quot;,&quot;pointer&quot;:&quot;/items/properties/nome&quot;}&#10;    domain: &quot;syntax&quot;&#10;    ignored: [&quot;examples&quot;]&#10;warning: the following keywords are unknown and will be ignored: [examples]&#10;    level: &quot;warning&quot;&#10;    schema: {&quot;loadingURI&quot;:&quot;#&quot;,&quot;pointer&quot;:&quot;/items/properties/parcelas&quot;}&#10;    domain: &quot;syntax&quot;&#10;    ignored: [&quot;examples&quot;]&#10;warning: the following keywords are unknown and will be ignored: [examples]&#10;    level: &quot;warning&quot;&#10;    schema: {&quot;loadingURI&quot;:&quot;#&quot;,&quot;pointer&quot;:&quot;/items/properties/seguro&quot;}&#10;    domain: &quot;syntax&quot;&#10;    ignored: [&quot;examples&quot;]&#10;warning: the following keywords are unknown and will be ignored: [examples]&#10;    level: &quot;warning&quot;&#10;    schema: {&quot;loadingURI&quot;:&quot;#&quot;,&quot;pointer&quot;:&quot;/items/properties/valor&quot;}&#10;    domain: &quot;syntax&quot;&#10;    ignored: [&quot;examples&quot;]&#10;warning: the following keywords are unknown and will be ignored: [examples]&#10;    level: &quot;warning&quot;&#10;    schema: {&quot;loadingURI&quot;:&quot;#&quot;,&quot;pointer&quot;:&quot;/items&quot;}&#10;    domain: &quot;syntax&quot;&#10;    ignored: [&quot;examples&quot;]&#10;warning: the following keywords are unknown and will be ignored: [examples]&#10;    level: &quot;warning&quot;&#10;    schema: {&quot;loadingURI&quot;:&quot;#&quot;,&quot;pointer&quot;:&quot;/items/properties/cpf&quot;}&#10;    domain: &quot;syntax&quot;&#10;    ignored: [&quot;examples&quot;]&#10;warning: the following keywords are unknown and will be ignored: [examples]&#10;    level: &quot;warning&quot;&#10;    schema: {&quot;loadingURI&quot;:&quot;#&quot;,&quot;pointer&quot;:&quot;/items/properties/email&quot;}&#10;    domain: &quot;syntax&quot;&#10;    ignored: [&quot;examples&quot;]&#10;warning: the following keywords are unknown and will be ignored: [examples]&#10;    level: &quot;warning&quot;&#10;    schema: {&quot;loadingURI&quot;:&quot;#&quot;,&quot;pointer&quot;:&quot;/items/properties/id&quot;}&#10;    domain: &quot;syntax&quot;&#10;    ignored: [&quot;examples&quot;]&#10;warning: the following keywords are unknown and will be ignored: [examples]&#10;    level: &quot;warning&quot;&#10;    schema: {&quot;loadingURI&quot;:&quot;#&quot;,&quot;pointer&quot;:&quot;/items/properties/nome&quot;}&#10;    domain: &quot;syntax&quot;&#10;    ignored: [&quot;examples&quot;]&#10;warning: the following keywords are unknown and will be ignored: [examples]&#10;    level: &quot;warning&quot;&#10;    schema: {&quot;loadingURI&quot;:&quot;#&quot;,&quot;pointer&quot;:&quot;/items/properties/parcelas&quot;}&#10;    domain: &quot;syntax&quot;&#10;    ignored: [&quot;examples&quot;]&#10;warning: the following keywords are unknown and will be ignored: [examples]&#10;    level: &quot;warning&quot;&#10;    schema: {&quot;loadingURI&quot;:&quot;#&quot;,&quot;pointer&quot;:&quot;/items/properties/seguro&quot;}&#10;    domain: &quot;syntax&quot;&#10;    ignored: [&quot;examples&quot;]&#10;warning: the following keywords are unknown and will be ignored: [examples]&#10;    level: &quot;warning&quot;&#10;    schema: {&quot;loadingURI&quot;:&quot;#&quot;,&quot;pointer&quot;:&quot;/items/properties/valor&quot;}&#10;    domain: &quot;syntax&quot;&#10;    ignored: [&quot;examples&quot;]&#10;warning: the following keywords are unknown and will be ignored: [examples]&#10;    level: &quot;warning&quot;&#10;    schema: {&quot;loadingURI&quot;:&quot;#&quot;,&quot;pointer&quot;:&quot;/items&quot;}&#10;    domain: &quot;syntax&quot;&#10;    ignored: [&quot;examples&quot;]&#10;warning: the following keywords are unknown and will be ignored: [examples]&#10;    level: &quot;warning&quot;&#10;    schema: {&quot;loadingURI&quot;:&quot;#&quot;,&quot;pointer&quot;:&quot;/items/properties/cpf&quot;}&#10;    domain: &quot;syntax&quot;&#10;    ignored: [&quot;examples&quot;]&#10;warning: the following keywords are unknown and will be ignored: [examples]&#10;    level: &quot;warning&quot;&#10;    schema: {&quot;loadingURI&quot;:&quot;#&quot;,&quot;pointer&quot;:&quot;/items/properties/email&quot;}&#10;    domain: &quot;syntax&quot;&#10;    ignored: [&quot;examples&quot;]&#10;warning: the following keywords are unknown and will be ignored: [examples]&#10;    level: &quot;warning&quot;&#10;    schema: {&quot;loadingURI&quot;:&quot;#&quot;,&quot;pointer&quot;:&quot;/items/properties/id&quot;}&#10;    domain: &quot;syntax&quot;&#10;    ignored: [&quot;examples&quot;]&#10;warning: the following keywords are unknown and will be ignored: [examples]&#10;    level: &quot;warning&quot;&#10;    schema: {&quot;loadingURI&quot;:&quot;#&quot;,&quot;pointer&quot;:&quot;/items/properties/nome&quot;}&#10;    domain: &quot;syntax&quot;&#10;    ignored: [&quot;examples&quot;]&#10;warning: the following keywords are unknown and will be ignored: [examples]&#10;    level: &quot;warning&quot;&#10;    schema: {&quot;loadingURI&quot;:&quot;#&quot;,&quot;pointer&quot;:&quot;/items/properties/parcelas&quot;}&#10;    domain: &quot;syntax&quot;&#10;    ignored: [&quot;examples&quot;]&#10;warning: the following keywords are unknown and will be ignored: [examples]&#10;    level: &quot;warning&quot;&#10;    schema: {&quot;loadingURI&quot;:&quot;#&quot;,&quot;pointer&quot;:&quot;/items/properties/seguro&quot;}&#10;    domain: &quot;syntax&quot;&#10;    ignored: [&quot;examples&quot;]&#10;warning: the following keywords are unknown and will be ignored: [examples]&#10;    level: &quot;warning&quot;&#10;    schema: {&quot;loadingURI&quot;:&quot;#&quot;,&quot;pointer&quot;:&quot;/items/properties/valor&quot;}&#10;    domain: &quot;syntax&quot;&#10;    ignored: [&quot;examples&quot;]&#10;warning: the following keywords are unknown and will be ignored: [examples]&#10;    level: &quot;warning&quot;&#10;    schema: {&quot;loadingURI&quot;:&quot;#&quot;,&quot;pointer&quot;:&quot;/items&quot;}&#10;    domain: &quot;syntax&quot;&#10;    ignored: [&quot;examples&quot;]&#10;warning: the following keywords are unknown and will be ignored: [examples]&#10;    level: &quot;warning&quot;&#10;    schema: {&quot;loadingURI&quot;:&quot;#&quot;,&quot;pointer&quot;:&quot;/items/properties/cpf&quot;}&#10;    domain: &quot;syntax&quot;&#10;    ignored: [&quot;examples&quot;]&#10;warning: the following keywords are unknown and will be ignored: [examples]&#10;    level: &quot;warning&quot;&#10;    schema: {&quot;loadingURI&quot;:&quot;#&quot;,&quot;pointer&quot;:&quot;/items/properties/email&quot;}&#10;    domain: &quot;syntax&quot;&#10;    ignored: [&quot;examples&quot;]&#10;warning: the following keywords are unknown and will be ignored: [examples]&#10;    level: &quot;warning&quot;&#10;    schema: {&quot;loadingURI&quot;:&quot;#&quot;,&quot;pointer&quot;:&quot;/items/properties/id&quot;}&#10;    domain: &quot;syntax&quot;&#10;    ignored: [&quot;examples&quot;]&#10;warning: the following keywords are unknown and will be ignored: [examples]&#10;    level: &quot;warning&quot;&#10;    schema: {&quot;loadingURI&quot;:&quot;#&quot;,&quot;pointer&quot;:&quot;/items/properties/nome&quot;}&#10;    domain: &quot;syntax&quot;&#10;    ignored: [&quot;examples&quot;]&#10;warning: the following keywords are unknown and will be ignored: [examples]&#10;    level: &quot;warning&quot;&#10;    schema: {&quot;loadingURI&quot;:&quot;#&quot;,&quot;pointer&quot;:&quot;/items/properties/parcelas&quot;}&#10;    domain: &quot;syntax&quot;&#10;    ignored: [&quot;examples&quot;]&#10;warning: the following keywords are unknown and will be ignored: [examples]&#10;    level: &quot;warning&quot;&#10;    schema: {&quot;loadingURI&quot;:&quot;#&quot;,&quot;pointer&quot;:&quot;/items/properties/seguro&quot;}&#10;    domain: &quot;syntax&quot;&#10;    ignored: [&quot;examples&quot;]&#10;warning: the following keywords are unknown and will be ignored: [examples]&#10;    level: &quot;warning&quot;&#10;    schema: {&quot;loadingURI&quot;:&quot;#&quot;,&quot;pointer&quot;:&quot;/items/properties/valor&quot;}&#10;    domain: &quot;syntax&quot;&#10;    ignored: [&quot;examples&quot;]&#10;warning: the following keywords are unknown and will be ignored: [examples]&#10;    level: &quot;warning&quot;&#10;    schema: {&quot;loadingURI&quot;:&quot;#&quot;,&quot;pointer&quot;:&quot;/items&quot;}&#10;    domain: &quot;syntax&quot;&#10;    ignored: [&quot;examples&quot;]&#10;warning: the following keywords are unknown and will be ignored: [examples]&#10;    level: &quot;warning&quot;&#10;    schema: {&quot;loadingURI&quot;:&quot;#&quot;,&quot;pointer&quot;:&quot;/items/properties/cpf&quot;}&#10;    domain: &quot;syntax&quot;&#10;    ignored: [&quot;examples&quot;]&#10;warning: the following keywords are unknown and will be ignored: [examples]&#10;    level: &quot;warning&quot;&#10;    schema: {&quot;loadingURI&quot;:&quot;#&quot;,&quot;pointer&quot;:&quot;/items/properties/email&quot;}&#10;    domain: &quot;syntax&quot;&#10;    ignored: [&quot;examples&quot;]&#10;warning: the following keywords are unknown and will be ignored: [examples]&#10;    level: &quot;warning&quot;&#10;    schema: {&quot;loadingURI&quot;:&quot;#&quot;,&quot;pointer&quot;:&quot;/items/properties/id&quot;}&#10;    domain: &quot;syntax&quot;&#10;    ignored: [&quot;examples&quot;]&#10;warning: the following keywords are unknown and will be ignored: [examples]&#10;    level: &quot;warning&quot;&#10;    schema: {&quot;loadingURI&quot;:&quot;#&quot;,&quot;pointer&quot;:&quot;/items/properties/nome&quot;}&#10;    domain: &quot;syntax&quot;&#10;    ignored: [&quot;examples&quot;]&#10;warning: the following keywords are unknown and will be ignored: [examples]&#10;    level: &quot;warning&quot;&#10;    schema: {&quot;loadingURI&quot;:&quot;#&quot;,&quot;pointer&quot;:&quot;/items/properties/parcelas&quot;}&#10;    domain: &quot;syntax&quot;&#10;    ignored: [&quot;examples&quot;]&#10;warning: the following keywords are unknown and will be ignored: [examples]&#10;    level: &quot;warning&quot;&#10;    schema: {&quot;loadingURI&quot;:&quot;#&quot;,&quot;pointer&quot;:&quot;/items/properties/seguro&quot;}&#10;    domain: &quot;syntax&quot;&#10;    ignored: [&quot;examples&quot;]&#10;warning: the following keywords are unknown and will be ignored: [examples]&#10;    level: &quot;warning&quot;&#10;    schema: {&quot;loadingURI&quot;:&quot;#&quot;,&quot;pointer&quot;:&quot;/items/properties/valor&quot;}&#10;    domain: &quot;syntax&quot;&#10;    ignored: [&quot;examples&quot;]&#10;warning: the following keywords are unknown and will be ignored: [examples]&#10;    level: &quot;warning&quot;&#10;    schema: {&quot;loadingURI&quot;:&quot;#&quot;,&quot;pointer&quot;:&quot;/items&quot;}&#10;    domain: &quot;syntax&quot;&#10;    ignored: [&quot;examples&quot;]&#10;warning: the following keywords are unknown and will be ignored: [examples]&#10;    level: &quot;warning&quot;&#10;    schema: {&quot;loadingURI&quot;:&quot;#&quot;,&quot;pointer&quot;:&quot;/items/properties/cpf&quot;}&#10;    domain: &quot;syntax&quot;&#10;    ignored: [&quot;examples&quot;]&#10;warning: the following keywords are unknown and will be ignored: [examples]&#10;    level: &quot;warning&quot;&#10;    schema: {&quot;loadingURI&quot;:&quot;#&quot;,&quot;pointer&quot;:&quot;/items/properties/email&quot;}&#10;    domain: &quot;syntax&quot;&#10;    ignored: [&quot;examples&quot;]&#10;warning: the following keywords are unknown and will be ignored: [examples]&#10;    level: &quot;warning&quot;&#10;    schema: {&quot;loadingURI&quot;:&quot;#&quot;,&quot;pointer&quot;:&quot;/items/properties/id&quot;}&#10;    domain: &quot;syntax&quot;&#10;    ignored: [&quot;examples&quot;]&#10;warning: the following keywords are unknown and will be ignored: [examples]&#10;    level: &quot;warning&quot;&#10;    schema: {&quot;loadingURI&quot;:&quot;#&quot;,&quot;pointer&quot;:&quot;/items/properties/nome&quot;}&#10;    domain: &quot;syntax&quot;&#10;    ignored: [&quot;examples&quot;]&#10;warning: the following keywords are unknown and will be ignored: [examples]&#10;    level: &quot;warning&quot;&#10;    schema: {&quot;loadingURI&quot;:&quot;#&quot;,&quot;pointer&quot;:&quot;/items/properties/parcelas&quot;}&#10;    domain: &quot;syntax&quot;&#10;    ignored: [&quot;examples&quot;]&#10;warning: the following keywords are unknown and will be ignored: [examples]&#10;    level: &quot;warning&quot;&#10;    schema: {&quot;loadingURI&quot;:&quot;#&quot;,&quot;pointer&quot;:&quot;/items/properties/seguro&quot;}&#10;    domain: &quot;syntax&quot;&#10;    ignored: [&quot;examples&quot;]&#10;warning: the following keywords are unknown and will be ignored: [examples]&#10;    level: &quot;warning&quot;&#10;    schema: {&quot;loadingURI&quot;:&quot;#&quot;,&quot;pointer&quot;:&quot;/items/properties/valor&quot;}&#10;    domain: &quot;syntax&quot;&#10;    ignored: [&quot;examples&quot;]&#10;warning: the following keywords are unknown and will be ignored: [examples]&#10;    level: &quot;warning&quot;&#10;    schema: {&quot;loadingURI&quot;:&quot;#&quot;,&quot;pointer&quot;:&quot;/items&quot;}&#10;    domain: &quot;syntax&quot;&#10;    ignored: [&quot;examples&quot;]&#10;warning: the following keywords are unknown and will be ignored: [examples]&#10;    level: &quot;warning&quot;&#10;    schema: {&quot;loadingURI&quot;:&quot;#&quot;,&quot;pointer&quot;:&quot;/items/properties/cpf&quot;}&#10;    domain: &quot;syntax&quot;&#10;    ignored: [&quot;examples&quot;]&#10;warning: the following keywords are unknown and will be ignored: [examples]&#10;    level: &quot;warning&quot;&#10;    schema: {&quot;loadingURI&quot;:&quot;#&quot;,&quot;pointer&quot;:&quot;/items/properties/email&quot;}&#10;    domain: &quot;syntax&quot;&#10;    ignored: [&quot;examples&quot;]&#10;warning: the following keywords are unknown and will be ignored: [examples]&#10;    level: &quot;warning&quot;&#10;    schema: {&quot;loadingURI&quot;:&quot;#&quot;,&quot;pointer&quot;:&quot;/items/properties/id&quot;}&#10;    domain: &quot;syntax&quot;&#10;    ignored: [&quot;examples&quot;]&#10;warning: the following keywords are unknown and will be ignored: [examples]&#10;    level: &quot;warning&quot;&#10;    schema: {&quot;loadingURI&quot;:&quot;#&quot;,&quot;pointer&quot;:&quot;/items/properties/nome&quot;}&#10;    domain: &quot;syntax&quot;&#10;    ignored: [&quot;examples&quot;]&#10;warning: the following keywords are unknown and will be ignored: [examples]&#10;    level: &quot;warning&quot;&#10;    schema: {&quot;loadingURI&quot;:&quot;#&quot;,&quot;pointer&quot;:&quot;/items/properties/parcelas&quot;}&#10;    domain: &quot;syntax&quot;&#10;    ignored: [&quot;examples&quot;]&#10;warning: the following keywords are unknown and will be ignored: [examples]&#10;    level: &quot;warning&quot;&#10;    schema: {&quot;loadingURI&quot;:&quot;#&quot;,&quot;pointer&quot;:&quot;/items/properties/seguro&quot;}&#10;    domain: &quot;syntax&quot;&#10;    ignored: [&quot;examples&quot;]&#10;warning: the following keywords are unknown and will be ignored: [examples]&#10;    level: &quot;warning&quot;&#10;    schema: {&quot;loadingURI&quot;:&quot;#&quot;,&quot;pointer&quot;:&quot;/items/properties/valor&quot;}&#10;    domain: &quot;syntax&quot;&#10;    ignored: [&quot;examples&quot;]&#10;warning: the following keywords are unknown and will be ignored: [examples]&#10;    level: &quot;warning&quot;&#10;    schema: {&quot;loadingURI&quot;:&quot;#&quot;,&quot;pointer&quot;:&quot;/items&quot;}&#10;    domain: &quot;syntax&quot;&#10;    ignored: [&quot;examples&quot;]&#10;warning: the following keywords are unknown and will be ignored: [examples]&#10;    level: &quot;warning&quot;&#10;    schema: {&quot;loadingURI&quot;:&quot;#&quot;,&quot;pointer&quot;:&quot;/items/properties/cpf&quot;}&#10;    domain: &quot;syntax&quot;&#10;    ignored: [&quot;examples&quot;]&#10;warning: the following keywords are unknown and will be ignored: [examples]&#10;    level: &quot;warning&quot;&#10;    schema: {&quot;loadingURI&quot;:&quot;#&quot;,&quot;pointer&quot;:&quot;/items/properties/email&quot;}&#10;    domain: &quot;syntax&quot;&#10;    ignored: [&quot;examples&quot;]&#10;warning: the following keywords are unknown and will be ignored: [examples]&#10;    level: &quot;warning&quot;&#10;    schema: {&quot;loadingURI&quot;:&quot;#&quot;,&quot;pointer&quot;:&quot;/items/properties/id&quot;}&#10;    domain: &quot;syntax&quot;&#10;    ignored: [&quot;examples&quot;]&#10;warning: the following keywords are unknown and will be ignored: [examples]&#10;    level: &quot;warning&quot;&#10;    schema: {&quot;loadingURI&quot;:&quot;#&quot;,&quot;pointer&quot;:&quot;/items/properties/nome&quot;}&#10;    domain: &quot;syntax&quot;&#10;    ignored: [&quot;examples&quot;]&#10;warning: the following keywords are unknown and will be ignored: [examples]&#10;    level: &quot;warning&quot;&#10;    schema: {&quot;loadingURI&quot;:&quot;#&quot;,&quot;pointer&quot;:&quot;/items/properties/parcelas&quot;}&#10;    domain: &quot;syntax&quot;&#10;    ignored: [&quot;examples&quot;]&#10;warning: the following keywords are unknown and will be ignored: [examples]&#10;    level: &quot;warning&quot;&#10;    schema: {&quot;loadingURI&quot;:&quot;#&quot;,&quot;pointer&quot;:&quot;/items/properties/seguro&quot;}&#10;    domain: &quot;syntax&quot;&#10;    ignored: [&quot;examples&quot;]&#10;warning: the following keywords are unknown and will be ignored: [examples]&#10;    level: &quot;warning&quot;&#10;    schema: {&quot;loadingURI&quot;:&quot;#&quot;,&quot;pointer&quot;:&quot;/items/properties/valor&quot;}&#10;    domain: &quot;syntax&quot;&#10;    ignored: [&quot;examples&quot;]&#10;warning: the following keywords are unknown and will be ignored: [examples]&#10;    level: &quot;warning&quot;&#10;    schema: {&quot;loadingURI&quot;:&quot;#&quot;,&quot;pointer&quot;:&quot;/items&quot;}&#10;    domain: &quot;syntax&quot;&#10;    ignored: [&quot;examples&quot;]&#10;warning: the following keywords are unknown and will be ignored: [examples]&#10;    level: &quot;warning&quot;&#10;    schema: {&quot;loadingURI&quot;:&quot;#&quot;,&quot;pointer&quot;:&quot;/items/properties/cpf&quot;}&#10;    domain: &quot;syntax&quot;&#10;    ignored: [&quot;examples&quot;]&#10;warning: the following keywords are unknown and will be ignored: [examples]&#10;    level: &quot;warning&quot;&#10;    schema: {&quot;loadingURI&quot;:&quot;#&quot;,&quot;pointer&quot;:&quot;/items/properties/email&quot;}&#10;    domain: &quot;syntax&quot;&#10;    ignored: [&quot;examples&quot;]&#10;warning: the following keywords are unknown and will be ignored: [examples]&#10;    level: &quot;warning&quot;&#10;    schema: {&quot;loadingURI&quot;:&quot;#&quot;,&quot;pointer&quot;:&quot;/items/properties/id&quot;}&#10;    domain: &quot;syntax&quot;&#10;    ignored: [&quot;examples&quot;]&#10;warning: the following keywords are unknown and will be ignored: [examples]&#10;    level: &quot;warning&quot;&#10;    schema: {&quot;loadingURI&quot;:&quot;#&quot;,&quot;pointer&quot;:&quot;/items/properties/nome&quot;}&#10;    domain: &quot;syntax&quot;&#10;    ignored: [&quot;examples&quot;]&#10;warning: the following keywords are unknown and will be ignored: [examples]&#10;    level: &quot;warning&quot;&#10;    schema: {&quot;loadingURI&quot;:&quot;#&quot;,&quot;pointer&quot;:&quot;/items/properties/parcelas&quot;}&#10;    domain: &quot;syntax&quot;&#10;    ignored: [&quot;examples&quot;]&#10;warning: the following keywords are unknown and will be ignored: [examples]&#10;    level: &quot;warning&quot;&#10;    schema: {&quot;loadingURI&quot;:&quot;#&quot;,&quot;pointer&quot;:&quot;/items/properties/seguro&quot;}&#10;    domain: &quot;syntax&quot;&#10;    ignored: [&quot;examples&quot;]&#10;warning: the following keywords are unknown and will be ignored: [examples]&#10;    level: &quot;warning&quot;&#10;    schema: {&quot;loadingURI&quot;:&quot;#&quot;,&quot;pointer&quot;:&quot;/items/properties/valor&quot;}&#10;    domain: &quot;syntax&quot;&#10;    ignored: [&quot;examples&quot;]&#10;warning: the following keywords are unknown and will be ignored: [examples]&#10;    level: &quot;warning&quot;&#10;    schema: {&quot;loadingURI&quot;:&quot;#&quot;,&quot;pointer&quot;:&quot;/items&quot;}&#10;    domain: &quot;syntax&quot;&#10;    ignored: [&quot;examples&quot;]&#10;warning: the following keywords are unknown and will be ignored: [examples]&#10;    level: &quot;warning&quot;&#10;    schema: {&quot;loadingURI&quot;:&quot;#&quot;,&quot;pointer&quot;:&quot;/items/properties/cpf&quot;}&#10;    domain: &quot;syntax&quot;&#10;    ignored: [&quot;examples&quot;]&#10;warning: the following keywords are unknown and will be ignored: [examples]&#10;    level: &quot;warning&quot;&#10;    schema: {&quot;loadingURI&quot;:&quot;#&quot;,&quot;pointer&quot;:&quot;/items/properties/email&quot;}&#10;    domain: &quot;syntax&quot;&#10;    ignored: [&quot;examples&quot;]&#10;warning: the following keywords are unknown and will be ignored: [examples]&#10;    level: &quot;warning&quot;&#10;    schema: {&quot;loadingURI&quot;:&quot;#&quot;,&quot;pointer&quot;:&quot;/items/properties/id&quot;}&#10;    domain: &quot;syntax&quot;&#10;    ignored: [&quot;examples&quot;]&#10;warning: the following keywords are unknown and will be ignored: [examples]&#10;    level: &quot;warning&quot;&#10;    schema: {&quot;loadingURI&quot;:&quot;#&quot;,&quot;pointer&quot;:&quot;/items/properties/nome&quot;}&#10;    domain: &quot;syntax&quot;&#10;    ignored: [&quot;examples&quot;]&#10;warning: the following keywords are unknown and will be ignored: [examples]&#10;    level: &quot;warning&quot;&#10;    schema: {&quot;loadingURI&quot;:&quot;#&quot;,&quot;pointer&quot;:&quot;/items/properties/parcelas&quot;}&#10;    domain: &quot;syntax&quot;&#10;    ignored: [&quot;examples&quot;]&#10;warning: the following keywords are unknown and will be ignored: [examples]&#10;    level: &quot;warning&quot;&#10;    schema: {&quot;loadingURI&quot;:&quot;#&quot;,&quot;pointer&quot;:&quot;/items/properties/seguro&quot;}&#10;    domain: &quot;syntax&quot;&#10;    ignored: [&quot;examples&quot;]&#10;warning: the following keywords are unknown and will be ignored: [examples]&#10;    level: &quot;warning&quot;&#10;    schema: {&quot;loadingURI&quot;:&quot;#&quot;,&quot;pointer&quot;:&quot;/items/properties/valor&quot;}&#10;    domain: &quot;syntax&quot;&#10;    ignored: [&quot;examples&quot;]&#10;warning: the following keywords are unknown and will be ignored: [examples]&#10;    level: &quot;warning&quot;&#10;    schema: {&quot;loadingURI&quot;:&quot;#&quot;,&quot;pointer&quot;:&quot;/items&quot;}&#10;    domain: &quot;syntax&quot;&#10;    ignored: [&quot;examples&quot;]&#10;warning: the following keywords are unknown and will be ignored: [examples]&#10;    level: &quot;warning&quot;&#10;    schema: {&quot;loadingURI&quot;:&quot;#&quot;,&quot;pointer&quot;:&quot;/items/properties/cpf&quot;}&#10;    domain: &quot;syntax&quot;&#10;    ignored: [&quot;examples&quot;]&#10;warning: the following keywords are unknown and will be ignored: [examples]&#10;    level: &quot;warning&quot;&#10;    schema: {&quot;loadingURI&quot;:&quot;#&quot;,&quot;pointer&quot;:&quot;/items/properties/email&quot;}&#10;    domain: &quot;syntax&quot;&#10;    ignored: [&quot;examples&quot;]&#10;warning: the following keywords are unknown and will be ignored: [examples]&#10;    level: &quot;warning&quot;&#10;    schema: {&quot;loadingURI&quot;:&quot;#&quot;,&quot;pointer&quot;:&quot;/items/properties/id&quot;}&#10;    domain: &quot;syntax&quot;&#10;    ignored: [&quot;examples&quot;]&#10;warning: the following keywords are unknown and will be ignored: [examples]&#10;    level: &quot;warning&quot;&#10;    schema: {&quot;loadingURI&quot;:&quot;#&quot;,&quot;pointer&quot;:&quot;/items/properties/nome&quot;}&#10;    domain: &quot;syntax&quot;&#10;    ignored: [&quot;examples&quot;]&#10;warning: the following keywords are unknown and will be ignored: [examples]&#10;    level: &quot;warning&quot;&#10;    schema: {&quot;loadingURI&quot;:&quot;#&quot;,&quot;pointer&quot;:&quot;/items/properties/parcelas&quot;}&#10;    domain: &quot;syntax&quot;&#10;    ignored: [&quot;examples&quot;]&#10;warning: the following keywords are unknown and will be ignored: [examples]&#10;    level: &quot;warning&quot;&#10;    schema: {&quot;loadingURI&quot;:&quot;#&quot;,&quot;pointer&quot;:&quot;/items/properties/seguro&quot;}&#10;    domain: &quot;syntax&quot;&#10;    ignored: [&quot;examples&quot;]&#10;warning: the following keywords are unknown and will be ignored: [examples]&#10;    level: &quot;warning&quot;&#10;    schema: {&quot;loadingURI&quot;:&quot;#&quot;,&quot;pointer&quot;:&quot;/items/properties/valor&quot;}&#10;    domain: &quot;syntax&quot;&#10;    ignored: [&quot;examples&quot;]&#10;warning: the following keywords are unknown and will be ignored: [examples]&#10;    level: &quot;warning&quot;&#10;    schema: {&quot;loadingURI&quot;:&quot;#&quot;,&quot;pointer&quot;:&quot;/items&quot;}&#10;    domain: &quot;syntax&quot;&#10;    ignored: [&quot;examples&quot;]&#10;warning: the following keywords are unknown and will be ignored: [examples]&#10;    level: &quot;warning&quot;&#10;    schema: {&quot;loadingURI&quot;:&quot;#&quot;,&quot;pointer&quot;:&quot;/items/properties/cpf&quot;}&#10;    domain: &quot;syntax&quot;&#10;    ignored: [&quot;examples&quot;]&#10;warning: the following keywords are unknown and will be ignored: [examples]&#10;    level: &quot;warning&quot;&#10;    schema: {&quot;loadingURI&quot;:&quot;#&quot;,&quot;pointer&quot;:&quot;/items/properties/email&quot;}&#10;    domain: &quot;syntax&quot;&#10;    ignored: [&quot;examples&quot;]&#10;warning: the following keywords are unknown and will be ignored: [examples]&#10;    level: &quot;warning&quot;&#10;    schema: {&quot;loadingURI&quot;:&quot;#&quot;,&quot;pointer&quot;:&quot;/items/properties/id&quot;}&#10;    domain: &quot;syntax&quot;&#10;    ignored: [&quot;examples&quot;]&#10;warning: the following keywords are unknown and will be ignored: [examples]&#10;    level: &quot;warning&quot;&#10;    schema: {&quot;loadingURI&quot;:&quot;#&quot;,&quot;pointer&quot;:&quot;/items/properties/nome&quot;}&#10;    domain: &quot;syntax&quot;&#10;    ignored: [&quot;examples&quot;]&#10;warning: the following keywords are unknown and will be ignored: [examples]&#10;    level: &quot;warning&quot;&#10;    schema: {&quot;loadingURI&quot;:&quot;#&quot;,&quot;pointer&quot;:&quot;/items/properties/parcelas&quot;}&#10;    domain: &quot;syntax&quot;&#10;    ignored: [&quot;examples&quot;]&#10;warning: the following keywords are unknown and will be ignored: [examples]&#10;    level: &quot;warning&quot;&#10;    schema: {&quot;loadingURI&quot;:&quot;#&quot;,&quot;pointer&quot;:&quot;/items/properties/seguro&quot;}&#10;    domain: &quot;syntax&quot;&#10;    ignored: [&quot;examples&quot;]&#10;warning: the following keywords are unknown and will be ignored: [examples]&#10;    level: &quot;warning&quot;&#10;    schema: {&quot;loadingURI&quot;:&quot;#&quot;,&quot;pointer&quot;:&quot;/items/properties/valor&quot;}&#10;    domain: &quot;syntax&quot;&#10;    ignored: [&quot;examples&quot;]&#10;warning: the following keywords are unknown and will be ignored: [examples]&#10;    level: &quot;warning&quot;&#10;    schema: {&quot;loadingURI&quot;:&quot;#&quot;,&quot;pointer&quot;:&quot;/items&quot;}&#10;    domain: &quot;syntax&quot;&#10;    ignored: [&quot;examples&quot;]&#10;warning: the following keywords are unknown and will be ignored: [examples]&#10;    level: &quot;warning&quot;&#10;    schema: {&quot;loadingURI&quot;:&quot;#&quot;,&quot;pointer&quot;:&quot;/items/properties/cpf&quot;}&#10;    domain: &quot;syntax&quot;&#10;    ignored: [&quot;examples&quot;]&#10;warning: the following keywords are unknown and will be ignored: [examples]&#10;    level: &quot;warning&quot;&#10;    schema: {&quot;loadingURI&quot;:&quot;#&quot;,&quot;pointer&quot;:&quot;/items/properties/email&quot;}&#10;    domain: &quot;syntax&quot;&#10;    ignored: [&quot;examples&quot;]&#10;warning: the following keywords are unknown and will be ignored: [examples]&#10;    level: &quot;warning&quot;&#10;    schema: {&quot;loadingURI&quot;:&quot;#&quot;,&quot;pointer&quot;:&quot;/items/properties/id&quot;}&#10;    domain: &quot;syntax&quot;&#10;    ignored: [&quot;examples&quot;]&#10;warning: the following keywords are unknown and will be ignored: [examples]&#10;    level: &quot;warning&quot;&#10;    schema: {&quot;loadingURI&quot;:&quot;#&quot;,&quot;pointer&quot;:&quot;/items/properties/nome&quot;}&#10;    domain: &quot;syntax&quot;&#10;    ignored: [&quot;examples&quot;]&#10;warning: the following keywords are unknown and will be ignored: [examples]&#10;    level: &quot;warning&quot;&#10;    schema: {&quot;loadingURI&quot;:&quot;#&quot;,&quot;pointer&quot;:&quot;/items/properties/parcelas&quot;}&#10;    domain: &quot;syntax&quot;&#10;    ignored: [&quot;examples&quot;]&#10;warning: the following keywords are unknown and will be ignored: [examples]&#10;    level: &quot;warning&quot;&#10;    schema: {&quot;loadingURI&quot;:&quot;#&quot;,&quot;pointer&quot;:&quot;/items/properties/seguro&quot;}&#10;    domain: &quot;syntax&quot;&#10;    ignored: [&quot;examples&quot;]&#10;warning: the following keywords are unknown and will be ignored: [examples]&#10;    level: &quot;warning&quot;&#10;    schema: {&quot;loadingURI&quot;:&quot;#&quot;,&quot;pointer&quot;:&quot;/items/properties/valor&quot;}&#10;    domain: &quot;syntax&quot;&#10;    ignored: [&quot;examples&quot;]&#10;warning: the following keywords are unknown and will be ignored: [examples]&#10;    level: &quot;warning&quot;&#10;    schema: {&quot;loadingURI&quot;:&quot;#&quot;,&quot;pointer&quot;:&quot;/items&quot;}&#10;    domain: &quot;syntax&quot;&#10;    ignored: [&quot;examples&quot;]&#10;warning: the following keywords are unknown and will be ignored: [examples]&#10;    level: &quot;warning&quot;&#10;    schema: {&quot;loadingURI&quot;:&quot;#&quot;,&quot;pointer&quot;:&quot;/items/properties/cpf&quot;}&#10;    domain: &quot;syntax&quot;&#10;    ignored: [&quot;examples&quot;]&#10;warning: the following keywords are unknown and will be ignored: [examples]&#10;    level: &quot;warning&quot;&#10;    schema: {&quot;loadingURI&quot;:&quot;#&quot;,&quot;pointer&quot;:&quot;/items/properties/email&quot;}&#10;    domain: &quot;syntax&quot;&#10;    ignored: [&quot;examples&quot;]&#10;warning: the following keywords are unknown and will be ignored: [examples]&#10;    level: &quot;warning&quot;&#10;    schema: {&quot;loadingURI&quot;:&quot;#&quot;,&quot;pointer&quot;:&quot;/items/properties/id&quot;}&#10;    domain: &quot;syntax&quot;&#10;    ignored: [&quot;examples&quot;]&#10;warning: the following keywords are unknown and will be ignored: [examples]&#10;    level: &quot;warning&quot;&#10;    schema: {&quot;loadingURI&quot;:&quot;#&quot;,&quot;pointer&quot;:&quot;/items/properties/nome&quot;}&#10;    domain: &quot;syntax&quot;&#10;    ignored: [&quot;examples&quot;]&#10;warning: the following keywords are unknown and will be ignored: [examples]&#10;    level: &quot;warning&quot;&#10;    schema: {&quot;loadingURI&quot;:&quot;#&quot;,&quot;pointer&quot;:&quot;/items/properties/parcelas&quot;}&#10;    domain: &quot;syntax&quot;&#10;    ignored: [&quot;examples&quot;]&#10;warning: the following keywords are unknown and will be ignored: [examples]&#10;    level: &quot;warning&quot;&#10;    schema: {&quot;loadingURI&quot;:&quot;#&quot;,&quot;pointer&quot;:&quot;/items/properties/seguro&quot;}&#10;    domain: &quot;syntax&quot;&#10;    ignored: [&quot;examples&quot;]&#10;warning: the following keywords are unknown and will be ignored: [examples]&#10;    level: &quot;warning&quot;&#10;    schema: {&quot;loadingURI&quot;:&quot;#&quot;,&quot;pointer&quot;:&quot;/items/properties/valor&quot;}&#10;    domain: &quot;syntax&quot;&#10;    ignored: [&quot;examples&quot;]&#10;warning: the following keywords are unknown and will be ignored: [examples]&#10;    level: &quot;warning&quot;&#10;    schema: {&quot;loadingURI&quot;:&quot;#&quot;,&quot;pointer&quot;:&quot;/items&quot;}&#10;    domain: &quot;syntax&quot;&#10;    ignored: [&quot;examples&quot;]&#10;warning: the following keywords are unknown and will be ignored: [examples]&#10;    level: &quot;warning&quot;&#10;    schema: {&quot;loadingURI&quot;:&quot;#&quot;,&quot;pointer&quot;:&quot;/items/properties/cpf&quot;}&#10;    domain: &quot;syntax&quot;&#10;    ignored: [&quot;examples&quot;]&#10;warning: the following keywords are unknown and will be ignored: [examples]&#10;    level: &quot;warning&quot;&#10;    schema: {&quot;loadingURI&quot;:&quot;#&quot;,&quot;pointer&quot;:&quot;/items/properties/email&quot;}&#10;    domain: &quot;syntax&quot;&#10;    ignored: [&quot;examples&quot;]&#10;warning: the following keywords are unknown and will be ignored: [examples]&#10;    level: &quot;warning&quot;&#10;    schema: {&quot;loadingURI&quot;:&quot;#&quot;,&quot;pointer&quot;:&quot;/items/properties/id&quot;}&#10;    domain: &quot;syntax&quot;&#10;    ignored: [&quot;examples&quot;]&#10;warning: the following keywords are unknown and will be ignored: [examples]&#10;    level: &quot;warning&quot;&#10;    schema: {&quot;loadingURI&quot;:&quot;#&quot;,&quot;pointer&quot;:&quot;/items/properties/nome&quot;}&#10;    domain: &quot;syntax&quot;&#10;    ignored: [&quot;examples&quot;]&#10;warning: the following keywords are unknown and will be ignored: [examples]&#10;    level: &quot;warning&quot;&#10;    schema: {&quot;loadingURI&quot;:&quot;#&quot;,&quot;pointer&quot;:&quot;/items/properties/parcelas&quot;}&#10;    domain: &quot;syntax&quot;&#10;    ignored: [&quot;examples&quot;]&#10;warning: the following keywords are unknown and will be ignored: [examples]&#10;    level: &quot;warning&quot;&#10;    schema: {&quot;loadingURI&quot;:&quot;#&quot;,&quot;pointer&quot;:&quot;/items/properties/seguro&quot;}&#10;    domain: &quot;syntax&quot;&#10;    ignored: [&quot;examples&quot;]&#10;warning: the following keywords are unknown and will be ignored: [examples]&#10;    level: &quot;warning&quot;&#10;    schema: {&quot;loadingURI&quot;:&quot;#&quot;,&quot;pointer&quot;:&quot;/items/properties/valor&quot;}&#10;    domain: &quot;syntax&quot;&#10;    ignored: [&quot;examples&quot;]&#10;warning: the following keywords are unknown and will be ignored: [examples]&#10;    level: &quot;warning&quot;&#10;    schema: {&quot;loadingURI&quot;:&quot;#&quot;,&quot;pointer&quot;:&quot;/items&quot;}&#10;    domain: &quot;syntax&quot;&#10;    ignored: [&quot;examples&quot;]&#10;warning: the following keywords are unknown and will be ignored: [examples]&#10;    level: &quot;warning&quot;&#10;    schema: {&quot;loadingURI&quot;:&quot;#&quot;,&quot;pointer&quot;:&quot;/items/properties/cpf&quot;}&#10;    domain: &quot;syntax&quot;&#10;    ignored: [&quot;examples&quot;]&#10;warning: the following keywords are unknown and will be ignored: [examples]&#10;    level: &quot;warning&quot;&#10;    schema: {&quot;loadingURI&quot;:&quot;#&quot;,&quot;pointer&quot;:&quot;/items/properties/email&quot;}&#10;    domain: &quot;syntax&quot;&#10;    ignored: [&quot;examples&quot;]&#10;warning: the following keywords are unknown and will be ignored: [examples]&#10;    level: &quot;warning&quot;&#10;    schema: {&quot;loadingURI&quot;:&quot;#&quot;,&quot;pointer&quot;:&quot;/items/properties/id&quot;}&#10;    domain: &quot;syntax&quot;&#10;    ignored: [&quot;examples&quot;]&#10;warning: the following keywords are unknown and will be ignored: [examples]&#10;    level: &quot;warning&quot;&#10;    schema: {&quot;loadingURI&quot;:&quot;#&quot;,&quot;pointer&quot;:&quot;/items/properties/nome&quot;}&#10;    domain: &quot;syntax&quot;&#10;    ignored: [&quot;examples&quot;]&#10;warning: the following keywords are unknown and will be ignored: [examples]&#10;    level: &quot;warning&quot;&#10;    schema: {&quot;loadingURI&quot;:&quot;#&quot;,&quot;pointer&quot;:&quot;/items/properties/parcelas&quot;}&#10;    domain: &quot;syntax&quot;&#10;    ignored: [&quot;examples&quot;]&#10;warning: the following keywords are unknown and will be ignored: [examples]&#10;    level: &quot;warning&quot;&#10;    schema: {&quot;loadingURI&quot;:&quot;#&quot;,&quot;pointer&quot;:&quot;/items/properties/seguro&quot;}&#10;    domain: &quot;syntax&quot;&#10;    ignored: [&quot;examples&quot;]&#10;warning: the following keywords are unknown and will be ignored: [examples]&#10;    level: &quot;warning&quot;&#10;    schema: {&quot;loadingURI&quot;:&quot;#&quot;,&quot;pointer&quot;:&quot;/items/properties/valor&quot;}&#10;    domain: &quot;syntax&quot;&#10;    ignored: [&quot;examples&quot;]&#10;warning: the following keywords are unknown and will be ignored: [examples]&#10;    level: &quot;warning&quot;&#10;    schema: {&quot;loadingURI&quot;:&quot;#&quot;,&quot;pointer&quot;:&quot;/items&quot;}&#10;    domain: &quot;syntax&quot;&#10;    ignored: [&quot;examples&quot;]&#10;warning: the following keywords are unknown and will be ignored: [examples]&#10;    level: &quot;warning&quot;&#10;    schema: {&quot;loadingURI&quot;:&quot;#&quot;,&quot;pointer&quot;:&quot;/items/properties/cpf&quot;}&#10;    domain: &quot;syntax&quot;&#10;    ignored: [&quot;examples&quot;]&#10;warning: the following keywords are unknown and will be ignored: [examples]&#10;    level: &quot;warning&quot;&#10;    schema: {&quot;loadingURI&quot;:&quot;#&quot;,&quot;pointer&quot;:&quot;/items/properties/email&quot;}&#10;    domain: &quot;syntax&quot;&#10;    ignored: [&quot;examples&quot;]&#10;warning: the following keywords are unknown and will be ignored: [examples]&#10;    level: &quot;warning&quot;&#10;    schema: {&quot;loadingURI&quot;:&quot;#&quot;,&quot;pointer&quot;:&quot;/items/properties/id&quot;}&#10;    domain: &quot;syntax&quot;&#10;    ignored: [&quot;examples&quot;]&#10;warning: the following keywords are unknown and will be ignored: [examples]&#10;    level: &quot;warning&quot;&#10;    schema: {&quot;loadingURI&quot;:&quot;#&quot;,&quot;pointer&quot;:&quot;/items/properties/nome&quot;}&#10;    domain: &quot;syntax&quot;&#10;    ignored: [&quot;examples&quot;]&#10;warning: the following keywords are unknown and will be ignored: [examples]&#10;    level: &quot;warning&quot;&#10;    schema: {&quot;loadingURI&quot;:&quot;#&quot;,&quot;pointer&quot;:&quot;/items/properties/parcelas&quot;}&#10;    domain: &quot;syntax&quot;&#10;    ignored: [&quot;examples&quot;]&#10;warning: the following keywords are unknown and will be ignored: [examples]&#10;    level: &quot;warning&quot;&#10;    schema: {&quot;loadingURI&quot;:&quot;#&quot;,&quot;pointer&quot;:&quot;/items/properties/seguro&quot;}&#10;    domain: &quot;syntax&quot;&#10;    ignored: [&quot;examples&quot;]&#10;warning: the following keywords are unknown and will be ignored: [examples]&#10;    level: &quot;warning&quot;&#10;    schema: {&quot;loadingURI&quot;:&quot;#&quot;,&quot;pointer&quot;:&quot;/items/properties/valor&quot;}&#10;    domain: &quot;syntax&quot;&#10;    ignored: [&quot;examples&quot;]&#10;warning: the following keywords are unknown and will be ignored: [examples]&#10;    level: &quot;warning&quot;&#10;    schema: {&quot;loadingURI&quot;:&quot;#&quot;,&quot;pointer&quot;:&quot;/items&quot;}&#10;    domain: &quot;syntax&quot;&#10;    ignored: [&quot;examples&quot;]&#10;warning: the following keywords are unknown and will be ignored: [examples]&#10;    level: &quot;warning&quot;&#10;    schema: {&quot;loadingURI&quot;:&quot;#&quot;,&quot;pointer&quot;:&quot;/items/properties/cpf&quot;}&#10;    domain: &quot;syntax&quot;&#10;    ignored: [&quot;examples&quot;]&#10;warning: the following keywords are unknown and will be ignored: [examples]&#10;    level: &quot;warning&quot;&#10;    schema: {&quot;loadingURI&quot;:&quot;#&quot;,&quot;pointer&quot;:&quot;/items/properties/email&quot;}&#10;    domain: &quot;syntax&quot;&#10;    ignored: [&quot;examples&quot;]&#10;warning: the following keywords are unknown and will be ignored: [examples]&#10;    level: &quot;warning&quot;&#10;    schema: {&quot;loadingURI&quot;:&quot;#&quot;,&quot;pointer&quot;:&quot;/items/properties/id&quot;}&#10;    domain: &quot;syntax&quot;&#10;    ignored: [&quot;examples&quot;]&#10;warning: the following keywords are unknown and will be ignored: [examples]&#10;    level: &quot;warning&quot;&#10;    schema: {&quot;loadingURI&quot;:&quot;#&quot;,&quot;pointer&quot;:&quot;/items/properties/nome&quot;}&#10;    domain: &quot;syntax&quot;&#10;    ignored: [&quot;examples&quot;]&#10;warning: the following keywords are unknown and will be ignored: [examples]&#10;    level: &quot;warning&quot;&#10;    schema: {&quot;loadingURI&quot;:&quot;#&quot;,&quot;pointer&quot;:&quot;/items/properties/parcelas&quot;}&#10;    domain: &quot;syntax&quot;&#10;    ignored: [&quot;examples&quot;]&#10;warning: the following keywords are unknown and will be ignored: [examples]&#10;    level: &quot;warning&quot;&#10;    schema: {&quot;loadingURI&quot;:&quot;#&quot;,&quot;pointer&quot;:&quot;/items/properties/seguro&quot;}&#10;    domain: &quot;syntax&quot;&#10;    ignored: [&quot;examples&quot;]&#10;warning: the following keywords are unknown and will be ignored: [examples]&#10;    level: &quot;warning&quot;&#10;    schema: {&quot;loadingURI&quot;:&quot;#&quot;,&quot;pointer&quot;:&quot;/items/properties/valor&quot;}&#10;    domain: &quot;syntax&quot;&#10;    ignored: [&quot;examples&quot;]&#10;warning: the following keywords are unknown and will be ignored: [examples]&#10;    level: &quot;warning&quot;&#10;    schema: {&quot;loadingURI&quot;:&quot;#&quot;,&quot;pointer&quot;:&quot;/items&quot;}&#10;    domain: &quot;syntax&quot;&#10;    ignored: [&quot;examples&quot;]&#10;warning: the following keywords are unknown and will be ignored: [examples]&#10;    level: &quot;warning&quot;&#10;    schema: {&quot;loadingURI&quot;:&quot;#&quot;,&quot;pointer&quot;:&quot;/items/properties/cpf&quot;}&#10;    domain: &quot;syntax&quot;&#10;    ignored: [&quot;examples&quot;]&#10;warning: the following keywords are unknown and will be ignored: [examples]&#10;    level: &quot;warning&quot;&#10;    schema: {&quot;loadingURI&quot;:&quot;#&quot;,&quot;pointer&quot;:&quot;/items/properties/email&quot;}&#10;    domain: &quot;syntax&quot;&#10;    ignored: [&quot;examples&quot;]&#10;warning: the following keywords are unknown and will be ignored: [examples]&#10;    level: &quot;warning&quot;&#10;    schema: {&quot;loadingURI&quot;:&quot;#&quot;,&quot;pointer&quot;:&quot;/items/properties/id&quot;}&#10;    domain: &quot;syntax&quot;&#10;    ignored: [&quot;examples&quot;]&#10;warning: the following keywords are unknown and will be ignored: [examples]&#10;    level: &quot;warning&quot;&#10;    schema: {&quot;loadingURI&quot;:&quot;#&quot;,&quot;pointer&quot;:&quot;/items/properties/nome&quot;}&#10;    domain: &quot;syntax&quot;&#10;    ignored: [&quot;examples&quot;]&#10;warning: the following keywords are unknown and will be ignored: [examples]&#10;    level: &quot;warning&quot;&#10;    schema: {&quot;loadingURI&quot;:&quot;#&quot;,&quot;pointer&quot;:&quot;/items/properties/parcelas&quot;}&#10;    domain: &quot;syntax&quot;&#10;    ignored: [&quot;examples&quot;]&#10;warning: the following keywords are unknown and will be ignored: [examples]&#10;    level: &quot;warning&quot;&#10;    schema: {&quot;loadingURI&quot;:&quot;#&quot;,&quot;pointer&quot;:&quot;/items/properties/seguro&quot;}&#10;    domain: &quot;syntax&quot;&#10;    ignored: [&quot;examples&quot;]&#10;warning: the following keywords are unknown and will be ignored: [examples]&#10;    level: &quot;warning&quot;&#10;    schema: {&quot;loadingURI&quot;:&quot;#&quot;,&quot;pointer&quot;:&quot;/items/properties/valor&quot;}&#10;    domain: &quot;syntax&quot;&#10;    ignored: [&quot;examples&quot;]&#10;warning: the following keywords are unknown and will be ignored: [examples]&#10;    level: &quot;warning&quot;&#10;    schema: {&quot;loadingURI&quot;:&quot;#&quot;,&quot;pointer&quot;:&quot;/items&quot;}&#10;    domain: &quot;syntax&quot;&#10;    ignored: [&quot;examples&quot;]&#10;warning: the following keywords are unknown and will be ignored: [examples]&#10;    level: &quot;warning&quot;&#10;    schema: {&quot;loadingURI&quot;:&quot;#&quot;,&quot;pointer&quot;:&quot;/items/properties/cpf&quot;}&#10;    domain: &quot;syntax&quot;&#10;    ignored: [&quot;examples&quot;]&#10;warning: the following keywords are unknown and will be ignored: [examples]&#10;    level: &quot;warning&quot;&#10;    schema: {&quot;loadingURI&quot;:&quot;#&quot;,&quot;pointer&quot;:&quot;/items/properties/email&quot;}&#10;    domain: &quot;syntax&quot;&#10;    ignored: [&quot;examples&quot;]&#10;warning: the following keywords are unknown and will be ignored: [examples]&#10;    level: &quot;warning&quot;&#10;    schema: {&quot;loadingURI&quot;:&quot;#&quot;,&quot;pointer&quot;:&quot;/items/properties/id&quot;}&#10;    domain: &quot;syntax&quot;&#10;    ignored: [&quot;examples&quot;]&#10;warning: the following keywords are unknown and will be ignored: [examples]&#10;    level: &quot;warning&quot;&#10;    schema: {&quot;loadingURI&quot;:&quot;#&quot;,&quot;pointer&quot;:&quot;/items/properties/nome&quot;}&#10;    domain: &quot;syntax&quot;&#10;    ignored: [&quot;examples&quot;]&#10;warning: the following keywords are unknown and will be ignored: [examples]&#10;    level: &quot;warning&quot;&#10;    schema: {&quot;loadingURI&quot;:&quot;#&quot;,&quot;pointer&quot;:&quot;/items/properties/parcelas&quot;}&#10;    domain: &quot;syntax&quot;&#10;    ignored: [&quot;examples&quot;]&#10;warning: the following keywords are unknown and will be ignored: [examples]&#10;    level: &quot;warning&quot;&#10;    schema: {&quot;loadingURI&quot;:&quot;#&quot;,&quot;pointer&quot;:&quot;/items/properties/seguro&quot;}&#10;    domain: &quot;syntax&quot;&#10;    ignored: [&quot;examples&quot;]&#10;warning: the following keywords are unknown and will be ignored: [examples]&#10;    level: &quot;warning&quot;&#10;    schema: {&quot;loadingURI&quot;:&quot;#&quot;,&quot;pointer&quot;:&quot;/items/properties/valor&quot;}&#10;    domain: &quot;syntax&quot;&#10;    ignored: [&quot;examples&quot;]&#10;warning: the following keywords are unknown and will be ignored: [examples]&#10;    level: &quot;warning&quot;&#10;    schema: {&quot;loadingURI&quot;:&quot;#&quot;,&quot;pointer&quot;:&quot;/items&quot;}&#10;    domain: &quot;syntax&quot;&#10;    ignored: [&quot;examples&quot;]&#10;warning: the following keywords are unknown and will be ignored: [examples]&#10;    level: &quot;warning&quot;&#10;    schema: {&quot;loadingURI&quot;:&quot;#&quot;,&quot;pointer&quot;:&quot;/items/properties/cpf&quot;}&#10;    domain: &quot;syntax&quot;&#10;    ignored: [&quot;examples&quot;]&#10;warning: the following keywords are unknown and will be ignored: [examples]&#10;    level: &quot;warning&quot;&#10;    schema: {&quot;loadingURI&quot;:&quot;#&quot;,&quot;pointer&quot;:&quot;/items/properties/email&quot;}&#10;    domain: &quot;syntax&quot;&#10;    ignored: [&quot;examples&quot;]&#10;warning: the following keywords are unknown and will be ignored: [examples]&#10;    level: &quot;warning&quot;&#10;    schema: {&quot;loadingURI&quot;:&quot;#&quot;,&quot;pointer&quot;:&quot;/items/properties/id&quot;}&#10;    domain: &quot;syntax&quot;&#10;    ignored: [&quot;examples&quot;]&#10;warning: the following keywords are unknown and will be ignored: [examples]&#10;    level: &quot;warning&quot;&#10;    schema: {&quot;loadingURI&quot;:&quot;#&quot;,&quot;pointer&quot;:&quot;/items/properties/nome&quot;}&#10;    domain: &quot;syntax&quot;&#10;    ignored: [&quot;examples&quot;]&#10;warning: the following keywords are unknown and will be ignored: [examples]&#10;    level: &quot;warning&quot;&#10;    schema: {&quot;loadingURI&quot;:&quot;#&quot;,&quot;pointer&quot;:&quot;/items/properties/parcelas&quot;}&#10;    domain: &quot;syntax&quot;&#10;    ignored: [&quot;examples&quot;]&#10;warning: the following keywords are unknown and will be ignored: [examples]&#10;    level: &quot;warning&quot;&#10;    schema: {&quot;loadingURI&quot;:&quot;#&quot;,&quot;pointer&quot;:&quot;/items/properties/seguro&quot;}&#10;    domain: &quot;syntax&quot;&#10;    ignored: [&quot;examples&quot;]&#10;warning: the following keywords are unknown and will be ignored: [examples]&#10;    level: &quot;warning&quot;&#10;    schema: {&quot;loadingURI&quot;:&quot;#&quot;,&quot;pointer&quot;:&quot;/items/properties/valor&quot;}&#10;    domain: &quot;syntax&quot;&#10;    ignored: [&quot;examples&quot;]&#10;warning: the following keywords are unknown and will be ignored: [examples]&#10;    level: &quot;warning&quot;&#10;    schema: {&quot;loadingURI&quot;:&quot;#&quot;,&quot;pointer&quot;:&quot;/items&quot;}&#10;    domain: &quot;syntax&quot;&#10;    ignored: [&quot;examples&quot;]&#10;warning: the following keywords are unknown and will be ignored: [examples]&#10;    level: &quot;warning&quot;&#10;    schema: {&quot;loadingURI&quot;:&quot;#&quot;,&quot;pointer&quot;:&quot;/items/properties/cpf&quot;}&#10;    domain: &quot;syntax&quot;&#10;    ignored: [&quot;examples&quot;]&#10;warning: the following keywords are unknown and will be ignored: [examples]&#10;    level: &quot;warning&quot;&#10;    schema: {&quot;loadingURI&quot;:&quot;#&quot;,&quot;pointer&quot;:&quot;/items/properties/email&quot;}&#10;    domain: &quot;syntax&quot;&#10;    ignored: [&quot;examples&quot;]&#10;warning: the following keywords are unknown and will be ignored: [examples]&#10;    level: &quot;warning&quot;&#10;    schema: {&quot;loadingURI&quot;:&quot;#&quot;,&quot;pointer&quot;:&quot;/items/properties/id&quot;}&#10;    domain: &quot;syntax&quot;&#10;    ignored: [&quot;examples&quot;]&#10;warning: the following keywords are unknown and will be ignored: [examples]&#10;    level: &quot;warning&quot;&#10;    schema: {&quot;loadingURI&quot;:&quot;#&quot;,&quot;pointer&quot;:&quot;/items/properties/nome&quot;}&#10;    domain: &quot;syntax&quot;&#10;    ignored: [&quot;examples&quot;]&#10;warning: the following keywords are unknown and will be ignored: [examples]&#10;    level: &quot;warning&quot;&#10;    schema: {&quot;loadingURI&quot;:&quot;#&quot;,&quot;pointer&quot;:&quot;/items/properties/parcelas&quot;}&#10;    domain: &quot;syntax&quot;&#10;    ignored: [&quot;examples&quot;]&#10;warning: the following keywords are unknown and will be ignored: [examples]&#10;    level: &quot;warning&quot;&#10;    schema: {&quot;loadingURI&quot;:&quot;#&quot;,&quot;pointer&quot;:&quot;/items/properties/seguro&quot;}&#10;    domain: &quot;syntax&quot;&#10;    ignored: [&quot;examples&quot;]&#10;warning: the following keywords are unknown and will be ignored: [examples]&#10;    level: &quot;warning&quot;&#10;    schema: {&quot;loadingURI&quot;:&quot;#&quot;,&quot;pointer&quot;:&quot;/items/properties/valor&quot;}&#10;    domain: &quot;syntax&quot;&#10;    ignored: [&quot;examples&quot;]&#10;warning: the following keywords are unknown and will be ignored: [examples]&#10;    level: &quot;warning&quot;&#10;    schema: {&quot;loadingURI&quot;:&quot;#&quot;,&quot;pointer&quot;:&quot;/items&quot;}&#10;    domain: &quot;syntax&quot;&#10;    ignored: [&quot;examples&quot;]&#10;warning: the following keywords are unknown and will be ignored: [examples]&#10;    level: &quot;warning&quot;&#10;    schema: {&quot;loadingURI&quot;:&quot;#&quot;,&quot;pointer&quot;:&quot;/items/properties/cpf&quot;}&#10;    domain: &quot;syntax&quot;&#10;    ignored: [&quot;examples&quot;]&#10;warning: the following keywords are unknown and will be ignored: [examples]&#10;    level: &quot;warning&quot;&#10;    schema: {&quot;loadingURI&quot;:&quot;#&quot;,&quot;pointer&quot;:&quot;/items/properties/email&quot;}&#10;    domain: &quot;syntax&quot;&#10;    ignored: [&quot;examples&quot;]&#10;warning: the following keywords are unknown and will be ignored: [examples]&#10;    level: &quot;warning&quot;&#10;    schema: {&quot;loadingURI&quot;:&quot;#&quot;,&quot;pointer&quot;:&quot;/items/properties/id&quot;}&#10;    domain: &quot;syntax&quot;&#10;    ignored: [&quot;examples&quot;]&#10;warning: the following keywords are unknown and will be ignored: [examples]&#10;    level: &quot;warning&quot;&#10;    schema: {&quot;loadingURI&quot;:&quot;#&quot;,&quot;pointer&quot;:&quot;/items/properties/nome&quot;}&#10;    domain: &quot;syntax&quot;&#10;    ignored: [&quot;examples&quot;]&#10;warning: the following keywords are unknown and will be ignored: [examples]&#10;    level: &quot;warning&quot;&#10;    schema: {&quot;loadingURI&quot;:&quot;#&quot;,&quot;pointer&quot;:&quot;/items/properties/parcelas&quot;}&#10;    domain: &quot;syntax&quot;&#10;    ignored: [&quot;examples&quot;]&#10;warning: the following keywords are unknown and will be ignored: [examples]&#10;    level: &quot;warning&quot;&#10;    schema: {&quot;loadingURI&quot;:&quot;#&quot;,&quot;pointer&quot;:&quot;/items/properties/seguro&quot;}&#10;    domain: &quot;syntax&quot;&#10;    ignored: [&quot;examples&quot;]&#10;warning: the following keywords are unknown and will be ignored: [examples]&#10;    level: &quot;warning&quot;&#10;    schema: {&quot;loadingURI&quot;:&quot;#&quot;,&quot;pointer&quot;:&quot;/items/properties/valor&quot;}&#10;    domain: &quot;syntax&quot;&#10;    ignored: [&quot;examples&quot;]&#10;warning: the following keywords are unknown and will be ignored: [examples]&#10;    level: &quot;warning&quot;&#10;    schema: {&quot;loadingURI&quot;:&quot;#&quot;,&quot;pointer&quot;:&quot;/items&quot;}&#10;    domain: &quot;syntax&quot;&#10;    ignored: [&quot;examples&quot;]&#10;warning: the following keywords are unknown and will be ignored: [examples]&#10;    level: &quot;warning&quot;&#10;    schema: {&quot;loadingURI&quot;:&quot;#&quot;,&quot;pointer&quot;:&quot;/items/properties/cpf&quot;}&#10;    domain: &quot;syntax&quot;&#10;    ignored: [&quot;examples&quot;]&#10;warning: the following keywords are unknown and will be ignored: [examples]&#10;    level: &quot;warning&quot;&#10;    schema: {&quot;loadingURI&quot;:&quot;#&quot;,&quot;pointer&quot;:&quot;/items/properties/email&quot;}&#10;    domain: &quot;syntax&quot;&#10;    ignored: [&quot;examples&quot;]&#10;warning: the following keywords are unknown and will be ignored: [examples]&#10;    level: &quot;warning&quot;&#10;    schema: {&quot;loadingURI&quot;:&quot;#&quot;,&quot;pointer&quot;:&quot;/items/properties/id&quot;}&#10;    domain: &quot;syntax&quot;&#10;    ignored: [&quot;examples&quot;]&#10;warning: the following keywords are unknown and will be ignored: [examples]&#10;    level: &quot;warning&quot;&#10;    schema: {&quot;loadingURI&quot;:&quot;#&quot;,&quot;pointer&quot;:&quot;/items/properties/nome&quot;}&#10;    domain: &quot;syntax&quot;&#10;    ignored: [&quot;examples&quot;]&#10;warning: the following keywords are unknown and will be ignored: [examples]&#10;    level: &quot;warning&quot;&#10;    schema: {&quot;loadingURI&quot;:&quot;#&quot;,&quot;pointer&quot;:&quot;/items/properties/parcelas&quot;}&#10;    domain: &quot;syntax&quot;&#10;    ignored: [&quot;examples&quot;]&#10;warning: the following keywords are unknown and will be ignored: [examples]&#10;    level: &quot;warning&quot;&#10;    schema: {&quot;loadingURI&quot;:&quot;#&quot;,&quot;pointer&quot;:&quot;/items/properties/seguro&quot;}&#10;    domain: &quot;syntax&quot;&#10;    ignored: [&quot;examples&quot;]&#10;warning: the following keywords are unknown and will be ignored: [examples]&#10;    level: &quot;warning&quot;&#10;    schema: {&quot;loadingURI&quot;:&quot;#&quot;,&quot;pointer&quot;:&quot;/items/properties/valor&quot;}&#10;    domain: &quot;syntax&quot;&#10;    ignored: [&quot;examples&quot;]&#10;warning: the following keywords are unknown and will be ignored: [examples]&#10;    level: &quot;warning&quot;&#10;    schema: {&quot;loadingURI&quot;:&quot;#&quot;,&quot;pointer&quot;:&quot;/items&quot;}&#10;    domain: &quot;syntax&quot;&#10;    ignored: [&quot;examples&quot;]&#10;warning: the following keywords are unknown and will be ignored: [examples]&#10;    level: &quot;warning&quot;&#10;    schema: {&quot;loadingURI&quot;:&quot;#&quot;,&quot;pointer&quot;:&quot;/items/properties/cpf&quot;}&#10;    domain: &quot;syntax&quot;&#10;    ignored: [&quot;examples&quot;]&#10;warning: the following keywords are unknown and will be ignored: [examples]&#10;    level: &quot;warning&quot;&#10;    schema: {&quot;loadingURI&quot;:&quot;#&quot;,&quot;pointer&quot;:&quot;/items/properties/email&quot;}&#10;    domain: &quot;syntax&quot;&#10;    ignored: [&quot;examples&quot;]&#10;warning: the following keywords are unknown and will be ignored: [examples]&#10;    level: &quot;warning&quot;&#10;    schema: {&quot;loadingURI&quot;:&quot;#&quot;,&quot;pointer&quot;:&quot;/items/properties/id&quot;}&#10;    domain: &quot;syntax&quot;&#10;    ignored: [&quot;examples&quot;]&#10;warning: the following keywords are unknown and will be ignored: [examples]&#10;    level: &quot;warning&quot;&#10;    schema: {&quot;loadingURI&quot;:&quot;#&quot;,&quot;pointer&quot;:&quot;/items/properties/nome&quot;}&#10;    domain: &quot;syntax&quot;&#10;    ignored: [&quot;examples&quot;]&#10;warning: the following keywords are unknown and will be ignored: [examples]&#10;    level: &quot;warning&quot;&#10;    schema: {&quot;loadingURI&quot;:&quot;#&quot;,&quot;pointer&quot;:&quot;/items/properties/parcelas&quot;}&#10;    domain: &quot;syntax&quot;&#10;    ignored: [&quot;examples&quot;]&#10;warning: the following keywords are unknown and will be ignored: [examples]&#10;    level: &quot;warning&quot;&#10;    schema: {&quot;loadingURI&quot;:&quot;#&quot;,&quot;pointer&quot;:&quot;/items/properties/seguro&quot;}&#10;    domain: &quot;syntax&quot;&#10;    ignored: [&quot;examples&quot;]&#10;warning: the following keywords are unknown and will be ignored: [examples]&#10;    level: &quot;warning&quot;&#10;    schema: {&quot;loadingURI&quot;:&quot;#&quot;,&quot;pointer&quot;:&quot;/items/properties/valor&quot;}&#10;    domain: &quot;syntax&quot;&#10;    ignored: [&quot;examples&quot;]&#10;warning: the following keywords are unknown and will be ignored: [examples]&#10;    level: &quot;warning&quot;&#10;    schema: {&quot;loadingURI&quot;:&quot;#&quot;,&quot;pointer&quot;:&quot;/items&quot;}&#10;    domain: &quot;syntax&quot;&#10;    ignored: [&quot;examples&quot;]&#10;warning: the following keywords are unknown and will be ignored: [examples]&#10;    level: &quot;warning&quot;&#10;    schema: {&quot;loadingURI&quot;:&quot;#&quot;,&quot;pointer&quot;:&quot;/items/properties/cpf&quot;}&#10;    domain: &quot;syntax&quot;&#10;    ignored: [&quot;examples&quot;]&#10;warning: the following keywords are unknown and will be ignored: [examples]&#10;    level: &quot;warning&quot;&#10;    schema: {&quot;loadingURI&quot;:&quot;#&quot;,&quot;pointer&quot;:&quot;/items/properties/email&quot;}&#10;    domain: &quot;syntax&quot;&#10;    ignored: [&quot;examples&quot;]&#10;warning: the following keywords are unknown and will be ignored: [examples]&#10;    level: &quot;warning&quot;&#10;    schema: {&quot;loadingURI&quot;:&quot;#&quot;,&quot;pointer&quot;:&quot;/items/properties/id&quot;}&#10;    domain: &quot;syntax&quot;&#10;    ignored: [&quot;examples&quot;]&#10;warning: the following keywords are unknown and will be ignored: [examples]&#10;    level: &quot;warning&quot;&#10;    schema: {&quot;loadingURI&quot;:&quot;#&quot;,&quot;pointer&quot;:&quot;/items/properties/nome&quot;}&#10;    domain: &quot;syntax&quot;&#10;    ignored: [&quot;examples&quot;]&#10;warning: the following keywords are unknown and will be ignored: [examples]&#10;    level: &quot;warning&quot;&#10;    schema: {&quot;loadingURI&quot;:&quot;#&quot;,&quot;pointer&quot;:&quot;/items/properties/parcelas&quot;}&#10;    domain: &quot;syntax&quot;&#10;    ignored: [&quot;examples&quot;]&#10;warning: the following keywords are unknown and will be ignored: [examples]&#10;    level: &quot;warning&quot;&#10;    schema: {&quot;loadingURI&quot;:&quot;#&quot;,&quot;pointer&quot;:&quot;/items/properties/seguro&quot;}&#10;    domain: &quot;syntax&quot;&#10;    ignored: [&quot;examples&quot;]&#10;warning: the following keywords are unknown and will be ignored: [examples]&#10;    level: &quot;warning&quot;&#10;    schema: {&quot;loadingURI&quot;:&quot;#&quot;,&quot;pointer&quot;:&quot;/items/properties/valor&quot;}&#10;    domain: &quot;syntax&quot;&#10;    ignored: [&quot;examples&quot;]&#10;warning: the following keywords are unknown and will be ignored: [examples]&#10;    level: &quot;warning&quot;&#10;    schema: {&quot;loadingURI&quot;:&quot;#&quot;,&quot;pointer&quot;:&quot;/items&quot;}&#10;    domain: &quot;syntax&quot;&#10;    ignored: [&quot;examples&quot;]&#10;warning: the following keywords are unknown and will be ignored: [examples]&#10;    level: &quot;warning&quot;&#10;    schema: {&quot;loadingURI&quot;:&quot;#&quot;,&quot;pointer&quot;:&quot;/items/properties/cpf&quot;}&#10;    domain: &quot;syntax&quot;&#10;    ignored: [&quot;examples&quot;]&#10;warning: the following keywords are unknown and will be ignored: [examples]&#10;    level: &quot;warning&quot;&#10;    schema: {&quot;loadingURI&quot;:&quot;#&quot;,&quot;pointer&quot;:&quot;/items/properties/email&quot;}&#10;    domain: &quot;syntax&quot;&#10;    ignored: [&quot;examples&quot;]&#10;warning: the following keywords are unknown and will be ignored: [examples]&#10;    level: &quot;warning&quot;&#10;    schema: {&quot;loadingURI&quot;:&quot;#&quot;,&quot;pointer&quot;:&quot;/items/properties/id&quot;}&#10;    domain: &quot;syntax&quot;&#10;    ignored: [&quot;examples&quot;]&#10;warning: the following keywords are unknown and will be ignored: [examples]&#10;    level: &quot;warning&quot;&#10;    schema: {&quot;loadingURI&quot;:&quot;#&quot;,&quot;pointer&quot;:&quot;/items/properties/nome&quot;}&#10;    domain: &quot;syntax&quot;&#10;    ignored: [&quot;examples&quot;]&#10;warning: the following keywords are unknown and will be ignored: [examples]&#10;    level: &quot;warning&quot;&#10;    schema: {&quot;loadingURI&quot;:&quot;#&quot;,&quot;pointer&quot;:&quot;/items/properties/parcelas&quot;}&#10;    domain: &quot;syntax&quot;&#10;    ignored: [&quot;examples&quot;]&#10;warning: the following keywords are unknown and will be ignored: [examples]&#10;    level: &quot;warning&quot;&#10;    schema: {&quot;loadingURI&quot;:&quot;#&quot;,&quot;pointer&quot;:&quot;/items/properties/seguro&quot;}&#10;    domain: &quot;syntax&quot;&#10;    ignored: [&quot;examples&quot;]&#10;warning: the following keywords are unknown and will be ignored: [examples]&#10;    level: &quot;warning&quot;&#10;    schema: {&quot;loadingURI&quot;:&quot;#&quot;,&quot;pointer&quot;:&quot;/items/properties/valor&quot;}&#10;    domain: &quot;syntax&quot;&#10;    ignored: [&quot;examples&quot;]&#10;warning: the following keywords are unknown and will be ignored: [examples]&#10;    level: &quot;warning&quot;&#10;    schema: {&quot;loadingURI&quot;:&quot;#&quot;,&quot;pointer&quot;:&quot;/items&quot;}&#10;    domain: &quot;syntax&quot;&#10;    ignored: [&quot;examples&quot;]&#10;warning: the following keywords are unknown and will be ignored: [examples]&#10;    level: &quot;warning&quot;&#10;    schema: {&quot;loadingURI&quot;:&quot;#&quot;,&quot;pointer&quot;:&quot;/items/properties/cpf&quot;}&#10;    domain: &quot;syntax&quot;&#10;    ignored: [&quot;examples&quot;]&#10;warning: the following keywords are unknown and will be ignored: [examples]&#10;    level: &quot;warning&quot;&#10;    schema: {&quot;loadingURI&quot;:&quot;#&quot;,&quot;pointer&quot;:&quot;/items/properties/email&quot;}&#10;    domain: &quot;syntax&quot;&#10;    ignored: [&quot;examples&quot;]&#10;warning: the following keywords are unknown and will be ignored: [examples]&#10;    level: &quot;warning&quot;&#10;    schema: {&quot;loadingURI&quot;:&quot;#&quot;,&quot;pointer&quot;:&quot;/items/properties/id&quot;}&#10;    domain: &quot;syntax&quot;&#10;    ignored: [&quot;examples&quot;]&#10;warning: the following keywords are unknown and will be ignored: [examples]&#10;    level: &quot;warning&quot;&#10;    schema: {&quot;loadingURI&quot;:&quot;#&quot;,&quot;pointer&quot;:&quot;/items/properties/nome&quot;}&#10;    domain: &quot;syntax&quot;&#10;    ignored: [&quot;examples&quot;]&#10;warning: the following keywords are unknown and will be ignored: [examples]&#10;    level: &quot;warning&quot;&#10;    schema: {&quot;loadingURI&quot;:&quot;#&quot;,&quot;pointer&quot;:&quot;/items/properties/parcelas&quot;}&#10;    domain: &quot;syntax&quot;&#10;    ignored: [&quot;examples&quot;]&#10;warning: the following keywords are unknown and will be ignored: [examples]&#10;    level: &quot;warning&quot;&#10;    schema: {&quot;loadingURI&quot;:&quot;#&quot;,&quot;pointer&quot;:&quot;/items/properties/seguro&quot;}&#10;    domain: &quot;syntax&quot;&#10;    ignored: [&quot;examples&quot;]&#10;warning: the following keywords are unknown and will be ignored: [examples]&#10;    level: &quot;warning&quot;&#10;    schema: {&quot;loadingURI&quot;:&quot;#&quot;,&quot;pointer&quot;:&quot;/items/properties/valor&quot;}&#10;    domain: &quot;syntax&quot;&#10;    ignored: [&quot;examples&quot;]&#10;warning: the following keywords are unknown and will be ignored: [examples]&#10;    level: &quot;warning&quot;&#10;    schema: {&quot;loadingURI&quot;:&quot;#&quot;,&quot;pointer&quot;:&quot;/items&quot;}&#10;    domain: &quot;syntax&quot;&#10;    ignored: [&quot;examples&quot;]&#10;warning: the following keywords are unknown and will be ignored: [examples]&#10;    level: &quot;warning&quot;&#10;    schema: {&quot;loadingURI&quot;:&quot;#&quot;,&quot;pointer&quot;:&quot;/items/properties/cpf&quot;}&#10;    domain: &quot;syntax&quot;&#10;    ignored: [&quot;examples&quot;]&#10;warning: the following keywords are unknown and will be ignored: [examples]&#10;    level: &quot;warning&quot;&#10;    schema: {&quot;loadingURI&quot;:&quot;#&quot;,&quot;pointer&quot;:&quot;/items/properties/email&quot;}&#10;    domain: &quot;syntax&quot;&#10;    ignored: [&quot;examples&quot;]&#10;warning: the following keywords are unknown and will be ignored: [examples]&#10;    level: &quot;warning&quot;&#10;    schema: {&quot;loadingURI&quot;:&quot;#&quot;,&quot;pointer&quot;:&quot;/items/properties/id&quot;}&#10;    domain: &quot;syntax&quot;&#10;    ignored: [&quot;examples&quot;]&#10;warning: the following keywords are unknown and will be ignored: [examples]&#10;    level: &quot;warning&quot;&#10;    schema: {&quot;loadingURI&quot;:&quot;#&quot;,&quot;pointer&quot;:&quot;/items/properties/nome&quot;}&#10;    domain: &quot;syntax&quot;&#10;    ignored: [&quot;examples&quot;]&#10;warning: the following keywords are unknown and will be ignored: [examples]&#10;    level: &quot;warning&quot;&#10;    schema: {&quot;loadingURI&quot;:&quot;#&quot;,&quot;pointer&quot;:&quot;/items/properties/parcelas&quot;}&#10;    domain: &quot;syntax&quot;&#10;    ignored: [&quot;examples&quot;]&#10;warning: the following keywords are unknown and will be ignored: [examples]&#10;    level: &quot;warning&quot;&#10;    schema: {&quot;loadingURI&quot;:&quot;#&quot;,&quot;pointer&quot;:&quot;/items/properties/seguro&quot;}&#10;    domain: &quot;syntax&quot;&#10;    ignored: [&quot;examples&quot;]&#10;warning: the following keywords are unknown and will be ignored: [examples]&#10;    level: &quot;warning&quot;&#10;    schema: {&quot;loadingURI&quot;:&quot;#&quot;,&quot;pointer&quot;:&quot;/items/properties/valor&quot;}&#10;    domain: &quot;syntax&quot;&#10;    ignored: [&quot;examples&quot;]&#10;warning: the following keywords are unknown and will be ignored: [examples]&#10;    level: &quot;warning&quot;&#10;    schema: {&quot;loadingURI&quot;:&quot;#&quot;,&quot;pointer&quot;:&quot;/items&quot;}&#10;    domain: &quot;syntax&quot;&#10;    ignored: [&quot;examples&quot;]&#10;warning: the following keywords are unknown and will be ignored: [examples]&#10;    level: &quot;warning&quot;&#10;    schema: {&quot;loadingURI&quot;:&quot;#&quot;,&quot;pointer&quot;:&quot;/items/properties/cpf&quot;}&#10;    domain: &quot;syntax&quot;&#10;    ignored: [&quot;examples&quot;]&#10;warning: the following keywords are unknown and will be ignored: [examples]&#10;    level: &quot;warning&quot;&#10;    schema: {&quot;loadingURI&quot;:&quot;#&quot;,&quot;pointer&quot;:&quot;/items/properties/email&quot;}&#10;    domain: &quot;syntax&quot;&#10;    ignored: [&quot;examples&quot;]&#10;warning: the following keywords are unknown and will be ignored: [examples]&#10;    level: &quot;warning&quot;&#10;    schema: {&quot;loadingURI&quot;:&quot;#&quot;,&quot;pointer&quot;:&quot;/items/properties/id&quot;}&#10;    domain: &quot;syntax&quot;&#10;    ignored: [&quot;examples&quot;]&#10;warning: the following keywords are unknown and will be ignored: [examples]&#10;    level: &quot;warning&quot;&#10;    schema: {&quot;loadingURI&quot;:&quot;#&quot;,&quot;pointer&quot;:&quot;/items/properties/nome&quot;}&#10;    domain: &quot;syntax&quot;&#10;    ignored: [&quot;examples&quot;]&#10;warning: the following keywords are unknown and will be ignored: [examples]&#10;    level: &quot;warning&quot;&#10;    schema: {&quot;loadingURI&quot;:&quot;#&quot;,&quot;pointer&quot;:&quot;/items/properties/parcelas&quot;}&#10;    domain: &quot;syntax&quot;&#10;    ignored: [&quot;examples&quot;]&#10;warning: the following keywords are unknown and will be ignored: [examples]&#10;    level: &quot;warning&quot;&#10;    schema: {&quot;loadingURI&quot;:&quot;#&quot;,&quot;pointer&quot;:&quot;/items/properties/seguro&quot;}&#10;    domain: &quot;syntax&quot;&#10;    ignored: [&quot;examples&quot;]&#10;warning: the following keywords are unknown and will be ignored: [examples]&#10;    level: &quot;warning&quot;&#10;    schema: {&quot;loadingURI&quot;:&quot;#&quot;,&quot;pointer&quot;:&quot;/items/properties/valor&quot;}&#10;    domain: &quot;syntax&quot;&#10;    ignored: [&quot;examples&quot;]&#10;warning: the following keywords are unknown and will be ignored: [examples]&#10;    level: &quot;warning&quot;&#10;    schema: {&quot;loadingURI&quot;:&quot;#&quot;,&quot;pointer&quot;:&quot;/items&quot;}&#10;    domain: &quot;syntax&quot;&#10;    ignored: [&quot;examples&quot;]&#10;warning: the following keywords are unknown and will be ignored: [examples]&#10;    level: &quot;warning&quot;&#10;    schema: {&quot;loadingURI&quot;:&quot;#&quot;,&quot;pointer&quot;:&quot;/items/properties/cpf&quot;}&#10;    domain: &quot;syntax&quot;&#10;    ignored: [&quot;examples&quot;]&#10;warning: the following keywords are unknown and will be ignored: [examples]&#10;    level: &quot;warning&quot;&#10;    schema: {&quot;loadingURI&quot;:&quot;#&quot;,&quot;pointer&quot;:&quot;/items/properties/email&quot;}&#10;    domain: &quot;syntax&quot;&#10;    ignored: [&quot;examples&quot;]&#10;warning: the following keywords are unknown and will be ignored: [examples]&#10;    level: &quot;warning&quot;&#10;    schema: {&quot;loadingURI&quot;:&quot;#&quot;,&quot;pointer&quot;:&quot;/items/properties/id&quot;}&#10;    domain: &quot;syntax&quot;&#10;    ignored: [&quot;examples&quot;]&#10;warning: the following keywords are unknown and will be ignored: [examples]&#10;    level: &quot;warning&quot;&#10;    schema: {&quot;loadingURI&quot;:&quot;#&quot;,&quot;pointer&quot;:&quot;/items/properties/nome&quot;}&#10;    domain: &quot;syntax&quot;&#10;    ignored: [&quot;examples&quot;]&#10;warning: the following keywords are unknown and will be ignored: [examples]&#10;    level: &quot;warning&quot;&#10;    schema: {&quot;loadingURI&quot;:&quot;#&quot;,&quot;pointer&quot;:&quot;/items/properties/parcelas&quot;}&#10;    domain: &quot;syntax&quot;&#10;    ignored: [&quot;examples&quot;]&#10;warning: the following keywords are unknown and will be ignored: [examples]&#10;    level: &quot;warning&quot;&#10;    schema: {&quot;loadingURI&quot;:&quot;#&quot;,&quot;pointer&quot;:&quot;/items/properties/seguro&quot;}&#10;    domain: &quot;syntax&quot;&#10;    ignored: [&quot;examples&quot;]&#10;warning: the following keywords are unknown and will be ignored: [examples]&#10;    level: &quot;warning&quot;&#10;    schema: {&quot;loadingURI&quot;:&quot;#&quot;,&quot;pointer&quot;:&quot;/items/properties/valor&quot;}&#10;    domain: &quot;syntax&quot;&#10;    ignored: [&quot;examples&quot;]&#10;warning: the following keywords are unknown and will be ignored: [examples]&#10;    level: &quot;warning&quot;&#10;    schema: {&quot;loadingURI&quot;:&quot;#&quot;,&quot;pointer&quot;:&quot;/items&quot;}&#10;    domain: &quot;syntax&quot;&#10;    ignored: [&quot;examples&quot;]&#10;warning: the following keywords are unknown and will be ignored: [examples]&#10;    level: &quot;warning&quot;&#10;    schema: {&quot;loadingURI&quot;:&quot;#&quot;,&quot;pointer&quot;:&quot;/items/properties/cpf&quot;}&#10;    domain: &quot;syntax&quot;&#10;    ignored: [&quot;examples&quot;]&#10;warning: the following keywords are unknown and will be ignored: [examples]&#10;    level: &quot;warning&quot;&#10;    schema: {&quot;loadingURI&quot;:&quot;#&quot;,&quot;pointer&quot;:&quot;/items/properties/email&quot;}&#10;    domain: &quot;syntax&quot;&#10;    ignored: [&quot;examples&quot;]&#10;warning: the following keywords are unknown and will be ignored: [examples]&#10;    level: &quot;warning&quot;&#10;    schema: {&quot;loadingURI&quot;:&quot;#&quot;,&quot;pointer&quot;:&quot;/items/properties/id&quot;}&#10;    domain: &quot;syntax&quot;&#10;    ignored: [&quot;examples&quot;]&#10;warning: the following keywords are unknown and will be ignored: [examples]&#10;    level: &quot;warning&quot;&#10;    schema: {&quot;loadingURI&quot;:&quot;#&quot;,&quot;pointer&quot;:&quot;/items/properties/nome&quot;}&#10;    domain: &quot;syntax&quot;&#10;    ignored: [&quot;examples&quot;]&#10;warning: the following keywords are unknown and will be ignored: [examples]&#10;    level: &quot;warning&quot;&#10;    schema: {&quot;loadingURI&quot;:&quot;#&quot;,&quot;pointer&quot;:&quot;/items/properties/parcelas&quot;}&#10;    domain: &quot;syntax&quot;&#10;    ignored: [&quot;examples&quot;]&#10;warning: the following keywords are unknown and will be ignored: [examples]&#10;    level: &quot;warning&quot;&#10;    schema: {&quot;loadingURI&quot;:&quot;#&quot;,&quot;pointer&quot;:&quot;/items/properties/seguro&quot;}&#10;    domain: &quot;syntax&quot;&#10;    ignored: [&quot;examples&quot;]&#10;warning: the following keywords are unknown and will be ignored: [examples]&#10;    level: &quot;warning&quot;&#10;    schema: {&quot;loadingURI&quot;:&quot;#&quot;,&quot;pointer&quot;:&quot;/items/properties/valor&quot;}&#10;    domain: &quot;syntax&quot;&#10;    ignored: [&quot;examples&quot;]&#10;warning: the following keywords are unknown and will be ignored: [examples]&#10;    level: &quot;warning&quot;&#10;    schema: {&quot;loadingURI&quot;:&quot;#&quot;,&quot;pointer&quot;:&quot;/items&quot;}&#10;    domain: &quot;syntax&quot;&#10;    ignored: [&quot;examples&quot;]&#10;warning: the following keywords are unknown and will be ignored: [examples]&#10;    level: &quot;warning&quot;&#10;    schema: {&quot;loadingURI&quot;:&quot;#&quot;,&quot;pointer&quot;:&quot;/items/properties/cpf&quot;}&#10;    domain: &quot;syntax&quot;&#10;    ignored: [&quot;examples&quot;]&#10;warning: the following keywords are unknown and will be ignored: [examples]&#10;    level: &quot;warning&quot;&#10;    schema: {&quot;loadingURI&quot;:&quot;#&quot;,&quot;pointer&quot;:&quot;/items/properties/email&quot;}&#10;    domain: &quot;syntax&quot;&#10;    ignored: [&quot;examples&quot;]&#10;warning: the following keywords are unknown and will be ignored: [examples]&#10;    level: &quot;warning&quot;&#10;    schema: {&quot;loadingURI&quot;:&quot;#&quot;,&quot;pointer&quot;:&quot;/items/properties/id&quot;}&#10;    domain: &quot;syntax&quot;&#10;    ignored: [&quot;examples&quot;]&#10;warning: the following keywords are unknown and will be ignored: [examples]&#10;    level: &quot;warning&quot;&#10;    schema: {&quot;loadingURI&quot;:&quot;#&quot;,&quot;pointer&quot;:&quot;/items/properties/nome&quot;}&#10;    domain: &quot;syntax&quot;&#10;    ignored: [&quot;examples&quot;]&#10;warning: the following keywords are unknown and will be ignored: [examples]&#10;    level: &quot;warning&quot;&#10;    schema: {&quot;loadingURI&quot;:&quot;#&quot;,&quot;pointer&quot;:&quot;/items/properties/parcelas&quot;}&#10;    domain: &quot;syntax&quot;&#10;    ignored: [&quot;examples&quot;]&#10;warning: the following keywords are unknown and will be ignored: [examples]&#10;    level: &quot;warning&quot;&#10;    schema: {&quot;loadingURI&quot;:&quot;#&quot;,&quot;pointer&quot;:&quot;/items/properties/seguro&quot;}&#10;    domain: &quot;syntax&quot;&#10;    ignored: [&quot;examples&quot;]&#10;warning: the following keywords are unknown and will be ignored: [examples]&#10;    level: &quot;warning&quot;&#10;    schema: {&quot;loadingURI&quot;:&quot;#&quot;,&quot;pointer&quot;:&quot;/items/properties/valor&quot;}&#10;    domain: &quot;syntax&quot;&#10;    ignored: [&quot;examples&quot;]&#10;warning: the following keywords are unknown and will be ignored: [examples]&#10;    level: &quot;warning&quot;&#10;    schema: {&quot;loadingURI&quot;:&quot;#&quot;,&quot;pointer&quot;:&quot;/items&quot;}&#10;    domain: &quot;syntax&quot;&#10;    ignored: [&quot;examples&quot;]&#10;warning: the following keywords are unknown and will be ignored: [examples]&#10;    level: &quot;warning&quot;&#10;    schema: {&quot;loadingURI&quot;:&quot;#&quot;,&quot;pointer&quot;:&quot;/items/properties/cpf&quot;}&#10;    domain: &quot;syntax&quot;&#10;    ignored: [&quot;examples&quot;]&#10;warning: the following keywords are unknown and will be ignored: [examples]&#10;    level: &quot;warning&quot;&#10;    schema: {&quot;loadingURI&quot;:&quot;#&quot;,&quot;pointer&quot;:&quot;/items/properties/email&quot;}&#10;    domain: &quot;syntax&quot;&#10;    ignored: [&quot;examples&quot;]&#10;warning: the following keywords are unknown and will be ignored: [examples]&#10;    level: &quot;warning&quot;&#10;    schema: {&quot;loadingURI&quot;:&quot;#&quot;,&quot;pointer&quot;:&quot;/items/properties/id&quot;}&#10;    domain: &quot;syntax&quot;&#10;    ignored: [&quot;examples&quot;]&#10;warning: the following keywords are unknown and will be ignored: [examples]&#10;    level: &quot;warning&quot;&#10;    schema: {&quot;loadingURI&quot;:&quot;#&quot;,&quot;pointer&quot;:&quot;/items/properties/nome&quot;}&#10;    domain: &quot;syntax&quot;&#10;    ignored: [&quot;examples&quot;]&#10;warning: the following keywords are unknown and will be ignored: [examples]&#10;    level: &quot;warning&quot;&#10;    schema: {&quot;loadingURI&quot;:&quot;#&quot;,&quot;pointer&quot;:&quot;/items/properties/parcelas&quot;}&#10;    domain: &quot;syntax&quot;&#10;    ignored: [&quot;examples&quot;]&#10;warning: the following keywords are unknown and will be ignored: [examples]&#10;    level: &quot;warning&quot;&#10;    schema: {&quot;loadingURI&quot;:&quot;#&quot;,&quot;pointer&quot;:&quot;/items/properties/seguro&quot;}&#10;    domain: &quot;syntax&quot;&#10;    ignored: [&quot;examples&quot;]&#10;warning: the following keywords are unknown and will be ignored: [examples]&#10;    level: &quot;warning&quot;&#10;    schema: {&quot;loadingURI&quot;:&quot;#&quot;,&quot;pointer&quot;:&quot;/items/properties/valor&quot;}&#10;    domain: &quot;syntax&quot;&#10;    ignored: [&quot;examples&quot;]&#10;warning: the following keywords are unknown and will be ignored: [examples]&#10;    level: &quot;warning&quot;&#10;    schema: {&quot;loadingURI&quot;:&quot;#&quot;,&quot;pointer&quot;:&quot;/items&quot;}&#10;    domain: &quot;syntax&quot;&#10;    ignored: [&quot;examples&quot;]&#10;warning: the following keywords are unknown and will be ignored: [examples]&#10;    level: &quot;warning&quot;&#10;    schema: {&quot;loadingURI&quot;:&quot;#&quot;,&quot;pointer&quot;:&quot;/items/properties/cpf&quot;}&#10;    domain: &quot;syntax&quot;&#10;    ignored: [&quot;examples&quot;]&#10;warning: the following keywords are unknown and will be ignored: [examples]&#10;    level: &quot;warning&quot;&#10;    schema: {&quot;loadingURI&quot;:&quot;#&quot;,&quot;pointer&quot;:&quot;/items/properties/email&quot;}&#10;    domain: &quot;syntax&quot;&#10;    ignored: [&quot;examples&quot;]&#10;warning: the following keywords are unknown and will be ignored: [examples]&#10;    level: &quot;warning&quot;&#10;    schema: {&quot;loadingURI&quot;:&quot;#&quot;,&quot;pointer&quot;:&quot;/items/properties/id&quot;}&#10;    domain: &quot;syntax&quot;&#10;    ignored: [&quot;examples&quot;]&#10;warning: the following keywords are unknown and will be ignored: [examples]&#10;    level: &quot;warning&quot;&#10;    schema: {&quot;loadingURI&quot;:&quot;#&quot;,&quot;pointer&quot;:&quot;/items/properties/nome&quot;}&#10;    domain: &quot;syntax&quot;&#10;    ignored: [&quot;examples&quot;]&#10;warning: the following keywords are unknown and will be ignored: [examples]&#10;    level: &quot;warning&quot;&#10;    schema: {&quot;loadingURI&quot;:&quot;#&quot;,&quot;pointer&quot;:&quot;/items/properties/parcelas&quot;}&#10;    domain: &quot;syntax&quot;&#10;    ignored: [&quot;examples&quot;]&#10;warning: the following keywords are unknown and will be ignored: [examples]&#10;    level: &quot;warning&quot;&#10;    schema: {&quot;loadingURI&quot;:&quot;#&quot;,&quot;pointer&quot;:&quot;/items/properties/seguro&quot;}&#10;    domain: &quot;syntax&quot;&#10;    ignored: [&quot;examples&quot;]&#10;warning: the following keywords are unknown and will be ignored: [examples]&#10;    level: &quot;warning&quot;&#10;    schema: {&quot;loadingURI&quot;:&quot;#&quot;,&quot;pointer&quot;:&quot;/items/properties/valor&quot;}&#10;    domain: &quot;syntax&quot;&#10;    ignored: [&quot;examples&quot;]&#10;warning: the following keywords are unknown and will be ignored: [examples]&#10;    level: &quot;warning&quot;&#10;    schema: {&quot;loadingURI&quot;:&quot;#&quot;,&quot;pointer&quot;:&quot;/items&quot;}&#10;    domain: &quot;syntax&quot;&#10;    ignored: [&quot;examples&quot;]&#10;warning: the following keywords are unknown and will be ignored: [examples]&#10;    level: &quot;warning&quot;&#10;    schema: {&quot;loadingURI&quot;:&quot;#&quot;,&quot;pointer&quot;:&quot;/items/properties/cpf&quot;}&#10;    domain: &quot;syntax&quot;&#10;    ignored: [&quot;examples&quot;]&#10;warning: the following keywords are unknown and will be ignored: [examples]&#10;    level: &quot;warning&quot;&#10;    schema: {&quot;loadingURI&quot;:&quot;#&quot;,&quot;pointer&quot;:&quot;/items/properties/email&quot;}&#10;    domain: &quot;syntax&quot;&#10;    ignored: [&quot;examples&quot;]&#10;warning: the following keywords are unknown and will be ignored: [examples]&#10;    level: &quot;warning&quot;&#10;    schema: {&quot;loadingURI&quot;:&quot;#&quot;,&quot;pointer&quot;:&quot;/items/properties/id&quot;}&#10;    domain: &quot;syntax&quot;&#10;    ignored: [&quot;examples&quot;]&#10;warning: the following keywords are unknown and will be ignored: [examples]&#10;    level: &quot;warning&quot;&#10;    schema: {&quot;loadingURI&quot;:&quot;#&quot;,&quot;pointer&quot;:&quot;/items/properties/nome&quot;}&#10;    domain: &quot;syntax&quot;&#10;    ignored: [&quot;examples&quot;]&#10;warning: the following keywords are unknown and will be ignored: [examples]&#10;    level: &quot;warning&quot;&#10;    schema: {&quot;loadingURI&quot;:&quot;#&quot;,&quot;pointer&quot;:&quot;/items/properties/parcelas&quot;}&#10;    domain: &quot;syntax&quot;&#10;    ignored: [&quot;examples&quot;]&#10;warning: the following keywords are unknown and will be ignored: [examples]&#10;    level: &quot;warning&quot;&#10;    schema: {&quot;loadingURI&quot;:&quot;#&quot;,&quot;pointer&quot;:&quot;/items/properties/seguro&quot;}&#10;    domain: &quot;syntax&quot;&#10;    ignored: [&quot;examples&quot;]&#10;warning: the following keywords are unknown and will be ignored: [examples]&#10;    level: &quot;warning&quot;&#10;    schema: {&quot;loadingURI&quot;:&quot;#&quot;,&quot;pointer&quot;:&quot;/items/properties/valor&quot;}&#10;    domain: &quot;syntax&quot;&#10;    ignored: [&quot;examples&quot;]&#10;warning: the following keywords are unknown and will be ignored: [examples]&#10;    level: &quot;warning&quot;&#10;    schema: {&quot;loadingURI&quot;:&quot;#&quot;,&quot;pointer&quot;:&quot;/items&quot;}&#10;    domain: &quot;syntax&quot;&#10;    ignored: [&quot;examples&quot;]&#10;warning: the following keywords are unknown and will be ignored: [examples]&#10;    level: &quot;warning&quot;&#10;    schema: {&quot;loadingURI&quot;:&quot;#&quot;,&quot;pointer&quot;:&quot;/items/properties/cpf&quot;}&#10;    domain: &quot;syntax&quot;&#10;    ignored: [&quot;examples&quot;]&#10;warning: the following keywords are unknown and will be ignored: [examples]&#10;    level: &quot;warning&quot;&#10;    schema: {&quot;loadingURI&quot;:&quot;#&quot;,&quot;pointer&quot;:&quot;/items/properties/email&quot;}&#10;    domain: &quot;syntax&quot;&#10;    ignored: [&quot;examples&quot;]&#10;warning: the following keywords are unknown and will be ignored: [examples]&#10;    level: &quot;warning&quot;&#10;    schema: {&quot;loadingURI&quot;:&quot;#&quot;,&quot;pointer&quot;:&quot;/items/properties/id&quot;}&#10;    domain: &quot;syntax&quot;&#10;    ignored: [&quot;examples&quot;]&#10;warning: the following keywords are unknown and will be ignored: [examples]&#10;    level: &quot;warning&quot;&#10;    schema: {&quot;loadingURI&quot;:&quot;#&quot;,&quot;pointer&quot;:&quot;/items/properties/nome&quot;}&#10;    domain: &quot;syntax&quot;&#10;    ignored: [&quot;examples&quot;]&#10;warning: the following keywords are unknown and will be ignored: [examples]&#10;    level: &quot;warning&quot;&#10;    schema: {&quot;loadingURI&quot;:&quot;#&quot;,&quot;pointer&quot;:&quot;/items/properties/parcelas&quot;}&#10;    domain: &quot;syntax&quot;&#10;    ignored: [&quot;examples&quot;]&#10;warning: the following keywords are unknown and will be ignored: [examples]&#10;    level: &quot;warning&quot;&#10;    schema: {&quot;loadingURI&quot;:&quot;#&quot;,&quot;pointer&quot;:&quot;/items/properties/seguro&quot;}&#10;    domain: &quot;syntax&quot;&#10;    ignored: [&quot;examples&quot;]&#10;warning: the following keywords are unknown and will be ignored: [examples]&#10;    level: &quot;warning&quot;&#10;    schema: {&quot;loadingURI&quot;:&quot;#&quot;,&quot;pointer&quot;:&quot;/items/properties/valor&quot;}&#10;    domain: &quot;syntax&quot;&#10;    ignored: [&quot;examples&quot;]&#10;warning: the following keywords are unknown and will be ignored: [examples]&#10;    level: &quot;warning&quot;&#10;    schema: {&quot;loadingURI&quot;:&quot;#&quot;,&quot;pointer&quot;:&quot;/items&quot;}&#10;    domain: &quot;syntax&quot;&#10;    ignored: [&quot;examples&quot;]&#10;warning: the following keywords are unknown and will be ignored: [examples]&#10;    level: &quot;warning&quot;&#10;    schema: {&quot;loadingURI&quot;:&quot;#&quot;,&quot;pointer&quot;:&quot;/items/properties/cpf&quot;}&#10;    domain: &quot;syntax&quot;&#10;    ignored: [&quot;examples&quot;]&#10;warning: the following keywords are unknown and will be ignored: [examples]&#10;    level: &quot;warning&quot;&#10;    schema: {&quot;loadingURI&quot;:&quot;#&quot;,&quot;pointer&quot;:&quot;/items/properties/email&quot;}&#10;    domain: &quot;syntax&quot;&#10;    ignored: [&quot;examples&quot;]&#10;warning: the following keywords are unknown and will be ignored: [examples]&#10;    level: &quot;warning&quot;&#10;    schema: {&quot;loadingURI&quot;:&quot;#&quot;,&quot;pointer&quot;:&quot;/items/properties/id&quot;}&#10;    domain: &quot;syntax&quot;&#10;    ignored: [&quot;examples&quot;]&#10;warning: the following keywords are unknown and will be ignored: [examples]&#10;    level: &quot;warning&quot;&#10;    schema: {&quot;loadingURI&quot;:&quot;#&quot;,&quot;pointer&quot;:&quot;/items/properties/nome&quot;}&#10;    domain: &quot;syntax&quot;&#10;    ignored: [&quot;examples&quot;]&#10;warning: the following keywords are unknown and will be ignored: [examples]&#10;    level: &quot;warning&quot;&#10;    schema: {&quot;loadingURI&quot;:&quot;#&quot;,&quot;pointer&quot;:&quot;/items/properties/parcelas&quot;}&#10;    domain: &quot;syntax&quot;&#10;    ignored: [&quot;examples&quot;]&#10;warning: the following keywords are unknown and will be ignored: [examples]&#10;    level: &quot;warning&quot;&#10;    schema: {&quot;loadingURI&quot;:&quot;#&quot;,&quot;pointer&quot;:&quot;/items/properties/seguro&quot;}&#10;    domain: &quot;syntax&quot;&#10;    ignored: [&quot;examples&quot;]&#10;warning: the following keywords are unknown and will be ignored: [examples]&#10;    level: &quot;warning&quot;&#10;    schema: {&quot;loadingURI&quot;:&quot;#&quot;,&quot;pointer&quot;:&quot;/items/properties/valor&quot;}&#10;    domain: &quot;syntax&quot;&#10;    ignored: [&quot;examples&quot;]&#10;warning: the following keywords are unknown and will be ignored: [examples]&#10;    level: &quot;warning&quot;&#10;    schema: {&quot;loadingURI&quot;:&quot;#&quot;,&quot;pointer&quot;:&quot;/items&quot;}&#10;    domain: &quot;syntax&quot;&#10;    ignored: [&quot;examples&quot;]&#10;warning: the following keywords are unknown and will be ignored: [examples]&#10;    level: &quot;warning&quot;&#10;    schema: {&quot;loadingURI&quot;:&quot;#&quot;,&quot;pointer&quot;:&quot;/items/properties/cpf&quot;}&#10;    domain: &quot;syntax&quot;&#10;    ignored: [&quot;examples&quot;]&#10;warning: the following keywords are unknown and will be ignored: [examples]&#10;    level: &quot;warning&quot;&#10;    schema: {&quot;loadingURI&quot;:&quot;#&quot;,&quot;pointer&quot;:&quot;/items/properties/email&quot;}&#10;    domain: &quot;syntax&quot;&#10;    ignored: [&quot;examples&quot;]&#10;warning: the following keywords are unknown and will be ignored: [examples]&#10;    level: &quot;warning&quot;&#10;    schema: {&quot;loadingURI&quot;:&quot;#&quot;,&quot;pointer&quot;:&quot;/items/properties/id&quot;}&#10;    domain: &quot;syntax&quot;&#10;    ignored: [&quot;examples&quot;]&#10;warning: the following keywords are unknown and will be ignored: [examples]&#10;    level: &quot;warning&quot;&#10;    schema: {&quot;loadingURI&quot;:&quot;#&quot;,&quot;pointer&quot;:&quot;/items/properties/nome&quot;}&#10;    domain: &quot;syntax&quot;&#10;    ignored: [&quot;examples&quot;]&#10;warning: the following keywords are unknown and will be ignored: [examples]&#10;    level: &quot;warning&quot;&#10;    schema: {&quot;loadingURI&quot;:&quot;#&quot;,&quot;pointer&quot;:&quot;/items/properties/parcelas&quot;}&#10;    domain: &quot;syntax&quot;&#10;    ignored: [&quot;examples&quot;]&#10;warning: the following keywords are unknown and will be ignored: [examples]&#10;    level: &quot;warning&quot;&#10;    schema: {&quot;loadingURI&quot;:&quot;#&quot;,&quot;pointer&quot;:&quot;/items/properties/seguro&quot;}&#10;    domain: &quot;syntax&quot;&#10;    ignored: [&quot;examples&quot;]&#10;warning: the following keywords are unknown and will be ignored: [examples]&#10;    level: &quot;warning&quot;&#10;    schema: {&quot;loadingURI&quot;:&quot;#&quot;,&quot;pointer&quot;:&quot;/items/properties/valor&quot;}&#10;    domain: &quot;syntax&quot;&#10;    ignored: [&quot;examples&quot;]&#10;warning: the following keywords are unknown and will be ignored: [examples]&#10;    level: &quot;warning&quot;&#10;    schema: {&quot;loadingURI&quot;:&quot;#&quot;,&quot;pointer&quot;:&quot;/items&quot;}&#10;    domain: &quot;syntax&quot;&#10;    ignored: [&quot;examples&quot;]&#10;warning: the following keywords are unknown and will be ignored: [examples]&#10;    level: &quot;warning&quot;&#10;    schema: {&quot;loadingURI&quot;:&quot;#&quot;,&quot;pointer&quot;:&quot;/items/properties/cpf&quot;}&#10;    domain: &quot;syntax&quot;&#10;    ignored: [&quot;examples&quot;]&#10;warning: the following keywords are unknown and will be ignored: [examples]&#10;    level: &quot;warning&quot;&#10;    schema: {&quot;loadingURI&quot;:&quot;#&quot;,&quot;pointer&quot;:&quot;/items/properties/email&quot;}&#10;    domain: &quot;syntax&quot;&#10;    ignored: [&quot;examples&quot;]&#10;warning: the following keywords are unknown and will be ignored: [examples]&#10;    level: &quot;warning&quot;&#10;    schema: {&quot;loadingURI&quot;:&quot;#&quot;,&quot;pointer&quot;:&quot;/items/properties/id&quot;}&#10;    domain: &quot;syntax&quot;&#10;    ignored: [&quot;examples&quot;]&#10;warning: the following keywords are unknown and will be ignored: [examples]&#10;    level: &quot;warning&quot;&#10;    schema: {&quot;loadingURI&quot;:&quot;#&quot;,&quot;pointer&quot;:&quot;/items/properties/nome&quot;}&#10;    domain: &quot;syntax&quot;&#10;    ignored: [&quot;examples&quot;]&#10;warning: the following keywords are unknown and will be ignored: [examples]&#10;    level: &quot;warning&quot;&#10;    schema: {&quot;loadingURI&quot;:&quot;#&quot;,&quot;pointer&quot;:&quot;/items/properties/parcelas&quot;}&#10;    domain: &quot;syntax&quot;&#10;    ignored: [&quot;examples&quot;]&#10;warning: the following keywords are unknown and will be ignored: [examples]&#10;    level: &quot;warning&quot;&#10;    schema: {&quot;loadingURI&quot;:&quot;#&quot;,&quot;pointer&quot;:&quot;/items/properties/seguro&quot;}&#10;    domain: &quot;syntax&quot;&#10;    ignored: [&quot;examples&quot;]&#10;warning: the following keywords are unknown and will be ignored: [examples]&#10;    level: &quot;warning&quot;&#10;    schema: {&quot;loadingURI&quot;:&quot;#&quot;,&quot;pointer&quot;:&quot;/items/properties/valor&quot;}&#10;    domain: &quot;syntax&quot;&#10;    ignored: [&quot;examples&quot;]&#10;warning: the following keywords are unknown and will be ignored: [examples]&#10;    level: &quot;warning&quot;&#10;    schema: {&quot;loadingURI&quot;:&quot;#&quot;,&quot;pointer&quot;:&quot;/items&quot;}&#10;    domain: &quot;syntax&quot;&#10;    ignored: [&quot;examples&quot;]&#10;warning: the following keywords are unknown and will be ignored: [examples]&#10;    level: &quot;warning&quot;&#10;    schema: {&quot;loadingURI&quot;:&quot;#&quot;,&quot;pointer&quot;:&quot;/items/properties/cpf&quot;}&#10;    domain: &quot;syntax&quot;&#10;    ignored: [&quot;examples&quot;]&#10;warning: the following keywords are unknown and will be ignored: [examples]&#10;    level: &quot;warning&quot;&#10;    schema: {&quot;loadingURI&quot;:&quot;#&quot;,&quot;pointer&quot;:&quot;/items/properties/email&quot;}&#10;    domain: &quot;syntax&quot;&#10;    ignored: [&quot;examples&quot;]&#10;warning: the following keywords are unknown and will be ignored: [examples]&#10;    level: &quot;warning&quot;&#10;    schema: {&quot;loadingURI&quot;:&quot;#&quot;,&quot;pointer&quot;:&quot;/items/properties/id&quot;}&#10;    domain: &quot;syntax&quot;&#10;    ignored: [&quot;examples&quot;]&#10;warning: the following keywords are unknown and will be ignored: [examples]&#10;    level: &quot;warning&quot;&#10;    schema: {&quot;loadingURI&quot;:&quot;#&quot;,&quot;pointer&quot;:&quot;/items/properties/nome&quot;}&#10;    domain: &quot;syntax&quot;&#10;    ignored: [&quot;examples&quot;]&#10;warning: the following keywords are unknown and will be ignored: [examples]&#10;    level: &quot;warning&quot;&#10;    schema: {&quot;loadingURI&quot;:&quot;#&quot;,&quot;pointer&quot;:&quot;/items/properties/parcelas&quot;}&#10;    domain: &quot;syntax&quot;&#10;    ignored: [&quot;examples&quot;]&#10;warning: the following keywords are unknown and will be ignored: [examples]&#10;    level: &quot;warning&quot;&#10;    schema: {&quot;loadingURI&quot;:&quot;#&quot;,&quot;pointer&quot;:&quot;/items/properties/seguro&quot;}&#10;    domain: &quot;syntax&quot;&#10;    ignored: [&quot;examples&quot;]&#10;warning: the following keywords are unknown and will be ignored: [examples]&#10;    level: &quot;warning&quot;&#10;    schema: {&quot;loadingURI&quot;:&quot;#&quot;,&quot;pointer&quot;:&quot;/items/properties/valor&quot;}&#10;    domain: &quot;syntax&quot;&#10;    ignored: [&quot;examples&quot;]&#10;warning: the following keywords are unknown and will be ignored: [examples]&#10;    level: &quot;warning&quot;&#10;    schema: {&quot;loadingURI&quot;:&quot;#&quot;,&quot;pointer&quot;:&quot;/items&quot;}&#10;    domain: &quot;syntax&quot;&#10;    ignored: [&quot;examples&quot;]&#10;warning: the following keywords are unknown and will be ignored: [examples]&#10;    level: &quot;warning&quot;&#10;    schema: {&quot;loadingURI&quot;:&quot;#&quot;,&quot;pointer&quot;:&quot;/items/properties/cpf&quot;}&#10;    domain: &quot;syntax&quot;&#10;    ignored: [&quot;examples&quot;]&#10;warning: the following keywords are unknown and will be ignored: [examples]&#10;    level: &quot;warning&quot;&#10;    schema: {&quot;loadingURI&quot;:&quot;#&quot;,&quot;pointer&quot;:&quot;/items/properties/email&quot;}&#10;    domain: &quot;syntax&quot;&#10;    ignored: [&quot;examples&quot;]&#10;warning: the following keywords are unknown and will be ignored: [examples]&#10;    level: &quot;warning&quot;&#10;    schema: {&quot;loadingURI&quot;:&quot;#&quot;,&quot;pointer&quot;:&quot;/items/properties/id&quot;}&#10;    domain: &quot;syntax&quot;&#10;    ignored: [&quot;examples&quot;]&#10;warning: the following keywords are unknown and will be ignored: [examples]&#10;    level: &quot;warning&quot;&#10;    schema: {&quot;loadingURI&quot;:&quot;#&quot;,&quot;pointer&quot;:&quot;/items/properties/nome&quot;}&#10;    domain: &quot;syntax&quot;&#10;    ignored: [&quot;examples&quot;]&#10;warning: the following keywords are unknown and will be ignored: [examples]&#10;    level: &quot;warning&quot;&#10;    schema: {&quot;loadingURI&quot;:&quot;#&quot;,&quot;pointer&quot;:&quot;/items/properties/parcelas&quot;}&#10;    domain: &quot;syntax&quot;&#10;    ignored: [&quot;examples&quot;]&#10;warning: the following keywords are unknown and will be ignored: [examples]&#10;    level: &quot;warning&quot;&#10;    schema: {&quot;loadingURI&quot;:&quot;#&quot;,&quot;pointer&quot;:&quot;/items/properties/seguro&quot;}&#10;    domain: &quot;syntax&quot;&#10;    ignored: [&quot;examples&quot;]&#10;warning: the following keywords are unknown and will be ignored: [examples]&#10;    level: &quot;warning&quot;&#10;    schema: {&quot;loadingURI&quot;:&quot;#&quot;,&quot;pointer&quot;:&quot;/items/properties/valor&quot;}&#10;    domain: &quot;syntax&quot;&#10;    ignored: [&quot;examples&quot;]&#10;warning: the following keywords are unknown and will be ignored: [examples]&#10;    level: &quot;warning&quot;&#10;    schema: {&quot;loadingURI&quot;:&quot;#&quot;,&quot;pointer&quot;:&quot;/items&quot;}&#10;    domain: &quot;syntax&quot;&#10;    ignored: [&quot;examples&quot;]&#10;warning: the following keywords are unknown and will be ignored: [examples]&#10;    level: &quot;warning&quot;&#10;    schema: {&quot;loadingURI&quot;:&quot;#&quot;,&quot;pointer&quot;:&quot;/items/properties/cpf&quot;}&#10;    domain: &quot;syntax&quot;&#10;    ignored: [&quot;examples&quot;]&#10;warning: the following keywords are unknown and will be ignored: [examples]&#10;    level: &quot;warning&quot;&#10;    schema: {&quot;loadingURI&quot;:&quot;#&quot;,&quot;pointer&quot;:&quot;/items/properties/email&quot;}&#10;    domain: &quot;syntax&quot;&#10;    ignored: [&quot;examples&quot;]&#10;warning: the following keywords are unknown and will be ignored: [examples]&#10;    level: &quot;warning&quot;&#10;    schema: {&quot;loadingURI&quot;:&quot;#&quot;,&quot;pointer&quot;:&quot;/items/properties/id&quot;}&#10;    domain: &quot;syntax&quot;&#10;    ignored: [&quot;examples&quot;]&#10;warning: the following keywords are unknown and will be ignored: [examples]&#10;    level: &quot;warning&quot;&#10;    schema: {&quot;loadingURI&quot;:&quot;#&quot;,&quot;pointer&quot;:&quot;/items/properties/nome&quot;}&#10;    domain: &quot;syntax&quot;&#10;    ignored: [&quot;examples&quot;]&#10;warning: the following keywords are unknown and will be ignored: [examples]&#10;    level: &quot;warning&quot;&#10;    schema: {&quot;loadingURI&quot;:&quot;#&quot;,&quot;pointer&quot;:&quot;/items/properties/parcelas&quot;}&#10;    domain: &quot;syntax&quot;&#10;    ignored: [&quot;examples&quot;]&#10;warning: the following keywords are unknown and will be ignored: [examples]&#10;    level: &quot;warning&quot;&#10;    schema: {&quot;loadingURI&quot;:&quot;#&quot;,&quot;pointer&quot;:&quot;/items/properties/seguro&quot;}&#10;    domain: &quot;syntax&quot;&#10;    ignored: [&quot;examples&quot;]&#10;warning: the following keywords are unknown and will be ignored: [examples]&#10;    level: &quot;warning&quot;&#10;    schema: {&quot;loadingURI&quot;:&quot;#&quot;,&quot;pointer&quot;:&quot;/items/properties/valor&quot;}&#10;    domain: &quot;syntax&quot;&#10;    ignored: [&quot;examples&quot;]&#10;warning: the following keywords are unknown and will be ignored: [examples]&#10;    level: &quot;warning&quot;&#10;    schema: {&quot;loadingURI&quot;:&quot;#&quot;,&quot;pointer&quot;:&quot;/items&quot;}&#10;    domain: &quot;syntax&quot;&#10;    ignored: [&quot;examples&quot;]&#10;warning: the following keywords are unknown and will be ignored: [examples]&#10;    level: &quot;warning&quot;&#10;    schema: {&quot;loadingURI&quot;:&quot;#&quot;,&quot;pointer&quot;:&quot;/items/properties/cpf&quot;}&#10;    domain: &quot;syntax&quot;&#10;    ignored: [&quot;examples&quot;]&#10;warning: the following keywords are unknown and will be ignored: [examples]&#10;    level: &quot;warning&quot;&#10;    schema: {&quot;loadingURI&quot;:&quot;#&quot;,&quot;pointer&quot;:&quot;/items/properties/email&quot;}&#10;    domain: &quot;syntax&quot;&#10;    ignored: [&quot;examples&quot;]&#10;warning: the following keywords are unknown and will be ignored: [examples]&#10;    level: &quot;warning&quot;&#10;    schema: {&quot;loadingURI&quot;:&quot;#&quot;,&quot;pointer&quot;:&quot;/items/properties/id&quot;}&#10;    domain: &quot;syntax&quot;&#10;    ignored: [&quot;examples&quot;]&#10;warning: the following keywords are unknown and will be ignored: [examples]&#10;    level: &quot;warning&quot;&#10;    schema: {&quot;loadingURI&quot;:&quot;#&quot;,&quot;pointer&quot;:&quot;/items/properties/nome&quot;}&#10;    domain: &quot;syntax&quot;&#10;    ignored: [&quot;examples&quot;]&#10;warning: the following keywords are unknown and will be ignored: [examples]&#10;    level: &quot;warning&quot;&#10;    schema: {&quot;loadingURI&quot;:&quot;#&quot;,&quot;pointer&quot;:&quot;/items/properties/parcelas&quot;}&#10;    domain: &quot;syntax&quot;&#10;    ignored: [&quot;examples&quot;]&#10;warning: the following keywords are unknown and will be ignored: [examples]&#10;    level: &quot;warning&quot;&#10;    schema: {&quot;loadingURI&quot;:&quot;#&quot;,&quot;pointer&quot;:&quot;/items/properties/seguro&quot;}&#10;    domain: &quot;syntax&quot;&#10;    ignored: [&quot;examples&quot;]&#10;warning: the following keywords are unknown and will be ignored: [examples]&#10;    level: &quot;warning&quot;&#10;    schema: {&quot;loadingURI&quot;:&quot;#&quot;,&quot;pointer&quot;:&quot;/items/properties/valor&quot;}&#10;    domain: &quot;syntax&quot;&#10;    ignored: [&quot;examples&quot;]&#10;warning: the following keywords are unknown and will be ignored: [examples]&#10;    level: &quot;warning&quot;&#10;    schema: {&quot;loadingURI&quot;:&quot;#&quot;,&quot;pointer&quot;:&quot;/items&quot;}&#10;    domain: &quot;syntax&quot;&#10;    ignored: [&quot;examples&quot;]&#10;warning: the following keywords are unknown and will be ignored: [examples]&#10;    level: &quot;warning&quot;&#10;    schema: {&quot;loadingURI&quot;:&quot;#&quot;,&quot;pointer&quot;:&quot;/items/properties/cpf&quot;}&#10;    domain: &quot;syntax&quot;&#10;    ignored: [&quot;examples&quot;]&#10;warning: the following keywords are unknown and will be ignored: [examples]&#10;    level: &quot;warning&quot;&#10;    schema: {&quot;loadingURI&quot;:&quot;#&quot;,&quot;pointer&quot;:&quot;/items/properties/email&quot;}&#10;    domain: &quot;syntax&quot;&#10;    ignored: [&quot;examples&quot;]&#10;warning: the following keywords are unknown and will be ignored: [examples]&#10;    level: &quot;warning&quot;&#10;    schema: {&quot;loadingURI&quot;:&quot;#&quot;,&quot;pointer&quot;:&quot;/items/properties/id&quot;}&#10;    domain: &quot;syntax&quot;&#10;    ignored: [&quot;examples&quot;]&#10;warning: the following keywords are unknown and will be ignored: [examples]&#10;    level: &quot;warning&quot;&#10;    schema: {&quot;loadingURI&quot;:&quot;#&quot;,&quot;pointer&quot;:&quot;/items/properties/nome&quot;}&#10;    domain: &quot;syntax&quot;&#10;    ignored: [&quot;examples&quot;]&#10;warning: the following keywords are unknown and will be ignored: [examples]&#10;    level: &quot;warning&quot;&#10;    schema: {&quot;loadingURI&quot;:&quot;#&quot;,&quot;pointer&quot;:&quot;/items/properties/parcelas&quot;}&#10;    domain: &quot;syntax&quot;&#10;    ignored: [&quot;examples&quot;]&#10;warning: the following keywords are unknown and will be ignored: [examples]&#10;    level: &quot;warning&quot;&#10;    schema: {&quot;loadingURI&quot;:&quot;#&quot;,&quot;pointer&quot;:&quot;/items/properties/seguro&quot;}&#10;    domain: &quot;syntax&quot;&#10;    ignored: [&quot;examples&quot;]&#10;warning: the following keywords are unknown and will be ignored: [examples]&#10;    level: &quot;warning&quot;&#10;    schema: {&quot;loadingURI&quot;:&quot;#&quot;,&quot;pointer&quot;:&quot;/items/properties/valor&quot;}&#10;    domain: &quot;syntax&quot;&#10;    ignored: [&quot;examples&quot;]&#10;warning: the following keywords are unknown and will be ignored: [examples]&#10;    level: &quot;warning&quot;&#10;    schema: {&quot;loadingURI&quot;:&quot;#&quot;,&quot;pointer&quot;:&quot;/items&quot;}&#10;    domain: &quot;syntax&quot;&#10;    ignored: [&quot;examples&quot;]&#10;warning: the following keywords are unknown and will be ignored: [examples]&#10;    level: &quot;warning&quot;&#10;    schema: {&quot;loadingURI&quot;:&quot;#&quot;,&quot;pointer&quot;:&quot;/items/properties/cpf&quot;}&#10;    domain: &quot;syntax&quot;&#10;    ignored: [&quot;examples&quot;]&#10;warning: the following keywords are unknown and will be ignored: [examples]&#10;    level: &quot;warning&quot;&#10;    schema: {&quot;loadingURI&quot;:&quot;#&quot;,&quot;pointer&quot;:&quot;/items/properties/email&quot;}&#10;    domain: &quot;syntax&quot;&#10;    ignored: [&quot;examples&quot;]&#10;warning: the following keywords are unknown and will be ignored: [examples]&#10;    level: &quot;warning&quot;&#10;    schema: {&quot;loadingURI&quot;:&quot;#&quot;,&quot;pointer&quot;:&quot;/items/properties/id&quot;}&#10;    domain: &quot;syntax&quot;&#10;    ignored: [&quot;examples&quot;]&#10;warning: the following keywords are unknown and will be ignored: [examples]&#10;    level: &quot;warning&quot;&#10;    schema: {&quot;loadingURI&quot;:&quot;#&quot;,&quot;pointer&quot;:&quot;/items/properties/nome&quot;}&#10;    domain: &quot;syntax&quot;&#10;    ignored: [&quot;examples&quot;]&#10;warning: the following keywords are unknown and will be ignored: [examples]&#10;    level: &quot;warning&quot;&#10;    schema: {&quot;loadingURI&quot;:&quot;#&quot;,&quot;pointer&quot;:&quot;/items/properties/parcelas&quot;}&#10;    domain: &quot;syntax&quot;&#10;    ignored: [&quot;examples&quot;]&#10;warning: the following keywords are unknown and will be ignored: [examples]&#10;    level: &quot;warning&quot;&#10;    schema: {&quot;loadingURI&quot;:&quot;#&quot;,&quot;pointer&quot;:&quot;/items/properties/seguro&quot;}&#10;    domain: &quot;syntax&quot;&#10;    ignored: [&quot;examples&quot;]&#10;warning: the following keywords are unknown and will be ignored: [examples]&#10;    level: &quot;warning&quot;&#10;    schema: {&quot;loadingURI&quot;:&quot;#&quot;,&quot;pointer&quot;:&quot;/items/properties/valor&quot;}&#10;    domain: &quot;syntax&quot;&#10;    ignored: [&quot;examples&quot;]&#10;warning: the following keywords are unknown and will be ignored: [examples]&#10;    level: &quot;warning&quot;&#10;    schema: {&quot;loadingURI&quot;:&quot;#&quot;,&quot;pointer&quot;:&quot;/items&quot;}&#10;    domain: &quot;syntax&quot;&#10;    ignored: [&quot;examples&quot;]&#10;warning: the following keywords are unknown and will be ignored: [examples]&#10;    level: &quot;warning&quot;&#10;    schema: {&quot;loadingURI&quot;:&quot;#&quot;,&quot;pointer&quot;:&quot;/items/properties/cpf&quot;}&#10;    domain: &quot;syntax&quot;&#10;    ignored: [&quot;examples&quot;]&#10;warning: the following keywords are unknown and will be ignored: [examples]&#10;    level: &quot;warning&quot;&#10;    schema: {&quot;loadingURI&quot;:&quot;#&quot;,&quot;pointer&quot;:&quot;/items/properties/email&quot;}&#10;    domain: &quot;syntax&quot;&#10;    ignored: [&quot;examples&quot;]&#10;warning: the following keywords are unknown and will be ignored: [examples]&#10;    level: &quot;warning&quot;&#10;    schema: {&quot;loadingURI&quot;:&quot;#&quot;,&quot;pointer&quot;:&quot;/items/properties/id&quot;}&#10;    domain: &quot;syntax&quot;&#10;    ignored: [&quot;examples&quot;]&#10;warning: the following keywords are unknown and will be ignored: [examples]&#10;    level: &quot;warning&quot;&#10;    schema: {&quot;loadingURI&quot;:&quot;#&quot;,&quot;pointer&quot;:&quot;/items/properties/nome&quot;}&#10;    domain: &quot;syntax&quot;&#10;    ignored: [&quot;examples&quot;]&#10;warning: the following keywords are unknown and will be ignored: [examples]&#10;    level: &quot;warning&quot;&#10;    schema: {&quot;loadingURI&quot;:&quot;#&quot;,&quot;pointer&quot;:&quot;/items/properties/parcelas&quot;}&#10;    domain: &quot;syntax&quot;&#10;    ignored: [&quot;examples&quot;]&#10;warning: the following keywords are unknown and will be ignored: [examples]&#10;    level: &quot;warning&quot;&#10;    schema: {&quot;loadingURI&quot;:&quot;#&quot;,&quot;pointer&quot;:&quot;/items/properties/seguro&quot;}&#10;    domain: &quot;syntax&quot;&#10;    ignored: [&quot;examples&quot;]&#10;warning: the following keywords are unknown and will be ignored: [examples]&#10;    level: &quot;warning&quot;&#10;    schema: {&quot;loadingURI&quot;:&quot;#&quot;,&quot;pointer&quot;:&quot;/items/properties/valor&quot;}&#10;    domain: &quot;syntax&quot;&#10;    ignored: [&quot;examples&quot;]&#10;warning: the following keywords are unknown and will be ignored: [examples]&#10;    level: &quot;warning&quot;&#10;    schema: {&quot;loadingURI&quot;:&quot;#&quot;,&quot;pointer&quot;:&quot;/items&quot;}&#10;    domain: &quot;syntax&quot;&#10;    ignored: [&quot;examples&quot;]&#10;warning: the following keywords are unknown and will be ignored: [examples]&#10;    level: &quot;warning&quot;&#10;    schema: {&quot;loadingURI&quot;:&quot;#&quot;,&quot;pointer&quot;:&quot;/items/properties/cpf&quot;}&#10;    domain: &quot;syntax&quot;&#10;    ignored: [&quot;examples&quot;]&#10;warning: the following keywords are unknown and will be ignored: [examples]&#10;    level: &quot;warning&quot;&#10;    schema: {&quot;loadingURI&quot;:&quot;#&quot;,&quot;pointer&quot;:&quot;/items/properties/email&quot;}&#10;    domain: &quot;syntax&quot;&#10;    ignored: [&quot;examples&quot;]&#10;warning: the following keywords are unknown and will be ignored: [examples]&#10;    level: &quot;warning&quot;&#10;    schema: {&quot;loadingURI&quot;:&quot;#&quot;,&quot;pointer&quot;:&quot;/items/properties/id&quot;}&#10;    domain: &quot;syntax&quot;&#10;    ignored: [&quot;examples&quot;]&#10;warning: the following keywords are unknown and will be ignored: [examples]&#10;    level: &quot;warning&quot;&#10;    schema: {&quot;loadingURI&quot;:&quot;#&quot;,&quot;pointer&quot;:&quot;/items/properties/nome&quot;}&#10;    domain: &quot;syntax&quot;&#10;    ignored: [&quot;examples&quot;]&#10;warning: the following keywords are unknown and will be ignored: [examples]&#10;    level: &quot;warning&quot;&#10;    schema: {&quot;loadingURI&quot;:&quot;#&quot;,&quot;pointer&quot;:&quot;/items/properties/parcelas&quot;}&#10;    domain: &quot;syntax&quot;&#10;    ignored: [&quot;examples&quot;]&#10;warning: the following keywords are unknown and will be ignored: [examples]&#10;    level: &quot;warning&quot;&#10;    schema: {&quot;loadingURI&quot;:&quot;#&quot;,&quot;pointer&quot;:&quot;/items/properties/seguro&quot;}&#10;    domain: &quot;syntax&quot;&#10;    ignored: [&quot;examples&quot;]&#10;warning: the following keywords are unknown and will be ignored: [examples]&#10;    level: &quot;warning&quot;&#10;    schema: {&quot;loadingURI&quot;:&quot;#&quot;,&quot;pointer&quot;:&quot;/items/properties/valor&quot;}&#10;    domain: &quot;syntax&quot;&#10;    ignored: [&quot;examples&quot;]&#10;warning: the following keywords are unknown and will be ignored: [examples]&#10;    level: &quot;warning&quot;&#10;    schema: {&quot;loadingURI&quot;:&quot;#&quot;,&quot;pointer&quot;:&quot;/items&quot;}&#10;    domain: &quot;syntax&quot;&#10;    ignored: [&quot;examples&quot;]&#10;warning: the following keywords are unknown and will be ignored: [examples]&#10;    level: &quot;warning&quot;&#10;    schema: {&quot;loadingURI&quot;:&quot;#&quot;,&quot;pointer&quot;:&quot;/items/properties/cpf&quot;}&#10;    domain: &quot;syntax&quot;&#10;    ignored: [&quot;examples&quot;]&#10;warning: the following keywords are unknown and will be ignored: [examples]&#10;    level: &quot;warning&quot;&#10;    schema: {&quot;loadingURI&quot;:&quot;#&quot;,&quot;pointer&quot;:&quot;/items/properties/email&quot;}&#10;    domain: &quot;syntax&quot;&#10;    ignored: [&quot;examples&quot;]&#10;warning: the following keywords are unknown and will be ignored: [examples]&#10;    level: &quot;warning&quot;&#10;    schema: {&quot;loadingURI&quot;:&quot;#&quot;,&quot;pointer&quot;:&quot;/items/properties/id&quot;}&#10;    domain: &quot;syntax&quot;&#10;    ignored: [&quot;examples&quot;]&#10;warning: the following keywords are unknown and will be ignored: [examples]&#10;    level: &quot;warning&quot;&#10;    schema: {&quot;loadingURI&quot;:&quot;#&quot;,&quot;pointer&quot;:&quot;/items/properties/nome&quot;}&#10;    domain: &quot;syntax&quot;&#10;    ignored: [&quot;examples&quot;]&#10;warning: the following keywords are unknown and will be ignored: [examples]&#10;    level: &quot;warning&quot;&#10;    schema: {&quot;loadingURI&quot;:&quot;#&quot;,&quot;pointer&quot;:&quot;/items/properties/parcelas&quot;}&#10;    domain: &quot;syntax&quot;&#10;    ignored: [&quot;examples&quot;]&#10;warning: the following keywords are unknown and will be ignored: [examples]&#10;    level: &quot;warning&quot;&#10;    schema: {&quot;loadingURI&quot;:&quot;#&quot;,&quot;pointer&quot;:&quot;/items/properties/seguro&quot;}&#10;    domain: &quot;syntax&quot;&#10;    ignored: [&quot;examples&quot;]&#10;warning: the following keywords are unknown and will be ignored: [examples]&#10;    level: &quot;warning&quot;&#10;    schema: {&quot;loadingURI&quot;:&quot;#&quot;,&quot;pointer&quot;:&quot;/items/properties/valor&quot;}&#10;    domain: &quot;syntax&quot;&#10;    ignored: [&quot;examples&quot;]&#10;warning: the following keywords are unknown and will be ignored: [examples]&#10;    level: &quot;warning&quot;&#10;    schema: {&quot;loadingURI&quot;:&quot;#&quot;,&quot;pointer&quot;:&quot;/items&quot;}&#10;    domain: &quot;syntax&quot;&#10;    ignored: [&quot;examples&quot;]&#10;warning: the following keywords are unknown and will be ignored: [examples]&#10;    level: &quot;warning&quot;&#10;    schema: {&quot;loadingURI&quot;:&quot;#&quot;,&quot;pointer&quot;:&quot;/items/properties/cpf&quot;}&#10;    domain: &quot;syntax&quot;&#10;    ignored: [&quot;examples&quot;]&#10;warning: the following keywords are unknown and will be ignored: [examples]&#10;    level: &quot;warning&quot;&#10;    schema: {&quot;loadingURI&quot;:&quot;#&quot;,&quot;pointer&quot;:&quot;/items/properties/email&quot;}&#10;    domain: &quot;syntax&quot;&#10;    ignored: [&quot;examples&quot;]&#10;warning: the following keywords are unknown and will be ignored: [examples]&#10;    level: &quot;warning&quot;&#10;    schema: {&quot;loadingURI&quot;:&quot;#&quot;,&quot;pointer&quot;:&quot;/items/properties/id&quot;}&#10;    domain: &quot;syntax&quot;&#10;    ignored: [&quot;examples&quot;]&#10;warning: the following keywords are unknown and will be ignored: [examples]&#10;    level: &quot;warning&quot;&#10;    schema: {&quot;loadingURI&quot;:&quot;#&quot;,&quot;pointer&quot;:&quot;/items/properties/nome&quot;}&#10;    domain: &quot;syntax&quot;&#10;    ignored: [&quot;examples&quot;]&#10;warning: the following keywords are unknown and will be ignored: [examples]&#10;    level: &quot;warning&quot;&#10;    schema: {&quot;loadingURI&quot;:&quot;#&quot;,&quot;pointer&quot;:&quot;/items/properties/parcelas&quot;}&#10;    domain: &quot;syntax&quot;&#10;    ignored: [&quot;examples&quot;]&#10;warning: the following keywords are unknown and will be ignored: [examples]&#10;    level: &quot;warning&quot;&#10;    schema: {&quot;loadingURI&quot;:&quot;#&quot;,&quot;pointer&quot;:&quot;/items/properties/seguro&quot;}&#10;    domain: &quot;syntax&quot;&#10;    ignored: [&quot;examples&quot;]&#10;warning: the following keywords are unknown and will be ignored: [examples]&#10;    level: &quot;warning&quot;&#10;    schema: {&quot;loadingURI&quot;:&quot;#&quot;,&quot;pointer&quot;:&quot;/items/properties/valor&quot;}&#10;    domain: &quot;syntax&quot;&#10;    ignored: [&quot;examples&quot;]&#10;warning: the following keywords are unknown and will be ignored: [examples]&#10;    level: &quot;warning&quot;&#10;    schema: {&quot;loadingURI&quot;:&quot;#&quot;,&quot;pointer&quot;:&quot;/items&quot;}&#10;    domain: &quot;syntax&quot;&#10;    ignored: [&quot;examples&quot;]&#10;warning: the following keywords are unknown and will be ignored: [examples]&#10;    level: &quot;warning&quot;&#10;    schema: {&quot;loadingURI&quot;:&quot;#&quot;,&quot;pointer&quot;:&quot;/items/properties/cpf&quot;}&#10;    domain: &quot;syntax&quot;&#10;    ignored: [&quot;examples&quot;]&#10;warning: the following keywords are unknown and will be ignored: [examples]&#10;    level: &quot;warning&quot;&#10;    schema: {&quot;loadingURI&quot;:&quot;#&quot;,&quot;pointer&quot;:&quot;/items/properties/email&quot;}&#10;    domain: &quot;syntax&quot;&#10;    ignored: [&quot;examples&quot;]&#10;warning: the following keywords are unknown and will be ignored: [examples]&#10;    level: &quot;warning&quot;&#10;    schema: {&quot;loadingURI&quot;:&quot;#&quot;,&quot;pointer&quot;:&quot;/items/properties/id&quot;}&#10;    domain: &quot;syntax&quot;&#10;    ignored: [&quot;examples&quot;]&#10;warning: the following keywords are unknown and will be ignored: [examples]&#10;    level: &quot;warning&quot;&#10;    schema: {&quot;loadingURI&quot;:&quot;#&quot;,&quot;pointer&quot;:&quot;/items/properties/nome&quot;}&#10;    domain: &quot;syntax&quot;&#10;    ignored: [&quot;examples&quot;]&#10;warning: the following keywords are unknown and will be ignored: [examples]&#10;    level: &quot;warning&quot;&#10;    schema: {&quot;loadingURI&quot;:&quot;#&quot;,&quot;pointer&quot;:&quot;/items/properties/parcelas&quot;}&#10;    domain: &quot;syntax&quot;&#10;    ignored: [&quot;examples&quot;]&#10;warning: the following keywords are unknown and will be ignored: [examples]&#10;    level: &quot;warning&quot;&#10;    schema: {&quot;loadingURI&quot;:&quot;#&quot;,&quot;pointer&quot;:&quot;/items/properties/seguro&quot;}&#10;    domain: &quot;syntax&quot;&#10;    ignored: [&quot;examples&quot;]&#10;warning: the following keywords are unknown and will be ignored: [examples]&#10;    level: &quot;warning&quot;&#10;    schema: {&quot;loadingURI&quot;:&quot;#&quot;,&quot;pointer&quot;:&quot;/items/properties/valor&quot;}&#10;    domain: &quot;syntax&quot;&#10;    ignored: [&quot;examples&quot;]&#10;warning: the following keywords are unknown and will be ignored: [examples]&#10;    level: &quot;warning&quot;&#10;    schema: {&quot;loadingURI&quot;:&quot;#&quot;,&quot;pointer&quot;:&quot;/items&quot;}&#10;    domain: &quot;syntax&quot;&#10;    ignored: [&quot;examples&quot;]&#10;warning: the following keywords are unknown and will be ignored: [examples]&#10;    level: &quot;warning&quot;&#10;    schema: {&quot;loadingURI&quot;:&quot;#&quot;,&quot;pointer&quot;:&quot;/items/properties/cpf&quot;}&#10;    domain: &quot;syntax&quot;&#10;    ignored: [&quot;examples&quot;]&#10;warning: the following keywords are unknown and will be ignored: [examples]&#10;    level: &quot;warning&quot;&#10;    schema: {&quot;loadingURI&quot;:&quot;#&quot;,&quot;pointer&quot;:&quot;/items/properties/email&quot;}&#10;    domain: &quot;syntax&quot;&#10;    ignored: [&quot;examples&quot;]&#10;warning: the following keywords are unknown and will be ignored: [examples]&#10;    level: &quot;warning&quot;&#10;    schema: {&quot;loadingURI&quot;:&quot;#&quot;,&quot;pointer&quot;:&quot;/items/properties/id&quot;}&#10;    domain: &quot;syntax&quot;&#10;    ignored: [&quot;examples&quot;]&#10;warning: the following keywords are unknown and will be ignored: [examples]&#10;    level: &quot;warning&quot;&#10;    schema: {&quot;loadingURI&quot;:&quot;#&quot;,&quot;pointer&quot;:&quot;/items/properties/nome&quot;}&#10;    domain: &quot;syntax&quot;&#10;    ignored: [&quot;examples&quot;]&#10;warning: the following keywords are unknown and will be ignored: [examples]&#10;    level: &quot;warning&quot;&#10;    schema: {&quot;loadingURI&quot;:&quot;#&quot;,&quot;pointer&quot;:&quot;/items/properties/parcelas&quot;}&#10;    domain: &quot;syntax&quot;&#10;    ignored: [&quot;examples&quot;]&#10;warning: the following keywords are unknown and will be ignored: [examples]&#10;    level: &quot;warning&quot;&#10;    schema: {&quot;loadingURI&quot;:&quot;#&quot;,&quot;pointer&quot;:&quot;/items/properties/seguro&quot;}&#10;    domain: &quot;syntax&quot;&#10;    ignored: [&quot;examples&quot;]&#10;warning: the following keywords are unknown and will be ignored: [examples]&#10;    level: &quot;warning&quot;&#10;    schema: {&quot;loadingURI&quot;:&quot;#&quot;,&quot;pointer&quot;:&quot;/items/properties/valor&quot;}&#10;    domain: &quot;syntax&quot;&#10;    ignored: [&quot;examples&quot;]&#10;warning: the following keywords are unknown and will be ignored: [examples]&#10;    level: &quot;warning&quot;&#10;    schema: {&quot;loadingURI&quot;:&quot;#&quot;,&quot;pointer&quot;:&quot;/items&quot;}&#10;    domain: &quot;syntax&quot;&#10;    ignored: [&quot;examples&quot;]&#10;warning: the following keywords are unknown and will be ignored: [examples]&#10;    level: &quot;warning&quot;&#10;    schema: {&quot;loadingURI&quot;:&quot;#&quot;,&quot;pointer&quot;:&quot;/items/properties/cpf&quot;}&#10;    domain: &quot;syntax&quot;&#10;    ignored: [&quot;examples&quot;]&#10;warning: the following keywords are unknown and will be ignored: [examples]&#10;    level: &quot;warning&quot;&#10;    schema: {&quot;loadingURI&quot;:&quot;#&quot;,&quot;pointer&quot;:&quot;/items/properties/email&quot;}&#10;    domain: &quot;syntax&quot;&#10;    ignored: [&quot;examples&quot;]&#10;warning: the following keywords are unknown and will be ignored: [examples]&#10;    level: &quot;warning&quot;&#10;    schema: {&quot;loadingURI&quot;:&quot;#&quot;,&quot;pointer&quot;:&quot;/items/properties/id&quot;}&#10;    domain: &quot;syntax&quot;&#10;    ignored: [&quot;examples&quot;]&#10;warning: the following keywords are unknown and will be ignored: [examples]&#10;    level: &quot;warning&quot;&#10;    schema: {&quot;loadingURI&quot;:&quot;#&quot;,&quot;pointer&quot;:&quot;/items/properties/nome&quot;}&#10;    domain: &quot;syntax&quot;&#10;    ignored: [&quot;examples&quot;]&#10;warning: the following keywords are unknown and will be ignored: [examples]&#10;    level: &quot;warning&quot;&#10;    schema: {&quot;loadingURI&quot;:&quot;#&quot;,&quot;pointer&quot;:&quot;/items/properties/parcelas&quot;}&#10;    domain: &quot;syntax&quot;&#10;    ignored: [&quot;examples&quot;]&#10;warning: the following keywords are unknown and will be ignored: [examples]&#10;    level: &quot;warning&quot;&#10;    schema: {&quot;loadingURI&quot;:&quot;#&quot;,&quot;pointer&quot;:&quot;/items/properties/seguro&quot;}&#10;    domain: &quot;syntax&quot;&#10;    ignored: [&quot;examples&quot;]&#10;warning: the following keywords are unknown and will be ignored: [examples]&#10;    level: &quot;warning&quot;&#10;    schema: {&quot;loadingURI&quot;:&quot;#&quot;,&quot;pointer&quot;:&quot;/items/properties/valor&quot;}&#10;    domain: &quot;syntax&quot;&#10;    ignored: [&quot;examples&quot;]&#10;warning: the following keywords are unknown and will be ignored: [examples]&#10;    level: &quot;warning&quot;&#10;    schema: {&quot;loadingURI&quot;:&quot;#&quot;,&quot;pointer&quot;:&quot;/items&quot;}&#10;    domain: &quot;syntax&quot;&#10;    ignored: [&quot;examples&quot;]&#10;warning: the following keywords are unknown and will be ignored: [examples]&#10;    level: &quot;warning&quot;&#10;    schema: {&quot;loadingURI&quot;:&quot;#&quot;,&quot;pointer&quot;:&quot;/items/properties/cpf&quot;}&#10;    domain: &quot;syntax&quot;&#10;    ignored: [&quot;examples&quot;]&#10;warning: the following keywords are unknown and will be ignored: [examples]&#10;    level: &quot;warning&quot;&#10;    schema: {&quot;loadingURI&quot;:&quot;#&quot;,&quot;pointer&quot;:&quot;/items/properties/email&quot;}&#10;    domain: &quot;syntax&quot;&#10;    ignored: [&quot;examples&quot;]&#10;warning: the following keywords are unknown and will be ignored: [examples]&#10;    level: &quot;warning&quot;&#10;    schema: {&quot;loadingURI&quot;:&quot;#&quot;,&quot;pointer&quot;:&quot;/items/properties/id&quot;}&#10;    domain: &quot;syntax&quot;&#10;    ignored: [&quot;examples&quot;]&#10;warning: the following keywords are unknown and will be ignored: [examples]&#10;    level: &quot;warning&quot;&#10;    schema: {&quot;loadingURI&quot;:&quot;#&quot;,&quot;pointer&quot;:&quot;/items/properties/nome&quot;}&#10;    domain: &quot;syntax&quot;&#10;    ignored: [&quot;examples&quot;]&#10;warning: the following keywords are unknown and will be ignored: [examples]&#10;    level: &quot;warning&quot;&#10;    schema: {&quot;loadingURI&quot;:&quot;#&quot;,&quot;pointer&quot;:&quot;/items/properties/parcelas&quot;}&#10;    domain: &quot;syntax&quot;&#10;    ignored: [&quot;examples&quot;]&#10;warning: the following keywords are unknown and will be ignored: [examples]&#10;    level: &quot;warning&quot;&#10;    schema: {&quot;loadingURI&quot;:&quot;#&quot;,&quot;pointer&quot;:&quot;/items/properties/seguro&quot;}&#10;    domain: &quot;syntax&quot;&#10;    ignored: [&quot;examples&quot;]&#10;warning: the following keywords are unknown and will be ignored: [examples]&#10;    level: &quot;warning&quot;&#10;    schema: {&quot;loadingURI&quot;:&quot;#&quot;,&quot;pointer&quot;:&quot;/items/properties/valor&quot;}&#10;    domain: &quot;syntax&quot;&#10;    ignored: [&quot;examples&quot;]&#10;warning: the following keywords are unknown and will be ignored: [examples]&#10;    level: &quot;warning&quot;&#10;    schema: {&quot;loadingURI&quot;:&quot;#&quot;,&quot;pointer&quot;:&quot;/items&quot;}&#10;    domain: &quot;syntax&quot;&#10;    ignored: [&quot;examples&quot;]&#10;warning: the following keywords are unknown and will be ignored: [examples]&#10;    level: &quot;warning&quot;&#10;    schema: {&quot;loadingURI&quot;:&quot;#&quot;,&quot;pointer&quot;:&quot;/items/properties/cpf&quot;}&#10;    domain: &quot;syntax&quot;&#10;    ignored: [&quot;examples&quot;]&#10;warning: the following keywords are unknown and will be ignored: [examples]&#10;    level: &quot;warning&quot;&#10;    schema: {&quot;loadingURI&quot;:&quot;#&quot;,&quot;pointer&quot;:&quot;/items/properties/email&quot;}&#10;    domain: &quot;syntax&quot;&#10;    ignored: [&quot;examples&quot;]&#10;warning: the following keywords are unknown and will be ignored: [examples]&#10;    level: &quot;warning&quot;&#10;    schema: {&quot;loadingURI&quot;:&quot;#&quot;,&quot;pointer&quot;:&quot;/items/properties/id&quot;}&#10;    domain: &quot;syntax&quot;&#10;    ignored: [&quot;examples&quot;]&#10;warning: the following keywords are unknown and will be ignored: [examples]&#10;    level: &quot;warning&quot;&#10;    schema: {&quot;loadingURI&quot;:&quot;#&quot;,&quot;pointer&quot;:&quot;/items/properties/nome&quot;}&#10;    domain: &quot;syntax&quot;&#10;    ignored: [&quot;examples&quot;]&#10;warning: the following keywords are unknown and will be ignored: [examples]&#10;    level: &quot;warning&quot;&#10;    schema: {&quot;loadingURI&quot;:&quot;#&quot;,&quot;pointer&quot;:&quot;/items/properties/parcelas&quot;}&#10;    domain: &quot;syntax&quot;&#10;    ignored: [&quot;examples&quot;]&#10;warning: the following keywords are unknown and will be ignored: [examples]&#10;    level: &quot;warning&quot;&#10;    schema: {&quot;loadingURI&quot;:&quot;#&quot;,&quot;pointer&quot;:&quot;/items/properties/seguro&quot;}&#10;    domain: &quot;syntax&quot;&#10;    ignored: [&quot;examples&quot;]&#10;warning: the following keywords are unknown and will be ignored: [examples]&#10;    level: &quot;warning&quot;&#10;    schema: {&quot;loadingURI&quot;:&quot;#&quot;,&quot;pointer&quot;:&quot;/items/properties/valor&quot;}&#10;    domain: &quot;syntax&quot;&#10;    ignored: [&quot;examples&quot;]&#10;warning: the following keywords are unknown and will be ignored: [examples]&#10;    level: &quot;warning&quot;&#10;    schema: {&quot;loadingURI&quot;:&quot;#&quot;,&quot;pointer&quot;:&quot;/items&quot;}&#10;    domain: &quot;syntax&quot;&#10;    ignored: [&quot;examples&quot;]&#10;warning: the following keywords are unknown and will be ignored: [examples]&#10;    level: &quot;warning&quot;&#10;    schema: {&quot;loadingURI&quot;:&quot;#&quot;,&quot;pointer&quot;:&quot;/items/properties/cpf&quot;}&#10;    domain: &quot;syntax&quot;&#10;    ignored: [&quot;examples&quot;]&#10;warning: the following keywords are unknown and will be ignored: [examples]&#10;    level: &quot;warning&quot;&#10;    schema: {&quot;loadingURI&quot;:&quot;#&quot;,&quot;pointer&quot;:&quot;/items/properties/email&quot;}&#10;    domain: &quot;syntax&quot;&#10;    ignored: [&quot;examples&quot;]&#10;warning: the following keywords are unknown and will be ignored: [examples]&#10;    level: &quot;warning&quot;&#10;    schema: {&quot;loadingURI&quot;:&quot;#&quot;,&quot;pointer&quot;:&quot;/items/properties/id&quot;}&#10;    domain: &quot;syntax&quot;&#10;    ignored: [&quot;examples&quot;]&#10;warning: the following keywords are unknown and will be ignored: [examples]&#10;    level: &quot;warning&quot;&#10;    schema: {&quot;loadingURI&quot;:&quot;#&quot;,&quot;pointer&quot;:&quot;/items/properties/nome&quot;}&#10;    domain: &quot;syntax&quot;&#10;    ignored: [&quot;examples&quot;]&#10;warning: the following keywords are unknown and will be ignored: [examples]&#10;    level: &quot;warning&quot;&#10;    schema: {&quot;loadingURI&quot;:&quot;#&quot;,&quot;pointer&quot;:&quot;/items/properties/parcelas&quot;}&#10;    domain: &quot;syntax&quot;&#10;    ignored: [&quot;examples&quot;]&#10;warning: the following keywords are unknown and will be ignored: [examples]&#10;    level: &quot;warning&quot;&#10;    schema: {&quot;loadingURI&quot;:&quot;#&quot;,&quot;pointer&quot;:&quot;/items/properties/seguro&quot;}&#10;    domain: &quot;syntax&quot;&#10;    ignored: [&quot;examples&quot;]&#10;warning: the following keywords are unknown and will be ignored: [examples]&#10;    level: &quot;warning&quot;&#10;    schema: {&quot;loadingURI&quot;:&quot;#&quot;,&quot;pointer&quot;:&quot;/items/properties/valor&quot;}&#10;    domain: &quot;syntax&quot;&#10;    ignored: [&quot;examples&quot;]&#10;warning: the following keywords are unknown and will be ignored: [examples]&#10;    level: &quot;warning&quot;&#10;    schema: {&quot;loadingURI&quot;:&quot;#&quot;,&quot;pointer&quot;:&quot;/items&quot;}&#10;    domain: &quot;syntax&quot;&#10;    ignored: [&quot;examples&quot;]&#10;warning: the following keywords are unknown and will be ignored: [examples]&#10;    level: &quot;warning&quot;&#10;    schema: {&quot;loadingURI&quot;:&quot;#&quot;,&quot;pointer&quot;:&quot;/items/properties/cpf&quot;}&#10;    domain: &quot;syntax&quot;&#10;    ignored: [&quot;examples&quot;]&#10;warning: the following keywords are unknown and will be ignored: [examples]&#10;    level: &quot;warning&quot;&#10;    schema: {&quot;loadingURI&quot;:&quot;#&quot;,&quot;pointer&quot;:&quot;/items/properties/email&quot;}&#10;    domain: &quot;syntax&quot;&#10;    ignored: [&quot;examples&quot;]&#10;warning: the following keywords are unknown and will be ignored: [examples]&#10;    level: &quot;warning&quot;&#10;    schema: {&quot;loadingURI&quot;:&quot;#&quot;,&quot;pointer&quot;:&quot;/items/properties/id&quot;}&#10;    domain: &quot;syntax&quot;&#10;    ignored: [&quot;examples&quot;]&#10;warning: the following keywords are unknown and will be ignored: [examples]&#10;    level: &quot;warning&quot;&#10;    schema: {&quot;loadingURI&quot;:&quot;#&quot;,&quot;pointer&quot;:&quot;/items/properties/nome&quot;}&#10;    domain: &quot;syntax&quot;&#10;    ignored: [&quot;examples&quot;]&#10;warning: the following keywords are unknown and will be ignored: [examples]&#10;    level: &quot;warning&quot;&#10;    schema: {&quot;loadingURI&quot;:&quot;#&quot;,&quot;pointer&quot;:&quot;/items/properties/parcelas&quot;}&#10;    domain: &quot;syntax&quot;&#10;    ignored: [&quot;examples&quot;]&#10;warning: the following keywords are unknown and will be ignored: [examples]&#10;    level: &quot;warning&quot;&#10;    schema: {&quot;loadingURI&quot;:&quot;#&quot;,&quot;pointer&quot;:&quot;/items/properties/seguro&quot;}&#10;    domain: &quot;syntax&quot;&#10;    ignored: [&quot;examples&quot;]&#10;warning: the following keywords are unknown and will be ignored: [examples]&#10;    level: &quot;warning&quot;&#10;    schema: {&quot;loadingURI&quot;:&quot;#&quot;,&quot;pointer&quot;:&quot;/items/properties/valor&quot;}&#10;    domain: &quot;syntax&quot;&#10;    ignored: [&quot;examples&quot;]&#10;warning: the following keywords are unknown and will be ignored: [examples]&#10;    level: &quot;warning&quot;&#10;    schema: {&quot;loadingURI&quot;:&quot;#&quot;,&quot;pointer&quot;:&quot;/items&quot;}&#10;    domain: &quot;syntax&quot;&#10;    ignored: [&quot;examples&quot;]&#10;warning: the following keywords are unknown and will be ignored: [examples]&#10;    level: &quot;warning&quot;&#10;    schema: {&quot;loadingURI&quot;:&quot;#&quot;,&quot;pointer&quot;:&quot;/items/properties/cpf&quot;}&#10;    domain: &quot;syntax&quot;&#10;    ignored: [&quot;examples&quot;]&#10;warning: the following keywords are unknown and will be ignored: [examples]&#10;    level: &quot;warning&quot;&#10;    schema: {&quot;loadingURI&quot;:&quot;#&quot;,&quot;pointer&quot;:&quot;/items/properties/email&quot;}&#10;    domain: &quot;syntax&quot;&#10;    ignored: [&quot;examples&quot;]&#10;warning: the following keywords are unknown and will be ignored: [examples]&#10;    level: &quot;warning&quot;&#10;    schema: {&quot;loadingURI&quot;:&quot;#&quot;,&quot;pointer&quot;:&quot;/items/properties/id&quot;}&#10;    domain: &quot;syntax&quot;&#10;    ignored: [&quot;examples&quot;]&#10;warning: the following keywords are unknown and will be ignored: [examples]&#10;    level: &quot;warning&quot;&#10;    schema: {&quot;loadingURI&quot;:&quot;#&quot;,&quot;pointer&quot;:&quot;/items/properties/nome&quot;}&#10;    domain: &quot;syntax&quot;&#10;    ignored: [&quot;examples&quot;]&#10;warning: the following keywords are unknown and will be ignored: [examples]&#10;    level: &quot;warning&quot;&#10;    schema: {&quot;loadingURI&quot;:&quot;#&quot;,&quot;pointer&quot;:&quot;/items/properties/parcelas&quot;}&#10;    domain: &quot;syntax&quot;&#10;    ignored: [&quot;examples&quot;]&#10;warning: the following keywords are unknown and will be ignored: [examples]&#10;    level: &quot;warning&quot;&#10;    schema: {&quot;loadingURI&quot;:&quot;#&quot;,&quot;pointer&quot;:&quot;/items/properties/seguro&quot;}&#10;    domain: &quot;syntax&quot;&#10;    ignored: [&quot;examples&quot;]&#10;warning: the following keywords are unknown and will be ignored: [examples]&#10;    level: &quot;warning&quot;&#10;    schema: {&quot;loadingURI&quot;:&quot;#&quot;,&quot;pointer&quot;:&quot;/items/properties/valor&quot;}&#10;    domain: &quot;syntax&quot;&#10;    ignored: [&quot;examples&quot;]&#10;warning: the following keywords are unknown and will be ignored: [examples]&#10;    level: &quot;warning&quot;&#10;    schema: {&quot;loadingURI&quot;:&quot;#&quot;,&quot;pointer&quot;:&quot;/items&quot;}&#10;    domain: &quot;syntax&quot;&#10;    ignored: [&quot;examples&quot;]&#10;warning: the following keywords are unknown and will be ignored: [examples]&#10;    level: &quot;warning&quot;&#10;    schema: {&quot;loadingURI&quot;:&quot;#&quot;,&quot;pointer&quot;:&quot;/items/properties/cpf&quot;}&#10;    domain: &quot;syntax&quot;&#10;    ignored: [&quot;examples&quot;]&#10;warning: the following keywords are unknown and will be ignored: [examples]&#10;    level: &quot;warning&quot;&#10;    schema: {&quot;loadingURI&quot;:&quot;#&quot;,&quot;pointer&quot;:&quot;/items/properties/email&quot;}&#10;    domain: &quot;syntax&quot;&#10;    ignored: [&quot;examples&quot;]&#10;warning: the following keywords are unknown and will be ignored: [examples]&#10;    level: &quot;warning&quot;&#10;    schema: {&quot;loadingURI&quot;:&quot;#&quot;,&quot;pointer&quot;:&quot;/items/properties/id&quot;}&#10;    domain: &quot;syntax&quot;&#10;    ignored: [&quot;examples&quot;]&#10;warning: the following keywords are unknown and will be ignored: [examples]&#10;    level: &quot;warning&quot;&#10;    schema: {&quot;loadingURI&quot;:&quot;#&quot;,&quot;pointer&quot;:&quot;/items/properties/nome&quot;}&#10;    domain: &quot;syntax&quot;&#10;    ignored: [&quot;examples&quot;]&#10;warning: the following keywords are unknown and will be ignored: [examples]&#10;    level: &quot;warning&quot;&#10;    schema: {&quot;loadingURI&quot;:&quot;#&quot;,&quot;pointer&quot;:&quot;/items/properties/parcelas&quot;}&#10;    domain: &quot;syntax&quot;&#10;    ignored: [&quot;examples&quot;]&#10;warning: the following keywords are unknown and will be ignored: [examples]&#10;    level: &quot;warning&quot;&#10;    schema: {&quot;loadingURI&quot;:&quot;#&quot;,&quot;pointer&quot;:&quot;/items/properties/seguro&quot;}&#10;    domain: &quot;syntax&quot;&#10;    ignored: [&quot;examples&quot;]&#10;warning: the following keywords are unknown and will be ignored: [examples]&#10;    level: &quot;warning&quot;&#10;    schema: {&quot;loadingURI&quot;:&quot;#&quot;,&quot;pointer&quot;:&quot;/items/properties/valor&quot;}&#10;    domain: &quot;syntax&quot;&#10;    ignored: [&quot;examples&quot;]&#10;warning: the following keywords are unknown and will be ignored: [examples]&#10;    level: &quot;warning&quot;&#10;    schema: {&quot;loadingURI&quot;:&quot;#&quot;,&quot;pointer&quot;:&quot;/items&quot;}&#10;    domain: &quot;syntax&quot;&#10;    ignored: [&quot;examples&quot;]&#10;warning: the following keywords are unknown and will be ignored: [examples]&#10;    level: &quot;warning&quot;&#10;    schema: {&quot;loadingURI&quot;:&quot;#&quot;,&quot;pointer&quot;:&quot;/items/properties/cpf&quot;}&#10;    domain: &quot;syntax&quot;&#10;    ignored: [&quot;examples&quot;]&#10;warning: the following keywords are unknown and will be ignored: [examples]&#10;    level: &quot;warning&quot;&#10;    schema: {&quot;loadingURI&quot;:&quot;#&quot;,&quot;pointer&quot;:&quot;/items/properties/email&quot;}&#10;    domain: &quot;syntax&quot;&#10;    ignored: [&quot;examples&quot;]&#10;warning: the following keywords are unknown and will be ignored: [examples]&#10;    level: &quot;warning&quot;&#10;    schema: {&quot;loadingURI&quot;:&quot;#&quot;,&quot;pointer&quot;:&quot;/items/properties/id&quot;}&#10;    domain: &quot;syntax&quot;&#10;    ignored: [&quot;examples&quot;]&#10;warning: the following keywords are unknown and will be ignored: [examples]&#10;    level: &quot;warning&quot;&#10;    schema: {&quot;loadingURI&quot;:&quot;#&quot;,&quot;pointer&quot;:&quot;/items/properties/nome&quot;}&#10;    domain: &quot;syntax&quot;&#10;    ignored: [&quot;examples&quot;]&#10;warning: the following keywords are unknown and will be ignored: [examples]&#10;    level: &quot;warning&quot;&#10;    schema: {&quot;loadingURI&quot;:&quot;#&quot;,&quot;pointer&quot;:&quot;/items/properties/parcelas&quot;}&#10;    domain: &quot;syntax&quot;&#10;    ignored: [&quot;examples&quot;]&#10;warning: the following keywords are unknown and will be ignored: [examples]&#10;    level: &quot;warning&quot;&#10;    schema: {&quot;loadingURI&quot;:&quot;#&quot;,&quot;pointer&quot;:&quot;/items/properties/seguro&quot;}&#10;    domain: &quot;syntax&quot;&#10;    ignored: [&quot;examples&quot;]&#10;warning: the following keywords are unknown and will be ignored: [examples]&#10;    level: &quot;warning&quot;&#10;    schema: {&quot;loadingURI&quot;:&quot;#&quot;,&quot;pointer&quot;:&quot;/items/properties/valor&quot;}&#10;    domain: &quot;syntax&quot;&#10;    ignored: [&quot;examples&quot;]&#10;warning: the following keywords are unknown and will be ignored: [examples]&#10;    level: &quot;warning&quot;&#10;    schema: {&quot;loadingURI&quot;:&quot;#&quot;,&quot;pointer&quot;:&quot;/items&quot;}&#10;    domain: &quot;syntax&quot;&#10;    ignored: [&quot;examples&quot;]&#10;warning: the following keywords are unknown and will be ignored: [examples]&#10;    level: &quot;warning&quot;&#10;    schema: {&quot;loadingURI&quot;:&quot;#&quot;,&quot;pointer&quot;:&quot;/items/properties/cpf&quot;}&#10;    domain: &quot;syntax&quot;&#10;    ignored: [&quot;examples&quot;]&#10;warning: the following keywords are unknown and will be ignored: [examples]&#10;    level: &quot;warning&quot;&#10;    schema: {&quot;loadingURI&quot;:&quot;#&quot;,&quot;pointer&quot;:&quot;/items/properties/email&quot;}&#10;    domain: &quot;syntax&quot;&#10;    ignored: [&quot;examples&quot;]&#10;warning: the following keywords are unknown and will be ignored: [examples]&#10;    level: &quot;warning&quot;&#10;    schema: {&quot;loadingURI&quot;:&quot;#&quot;,&quot;pointer&quot;:&quot;/items/properties/id&quot;}&#10;    domain: &quot;syntax&quot;&#10;    ignored: [&quot;examples&quot;]&#10;warning: the following keywords are unknown and will be ignored: [examples]&#10;    level: &quot;warning&quot;&#10;    schema: {&quot;loadingURI&quot;:&quot;#&quot;,&quot;pointer&quot;:&quot;/items/properties/nome&quot;}&#10;    domain: &quot;syntax&quot;&#10;    ignored: [&quot;examples&quot;]&#10;warning: the following keywords are unknown and will be ignored: [examples]&#10;    level: &quot;warning&quot;&#10;    schema: {&quot;loadingURI&quot;:&quot;#&quot;,&quot;pointer&quot;:&quot;/items/properties/parcelas&quot;}&#10;    domain: &quot;syntax&quot;&#10;    ignored: [&quot;examples&quot;]&#10;warning: the following keywords are unknown and will be ignored: [examples]&#10;    level: &quot;warning&quot;&#10;    schema: {&quot;loadingURI&quot;:&quot;#&quot;,&quot;pointer&quot;:&quot;/items/properties/seguro&quot;}&#10;    domain: &quot;syntax&quot;&#10;    ignored: [&quot;examples&quot;]&#10;warning: the following keywords are unknown and will be ignored: [examples]&#10;    level: &quot;warning&quot;&#10;    schema: {&quot;loadingURI&quot;:&quot;#&quot;,&quot;pointer&quot;:&quot;/items/properties/valor&quot;}&#10;    domain: &quot;syntax&quot;&#10;    ignored: [&quot;examples&quot;]&#10;warning: the following keywords are unknown and will be ignored: [examples]&#10;    level: &quot;warning&quot;&#10;    schema: {&quot;loadingURI&quot;:&quot;#&quot;,&quot;pointer&quot;:&quot;/items&quot;}&#10;    domain: &quot;syntax&quot;&#10;    ignored: [&quot;examples&quot;]&#10;warning: the following keywords are unknown and will be ignored: [examples]&#10;    level: &quot;warning&quot;&#10;    schema: {&quot;loadingURI&quot;:&quot;#&quot;,&quot;pointer&quot;:&quot;/items/properties/cpf&quot;}&#10;    domain: &quot;syntax&quot;&#10;    ignored: [&quot;examples&quot;]&#10;warning: the following keywords are unknown and will be ignored: [examples]&#10;    level: &quot;warning&quot;&#10;    schema: {&quot;loadingURI&quot;:&quot;#&quot;,&quot;pointer&quot;:&quot;/items/properties/email&quot;}&#10;    domain: &quot;syntax&quot;&#10;    ignored: [&quot;examples&quot;]&#10;warning: the following keywords are unknown and will be ignored: [examples]&#10;    level: &quot;warning&quot;&#10;    schema: {&quot;loadingURI&quot;:&quot;#&quot;,&quot;pointer&quot;:&quot;/items/properties/id&quot;}&#10;    domain: &quot;syntax&quot;&#10;    ignored: [&quot;examples&quot;]&#10;warning: the following keywords are unknown and will be ignored: [examples]&#10;    level: &quot;warning&quot;&#10;    schema: {&quot;loadingURI&quot;:&quot;#&quot;,&quot;pointer&quot;:&quot;/items/properties/nome&quot;}&#10;    domain: &quot;syntax&quot;&#10;    ignored: [&quot;examples&quot;]&#10;warning: the following keywords are unknown and will be ignored: [examples]&#10;    level: &quot;warning&quot;&#10;    schema: {&quot;loadingURI&quot;:&quot;#&quot;,&quot;pointer&quot;:&quot;/items/properties/parcelas&quot;}&#10;    domain: &quot;syntax&quot;&#10;    ignored: [&quot;examples&quot;]&#10;warning: the following keywords are unknown and will be ignored: [examples]&#10;    level: &quot;warning&quot;&#10;    schema: {&quot;loadingURI&quot;:&quot;#&quot;,&quot;pointer&quot;:&quot;/items/properties/seguro&quot;}&#10;    domain: &quot;syntax&quot;&#10;    ignored: [&quot;examples&quot;]&#10;warning: the following keywords are unknown and will be ignored: [examples]&#10;    level: &quot;warning&quot;&#10;    schema: {&quot;loadingURI&quot;:&quot;#&quot;,&quot;pointer&quot;:&quot;/items/properties/valor&quot;}&#10;    domain: &quot;syntax&quot;&#10;    ignored: [&quot;examples&quot;]&#10;warning: the following keywords are unknown and will be ignored: [examples]&#10;    level: &quot;warning&quot;&#10;    schema: {&quot;loadingURI&quot;:&quot;#&quot;,&quot;pointer&quot;:&quot;/items&quot;}&#10;    domain: &quot;syntax&quot;&#10;    ignored: [&quot;examples&quot;]&#10;warning: the following keywords are unknown and will be ignored: [examples]&#10;    level: &quot;warning&quot;&#10;    schema: {&quot;loadingURI&quot;:&quot;#&quot;,&quot;pointer&quot;:&quot;/items/properties/cpf&quot;}&#10;    domain: &quot;syntax&quot;&#10;    ignored: [&quot;examples&quot;]&#10;warning: the following keywords are unknown and will be ignored: [examples]&#10;    level: &quot;warning&quot;&#10;    schema: {&quot;loadingURI&quot;:&quot;#&quot;,&quot;pointer&quot;:&quot;/items/properties/email&quot;}&#10;    domain: &quot;syntax&quot;&#10;    ignored: [&quot;examples&quot;]&#10;warning: the following keywords are unknown and will be ignored: [examples]&#10;    level: &quot;warning&quot;&#10;    schema: {&quot;loadingURI&quot;:&quot;#&quot;,&quot;pointer&quot;:&quot;/items/properties/id&quot;}&#10;    domain: &quot;syntax&quot;&#10;    ignored: [&quot;examples&quot;]&#10;warning: the following keywords are unknown and will be ignored: [examples]&#10;    level: &quot;warning&quot;&#10;    schema: {&quot;loadingURI&quot;:&quot;#&quot;,&quot;pointer&quot;:&quot;/items/properties/nome&quot;}&#10;    domain: &quot;syntax&quot;&#10;    ignored: [&quot;examples&quot;]&#10;warning: the following keywords are unknown and will be ignored: [examples]&#10;    level: &quot;warning&quot;&#10;    schema: {&quot;loadingURI&quot;:&quot;#&quot;,&quot;pointer&quot;:&quot;/items/properties/parcelas&quot;}&#10;    domain: &quot;syntax&quot;&#10;    ignored: [&quot;examples&quot;]&#10;warning: the following keywords are unknown and will be ignored: [examples]&#10;    level: &quot;warning&quot;&#10;    schema: {&quot;loadingURI&quot;:&quot;#&quot;,&quot;pointer&quot;:&quot;/items/properties/seguro&quot;}&#10;    domain: &quot;syntax&quot;&#10;    ignored: [&quot;examples&quot;]&#10;warning: the following keywords are unknown and will be ignored: [examples]&#10;    level: &quot;warning&quot;&#10;    schema: {&quot;loadingURI&quot;:&quot;#&quot;,&quot;pointer&quot;:&quot;/items/properties/valor&quot;}&#10;    domain: &quot;syntax&quot;&#10;    ignored: [&quot;examples&quot;]&#10;warning: the following keywords are unknown and will be ignored: [examples]&#10;    level: &quot;warning&quot;&#10;    schema: {&quot;loadingURI&quot;:&quot;#&quot;,&quot;pointer&quot;:&quot;/items&quot;}&#10;    domain: &quot;syntax&quot;&#10;    ignored: [&quot;examples&quot;]&#10;warning: the following keywords are unknown and will be ignored: [examples]&#10;    level: &quot;warning&quot;&#10;    schema: {&quot;loadingURI&quot;:&quot;#&quot;,&quot;pointer&quot;:&quot;/items/properties/cpf&quot;}&#10;    domain: &quot;syntax&quot;&#10;    ignored: [&quot;examples&quot;]&#10;warning: the following keywords are unknown and will be ignored: [examples]&#10;    level: &quot;warning&quot;&#10;    schema: {&quot;loadingURI&quot;:&quot;#&quot;,&quot;pointer&quot;:&quot;/items/properties/email&quot;}&#10;    domain: &quot;syntax&quot;&#10;    ignored: [&quot;examples&quot;]&#10;warning: the following keywords are unknown and will be ignored: [examples]&#10;    level: &quot;warning&quot;&#10;    schema: {&quot;loadingURI&quot;:&quot;#&quot;,&quot;pointer&quot;:&quot;/items/properties/id&quot;}&#10;    domain: &quot;syntax&quot;&#10;    ignored: [&quot;examples&quot;]&#10;warning: the following keywords are unknown and will be ignored: [examples]&#10;    level: &quot;warning&quot;&#10;    schema: {&quot;loadingURI&quot;:&quot;#&quot;,&quot;pointer&quot;:&quot;/items/properties/nome&quot;}&#10;    domain: &quot;syntax&quot;&#10;    ignored: [&quot;examples&quot;]&#10;warning: the following keywords are unknown and will be ignored: [examples]&#10;    level: &quot;warning&quot;&#10;    schema: {&quot;loadingURI&quot;:&quot;#&quot;,&quot;pointer&quot;:&quot;/items/properties/parcelas&quot;}&#10;    domain: &quot;syntax&quot;&#10;    ignored: [&quot;examples&quot;]&#10;warning: the following keywords are unknown and will be ignored: [examples]&#10;    level: &quot;warning&quot;&#10;    schema: {&quot;loadingURI&quot;:&quot;#&quot;,&quot;pointer&quot;:&quot;/items/properties/seguro&quot;}&#10;    domain: &quot;syntax&quot;&#10;    ignored: [&quot;examples&quot;]&#10;warning: the following keywords are unknown and will be ignored: [examples]&#10;    level: &quot;warning&quot;&#10;    schema: {&quot;loadingURI&quot;:&quot;#&quot;,&quot;pointer&quot;:&quot;/items/properties/valor&quot;}&#10;    domain: &quot;syntax&quot;&#10;    ignored: [&quot;examples&quot;]&#10;warning: the following keywords are unknown and will be ignored: [examples]&#10;    level: &quot;warning&quot;&#10;    schema: {&quot;loadingURI&quot;:&quot;#&quot;,&quot;pointer&quot;:&quot;/items&quot;}&#10;    domain: &quot;syntax&quot;&#10;    ignored: [&quot;examples&quot;]&#10;warning: the following keywords are unknown and will be ignored: [examples]&#10;    level: &quot;warning&quot;&#10;    schema: {&quot;loadingURI&quot;:&quot;#&quot;,&quot;pointer&quot;:&quot;/items/properties/cpf&quot;}&#10;    domain: &quot;syntax&quot;&#10;    ignored: [&quot;examples&quot;]&#10;warning: the following keywords are unknown and will be ignored: [examples]&#10;    level: &quot;warning&quot;&#10;    schema: {&quot;loadingURI&quot;:&quot;#&quot;,&quot;pointer&quot;:&quot;/items/properties/email&quot;}&#10;    domain: &quot;syntax&quot;&#10;    ignored: [&quot;examples&quot;]&#10;warning: the following keywords are unknown and will be ignored: [examples]&#10;    level: &quot;warning&quot;&#10;    schema: {&quot;loadingURI&quot;:&quot;#&quot;,&quot;pointer&quot;:&quot;/items/properties/id&quot;}&#10;    domain: &quot;syntax&quot;&#10;    ignored: [&quot;examples&quot;]&#10;warning: the following keywords are unknown and will be ignored: [examples]&#10;    level: &quot;warning&quot;&#10;    schema: {&quot;loadingURI&quot;:&quot;#&quot;,&quot;pointer&quot;:&quot;/items/properties/nome&quot;}&#10;    domain: &quot;syntax&quot;&#10;    ignored: [&quot;examples&quot;]&#10;warning: the following keywords are unknown and will be ignored: [examples]&#10;    level: &quot;warning&quot;&#10;    schema: {&quot;loadingURI&quot;:&quot;#&quot;,&quot;pointer&quot;:&quot;/items/properties/parcelas&quot;}&#10;    domain: &quot;syntax&quot;&#10;    ignored: [&quot;examples&quot;]&#10;warning: the following keywords are unknown and will be ignored: [examples]&#10;    level: &quot;warning&quot;&#10;    schema: {&quot;loadingURI&quot;:&quot;#&quot;,&quot;pointer&quot;:&quot;/items/properties/seguro&quot;}&#10;    domain: &quot;syntax&quot;&#10;    ignored: [&quot;examples&quot;]&#10;warning: the following keywords are unknown and will be ignored: [examples]&#10;    level: &quot;warning&quot;&#10;    schema: {&quot;loadingURI&quot;:&quot;#&quot;,&quot;pointer&quot;:&quot;/items/properties/valor&quot;}&#10;    domain: &quot;syntax&quot;&#10;    ignored: [&quot;examples&quot;]&#10;warning: the following keywords are unknown and will be ignored: [examples]&#10;    level: &quot;warning&quot;&#10;    schema: {&quot;loadingURI&quot;:&quot;#&quot;,&quot;pointer&quot;:&quot;/items&quot;}&#10;    domain: &quot;syntax&quot;&#10;    ignored: [&quot;examples&quot;]&#10;warning: the following keywords are unknown and will be ignored: [examples]&#10;    level: &quot;warning&quot;&#10;    schema: {&quot;loadingURI&quot;:&quot;#&quot;,&quot;pointer&quot;:&quot;/items/properties/cpf&quot;}&#10;    domain: &quot;syntax&quot;&#10;    ignored: [&quot;examples&quot;]&#10;warning: the following keywords are unknown and will be ignored: [examples]&#10;    level: &quot;warning&quot;&#10;    schema: {&quot;loadingURI&quot;:&quot;#&quot;,&quot;pointer&quot;:&quot;/items/properties/email&quot;}&#10;    domain: &quot;syntax&quot;&#10;    ignored: [&quot;examples&quot;]&#10;warning: the following keywords are unknown and will be ignored: [examples]&#10;    level: &quot;warning&quot;&#10;    schema: {&quot;loadingURI&quot;:&quot;#&quot;,&quot;pointer&quot;:&quot;/items/properties/id&quot;}&#10;    domain: &quot;syntax&quot;&#10;    ignored: [&quot;examples&quot;]&#10;warning: the following keywords are unknown and will be ignored: [examples]&#10;    level: &quot;warning&quot;&#10;    schema: {&quot;loadingURI&quot;:&quot;#&quot;,&quot;pointer&quot;:&quot;/items/properties/nome&quot;}&#10;    domain: &quot;syntax&quot;&#10;    ignored: [&quot;examples&quot;]&#10;warning: the following keywords are unknown and will be ignored: [examples]&#10;    level: &quot;warning&quot;&#10;    schema: {&quot;loadingURI&quot;:&quot;#&quot;,&quot;pointer&quot;:&quot;/items/properties/parcelas&quot;}&#10;    domain: &quot;syntax&quot;&#10;    ignored: [&quot;examples&quot;]&#10;warning: the following keywords are unknown and will be ignored: [examples]&#10;    level: &quot;warning&quot;&#10;    schema: {&quot;loadingURI&quot;:&quot;#&quot;,&quot;pointer&quot;:&quot;/items/properties/seguro&quot;}&#10;    domain: &quot;syntax&quot;&#10;    ignored: [&quot;examples&quot;]&#10;warning: the following keywords are unknown and will be ignored: [examples]&#10;    level: &quot;warning&quot;&#10;    schema: {&quot;loadingURI&quot;:&quot;#&quot;,&quot;pointer&quot;:&quot;/items/properties/valor&quot;}&#10;    domain: &quot;syntax&quot;&#10;    ignored: [&quot;examples&quot;]&#10;warning: the following keywords are unknown and will be ignored: [examples]&#10;    level: &quot;warning&quot;&#10;    schema: {&quot;loadingURI&quot;:&quot;#&quot;,&quot;pointer&quot;:&quot;/items&quot;}&#10;    domain: &quot;syntax&quot;&#10;    ignored: [&quot;examples&quot;]&#10;warning: the following keywords are unknown and will be ignored: [examples]&#10;    level: &quot;warning&quot;&#10;    schema: {&quot;loadingURI&quot;:&quot;#&quot;,&quot;pointer&quot;:&quot;/items/properties/cpf&quot;}&#10;    domain: &quot;syntax&quot;&#10;    ignored: [&quot;examples&quot;]&#10;warning: the following keywords are unknown and will be ignored: [examples]&#10;    level: &quot;warning&quot;&#10;    schema: {&quot;loadingURI&quot;:&quot;#&quot;,&quot;pointer&quot;:&quot;/items/properties/email&quot;}&#10;    domain: &quot;syntax&quot;&#10;    ignored: [&quot;examples&quot;]&#10;warning: the following keywords are unknown and will be ignored: [examples]&#10;    level: &quot;warning&quot;&#10;    schema: {&quot;loadingURI&quot;:&quot;#&quot;,&quot;pointer&quot;:&quot;/items/properties/id&quot;}&#10;    domain: &quot;syntax&quot;&#10;    ignored: [&quot;examples&quot;]&#10;warning: the following keywords are unknown and will be ignored: [examples]&#10;    level: &quot;warning&quot;&#10;    schema: {&quot;loadingURI&quot;:&quot;#&quot;,&quot;pointer&quot;:&quot;/items/properties/nome&quot;}&#10;    domain: &quot;syntax&quot;&#10;    ignored: [&quot;examples&quot;]&#10;warning: the following keywords are unknown and will be ignored: [examples]&#10;    level: &quot;warning&quot;&#10;    schema: {&quot;loadingURI&quot;:&quot;#&quot;,&quot;pointer&quot;:&quot;/items/properties/parcelas&quot;}&#10;    domain: &quot;syntax&quot;&#10;    ignored: [&quot;examples&quot;]&#10;warning: the following keywords are unknown and will be ignored: [examples]&#10;    level: &quot;warning&quot;&#10;    schema: {&quot;loadingURI&quot;:&quot;#&quot;,&quot;pointer&quot;:&quot;/items/properties/seguro&quot;}&#10;    domain: &quot;syntax&quot;&#10;    ignored: [&quot;examples&quot;]&#10;warning: the following keywords are unknown and will be ignored: [examples]&#10;    level: &quot;warning&quot;&#10;    schema: {&quot;loadingURI&quot;:&quot;#&quot;,&quot;pointer&quot;:&quot;/items/properties/valor&quot;}&#10;    domain: &quot;syntax&quot;&#10;    ignored: [&quot;examples&quot;]&#10;warning: the following keywords are unknown and will be ignored: [examples]&#10;    level: &quot;warning&quot;&#10;    schema: {&quot;loadingURI&quot;:&quot;#&quot;,&quot;pointer&quot;:&quot;/items&quot;}&#10;    domain: &quot;syntax&quot;&#10;    ignored: [&quot;examples&quot;]&#10;warning: the following keywords are unknown and will be ignored: [examples]&#10;    level: &quot;warning&quot;&#10;    schema: {&quot;loadingURI&quot;:&quot;#&quot;,&quot;pointer&quot;:&quot;/items/properties/cpf&quot;}&#10;    domain: &quot;syntax&quot;&#10;    ignored: [&quot;examples&quot;]&#10;warning: the following keywords are unknown and will be ignored: [examples]&#10;    level: &quot;warning&quot;&#10;    schema: {&quot;loadingURI&quot;:&quot;#&quot;,&quot;pointer&quot;:&quot;/items/properties/email&quot;}&#10;    domain: &quot;syntax&quot;&#10;    ignored: [&quot;examples&quot;]&#10;warning: the following keywords are unknown and will be ignored: [examples]&#10;    level: &quot;warning&quot;&#10;    schema: {&quot;loadingURI&quot;:&quot;#&quot;,&quot;pointer&quot;:&quot;/items/properties/id&quot;}&#10;    domain: &quot;syntax&quot;&#10;    ignored: [&quot;examples&quot;]&#10;warning: the following keywords are unknown and will be ignored: [examples]&#10;    level: &quot;warning&quot;&#10;    schema: {&quot;loadingURI&quot;:&quot;#&quot;,&quot;pointer&quot;:&quot;/items/properties/nome&quot;}&#10;    domain: &quot;syntax&quot;&#10;    ignored: [&quot;examples&quot;]&#10;warning: the following keywords are unknown and will be ignored: [examples]&#10;    level: &quot;warning&quot;&#10;    schema: {&quot;loadingURI&quot;:&quot;#&quot;,&quot;pointer&quot;:&quot;/items/properties/parcelas&quot;}&#10;    domain: &quot;syntax&quot;&#10;    ignored: [&quot;examples&quot;]&#10;warning: the following keywords are unknown and will be ignored: [examples]&#10;    level: &quot;warning&quot;&#10;    schema: {&quot;loadingURI&quot;:&quot;#&quot;,&quot;pointer&quot;:&quot;/items/properties/seguro&quot;}&#10;    domain: &quot;syntax&quot;&#10;    ignored: [&quot;examples&quot;]&#10;warning: the following keywords are unknown and will be ignored: [examples]&#10;    level: &quot;warning&quot;&#10;    schema: {&quot;loadingURI&quot;:&quot;#&quot;,&quot;pointer&quot;:&quot;/items/properties/valor&quot;}&#10;    domain: &quot;syntax&quot;&#10;    ignored: [&quot;examples&quot;]&#10;warning: the following keywords are unknown and will be ignored: [examples]&#10;    level: &quot;warning&quot;&#10;    schema: {&quot;loadingURI&quot;:&quot;#&quot;,&quot;pointer&quot;:&quot;/items&quot;}&#10;    domain: &quot;syntax&quot;&#10;    ignored: [&quot;examples&quot;]&#10;warning: the following keywords are unknown and will be ignored: [examples]&#10;    level: &quot;warning&quot;&#10;    schema: {&quot;loadingURI&quot;:&quot;#&quot;,&quot;pointer&quot;:&quot;/items/properties/cpf&quot;}&#10;    domain: &quot;syntax&quot;&#10;    ignored: [&quot;examples&quot;]&#10;warning: the following keywords are unknown and will be ignored: [examples]&#10;    level: &quot;warning&quot;&#10;    schema: {&quot;loadingURI&quot;:&quot;#&quot;,&quot;pointer&quot;:&quot;/items/properties/email&quot;}&#10;    domain: &quot;syntax&quot;&#10;    ignored: [&quot;examples&quot;]&#10;warning: the following keywords are unknown and will be ignored: [examples]&#10;    level: &quot;warning&quot;&#10;    schema: {&quot;loadingURI&quot;:&quot;#&quot;,&quot;pointer&quot;:&quot;/items/properties/id&quot;}&#10;    domain: &quot;syntax&quot;&#10;    ignored: [&quot;examples&quot;]&#10;warning: the following keywords are unknown and will be ignored: [examples]&#10;    level: &quot;warning&quot;&#10;    schema: {&quot;loadingURI&quot;:&quot;#&quot;,&quot;pointer&quot;:&quot;/items/properties/nome&quot;}&#10;    domain: &quot;syntax&quot;&#10;    ignored: [&quot;examples&quot;]&#10;warning: the following keywords are unknown and will be ignored: [examples]&#10;    level: &quot;warning&quot;&#10;    schema: {&quot;loadingURI&quot;:&quot;#&quot;,&quot;pointer&quot;:&quot;/items/properties/parcelas&quot;}&#10;    domain: &quot;syntax&quot;&#10;    ignored: [&quot;examples&quot;]&#10;warning: the following keywords are unknown and will be ignored: [examples]&#10;    level: &quot;warning&quot;&#10;    schema: {&quot;loadingURI&quot;:&quot;#&quot;,&quot;pointer&quot;:&quot;/items/properties/seguro&quot;}&#10;    domain: &quot;syntax&quot;&#10;    ignored: [&quot;examples&quot;]&#10;warning: the following keywords are unknown and will be ignored: [examples]&#10;    level: &quot;warning&quot;&#10;    schema: {&quot;loadingURI&quot;:&quot;#&quot;,&quot;pointer&quot;:&quot;/items/properties/valor&quot;}&#10;    domain: &quot;syntax&quot;&#10;    ignored: [&quot;examples&quot;]&#10;warning: the following keywords are unknown and will be ignored: [examples]&#10;    level: &quot;warning&quot;&#10;    schema: {&quot;loadingURI&quot;:&quot;#&quot;,&quot;pointer&quot;:&quot;/items&quot;}&#10;    domain: &quot;syntax&quot;&#10;    ignored: [&quot;examples&quot;]&#10;warning: the following keywords are unknown and will be ignored: [examples]&#10;    level: &quot;warning&quot;&#10;    schema: {&quot;loadingURI&quot;:&quot;#&quot;,&quot;pointer&quot;:&quot;/items/properties/cpf&quot;}&#10;    domain: &quot;syntax&quot;&#10;    ignored: [&quot;examples&quot;]&#10;warning: the following keywords are unknown and will be ignored: [examples]&#10;    level: &quot;warning&quot;&#10;    schema: {&quot;loadingURI&quot;:&quot;#&quot;,&quot;pointer&quot;:&quot;/items/properties/email&quot;}&#10;    domain: &quot;syntax&quot;&#10;    ignored: [&quot;examples&quot;]&#10;warning: the following keywords are unknown and will be ignored: [examples]&#10;    level: &quot;warning&quot;&#10;    schema: {&quot;loadingURI&quot;:&quot;#&quot;,&quot;pointer&quot;:&quot;/items/properties/id&quot;}&#10;    domain: &quot;syntax&quot;&#10;    ignored: [&quot;examples&quot;]&#10;warning: the following keywords are unknown and will be ignored: [examples]&#10;    level: &quot;warning&quot;&#10;    schema: {&quot;loadingURI&quot;:&quot;#&quot;,&quot;pointer&quot;:&quot;/items/properties/nome&quot;}&#10;    domain: &quot;syntax&quot;&#10;    ignored: [&quot;examples&quot;]&#10;warning: the following keywords are unknown and will be ignored: [examples]&#10;    level: &quot;warning&quot;&#10;    schema: {&quot;loadingURI&quot;:&quot;#&quot;,&quot;pointer&quot;:&quot;/items/properties/parcelas&quot;}&#10;    domain: &quot;syntax&quot;&#10;    ignored: [&quot;examples&quot;]&#10;warning: the following keywords are unknown and will be ignored: [examples]&#10;    level: &quot;warning&quot;&#10;    schema: {&quot;loadingURI&quot;:&quot;#&quot;,&quot;pointer&quot;:&quot;/items/properties/seguro&quot;}&#10;    domain: &quot;syntax&quot;&#10;    ignored: [&quot;examples&quot;]&#10;warning: the following keywords are unknown and will be ignored: [examples]&#10;    level: &quot;warning&quot;&#10;    schema: {&quot;loadingURI&quot;:&quot;#&quot;,&quot;pointer&quot;:&quot;/items/properties/valor&quot;}&#10;    domain: &quot;syntax&quot;&#10;    ignored: [&quot;examples&quot;]&#10;warning: the following keywords are unknown and will be ignored: [examples]&#10;    level: &quot;warning&quot;&#10;    schema: {&quot;loadingURI&quot;:&quot;#&quot;,&quot;pointer&quot;:&quot;/items&quot;}&#10;    domain: &quot;syntax&quot;&#10;    ignored: [&quot;examples&quot;]&#10;warning: the following keywords are unknown and will be ignored: [examples]&#10;    level: &quot;warning&quot;&#10;    schema: {&quot;loadingURI&quot;:&quot;#&quot;,&quot;pointer&quot;:&quot;/items/properties/cpf&quot;}&#10;    domain: &quot;syntax&quot;&#10;    ignored: [&quot;examples&quot;]&#10;warning: the following keywords are unknown and will be ignored: [examples]&#10;    level: &quot;warning&quot;&#10;    schema: {&quot;loadingURI&quot;:&quot;#&quot;,&quot;pointer&quot;:&quot;/items/properties/email&quot;}&#10;    domain: &quot;syntax&quot;&#10;    ignored: [&quot;examples&quot;]&#10;warning: the following keywords are unknown and will be ignored: [examples]&#10;    level: &quot;warning&quot;&#10;    schema: {&quot;loadingURI&quot;:&quot;#&quot;,&quot;pointer&quot;:&quot;/items/properties/id&quot;}&#10;    domain: &quot;syntax&quot;&#10;    ignored: [&quot;examples&quot;]&#10;warning: the following keywords are unknown and will be ignored: [examples]&#10;    level: &quot;warning&quot;&#10;    schema: {&quot;loadingURI&quot;:&quot;#&quot;,&quot;pointer&quot;:&quot;/items/properties/nome&quot;}&#10;    domain: &quot;syntax&quot;&#10;    ignored: [&quot;examples&quot;]&#10;warning: the following keywords are unknown and will be ignored: [examples]&#10;    level: &quot;warning&quot;&#10;    schema: {&quot;loadingURI&quot;:&quot;#&quot;,&quot;pointer&quot;:&quot;/items/properties/parcelas&quot;}&#10;    domain: &quot;syntax&quot;&#10;    ignored: [&quot;examples&quot;]&#10;warning: the following keywords are unknown and will be ignored: [examples]&#10;    level: &quot;warning&quot;&#10;    schema: {&quot;loadingURI&quot;:&quot;#&quot;,&quot;pointer&quot;:&quot;/items/properties/seguro&quot;}&#10;    domain: &quot;syntax&quot;&#10;    ignored: [&quot;examples&quot;]&#10;warning: the following keywords are unknown and will be ignored: [examples]&#10;    level: &quot;warning&quot;&#10;    schema: {&quot;loadingURI&quot;:&quot;#&quot;,&quot;pointer&quot;:&quot;/items/properties/valor&quot;}&#10;    domain: &quot;syntax&quot;&#10;    ignored: [&quot;examples&quot;]&#10;warning: the following keywords are unknown and will be ignored: [examples]&#10;    level: &quot;warning&quot;&#10;    schema: {&quot;loadingURI&quot;:&quot;#&quot;,&quot;pointer&quot;:&quot;/items&quot;}&#10;    domain: &quot;syntax&quot;&#10;    ignored: [&quot;examples&quot;]&#10;warning: the following keywords are unknown and will be ignored: [examples]&#10;    level: &quot;warning&quot;&#10;    schema: {&quot;loadingURI&quot;:&quot;#&quot;,&quot;pointer&quot;:&quot;/items/properties/cpf&quot;}&#10;    domain: &quot;syntax&quot;&#10;    ignored: [&quot;examples&quot;]&#10;warning: the following keywords are unknown and will be ignored: [examples]&#10;    level: &quot;warning&quot;&#10;    schema: {&quot;loadingURI&quot;:&quot;#&quot;,&quot;pointer&quot;:&quot;/items/properties/email&quot;}&#10;    domain: &quot;syntax&quot;&#10;    ignored: [&quot;examples&quot;]&#10;warning: the following keywords are unknown and will be ignored: [examples]&#10;    level: &quot;warning&quot;&#10;    schema: {&quot;loadingURI&quot;:&quot;#&quot;,&quot;pointer&quot;:&quot;/items/properties/id&quot;}&#10;    domain: &quot;syntax&quot;&#10;    ignored: [&quot;examples&quot;]&#10;warning: the following keywords are unknown and will be ignored: [examples]&#10;    level: &quot;warning&quot;&#10;    schema: {&quot;loadingURI&quot;:&quot;#&quot;,&quot;pointer&quot;:&quot;/items/properties/nome&quot;}&#10;    domain: &quot;syntax&quot;&#10;    ignored: [&quot;examples&quot;]&#10;warning: the following keywords are unknown and will be ignored: [examples]&#10;    level: &quot;warning&quot;&#10;    schema: {&quot;loadingURI&quot;:&quot;#&quot;,&quot;pointer&quot;:&quot;/items/properties/parcelas&quot;}&#10;    domain: &quot;syntax&quot;&#10;    ignored: [&quot;examples&quot;]&#10;warning: the following keywords are unknown and will be ignored: [examples]&#10;    level: &quot;warning&quot;&#10;    schema: {&quot;loadingURI&quot;:&quot;#&quot;,&quot;pointer&quot;:&quot;/items/properties/seguro&quot;}&#10;    domain: &quot;syntax&quot;&#10;    ignored: [&quot;examples&quot;]&#10;warning: the following keywords are unknown and will be ignored: [examples]&#10;    level: &quot;warning&quot;&#10;    schema: {&quot;loadingURI&quot;:&quot;#&quot;,&quot;pointer&quot;:&quot;/items/properties/valor&quot;}&#10;    domain: &quot;syntax&quot;&#10;    ignored: [&quot;examples&quot;]&#10;warning: the following keywords are unknown and will be ignored: [examples]&#10;    level: &quot;warning&quot;&#10;    schema: {&quot;loadingURI&quot;:&quot;#&quot;,&quot;pointer&quot;:&quot;/items&quot;}&#10;    domain: &quot;syntax&quot;&#10;    ignored: [&quot;examples&quot;]&#10;warning: the following keywords are unknown and will be ignored: [examples]&#10;    level: &quot;warning&quot;&#10;    schema: {&quot;loadingURI&quot;:&quot;#&quot;,&quot;pointer&quot;:&quot;/items/properties/cpf&quot;}&#10;    domain: &quot;syntax&quot;&#10;    ignored: [&quot;examples&quot;]&#10;warning: the following keywords are unknown and will be ignored: [examples]&#10;    level: &quot;warning&quot;&#10;    schema: {&quot;loadingURI&quot;:&quot;#&quot;,&quot;pointer&quot;:&quot;/items/properties/email&quot;}&#10;    domain: &quot;syntax&quot;&#10;    ignored: [&quot;examples&quot;]&#10;warning: the following keywords are unknown and will be ignored: [examples]&#10;    level: &quot;warning&quot;&#10;    schema: {&quot;loadingURI&quot;:&quot;#&quot;,&quot;pointer&quot;:&quot;/items/properties/id&quot;}&#10;    domain: &quot;syntax&quot;&#10;    ignored: [&quot;examples&quot;]&#10;warning: the following keywords are unknown and will be ignored: [examples]&#10;    level: &quot;warning&quot;&#10;    schema: {&quot;loadingURI&quot;:&quot;#&quot;,&quot;pointer&quot;:&quot;/items/properties/nome&quot;}&#10;    domain: &quot;syntax&quot;&#10;    ignored: [&quot;examples&quot;]&#10;warning: the following keywords are unknown and will be ignored: [examples]&#10;    level: &quot;warning&quot;&#10;    schema: {&quot;loadingURI&quot;:&quot;#&quot;,&quot;pointer&quot;:&quot;/items/properties/parcelas&quot;}&#10;    domain: &quot;syntax&quot;&#10;    ignored: [&quot;examples&quot;]&#10;warning: the following keywords are unknown and will be ignored: [examples]&#10;    level: &quot;warning&quot;&#10;    schema: {&quot;loadingURI&quot;:&quot;#&quot;,&quot;pointer&quot;:&quot;/items/properties/seguro&quot;}&#10;    domain: &quot;syntax&quot;&#10;    ignored: [&quot;examples&quot;]&#10;warning: the following keywords are unknown and will be ignored: [examples]&#10;    level: &quot;warning&quot;&#10;    schema: {&quot;loadingURI&quot;:&quot;#&quot;,&quot;pointer&quot;:&quot;/items/properties/valor&quot;}&#10;    domain: &quot;syntax&quot;&#10;    ignored: [&quot;examples&quot;]&#10;warning: the following keywords are unknown and will be ignored: [examples]&#10;    level: &quot;warning&quot;&#10;    schema: {&quot;loadingURI&quot;:&quot;#&quot;,&quot;pointer&quot;:&quot;/items&quot;}&#10;    domain: &quot;syntax&quot;&#10;    ignored: [&quot;examples&quot;]&#10;warning: the following keywords are unknown and will be ignored: [examples]&#10;    level: &quot;warning&quot;&#10;    schema: {&quot;loadingURI&quot;:&quot;#&quot;,&quot;pointer&quot;:&quot;/items/properties/cpf&quot;}&#10;    domain: &quot;syntax&quot;&#10;    ignored: [&quot;examples&quot;]&#10;warning: the following keywords are unknown and will be ignored: [examples]&#10;    level: &quot;warning&quot;&#10;    schema: {&quot;loadingURI&quot;:&quot;#&quot;,&quot;pointer&quot;:&quot;/items/properties/email&quot;}&#10;    domain: &quot;syntax&quot;&#10;    ignored: [&quot;examples&quot;]&#10;warning: the following keywords are unknown and will be ignored: [examples]&#10;    level: &quot;warning&quot;&#10;    schema: {&quot;loadingURI&quot;:&quot;#&quot;,&quot;pointer&quot;:&quot;/items/properties/id&quot;}&#10;    domain: &quot;syntax&quot;&#10;    ignored: [&quot;examples&quot;]&#10;warning: the following keywords are unknown and will be ignored: [examples]&#10;    level: &quot;warning&quot;&#10;    schema: {&quot;loadingURI&quot;:&quot;#&quot;,&quot;pointer&quot;:&quot;/items/properties/nome&quot;}&#10;    domain: &quot;syntax&quot;&#10;    ignored: [&quot;examples&quot;]&#10;warning: the following keywords are unknown and will be ignored: [examples]&#10;    level: &quot;warning&quot;&#10;    schema: {&quot;loadingURI&quot;:&quot;#&quot;,&quot;pointer&quot;:&quot;/items/properties/parcelas&quot;}&#10;    domain: &quot;syntax&quot;&#10;    ignored: [&quot;examples&quot;]&#10;warning: the following keywords are unknown and will be ignored: [examples]&#10;    level: &quot;warning&quot;&#10;    schema: {&quot;loadingURI&quot;:&quot;#&quot;,&quot;pointer&quot;:&quot;/items/properties/seguro&quot;}&#10;    domain: &quot;syntax&quot;&#10;    ignored: [&quot;examples&quot;]&#10;warning: the following keywords are unknown and will be ignored: [examples]&#10;    level: &quot;warning&quot;&#10;    schema: {&quot;loadingURI&quot;:&quot;#&quot;,&quot;pointer&quot;:&quot;/items/properties/valor&quot;}&#10;    domain: &quot;syntax&quot;&#10;    ignored: [&quot;examples&quot;]&#10;warning: the following keywords are unknown and will be ignored: [examples]&#10;    level: &quot;warning&quot;&#10;    schema: {&quot;loadingURI&quot;:&quot;#&quot;,&quot;pointer&quot;:&quot;/items&quot;}&#10;    domain: &quot;syntax&quot;&#10;    ignored: [&quot;examples&quot;]&#10;warning: the following keywords are unknown and will be ignored: [examples]&#10;    level: &quot;warning&quot;&#10;    schema: {&quot;loadingURI&quot;:&quot;#&quot;,&quot;pointer&quot;:&quot;/items/properties/cpf&quot;}&#10;    domain: &quot;syntax&quot;&#10;    ignored: [&quot;examples&quot;]&#10;warning: the following keywords are unknown and will be ignored: [examples]&#10;    level: &quot;warning&quot;&#10;    schema: {&quot;loadingURI&quot;:&quot;#&quot;,&quot;pointer&quot;:&quot;/items/properties/email&quot;}&#10;    domain: &quot;syntax&quot;&#10;    ignored: [&quot;examples&quot;]&#10;warning: the following keywords are unknown and will be ignored: [examples]&#10;    level: &quot;warning&quot;&#10;    schema: {&quot;loadingURI&quot;:&quot;#&quot;,&quot;pointer&quot;:&quot;/items/properties/id&quot;}&#10;    domain: &quot;syntax&quot;&#10;    ignored: [&quot;examples&quot;]&#10;warning: the following keywords are unknown and will be ignored: [examples]&#10;    level: &quot;warning&quot;&#10;    schema: {&quot;loadingURI&quot;:&quot;#&quot;,&quot;pointer&quot;:&quot;/items/properties/nome&quot;}&#10;    domain: &quot;syntax&quot;&#10;    ignored: [&quot;examples&quot;]&#10;warning: the following keywords are unknown and will be ignored: [examples]&#10;    level: &quot;warning&quot;&#10;    schema: {&quot;loadingURI&quot;:&quot;#&quot;,&quot;pointer&quot;:&quot;/items/properties/parcelas&quot;}&#10;    domain: &quot;syntax&quot;&#10;    ignored: [&quot;examples&quot;]&#10;warning: the following keywords are unknown and will be ignored: [examples]&#10;    level: &quot;warning&quot;&#10;    schema: {&quot;loadingURI&quot;:&quot;#&quot;,&quot;pointer&quot;:&quot;/items/properties/seguro&quot;}&#10;    domain: &quot;syntax&quot;&#10;    ignored: [&quot;examples&quot;]&#10;warning: the following keywords are unknown and will be ignored: [examples]&#10;    level: &quot;warning&quot;&#10;    schema: {&quot;loadingURI&quot;:&quot;#&quot;,&quot;pointer&quot;:&quot;/items/properties/valor&quot;}&#10;    domain: &quot;syntax&quot;&#10;    ignored: [&quot;examples&quot;]&#10;warning: the following keywords are unknown and will be ignored: [examples]&#10;    level: &quot;warning&quot;&#10;    schema: {&quot;loadingURI&quot;:&quot;#&quot;,&quot;pointer&quot;:&quot;/items&quot;}&#10;    domain: &quot;syntax&quot;&#10;    ignored: [&quot;examples&quot;]&#10;warning: the following keywords are unknown and will be ignored: [examples]&#10;    level: &quot;warning&quot;&#10;    schema: {&quot;loadingURI&quot;:&quot;#&quot;,&quot;pointer&quot;:&quot;/items/properties/cpf&quot;}&#10;    domain: &quot;syntax&quot;&#10;    ignored: [&quot;examples&quot;]&#10;warning: the following keywords are unknown and will be ignored: [examples]&#10;    level: &quot;warning&quot;&#10;    schema: {&quot;loadingURI&quot;:&quot;#&quot;,&quot;pointer&quot;:&quot;/items/properties/email&quot;}&#10;    domain: &quot;syntax&quot;&#10;    ignored: [&quot;examples&quot;]&#10;warning: the following keywords are unknown and will be ignored: [examples]&#10;    level: &quot;warning&quot;&#10;    schema: {&quot;loadingURI&quot;:&quot;#&quot;,&quot;pointer&quot;:&quot;/items/properties/id&quot;}&#10;    domain: &quot;syntax&quot;&#10;    ignored: [&quot;examples&quot;]&#10;warning: the following keywords are unknown and will be ignored: [examples]&#10;    level: &quot;warning&quot;&#10;    schema: {&quot;loadingURI&quot;:&quot;#&quot;,&quot;pointer&quot;:&quot;/items/properties/nome&quot;}&#10;    domain: &quot;syntax&quot;&#10;    ignored: [&quot;examples&quot;]&#10;warning: the following keywords are unknown and will be ignored: [examples]&#10;    level: &quot;warning&quot;&#10;    schema: {&quot;loadingURI&quot;:&quot;#&quot;,&quot;pointer&quot;:&quot;/items/properties/parcelas&quot;}&#10;    domain: &quot;syntax&quot;&#10;    ignored: [&quot;examples&quot;]&#10;warning: the following keywords are unknown and will be ignored: [examples]&#10;    level: &quot;warning&quot;&#10;    schema: {&quot;loadingURI&quot;:&quot;#&quot;,&quot;pointer&quot;:&quot;/items/properties/seguro&quot;}&#10;    domain: &quot;syntax&quot;&#10;    ignored: [&quot;examples&quot;]&#10;warning: the following keywords are unknown and will be ignored: [examples]&#10;    level: &quot;warning&quot;&#10;    schema: {&quot;loadingURI&quot;:&quot;#&quot;,&quot;pointer&quot;:&quot;/items/properties/valor&quot;}&#10;    domain: &quot;syntax&quot;&#10;    ignored: [&quot;examples&quot;]&#10;warning: the following keywords are unknown and will be ignored: [examples]&#10;    level: &quot;warning&quot;&#10;    schema: {&quot;loadingURI&quot;:&quot;#&quot;,&quot;pointer&quot;:&quot;/items&quot;}&#10;    domain: &quot;syntax&quot;&#10;    ignored: [&quot;examples&quot;]&#10;warning: the following keywords are unknown and will be ignored: [examples]&#10;    level: &quot;warning&quot;&#10;    schema: {&quot;loadingURI&quot;:&quot;#&quot;,&quot;pointer&quot;:&quot;/items/properties/cpf&quot;}&#10;    domain: &quot;syntax&quot;&#10;    ignored: [&quot;examples&quot;]&#10;warning: the following keywords are unknown and will be ignored: [examples]&#10;    level: &quot;warning&quot;&#10;    schema: {&quot;loadingURI&quot;:&quot;#&quot;,&quot;pointer&quot;:&quot;/items/properties/email&quot;}&#10;    domain: &quot;syntax&quot;&#10;    ignored: [&quot;examples&quot;]&#10;warning: the following keywords are unknown and will be ignored: [examples]&#10;    level: &quot;warning&quot;&#10;    schema: {&quot;loadingURI&quot;:&quot;#&quot;,&quot;pointer&quot;:&quot;/items/properties/id&quot;}&#10;    domain: &quot;syntax&quot;&#10;    ignored: [&quot;examples&quot;]&#10;warning: the following keywords are unknown and will be ignored: [examples]&#10;    level: &quot;warning&quot;&#10;    schema: {&quot;loadingURI&quot;:&quot;#&quot;,&quot;pointer&quot;:&quot;/items/properties/nome&quot;}&#10;    domain: &quot;syntax&quot;&#10;    ignored: [&quot;examples&quot;]&#10;warning: the following keywords are unknown and will be ignored: [examples]&#10;    level: &quot;warning&quot;&#10;    schema: {&quot;loadingURI&quot;:&quot;#&quot;,&quot;pointer&quot;:&quot;/items/properties/parcelas&quot;}&#10;    domain: &quot;syntax&quot;&#10;    ignored: [&quot;examples&quot;]&#10;warning: the following keywords are unknown and will be ignored: [examples]&#10;    level: &quot;warning&quot;&#10;    schema: {&quot;loadingURI&quot;:&quot;#&quot;,&quot;pointer&quot;:&quot;/items/properties/seguro&quot;}&#10;    domain: &quot;syntax&quot;&#10;    ignored: [&quot;examples&quot;]&#10;warning: the following keywords are unknown and will be ignored: [examples]&#10;    level: &quot;warning&quot;&#10;    schema: {&quot;loadingURI&quot;:&quot;#&quot;,&quot;pointer&quot;:&quot;/items/properties/valor&quot;}&#10;    domain: &quot;syntax&quot;&#10;    ignored: [&quot;examples&quot;]&#10;warning: the following keywords are unknown and will be ignored: [examples]&#10;    level: &quot;warning&quot;&#10;    schema: {&quot;loadingURI&quot;:&quot;#&quot;,&quot;pointer&quot;:&quot;/items&quot;}&#10;    domain: &quot;syntax&quot;&#10;    ignored: [&quot;examples&quot;]&#10;warning: the following keywords are unknown and will be ignored: [examples]&#10;    level: &quot;warning&quot;&#10;    schema: {&quot;loadingURI&quot;:&quot;#&quot;,&quot;pointer&quot;:&quot;/items/properties/cpf&quot;}&#10;    domain: &quot;syntax&quot;&#10;    ignored: [&quot;examples&quot;]&#10;warning: the following keywords are unknown and will be ignored: [examples]&#10;    level: &quot;warning&quot;&#10;    schema: {&quot;loadingURI&quot;:&quot;#&quot;,&quot;pointer&quot;:&quot;/items/properties/email&quot;}&#10;    domain: &quot;syntax&quot;&#10;    ignored: [&quot;examples&quot;]&#10;warning: the following keywords are unknown and will be ignored: [examples]&#10;    level: &quot;warning&quot;&#10;    schema: {&quot;loadingURI&quot;:&quot;#&quot;,&quot;pointer&quot;:&quot;/items/properties/id&quot;}&#10;    domain: &quot;syntax&quot;&#10;    ignored: [&quot;examples&quot;]&#10;warning: the following keywords are unknown and will be ignored: [examples]&#10;    level: &quot;warning&quot;&#10;    schema: {&quot;loadingURI&quot;:&quot;#&quot;,&quot;pointer&quot;:&quot;/items/properties/nome&quot;}&#10;    domain: &quot;syntax&quot;&#10;    ignored: [&quot;examples&quot;]&#10;warning: the following keywords are unknown and will be ignored: [examples]&#10;    level: &quot;warning&quot;&#10;    schema: {&quot;loadingURI&quot;:&quot;#&quot;,&quot;pointer&quot;:&quot;/items/properties/parcelas&quot;}&#10;    domain: &quot;syntax&quot;&#10;    ignored: [&quot;examples&quot;]&#10;warning: the following keywords are unknown and will be ignored: [examples]&#10;    level: &quot;warning&quot;&#10;    schema: {&quot;loadingURI&quot;:&quot;#&quot;,&quot;pointer&quot;:&quot;/items/properties/seguro&quot;}&#10;    domain: &quot;syntax&quot;&#10;    ignored: [&quot;examples&quot;]&#10;warning: the following keywords are unknown and will be ignored: [examples]&#10;    level: &quot;warning&quot;&#10;    schema: {&quot;loadingURI&quot;:&quot;#&quot;,&quot;pointer&quot;:&quot;/items/properties/valor&quot;}&#10;    domain: &quot;syntax&quot;&#10;    ignored: [&quot;examples&quot;]&#10;warning: the following keywords are unknown and will be ignored: [examples]&#10;    level: &quot;warning&quot;&#10;    schema: {&quot;loadingURI&quot;:&quot;#&quot;,&quot;pointer&quot;:&quot;/items&quot;}&#10;    domain: &quot;syntax&quot;&#10;    ignored: [&quot;examples&quot;]&#10;warning: the following keywords are unknown and will be ignored: [examples]&#10;    level: &quot;warning&quot;&#10;    schema: {&quot;loadingURI&quot;:&quot;#&quot;,&quot;pointer&quot;:&quot;/items/properties/cpf&quot;}&#10;    domain: &quot;syntax&quot;&#10;    ignored: [&quot;examples&quot;]&#10;warning: the following keywords are unknown and will be ignored: [examples]&#10;    level: &quot;warning&quot;&#10;    schema: {&quot;loadingURI&quot;:&quot;#&quot;,&quot;pointer&quot;:&quot;/items/properties/email&quot;}&#10;    domain: &quot;syntax&quot;&#10;    ignored: [&quot;examples&quot;]&#10;warning: the following keywords are unknown and will be ignored: [examples]&#10;    level: &quot;warning&quot;&#10;    schema: {&quot;loadingURI&quot;:&quot;#&quot;,&quot;pointer&quot;:&quot;/items/properties/id&quot;}&#10;    domain: &quot;syntax&quot;&#10;    ignored: [&quot;examples&quot;]&#10;warning: the following keywords are unknown and will be ignored: [examples]&#10;    level: &quot;warning&quot;&#10;    schema: {&quot;loadingURI&quot;:&quot;#&quot;,&quot;pointer&quot;:&quot;/items/properties/nome&quot;}&#10;    domain: &quot;syntax&quot;&#10;    ignored: [&quot;examples&quot;]&#10;warning: the following keywords are unknown and will be ignored: [examples]&#10;    level: &quot;warning&quot;&#10;    schema: {&quot;loadingURI&quot;:&quot;#&quot;,&quot;pointer&quot;:&quot;/items/properties/parcelas&quot;}&#10;    domain: &quot;syntax&quot;&#10;    ignored: [&quot;examples&quot;]&#10;warning: the following keywords are unknown and will be ignored: [examples]&#10;    level: &quot;warning&quot;&#10;    schema: {&quot;loadingURI&quot;:&quot;#&quot;,&quot;pointer&quot;:&quot;/items/properties/seguro&quot;}&#10;    domain: &quot;syntax&quot;&#10;    ignored: [&quot;examples&quot;]&#10;warning: the following keywords are unknown and will be ignored: [examples]&#10;    level: &quot;warning&quot;&#10;    schema: {&quot;loadingURI&quot;:&quot;#&quot;,&quot;pointer&quot;:&quot;/items/properties/valor&quot;}&#10;    domain: &quot;syntax&quot;&#10;    ignored: [&quot;examples&quot;]&#10;warning: the following keywords are unknown and will be ignored: [examples]&#10;    level: &quot;warning&quot;&#10;    schema: {&quot;loadingURI&quot;:&quot;#&quot;,&quot;pointer&quot;:&quot;/items&quot;}&#10;    domain: &quot;syntax&quot;&#10;    ignored: [&quot;examples&quot;]&#10;warning: the following keywords are unknown and will be ignored: [examples]&#10;    level: &quot;warning&quot;&#10;    schema: {&quot;loadingURI&quot;:&quot;#&quot;,&quot;pointer&quot;:&quot;/items/properties/cpf&quot;}&#10;    domain: &quot;syntax&quot;&#10;    ignored: [&quot;examples&quot;]&#10;warning: the following keywords are unknown and will be ignored: [examples]&#10;    level: &quot;warning&quot;&#10;    schema: {&quot;loadingURI&quot;:&quot;#&quot;,&quot;pointer&quot;:&quot;/items/properties/email&quot;}&#10;    domain: &quot;syntax&quot;&#10;    ignored: [&quot;examples&quot;]&#10;warning: the following keywords are unknown and will be ignored: [examples]&#10;    level: &quot;warning&quot;&#10;    schema: {&quot;loadingURI&quot;:&quot;#&quot;,&quot;pointer&quot;:&quot;/items/properties/id&quot;}&#10;    domain: &quot;syntax&quot;&#10;    ignored: [&quot;examples&quot;]&#10;warning: the following keywords are unknown and will be ignored: [examples]&#10;    level: &quot;warning&quot;&#10;    schema: {&quot;loadingURI&quot;:&quot;#&quot;,&quot;pointer&quot;:&quot;/items/properties/nome&quot;}&#10;    domain: &quot;syntax&quot;&#10;    ignored: [&quot;examples&quot;]&#10;warning: the following keywords are unknown and will be ignored: [examples]&#10;    level: &quot;warning&quot;&#10;    schema: {&quot;loadingURI&quot;:&quot;#&quot;,&quot;pointer&quot;:&quot;/items/properties/parcelas&quot;}&#10;    domain: &quot;syntax&quot;&#10;    ignored: [&quot;examples&quot;]&#10;warning: the following keywords are unknown and will be ignored: [examples]&#10;    level: &quot;warning&quot;&#10;    schema: {&quot;loadingURI&quot;:&quot;#&quot;,&quot;pointer&quot;:&quot;/items/properties/seguro&quot;}&#10;    domain: &quot;syntax&quot;&#10;    ignored: [&quot;examples&quot;]&#10;warning: the following keywords are unknown and will be ignored: [examples]&#10;    level: &quot;warning&quot;&#10;    schema: {&quot;loadingURI&quot;:&quot;#&quot;,&quot;pointer&quot;:&quot;/items/properties/valor&quot;}&#10;    domain: &quot;syntax&quot;&#10;    ignored: [&quot;examples&quot;]&#10;warning: the following keywords are unknown and will be ignored: [examples]&#10;    level: &quot;warning&quot;&#10;    schema: {&quot;loadingURI&quot;:&quot;#&quot;,&quot;pointer&quot;:&quot;/items&quot;}&#10;    domain: &quot;syntax&quot;&#10;    ignored: [&quot;examples&quot;]&#10;warning: the following keywords are unknown and will be ignored: [examples]&#10;    level: &quot;warning&quot;&#10;    schema: {&quot;loadingURI&quot;:&quot;#&quot;,&quot;pointer&quot;:&quot;/items/properties/cpf&quot;}&#10;    domain: &quot;syntax&quot;&#10;    ignored: [&quot;examples&quot;]&#10;warning: the following keywords are unknown and will be ignored: [examples]&#10;    level: &quot;warning&quot;&#10;    schema: {&quot;loadingURI&quot;:&quot;#&quot;,&quot;pointer&quot;:&quot;/items/properties/email&quot;}&#10;    domain: &quot;syntax&quot;&#10;    ignored: [&quot;examples&quot;]&#10;warning: the following keywords are unknown and will be ignored: [examples]&#10;    level: &quot;warning&quot;&#10;    schema: {&quot;loadingURI&quot;:&quot;#&quot;,&quot;pointer&quot;:&quot;/items/properties/id&quot;}&#10;    domain: &quot;syntax&quot;&#10;    ignored: [&quot;examples&quot;]&#10;warning: the following keywords are unknown and will be ignored: [examples]&#10;    level: &quot;warning&quot;&#10;    schema: {&quot;loadingURI&quot;:&quot;#&quot;,&quot;pointer&quot;:&quot;/items/properties/nome&quot;}&#10;    domain: &quot;syntax&quot;&#10;    ignored: [&quot;examples&quot;]&#10;warning: the following keywords are unknown and will be ignored: [examples]&#10;    level: &quot;warning&quot;&#10;    schema: {&quot;loadingURI&quot;:&quot;#&quot;,&quot;pointer&quot;:&quot;/items/properties/parcelas&quot;}&#10;    domain: &quot;syntax&quot;&#10;    ignored: [&quot;examples&quot;]&#10;warning: the following keywords are unknown and will be ignored: [examples]&#10;    level: &quot;warning&quot;&#10;    schema: {&quot;loadingURI&quot;:&quot;#&quot;,&quot;pointer&quot;:&quot;/items/properties/seguro&quot;}&#10;    domain: &quot;syntax&quot;&#10;    ignored: [&quot;examples&quot;]&#10;warning: the following keywords are unknown and will be ignored: [examples]&#10;    level: &quot;warning&quot;&#10;    schema: {&quot;loadingURI&quot;:&quot;#&quot;,&quot;pointer&quot;:&quot;/items/properties/valor&quot;}&#10;    domain: &quot;syntax&quot;&#10;    ignored: [&quot;examples&quot;]&#10;warning: the following keywords are unknown and will be ignored: [examples]&#10;    level: &quot;warning&quot;&#10;    schema: {&quot;loadingURI&quot;:&quot;#&quot;,&quot;pointer&quot;:&quot;/items&quot;}&#10;    domain: &quot;syntax&quot;&#10;    ignored: [&quot;examples&quot;]&#10;warning: the following keywords are unknown and will be ignored: [examples]&#10;    level: &quot;warning&quot;&#10;    schema: {&quot;loadingURI&quot;:&quot;#&quot;,&quot;pointer&quot;:&quot;/items/properties/cpf&quot;}&#10;    domain: &quot;syntax&quot;&#10;    ignored: [&quot;examples&quot;]&#10;warning: the following keywords are unknown and will be ignored: [examples]&#10;    level: &quot;warning&quot;&#10;    schema: {&quot;loadingURI&quot;:&quot;#&quot;,&quot;pointer&quot;:&quot;/items/properties/email&quot;}&#10;    domain: &quot;syntax&quot;&#10;    ignored: [&quot;examples&quot;]&#10;warning: the following keywords are unknown and will be ignored: [examples]&#10;    level: &quot;warning&quot;&#10;    schema: {&quot;loadingURI&quot;:&quot;#&quot;,&quot;pointer&quot;:&quot;/items/properties/id&quot;}&#10;    domain: &quot;syntax&quot;&#10;    ignored: [&quot;examples&quot;]&#10;warning: the following keywords are unknown and will be ignored: [examples]&#10;    level: &quot;warning&quot;&#10;    schema: {&quot;loadingURI&quot;:&quot;#&quot;,&quot;pointer&quot;:&quot;/items/properties/nome&quot;}&#10;    domain: &quot;syntax&quot;&#10;    ignored: [&quot;examples&quot;]&#10;warning: the following keywords are unknown and will be ignored: [examples]&#10;    level: &quot;warning&quot;&#10;    schema: {&quot;loadingURI&quot;:&quot;#&quot;,&quot;pointer&quot;:&quot;/items/properties/parcelas&quot;}&#10;    domain: &quot;syntax&quot;&#10;    ignored: [&quot;examples&quot;]&#10;warning: the following keywords are unknown and will be ignored: [examples]&#10;    level: &quot;warning&quot;&#10;    schema: {&quot;loadingURI&quot;:&quot;#&quot;,&quot;pointer&quot;:&quot;/items/properties/seguro&quot;}&#10;    domain: &quot;syntax&quot;&#10;    ignored: [&quot;examples&quot;]&#10;warning: the following keywords are unknown and will be ignored: [examples]&#10;    level: &quot;warning&quot;&#10;    schema: {&quot;loadingURI&quot;:&quot;#&quot;,&quot;pointer&quot;:&quot;/items/properties/valor&quot;}&#10;    domain: &quot;syntax&quot;&#10;    ignored: [&quot;examples&quot;]&#10;warning: the following keywords are unknown and will be ignored: [examples]&#10;    level: &quot;warning&quot;&#10;    schema: {&quot;loadingURI&quot;:&quot;#&quot;,&quot;pointer&quot;:&quot;/items&quot;}&#10;    domain: &quot;syntax&quot;&#10;    ignored: [&quot;examples&quot;]&#10;warning: the following keywords are unknown and will be ignored: [examples]&#10;    level: &quot;warning&quot;&#10;    schema: {&quot;loadingURI&quot;:&quot;#&quot;,&quot;pointer&quot;:&quot;/items/properties/cpf&quot;}&#10;    domain: &quot;syntax&quot;&#10;    ignored: [&quot;examples&quot;]&#10;warning: the following keywords are unknown and will be ignored: [examples]&#10;    level: &quot;warning&quot;&#10;    schema: {&quot;loadingURI&quot;:&quot;#&quot;,&quot;pointer&quot;:&quot;/items/properties/email&quot;}&#10;    domain: &quot;syntax&quot;&#10;    ignored: [&quot;examples&quot;]&#10;warning: the following keywords are unknown and will be ignored: [examples]&#10;    level: &quot;warning&quot;&#10;    schema: {&quot;loadingURI&quot;:&quot;#&quot;,&quot;pointer&quot;:&quot;/items/properties/id&quot;}&#10;    domain: &quot;syntax&quot;&#10;    ignored: [&quot;examples&quot;]&#10;warning: the following keywords are unknown and will be ignored: [examples]&#10;    level: &quot;warning&quot;&#10;    schema: {&quot;loadingURI&quot;:&quot;#&quot;,&quot;pointer&quot;:&quot;/items/properties/nome&quot;}&#10;    domain: &quot;syntax&quot;&#10;    ignored: [&quot;examples&quot;]&#10;warning: the following keywords are unknown and will be ignored: [examples]&#10;    level: &quot;warning&quot;&#10;    schema: {&quot;loadingURI&quot;:&quot;#&quot;,&quot;pointer&quot;:&quot;/items/properties/parcelas&quot;}&#10;    domain: &quot;syntax&quot;&#10;    ignored: [&quot;examples&quot;]&#10;warning: the following keywords are unknown and will be ignored: [examples]&#10;    level: &quot;warning&quot;&#10;    schema: {&quot;loadingURI&quot;:&quot;#&quot;,&quot;pointer&quot;:&quot;/items/properties/seguro&quot;}&#10;    domain: &quot;syntax&quot;&#10;    ignored: [&quot;examples&quot;]&#10;warning: the following keywords are unknown and will be ignored: [examples]&#10;    level: &quot;warning&quot;&#10;    schema: {&quot;loadingURI&quot;:&quot;#&quot;,&quot;pointer&quot;:&quot;/items/properties/valor&quot;}&#10;    domain: &quot;syntax&quot;&#10;    ignored: [&quot;examples&quot;]&#10;warning: the following keywords are unknown and will be ignored: [examples]&#10;    level: &quot;warning&quot;&#10;    schema: {&quot;loadingURI&quot;:&quot;#&quot;,&quot;pointer&quot;:&quot;/items&quot;}&#10;    domain: &quot;syntax&quot;&#10;    ignored: [&quot;examples&quot;]&#10;warning: the following keywords are unknown and will be ignored: [examples]&#10;    level: &quot;warning&quot;&#10;    schema: {&quot;loadingURI&quot;:&quot;#&quot;,&quot;pointer&quot;:&quot;/items/properties/cpf&quot;}&#10;    domain: &quot;syntax&quot;&#10;    ignored: [&quot;examples&quot;]&#10;warning: the following keywords are unknown and will be ignored: [examples]&#10;    level: &quot;warning&quot;&#10;    schema: {&quot;loadingURI&quot;:&quot;#&quot;,&quot;pointer&quot;:&quot;/items/properties/email&quot;}&#10;    domain: &quot;syntax&quot;&#10;    ignored: [&quot;examples&quot;]&#10;warning: the following keywords are unknown and will be ignored: [examples]&#10;    level: &quot;warning&quot;&#10;    schema: {&quot;loadingURI&quot;:&quot;#&quot;,&quot;pointer&quot;:&quot;/items/properties/id&quot;}&#10;    domain: &quot;syntax&quot;&#10;    ignored: [&quot;examples&quot;]&#10;warning: the following keywords are unknown and will be ignored: [examples]&#10;    level: &quot;warning&quot;&#10;    schema: {&quot;loadingURI&quot;:&quot;#&quot;,&quot;pointer&quot;:&quot;/items/properties/nome&quot;}&#10;    domain: &quot;syntax&quot;&#10;    ignored: [&quot;examples&quot;]&#10;warning: the following keywords are unknown and will be ignored: [examples]&#10;    level: &quot;warning&quot;&#10;    schema: {&quot;loadingURI&quot;:&quot;#&quot;,&quot;pointer&quot;:&quot;/items/properties/parcelas&quot;}&#10;    domain: &quot;syntax&quot;&#10;    ignored: [&quot;examples&quot;]&#10;warning: the following keywords are unknown and will be ignored: [examples]&#10;    level: &quot;warning&quot;&#10;    schema: {&quot;loadingURI&quot;:&quot;#&quot;,&quot;pointer&quot;:&quot;/items/properties/seguro&quot;}&#10;    domain: &quot;syntax&quot;&#10;    ignored: [&quot;examples&quot;]&#10;warning: the following keywords are unknown and will be ignored: [examples]&#10;    level: &quot;warning&quot;&#10;    schema: {&quot;loadingURI&quot;:&quot;#&quot;,&quot;pointer&quot;:&quot;/items/properties/valor&quot;}&#10;    domain: &quot;syntax&quot;&#10;    ignored: [&quot;examples&quot;]&#10;warning: the following keywords are unknown and will be ignored: [examples]&#10;    level: &quot;warning&quot;&#10;    schema: {&quot;loadingURI&quot;:&quot;#&quot;,&quot;pointer&quot;:&quot;/items&quot;}&#10;    domain: &quot;syntax&quot;&#10;    ignored: [&quot;examples&quot;]&#10;warning: the following keywords are unknown and will be ignored: [examples]&#10;    level: &quot;warning&quot;&#10;    schema: {&quot;loadingURI&quot;:&quot;#&quot;,&quot;pointer&quot;:&quot;/items/properties/cpf&quot;}&#10;    domain: &quot;syntax&quot;&#10;    ignored: [&quot;examples&quot;]&#10;warning: the following keywords are unknown and will be ignored: [examples]&#10;    level: &quot;warning&quot;&#10;    schema: {&quot;loadingURI&quot;:&quot;#&quot;,&quot;pointer&quot;:&quot;/items/properties/email&quot;}&#10;    domain: &quot;syntax&quot;&#10;    ignored: [&quot;examples&quot;]&#10;warning: the following keywords are unknown and will be ignored: [examples]&#10;    level: &quot;warning&quot;&#10;    schema: {&quot;loadingURI&quot;:&quot;#&quot;,&quot;pointer&quot;:&quot;/items/properties/id&quot;}&#10;    domain: &quot;syntax&quot;&#10;    ignored: [&quot;examples&quot;]&#10;warning: the following keywords are unknown and will be ignored: [examples]&#10;    level: &quot;warning&quot;&#10;    schema: {&quot;loadingURI&quot;:&quot;#&quot;,&quot;pointer&quot;:&quot;/items/properties/nome&quot;}&#10;    domain: &quot;syntax&quot;&#10;    ignored: [&quot;examples&quot;]&#10;warning: the following keywords are unknown and will be ignored: [examples]&#10;    level: &quot;warning&quot;&#10;    schema: {&quot;loadingURI&quot;:&quot;#&quot;,&quot;pointer&quot;:&quot;/items/properties/parcelas&quot;}&#10;    domain: &quot;syntax&quot;&#10;    ignored: [&quot;examples&quot;]&#10;warning: the following keywords are unknown and will be ignored: [examples]&#10;    level: &quot;warning&quot;&#10;    schema: {&quot;loadingURI&quot;:&quot;#&quot;,&quot;pointer&quot;:&quot;/items/properties/seguro&quot;}&#10;    domain: &quot;syntax&quot;&#10;    ignored: [&quot;examples&quot;]&#10;warning: the following keywords are unknown and will be ignored: [examples]&#10;    level: &quot;warning&quot;&#10;    schema: {&quot;loadingURI&quot;:&quot;#&quot;,&quot;pointer&quot;:&quot;/items/properties/valor&quot;}&#10;    domain: &quot;syntax&quot;&#10;    ignored: [&quot;examples&quot;]&#10;warning: the following keywords are unknown and will be ignored: [examples]&#10;    level: &quot;warning&quot;&#10;    schema: {&quot;loadingURI&quot;:&quot;#&quot;,&quot;pointer&quot;:&quot;/items&quot;}&#10;    domain: &quot;syntax&quot;&#10;    ignored: [&quot;examples&quot;]&#10;warning: the following keywords are unknown and will be ignored: [examples]&#10;    level: &quot;warning&quot;&#10;    schema: {&quot;loadingURI&quot;:&quot;#&quot;,&quot;pointer&quot;:&quot;/items/properties/cpf&quot;}&#10;    domain: &quot;syntax&quot;&#10;    ignored: [&quot;examples&quot;]&#10;warning: the following keywords are unknown and will be ignored: [examples]&#10;    level: &quot;warning&quot;&#10;    schema: {&quot;loadingURI&quot;:&quot;#&quot;,&quot;pointer&quot;:&quot;/items/properties/email&quot;}&#10;    domain: &quot;syntax&quot;&#10;    ignored: [&quot;examples&quot;]&#10;warning: the following keywords are unknown and will be ignored: [examples]&#10;    level: &quot;warning&quot;&#10;    schema: {&quot;loadingURI&quot;:&quot;#&quot;,&quot;pointer&quot;:&quot;/items/properties/id&quot;}&#10;    domain: &quot;syntax&quot;&#10;    ignored: [&quot;examples&quot;]&#10;warning: the following keywords are unknown and will be ignored: [examples]&#10;    level: &quot;warning&quot;&#10;    schema: {&quot;loadingURI&quot;:&quot;#&quot;,&quot;pointer&quot;:&quot;/items/properties/nome&quot;}&#10;    domain: &quot;syntax&quot;&#10;    ignored: [&quot;examples&quot;]&#10;warning: the following keywords are unknown and will be ignored: [examples]&#10;    level: &quot;warning&quot;&#10;    schema: {&quot;loadingURI&quot;:&quot;#&quot;,&quot;pointer&quot;:&quot;/items/properties/parcelas&quot;}&#10;    domain: &quot;syntax&quot;&#10;    ignored: [&quot;examples&quot;]&#10;warning: the following keywords are unknown and will be ignored: [examples]&#10;    level: &quot;warning&quot;&#10;    schema: {&quot;loadingURI&quot;:&quot;#&quot;,&quot;pointer&quot;:&quot;/items/properties/seguro&quot;}&#10;    domain: &quot;syntax&quot;&#10;    ignored: [&quot;examples&quot;]&#10;warning: the following keywords are unknown and will be ignored: [examples]&#10;    level: &quot;warning&quot;&#10;    schema: {&quot;loadingURI&quot;:&quot;#&quot;,&quot;pointer&quot;:&quot;/items/properties/valor&quot;}&#10;    domain: &quot;syntax&quot;&#10;    ignored: [&quot;examples&quot;]&#10;warning: the following keywords are unknown and will be ignored: [examples]&#10;    level: &quot;warning&quot;&#10;    schema: {&quot;loadingURI&quot;:&quot;#&quot;,&quot;pointer&quot;:&quot;/items&quot;}&#10;    domain: &quot;syntax&quot;&#10;    ignored: [&quot;examples&quot;]&#10;warning: the following keywords are unknown and will be ignored: [examples]&#10;    level: &quot;warning&quot;&#10;    schema: {&quot;loadingURI&quot;:&quot;#&quot;,&quot;pointer&quot;:&quot;/items/properties/cpf&quot;}&#10;    domain: &quot;syntax&quot;&#10;    ignored: [&quot;examples&quot;]&#10;warning: the following keywords are unknown and will be ignored: [examples]&#10;    level: &quot;warning&quot;&#10;    schema: {&quot;loadingURI&quot;:&quot;#&quot;,&quot;pointer&quot;:&quot;/items/properties/email&quot;}&#10;    domain: &quot;syntax&quot;&#10;    ignored: [&quot;examples&quot;]&#10;warning: the following keywords are unknown and will be ignored: [examples]&#10;    level: &quot;warning&quot;&#10;    schema: {&quot;loadingURI&quot;:&quot;#&quot;,&quot;pointer&quot;:&quot;/items/properties/id&quot;}&#10;    domain: &quot;syntax&quot;&#10;    ignored: [&quot;examples&quot;]&#10;warning: the following keywords are unknown and will be ignored: [examples]&#10;    level: &quot;warning&quot;&#10;    schema: {&quot;loadingURI&quot;:&quot;#&quot;,&quot;pointer&quot;:&quot;/items/properties/nome&quot;}&#10;    domain: &quot;syntax&quot;&#10;    ignored: [&quot;examples&quot;]&#10;warning: the following keywords are unknown and will be ignored: [examples]&#10;    level: &quot;warning&quot;&#10;    schema: {&quot;loadingURI&quot;:&quot;#&quot;,&quot;pointer&quot;:&quot;/items/properties/parcelas&quot;}&#10;    domain: &quot;syntax&quot;&#10;    ignored: [&quot;examples&quot;]&#10;warning: the following keywords are unknown and will be ignored: [examples]&#10;    level: &quot;warning&quot;&#10;    schema: {&quot;loadingURI&quot;:&quot;#&quot;,&quot;pointer&quot;:&quot;/items/properties/seguro&quot;}&#10;    domain: &quot;syntax&quot;&#10;    ignored: [&quot;examples&quot;]&#10;warning: the following keywords are unknown and will be ignored: [examples]&#10;    level: &quot;warning&quot;&#10;    schema: {&quot;loadingURI&quot;:&quot;#&quot;,&quot;pointer&quot;:&quot;/items/properties/valor&quot;}&#10;    domain: &quot;syntax&quot;&#10;    ignored: [&quot;examples&quot;]&#10;warning: the following keywords are unknown and will be ignored: [examples]&#10;    level: &quot;warning&quot;&#10;    schema: {&quot;loadingURI&quot;:&quot;#&quot;,&quot;pointer&quot;:&quot;/items&quot;}&#10;    domain: &quot;syntax&quot;&#10;    ignored: [&quot;examples&quot;]&#10;warning: the following keywords are unknown and will be ignored: [examples]&#10;    level: &quot;warning&quot;&#10;    schema: {&quot;loadingURI&quot;:&quot;#&quot;,&quot;pointer&quot;:&quot;/items/properties/cpf&quot;}&#10;    domain: &quot;syntax&quot;&#10;    ignored: [&quot;examples&quot;]&#10;warning: the following keywords are unknown and will be ignored: [examples]&#10;    level: &quot;warning&quot;&#10;    schema: {&quot;loadingURI&quot;:&quot;#&quot;,&quot;pointer&quot;:&quot;/items/properties/email&quot;}&#10;    domain: &quot;syntax&quot;&#10;    ignored: [&quot;examples&quot;]&#10;warning: the following keywords are unknown and will be ignored: [examples]&#10;    level: &quot;warning&quot;&#10;    schema: {&quot;loadingURI&quot;:&quot;#&quot;,&quot;pointer&quot;:&quot;/items/properties/id&quot;}&#10;    domain: &quot;syntax&quot;&#10;    ignored: [&quot;examples&quot;]&#10;warning: the following keywords are unknown and will be ignored: [examples]&#10;    level: &quot;warning&quot;&#10;    schema: {&quot;loadingURI&quot;:&quot;#&quot;,&quot;pointer&quot;:&quot;/items/properties/nome&quot;}&#10;    domain: &quot;syntax&quot;&#10;    ignored: [&quot;examples&quot;]&#10;warning: the following keywords are unknown and will be ignored: [examples]&#10;    level: &quot;warning&quot;&#10;    schema: {&quot;loadingURI&quot;:&quot;#&quot;,&quot;pointer&quot;:&quot;/items/properties/parcelas&quot;}&#10;    domain: &quot;syntax&quot;&#10;    ignored: [&quot;examples&quot;]&#10;warning: the following keywords are unknown and will be ignored: [examples]&#10;    level: &quot;warning&quot;&#10;    schema: {&quot;loadingURI&quot;:&quot;#&quot;,&quot;pointer&quot;:&quot;/items/properties/seguro&quot;}&#10;    domain: &quot;syntax&quot;&#10;    ignored: [&quot;examples&quot;]&#10;warning: the following keywords are unknown and will be ignored: [examples]&#10;    level: &quot;warning&quot;&#10;    schema: {&quot;loadingURI&quot;:&quot;#&quot;,&quot;pointer&quot;:&quot;/items/properties/valor&quot;}&#10;    domain: &quot;syntax&quot;&#10;    ignored: [&quot;examples&quot;]&#10;warning: the following keywords are unknown and will be ignored: [examples]&#10;    level: &quot;warning&quot;&#10;    schema: {&quot;loadingURI&quot;:&quot;#&quot;,&quot;pointer&quot;:&quot;/items&quot;}&#10;    domain: &quot;syntax&quot;&#10;    ignored: [&quot;examples&quot;]&#10;warning: the following keywords are unknown and will be ignored: [examples]&#10;    level: &quot;warning&quot;&#10;    schema: {&quot;loadingURI&quot;:&quot;#&quot;,&quot;pointer&quot;:&quot;/items/properties/cpf&quot;}&#10;    domain: &quot;syntax&quot;&#10;    ignored: [&quot;examples&quot;]&#10;warning: the following keywords are unknown and will be ignored: [examples]&#10;    level: &quot;warning&quot;&#10;    schema: {&quot;loadingURI&quot;:&quot;#&quot;,&quot;pointer&quot;:&quot;/items/properties/email&quot;}&#10;    domain: &quot;syntax&quot;&#10;    ignored: [&quot;examples&quot;]&#10;warning: the following keywords are unknown and will be ignored: [examples]&#10;    level: &quot;warning&quot;&#10;    schema: {&quot;loadingURI&quot;:&quot;#&quot;,&quot;pointer&quot;:&quot;/items/properties/id&quot;}&#10;    domain: &quot;syntax&quot;&#10;    ignored: [&quot;examples&quot;]&#10;warning: the following keywords are unknown and will be ignored: [examples]&#10;    level: &quot;warning&quot;&#10;    schema: {&quot;loadingURI&quot;:&quot;#&quot;,&quot;pointer&quot;:&quot;/items/properties/nome&quot;}&#10;    domain: &quot;syntax&quot;&#10;    ignored: [&quot;examples&quot;]&#10;warning: the following keywords are unknown and will be ignored: [examples]&#10;    level: &quot;warning&quot;&#10;    schema: {&quot;loadingURI&quot;:&quot;#&quot;,&quot;pointer&quot;:&quot;/items/properties/parcelas&quot;}&#10;    domain: &quot;syntax&quot;&#10;    ignored: [&quot;examples&quot;]&#10;warning: the following keywords are unknown and will be ignored: [examples]&#10;    level: &quot;warning&quot;&#10;    schema: {&quot;loadingURI&quot;:&quot;#&quot;,&quot;pointer&quot;:&quot;/items/properties/seguro&quot;}&#10;    domain: &quot;syntax&quot;&#10;    ignored: [&quot;examples&quot;]&#10;warning: the following keywords are unknown and will be ignored: [examples]&#10;    level: &quot;warning&quot;&#10;    schema: {&quot;loadingURI&quot;:&quot;#&quot;,&quot;pointer&quot;:&quot;/items/properties/valor&quot;}&#10;    domain: &quot;syntax&quot;&#10;    ignored: [&quot;examples&quot;]&#10;warning: the following keywords are unknown and will be ignored: [examples]&#10;    level: &quot;warning&quot;&#10;    schema: {&quot;loadingURI&quot;:&quot;#&quot;,&quot;pointer&quot;:&quot;/items&quot;}&#10;    domain: &quot;syntax&quot;&#10;    ignored: [&quot;examples&quot;]&#10;warning: the following keywords are unknown and will be ignored: [examples]&#10;    level: &quot;warning&quot;&#10;    schema: {&quot;loadingURI&quot;:&quot;#&quot;,&quot;pointer&quot;:&quot;/items/properties/cpf&quot;}&#10;    domain: &quot;syntax&quot;&#10;    ignored: [&quot;examples&quot;]&#10;warning: the following keywords are unknown and will be ignored: [examples]&#10;    level: &quot;warning&quot;&#10;    schema: {&quot;loadingURI&quot;:&quot;#&quot;,&quot;pointer&quot;:&quot;/items/properties/email&quot;}&#10;    domain: &quot;syntax&quot;&#10;    ignored: [&quot;examples&quot;]&#10;warning: the following keywords are unknown and will be ignored: [examples]&#10;    level: &quot;warning&quot;&#10;    schema: {&quot;loadingURI&quot;:&quot;#&quot;,&quot;pointer&quot;:&quot;/items/properties/id&quot;}&#10;    domain: &quot;syntax&quot;&#10;    ignored: [&quot;examples&quot;]&#10;warning: the following keywords are unknown and will be ignored: [examples]&#10;    level: &quot;warning&quot;&#10;    schema: {&quot;loadingURI&quot;:&quot;#&quot;,&quot;pointer&quot;:&quot;/items/properties/nome&quot;}&#10;    domain: &quot;syntax&quot;&#10;    ignored: [&quot;examples&quot;]&#10;warning: the following keywords are unknown and will be ignored: [examples]&#10;    level: &quot;warning&quot;&#10;    schema: {&quot;loadingURI&quot;:&quot;#&quot;,&quot;pointer&quot;:&quot;/items/properties/parcelas&quot;}&#10;    domain: &quot;syntax&quot;&#10;    ignored: [&quot;examples&quot;]&#10;warning: the following keywords are unknown and will be ignored: [examples]&#10;    level: &quot;warning&quot;&#10;    schema: {&quot;loadingURI&quot;:&quot;#&quot;,&quot;pointer&quot;:&quot;/items/properties/seguro&quot;}&#10;    domain: &quot;syntax&quot;&#10;    ignored: [&quot;examples&quot;]&#10;warning: the following keywords are unknown and will be ignored: [examples]&#10;    level: &quot;warning&quot;&#10;    schema: {&quot;loadingURI&quot;:&quot;#&quot;,&quot;pointer&quot;:&quot;/items/properties/valor&quot;}&#10;    domain: &quot;syntax&quot;&#10;    ignored: [&quot;examples&quot;]&#10;warning: the following keywords are unknown and will be ignored: [examples]&#10;    level: &quot;warning&quot;&#10;    schema: {&quot;loadingURI&quot;:&quot;#&quot;,&quot;pointer&quot;:&quot;/items&quot;}&#10;    domain: &quot;syntax&quot;&#10;    ignored: [&quot;examples&quot;]&#10;warning: the following keywords are unknown and will be ignored: [examples]&#10;    level: &quot;warning&quot;&#10;    schema: {&quot;loadingURI&quot;:&quot;#&quot;,&quot;pointer&quot;:&quot;/items/properties/cpf&quot;}&#10;    domain: &quot;syntax&quot;&#10;    ignored: [&quot;examples&quot;]&#10;warning: the following keywords are unknown and will be ignored: [examples]&#10;    level: &quot;warning&quot;&#10;    schema: {&quot;loadingURI&quot;:&quot;#&quot;,&quot;pointer&quot;:&quot;/items/properties/email&quot;}&#10;    domain: &quot;syntax&quot;&#10;    ignored: [&quot;examples&quot;]&#10;warning: the following keywords are unknown and will be ignored: [examples]&#10;    level: &quot;warning&quot;&#10;    schema: {&quot;loadingURI&quot;:&quot;#&quot;,&quot;pointer&quot;:&quot;/items/properties/id&quot;}&#10;    domain: &quot;syntax&quot;&#10;    ignored: [&quot;examples&quot;]&#10;warning: the following keywords are unknown and will be ignored: [examples]&#10;    level: &quot;warning&quot;&#10;    schema: {&quot;loadingURI&quot;:&quot;#&quot;,&quot;pointer&quot;:&quot;/items/properties/nome&quot;}&#10;    domain: &quot;syntax&quot;&#10;    ignored: [&quot;examples&quot;]&#10;warning: the following keywords are unknown and will be ignored: [examples]&#10;    level: &quot;warning&quot;&#10;    schema: {&quot;loadingURI&quot;:&quot;#&quot;,&quot;pointer&quot;:&quot;/items/properties/parcelas&quot;}&#10;    domain: &quot;syntax&quot;&#10;    ignored: [&quot;examples&quot;]&#10;warning: the following keywords are unknown and will be ignored: [examples]&#10;    level: &quot;warning&quot;&#10;    schema: {&quot;loadingURI&quot;:&quot;#&quot;,&quot;pointer&quot;:&quot;/items/properties/seguro&quot;}&#10;    domain: &quot;syntax&quot;&#10;    ignored: [&quot;examples&quot;]&#10;warning: the following keywords are unknown and will be ignored: [examples]&#10;    level: &quot;warning&quot;&#10;    schema: {&quot;loadingURI&quot;:&quot;#&quot;,&quot;pointer&quot;:&quot;/items/properties/valor&quot;}&#10;    domain: &quot;syntax&quot;&#10;    ignored: [&quot;examples&quot;]&#10;warning: the following keywords are unknown and will be ignored: [examples]&#10;    level: &quot;warning&quot;&#10;    schema: {&quot;loadingURI&quot;:&quot;#&quot;,&quot;pointer&quot;:&quot;/items&quot;}&#10;    domain: &quot;syntax&quot;&#10;    ignored: [&quot;examples&quot;]&#10;warning: the following keywords are unknown and will be ignored: [examples]&#10;    level: &quot;warning&quot;&#10;    schema: {&quot;loadingURI&quot;:&quot;#&quot;,&quot;pointer&quot;:&quot;/items/properties/cpf&quot;}&#10;    domain: &quot;syntax&quot;&#10;    ignored: [&quot;examples&quot;]&#10;warning: the following keywords are unknown and will be ignored: [examples]&#10;    level: &quot;warning&quot;&#10;    schema: {&quot;loadingURI&quot;:&quot;#&quot;,&quot;pointer&quot;:&quot;/items/properties/email&quot;}&#10;    domain: &quot;syntax&quot;&#10;    ignored: [&quot;examples&quot;]&#10;warning: the following keywords are unknown and will be ignored: [examples]&#10;    level: &quot;warning&quot;&#10;    schema: {&quot;loadingURI&quot;:&quot;#&quot;,&quot;pointer&quot;:&quot;/items/properties/id&quot;}&#10;    domain: &quot;syntax&quot;&#10;    ignored: [&quot;examples&quot;]&#10;warning: the following keywords are unknown and will be ignored: [examples]&#10;    level: &quot;warning&quot;&#10;    schema: {&quot;loadingURI&quot;:&quot;#&quot;,&quot;pointer&quot;:&quot;/items/properties/nome&quot;}&#10;    domain: &quot;syntax&quot;&#10;    ignored: [&quot;examples&quot;]&#10;warning: the following keywords are unknown and will be ignored: [examples]&#10;    level: &quot;warning&quot;&#10;    schema: {&quot;loadingURI&quot;:&quot;#&quot;,&quot;pointer&quot;:&quot;/items/properties/parcelas&quot;}&#10;    domain: &quot;syntax&quot;&#10;    ignored: [&quot;examples&quot;]&#10;warning: the following keywords are unknown and will be ignored: [examples]&#10;    level: &quot;warning&quot;&#10;    schema: {&quot;loadingURI&quot;:&quot;#&quot;,&quot;pointer&quot;:&quot;/items/properties/seguro&quot;}&#10;    domain: &quot;syntax&quot;&#10;    ignored: [&quot;examples&quot;]&#10;warning: the following keywords are unknown and will be ignored: [examples]&#10;    level: &quot;warning&quot;&#10;    schema: {&quot;loadingURI&quot;:&quot;#&quot;,&quot;pointer&quot;:&quot;/items/properties/valor&quot;}&#10;    domain: &quot;syntax&quot;&#10;    ignored: [&quot;examples&quot;]&#10;warning: the following keywords are unknown and will be ignored: [examples]&#10;    level: &quot;warning&quot;&#10;    schema: {&quot;loadingURI&quot;:&quot;#&quot;,&quot;pointer&quot;:&quot;/items&quot;}&#10;    domain: &quot;syntax&quot;&#10;    ignored: [&quot;examples&quot;]&#10;warning: the following keywords are unknown and will be ignored: [examples]&#10;    level: &quot;warning&quot;&#10;    schema: {&quot;loadingURI&quot;:&quot;#&quot;,&quot;pointer&quot;:&quot;/items/properties/cpf&quot;}&#10;    domain: &quot;syntax&quot;&#10;    ignored: [&quot;examples&quot;]&#10;warning: the following keywords are unknown and will be ignored: [examples]&#10;    level: &quot;warning&quot;&#10;    schema: {&quot;loadingURI&quot;:&quot;#&quot;,&quot;pointer&quot;:&quot;/items/properties/email&quot;}&#10;    domain: &quot;syntax&quot;&#10;    ignored: [&quot;examples&quot;]&#10;warning: the following keywords are unknown and will be ignored: [examples]&#10;    level: &quot;warning&quot;&#10;    schema: {&quot;loadingURI&quot;:&quot;#&quot;,&quot;pointer&quot;:&quot;/items/properties/id&quot;}&#10;    domain: &quot;syntax&quot;&#10;    ignored: [&quot;examples&quot;]&#10;warning: the following keywords are unknown and will be ignored: [examples]&#10;    level: &quot;warning&quot;&#10;    schema: {&quot;loadingURI&quot;:&quot;#&quot;,&quot;pointer&quot;:&quot;/items/properties/nome&quot;}&#10;    domain: &quot;syntax&quot;&#10;    ignored: [&quot;examples&quot;]&#10;warning: the following keywords are unknown and will be ignored: [examples]&#10;    level: &quot;warning&quot;&#10;    schema: {&quot;loadingURI&quot;:&quot;#&quot;,&quot;pointer&quot;:&quot;/items/properties/parcelas&quot;}&#10;    domain: &quot;syntax&quot;&#10;    ignored: [&quot;examples&quot;]&#10;warning: the following keywords are unknown and will be ignored: [examples]&#10;    level: &quot;warning&quot;&#10;    schema: {&quot;loadingURI&quot;:&quot;#&quot;,&quot;pointer&quot;:&quot;/items/properties/seguro&quot;}&#10;    domain: &quot;syntax&quot;&#10;    ignored: [&quot;examples&quot;]&#10;warning: the following keywords are unknown and will be ignored: [examples]&#10;    level: &quot;warning&quot;&#10;    schema: {&quot;loadingURI&quot;:&quot;#&quot;,&quot;pointer&quot;:&quot;/items/properties/valor&quot;}&#10;    domain: &quot;syntax&quot;&#10;    ignored: [&quot;examples&quot;]&#10;warning: the following keywords are unknown and will be ignored: [examples]&#10;    level: &quot;warning&quot;&#10;    schema: {&quot;loadingURI&quot;:&quot;#&quot;,&quot;pointer&quot;:&quot;/items&quot;}&#10;    domain: &quot;syntax&quot;&#10;    ignored: [&quot;examples&quot;]&#10;warning: the following keywords are unknown and will be ignored: [examples]&#10;    level: &quot;warning&quot;&#10;    schema: {&quot;loadingURI&quot;:&quot;#&quot;,&quot;pointer&quot;:&quot;/items/properties/cpf&quot;}&#10;    domain: &quot;syntax&quot;&#10;    ignored: [&quot;examples&quot;]&#10;warning: the following keywords are unknown and will be ignored: [examples]&#10;    level: &quot;warning&quot;&#10;    schema: {&quot;loadingURI&quot;:&quot;#&quot;,&quot;pointer&quot;:&quot;/items/properties/email&quot;}&#10;    domain: &quot;syntax&quot;&#10;    ignored: [&quot;examples&quot;]&#10;warning: the following keywords are unknown and will be ignored: [examples]&#10;    level: &quot;warning&quot;&#10;    schema: {&quot;loadingURI&quot;:&quot;#&quot;,&quot;pointer&quot;:&quot;/items/properties/id&quot;}&#10;    domain: &quot;syntax&quot;&#10;    ignored: [&quot;examples&quot;]&#10;warning: the following keywords are unknown and will be ignored: [examples]&#10;    level: &quot;warning&quot;&#10;    schema: {&quot;loadingURI&quot;:&quot;#&quot;,&quot;pointer&quot;:&quot;/items/properties/nome&quot;}&#10;    domain: &quot;syntax&quot;&#10;    ignored: [&quot;examples&quot;]&#10;warning: the following keywords are unknown and will be ignored: [examples]&#10;    level: &quot;warning&quot;&#10;    schema: {&quot;loadingURI&quot;:&quot;#&quot;,&quot;pointer&quot;:&quot;/items/properties/parcelas&quot;}&#10;    domain: &quot;syntax&quot;&#10;    ignored: [&quot;examples&quot;]&#10;warning: the following keywords are unknown and will be ignored: [examples]&#10;    level: &quot;warning&quot;&#10;    schema: {&quot;loadingURI&quot;:&quot;#&quot;,&quot;pointer&quot;:&quot;/items/properties/seguro&quot;}&#10;    domain: &quot;syntax&quot;&#10;    ignored: [&quot;examples&quot;]&#10;warning: the following keywords are unknown and will be ignored: [examples]&#10;    level: &quot;warning&quot;&#10;    schema: {&quot;loadingURI&quot;:&quot;#&quot;,&quot;pointer&quot;:&quot;/items/properties/valor&quot;}&#10;    domain: &quot;syntax&quot;&#10;    ignored: [&quot;examples&quot;]&#10;warning: the following keywords are unknown and will be ignored: [examples]&#10;    level: &quot;warning&quot;&#10;    schema: {&quot;loadingURI&quot;:&quot;#&quot;,&quot;pointer&quot;:&quot;/items&quot;}&#10;    domain: &quot;syntax&quot;&#10;    ignored: [&quot;examples&quot;]&#10;warning: the following keywords are unknown and will be ignored: [examples]&#10;    level: &quot;warning&quot;&#10;    schema: {&quot;loadingURI&quot;:&quot;#&quot;,&quot;pointer&quot;:&quot;/items/properties/cpf&quot;}&#10;    domain: &quot;syntax&quot;&#10;    ignored: [&quot;examples&quot;]&#10;warning: the following keywords are unknown and will be ignored: [examples]&#10;    level: &quot;warning&quot;&#10;    schema: {&quot;loadingURI&quot;:&quot;#&quot;,&quot;pointer&quot;:&quot;/items/properties/email&quot;}&#10;    domain: &quot;syntax&quot;&#10;    ignored: [&quot;examples&quot;]&#10;warning: the following keywords are unknown and will be ignored: [examples]&#10;    level: &quot;warning&quot;&#10;    schema: {&quot;loadingURI&quot;:&quot;#&quot;,&quot;pointer&quot;:&quot;/items/properties/id&quot;}&#10;    domain: &quot;syntax&quot;&#10;    ignored: [&quot;examples&quot;]&#10;warning: the following keywords are unknown and will be ignored: [examples]&#10;    level: &quot;warning&quot;&#10;    schema: {&quot;loadingURI&quot;:&quot;#&quot;,&quot;pointer&quot;:&quot;/items/properties/nome&quot;}&#10;    domain: &quot;syntax&quot;&#10;    ignored: [&quot;examples&quot;]&#10;warning: the following keywords are unknown and will be ignored: [examples]&#10;    level: &quot;warning&quot;&#10;    schema: {&quot;loadingURI&quot;:&quot;#&quot;,&quot;pointer&quot;:&quot;/items/properties/parcelas&quot;}&#10;    domain: &quot;syntax&quot;&#10;    ignored: [&quot;examples&quot;]&#10;warning: the following keywords are unknown and will be ignored: [examples]&#10;    level: &quot;warning&quot;&#10;    schema: {&quot;loadingURI&quot;:&quot;#&quot;,&quot;pointer&quot;:&quot;/items/properties/seguro&quot;}&#10;    domain: &quot;syntax&quot;&#10;    ignored: [&quot;examples&quot;]&#10;warning: the following keywords are unknown and will be ignored: [examples]&#10;    level: &quot;warning&quot;&#10;    schema: {&quot;loadingURI&quot;:&quot;#&quot;,&quot;pointer&quot;:&quot;/items/properties/valor&quot;}&#10;    domain: &quot;syntax&quot;&#10;    ignored: [&quot;examples&quot;]&#10;warning: the following keywords are unknown and will be ignored: [examples]&#10;    level: &quot;warning&quot;&#10;    schema: {&quot;loadingURI&quot;:&quot;#&quot;,&quot;pointer&quot;:&quot;/items&quot;}&#10;    domain: &quot;syntax&quot;&#10;    ignored: [&quot;examples&quot;]&#10;warning: the following keywords are unknown and will be ignored: [examples]&#10;    level: &quot;warning&quot;&#10;    schema: {&quot;loadingURI&quot;:&quot;#&quot;,&quot;pointer&quot;:&quot;/items/properties/cpf&quot;}&#10;    domain: &quot;syntax&quot;&#10;    ignored: [&quot;examples&quot;]&#10;warning: the following keywords are unknown and will be ignored: [examples]&#10;    level: &quot;warning&quot;&#10;    schema: {&quot;loadingURI&quot;:&quot;#&quot;,&quot;pointer&quot;:&quot;/items/properties/email&quot;}&#10;    domain: &quot;syntax&quot;&#10;    ignored: [&quot;examples&quot;]&#10;warning: the following keywords are unknown and will be ignored: [examples]&#10;    level: &quot;warning&quot;&#10;    schema: {&quot;loadingURI&quot;:&quot;#&quot;,&quot;pointer&quot;:&quot;/items/properties/id&quot;}&#10;    domain: &quot;syntax&quot;&#10;    ignored: [&quot;examples&quot;]&#10;warning: the following keywords are unknown and will be ignored: [examples]&#10;    level: &quot;warning&quot;&#10;    schema: {&quot;loadingURI&quot;:&quot;#&quot;,&quot;pointer&quot;:&quot;/items/properties/nome&quot;}&#10;    domain: &quot;syntax&quot;&#10;    ignored: [&quot;examples&quot;]&#10;warning: the following keywords are unknown and will be ignored: [examples]&#10;    level: &quot;warning&quot;&#10;    schema: {&quot;loadingURI&quot;:&quot;#&quot;,&quot;pointer&quot;:&quot;/items/properties/parcelas&quot;}&#10;    domain: &quot;syntax&quot;&#10;    ignored: [&quot;examples&quot;]&#10;warning: the following keywords are unknown and will be ignored: [examples]&#10;    level: &quot;warning&quot;&#10;    schema: {&quot;loadingURI&quot;:&quot;#&quot;,&quot;pointer&quot;:&quot;/items/properties/seguro&quot;}&#10;    domain: &quot;syntax&quot;&#10;    ignored: [&quot;examples&quot;]&#10;warning: the following keywords are unknown and will be ignored: [examples]&#10;    level: &quot;warning&quot;&#10;    schema: {&quot;loadingURI&quot;:&quot;#&quot;,&quot;pointer&quot;:&quot;/items/properties/valor&quot;}&#10;    domain: &quot;syntax&quot;&#10;    ignored: [&quot;examples&quot;]&#10;warning: the following keywords are unknown and will be ignored: [examples]&#10;    level: &quot;warning&quot;&#10;    schema: {&quot;loadingURI&quot;:&quot;#&quot;,&quot;pointer&quot;:&quot;/items&quot;}&#10;    domain: &quot;syntax&quot;&#10;    ignored: [&quot;examples&quot;]&#10;warning: the following keywords are unknown and will be ignored: [examples]&#10;    level: &quot;warning&quot;&#10;    schema: {&quot;loadingURI&quot;:&quot;#&quot;,&quot;pointer&quot;:&quot;/items/properties/cpf&quot;}&#10;    domain: &quot;syntax&quot;&#10;    ignored: [&quot;examples&quot;]&#10;warning: the following keywords are unknown and will be ignored: [examples]&#10;    level: &quot;warning&quot;&#10;    schema: {&quot;loadingURI&quot;:&quot;#&quot;,&quot;pointer&quot;:&quot;/items/properties/email&quot;}&#10;    domain: &quot;syntax&quot;&#10;    ignored: [&quot;examples&quot;]&#10;warning: the following keywords are unknown and will be ignored: [examples]&#10;    level: &quot;warning&quot;&#10;    schema: {&quot;loadingURI&quot;:&quot;#&quot;,&quot;pointer&quot;:&quot;/items/properties/id&quot;}&#10;    domain: &quot;syntax&quot;&#10;    ignored: [&quot;examples&quot;]&#10;warning: the following keywords are unknown and will be ignored: [examples]&#10;    level: &quot;warning&quot;&#10;    schema: {&quot;loadingURI&quot;:&quot;#&quot;,&quot;pointer&quot;:&quot;/items/properties/nome&quot;}&#10;    domain: &quot;syntax&quot;&#10;    ignored: [&quot;examples&quot;]&#10;warning: the following keywords are unknown and will be ignored: [examples]&#10;    level: &quot;warning&quot;&#10;    schema: {&quot;loadingURI&quot;:&quot;#&quot;,&quot;pointer&quot;:&quot;/items/properties/parcelas&quot;}&#10;    domain: &quot;syntax&quot;&#10;    ignored: [&quot;examples&quot;]&#10;warning: the following keywords are unknown and will be ignored: [examples]&#10;    level: &quot;warning&quot;&#10;    schema: {&quot;loadingURI&quot;:&quot;#&quot;,&quot;pointer&quot;:&quot;/items/properties/seguro&quot;}&#10;    domain: &quot;syntax&quot;&#10;    ignored: [&quot;examples&quot;]&#10;warning: the following keywords are unknown and will be ignored: [examples]&#10;    level: &quot;warning&quot;&#10;    schema: {&quot;loadingURI&quot;:&quot;#&quot;,&quot;pointer&quot;:&quot;/items/properties/valor&quot;}&#10;    domain: &quot;syntax&quot;&#10;    ignored: [&quot;examples&quot;]&#10;warning: the following keywords are unknown and will be ignored: [examples]&#10;    level: &quot;warning&quot;&#10;    schema: {&quot;loadingURI&quot;:&quot;#&quot;,&quot;pointer&quot;:&quot;/items&quot;}&#10;    domain: &quot;syntax&quot;&#10;    ignored: [&quot;examples&quot;]&#10;warning: the following keywords are unknown and will be ignored: [examples]&#10;    level: &quot;warning&quot;&#10;    schema: {&quot;loadingURI&quot;:&quot;#&quot;,&quot;pointer&quot;:&quot;/items/properties/cpf&quot;}&#10;    domain: &quot;syntax&quot;&#10;    ignored: [&quot;examples&quot;]&#10;warning: the following keywords are unknown and will be ignored: [examples]&#10;    level: &quot;warning&quot;&#10;    schema: {&quot;loadingURI&quot;:&quot;#&quot;,&quot;pointer&quot;:&quot;/items/properties/email&quot;}&#10;    domain: &quot;syntax&quot;&#10;    ignored: [&quot;examples&quot;]&#10;warning: the following keywords are unknown and will be ignored: [examples]&#10;    level: &quot;warning&quot;&#10;    schema: {&quot;loadingURI&quot;:&quot;#&quot;,&quot;pointer&quot;:&quot;/items/properties/id&quot;}&#10;    domain: &quot;syntax&quot;&#10;    ignored: [&quot;examples&quot;]&#10;warning: the following keywords are unknown and will be ignored: [examples]&#10;    level: &quot;warning&quot;&#10;    schema: {&quot;loadingURI&quot;:&quot;#&quot;,&quot;pointer&quot;:&quot;/items/properties/nome&quot;}&#10;    domain: &quot;syntax&quot;&#10;    ignored: [&quot;examples&quot;]&#10;warning: the following keywords are unknown and will be ignored: [examples]&#10;    level: &quot;warning&quot;&#10;    schema: {&quot;loadingURI&quot;:&quot;#&quot;,&quot;pointer&quot;:&quot;/items/properties/parcelas&quot;}&#10;    domain: &quot;syntax&quot;&#10;    ignored: [&quot;examples&quot;]&#10;warning: the following keywords are unknown and will be ignored: [examples]&#10;    level: &quot;warning&quot;&#10;    schema: {&quot;loadingURI&quot;:&quot;#&quot;,&quot;pointer&quot;:&quot;/items/properties/seguro&quot;}&#10;    domain: &quot;syntax&quot;&#10;    ignored: [&quot;examples&quot;]&#10;warning: the following keywords are unknown and will be ignored: [examples]&#10;    level: &quot;warning&quot;&#10;    schema: {&quot;loadingURI&quot;:&quot;#&quot;,&quot;pointer&quot;:&quot;/items/properties/valor&quot;}&#10;    domain: &quot;syntax&quot;&#10;    ignored: [&quot;examples&quot;]&#10;warning: the following keywords are unknown and will be ignored: [examples]&#10;    level: &quot;warning&quot;&#10;    schema: {&quot;loadingURI&quot;:&quot;#&quot;,&quot;pointer&quot;:&quot;/items&quot;}&#10;    domain: &quot;syntax&quot;&#10;    ignored: [&quot;examples&quot;]&#10;warning: the following keywords are unknown and will be ignored: [examples]&#10;    level: &quot;warning&quot;&#10;    schema: {&quot;loadingURI&quot;:&quot;#&quot;,&quot;pointer&quot;:&quot;/items/properties/cpf&quot;}&#10;    domain: &quot;syntax&quot;&#10;    ignored: [&quot;examples&quot;]&#10;warning: the following keywords are unknown and will be ignored: [examples]&#10;    level: &quot;warning&quot;&#10;    schema: {&quot;loadingURI&quot;:&quot;#&quot;,&quot;pointer&quot;:&quot;/items/properties/email&quot;}&#10;    domain: &quot;syntax&quot;&#10;    ignored: [&quot;examples&quot;]&#10;warning: the following keywords are unknown and will be ignored: [examples]&#10;    level: &quot;warning&quot;&#10;    schema: {&quot;loadingURI&quot;:&quot;#&quot;,&quot;pointer&quot;:&quot;/items/properties/id&quot;}&#10;    domain: &quot;syntax&quot;&#10;    ignored: [&quot;examples&quot;]&#10;warning: the following keywords are unknown and will be ignored: [examples]&#10;    level: &quot;warning&quot;&#10;    schema: {&quot;loadingURI&quot;:&quot;#&quot;,&quot;pointer&quot;:&quot;/items/properties/nome&quot;}&#10;    domain: &quot;syntax&quot;&#10;    ignored: [&quot;examples&quot;]&#10;warning: the following keywords are unknown and will be ignored: [examples]&#10;    level: &quot;warning&quot;&#10;    schema: {&quot;loadingURI&quot;:&quot;#&quot;,&quot;pointer&quot;:&quot;/items/properties/parcelas&quot;}&#10;    domain: &quot;syntax&quot;&#10;    ignored: [&quot;examples&quot;]&#10;warning: the following keywords are unknown and will be ignored: [examples]&#10;    level: &quot;warning&quot;&#10;    schema: {&quot;loadingURI&quot;:&quot;#&quot;,&quot;pointer&quot;:&quot;/items/properties/seguro&quot;}&#10;    domain: &quot;syntax&quot;&#10;    ignored: [&quot;examples&quot;]&#10;warning: the following keywords are unknown and will be ignored: [examples]&#10;    level: &quot;warning&quot;&#10;    schema: {&quot;loadingURI&quot;:&quot;#&quot;,&quot;pointer&quot;:&quot;/items/properties/valor&quot;}&#10;    domain: &quot;syntax&quot;&#10;    ignored: [&quot;examples&quot;]&#10;warning: the following keywords are unknown and will be ignored: [examples]&#10;    level: &quot;warning&quot;&#10;    schema: {&quot;loadingURI&quot;:&quot;#&quot;,&quot;pointer&quot;:&quot;/items&quot;}&#10;    domain: &quot;syntax&quot;&#10;    ignored: [&quot;examples&quot;]&#10;warning: the following keywords are unknown and will be ignored: [examples]&#10;    level: &quot;warning&quot;&#10;    schema: {&quot;loadingURI&quot;:&quot;#&quot;,&quot;pointer&quot;:&quot;/items/properties/cpf&quot;}&#10;    domain: &quot;syntax&quot;&#10;    ignored: [&quot;examples&quot;]&#10;warning: the following keywords are unknown and will be ignored: [examples]&#10;    level: &quot;warning&quot;&#10;    schema: {&quot;loadingURI&quot;:&quot;#&quot;,&quot;pointer&quot;:&quot;/items/properties/email&quot;}&#10;    domain: &quot;syntax&quot;&#10;    ignored: [&quot;examples&quot;]&#10;warning: the following keywords are unknown and will be ignored: [examples]&#10;    level: &quot;warning&quot;&#10;    schema: {&quot;loadingURI&quot;:&quot;#&quot;,&quot;pointer&quot;:&quot;/items/properties/id&quot;}&#10;    domain: &quot;syntax&quot;&#10;    ignored: [&quot;examples&quot;]&#10;warning: the following keywords are unknown and will be ignored: [examples]&#10;    level: &quot;warning&quot;&#10;    schema: {&quot;loadingURI&quot;:&quot;#&quot;,&quot;pointer&quot;:&quot;/items/properties/nome&quot;}&#10;    domain: &quot;syntax&quot;&#10;    ignored: [&quot;examples&quot;]&#10;warning: the following keywords are unknown and will be ignored: [examples]&#10;    level: &quot;warning&quot;&#10;    schema: {&quot;loadingURI&quot;:&quot;#&quot;,&quot;pointer&quot;:&quot;/items/properties/parcelas&quot;}&#10;    domain: &quot;syntax&quot;&#10;    ignored: [&quot;examples&quot;]&#10;warning: the following keywords are unknown and will be ignored: [examples]&#10;    level: &quot;warning&quot;&#10;    schema: {&quot;loadingURI&quot;:&quot;#&quot;,&quot;pointer&quot;:&quot;/items/properties/seguro&quot;}&#10;    domain: &quot;syntax&quot;&#10;    ignored: [&quot;examples&quot;]&#10;warning: the following keywords are unknown and will be ignored: [examples]&#10;    level: &quot;warning&quot;&#10;    schema: {&quot;loadingURI&quot;:&quot;#&quot;,&quot;pointer&quot;:&quot;/items/properties/valor&quot;}&#10;    domain: &quot;syntax&quot;&#10;    ignored: [&quot;examples&quot;]&#10;warning: the following keywords are unknown and will be ignored: [examples]&#10;    level: &quot;warning&quot;&#10;    schema: {&quot;loadingURI&quot;:&quot;#&quot;,&quot;pointer&quot;:&quot;/items&quot;}&#10;    domain: &quot;syntax&quot;&#10;    ignored: [&quot;examples&quot;]&#10;warning: the following keywords are unknown and will be ignored: [examples]&#10;    level: &quot;warning&quot;&#10;    schema: {&quot;loadingURI&quot;:&quot;#&quot;,&quot;pointer&quot;:&quot;/items/properties/cpf&quot;}&#10;    domain: &quot;syntax&quot;&#10;    ignored: [&quot;examples&quot;]&#10;warning: the following keywords are unknown and will be ignored: [examples]&#10;    level: &quot;warning&quot;&#10;    schema: {&quot;loadingURI&quot;:&quot;#&quot;,&quot;pointer&quot;:&quot;/items/properties/email&quot;}&#10;    domain: &quot;syntax&quot;&#10;    ignored: [&quot;examples&quot;]&#10;warning: the following keywords are unknown and will be ignored: [examples]&#10;    level: &quot;warning&quot;&#10;    schema: {&quot;loadingURI&quot;:&quot;#&quot;,&quot;pointer&quot;:&quot;/items/properties/id&quot;}&#10;    domain: &quot;syntax&quot;&#10;    ignored: [&quot;examples&quot;]&#10;warning: the following keywords are unknown and will be ignored: [examples]&#10;    level: &quot;warning&quot;&#10;    schema: {&quot;loadingURI&quot;:&quot;#&quot;,&quot;pointer&quot;:&quot;/items/properties/nome&quot;}&#10;    domain: &quot;syntax&quot;&#10;    ignored: [&quot;examples&quot;]&#10;warning: the following keywords are unknown and will be ignored: [examples]&#10;    level: &quot;warning&quot;&#10;    schema: {&quot;loadingURI&quot;:&quot;#&quot;,&quot;pointer&quot;:&quot;/items/properties/parcelas&quot;}&#10;    domain: &quot;syntax&quot;&#10;    ignored: [&quot;examples&quot;]&#10;warning: the following keywords are unknown and will be ignored: [examples]&#10;    level: &quot;warning&quot;&#10;    schema: {&quot;loadingURI&quot;:&quot;#&quot;,&quot;pointer&quot;:&quot;/items/properties/seguro&quot;}&#10;    domain: &quot;syntax&quot;&#10;    ignored: [&quot;examples&quot;]&#10;warning: the following keywords are unknown and will be ignored: [examples]&#10;    level: &quot;warning&quot;&#10;    schema: {&quot;loadingURI&quot;:&quot;#&quot;,&quot;pointer&quot;:&quot;/items/properties/valor&quot;}&#10;    domain: &quot;syntax&quot;&#10;    ignored: [&quot;examples&quot;]&#10;warning: the following keywords are unknown and will be ignored: [examples]&#10;    level: &quot;warning&quot;&#10;    schema: {&quot;loadingURI&quot;:&quot;#&quot;,&quot;pointer&quot;:&quot;/items&quot;}&#10;    domain: &quot;syntax&quot;&#10;    ignored: [&quot;examples&quot;]&#10;warning: the following keywords are unknown and will be ignored: [examples]&#10;    level: &quot;warning&quot;&#10;    schema: {&quot;loadingURI&quot;:&quot;#&quot;,&quot;pointer&quot;:&quot;/items/properties/cpf&quot;}&#10;    domain: &quot;syntax&quot;&#10;    ignored: [&quot;examples&quot;]&#10;warning: the following keywords are unknown and will be ignored: [examples]&#10;    level: &quot;warning&quot;&#10;    schema: {&quot;loadingURI&quot;:&quot;#&quot;,&quot;pointer&quot;:&quot;/items/properties/email&quot;}&#10;    domain: &quot;syntax&quot;&#10;    ignored: [&quot;examples&quot;]&#10;warning: the following keywords are unknown and will be ignored: [examples]&#10;    level: &quot;warning&quot;&#10;    schema: {&quot;loadingURI&quot;:&quot;#&quot;,&quot;pointer&quot;:&quot;/items/properties/id&quot;}&#10;    domain: &quot;syntax&quot;&#10;    ignored: [&quot;examples&quot;]&#10;warning: the following keywords are unknown and will be ignored: [examples]&#10;    level: &quot;warning&quot;&#10;    schema: {&quot;loadingURI&quot;:&quot;#&quot;,&quot;pointer&quot;:&quot;/items/properties/nome&quot;}&#10;    domain: &quot;syntax&quot;&#10;    ignored: [&quot;examples&quot;]&#10;warning: the following keywords are unknown and will be ignored: [examples]&#10;    level: &quot;warning&quot;&#10;    schema: {&quot;loadingURI&quot;:&quot;#&quot;,&quot;pointer&quot;:&quot;/items/properties/parcelas&quot;}&#10;    domain: &quot;syntax&quot;&#10;    ignored: [&quot;examples&quot;]&#10;warning: the following keywords are unknown and will be ignored: [examples]&#10;    level: &quot;warning&quot;&#10;    schema: {&quot;loadingURI&quot;:&quot;#&quot;,&quot;pointer&quot;:&quot;/items/properties/seguro&quot;}&#10;    domain: &quot;syntax&quot;&#10;    ignored: [&quot;examples&quot;]&#10;warning: the following keywords are unknown and will be ignored: [examples]&#10;    level: &quot;warning&quot;&#10;    schema: {&quot;loadingURI&quot;:&quot;#&quot;,&quot;pointer&quot;:&quot;/items/properties/valor&quot;}&#10;    domain: &quot;syntax&quot;&#10;    ignored: [&quot;examples&quot;]&#10;warning: the following keywords are unknown and will be ignored: [examples]&#10;    level: &quot;warning&quot;&#10;    schema: {&quot;loadingURI&quot;:&quot;#&quot;,&quot;pointer&quot;:&quot;/items&quot;}&#10;    domain: &quot;syntax&quot;&#10;    ignored: [&quot;examples&quot;]&#10;warning: the following keywords are unknown and will be ignored: [examples]&#10;    level: &quot;warning&quot;&#10;    schema: {&quot;loadingURI&quot;:&quot;#&quot;,&quot;pointer&quot;:&quot;/items/properties/cpf&quot;}&#10;    domain: &quot;syntax&quot;&#10;    ignored: [&quot;examples&quot;]&#10;warning: the following keywords are unknown and will be ignored: [examples]&#10;    level: &quot;warning&quot;&#10;    schema: {&quot;loadingURI&quot;:&quot;#&quot;,&quot;pointer&quot;:&quot;/items/properties/email&quot;}&#10;    domain: &quot;syntax&quot;&#10;    ignored: [&quot;examples&quot;]&#10;warning: the following keywords are unknown and will be ignored: [examples]&#10;    level: &quot;warning&quot;&#10;    schema: {&quot;loadingURI&quot;:&quot;#&quot;,&quot;pointer&quot;:&quot;/items/properties/id&quot;}&#10;    domain: &quot;syntax&quot;&#10;    ignored: [&quot;examples&quot;]&#10;warning: the following keywords are unknown and will be ignored: [examples]&#10;    level: &quot;warning&quot;&#10;    schema: {&quot;loadingURI&quot;:&quot;#&quot;,&quot;pointer&quot;:&quot;/items/properties/nome&quot;}&#10;    domain: &quot;syntax&quot;&#10;    ignored: [&quot;examples&quot;]&#10;warning: the following keywords are unknown and will be ignored: [examples]&#10;    level: &quot;warning&quot;&#10;    schema: {&quot;loadingURI&quot;:&quot;#&quot;,&quot;pointer&quot;:&quot;/items/properties/parcelas&quot;}&#10;    domain: &quot;syntax&quot;&#10;    ignored: [&quot;examples&quot;]&#10;warning: the following keywords are unknown and will be ignored: [examples]&#10;    level: &quot;warning&quot;&#10;    schema: {&quot;loadingURI&quot;:&quot;#&quot;,&quot;pointer&quot;:&quot;/items/properties/seguro&quot;}&#10;    domain: &quot;syntax&quot;&#10;    ignored: [&quot;examples&quot;]&#10;warning: the following keywords are unknown and will be ignored: [examples]&#10;    level: &quot;warning&quot;&#10;    schema: {&quot;loadingURI&quot;:&quot;#&quot;,&quot;pointer&quot;:&quot;/items/properties/valor&quot;}&#10;    domain: &quot;syntax&quot;&#10;    ignored: [&quot;examples&quot;]&#10;warning: the following keywords are unknown and will be ignored: [examples]&#10;    level: &quot;warning&quot;&#10;    schema: {&quot;loadingURI&quot;:&quot;#&quot;,&quot;pointer&quot;:&quot;/items&quot;}&#10;    domain: &quot;syntax&quot;&#10;    ignored: [&quot;examples&quot;]&#10;warning: the following keywords are unknown and will be ignored: [examples]&#10;    level: &quot;warning&quot;&#10;    schema: {&quot;loadingURI&quot;:&quot;#&quot;,&quot;pointer&quot;:&quot;/items/properties/cpf&quot;}&#10;    domain: &quot;syntax&quot;&#10;    ignored: [&quot;examples&quot;]&#10;warning: the following keywords are unknown and will be ignored: [examples]&#10;    level: &quot;warning&quot;&#10;    schema: {&quot;loadingURI&quot;:&quot;#&quot;,&quot;pointer&quot;:&quot;/items/properties/email&quot;}&#10;    domain: &quot;syntax&quot;&#10;    ignored: [&quot;examples&quot;]&#10;warning: the following keywords are unknown and will be ignored: [examples]&#10;    level: &quot;warning&quot;&#10;    schema: {&quot;loadingURI&quot;:&quot;#&quot;,&quot;pointer&quot;:&quot;/items/properties/id&quot;}&#10;    domain: &quot;syntax&quot;&#10;    ignored: [&quot;examples&quot;]&#10;warning: the following keywords are unknown and will be ignored: [examples]&#10;    level: &quot;warning&quot;&#10;    schema: {&quot;loadingURI&quot;:&quot;#&quot;,&quot;pointer&quot;:&quot;/items/properties/nome&quot;}&#10;    domain: &quot;syntax&quot;&#10;    ignored: [&quot;examples&quot;]&#10;warning: the following keywords are unknown and will be ignored: [examples]&#10;    level: &quot;warning&quot;&#10;    schema: {&quot;loadingURI&quot;:&quot;#&quot;,&quot;pointer&quot;:&quot;/items/properties/parcelas&quot;}&#10;    domain: &quot;syntax&quot;&#10;    ignored: [&quot;examples&quot;]&#10;warning: the following keywords are unknown and will be ignored: [examples]&#10;    level: &quot;warning&quot;&#10;    schema: {&quot;loadingURI&quot;:&quot;#&quot;,&quot;pointer&quot;:&quot;/items/properties/seguro&quot;}&#10;    domain: &quot;syntax&quot;&#10;    ignored: [&quot;examples&quot;]&#10;warning: the following keywords are unknown and will be ignored: [examples]&#10;    level: &quot;warning&quot;&#10;    schema: {&quot;loadingURI&quot;:&quot;#&quot;,&quot;pointer&quot;:&quot;/items/properties/valor&quot;}&#10;    domain: &quot;syntax&quot;&#10;    ignored: [&quot;examples&quot;]&#10;warning: the following keywords are unknown and will be ignored: [examples]&#10;    level: &quot;warning&quot;&#10;    schema: {&quot;loadingURI&quot;:&quot;#&quot;,&quot;pointer&quot;:&quot;/items&quot;}&#10;    domain: &quot;syntax&quot;&#10;    ignored: [&quot;examples&quot;]&#10;warning: the following keywords are unknown and will be ignored: [examples]&#10;    level: &quot;warning&quot;&#10;    schema: {&quot;loadingURI&quot;:&quot;#&quot;,&quot;pointer&quot;:&quot;/items/properties/cpf&quot;}&#10;    domain: &quot;syntax&quot;&#10;    ignored: [&quot;examples&quot;]&#10;warning: the following keywords are unknown and will be ignored: [examples]&#10;    level: &quot;warning&quot;&#10;    schema: {&quot;loadingURI&quot;:&quot;#&quot;,&quot;pointer&quot;:&quot;/items/properties/email&quot;}&#10;    domain: &quot;syntax&quot;&#10;    ignored: [&quot;examples&quot;]&#10;warning: the following keywords are unknown and will be ignored: [examples]&#10;    level: &quot;warning&quot;&#10;    schema: {&quot;loadingURI&quot;:&quot;#&quot;,&quot;pointer&quot;:&quot;/items/properties/id&quot;}&#10;    domain: &quot;syntax&quot;&#10;    ignored: [&quot;examples&quot;]&#10;warning: the following keywords are unknown and will be ignored: [examples]&#10;    level: &quot;warning&quot;&#10;    schema: {&quot;loadingURI&quot;:&quot;#&quot;,&quot;pointer&quot;:&quot;/items/properties/nome&quot;}&#10;    domain: &quot;syntax&quot;&#10;    ignored: [&quot;examples&quot;]&#10;warning: the following keywords are unknown and will be ignored: [examples]&#10;    level: &quot;warning&quot;&#10;    schema: {&quot;loadingURI&quot;:&quot;#&quot;,&quot;pointer&quot;:&quot;/items/properties/parcelas&quot;}&#10;    domain: &quot;syntax&quot;&#10;    ignored: [&quot;examples&quot;]&#10;warning: the following keywords are unknown and will be ignored: [examples]&#10;    level: &quot;warning&quot;&#10;    schema: {&quot;loadingURI&quot;:&quot;#&quot;,&quot;pointer&quot;:&quot;/items/properties/seguro&quot;}&#10;    domain: &quot;syntax&quot;&#10;    ignored: [&quot;examples&quot;]&#10;warning: the following keywords are unknown and will be ignored: [examples]&#10;    level: &quot;warning&quot;&#10;    schema: {&quot;loadingURI&quot;:&quot;#&quot;,&quot;pointer&quot;:&quot;/items/properties/valor&quot;}&#10;    domain: &quot;syntax&quot;&#10;    ignored: [&quot;examples&quot;]&#10;warning: the following keywords are unknown and will be ignored: [examples]&#10;    level: &quot;warning&quot;&#10;    schema: {&quot;loadingURI&quot;:&quot;#&quot;,&quot;pointer&quot;:&quot;/items&quot;}&#10;    domain: &quot;syntax&quot;&#10;    ignored: [&quot;examples&quot;]&#10;warning: the following keywords are unknown and will be ignored: [examples]&#10;    level: &quot;warning&quot;&#10;    schema: {&quot;loadingURI&quot;:&quot;#&quot;,&quot;pointer&quot;:&quot;/items/properties/cpf&quot;}&#10;    domain: &quot;syntax&quot;&#10;    ignored: [&quot;examples&quot;]&#10;warning: the following keywords are unknown and will be ignored: [examples]&#10;    level: &quot;warning&quot;&#10;    schema: {&quot;loadingURI&quot;:&quot;#&quot;,&quot;pointer&quot;:&quot;/items/properties/email&quot;}&#10;    domain: &quot;syntax&quot;&#10;    ignored: [&quot;examples&quot;]&#10;warning: the following keywords are unknown and will be ignored: [examples]&#10;    level: &quot;warning&quot;&#10;    schema: {&quot;loadingURI&quot;:&quot;#&quot;,&quot;pointer&quot;:&quot;/items/properties/id&quot;}&#10;    domain: &quot;syntax&quot;&#10;    ignored: [&quot;examples&quot;]&#10;warning: the following keywords are unknown and will be ignored: [examples]&#10;    level: &quot;warning&quot;&#10;    schema: {&quot;loadingURI&quot;:&quot;#&quot;,&quot;pointer&quot;:&quot;/items/properties/nome&quot;}&#10;    domain: &quot;syntax&quot;&#10;    ignored: [&quot;examples&quot;]&#10;warning: the following keywords are unknown and will be ignored: [examples]&#10;    level: &quot;warning&quot;&#10;    schema: {&quot;loadingURI&quot;:&quot;#&quot;,&quot;pointer&quot;:&quot;/items/properties/parcelas&quot;}&#10;    domain: &quot;syntax&quot;&#10;    ignored: [&quot;examples&quot;]&#10;warning: the following keywords are unknown and will be ignored: [examples]&#10;    level: &quot;warning&quot;&#10;    schema: {&quot;loadingURI&quot;:&quot;#&quot;,&quot;pointer&quot;:&quot;/items/properties/seguro&quot;}&#10;    domain: &quot;syntax&quot;&#10;    ignored: [&quot;examples&quot;]&#10;warning: the following keywords are unknown and will be ignored: [examples]&#10;    level: &quot;warning&quot;&#10;    schema: {&quot;loadingURI&quot;:&quot;#&quot;,&quot;pointer&quot;:&quot;/items/properties/valor&quot;}&#10;    domain: &quot;syntax&quot;&#10;    ignored: [&quot;examples&quot;]&#10;warning: the following keywords are unknown and will be ignored: [examples]&#10;    level: &quot;warning&quot;&#10;    schema: {&quot;loadingURI&quot;:&quot;#&quot;,&quot;pointer&quot;:&quot;/items&quot;}&#10;    domain: &quot;syntax&quot;&#10;    ignored: [&quot;examples&quot;]&#10;warning: the following keywords are unknown and will be ignored: [examples]&#10;    level: &quot;warning&quot;&#10;    schema: {&quot;loadingURI&quot;:&quot;#&quot;,&quot;pointer&quot;:&quot;/items/properties/cpf&quot;}&#10;    domain: &quot;syntax&quot;&#10;    ignored: [&quot;examples&quot;]&#10;warning: the following keywords are unknown and will be ignored: [examples]&#10;    level: &quot;warning&quot;&#10;    schema: {&quot;loadingURI&quot;:&quot;#&quot;,&quot;pointer&quot;:&quot;/items/properties/email&quot;}&#10;    domain: &quot;syntax&quot;&#10;    ignored: [&quot;examples&quot;]&#10;warning: the following keywords are unknown and will be ignored: [examples]&#10;    level: &quot;warning&quot;&#10;    schema: {&quot;loadingURI&quot;:&quot;#&quot;,&quot;pointer&quot;:&quot;/items/properties/id&quot;}&#10;    domain: &quot;syntax&quot;&#10;    ignored: [&quot;examples&quot;]&#10;warning: the following keywords are unknown and will be ignored: [examples]&#10;    level: &quot;warning&quot;&#10;    schema: {&quot;loadingURI&quot;:&quot;#&quot;,&quot;pointer&quot;:&quot;/items/properties/nome&quot;}&#10;    domain: &quot;syntax&quot;&#10;    ignored: [&quot;examples&quot;]&#10;warning: the following keywords are unknown and will be ignored: [examples]&#10;    level: &quot;warning&quot;&#10;    schema: {&quot;loadingURI&quot;:&quot;#&quot;,&quot;pointer&quot;:&quot;/items/properties/parcelas&quot;}&#10;    domain: &quot;syntax&quot;&#10;    ignored: [&quot;examples&quot;]&#10;warning: the following keywords are unknown and will be ignored: [examples]&#10;    level: &quot;warning&quot;&#10;    schema: {&quot;loadingURI&quot;:&quot;#&quot;,&quot;pointer&quot;:&quot;/items/properties/seguro&quot;}&#10;    domain: &quot;syntax&quot;&#10;    ignored: [&quot;examples&quot;]&#10;warning: the following keywords are unknown and will be ignored: [examples]&#10;    level: &quot;warning&quot;&#10;    schema: {&quot;loadingURI&quot;:&quot;#&quot;,&quot;pointer&quot;:&quot;/items/properties/valor&quot;}&#10;    domain: &quot;syntax&quot;&#10;    ignored: [&quot;examples&quot;]&#10;warning: the following keywords are unknown and will be ignored: [examples]&#10;    level: &quot;warning&quot;&#10;    schema: {&quot;loadingURI&quot;:&quot;#&quot;,&quot;pointer&quot;:&quot;/items&quot;}&#10;    domain: &quot;syntax&quot;&#10;    ignored: [&quot;examples&quot;]&#10;warning: the following keywords are unknown and will be ignored: [examples]&#10;    level: &quot;warning&quot;&#10;    schema: {&quot;loadingURI&quot;:&quot;#&quot;,&quot;pointer&quot;:&quot;/items/properties/cpf&quot;}&#10;    domain: &quot;syntax&quot;&#10;    ignored: [&quot;examples&quot;]&#10;warning: the following keywords are unknown and will be ignored: [examples]&#10;    level: &quot;warning&quot;&#10;    schema: {&quot;loadingURI&quot;:&quot;#&quot;,&quot;pointer&quot;:&quot;/items/properties/email&quot;}&#10;    domain: &quot;syntax&quot;&#10;    ignored: [&quot;examples&quot;]&#10;warning: the following keywords are unknown and will be ignored: [examples]&#10;    level: &quot;warning&quot;&#10;    schema: {&quot;loadingURI&quot;:&quot;#&quot;,&quot;pointer&quot;:&quot;/items/properties/id&quot;}&#10;    domain: &quot;syntax&quot;&#10;    ignored: [&quot;examples&quot;]&#10;warning: the following keywords are unknown and will be ignored: [examples]&#10;    level: &quot;warning&quot;&#10;    schema: {&quot;loadingURI&quot;:&quot;#&quot;,&quot;pointer&quot;:&quot;/items/properties/nome&quot;}&#10;    domain: &quot;syntax&quot;&#10;    ignored: [&quot;examples&quot;]&#10;warning: the following keywords are unknown and will be ignored: [examples]&#10;    level: &quot;warning&quot;&#10;    schema: {&quot;loadingURI&quot;:&quot;#&quot;,&quot;pointer&quot;:&quot;/items/properties/parcelas&quot;}&#10;    domain: &quot;syntax&quot;&#10;    ignored: [&quot;examples&quot;]&#10;warning: the following keywords are unknown and will be ignored: [examples]&#10;    level: &quot;warning&quot;&#10;    schema: {&quot;loadingURI&quot;:&quot;#&quot;,&quot;pointer&quot;:&quot;/items/properties/seguro&quot;}&#10;    domain: &quot;syntax&quot;&#10;    ignored: [&quot;examples&quot;]&#10;warning: the following keywords are unknown and will be ignored: [examples]&#10;    level: &quot;warning&quot;&#10;    schema: {&quot;loadingURI&quot;:&quot;#&quot;,&quot;pointer&quot;:&quot;/items/properties/valor&quot;}&#10;    domain: &quot;syntax&quot;&#10;    ignored: [&quot;examples&quot;]&#10;warning: the following keywords are unknown and will be ignored: [examples]&#10;    level: &quot;warning&quot;&#10;    schema: {&quot;loadingURI&quot;:&quot;#&quot;,&quot;pointer&quot;:&quot;/items&quot;}&#10;    domain: &quot;syntax&quot;&#10;    ignored: [&quot;examples&quot;]&#10;warning: the following keywords are unknown and will be ignored: [examples]&#10;    level: &quot;warning&quot;&#10;    schema: {&quot;loadingURI&quot;:&quot;#&quot;,&quot;pointer&quot;:&quot;/items/properties/cpf&quot;}&#10;    domain: &quot;syntax&quot;&#10;    ignored: [&quot;examples&quot;]&#10;warning: the following keywords are unknown and will be ignored: [examples]&#10;    level: &quot;warning&quot;&#10;    schema: {&quot;loadingURI&quot;:&quot;#&quot;,&quot;pointer&quot;:&quot;/items/properties/email&quot;}&#10;    domain: &quot;syntax&quot;&#10;    ignored: [&quot;examples&quot;]&#10;warning: the following keywords are unknown and will be ignored: [examples]&#10;    level: &quot;warning&quot;&#10;    schema: {&quot;loadingURI&quot;:&quot;#&quot;,&quot;pointer&quot;:&quot;/items/properties/id&quot;}&#10;    domain: &quot;syntax&quot;&#10;    ignored: [&quot;examples&quot;]&#10;warning: the following keywords are unknown and will be ignored: [examples]&#10;    level: &quot;warning&quot;&#10;    schema: {&quot;loadingURI&quot;:&quot;#&quot;,&quot;pointer&quot;:&quot;/items/properties/nome&quot;}&#10;    domain: &quot;syntax&quot;&#10;    ignored: [&quot;examples&quot;]&#10;warning: the following keywords are unknown and will be ignored: [examples]&#10;    level: &quot;warning&quot;&#10;    schema: {&quot;loadingURI&quot;:&quot;#&quot;,&quot;pointer&quot;:&quot;/items/properties/parcelas&quot;}&#10;    domain: &quot;syntax&quot;&#10;    ignored: [&quot;examples&quot;]&#10;warning: the following keywords are unknown and will be ignored: [examples]&#10;    level: &quot;warning&quot;&#10;    schema: {&quot;loadingURI&quot;:&quot;#&quot;,&quot;pointer&quot;:&quot;/items/properties/seguro&quot;}&#10;    domain: &quot;syntax&quot;&#10;    ignored: [&quot;examples&quot;]&#10;warning: the following keywords are unknown and will be ignored: [examples]&#10;    level: &quot;warning&quot;&#10;    schema: {&quot;loadingURI&quot;:&quot;#&quot;,&quot;pointer&quot;:&quot;/items/properties/valor&quot;}&#10;    domain: &quot;syntax&quot;&#10;    ignored: [&quot;examples&quot;]&#10;warning: the following keywords are unknown and will be ignored: [examples]&#10;    level: &quot;warning&quot;&#10;    schema: {&quot;loadingURI&quot;:&quot;#&quot;,&quot;pointer&quot;:&quot;/items&quot;}&#10;    domain: &quot;syntax&quot;&#10;    ignored: [&quot;examples&quot;]&#10;warning: the following keywords are unknown and will be ignored: [examples]&#10;    level: &quot;warning&quot;&#10;    schema: {&quot;loadingURI&quot;:&quot;#&quot;,&quot;pointer&quot;:&quot;/items/properties/cpf&quot;}&#10;    domain: &quot;syntax&quot;&#10;    ignored: [&quot;examples&quot;]&#10;warning: the following keywords are unknown and will be ignored: [examples]&#10;    level: &quot;warning&quot;&#10;    schema: {&quot;loadingURI&quot;:&quot;#&quot;,&quot;pointer&quot;:&quot;/items/properties/email&quot;}&#10;    domain: &quot;syntax&quot;&#10;    ignored: [&quot;examples&quot;]&#10;warning: the following keywords are unknown and will be ignored: [examples]&#10;    level: &quot;warning&quot;&#10;    schema: {&quot;loadingURI&quot;:&quot;#&quot;,&quot;pointer&quot;:&quot;/items/properties/id&quot;}&#10;    domain: &quot;syntax&quot;&#10;    ignored: [&quot;examples&quot;]&#10;warning: the following keywords are unknown and will be ignored: [examples]&#10;    level: &quot;warning&quot;&#10;    schema: {&quot;loadingURI&quot;:&quot;#&quot;,&quot;pointer&quot;:&quot;/items/properties/nome&quot;}&#10;    domain: &quot;syntax&quot;&#10;    ignored: [&quot;examples&quot;]&#10;warning: the following keywords are unknown and will be ignored: [examples]&#10;    level: &quot;warning&quot;&#10;    schema: {&quot;loadingURI&quot;:&quot;#&quot;,&quot;pointer&quot;:&quot;/items/properties/parcelas&quot;}&#10;    domain: &quot;syntax&quot;&#10;    ignored: [&quot;examples&quot;]&#10;warning: the following keywords are unknown and will be ignored: [examples]&#10;    level: &quot;warning&quot;&#10;    schema: {&quot;loadingURI&quot;:&quot;#&quot;,&quot;pointer&quot;:&quot;/items/properties/seguro&quot;}&#10;    domain: &quot;syntax&quot;&#10;    ignored: [&quot;examples&quot;]&#10;warning: the following keywords are unknown and will be ignored: [examples]&#10;    level: &quot;warning&quot;&#10;    schema: {&quot;loadingURI&quot;:&quot;#&quot;,&quot;pointer&quot;:&quot;/items/properties/valor&quot;}&#10;    domain: &quot;syntax&quot;&#10;    ignored: [&quot;examples&quot;]&#10;warning: the following keywords are unknown and will be ignored: [examples]&#10;    level: &quot;warning&quot;&#10;    schema: {&quot;loadingURI&quot;:&quot;#&quot;,&quot;pointer&quot;:&quot;/items&quot;}&#10;    domain: &quot;syntax&quot;&#10;    ignored: [&quot;examples&quot;]&#10;warning: the following keywords are unknown and will be ignored: [examples]&#10;    level: &quot;warning&quot;&#10;    schema: {&quot;loadingURI&quot;:&quot;#&quot;,&quot;pointer&quot;:&quot;/items/properties/cpf&quot;}&#10;    domain: &quot;syntax&quot;&#10;    ignored: [&quot;examples&quot;]&#10;warning: the following keywords are unknown and will be ignored: [examples]&#10;    level: &quot;warning&quot;&#10;    schema: {&quot;loadingURI&quot;:&quot;#&quot;,&quot;pointer&quot;:&quot;/items/properties/email&quot;}&#10;    domain: &quot;syntax&quot;&#10;    ignored: [&quot;examples&quot;]&#10;warning: the following keywords are unknown and will be ignored: [examples]&#10;    level: &quot;warning&quot;&#10;    schema: {&quot;loadingURI&quot;:&quot;#&quot;,&quot;pointer&quot;:&quot;/items/properties/id&quot;}&#10;    domain: &quot;syntax&quot;&#10;    ignored: [&quot;examples&quot;]&#10;warning: the following keywords are unknown and will be ignored: [examples]&#10;    level: &quot;warning&quot;&#10;    schema: {&quot;loadingURI&quot;:&quot;#&quot;,&quot;pointer&quot;:&quot;/items/properties/nome&quot;}&#10;    domain: &quot;syntax&quot;&#10;    ignored: [&quot;examples&quot;]&#10;warning: the following keywords are unknown and will be ignored: [examples]&#10;    level: &quot;warning&quot;&#10;    schema: {&quot;loadingURI&quot;:&quot;#&quot;,&quot;pointer&quot;:&quot;/items/properties/parcelas&quot;}&#10;    domain: &quot;syntax&quot;&#10;    ignored: [&quot;examples&quot;]&#10;warning: the following keywords are unknown and will be ignored: [examples]&#10;    level: &quot;warning&quot;&#10;    schema: {&quot;loadingURI&quot;:&quot;#&quot;,&quot;pointer&quot;:&quot;/items/properties/seguro&quot;}&#10;    domain: &quot;syntax&quot;&#10;    ignored: [&quot;examples&quot;]&#10;warning: the following keywords are unknown and will be ignored: [examples]&#10;    level: &quot;warning&quot;&#10;    schema: {&quot;loadingURI&quot;:&quot;#&quot;,&quot;pointer&quot;:&quot;/items/properties/valor&quot;}&#10;    domain: &quot;syntax&quot;&#10;    ignored: [&quot;examples&quot;]&#10;warning: the following keywords are unknown and will be ignored: [examples]&#10;    level: &quot;warning&quot;&#10;    schema: {&quot;loadingURI&quot;:&quot;#&quot;,&quot;pointer&quot;:&quot;/items&quot;}&#10;    domain: &quot;syntax&quot;&#10;    ignored: [&quot;examples&quot;]&#10;warning: the following keywords are unknown and will be ignored: [examples]&#10;    level: &quot;warning&quot;&#10;    schema: {&quot;loadingURI&quot;:&quot;#&quot;,&quot;pointer&quot;:&quot;/items/properties/cpf&quot;}&#10;    domain: &quot;syntax&quot;&#10;    ignored: [&quot;examples&quot;]&#10;warning: the following keywords are unknown and will be ignored: [examples]&#10;    level: &quot;warning&quot;&#10;    schema: {&quot;loadingURI&quot;:&quot;#&quot;,&quot;pointer&quot;:&quot;/items/properties/email&quot;}&#10;    domain: &quot;syntax&quot;&#10;    ignored: [&quot;examples&quot;]&#10;warning: the following keywords are unknown and will be ignored: [examples]&#10;    level: &quot;warning&quot;&#10;    schema: {&quot;loadingURI&quot;:&quot;#&quot;,&quot;pointer&quot;:&quot;/items/properties/id&quot;}&#10;    domain: &quot;syntax&quot;&#10;    ignored: [&quot;examples&quot;]&#10;warning: the following keywords are unknown and will be ignored: [examples]&#10;    level: &quot;warning&quot;&#10;    schema: {&quot;loadingURI&quot;:&quot;#&quot;,&quot;pointer&quot;:&quot;/items/properties/nome&quot;}&#10;    domain: &quot;syntax&quot;&#10;    ignored: [&quot;examples&quot;]&#10;warning: the following keywords are unknown and will be ignored: [examples]&#10;    level: &quot;warning&quot;&#10;    schema: {&quot;loadingURI&quot;:&quot;#&quot;,&quot;pointer&quot;:&quot;/items/properties/parcelas&quot;}&#10;    domain: &quot;syntax&quot;&#10;    ignored: [&quot;examples&quot;]&#10;warning: the following keywords are unknown and will be ignored: [examples]&#10;    level: &quot;warning&quot;&#10;    schema: {&quot;loadingURI&quot;:&quot;#&quot;,&quot;pointer&quot;:&quot;/items/properties/seguro&quot;}&#10;    domain: &quot;syntax&quot;&#10;    ignored: [&quot;examples&quot;]&#10;warning: the following keywords are unknown and will be ignored: [examples]&#10;    level: &quot;warning&quot;&#10;    schema: {&quot;loadingURI&quot;:&quot;#&quot;,&quot;pointer&quot;:&quot;/items/properties/valor&quot;}&#10;    domain: &quot;syntax&quot;&#10;    ignored: [&quot;examples&quot;]&#10;warning: the following keywords are unknown and will be ignored: [examples]&#10;    level: &quot;warning&quot;&#10;    schema: {&quot;loadingURI&quot;:&quot;#&quot;,&quot;pointer&quot;:&quot;/items&quot;}&#10;    domain: &quot;syntax&quot;&#10;    ignored: [&quot;examples&quot;]&#10;warning: the following keywords are unknown and will be ignored: [examples]&#10;    level: &quot;warning&quot;&#10;    schema: {&quot;loadingURI&quot;:&quot;#&quot;,&quot;pointer&quot;:&quot;/items/properties/cpf&quot;}&#10;    domain: &quot;syntax&quot;&#10;    ignored: [&quot;examples&quot;]&#10;warning: the following keywords are unknown and will be ignored: [examples]&#10;    level: &quot;warning&quot;&#10;    schema: {&quot;loadingURI&quot;:&quot;#&quot;,&quot;pointer&quot;:&quot;/items/properties/email&quot;}&#10;    domain: &quot;syntax&quot;&#10;    ignored: [&quot;examples&quot;]&#10;warning: the following keywords are unknown and will be ignored: [examples]&#10;    level: &quot;warning&quot;&#10;    schema: {&quot;loadingURI&quot;:&quot;#&quot;,&quot;pointer&quot;:&quot;/items/properties/id&quot;}&#10;    domain: &quot;syntax&quot;&#10;    ignored: [&quot;examples&quot;]&#10;warning: the following keywords are unknown and will be ignored: [examples]&#10;    level: &quot;warning&quot;&#10;    schema: {&quot;loadingURI&quot;:&quot;#&quot;,&quot;pointer&quot;:&quot;/items/properties/nome&quot;}&#10;    domain: &quot;syntax&quot;&#10;    ignored: [&quot;examples&quot;]&#10;warning: the following keywords are unknown and will be ignored: [examples]&#10;    level: &quot;warning&quot;&#10;    schema: {&quot;loadingURI&quot;:&quot;#&quot;,&quot;pointer&quot;:&quot;/items/properties/parcelas&quot;}&#10;    domain: &quot;syntax&quot;&#10;    ignored: [&quot;examples&quot;]&#10;warning: the following keywords are unknown and will be ignored: [examples]&#10;    level: &quot;warning&quot;&#10;    schema: {&quot;loadingURI&quot;:&quot;#&quot;,&quot;pointer&quot;:&quot;/items/properties/seguro&quot;}&#10;    domain: &quot;syntax&quot;&#10;    ignored: [&quot;examples&quot;]&#10;warning: the following keywords are unknown and will be ignored: [examples]&#10;    level: &quot;warning&quot;&#10;    schema: {&quot;loadingURI&quot;:&quot;#&quot;,&quot;pointer&quot;:&quot;/items/properties/valor&quot;}&#10;    domain: &quot;syntax&quot;&#10;    ignored: [&quot;examples&quot;]&#10;warning: the following keywords are unknown and will be ignored: [examples]&#10;    level: &quot;warning&quot;&#10;    schema: {&quot;loadingURI&quot;:&quot;#&quot;,&quot;pointer&quot;:&quot;/items&quot;}&#10;    domain: &quot;syntax&quot;&#10;    ignored: [&quot;examples&quot;]&#10;warning: the following keywords are unknown and will be ignored: [examples]&#10;    level: &quot;warning&quot;&#10;    schema: {&quot;loadingURI&quot;:&quot;#&quot;,&quot;pointer&quot;:&quot;/items/properties/cpf&quot;}&#10;    domain: &quot;syntax&quot;&#10;    ignored: [&quot;examples&quot;]&#10;warning: the following keywords are unknown and will be ignored: [examples]&#10;    level: &quot;warning&quot;&#10;    schema: {&quot;loadingURI&quot;:&quot;#&quot;,&quot;pointer&quot;:&quot;/items/properties/email&quot;}&#10;    domain: &quot;syntax&quot;&#10;    ignored: [&quot;examples&quot;]&#10;warning: the following keywords are unknown and will be ignored: [examples]&#10;    level: &quot;warning&quot;&#10;    schema: {&quot;loadingURI&quot;:&quot;#&quot;,&quot;pointer&quot;:&quot;/items/properties/id&quot;}&#10;    domain: &quot;syntax&quot;&#10;    ignored: [&quot;examples&quot;]&#10;warning: the following keywords are unknown and will be ignored: [examples]&#10;    level: &quot;warning&quot;&#10;    schema: {&quot;loadingURI&quot;:&quot;#&quot;,&quot;pointer&quot;:&quot;/items/properties/nome&quot;}&#10;    domain: &quot;syntax&quot;&#10;    ignored: [&quot;examples&quot;]&#10;warning: the following keywords are unknown and will be ignored: [examples]&#10;    level: &quot;warning&quot;&#10;    schema: {&quot;loadingURI&quot;:&quot;#&quot;,&quot;pointer&quot;:&quot;/items/properties/parcelas&quot;}&#10;    domain: &quot;syntax&quot;&#10;    ignored: [&quot;examples&quot;]&#10;warning: the following keywords are unknown and will be ignored: [examples]&#10;    level: &quot;warning&quot;&#10;    schema: {&quot;loadingURI&quot;:&quot;#&quot;,&quot;pointer&quot;:&quot;/items/properties/seguro&quot;}&#10;    domain: &quot;syntax&quot;&#10;    ignored: [&quot;examples&quot;]&#10;warning: the following keywords are unknown and will be ignored: [examples]&#10;    level: &quot;warning&quot;&#10;    schema: {&quot;loadingURI&quot;:&quot;#&quot;,&quot;pointer&quot;:&quot;/items/properties/valor&quot;}&#10;    domain: &quot;syntax&quot;&#10;    ignored: [&quot;examples&quot;]&#10;warning: the following keywords are unknown and will be ignored: [examples]&#10;    level: &quot;warning&quot;&#10;    schema: {&quot;loadingURI&quot;:&quot;#&quot;,&quot;pointer&quot;:&quot;/items&quot;}&#10;    domain: &quot;syntax&quot;&#10;    ignored: [&quot;examples&quot;]&#10;warning: the following keywords are unknown and will be ignored: [examples]&#10;    level: &quot;warning&quot;&#10;    schema: {&quot;loadingURI&quot;:&quot;#&quot;,&quot;pointer&quot;:&quot;/items/properties/cpf&quot;}&#10;    domain: &quot;syntax&quot;&#10;    ignored: [&quot;examples&quot;]&#10;warning: the following keywords are unknown and will be ignored: [examples]&#10;    level: &quot;warning&quot;&#10;    schema: {&quot;loadingURI&quot;:&quot;#&quot;,&quot;pointer&quot;:&quot;/items/properties/email&quot;}&#10;    domain: &quot;syntax&quot;&#10;    ignored: [&quot;examples&quot;]&#10;warning: the following keywords are unknown and will be ignored: [examples]&#10;    level: &quot;warning&quot;&#10;    schema: {&quot;loadingURI&quot;:&quot;#&quot;,&quot;pointer&quot;:&quot;/items/properties/id&quot;}&#10;    domain: &quot;syntax&quot;&#10;    ignored: [&quot;examples&quot;]&#10;warning: the following keywords are unknown and will be ignored: [examples]&#10;    level: &quot;warning&quot;&#10;    schema: {&quot;loadingURI&quot;:&quot;#&quot;,&quot;pointer&quot;:&quot;/items/properties/nome&quot;}&#10;    domain: &quot;syntax&quot;&#10;    ignored: [&quot;examples&quot;]&#10;warning: the following keywords are unknown and will be ignored: [examples]&#10;    level: &quot;warning&quot;&#10;    schema: {&quot;loadingURI&quot;:&quot;#&quot;,&quot;pointer&quot;:&quot;/items/properties/parcelas&quot;}&#10;    domain: &quot;syntax&quot;&#10;    ignored: [&quot;examples&quot;]&#10;warning: the following keywords are unknown and will be ignored: [examples]&#10;    level: &quot;warning&quot;&#10;    schema: {&quot;loadingURI&quot;:&quot;#&quot;,&quot;pointer&quot;:&quot;/items/properties/seguro&quot;}&#10;    domain: &quot;syntax&quot;&#10;    ignored: [&quot;examples&quot;]&#10;warning: the following keywords are unknown and will be ignored: [examples]&#10;    level: &quot;warning&quot;&#10;    schema: {&quot;loadingURI&quot;:&quot;#&quot;,&quot;pointer&quot;:&quot;/items/properties/valor&quot;}&#10;    domain: &quot;syntax&quot;&#10;    ignored: [&quot;examples&quot;]&#10;warning: the following keywords are unknown and will be ignored: [examples]&#10;    level: &quot;warning&quot;&#10;    schema: {&quot;loadingURI&quot;:&quot;#&quot;,&quot;pointer&quot;:&quot;/items&quot;}&#10;    domain: &quot;syntax&quot;&#10;    ignored: [&quot;examples&quot;]&#10;warning: the following keywords are unknown and will be ignored: [examples]&#10;    level: &quot;warning&quot;&#10;    schema: {&quot;loadingURI&quot;:&quot;#&quot;,&quot;pointer&quot;:&quot;/items/properties/cpf&quot;}&#10;    domain: &quot;syntax&quot;&#10;    ignored: [&quot;examples&quot;]&#10;warning: the following keywords are unknown and will be ignored: [examples]&#10;    level: &quot;warning&quot;&#10;    schema: {&quot;loadingURI&quot;:&quot;#&quot;,&quot;pointer&quot;:&quot;/items/properties/email&quot;}&#10;    domain: &quot;syntax&quot;&#10;    ignored: [&quot;examples&quot;]&#10;warning: the following keywords are unknown and will be ignored: [examples]&#10;    level: &quot;warning&quot;&#10;    schema: {&quot;loadingURI&quot;:&quot;#&quot;,&quot;pointer&quot;:&quot;/items/properties/id&quot;}&#10;    domain: &quot;syntax&quot;&#10;    ignored: [&quot;examples&quot;]&#10;warning: the following keywords are unknown and will be ignored: [examples]&#10;    level: &quot;warning&quot;&#10;    schema: {&quot;loadingURI&quot;:&quot;#&quot;,&quot;pointer&quot;:&quot;/items/properties/nome&quot;}&#10;    domain: &quot;syntax&quot;&#10;    ignored: [&quot;examples&quot;]&#10;warning: the following keywords are unknown and will be ignored: [examples]&#10;    level: &quot;warning&quot;&#10;    schema: {&quot;loadingURI&quot;:&quot;#&quot;,&quot;pointer&quot;:&quot;/items/properties/parcelas&quot;}&#10;    domain: &quot;syntax&quot;&#10;    ignored: [&quot;examples&quot;]&#10;warning: the following keywords are unknown and will be ignored: [examples]&#10;    level: &quot;warning&quot;&#10;    schema: {&quot;loadingURI&quot;:&quot;#&quot;,&quot;pointer&quot;:&quot;/items/properties/seguro&quot;}&#10;    domain: &quot;syntax&quot;&#10;    ignored: [&quot;examples&quot;]&#10;warning: the following keywords are unknown and will be ignored: [examples]&#10;    level: &quot;warning&quot;&#10;    schema: {&quot;loadingURI&quot;:&quot;#&quot;,&quot;pointer&quot;:&quot;/items/properties/valor&quot;}&#10;    domain: &quot;syntax&quot;&#10;    ignored: [&quot;examples&quot;]&#10;warning: the following keywords are unknown and will be ignored: [examples]&#10;    level: &quot;warning&quot;&#10;    schema: {&quot;loadingURI&quot;:&quot;#&quot;,&quot;pointer&quot;:&quot;/items&quot;}&#10;    domain: &quot;syntax&quot;&#10;    ignored: [&quot;examples&quot;]&#10;warning: the following keywords are unknown and will be ignored: [examples]&#10;    level: &quot;warning&quot;&#10;    schema: {&quot;loadingURI&quot;:&quot;#&quot;,&quot;pointer&quot;:&quot;/items/properties/cpf&quot;}&#10;    domain: &quot;syntax&quot;&#10;    ignored: [&quot;examples&quot;]&#10;warning: the following keywords are unknown and will be ignored: [examples]&#10;    level: &quot;warning&quot;&#10;    schema: {&quot;loadingURI&quot;:&quot;#&quot;,&quot;pointer&quot;:&quot;/items/properties/email&quot;}&#10;    domain: &quot;syntax&quot;&#10;    ignored: [&quot;examples&quot;]&#10;warning: the following keywords are unknown and will be ignored: [examples]&#10;    level: &quot;warning&quot;&#10;    schema: {&quot;loadingURI&quot;:&quot;#&quot;,&quot;pointer&quot;:&quot;/items/properties/id&quot;}&#10;    domain: &quot;syntax&quot;&#10;    ignored: [&quot;examples&quot;]&#10;warning: the following keywords are unknown and will be ignored: [examples]&#10;    level: &quot;warning&quot;&#10;    schema: {&quot;loadingURI&quot;:&quot;#&quot;,&quot;pointer&quot;:&quot;/items/properties/nome&quot;}&#10;    domain: &quot;syntax&quot;&#10;    ignored: [&quot;examples&quot;]&#10;warning: the following keywords are unknown and will be ignored: [examples]&#10;    level: &quot;warning&quot;&#10;    schema: {&quot;loadingURI&quot;:&quot;#&quot;,&quot;pointer&quot;:&quot;/items/properties/parcelas&quot;}&#10;    domain: &quot;syntax&quot;&#10;    ignored: [&quot;examples&quot;]&#10;warning: the following keywords are unknown and will be ignored: [examples]&#10;    level: &quot;warning&quot;&#10;    schema: {&quot;loadingURI&quot;:&quot;#&quot;,&quot;pointer&quot;:&quot;/items/properties/seguro&quot;}&#10;    domain: &quot;syntax&quot;&#10;    ignored: [&quot;examples&quot;]&#10;warning: the following keywords are unknown and will be ignored: [examples]&#10;    level: &quot;warning&quot;&#10;    schema: {&quot;loadingURI&quot;:&quot;#&quot;,&quot;pointer&quot;:&quot;/items/properties/valor&quot;}&#10;    domain: &quot;syntax&quot;&#10;    ignored: [&quot;examples&quot;]&#10;warning: the following keywords are unknown and will be ignored: [examples]&#10;    level: &quot;warning&quot;&#10;    schema: {&quot;loadingURI&quot;:&quot;#&quot;,&quot;pointer&quot;:&quot;/items&quot;}&#10;    domain: &quot;syntax&quot;&#10;    ignored: [&quot;examples&quot;]&#10;warning: the following keywords are unknown and will be ignored: [examples]&#10;    level: &quot;warning&quot;&#10;    schema: {&quot;loadingURI&quot;:&quot;#&quot;,&quot;pointer&quot;:&quot;/items/properties/cpf&quot;}&#10;    domain: &quot;syntax&quot;&#10;    ignored: [&quot;examples&quot;]&#10;warning: the following keywords are unknown and will be ignored: [examples]&#10;    level: &quot;warning&quot;&#10;    schema: {&quot;loadingURI&quot;:&quot;#&quot;,&quot;pointer&quot;:&quot;/items/properties/email&quot;}&#10;    domain: &quot;syntax&quot;&#10;    ignored: [&quot;examples&quot;]&#10;warning: the following keywords are unknown and will be ignored: [examples]&#10;    level: &quot;warning&quot;&#10;    schema: {&quot;loadingURI&quot;:&quot;#&quot;,&quot;pointer&quot;:&quot;/items/properties/id&quot;}&#10;    domain: &quot;syntax&quot;&#10;    ignored: [&quot;examples&quot;]&#10;warning: the following keywords are unknown and will be ignored: [examples]&#10;    level: &quot;warning&quot;&#10;    schema: {&quot;loadingURI&quot;:&quot;#&quot;,&quot;pointer&quot;:&quot;/items/properties/nome&quot;}&#10;    domain: &quot;syntax&quot;&#10;    ignored: [&quot;examples&quot;]&#10;warning: the following keywords are unknown and will be ignored: [examples]&#10;    level: &quot;warning&quot;&#10;    schema: {&quot;loadingURI&quot;:&quot;#&quot;,&quot;pointer&quot;:&quot;/items/properties/parcelas&quot;}&#10;    domain: &quot;syntax&quot;&#10;    ignored: [&quot;examples&quot;]&#10;warning: the following keywords are unknown and will be ignored: [examples]&#10;    level: &quot;warning&quot;&#10;    schema: {&quot;loadingURI&quot;:&quot;#&quot;,&quot;pointer&quot;:&quot;/items/properties/seguro&quot;}&#10;    domain: &quot;syntax&quot;&#10;    ignored: [&quot;examples&quot;]&#10;warning: the following keywords are unknown and will be ignored: [examples]&#10;    level: &quot;warning&quot;&#10;    schema: {&quot;loadingURI&quot;:&quot;#&quot;,&quot;pointer&quot;:&quot;/items/properties/valor&quot;}&#10;    domain: &quot;syntax&quot;&#10;    ignored: [&quot;examples&quot;]&#10;warning: the following keywords are unknown and will be ignored: [examples]&#10;    level: &quot;warning&quot;&#10;    schema: {&quot;loadingURI&quot;:&quot;#&quot;,&quot;pointer&quot;:&quot;/items&quot;}&#10;    domain: &quot;syntax&quot;&#10;    ignored: [&quot;examples&quot;]&#10;warning: the following keywords are unknown and will be ignored: [examples]&#10;    level: &quot;warning&quot;&#10;    schema: {&quot;loadingURI&quot;:&quot;#&quot;,&quot;pointer&quot;:&quot;/items/properties/cpf&quot;}&#10;    domain: &quot;syntax&quot;&#10;    ignored: [&quot;examples&quot;]&#10;warning: the following keywords are unknown and will be ignored: [examples]&#10;    level: &quot;warning&quot;&#10;    schema: {&quot;loadingURI&quot;:&quot;#&quot;,&quot;pointer&quot;:&quot;/items/properties/email&quot;}&#10;    domain: &quot;syntax&quot;&#10;    ignored: [&quot;examples&quot;]&#10;warning: the following keywords are unknown and will be ignored: [examples]&#10;    level: &quot;warning&quot;&#10;    schema: {&quot;loadingURI&quot;:&quot;#&quot;,&quot;pointer&quot;:&quot;/items/properties/id&quot;}&#10;    domain: &quot;syntax&quot;&#10;    ignored: [&quot;examples&quot;]&#10;warning: the following keywords are unknown and will be ignored: [examples]&#10;    level: &quot;warning&quot;&#10;    schema: {&quot;loadingURI&quot;:&quot;#&quot;,&quot;pointer&quot;:&quot;/items/properties/nome&quot;}&#10;    domain: &quot;syntax&quot;&#10;    ignored: [&quot;examples&quot;]&#10;warning: the following keywords are unknown and will be ignored: [examples]&#10;    level: &quot;warning&quot;&#10;    schema: {&quot;loadingURI&quot;:&quot;#&quot;,&quot;pointer&quot;:&quot;/items/properties/parcelas&quot;}&#10;    domain: &quot;syntax&quot;&#10;    ignored: [&quot;examples&quot;]&#10;warning: the following keywords are unknown and will be ignored: [examples]&#10;    level: &quot;warning&quot;&#10;    schema: {&quot;loadingURI&quot;:&quot;#&quot;,&quot;pointer&quot;:&quot;/items/properties/seguro&quot;}&#10;    domain: &quot;syntax&quot;&#10;    ignored: [&quot;examples&quot;]&#10;warning: the following keywords are unknown and will be ignored: [examples]&#10;    level: &quot;warning&quot;&#10;    schema: {&quot;loadingURI&quot;:&quot;#&quot;,&quot;pointer&quot;:&quot;/items/properties/valor&quot;}&#10;    domain: &quot;syntax&quot;&#10;    ignored: [&quot;examples&quot;]&#10;warning: the following keywords are unknown and will be ignored: [examples]&#10;    level: &quot;warning&quot;&#10;    schema: {&quot;loadingURI&quot;:&quot;#&quot;,&quot;pointer&quot;:&quot;/items&quot;}&#10;    domain: &quot;syntax&quot;&#10;    ignored: [&quot;examples&quot;]&#10;warning: the following keywords are unknown and will be ignored: [examples]&#10;    level: &quot;warning&quot;&#10;    schema: {&quot;loadingURI&quot;:&quot;#&quot;,&quot;pointer&quot;:&quot;/items/properties/cpf&quot;}&#10;    domain: &quot;syntax&quot;&#10;    ignored: [&quot;examples&quot;]&#10;warning: the following keywords are unknown and will be ignored: [examples]&#10;    level: &quot;warning&quot;&#10;    schema: {&quot;loadingURI&quot;:&quot;#&quot;,&quot;pointer&quot;:&quot;/items/properties/email&quot;}&#10;    domain: &quot;syntax&quot;&#10;    ignored: [&quot;examples&quot;]&#10;warning: the following keywords are unknown and will be ignored: [examples]&#10;    level: &quot;warning&quot;&#10;    schema: {&quot;loadingURI&quot;:&quot;#&quot;,&quot;pointer&quot;:&quot;/items/properties/id&quot;}&#10;    domain: &quot;syntax&quot;&#10;    ignored: [&quot;examples&quot;]&#10;warning: the following keywords are unknown and will be ignored: [examples]&#10;    level: &quot;warning&quot;&#10;    schema: {&quot;loadingURI&quot;:&quot;#&quot;,&quot;pointer&quot;:&quot;/items/properties/nome&quot;}&#10;    domain: &quot;syntax&quot;&#10;    ignored: [&quot;examples&quot;]&#10;warning: the following keywords are unknown and will be ignored: [examples]&#10;    level: &quot;warning&quot;&#10;    schema: {&quot;loadingURI&quot;:&quot;#&quot;,&quot;pointer&quot;:&quot;/items/properties/parcelas&quot;}&#10;    domain: &quot;syntax&quot;&#10;    ignored: [&quot;examples&quot;]&#10;warning: the following keywords are unknown and will be ignored: [examples]&#10;    level: &quot;warning&quot;&#10;    schema: {&quot;loadingURI&quot;:&quot;#&quot;,&quot;pointer&quot;:&quot;/items/properties/seguro&quot;}&#10;    domain: &quot;syntax&quot;&#10;    ignored: [&quot;examples&quot;]&#10;warning: the following keywords are unknown and will be ignored: [examples]&#10;    level: &quot;warning&quot;&#10;    schema: {&quot;loadingURI&quot;:&quot;#&quot;,&quot;pointer&quot;:&quot;/items/properties/valor&quot;}&#10;    domain: &quot;syntax&quot;&#10;    ignored: [&quot;examples&quot;]&#10;warning: the following keywords are unknown and will be ignored: [examples]&#10;    level: &quot;warning&quot;&#10;    schema: {&quot;loadingURI&quot;:&quot;#&quot;,&quot;pointer&quot;:&quot;/items&quot;}&#10;    domain: &quot;syntax&quot;&#10;    ignored: [&quot;examples&quot;]&#10;warning: the following keywords are unknown and will be ignored: [examples]&#10;    level: &quot;warning&quot;&#10;    schema: {&quot;loadingURI&quot;:&quot;#&quot;,&quot;pointer&quot;:&quot;/items/properties/cpf&quot;}&#10;    domain: &quot;syntax&quot;&#10;    ignored: [&quot;examples&quot;]&#10;warning: the following keywords are unknown and will be ignored: [examples]&#10;    level: &quot;warning&quot;&#10;    schema: {&quot;loadingURI&quot;:&quot;#&quot;,&quot;pointer&quot;:&quot;/items/properties/email&quot;}&#10;    domain: &quot;syntax&quot;&#10;    ignored: [&quot;examples&quot;]&#10;warning: the following keywords are unknown and will be ignored: [examples]&#10;    level: &quot;warning&quot;&#10;    schema: {&quot;loadingURI&quot;:&quot;#&quot;,&quot;pointer&quot;:&quot;/items/properties/id&quot;}&#10;    domain: &quot;syntax&quot;&#10;    ignored: [&quot;examples&quot;]&#10;warning: the following keywords are unknown and will be ignored: [examples]&#10;    level: &quot;warning&quot;&#10;    schema: {&quot;loadingURI&quot;:&quot;#&quot;,&quot;pointer&quot;:&quot;/items/properties/nome&quot;}&#10;    domain: &quot;syntax&quot;&#10;    ignored: [&quot;examples&quot;]&#10;warning: the following keywords are unknown and will be ignored: [examples]&#10;    level: &quot;warning&quot;&#10;    schema: {&quot;loadingURI&quot;:&quot;#&quot;,&quot;pointer&quot;:&quot;/items/properties/parcelas&quot;}&#10;    domain: &quot;syntax&quot;&#10;    ignored: [&quot;examples&quot;]&#10;warning: the following keywords are unknown and will be ignored: [examples]&#10;    level: &quot;warning&quot;&#10;    schema: {&quot;loadingURI&quot;:&quot;#&quot;,&quot;pointer&quot;:&quot;/items/properties/seguro&quot;}&#10;    domain: &quot;syntax&quot;&#10;    ignored: [&quot;examples&quot;]&#10;warning: the following keywords are unknown and will be ignored: [examples]&#10;    level: &quot;warning&quot;&#10;    schema: {&quot;loadingURI&quot;:&quot;#&quot;,&quot;pointer&quot;:&quot;/items/properties/valor&quot;}&#10;    domain: &quot;syntax&quot;&#10;    ignored: [&quot;examples&quot;]&#10;warning: the following keywords are unknown and will be ignored: [examples]&#10;    level: &quot;warning&quot;&#10;    schema: {&quot;loadingURI&quot;:&quot;#&quot;,&quot;pointer&quot;:&quot;/items&quot;}&#10;    domain: &quot;syntax&quot;&#10;    ignored: [&quot;examples&quot;]&#10;warning: the following keywords are unknown and will be ignored: [examples]&#10;    level: &quot;warning&quot;&#10;    schema: {&quot;loadingURI&quot;:&quot;#&quot;,&quot;pointer&quot;:&quot;/items/properties/cpf&quot;}&#10;    domain: &quot;syntax&quot;&#10;    ignored: [&quot;examples&quot;]&#10;warning: the following keywords are unknown and will be ignored: [examples]&#10;    level: &quot;warning&quot;&#10;    schema: {&quot;loadingURI&quot;:&quot;#&quot;,&quot;pointer&quot;:&quot;/items/properties/email&quot;}&#10;    domain: &quot;syntax&quot;&#10;    ignored: [&quot;examples&quot;]&#10;warning: the following keywords are unknown and will be ignored: [examples]&#10;    level: &quot;warning&quot;&#10;    schema: {&quot;loadingURI&quot;:&quot;#&quot;,&quot;pointer&quot;:&quot;/items/properties/id&quot;}&#10;    domain: &quot;syntax&quot;&#10;    ignored: [&quot;examples&quot;]&#10;warning: the following keywords are unknown and will be ignored: [examples]&#10;    level: &quot;warning&quot;&#10;    schema: {&quot;loadingURI&quot;:&quot;#&quot;,&quot;pointer&quot;:&quot;/items/properties/nome&quot;}&#10;    domain: &quot;syntax&quot;&#10;    ignored: [&quot;examples&quot;]&#10;warning: the following keywords are unknown and will be ignored: [examples]&#10;    level: &quot;warning&quot;&#10;    schema: {&quot;loadingURI&quot;:&quot;#&quot;,&quot;pointer&quot;:&quot;/items/properties/parcelas&quot;}&#10;    domain: &quot;syntax&quot;&#10;    ignored: [&quot;examples&quot;]&#10;warning: the following keywords are unknown and will be ignored: [examples]&#10;    level: &quot;warning&quot;&#10;    schema: {&quot;loadingURI&quot;:&quot;#&quot;,&quot;pointer&quot;:&quot;/items/properties/seguro&quot;}&#10;    domain: &quot;syntax&quot;&#10;    ignored: [&quot;examples&quot;]&#10;warning: the following keywords are unknown and will be ignored: [examples]&#10;    level: &quot;warning&quot;&#10;    schema: {&quot;loadingURI&quot;:&quot;#&quot;,&quot;pointer&quot;:&quot;/items/properties/valor&quot;}&#10;    domain: &quot;syntax&quot;&#10;    ignored: [&quot;examples&quot;]&#10;warning: the following keywords are unknown and will be ignored: [examples]&#10;    level: &quot;warning&quot;&#10;    schema: {&quot;loadingURI&quot;:&quot;#&quot;,&quot;pointer&quot;:&quot;/items&quot;}&#10;    domain: &quot;syntax&quot;&#10;    ignored: [&quot;examples&quot;]&#10;warning: the following keywords are unknown and will be ignored: [examples]&#10;    level: &quot;warning&quot;&#10;    schema: {&quot;loadingURI&quot;:&quot;#&quot;,&quot;pointer&quot;:&quot;/items/properties/cpf&quot;}&#10;    domain: &quot;syntax&quot;&#10;    ignored: [&quot;examples&quot;]&#10;warning: the following keywords are unknown and will be ignored: [examples]&#10;    level: &quot;warning&quot;&#10;    schema: {&quot;loadingURI&quot;:&quot;#&quot;,&quot;pointer&quot;:&quot;/items/properties/email&quot;}&#10;    domain: &quot;syntax&quot;&#10;    ignored: [&quot;examples&quot;]&#10;warning: the following keywords are unknown and will be ignored: [examples]&#10;    level: &quot;warning&quot;&#10;    schema: {&quot;loadingURI&quot;:&quot;#&quot;,&quot;pointer&quot;:&quot;/items/properties/id&quot;}&#10;    domain: &quot;syntax&quot;&#10;    ignored: [&quot;examples&quot;]&#10;warning: the following keywords are unknown and will be ignored: [examples]&#10;    level: &quot;warning&quot;&#10;    schema: {&quot;loadingURI&quot;:&quot;#&quot;,&quot;pointer&quot;:&quot;/items/properties/nome&quot;}&#10;    domain: &quot;syntax&quot;&#10;    ignored: [&quot;examples&quot;]&#10;warning: the following keywords are unknown and will be ignored: [examples]&#10;    level: &quot;warning&quot;&#10;    schema: {&quot;loadingURI&quot;:&quot;#&quot;,&quot;pointer&quot;:&quot;/items/properties/parcelas&quot;}&#10;    domain: &quot;syntax&quot;&#10;    ignored: [&quot;examples&quot;]&#10;warning: the following keywords are unknown and will be ignored: [examples]&#10;    level: &quot;warning&quot;&#10;    schema: {&quot;loadingURI&quot;:&quot;#&quot;,&quot;pointer&quot;:&quot;/items/properties/seguro&quot;}&#10;    domain: &quot;syntax&quot;&#10;    ignored: [&quot;examples&quot;]&#10;warning: the following keywords are unknown and will be ignored: [examples]&#10;    level: &quot;warning&quot;&#10;    schema: {&quot;loadingURI&quot;:&quot;#&quot;,&quot;pointer&quot;:&quot;/items/properties/valor&quot;}&#10;    domain: &quot;syntax&quot;&#10;    ignored: [&quot;examples&quot;]&#10;warning: the following keywords are unknown and will be ignored: [examples]&#10;    level: &quot;warning&quot;&#10;    schema: {&quot;loadingURI&quot;:&quot;#&quot;,&quot;pointer&quot;:&quot;/items&quot;}&#10;    domain: &quot;syntax&quot;&#10;    ignored: [&quot;examples&quot;]&#10;warning: the following keywords are unknown and will be ignored: [examples]&#10;    level: &quot;warning&quot;&#10;    schema: {&quot;loadingURI&quot;:&quot;#&quot;,&quot;pointer&quot;:&quot;/items/properties/cpf&quot;}&#10;    domain: &quot;syntax&quot;&#10;    ignored: [&quot;examples&quot;]&#10;warning: the following keywords are unknown and will be ignored: [examples]&#10;    level: &quot;warning&quot;&#10;    schema: {&quot;loadingURI&quot;:&quot;#&quot;,&quot;pointer&quot;:&quot;/items/properties/email&quot;}&#10;    domain: &quot;syntax&quot;&#10;    ignored: [&quot;examples&quot;]&#10;warning: the following keywords are unknown and will be ignored: [examples]&#10;    level: &quot;warning&quot;&#10;    schema: {&quot;loadingURI&quot;:&quot;#&quot;,&quot;pointer&quot;:&quot;/items/properties/id&quot;}&#10;    domain: &quot;syntax&quot;&#10;    ignored: [&quot;examples&quot;]&#10;warning: the following keywords are unknown and will be ignored: [examples]&#10;    level: &quot;warning&quot;&#10;    schema: {&quot;loadingURI&quot;:&quot;#&quot;,&quot;pointer&quot;:&quot;/items/properties/nome&quot;}&#10;    domain: &quot;syntax&quot;&#10;    ignored: [&quot;examples&quot;]&#10;warning: the following keywords are unknown and will be ignored: [examples]&#10;    level: &quot;warning&quot;&#10;    schema: {&quot;loadingURI&quot;:&quot;#&quot;,&quot;pointer&quot;:&quot;/items/properties/parcelas&quot;}&#10;    domain: &quot;syntax&quot;&#10;    ignored: [&quot;examples&quot;]&#10;warning: the following keywords are unknown and will be ignored: [examples]&#10;    level: &quot;warning&quot;&#10;    schema: {&quot;loadingURI&quot;:&quot;#&quot;,&quot;pointer&quot;:&quot;/items/properties/seguro&quot;}&#10;    domain: &quot;syntax&quot;&#10;    ignored: [&quot;examples&quot;]&#10;warning: the following keywords are unknown and will be ignored: [examples]&#10;    level: &quot;warning&quot;&#10;    schema: {&quot;loadingURI&quot;:&quot;#&quot;,&quot;pointer&quot;:&quot;/items/properties/valor&quot;}&#10;    domain: &quot;syntax&quot;&#10;    ignored: [&quot;examples&quot;]&#10;warning: the following keywords are unknown and will be ignored: [examples]&#10;    level: &quot;warning&quot;&#10;    schema: {&quot;loadingURI&quot;:&quot;#&quot;,&quot;pointer&quot;:&quot;/items&quot;}&#10;    domain: &quot;syntax&quot;&#10;    ignored: [&quot;examples&quot;]&#10;warning: the following keywords are unknown and will be ignored: [examples]&#10;    level: &quot;warning&quot;&#10;    schema: {&quot;loadingURI&quot;:&quot;#&quot;,&quot;pointer&quot;:&quot;/items/properties/cpf&quot;}&#10;    domain: &quot;syntax&quot;&#10;    ignored: [&quot;examples&quot;]&#10;warning: the following keywords are unknown and will be ignored: [examples]&#10;    level: &quot;warning&quot;&#10;    schema: {&quot;loadingURI&quot;:&quot;#&quot;,&quot;pointer&quot;:&quot;/items/properties/email&quot;}&#10;    domain: &quot;syntax&quot;&#10;    ignored: [&quot;examples&quot;]&#10;warning: the following keywords are unknown and will be ignored: [examples]&#10;    level: &quot;warning&quot;&#10;    schema: {&quot;loadingURI&quot;:&quot;#&quot;,&quot;pointer&quot;:&quot;/items/properties/id&quot;}&#10;    domain: &quot;syntax&quot;&#10;    ignored: [&quot;examples&quot;]&#10;warning: the following keywords are unknown and will be ignored: [examples]&#10;    level: &quot;warning&quot;&#10;    schema: {&quot;loadingURI&quot;:&quot;#&quot;,&quot;pointer&quot;:&quot;/items/properties/nome&quot;}&#10;    domain: &quot;syntax&quot;&#10;    ignored: [&quot;examples&quot;]&#10;warning: the following keywords are unknown and will be ignored: [examples]&#10;    level: &quot;warning&quot;&#10;    schema: {&quot;loadingURI&quot;:&quot;#&quot;,&quot;pointer&quot;:&quot;/items/properties/parcelas&quot;}&#10;    domain: &quot;syntax&quot;&#10;    ignored: [&quot;examples&quot;]&#10;warning: the following keywords are unknown and will be ignored: [examples]&#10;    level: &quot;warning&quot;&#10;    schema: {&quot;loadingURI&quot;:&quot;#&quot;,&quot;pointer&quot;:&quot;/items/properties/seguro&quot;}&#10;    domain: &quot;syntax&quot;&#10;    ignored: [&quot;examples&quot;]&#10;warning: the following keywords are unknown and will be ignored: [examples]&#10;    level: &quot;warning&quot;&#10;    schema: {&quot;loadingURI&quot;:&quot;#&quot;,&quot;pointer&quot;:&quot;/items/properties/valor&quot;}&#10;    domain: &quot;syntax&quot;&#10;    ignored: [&quot;examples&quot;]&#10;warning: the following keywords are unknown and will be ignored: [examples]&#10;    level: &quot;warning&quot;&#10;    schema: {&quot;loadingURI&quot;:&quot;#&quot;,&quot;pointer&quot;:&quot;/items&quot;}&#10;    domain: &quot;syntax&quot;&#10;    ignored: [&quot;examples&quot;]&#10;warning: the following keywords are unknown and will be ignored: [examples]&#10;    level: &quot;warning&quot;&#10;    schema: {&quot;loadingURI&quot;:&quot;#&quot;,&quot;pointer&quot;:&quot;/items/properties/cpf&quot;}&#10;    domain: &quot;syntax&quot;&#10;    ignored: [&quot;examples&quot;]&#10;warning: the following keywords are unknown and will be ignored: [examples]&#10;    level: &quot;warning&quot;&#10;    schema: {&quot;loadingURI&quot;:&quot;#&quot;,&quot;pointer&quot;:&quot;/items/properties/email&quot;}&#10;    domain: &quot;syntax&quot;&#10;    ignored: [&quot;examples&quot;]&#10;warning: the following keywords are unknown and will be ignored: [examples]&#10;    level: &quot;warning&quot;&#10;    schema: {&quot;loadingURI&quot;:&quot;#&quot;,&quot;pointer&quot;:&quot;/items/properties/id&quot;}&#10;    domain: &quot;syntax&quot;&#10;    ignored: [&quot;examples&quot;]&#10;warning: the following keywords are unknown and will be ignored: [examples]&#10;    level: &quot;warning&quot;&#10;    schema: {&quot;loadingURI&quot;:&quot;#&quot;,&quot;pointer&quot;:&quot;/items/properties/nome&quot;}&#10;    domain: &quot;syntax&quot;&#10;    ignored: [&quot;examples&quot;]&#10;warning: the following keywords are unknown and will be ignored: [examples]&#10;    level: &quot;warning&quot;&#10;    schema: {&quot;loadingURI&quot;:&quot;#&quot;,&quot;pointer&quot;:&quot;/items/properties/parcelas&quot;}&#10;    domain: &quot;syntax&quot;&#10;    ignored: [&quot;examples&quot;]&#10;warning: the following keywords are unknown and will be ignored: [examples]&#10;    level: &quot;warning&quot;&#10;    schema: {&quot;loadingURI&quot;:&quot;#&quot;,&quot;pointer&quot;:&quot;/items/properties/seguro&quot;}&#10;    domain: &quot;syntax&quot;&#10;    ignored: [&quot;examples&quot;]&#10;warning: the following keywords are unknown and will be ignored: [examples]&#10;    level: &quot;warning&quot;&#10;    schema: {&quot;loadingURI&quot;:&quot;#&quot;,&quot;pointer&quot;:&quot;/items/properties/valor&quot;}&#10;    domain: &quot;syntax&quot;&#10;    ignored: [&quot;examples&quot;]&#10;warning: the following keywords are unknown and will be ignored: [examples]&#10;    level: &quot;warning&quot;&#10;    schema: {&quot;loadingURI&quot;:&quot;#&quot;,&quot;pointer&quot;:&quot;/items&quot;}&#10;    domain: &quot;syntax&quot;&#10;    ignored: [&quot;examples&quot;]&#10;warning: the following keywords are unknown and will be ignored: [examples]&#10;    level: &quot;warning&quot;&#10;    schema: {&quot;loadingURI&quot;:&quot;#&quot;,&quot;pointer&quot;:&quot;/items/properties/cpf&quot;}&#10;    domain: &quot;syntax&quot;&#10;    ignored: [&quot;examples&quot;]&#10;warning: the following keywords are unknown and will be ignored: [examples]&#10;    level: &quot;warning&quot;&#10;    schema: {&quot;loadingURI&quot;:&quot;#&quot;,&quot;pointer&quot;:&quot;/items/properties/email&quot;}&#10;    domain: &quot;syntax&quot;&#10;    ignored: [&quot;examples&quot;]&#10;warning: the following keywords are unknown and will be ignored: [examples]&#10;    level: &quot;warning&quot;&#10;    schema: {&quot;loadingURI&quot;:&quot;#&quot;,&quot;pointer&quot;:&quot;/items/properties/id&quot;}&#10;    domain: &quot;syntax&quot;&#10;    ignored: [&quot;examples&quot;]&#10;warning: the following keywords are unknown and will be ignored: [examples]&#10;    level: &quot;warning&quot;&#10;    schema: {&quot;loadingURI&quot;:&quot;#&quot;,&quot;pointer&quot;:&quot;/items/properties/nome&quot;}&#10;    domain: &quot;syntax&quot;&#10;    ignored: [&quot;examples&quot;]&#10;warning: the following keywords are unknown and will be ignored: [examples]&#10;    level: &quot;warning&quot;&#10;    schema: {&quot;loadingURI&quot;:&quot;#&quot;,&quot;pointer&quot;:&quot;/items/properties/parcelas&quot;}&#10;    domain: &quot;syntax&quot;&#10;    ignored: [&quot;examples&quot;]&#10;warning: the following keywords are unknown and will be ignored: [examples]&#10;    level: &quot;warning&quot;&#10;    schema: {&quot;loadingURI&quot;:&quot;#&quot;,&quot;pointer&quot;:&quot;/items/properties/seguro&quot;}&#10;    domain: &quot;syntax&quot;&#10;    ignored: [&quot;examples&quot;]&#10;warning: the following keywords are unknown and will be ignored: [examples]&#10;    level: &quot;warning&quot;&#10;    schema: {&quot;loadingURI&quot;:&quot;#&quot;,&quot;pointer&quot;:&quot;/items/properties/valor&quot;}&#10;    domain: &quot;syntax&quot;&#10;    ignored: [&quot;examples&quot;]&#10;warning: the following keywords are unknown and will be ignored: [examples]&#10;    level: &quot;warning&quot;&#10;    schema: {&quot;loadingURI&quot;:&quot;#&quot;,&quot;pointer&quot;:&quot;/items&quot;}&#10;    domain: &quot;syntax&quot;&#10;    ignored: [&quot;examples&quot;]&#10;warning: the following keywords are unknown and will be ignored: [examples]&#10;    level: &quot;warning&quot;&#10;    schema: {&quot;loadingURI&quot;:&quot;#&quot;,&quot;pointer&quot;:&quot;/items/properties/cpf&quot;}&#10;    domain: &quot;syntax&quot;&#10;    ignored: [&quot;examples&quot;]&#10;warning: the following keywords are unknown and will be ignored: [examples]&#10;    level: &quot;warning&quot;&#10;    schema: {&quot;loadingURI&quot;:&quot;#&quot;,&quot;pointer&quot;:&quot;/items/properties/email&quot;}&#10;    domain: &quot;syntax&quot;&#10;    ignored: [&quot;examples&quot;]&#10;warning: the following keywords are unknown and will be ignored: [examples]&#10;    level: &quot;warning&quot;&#10;    schema: {&quot;loadingURI&quot;:&quot;#&quot;,&quot;pointer&quot;:&quot;/items/properties/id&quot;}&#10;    domain: &quot;syntax&quot;&#10;    ignored: [&quot;examples&quot;]&#10;warning: the following keywords are unknown and will be ignored: [examples]&#10;    level: &quot;warning&quot;&#10;    schema: {&quot;loadingURI&quot;:&quot;#&quot;,&quot;pointer&quot;:&quot;/items/properties/nome&quot;}&#10;    domain: &quot;syntax&quot;&#10;    ignored: [&quot;examples&quot;]&#10;warning: the following keywords are unknown and will be ignored: [examples]&#10;    level: &quot;warning&quot;&#10;    schema: {&quot;loadingURI&quot;:&quot;#&quot;,&quot;pointer&quot;:&quot;/items/properties/parcelas&quot;}&#10;    domain: &quot;syntax&quot;&#10;    ignored: [&quot;examples&quot;]&#10;warning: the following keywords are unknown and will be ignored: [examples]&#10;    level: &quot;warning&quot;&#10;    schema: {&quot;loadingURI&quot;:&quot;#&quot;,&quot;pointer&quot;:&quot;/items/properties/seguro&quot;}&#10;    domain: &quot;syntax&quot;&#10;    ignored: [&quot;examples&quot;]&#10;warning: the following keywords are unknown and will be ignored: [examples]&#10;    level: &quot;warning&quot;&#10;    schema: {&quot;loadingURI&quot;:&quot;#&quot;,&quot;pointer&quot;:&quot;/items/properties/valor&quot;}&#10;    domain: &quot;syntax&quot;&#10;    ignored: [&quot;examples&quot;]&#10;warning: the following keywords are unknown and will be ignored: [examples]&#10;    level: &quot;warning&quot;&#10;    schema: {&quot;loadingURI&quot;:&quot;#&quot;,&quot;pointer&quot;:&quot;/items&quot;}&#10;    domain: &quot;syntax&quot;&#10;    ignored: [&quot;examples&quot;]&#10;warning: the following keywords are unknown and will be ignored: [examples]&#10;    level: &quot;warning&quot;&#10;    schema: {&quot;loadingURI&quot;:&quot;#&quot;,&quot;pointer&quot;:&quot;/items/properties/cpf&quot;}&#10;    domain: &quot;syntax&quot;&#10;    ignored: [&quot;examples&quot;]&#10;warning: the following keywords are unknown and will be ignored: [examples]&#10;    level: &quot;warning&quot;&#10;    schema: {&quot;loadingURI&quot;:&quot;#&quot;,&quot;pointer&quot;:&quot;/items/properties/email&quot;}&#10;    domain: &quot;syntax&quot;&#10;    ignored: [&quot;examples&quot;]&#10;warning: the following keywords are unknown and will be ignored: [examples]&#10;    level: &quot;warning&quot;&#10;    schema: {&quot;loadingURI&quot;:&quot;#&quot;,&quot;pointer&quot;:&quot;/items/properties/id&quot;}&#10;    domain: &quot;syntax&quot;&#10;    ignored: [&quot;examples&quot;]&#10;warning: the following keywords are unknown and will be ignored: [examples]&#10;    level: &quot;warning&quot;&#10;    schema: {&quot;loadingURI&quot;:&quot;#&quot;,&quot;pointer&quot;:&quot;/items/properties/nome&quot;}&#10;    domain: &quot;syntax&quot;&#10;    ignored: [&quot;examples&quot;]&#10;warning: the following keywords are unknown and will be ignored: [examples]&#10;    level: &quot;warning&quot;&#10;    schema: {&quot;loadingURI&quot;:&quot;#&quot;,&quot;pointer&quot;:&quot;/items/properties/parcelas&quot;}&#10;    domain: &quot;syntax&quot;&#10;    ignored: [&quot;examples&quot;]&#10;warning: the following keywords are unknown and will be ignored: [examples]&#10;    level: &quot;warning&quot;&#10;    schema: {&quot;loadingURI&quot;:&quot;#&quot;,&quot;pointer&quot;:&quot;/items/properties/seguro&quot;}&#10;    domain: &quot;syntax&quot;&#10;    ignored: [&quot;examples&quot;]&#10;warning: the following keywords are unknown and will be ignored: [examples]&#10;    level: &quot;warning&quot;&#10;    schema: {&quot;loadingURI&quot;:&quot;#&quot;,&quot;pointer&quot;:&quot;/items/properties/valor&quot;}&#10;    domain: &quot;syntax&quot;&#10;    ignored: [&quot;examples&quot;]&#10;warning: the following keywords are unknown and will be ignored: [examples]&#10;    level: &quot;warning&quot;&#10;    schema: {&quot;loadingURI&quot;:&quot;#&quot;,&quot;pointer&quot;:&quot;/items&quot;}&#10;    domain: &quot;syntax&quot;&#10;    ignored: [&quot;examples&quot;]&#10;warning: the following keywords are unknown and will be ignored: [examples]&#10;    level: &quot;warning&quot;&#10;    schema: {&quot;loadingURI&quot;:&quot;#&quot;,&quot;pointer&quot;:&quot;/items/properties/cpf&quot;}&#10;    domain: &quot;syntax&quot;&#10;    ignored: [&quot;examples&quot;]&#10;warning: the following keywords are unknown and will be ignored: [examples]&#10;    level: &quot;warning&quot;&#10;    schema: {&quot;loadingURI&quot;:&quot;#&quot;,&quot;pointer&quot;:&quot;/items/properties/email&quot;}&#10;    domain: &quot;syntax&quot;&#10;    ignored: [&quot;examples&quot;]&#10;warning: the following keywords are unknown and will be ignored: [examples]&#10;    level: &quot;warning&quot;&#10;    schema: {&quot;loadingURI&quot;:&quot;#&quot;,&quot;pointer&quot;:&quot;/items/properties/id&quot;}&#10;    domain: &quot;syntax&quot;&#10;    ignored: [&quot;examples&quot;]&#10;warning: the following keywords are unknown and will be ignored: [examples]&#10;    level: &quot;warning&quot;&#10;    schema: {&quot;loadingURI&quot;:&quot;#&quot;,&quot;pointer&quot;:&quot;/items/properties/nome&quot;}&#10;    domain: &quot;syntax&quot;&#10;    ignored: [&quot;examples&quot;]&#10;warning: the following keywords are unknown and will be ignored: [examples]&#10;    level: &quot;warning&quot;&#10;    schema: {&quot;loadingURI&quot;:&quot;#&quot;,&quot;pointer&quot;:&quot;/items/properties/parcelas&quot;}&#10;    domain: &quot;syntax&quot;&#10;    ignored: [&quot;examples&quot;]&#10;warning: the following keywords are unknown and will be ignored: [examples]&#10;    level: &quot;warning&quot;&#10;    schema: {&quot;loadingURI&quot;:&quot;#&quot;,&quot;pointer&quot;:&quot;/items/properties/seguro&quot;}&#10;    domain: &quot;syntax&quot;&#10;    ignored: [&quot;examples&quot;]&#10;warning: the following keywords are unknown and will be ignored: [examples]&#10;    level: &quot;warning&quot;&#10;    schema: {&quot;loadingURI&quot;:&quot;#&quot;,&quot;pointer&quot;:&quot;/items/properties/valor&quot;}&#10;    domain: &quot;syntax&quot;&#10;    ignored: [&quot;examples&quot;]&#10;warning: the following keywords are unknown and will be ignored: [examples]&#10;    level: &quot;warning&quot;&#10;    schema: {&quot;loadingURI&quot;:&quot;#&quot;,&quot;pointer&quot;:&quot;/items&quot;}&#10;    domain: &quot;syntax&quot;&#10;    ignored: [&quot;examples&quot;]&#10;warning: the following keywords are unknown and will be ignored: [examples]&#10;    level: &quot;warning&quot;&#10;    schema: {&quot;loadingURI&quot;:&quot;#&quot;,&quot;pointer&quot;:&quot;/items/properties/cpf&quot;}&#10;    domain: &quot;syntax&quot;&#10;    ignored: [&quot;examples&quot;]&#10;warning: the following keywords are unknown and will be ignored: [examples]&#10;    level: &quot;warning&quot;&#10;    schema: {&quot;loadingURI&quot;:&quot;#&quot;,&quot;pointer&quot;:&quot;/items/properties/email&quot;}&#10;    domain: &quot;syntax&quot;&#10;    ignored: [&quot;examples&quot;]&#10;warning: the following keywords are unknown and will be ignored: [examples]&#10;    level: &quot;warning&quot;&#10;    schema: {&quot;loadingURI&quot;:&quot;#&quot;,&quot;pointer&quot;:&quot;/items/properties/id&quot;}&#10;    domain: &quot;syntax&quot;&#10;    ignored: [&quot;examples&quot;]&#10;warning: the following keywords are unknown and will be ignored: [examples]&#10;    level: &quot;warning&quot;&#10;    schema: {&quot;loadingURI&quot;:&quot;#&quot;,&quot;pointer&quot;:&quot;/items/properties/nome&quot;}&#10;    domain: &quot;syntax&quot;&#10;    ignored: [&quot;examples&quot;]&#10;warning: the following keywords are unknown and will be ignored: [examples]&#10;    level: &quot;warning&quot;&#10;    schema: {&quot;loadingURI&quot;:&quot;#&quot;,&quot;pointer&quot;:&quot;/items/properties/parcelas&quot;}&#10;    domain: &quot;syntax&quot;&#10;    ignored: [&quot;examples&quot;]&#10;warning: the following keywords are unknown and will be ignored: [examples]&#10;    level: &quot;warning&quot;&#10;    schema: {&quot;loadingURI&quot;:&quot;#&quot;,&quot;pointer&quot;:&quot;/items/properties/seguro&quot;}&#10;    domain: &quot;syntax&quot;&#10;    ignored: [&quot;examples&quot;]&#10;warning: the following keywords are unknown and will be ignored: [examples]&#10;    level: &quot;warning&quot;&#10;    schema: {&quot;loadingURI&quot;:&quot;#&quot;,&quot;pointer&quot;:&quot;/items/properties/valor&quot;}&#10;    domain: &quot;syntax&quot;&#10;    ignored: [&quot;examples&quot;]&#10;warning: the following keywords are unknown and will be ignored: [examples]&#10;    level: &quot;warning&quot;&#10;    schema: {&quot;loadingURI&quot;:&quot;#&quot;,&quot;pointer&quot;:&quot;/items&quot;}&#10;    domain: &quot;syntax&quot;&#10;    ignored: [&quot;examples&quot;]&#10;warning: the following keywords are unknown and will be ignored: [examples]&#10;    level: &quot;warning&quot;&#10;    schema: {&quot;loadingURI&quot;:&quot;#&quot;,&quot;pointer&quot;:&quot;/items/properties/cpf&quot;}&#10;    domain: &quot;syntax&quot;&#10;    ignored: [&quot;examples&quot;]&#10;warning: the following keywords are unknown and will be ignored: [examples]&#10;    level: &quot;warning&quot;&#10;    schema: {&quot;loadingURI&quot;:&quot;#&quot;,&quot;pointer&quot;:&quot;/items/properties/email&quot;}&#10;    domain: &quot;syntax&quot;&#10;    ignored: [&quot;examples&quot;]&#10;warning: the following keywords are unknown and will be ignored: [examples]&#10;    level: &quot;warning&quot;&#10;    schema: {&quot;loadingURI&quot;:&quot;#&quot;,&quot;pointer&quot;:&quot;/items/properties/id&quot;}&#10;    domain: &quot;syntax&quot;&#10;    ignored: [&quot;examples&quot;]&#10;warning: the following keywords are unknown and will be ignored: [examples]&#10;    level: &quot;warning&quot;&#10;    schema: {&quot;loadingURI&quot;:&quot;#&quot;,&quot;pointer&quot;:&quot;/items/properties/nome&quot;}&#10;    domain: &quot;syntax&quot;&#10;    ignored: [&quot;examples&quot;]&#10;warning: the following keywords are unknown and will be ignored: [examples]&#10;    level: &quot;warning&quot;&#10;    schema: {&quot;loadingURI&quot;:&quot;#&quot;,&quot;pointer&quot;:&quot;/items/properties/parcelas&quot;}&#10;    domain: &quot;syntax&quot;&#10;    ignored: [&quot;examples&quot;]&#10;warning: the following keywords are unknown and will be ignored: [examples]&#10;    level: &quot;warning&quot;&#10;    schema: {&quot;loadingURI&quot;:&quot;#&quot;,&quot;pointer&quot;:&quot;/items/properties/seguro&quot;}&#10;    domain: &quot;syntax&quot;&#10;    ignored: [&quot;examples&quot;]&#10;warning: the following keywords are unknown and will be ignored: [examples]&#10;    level: &quot;warning&quot;&#10;    schema: {&quot;loadingURI&quot;:&quot;#&quot;,&quot;pointer&quot;:&quot;/items/properties/valor&quot;}&#10;    domain: &quot;syntax&quot;&#10;    ignored: [&quot;examples&quot;]&#10;warning: the following keywords are unknown and will be ignored: [examples]&#10;    level: &quot;warning&quot;&#10;    schema: {&quot;loadingURI&quot;:&quot;#&quot;,&quot;pointer&quot;:&quot;/items&quot;}&#10;    domain: &quot;syntax&quot;&#10;    ignored: [&quot;examples&quot;]&#10;warning: the following keywords are unknown and will be ignored: [examples]&#10;    level: &quot;warning&quot;&#10;    schema: {&quot;loadingURI&quot;:&quot;#&quot;,&quot;pointer&quot;:&quot;/items/properties/cpf&quot;}&#10;    domain: &quot;syntax&quot;&#10;    ignored: [&quot;examples&quot;]&#10;warning: the following keywords are unknown and will be ignored: [examples]&#10;    level: &quot;warning&quot;&#10;    schema: {&quot;loadingURI&quot;:&quot;#&quot;,&quot;pointer&quot;:&quot;/items/properties/email&quot;}&#10;    domain: &quot;syntax&quot;&#10;    ignored: [&quot;examples&quot;]&#10;warning: the following keywords are unknown and will be ignored: [examples]&#10;    level: &quot;warning&quot;&#10;    schema: {&quot;loadingURI&quot;:&quot;#&quot;,&quot;pointer&quot;:&quot;/items/properties/id&quot;}&#10;    domain: &quot;syntax&quot;&#10;    ignored: [&quot;examples&quot;]&#10;warning: the following keywords are unknown and will be ignored: [examples]&#10;    level: &quot;warning&quot;&#10;    schema: {&quot;loadingURI&quot;:&quot;#&quot;,&quot;pointer&quot;:&quot;/items/properties/nome&quot;}&#10;    domain: &quot;syntax&quot;&#10;    ignored: [&quot;examples&quot;]&#10;warning: the following keywords are unknown and will be ignored: [examples]&#10;    level: &quot;warning&quot;&#10;    schema: {&quot;loadingURI&quot;:&quot;#&quot;,&quot;pointer&quot;:&quot;/items/properties/parcelas&quot;}&#10;    domain: &quot;syntax&quot;&#10;    ignored: [&quot;examples&quot;]&#10;warning: the following keywords are unknown and will be ignored: [examples]&#10;    level: &quot;warning&quot;&#10;    schema: {&quot;loadingURI&quot;:&quot;#&quot;,&quot;pointer&quot;:&quot;/items/properties/seguro&quot;}&#10;    domain: &quot;syntax&quot;&#10;    ignored: [&quot;examples&quot;]&#10;warning: the following keywords are unknown and will be ignored: [examples]&#10;    level: &quot;warning&quot;&#10;    schema: {&quot;loadingURI&quot;:&quot;#&quot;,&quot;pointer&quot;:&quot;/items/properties/valor&quot;}&#10;    domain: &quot;syntax&quot;&#10;    ignored: [&quot;examples&quot;]&#10;warning: the following keywords are unknown and will be ignored: [examples]&#10;    level: &quot;warning&quot;&#10;    schema: {&quot;loadingURI&quot;:&quot;#&quot;,&quot;pointer&quot;:&quot;/items&quot;}&#10;    domain: &quot;syntax&quot;&#10;    ignored: [&quot;examples&quot;]&#10;warning: the following keywords are unknown and will be ignored: [examples]&#10;    level: &quot;warning&quot;&#10;    schema: {&quot;loadingURI&quot;:&quot;#&quot;,&quot;pointer&quot;:&quot;/items/properties/cpf&quot;}&#10;    domain: &quot;syntax&quot;&#10;    ignored: [&quot;examples&quot;]&#10;warning: the following keywords are unknown and will be ignored: [examples]&#10;    level: &quot;warning&quot;&#10;    schema: {&quot;loadingURI&quot;:&quot;#&quot;,&quot;pointer&quot;:&quot;/items/properties/email&quot;}&#10;    domain: &quot;syntax&quot;&#10;    ignored: [&quot;examples&quot;]&#10;warning: the following keywords are unknown and will be ignored: [examples]&#10;    level: &quot;warning&quot;&#10;    schema: {&quot;loadingURI&quot;:&quot;#&quot;,&quot;pointer&quot;:&quot;/items/properties/id&quot;}&#10;    domain: &quot;syntax&quot;&#10;    ignored: [&quot;examples&quot;]&#10;warning: the following keywords are unknown and will be ignored: [examples]&#10;    level: &quot;warning&quot;&#10;    schema: {&quot;loadingURI&quot;:&quot;#&quot;,&quot;pointer&quot;:&quot;/items/properties/nome&quot;}&#10;    domain: &quot;syntax&quot;&#10;    ignored: [&quot;examples&quot;]&#10;warning: the following keywords are unknown and will be ignored: [examples]&#10;    level: &quot;warning&quot;&#10;    schema: {&quot;loadingURI&quot;:&quot;#&quot;,&quot;pointer&quot;:&quot;/items/properties/parcelas&quot;}&#10;    domain: &quot;syntax&quot;&#10;    ignored: [&quot;examples&quot;]&#10;warning: the following keywords are unknown and will be ignored: [examples]&#10;    level: &quot;warning&quot;&#10;    schema: {&quot;loadingURI&quot;:&quot;#&quot;,&quot;pointer&quot;:&quot;/items/properties/seguro&quot;}&#10;    domain: &quot;syntax&quot;&#10;    ignored: [&quot;examples&quot;]&#10;warning: the following keywords are unknown and will be ignored: [examples]&#10;    level: &quot;warning&quot;&#10;    schema: {&quot;loadingURI&quot;:&quot;#&quot;,&quot;pointer&quot;:&quot;/items/properties/valor&quot;}&#10;    domain: &quot;syntax&quot;&#10;    ignored: [&quot;examples&quot;]&#10;warning: the following keywords are unknown and will be ignored: [examples]&#10;    level: &quot;warning&quot;&#10;    schema: {&quot;loadingURI&quot;:&quot;#&quot;,&quot;pointer&quot;:&quot;/items&quot;}&#10;    domain: &quot;syntax&quot;&#10;    ignored: [&quot;examples&quot;]&#10;warning: the following keywords are unknown and will be ignored: [examples]&#10;    level: &quot;warning&quot;&#10;    schema: {&quot;loadingURI&quot;:&quot;#&quot;,&quot;pointer&quot;:&quot;/items/properties/cpf&quot;}&#10;    domain: &quot;syntax&quot;&#10;    ignored: [&quot;examples&quot;]&#10;warning: the following keywords are unknown and will be ignored: [examples]&#10;    level: &quot;warning&quot;&#10;    schema: {&quot;loadingURI&quot;:&quot;#&quot;,&quot;pointer&quot;:&quot;/items/properties/email&quot;}&#10;    domain: &quot;syntax&quot;&#10;    ignored: [&quot;examples&quot;]&#10;warning: the following keywords are unknown and will be ignored: [examples]&#10;    level: &quot;warning&quot;&#10;    schema: {&quot;loadingURI&quot;:&quot;#&quot;,&quot;pointer&quot;:&quot;/items/properties/id&quot;}&#10;    domain: &quot;syntax&quot;&#10;    ignored: [&quot;examples&quot;]&#10;warning: the following keywords are unknown and will be ignored: [examples]&#10;    level: &quot;warning&quot;&#10;    schema: {&quot;loadingURI&quot;:&quot;#&quot;,&quot;pointer&quot;:&quot;/items/properties/nome&quot;}&#10;    domain: &quot;syntax&quot;&#10;    ignored: [&quot;examples&quot;]&#10;warning: the following keywords are unknown and will be ignored: [examples]&#10;    level: &quot;warning&quot;&#10;    schema: {&quot;loadingURI&quot;:&quot;#&quot;,&quot;pointer&quot;:&quot;/items/properties/parcelas&quot;}&#10;    domain: &quot;syntax&quot;&#10;    ignored: [&quot;examples&quot;]&#10;warning: the following keywords are unknown and will be ignored: [examples]&#10;    level: &quot;warning&quot;&#10;    schema: {&quot;loadingURI&quot;:&quot;#&quot;,&quot;pointer&quot;:&quot;/items/properties/seguro&quot;}&#10;    domain: &quot;syntax&quot;&#10;    ignored: [&quot;examples&quot;]&#10;warning: the following keywords are unknown and will be ignored: [examples]&#10;    level: &quot;warning&quot;&#10;    schema: {&quot;loadingURI&quot;:&quot;#&quot;,&quot;pointer&quot;:&quot;/items/properties/valor&quot;}&#10;    domain: &quot;syntax&quot;&#10;    ignored: [&quot;examples&quot;]&#10;warning: the following keywords are unknown and will be ignored: [examples]&#10;    level: &quot;warning&quot;&#10;    schema: {&quot;loadingURI&quot;:&quot;#&quot;,&quot;pointer&quot;:&quot;/items&quot;}&#10;    domain: &quot;syntax&quot;&#10;    ignored: [&quot;examples&quot;]&#10;warning: the following keywords are unknown and will be ignored: [examples]&#10;    level: &quot;warning&quot;&#10;    schema: {&quot;loadingURI&quot;:&quot;#&quot;,&quot;pointer&quot;:&quot;/items/properties/cpf&quot;}&#10;    domain: &quot;syntax&quot;&#10;    ignored: [&quot;examples&quot;]&#10;warning: the following keywords are unknown and will be ignored: [examples]&#10;    level: &quot;warning&quot;&#10;    schema: {&quot;loadingURI&quot;:&quot;#&quot;,&quot;pointer&quot;:&quot;/items/properties/email&quot;}&#10;    domain: &quot;syntax&quot;&#10;    ignored: [&quot;examples&quot;]&#10;warning: the following keywords are unknown and will be ignored: [examples]&#10;    level: &quot;warning&quot;&#10;    schema: {&quot;loadingURI&quot;:&quot;#&quot;,&quot;pointer&quot;:&quot;/items/properties/id&quot;}&#10;    domain: &quot;syntax&quot;&#10;    ignored: [&quot;examples&quot;]&#10;warning: the following keywords are unknown and will be ignored: [examples]&#10;    level: &quot;warning&quot;&#10;    schema: {&quot;loadingURI&quot;:&quot;#&quot;,&quot;pointer&quot;:&quot;/items/properties/nome&quot;}&#10;    domain: &quot;syntax&quot;&#10;    ignored: [&quot;examples&quot;]&#10;warning: the following keywords are unknown and will be ignored: [examples]&#10;    level: &quot;warning&quot;&#10;    schema: {&quot;loadingURI&quot;:&quot;#&quot;,&quot;pointer&quot;:&quot;/items/properties/parcelas&quot;}&#10;    domain: &quot;syntax&quot;&#10;    ignored: [&quot;examples&quot;]&#10;warning: the following keywords are unknown and will be ignored: [examples]&#10;    level: &quot;warning&quot;&#10;    schema: {&quot;loadingURI&quot;:&quot;#&quot;,&quot;pointer&quot;:&quot;/items/properties/seguro&quot;}&#10;    domain: &quot;syntax&quot;&#10;    ignored: [&quot;examples&quot;]&#10;warning: the following keywords are unknown and will be ignored: [examples]&#10;    level: &quot;warning&quot;&#10;    schema: {&quot;loadingURI&quot;:&quot;#&quot;,&quot;pointer&quot;:&quot;/items/properties/valor&quot;}&#10;    domain: &quot;syntax&quot;&#10;    ignored: [&quot;examples&quot;]&#10;warning: the following keywords are unknown and will be ignored: [examples]&#10;    level: &quot;warning&quot;&#10;    schema: {&quot;loadingURI&quot;:&quot;#&quot;,&quot;pointer&quot;:&quot;/items&quot;}&#10;    domain: &quot;syntax&quot;&#10;    ignored: [&quot;examples&quot;]&#10;warning: the following keywords are unknown and will be ignored: [examples]&#10;    level: &quot;warning&quot;&#10;    schema: {&quot;loadingURI&quot;:&quot;#&quot;,&quot;pointer&quot;:&quot;/items/properties/cpf&quot;}&#10;    domain: &quot;syntax&quot;&#10;    ignored: [&quot;examples&quot;]&#10;warning: the following keywords are unknown and will be ignored: [examples]&#10;    level: &quot;warning&quot;&#10;    schema: {&quot;loadingURI&quot;:&quot;#&quot;,&quot;pointer&quot;:&quot;/items/properties/email&quot;}&#10;    domain: &quot;syntax&quot;&#10;    ignored: [&quot;examples&quot;]&#10;warning: the following keywords are unknown and will be ignored: [examples]&#10;    level: &quot;warning&quot;&#10;    schema: {&quot;loadingURI&quot;:&quot;#&quot;,&quot;pointer&quot;:&quot;/items/properties/id&quot;}&#10;    domain: &quot;syntax&quot;&#10;    ignored: [&quot;examples&quot;]&#10;warning: the following keywords are unknown and will be ignored: [examples]&#10;    level: &quot;warning&quot;&#10;    schema: {&quot;loadingURI&quot;:&quot;#&quot;,&quot;pointer&quot;:&quot;/items/properties/nome&quot;}&#10;    domain: &quot;syntax&quot;&#10;    ignored: [&quot;examples&quot;]&#10;warning: the following keywords are unknown and will be ignored: [examples]&#10;    level: &quot;warning&quot;&#10;    schema: {&quot;loadingURI&quot;:&quot;#&quot;,&quot;pointer&quot;:&quot;/items/properties/parcelas&quot;}&#10;    domain: &quot;syntax&quot;&#10;    ignored: [&quot;examples&quot;]&#10;warning: the following keywords are unknown and will be ignored: [examples]&#10;    level: &quot;warning&quot;&#10;    schema: {&quot;loadingURI&quot;:&quot;#&quot;,&quot;pointer&quot;:&quot;/items/properties/seguro&quot;}&#10;    domain: &quot;syntax&quot;&#10;    ignored: [&quot;examples&quot;]&#10;warning: the following keywords are unknown and will be ignored: [examples]&#10;    level: &quot;warning&quot;&#10;    schema: {&quot;loadingURI&quot;:&quot;#&quot;,&quot;pointer&quot;:&quot;/items/properties/valor&quot;}&#10;    domain: &quot;syntax&quot;&#10;    ignored: [&quot;examples&quot;]&#10;warning: the following keywords are unknown and will be ignored: [examples]&#10;    level: &quot;warning&quot;&#10;    schema: {&quot;loadingURI&quot;:&quot;#&quot;,&quot;pointer&quot;:&quot;/items&quot;}&#10;    domain: &quot;syntax&quot;&#10;    ignored: [&quot;examples&quot;]&#10;warning: the following keywords are unknown and will be ignored: [examples]&#10;    level: &quot;warning&quot;&#10;    schema: {&quot;loadingURI&quot;:&quot;#&quot;,&quot;pointer&quot;:&quot;/items/properties/cpf&quot;}&#10;    domain: &quot;syntax&quot;&#10;    ignored: [&quot;examples&quot;]&#10;warning: the following keywords are unknown and will be ignored: [examples]&#10;    level: &quot;warning&quot;&#10;    schema: {&quot;loadingURI&quot;:&quot;#&quot;,&quot;pointer&quot;:&quot;/items/properties/email&quot;}&#10;    domain: &quot;syntax&quot;&#10;    ignored: [&quot;examples&quot;]&#10;warning: the following keywords are unknown and will be ignored: [examples]&#10;    level: &quot;warning&quot;&#10;    schema: {&quot;loadingURI&quot;:&quot;#&quot;,&quot;pointer&quot;:&quot;/items/properties/id&quot;}&#10;    domain: &quot;syntax&quot;&#10;    ignored: [&quot;examples&quot;]&#10;warning: the following keywords are unknown and will be ignored: [examples]&#10;    level: &quot;warning&quot;&#10;    schema: {&quot;loadingURI&quot;:&quot;#&quot;,&quot;pointer&quot;:&quot;/items/properties/nome&quot;}&#10;    domain: &quot;syntax&quot;&#10;    ignored: [&quot;examples&quot;]&#10;warning: the following keywords are unknown and will be ignored: [examples]&#10;    level: &quot;warning&quot;&#10;    schema: {&quot;loadingURI&quot;:&quot;#&quot;,&quot;pointer&quot;:&quot;/items/properties/parcelas&quot;}&#10;    domain: &quot;syntax&quot;&#10;    ignored: [&quot;examples&quot;]&#10;warning: the following keywords are unknown and will be ignored: [examples]&#10;    level: &quot;warning&quot;&#10;    schema: {&quot;loadingURI&quot;:&quot;#&quot;,&quot;pointer&quot;:&quot;/items/properties/seguro&quot;}&#10;    domain: &quot;syntax&quot;&#10;    ignored: [&quot;examples&quot;]&#10;warning: the following keywords are unknown and will be ignored: [examples]&#10;    level: &quot;warning&quot;&#10;    schema: {&quot;loadingURI&quot;:&quot;#&quot;,&quot;pointer&quot;:&quot;/items/properties/valor&quot;}&#10;    domain: &quot;syntax&quot;&#10;    ignored: [&quot;examples&quot;]&#10;warning: the following keywords are unknown and will be ignored: [examples]&#10;    level: &quot;warning&quot;&#10;    schema: {&quot;loadingURI&quot;:&quot;#&quot;,&quot;pointer&quot;:&quot;/items&quot;}&#10;    domain: &quot;syntax&quot;&#10;    ignored: [&quot;examples&quot;]&#10;warning: the following keywords are unknown and will be ignored: [examples]&#10;    level: &quot;warning&quot;&#10;    schema: {&quot;loadingURI&quot;:&quot;#&quot;,&quot;pointer&quot;:&quot;/items/properties/cpf&quot;}&#10;    domain: &quot;syntax&quot;&#10;    ignored: [&quot;examples&quot;]&#10;warning: the following keywords are unknown and will be ignored: [examples]&#10;    level: &quot;warning&quot;&#10;    schema: {&quot;loadingURI&quot;:&quot;#&quot;,&quot;pointer&quot;:&quot;/items/properties/email&quot;}&#10;    domain: &quot;syntax&quot;&#10;    ignored: [&quot;examples&quot;]&#10;warning: the following keywords are unknown and will be ignored: [examples]&#10;    level: &quot;warning&quot;&#10;    schema: {&quot;loadingURI&quot;:&quot;#&quot;,&quot;pointer&quot;:&quot;/items/properties/id&quot;}&#10;    domain: &quot;syntax&quot;&#10;    ignored: [&quot;examples&quot;]&#10;warning: the following keywords are unknown and will be ignored: [examples]&#10;    level: &quot;warning&quot;&#10;    schema: {&quot;loadingURI&quot;:&quot;#&quot;,&quot;pointer&quot;:&quot;/items/properties/nome&quot;}&#10;    domain: &quot;syntax&quot;&#10;    ignored: [&quot;examples&quot;]&#10;warning: the following keywords are unknown and will be ignored: [examples]&#10;    level: &quot;warning&quot;&#10;    schema: {&quot;loadingURI&quot;:&quot;#&quot;,&quot;pointer&quot;:&quot;/items/properties/parcelas&quot;}&#10;    domain: &quot;syntax&quot;&#10;    ignored: [&quot;examples&quot;]&#10;warning: the following keywords are unknown and will be ignored: [examples]&#10;    level: &quot;warning&quot;&#10;    schema: {&quot;loadingURI&quot;:&quot;#&quot;,&quot;pointer&quot;:&quot;/items/properties/seguro&quot;}&#10;    domain: &quot;syntax&quot;&#10;    ignored: [&quot;examples&quot;]&#10;warning: the following keywords are unknown and will be ignored: [examples]&#10;    level: &quot;warning&quot;&#10;    schema: {&quot;loadingURI&quot;:&quot;#&quot;,&quot;pointer&quot;:&quot;/items/properties/valor&quot;}&#10;    domain: &quot;syntax&quot;&#10;    ignored: [&quot;examples&quot;]&#10;warning: the following keywords are unknown and will be ignored: [examples]&#10;    level: &quot;warning&quot;&#10;    schema: {&quot;loadingURI&quot;:&quot;#&quot;,&quot;pointer&quot;:&quot;/items&quot;}&#10;    domain: &quot;syntax&quot;&#10;    ignored: [&quot;examples&quot;]&#10;warning: the following keywords are unknown and will be ignored: [examples]&#10;    level: &quot;warning&quot;&#10;    schema: {&quot;loadingURI&quot;:&quot;#&quot;,&quot;pointer&quot;:&quot;/items/properties/cpf&quot;}&#10;    domain: &quot;syntax&quot;&#10;    ignored: [&quot;examples&quot;]&#10;warning: the following keywords are unknown and will be ignored: [examples]&#10;    level: &quot;warning&quot;&#10;    schema: {&quot;loadingURI&quot;:&quot;#&quot;,&quot;pointer&quot;:&quot;/items/properties/email&quot;}&#10;    domain: &quot;syntax&quot;&#10;    ignored: [&quot;examples&quot;]&#10;warning: the following keywords are unknown and will be ignored: [examples]&#10;    level: &quot;warning&quot;&#10;    schema: {&quot;loadingURI&quot;:&quot;#&quot;,&quot;pointer&quot;:&quot;/items/properties/id&quot;}&#10;    domain: &quot;syntax&quot;&#10;    ignored: [&quot;examples&quot;]&#10;warning: the following keywords are unknown and will be ignored: [examples]&#10;    level: &quot;warning&quot;&#10;    schema: {&quot;loadingURI&quot;:&quot;#&quot;,&quot;pointer&quot;:&quot;/items/properties/nome&quot;}&#10;    domain: &quot;syntax&quot;&#10;    ignored: [&quot;examples&quot;]&#10;warning: the following keywords are unknown and will be ignored: [examples]&#10;    level: &quot;warning&quot;&#10;    schema: {&quot;loadingURI&quot;:&quot;#&quot;,&quot;pointer&quot;:&quot;/items/properties/parcelas&quot;}&#10;    domain: &quot;syntax&quot;&#10;    ignored: [&quot;examples&quot;]&#10;warning: the following keywords are unknown and will be ignored: [examples]&#10;    level: &quot;warning&quot;&#10;    schema: {&quot;loadingURI&quot;:&quot;#&quot;,&quot;pointer&quot;:&quot;/items/properties/seguro&quot;}&#10;    domain: &quot;syntax&quot;&#10;    ignored: [&quot;examples&quot;]&#10;warning: the following keywords are unknown and will be ignored: [examples]&#10;    level: &quot;warning&quot;&#10;    schema: {&quot;loadingURI&quot;:&quot;#&quot;,&quot;pointer&quot;:&quot;/items/properties/valor&quot;}&#10;    domain: &quot;syntax&quot;&#10;    ignored: [&quot;examples&quot;]&#10;warning: the following keywords are unknown and will be ignored: [examples]&#10;    level: &quot;warning&quot;&#10;    schema: {&quot;loadingURI&quot;:&quot;#&quot;,&quot;pointer&quot;:&quot;/items&quot;}&#10;    domain: &quot;syntax&quot;&#10;    ignored: [&quot;examples&quot;]&#10;warning: the following keywords are unknown and will be ignored: [examples]&#10;    level: &quot;warning&quot;&#10;    schema: {&quot;loadingURI&quot;:&quot;#&quot;,&quot;pointer&quot;:&quot;/items/properties/cpf&quot;}&#10;    domain: &quot;syntax&quot;&#10;    ignored: [&quot;examples&quot;]&#10;warning: the following keywords are unknown and will be ignored: [examples]&#10;    level: &quot;warning&quot;&#10;    schema: {&quot;loadingURI&quot;:&quot;#&quot;,&quot;pointer&quot;:&quot;/items/properties/email&quot;}&#10;    domain: &quot;syntax&quot;&#10;    ignored: [&quot;examples&quot;]&#10;warning: the following keywords are unknown and will be ignored: [examples]&#10;    level: &quot;warning&quot;&#10;    schema: {&quot;loadingURI&quot;:&quot;#&quot;,&quot;pointer&quot;:&quot;/items/properties/id&quot;}&#10;    domain: &quot;syntax&quot;&#10;    ignored: [&quot;examples&quot;]&#10;warning: the following keywords are unknown and will be ignored: [examples]&#10;    level: &quot;warning&quot;&#10;    schema: {&quot;loadingURI&quot;:&quot;#&quot;,&quot;pointer&quot;:&quot;/items/properties/nome&quot;}&#10;    domain: &quot;syntax&quot;&#10;    ignored: [&quot;examples&quot;]&#10;warning: the following keywords are unknown and will be ignored: [examples]&#10;    level: &quot;warning&quot;&#10;    schema: {&quot;loadingURI&quot;:&quot;#&quot;,&quot;pointer&quot;:&quot;/items/properties/parcelas&quot;}&#10;    domain: &quot;syntax&quot;&#10;    ignored: [&quot;examples&quot;]&#10;warning: the following keywords are unknown and will be ignored: [examples]&#10;    level: &quot;warning&quot;&#10;    schema: {&quot;loadingURI&quot;:&quot;#&quot;,&quot;pointer&quot;:&quot;/items/properties/seguro&quot;}&#10;    domain: &quot;syntax&quot;&#10;    ignored: [&quot;examples&quot;]&#10;warning: the following keywords are unknown and will be ignored: [examples]&#10;    level: &quot;warning&quot;&#10;    schema: {&quot;loadingURI&quot;:&quot;#&quot;,&quot;pointer&quot;:&quot;/items/properties/valor&quot;}&#10;    domain: &quot;syntax&quot;&#10;    ignored: [&quot;examples&quot;]&#10;warning: the following keywords are unknown and will be ignored: [examples]&#10;    level: &quot;warning&quot;&#10;    schema: {&quot;loadingURI&quot;:&quot;#&quot;,&quot;pointer&quot;:&quot;/items&quot;}&#10;    domain: &quot;syntax&quot;&#10;    ignored: [&quot;examples&quot;]&#10;warning: the following keywords are unknown and will be ignored: [examples]&#10;    level: &quot;warning&quot;&#10;    schema: {&quot;loadingURI&quot;:&quot;#&quot;,&quot;pointer&quot;:&quot;/items/properties/cpf&quot;}&#10;    domain: &quot;syntax&quot;&#10;    ignored: [&quot;examples&quot;]&#10;warning: the following keywords are unknown and will be ignored: [examples]&#10;    level: &quot;warning&quot;&#10;    schema: {&quot;loadingURI&quot;:&quot;#&quot;,&quot;pointer&quot;:&quot;/items/properties/email&quot;}&#10;    domain: &quot;syntax&quot;&#10;    ignored: [&quot;examples&quot;]&#10;warning: the following keywords are unknown and will be ignored: [examples]&#10;    level: &quot;warning&quot;&#10;    schema: {&quot;loadingURI&quot;:&quot;#&quot;,&quot;pointer&quot;:&quot;/items/properties/id&quot;}&#10;    domain: &quot;syntax&quot;&#10;    ignored: [&quot;examples&quot;]&#10;warning: the following keywords are unknown and will be ignored: [examples]&#10;    level: &quot;warning&quot;&#10;    schema: {&quot;loadingURI&quot;:&quot;#&quot;,&quot;pointer&quot;:&quot;/items/properties/nome&quot;}&#10;    domain: &quot;syntax&quot;&#10;    ignored: [&quot;examples&quot;]&#10;warning: the following keywords are unknown and will be ignored: [examples]&#10;    level: &quot;warning&quot;&#10;    schema: {&quot;loadingURI&quot;:&quot;#&quot;,&quot;pointer&quot;:&quot;/items/properties/parcelas&quot;}&#10;    domain: &quot;syntax&quot;&#10;    ignored: [&quot;examples&quot;]&#10;warning: the following keywords are unknown and will be ignored: [examples]&#10;    level: &quot;warning&quot;&#10;    schema: {&quot;loadingURI&quot;:&quot;#&quot;,&quot;pointer&quot;:&quot;/items/properties/seguro&quot;}&#10;    domain: &quot;syntax&quot;&#10;    ignored: [&quot;examples&quot;]&#10;warning: the following keywords are unknown and will be ignored: [examples]&#10;    level: &quot;warning&quot;&#10;    schema: {&quot;loadingURI&quot;:&quot;#&quot;,&quot;pointer&quot;:&quot;/items/properties/valor&quot;}&#10;    domain: &quot;syntax&quot;&#10;    ignored: [&quot;examples&quot;]&#10;warning: the following keywords are unknown and will be ignored: [examples]&#10;    level: &quot;warning&quot;&#10;    schema: {&quot;loadingURI&quot;:&quot;#&quot;,&quot;pointer&quot;:&quot;/items&quot;}&#10;    domain: &quot;syntax&quot;&#10;    ignored: [&quot;examples&quot;]&#10;warning: the following keywords are unknown and will be ignored: [examples]&#10;    level: &quot;warning&quot;&#10;    schema: {&quot;loadingURI&quot;:&quot;#&quot;,&quot;pointer&quot;:&quot;/items/properties/cpf&quot;}&#10;    domain: &quot;syntax&quot;&#10;    ignored: [&quot;examples&quot;]&#10;warning: the following keywords are unknown and will be ignored: [examples]&#10;    level: &quot;warning&quot;&#10;    schema: {&quot;loadingURI&quot;:&quot;#&quot;,&quot;pointer&quot;:&quot;/items/properties/email&quot;}&#10;    domain: &quot;syntax&quot;&#10;    ignored: [&quot;examples&quot;]&#10;warning: the following keywords are unknown and will be ignored: [examples]&#10;    level: &quot;warning&quot;&#10;    schema: {&quot;loadingURI&quot;:&quot;#&quot;,&quot;pointer&quot;:&quot;/items/properties/id&quot;}&#10;    domain: &quot;syntax&quot;&#10;    ignored: [&quot;examples&quot;]&#10;warning: the following keywords are unknown and will be ignored: [examples]&#10;    level: &quot;warning&quot;&#10;    schema: {&quot;loadingURI&quot;:&quot;#&quot;,&quot;pointer&quot;:&quot;/items/properties/nome&quot;}&#10;    domain: &quot;syntax&quot;&#10;    ignored: [&quot;examples&quot;]&#10;warning: the following keywords are unknown and will be ignored: [examples]&#10;    level: &quot;warning&quot;&#10;    schema: {&quot;loadingURI&quot;:&quot;#&quot;,&quot;pointer&quot;:&quot;/items/properties/parcelas&quot;}&#10;    domain: &quot;syntax&quot;&#10;    ignored: [&quot;examples&quot;]&#10;warning: the following keywords are unknown and will be ignored: [examples]&#10;    level: &quot;warning&quot;&#10;    schema: {&quot;loadingURI&quot;:&quot;#&quot;,&quot;pointer&quot;:&quot;/items/properties/seguro&quot;}&#10;    domain: &quot;syntax&quot;&#10;    ignored: [&quot;examples&quot;]&#10;warning: the following keywords are unknown and will be ignored: [examples]&#10;    level: &quot;warning&quot;&#10;    schema: {&quot;loadingURI&quot;:&quot;#&quot;,&quot;pointer&quot;:&quot;/items/properties/valor&quot;}&#10;    domain: &quot;syntax&quot;&#10;    ignored: [&quot;examples&quot;]&#10;warning: the following keywords are unknown and will be ignored: [examples]&#10;    level: &quot;warning&quot;&#10;    schema: {&quot;loadingURI&quot;:&quot;#&quot;,&quot;pointer&quot;:&quot;/items&quot;}&#10;    domain: &quot;syntax&quot;&#10;    ignored: [&quot;examples&quot;]&#10;warning: the following keywords are unknown and will be ignored: [examples]&#10;    level: &quot;warning&quot;&#10;    schema: {&quot;loadingURI&quot;:&quot;#&quot;,&quot;pointer&quot;:&quot;/items/properties/cpf&quot;}&#10;    domain: &quot;syntax&quot;&#10;    ignored: [&quot;examples&quot;]&#10;warning: the following keywords are unknown and will be ignored: [examples]&#10;    level: &quot;warning&quot;&#10;    schema: {&quot;loadingURI&quot;:&quot;#&quot;,&quot;pointer&quot;:&quot;/items/properties/email&quot;}&#10;    domain: &quot;syntax&quot;&#10;    ignored: [&quot;examples&quot;]&#10;warning: the following keywords are unknown and will be ignored: [examples]&#10;    level: &quot;warning&quot;&#10;    schema: {&quot;loadingURI&quot;:&quot;#&quot;,&quot;pointer&quot;:&quot;/items/properties/id&quot;}&#10;    domain: &quot;syntax&quot;&#10;    ignored: [&quot;examples&quot;]&#10;warning: the following keywords are unknown and will be ignored: [examples]&#10;    level: &quot;warning&quot;&#10;    schema: {&quot;loadingURI&quot;:&quot;#&quot;,&quot;pointer&quot;:&quot;/items/properties/nome&quot;}&#10;    domain: &quot;syntax&quot;&#10;    ignored: [&quot;examples&quot;]&#10;warning: the following keywords are unknown and will be ignored: [examples]&#10;    level: &quot;warning&quot;&#10;    schema: {&quot;loadingURI&quot;:&quot;#&quot;,&quot;pointer&quot;:&quot;/items/properties/parcelas&quot;}&#10;    domain: &quot;syntax&quot;&#10;    ignored: [&quot;examples&quot;]&#10;warning: the following keywords are unknown and will be ignored: [examples]&#10;    level: &quot;warning&quot;&#10;    schema: {&quot;loadingURI&quot;:&quot;#&quot;,&quot;pointer&quot;:&quot;/items/properties/seguro&quot;}&#10;    domain: &quot;syntax&quot;&#10;    ignored: [&quot;examples&quot;]&#10;warning: the following keywords are unknown and will be ignored: [examples]&#10;    level: &quot;warning&quot;&#10;    schema: {&quot;loadingURI&quot;:&quot;#&quot;,&quot;pointer&quot;:&quot;/items/properties/valor&quot;}&#10;    domain: &quot;syntax&quot;&#10;    ignored: [&quot;examples&quot;]&#10;warning: the following keywords are unknown and will be ignored: [examples]&#10;    level: &quot;warning&quot;&#10;    schema: {&quot;loadingURI&quot;:&quot;#&quot;,&quot;pointer&quot;:&quot;/items&quot;}&#10;    domain: &quot;syntax&quot;&#10;    ignored: [&quot;examples&quot;]&#10;warning: the following keywords are unknown and will be ignored: [examples]&#10;    level: &quot;warning&quot;&#10;    schema: {&quot;loadingURI&quot;:&quot;#&quot;,&quot;pointer&quot;:&quot;/items/properties/cpf&quot;}&#10;    domain: &quot;syntax&quot;&#10;    ignored: [&quot;examples&quot;]&#10;warning: the following keywords are unknown and will be ignored: [examples]&#10;    level: &quot;warning&quot;&#10;    schema: {&quot;loadingURI&quot;:&quot;#&quot;,&quot;pointer&quot;:&quot;/items/properties/email&quot;}&#10;    domain: &quot;syntax&quot;&#10;    ignored: [&quot;examples&quot;]&#10;warning: the following keywords are unknown and will be ignored: [examples]&#10;    level: &quot;warning&quot;&#10;    schema: {&quot;loadingURI&quot;:&quot;#&quot;,&quot;pointer&quot;:&quot;/items/properties/id&quot;}&#10;    domain: &quot;syntax&quot;&#10;    ignored: [&quot;examples&quot;]&#10;warning: the following keywords are unknown and will be ignored: [examples]&#10;    level: &quot;warning&quot;&#10;    schema: {&quot;loadingURI&quot;:&quot;#&quot;,&quot;pointer&quot;:&quot;/items/properties/nome&quot;}&#10;    domain: &quot;syntax&quot;&#10;    ignored: [&quot;examples&quot;]&#10;warning: the following keywords are unknown and will be ignored: [examples]&#10;    level: &quot;warning&quot;&#10;    schema: {&quot;loadingURI&quot;:&quot;#&quot;,&quot;pointer&quot;:&quot;/items/properties/parcelas&quot;}&#10;    domain: &quot;syntax&quot;&#10;    ignored: [&quot;examples&quot;]&#10;warning: the following keywords are unknown and will be ignored: [examples]&#10;    level: &quot;warning&quot;&#10;    schema: {&quot;loadingURI&quot;:&quot;#&quot;,&quot;pointer&quot;:&quot;/items/properties/seguro&quot;}&#10;    domain: &quot;syntax&quot;&#10;    ignored: [&quot;examples&quot;]&#10;warning: the following keywords are unknown and will be ignored: [examples]&#10;    level: &quot;warning&quot;&#10;    schema: {&quot;loadingURI&quot;:&quot;#&quot;,&quot;pointer&quot;:&quot;/items/properties/valor&quot;}&#10;    domain: &quot;syntax&quot;&#10;    ignored: [&quot;examples&quot;]&#10;warning: the following keywords are unknown and will be ignored: [examples]&#10;    level: &quot;warning&quot;&#10;    schema: {&quot;loadingURI&quot;:&quot;#&quot;,&quot;pointer&quot;:&quot;/items&quot;}&#10;    domain: &quot;syntax&quot;&#10;    ignored: [&quot;examples&quot;]&#10;warning: the following keywords are unknown and will be ignored: [examples]&#10;    level: &quot;warning&quot;&#10;    schema: {&quot;loadingURI&quot;:&quot;#&quot;,&quot;pointer&quot;:&quot;/items/properties/cpf&quot;}&#10;    domain: &quot;syntax&quot;&#10;    ignored: [&quot;examples&quot;]&#10;warning: the following keywords are unknown and will be ignored: [examples]&#10;    level: &quot;warning&quot;&#10;    schema: {&quot;loadingURI&quot;:&quot;#&quot;,&quot;pointer&quot;:&quot;/items/properties/email&quot;}&#10;    domain: &quot;syntax&quot;&#10;    ignored: [&quot;examples&quot;]&#10;warning: the following keywords are unknown and will be ignored: [examples]&#10;    level: &quot;warning&quot;&#10;    schema: {&quot;loadingURI&quot;:&quot;#&quot;,&quot;pointer&quot;:&quot;/items/properties/id&quot;}&#10;    domain: &quot;syntax&quot;&#10;    ignored: [&quot;examples&quot;]&#10;warning: the following keywords are unknown and will be ignored: [examples]&#10;    level: &quot;warning&quot;&#10;    schema: {&quot;loadingURI&quot;:&quot;#&quot;,&quot;pointer&quot;:&quot;/items/properties/nome&quot;}&#10;    domain: &quot;syntax&quot;&#10;    ignored: [&quot;examples&quot;]&#10;warning: the following keywords are unknown and will be ignored: [examples]&#10;    level: &quot;warning&quot;&#10;    schema: {&quot;loadingURI&quot;:&quot;#&quot;,&quot;pointer&quot;:&quot;/items/properties/parcelas&quot;}&#10;    domain: &quot;syntax&quot;&#10;    ignored: [&quot;examples&quot;]&#10;warning: the following keywords are unknown and will be ignored: [examples]&#10;    level: &quot;warning&quot;&#10;    schema: {&quot;loadingURI&quot;:&quot;#&quot;,&quot;pointer&quot;:&quot;/items/properties/seguro&quot;}&#10;    domain: &quot;syntax&quot;&#10;    ignored: [&quot;examples&quot;]&#10;warning: the following keywords are unknown and will be ignored: [examples]&#10;    level: &quot;warning&quot;&#10;    schema: {&quot;loadingURI&quot;:&quot;#&quot;,&quot;pointer&quot;:&quot;/items/properties/valor&quot;}&#10;    domain: &quot;syntax&quot;&#10;    ignored: [&quot;examples&quot;]&#10;warning: the following keywords are unknown and will be ignored: [examples]&#10;    level: &quot;warning&quot;&#10;    schema: {&quot;loadingURI&quot;:&quot;#&quot;,&quot;pointer&quot;:&quot;/items&quot;}&#10;    domain: &quot;syntax&quot;&#10;    ignored: [&quot;examples&quot;]&#10;warning: the following keywords are unknown and will be ignored: [examples]&#10;    level: &quot;warning&quot;&#10;    schema: {&quot;loadingURI&quot;:&quot;#&quot;,&quot;pointer&quot;:&quot;/items/properties/cpf&quot;}&#10;    domain: &quot;syntax&quot;&#10;    ignored: [&quot;examples&quot;]&#10;warning: the following keywords are unknown and will be ignored: [examples]&#10;    level: &quot;warning&quot;&#10;    schema: {&quot;loadingURI&quot;:&quot;#&quot;,&quot;pointer&quot;:&quot;/items/properties/email&quot;}&#10;    domain: &quot;syntax&quot;&#10;    ignored: [&quot;examples&quot;]&#10;warning: the following keywords are unknown and will be ignored: [examples]&#10;    level: &quot;warning&quot;&#10;    schema: {&quot;loadingURI&quot;:&quot;#&quot;,&quot;pointer&quot;:&quot;/items/properties/id&quot;}&#10;    domain: &quot;syntax&quot;&#10;    ignored: [&quot;examples&quot;]&#10;warning: the following keywords are unknown and will be ignored: [examples]&#10;    level: &quot;warning&quot;&#10;    schema: {&quot;loadingURI&quot;:&quot;#&quot;,&quot;pointer&quot;:&quot;/items/properties/nome&quot;}&#10;    domain: &quot;syntax&quot;&#10;    ignored: [&quot;examples&quot;]&#10;warning: the following keywords are unknown and will be ignored: [examples]&#10;    level: &quot;warning&quot;&#10;    schema: {&quot;loadingURI&quot;:&quot;#&quot;,&quot;pointer&quot;:&quot;/items/properties/parcelas&quot;}&#10;    domain: &quot;syntax&quot;&#10;    ignored: [&quot;examples&quot;]&#10;warning: the following keywords are unknown and will be ignored: [examples]&#10;    level: &quot;warning&quot;&#10;    schema: {&quot;loadingURI&quot;:&quot;#&quot;,&quot;pointer&quot;:&quot;/items/properties/seguro&quot;}&#10;    domain: &quot;syntax&quot;&#10;    ignored: [&quot;examples&quot;]&#10;warning: the following keywords are unknown and will be ignored: [examples]&#10;    level: &quot;warning&quot;&#10;    schema: {&quot;loadingURI&quot;:&quot;#&quot;,&quot;pointer&quot;:&quot;/items/properties/valor&quot;}&#10;    domain: &quot;syntax&quot;&#10;    ignored: [&quot;examples&quot;]&#10;warning: the following keywords are unknown and will be ignored: [examples]&#10;    level: &quot;warning&quot;&#10;    schema: {&quot;loadingURI&quot;:&quot;#&quot;,&quot;pointer&quot;:&quot;/items&quot;}&#10;    domain: &quot;syntax&quot;&#10;    ignored: [&quot;examples&quot;]&#10;warning: the following keywords are unknown and will be ignored: [examples]&#10;    level: &quot;warning&quot;&#10;    schema: {&quot;loadingURI&quot;:&quot;#&quot;,&quot;pointer&quot;:&quot;/items/properties/cpf&quot;}&#10;    domain: &quot;syntax&quot;&#10;    ignored: [&quot;examples&quot;]&#10;warning: the following keywords are unknown and will be ignored: [examples]&#10;    level: &quot;warning&quot;&#10;    schema: {&quot;loadingURI&quot;:&quot;#&quot;,&quot;pointer&quot;:&quot;/items/properties/email&quot;}&#10;    domain: &quot;syntax&quot;&#10;    ignored: [&quot;examples&quot;]&#10;warning: the following keywords are unknown and will be ignored: [examples]&#10;    level: &quot;warning&quot;&#10;    schema: {&quot;loadingURI&quot;:&quot;#&quot;,&quot;pointer&quot;:&quot;/items/properties/id&quot;}&#10;    domain: &quot;syntax&quot;&#10;    ignored: [&quot;examples&quot;]&#10;warning: the following keywords are unknown and will be ignored: [examples]&#10;    level: &quot;warning&quot;&#10;    schema: {&quot;loadingURI&quot;:&quot;#&quot;,&quot;pointer&quot;:&quot;/items/properties/nome&quot;}&#10;    domain: &quot;syntax&quot;&#10;    ignored: [&quot;examples&quot;]&#10;warning: the following keywords are unknown and will be ignored: [examples]&#10;    level: &quot;warning&quot;&#10;    schema: {&quot;loadingURI&quot;:&quot;#&quot;,&quot;pointer&quot;:&quot;/items/properties/parcelas&quot;}&#10;    domain: &quot;syntax&quot;&#10;    ignored: [&quot;examples&quot;]&#10;warning: the following keywords are unknown and will be ignored: [examples]&#10;    level: &quot;warning&quot;&#10;    schema: {&quot;loadingURI&quot;:&quot;#&quot;,&quot;pointer&quot;:&quot;/items/properties/seguro&quot;}&#10;    domain: &quot;syntax&quot;&#10;    ignored: [&quot;examples&quot;]&#10;warning: the following keywords are unknown and will be ignored: [examples]&#10;    level: &quot;warning&quot;&#10;    schema: {&quot;loadingURI&quot;:&quot;#&quot;,&quot;pointer&quot;:&quot;/items/properties/valor&quot;}&#10;    domain: &quot;syntax&quot;&#10;    ignored: [&quot;examples&quot;]&#10;warning: the following keywords are unknown and will be ignored: [examples]&#10;    level: &quot;warning&quot;&#10;    schema: {&quot;loadingURI&quot;:&quot;#&quot;,&quot;pointer&quot;:&quot;/items&quot;}&#10;    domain: &quot;syntax&quot;&#10;    ignored: [&quot;examples&quot;]&#10;warning: the following keywords are unknown and will be ignored: [examples]&#10;    level: &quot;warning&quot;&#10;    schema: {&quot;loadingURI&quot;:&quot;#&quot;,&quot;pointer&quot;:&quot;/items/properties/cpf&quot;}&#10;    domain: &quot;syntax&quot;&#10;    ignored: [&quot;examples&quot;]&#10;warning: the following keywords are unknown and will be ignored: [examples]&#10;    level: &quot;warning&quot;&#10;    schema: {&quot;loadingURI&quot;:&quot;#&quot;,&quot;pointer&quot;:&quot;/items/properties/email&quot;}&#10;    domain: &quot;syntax&quot;&#10;    ignored: [&quot;examples&quot;]&#10;warning: the following keywords are unknown and will be ignored: [examples]&#10;    level: &quot;warning&quot;&#10;    schema: {&quot;loadingURI&quot;:&quot;#&quot;,&quot;pointer&quot;:&quot;/items/properties/id&quot;}&#10;    domain: &quot;syntax&quot;&#10;    ignored: [&quot;examples&quot;]&#10;warning: the following keywords are unknown and will be ignored: [examples]&#10;    level: &quot;warning&quot;&#10;    schema: {&quot;loadingURI&quot;:&quot;#&quot;,&quot;pointer&quot;:&quot;/items/properties/nome&quot;}&#10;    domain: &quot;syntax&quot;&#10;    ignored: [&quot;examples&quot;]&#10;warning: the following keywords are unknown and will be ignored: [examples]&#10;    level: &quot;warning&quot;&#10;    schema: {&quot;loadingURI&quot;:&quot;#&quot;,&quot;pointer&quot;:&quot;/items/properties/parcelas&quot;}&#10;    domain: &quot;syntax&quot;&#10;    ignored: [&quot;examples&quot;]&#10;warning: the following keywords are unknown and will be ignored: [examples]&#10;    level: &quot;warning&quot;&#10;    schema: {&quot;loadingURI&quot;:&quot;#&quot;,&quot;pointer&quot;:&quot;/items/properties/seguro&quot;}&#10;    domain: &quot;syntax&quot;&#10;    ignored: [&quot;examples&quot;]&#10;warning: the following keywords are unknown and will be ignored: [examples]&#10;    level: &quot;warning&quot;&#10;    schema: {&quot;loadingURI&quot;:&quot;#&quot;,&quot;pointer&quot;:&quot;/items/properties/valor&quot;}&#10;    domain: &quot;syntax&quot;&#10;    ignored: [&quot;examples&quot;]&#10;warning: the following keywords are unknown and will be ignored: [examples]&#10;    level: &quot;warning&quot;&#10;    schema: {&quot;loadingURI&quot;:&quot;#&quot;,&quot;pointer&quot;:&quot;/items&quot;}&#10;    domain: &quot;syntax&quot;&#10;    ignored: [&quot;examples&quot;]&#10;warning: the following keywords are unknown and will be ignored: [examples]&#10;    level: &quot;warning&quot;&#10;    schema: {&quot;loadingURI&quot;:&quot;#&quot;,&quot;pointer&quot;:&quot;/items/properties/cpf&quot;}&#10;    domain: &quot;syntax&quot;&#10;    ignored: [&quot;examples&quot;]&#10;warning: the following keywords are unknown and will be ignored: [examples]&#10;    level: &quot;warning&quot;&#10;    schema: {&quot;loadingURI&quot;:&quot;#&quot;,&quot;pointer&quot;:&quot;/items/properties/email&quot;}&#10;    domain: &quot;syntax&quot;&#10;    ignored: [&quot;examples&quot;]&#10;warning: the following keywords are unknown and will be ignored: [examples]&#10;    level: &quot;warning&quot;&#10;    schema: {&quot;loadingURI&quot;:&quot;#&quot;,&quot;pointer&quot;:&quot;/items/properties/id&quot;}&#10;    domain: &quot;syntax&quot;&#10;    ignored: [&quot;examples&quot;]&#10;warning: the following keywords are unknown and will be ignored: [examples]&#10;    level: &quot;warning&quot;&#10;    schema: {&quot;loadingURI&quot;:&quot;#&quot;,&quot;pointer&quot;:&quot;/items/properties/nome&quot;}&#10;    domain: &quot;syntax&quot;&#10;    ignored: [&quot;examples&quot;]&#10;warning: the following keywords are unknown and will be ignored: [examples]&#10;    level: &quot;warning&quot;&#10;    schema: {&quot;loadingURI&quot;:&quot;#&quot;,&quot;pointer&quot;:&quot;/items/properties/parcelas&quot;}&#10;    domain: &quot;syntax&quot;&#10;    ignored: [&quot;examples&quot;]&#10;warning: the following keywords are unknown and will be ignored: [examples]&#10;    level: &quot;warning&quot;&#10;    schema: {&quot;loadingURI&quot;:&quot;#&quot;,&quot;pointer&quot;:&quot;/items/properties/seguro&quot;}&#10;    domain: &quot;syntax&quot;&#10;    ignored: [&quot;examples&quot;]&#10;warning: the following keywords are unknown and will be ignored: [examples]&#10;    level: &quot;warning&quot;&#10;    schema: {&quot;loadingURI&quot;:&quot;#&quot;,&quot;pointer&quot;:&quot;/items/properties/valor&quot;}&#10;    domain: &quot;syntax&quot;&#10;    ignored: [&quot;examples&quot;]&#10;warning: the following keywords are unknown and will be ignored: [examples]&#10;    level: &quot;warning&quot;&#10;    schema: {&quot;loadingURI&quot;:&quot;#&quot;,&quot;pointer&quot;:&quot;/items&quot;}&#10;    domain: &quot;syntax&quot;&#10;    ignored: [&quot;examples&quot;]&#10;warning: the following keywords are unknown and will be ignored: [examples]&#10;    level: &quot;warning&quot;&#10;    schema: {&quot;loadingURI&quot;:&quot;#&quot;,&quot;pointer&quot;:&quot;/items/properties/cpf&quot;}&#10;    domain: &quot;syntax&quot;&#10;    ignored: [&quot;examples&quot;]&#10;warning: the following keywords are unknown and will be ignored: [examples]&#10;    level: &quot;warning&quot;&#10;    schema: {&quot;loadingURI&quot;:&quot;#&quot;,&quot;pointer&quot;:&quot;/items/properties/email&quot;}&#10;    domain: &quot;syntax&quot;&#10;    ignored: [&quot;examples&quot;]&#10;warning: the following keywords are unknown and will be ignored: [examples]&#10;    level: &quot;warning&quot;&#10;    schema: {&quot;loadingURI&quot;:&quot;#&quot;,&quot;pointer&quot;:&quot;/items/properties/id&quot;}&#10;    domain: &quot;syntax&quot;&#10;    ignored: [&quot;examples&quot;]&#10;warning: the following keywords are unknown and will be ignored: [examples]&#10;    level: &quot;warning&quot;&#10;    schema: {&quot;loadingURI&quot;:&quot;#&quot;,&quot;pointer&quot;:&quot;/items/properties/nome&quot;}&#10;    domain: &quot;syntax&quot;&#10;    ignored: [&quot;examples&quot;]&#10;warning: the following keywords are unknown and will be ignored: [examples]&#10;    level: &quot;warning&quot;&#10;    schema: {&quot;loadingURI&quot;:&quot;#&quot;,&quot;pointer&quot;:&quot;/items/properties/parcelas&quot;}&#10;    domain: &quot;syntax&quot;&#10;    ignored: [&quot;examples&quot;]&#10;warning: the following keywords are unknown and will be ignored: [examples]&#10;    level: &quot;warning&quot;&#10;    schema: {&quot;loadingURI&quot;:&quot;#&quot;,&quot;pointer&quot;:&quot;/items/properties/seguro&quot;}&#10;    domain: &quot;syntax&quot;&#10;    ignored: [&quot;examples&quot;]&#10;warning: the following keywords are unknown and will be ignored: [examples]&#10;    level: &quot;warning&quot;&#10;    schema: {&quot;loadingURI&quot;:&quot;#&quot;,&quot;pointer&quot;:&quot;/items/properties/valor&quot;}&#10;    domain: &quot;syntax&quot;&#10;    ignored: [&quot;examples&quot;]&#10;warning: the following keywords are unknown and will be ignored: [examples]&#10;    level: &quot;warning&quot;&#10;    schema: {&quot;loadingURI&quot;:&quot;#&quot;,&quot;pointer&quot;:&quot;/items&quot;}&#10;    domain: &quot;syntax&quot;&#10;    ignored: [&quot;examples&quot;]&#10;warning: the following keywords are unknown and will be ignored: [examples]&#10;    level: &quot;warning&quot;&#10;    schema: {&quot;loadingURI&quot;:&quot;#&quot;,&quot;pointer&quot;:&quot;/items/properties/cpf&quot;}&#10;    domain: &quot;syntax&quot;&#10;    ignored: [&quot;examples&quot;]&#10;warning: the following keywords are unknown and will be ignored: [examples]&#10;    level: &quot;warning&quot;&#10;    schema: {&quot;loadingURI&quot;:&quot;#&quot;,&quot;pointer&quot;:&quot;/items/properties/email&quot;}&#10;    domain: &quot;syntax&quot;&#10;    ignored: [&quot;examples&quot;]&#10;warning: the following keywords are unknown and will be ignored: [examples]&#10;    level: &quot;warning&quot;&#10;    schema: {&quot;loadingURI&quot;:&quot;#&quot;,&quot;pointer&quot;:&quot;/items/properties/id&quot;}&#10;    domain: &quot;syntax&quot;&#10;    ignored: [&quot;examples&quot;]&#10;warning: the following keywords are unknown and will be ignored: [examples]&#10;    level: &quot;warning&quot;&#10;    schema: {&quot;loadingURI&quot;:&quot;#&quot;,&quot;pointer&quot;:&quot;/items/properties/nome&quot;}&#10;    domain: &quot;syntax&quot;&#10;    ignored: [&quot;examples&quot;]&#10;warning: the following keywords are unknown and will be ignored: [examples]&#10;    level: &quot;warning&quot;&#10;    schema: {&quot;loadingURI&quot;:&quot;#&quot;,&quot;pointer&quot;:&quot;/items/properties/parcelas&quot;}&#10;    domain: &quot;syntax&quot;&#10;    ignored: [&quot;examples&quot;]&#10;warning: the following keywords are unknown and will be ignored: [examples]&#10;    level: &quot;warning&quot;&#10;    schema: {&quot;loadingURI&quot;:&quot;#&quot;,&quot;pointer&quot;:&quot;/items/properties/seguro&quot;}&#10;    domain: &quot;syntax&quot;&#10;    ignored: [&quot;examples&quot;]&#10;warning: the following keywords are unknown and will be ignored: [examples]&#10;    level: &quot;warning&quot;&#10;    schema: {&quot;loadingURI&quot;:&quot;#&quot;,&quot;pointer&quot;:&quot;/items/properties/valor&quot;}&#10;    domain: &quot;syntax&quot;&#10;    ignored: [&quot;examples&quot;]&#10;warning: the following keywords are unknown and will be ignored: [examples]&#10;    level: &quot;warning&quot;&#10;    schema: {&quot;loadingURI&quot;:&quot;#&quot;,&quot;pointer&quot;:&quot;/items&quot;}&#10;    domain: &quot;syntax&quot;&#10;    ignored: [&quot;examples&quot;]&#10;warning: the following keywords are unknown and will be ignored: [examples]&#10;    level: &quot;warning&quot;&#10;    schema: {&quot;loadingURI&quot;:&quot;#&quot;,&quot;pointer&quot;:&quot;/items/properties/cpf&quot;}&#10;    domain: &quot;syntax&quot;&#10;    ignored: [&quot;examples&quot;]&#10;warning: the following keywords are unknown and will be ignored: [examples]&#10;    level: &quot;warning&quot;&#10;    schema: {&quot;loadingURI&quot;:&quot;#&quot;,&quot;pointer&quot;:&quot;/items/properties/email&quot;}&#10;    domain: &quot;syntax&quot;&#10;    ignored: [&quot;examples&quot;]&#10;warning: the following keywords are unknown and will be ignored: [examples]&#10;    level: &quot;warning&quot;&#10;    schema: {&quot;loadingURI&quot;:&quot;#&quot;,&quot;pointer&quot;:&quot;/items/properties/id&quot;}&#10;    domain: &quot;syntax&quot;&#10;    ignored: [&quot;examples&quot;]&#10;warning: the following keywords are unknown and will be ignored: [examples]&#10;    level: &quot;warning&quot;&#10;    schema: {&quot;loadingURI&quot;:&quot;#&quot;,&quot;pointer&quot;:&quot;/items/properties/nome&quot;}&#10;    domain: &quot;syntax&quot;&#10;    ignored: [&quot;examples&quot;]&#10;warning: the following keywords are unknown and will be ignored: [examples]&#10;    level: &quot;warning&quot;&#10;    schema: {&quot;loadingURI&quot;:&quot;#&quot;,&quot;pointer&quot;:&quot;/items/properties/parcelas&quot;}&#10;    domain: &quot;syntax&quot;&#10;    ignored: [&quot;examples&quot;]&#10;warning: the following keywords are unknown and will be ignored: [examples]&#10;    level: &quot;warning&quot;&#10;    schema: {&quot;loadingURI&quot;:&quot;#&quot;,&quot;pointer&quot;:&quot;/items/properties/seguro&quot;}&#10;    domain: &quot;syntax&quot;&#10;    ignored: [&quot;examples&quot;]&#10;warning: the following keywords are unknown and will be ignored: [examples]&#10;    level: &quot;warning&quot;&#10;    schema: {&quot;loadingURI&quot;:&quot;#&quot;,&quot;pointer&quot;:&quot;/items/properties/valor&quot;}&#10;    domain: &quot;syntax&quot;&#10;    ignored: [&quot;examples&quot;]&#10;warning: the following keywords are unknown and will be ignored: [examples]&#10;    level: &quot;warning&quot;&#10;    schema: {&quot;loadingURI&quot;:&quot;#&quot;,&quot;pointer&quot;:&quot;/items&quot;}&#10;    domain: &quot;syntax&quot;&#10;    ignored: [&quot;examples&quot;]&#10;warning: the following keywords are unknown and will be ignored: [examples]&#10;    level: &quot;warning&quot;&#10;    schema: {&quot;loadingURI&quot;:&quot;#&quot;,&quot;pointer&quot;:&quot;/items/properties/cpf&quot;}&#10;    domain: &quot;syntax&quot;&#10;    ignored: [&quot;examples&quot;]&#10;warning: the following keywords are unknown and will be ignored: [examples]&#10;    level: &quot;warning&quot;&#10;    schema: {&quot;loadingURI&quot;:&quot;#&quot;,&quot;pointer&quot;:&quot;/items/properties/email&quot;}&#10;    domain: &quot;syntax&quot;&#10;    ignored: [&quot;examples&quot;]&#10;warning: the following keywords are unknown and will be ignored: [examples]&#10;    level: &quot;warning&quot;&#10;    schema: {&quot;loadingURI&quot;:&quot;#&quot;,&quot;pointer&quot;:&quot;/items/properties/id&quot;}&#10;    domain: &quot;syntax&quot;&#10;    ignored: [&quot;examples&quot;]&#10;warning: the following keywords are unknown and will be ignored: [examples]&#10;    level: &quot;warning&quot;&#10;    schema: {&quot;loadingURI&quot;:&quot;#&quot;,&quot;pointer&quot;:&quot;/items/properties/nome&quot;}&#10;    domain: &quot;syntax&quot;&#10;    ignored: [&quot;examples&quot;]&#10;warning: the following keywords are unknown and will be ignored: [examples]&#10;    level: &quot;warning&quot;&#10;    schema: {&quot;loadingURI&quot;:&quot;#&quot;,&quot;pointer&quot;:&quot;/items/properties/parcelas&quot;}&#10;    domain: &quot;syntax&quot;&#10;    ignored: [&quot;examples&quot;]&#10;warning: the following keywords are unknown and will be ignored: [examples]&#10;    level: &quot;warning&quot;&#10;    schema: {&quot;loadingURI&quot;:&quot;#&quot;,&quot;pointer&quot;:&quot;/items/properties/seguro&quot;}&#10;    domain: &quot;syntax&quot;&#10;    ignored: [&quot;examples&quot;]&#10;warning: the following keywords are unknown and will be ignored: [examples]&#10;    level: &quot;warning&quot;&#10;    schema: {&quot;loadingURI&quot;:&quot;#&quot;,&quot;pointer&quot;:&quot;/items/properties/valor&quot;}&#10;    domain: &quot;syntax&quot;&#10;    ignored: [&quot;examples&quot;]&#10;warning: the following keywords are unknown and will be ignored: [examples]&#10;    level: &quot;warning&quot;&#10;    schema: {&quot;loadingURI&quot;:&quot;#&quot;,&quot;pointer&quot;:&quot;/items&quot;}&#10;    domain: &quot;syntax&quot;&#10;    ignored: [&quot;examples&quot;]&#10;warning: the following keywords are unknown and will be ignored: [examples]&#10;    level: &quot;warning&quot;&#10;    schema: {&quot;loadingURI&quot;:&quot;#&quot;,&quot;pointer&quot;:&quot;/items/properties/cpf&quot;}&#10;    domain: &quot;syntax&quot;&#10;    ignored: [&quot;examples&quot;]&#10;warning: the following keywords are unknown and will be ignored: [examples]&#10;    level: &quot;warning&quot;&#10;    schema: {&quot;loadingURI&quot;:&quot;#&quot;,&quot;pointer&quot;:&quot;/items/properties/email&quot;}&#10;    domain: &quot;syntax&quot;&#10;    ignored: [&quot;examples&quot;]&#10;warning: the following keywords are unknown and will be ignored: [examples]&#10;    level: &quot;warning&quot;&#10;    schema: {&quot;loadingURI&quot;:&quot;#&quot;,&quot;pointer&quot;:&quot;/items/properties/id&quot;}&#10;    domain: &quot;syntax&quot;&#10;    ignored: [&quot;examples&quot;]&#10;warning: the following keywords are unknown and will be ignored: [examples]&#10;    level: &quot;warning&quot;&#10;    schema: {&quot;loadingURI&quot;:&quot;#&quot;,&quot;pointer&quot;:&quot;/items/properties/nome&quot;}&#10;    domain: &quot;syntax&quot;&#10;    ignored: [&quot;examples&quot;]&#10;warning: the following keywords are unknown and will be ignored: [examples]&#10;    level: &quot;warning&quot;&#10;    schema: {&quot;loadingURI&quot;:&quot;#&quot;,&quot;pointer&quot;:&quot;/items/properties/parcelas&quot;}&#10;    domain: &quot;syntax&quot;&#10;    ignored: [&quot;examples&quot;]&#10;warning: the following keywords are unknown and will be ignored: [examples]&#10;    level: &quot;warning&quot;&#10;    schema: {&quot;loadingURI&quot;:&quot;#&quot;,&quot;pointer&quot;:&quot;/items/properties/seguro&quot;}&#10;    domain: &quot;syntax&quot;&#10;    ignored: [&quot;examples&quot;]&#10;warning: the following keywords are unknown and will be ignored: [examples]&#10;    level: &quot;warning&quot;&#10;    schema: {&quot;loadingURI&quot;:&quot;#&quot;,&quot;pointer&quot;:&quot;/items/properties/valor&quot;}&#10;    domain: &quot;syntax&quot;&#10;    ignored: [&quot;examples&quot;]&#10;warning: the following keywords are unknown and will be ignored: [examples]&#10;    level: &quot;warning&quot;&#10;    schema: {&quot;loadingURI&quot;:&quot;#&quot;,&quot;pointer&quot;:&quot;/items&quot;}&#10;    domain: &quot;syntax&quot;&#10;    ignored: [&quot;examples&quot;]&#10;warning: the following keywords are unknown and will be ignored: [examples]&#10;    level: &quot;warning&quot;&#10;    schema: {&quot;loadingURI&quot;:&quot;#&quot;,&quot;pointer&quot;:&quot;/items/properties/cpf&quot;}&#10;    domain: &quot;syntax&quot;&#10;    ignored: [&quot;examples&quot;]&#10;warning: the following keywords are unknown and will be ignored: [examples]&#10;    level: &quot;warning&quot;&#10;    schema: {&quot;loadingURI&quot;:&quot;#&quot;,&quot;pointer&quot;:&quot;/items/properties/email&quot;}&#10;    domain: &quot;syntax&quot;&#10;    ignored: [&quot;examples&quot;]&#10;warning: the following keywords are unknown and will be ignored: [examples]&#10;    level: &quot;warning&quot;&#10;    schema: {&quot;loadingURI&quot;:&quot;#&quot;,&quot;pointer&quot;:&quot;/items/properties/id&quot;}&#10;    domain: &quot;syntax&quot;&#10;    ignored: [&quot;examples&quot;]&#10;warning: the following keywords are unknown and will be ignored: [examples]&#10;    level: &quot;warning&quot;&#10;    schema: {&quot;loadingURI&quot;:&quot;#&quot;,&quot;pointer&quot;:&quot;/items/properties/nome&quot;}&#10;    domain: &quot;syntax&quot;&#10;    ignored: [&quot;examples&quot;]&#10;warning: the following keywords are unknown and will be ignored: [examples]&#10;    level: &quot;warning&quot;&#10;    schema: {&quot;loadingURI&quot;:&quot;#&quot;,&quot;pointer&quot;:&quot;/items/properties/parcelas&quot;}&#10;    domain: &quot;syntax&quot;&#10;    ignored: [&quot;examples&quot;]&#10;warning: the following keywords are unknown and will be ignored: [examples]&#10;    level: &quot;warning&quot;&#10;    schema: {&quot;loadingURI&quot;:&quot;#&quot;,&quot;pointer&quot;:&quot;/items/properties/seguro&quot;}&#10;    domain: &quot;syntax&quot;&#10;    ignored: [&quot;examples&quot;]&#10;warning: the following keywords are unknown and will be ignored: [examples]&#10;    level: &quot;warning&quot;&#10;    schema: {&quot;loadingURI&quot;:&quot;#&quot;,&quot;pointer&quot;:&quot;/items/properties/valor&quot;}&#10;    domain: &quot;syntax&quot;&#10;    ignored: [&quot;examples&quot;]&#10;warning: the following keywords are unknown and will be ignored: [examples]&#10;    level: &quot;warning&quot;&#10;    schema: {&quot;loadingURI&quot;:&quot;#&quot;,&quot;pointer&quot;:&quot;/items&quot;}&#10;    domain: &quot;syntax&quot;&#10;    ignored: [&quot;examples&quot;]&#10;warning: the following keywords are unknown and will be ignored: [examples]&#10;    level: &quot;warning&quot;&#10;    schema: {&quot;loadingURI&quot;:&quot;#&quot;,&quot;pointer&quot;:&quot;/items/properties/cpf&quot;}&#10;    domain: &quot;syntax&quot;&#10;    ignored: [&quot;examples&quot;]&#10;warning: the following keywords are unknown and will be ignored: [examples]&#10;    level: &quot;warning&quot;&#10;    schema: {&quot;loadingURI&quot;:&quot;#&quot;,&quot;pointer&quot;:&quot;/items/properties/email&quot;}&#10;    domain: &quot;syntax&quot;&#10;    ignored: [&quot;examples&quot;]&#10;warning: the following keywords are unknown and will be ignored: [examples]&#10;    level: &quot;warning&quot;&#10;    schema: {&quot;loadingURI&quot;:&quot;#&quot;,&quot;pointer&quot;:&quot;/items/properties/id&quot;}&#10;    domain: &quot;syntax&quot;&#10;    ignored: [&quot;examples&quot;]&#10;warning: the following keywords are unknown and will be ignored: [examples]&#10;    level: &quot;warning&quot;&#10;    schema: {&quot;loadingURI&quot;:&quot;#&quot;,&quot;pointer&quot;:&quot;/items/properties/nome&quot;}&#10;    domain: &quot;syntax&quot;&#10;    ignored: [&quot;examples&quot;]&#10;warning: the following keywords are unknown and will be ignored: [examples]&#10;    level: &quot;warning&quot;&#10;    schema: {&quot;loadingURI&quot;:&quot;#&quot;,&quot;pointer&quot;:&quot;/items/properties/parcelas&quot;}&#10;    domain: &quot;syntax&quot;&#10;    ignored: [&quot;examples&quot;]&#10;warning: the following keywords are unknown and will be ignored: [examples]&#10;    level: &quot;warning&quot;&#10;    schema: {&quot;loadingURI&quot;:&quot;#&quot;,&quot;pointer&quot;:&quot;/items/properties/seguro&quot;}&#10;    domain: &quot;syntax&quot;&#10;    ignored: [&quot;examples&quot;]&#10;warning: the following keywords are unknown and will be ignored: [examples]&#10;    level: &quot;warning&quot;&#10;    schema: {&quot;loadingURI&quot;:&quot;#&quot;,&quot;pointer&quot;:&quot;/items/properties/valor&quot;}&#10;    domain: &quot;syntax&quot;&#10;    ignored: [&quot;examples&quot;]&#10;warning: the following keywords are unknown and will be ignored: [examples]&#10;    level: &quot;warning&quot;&#10;    schema: {&quot;loadingURI&quot;:&quot;#&quot;,&quot;pointer&quot;:&quot;/items&quot;}&#10;    domain: &quot;syntax&quot;&#10;    ignored: [&quot;examples&quot;]&#10;warning: the following keywords are unknown and will be ignored: [examples]&#10;    level: &quot;warning&quot;&#10;    schema: {&quot;loadingURI&quot;:&quot;#&quot;,&quot;pointer&quot;:&quot;/items/properties/cpf&quot;}&#10;    domain: &quot;syntax&quot;&#10;    ignored: [&quot;examples&quot;]&#10;warning: the following keywords are unknown and will be ignored: [examples]&#10;    level: &quot;warning&quot;&#10;    schema: {&quot;loadingURI&quot;:&quot;#&quot;,&quot;pointer&quot;:&quot;/items/properties/email&quot;}&#10;    domain: &quot;syntax&quot;&#10;    ignored: [&quot;examples&quot;]&#10;warning: the following keywords are unknown and will be ignored: [examples]&#10;    level: &quot;warning&quot;&#10;    schema: {&quot;loadingURI&quot;:&quot;#&quot;,&quot;pointer&quot;:&quot;/items/properties/id&quot;}&#10;    domain: &quot;syntax&quot;&#10;    ignored: [&quot;examples&quot;]&#10;warning: the following keywords are unknown and will be ignored: [examples]&#10;    level: &quot;warning&quot;&#10;    schema: {&quot;loadingURI&quot;:&quot;#&quot;,&quot;pointer&quot;:&quot;/items/properties/nome&quot;}&#10;    domain: &quot;syntax&quot;&#10;    ignored: [&quot;examples&quot;]&#10;warning: the following keywords are unknown and will be ignored: [examples]&#10;    level: &quot;warning&quot;&#10;    schema: {&quot;loadingURI&quot;:&quot;#&quot;,&quot;pointer&quot;:&quot;/items/properties/parcelas&quot;}&#10;    domain: &quot;syntax&quot;&#10;    ignored: [&quot;examples&quot;]&#10;warning: the following keywords are unknown and will be ignored: [examples]&#10;    level: &quot;warning&quot;&#10;    schema: {&quot;loadingURI&quot;:&quot;#&quot;,&quot;pointer&quot;:&quot;/items/properties/seguro&quot;}&#10;    domain: &quot;syntax&quot;&#10;    ignored: [&quot;examples&quot;]&#10;warning: the following keywords are unknown and will be ignored: [examples]&#10;    level: &quot;warning&quot;&#10;    schema: {&quot;loadingURI&quot;:&quot;#&quot;,&quot;pointer&quot;:&quot;/items/properties/valor&quot;}&#10;    domain: &quot;syntax&quot;&#10;    ignored: [&quot;examples&quot;]&#10;warning: the following keywords are unknown and will be ignored: [examples]&#10;    level: &quot;warning&quot;&#10;    schema: {&quot;loadingURI&quot;:&quot;#&quot;,&quot;pointer&quot;:&quot;/items&quot;}&#10;    domain: &quot;syntax&quot;&#10;    ignored: [&quot;examples&quot;]&#10;warning: the following keywords are unknown and will be ignored: [examples]&#10;    level: &quot;warning&quot;&#10;    schema: {&quot;loadingURI&quot;:&quot;#&quot;,&quot;pointer&quot;:&quot;/items/properties/cpf&quot;}&#10;    domain: &quot;syntax&quot;&#10;    ignored: [&quot;examples&quot;]&#10;warning: the following keywords are unknown and will be ignored: [examples]&#10;    level: &quot;warning&quot;&#10;    schema: {&quot;loadingURI&quot;:&quot;#&quot;,&quot;pointer&quot;:&quot;/items/properties/email&quot;}&#10;    domain: &quot;syntax&quot;&#10;    ignored: [&quot;examples&quot;]&#10;warning: the following keywords are unknown and will be ignored: [examples]&#10;    level: &quot;warning&quot;&#10;    schema: {&quot;loadingURI&quot;:&quot;#&quot;,&quot;pointer&quot;:&quot;/items/properties/id&quot;}&#10;    domain: &quot;syntax&quot;&#10;    ignored: [&quot;examples&quot;]&#10;warning: the following keywords are unknown and will be ignored: [examples]&#10;    level: &quot;warning&quot;&#10;    schema: {&quot;loadingURI&quot;:&quot;#&quot;,&quot;pointer&quot;:&quot;/items/properties/nome&quot;}&#10;    domain: &quot;syntax&quot;&#10;    ignored: [&quot;examples&quot;]&#10;warning: the following keywords are unknown and will be ignored: [examples]&#10;    level: &quot;warning&quot;&#10;    schema: {&quot;loadingURI&quot;:&quot;#&quot;,&quot;pointer&quot;:&quot;/items/properties/parcelas&quot;}&#10;    domain: &quot;syntax&quot;&#10;    ignored: [&quot;examples&quot;]&#10;warning: the following keywords are unknown and will be ignored: [examples]&#10;    level: &quot;warning&quot;&#10;    schema: {&quot;loadingURI&quot;:&quot;#&quot;,&quot;pointer&quot;:&quot;/items/properties/seguro&quot;}&#10;    domain: &quot;syntax&quot;&#10;    ignored: [&quot;examples&quot;]&#10;warning: the following keywords are unknown and will be ignored: [examples]&#10;    level: &quot;warning&quot;&#10;    schema: {&quot;loadingURI&quot;:&quot;#&quot;,&quot;pointer&quot;:&quot;/items/properties/valor&quot;}&#10;    domain: &quot;syntax&quot;&#10;    ignored: [&quot;examples&quot;]&#10;warning: the following keywords are unknown and will be ignored: [examples]&#10;    level: &quot;warning&quot;&#10;    schema: {&quot;loadingURI&quot;:&quot;#&quot;,&quot;pointer&quot;:&quot;/items&quot;}&#10;    domain: &quot;syntax&quot;&#10;    ignored: [&quot;examples&quot;]&#10;warning: the following keywords are unknown and will be ignored: [examples]&#10;    level: &quot;warning&quot;&#10;    schema: {&quot;loadingURI&quot;:&quot;#&quot;,&quot;pointer&quot;:&quot;/items/properties/cpf&quot;}&#10;    domain: &quot;syntax&quot;&#10;    ignored: [&quot;examples&quot;]&#10;warning: the following keywords are unknown and will be ignored: [examples]&#10;    level: &quot;warning&quot;&#10;    schema: {&quot;loadingURI&quot;:&quot;#&quot;,&quot;pointer&quot;:&quot;/items/properties/email&quot;}&#10;    domain: &quot;syntax&quot;&#10;    ignored: [&quot;examples&quot;]&#10;warning: the following keywords are unknown and will be ignored: [examples]&#10;    level: &quot;warning&quot;&#10;    schema: {&quot;loadingURI&quot;:&quot;#&quot;,&quot;pointer&quot;:&quot;/items/properties/id&quot;}&#10;    domain: &quot;syntax&quot;&#10;    ignored: [&quot;examples&quot;]&#10;warning: the following keywords are unknown and will be ignored: [examples]&#10;    level: &quot;warning&quot;&#10;    schema: {&quot;loadingURI&quot;:&quot;#&quot;,&quot;pointer&quot;:&quot;/items/properties/nome&quot;}&#10;    domain: &quot;syntax&quot;&#10;    ignored: [&quot;examples&quot;]&#10;warning: the following keywords are unknown and will be ignored: [examples]&#10;    level: &quot;warning&quot;&#10;    schema: {&quot;loadingURI&quot;:&quot;#&quot;,&quot;pointer&quot;:&quot;/items/properties/parcelas&quot;}&#10;    domain: &quot;syntax&quot;&#10;    ignored: [&quot;examples&quot;]&#10;warning: the following keywords are unknown and will be ignored: [examples]&#10;    level: &quot;warning&quot;&#10;    schema: {&quot;loadingURI&quot;:&quot;#&quot;,&quot;pointer&quot;:&quot;/items/properties/seguro&quot;}&#10;    domain: &quot;syntax&quot;&#10;    ignored: [&quot;examples&quot;]&#10;warning: the following keywords are unknown and will be ignored: [examples]&#10;    level: &quot;warning&quot;&#10;    schema: {&quot;loadingURI&quot;:&quot;#&quot;,&quot;pointer&quot;:&quot;/items/properties/valor&quot;}&#10;    domain: &quot;syntax&quot;&#10;    ignored: [&quot;examples&quot;]&#10;warning: the following keywords are unknown and will be ignored: [examples]&#10;    level: &quot;warning&quot;&#10;    schema: {&quot;loadingURI&quot;:&quot;#&quot;,&quot;pointer&quot;:&quot;/items&quot;}&#10;    domain: &quot;syntax&quot;&#10;    ignored: [&quot;examples&quot;]&#10;warning: the following keywords are unknown and will be ignored: [examples]&#10;    level: &quot;warning&quot;&#10;    schema: {&quot;loadingURI&quot;:&quot;#&quot;,&quot;pointer&quot;:&quot;/items/properties/cpf&quot;}&#10;    domain: &quot;syntax&quot;&#10;    ignored: [&quot;examples&quot;]&#10;warning: the following keywords are unknown and will be ignored: [examples]&#10;    level: &quot;warning&quot;&#10;    schema: {&quot;loadingURI&quot;:&quot;#&quot;,&quot;pointer&quot;:&quot;/items/properties/email&quot;}&#10;    domain: &quot;syntax&quot;&#10;    ignored: [&quot;examples&quot;]&#10;warning: the following keywords are unknown and will be ignored: [examples]&#10;    level: &quot;warning&quot;&#10;    schema: {&quot;loadingURI&quot;:&quot;#&quot;,&quot;pointer&quot;:&quot;/items/properties/id&quot;}&#10;    domain: &quot;syntax&quot;&#10;    ignored: [&quot;examples&quot;]&#10;warning: the following keywords are unknown and will be ignored: [examples]&#10;    level: &quot;warning&quot;&#10;    schema: {&quot;loadingURI&quot;:&quot;#&quot;,&quot;pointer&quot;:&quot;/items/properties/nome&quot;}&#10;    domain: &quot;syntax&quot;&#10;    ignored: [&quot;examples&quot;]&#10;warning: the following keywords are unknown and will be ignored: [examples]&#10;    level: &quot;warning&quot;&#10;    schema: {&quot;loadingURI&quot;:&quot;#&quot;,&quot;pointer&quot;:&quot;/items/properties/parcelas&quot;}&#10;    domain: &quot;syntax&quot;&#10;    ignored: [&quot;examples&quot;]&#10;warning: the following keywords are unknown and will be ignored: [examples]&#10;    level: &quot;warning&quot;&#10;    schema: {&quot;loadingURI&quot;:&quot;#&quot;,&quot;pointer&quot;:&quot;/items/properties/seguro&quot;}&#10;    domain: &quot;syntax&quot;&#10;    ignored: [&quot;examples&quot;]&#10;warning: the following keywords are unknown and will be ignored: [examples]&#10;    level: &quot;warning&quot;&#10;    schema: {&quot;loadingURI&quot;:&quot;#&quot;,&quot;pointer&quot;:&quot;/items/properties/valor&quot;}&#10;    domain: &quot;syntax&quot;&#10;    ignored: [&quot;examples&quot;]&#10;warning: the following keywords are unknown and will be ignored: [examples]&#10;    level: &quot;warning&quot;&#10;    schema: {&quot;loadingURI&quot;:&quot;#&quot;,&quot;pointer&quot;:&quot;/items&quot;}&#10;    domain: &quot;syntax&quot;&#10;    ignored: [&quot;examples&quot;]&#10;warning: the following keywords are unknown and will be ignored: [examples]&#10;    level: &quot;warning&quot;&#10;    schema: {&quot;loadingURI&quot;:&quot;#&quot;,&quot;pointer&quot;:&quot;/items/properties/cpf&quot;}&#10;    domain: &quot;syntax&quot;&#10;    ignored: [&quot;examples&quot;]&#10;warning: the following keywords are unknown and will be ignored: [examples]&#10;    level: &quot;warning&quot;&#10;    schema: {&quot;loadingURI&quot;:&quot;#&quot;,&quot;pointer&quot;:&quot;/items/properties/email&quot;}&#10;    domain: &quot;syntax&quot;&#10;    ignored: [&quot;examples&quot;]&#10;warning: the following keywords are unknown and will be ignored: [examples]&#10;    level: &quot;warning&quot;&#10;    schema: {&quot;loadingURI&quot;:&quot;#&quot;,&quot;pointer&quot;:&quot;/items/properties/id&quot;}&#10;    domain: &quot;syntax&quot;&#10;    ignored: [&quot;examples&quot;]&#10;warning: the following keywords are unknown and will be ignored: [examples]&#10;    level: &quot;warning&quot;&#10;    schema: {&quot;loadingURI&quot;:&quot;#&quot;,&quot;pointer&quot;:&quot;/items/properties/nome&quot;}&#10;    domain: &quot;syntax&quot;&#10;    ignored: [&quot;examples&quot;]&#10;warning: the following keywords are unknown and will be ignored: [examples]&#10;    level: &quot;warning&quot;&#10;    schema: {&quot;loadingURI&quot;:&quot;#&quot;,&quot;pointer&quot;:&quot;/items/properties/parcelas&quot;}&#10;    domain: &quot;syntax&quot;&#10;    ignored: [&quot;examples&quot;]&#10;warning: the following keywords are unknown and will be ignored: [examples]&#10;    level: &quot;warning&quot;&#10;    schema: {&quot;loadingURI&quot;:&quot;#&quot;,&quot;pointer&quot;:&quot;/items/properties/seguro&quot;}&#10;    domain: &quot;syntax&quot;&#10;    ignored: [&quot;examples&quot;]&#10;warning: the following keywords are unknown and will be ignored: [examples]&#10;    level: &quot;warning&quot;&#10;    schema: {&quot;loadingURI&quot;:&quot;#&quot;,&quot;pointer&quot;:&quot;/items/properties/valor&quot;}&#10;    domain: &quot;syntax&quot;&#10;    ignored: [&quot;examples&quot;]&#10;warning: the following keywords are unknown and will be ignored: [examples]&#10;    level: &quot;warning&quot;&#10;    schema: {&quot;loadingURI&quot;:&quot;#&quot;,&quot;pointer&quot;:&quot;/items&quot;}&#10;    domain: &quot;syntax&quot;&#10;    ignored: [&quot;examples&quot;]&#10;warning: the following keywords are unknown and will be ignored: [examples]&#10;    level: &quot;warning&quot;&#10;    schema: {&quot;loadingURI&quot;:&quot;#&quot;,&quot;pointer&quot;:&quot;/items/properties/cpf&quot;}&#10;    domain: &quot;syntax&quot;&#10;    ignored: [&quot;examples&quot;]&#10;warning: the following keywords are unknown and will be ignored: [examples]&#10;    level: &quot;warning&quot;&#10;    schema: {&quot;loadingURI&quot;:&quot;#&quot;,&quot;pointer&quot;:&quot;/items/properties/email&quot;}&#10;    domain: &quot;syntax&quot;&#10;    ignored: [&quot;examples&quot;]&#10;warning: the following keywords are unknown and will be ignored: [examples]&#10;    level: &quot;warning&quot;&#10;    schema: {&quot;loadingURI&quot;:&quot;#&quot;,&quot;pointer&quot;:&quot;/items/properties/id&quot;}&#10;    domain: &quot;syntax&quot;&#10;    ignored: [&quot;examples&quot;]&#10;warning: the following keywords are unknown and will be ignored: [examples]&#10;    level: &quot;warning&quot;&#10;    schema: {&quot;loadingURI&quot;:&quot;#&quot;,&quot;pointer&quot;:&quot;/items/properties/nome&quot;}&#10;    domain: &quot;syntax&quot;&#10;    ignored: [&quot;examples&quot;]&#10;warning: the following keywords are unknown and will be ignored: [examples]&#10;    level: &quot;warning&quot;&#10;    schema: {&quot;loadingURI&quot;:&quot;#&quot;,&quot;pointer&quot;:&quot;/items/properties/parcelas&quot;}&#10;    domain: &quot;syntax&quot;&#10;    ignored: [&quot;examples&quot;]&#10;warning: the following keywords are unknown and will be ignored: [examples]&#10;    level: &quot;warning&quot;&#10;    schema: {&quot;loadingURI&quot;:&quot;#&quot;,&quot;pointer&quot;:&quot;/items/properties/seguro&quot;}&#10;    domain: &quot;syntax&quot;&#10;    ignored: [&quot;examples&quot;]&#10;warning: the following keywords are unknown and will be ignored: [examples]&#10;    level: &quot;warning&quot;&#10;    schema: {&quot;loadingURI&quot;:&quot;#&quot;,&quot;pointer&quot;:&quot;/items/properties/valor&quot;}&#10;    domain: &quot;syntax&quot;&#10;    ignored: [&quot;examples&quot;]&#10;warning: the following keywords are unknown and will be ignored: [examples]&#10;    level: &quot;warning&quot;&#10;    schema: {&quot;loadingURI&quot;:&quot;#&quot;,&quot;pointer&quot;:&quot;/items&quot;}&#10;    domain: &quot;syntax&quot;&#10;    ignored: [&quot;examples&quot;]&#10;warning: the following keywords are unknown and will be ignored: [examples]&#10;    level: &quot;warning&quot;&#10;    schema: {&quot;loadingURI&quot;:&quot;#&quot;,&quot;pointer&quot;:&quot;/items/properties/cpf&quot;}&#10;    domain: &quot;syntax&quot;&#10;    ignored: [&quot;examples&quot;]&#10;warning: the following keywords are unknown and will be ignored: [examples]&#10;    level: &quot;warning&quot;&#10;    schema: {&quot;loadingURI&quot;:&quot;#&quot;,&quot;pointer&quot;:&quot;/items/properties/email&quot;}&#10;    domain: &quot;syntax&quot;&#10;    ignored: [&quot;examples&quot;]&#10;warning: the following keywords are unknown and will be ignored: [examples]&#10;    level: &quot;warning&quot;&#10;    schema: {&quot;loadingURI&quot;:&quot;#&quot;,&quot;pointer&quot;:&quot;/items/properties/id&quot;}&#10;    domain: &quot;syntax&quot;&#10;    ignored: [&quot;examples&quot;]&#10;warning: the following keywords are unknown and will be ignored: [examples]&#10;    level: &quot;warning&quot;&#10;    schema: {&quot;loadingURI&quot;:&quot;#&quot;,&quot;pointer&quot;:&quot;/items/properties/nome&quot;}&#10;    domain: &quot;syntax&quot;&#10;    ignored: [&quot;examples&quot;]&#10;warning: the following keywords are unknown and will be ignored: [examples]&#10;    level: &quot;warning&quot;&#10;    schema: {&quot;loadingURI&quot;:&quot;#&quot;,&quot;pointer&quot;:&quot;/items/properties/parcelas&quot;}&#10;    domain: &quot;syntax&quot;&#10;    ignored: [&quot;examples&quot;]&#10;warning: the following keywords are unknown and will be ignored: [examples]&#10;    level: &quot;warning&quot;&#10;    schema: {&quot;loadingURI&quot;:&quot;#&quot;,&quot;pointer&quot;:&quot;/items/properties/seguro&quot;}&#10;    domain: &quot;syntax&quot;&#10;    ignored: [&quot;examples&quot;]&#10;warning: the following keywords are unknown and will be ignored: [examples]&#10;    level: &quot;warning&quot;&#10;    schema: {&quot;loadingURI&quot;:&quot;#&quot;,&quot;pointer&quot;:&quot;/items/properties/valor&quot;}&#10;    domain: &quot;syntax&quot;&#10;    ignored: [&quot;examples&quot;]&#10;warning: the following keywords are unknown and will be ignored: [examples]&#10;    level: &quot;warning&quot;&#10;    schema: {&quot;loadingURI&quot;:&quot;#&quot;,&quot;pointer&quot;:&quot;/items&quot;}&#10;    domain: &quot;syntax&quot;&#10;    ignored: [&quot;examples&quot;]&#10;warning: the following keywords are unknown and will be ignored: [examples]&#10;    level: &quot;warning&quot;&#10;    schema: {&quot;loadingURI&quot;:&quot;#&quot;,&quot;pointer&quot;:&quot;/items/properties/cpf&quot;}&#10;    domain: &quot;syntax&quot;&#10;    ignored: [&quot;examples&quot;]&#10;warning: the following keywords are unknown and will be ignored: [examples]&#10;    level: &quot;warning&quot;&#10;    schema: {&quot;loadingURI&quot;:&quot;#&quot;,&quot;pointer&quot;:&quot;/items/properties/email&quot;}&#10;    domain: &quot;syntax&quot;&#10;    ignored: [&quot;examples&quot;]&#10;warning: the following keywords are unknown and will be ignored: [examples]&#10;    level: &quot;warning&quot;&#10;    schema: {&quot;loadingURI&quot;:&quot;#&quot;,&quot;pointer&quot;:&quot;/items/properties/id&quot;}&#10;    domain: &quot;syntax&quot;&#10;    ignored: [&quot;examples&quot;]&#10;warning: the following keywords are unknown and will be ignored: [examples]&#10;    level: &quot;warning&quot;&#10;    schema: {&quot;loadingURI&quot;:&quot;#&quot;,&quot;pointer&quot;:&quot;/items/properties/nome&quot;}&#10;    domain: &quot;syntax&quot;&#10;    ignored: [&quot;examples&quot;]&#10;warning: the following keywords are unknown and will be ignored: [examples]&#10;    level: &quot;warning&quot;&#10;    schema: {&quot;loadingURI&quot;:&quot;#&quot;,&quot;pointer&quot;:&quot;/items/properties/parcelas&quot;}&#10;    domain: &quot;syntax&quot;&#10;    ignored: [&quot;examples&quot;]&#10;warning: the following keywords are unknown and will be ignored: [examples]&#10;    level: &quot;warning&quot;&#10;    schema: {&quot;loadingURI&quot;:&quot;#&quot;,&quot;pointer&quot;:&quot;/items/properties/seguro&quot;}&#10;    domain: &quot;syntax&quot;&#10;    ignored: [&quot;examples&quot;]&#10;warning: the following keywords are unknown and will be ignored: [examples]&#10;    level: &quot;warning&quot;&#10;    schema: {&quot;loadingURI&quot;:&quot;#&quot;,&quot;pointer&quot;:&quot;/items/properties/valor&quot;}&#10;    domain: &quot;syntax&quot;&#10;    ignored: [&quot;examples&quot;]&#10;warning: the following keywords are unknown and will be ignored: [examples]&#10;    level: &quot;warning&quot;&#10;    schema: {&quot;loadingURI&quot;:&quot;#&quot;,&quot;pointer&quot;:&quot;/items&quot;}&#10;    domain: &quot;syntax&quot;&#10;    ignored: [&quot;examples&quot;]&#10;warning: the following keywords are unknown and will be ignored: [examples]&#10;    level: &quot;warning&quot;&#10;    schema: {&quot;loadingURI&quot;:&quot;#&quot;,&quot;pointer&quot;:&quot;/items/properties/cpf&quot;}&#10;    domain: &quot;syntax&quot;&#10;    ignored: [&quot;examples&quot;]&#10;warning: the following keywords are unknown and will be ignored: [examples]&#10;    level: &quot;warning&quot;&#10;    schema: {&quot;loadingURI&quot;:&quot;#&quot;,&quot;pointer&quot;:&quot;/items/properties/email&quot;}&#10;    domain: &quot;syntax&quot;&#10;    ignored: [&quot;examples&quot;]&#10;warning: the following keywords are unknown and will be ignored: [examples]&#10;    level: &quot;warning&quot;&#10;    schema: {&quot;loadingURI&quot;:&quot;#&quot;,&quot;pointer&quot;:&quot;/items/properties/id&quot;}&#10;    domain: &quot;syntax&quot;&#10;    ignored: [&quot;examples&quot;]&#10;warning: the following keywords are unknown and will be ignored: [examples]&#10;    level: &quot;warning&quot;&#10;    schema: {&quot;loadingURI&quot;:&quot;#&quot;,&quot;pointer&quot;:&quot;/items/properties/nome&quot;}&#10;    domain: &quot;syntax&quot;&#10;    ignored: [&quot;examples&quot;]&#10;warning: the following keywords are unknown and will be ignored: [examples]&#10;    level: &quot;warning&quot;&#10;    schema: {&quot;loadingURI&quot;:&quot;#&quot;,&quot;pointer&quot;:&quot;/items/properties/parcelas&quot;}&#10;    domain: &quot;syntax&quot;&#10;    ignored: [&quot;examples&quot;]&#10;warning: the following keywords are unknown and will be ignored: [examples]&#10;    level: &quot;warning&quot;&#10;    schema: {&quot;loadingURI&quot;:&quot;#&quot;,&quot;pointer&quot;:&quot;/items/properties/seguro&quot;}&#10;    domain: &quot;syntax&quot;&#10;    ignored: [&quot;examples&quot;]&#10;warning: the following keywords are unknown and will be ignored: [examples]&#10;    level: &quot;warning&quot;&#10;    schema: {&quot;loadingURI&quot;:&quot;#&quot;,&quot;pointer&quot;:&quot;/items/properties/valor&quot;}&#10;    domain: &quot;syntax&quot;&#10;    ignored: [&quot;examples&quot;]&#10;warning: the following keywords are unknown and will be ignored: [examples]&#10;    level: &quot;warning&quot;&#10;    schema: {&quot;loadingURI&quot;:&quot;#&quot;,&quot;pointer&quot;:&quot;/items&quot;}&#10;    domain: &quot;syntax&quot;&#10;    ignored: [&quot;examples&quot;]&#10;warning: the following keywords are unknown and will be ignored: [examples]&#10;    level: &quot;warning&quot;&#10;    schema: {&quot;loadingURI&quot;:&quot;#&quot;,&quot;pointer&quot;:&quot;/items/properties/cpf&quot;}&#10;    domain: &quot;syntax&quot;&#10;    ignored: [&quot;examples&quot;]&#10;warning: the following keywords are unknown and will be ignored: [examples]&#10;    level: &quot;warning&quot;&#10;    schema: {&quot;loadingURI&quot;:&quot;#&quot;,&quot;pointer&quot;:&quot;/items/properties/email&quot;}&#10;    domain: &quot;syntax&quot;&#10;    ignored: [&quot;examples&quot;]&#10;warning: the following keywords are unknown and will be ignored: [examples]&#10;    level: &quot;warning&quot;&#10;    schema: {&quot;loadingURI&quot;:&quot;#&quot;,&quot;pointer&quot;:&quot;/items/properties/id&quot;}&#10;    domain: &quot;syntax&quot;&#10;    ignored: [&quot;examples&quot;]&#10;warning: the following keywords are unknown and will be ignored: [examples]&#10;    level: &quot;warning&quot;&#10;    schema: {&quot;loadingURI&quot;:&quot;#&quot;,&quot;pointer&quot;:&quot;/items/properties/nome&quot;}&#10;    domain: &quot;syntax&quot;&#10;    ignored: [&quot;examples&quot;]&#10;warning: the following keywords are unknown and will be ignored: [examples]&#10;    level: &quot;warning&quot;&#10;    schema: {&quot;loadingURI&quot;:&quot;#&quot;,&quot;pointer&quot;:&quot;/items/properties/parcelas&quot;}&#10;    domain: &quot;syntax&quot;&#10;    ignored: [&quot;examples&quot;]&#10;warning: the following keywords are unknown and will be ignored: [examples]&#10;    level: &quot;warning&quot;&#10;    schema: {&quot;loadingURI&quot;:&quot;#&quot;,&quot;pointer&quot;:&quot;/items/properties/seguro&quot;}&#10;    domain: &quot;syntax&quot;&#10;    ignored: [&quot;examples&quot;]&#10;warning: the following keywords are unknown and will be ignored: [examples]&#10;    level: &quot;warning&quot;&#10;    schema: {&quot;loadingURI&quot;:&quot;#&quot;,&quot;pointer&quot;:&quot;/items/properties/valor&quot;}&#10;    domain: &quot;syntax&quot;&#10;    ignored: [&quot;examples&quot;]&#10;warning: the following keywords are unknown and will be ignored: [examples]&#10;    level: &quot;warning&quot;&#10;    schema: {&quot;loadingURI&quot;:&quot;#&quot;,&quot;pointer&quot;:&quot;/items&quot;}&#10;    domain: &quot;syntax&quot;&#10;    ignored: [&quot;examples&quot;]&#10;warning: the following keywords are unknown and will be ignored: [examples]&#10;    level: &quot;warning&quot;&#10;    schema: {&quot;loadingURI&quot;:&quot;#&quot;,&quot;pointer&quot;:&quot;/items/properties/cpf&quot;}&#10;    domain: &quot;syntax&quot;&#10;    ignored: [&quot;examples&quot;]&#10;warning: the following keywords are unknown and will be ignored: [examples]&#10;    level: &quot;warning&quot;&#10;    schema: {&quot;loadingURI&quot;:&quot;#&quot;,&quot;pointer&quot;:&quot;/items/properties/email&quot;}&#10;    domain: &quot;syntax&quot;&#10;    ignored: [&quot;examples&quot;]&#10;warning: the following keywords are unknown and will be ignored: [examples]&#10;    level: &quot;warning&quot;&#10;    schema: {&quot;loadingURI&quot;:&quot;#&quot;,&quot;pointer&quot;:&quot;/items/properties/id&quot;}&#10;    domain: &quot;syntax&quot;&#10;    ignored: [&quot;examples&quot;]&#10;warning: the following keywords are unknown and will be ignored: [examples]&#10;    level: &quot;warning&quot;&#10;    schema: {&quot;loadingURI&quot;:&quot;#&quot;,&quot;pointer&quot;:&quot;/items/properties/nome&quot;}&#10;    domain: &quot;syntax&quot;&#10;    ignored: [&quot;examples&quot;]&#10;warning: the following keywords are unknown and will be ignored: [examples]&#10;    level: &quot;warning&quot;&#10;    schema: {&quot;loadingURI&quot;:&quot;#&quot;,&quot;pointer&quot;:&quot;/items/properties/parcelas&quot;}&#10;    domain: &quot;syntax&quot;&#10;    ignored: [&quot;examples&quot;]&#10;warning: the following keywords are unknown and will be ignored: [examples]&#10;    level: &quot;warning&quot;&#10;    schema: {&quot;loadingURI&quot;:&quot;#&quot;,&quot;pointer&quot;:&quot;/items/properties/seguro&quot;}&#10;    domain: &quot;syntax&quot;&#10;    ignored: [&quot;examples&quot;]&#10;warning: the following keywords are unknown and will be ignored: [examples]&#10;    level: &quot;warning&quot;&#10;    schema: {&quot;loadingURI&quot;:&quot;#&quot;,&quot;pointer&quot;:&quot;/items/properties/valor&quot;}&#10;    domain: &quot;syntax&quot;&#10;    ignored: [&quot;examples&quot;]&#10;warning: the following keywords are unknown and will be ignored: [examples]&#10;    level: &quot;warning&quot;&#10;    schema: {&quot;loadingURI&quot;:&quot;#&quot;,&quot;pointer&quot;:&quot;/items&quot;}&#10;    domain: &quot;syntax&quot;&#10;    ignored: [&quot;examples&quot;]&#10;warning: the following keywords are unknown and will be ignored: [examples]&#10;    level: &quot;warning&quot;&#10;    schema: {&quot;loadingURI&quot;:&quot;#&quot;,&quot;pointer&quot;:&quot;/items/properties/cpf&quot;}&#10;    domain: &quot;syntax&quot;&#10;    ignored: [&quot;examples&quot;]&#10;warning: the following keywords are unknown and will be ignored: [examples]&#10;    level: &quot;warning&quot;&#10;    schema: {&quot;loadingURI&quot;:&quot;#&quot;,&quot;pointer&quot;:&quot;/items/properties/email&quot;}&#10;    domain: &quot;syntax&quot;&#10;    ignored: [&quot;examples&quot;]&#10;warning: the following keywords are unknown and will be ignored: [examples]&#10;    level: &quot;warning&quot;&#10;    schema: {&quot;loadingURI&quot;:&quot;#&quot;,&quot;pointer&quot;:&quot;/items/properties/id&quot;}&#10;    domain: &quot;syntax&quot;&#10;    ignored: [&quot;examples&quot;]&#10;warning: the following keywords are unknown and will be ignored: [examples]&#10;    level: &quot;warning&quot;&#10;    schema: {&quot;loadingURI&quot;:&quot;#&quot;,&quot;pointer&quot;:&quot;/items/properties/nome&quot;}&#10;    domain: &quot;syntax&quot;&#10;    ignored: [&quot;examples&quot;]&#10;warning: the following keywords are unknown and will be ignored: [examples]&#10;    level: &quot;warning&quot;&#10;    schema: {&quot;loadingURI&quot;:&quot;#&quot;,&quot;pointer&quot;:&quot;/items/properties/parcelas&quot;}&#10;    domain: &quot;syntax&quot;&#10;    ignored: [&quot;examples&quot;]&#10;warning: the following keywords are unknown and will be ignored: [examples]&#10;    level: &quot;warning&quot;&#10;    schema: {&quot;loadingURI&quot;:&quot;#&quot;,&quot;pointer&quot;:&quot;/items/properties/seguro&quot;}&#10;    domain: &quot;syntax&quot;&#10;    ignored: [&quot;examples&quot;]&#10;warning: the following keywords are unknown and will be ignored: [examples]&#10;    level: &quot;warning&quot;&#10;    schema: {&quot;loadingURI&quot;:&quot;#&quot;,&quot;pointer&quot;:&quot;/items/properties/valor&quot;}&#10;    domain: &quot;syntax&quot;&#10;    ignored: [&quot;examples&quot;]&#10;warning: the following keywords are unknown and will be ignored: [examples]&#10;    level: &quot;warning&quot;&#10;    schema: {&quot;loadingURI&quot;:&quot;#&quot;,&quot;pointer&quot;:&quot;/items&quot;}&#10;    domain: &quot;syntax&quot;&#10;    ignored: [&quot;examples&quot;]&#10;warning: the following keywords are unknown and will be ignored: [examples]&#10;    level: &quot;warning&quot;&#10;    schema: {&quot;loadingURI&quot;:&quot;#&quot;,&quot;pointer&quot;:&quot;/items/properties/cpf&quot;}&#10;    domain: &quot;syntax&quot;&#10;    ignored: [&quot;examples&quot;]&#10;warning: the following keywords are unknown and will be ignored: [examples]&#10;    level: &quot;warning&quot;&#10;    schema: {&quot;loadingURI&quot;:&quot;#&quot;,&quot;pointer&quot;:&quot;/items/properties/email&quot;}&#10;    domain: &quot;syntax&quot;&#10;    ignored: [&quot;examples&quot;]&#10;warning: the following keywords are unknown and will be ignored: [examples]&#10;    level: &quot;warning&quot;&#10;    schema: {&quot;loadingURI&quot;:&quot;#&quot;,&quot;pointer&quot;:&quot;/items/properties/id&quot;}&#10;    domain: &quot;syntax&quot;&#10;    ignored: [&quot;examples&quot;]&#10;warning: the following keywords are unknown and will be ignored: [examples]&#10;    level: &quot;warning&quot;&#10;    schema: {&quot;loadingURI&quot;:&quot;#&quot;,&quot;pointer&quot;:&quot;/items/properties/nome&quot;}&#10;    domain: &quot;syntax&quot;&#10;    ignored: [&quot;examples&quot;]&#10;warning: the following keywords are unknown and will be ignored: [examples]&#10;    level: &quot;warning&quot;&#10;    schema: {&quot;loadingURI&quot;:&quot;#&quot;,&quot;pointer&quot;:&quot;/items/properties/parcelas&quot;}&#10;    domain: &quot;syntax&quot;&#10;    ignored: [&quot;examples&quot;]&#10;warning: the following keywords are unknown and will be ignored: [examples]&#10;    level: &quot;warning&quot;&#10;    schema: {&quot;loadingURI&quot;:&quot;#&quot;,&quot;pointer&quot;:&quot;/items/properties/seguro&quot;}&#10;    domain: &quot;syntax&quot;&#10;    ignored: [&quot;examples&quot;]&#10;warning: the following keywords are unknown and will be ignored: [examples]&#10;    level: &quot;warning&quot;&#10;    schema: {&quot;loadingURI&quot;:&quot;#&quot;,&quot;pointer&quot;:&quot;/items/properties/valor&quot;}&#10;    domain: &quot;syntax&quot;&#10;    ignored: [&quot;examples&quot;]&#10;warning: the following keywords are unknown and will be ignored: [examples]&#10;    level: &quot;warning&quot;&#10;    schema: {&quot;loadingURI&quot;:&quot;#&quot;,&quot;pointer&quot;:&quot;/items&quot;}&#10;    domain: &quot;syntax&quot;&#10;    ignored: [&quot;examples&quot;]&#10;warning: the following keywords are unknown and will be ignored: [examples]&#10;    level: &quot;warning&quot;&#10;    schema: {&quot;loadingURI&quot;:&quot;#&quot;,&quot;pointer&quot;:&quot;/items/properties/cpf&quot;}&#10;    domain: &quot;syntax&quot;&#10;    ignored: [&quot;examples&quot;]&#10;warning: the following keywords are unknown and will be ignored: [examples]&#10;    level: &quot;warning&quot;&#10;    schema: {&quot;loadingURI&quot;:&quot;#&quot;,&quot;pointer&quot;:&quot;/items/properties/email&quot;}&#10;    domain: &quot;syntax&quot;&#10;    ignored: [&quot;examples&quot;]&#10;warning: the following keywords are unknown and will be ignored: [examples]&#10;    level: &quot;warning&quot;&#10;    schema: {&quot;loadingURI&quot;:&quot;#&quot;,&quot;pointer&quot;:&quot;/items/properties/id&quot;}&#10;    domain: &quot;syntax&quot;&#10;    ignored: [&quot;examples&quot;]&#10;warning: the following keywords are unknown and will be ignored: [examples]&#10;    level: &quot;warning&quot;&#10;    schema: {&quot;loadingURI&quot;:&quot;#&quot;,&quot;pointer&quot;:&quot;/items/properties/nome&quot;}&#10;    domain: &quot;syntax&quot;&#10;    ignored: [&quot;examples&quot;]&#10;warning: the following keywords are unknown and will be ignored: [examples]&#10;    level: &quot;warning&quot;&#10;    schema: {&quot;loadingURI&quot;:&quot;#&quot;,&quot;pointer&quot;:&quot;/items/properties/parcelas&quot;}&#10;    domain: &quot;syntax&quot;&#10;    ignored: [&quot;examples&quot;]&#10;warning: the following keywords are unknown and will be ignored: [examples]&#10;    level: &quot;warning&quot;&#10;    schema: {&quot;loadingURI&quot;:&quot;#&quot;,&quot;pointer&quot;:&quot;/items/properties/seguro&quot;}&#10;    domain: &quot;syntax&quot;&#10;    ignored: [&quot;examples&quot;]&#10;warning: the following keywords are unknown and will be ignored: [examples]&#10;    level: &quot;warning&quot;&#10;    schema: {&quot;loadingURI&quot;:&quot;#&quot;,&quot;pointer&quot;:&quot;/items/properties/valor&quot;}&#10;    domain: &quot;syntax&quot;&#10;    ignored: [&quot;examples&quot;]&#10;warning: the following keywords are unknown and will be ignored: [examples]&#10;    level: &quot;warning&quot;&#10;    schema: {&quot;loadingURI&quot;:&quot;#&quot;,&quot;pointer&quot;:&quot;/items&quot;}&#10;    domain: &quot;syntax&quot;&#10;    ignored: [&quot;examples&quot;]&#10;warning: the following keywords are unknown and will be ignored: [examples]&#10;    level: &quot;warning&quot;&#10;    schema: {&quot;loadingURI&quot;:&quot;#&quot;,&quot;pointer&quot;:&quot;/items/properties/cpf&quot;}&#10;    domain: &quot;syntax&quot;&#10;    ignored: [&quot;examples&quot;]&#10;warning: the following keywords are unknown and will be ignored: [examples]&#10;    level: &quot;warning&quot;&#10;    schema: {&quot;loadingURI&quot;:&quot;#&quot;,&quot;pointer&quot;:&quot;/items/properties/email&quot;}&#10;    domain: &quot;syntax&quot;&#10;    ignored: [&quot;examples&quot;]&#10;warning: the following keywords are unknown and will be ignored: [examples]&#10;    level: &quot;warning&quot;&#10;    schema: {&quot;loadingURI&quot;:&quot;#&quot;,&quot;pointer&quot;:&quot;/items/properties/id&quot;}&#10;    domain: &quot;syntax&quot;&#10;    ignored: [&quot;examples&quot;]&#10;warning: the following keywords are unknown and will be ignored: [examples]&#10;    level: &quot;warning&quot;&#10;    schema: {&quot;loadingURI&quot;:&quot;#&quot;,&quot;pointer&quot;:&quot;/items/properties/nome&quot;}&#10;    domain: &quot;syntax&quot;&#10;    ignored: [&quot;examples&quot;]&#10;warning: the following keywords are unknown and will be ignored: [examples]&#10;    level: &quot;warning&quot;&#10;    schema: {&quot;loadingURI&quot;:&quot;#&quot;,&quot;pointer&quot;:&quot;/items/properties/parcelas&quot;}&#10;    domain: &quot;syntax&quot;&#10;    ignored: [&quot;examples&quot;]&#10;warning: the following keywords are unknown and will be ignored: [examples]&#10;    level: &quot;warning&quot;&#10;    schema: {&quot;loadingURI&quot;:&quot;#&quot;,&quot;pointer&quot;:&quot;/items/properties/seguro&quot;}&#10;    domain: &quot;syntax&quot;&#10;    ignored: [&quot;examples&quot;]&#10;warning: the following keywords are unknown and will be ignored: [examples]&#10;    level: &quot;warning&quot;&#10;    schema: {&quot;loadingURI&quot;:&quot;#&quot;,&quot;pointer&quot;:&quot;/items/properties/valor&quot;}&#10;    domain: &quot;syntax&quot;&#10;    ignored: [&quot;examples&quot;]&#10;warning: the following keywords are unknown and will be ignored: [examples]&#10;    level: &quot;warning&quot;&#10;    schema: {&quot;loadingURI&quot;:&quot;#&quot;,&quot;pointer&quot;:&quot;/items&quot;}&#10;    domain: &quot;syntax&quot;&#10;    ignored: [&quot;examples&quot;]&#10;warning: the following keywords are unknown and will be ignored: [examples]&#10;    level: &quot;warning&quot;&#10;    schema: {&quot;loadingURI&quot;:&quot;#&quot;,&quot;pointer&quot;:&quot;/items/properties/cpf&quot;}&#10;    domain: &quot;syntax&quot;&#10;    ignored: [&quot;examples&quot;]&#10;warning: the following keywords are unknown and will be ignored: [examples]&#10;    level: &quot;warning&quot;&#10;    schema: {&quot;loadingURI&quot;:&quot;#&quot;,&quot;pointer&quot;:&quot;/items/properties/email&quot;}&#10;    domain: &quot;syntax&quot;&#10;    ignored: [&quot;examples&quot;]&#10;warning: the following keywords are unknown and will be ignored: [examples]&#10;    level: &quot;warning&quot;&#10;    schema: {&quot;loadingURI&quot;:&quot;#&quot;,&quot;pointer&quot;:&quot;/items/properties/id&quot;}&#10;    domain: &quot;syntax&quot;&#10;    ignored: [&quot;examples&quot;]&#10;warning: the following keywords are unknown and will be ignored: [examples]&#10;    level: &quot;warning&quot;&#10;    schema: {&quot;loadingURI&quot;:&quot;#&quot;,&quot;pointer&quot;:&quot;/items/properties/nome&quot;}&#10;    domain: &quot;syntax&quot;&#10;    ignored: [&quot;examples&quot;]&#10;warning: the following keywords are unknown and will be ignored: [examples]&#10;    level: &quot;warning&quot;&#10;    schema: {&quot;loadingURI&quot;:&quot;#&quot;,&quot;pointer&quot;:&quot;/items/properties/parcelas&quot;}&#10;    domain: &quot;syntax&quot;&#10;    ignored: [&quot;examples&quot;]&#10;warning: the following keywords are unknown and will be ignored: [examples]&#10;    level: &quot;warning&quot;&#10;    schema: {&quot;loadingURI&quot;:&quot;#&quot;,&quot;pointer&quot;:&quot;/items/properties/seguro&quot;}&#10;    domain: &quot;syntax&quot;&#10;    ignored: [&quot;examples&quot;]&#10;warning: the following keywords are unknown and will be ignored: [examples]&#10;    level: &quot;warning&quot;&#10;    schema: {&quot;loadingURI&quot;:&quot;#&quot;,&quot;pointer&quot;:&quot;/items/properties/valor&quot;}&#10;    domain: &quot;syntax&quot;&#10;    ignored: [&quot;examples&quot;]&#10;warning: the following keywords are unknown and will be ignored: [examples]&#10;    level: &quot;warning&quot;&#10;    schema: {&quot;loadingURI&quot;:&quot;#&quot;,&quot;pointer&quot;:&quot;/items&quot;}&#10;    domain: &quot;syntax&quot;&#10;    ignored: [&quot;examples&quot;]&#10;warning: the following keywords are unknown and will be ignored: [examples]&#10;    level: &quot;warning&quot;&#10;    schema: {&quot;loadingURI&quot;:&quot;#&quot;,&quot;pointer&quot;:&quot;/items/properties/cpf&quot;}&#10;    domain: &quot;syntax&quot;&#10;    ignored: [&quot;examples&quot;]&#10;warning: the following keywords are unknown and will be ignored: [examples]&#10;    level: &quot;warning&quot;&#10;    schema: {&quot;loadingURI&quot;:&quot;#&quot;,&quot;pointer&quot;:&quot;/items/properties/email&quot;}&#10;    domain: &quot;syntax&quot;&#10;    ignored: [&quot;examples&quot;]&#10;warning: the following keywords are unknown and will be ignored: [examples]&#10;    level: &quot;warning&quot;&#10;    schema: {&quot;loadingURI&quot;:&quot;#&quot;,&quot;pointer&quot;:&quot;/items/properties/id&quot;}&#10;    domain: &quot;syntax&quot;&#10;    ignored: [&quot;examples&quot;]&#10;warning: the following keywords are unknown and will be ignored: [examples]&#10;    level: &quot;warning&quot;&#10;    schema: {&quot;loadingURI&quot;:&quot;#&quot;,&quot;pointer&quot;:&quot;/items/properties/nome&quot;}&#10;    domain: &quot;syntax&quot;&#10;    ignored: [&quot;examples&quot;]&#10;warning: the following keywords are unknown and will be ignored: [examples]&#10;    level: &quot;warning&quot;&#10;    schema: {&quot;loadingURI&quot;:&quot;#&quot;,&quot;pointer&quot;:&quot;/items/properties/parcelas&quot;}&#10;    domain: &quot;syntax&quot;&#10;    ignored: [&quot;examples&quot;]&#10;warning: the following keywords are unknown and will be ignored: [examples]&#10;    level: &quot;warning&quot;&#10;    schema: {&quot;loadingURI&quot;:&quot;#&quot;,&quot;pointer&quot;:&quot;/items/properties/seguro&quot;}&#10;    domain: &quot;syntax&quot;&#10;    ignored: [&quot;examples&quot;]&#10;warning: the following keywords are unknown and will be ignored: [examples]&#10;    level: &quot;warning&quot;&#10;    schema: {&quot;loadingURI&quot;:&quot;#&quot;,&quot;pointer&quot;:&quot;/items/properties/valor&quot;}&#10;    domain: &quot;syntax&quot;&#10;    ignored: [&quot;examples&quot;]&#10;warning: the following keywords are unknown and will be ignored: [examples]&#10;    level: &quot;warning&quot;&#10;    schema: {&quot;loadingURI&quot;:&quot;#&quot;,&quot;pointer&quot;:&quot;/items&quot;}&#10;    domain: &quot;syntax&quot;&#10;    ignored: [&quot;examples&quot;]&#10;warning: the following keywords are unknown and will be ignored: [examples]&#10;    level: &quot;warning&quot;&#10;    schema: {&quot;loadingURI&quot;:&quot;#&quot;,&quot;pointer&quot;:&quot;/items/properties/cpf&quot;}&#10;    domain: &quot;syntax&quot;&#10;    ignored: [&quot;examples&quot;]&#10;warning: the following keywords are unknown and will be ignored: [examples]&#10;    level: &quot;warning&quot;&#10;    schema: {&quot;loadingURI&quot;:&quot;#&quot;,&quot;pointer&quot;:&quot;/items/properties/email&quot;}&#10;    domain: &quot;syntax&quot;&#10;    ignored: [&quot;examples&quot;]&#10;warning: the following keywords are unknown and will be ignored: [examples]&#10;    level: &quot;warning&quot;&#10;    schema: {&quot;loadingURI&quot;:&quot;#&quot;,&quot;pointer&quot;:&quot;/items/properties/id&quot;}&#10;    domain: &quot;syntax&quot;&#10;    ignored: [&quot;examples&quot;]&#10;warning: the following keywords are unknown and will be ignored: [examples]&#10;    level: &quot;warning&quot;&#10;    schema: {&quot;loadingURI&quot;:&quot;#&quot;,&quot;pointer&quot;:&quot;/items/properties/nome&quot;}&#10;    domain: &quot;syntax&quot;&#10;    ignored: [&quot;examples&quot;]&#10;warning: the following keywords are unknown and will be ignored: [examples]&#10;    level: &quot;warning&quot;&#10;    schema: {&quot;loadingURI&quot;:&quot;#&quot;,&quot;pointer&quot;:&quot;/items/properties/parcelas&quot;}&#10;    domain: &quot;syntax&quot;&#10;    ignored: [&quot;examples&quot;]&#10;warning: the following keywords are unknown and will be ignored: [examples]&#10;    level: &quot;warning&quot;&#10;    schema: {&quot;loadingURI&quot;:&quot;#&quot;,&quot;pointer&quot;:&quot;/items/properties/seguro&quot;}&#10;    domain: &quot;syntax&quot;&#10;    ignored: [&quot;examples&quot;]&#10;warning: the following keywords are unknown and will be ignored: [examples]&#10;    level: &quot;warning&quot;&#10;    schema: {&quot;loadingURI&quot;:&quot;#&quot;,&quot;pointer&quot;:&quot;/items/properties/valor&quot;}&#10;    domain: &quot;syntax&quot;&#10;    ignored: [&quot;examples&quot;]&#10;warning: the following keywords are unknown and will be ignored: [examples]&#10;    level: &quot;warning&quot;&#10;    schema: {&quot;loadingURI&quot;:&quot;#&quot;,&quot;pointer&quot;:&quot;/items&quot;}&#10;    domain: &quot;syntax&quot;&#10;    ignored: [&quot;examples&quot;]&#10;warning: the following keywords are unknown and will be ignored: [examples]&#10;    level: &quot;warning&quot;&#10;    schema: {&quot;loadingURI&quot;:&quot;#&quot;,&quot;pointer&quot;:&quot;/items/properties/cpf&quot;}&#10;    domain: &quot;syntax&quot;&#10;    ignored: [&quot;examples&quot;]&#10;warning: the following keywords are unknown and will be ignored: [examples]&#10;    level: &quot;warning&quot;&#10;    schema: {&quot;loadingURI&quot;:&quot;#&quot;,&quot;pointer&quot;:&quot;/items/properties/email&quot;}&#10;    domain: &quot;syntax&quot;&#10;    ignored: [&quot;examples&quot;]&#10;warning: the following keywords are unknown and will be ignored: [examples]&#10;    level: &quot;warning&quot;&#10;    schema: {&quot;loadingURI&quot;:&quot;#&quot;,&quot;pointer&quot;:&quot;/items/properties/id&quot;}&#10;    domain: &quot;syntax&quot;&#10;    ignored: [&quot;examples&quot;]&#10;warning: the following keywords are unknown and will be ignored: [examples]&#10;    level: &quot;warning&quot;&#10;    schema: {&quot;loadingURI&quot;:&quot;#&quot;,&quot;pointer&quot;:&quot;/items/properties/nome&quot;}&#10;    domain: &quot;syntax&quot;&#10;    ignored: [&quot;examples&quot;]&#10;warning: the following keywords are unknown and will be ignored: [examples]&#10;    level: &quot;warning&quot;&#10;    schema: {&quot;loadingURI&quot;:&quot;#&quot;,&quot;pointer&quot;:&quot;/items/properties/parcelas&quot;}&#10;    domain: &quot;syntax&quot;&#10;    ignored: [&quot;examples&quot;]&#10;warning: the following keywords are unknown and will be ignored: [examples]&#10;    level: &quot;warning&quot;&#10;    schema: {&quot;loadingURI&quot;:&quot;#&quot;,&quot;pointer&quot;:&quot;/items/properties/seguro&quot;}&#10;    domain: &quot;syntax&quot;&#10;    ignored: [&quot;examples&quot;]&#10;warning: the following keywords are unknown and will be ignored: [examples]&#10;    level: &quot;warning&quot;&#10;    schema: {&quot;loadingURI&quot;:&quot;#&quot;,&quot;pointer&quot;:&quot;/items/properties/valor&quot;}&#10;    domain: &quot;syntax&quot;&#10;    ignored: [&quot;examples&quot;]&#10;warning: the following keywords are unknown and will be ignored: [examples]&#10;    level: &quot;warning&quot;&#10;    schema: {&quot;loadingURI&quot;:&quot;#&quot;,&quot;pointer&quot;:&quot;/items&quot;}&#10;    domain: &quot;syntax&quot;&#10;    ignored: [&quot;examples&quot;]&#10;warning: the following keywords are unknown and will be ignored: [examples]&#10;    level: &quot;warning&quot;&#10;    schema: {&quot;loadingURI&quot;:&quot;#&quot;,&quot;pointer&quot;:&quot;/items/properties/cpf&quot;}&#10;    domain: &quot;syntax&quot;&#10;    ignored: [&quot;examples&quot;]&#10;warning: the following keywords are unknown and will be ignored: [examples]&#10;    level: &quot;warning&quot;&#10;    schema: {&quot;loadingURI&quot;:&quot;#&quot;,&quot;pointer&quot;:&quot;/items/properties/email&quot;}&#10;    domain: &quot;syntax&quot;&#10;    ignored: [&quot;examples&quot;]&#10;warning: the following keywords are unknown and will be ignored: [examples]&#10;    level: &quot;warning&quot;&#10;    schema: {&quot;loadingURI&quot;:&quot;#&quot;,&quot;pointer&quot;:&quot;/items/properties/id&quot;}&#10;    domain: &quot;syntax&quot;&#10;    ignored: [&quot;examples&quot;]&#10;warning: the following keywords are unknown and will be ignored: [examples]&#10;    level: &quot;warning&quot;&#10;    schema: {&quot;loadingURI&quot;:&quot;#&quot;,&quot;pointer&quot;:&quot;/items/properties/nome&quot;}&#10;    domain: &quot;syntax&quot;&#10;    ignored: [&quot;examples&quot;]&#10;warning: the following keywords are unknown and will be ignored: [examples]&#10;    level: &quot;warning&quot;&#10;    schema: {&quot;loadingURI&quot;:&quot;#&quot;,&quot;pointer&quot;:&quot;/items/properties/parcelas&quot;}&#10;    domain: &quot;syntax&quot;&#10;    ignored: [&quot;examples&quot;]&#10;warning: the following keywords are unknown and will be ignored: [examples]&#10;    level: &quot;warning&quot;&#10;    schema: {&quot;loadingURI&quot;:&quot;#&quot;,&quot;pointer&quot;:&quot;/items/properties/seguro&quot;}&#10;    domain: &quot;syntax&quot;&#10;    ignored: [&quot;examples&quot;]&#10;warning: the following keywords are unknown and will be ignored: [examples]&#10;    level: &quot;warning&quot;&#10;    schema: {&quot;loadingURI&quot;:&quot;#&quot;,&quot;pointer&quot;:&quot;/items/properties/valor&quot;}&#10;    domain: &quot;syntax&quot;&#10;    ignored: [&quot;examples&quot;]&#10;warning: the following keywords are unknown and will be ignored: [examples]&#10;    level: &quot;warning&quot;&#10;    schema: {&quot;loadingURI&quot;:&quot;#&quot;,&quot;pointer&quot;:&quot;/items&quot;}&#10;    domain: &quot;syntax&quot;&#10;    ignored: [&quot;examples&quot;]&#10;warning: the following keywords are unknown and will be ignored: [examples]&#10;    level: &quot;warning&quot;&#10;    schema: {&quot;loadingURI&quot;:&quot;#&quot;,&quot;pointer&quot;:&quot;/items/properties/cpf&quot;}&#10;    domain: &quot;syntax&quot;&#10;    ignored: [&quot;examples&quot;]&#10;warning: the following keywords are unknown and will be ignored: [examples]&#10;    level: &quot;warning&quot;&#10;    schema: {&quot;loadingURI&quot;:&quot;#&quot;,&quot;pointer&quot;:&quot;/items/properties/email&quot;}&#10;    domain: &quot;syntax&quot;&#10;    ignored: [&quot;examples&quot;]&#10;warning: the following keywords are unknown and will be ignored: [examples]&#10;    level: &quot;warning&quot;&#10;    schema: {&quot;loadingURI&quot;:&quot;#&quot;,&quot;pointer&quot;:&quot;/items/properties/id&quot;}&#10;    domain: &quot;syntax&quot;&#10;    ignored: [&quot;examples&quot;]&#10;warning: the following keywords are unknown and will be ignored: [examples]&#10;    level: &quot;warning&quot;&#10;    schema: {&quot;loadingURI&quot;:&quot;#&quot;,&quot;pointer&quot;:&quot;/items/properties/nome&quot;}&#10;    domain: &quot;syntax&quot;&#10;    ignored: [&quot;examples&quot;]&#10;warning: the following keywords are unknown and will be ignored: [examples]&#10;    level: &quot;warning&quot;&#10;    schema: {&quot;loadingURI&quot;:&quot;#&quot;,&quot;pointer&quot;:&quot;/items/properties/parcelas&quot;}&#10;    domain: &quot;syntax&quot;&#10;    ignored: [&quot;examples&quot;]&#10;warning: the following keywords are unknown and will be ignored: [examples]&#10;    level: &quot;warning&quot;&#10;    schema: {&quot;loadingURI&quot;:&quot;#&quot;,&quot;pointer&quot;:&quot;/items/properties/seguro&quot;}&#10;    domain: &quot;syntax&quot;&#10;    ignored: [&quot;examples&quot;]&#10;warning: the following keywords are unknown and will be ignored: [examples]&#10;    level: &quot;warning&quot;&#10;    schema: {&quot;loadingURI&quot;:&quot;#&quot;,&quot;pointer&quot;:&quot;/items/properties/valor&quot;}&#10;    domain: &quot;syntax&quot;&#10;    ignored: [&quot;examples&quot;]&#10;warning: the following keywords are unknown and will be ignored: [examples]&#10;    level: &quot;warning&quot;&#10;    schema: {&quot;loadingURI&quot;:&quot;#&quot;,&quot;pointer&quot;:&quot;/items&quot;}&#10;    domain: &quot;syntax&quot;&#10;    ignored: [&quot;examples&quot;]&#10;warning: the following keywords are unknown and will be ignored: [examples]&#10;    level: &quot;warning&quot;&#10;    schema: {&quot;loadingURI&quot;:&quot;#&quot;,&quot;pointer&quot;:&quot;/items/properties/cpf&quot;}&#10;    domain: &quot;syntax&quot;&#10;    ignored: [&quot;examples&quot;]&#10;warning: the following keywords are unknown and will be ignored: [examples]&#10;    level: &quot;warning&quot;&#10;    schema: {&quot;loadingURI&quot;:&quot;#&quot;,&quot;pointer&quot;:&quot;/items/properties/email&quot;}&#10;    domain: &quot;syntax&quot;&#10;    ignored: [&quot;examples&quot;]&#10;warning: the following keywords are unknown and will be ignored: [examples]&#10;    level: &quot;warning&quot;&#10;    schema: {&quot;loadingURI&quot;:&quot;#&quot;,&quot;pointer&quot;:&quot;/items/properties/id&quot;}&#10;    domain: &quot;syntax&quot;&#10;    ignored: [&quot;examples&quot;]&#10;warning: the following keywords are unknown and will be ignored: [examples]&#10;    level: &quot;warning&quot;&#10;    schema: {&quot;loadingURI&quot;:&quot;#&quot;,&quot;pointer&quot;:&quot;/items/properties/nome&quot;}&#10;    domain: &quot;syntax&quot;&#10;    ignored: [&quot;examples&quot;]&#10;warning: the following keywords are unknown and will be ignored: [examples]&#10;    level: &quot;warning&quot;&#10;    schema: {&quot;loadingURI&quot;:&quot;#&quot;,&quot;pointer&quot;:&quot;/items/properties/parcelas&quot;}&#10;    domain: &quot;syntax&quot;&#10;    ignored: [&quot;examples&quot;]&#10;warning: the following keywords are unknown and will be ignored: [examples]&#10;    level: &quot;warning&quot;&#10;    schema: {&quot;loadingURI&quot;:&quot;#&quot;,&quot;pointer&quot;:&quot;/items/properties/seguro&quot;}&#10;    domain: &quot;syntax&quot;&#10;    ignored: [&quot;examples&quot;]&#10;warning: the following keywords are unknown and will be ignored: [examples]&#10;    level: &quot;warning&quot;&#10;    schema: {&quot;loadingURI&quot;:&quot;#&quot;,&quot;pointer&quot;:&quot;/items/properties/valor&quot;}&#10;    domain: &quot;syntax&quot;&#10;    ignored: [&quot;examples&quot;]&#10;warning: the following keywords are unknown and will be ignored: [examples]&#10;    level: &quot;warning&quot;&#10;    schema: {&quot;loadingURI&quot;:&quot;#&quot;,&quot;pointer&quot;:&quot;/items&quot;}&#10;    domain: &quot;syntax&quot;&#10;    ignored: [&quot;examples&quot;]&#10;warning: the following keywords are unknown and will be ignored: [examples]&#10;    level: &quot;warning&quot;&#10;    schema: {&quot;loadingURI&quot;:&quot;#&quot;,&quot;pointer&quot;:&quot;/items/properties/cpf&quot;}&#10;    domain: &quot;syntax&quot;&#10;    ignored: [&quot;examples&quot;]&#10;warning: the following keywords are unknown and will be ignored: [examples]&#10;    level: &quot;warning&quot;&#10;    schema: {&quot;loadingURI&quot;:&quot;#&quot;,&quot;pointer&quot;:&quot;/items/properties/email&quot;}&#10;    domain: &quot;syntax&quot;&#10;    ignored: [&quot;examples&quot;]&#10;warning: the following keywords are unknown and will be ignored: [examples]&#10;    level: &quot;warning&quot;&#10;    schema: {&quot;loadingURI&quot;:&quot;#&quot;,&quot;pointer&quot;:&quot;/items/properties/id&quot;}&#10;    domain: &quot;syntax&quot;&#10;    ignored: [&quot;examples&quot;]&#10;warning: the following keywords are unknown and will be ignored: [examples]&#10;    level: &quot;warning&quot;&#10;    schema: {&quot;loadingURI&quot;:&quot;#&quot;,&quot;pointer&quot;:&quot;/items/properties/nome&quot;}&#10;    domain: &quot;syntax&quot;&#10;    ignored: [&quot;examples&quot;]&#10;warning: the following keywords are unknown and will be ignored: [examples]&#10;    level: &quot;warning&quot;&#10;    schema: {&quot;loadingURI&quot;:&quot;#&quot;,&quot;pointer&quot;:&quot;/items/properties/parcelas&quot;}&#10;    domain: &quot;syntax&quot;&#10;    ignored: [&quot;examples&quot;]&#10;warning: the following keywords are unknown and will be ignored: [examples]&#10;    level: &quot;warning&quot;&#10;    schema: {&quot;loadingURI&quot;:&quot;#&quot;,&quot;pointer&quot;:&quot;/items/properties/seguro&quot;}&#10;    domain: &quot;syntax&quot;&#10;    ignored: [&quot;examples&quot;]&#10;warning: the following keywords are unknown and will be ignored: [examples]&#10;    level: &quot;warning&quot;&#10;    schema: {&quot;loadingURI&quot;:&quot;#&quot;,&quot;pointer&quot;:&quot;/items/properties/valor&quot;}&#10;    domain: &quot;syntax&quot;&#10;    ignored: [&quot;examples&quot;]&#10;warning: the following keywords are unknown and will be ignored: [examples]&#10;    level: &quot;warning&quot;&#10;    schema: {&quot;loadingURI&quot;:&quot;#&quot;,&quot;pointer&quot;:&quot;/items&quot;}&#10;    domain: &quot;syntax&quot;&#10;    ignored: [&quot;examples&quot;]&#10;warning: the following keywords are unknown and will be ignored: [examples]&#10;    level: &quot;warning&quot;&#10;    schema: {&quot;loadingURI&quot;:&quot;#&quot;,&quot;pointer&quot;:&quot;/items/properties/cpf&quot;}&#10;    domain: &quot;syntax&quot;&#10;    ignored: [&quot;examples&quot;]&#10;warning: the following keywords are unknown and will be ignored: [examples]&#10;    level: &quot;warning&quot;&#10;    schema: {&quot;loadingURI&quot;:&quot;#&quot;,&quot;pointer&quot;:&quot;/items/properties/email&quot;}&#10;    domain: &quot;syntax&quot;&#10;    ignored: [&quot;examples&quot;]&#10;warning: the following keywords are unknown and will be ignored: [examples]&#10;    level: &quot;warning&quot;&#10;    schema: {&quot;loadingURI&quot;:&quot;#&quot;,&quot;pointer&quot;:&quot;/items/properties/id&quot;}&#10;    domain: &quot;syntax&quot;&#10;    ignored: [&quot;examples&quot;]&#10;warning: the following keywords are unknown and will be ignored: [examples]&#10;    level: &quot;warning&quot;&#10;    schema: {&quot;loadingURI&quot;:&quot;#&quot;,&quot;pointer&quot;:&quot;/items/properties/nome&quot;}&#10;    domain: &quot;syntax&quot;&#10;    ignored: [&quot;examples&quot;]&#10;warning: the following keywords are unknown and will be ignored: [examples]&#10;    level: &quot;warning&quot;&#10;    schema: {&quot;loadingURI&quot;:&quot;#&quot;,&quot;pointer&quot;:&quot;/items/properties/parcelas&quot;}&#10;    domain: &quot;syntax&quot;&#10;    ignored: [&quot;examples&quot;]&#10;warning: the following keywords are unknown and will be ignored: [examples]&#10;    level: &quot;warning&quot;&#10;    schema: {&quot;loadingURI&quot;:&quot;#&quot;,&quot;pointer&quot;:&quot;/items/properties/seguro&quot;}&#10;    domain: &quot;syntax&quot;&#10;    ignored: [&quot;examples&quot;]&#10;warning: the following keywords are unknown and will be ignored: [examples]&#10;    level: &quot;warning&quot;&#10;    schema: {&quot;loadingURI&quot;:&quot;#&quot;,&quot;pointer&quot;:&quot;/items/properties/valor&quot;}&#10;    domain: &quot;syntax&quot;&#10;    ignored: [&quot;examples&quot;]&#10;warning: the following keywords are unknown and will be ignored: [examples]&#10;    level: &quot;warning&quot;&#10;    schema: {&quot;loadingURI&quot;:&quot;#&quot;,&quot;pointer&quot;:&quot;/items&quot;}&#10;    domain: &quot;syntax&quot;&#10;    ignored: [&quot;examples&quot;]&#10;warning: the following keywords are unknown and will be ignored: [examples]&#10;    level: &quot;warning&quot;&#10;    schema: {&quot;loadingURI&quot;:&quot;#&quot;,&quot;pointer&quot;:&quot;/items/properties/cpf&quot;}&#10;    domain: &quot;syntax&quot;&#10;    ignored: [&quot;examples&quot;]&#10;warning: the following keywords are unknown and will be ignored: [examples]&#10;    level: &quot;warning&quot;&#10;    schema: {&quot;loadingURI&quot;:&quot;#&quot;,&quot;pointer&quot;:&quot;/items/properties/email&quot;}&#10;    domain: &quot;syntax&quot;&#10;    ignored: [&quot;examples&quot;]&#10;warning: the following keywords are unknown and will be ignored: [examples]&#10;    level: &quot;warning&quot;&#10;    schema: {&quot;loadingURI&quot;:&quot;#&quot;,&quot;pointer&quot;:&quot;/items/properties/id&quot;}&#10;    domain: &quot;syntax&quot;&#10;    ignored: [&quot;examples&quot;]&#10;warning: the following keywords are unknown and will be ignored: [examples]&#10;    level: &quot;warning&quot;&#10;    schema: {&quot;loadingURI&quot;:&quot;#&quot;,&quot;pointer&quot;:&quot;/items/properties/nome&quot;}&#10;    domain: &quot;syntax&quot;&#10;    ignored: [&quot;examples&quot;]&#10;warning: the following keywords are unknown and will be ignored: [examples]&#10;    level: &quot;warning&quot;&#10;    schema: {&quot;loadingURI&quot;:&quot;#&quot;,&quot;pointer&quot;:&quot;/items/properties/parcelas&quot;}&#10;    domain: &quot;syntax&quot;&#10;    ignored: [&quot;examples&quot;]&#10;warning: the following keywords are unknown and will be ignored: [examples]&#10;    level: &quot;warning&quot;&#10;    schema: {&quot;loadingURI&quot;:&quot;#&quot;,&quot;pointer&quot;:&quot;/items/properties/seguro&quot;}&#10;    domain: &quot;syntax&quot;&#10;    ignored: [&quot;examples&quot;]&#10;warning: the following keywords are unknown and will be ignored: [examples]&#10;    level: &quot;warning&quot;&#10;    schema: {&quot;loadingURI&quot;:&quot;#&quot;,&quot;pointer&quot;:&quot;/items/properties/valor&quot;}&#10;    domain: &quot;syntax&quot;&#10;    ignored: [&quot;examples&quot;]&#10;warning: the following keywords are unknown and will be ignored: [examples]&#10;    level: &quot;warning&quot;&#10;    schema: {&quot;loadingURI&quot;:&quot;#&quot;,&quot;pointer&quot;:&quot;/items&quot;}&#10;    domain: &quot;syntax&quot;&#10;    ignored: [&quot;examples&quot;]&#10;warning: the following keywords are unknown and will be ignored: [examples]&#10;    level: &quot;warning&quot;&#10;    schema: {&quot;loadingURI&quot;:&quot;#&quot;,&quot;pointer&quot;:&quot;/items/properties/cpf&quot;}&#10;    domain: &quot;syntax&quot;&#10;    ignored: [&quot;examples&quot;]&#10;warning: the following keywords are unknown and will be ignored: [examples]&#10;    level: &quot;warning&quot;&#10;    schema: {&quot;loadingURI&quot;:&quot;#&quot;,&quot;pointer&quot;:&quot;/items/properties/email&quot;}&#10;    domain: &quot;syntax&quot;&#10;    ignored: [&quot;examples&quot;]&#10;warning: the following keywords are unknown and will be ignored: [examples]&#10;    level: &quot;warning&quot;&#10;    schema: {&quot;loadingURI&quot;:&quot;#&quot;,&quot;pointer&quot;:&quot;/items/properties/id&quot;}&#10;    domain: &quot;syntax&quot;&#10;    ignored: [&quot;examples&quot;]&#10;warning: the following keywords are unknown and will be ignored: [examples]&#10;    level: &quot;warning&quot;&#10;    schema: {&quot;loadingURI&quot;:&quot;#&quot;,&quot;pointer&quot;:&quot;/items/properties/nome&quot;}&#10;    domain: &quot;syntax&quot;&#10;    ignored: [&quot;examples&quot;]&#10;warning: the following keywords are unknown and will be ignored: [examples]&#10;    level: &quot;warning&quot;&#10;    schema: {&quot;loadingURI&quot;:&quot;#&quot;,&quot;pointer&quot;:&quot;/items/properties/parcelas&quot;}&#10;    domain: &quot;syntax&quot;&#10;    ignored: [&quot;examples&quot;]&#10;warning: the following keywords are unknown and will be ignored: [examples]&#10;    level: &quot;warning&quot;&#10;    schema: {&quot;loadingURI&quot;:&quot;#&quot;,&quot;pointer&quot;:&quot;/items/properties/seguro&quot;}&#10;    domain: &quot;syntax&quot;&#10;    ignored: [&quot;examples&quot;]&#10;warning: the following keywords are unknown and will be ignored: [examples]&#10;    level: &quot;warning&quot;&#10;    schema: {&quot;loadingURI&quot;:&quot;#&quot;,&quot;pointer&quot;:&quot;/items/properties/valor&quot;}&#10;    domain: &quot;syntax&quot;&#10;    ignored: [&quot;examples&quot;]&#10;warning: the following keywords are unknown and will be ignored: [examples]&#10;    level: &quot;warning&quot;&#10;    schema: {&quot;loadingURI&quot;:&quot;#&quot;,&quot;pointer&quot;:&quot;/items&quot;}&#10;    domain: &quot;syntax&quot;&#10;    ignored: [&quot;examples&quot;]&#10;warning: the following keywords are unknown and will be ignored: [examples]&#10;    level: &quot;warning&quot;&#10;    schema: {&quot;loadingURI&quot;:&quot;#&quot;,&quot;pointer&quot;:&quot;/items/properties/cpf&quot;}&#10;    domain: &quot;syntax&quot;&#10;    ignored: [&quot;examples&quot;]&#10;warning: the following keywords are unknown and will be ignored: [examples]&#10;    level: &quot;warning&quot;&#10;    schema: {&quot;loadingURI&quot;:&quot;#&quot;,&quot;pointer&quot;:&quot;/items/properties/email&quot;}&#10;    domain: &quot;syntax&quot;&#10;    ignored: [&quot;examples&quot;]&#10;warning: the following keywords are unknown and will be ignored: [examples]&#10;    level: &quot;warning&quot;&#10;    schema: {&quot;loadingURI&quot;:&quot;#&quot;,&quot;pointer&quot;:&quot;/items/properties/id&quot;}&#10;    domain: &quot;syntax&quot;&#10;    ignored: [&quot;examples&quot;]&#10;warning: the following keywords are unknown and will be ignored: [examples]&#10;    level: &quot;warning&quot;&#10;    schema: {&quot;loadingURI&quot;:&quot;#&quot;,&quot;pointer&quot;:&quot;/items/properties/nome&quot;}&#10;    domain: &quot;syntax&quot;&#10;    ignored: [&quot;examples&quot;]&#10;warning: the following keywords are unknown and will be ignored: [examples]&#10;    level: &quot;warning&quot;&#10;    schema: {&quot;loadingURI&quot;:&quot;#&quot;,&quot;pointer&quot;:&quot;/items/properties/parcelas&quot;}&#10;    domain: &quot;syntax&quot;&#10;    ignored: [&quot;examples&quot;]&#10;warning: the following keywords are unknown and will be ignored: [examples]&#10;    level: &quot;warning&quot;&#10;    schema: {&quot;loadingURI&quot;:&quot;#&quot;,&quot;pointer&quot;:&quot;/items/properties/seguro&quot;}&#10;    domain: &quot;syntax&quot;&#10;    ignored: [&quot;examples&quot;]&#10;warning: the following keywords are unknown and will be ignored: [examples]&#10;    level: &quot;warning&quot;&#10;    schema: {&quot;loadingURI&quot;:&quot;#&quot;,&quot;pointer&quot;:&quot;/items/properties/valor&quot;}&#10;    domain: &quot;syntax&quot;&#10;    ignored: [&quot;examples&quot;]&#10;warning: the following keywords are unknown and will be ignored: [examples]&#10;    level: &quot;warning&quot;&#10;    schema: {&quot;loadingURI&quot;:&quot;#&quot;,&quot;pointer&quot;:&quot;/items&quot;}&#10;    domain: &quot;syntax&quot;&#10;    ignored: [&quot;examples&quot;]&#10;warning: the following keywords are unknown and will be ignored: [examples]&#10;    level: &quot;warning&quot;&#10;    schema: {&quot;loadingURI&quot;:&quot;#&quot;,&quot;pointer&quot;:&quot;/items/properties/cpf&quot;}&#10;    domain: &quot;syntax&quot;&#10;    ignored: [&quot;examples&quot;]&#10;warning: the following keywords are unknown and will be ignored: [examples]&#10;    level: &quot;warning&quot;&#10;    schema: {&quot;loadingURI&quot;:&quot;#&quot;,&quot;pointer&quot;:&quot;/items/properties/email&quot;}&#10;    domain: &quot;syntax&quot;&#10;    ignored: [&quot;examples&quot;]&#10;warning: the following keywords are unknown and will be ignored: [examples]&#10;    level: &quot;warning&quot;&#10;    schema: {&quot;loadingURI&quot;:&quot;#&quot;,&quot;pointer&quot;:&quot;/items/properties/id&quot;}&#10;    domain: &quot;syntax&quot;&#10;    ignored: [&quot;examples&quot;]&#10;warning: the following keywords are unknown and will be ignored: [examples]&#10;    level: &quot;warning&quot;&#10;    schema: {&quot;loadingURI&quot;:&quot;#&quot;,&quot;pointer&quot;:&quot;/items/properties/nome&quot;}&#10;    domain: &quot;syntax&quot;&#10;    ignored: [&quot;examples&quot;]&#10;warning: the following keywords are unknown and will be ignored: [examples]&#10;    level: &quot;warning&quot;&#10;    schema: {&quot;loadingURI&quot;:&quot;#&quot;,&quot;pointer&quot;:&quot;/items/properties/parcelas&quot;}&#10;    domain: &quot;syntax&quot;&#10;    ignored: [&quot;examples&quot;]&#10;warning: the following keywords are unknown and will be ignored: [examples]&#10;    level: &quot;warning&quot;&#10;    schema: {&quot;loadingURI&quot;:&quot;#&quot;,&quot;pointer&quot;:&quot;/items/properties/seguro&quot;}&#10;    domain: &quot;syntax&quot;&#10;    ignored: [&quot;examples&quot;]&#10;warning: the following keywords are unknown and will be ignored: [examples]&#10;    level: &quot;warning&quot;&#10;    schema: {&quot;loadingURI&quot;:&quot;#&quot;,&quot;pointer&quot;:&quot;/items/properties/valor&quot;}&#10;    domain: &quot;syntax&quot;&#10;    ignored: [&quot;examples&quot;]&#10;warning: the following keywords are unknown and will be ignored: [examples]&#10;    level: &quot;warning&quot;&#10;    schema: {&quot;loadingURI&quot;:&quot;#&quot;,&quot;pointer&quot;:&quot;/items&quot;}&#10;    domain: &quot;syntax&quot;&#10;    ignored: [&quot;examples&quot;]&#10;warning: the following keywords are unknown and will be ignored: [examples]&#10;    level: &quot;warning&quot;&#10;    schema: {&quot;loadingURI&quot;:&quot;#&quot;,&quot;pointer&quot;:&quot;/items/properties/cpf&quot;}&#10;    domain: &quot;syntax&quot;&#10;    ignored: [&quot;examples&quot;]&#10;warning: the following keywords are unknown and will be ignored: [examples]&#10;    level: &quot;warning&quot;&#10;    schema: {&quot;loadingURI&quot;:&quot;#&quot;,&quot;pointer&quot;:&quot;/items/properties/email&quot;}&#10;    domain: &quot;syntax&quot;&#10;    ignored: [&quot;examples&quot;]&#10;warning: the following keywords are unknown and will be ignored: [examples]&#10;    level: &quot;warning&quot;&#10;    schema: {&quot;loadingURI&quot;:&quot;#&quot;,&quot;pointer&quot;:&quot;/items/properties/id&quot;}&#10;    domain: &quot;syntax&quot;&#10;    ignored: [&quot;examples&quot;]&#10;warning: the following keywords are unknown and will be ignored: [examples]&#10;    level: &quot;warning&quot;&#10;    schema: {&quot;loadingURI&quot;:&quot;#&quot;,&quot;pointer&quot;:&quot;/items/properties/nome&quot;}&#10;    domain: &quot;syntax&quot;&#10;    ignored: [&quot;examples&quot;]&#10;warning: the following keywords are unknown and will be ignored: [examples]&#10;    level: &quot;warning&quot;&#10;    schema: {&quot;loadingURI&quot;:&quot;#&quot;,&quot;pointer&quot;:&quot;/items/properties/parcelas&quot;}&#10;    domain: &quot;syntax&quot;&#10;    ignored: [&quot;examples&quot;]&#10;warning: the following keywords are unknown and will be ignored: [examples]&#10;    level: &quot;warning&quot;&#10;    schema: {&quot;loadingURI&quot;:&quot;#&quot;,&quot;pointer&quot;:&quot;/items/properties/seguro&quot;}&#10;    domain: &quot;syntax&quot;&#10;    ignored: [&quot;examples&quot;]&#10;warning: the following keywords are unknown and will be ignored: [examples]&#10;    level: &quot;warning&quot;&#10;    schema: {&quot;loadingURI&quot;:&quot;#&quot;,&quot;pointer&quot;:&quot;/items/properties/valor&quot;}&#10;    domain: &quot;syntax&quot;&#10;    ignored: [&quot;examples&quot;]&#10;warning: the following keywords are unknown and will be ignored: [examples]&#10;    level: &quot;warning&quot;&#10;    schema: {&quot;loadingURI&quot;:&quot;#&quot;,&quot;pointer&quot;:&quot;/items&quot;}&#10;    domain: &quot;syntax&quot;&#10;    ignored: [&quot;examples&quot;]&#10;warning: the following keywords are unknown and will be ignored: [examples]&#10;    level: &quot;warning&quot;&#10;    schema: {&quot;loadingURI&quot;:&quot;#&quot;,&quot;pointer&quot;:&quot;/items/properties/cpf&quot;}&#10;    domain: &quot;syntax&quot;&#10;    ignored: [&quot;examples&quot;]&#10;warning: the following keywords are unknown and will be ignored: [examples]&#10;    level: &quot;warning&quot;&#10;    schema: {&quot;loadingURI&quot;:&quot;#&quot;,&quot;pointer&quot;:&quot;/items/properties/email&quot;}&#10;    domain: &quot;syntax&quot;&#10;    ignored: [&quot;examples&quot;]&#10;warning: the following keywords are unknown and will be ignored: [examples]&#10;    level: &quot;warning&quot;&#10;    schema: {&quot;loadingURI&quot;:&quot;#&quot;,&quot;pointer&quot;:&quot;/items/properties/id&quot;}&#10;    domain: &quot;syntax&quot;&#10;    ignored: [&quot;examples&quot;]&#10;warning: the following keywords are unknown and will be ignored: [examples]&#10;    level: &quot;warning&quot;&#10;    schema: {&quot;loadingURI&quot;:&quot;#&quot;,&quot;pointer&quot;:&quot;/items/properties/nome&quot;}&#10;    domain: &quot;syntax&quot;&#10;    ignored: [&quot;examples&quot;]&#10;warning: the following keywords are unknown and will be ignored: [examples]&#10;    level: &quot;warning&quot;&#10;    schema: {&quot;loadingURI&quot;:&quot;#&quot;,&quot;pointer&quot;:&quot;/items/properties/parcelas&quot;}&#10;    domain: &quot;syntax&quot;&#10;    ignored: [&quot;examples&quot;]&#10;warning: the following keywords are unknown and will be ignored: [examples]&#10;    level: &quot;warning&quot;&#10;    schema: {&quot;loadingURI&quot;:&quot;#&quot;,&quot;pointer&quot;:&quot;/items/properties/seguro&quot;}&#10;    domain: &quot;syntax&quot;&#10;    ignored: [&quot;examples&quot;]&#10;warning: the following keywords are unknown and will be ignored: [examples]&#10;    level: &quot;warning&quot;&#10;    schema: {&quot;loadingURI&quot;:&quot;#&quot;,&quot;pointer&quot;:&quot;/items/properties/valor&quot;}&#10;    domain: &quot;syntax&quot;&#10;    ignored: [&quot;examples&quot;]&#10;warning: the following keywords are unknown and will be ignored: [examples]&#10;    level: &quot;warning&quot;&#10;    schema: {&quot;loadingURI&quot;:&quot;#&quot;,&quot;pointer&quot;:&quot;/items&quot;}&#10;    domain: &quot;syntax&quot;&#10;    ignored: [&quot;examples&quot;]&#10;warning: the following keywords are unknown and will be ignored: [examples]&#10;    level: &quot;warning&quot;&#10;    schema: {&quot;loadingURI&quot;:&quot;#&quot;,&quot;pointer&quot;:&quot;/items/properties/cpf&quot;}&#10;    domain: &quot;syntax&quot;&#10;    ignored: [&quot;examples&quot;]&#10;warning: the following keywords are unknown and will be ignored: [examples]&#10;    level: &quot;warning&quot;&#10;    schema: {&quot;loadingURI&quot;:&quot;#&quot;,&quot;pointer&quot;:&quot;/items/properties/email&quot;}&#10;    domain: &quot;syntax&quot;&#10;    ignored: [&quot;examples&quot;]&#10;warning: the following keywords are unknown and will be ignored: [examples]&#10;    level: &quot;warning&quot;&#10;    schema: {&quot;loadingURI&quot;:&quot;#&quot;,&quot;pointer&quot;:&quot;/items/properties/id&quot;}&#10;    domain: &quot;syntax&quot;&#10;    ignored: [&quot;examples&quot;]&#10;warning: the following keywords are unknown and will be ignored: [examples]&#10;    level: &quot;warning&quot;&#10;    schema: {&quot;loadingURI&quot;:&quot;#&quot;,&quot;pointer&quot;:&quot;/items/properties/nome&quot;}&#10;    domain: &quot;syntax&quot;&#10;    ignored: [&quot;examples&quot;]&#10;warning: the following keywords are unknown and will be ignored: [examples]&#10;    level: &quot;warning&quot;&#10;    schema: {&quot;loadingURI&quot;:&quot;#&quot;,&quot;pointer&quot;:&quot;/items/properties/parcelas&quot;}&#10;    domain: &quot;syntax&quot;&#10;    ignored: [&quot;examples&quot;]&#10;warning: the following keywords are unknown and will be ignored: [examples]&#10;    level: &quot;warning&quot;&#10;    schema: {&quot;loadingURI&quot;:&quot;#&quot;,&quot;pointer&quot;:&quot;/items/properties/seguro&quot;}&#10;    domain: &quot;syntax&quot;&#10;    ignored: [&quot;examples&quot;]&#10;warning: the following keywords are unknown and will be ignored: [examples]&#10;    level: &quot;warning&quot;&#10;    schema: {&quot;loadingURI&quot;:&quot;#&quot;,&quot;pointer&quot;:&quot;/items/properties/valor&quot;}&#10;    domain: &quot;syntax&quot;&#10;    ignored: [&quot;examples&quot;]&#10;warning: the following keywords are unknown and will be ignored: [examples]&#10;    level: &quot;warning&quot;&#10;    schema: {&quot;loadingURI&quot;:&quot;#&quot;,&quot;pointer&quot;:&quot;/items&quot;}&#10;    domain: &quot;syntax&quot;&#10;    ignored: [&quot;examples&quot;]&#10;warning: the following keywords are unknown and will be ignored: [examples]&#10;    level: &quot;warning&quot;&#10;    schema: {&quot;loadingURI&quot;:&quot;#&quot;,&quot;pointer&quot;:&quot;/items/properties/cpf&quot;}&#10;    domain: &quot;syntax&quot;&#10;    ignored: [&quot;examples&quot;]&#10;warning: the following keywords are unknown and will be ignored: [examples]&#10;    level: &quot;warning&quot;&#10;    schema: {&quot;loadingURI&quot;:&quot;#&quot;,&quot;pointer&quot;:&quot;/items/properties/email&quot;}&#10;    domain: &quot;syntax&quot;&#10;    ignored: [&quot;examples&quot;]&#10;warning: the following keywords are unknown and will be ignored: [examples]&#10;    level: &quot;warning&quot;&#10;    schema: {&quot;loadingURI&quot;:&quot;#&quot;,&quot;pointer&quot;:&quot;/items/properties/id&quot;}&#10;    domain: &quot;syntax&quot;&#10;    ignored: [&quot;examples&quot;]&#10;warning: the following keywords are unknown and will be ignored: [examples]&#10;    level: &quot;warning&quot;&#10;    schema: {&quot;loadingURI&quot;:&quot;#&quot;,&quot;pointer&quot;:&quot;/items/properties/nome&quot;}&#10;    domain: &quot;syntax&quot;&#10;    ignored: [&quot;examples&quot;]&#10;warning: the following keywords are unknown and will be ignored: [examples]&#10;    level: &quot;warning&quot;&#10;    schema: {&quot;loadingURI&quot;:&quot;#&quot;,&quot;pointer&quot;:&quot;/items/properties/parcelas&quot;}&#10;    domain: &quot;syntax&quot;&#10;    ignored: [&quot;examples&quot;]&#10;warning: the following keywords are unknown and will be ignored: [examples]&#10;    level: &quot;warning&quot;&#10;    schema: {&quot;loadingURI&quot;:&quot;#&quot;,&quot;pointer&quot;:&quot;/items/properties/seguro&quot;}&#10;    domain: &quot;syntax&quot;&#10;    ignored: [&quot;examples&quot;]&#10;warning: the following keywords are unknown and will be ignored: [examples]&#10;    level: &quot;warning&quot;&#10;    schema: {&quot;loadingURI&quot;:&quot;#&quot;,&quot;pointer&quot;:&quot;/items/properties/valor&quot;}&#10;    domain: &quot;syntax&quot;&#10;    ignored: [&quot;examples&quot;]&#10;warning: the following keywords are unknown and will be ignored: [examples]&#10;    level: &quot;warning&quot;&#10;    schema: {&quot;loadingURI&quot;:&quot;#&quot;,&quot;pointer&quot;:&quot;/items&quot;}&#10;    domain: &quot;syntax&quot;&#10;    ignored: [&quot;examples&quot;]&#10;warning: the following keywords are unknown and will be ignored: [examples]&#10;    level: &quot;warning&quot;&#10;    schema: {&quot;loadingURI&quot;:&quot;#&quot;,&quot;pointer&quot;:&quot;/items/properties/cpf&quot;}&#10;    domain: &quot;syntax&quot;&#10;    ignored: [&quot;examples&quot;]&#10;warning: the following keywords are unknown and will be ignored: [examples]&#10;    level: &quot;warning&quot;&#10;    schema: {&quot;loadingURI&quot;:&quot;#&quot;,&quot;pointer&quot;:&quot;/items/properties/email&quot;}&#10;    domain: &quot;syntax&quot;&#10;    ignored: [&quot;examples&quot;]&#10;warning: the following keywords are unknown and will be ignored: [examples]&#10;    level: &quot;warning&quot;&#10;    schema: {&quot;loadingURI&quot;:&quot;#&quot;,&quot;pointer&quot;:&quot;/items/properties/id&quot;}&#10;    domain: &quot;syntax&quot;&#10;    ignored: [&quot;examples&quot;]&#10;warning: the following keywords are unknown and will be ignored: [examples]&#10;    level: &quot;warning&quot;&#10;    schema: {&quot;loadingURI&quot;:&quot;#&quot;,&quot;pointer&quot;:&quot;/items/properties/nome&quot;}&#10;    domain: &quot;syntax&quot;&#10;    ignored: [&quot;examples&quot;]&#10;warning: the following keywords are unknown and will be ignored: [examples]&#10;    level: &quot;warning&quot;&#10;    schema: {&quot;loadingURI&quot;:&quot;#&quot;,&quot;pointer&quot;:&quot;/items/properties/parcelas&quot;}&#10;    domain: &quot;syntax&quot;&#10;    ignored: [&quot;examples&quot;]&#10;warning: the following keywords are unknown and will be ignored: [examples]&#10;    level: &quot;warning&quot;&#10;    schema: {&quot;loadingURI&quot;:&quot;#&quot;,&quot;pointer&quot;:&quot;/items/properties/seguro&quot;}&#10;    domain: &quot;syntax&quot;&#10;    ignored: [&quot;examples&quot;]&#10;warning: the following keywords are unknown and will be ignored: [examples]&#10;    level: &quot;warning&quot;&#10;    schema: {&quot;loadingURI&quot;:&quot;#&quot;,&quot;pointer&quot;:&quot;/items/properties/valor&quot;}&#10;    domain: &quot;syntax&quot;&#10;    ignored: [&quot;examples&quot;]&#10;warning: the following keywords are unknown and will be ignored: [examples]&#10;    level: &quot;warning&quot;&#10;    schema: {&quot;loadingURI&quot;:&quot;#&quot;,&quot;pointer&quot;:&quot;/items&quot;}&#10;    domain: &quot;syntax&quot;&#10;    ignored: [&quot;examples&quot;]&#10;warning: the following keywords are unknown and will be ignored: [examples]&#10;    level: &quot;warning&quot;&#10;    schema: {&quot;loadingURI&quot;:&quot;#&quot;,&quot;pointer&quot;:&quot;/items/properties/cpf&quot;}&#10;    domain: &quot;syntax&quot;&#10;    ignored: [&quot;examples&quot;]&#10;warning: the following keywords are unknown and will be ignored: [examples]&#10;    level: &quot;warning&quot;&#10;    schema: {&quot;loadingURI&quot;:&quot;#&quot;,&quot;pointer&quot;:&quot;/items/properties/email&quot;}&#10;    domain: &quot;syntax&quot;&#10;    ignored: [&quot;examples&quot;]&#10;warning: the following keywords are unknown and will be ignored: [examples]&#10;    level: &quot;warning&quot;&#10;    schema: {&quot;loadingURI&quot;:&quot;#&quot;,&quot;pointer&quot;:&quot;/items/properties/id&quot;}&#10;    domain: &quot;syntax&quot;&#10;    ignored: [&quot;examples&quot;]&#10;warning: the following keywords are unknown and will be ignored: [examples]&#10;    level: &quot;warning&quot;&#10;    schema: {&quot;loadingURI&quot;:&quot;#&quot;,&quot;pointer&quot;:&quot;/items/properties/nome&quot;}&#10;    domain: &quot;syntax&quot;&#10;    ignored: [&quot;examples&quot;]&#10;warning: the following keywords are unknown and will be ignored: [examples]&#10;    level: &quot;warning&quot;&#10;    schema: {&quot;loadingURI&quot;:&quot;#&quot;,&quot;pointer&quot;:&quot;/items/properties/parcelas&quot;}&#10;    domain: &quot;syntax&quot;&#10;    ignored: [&quot;examples&quot;]&#10;warning: the following keywords are unknown and will be ignored: [examples]&#10;    level: &quot;warning&quot;&#10;    schema: {&quot;loadingURI&quot;:&quot;#&quot;,&quot;pointer&quot;:&quot;/items/properties/seguro&quot;}&#10;    domain: &quot;syntax&quot;&#10;    ignored: [&quot;examples&quot;]&#10;warning: the following keywords are unknown and will be ignored: [examples]&#10;    level: &quot;warning&quot;&#10;    schema: {&quot;loadingURI&quot;:&quot;#&quot;,&quot;pointer&quot;:&quot;/items/properties/valor&quot;}&#10;    domain: &quot;syntax&quot;&#10;    ignored: [&quot;examples&quot;]&#10;warning: the following keywords are unknown and will be ignored: [examples]&#10;    level: &quot;warning&quot;&#10;    schema: {&quot;loadingURI&quot;:&quot;#&quot;,&quot;pointer&quot;:&quot;/items&quot;}&#10;    domain: &quot;syntax&quot;&#10;    ignored: [&quot;examples&quot;]&#10;warning: the following keywords are unknown and will be ignored: [examples]&#10;    level: &quot;warning&quot;&#10;    schema: {&quot;loadingURI&quot;:&quot;#&quot;,&quot;pointer&quot;:&quot;/items/properties/cpf&quot;}&#10;    domain: &quot;syntax&quot;&#10;    ignored: [&quot;examples&quot;]&#10;warning: the following keywords are unknown and will be ignored: [examples]&#10;    level: &quot;warning&quot;&#10;    schema: {&quot;loadingURI&quot;:&quot;#&quot;,&quot;pointer&quot;:&quot;/items/properties/email&quot;}&#10;    domain: &quot;syntax&quot;&#10;    ignored: [&quot;examples&quot;]&#10;warning: the following keywords are unknown and will be ignored: [examples]&#10;    level: &quot;warning&quot;&#10;    schema: {&quot;loadingURI&quot;:&quot;#&quot;,&quot;pointer&quot;:&quot;/items/properties/id&quot;}&#10;    domain: &quot;syntax&quot;&#10;    ignored: [&quot;examples&quot;]&#10;warning: the following keywords are unknown and will be ignored: [examples]&#10;    level: &quot;warning&quot;&#10;    schema: {&quot;loadingURI&quot;:&quot;#&quot;,&quot;pointer&quot;:&quot;/items/properties/nome&quot;}&#10;    domain: &quot;syntax&quot;&#10;    ignored: [&quot;examples&quot;]&#10;warning: the following keywords are unknown and will be ignored: [examples]&#10;    level: &quot;warning&quot;&#10;    schema: {&quot;loadingURI&quot;:&quot;#&quot;,&quot;pointer&quot;:&quot;/items/properties/parcelas&quot;}&#10;    domain: &quot;syntax&quot;&#10;    ignored: [&quot;examples&quot;]&#10;warning: the following keywords are unknown and will be ignored: [examples]&#10;    level: &quot;warning&quot;&#10;    schema: {&quot;loadingURI&quot;:&quot;#&quot;,&quot;pointer&quot;:&quot;/items/properties/seguro&quot;}&#10;    domain: &quot;syntax&quot;&#10;    ignored: [&quot;examples&quot;]&#10;warning: the following keywords are unknown and will be ignored: [examples]&#10;    level: &quot;warning&quot;&#10;    schema: {&quot;loadingURI&quot;:&quot;#&quot;,&quot;pointer&quot;:&quot;/items/properties/valor&quot;}&#10;    domain: &quot;syntax&quot;&#10;    ignored: [&quot;examples&quot;]&#10;&#10;     but: was &quot;[{\&quot;id\&quot;:11,\&quot;nome\&quot;:\&quot;Fulano\&quot;,\&quot;cpf\&quot;:\&quot;66414919004\&quot;,\&quot;email\&quot;:\&quot;fulano@gmail.com\&quot;,\&quot;valor\&quot;:11000.00,\&quot;parcelas\&quot;:3,\&quot;seguro\&quot;:true},{\&quot;id\&quot;:12,\&quot;nome\&quot;:\&quot;Deltrano\&quot;,\&quot;cpf\&quot;:\&quot;17822386034\&quot;,\&quot;email\&quot;:\&quot;deltrano@gmail.com\&quot;,\&quot;valor\&quot;:20000.00,\&quot;parcelas\&quot;:5,\&quot;seguro\&quot;:false},{\&quot;id\&quot;:15,\&quot;nome\&quot;:\&quot;Kauê\&quot;,\&quot;cpf\&quot;:\&quot;40904461497\&quot;,\&quot;email\&quot;:\&quot;andre.ambrosio@hotmail.com\&quot;,\&quot;valor\&quot;:2882.00,\&quot;parcelas\&quot;:25,\&quot;seguro\&quot;:true},{\&quot;id\&quot;:16,\&quot;nome\&quot;:\&quot;Augusto\&quot;,\&quot;cpf\&quot;:\&quot;67007804621\&quot;,\&quot;email\&quot;:\&quot;rodrigo.dorneles@live.com\&quot;,\&quot;valor\&quot;:2643.00,\&quot;parcelas\&quot;:24,\&quot;seguro\&quot;:true},{\&quot;id\&quot;:18,\&quot;nome\&quot;:\&quot;Leonardo\&quot;,\&quot;cpf\&quot;:\&quot;49257458423\&quot;,\&quot;email\&quot;:\&quot;gael.desa@bol.com.br\&quot;,\&quot;valor\&quot;:2640.00,\&quot;parcelas\&quot;:25,\&quot;seguro\&quot;:true},{\&quot;id\&quot;:19,\&quot;nome\&quot;:\&quot;Fabrício\&quot;,\&quot;cpf\&quot;:\&quot;15931514497\&quot;,\&quot;email\&quot;:\&quot;marcela.moraes@live.com\&quot;,\&quot;valor\&quot;:2611.00,\&quot;parcelas\&quot;:49,\&quot;seguro\&quot;:true},{\&quot;id\&quot;:23,\&quot;nome\&quot;:\&quot;João Gabriel\&quot;,\&quot;cpf\&quot;:\&quot;40346608388\&quot;,\&quot;email\&quot;:\&quot;julia.lessa@live.com\&quot;,\&quot;valor\&quot;:999.00,\&quot;parcelas\&quot;:29,\&quot;seguro\&quot;:true},{\&quot;id\&quot;:25,\&quot;nome\&quot;:\&quot;Carla\&quot;,\&quot;cpf\&quot;:\&quot;56791772132\&quot;,\&quot;email\&quot;:\&quot;joaovitor.bentes@hotmail.com\&quot;,\&quot;valor\&quot;:2229.00,\&quot;parcelas\&quot;:23,\&quot;seguro\&quot;:true},{\&quot;id\&quot;:30,\&quot;nome\&quot;:\&quot;Ayla\&quot;,\&quot;cpf\&quot;:\&quot;20958728373\&quot;,\&quot;email\&quot;:\&quot;maria.fogaca@hotmail.com\&quot;,\&quot;valor\&quot;:2028.00,\&quot;parcelas\&quot;:27,\&quot;seguro\&quot;:true},{\&quot;id\&quot;:31,\&quot;nome\&quot;:\&quot;Kléber\&quot;,\&quot;cpf\&quot;:\&quot;21946297107\&quot;,\&quot;email\&quot;:\&quot;henrique.muniz@live.com\&quot;,\&quot;valor\&quot;:2288.00,\&quot;parcelas\&quot;:20,\&quot;seguro\&quot;:true},{\&quot;id\&quot;:32,\&quot;nome\&quot;:\&quot;Esther\&quot;,\&quot;cpf\&quot;:\&quot;44205219472\&quot;,\&quot;email\&quot;:\&quot;kaique.gabeira@yahoo.com\&quot;,\&quot;valor\&quot;:2281.00,\&quot;parcelas\&quot;:26,\&quot;seguro\&quot;:true},{\&quot;id\&quot;:35,\&quot;nome\&quot;:\&quot;Talita\&quot;,\&quot;cpf\&quot;:\&quot;64501006872\&quot;,\&quot;email\&quot;:\&quot;joana.carneiro@hotmail.com\&quot;,\&quot;valor\&quot;:2062.00,\&quot;parcelas\&quot;:20,\&quot;seguro\&quot;:true},{\&quot;id\&quot;:36,\&quot;nome\&quot;:\&quot;Mariah\&quot;,\&quot;cpf\&quot;:\&quot;90140577806\&quot;,\&quot;email\&quot;:\&quot;helena.morais@gmail.com\&quot;,\&quot;valor\&quot;:2953.00,\&quot;parcelas\&quot;:29,\&quot;seguro\&quot;:true},{\&quot;id\&quot;:38,\&quot;nome\&quot;:\&quot;Sophie\&quot;,\&quot;cpf\&quot;:\&quot;37821395784\&quot;,\&quot;email\&quot;:\&quot;allana.albuquerque@yahoo.com\&quot;,\&quot;valor\&quot;:2185.00,\&quot;parcelas\&quot;:27,\&quot;seguro\&quot;:true},{\&quot;id\&quot;:39,\&quot;nome\&quot;:\&quot;Júlio\&quot;,\&quot;cpf\&quot;:\&quot;29083041108\&quot;,\&quot;email\&quot;:\&quot;leticia.muniz@gmail.com\&quot;,\&quot;valor\&quot;:2901.00,\&quot;parcelas\&quot;:49,\&quot;seguro\&quot;:true},{\&quot;id\&quot;:43,\&quot;nome\&quot;:\&quot;Maria Alice\&quot;,\&quot;cpf\&quot;:\&quot;26931690642\&quot;,\&quot;email\&quot;:\&quot;cesar.simoes@bol.com.br\&quot;,\&quot;valor\&quot;:999.00,\&quot;parcelas\&quot;:20,\&quot;seguro\&quot;:true},{\&quot;id\&quot;:45,\&quot;nome\&quot;:\&quot;Gustavo\&quot;,\&quot;cpf\&quot;:\&quot;00051205391\&quot;,\&quot;email\&quot;:\&quot;antonio.regueira@gmail.com\&quot;,\&quot;valor\&quot;:2497.00,\&quot;parcelas\&quot;:24,\&quot;seguro\&quot;:true},{\&quot;id\&quot;:50,\&quot;nome\&quot;:\&quot;Tomás\&quot;,\&quot;cpf\&quot;:\&quot;54498901812\&quot;,\&quot;email\&quot;:\&quot;roberta.castro@yahoo.com\&quot;,\&quot;valor\&quot;:2988.00,\&quot;parcelas\&quot;:23,\&quot;seguro\&quot;:true},{\&quot;id\&quot;:51,\&quot;nome\&quot;:\&quot;João Gabriel\&quot;,\&quot;cpf\&quot;:\&quot;71173956686\&quot;,\&quot;email\&quot;:\&quot;miguel.assumpcao@yahoo.com\&quot;,\&quot;valor\&quot;:2377.00,\&quot;parcelas\&quot;:29,\&quot;seguro\&quot;:true},{\&quot;id\&quot;:52,\&quot;nome\&quot;:\&quot;Ladislau\&quot;,\&quot;cpf\&quot;:\&quot;22493389608\&quot;,\&quot;email\&quot;:\&quot;mariaisis.correa@bol.com.br\&quot;,\&quot;valor\&quot;:2762.00,\&quot;parcelas\&quot;:28,\&quot;seguro\&quot;:true},{\&quot;id\&quot;:55,\&quot;nome\&quot;:\&quot;Mariah\&quot;,\&quot;cpf\&quot;:\&quot;20575900653\&quot;,\&quot;email\&quot;:\&quot;elisa.vieira@bol.com.br\&quot;,\&quot;valor\&quot;:2555.00,\&quot;parcelas\&quot;:22,\&quot;seguro\&quot;:true},{\&quot;id\&quot;:56,\&quot;nome\&quot;:\&quot;Davi Lucca\&quot;,\&quot;cpf\&quot;:\&quot;35098355857\&quot;,\&quot;email\&quot;:\&quot;cesar.freitas@yahoo.com\&quot;,\&quot;valor\&quot;:2311.00,\&quot;parcelas\&quot;:20,\&quot;seguro\&quot;:true},{\&quot;id\&quot;:58,\&quot;nome\&quot;:\&quot;Marcia\&quot;,\&quot;cpf\&quot;:\&quot;21651027565\&quot;,\&quot;email\&quot;:\&quot;giulia.ribas@hotmail.com\&quot;,\&quot;valor\&quot;:2284.00,\&quot;parcelas\&quot;:25,\&quot;seguro\&quot;:true},{\&quot;id\&quot;:59,\&quot;nome\&quot;:\&quot;Pietro\&quot;,\&quot;cpf\&quot;:\&quot;38262506589\&quot;,\&quot;email\&quot;:\&quot;allana.soeira@yahoo.com\&quot;,\&quot;valor\&quot;:2312.00,\&quot;parcelas\&quot;:49,\&quot;seguro\&quot;:true},{\&quot;id\&quot;:63,\&quot;nome\&quot;:\&quot;Ayla\&quot;,\&quot;cpf\&quot;:\&quot;24749274414\&quot;,\&quot;email\&quot;:\&quot;maria.fogaca@bol.com.br\&quot;,\&quot;valor\&quot;:999.00,\&quot;parcelas\&quot;:25,\&quot;seguro\&quot;:true},{\&quot;id\&quot;:65,\&quot;nome\&quot;:\&quot;Erick\&quot;,\&quot;cpf\&quot;:\&quot;95479315305\&quot;,\&quot;email\&quot;:\&quot;hugo.velasques@live.com\&quot;,\&quot;valor\&quot;:2498.00,\&quot;parcelas\&quot;:24,\&quot;seguro\&quot;:true},{\&quot;id\&quot;:70,\&quot;nome\&quot;:\&quot;Pedro Lucas\&quot;,\&quot;cpf\&quot;:\&quot;21623123623\&quot;,\&quot;email\&quot;:\&quot;felicia.bernardes@gmail.com\&quot;,\&quot;valor\&quot;:2701.00,\&quot;parcelas\&quot;:25,\&quot;seguro\&quot;:true},{\&quot;id\&quot;:71,\&quot;nome\&quot;:\&quot;Kléber\&quot;,\&quot;cpf\&quot;:\&quot;49068730941\&quot;,\&quot;email\&quot;:\&quot;julia.darocha@live.com\&quot;,\&quot;valor\&quot;:2248.00,\&quot;parcelas\&quot;:29,\&quot;seguro\&quot;:true},{\&quot;id\&quot;:72,\&quot;nome\&quot;:\&quot;Vinícius\&quot;,\&quot;cpf\&quot;:\&quot;20493509645\&quot;,\&quot;email\&quot;:\&quot;perola.garcez@hotmail.com\&quot;,\&quot;valor\&quot;:2831.00,\&quot;parcelas\&quot;:28,\&quot;seguro\&quot;:true},{\&quot;id\&quot;:75,\&quot;nome\&quot;:\&quot;Matheus\&quot;,\&quot;cpf\&quot;:\&quot;58907273481\&quot;,\&quot;email\&quot;:\&quot;marli.dias@bol.com.br\&quot;,\&quot;valor\&quot;:2904.00,\&quot;parcelas\&quot;:27,\&quot;seguro\&quot;:true},{\&quot;id\&quot;:76,\&quot;nome\&quot;:\&quot;Ryan\&quot;,\&quot;cpf\&quot;:\&quot;55475923068\&quot;,\&quot;email\&quot;:\&quot;aline.nogueira@live.com\&quot;,\&quot;valor\&quot;:2338.00,\&quot;parcelas\&quot;:26,\&quot;seguro\&quot;:true},{\&quot;id\&quot;:78,\&quot;nome\&quot;:\&quot;Lívia\&quot;,\&quot;cpf\&quot;:\&quot;30882320004\&quot;,\&quot;email\&quot;:\&quot;victor.moura@bol.com.br\&quot;,\&quot;valor\&quot;:2829.00,\&quot;parcelas\&quot;:20,\&quot;seguro\&quot;:true},{\&quot;id\&quot;:79,\&quot;nome\&quot;:\&quot;Leonardo\&quot;,\&quot;cpf\&quot;:\&quot;52236027589\&quot;,\&quot;email\&quot;:\&quot;fabricio.goncalves@gmail.com\&quot;,\&quot;valor\&quot;:2235.00,\&quot;parcelas\&quot;:49,\&quot;seguro\&quot;:true},{\&quot;id\&quot;:83,\&quot;nome\&quot;:\&quot;Cauã\&quot;,\&quot;cpf\&quot;:\&quot;91504925434\&quot;,\&quot;email\&quot;:\&quot;oliver.caseira@bol.com.br\&quot;,\&quot;valor\&quot;:999.00,\&quot;parcelas\&quot;:25,\&quot;seguro\&quot;:true},{\&quot;id\&quot;:85,\&quot;nome\&quot;:\&quot;Suélen\&quot;,\&quot;cpf\&quot;:\&quot;04240087126\&quot;,\&quot;email\&quot;:\&quot;isabelly.caldas@live.com\&quot;,\&quot;valor\&quot;:2211.00,\&quot;parcelas\&quot;:29,\&quot;seguro\&quot;:true},{\&quot;id\&quot;:90,\&quot;nome\&quot;:\&quot;Célia\&quot;,\&quot;cpf\&quot;:\&quot;76966994822\&quot;,\&quot;email\&quot;:\&quot;alessandro.ambrosio@live.com\&quot;,\&quot;valor\&quot;:2166.00,\&quot;parcelas\&quot;:29,\&quot;seguro\&quot;:true},{\&quot;id\&quot;:91,\&quot;nome\&quot;:\&quot;Luiz Henrique\&quot;,\&quot;cpf\&quot;:\&quot;84128227314\&quot;,\&quot;email\&quot;:\&quot;analaura.fogaca@yahoo.com\&quot;,\&quot;valor\&quot;:2630.00,\&quot;parcelas\&quot;:20,\&quot;seguro\&quot;:true},{\&quot;id\&quot;:92,\&quot;nome\&quot;:\&quot;Morgana\&quot;,\&quot;cpf\&quot;:\&quot;12389136262\&quot;,\&quot;email\&quot;:\&quot;malu.paes@gmail.com\&quot;,\&quot;valor\&quot;:2958.00,\&quot;parcelas\&quot;:26,\&quot;seguro\&quot;:true},{\&quot;id\&quot;:95,\&quot;nome\&quot;:\&quot;Cauã\&quot;,\&quot;cpf\&quot;:\&quot;02415836281\&quot;,\&quot;email\&quot;:\&quot;antonio.simoes@live.com\&quot;,\&quot;valor\&quot;:2690.00,\&quot;parcelas\&quot;:27,\&quot;seguro\&quot;:true},{\&quot;id\&quot;:96,\&quot;nome\&quot;:\&quot;Roberto\&quot;,\&quot;cpf\&quot;:\&quot;79159679508\&quot;,\&quot;email\&quot;:\&quot;davilucas.monteiro@bol.com.br\&quot;,\&quot;valor\&quot;:2598.00,\&quot;parcelas\&quot;:20,\&quot;seguro\&quot;:true},{\&quot;id\&quot;:98,\&quot;nome\&quot;:\&quot;Sarah\&quot;,\&quot;cpf\&quot;:\&quot;33865377231\&quot;,\&quot;email\&quot;:\&quot;sirineu.barata@yahoo.com\&quot;,\&quot;valor\&quot;:2251.00,\&quot;parcelas\&quot;:29,\&quot;seguro\&quot;:true},{\&quot;id\&quot;:99,\&quot;nome\&quot;:\&quot;Márcio\&quot;,\&quot;cpf\&quot;:\&quot;54021492579\&quot;,\&quot;email\&quot;:\&quot;celia.carvalho@yahoo.com\&quot;,\&quot;valor\&quot;:2204.00,\&quot;parcelas\&quot;:49,\&quot;seguro\&quot;:true},{\&quot;id\&quot;:103,\&quot;nome\&quot;:\&quot;Raul\&quot;,\&quot;cpf\&quot;:\&quot;18301042569\&quot;,\&quot;email\&quot;:\&quot;gubio.daveiga@bol.com.br\&quot;,\&quot;valor\&quot;:999.00,\&quot;parcelas\&quot;:21,\&quot;seguro\&quot;:true},{\&quot;id\&quot;:105,\&quot;nome\&quot;:\&quot;Ian\&quot;,\&quot;cpf\&quot;:\&quot;47960591453\&quot;,\&quot;email\&quot;:\&quot;mariana.paiva@gmail.com\&quot;,\&quot;valor\&quot;:2762.00,\&quot;parcelas\&quot;:25,\&quot;seguro\&quot;:true},{\&quot;id\&quot;:110,\&quot;nome\&quot;:\&quot;Murilo\&quot;,\&quot;cpf\&quot;:\&quot;46420586476\&quot;,\&quot;email\&quot;:\&quot;luna.modesto@yahoo.com\&quot;,\&quot;valor\&quot;:2509.00,\&quot;parcelas\&quot;:21,\&quot;seguro\&quot;:true},{\&quot;id\&quot;:111,\&quot;nome\&quot;:\&quot;Heitor\&quot;,\&quot;cpf\&quot;:\&quot;00808250151\&quot;,\&quot;email\&quot;:\&quot;yango.junqueira@yahoo.com\&quot;,\&quot;valor\&quot;:2008.00,\&quot;parcelas\&quot;:25,\&quot;seguro\&quot;:true},{\&quot;id\&quot;:112,\&quot;nome\&quot;:\&quot;João Vitor\&quot;,\&quot;cpf\&quot;:\&quot;33408632262\&quot;,\&quot;email\&quot;:\&quot;isabelly.henriques@hotmail.com\&quot;,\&quot;valor\&quot;:2048.00,\&quot;parcelas\&quot;:28,\&quot;seguro\&quot;:true},{\&quot;id\&quot;:115,\&quot;nome\&quot;:\&quot;Fabrício\&quot;,\&quot;cpf\&quot;:\&quot;94827160574\&quot;,\&quot;email\&quot;:\&quot;analuiza.roriz@live.com\&quot;,\&quot;valor\&quot;:2768.00,\&quot;parcelas\&quot;:21,\&quot;seguro\&quot;:true},{\&quot;id\&quot;:116,\&quot;nome\&quot;:\&quot;Heloísa\&quot;,\&quot;cpf\&quot;:\&quot;85448487287\&quot;,\&quot;email\&quot;:\&quot;marcelo.rios@live.com\&quot;,\&quot;valor\&quot;:2211.00,\&quot;parcelas\&quot;:22,\&quot;seguro\&quot;:true},{\&quot;id\&quot;:118,\&quot;nome\&quot;:\&quot;Daniel\&quot;,\&quot;cpf\&quot;:\&quot;00694875655\&quot;,\&quot;email\&quot;:\&quot;eloah.meireles@hotmail.com\&quot;,\&quot;valor\&quot;:2060.00,\&quot;parcelas\&quot;:26,\&quot;seguro\&quot;:true},{\&quot;id\&quot;:119,\&quot;nome\&quot;:\&quot;Víctor\&quot;,\&quot;cpf\&quot;:\&quot;74655428363\&quot;,\&quot;email\&quot;:\&quot;ladislau.longuinho@gmail.com\&quot;,\&quot;valor\&quot;:2216.00,\&quot;parcelas\&quot;:49,\&quot;seguro\&quot;:true},{\&quot;id\&quot;:123,\&quot;nome\&quot;:\&quot;Heloísa\&quot;,\&quot;cpf\&quot;:\&quot;78086875699\&quot;,\&quot;email\&quot;:\&quot;yango.ximenes@yahoo.com\&quot;,\&quot;valor\&quot;:999.00,\&quot;parcelas\&quot;:28,\&quot;seguro\&quot;:true},{\&quot;id\&quot;:125,\&quot;nome\&quot;:\&quot;Ian\&quot;,\&quot;cpf\&quot;:\&quot;96682718983\&quot;,\&quot;email\&quot;:\&quot;paula.deoliveira@live.com\&quot;,\&quot;valor\&quot;:2080.00,\&quot;parcelas\&quot;:27,\&quot;seguro\&quot;:true},{\&quot;id\&quot;:130,\&quot;nome\&quot;:\&quot;Sophia\&quot;,\&quot;cpf\&quot;:\&quot;30855727397\&quot;,\&quot;email\&quot;:\&quot;norberto.dasneves@hotmail.com\&quot;,\&quot;valor\&quot;:2858.00,\&quot;parcelas\&quot;:26,\&quot;seguro\&quot;:true},{\&quot;id\&quot;:131,\&quot;nome\&quot;:\&quot;Cecília\&quot;,\&quot;cpf\&quot;:\&quot;63441724711\&quot;,\&quot;email\&quot;:\&quot;louise.reis@hotmail.com\&quot;,\&quot;valor\&quot;:2590.00,\&quot;parcelas\&quot;:25,\&quot;seguro\&quot;:true},{\&quot;id\&quot;:132,\&quot;nome\&quot;:\&quot;Luiz Felipe\&quot;,\&quot;cpf\&quot;:\&quot;26818016018\&quot;,\&quot;email\&quot;:\&quot;lara.quarteira@gmail.com\&quot;,\&quot;valor\&quot;:2033.00,\&quot;parcelas\&quot;:20,\&quot;seguro\&quot;:true},{\&quot;id\&quot;:135,\&quot;nome\&quot;:\&quot;José\&quot;,\&quot;cpf\&quot;:\&quot;48354833386\&quot;,\&quot;email\&quot;:\&quot;isabelly.datena@yahoo.com\&quot;,\&quot;valor\&quot;:2449.00,\&quot;parcelas\&quot;:22,\&quot;seguro\&quot;:true},{\&quot;id\&quot;:136,\&quot;nome\&quot;:\&quot;Levi\&quot;,\&quot;cpf\&quot;:\&quot;47623029408\&quot;,\&quot;email\&quot;:\&quot;breno.antunes@gmail.com\&quot;,\&quot;valor\&quot;:2216.00,\&quot;parcelas\&quot;:25,\&quot;seguro\&quot;:true},{\&quot;id\&quot;:138,\&quot;nome\&quot;:\&quot;Pedro Tobias\&quot;,\&quot;cpf\&quot;:\&quot;15278716880\&quot;,\&quot;email\&quot;:\&quot;benicio.reis@hotmail.com\&quot;,\&quot;valor\&quot;:2912.00,\&quot;parcelas\&quot;:27,\&quot;seguro\&quot;:true},{\&quot;id\&quot;:139,\&quot;nome\&quot;:\&quot;João Lucas\&quot;,\&quot;cpf\&quot;:\&quot;89232519711\&quot;,\&quot;email\&quot;:\&quot;lucas.santana@hotmail.com\&quot;,\&quot;valor\&quot;:2990.00,\&quot;parcelas\&quot;:49,\&quot;seguro\&quot;:true},{\&quot;id\&quot;:143,\&quot;nome\&quot;:\&quot;Ana Lívia\&quot;,\&quot;cpf\&quot;:\&quot;68706765316\&quot;,\&quot;email\&quot;:\&quot;helena.costa@yahoo.com\&quot;,\&quot;valor\&quot;:999.00,\&quot;parcelas\&quot;:26,\&quot;seguro\&quot;:true},{\&quot;id\&quot;:145,\&quot;nome\&quot;:\&quot;Caio\&quot;,\&quot;cpf\&quot;:\&quot;44811016661\&quot;,\&quot;email\&quot;:\&quot;fabiano.matoso@gmail.com\&quot;,\&quot;valor\&quot;:2700.00,\&quot;parcelas\&quot;:26,\&quot;seguro\&quot;:true},{\&quot;id\&quot;:150,\&quot;nome\&quot;:\&quot;Yasmin\&quot;,\&quot;cpf\&quot;:\&quot;51478464849\&quot;,\&quot;email\&quot;:\&quot;mariajulia.nunes@live.com\&quot;,\&quot;valor\&quot;:2334.00,\&quot;parcelas\&quot;:28,\&quot;seguro\&quot;:true},{\&quot;id\&quot;:151,\&quot;nome\&quot;:\&quot;Márcio\&quot;,\&quot;cpf\&quot;:\&quot;27250691630\&quot;,\&quot;email\&quot;:\&quot;pedrolucas.domingues@bol.com.br\&quot;,\&quot;valor\&quot;:2490.00,\&quot;parcelas\&quot;:24,\&quot;seguro\&quot;:true},{\&quot;id\&quot;:152,\&quot;nome\&quot;:\&quot;Ana Laura\&quot;,\&quot;cpf\&quot;:\&quot;00733919475\&quot;,\&quot;email\&quot;:\&quot;arthurgabriel.damadureira@hotmail.com\&quot;,\&quot;valor\&quot;:2320.00,\&quot;parcelas\&quot;:28,\&quot;seguro\&quot;:true},{\&quot;id\&quot;:155,\&quot;nome\&quot;:\&quot;Stella\&quot;,\&quot;cpf\&quot;:\&quot;56121048538\&quot;,\&quot;email\&quot;:\&quot;fabricio.reis@live.com\&quot;,\&quot;valor\&quot;:2679.00,\&quot;parcelas\&quot;:22,\&quot;seguro\&quot;:true},{\&quot;id\&quot;:156,\&quot;nome\&quot;:\&quot;Leonardo\&quot;,\&quot;cpf\&quot;:\&quot;03846988035\&quot;,\&quot;email\&quot;:\&quot;sirineu.hermingues@hotmail.com\&quot;,\&quot;valor\&quot;:2296.00,\&quot;parcelas\&quot;:23,\&quot;seguro\&quot;:true},{\&quot;id\&quot;:158,\&quot;nome\&quot;:\&quot;Luiz Felipe\&quot;,\&quot;cpf\&quot;:\&quot;56814859831\&quot;,\&quot;email\&quot;:\&quot;pedro.palhares@hotmail.com\&quot;,\&quot;valor\&quot;:2885.00,\&quot;parcelas\&quot;:25,\&quot;seguro\&quot;:true},{\&quot;id\&quot;:159,\&quot;nome\&quot;:\&quot;Isabella\&quot;,\&quot;cpf\&quot;:\&quot;54725159838\&quot;,\&quot;email\&quot;:\&quot;alexandre.soeira@live.com\&quot;,\&quot;valor\&quot;:2450.00,\&quot;parcelas\&quot;:49,\&quot;seguro\&quot;:true},{\&quot;id\&quot;:163,\&quot;nome\&quot;:\&quot;Mariah\&quot;,\&quot;cpf\&quot;:\&quot;12704484976\&quot;,\&quot;email\&quot;:\&quot;luiza.franco@gmail.com\&quot;,\&quot;valor\&quot;:999.00,\&quot;parcelas\&quot;:29,\&quot;seguro\&quot;:true},{\&quot;id\&quot;:165,\&quot;nome\&quot;:\&quot;Maitê\&quot;,\&quot;cpf\&quot;:\&quot;01877882148\&quot;,\&quot;email\&quot;:\&quot;joaovitor.tavares@gmail.com\&quot;,\&quot;valor\&quot;:2765.00,\&quot;parcelas\&quot;:29,\&quot;seguro\&quot;:true},{\&quot;id\&quot;:170,\&quot;nome\&quot;:\&quot;Vinícius\&quot;,\&quot;cpf\&quot;:\&quot;68284072448\&quot;,\&quot;email\&quot;:\&quot;fabiano.boucas@live.com\&quot;,\&quot;valor\&quot;:2296.00,\&quot;parcelas\&quot;:29,\&quot;seguro\&quot;:true},{\&quot;id\&quot;:171,\&quot;nome\&quot;:\&quot;Fabrícia\&quot;,\&quot;cpf\&quot;:\&quot;89906139405\&quot;,\&quot;email\&quot;:\&quot;lucasgabriel.lobos@bol.com.br\&quot;,\&quot;valor\&quot;:2397.00,\&quot;parcelas\&quot;:26,\&quot;seguro\&quot;:true},{\&quot;id\&quot;:172,\&quot;nome\&quot;:\&quot;Beatriz\&quot;,\&quot;cpf\&quot;:\&quot;97396257257\&quot;,\&quot;email\&quot;:\&quot;djalma.fogaca@hotmail.com\&quot;,\&quot;valor\&quot;:2409.00,\&quot;parcelas\&quot;:21,\&quot;seguro\&quot;:true},{\&quot;id\&quot;:175,\&quot;nome\&quot;:\&quot;Malu\&quot;,\&quot;cpf\&quot;:\&quot;91468302283\&quot;,\&quot;email\&quot;:\&quot;alessandra.aparicio@yahoo.com\&quot;,\&quot;valor\&quot;:2574.00,\&quot;parcelas\&quot;:26,\&quot;seguro\&quot;:true},{\&quot;id\&quot;:176,\&quot;nome\&quot;:\&quot;Ian\&quot;,\&quot;cpf\&quot;:\&quot;10880901306\&quot;,\&quot;email\&quot;:\&quot;malu.soeira@live.com\&quot;,\&quot;valor\&quot;:2622.00,\&quot;parcelas\&quot;:21,\&quot;seguro\&quot;:true},{\&quot;id\&quot;:178,\&quot;nome\&quot;:\&quot;Ayla\&quot;,\&quot;cpf\&quot;:\&quot;63733822293\&quot;,\&quot;email\&quot;:\&quot;anthony.galego@bol.com.br\&quot;,\&quot;valor\&quot;:2552.00,\&quot;parcelas\&quot;:24,\&quot;seguro\&quot;:true},{\&quot;id\&quot;:179,\&quot;nome\&quot;:\&quot;Bianca\&quot;,\&quot;cpf\&quot;:\&quot;15932447137\&quot;,\&quot;email\&quot;:\&quot;vitor.dias@hotmail.com\&quot;,\&quot;valor\&quot;:2900.00,\&quot;parcelas\&quot;:49,\&quot;seguro\&quot;:true},{\&quot;id\&quot;:183,\&quot;nome\&quot;:\&quot;Feliciano\&quot;,\&quot;cpf\&quot;:\&quot;54554183601\&quot;,\&quot;email\&quot;:\&quot;esther.simoes@yahoo.com\&quot;,\&quot;valor\&quot;:999.00,\&quot;parcelas\&quot;:29,\&quot;seguro\&quot;:true},{\&quot;id\&quot;:185,\&quot;nome\&quot;:\&quot;Gustavo\&quot;,\&quot;cpf\&quot;:\&quot;26346207736\&quot;,\&quot;email\&quot;:\&quot;mariaeduarda.barreira@hotmail.com\&quot;,\&quot;valor\&quot;:2512.00,\&quot;parcelas\&quot;:23,\&quot;seguro\&quot;:true},{\&quot;id\&quot;:190,\&quot;nome\&quot;:\&quot;Camila\&quot;,\&quot;cpf\&quot;:\&quot;37448067871\&quot;,\&quot;email\&quot;:\&quot;sophie.silva@hotmail.com\&quot;,\&quot;valor\&quot;:2044.00,\&quot;parcelas\&quot;:22,\&quot;seguro\&quot;:true},{\&quot;id\&quot;:191,\&quot;nome\&quot;:\&quot;Maria Sophia\&quot;,\&quot;cpf\&quot;:\&quot;38032722407\&quot;,\&quot;email\&quot;:\&quot;hugo.roseira@yahoo.com\&quot;,\&quot;valor\&quot;:2438.00,\&quot;parcelas\&quot;:21,\&quot;seguro\&quot;:true},{\&quot;id\&quot;:192,\&quot;nome\&quot;:\&quot;João Vitor\&quot;,\&quot;cpf\&quot;:\&quot;31957135159\&quot;,\&quot;email\&quot;:\&quot;bianca.bittencourt@hotmail.com\&quot;,\&quot;valor\&quot;:2939.00,\&quot;parcelas\&quot;:26,\&quot;seguro\&quot;:true},{\&quot;id\&quot;:195,\&quot;nome\&quot;:\&quot;Carlos\&quot;,\&quot;cpf\&quot;:\&quot;80826103013\&quot;,\&quot;email\&quot;:\&quot;cesar.ribeiro@live.com\&quot;,\&quot;valor\&quot;:2998.00,\&quot;parcelas\&quot;:21,\&quot;seguro\&quot;:true},{\&quot;id\&quot;:196,\&quot;nome\&quot;:\&quot;Washington\&quot;,\&quot;cpf\&quot;:\&quot;61350764573\&quot;,\&quot;email\&quot;:\&quot;eduardo.castanheira@bol.com.br\&quot;,\&quot;valor\&quot;:2819.00,\&quot;parcelas\&quot;:24,\&quot;seguro\&quot;:true},{\&quot;id\&quot;:198,\&quot;nome\&quot;:\&quot;Francisca\&quot;,\&quot;cpf\&quot;:\&quot;72098538089\&quot;,\&quot;email\&quot;:\&quot;tomas.beltrao@live.com\&quot;,\&quot;valor\&quot;:2375.00,\&quot;parcelas\&quot;:27,\&quot;seguro\&quot;:true},{\&quot;id\&quot;:199,\&quot;nome\&quot;:\&quot;Carolina\&quot;,\&quot;cpf\&quot;:\&quot;23973778316\&quot;,\&quot;email\&quot;:\&quot;arthur.taveira@yahoo.com\&quot;,\&quot;valor\&quot;:2207.00,\&quot;parcelas\&quot;:49,\&quot;seguro\&quot;:true},{\&quot;id\&quot;:203,\&quot;nome\&quot;:\&quot;Heloísa\&quot;,\&quot;cpf\&quot;:\&quot;25965950138\&quot;,\&quot;email\&quot;:\&quot;morgana.danobrega@yahoo.com\&quot;,\&quot;valor\&quot;:999.00,\&quot;parcelas\&quot;:22,\&quot;seguro\&quot;:true},{\&quot;id\&quot;:205,\&quot;nome\&quot;:\&quot;Bernardo\&quot;,\&quot;cpf\&quot;:\&quot;79813233914\&quot;,\&quot;email\&quot;:\&quot;pedro.silva@hotmail.com\&quot;,\&quot;valor\&quot;:2169.00,\&quot;parcelas\&quot;:25,\&quot;seguro\&quot;:true},{\&quot;id\&quot;:210,\&quot;nome\&quot;:\&quot;Tertuliano\&quot;,\&quot;cpf\&quot;:\&quot;78100249419\&quot;,\&quot;email\&quot;:\&quot;anacecilia.dias@gmail.com\&quot;,\&quot;valor\&quot;:2834.00,\&quot;parcelas\&quot;:20,\&quot;seguro\&quot;:true},{\&quot;id\&quot;:211,\&quot;nome\&quot;:\&quot;Margarida\&quot;,\&quot;cpf\&quot;:\&quot;64809468455\&quot;,\&quot;email\&quot;:\&quot;benjamin.simoes@live.com\&quot;,\&quot;valor\&quot;:2539.00,\&quot;parcelas\&quot;:22,\&quot;seguro\&quot;:true},{\&quot;id\&quot;:212,\&quot;nome\&quot;:\&quot;Mathias\&quot;,\&quot;cpf\&quot;:\&quot;42399491303\&quot;,\&quot;email\&quot;:\&quot;mariavalentina.godins@bol.com.br\&quot;,\&quot;valor\&quot;:2572.00,\&quot;parcelas\&quot;:23,\&quot;seguro\&quot;:true},{\&quot;id\&quot;:214,\&quot;nome\&quot;:\&quot;Fabrícia\&quot;,\&quot;cpf\&quot;:\&quot;67713528042\&quot;,\&quot;email\&quot;:\&quot;paula.marques@live.com\&quot;,\&quot;valor\&quot;:2253.00,\&quot;parcelas\&quot;:23,\&quot;seguro\&quot;:true},{\&quot;id\&quot;:217,\&quot;nome\&quot;:\&quot;Maria Júlia\&quot;,\&quot;cpf\&quot;:\&quot;41980966020\&quot;,\&quot;email\&quot;:\&quot;anajulia.rocha@yahoo.com\&quot;,\&quot;valor\&quot;:2863.00,\&quot;parcelas\&quot;:29,\&quot;seguro\&quot;:true},{\&quot;id\&quot;:213,\&quot;nome\&quot;:\&quot;Pablo\&quot;,\&quot;cpf\&quot;:\&quot;90643322541\&quot;,\&quot;email\&quot;:\&quot;analaura.beltrao@bol.com.br\&quot;,\&quot;valor\&quot;:2153.00,\&quot;parcelas\&quot;:26,\&quot;seguro\&quot;:true},{\&quot;id\&quot;:219,\&quot;nome\&quot;:\&quot;Gabriela\&quot;,\&quot;cpf\&quot;:\&quot;42148280374\&quot;,\&quot;email\&quot;:\&quot;marcos.darosa@gmail.com\&quot;,\&quot;valor\&quot;:2009.00,\&quot;parcelas\&quot;:25,\&quot;seguro\&quot;:true},{\&quot;id\&quot;:221,\&quot;nome\&quot;:\&quot;Karla\&quot;,\&quot;cpf\&quot;:\&quot;60702618536\&quot;,\&quot;email\&quot;:\&quot;tiago.delara@gmail.com\&quot;,\&quot;valor\&quot;:2962.00,\&quot;parcelas\&quot;:29,\&quot;seguro\&quot;:true},{\&quot;id\&quot;:223,\&quot;nome\&quot;:\&quot;Ana Vitória\&quot;,\&quot;cpf\&quot;:\&quot;46685091930\&quot;,\&quot;email\&quot;:\&quot;pedrolucas.deoliveira@bol.com.br\&quot;,\&quot;valor\&quot;:2370.00,\&quot;parcelas\&quot;:49,\&quot;seguro\&quot;:true},{\&quot;id\&quot;:225,\&quot;nome\&quot;:\&quot;Tomás\&quot;,\&quot;cpf\&quot;:\&quot;03955443753\&quot;,\&quot;email\&quot;:\&quot;clara.rego@hotmail.com\&quot;,\&quot;valor\&quot;:2971.00,\&quot;parcelas\&quot;:27,\&quot;seguro\&quot;:true},{\&quot;id\&quot;:227,\&quot;nome\&quot;:\&quot;Vinícius\&quot;,\&quot;cpf\&quot;:\&quot;45466023754\&quot;,\&quot;email\&quot;:\&quot;helio.solimoes@live.com\&quot;,\&quot;valor\&quot;:999.00,\&quot;parcelas\&quot;:28,\&quot;seguro\&quot;:true},{\&quot;id\&quot;:230,\&quot;nome\&quot;:\&quot;Rebeca\&quot;,\&quot;cpf\&quot;:\&quot;43396258135\&quot;,\&quot;email\&quot;:\&quot;pedrohenrique.barreto@hotmail.com\&quot;,\&quot;valor\&quot;:2885.00,\&quot;parcelas\&quot;:20,\&quot;seguro\&quot;:true},{\&quot;id\&quot;:234,\&quot;nome\&quot;:\&quot;Antonia\&quot;,\&quot;cpf\&quot;:\&quot;30282882796\&quot;,\&quot;email\&quot;:\&quot;alice.lima@yahoo.com\&quot;,\&quot;valor\&quot;:2998.00,\&quot;parcelas\&quot;:26,\&quot;seguro\&quot;:true},{\&quot;id\&quot;:235,\&quot;nome\&quot;:\&quot;Talita\&quot;,\&quot;cpf\&quot;:\&quot;63755409884\&quot;,\&quot;email\&quot;:\&quot;alice.barreira@live.com\&quot;,\&quot;valor\&quot;:2283.00,\&quot;parcelas\&quot;:26,\&quot;seguro\&quot;:true},{\&quot;id\&quot;:237,\&quot;nome\&quot;:\&quot;Maria Eduarda\&quot;,\&quot;cpf\&quot;:\&quot;83206577672\&quot;,\&quot;email\&quot;:\&quot;fabiano.moniz@live.com\&quot;,\&quot;valor\&quot;:2533.00,\&quot;parcelas\&quot;:24,\&quot;seguro\&quot;:true},{\&quot;id\&quot;:238,\&quot;nome\&quot;:\&quot;Theo\&quot;,\&quot;cpf\&quot;:\&quot;44912850552\&quot;,\&quot;email\&quot;:\&quot;luan.bulhoes@live.com\&quot;,\&quot;valor\&quot;:2846.00,\&quot;parcelas\&quot;:27,\&quot;seguro\&quot;:true},{\&quot;id\&quot;:241,\&quot;nome\&quot;:\&quot;Maria Eduarda\&quot;,\&quot;cpf\&quot;:\&quot;26396396029\&quot;,\&quot;email\&quot;:\&quot;marli.castelo@hotmail.com\&quot;,\&quot;valor\&quot;:2439.00,\&quot;parcelas\&quot;:20,\&quot;seguro\&quot;:true},{\&quot;id\&quot;:242,\&quot;nome\&quot;:\&quot;Marina\&quot;,\&quot;cpf\&quot;:\&quot;12069885530\&quot;,\&quot;email\&quot;:\&quot;ryan.filgueira@gmail.com\&quot;,\&quot;valor\&quot;:2529.00,\&quot;parcelas\&quot;:49,\&quot;seguro\&quot;:true},{\&quot;id\&quot;:245,\&quot;nome\&quot;:\&quot;Luiz Felipe\&quot;,\&quot;cpf\&quot;:\&quot;75384291309\&quot;,\&quot;email\&quot;:\&quot;ana.mangueira@live.com\&quot;,\&quot;valor\&quot;:2896.00,\&quot;parcelas\&quot;:26,\&quot;seguro\&quot;:true},{\&quot;id\&quot;:249,\&quot;nome\&quot;:\&quot;Ana Júlia\&quot;,\&quot;cpf\&quot;:\&quot;29066048610\&quot;,\&quot;email\&quot;:\&quot;livia.dequadros@live.com\&quot;,\&quot;valor\&quot;:999.00,\&quot;parcelas\&quot;:24,\&quot;seguro\&quot;:true},{\&quot;id\&quot;:250,\&quot;nome\&quot;:\&quot;Mariana\&quot;,\&quot;cpf\&quot;:\&quot;11778564864\&quot;,\&quot;email\&quot;:\&quot;marialuiza.rameira@hotmail.com\&quot;,\&quot;valor\&quot;:2298.00,\&quot;parcelas\&quot;:25,\&quot;seguro\&quot;:true},{\&quot;id\&quot;:257,\&quot;nome\&quot;:\&quot;Isabela\&quot;,\&quot;cpf\&quot;:\&quot;44939269604\&quot;,\&quot;email\&quot;:\&quot;joaosamuel.bernardes@gmail.com\&quot;,\&quot;valor\&quot;:2383.00,\&quot;parcelas\&quot;:24,\&quot;seguro\&quot;:true},{\&quot;id\&quot;:256,\&quot;nome\&quot;:\&quot;Carlos Eduardo\&quot;,\&quot;cpf\&quot;:\&quot;70182543141\&quot;,\&quot;email\&quot;:\&quot;luizhenrique.matoso@gmail.com\&quot;,\&quot;valor\&quot;:2700.00,\&quot;parcelas\&quot;:48,\&quot;seguro\&quot;:true},{\&quot;id\&quot;:255,\&quot;nome\&quot;:\&quot;Marli\&quot;,\&quot;cpf\&quot;:\&quot;02782523072\&quot;,\&quot;email\&quot;:\&quot;leticia.barreto@live.com\&quot;,\&quot;valor\&quot;:2595.00,\&quot;parcelas\&quot;:22,\&quot;seguro\&quot;:true},{\&quot;id\&quot;:260,\&quot;nome\&quot;:\&quot;Ricardo\&quot;,\&quot;cpf\&quot;:\&quot;52418920066\&quot;,\&quot;email\&quot;:\&quot;pietra.carneiro@bol.com.br\&quot;,\&quot;valor\&quot;:2025.00,\&quot;parcelas\&quot;:25,\&quot;seguro\&quot;:true},{\&quot;id\&quot;:261,\&quot;nome\&quot;:\&quot;Ana Lívia\&quot;,\&quot;cpf\&quot;:\&quot;58650639743\&quot;,\&quot;email\&quot;:\&quot;emanuelly.meira@yahoo.com\&quot;,\&quot;valor\&quot;:2834.00,\&quot;parcelas\&quot;:49,\&quot;seguro\&quot;:true},{\&quot;id\&quot;:262,\&quot;nome\&quot;:\&quot;Luana\&quot;,\&quot;cpf\&quot;:\&quot;14103969153\&quot;,\&quot;email\&quot;:\&quot;isaac.rios@yahoo.com\&quot;,\&quot;valor\&quot;:2803.00,\&quot;parcelas\&quot;:26,\&quot;seguro\&quot;:true},{\&quot;id\&quot;:265,\&quot;nome\&quot;:\&quot;João Lucas\&quot;,\&quot;cpf\&quot;:\&quot;12723837629\&quot;,\&quot;email\&quot;:\&quot;mariaalice.alvares@yahoo.com\&quot;,\&quot;valor\&quot;:2188.00,\&quot;parcelas\&quot;:24,\&quot;seguro\&quot;:true},{\&quot;id\&quot;:268,\&quot;nome\&quot;:\&quot;Elisa\&quot;,\&quot;cpf\&quot;:\&quot;54911182645\&quot;,\&quot;email\&quot;:\&quot;enrico.pires@yahoo.com\&quot;,\&quot;valor\&quot;:999.00,\&quot;parcelas\&quot;:27,\&quot;seguro\&quot;:true},{\&quot;id\&quot;:270,\&quot;nome\&quot;:\&quot;Thomas\&quot;,\&quot;cpf\&quot;:\&quot;60104878252\&quot;,\&quot;email\&quot;:\&quot;julia.rezende@yahoo.com\&quot;,\&quot;valor\&quot;:2390.00,\&quot;parcelas\&quot;:27,\&quot;seguro\&quot;:true},{\&quot;id\&quot;:273,\&quot;nome\&quot;:\&quot;Luiz Gustavo\&quot;,\&quot;cpf\&quot;:\&quot;02207865883\&quot;,\&quot;email\&quot;:\&quot;manuela.barreto@live.com\&quot;,\&quot;valor\&quot;:2706.00,\&quot;parcelas\&quot;:24,\&quot;seguro\&quot;:true},{\&quot;id\&quot;:277,\&quot;nome\&quot;:\&quot;Alexandre\&quot;,\&quot;cpf\&quot;:\&quot;33475909407\&quot;,\&quot;email\&quot;:\&quot;joaopedro.chaves@hotmail.com\&quot;,\&quot;valor\&quot;:2252.00,\&quot;parcelas\&quot;:23,\&quot;seguro\&quot;:true},{\&quot;id\&quot;:276,\&quot;nome\&quot;:\&quot;Luna\&quot;,\&quot;cpf\&quot;:\&quot;13130756678\&quot;,\&quot;email\&quot;:\&quot;silas.marcondes@hotmail.com\&quot;,\&quot;valor\&quot;:2803.00,\&quot;parcelas\&quot;:24,\&quot;seguro\&quot;:true},{\&quot;id\&quot;:280,\&quot;nome\&quot;:\&quot;Ana Laura\&quot;,\&quot;cpf\&quot;:\&quot;31362720095\&quot;,\&quot;email\&quot;:\&quot;clarice.reis@gmail.com\&quot;,\&quot;valor\&quot;:2288.00,\&quot;parcelas\&quot;:20,\&quot;seguro\&quot;:true},{\&quot;id\&quot;:281,\&quot;nome\&quot;:\&quot;Nicole\&quot;,\&quot;cpf\&quot;:\&quot;14127360940\&quot;,\&quot;email\&quot;:\&quot;joaquim.dagama@gmail.com\&quot;,\&quot;valor\&quot;:2749.00,\&quot;parcelas\&quot;:49,\&quot;seguro\&quot;:true},{\&quot;id\&quot;:283,\&quot;nome\&quot;:\&quot;Bernardo\&quot;,\&quot;cpf\&quot;:\&quot;83518245529\&quot;,\&quot;email\&quot;:\&quot;daniel.dasilva@bol.com.br\&quot;,\&quot;valor\&quot;:2154.00,\&quot;parcelas\&quot;:20,\&quot;seguro\&quot;:true},{\&quot;id\&quot;:285,\&quot;nome\&quot;:\&quot;Célia\&quot;,\&quot;cpf\&quot;:\&quot;83639185538\&quot;,\&quot;email\&quot;:\&quot;pedrotobias.ribeiro@hotmail.com\&quot;,\&quot;valor\&quot;:2801.00,\&quot;parcelas\&quot;:24,\&quot;seguro\&quot;:true},{\&quot;id\&quot;:288,\&quot;nome\&quot;:\&quot;Matheus\&quot;,\&quot;cpf\&quot;:\&quot;73199815924\&quot;,\&quot;email\&quot;:\&quot;tiago.rios@hotmail.com\&quot;,\&quot;valor\&quot;:999.00,\&quot;parcelas\&quot;:27,\&quot;seguro\&quot;:true},{\&quot;id\&quot;:290,\&quot;nome\&quot;:\&quot;Eduarda\&quot;,\&quot;cpf\&quot;:\&quot;43846649695\&quot;,\&quot;email\&quot;:\&quot;alicia.silva@bol.com.br\&quot;,\&quot;valor\&quot;:2513.00,\&quot;parcelas\&quot;:29,\&quot;seguro\&quot;:true},{\&quot;id\&quot;:296,\&quot;nome\&quot;:\&quot;Maria Eduarda\&quot;,\&quot;cpf\&quot;:\&quot;74048882247\&quot;,\&quot;email\&quot;:\&quot;sophia.jesus@gmail.com\&quot;,\&quot;valor\&quot;:2269.00,\&quot;parcelas\&quot;:24,\&quot;seguro\&quot;:true},{\&quot;id\&quot;:293,\&quot;nome\&quot;:\&quot;Luiz Otávio\&quot;,\&quot;cpf\&quot;:\&quot;00991736821\&quot;,\&quot;email\&quot;:\&quot;analivia.junqueira@hotmail.com\&quot;,\&quot;valor\&quot;:2445.00,\&quot;parcelas\&quot;:26,\&quot;seguro\&quot;:true},{\&quot;id\&quot;:297,\&quot;nome\&quot;:\&quot;Rebeca\&quot;,\&quot;cpf\&quot;:\&quot;88862066486\&quot;,\&quot;email\&quot;:\&quot;gabriela.darosa@live.com\&quot;,\&quot;valor\&quot;:2162.00,\&quot;parcelas\&quot;:21,\&quot;seguro\&quot;:true},{\&quot;id\&quot;:301,\&quot;nome\&quot;:\&quot;Heitor\&quot;,\&quot;cpf\&quot;:\&quot;80662546862\&quot;,\&quot;email\&quot;:\&quot;caua.pinto@gmail.com\&quot;,\&quot;valor\&quot;:2599.00,\&quot;parcelas\&quot;:29,\&quot;seguro\&quot;:true},{\&quot;id\&quot;:302,\&quot;nome\&quot;:\&quot;João Victor\&quot;,\&quot;cpf\&quot;:\&quot;02603881576\&quot;,\&quot;email\&quot;:\&quot;anacecilia.xavier@live.com\&quot;,\&quot;valor\&quot;:2532.00,\&quot;parcelas\&quot;:49,\&quot;seguro\&quot;:true},{\&quot;id\&quot;:305,\&quot;nome\&quot;:\&quot;Nathan\&quot;,\&quot;cpf\&quot;:\&quot;73664225026\&quot;,\&quot;email\&quot;:\&quot;victor.muniz@live.com\&quot;,\&quot;valor\&quot;:2624.00,\&quot;parcelas\&quot;:25,\&quot;seguro\&quot;:true},{\&quot;id\&quot;:307,\&quot;nome\&quot;:\&quot;Maria Valentina\&quot;,\&quot;cpf\&quot;:\&quot;25395472758\&quot;,\&quot;email\&quot;:\&quot;ofelia.monteiro@yahoo.com\&quot;,\&quot;valor\&quot;:999.00,\&quot;parcelas\&quot;:29,\&quot;seguro\&quot;:true},{\&quot;id\&quot;:310,\&quot;nome\&quot;:\&quot;Luiz Miguel\&quot;,\&quot;cpf\&quot;:\&quot;41410403724\&quot;,\&quot;email\&quot;:\&quot;daviludmer.martim@bol.com.br\&quot;,\&quot;valor\&quot;:2250.00,\&quot;parcelas\&quot;:24,\&quot;seguro\&quot;:true},{\&quot;id\&quot;:312,\&quot;nome\&quot;:\&quot;Isabela\&quot;,\&quot;cpf\&quot;:\&quot;42483489322\&quot;,\&quot;email\&quot;:\&quot;roberta.silveira@live.com\&quot;,\&quot;valor\&quot;:2547.00,\&quot;parcelas\&quot;:23,\&quot;seguro\&quot;:true},{\&quot;id\&quot;:313,\&quot;nome\&quot;:\&quot;Ana Sophia\&quot;,\&quot;cpf\&quot;:\&quot;30348002627\&quot;,\&quot;email\&quot;:\&quot;mariafernanda.passarinho@bol.com.br\&quot;,\&quot;valor\&quot;:2322.00,\&quot;parcelas\&quot;:24,\&quot;seguro\&quot;:true},{\&quot;id\&quot;:314,\&quot;nome\&quot;:\&quot;Catarina\&quot;,\&quot;cpf\&quot;:\&quot;89646458456\&quot;,\&quot;email\&quot;:\&quot;mariah.barroso@bol.com.br\&quot;,\&quot;valor\&quot;:2998.00,\&quot;parcelas\&quot;:23,\&quot;seguro\&quot;:true},{\&quot;id\&quot;:317,\&quot;nome\&quot;:\&quot;Vinicius\&quot;,\&quot;cpf\&quot;:\&quot;52335715292\&quot;,\&quot;email\&quot;:\&quot;marcia.dagama@gmail.com\&quot;,\&quot;valor\&quot;:2565.00,\&quot;parcelas\&quot;:20,\&quot;seguro\&quot;:true},{\&quot;id\&quot;:320,\&quot;nome\&quot;:\&quot;Eduarda\&quot;,\&quot;cpf\&quot;:\&quot;46182876805\&quot;,\&quot;email\&quot;:\&quot;gubio.araujo@gmail.com\&quot;,\&quot;valor\&quot;:2250.00,\&quot;parcelas\&quot;:23,\&quot;seguro\&quot;:true},{\&quot;id\&quot;:321,\&quot;nome\&quot;:\&quot;Ian\&quot;,\&quot;cpf\&quot;:\&quot;54860978545\&quot;,\&quot;email\&quot;:\&quot;anavitoria.longuinho@gmail.com\&quot;,\&quot;valor\&quot;:2134.00,\&quot;parcelas\&quot;:49,\&quot;seguro\&quot;:true},{\&quot;id\&quot;:323,\&quot;nome\&quot;:\&quot;Ofélia\&quot;,\&quot;cpf\&quot;:\&quot;80037876456\&quot;,\&quot;email\&quot;:\&quot;nataniel.bomdia@hotmail.com\&quot;,\&quot;valor\&quot;:2235.00,\&quot;parcelas\&quot;:26,\&quot;seguro\&quot;:true},{\&quot;id\&quot;:325,\&quot;nome\&quot;:\&quot;Cauã\&quot;,\&quot;cpf\&quot;:\&quot;31502110450\&quot;,\&quot;email\&quot;:\&quot;mariajulia.antunes@bol.com.br\&quot;,\&quot;valor\&quot;:2387.00,\&quot;parcelas\&quot;:26,\&quot;seguro\&quot;:true},{\&quot;id\&quot;:328,\&quot;nome\&quot;:\&quot;Luiz Felipe\&quot;,\&quot;cpf\&quot;:\&quot;47811889985\&quot;,\&quot;email\&quot;:\&quot;raul.farias@hotmail.com\&quot;,\&quot;valor\&quot;:999.00,\&quot;parcelas\&quot;:29,\&quot;seguro\&quot;:true},{\&quot;id\&quot;:330,\&quot;nome\&quot;:\&quot;Amanda\&quot;,\&quot;cpf\&quot;:\&quot;44248164093\&quot;,\&quot;email\&quot;:\&quot;ana.aguiar@yahoo.com\&quot;,\&quot;valor\&quot;:2792.00,\&quot;parcelas\&quot;:25,\&quot;seguro\&quot;:true},{\&quot;id\&quot;:334,\&quot;nome\&quot;:\&quot;Liz\&quot;,\&quot;cpf\&quot;:\&quot;35555167734\&quot;,\&quot;email\&quot;:\&quot;joaovitor.doprado@live.com\&quot;,\&quot;valor\&quot;:2539.00,\&quot;parcelas\&quot;:24,\&quot;seguro\&quot;:true},{\&quot;id\&quot;:335,\&quot;nome\&quot;:\&quot;Antônio\&quot;,\&quot;cpf\&quot;:\&quot;07466039481\&quot;,\&quot;email\&quot;:\&quot;emilly.fogaca@live.com\&quot;,\&quot;valor\&quot;:2467.00,\&quot;parcelas\&quot;:27,\&quot;seguro\&quot;:true},{\&quot;id\&quot;:336,\&quot;nome\&quot;:\&quot;Maria Sophia\&quot;,\&quot;cpf\&quot;:\&quot;73248349562\&quot;,\&quot;email\&quot;:\&quot;mariavitoria.amoreira@hotmail.com\&quot;,\&quot;valor\&quot;:2269.00,\&quot;parcelas\&quot;:26,\&quot;seguro\&quot;:true},{\&quot;id\&quot;:341,\&quot;nome\&quot;:\&quot;Félix\&quot;,\&quot;cpf\&quot;:\&quot;99270330664\&quot;,\&quot;email\&quot;:\&quot;isabelly.matoso@gmail.com\&quot;,\&quot;valor\&quot;:2774.00,\&quot;parcelas\&quot;:48,\&quot;seguro\&quot;:true},{\&quot;id\&quot;:342,\&quot;nome\&quot;:\&quot;Ana Sophia\&quot;,\&quot;cpf\&quot;:\&quot;04584312133\&quot;,\&quot;email\&quot;:\&quot;eduardo.garcez@live.com\&quot;,\&quot;valor\&quot;:2789.00,\&quot;parcelas\&quot;:23,\&quot;seguro\&quot;:true},{\&quot;id\&quot;:343,\&quot;nome\&quot;:\&quot;Marina\&quot;,\&quot;cpf\&quot;:\&quot;49556330985\&quot;,\&quot;email\&quot;:\&quot;natalia.aroeira@gmail.com\&quot;,\&quot;valor\&quot;:2877.00,\&quot;parcelas\&quot;:49,\&quot;seguro\&quot;:true},{\&quot;id\&quot;:347,\&quot;nome\&quot;:\&quot;Ana Júlia\&quot;,\&quot;cpf\&quot;:\&quot;04016908056\&quot;,\&quot;email\&quot;:\&quot;ian.dequadros@yahoo.com\&quot;,\&quot;valor\&quot;:2204.00,\&quot;parcelas\&quot;:21,\&quot;seguro\&quot;:true},{\&quot;id\&quot;:349,\&quot;nome\&quot;:\&quot;César\&quot;,\&quot;cpf\&quot;:\&quot;57832485063\&quot;,\&quot;email\&quot;:\&quot;marialuiza.veloso@bol.com.br\&quot;,\&quot;valor\&quot;:999.00,\&quot;parcelas\&quot;:29,\&quot;seguro\&quot;:true},{\&quot;id\&quot;:352,\&quot;nome\&quot;:\&quot;Davi\&quot;,\&quot;cpf\&quot;:\&quot;95847360532\&quot;,\&quot;email\&quot;:\&quot;mariaclara.teixeira@yahoo.com\&quot;,\&quot;valor\&quot;:2044.00,\&quot;parcelas\&quot;:28,\&quot;seguro\&quot;:true},{\&quot;id\&quot;:353,\&quot;nome\&quot;:\&quot;Aurora\&quot;,\&quot;cpf\&quot;:\&quot;45872656598\&quot;,\&quot;email\&quot;:\&quot;silvia.freitas@gmail.com\&quot;,\&quot;valor\&quot;:2299.00,\&quot;parcelas\&quot;:27,\&quot;seguro\&quot;:true},{\&quot;id\&quot;:399,\&quot;nome\&quot;:\&quot;Isabel\&quot;,\&quot;cpf\&quot;:\&quot;27774953940\&quot;,\&quot;email\&quot;:\&quot;lucas.teixeira@yahoo.com\&quot;,\&quot;valor\&quot;:2159.00,\&quot;parcelas\&quot;:21,\&quot;seguro\&quot;:true},{\&quot;id\&quot;:400,\&quot;nome\&quot;:\&quot;Mércia\&quot;,\&quot;cpf\&quot;:\&quot;18503266386\&quot;,\&quot;email\&quot;:\&quot;isabela.bomdia@live.com\&quot;,\&quot;valor\&quot;:2195.00,\&quot;parcelas\&quot;:49,\&quot;seguro\&quot;:true},{\&quot;id\&quot;:404,\&quot;nome\&quot;:\&quot;Samuel\&quot;,\&quot;cpf\&quot;:\&quot;39212052496\&quot;,\&quot;email\&quot;:\&quot;valentina.mendes@gmail.com\&quot;,\&quot;valor\&quot;:999.00,\&quot;parcelas\&quot;:22,\&quot;seguro\&quot;:true},{\&quot;id\&quot;:406,\&quot;nome\&quot;:\&quot;João Gabriel\&quot;,\&quot;cpf\&quot;:\&quot;85473529418\&quot;,\&quot;email\&quot;:\&quot;joaolucas.delins@yahoo.com\&quot;,\&quot;valor\&quot;:2046.00,\&quot;parcelas\&quot;:21,\&quot;seguro\&quot;:true},{\&quot;id\&quot;:411,\&quot;nome\&quot;:\&quot;Rebeca\&quot;,\&quot;cpf\&quot;:\&quot;75090453513\&quot;,\&quot;email\&quot;:\&quot;rafael.pinto@gmail.com\&quot;,\&quot;valor\&quot;:2523.00,\&quot;parcelas\&quot;:27,\&quot;seguro\&quot;:true},{\&quot;id\&quot;:412,\&quot;nome\&quot;:\&quot;Gael\&quot;,\&quot;cpf\&quot;:\&quot;33115548872\&quot;,\&quot;email\&quot;:\&quot;paula.dorneles@yahoo.com\&quot;,\&quot;valor\&quot;:2744.00,\&quot;parcelas\&quot;:22,\&quot;seguro\&quot;:true},{\&quot;id\&quot;:413,\&quot;nome\&quot;:\&quot;Maria Sophia\&quot;,\&quot;cpf\&quot;:\&quot;15915431763\&quot;,\&quot;email\&quot;:\&quot;camila.dabarranca@yahoo.com\&quot;,\&quot;valor\&quot;:2655.00,\&quot;parcelas\&quot;:26,\&quot;seguro\&quot;:true},{\&quot;id\&quot;:415,\&quot;nome\&quot;:\&quot;Marli\&quot;,\&quot;cpf\&quot;:\&quot;60723050668\&quot;,\&quot;email\&quot;:\&quot;mariaalice.bulhoes@bol.com.br\&quot;,\&quot;valor\&quot;:2519.00,\&quot;parcelas\&quot;:29,\&quot;seguro\&quot;:true},{\&quot;id\&quot;:416,\&quot;nome\&quot;:\&quot;Cauã\&quot;,\&quot;cpf\&quot;:\&quot;52273372989\&quot;,\&quot;email\&quot;:\&quot;enzomiguel.caldeira@live.com\&quot;,\&quot;valor\&quot;:2221.00,\&quot;parcelas\&quot;:28,\&quot;seguro\&quot;:true},{\&quot;id\&quot;:414,\&quot;nome\&quot;:\&quot;Olívia\&quot;,\&quot;cpf\&quot;:\&quot;00101348596\&quot;,\&quot;email\&quot;:\&quot;joaofelipe.pires@gmail.com\&quot;,\&quot;valor\&quot;:2532.00,\&quot;parcelas\&quot;:29,\&quot;seguro\&quot;:true},{\&quot;id\&quot;:423,\&quot;nome\&quot;:\&quot;Sophia\&quot;,\&quot;cpf\&quot;:\&quot;73362955107\&quot;,\&quot;email\&quot;:\&quot;mariafernanda.dias@gmail.com\&quot;,\&quot;valor\&quot;:2757.00,\&quot;parcelas\&quot;:27,\&quot;seguro\&quot;:true},{\&quot;id\&quot;:424,\&quot;nome\&quot;:\&quot;Antônio\&quot;,\&quot;cpf\&quot;:\&quot;56447767199\&quot;,\&quot;email\&quot;:\&quot;joaosamuel.gentil@yahoo.com\&quot;,\&quot;valor\&quot;:2976.00,\&quot;parcelas\&quot;:29,\&quot;seguro\&quot;:true},{\&quot;id\&quot;:426,\&quot;nome\&quot;:\&quot;Maria Isis\&quot;,\&quot;cpf\&quot;:\&quot;74700958591\&quot;,\&quot;email\&quot;:\&quot;catarina.antunes@gmail.com\&quot;,\&quot;valor\&quot;:2641.00,\&quot;parcelas\&quot;:24,\&quot;seguro\&quot;:true},{\&quot;id\&quot;:428,\&quot;nome\&quot;:\&quot;Francisco\&quot;,\&quot;cpf\&quot;:\&quot;64024203655\&quot;,\&quot;email\&quot;:\&quot;gubio.dantas@bol.com.br\&quot;,\&quot;valor\&quot;:999.00,\&quot;parcelas\&quot;:27,\&quot;seguro\&quot;:true},{\&quot;id\&quot;:429,\&quot;nome\&quot;:\&quot;Liz\&quot;,\&quot;cpf\&quot;:\&quot;43963950416\&quot;,\&quot;email\&quot;:\&quot;marialaura.batista@bol.com.br\&quot;,\&quot;valor\&quot;:2171.00,\&quot;parcelas\&quot;:29,\&quot;seguro\&quot;:true},{\&quot;id\&quot;:431,\&quot;nome\&quot;:\&quot;Alessandro\&quot;,\&quot;cpf\&quot;:\&quot;28256494681\&quot;,\&quot;email\&quot;:\&quot;sophie.fontinhas@live.com\&quot;,\&quot;valor\&quot;:2026.00,\&quot;parcelas\&quot;:49,\&quot;seguro\&quot;:true},{\&quot;id\&quot;:436,\&quot;nome\&quot;:\&quot;Isis\&quot;,\&quot;cpf\&quot;:\&quot;31042811692\&quot;,\&quot;email\&quot;:\&quot;louise.damota@yahoo.com\&quot;,\&quot;valor\&quot;:2163.00,\&quot;parcelas\&quot;:27,\&quot;seguro\&quot;:true},{\&quot;id\&quot;:437,\&quot;nome\&quot;:\&quot;Talita\&quot;,\&quot;cpf\&quot;:\&quot;44280876808\&quot;,\&quot;email\&quot;:\&quot;alessandro.carneiro@hotmail.com\&quot;,\&quot;valor\&quot;:2025.00,\&quot;parcelas\&quot;:20,\&quot;seguro\&quot;:true},{\&quot;id\&quot;:440,\&quot;nome\&quot;:\&quot;Otávio\&quot;,\&quot;cpf\&quot;:\&quot;42695070148\&quot;,\&quot;email\&quot;:\&quot;isabela.paes@hotmail.com\&quot;,\&quot;valor\&quot;:2797.00,\&quot;parcelas\&quot;:49,\&quot;seguro\&quot;:true},{\&quot;id\&quot;:357,\&quot;nome\&quot;:\&quot;Lucas\&quot;,\&quot;cpf\&quot;:\&quot;36802664029\&quot;,\&quot;email\&quot;:\&quot;antonella.lessa@gmail.com\&quot;,\&quot;valor\&quot;:2507.00,\&quot;parcelas\&quot;:23,\&quot;seguro\&quot;:true},{\&quot;id\&quot;:356,\&quot;nome\&quot;:\&quot;Sílvia\&quot;,\&quot;cpf\&quot;:\&quot;16747376207\&quot;,\&quot;email\&quot;:\&quot;elisa.macieira@live.com\&quot;,\&quot;valor\&quot;:2284.00,\&quot;parcelas\&quot;:23,\&quot;seguro\&quot;:true},{\&quot;id\&quot;:361,\&quot;nome\&quot;:\&quot;Fabrícia\&quot;,\&quot;cpf\&quot;:\&quot;23380870555\&quot;,\&quot;email\&quot;:\&quot;ana.reboucas@bol.com.br\&quot;,\&quot;valor\&quot;:2038.00,\&quot;parcelas\&quot;:21,\&quot;seguro\&quot;:true},{\&quot;id\&quot;:362,\&quot;nome\&quot;:\&quot;Maria Fernanda\&quot;,\&quot;cpf\&quot;:\&quot;59609729761\&quot;,\&quot;email\&quot;:\&quot;adriana.teixeira@hotmail.com\&quot;,\&quot;valor\&quot;:2801.00,\&quot;parcelas\&quot;:49,\&quot;seguro\&quot;:true},{\&quot;id\&quot;:366,\&quot;nome\&quot;:\&quot;Vinicius\&quot;,\&quot;cpf\&quot;:\&quot;32288813716\&quot;,\&quot;email\&quot;:\&quot;gabrielly.delins@live.com\&quot;,\&quot;valor\&quot;:2303.00,\&quot;parcelas\&quot;:26,\&quot;seguro\&quot;:true},{\&quot;id\&quot;:369,\&quot;nome\&quot;:\&quot;Lavínia\&quot;,\&quot;cpf\&quot;:\&quot;77092883136\&quot;,\&quot;email\&quot;:\&quot;francisca.alvares@gmail.com\&quot;,\&quot;valor\&quot;:2916.00,\&quot;parcelas\&quot;:22,\&quot;seguro\&quot;:true},{\&quot;id\&quot;:370,\&quot;nome\&quot;:\&quot;Heitor\&quot;,\&quot;cpf\&quot;:\&quot;26457519942\&quot;,\&quot;email\&quot;:\&quot;lorenzo.cavalcanti@bol.com.br\&quot;,\&quot;valor\&quot;:999.00,\&quot;parcelas\&quot;:22,\&quot;seguro\&quot;:true},{\&quot;id\&quot;:372,\&quot;nome\&quot;:\&quot;Pedro\&quot;,\&quot;cpf\&quot;:\&quot;51823889363\&quot;,\&quot;email\&quot;:\&quot;catarina.esteves@yahoo.com\&quot;,\&quot;valor\&quot;:2957.00,\&quot;parcelas\&quot;:23,\&quot;seguro\&quot;:true},{\&quot;id\&quot;:377,\&quot;nome\&quot;:\&quot;Erick\&quot;,\&quot;cpf\&quot;:\&quot;83109436838\&quot;,\&quot;email\&quot;:\&quot;rodrigo.daveiga@bol.com.br\&quot;,\&quot;valor\&quot;:2167.00,\&quot;parcelas\&quot;:21,\&quot;seguro\&quot;:true},{\&quot;id\&quot;:375,\&quot;nome\&quot;:\&quot;Levi\&quot;,\&quot;cpf\&quot;:\&quot;69704476839\&quot;,\&quot;email\&quot;:\&quot;bianca.albuquerque@hotmail.com\&quot;,\&quot;valor\&quot;:2854.00,\&quot;parcelas\&quot;:21,\&quot;seguro\&quot;:true},{\&quot;id\&quot;:374,\&quot;nome\&quot;:\&quot;Milena\&quot;,\&quot;cpf\&quot;:\&quot;06829187865\&quot;,\&quot;email\&quot;:\&quot;luiza.dequadros@gmail.com\&quot;,\&quot;valor\&quot;:2116.00,\&quot;parcelas\&quot;:25,\&quot;seguro\&quot;:true},{\&quot;id\&quot;:381,\&quot;nome\&quot;:\&quot;Washington\&quot;,\&quot;cpf\&quot;:\&quot;00635573221\&quot;,\&quot;email\&quot;:\&quot;marli.godins@yahoo.com\&quot;,\&quot;valor\&quot;:2226.00,\&quot;parcelas\&quot;:21,\&quot;seguro\&quot;:true},{\&quot;id\&quot;:382,\&quot;nome\&quot;:\&quot;Antonella\&quot;,\&quot;cpf\&quot;:\&quot;38235075492\&quot;,\&quot;email\&quot;:\&quot;enzomiguel.soares@yahoo.com\&quot;,\&quot;valor\&quot;:2764.00,\&quot;parcelas\&quot;:24,\&quot;seguro\&quot;:true},{\&quot;id\&quot;:384,\&quot;nome\&quot;:\&quot;Mariana\&quot;,\&quot;cpf\&quot;:\&quot;80323031401\&quot;,\&quot;email\&quot;:\&quot;enzogabriel.cachoeira@live.com\&quot;,\&quot;valor\&quot;:2512.00,\&quot;parcelas\&quot;:25,\&quot;seguro\&quot;:true},{\&quot;id\&quot;:386,\&quot;nome\&quot;:\&quot;Gabrielly\&quot;,\&quot;cpf\&quot;:\&quot;79390627357\&quot;,\&quot;email\&quot;:\&quot;cecilia.dapenha@gmail.com\&quot;,\&quot;valor\&quot;:2336.00,\&quot;parcelas\&quot;:49,\&quot;seguro\&quot;:true},{\&quot;id\&quot;:389,\&quot;nome\&quot;:\&quot;Dalila\&quot;,\&quot;cpf\&quot;:\&quot;69751259380\&quot;,\&quot;email\&quot;:\&quot;mariaalice.parreira@yahoo.com\&quot;,\&quot;valor\&quot;:999.00,\&quot;parcelas\&quot;:22,\&quot;seguro\&quot;:true},{\&quot;id\&quot;:392,\&quot;nome\&quot;:\&quot;Fernando\&quot;,\&quot;cpf\&quot;:\&quot;25783293997\&quot;,\&quot;email\&quot;:\&quot;vicente.ambrosio@live.com\&quot;,\&quot;valor\&quot;:2021.00,\&quot;parcelas\&quot;:23,\&quot;seguro\&quot;:true},{\&quot;id\&quot;:396,\&quot;nome\&quot;:\&quot;Mariah\&quot;,\&quot;cpf\&quot;:\&quot;26735100672\&quot;,\&quot;email\&quot;:\&quot;anabeatriz.ramos@gmail.com\&quot;,\&quot;valor\&quot;:2760.00,\&quot;parcelas\&quot;:20,\&quot;seguro\&quot;:true},{\&quot;id\&quot;:397,\&quot;nome\&quot;:\&quot;Ana Laura\&quot;,\&quot;cpf\&quot;:\&quot;02228420025\&quot;,\&quot;email\&quot;:\&quot;mathias.roseira@live.com\&quot;,\&quot;valor\&quot;:2560.00,\&quot;parcelas\&quot;:28,\&quot;seguro\&quot;:true},{\&quot;id\&quot;:441,\&quot;nome\&quot;:\&quot;Bruna\&quot;,\&quot;cpf\&quot;:\&quot;41020032009\&quot;,\&quot;email\&quot;:\&quot;emanuelly.longuinho@yahoo.com\&quot;,\&quot;valor\&quot;:2583.00,\&quot;parcelas\&quot;:22,\&quot;seguro\&quot;:true},{\&quot;id\&quot;:446,\&quot;nome\&quot;:\&quot;Júlio\&quot;,\&quot;cpf\&quot;:\&quot;88616038955\&quot;,\&quot;email\&quot;:\&quot;murilo.dias@live.com\&quot;,\&quot;valor\&quot;:999.00,\&quot;parcelas\&quot;:27,\&quot;seguro\&quot;:true},{\&quot;id\&quot;:447,\&quot;nome\&quot;:\&quot;Allana\&quot;,\&quot;cpf\&quot;:\&quot;66296664547\&quot;,\&quot;email\&quot;:\&quot;ayla.monteiro@bol.com.br\&quot;,\&quot;valor\&quot;:2007.00,\&quot;parcelas\&quot;:22,\&quot;seguro\&quot;:true},{\&quot;id\&quot;:451,\&quot;nome\&quot;:\&quot;Isis\&quot;,\&quot;cpf\&quot;:\&quot;41570739707\&quot;,\&quot;email\&quot;:\&quot;vinicius.figueira@gmail.com\&quot;,\&quot;valor\&quot;:2425.00,\&quot;parcelas\&quot;:25,\&quot;seguro\&quot;:true},{\&quot;id\&quot;:452,\&quot;nome\&quot;:\&quot;Levi\&quot;,\&quot;cpf\&quot;:\&quot;45811148588\&quot;,\&quot;email\&quot;:\&quot;mariaflor.marcondes@yahoo.com\&quot;,\&quot;valor\&quot;:2495.00,\&quot;parcelas\&quot;:29,\&quot;seguro\&quot;:true},{\&quot;id\&quot;:453,\&quot;nome\&quot;:\&quot;Maria Flor\&quot;,\&quot;cpf\&quot;:\&quot;05119358053\&quot;,\&quot;email\&quot;:\&quot;luiz.ribeira@live.com\&quot;,\&quot;valor\&quot;:2796.00,\&quot;parcelas\&quot;:29,\&quot;seguro\&quot;:true},{\&quot;id\&quot;:455,\&quot;nome\&quot;:\&quot;Enzo Miguel\&quot;,\&quot;cpf\&quot;:\&quot;50254581874\&quot;,\&quot;email\&quot;:\&quot;olivia.leiria@yahoo.com\&quot;,\&quot;valor\&quot;:2431.00,\&quot;parcelas\&quot;:22,\&quot;seguro\&quot;:true},{\&quot;id\&quot;:457,\&quot;nome\&quot;:\&quot;João Miguel\&quot;,\&quot;cpf\&quot;:\&quot;33068094891\&quot;,\&quot;email\&quot;:\&quot;giovanna.dafonseca@bol.com.br\&quot;,\&quot;valor\&quot;:2071.00,\&quot;parcelas\&quot;:28,\&quot;seguro\&quot;:true},{\&quot;id\&quot;:454,\&quot;nome\&quot;:\&quot;Giulia\&quot;,\&quot;cpf\&quot;:\&quot;40319322780\&quot;,\&quot;email\&quot;:\&quot;isabela.teles@live.com\&quot;,\&quot;valor\&quot;:2104.00,\&quot;parcelas\&quot;:23,\&quot;seguro\&quot;:true},{\&quot;id\&quot;:459,\&quot;nome\&quot;:\&quot;Allana\&quot;,\&quot;cpf\&quot;:\&quot;13250430923\&quot;,\&quot;email\&quot;:\&quot;luan.ferreira@bol.com.br\&quot;,\&quot;valor\&quot;:2662.00,\&quot;parcelas\&quot;:26,\&quot;seguro\&quot;:true},{\&quot;id\&quot;:460,\&quot;nome\&quot;:\&quot;Antonella\&quot;,\&quot;cpf\&quot;:\&quot;06574868656\&quot;,\&quot;email\&quot;:\&quot;luizgustavo.guedes@live.com\&quot;,\&quot;valor\&quot;:2486.00,\&quot;parcelas\&quot;:22,\&quot;seguro\&quot;:true},{\&quot;id\&quot;:461,\&quot;nome\&quot;:\&quot;Fábio\&quot;,\&quot;cpf\&quot;:\&quot;44233715928\&quot;,\&quot;email\&quot;:\&quot;luiza.coutinho@bol.com.br\&quot;,\&quot;valor\&quot;:2173.00,\&quot;parcelas\&quot;:49,\&quot;seguro\&quot;:true},{\&quot;id\&quot;:466,\&quot;nome\&quot;:\&quot;Pérola\&quot;,\&quot;cpf\&quot;:\&quot;13729191639\&quot;,\&quot;email\&quot;:\&quot;daviluiz.crespo@bol.com.br\&quot;,\&quot;valor\&quot;:2426.00,\&quot;parcelas\&quot;:29,\&quot;seguro\&quot;:true},{\&quot;id\&quot;:467,\&quot;nome\&quot;:\&quot;Maitê\&quot;,\&quot;cpf\&quot;:\&quot;00783886646\&quot;,\&quot;email\&quot;:\&quot;joaquim.oliveira@bol.com.br\&quot;,\&quot;valor\&quot;:999.00,\&quot;parcelas\&quot;:29,\&quot;seguro\&quot;:true},{\&quot;id\&quot;:469,\&quot;nome\&quot;:\&quot;Isabelly\&quot;,\&quot;cpf\&quot;:\&quot;92009690144\&quot;,\&quot;email\&quot;:\&quot;enrico.ribeira@gmail.com\&quot;,\&quot;valor\&quot;:2524.00,\&quot;parcelas\&quot;:23,\&quot;seguro\&quot;:true},{\&quot;id\&quot;:477,\&quot;nome\&quot;:\&quot;Mirella\&quot;,\&quot;cpf\&quot;:\&quot;24939807583\&quot;,\&quot;email\&quot;:\&quot;fabricio.ribas@hotmail.com\&quot;,\&quot;valor\&quot;:2995.00,\&quot;parcelas\&quot;:26,\&quot;seguro\&quot;:true},{\&quot;id\&quot;:478,\&quot;nome\&quot;:\&quot;Maria Fernanda\&quot;,\&quot;cpf\&quot;:\&quot;54783786738\&quot;,\&quot;email\&quot;:\&quot;clara.arriaga@gmail.com\&quot;,\&quot;valor\&quot;:2101.00,\&quot;parcelas\&quot;:21,\&quot;seguro\&quot;:true},{\&quot;id\&quot;:481,\&quot;nome\&quot;:\&quot;Yago\&quot;,\&quot;cpf\&quot;:\&quot;25223094423\&quot;,\&quot;email\&quot;:\&quot;giovanna.ambrosio@gmail.com\&quot;,\&quot;valor\&quot;:2191.00,\&quot;parcelas\&quot;:27,\&quot;seguro\&quot;:true},{\&quot;id\&quot;:480,\&quot;nome\&quot;:\&quot;Calebe\&quot;,\&quot;cpf\&quot;:\&quot;27558704331\&quot;,\&quot;email\&quot;:\&quot;luizotavio.assumpcao@yahoo.com\&quot;,\&quot;valor\&quot;:2428.00,\&quot;parcelas\&quot;:49,\&quot;seguro\&quot;:true},{\&quot;id\&quot;:529,\&quot;nome\&quot;:\&quot;João Felipe\&quot;,\&quot;cpf\&quot;:\&quot;32748837185\&quot;,\&quot;email\&quot;:\&quot;joaosamuel.gentil@live.com\&quot;,\&quot;valor\&quot;:2381.00,\&quot;parcelas\&quot;:29,\&quot;seguro\&quot;:true},{\&quot;id\&quot;:530,\&quot;nome\&quot;:\&quot;André\&quot;,\&quot;cpf\&quot;:\&quot;90286432430\&quot;,\&quot;email\&quot;:\&quot;deneval.espinheira@live.com\&quot;,\&quot;valor\&quot;:2484.00,\&quot;parcelas\&quot;:29,\&quot;seguro\&quot;:true},{\&quot;id\&quot;:531,\&quot;nome\&quot;:\&quot;Helena\&quot;,\&quot;cpf\&quot;:\&quot;89124451709\&quot;,\&quot;email\&quot;:\&quot;anacecilia.deassuncao@gmail.com\&quot;,\&quot;valor\&quot;:2814.00,\&quot;parcelas\&quot;:28,\&quot;seguro\&quot;:true},{\&quot;id\&quot;:534,\&quot;nome\&quot;:\&quot;Emanuel\&quot;,\&quot;cpf\&quot;:\&quot;13605575809\&quot;,\&quot;email\&quot;:\&quot;camila.cachoeira@yahoo.com\&quot;,\&quot;valor\&quot;:2308.00,\&quot;parcelas\&quot;:21,\&quot;seguro\&quot;:true},{\&quot;id\&quot;:535,\&quot;nome\&quot;:\&quot;Sara\&quot;,\&quot;cpf\&quot;:\&quot;39590069600\&quot;,\&quot;email\&quot;:\&quot;yasmin.beltrao@yahoo.com\&quot;,\&quot;valor\&quot;:2129.00,\&quot;parcelas\&quot;:21,\&quot;seguro\&quot;:true},{\&quot;id\&quot;:537,\&quot;nome\&quot;:\&quot;Marina\&quot;,\&quot;cpf\&quot;:\&quot;98494349393\&quot;,\&quot;email\&quot;:\&quot;luizmiguel.ordonhes@live.com\&quot;,\&quot;valor\&quot;:2977.00,\&quot;parcelas\&quot;:28,\&quot;seguro\&quot;:true},{\&quot;id\&quot;:538,\&quot;nome\&quot;:\&quot;Isis\&quot;,\&quot;cpf\&quot;:\&quot;37247673394\&quot;,\&quot;email\&quot;:\&quot;isabela.aragao@hotmail.com\&quot;,\&quot;valor\&quot;:2241.00,\&quot;parcelas\&quot;:49,\&quot;seguro\&quot;:true},{\&quot;id\&quot;:542,\&quot;nome\&quot;:\&quot;Ana Lívia\&quot;,\&quot;cpf\&quot;:\&quot;64630966619\&quot;,\&quot;email\&quot;:\&quot;mariaclara.damota@live.com\&quot;,\&quot;valor\&quot;:999.00,\&quot;parcelas\&quot;:22,\&quot;seguro\&quot;:true},{\&quot;id\&quot;:544,\&quot;nome\&quot;:\&quot;Maria Cecília\&quot;,\&quot;cpf\&quot;:\&quot;93425402913\&quot;,\&quot;email\&quot;:\&quot;mariaeduarda.castanho@gmail.com\&quot;,\&quot;valor\&quot;:2381.00,\&quot;parcelas\&quot;:25,\&quot;seguro\&quot;:true},{\&quot;id\&quot;:549,\&quot;nome\&quot;:\&quot;Sílvia\&quot;,\&quot;cpf\&quot;:\&quot;58488772764\&quot;,\&quot;email\&quot;:\&quot;luizmiguel.siqueiro@live.com\&quot;,\&quot;valor\&quot;:2453.00,\&quot;parcelas\&quot;:24,\&quot;seguro\&quot;:true},{\&quot;id\&quot;:550,\&quot;nome\&quot;:\&quot;Gabriela\&quot;,\&quot;cpf\&quot;:\&quot;10905994788\&quot;,\&quot;email\&quot;:\&quot;luizhenrique.ribeiro@live.com\&quot;,\&quot;valor\&quot;:2919.00,\&quot;parcelas\&quot;:22,\&quot;seguro\&quot;:true},{\&quot;id\&quot;:551,\&quot;nome\&quot;:\&quot;Mariana\&quot;,\&quot;cpf\&quot;:\&quot;74472969441\&quot;,\&quot;email\&quot;:\&quot;davilucas.barreira@hotmail.com\&quot;,\&quot;valor\&quot;:2352.00,\&quot;parcelas\&quot;:20,\&quot;seguro\&quot;:true},{\&quot;id\&quot;:555,\&quot;nome\&quot;:\&quot;Kauê\&quot;,\&quot;cpf\&quot;:\&quot;95270514405\&quot;,\&quot;email\&quot;:\&quot;adriana.sales@live.com\&quot;,\&quot;valor\&quot;:2808.00,\&quot;parcelas\&quot;:28,\&quot;seguro\&quot;:true},{\&quot;id\&quot;:552,\&quot;nome\&quot;:\&quot;Letícia\&quot;,\&quot;cpf\&quot;:\&quot;32172007951\&quot;,\&quot;email\&quot;:\&quot;heloisa.silveira@hotmail.com\&quot;,\&quot;valor\&quot;:2512.00,\&quot;parcelas\&quot;:28,\&quot;seguro\&quot;:true},{\&quot;id\&quot;:554,\&quot;nome\&quot;:\&quot;Isabelly\&quot;,\&quot;cpf\&quot;:\&quot;66911991881\&quot;,\&quot;email\&quot;:\&quot;melissa.jaques@gmail.com\&quot;,\&quot;valor\&quot;:2561.00,\&quot;parcelas\&quot;:22,\&quot;seguro\&quot;:true},{\&quot;id\&quot;:561,\&quot;nome\&quot;:\&quot;Morgana\&quot;,\&quot;cpf\&quot;:\&quot;97819002766\&quot;,\&quot;email\&quot;:\&quot;paula.almeida@bol.com.br\&quot;,\&quot;valor\&quot;:2060.00,\&quot;parcelas\&quot;:28,\&quot;seguro\&quot;:true},{\&quot;id\&quot;:562,\&quot;nome\&quot;:\&quot;Ana Sophia\&quot;,\&quot;cpf\&quot;:\&quot;10938923357\&quot;,\&quot;email\&quot;:\&quot;davi.hermingues@live.com\&quot;,\&quot;valor\&quot;:2685.00,\&quot;parcelas\&quot;:49,\&quot;seguro\&quot;:true},{\&quot;id\&quot;:563,\&quot;nome\&quot;:\&quot;Marcia\&quot;,\&quot;cpf\&quot;:\&quot;86483765681\&quot;,\&quot;email\&quot;:\&quot;lucas.moreno@bol.com.br\&quot;,\&quot;valor\&quot;:2269.00,\&quot;parcelas\&quot;:20,\&quot;seguro\&quot;:true},{\&quot;id\&quot;:567,\&quot;nome\&quot;:\&quot;Emanuelly\&quot;,\&quot;cpf\&quot;:\&quot;35506164883\&quot;,\&quot;email\&quot;:\&quot;yango.rolim@yahoo.com\&quot;,\&quot;valor\&quot;:2434.00,\&quot;parcelas\&quot;:20,\&quot;seguro\&quot;:true},{\&quot;id\&quot;:569,\&quot;nome\&quot;:\&quot;Camila\&quot;,\&quot;cpf\&quot;:\&quot;98056883959\&quot;,\&quot;email\&quot;:\&quot;kaique.deassuncao@yahoo.com\&quot;,\&quot;valor\&quot;:999.00,\&quot;parcelas\&quot;:29,\&quot;seguro\&quot;:true},{\&quot;id\&quot;:487,\&quot;nome\&quot;:\&quot;Marina\&quot;,\&quot;cpf\&quot;:\&quot;37527628198\&quot;,\&quot;email\&quot;:\&quot;francisco.dacunha@hotmail.com\&quot;,\&quot;valor\&quot;:999.00,\&quot;parcelas\&quot;:21,\&quot;seguro\&quot;:true},{\&quot;id\&quot;:490,\&quot;nome\&quot;:\&quot;Henrique\&quot;,\&quot;cpf\&quot;:\&quot;34818495686\&quot;,\&quot;email\&quot;:\&quot;clarice.duarte@hotmail.com\&quot;,\&quot;valor\&quot;:2951.00,\&quot;parcelas\&quot;:25,\&quot;seguro\&quot;:true},{\&quot;id\&quot;:492,\&quot;nome\&quot;:\&quot;Arthur Gabriel\&quot;,\&quot;cpf\&quot;:\&quot;46336918034\&quot;,\&quot;email\&quot;:\&quot;pedro.limeira@gmail.com\&quot;,\&quot;valor\&quot;:2207.00,\&quot;parcelas\&quot;:48,\&quot;seguro\&quot;:true},{\&quot;id\&quot;:493,\&quot;nome\&quot;:\&quot;Rebeca\&quot;,\&quot;cpf\&quot;:\&quot;82257820353\&quot;,\&quot;email\&quot;:\&quot;washington.cruz@gmail.com\&quot;,\&quot;valor\&quot;:2021.00,\&quot;parcelas\&quot;:20,\&quot;seguro\&quot;:true},{\&quot;id\&quot;:494,\&quot;nome\&quot;:\&quot;Maria Helena\&quot;,\&quot;cpf\&quot;:\&quot;17023168539\&quot;,\&quot;email\&quot;:\&quot;agatha.neves@gmail.com\&quot;,\&quot;valor\&quot;:2476.00,\&quot;parcelas\&quot;:24,\&quot;seguro\&quot;:true},{\&quot;id\&quot;:495,\&quot;nome\&quot;:\&quot;Letícia\&quot;,\&quot;cpf\&quot;:\&quot;39478139322\&quot;,\&quot;email\&quot;:\&quot;julio.godins@bol.com.br\&quot;,\&quot;valor\&quot;:2641.00,\&quot;parcelas\&quot;:21,\&quot;seguro\&quot;:true},{\&quot;id\&quot;:496,\&quot;nome\&quot;:\&quot;Ruan\&quot;,\&quot;cpf\&quot;:\&quot;11610718894\&quot;,\&quot;email\&quot;:\&quot;arthurhenrique.lopes@live.com\&quot;,\&quot;valor\&quot;:2982.00,\&quot;parcelas\&quot;:26,\&quot;seguro\&quot;:true},{\&quot;id\&quot;:502,\&quot;nome\&quot;:\&quot;Hélio\&quot;,\&quot;cpf\&quot;:\&quot;75127345440\&quot;,\&quot;email\&quot;:\&quot;clarice.caldeira@bol.com.br\&quot;,\&quot;valor\&quot;:2352.00,\&quot;parcelas\&quot;:28,\&quot;seguro\&quot;:true},{\&quot;id\&quot;:503,\&quot;nome\&quot;:\&quot;Felícia\&quot;,\&quot;cpf\&quot;:\&quot;88257847505\&quot;,\&quot;email\&quot;:\&quot;juliana.carreira@hotmail.com\&quot;,\&quot;valor\&quot;:2894.00,\&quot;parcelas\&quot;:49,\&quot;seguro\&quot;:true},{\&quot;id\&quot;:508,\&quot;nome\&quot;:\&quot;Pietra\&quot;,\&quot;cpf\&quot;:\&quot;44694928979\&quot;,\&quot;email\&quot;:\&quot;joao.hernandes@gmail.com\&quot;,\&quot;valor\&quot;:999.00,\&quot;parcelas\&quot;:20,\&quot;seguro\&quot;:true},{\&quot;id\&quot;:511,\&quot;nome\&quot;:\&quot;Giovanna\&quot;,\&quot;cpf\&quot;:\&quot;58312257065\&quot;,\&quot;email\&quot;:\&quot;olivia.garcez@yahoo.com\&quot;,\&quot;valor\&quot;:2931.00,\&quot;parcelas\&quot;:29,\&quot;seguro\&quot;:true},{\&quot;id\&quot;:514,\&quot;nome\&quot;:\&quot;Arthur Miguel\&quot;,\&quot;cpf\&quot;:\&quot;76374029803\&quot;,\&quot;email\&quot;:\&quot;ofelia.ouriques@yahoo.com\&quot;,\&quot;valor\&quot;:2970.00,\&quot;parcelas\&quot;:29,\&quot;seguro\&quot;:true},{\&quot;id\&quot;:515,\&quot;nome\&quot;:\&quot;Marcela\&quot;,\&quot;cpf\&quot;:\&quot;36051963109\&quot;,\&quot;email\&quot;:\&quot;benicio.henriques@live.com\&quot;,\&quot;valor\&quot;:2428.00,\&quot;parcelas\&quot;:26,\&quot;seguro\&quot;:true},{\&quot;id\&quot;:517,\&quot;nome\&quot;:\&quot;Sílvia\&quot;,\&quot;cpf\&quot;:\&quot;62616775670\&quot;,\&quot;email\&quot;:\&quot;leonardo.coutinho@bol.com.br\&quot;,\&quot;valor\&quot;:2480.00,\&quot;parcelas\&quot;:27,\&quot;seguro\&quot;:true},{\&quot;id\&quot;:518,\&quot;nome\&quot;:\&quot;Maria Flor\&quot;,\&quot;cpf\&quot;:\&quot;09051623725\&quot;,\&quot;email\&quot;:\&quot;luiz.sanches@yahoo.com\&quot;,\&quot;valor\&quot;:2744.00,\&quot;parcelas\&quot;:49,\&quot;seguro\&quot;:true},{\&quot;id\&quot;:522,\&quot;nome\&quot;:\&quot;Rafaela\&quot;,\&quot;cpf\&quot;:\&quot;80843504447\&quot;,\&quot;email\&quot;:\&quot;maite.bittencourt@live.com\&quot;,\&quot;valor\&quot;:999.00,\&quot;parcelas\&quot;:24,\&quot;seguro\&quot;:true},{\&quot;id\&quot;:524,\&quot;nome\&quot;:\&quot;Lucca\&quot;,\&quot;cpf\&quot;:\&quot;87047186713\&quot;,\&quot;email\&quot;:\&quot;samuel.simoes@bol.com.br\&quot;,\&quot;valor\&quot;:2629.00,\&quot;parcelas\&quot;:25,\&quot;seguro\&quot;:true},{\&quot;id\&quot;:571,\&quot;nome\&quot;:\&quot;Allana\&quot;,\&quot;cpf\&quot;:\&quot;20570582849\&quot;,\&quot;email\&quot;:\&quot;marcelo.grotas@live.com\&quot;,\&quot;valor\&quot;:2446.00,\&quot;parcelas\&quot;:29,\&quot;seguro\&quot;:true},{\&quot;id\&quot;:574,\&quot;nome\&quot;:\&quot;Lucas Gabriel\&quot;,\&quot;cpf\&quot;:\&quot;07482710977\&quot;,\&quot;email\&quot;:\&quot;leticia.ordonhes@yahoo.com\&quot;,\&quot;valor\&quot;:2139.00,\&quot;parcelas\&quot;:20,\&quot;seguro\&quot;:true},{\&quot;id\&quot;:575,\&quot;nome\&quot;:\&quot;Bruno\&quot;,\&quot;cpf\&quot;:\&quot;71128395831\&quot;,\&quot;email\&quot;:\&quot;barbara.souza@live.com\&quot;,\&quot;valor\&quot;:2130.00,\&quot;parcelas\&quot;:29,\&quot;seguro\&quot;:true},{\&quot;id\&quot;:578,\&quot;nome\&quot;:\&quot;Emilly\&quot;,\&quot;cpf\&quot;:\&quot;28477279117\&quot;,\&quot;email\&quot;:\&quot;igor.moniz@gmail.com\&quot;,\&quot;valor\&quot;:2029.00,\&quot;parcelas\&quot;:21,\&quot;seguro\&quot;:true},{\&quot;id\&quot;:581,\&quot;nome\&quot;:\&quot;Davi\&quot;,\&quot;cpf\&quot;:\&quot;11146698561\&quot;,\&quot;email\&quot;:\&quot;emanuel.grotas@live.com\&quot;,\&quot;valor\&quot;:999.00,\&quot;parcelas\&quot;:22,\&quot;seguro\&quot;:true},{\&quot;id\&quot;:583,\&quot;nome\&quot;:\&quot;Maria Vitória\&quot;,\&quot;cpf\&quot;:\&quot;78978881751\&quot;,\&quot;email\&quot;:\&quot;ofelia.ornelas@gmail.com\&quot;,\&quot;valor\&quot;:2293.00,\&quot;parcelas\&quot;:49,\&quot;seguro\&quot;:true},{\&quot;id\&quot;:587,\&quot;nome\&quot;:\&quot;Davi Lucas\&quot;,\&quot;cpf\&quot;:\&quot;77464046753\&quot;,\&quot;email\&quot;:\&quot;allana.jesus@yahoo.com\&quot;,\&quot;valor\&quot;:2974.00,\&quot;parcelas\&quot;:23,\&quot;seguro\&quot;:true},{\&quot;id\&quot;:589,\&quot;nome\&quot;:\&quot;Gael\&quot;,\&quot;cpf\&quot;:\&quot;73768873952\&quot;,\&quot;email\&quot;:\&quot;lucca.resende@yahoo.com\&quot;,\&quot;valor\&quot;:2661.00,\&quot;parcelas\&quot;:24,\&quot;seguro\&quot;:true},{\&quot;id\&quot;:590,\&quot;nome\&quot;:\&quot;João Gabriel\&quot;,\&quot;cpf\&quot;:\&quot;21634140653\&quot;,\&quot;email\&quot;:\&quot;igor.galego@live.com\&quot;,\&quot;valor\&quot;:2839.00,\&quot;parcelas\&quot;:24,\&quot;seguro\&quot;:true},{\&quot;id\&quot;:591,\&quot;nome\&quot;:\&quot;Stella\&quot;,\&quot;cpf\&quot;:\&quot;09108443433\&quot;,\&quot;email\&quot;:\&quot;maya.dabandeira@live.com\&quot;,\&quot;valor\&quot;:2795.00,\&quot;parcelas\&quot;:28,\&quot;seguro\&quot;:true},{\&quot;id\&quot;:594,\&quot;nome\&quot;:\&quot;Carlos\&quot;,\&quot;cpf\&quot;:\&quot;75507544391\&quot;,\&quot;email\&quot;:\&quot;victor.raia@yahoo.com\&quot;,\&quot;valor\&quot;:2100.00,\&quot;parcelas\&quot;:26,\&quot;seguro\&quot;:true},{\&quot;id\&quot;:595,\&quot;nome\&quot;:\&quot;Alessandro\&quot;,\&quot;cpf\&quot;:\&quot;28749248880\&quot;,\&quot;email\&quot;:\&quot;otavio.nogueira@live.com\&quot;,\&quot;valor\&quot;:2568.00,\&quot;parcelas\&quot;:23,\&quot;seguro\&quot;:true},{\&quot;id\&quot;:597,\&quot;nome\&quot;:\&quot;Kaique\&quot;,\&quot;cpf\&quot;:\&quot;07343355147\&quot;,\&quot;email\&quot;:\&quot;washington.moraes@live.com\&quot;,\&quot;valor\&quot;:2466.00,\&quot;parcelas\&quot;:22,\&quot;seguro\&quot;:true},{\&quot;id\&quot;:598,\&quot;nome\&quot;:\&quot;Isabella\&quot;,\&quot;cpf\&quot;:\&quot;21431173117\&quot;,\&quot;email\&quot;:\&quot;felicia.reis@yahoo.com\&quot;,\&quot;valor\&quot;:2430.00,\&quot;parcelas\&quot;:49,\&quot;seguro\&quot;:true},{\&quot;id\&quot;:602,\&quot;nome\&quot;:\&quot;Yasmin\&quot;,\&quot;cpf\&quot;:\&quot;98324078955\&quot;,\&quot;email\&quot;:\&quot;roberto.quaresma@gmail.com\&quot;,\&quot;valor\&quot;:999.00,\&quot;parcelas\&quot;:23,\&quot;seguro\&quot;:true},{\&quot;id\&quot;:604,\&quot;nome\&quot;:\&quot;Cecília\&quot;,\&quot;cpf\&quot;:\&quot;32468074303\&quot;,\&quot;email\&quot;:\&quot;margarida.louzada@live.com\&quot;,\&quot;valor\&quot;:2348.00,\&quot;parcelas\&quot;:27,\&quot;seguro\&quot;:true},{\&quot;id\&quot;:609,\&quot;nome\&quot;:\&quot;Ofélia\&quot;,\&quot;cpf\&quot;:\&quot;73278017323\&quot;,\&quot;email\&quot;:\&quot;eloah.daaldeia@live.com\&quot;,\&quot;valor\&quot;:2600.00,\&quot;parcelas\&quot;:25,\&quot;seguro\&quot;:true},{\&quot;id\&quot;:610,\&quot;nome\&quot;:\&quot;Vicente\&quot;,\&quot;cpf\&quot;:\&quot;75189213953\&quot;,\&quot;email\&quot;:\&quot;luizgustavo.dafontoura@bol.com.br\&quot;,\&quot;valor\&quot;:2750.00,\&quot;parcelas\&quot;:28,\&quot;seguro\&quot;:true},{\&quot;id\&quot;:611,\&quot;nome\&quot;:\&quot;Isabella\&quot;,\&quot;cpf\&quot;:\&quot;64485666920\&quot;,\&quot;email\&quot;:\&quot;julio.videira@live.com\&quot;,\&quot;valor\&quot;:2191.00,\&quot;parcelas\&quot;:21,\&quot;seguro\&quot;:true},{\&quot;id\&quot;:614,\&quot;nome\&quot;:\&quot;Larissa\&quot;,\&quot;cpf\&quot;:\&quot;27435820539\&quot;,\&quot;email\&quot;:\&quot;frederico.dacunha@gmail.com\&quot;,\&quot;valor\&quot;:2462.00,\&quot;parcelas\&quot;:25,\&quot;seguro\&quot;:true},{\&quot;id\&quot;:612,\&quot;nome\&quot;:\&quot;Maria Vitória\&quot;,\&quot;cpf\&quot;:\&quot;70024701956\&quot;,\&quot;email\&quot;:\&quot;silvia.danobrega@gmail.com\&quot;,\&quot;valor\&quot;:2100.00,\&quot;parcelas\&quot;:28,\&quot;seguro\&quot;:true},{\&quot;id\&quot;:613,\&quot;nome\&quot;:\&quot;Igor\&quot;,\&quot;cpf\&quot;:\&quot;56582773768\&quot;,\&quot;email\&quot;:\&quot;bernardo.oliveira@live.com\&quot;,\&quot;valor\&quot;:2969.00,\&quot;parcelas\&quot;:29,\&quot;seguro\&quot;:true},{\&quot;id\&quot;:619,\&quot;nome\&quot;:\&quot;Maria Eduarda\&quot;,\&quot;cpf\&quot;:\&quot;20202333952\&quot;,\&quot;email\&quot;:\&quot;silvia.solimoes@hotmail.com\&quot;,\&quot;valor\&quot;:2202.00,\&quot;parcelas\&quot;:23,\&quot;seguro\&quot;:true},{\&quot;id\&quot;:620,\&quot;nome\&quot;:\&quot;Salvador\&quot;,\&quot;cpf\&quot;:\&quot;58325497969\&quot;,\&quot;email\&quot;:\&quot;emilly.diegues@hotmail.com\&quot;,\&quot;valor\&quot;:2500.00,\&quot;parcelas\&quot;:25,\&quot;seguro\&quot;:true},{\&quot;id\&quot;:621,\&quot;nome\&quot;:\&quot;Catarina\&quot;,\&quot;cpf\&quot;:\&quot;78207059191\&quot;,\&quot;email\&quot;:\&quot;giulia.damata@yahoo.com\&quot;,\&quot;valor\&quot;:2009.00,\&quot;parcelas\&quot;:26,\&quot;seguro\&quot;:true},{\&quot;id\&quot;:624,\&quot;nome\&quot;:\&quot;Malu\&quot;,\&quot;cpf\&quot;:\&quot;68457227314\&quot;,\&quot;email\&quot;:\&quot;emilly.garces@hotmail.com\&quot;,\&quot;valor\&quot;:2169.00,\&quot;parcelas\&quot;:49,\&quot;seguro\&quot;:true},{\&quot;id\&quot;:625,\&quot;nome\&quot;:\&quot;Allana\&quot;,\&quot;cpf\&quot;:\&quot;50110732904\&quot;,\&quot;email\&quot;:\&quot;marina.doprado@gmail.com\&quot;,\&quot;valor\&quot;:999.00,\&quot;parcelas\&quot;:28,\&quot;seguro\&quot;:true},{\&quot;id\&quot;:631,\&quot;nome\&quot;:\&quot;Davi\&quot;,\&quot;cpf\&quot;:\&quot;75822055947\&quot;,\&quot;email\&quot;:\&quot;vitorhugo.marins@bol.com.br\&quot;,\&quot;valor\&quot;:2763.00,\&quot;parcelas\&quot;:29,\&quot;seguro\&quot;:true},{\&quot;id\&quot;:634,\&quot;nome\&quot;:\&quot;Paulo\&quot;,\&quot;cpf\&quot;:\&quot;75250340462\&quot;,\&quot;email\&quot;:\&quot;ricardo.daveiga@yahoo.com\&quot;,\&quot;valor\&quot;:2840.00,\&quot;parcelas\&quot;:21,\&quot;seguro\&quot;:true},{\&quot;id\&quot;:632,\&quot;nome\&quot;:\&quot;Bianca\&quot;,\&quot;cpf\&quot;:\&quot;79982274247\&quot;,\&quot;email\&quot;:\&quot;isaac.ribeiro@yahoo.com\&quot;,\&quot;valor\&quot;:2509.00,\&quot;parcelas\&quot;:24,\&quot;seguro\&quot;:true},{\&quot;id\&quot;:635,\&quot;nome\&quot;:\&quot;Maria Laura\&quot;,\&quot;cpf\&quot;:\&quot;93880515054\&quot;,\&quot;email\&quot;:\&quot;vitorhugo.reis@yahoo.com\&quot;,\&quot;valor\&quot;:2197.00,\&quot;parcelas\&quot;:28,\&quot;seguro\&quot;:true},{\&quot;id\&quot;:639,\&quot;nome\&quot;:\&quot;Amanda\&quot;,\&quot;cpf\&quot;:\&quot;13145358871\&quot;,\&quot;email\&quot;:\&quot;marcia.franco@hotmail.com\&quot;,\&quot;valor\&quot;:2157.00,\&quot;parcelas\&quot;:23,\&quot;seguro\&quot;:true},{\&quot;id\&quot;:640,\&quot;nome\&quot;:\&quot;Alícia\&quot;,\&quot;cpf\&quot;:\&quot;53216019094\&quot;,\&quot;email\&quot;:\&quot;nicole.muniz@yahoo.com\&quot;,\&quot;valor\&quot;:2445.00,\&quot;parcelas\&quot;:27,\&quot;seguro\&quot;:true},{\&quot;id\&quot;:643,\&quot;nome\&quot;:\&quot;Júlia\&quot;,\&quot;cpf\&quot;:\&quot;60092444114\&quot;,\&quot;email\&quot;:\&quot;isabela.sales@hotmail.com\&quot;,\&quot;valor\&quot;:2223.00,\&quot;parcelas\&quot;:23,\&quot;seguro\&quot;:true},{\&quot;id\&quot;:644,\&quot;nome\&quot;:\&quot;Kauê\&quot;,\&quot;cpf\&quot;:\&quot;06410249077\&quot;,\&quot;email\&quot;:\&quot;ofelia.costa@hotmail.com\&quot;,\&quot;valor\&quot;:2097.00,\&quot;parcelas\&quot;:49,\&quot;seguro\&quot;:true},{\&quot;id\&quot;:650,\&quot;nome\&quot;:\&quot;Maria Alice\&quot;,\&quot;cpf\&quot;:\&quot;15572716702\&quot;,\&quot;email\&quot;:\&quot;luizmiguel.velasques@bol.com.br\&quot;,\&quot;valor\&quot;:2839.00,\&quot;parcelas\&quot;:21,\&quot;seguro\&quot;:true},{\&quot;id\&quot;:649,\&quot;nome\&quot;:\&quot;Ricardo\&quot;,\&quot;cpf\&quot;:\&quot;39986161912\&quot;,\&quot;email\&quot;:\&quot;suelen.lessa@live.com\&quot;,\&quot;valor\&quot;:999.00,\&quot;parcelas\&quot;:29,\&quot;seguro\&quot;:true},{\&quot;id\&quot;:652,\&quot;nome\&quot;:\&quot;João Samuel\&quot;,\&quot;cpf\&quot;:\&quot;32186137906\&quot;,\&quot;email\&quot;:\&quot;sophie.vimaranes@gmail.com\&quot;,\&quot;valor\&quot;:2379.00,\&quot;parcelas\&quot;:28,\&quot;seguro\&quot;:true},{\&quot;id\&quot;:654,\&quot;nome\&quot;:\&quot;Silas\&quot;,\&quot;cpf\&quot;:\&quot;91756132693\&quot;,\&quot;email\&quot;:\&quot;fabricio.tavares@live.com\&quot;,\&quot;valor\&quot;:2425.00,\&quot;parcelas\&quot;:28,\&quot;seguro\&quot;:true},{\&quot;id\&quot;:655,\&quot;nome\&quot;:\&quot;Otávio\&quot;,\&quot;cpf\&quot;:\&quot;04515212909\&quot;,\&quot;email\&quot;:\&quot;sara.dafonseca@gmail.com\&quot;,\&quot;valor\&quot;:2551.00,\&quot;parcelas\&quot;:25,\&quot;seguro\&quot;:true},{\&quot;id\&quot;:659,\&quot;nome\&quot;:\&quot;Maya\&quot;,\&quot;cpf\&quot;:\&quot;24476285854\&quot;,\&quot;email\&quot;:\&quot;mariaflor.ramalho@bol.com.br\&quot;,\&quot;valor\&quot;:2299.00,\&quot;parcelas\&quot;:27,\&quot;seguro\&quot;:true},{\&quot;id\&quot;:660,\&quot;nome\&quot;:\&quot;Benício\&quot;,\&quot;cpf\&quot;:\&quot;88219779162\&quot;,\&quot;email\&quot;:\&quot;noah.quaresma@gmail.com\&quot;,\&quot;valor\&quot;:2069.00,\&quot;parcelas\&quot;:20,\&quot;seguro\&quot;:true},{\&quot;id\&quot;:661,\&quot;nome\&quot;:\&quot;Gabriel\&quot;,\&quot;cpf\&quot;:\&quot;75181108241\&quot;,\&quot;email\&quot;:\&quot;leticia.vimaranes@hotmail.com\&quot;,\&quot;valor\&quot;:2057.00,\&quot;parcelas\&quot;:49,\&quot;seguro\&quot;:true},{\&quot;id\&quot;:664,\&quot;nome\&quot;:\&quot;Luna\&quot;,\&quot;cpf\&quot;:\&quot;32620299517\&quot;,\&quot;email\&quot;:\&quot;melissa.domingues@bol.com.br\&quot;,\&quot;valor\&quot;:2815.00,\&quot;parcelas\&quot;:22,\&quot;seguro\&quot;:true},{\&quot;id\&quot;:668,\&quot;nome\&quot;:\&quot;Ricardo\&quot;,\&quot;cpf\&quot;:\&quot;18112021737\&quot;,\&quot;email\&quot;:\&quot;maite.saraiva@bol.com.br\&quot;,\&quot;valor\&quot;:999.00,\&quot;parcelas\&quot;:22,\&quot;seguro\&quot;:true},{\&quot;id\&quot;:670,\&quot;nome\&quot;:\&quot;Suélen\&quot;,\&quot;cpf\&quot;:\&quot;52890701025\&quot;,\&quot;email\&quot;:\&quot;felix.novaes@hotmail.com\&quot;,\&quot;valor\&quot;:2099.00,\&quot;parcelas\&quot;:24,\&quot;seguro\&quot;:true},{\&quot;id\&quot;:674,\&quot;nome\&quot;:\&quot;Ricardo\&quot;,\&quot;cpf\&quot;:\&quot;68411259799\&quot;,\&quot;email\&quot;:\&quot;rafael.porto@live.com\&quot;,\&quot;valor\&quot;:2811.00,\&quot;parcelas\&quot;:24,\&quot;seguro\&quot;:true},{\&quot;id\&quot;:673,\&quot;nome\&quot;:\&quot;Davi Luca\&quot;,\&quot;cpf\&quot;:\&quot;82591128363\&quot;,\&quot;email\&quot;:\&quot;yago.siqueira@hotmail.com\&quot;,\&quot;valor\&quot;:2663.00,\&quot;parcelas\&quot;:27,\&quot;seguro\&quot;:true},{\&quot;id\&quot;:672,\&quot;nome\&quot;:\&quot;Nathan\&quot;,\&quot;cpf\&quot;:\&quot;40002997124\&quot;,\&quot;email\&quot;:\&quot;sophie.dafronteira@live.com\&quot;,\&quot;valor\&quot;:2798.00,\&quot;parcelas\&quot;:28,\&quot;seguro\&quot;:true},{\&quot;id\&quot;:677,\&quot;nome\&quot;:\&quot;João Samuel\&quot;,\&quot;cpf\&quot;:\&quot;55217527052\&quot;,\&quot;email\&quot;:\&quot;mariavitoria.madeira@bol.com.br\&quot;,\&quot;valor\&quot;:2435.00,\&quot;parcelas\&quot;:27,\&quot;seguro\&quot;:true},{\&quot;id\&quot;:678,\&quot;nome\&quot;:\&quot;Ana Clara\&quot;,\&quot;cpf\&quot;:\&quot;85093303384\&quot;,\&quot;email\&quot;:\&quot;luizfelipe.sa@bol.com.br\&quot;,\&quot;valor\&quot;:2799.00,\&quot;parcelas\&quot;:21,\&quot;seguro\&quot;:true},{\&quot;id\&quot;:679,\&quot;nome\&quot;:\&quot;Carolina\&quot;,\&quot;cpf\&quot;:\&quot;72057114587\&quot;,\&quot;email\&quot;:\&quot;isabelly.daterra@bol.com.br\&quot;,\&quot;valor\&quot;:2547.00,\&quot;parcelas\&quot;:49,\&quot;seguro\&quot;:true},{\&quot;id\&quot;:683,\&quot;nome\&quot;:\&quot;Víctor\&quot;,\&quot;cpf\&quot;:\&quot;53771510669\&quot;,\&quot;email\&quot;:\&quot;patricia.ribeira@yahoo.com\&quot;,\&quot;valor\&quot;:2761.00,\&quot;parcelas\&quot;:25,\&quot;seguro\&quot;:true},{\&quot;id\&quot;:685,\&quot;nome\&quot;:\&quot;Vitor\&quot;,\&quot;cpf\&quot;:\&quot;96355239792\&quot;,\&quot;email\&quot;:\&quot;joaosamuel.coutinho@hotmail.com\&quot;,\&quot;valor\&quot;:999.00,\&quot;parcelas\&quot;:20,\&quot;seguro\&quot;:true},{\&quot;id\&quot;:687,\&quot;nome\&quot;:\&quot;Marcela\&quot;,\&quot;cpf\&quot;:\&quot;40417334430\&quot;,\&quot;email\&quot;:\&quot;tomas.dagama@bol.com.br\&quot;,\&quot;valor\&quot;:2740.00,\&quot;parcelas\&quot;:24,\&quot;seguro\&quot;:true},{\&quot;id\&quot;:693,\&quot;nome\&quot;:\&quot;Leonardo\&quot;,\&quot;cpf\&quot;:\&quot;66069849674\&quot;,\&quot;email\&quot;:\&quot;isabelly.louzada@gmail.com\&quot;,\&quot;valor\&quot;:2646.00,\&quot;parcelas\&quot;:22,\&quot;seguro\&quot;:true},{\&quot;id\&quot;:695,\&quot;nome\&quot;:\&quot;Pedro Tobias\&quot;,\&quot;cpf\&quot;:\&quot;48624816245\&quot;,\&quot;email\&quot;:\&quot;clara.paes@bol.com.br\&quot;,\&quot;valor\&quot;:2826.00,\&quot;parcelas\&quot;:29,\&quot;seguro\&quot;:true},{\&quot;id\&quot;:694,\&quot;nome\&quot;:\&quot;Rebeca\&quot;,\&quot;cpf\&quot;:\&quot;73099160817\&quot;,\&quot;email\&quot;:\&quot;patricia.deoliveira@bol.com.br\&quot;,\&quot;valor\&quot;:2673.00,\&quot;parcelas\&quot;:28,\&quot;seguro\&quot;:true},{\&quot;id\&quot;:697,\&quot;nome\&quot;:\&quot;Gabrielly\&quot;,\&quot;cpf\&quot;:\&quot;45720487734\&quot;,\&quot;email\&quot;:\&quot;malu.delara@hotmail.com\&quot;,\&quot;valor\&quot;:2725.00,\&quot;parcelas\&quot;:21,\&quot;seguro\&quot;:true},{\&quot;id\&quot;:698,\&quot;nome\&quot;:\&quot;Arthur Henrique\&quot;,\&quot;cpf\&quot;:\&quot;08200650735\&quot;,\&quot;email\&quot;:\&quot;raul.damadureira@gmail.com\&quot;,\&quot;valor\&quot;:2641.00,\&quot;parcelas\&quot;:20,\&quot;seguro\&quot;:true},{\&quot;id\&quot;:699,\&quot;nome\&quot;:\&quot;Luan\&quot;,\&quot;cpf\&quot;:\&quot;38991588142\&quot;,\&quot;email\&quot;:\&quot;maite.daaldeia@hotmail.com\&quot;,\&quot;valor\&quot;:2227.00,\&quot;parcelas\&quot;:49,\&quot;seguro\&quot;:true},{\&quot;id\&quot;:704,\&quot;nome\&quot;:\&quot;Thiago\&quot;,\&quot;cpf\&quot;:\&quot;24785845188\&quot;,\&quot;email\&quot;:\&quot;emilly.alvares@yahoo.com\&quot;,\&quot;valor\&quot;:2340.00,\&quot;parcelas\&quot;:25,\&quot;seguro\&quot;:true},{\&quot;id\&quot;:705,\&quot;nome\&quot;:\&quot;Benjamin\&quot;,\&quot;cpf\&quot;:\&quot;53024697875\&quot;,\&quot;email\&quot;:\&quot;yasmin.fernandes@live.com\&quot;,\&quot;valor\&quot;:999.00,\&quot;parcelas\&quot;:21,\&quot;seguro\&quot;:true},{\&quot;id\&quot;:707,\&quot;nome\&quot;:\&quot;Gustavo\&quot;,\&quot;cpf\&quot;:\&quot;01094774945\&quot;,\&quot;email\&quot;:\&quot;antonella.barreto@hotmail.com\&quot;,\&quot;valor\&quot;:2079.00,\&quot;parcelas\&quot;:26,\&quot;seguro\&quot;:true},{\&quot;id\&quot;:715,\&quot;nome\&quot;:\&quot;Feliciano\&quot;,\&quot;cpf\&quot;:\&quot;85945267746\&quot;,\&quot;email\&quot;:\&quot;kleber.almada@live.com\&quot;,\&quot;valor\&quot;:2507.00,\&quot;parcelas\&quot;:27,\&quot;seguro\&quot;:true},{\&quot;id\&quot;:713,\&quot;nome\&quot;:\&quot;Enzo\&quot;,\&quot;cpf\&quot;:\&quot;19499164853\&quot;,\&quot;email\&quot;:\&quot;lucasgabriel.mendes@gmail.com\&quot;,\&quot;valor\&quot;:2275.00,\&quot;parcelas\&quot;:25,\&quot;seguro\&quot;:true},{\&quot;id\&quot;:714,\&quot;nome\&quot;:\&quot;Ana Clara\&quot;,\&quot;cpf\&quot;:\&quot;82504185483\&quot;,\&quot;email\&quot;:\&quot;eduardo.deassuncao@bol.com.br\&quot;,\&quot;valor\&quot;:2187.00,\&quot;parcelas\&quot;:25,\&quot;seguro\&quot;:true},{\&quot;id\&quot;:718,\&quot;nome\&quot;:\&quot;Elisa\&quot;,\&quot;cpf\&quot;:\&quot;98289447605\&quot;,\&quot;email\&quot;:\&quot;kaique.dacruz@hotmail.com\&quot;,\&quot;valor\&quot;:2026.00,\&quot;parcelas\&quot;:23,\&quot;seguro\&quot;:true},{\&quot;id\&quot;:719,\&quot;nome\&quot;:\&quot;Sirineu\&quot;,\&quot;cpf\&quot;:\&quot;06019185447\&quot;,\&quot;email\&quot;:\&quot;heitor.barroso@live.com\&quot;,\&quot;valor\&quot;:2673.00,\&quot;parcelas\&quot;:20,\&quot;seguro\&quot;:true},{\&quot;id\&quot;:720,\&quot;nome\&quot;:\&quot;Giovanna\&quot;,\&quot;cpf\&quot;:\&quot;14505843440\&quot;,\&quot;email\&quot;:\&quot;davi.dequadros@live.com\&quot;,\&quot;valor\&quot;:2050.00,\&quot;parcelas\&quot;:49,\&quot;seguro\&quot;:true},{\&quot;id\&quot;:724,\&quot;nome\&quot;:\&quot;Yasmin\&quot;,\&quot;cpf\&quot;:\&quot;57506533292\&quot;,\&quot;email\&quot;:\&quot;sophie.dapaz@gmail.com\&quot;,\&quot;valor\&quot;:2226.00,\&quot;parcelas\&quot;:24,\&quot;seguro\&quot;:true},{\&quot;id\&quot;:726,\&quot;nome\&quot;:\&quot;Rafael\&quot;,\&quot;cpf\&quot;:\&quot;11808889937\&quot;,\&quot;email\&quot;:\&quot;mariavitoria.viveiros@yahoo.com\&quot;,\&quot;valor\&quot;:999.00,\&quot;parcelas\&quot;:21,\&quot;seguro\&quot;:true},{\&quot;id\&quot;:728,\&quot;nome\&quot;:\&quot;Yago\&quot;,\&quot;cpf\&quot;:\&quot;25204273336\&quot;,\&quot;email\&quot;:\&quot;gael.guedes@live.com\&quot;,\&quot;valor\&quot;:2978.00,\&quot;parcelas\&quot;:20,\&quot;seguro\&quot;:true},{\&quot;id\&quot;:737,\&quot;nome\&quot;:\&quot;Gabriela\&quot;,\&quot;cpf\&quot;:\&quot;73116188872\&quot;,\&quot;email\&quot;:\&quot;yango.ramires@gmail.com\&quot;,\&quot;valor\&quot;:2492.00,\&quot;parcelas\&quot;:22,\&quot;seguro\&quot;:true},{\&quot;id\&quot;:734,\&quot;nome\&quot;:\&quot;Manuela\&quot;,\&quot;cpf\&quot;:\&quot;28704430503\&quot;,\&quot;email\&quot;:\&quot;samuel.corte@gmail.com\&quot;,\&quot;valor\&quot;:2448.00,\&quot;parcelas\&quot;:24,\&quot;seguro\&quot;:true},{\&quot;id\&quot;:736,\&quot;nome\&quot;:\&quot;Leonardo\&quot;,\&quot;cpf\&quot;:\&quot;08939562655\&quot;,\&quot;email\&quot;:\&quot;igor.godins@yahoo.com\&quot;,\&quot;valor\&quot;:2821.00,\&quot;parcelas\&quot;:24,\&quot;seguro\&quot;:true},{\&quot;id\&quot;:735,\&quot;nome\&quot;:\&quot;Amanda\&quot;,\&quot;cpf\&quot;:\&quot;37301235912\&quot;,\&quot;email\&quot;:\&quot;lais.sa@live.com\&quot;,\&quot;valor\&quot;:2182.00,\&quot;parcelas\&quot;:23,\&quot;seguro\&quot;:true},{\&quot;id\&quot;:739,\&quot;nome\&quot;:\&quot;Eduardo\&quot;,\&quot;cpf\&quot;:\&quot;93967430797\&quot;,\&quot;email\&quot;:\&quot;eduarda.paiva@yahoo.com\&quot;,\&quot;valor\&quot;:2094.00,\&quot;parcelas\&quot;:25,\&quot;seguro\&quot;:true},{\&quot;id\&quot;:740,\&quot;nome\&quot;:\&quot;Tertuliano\&quot;,\&quot;cpf\&quot;:\&quot;50963196626\&quot;,\&quot;email\&quot;:\&quot;joana.moraes@gmail.com\&quot;,\&quot;valor\&quot;:2890.00,\&quot;parcelas\&quot;:25,\&quot;seguro\&quot;:true},{\&quot;id\&quot;:741,\&quot;nome\&quot;:\&quot;Márcio\&quot;,\&quot;cpf\&quot;:\&quot;02729017819\&quot;,\&quot;email\&quot;:\&quot;bernardo.moreira@hotmail.com\&quot;,\&quot;valor\&quot;:2702.00,\&quot;parcelas\&quot;:49,\&quot;seguro\&quot;:true},{\&quot;id\&quot;:742,\&quot;nome\&quot;:\&quot;Giulia\&quot;,\&quot;cpf\&quot;:\&quot;72492303102\&quot;,\&quot;email\&quot;:\&quot;vitor.munhoz@hotmail.com\&quot;,\&quot;valor\&quot;:2154.00,\&quot;parcelas\&quot;:21,\&quot;seguro\&quot;:true},{\&quot;id\&quot;:744,\&quot;nome\&quot;:\&quot;Marcia\&quot;,\&quot;cpf\&quot;:\&quot;25807962451\&quot;,\&quot;email\&quot;:\&quot;marcelo.muniz@bol.com.br\&quot;,\&quot;valor\&quot;:2291.00,\&quot;parcelas\&quot;:29,\&quot;seguro\&quot;:true},{\&quot;id\&quot;:743,\&quot;nome\&quot;:\&quot;Carla\&quot;,\&quot;cpf\&quot;:\&quot;86482606820\&quot;,\&quot;email\&quot;:\&quot;luizotavio.lopes@live.com\&quot;,\&quot;valor\&quot;:2316.00,\&quot;parcelas\&quot;:2,\&quot;seguro\&quot;:true},{\&quot;id\&quot;:746,\&quot;nome\&quot;:\&quot;Margarida\&quot;,\&quot;cpf\&quot;:\&quot;08476521553\&quot;,\&quot;email\&quot;:\&quot;anacecilia.damota@live.com\&quot;,\&quot;valor\&quot;:999.00,\&quot;parcelas\&quot;:20,\&quot;seguro\&quot;:true},{\&quot;id\&quot;:747,\&quot;nome\&quot;:\&quot;Maya\&quot;,\&quot;cpf\&quot;:\&quot;33738572987\&quot;,\&quot;email\&quot;:\&quot;isabel.daveiga@hotmail.com\&quot;,\&quot;valor\&quot;:2154.00,\&quot;parcelas\&quot;:48,\&quot;seguro\&quot;:true},{\&quot;id\&quot;:748,\&quot;nome\&quot;:\&quot;Carolina\&quot;,\&quot;cpf\&quot;:\&quot;42856739879\&quot;,\&quot;email\&quot;:\&quot;gustavo.monteiro@hotmail.com\&quot;,\&quot;valor\&quot;:2513.00,\&quot;parcelas\&quot;:22,\&quot;seguro\&quot;:true},{\&quot;id\&quot;:749,\&quot;nome\&quot;:\&quot;Cecília\&quot;,\&quot;cpf\&quot;:\&quot;22123022949\&quot;,\&quot;email\&quot;:\&quot;rafaela.goncalves@hotmail.com\&quot;,\&quot;valor\&quot;:10000.00,\&quot;parcelas\&quot;:26,\&quot;seguro\&quot;:true},{\&quot;id\&quot;:751,\&quot;nome\&quot;:\&quot;Clarice\&quot;,\&quot;cpf\&quot;:\&quot;46664928201\&quot;,\&quot;email\&quot;:\&quot;joaovictor.modesto@bol.com.br\&quot;,\&quot;valor\&quot;:40000.00,\&quot;parcelas\&quot;:29,\&quot;seguro\&quot;:true},{\&quot;id\&quot;:752,\&quot;nome\&quot;:\&quot;Bruno\&quot;,\&quot;cpf\&quot;:\&quot;03141138643\&quot;,\&quot;email\&quot;:\&quot;miguel.espinhosa@gmail.com\&quot;,\&quot;valor\&quot;:2611.00,\&quot;parcelas\&quot;:25,\&quot;seguro\&quot;:true},{\&quot;id\&quot;:754,\&quot;nome\&quot;:\&quot;Milena\&quot;,\&quot;cpf\&quot;:\&quot;86388808839\&quot;,\&quot;email\&quot;:\&quot;kaue.damadureira@live.com\&quot;,\&quot;valor\&quot;:2725.00,\&quot;parcelas\&quot;:28,\&quot;seguro\&quot;:true},{\&quot;id\&quot;:759,\&quot;nome\&quot;:\&quot;Pedro Lucas\&quot;,\&quot;cpf\&quot;:\&quot;22120074016\&quot;,\&quot;email\&quot;:\&quot;fernando.ordonhes@yahoo.com\&quot;,\&quot;valor\&quot;:2194.00,\&quot;parcelas\&quot;:22,\&quot;seguro\&quot;:true},{\&quot;id\&quot;:761,\&quot;nome\&quot;:\&quot;Henry\&quot;,\&quot;cpf\&quot;:\&quot;91563605207\&quot;,\&quot;email\&quot;:\&quot;otavio.beltrao@live.com\&quot;,\&quot;valor\&quot;:2505.00,\&quot;parcelas\&quot;:29,\&quot;seguro\&quot;:true},{\&quot;id\&quot;:758,\&quot;nome\&quot;:\&quot;Ana Sophia\&quot;,\&quot;cpf\&quot;:\&quot;54014333616\&quot;,\&quot;email\&quot;:\&quot;lucca.marins@live.com\&quot;,\&quot;valor\&quot;:2039.00,\&quot;parcelas\&quot;:27,\&quot;seguro\&quot;:true},{\&quot;id\&quot;:766,\&quot;nome\&quot;:\&quot;Yasmin\&quot;,\&quot;cpf\&quot;:\&quot;48962545578\&quot;,\&quot;email\&quot;:\&quot;silas.franco@bol.com.br\&quot;,\&quot;valor\&quot;:2053.00,\&quot;parcelas\&quot;:22,\&quot;seguro\&quot;:true},{\&quot;id\&quot;:768,\&quot;nome\&quot;:\&quot;Bárbara\&quot;,\&quot;cpf\&quot;:\&quot;23653854380\&quot;,\&quot;email\&quot;:\&quot;maria.vieira@bol.com.br\&quot;,\&quot;valor\&quot;:2167.00,\&quot;parcelas\&quot;:25,\&quot;seguro\&quot;:true},{\&quot;id\&quot;:770,\&quot;nome\&quot;:\&quot;Gabriel\&quot;,\&quot;cpf\&quot;:\&quot;60408370900\&quot;,\&quot;email\&quot;:\&quot;enrico.longuinho@live.com\&quot;,\&quot;valor\&quot;:2147.00,\&quot;parcelas\&quot;:28,\&quot;seguro\&quot;:true},{\&quot;id\&quot;:771,\&quot;nome\&quot;:\&quot;Letícia\&quot;,\&quot;cpf\&quot;:\&quot;86065648333\&quot;,\&quot;email\&quot;:\&quot;suelen.moura@live.com\&quot;,\&quot;valor\&quot;:2209.00,\&quot;parcelas\&quot;:49,\&quot;seguro\&quot;:true},{\&quot;id\&quot;:773,\&quot;nome\&quot;:\&quot;Maria\&quot;,\&quot;cpf\&quot;:\&quot;24428231177\&quot;,\&quot;email\&quot;:\&quot;bento.muniz@gmail.com\&quot;,\&quot;valor\&quot;:2321.00,\&quot;parcelas\&quot;:20,\&quot;seguro\&quot;:true},{\&quot;id\&quot;:775,\&quot;nome\&quot;:\&quot;Vitória\&quot;,\&quot;cpf\&quot;:\&quot;92732433317\&quot;,\&quot;email\&quot;:\&quot;deneval.moreira@bol.com.br\&quot;,\&quot;valor\&quot;:999.00,\&quot;parcelas\&quot;:28,\&quot;seguro\&quot;:true},{\&quot;id\&quot;:780,\&quot;nome\&quot;:\&quot;Paula\&quot;,\&quot;cpf\&quot;:\&quot;69680846655\&quot;,\&quot;email\&quot;:\&quot;ryan.vasques@gmail.com\&quot;,\&quot;valor\&quot;:2911.00,\&quot;parcelas\&quot;:28,\&quot;seguro\&quot;:true},{\&quot;id\&quot;:779,\&quot;nome\&quot;:\&quot;Arthur\&quot;,\&quot;cpf\&quot;:\&quot;19124206730\&quot;,\&quot;email\&quot;:\&quot;fabiano.ribeiro@bol.com.br\&quot;,\&quot;valor\&quot;:2740.00,\&quot;parcelas\&quot;:28,\&quot;seguro\&quot;:true},{\&quot;id\&quot;:778,\&quot;nome\&quot;:\&quot;Núbia\&quot;,\&quot;cpf\&quot;:\&quot;40894633237\&quot;,\&quot;email\&quot;:\&quot;washington.regueira@hotmail.com\&quot;,\&quot;valor\&quot;:2408.00,\&quot;parcelas\&quot;:24,\&quot;seguro\&quot;:true},{\&quot;id\&quot;:786,\&quot;nome\&quot;:\&quot;Pablo\&quot;,\&quot;cpf\&quot;:\&quot;87471818091\&quot;,\&quot;email\&quot;:\&quot;analaura.barreira@gmail.com\&quot;,\&quot;valor\&quot;:2661.00,\&quot;parcelas\&quot;:20,\&quot;seguro\&quot;:true},{\&quot;id\&quot;:788,\&quot;nome\&quot;:\&quot;Levi\&quot;,\&quot;cpf\&quot;:\&quot;33630119023\&quot;,\&quot;email\&quot;:\&quot;elisa.lessa@hotmail.com\&quot;,\&quot;valor\&quot;:2261.00,\&quot;parcelas\&quot;:22,\&quot;seguro\&quot;:true},{\&quot;id\&quot;:789,\&quot;nome\&quot;:\&quot;Francisco\&quot;,\&quot;cpf\&quot;:\&quot;39232080677\&quot;,\&quot;email\&quot;:\&quot;bruno.martim@yahoo.com\&quot;,\&quot;valor\&quot;:2519.00,\&quot;parcelas\&quot;:26,\&quot;seguro\&quot;:true},{\&quot;id\&quot;:791,\&quot;nome\&quot;:\&quot;Rafael\&quot;,\&quot;cpf\&quot;:\&quot;02748830115\&quot;,\&quot;email\&quot;:\&quot;mariana.guterres@bol.com.br\&quot;,\&quot;valor\&quot;:2028.00,\&quot;parcelas\&quot;:49,\&quot;seguro\&quot;:true},{\&quot;id\&quot;:794,\&quot;nome\&quot;:\&quot;Leonardo\&quot;,\&quot;cpf\&quot;:\&quot;90109752879\&quot;,\&quot;email\&quot;:\&quot;benjamin.dacosta@bol.com.br\&quot;,\&quot;valor\&quot;:999.00,\&quot;parcelas\&quot;:22,\&quot;seguro\&quot;:true},{\&quot;id\&quot;:797,\&quot;nome\&quot;:\&quot;Silas\&quot;,\&quot;cpf\&quot;:\&quot;47516658306\&quot;,\&quot;email\&quot;:\&quot;isabel.moura@hotmail.com\&quot;,\&quot;valor\&quot;:2372.00,\&quot;parcelas\&quot;:20,\&quot;seguro\&quot;:true},{\&quot;id\&quot;:798,\&quot;nome\&quot;:\&quot;Maria\&quot;,\&quot;cpf\&quot;:\&quot;13554963921\&quot;,\&quot;email\&quot;:\&quot;erick.monteiro@hotmail.com\&quot;,\&quot;valor\&quot;:2263.00,\&quot;parcelas\&quot;:27,\&quot;seguro\&quot;:true},{\&quot;id\&quot;:799,\&quot;nome\&quot;:\&quot;Alessandro\&quot;,\&quot;cpf\&quot;:\&quot;05956564847\&quot;,\&quot;email\&quot;:\&quot;anasophia.custodio@bol.com.br\&quot;,\&quot;valor\&quot;:2044.00,\&quot;parcelas\&quot;:28,\&quot;seguro\&quot;:true},{\&quot;id\&quot;:800,\&quot;nome\&quot;:\&quot;Bernardo\&quot;,\&quot;cpf\&quot;:\&quot;73064021274\&quot;,\&quot;email\&quot;:\&quot;marialaura.ferraco@hotmail.com\&quot;,\&quot;valor\&quot;:2635.00,\&quot;parcelas\&quot;:20,\&quot;seguro\&quot;:true},{\&quot;id\&quot;:806,\&quot;nome\&quot;:\&quot;Luiza\&quot;,\&quot;cpf\&quot;:\&quot;83186292675\&quot;,\&quot;email\&quot;:\&quot;victor.novaes@hotmail.com\&quot;,\&quot;valor\&quot;:2062.00,\&quot;parcelas\&quot;:29,\&quot;seguro\&quot;:true},{\&quot;id\&quot;:809,\&quot;nome\&quot;:\&quot;Rodrigo\&quot;,\&quot;cpf\&quot;:\&quot;91348185078\&quot;,\&quot;email\&quot;:\&quot;bryan.veles@gmail.com\&quot;,\&quot;valor\&quot;:2514.00,\&quot;parcelas\&quot;:24,\&quot;seguro\&quot;:true},{\&quot;id\&quot;:811,\&quot;nome\&quot;:\&quot;Ana Vitória\&quot;,\&quot;cpf\&quot;:\&quot;93127109630\&quot;,\&quot;email\&quot;:\&quot;mariaflor.rego@hotmail.com\&quot;,\&quot;valor\&quot;:2980.00,\&quot;parcelas\&quot;:49,\&quot;seguro\&quot;:true},{\&quot;id\&quot;:810,\&quot;nome\&quot;:\&quot;Mariah\&quot;,\&quot;cpf\&quot;:\&quot;98830313298\&quot;,\&quot;email\&quot;:\&quot;joaofelipe.dacosta@yahoo.com\&quot;,\&quot;valor\&quot;:2985.00,\&quot;parcelas\&quot;:27,\&quot;seguro\&quot;:true},{\&quot;id\&quot;:815,\&quot;nome\&quot;:\&quot;Margarida\&quot;,\&quot;cpf\&quot;:\&quot;94253821434\&quot;,\&quot;email\&quot;:\&quot;fernanda.castanheira@gmail.com\&quot;,\&quot;valor\&quot;:999.00,\&quot;parcelas\&quot;:25,\&quot;seguro\&quot;:true},{\&quot;id\&quot;:817,\&quot;nome\&quot;:\&quot;Esther\&quot;,\&quot;cpf\&quot;:\&quot;31101975495\&quot;,\&quot;email\&quot;:\&quot;caio.menendes@hotmail.com\&quot;,\&quot;valor\&quot;:2613.00,\&quot;parcelas\&quot;:23,\&quot;seguro\&quot;:true},{\&quot;id\&quot;:822,\&quot;nome\&quot;:\&quot;Carla\&quot;,\&quot;cpf\&quot;:\&quot;19997694013\&quot;,\&quot;email\&quot;:\&quot;felipe.porteira@bol.com.br\&quot;,\&quot;valor\&quot;:2390.00,\&quot;parcelas\&quot;:27,\&quot;seguro\&quot;:true},{\&quot;id\&quot;:820,\&quot;nome\&quot;:\&quot;Silas\&quot;,\&quot;cpf\&quot;:\&quot;11931189114\&quot;,\&quot;email\&quot;:\&quot;amanda.barata@gmail.com\&quot;,\&quot;valor\&quot;:2426.00,\&quot;parcelas\&quot;:22,\&quot;seguro\&quot;:true},{\&quot;id\&quot;:819,\&quot;nome\&quot;:\&quot;Rodrigo\&quot;,\&quot;cpf\&quot;:\&quot;43489406784\&quot;,\&quot;email\&quot;:\&quot;joana.datena@bol.com.br\&quot;,\&quot;valor\&quot;:2151.00,\&quot;parcelas\&quot;:29,\&quot;seguro\&quot;:true},{\&quot;id\&quot;:821,\&quot;nome\&quot;:\&quot;Tertuliano\&quot;,\&quot;cpf\&quot;:\&quot;97288968951\&quot;,\&quot;email\&quot;:\&quot;suelen.guedes@yahoo.com\&quot;,\&quot;valor\&quot;:2111.00,\&quot;parcelas\&quot;:24,\&quot;seguro\&quot;:true}]&quot;" type="java.lang.AssertionError"><![CDATA[java.lang.AssertionError: 

Expected: The content to match the given JSON schema.
warning: the following keywords are unknown and will be ignored: [$id, examples]
    level: "warning"
    schema: {"loadingURI":"#","pointer":""}
    domain: "syntax"
    ignored: ["$id","examples"]
warning: the following keywords are unknown and will be ignored: [examples]
    level: "warning"
    schema: {"loadingURI":"#","pointer":"/items"}
    domain: "syntax"
    ignored: ["examples"]
warning: the following keywords are unknown and will be ignored: [examples]
    level: "warning"
    schema: {"loadingURI":"#","pointer":"/items/properties/cpf"}
    domain: "syntax"
    ignored: ["examples"]
warning: the following keywords are unknown and will be ignored: [examples]
    level: "warning"
    schema: {"loadingURI":"#","pointer":"/items/properties/email"}
    domain: "syntax"
    ignored: ["examples"]
warning: the following keywords are unknown and will be ignored: [examples]
    level: "warning"
    schema: {"loadingURI":"#","pointer":"/items/properties/id"}
    domain: "syntax"
    ignored: ["examples"]
warning: the following keywords are unknown and will be ignored: [examples]
    level: "warning"
    schema: {"loadingURI":"#","pointer":"/items/properties/nome"}
    domain: "syntax"
    ignored: ["examples"]
warning: the following keywords are unknown and will be ignored: [examples]
    level: "warning"
    schema: {"loadingURI":"#","pointer":"/items/properties/parcelas"}
    domain: "syntax"
    ignored: ["examples"]
warning: the following keywords are unknown and will be ignored: [examples]
    level: "warning"
    schema: {"loadingURI":"#","pointer":"/items/properties/seguro"}
    domain: "syntax"
    ignored: ["examples"]
warning: the following keywords are unknown and will be ignored: [examples]
    level: "warning"
    schema: {"loadingURI":"#","pointer":"/items/properties/valor"}
    domain: "syntax"
    ignored: ["examples"]
warning: the following keywords are unknown and will be ignored: [examples]
    level: "warning"
    schema: {"loadingURI":"#","pointer":"/items"}
    domain: "syntax"
    ignored: ["examples"]
warning: the following keywords are unknown and will be ignored: [examples]
    level: "warning"
    schema: {"loadingURI":"#","pointer":"/items/properties/cpf"}
    domain: "syntax"
    ignored: ["examples"]
warning: the following keywords are unknown and will be ignored: [examples]
    level: "warning"
    schema: {"loadingURI":"#","pointer":"/items/properties/email"}
    domain: "syntax"
    ignored: ["examples"]
warning: the following keywords are unknown and will be ignored: [examples]
    level: "warning"
    schema: {"loadingURI":"#","pointer":"/items/properties/id"}
    domain: "syntax"
    ignored: ["examples"]
warning: the following keywords are unknown and will be ignored: [examples]
    level: "warning"
    schema: {"loadingURI":"#","pointer":"/items/properties/nome"}
    domain: "syntax"
    ignored: ["examples"]
warning: the following keywords are unknown and will be ignored: [examples]
    level: "warning"
    schema: {"loadingURI":"#","pointer":"/items/properties/parcelas"}
    domain: "syntax"
    ignored: ["examples"]
warning: the following keywords are unknown and will be ignored: [examples]
    level: "warning"
    schema: {"loadingURI":"#","pointer":"/items/properties/seguro"}
    domain: "syntax"
    ignored: ["examples"]
warning: the following keywords are unknown and will be ignored: [examples]
    level: "warning"
    schema: {"loadingURI":"#","pointer":"/items/properties/valor"}
    domain: "syntax"
    ignored: ["examples"]
warning: the following keywords are unknown and will be ignored: [examples]
    level: "warning"
    schema: {"loadingURI":"#","pointer":"/items/properties/cpf"}
    domain: "syntax"
    ignored: ["examples"]
error: instance type (string) does not match any allowed primitive type (allowed: ["integer"])
    level: "error"
    schema: {"loadingURI":"#","pointer":"/items/properties/cpf"}
    instance: {"pointer":"/0/cpf"}
    domain: "validation"
    keyword: "type"
    found: "string"
    expected: ["integer"]
warning: the following keywords are unknown and will be ignored: [examples]
    level: "warning"
    schema: {"loadingURI":"#","pointer":"/items/properties/email"}
    domain: "syntax"
    ignored: ["examples"]
warning: the following keywords are unknown and will be ignored: [examples]
    level: "warning"
    schema: {"loadingURI":"#","pointer":"/items/properties/id"}
    domain: "syntax"
    ignored: ["examples"]
warning: the following keywords are unknown and will be ignored: [examples]
    level: "warning"
    schema: {"loadingURI":"#","pointer":"/items/properties/nome"}
    domain: "syntax"
    ignored: ["examples"]
warning: the following keywords are unknown and will be ignored: [examples]
    level: "warning"
    schema: {"loadingURI":"#","pointer":"/items/properties/parcelas"}
    domain: "syntax"
    ignored: ["examples"]
warning: the following keywords are unknown and will be ignored: [examples]
    level: "warning"
    schema: {"loadingURI":"#","pointer":"/items/properties/seguro"}
    domain: "syntax"
    ignored: ["examples"]
warning: the following keywords are unknown and will be ignored: [examples]
    level: "warning"
    schema: {"loadingURI":"#","pointer":"/items/properties/valor"}
    domain: "syntax"
    ignored: ["examples"]
error: instance type (number) does not match any allowed primitive type (allowed: ["integer"])
    level: "error"
    schema: {"loadingURI":"#","pointer":"/items/properties/valor"}
    instance: {"pointer":"/0/valor"}
    domain: "validation"
    keyword: "type"
    found: "number"
    expected: ["integer"]
warning: the following keywords are unknown and will be ignored: [examples]
    level: "warning"
    schema: {"loadingURI":"#","pointer":"/items"}
    domain: "syntax"
    ignored: ["examples"]
warning: the following keywords are unknown and will be ignored: [examples]
    level: "warning"
    schema: {"loadingURI":"#","pointer":"/items/properties/cpf"}
    domain: "syntax"
    ignored: ["examples"]
warning: the following keywords are unknown and will be ignored: [examples]
    level: "warning"
    schema: {"loadingURI":"#","pointer":"/items/properties/email"}
    domain: "syntax"
    ignored: ["examples"]
warning: the following keywords are unknown and will be ignored: [examples]
    level: "warning"
    schema: {"loadingURI":"#","pointer":"/items/properties/id"}
    domain: "syntax"
    ignored: ["examples"]
warning: the following keywords are unknown and will be ignored: [examples]
    level: "warning"
    schema: {"loadingURI":"#","pointer":"/items/properties/nome"}
    domain: "syntax"
    ignored: ["examples"]
warning: the following keywords are unknown and will be ignored: [examples]
    level: "warning"
    schema: {"loadingURI":"#","pointer":"/items/properties/parcelas"}
    domain: "syntax"
    ignored: ["examples"]
warning: the following keywords are unknown and will be ignored: [examples]
    level: "warning"
    schema: {"loadingURI":"#","pointer":"/items/properties/seguro"}
    domain: "syntax"
    ignored: ["examples"]
warning: the following keywords are unknown and will be ignored: [examples]
    level: "warning"
    schema: {"loadingURI":"#","pointer":"/items/properties/valor"}
    domain: "syntax"
    ignored: ["examples"]
warning: the following keywords are unknown and will be ignored: [examples]
    level: "warning"
    schema: {"loadingURI":"#","pointer":"/items"}
    domain: "syntax"
    ignored: ["examples"]
warning: the following keywords are unknown and will be ignored: [examples]
    level: "warning"
    schema: {"loadingURI":"#","pointer":"/items/properties/cpf"}
    domain: "syntax"
    ignored: ["examples"]
warning: the following keywords are unknown and will be ignored: [examples]
    level: "warning"
    schema: {"loadingURI":"#","pointer":"/items/properties/email"}
    domain: "syntax"
    ignored: ["examples"]
warning: the following keywords are unknown and will be ignored: [examples]
    level: "warning"
    schema: {"loadingURI":"#","pointer":"/items/properties/id"}
    domain: "syntax"
    ignored: ["examples"]
warning: the following keywords are unknown and will be ignored: [examples]
    level: "warning"
    schema: {"loadingURI":"#","pointer":"/items/properties/nome"}
    domain: "syntax"
    ignored: ["examples"]
warning: the following keywords are unknown and will be ignored: [examples]
    level: "warning"
    schema: {"loadingURI":"#","pointer":"/items/properties/parcelas"}
    domain: "syntax"
    ignored: ["examples"]
warning: the following keywords are unknown and will be ignored: [examples]
    level: "warning"
    schema: {"loadingURI":"#","pointer":"/items/properties/seguro"}
    domain: "syntax"
    ignored: ["examples"]
warning: the following keywords are unknown and will be ignored: [examples]
    level: "warning"
    schema: {"loadingURI":"#","pointer":"/items/properties/valor"}
    domain: "syntax"
    ignored: ["examples"]
warning: the following keywords are unknown and will be ignored: [examples]
    level: "warning"
    schema: {"loadingURI":"#","pointer":"/items"}
    domain: "syntax"
    ignored: ["examples"]
warning: the following keywords are unknown and will be ignored: [examples]
    level: "warning"
    schema: {"loadingURI":"#","pointer":"/items/properties/cpf"}
    domain: "syntax"
    ignored: ["examples"]
warning: the following keywords are unknown and will be ignored: [examples]
    level: "warning"
    schema: {"loadingURI":"#","pointer":"/items/properties/email"}
    domain: "syntax"
    ignored: ["examples"]
warning: the following keywords are unknown and will be ignored: [examples]
    level: "warning"
    schema: {"loadingURI":"#","pointer":"/items/properties/id"}
    domain: "syntax"
    ignored: ["examples"]
warning: the following keywords are unknown and will be ignored: [examples]
    level: "warning"
    schema: {"loadingURI":"#","pointer":"/items/properties/nome"}
    domain: "syntax"
    ignored: ["examples"]
warning: the following keywords are unknown and will be ignored: [examples]
    level: "warning"
    schema: {"loadingURI":"#","pointer":"/items/properties/parcelas"}
    domain: "syntax"
    ignored: ["examples"]
warning: the following keywords are unknown and will be ignored: [examples]
    level: "warning"
    schema: {"loadingURI":"#","pointer":"/items/properties/seguro"}
    domain: "syntax"
    ignored: ["examples"]
warning: the following keywords are unknown and will be ignored: [examples]
    level: "warning"
    schema: {"loadingURI":"#","pointer":"/items/properties/valor"}
    domain: "syntax"
    ignored: ["examples"]
warning: the following keywords are unknown and will be ignored: [examples]
    level: "warning"
    schema: {"loadingURI":"#","pointer":"/items"}
    domain: "syntax"
    ignored: ["examples"]
warning: the following keywords are unknown and will be ignored: [examples]
    level: "warning"
    schema: {"loadingURI":"#","pointer":"/items/properties/cpf"}
    domain: "syntax"
    ignored: ["examples"]
warning: the following keywords are unknown and will be ignored: [examples]
    level: "warning"
    schema: {"loadingURI":"#","pointer":"/items/properties/email"}
    domain: "syntax"
    ignored: ["examples"]
warning: the following keywords are unknown and will be ignored: [examples]
    level: "warning"
    schema: {"loadingURI":"#","pointer":"/items/properties/id"}
    domain: "syntax"
    ignored: ["examples"]
warning: the following keywords are unknown and will be ignored: [examples]
    level: "warning"
    schema: {"loadingURI":"#","pointer":"/items/properties/nome"}
    domain: "syntax"
    ignored: ["examples"]
warning: the following keywords are unknown and will be ignored: [examples]
    level: "warning"
    schema: {"loadingURI":"#","pointer":"/items/properties/parcelas"}
    domain: "syntax"
    ignored: ["examples"]
warning: the following keywords are unknown and will be ignored: [examples]
    level: "warning"
    schema: {"loadingURI":"#","pointer":"/items/properties/seguro"}
    domain: "syntax"
    ignored: ["examples"]
warning: the following keywords are unknown and will be ignored: [examples]
    level: "warning"
    schema: {"loadingURI":"#","pointer":"/items/properties/valor"}
    domain: "syntax"
    ignored: ["examples"]
warning: the following keywords are unknown and will be ignored: [examples]
    level: "warning"
    schema: {"loadingURI":"#","pointer":"/items"}
    domain: "syntax"
    ignored: ["examples"]
warning: the following keywords are unknown and will be ignored: [examples]
    level: "warning"
    schema: {"loadingURI":"#","pointer":"/items/properties/cpf"}
    domain: "syntax"
    ignored: ["examples"]
warning: the following keywords are unknown and will be ignored: [examples]
    level: "warning"
    schema: {"loadingURI":"#","pointer":"/items/properties/email"}
    domain: "syntax"
    ignored: ["examples"]
warning: the following keywords are unknown and will be ignored: [examples]
    level: "warning"
    schema: {"loadingURI":"#","pointer":"/items/properties/id"}
    domain: "syntax"
    ignored: ["examples"]
warning: the following keywords are unknown and will be ignored: [examples]
    level: "warning"
    schema: {"loadingURI":"#","pointer":"/items/properties/nome"}
    domain: "syntax"
    ignored: ["examples"]
warning: the following keywords are unknown and will be ignored: [examples]
    level: "warning"
    schema: {"loadingURI":"#","pointer":"/items/properties/parcelas"}
    domain: "syntax"
    ignored: ["examples"]
warning: the following keywords are unknown and will be ignored: [examples]
    level: "warning"
    schema: {"loadingURI":"#","pointer":"/items/properties/seguro"}
    domain: "syntax"
    ignored: ["examples"]
warning: the following keywords are unknown and will be ignored: [examples]
    level: "warning"
    schema: {"loadingURI":"#","pointer":"/items/properties/valor"}
    domain: "syntax"
    ignored: ["examples"]
warning: the following keywords are unknown and will be ignored: [examples]
    level: "warning"
    schema: {"loadingURI":"#","pointer":"/items"}
    domain: "syntax"
    ignored: ["examples"]
warning: the following keywords are unknown and will be ignored: [examples]
    level: "warning"
    schema: {"loadingURI":"#","pointer":"/items/properties/cpf"}
    domain: "syntax"
    ignored: ["examples"]
warning: the following keywords are unknown and will be ignored: [examples]
    level: "warning"
    schema: {"loadingURI":"#","pointer":"/items/properties/email"}
    domain: "syntax"
    ignored: ["examples"]
warning: the following keywords are unknown and will be ignored: [examples]
    level: "warning"
    schema: {"loadingURI":"#","pointer":"/items/properties/id"}
    domain: "syntax"
    ignored: ["examples"]
warning: the following keywords are unknown and will be ignored: [examples]
    level: "warning"
    schema: {"loadingURI":"#","pointer":"/items/properties/nome"}
    domain: "syntax"
    ignored: ["examples"]
warning: the following keywords are unknown and will be ignored: [examples]
    level: "warning"
    schema: {"loadingURI":"#","pointer":"/items/properties/parcelas"}
    domain: "syntax"
    ignored: ["examples"]
warning: the following keywords are unknown and will be ignored: [examples]
    level: "warning"
    schema: {"loadingURI":"#","pointer":"/items/properties/seguro"}
    domain: "syntax"
    ignored: ["examples"]
warning: the following keywords are unknown and will be ignored: [examples]
    level: "warning"
    schema: {"loadingURI":"#","pointer":"/items/properties/valor"}
    domain: "syntax"
    ignored: ["examples"]
warning: the following keywords are unknown and will be ignored: [examples]
    level: "warning"
    schema: {"loadingURI":"#","pointer":"/items"}
    domain: "syntax"
    ignored: ["examples"]
warning: the following keywords are unknown and will be ignored: [examples]
    level: "warning"
    schema: {"loadingURI":"#","pointer":"/items/properties/cpf"}
    domain: "syntax"
    ignored: ["examples"]
warning: the following keywords are unknown and will be ignored: [examples]
    level: "warning"
    schema: {"loadingURI":"#","pointer":"/items/properties/email"}
    domain: "syntax"
    ignored: ["examples"]
warning: the following keywords are unknown and will be ignored: [examples]
    level: "warning"
    schema: {"loadingURI":"#","pointer":"/items/properties/id"}
    domain: "syntax"
    ignored: ["examples"]
warning: the following keywords are unknown and will be ignored: [examples]
    level: "warning"
    schema: {"loadingURI":"#","pointer":"/items/properties/nome"}
    domain: "syntax"
    ignored: ["examples"]
warning: the following keywords are unknown and will be ignored: [examples]
    level: "warning"
    schema: {"loadingURI":"#","pointer":"/items/properties/parcelas"}
    domain: "syntax"
    ignored: ["examples"]
warning: the following keywords are unknown and will be ignored: [examples]
    level: "warning"
    schema: {"loadingURI":"#","pointer":"/items/properties/seguro"}
    domain: "syntax"
    ignored: ["examples"]
warning: the following keywords are unknown and will be ignored: [examples]
    level: "warning"
    schema: {"loadingURI":"#","pointer":"/items/properties/valor"}
    domain: "syntax"
    ignored: ["examples"]
warning: the following keywords are unknown and will be ignored: [examples]
    level: "warning"
    schema: {"loadingURI":"#","pointer":"/items"}
    domain: "syntax"
    ignored: ["examples"]
warning: the following keywords are unknown and will be ignored: [examples]
    level: "warning"
    schema: {"loadingURI":"#","pointer":"/items/properties/cpf"}
    domain: "syntax"
    ignored: ["examples"]
warning: the following keywords are unknown and will be ignored: [examples]
    level: "warning"
    schema: {"loadingURI":"#","pointer":"/items/properties/email"}
    domain: "syntax"
    ignored: ["examples"]
warning: the following keywords are unknown and will be ignored: [examples]
    level: "warning"
    schema: {"loadingURI":"#","pointer":"/items/properties/id"}
    domain: "syntax"
    ignored: ["examples"]
warning: the following keywords are unknown and will be ignored: [examples]
    level: "warning"
    schema: {"loadingURI":"#","pointer":"/items/properties/nome"}
    domain: "syntax"
    ignored: ["examples"]
warning: the following keywords are unknown and will be ignored: [examples]
    level: "warning"
    schema: {"loadingURI":"#","pointer":"/items/properties/parcelas"}
    domain: "syntax"
    ignored: ["examples"]
warning: the following keywords are unknown and will be ignored: [examples]
    level: "warning"
    schema: {"loadingURI":"#","pointer":"/items/properties/seguro"}
    domain: "syntax"
    ignored: ["examples"]
warning: the following keywords are unknown and will be ignored: [examples]
    level: "warning"
    schema: {"loadingURI":"#","pointer":"/items/properties/valor"}
    domain: "syntax"
    ignored: ["examples"]
warning: the following keywords are unknown and will be ignored: [examples]
    level: "warning"
    schema: {"loadingURI":"#","pointer":"/items"}
    domain: "syntax"
    ignored: ["examples"]
warning: the following keywords are unknown and will be ignored: [examples]
    level: "warning"
    schema: {"loadingURI":"#","pointer":"/items/properties/cpf"}
    domain: "syntax"
    ignored: ["examples"]
warning: the following keywords are unknown and will be ignored: [examples]
    level: "warning"
    schema: {"loadingURI":"#","pointer":"/items/properties/email"}
    domain: "syntax"
    ignored: ["examples"]
warning: the following keywords are unknown and will be ignored: [examples]
    level: "warning"
    schema: {"loadingURI":"#","pointer":"/items/properties/id"}
    domain: "syntax"
    ignored: ["examples"]
warning: the following keywords are unknown and will be ignored: [examples]
    level: "warning"
    schema: {"loadingURI":"#","pointer":"/items/properties/nome"}
    domain: "syntax"
    ignored: ["examples"]
warning: the following keywords are unknown and will be ignored: [examples]
    level: "warning"
    schema: {"loadingURI":"#","pointer":"/items/properties/parcelas"}
    domain: "syntax"
    ignored: ["examples"]
warning: the following keywords are unknown and will be ignored: [examples]
    level: "warning"
    schema: {"loadingURI":"#","pointer":"/items/properties/seguro"}
    domain: "syntax"
    ignored: ["examples"]
warning: the following keywords are unknown and will be ignored: [examples]
    level: "warning"
    schema: {"loadingURI":"#","pointer":"/items/properties/valor"}
    domain: "syntax"
    ignored: ["examples"]
warning: the following keywords are unknown and will be ignored: [examples]
    level: "warning"
    schema: {"loadingURI":"#","pointer":"/items"}
    domain: "syntax"
    ignored: ["examples"]
warning: the following keywords are unknown and will be ignored: [examples]
    level: "warning"
    schema: {"loadingURI":"#","pointer":"/items/properties/cpf"}
    domain: "syntax"
    ignored: ["examples"]
warning: the following keywords are unknown and will be ignored: [examples]
    level: "warning"
    schema: {"loadingURI":"#","pointer":"/items/properties/email"}
    domain: "syntax"
    ignored: ["examples"]
warning: the following keywords are unknown and will be ignored: [examples]
    level: "warning"
    schema: {"loadingURI":"#","pointer":"/items/properties/id"}
    domain: "syntax"
    ignored: ["examples"]
warning: the following keywords are unknown and will be ignored: [examples]
    level: "warning"
    schema: {"loadingURI":"#","pointer":"/items/properties/nome"}
    domain: "syntax"
    ignored: ["examples"]
warning: the following keywords are unknown and will be ignored: [examples]
    level: "warning"
    schema: {"loadingURI":"#","pointer":"/items/properties/parcelas"}
    domain: "syntax"
    ignored: ["examples"]
warning: the following keywords are unknown and will be ignored: [examples]
    level: "warning"
    schema: {"loadingURI":"#","pointer":"/items/properties/seguro"}
    domain: "syntax"
    ignored: ["examples"]
warning: the following keywords are unknown and will be ignored: [examples]
    level: "warning"
    schema: {"loadingURI":"#","pointer":"/items/properties/valor"}
    domain: "syntax"
    ignored: ["examples"]
warning: the following keywords are unknown and will be ignored: [examples]
    level: "warning"
    schema: {"loadingURI":"#","pointer":"/items"}
    domain: "syntax"
    ignored: ["examples"]
warning: the following keywords are unknown and will be ignored: [examples]
    level: "warning"
    schema: {"loadingURI":"#","pointer":"/items/properties/cpf"}
    domain: "syntax"
    ignored: ["examples"]
warning: the following keywords are unknown and will be ignored: [examples]
    level: "warning"
    schema: {"loadingURI":"#","pointer":"/items/properties/email"}
    domain: "syntax"
    ignored: ["examples"]
warning: the following keywords are unknown and will be ignored: [examples]
    level: "warning"
    schema: {"loadingURI":"#","pointer":"/items/properties/id"}
    domain: "syntax"
    ignored: ["examples"]
warning: the following keywords are unknown and will be ignored: [examples]
    level: "warning"
    schema: {"loadingURI":"#","pointer":"/items/properties/nome"}
    domain: "syntax"
    ignored: ["examples"]
warning: the following keywords are unknown and will be ignored: [examples]
    level: "warning"
    schema: {"loadingURI":"#","pointer":"/items/properties/parcelas"}
    domain: "syntax"
    ignored: ["examples"]
warning: the following keywords are unknown and will be ignored: [examples]
    level: "warning"
    schema: {"loadingURI":"#","pointer":"/items/properties/seguro"}
    domain: "syntax"
    ignored: ["examples"]
warning: the following keywords are unknown and will be ignored: [examples]
    level: "warning"
    schema: {"loadingURI":"#","pointer":"/items/properties/valor"}
    domain: "syntax"
    ignored: ["examples"]
warning: the following keywords are unknown and will be ignored: [examples]
    level: "warning"
    schema: {"loadingURI":"#","pointer":"/items"}
    domain: "syntax"
    ignored: ["examples"]
warning: the following keywords are unknown and will be ignored: [examples]
    level: "warning"
    schema: {"loadingURI":"#","pointer":"/items/properties/cpf"}
    domain: "syntax"
    ignored: ["examples"]
warning: the following keywords are unknown and will be ignored: [examples]
    level: "warning"
    schema: {"loadingURI":"#","pointer":"/items/properties/email"}
    domain: "syntax"
    ignored: ["examples"]
warning: the following keywords are unknown and will be ignored: [examples]
    level: "warning"
    schema: {"loadingURI":"#","pointer":"/items/properties/id"}
    domain: "syntax"
    ignored: ["examples"]
warning: the following keywords are unknown and will be ignored: [examples]
    level: "warning"
    schema: {"loadingURI":"#","pointer":"/items/properties/nome"}
    domain: "syntax"
    ignored: ["examples"]
warning: the following keywords are unknown and will be ignored: [examples]
    level: "warning"
    schema: {"loadingURI":"#","pointer":"/items/properties/parcelas"}
    domain: "syntax"
    ignored: ["examples"]
warning: the following keywords are unknown and will be ignored: [examples]
    level: "warning"
    schema: {"loadingURI":"#","pointer":"/items/properties/seguro"}
    domain: "syntax"
    ignored: ["examples"]
warning: the following keywords are unknown and will be ignored: [examples]
    level: "warning"
    schema: {"loadingURI":"#","pointer":"/items/properties/valor"}
    domain: "syntax"
    ignored: ["examples"]
warning: the following keywords are unknown and will be ignored: [examples]
    level: "warning"
    schema: {"loadingURI":"#","pointer":"/items"}
    domain: "syntax"
    ignored: ["examples"]
warning: the following keywords are unknown and will be ignored: [examples]
    level: "warning"
    schema: {"loadingURI":"#","pointer":"/items/properties/cpf"}
    domain: "syntax"
    ignored: ["examples"]
warning: the following keywords are unknown and will be ignored: [examples]
    level: "warning"
    schema: {"loadingURI":"#","pointer":"/items/properties/email"}
    domain: "syntax"
    ignored: ["examples"]
warning: the following keywords are unknown and will be ignored: [examples]
    level: "warning"
    schema: {"loadingURI":"#","pointer":"/items/properties/id"}
    domain: "syntax"
    ignored: ["examples"]
warning: the following keywords are unknown and will be ignored: [examples]
    level: "warning"
    schema: {"loadingURI":"#","pointer":"/items/properties/nome"}
    domain: "syntax"
    ignored: ["examples"]
warning: the following keywords are unknown and will be ignored: [examples]
    level: "warning"
    schema: {"loadingURI":"#","pointer":"/items/properties/parcelas"}
    domain: "syntax"
    ignored: ["examples"]
warning: the following keywords are unknown and will be ignored: [examples]
    level: "warning"
    schema: {"loadingURI":"#","pointer":"/items/properties/seguro"}
    domain: "syntax"
    ignored: ["examples"]
warning: the following keywords are unknown and will be ignored: [examples]
    level: "warning"
    schema: {"loadingURI":"#","pointer":"/items/properties/valor"}
    domain: "syntax"
    ignored: ["examples"]
warning: the following keywords are unknown and will be ignored: [examples]
    level: "warning"
    schema: {"loadingURI":"#","pointer":"/items"}
    domain: "syntax"
    ignored: ["examples"]
warning: the following keywords are unknown and will be ignored: [examples]
    level: "warning"
    schema: {"loadingURI":"#","pointer":"/items/properties/cpf"}
    domain: "syntax"
    ignored: ["examples"]
warning: the following keywords are unknown and will be ignored: [examples]
    level: "warning"
    schema: {"loadingURI":"#","pointer":"/items/properties/email"}
    domain: "syntax"
    ignored: ["examples"]
warning: the following keywords are unknown and will be ignored: [examples]
    level: "warning"
    schema: {"loadingURI":"#","pointer":"/items/properties/id"}
    domain: "syntax"
    ignored: ["examples"]
warning: the following keywords are unknown and will be ignored: [examples]
    level: "warning"
    schema: {"loadingURI":"#","pointer":"/items/properties/nome"}
    domain: "syntax"
    ignored: ["examples"]
warning: the following keywords are unknown and will be ignored: [examples]
    level: "warning"
    schema: {"loadingURI":"#","pointer":"/items/properties/parcelas"}
    domain: "syntax"
    ignored: ["examples"]
warning: the following keywords are unknown and will be ignored: [examples]
    level: "warning"
    schema: {"loadingURI":"#","pointer":"/items/properties/seguro"}
    domain: "syntax"
    ignored: ["examples"]
warning: the following keywords are unknown and will be ignored: [examples]
    level: "warning"
    schema: {"loadingURI":"#","pointer":"/items/properties/valor"}
    domain: "syntax"
    ignored: ["examples"]
warning: the following keywords are unknown and will be ignored: [examples]
    level: "warning"
    schema: {"loadingURI":"#","pointer":"/items"}
    domain: "syntax"
    ignored: ["examples"]
warning: the following keywords are unknown and will be ignored: [examples]
    level: "warning"
    schema: {"loadingURI":"#","pointer":"/items/properties/cpf"}
    domain: "syntax"
    ignored: ["examples"]
warning: the following keywords are unknown and will be ignored: [examples]
    level: "warning"
    schema: {"loadingURI":"#","pointer":"/items/properties/email"}
    domain: "syntax"
    ignored: ["examples"]
warning: the following keywords are unknown and will be ignored: [examples]
    level: "warning"
    schema: {"loadingURI":"#","pointer":"/items/properties/id"}
    domain: "syntax"
    ignored: ["examples"]
warning: the following keywords are unknown and will be ignored: [examples]
    level: "warning"
    schema: {"loadingURI":"#","pointer":"/items/properties/nome"}
    domain: "syntax"
    ignored: ["examples"]
warning: the following keywords are unknown and will be ignored: [examples]
    level: "warning"
    schema: {"loadingURI":"#","pointer":"/items/properties/parcelas"}
    domain: "syntax"
    ignored: ["examples"]
warning: the following keywords are unknown and will be ignored: [examples]
    level: "warning"
    schema: {"loadingURI":"#","pointer":"/items/properties/seguro"}
    domain: "syntax"
    ignored: ["examples"]
warning: the following keywords are unknown and will be ignored: [examples]
    level: "warning"
    schema: {"loadingURI":"#","pointer":"/items/properties/valor"}
    domain: "syntax"
    ignored: ["examples"]
warning: the following keywords are unknown and will be ignored: [examples]
    level: "warning"
    schema: {"loadingURI":"#","pointer":"/items"}
    domain: "syntax"
    ignored: ["examples"]
warning: the following keywords are unknown and will be ignored: [examples]
    level: "warning"
    schema: {"loadingURI":"#","pointer":"/items/properties/cpf"}
    domain: "syntax"
    ignored: ["examples"]
warning: the following keywords are unknown and will be ignored: [examples]
    level: "warning"
    schema: {"loadingURI":"#","pointer":"/items/properties/email"}
    domain: "syntax"
    ignored: ["examples"]
warning: the following keywords are unknown and will be ignored: [examples]
    level: "warning"
    schema: {"loadingURI":"#","pointer":"/items/properties/id"}
    domain: "syntax"
    ignored: ["examples"]
warning: the following keywords are unknown and will be ignored: [examples]
    level: "warning"
    schema: {"loadingURI":"#","pointer":"/items/properties/nome"}
    domain: "syntax"
    ignored: ["examples"]
warning: the following keywords are unknown and will be ignored: [examples]
    level: "warning"
    schema: {"loadingURI":"#","pointer":"/items/properties/parcelas"}
    domain: "syntax"
    ignored: ["examples"]
warning: the following keywords are unknown and will be ignored: [examples]
    level: "warning"
    schema: {"loadingURI":"#","pointer":"/items/properties/seguro"}
    domain: "syntax"
    ignored: ["examples"]
warning: the following keywords are unknown and will be ignored: [examples]
    level: "warning"
    schema: {"loadingURI":"#","pointer":"/items/properties/valor"}
    domain: "syntax"
    ignored: ["examples"]
warning: the following keywords are unknown and will be ignored: [examples]
    level: "warning"
    schema: {"loadingURI":"#","pointer":"/items"}
    domain: "syntax"
    ignored: ["examples"]
warning: the following keywords are unknown and will be ignored: [examples]
    level: "warning"
    schema: {"loadingURI":"#","pointer":"/items/properties/cpf"}
    domain: "syntax"
    ignored: ["examples"]
warning: the following keywords are unknown and will be ignored: [examples]
    level: "warning"
    schema: {"loadingURI":"#","pointer":"/items/properties/email"}
    domain: "syntax"
    ignored: ["examples"]
warning: the following keywords are unknown and will be ignored: [examples]
    level: "warning"
    schema: {"loadingURI":"#","pointer":"/items/properties/id"}
    domain: "syntax"
    ignored: ["examples"]
warning: the following keywords are unknown and will be ignored: [examples]
    level: "warning"
    schema: {"loadingURI":"#","pointer":"/items/properties/nome"}
    domain: "syntax"
    ignored: ["examples"]
warning: the following keywords are unknown and will be ignored: [examples]
    level: "warning"
    schema: {"loadingURI":"#","pointer":"/items/properties/parcelas"}
    domain: "syntax"
    ignored: ["examples"]
warning: the following keywords are unknown and will be ignored: [examples]
    level: "warning"
    schema: {"loadingURI":"#","pointer":"/items/properties/seguro"}
    domain: "syntax"
    ignored: ["examples"]
warning: the following keywords are unknown and will be ignored: [examples]
    level: "warning"
    schema: {"loadingURI":"#","pointer":"/items/properties/valor"}
    domain: "syntax"
    ignored: ["examples"]
warning: the following keywords are unknown and will be ignored: [examples]
    level: "warning"
    schema: {"loadingURI":"#","pointer":"/items"}
    domain: "syntax"
    ignored: ["examples"]
warning: the following keywords are unknown and will be ignored: [examples]
    level: "warning"
    schema: {"loadingURI":"#","pointer":"/items/properties/cpf"}
    domain: "syntax"
    ignored: ["examples"]
warning: the following keywords are unknown and will be ignored: [examples]
    level: "warning"
    schema: {"loadingURI":"#","pointer":"/items/properties/email"}
    domain: "syntax"
    ignored: ["examples"]
warning: the following keywords are unknown and will be ignored: [examples]
    level: "warning"
    schema: {"loadingURI":"#","pointer":"/items/properties/id"}
    domain: "syntax"
    ignored: ["examples"]
warning: the following keywords are unknown and will be ignored: [examples]
    level: "warning"
    schema: {"loadingURI":"#","pointer":"/items/properties/nome"}
    domain: "syntax"
    ignored: ["examples"]
warning: the following keywords are unknown and will be ignored: [examples]
    level: "warning"
    schema: {"loadingURI":"#","pointer":"/items/properties/parcelas"}
    domain: "syntax"
    ignored: ["examples"]
warning: the following keywords are unknown and will be ignored: [examples]
    level: "warning"
    schema: {"loadingURI":"#","pointer":"/items/properties/seguro"}
    domain: "syntax"
    ignored: ["examples"]
warning: the following keywords are unknown and will be ignored: [examples]
    level: "warning"
    schema: {"loadingURI":"#","pointer":"/items/properties/valor"}
    domain: "syntax"
    ignored: ["examples"]
warning: the following keywords are unknown and will be ignored: [examples]
    level: "warning"
    schema: {"loadingURI":"#","pointer":"/items"}
    domain: "syntax"
    ignored: ["examples"]
warning: the following keywords are unknown and will be ignored: [examples]
    level: "warning"
    schema: {"loadingURI":"#","pointer":"/items/properties/cpf"}
    domain: "syntax"
    ignored: ["examples"]
warning: the following keywords are unknown and will be ignored: [examples]
    level: "warning"
    schema: {"loadingURI":"#","pointer":"/items/properties/email"}
    domain: "syntax"
    ignored: ["examples"]
warning: the following keywords are unknown and will be ignored: [examples]
    level: "warning"
    schema: {"loadingURI":"#","pointer":"/items/properties/id"}
    domain: "syntax"
    ignored: ["examples"]
warning: the following keywords are unknown and will be ignored: [examples]
    level: "warning"
    schema: {"loadingURI":"#","pointer":"/items/properties/nome"}
    domain: "syntax"
    ignored: ["examples"]
warning: the following keywords are unknown and will be ignored: [examples]
    level: "warning"
    schema: {"loadingURI":"#","pointer":"/items/properties/parcelas"}
    domain: "syntax"
    ignored: ["examples"]
warning: the following keywords are unknown and will be ignored: [examples]
    level: "warning"
    schema: {"loadingURI":"#","pointer":"/items/properties/seguro"}
    domain: "syntax"
    ignored: ["examples"]
warning: the following keywords are unknown and will be ignored: [examples]
    level: "warning"
    schema: {"loadingURI":"#","pointer":"/items/properties/valor"}
    domain: "syntax"
    ignored: ["examples"]
warning: the following keywords are unknown and will be ignored: [examples]
    level: "warning"
    schema: {"loadingURI":"#","pointer":"/items"}
    domain: "syntax"
    ignored: ["examples"]
warning: the following keywords are unknown and will be ignored: [examples]
    level: "warning"
    schema: {"loadingURI":"#","pointer":"/items/properties/cpf"}
    domain: "syntax"
    ignored: ["examples"]
warning: the following keywords are unknown and will be ignored: [examples]
    level: "warning"
    schema: {"loadingURI":"#","pointer":"/items/properties/email"}
    domain: "syntax"
    ignored: ["examples"]
warning: the following keywords are unknown and will be ignored: [examples]
    level: "warning"
    schema: {"loadingURI":"#","pointer":"/items/properties/id"}
    domain: "syntax"
    ignored: ["examples"]
warning: the following keywords are unknown and will be ignored: [examples]
    level: "warning"
    schema: {"loadingURI":"#","pointer":"/items/properties/nome"}
    domain: "syntax"
    ignored: ["examples"]
warning: the following keywords are unknown and will be ignored: [examples]
    level: "warning"
    schema: {"loadingURI":"#","pointer":"/items/properties/parcelas"}
    domain: "syntax"
    ignored: ["examples"]
warning: the following keywords are unknown and will be ignored: [examples]
    level: "warning"
    schema: {"loadingURI":"#","pointer":"/items/properties/seguro"}
    domain: "syntax"
    ignored: ["examples"]
warning: the following keywords are unknown and will be ignored: [examples]
    level: "warning"
    schema: {"loadingURI":"#","pointer":"/items/properties/valor"}
    domain: "syntax"
    ignored: ["examples"]
warning: the following keywords are unknown and will be ignored: [examples]
    level: "warning"
    schema: {"loadingURI":"#","pointer":"/items"}
    domain: "syntax"
    ignored: ["examples"]
warning: the following keywords are unknown and will be ignored: [examples]
    level: "warning"
    schema: {"loadingURI":"#","pointer":"/items/properties/cpf"}
    domain: "syntax"
    ignored: ["examples"]
warning: the following keywords are unknown and will be ignored: [examples]
    level: "warning"
    schema: {"loadingURI":"#","pointer":"/items/properties/email"}
    domain: "syntax"
    ignored: ["examples"]
warning: the following keywords are unknown and will be ignored: [examples]
    level: "warning"
    schema: {"loadingURI":"#","pointer":"/items/properties/id"}
    domain: "syntax"
    ignored: ["examples"]
warning: the following keywords are unknown and will be ignored: [examples]
    level: "warning"
    schema: {"loadingURI":"#","pointer":"/items/properties/nome"}
    domain: "syntax"
    ignored: ["examples"]
warning: the following keywords are unknown and will be ignored: [examples]
    level: "warning"
    schema: {"loadingURI":"#","pointer":"/items/properties/parcelas"}
    domain: "syntax"
    ignored: ["examples"]
warning: the following keywords are unknown and will be ignored: [examples]
    level: "warning"
    schema: {"loadingURI":"#","pointer":"/items/properties/seguro"}
    domain: "syntax"
    ignored: ["examples"]
warning: the following keywords are unknown and will be ignored: [examples]
    level: "warning"
    schema: {"loadingURI":"#","pointer":"/items/properties/valor"}
    domain: "syntax"
    ignored: ["examples"]
warning: the following keywords are unknown and will be ignored: [examples]
    level: "warning"
    schema: {"loadingURI":"#","pointer":"/items"}
    domain: "syntax"
    ignored: ["examples"]
warning: the following keywords are unknown and will be ignored: [examples]
    level: "warning"
    schema: {"loadingURI":"#","pointer":"/items/properties/cpf"}
    domain: "syntax"
    ignored: ["examples"]
warning: the following keywords are unknown and will be ignored: [examples]
    level: "warning"
    schema: {"loadingURI":"#","pointer":"/items/properties/email"}
    domain: "syntax"
    ignored: ["examples"]
warning: the following keywords are unknown and will be ignored: [examples]
    level: "warning"
    schema: {"loadingURI":"#","pointer":"/items/properties/id"}
    domain: "syntax"
    ignored: ["examples"]
warning: the following keywords are unknown and will be ignored: [examples]
    level: "warning"
    schema: {"loadingURI":"#","pointer":"/items/properties/nome"}
    domain: "syntax"
    ignored: ["examples"]
warning: the following keywords are unknown and will be ignored: [examples]
    level: "warning"
    schema: {"loadingURI":"#","pointer":"/items/properties/parcelas"}
    domain: "syntax"
    ignored: ["examples"]
warning: the following keywords are unknown and will be ignored: [examples]
    level: "warning"
    schema: {"loadingURI":"#","pointer":"/items/properties/seguro"}
    domain: "syntax"
    ignored: ["examples"]
warning: the following keywords are unknown and will be ignored: [examples]
    level: "warning"
    schema: {"loadingURI":"#","pointer":"/items/properties/valor"}
    domain: "syntax"
    ignored: ["examples"]
warning: the following keywords are unknown and will be ignored: [examples]
    level: "warning"
    schema: {"loadingURI":"#","pointer":"/items"}
    domain: "syntax"
    ignored: ["examples"]
warning: the following keywords are unknown and will be ignored: [examples]
    level: "warning"
    schema: {"loadingURI":"#","pointer":"/items/properties/cpf"}
    domain: "syntax"
    ignored: ["examples"]
warning: the following keywords are unknown and will be ignored: [examples]
    level: "warning"
    schema: {"loadingURI":"#","pointer":"/items/properties/email"}
    domain: "syntax"
    ignored: ["examples"]
warning: the following keywords are unknown and will be ignored: [examples]
    level: "warning"
    schema: {"loadingURI":"#","pointer":"/items/properties/id"}
    domain: "syntax"
    ignored: ["examples"]
warning: the following keywords are unknown and will be ignored: [examples]
    level: "warning"
    schema: {"loadingURI":"#","pointer":"/items/properties/nome"}
    domain: "syntax"
    ignored: ["examples"]
warning: the following keywords are unknown and will be ignored: [examples]
    level: "warning"
    schema: {"loadingURI":"#","pointer":"/items/properties/parcelas"}
    domain: "syntax"
    ignored: ["examples"]
warning: the following keywords are unknown and will be ignored: [examples]
    level: "warning"
    schema: {"loadingURI":"#","pointer":"/items/properties/seguro"}
    domain: "syntax"
    ignored: ["examples"]
warning: the following keywords are unknown and will be ignored: [examples]
    level: "warning"
    schema: {"loadingURI":"#","pointer":"/items/properties/valor"}
    domain: "syntax"
    ignored: ["examples"]
warning: the following keywords are unknown and will be ignored: [examples]
    level: "warning"
    schema: {"loadingURI":"#","pointer":"/items"}
    domain: "syntax"
    ignored: ["examples"]
warning: the following keywords are unknown and will be ignored: [examples]
    level: "warning"
    schema: {"loadingURI":"#","pointer":"/items/properties/cpf"}
    domain: "syntax"
    ignored: ["examples"]
warning: the following keywords are unknown and will be ignored: [examples]
    level: "warning"
    schema: {"loadingURI":"#","pointer":"/items/properties/email"}
    domain: "syntax"
    ignored: ["examples"]
warning: the following keywords are unknown and will be ignored: [examples]
    level: "warning"
    schema: {"loadingURI":"#","pointer":"/items/properties/id"}
    domain: "syntax"
    ignored: ["examples"]
warning: the following keywords are unknown and will be ignored: [examples]
    level: "warning"
    schema: {"loadingURI":"#","pointer":"/items/properties/nome"}
    domain: "syntax"
    ignored: ["examples"]
warning: the following keywords are unknown and will be ignored: [examples]
    level: "warning"
    schema: {"loadingURI":"#","pointer":"/items/properties/parcelas"}
    domain: "syntax"
    ignored: ["examples"]
warning: the following keywords are unknown and will be ignored: [examples]
    level: "warning"
    schema: {"loadingURI":"#","pointer":"/items/properties/seguro"}
    domain: "syntax"
    ignored: ["examples"]
warning: the following keywords are unknown and will be ignored: [examples]
    level: "warning"
    schema: {"loadingURI":"#","pointer":"/items/properties/valor"}
    domain: "syntax"
    ignored: ["examples"]
warning: the following keywords are unknown and will be ignored: [examples]
    level: "warning"
    schema: {"loadingURI":"#","pointer":"/items"}
    domain: "syntax"
    ignored: ["examples"]
warning: the following keywords are unknown and will be ignored: [examples]
    level: "warning"
    schema: {"loadingURI":"#","pointer":"/items/properties/cpf"}
    domain: "syntax"
    ignored: ["examples"]
warning: the following keywords are unknown and will be ignored: [examples]
    level: "warning"
    schema: {"loadingURI":"#","pointer":"/items/properties/email"}
    domain: "syntax"
    ignored: ["examples"]
warning: the following keywords are unknown and will be ignored: [examples]
    level: "warning"
    schema: {"loadingURI":"#","pointer":"/items/properties/id"}
    domain: "syntax"
    ignored: ["examples"]
warning: the following keywords are unknown and will be ignored: [examples]
    level: "warning"
    schema: {"loadingURI":"#","pointer":"/items/properties/nome"}
    domain: "syntax"
    ignored: ["examples"]
warning: the following keywords are unknown and will be ignored: [examples]
    level: "warning"
    schema: {"loadingURI":"#","pointer":"/items/properties/parcelas"}
    domain: "syntax"
    ignored: ["examples"]
warning: the following keywords are unknown and will be ignored: [examples]
    level: "warning"
    schema: {"loadingURI":"#","pointer":"/items/properties/seguro"}
    domain: "syntax"
    ignored: ["examples"]
warning: the following keywords are unknown and will be ignored: [examples]
    level: "warning"
    schema: {"loadingURI":"#","pointer":"/items/properties/valor"}
    domain: "syntax"
    ignored: ["examples"]
warning: the following keywords are unknown and will be ignored: [examples]
    level: "warning"
    schema: {"loadingURI":"#","pointer":"/items"}
    domain: "syntax"
    ignored: ["examples"]
warning: the following keywords are unknown and will be ignored: [examples]
    level: "warning"
    schema: {"loadingURI":"#","pointer":"/items/properties/cpf"}
    domain: "syntax"
    ignored: ["examples"]
warning: the following keywords are unknown and will be ignored: [examples]
    level: "warning"
    schema: {"loadingURI":"#","pointer":"/items/properties/email"}
    domain: "syntax"
    ignored: ["examples"]
warning: the following keywords are unknown and will be ignored: [examples]
    level: "warning"
    schema: {"loadingURI":"#","pointer":"/items/properties/id"}
    domain: "syntax"
    ignored: ["examples"]
warning: the following keywords are unknown and will be ignored: [examples]
    level: "warning"
    schema: {"loadingURI":"#","pointer":"/items/properties/nome"}
    domain: "syntax"
    ignored: ["examples"]
warning: the following keywords are unknown and will be ignored: [examples]
    level: "warning"
    schema: {"loadingURI":"#","pointer":"/items/properties/parcelas"}
    domain: "syntax"
    ignored: ["examples"]
warning: the following keywords are unknown and will be ignored: [examples]
    level: "warning"
    schema: {"loadingURI":"#","pointer":"/items/properties/seguro"}
    domain: "syntax"
    ignored: ["examples"]
warning: the following keywords are unknown and will be ignored: [examples]
    level: "warning"
    schema: {"loadingURI":"#","pointer":"/items/properties/valor"}
    domain: "syntax"
    ignored: ["examples"]
warning: the following keywords are unknown and will be ignored: [examples]
    level: "warning"
    schema: {"loadingURI":"#","pointer":"/items"}
    domain: "syntax"
    ignored: ["examples"]
warning: the following keywords are unknown and will be ignored: [examples]
    level: "warning"
    schema: {"loadingURI":"#","pointer":"/items/properties/cpf"}
    domain: "syntax"
    ignored: ["examples"]
warning: the following keywords are unknown and will be ignored: [examples]
    level: "warning"
    schema: {"loadingURI":"#","pointer":"/items/properties/email"}
    domain: "syntax"
    ignored: ["examples"]
warning: the following keywords are unknown and will be ignored: [examples]
    level: "warning"
    schema: {"loadingURI":"#","pointer":"/items/properties/id"}
    domain: "syntax"
    ignored: ["examples"]
warning: the following keywords are unknown and will be ignored: [examples]
    level: "warning"
    schema: {"loadingURI":"#","pointer":"/items/properties/nome"}
    domain: "syntax"
    ignored: ["examples"]
warning: the following keywords are unknown and will be ignored: [examples]
    level: "warning"
    schema: {"loadingURI":"#","pointer":"/items/properties/parcelas"}
    domain: "syntax"
    ignored: ["examples"]
warning: the following keywords are unknown and will be ignored: [examples]
    level: "warning"
    schema: {"loadingURI":"#","pointer":"/items/properties/seguro"}
    domain: "syntax"
    ignored: ["examples"]
warning: the following keywords are unknown and will be ignored: [examples]
    level: "warning"
    schema: {"loadingURI":"#","pointer":"/items/properties/valor"}
    domain: "syntax"
    ignored: ["examples"]
warning: the following keywords are unknown and will be ignored: [examples]
    level: "warning"
    schema: {"loadingURI":"#","pointer":"/items"}
    domain: "syntax"
    ignored: ["examples"]
warning: the following keywords are unknown and will be ignored: [examples]
    level: "warning"
    schema: {"loadingURI":"#","pointer":"/items/properties/cpf"}
    domain: "syntax"
    ignored: ["examples"]
warning: the following keywords are unknown and will be ignored: [examples]
    level: "warning"
    schema: {"loadingURI":"#","pointer":"/items/properties/email"}
    domain: "syntax"
    ignored: ["examples"]
warning: the following keywords are unknown and will be ignored: [examples]
    level: "warning"
    schema: {"loadingURI":"#","pointer":"/items/properties/id"}
    domain: "syntax"
    ignored: ["examples"]
warning: the following keywords are unknown and will be ignored: [examples]
    level: "warning"
    schema: {"loadingURI":"#","pointer":"/items/properties/nome"}
    domain: "syntax"
    ignored: ["examples"]
warning: the following keywords are unknown and will be ignored: [examples]
    level: "warning"
    schema: {"loadingURI":"#","pointer":"/items/properties/parcelas"}
    domain: "syntax"
    ignored: ["examples"]
warning: the following keywords are unknown and will be ignored: [examples]
    level: "warning"
    schema: {"loadingURI":"#","pointer":"/items/properties/seguro"}
    domain: "syntax"
    ignored: ["examples"]
warning: the following keywords are unknown and will be ignored: [examples]
    level: "warning"
    schema: {"loadingURI":"#","pointer":"/items/properties/valor"}
    domain: "syntax"
    ignored: ["examples"]
warning: the following keywords are unknown and will be ignored: [examples]
    level: "warning"
    schema: {"loadingURI":"#","pointer":"/items"}
    domain: "syntax"
    ignored: ["examples"]
warning: the following keywords are unknown and will be ignored: [examples]
    level: "warning"
    schema: {"loadingURI":"#","pointer":"/items/properties/cpf"}
    domain: "syntax"
    ignored: ["examples"]
warning: the following keywords are unknown and will be ignored: [examples]
    level: "warning"
    schema: {"loadingURI":"#","pointer":"/items/properties/email"}
    domain: "syntax"
    ignored: ["examples"]
warning: the following keywords are unknown and will be ignored: [examples]
    level: "warning"
    schema: {"loadingURI":"#","pointer":"/items/properties/id"}
    domain: "syntax"
    ignored: ["examples"]
warning: the following keywords are unknown and will be ignored: [examples]
    level: "warning"
    schema: {"loadingURI":"#","pointer":"/items/properties/nome"}
    domain: "syntax"
    ignored: ["examples"]
warning: the following keywords are unknown and will be ignored: [examples]
    level: "warning"
    schema: {"loadingURI":"#","pointer":"/items/properties/parcelas"}
    domain: "syntax"
    ignored: ["examples"]
warning: the following keywords are unknown and will be ignored: [examples]
    level: "warning"
    schema: {"loadingURI":"#","pointer":"/items/properties/seguro"}
    domain: "syntax"
    ignored: ["examples"]
warning: the following keywords are unknown and will be ignored: [examples]
    level: "warning"
    schema: {"loadingURI":"#","pointer":"/items/properties/valor"}
    domain: "syntax"
    ignored: ["examples"]
warning: the following keywords are unknown and will be ignored: [examples]
    level: "warning"
    schema: {"loadingURI":"#","pointer":"/items"}
    domain: "syntax"
    ignored: ["examples"]
warning: the following keywords are unknown and will be ignored: [examples]
    level: "warning"
    schema: {"loadingURI":"#","pointer":"/items/properties/cpf"}
    domain: "syntax"
    ignored: ["examples"]
warning: the following keywords are unknown and will be ignored: [examples]
    level: "warning"
    schema: {"loadingURI":"#","pointer":"/items/properties/email"}
    domain: "syntax"
    ignored: ["examples"]
warning: the following keywords are unknown and will be ignored: [examples]
    level: "warning"
    schema: {"loadingURI":"#","pointer":"/items/properties/id"}
    domain: "syntax"
    ignored: ["examples"]
warning: the following keywords are unknown and will be ignored: [examples]
    level: "warning"
    schema: {"loadingURI":"#","pointer":"/items/properties/nome"}
    domain: "syntax"
    ignored: ["examples"]
warning: the following keywords are unknown and will be ignored: [examples]
    level: "warning"
    schema: {"loadingURI":"#","pointer":"/items/properties/parcelas"}
    domain: "syntax"
    ignored: ["examples"]
warning: the following keywords are unknown and will be ignored: [examples]
    level: "warning"
    schema: {"loadingURI":"#","pointer":"/items/properties/seguro"}
    domain: "syntax"
    ignored: ["examples"]
warning: the following keywords are unknown and will be ignored: [examples]
    level: "warning"
    schema: {"loadingURI":"#","pointer":"/items/properties/valor"}
    domain: "syntax"
    ignored: ["examples"]
warning: the following keywords are unknown and will be ignored: [examples]
    level: "warning"
    schema: {"loadingURI":"#","pointer":"/items"}
    domain: "syntax"
    ignored: ["examples"]
warning: the following keywords are unknown and will be ignored: [examples]
    level: "warning"
    schema: {"loadingURI":"#","pointer":"/items/properties/cpf"}
    domain: "syntax"
    ignored: ["examples"]
warning: the following keywords are unknown and will be ignored: [examples]
    level: "warning"
    schema: {"loadingURI":"#","pointer":"/items/properties/email"}
    domain: "syntax"
    ignored: ["examples"]
warning: the following keywords are unknown and will be ignored: [examples]
    level: "warning"
    schema: {"loadingURI":"#","pointer":"/items/properties/id"}
    domain: "syntax"
    ignored: ["examples"]
warning: the following keywords are unknown and will be ignored: [examples]
    level: "warning"
    schema: {"loadingURI":"#","pointer":"/items/properties/nome"}
    domain: "syntax"
    ignored: ["examples"]
warning: the following keywords are unknown and will be ignored: [examples]
    level: "warning"
    schema: {"loadingURI":"#","pointer":"/items/properties/parcelas"}
    domain: "syntax"
    ignored: ["examples"]
warning: the following keywords are unknown and will be ignored: [examples]
    level: "warning"
    schema: {"loadingURI":"#","pointer":"/items/properties/seguro"}
    domain: "syntax"
    ignored: ["examples"]
warning: the following keywords are unknown and will be ignored: [examples]
    level: "warning"
    schema: {"loadingURI":"#","pointer":"/items/properties/valor"}
    domain: "syntax"
    ignored: ["examples"]
warning: the following keywords are unknown and will be ignored: [examples]
    level: "warning"
    schema: {"loadingURI":"#","pointer":"/items"}
    domain: "syntax"
    ignored: ["examples"]
warning: the following keywords are unknown and will be ignored: [examples]
    level: "warning"
    schema: {"loadingURI":"#","pointer":"/items/properties/cpf"}
    domain: "syntax"
    ignored: ["examples"]
warning: the following keywords are unknown and will be ignored: [examples]
    level: "warning"
    schema: {"loadingURI":"#","pointer":"/items/properties/email"}
    domain: "syntax"
    ignored: ["examples"]
warning: the following keywords are unknown and will be ignored: [examples]
    level: "warning"
    schema: {"loadingURI":"#","pointer":"/items/properties/id"}
    domain: "syntax"
    ignored: ["examples"]
warning: the following keywords are unknown and will be ignored: [examples]
    level: "warning"
    schema: {"loadingURI":"#","pointer":"/items/properties/nome"}
    domain: "syntax"
    ignored: ["examples"]
warning: the following keywords are unknown and will be ignored: [examples]
    level: "warning"
    schema: {"loadingURI":"#","pointer":"/items/properties/parcelas"}
    domain: "syntax"
    ignored: ["examples"]
warning: the following keywords are unknown and will be ignored: [examples]
    level: "warning"
    schema: {"loadingURI":"#","pointer":"/items/properties/seguro"}
    domain: "syntax"
    ignored: ["examples"]
warning: the following keywords are unknown and will be ignored: [examples]
    level: "warning"
    schema: {"loadingURI":"#","pointer":"/items/properties/valor"}
    domain: "syntax"
    ignored: ["examples"]
warning: the following keywords are unknown and will be ignored: [examples]
    level: "warning"
    schema: {"loadingURI":"#","pointer":"/items"}
    domain: "syntax"
    ignored: ["examples"]
warning: the following keywords are unknown and will be ignored: [examples]
    level: "warning"
    schema: {"loadingURI":"#","pointer":"/items/properties/cpf"}
    domain: "syntax"
    ignored: ["examples"]
warning: the following keywords are unknown and will be ignored: [examples]
    level: "warning"
    schema: {"loadingURI":"#","pointer":"/items/properties/email"}
    domain: "syntax"
    ignored: ["examples"]
warning: the following keywords are unknown and will be ignored: [examples]
    level: "warning"
    schema: {"loadingURI":"#","pointer":"/items/properties/id"}
    domain: "syntax"
    ignored: ["examples"]
warning: the following keywords are unknown and will be ignored: [examples]
    level: "warning"
    schema: {"loadingURI":"#","pointer":"/items/properties/nome"}
    domain: "syntax"
    ignored: ["examples"]
warning: the following keywords are unknown and will be ignored: [examples]
    level: "warning"
    schema: {"loadingURI":"#","pointer":"/items/properties/parcelas"}
    domain: "syntax"
    ignored: ["examples"]
warning: the following keywords are unknown and will be ignored: [examples]
    level: "warning"
    schema: {"loadingURI":"#","pointer":"/items/properties/seguro"}
    domain: "syntax"
    ignored: ["examples"]
warning: the following keywords are unknown and will be ignored: [examples]
    level: "warning"
    schema: {"loadingURI":"#","pointer":"/items/properties/valor"}
    domain: "syntax"
    ignored: ["examples"]
warning: the following keywords are unknown and will be ignored: [examples]
    level: "warning"
    schema: {"loadingURI":"#","pointer":"/items"}
    domain: "syntax"
    ignored: ["examples"]
warning: the following keywords are unknown and will be ignored: [examples]
    level: "warning"
    schema: {"loadingURI":"#","pointer":"/items/properties/cpf"}
    domain: "syntax"
    ignored: ["examples"]
warning: the following keywords are unknown and will be ignored: [examples]
    level: "warning"
    schema: {"loadingURI":"#","pointer":"/items/properties/email"}
    domain: "syntax"
    ignored: ["examples"]
warning: the following keywords are unknown and will be ignored: [examples]
    level: "warning"
    schema: {"loadingURI":"#","pointer":"/items/properties/id"}
    domain: "syntax"
    ignored: ["examples"]
warning: the following keywords are unknown and will be ignored: [examples]
    level: "warning"
    schema: {"loadingURI":"#","pointer":"/items/properties/nome"}
    domain: "syntax"
    ignored: ["examples"]
warning: the following keywords are unknown and will be ignored: [examples]
    level: "warning"
    schema: {"loadingURI":"#","pointer":"/items/properties/parcelas"}
    domain: "syntax"
    ignored: ["examples"]
warning: the following keywords are unknown and will be ignored: [examples]
    level: "warning"
    schema: {"loadingURI":"#","pointer":"/items/properties/seguro"}
    domain: "syntax"
    ignored: ["examples"]
warning: the following keywords are unknown and will be ignored: [examples]
    level: "warning"
    schema: {"loadingURI":"#","pointer":"/items/properties/valor"}
    domain: "syntax"
    ignored: ["examples"]
warning: the following keywords are unknown and will be ignored: [examples]
    level: "warning"
    schema: {"loadingURI":"#","pointer":"/items"}
    domain: "syntax"
    ignored: ["examples"]
warning: the following keywords are unknown and will be ignored: [examples]
    level: "warning"
    schema: {"loadingURI":"#","pointer":"/items/properties/cpf"}
    domain: "syntax"
    ignored: ["examples"]
warning: the following keywords are unknown and will be ignored: [examples]
    level: "warning"
    schema: {"loadingURI":"#","pointer":"/items/properties/email"}
    domain: "syntax"
    ignored: ["examples"]
warning: the following keywords are unknown and will be ignored: [examples]
    level: "warning"
    schema: {"loadingURI":"#","pointer":"/items/properties/id"}
    domain: "syntax"
    ignored: ["examples"]
warning: the following keywords are unknown and will be ignored: [examples]
    level: "warning"
    schema: {"loadingURI":"#","pointer":"/items/properties/nome"}
    domain: "syntax"
    ignored: ["examples"]
warning: the following keywords are unknown and will be ignored: [examples]
    level: "warning"
    schema: {"loadingURI":"#","pointer":"/items/properties/parcelas"}
    domain: "syntax"
    ignored: ["examples"]
warning: the following keywords are unknown and will be ignored: [examples]
    level: "warning"
    schema: {"loadingURI":"#","pointer":"/items/properties/seguro"}
    domain: "syntax"
    ignored: ["examples"]
warning: the following keywords are unknown and will be ignored: [examples]
    level: "warning"
    schema: {"loadingURI":"#","pointer":"/items/properties/valor"}
    domain: "syntax"
    ignored: ["examples"]
warning: the following keywords are unknown and will be ignored: [examples]
    level: "warning"
    schema: {"loadingURI":"#","pointer":"/items"}
    domain: "syntax"
    ignored: ["examples"]
warning: the following keywords are unknown and will be ignored: [examples]
    level: "warning"
    schema: {"loadingURI":"#","pointer":"/items/properties/cpf"}
    domain: "syntax"
    ignored: ["examples"]
warning: the following keywords are unknown and will be ignored: [examples]
    level: "warning"
    schema: {"loadingURI":"#","pointer":"/items/properties/email"}
    domain: "syntax"
    ignored: ["examples"]
warning: the following keywords are unknown and will be ignored: [examples]
    level: "warning"
    schema: {"loadingURI":"#","pointer":"/items/properties/id"}
    domain: "syntax"
    ignored: ["examples"]
warning: the following keywords are unknown and will be ignored: [examples]
    level: "warning"
    schema: {"loadingURI":"#","pointer":"/items/properties/nome"}
    domain: "syntax"
    ignored: ["examples"]
warning: the following keywords are unknown and will be ignored: [examples]
    level: "warning"
    schema: {"loadingURI":"#","pointer":"/items/properties/parcelas"}
    domain: "syntax"
    ignored: ["examples"]
warning: the following keywords are unknown and will be ignored: [examples]
    level: "warning"
    schema: {"loadingURI":"#","pointer":"/items/properties/seguro"}
    domain: "syntax"
    ignored: ["examples"]
warning: the following keywords are unknown and will be ignored: [examples]
    level: "warning"
    schema: {"loadingURI":"#","pointer":"/items/properties/valor"}
    domain: "syntax"
    ignored: ["examples"]
warning: the following keywords are unknown and will be ignored: [examples]
    level: "warning"
    schema: {"loadingURI":"#","pointer":"/items"}
    domain: "syntax"
    ignored: ["examples"]
warning: the following keywords are unknown and will be ignored: [examples]
    level: "warning"
    schema: {"loadingURI":"#","pointer":"/items/properties/cpf"}
    domain: "syntax"
    ignored: ["examples"]
warning: the following keywords are unknown and will be ignored: [examples]
    level: "warning"
    schema: {"loadingURI":"#","pointer":"/items/properties/email"}
    domain: "syntax"
    ignored: ["examples"]
warning: the following keywords are unknown and will be ignored: [examples]
    level: "warning"
    schema: {"loadingURI":"#","pointer":"/items/properties/id"}
    domain: "syntax"
    ignored: ["examples"]
warning: the following keywords are unknown and will be ignored: [examples]
    level: "warning"
    schema: {"loadingURI":"#","pointer":"/items/properties/nome"}
    domain: "syntax"
    ignored: ["examples"]
warning: the following keywords are unknown and will be ignored: [examples]
    level: "warning"
    schema: {"loadingURI":"#","pointer":"/items/properties/parcelas"}
    domain: "syntax"
    ignored: ["examples"]
warning: the following keywords are unknown and will be ignored: [examples]
    level: "warning"
    schema: {"loadingURI":"#","pointer":"/items/properties/seguro"}
    domain: "syntax"
    ignored: ["examples"]
warning: the following keywords are unknown and will be ignored: [examples]
    level: "warning"
    schema: {"loadingURI":"#","pointer":"/items/properties/valor"}
    domain: "syntax"
    ignored: ["examples"]
warning: the following keywords are unknown and will be ignored: [examples]
    level: "warning"
    schema: {"loadingURI":"#","pointer":"/items"}
    domain: "syntax"
    ignored: ["examples"]
warning: the following keywords are unknown and will be ignored: [examples]
    level: "warning"
    schema: {"loadingURI":"#","pointer":"/items/properties/cpf"}
    domain: "syntax"
    ignored: ["examples"]
warning: the following keywords are unknown and will be ignored: [examples]
    level: "warning"
    schema: {"loadingURI":"#","pointer":"/items/properties/email"}
    domain: "syntax"
    ignored: ["examples"]
warning: the following keywords are unknown and will be ignored: [examples]
    level: "warning"
    schema: {"loadingURI":"#","pointer":"/items/properties/id"}
    domain: "syntax"
    ignored: ["examples"]
warning: the following keywords are unknown and will be ignored: [examples]
    level: "warning"
    schema: {"loadingURI":"#","pointer":"/items/properties/nome"}
    domain: "syntax"
    ignored: ["examples"]
warning: the following keywords are unknown and will be ignored: [examples]
    level: "warning"
    schema: {"loadingURI":"#","pointer":"/items/properties/parcelas"}
    domain: "syntax"
    ignored: ["examples"]
warning: the following keywords are unknown and will be ignored: [examples]
    level: "warning"
    schema: {"loadingURI":"#","pointer":"/items/properties/seguro"}
    domain: "syntax"
    ignored: ["examples"]
warning: the following keywords are unknown and will be ignored: [examples]
    level: "warning"
    schema: {"loadingURI":"#","pointer":"/items/properties/valor"}
    domain: "syntax"
    ignored: ["examples"]
warning: the following keywords are unknown and will be ignored: [examples]
    level: "warning"
    schema: {"loadingURI":"#","pointer":"/items"}
    domain: "syntax"
    ignored: ["examples"]
warning: the following keywords are unknown and will be ignored: [examples]
    level: "warning"
    schema: {"loadingURI":"#","pointer":"/items/properties/cpf"}
    domain: "syntax"
    ignored: ["examples"]
warning: the following keywords are unknown and will be ignored: [examples]
    level: "warning"
    schema: {"loadingURI":"#","pointer":"/items/properties/email"}
    domain: "syntax"
    ignored: ["examples"]
warning: the following keywords are unknown and will be ignored: [examples]
    level: "warning"
    schema: {"loadingURI":"#","pointer":"/items/properties/id"}
    domain: "syntax"
    ignored: ["examples"]
warning: the following keywords are unknown and will be ignored: [examples]
    level: "warning"
    schema: {"loadingURI":"#","pointer":"/items/properties/nome"}
    domain: "syntax"
    ignored: ["examples"]
warning: the following keywords are unknown and will be ignored: [examples]
    level: "warning"
    schema: {"loadingURI":"#","pointer":"/items/properties/parcelas"}
    domain: "syntax"
    ignored: ["examples"]
warning: the following keywords are unknown and will be ignored: [examples]
    level: "warning"
    schema: {"loadingURI":"#","pointer":"/items/properties/seguro"}
    domain: "syntax"
    ignored: ["examples"]
warning: the following keywords are unknown and will be ignored: [examples]
    level: "warning"
    schema: {"loadingURI":"#","pointer":"/items/properties/valor"}
    domain: "syntax"
    ignored: ["examples"]
warning: the following keywords are unknown and will be ignored: [examples]
    level: "warning"
    schema: {"loadingURI":"#","pointer":"/items"}
    domain: "syntax"
    ignored: ["examples"]
warning: the following keywords are unknown and will be ignored: [examples]
    level: "warning"
    schema: {"loadingURI":"#","pointer":"/items/properties/cpf"}
    domain: "syntax"
    ignored: ["examples"]
warning: the following keywords are unknown and will be ignored: [examples]
    level: "warning"
    schema: {"loadingURI":"#","pointer":"/items/properties/email"}
    domain: "syntax"
    ignored: ["examples"]
warning: the following keywords are unknown and will be ignored: [examples]
    level: "warning"
    schema: {"loadingURI":"#","pointer":"/items/properties/id"}
    domain: "syntax"
    ignored: ["examples"]
warning: the following keywords are unknown and will be ignored: [examples]
    level: "warning"
    schema: {"loadingURI":"#","pointer":"/items/properties/nome"}
    domain: "syntax"
    ignored: ["examples"]
warning: the following keywords are unknown and will be ignored: [examples]
    level: "warning"
    schema: {"loadingURI":"#","pointer":"/items/properties/parcelas"}
    domain: "syntax"
    ignored: ["examples"]
warning: the following keywords are unknown and will be ignored: [examples]
    level: "warning"
    schema: {"loadingURI":"#","pointer":"/items/properties/seguro"}
    domain: "syntax"
    ignored: ["examples"]
warning: the following keywords are unknown and will be ignored: [examples]
    level: "warning"
    schema: {"loadingURI":"#","pointer":"/items/properties/valor"}
    domain: "syntax"
    ignored: ["examples"]
warning: the following keywords are unknown and will be ignored: [examples]
    level: "warning"
    schema: {"loadingURI":"#","pointer":"/items"}
    domain: "syntax"
    ignored: ["examples"]
warning: the following keywords are unknown and will be ignored: [examples]
    level: "warning"
    schema: {"loadingURI":"#","pointer":"/items/properties/cpf"}
    domain: "syntax"
    ignored: ["examples"]
warning: the following keywords are unknown and will be ignored: [examples]
    level: "warning"
    schema: {"loadingURI":"#","pointer":"/items/properties/email"}
    domain: "syntax"
    ignored: ["examples"]
warning: the following keywords are unknown and will be ignored: [examples]
    level: "warning"
    schema: {"loadingURI":"#","pointer":"/items/properties/id"}
    domain: "syntax"
    ignored: ["examples"]
warning: the following keywords are unknown and will be ignored: [examples]
    level: "warning"
    schema: {"loadingURI":"#","pointer":"/items/properties/nome"}
    domain: "syntax"
    ignored: ["examples"]
warning: the following keywords are unknown and will be ignored: [examples]
    level: "warning"
    schema: {"loadingURI":"#","pointer":"/items/properties/parcelas"}
    domain: "syntax"
    ignored: ["examples"]
warning: the following keywords are unknown and will be ignored: [examples]
    level: "warning"
    schema: {"loadingURI":"#","pointer":"/items/properties/seguro"}
    domain: "syntax"
    ignored: ["examples"]
warning: the following keywords are unknown and will be ignored: [examples]
    level: "warning"
    schema: {"loadingURI":"#","pointer":"/items/properties/valor"}
    domain: "syntax"
    ignored: ["examples"]
warning: the following keywords are unknown and will be ignored: [examples]
    level: "warning"
    schema: {"loadingURI":"#","pointer":"/items"}
    domain: "syntax"
    ignored: ["examples"]
warning: the following keywords are unknown and will be ignored: [examples]
    level: "warning"
    schema: {"loadingURI":"#","pointer":"/items/properties/cpf"}
    domain: "syntax"
    ignored: ["examples"]
warning: the following keywords are unknown and will be ignored: [examples]
    level: "warning"
    schema: {"loadingURI":"#","pointer":"/items/properties/email"}
    domain: "syntax"
    ignored: ["examples"]
warning: the following keywords are unknown and will be ignored: [examples]
    level: "warning"
    schema: {"loadingURI":"#","pointer":"/items/properties/id"}
    domain: "syntax"
    ignored: ["examples"]
warning: the following keywords are unknown and will be ignored: [examples]
    level: "warning"
    schema: {"loadingURI":"#","pointer":"/items/properties/nome"}
    domain: "syntax"
    ignored: ["examples"]
warning: the following keywords are unknown and will be ignored: [examples]
    level: "warning"
    schema: {"loadingURI":"#","pointer":"/items/properties/parcelas"}
    domain: "syntax"
    ignored: ["examples"]
warning: the following keywords are unknown and will be ignored: [examples]
    level: "warning"
    schema: {"loadingURI":"#","pointer":"/items/properties/seguro"}
    domain: "syntax"
    ignored: ["examples"]
warning: the following keywords are unknown and will be ignored: [examples]
    level: "warning"
    schema: {"loadingURI":"#","pointer":"/items/properties/valor"}
    domain: "syntax"
    ignored: ["examples"]
warning: the following keywords are unknown and will be ignored: [examples]
    level: "warning"
    schema: {"loadingURI":"#","pointer":"/items"}
    domain: "syntax"
    ignored: ["examples"]
warning: the following keywords are unknown and will be ignored: [examples]
    level: "warning"
    schema: {"loadingURI":"#","pointer":"/items/properties/cpf"}
    domain: "syntax"
    ignored: ["examples"]
warning: the following keywords are unknown and will be ignored: [examples]
    level: "warning"
    schema: {"loadingURI":"#","pointer":"/items/properties/email"}
    domain: "syntax"
    ignored: ["examples"]
warning: the following keywords are unknown and will be ignored: [examples]
    level: "warning"
    schema: {"loadingURI":"#","pointer":"/items/properties/id"}
    domain: "syntax"
    ignored: ["examples"]
warning: the following keywords are unknown and will be ignored: [examples]
    level: "warning"
    schema: {"loadingURI":"#","pointer":"/items/properties/nome"}
    domain: "syntax"
    ignored: ["examples"]
warning: the following keywords are unknown and will be ignored: [examples]
    level: "warning"
    schema: {"loadingURI":"#","pointer":"/items/properties/parcelas"}
    domain: "syntax"
    ignored: ["examples"]
warning: the following keywords are unknown and will be ignored: [examples]
    level: "warning"
    schema: {"loadingURI":"#","pointer":"/items/properties/seguro"}
    domain: "syntax"
    ignored: ["examples"]
warning: the following keywords are unknown and will be ignored: [examples]
    level: "warning"
    schema: {"loadingURI":"#","pointer":"/items/properties/valor"}
    domain: "syntax"
    ignored: ["examples"]
warning: the following keywords are unknown and will be ignored: [examples]
    level: "warning"
    schema: {"loadingURI":"#","pointer":"/items"}
    domain: "syntax"
    ignored: ["examples"]
warning: the following keywords are unknown and will be ignored: [examples]
    level: "warning"
    schema: {"loadingURI":"#","pointer":"/items/properties/cpf"}
    domain: "syntax"
    ignored: ["examples"]
warning: the following keywords are unknown and will be ignored: [examples]
    level: "warning"
    schema: {"loadingURI":"#","pointer":"/items/properties/email"}
    domain: "syntax"
    ignored: ["examples"]
warning: the following keywords are unknown and will be ignored: [examples]
    level: "warning"
    schema: {"loadingURI":"#","pointer":"/items/properties/id"}
    domain: "syntax"
    ignored: ["examples"]
warning: the following keywords are unknown and will be ignored: [examples]
    level: "warning"
    schema: {"loadingURI":"#","pointer":"/items/properties/nome"}
    domain: "syntax"
    ignored: ["examples"]
warning: the following keywords are unknown and will be ignored: [examples]
    level: "warning"
    schema: {"loadingURI":"#","pointer":"/items/properties/parcelas"}
    domain: "syntax"
    ignored: ["examples"]
warning: the following keywords are unknown and will be ignored: [examples]
    level: "warning"
    schema: {"loadingURI":"#","pointer":"/items/properties/seguro"}
    domain: "syntax"
    ignored: ["examples"]
warning: the following keywords are unknown and will be ignored: [examples]
    level: "warning"
    schema: {"loadingURI":"#","pointer":"/items/properties/valor"}
    domain: "syntax"
    ignored: ["examples"]
warning: the following keywords are unknown and will be ignored: [examples]
    level: "warning"
    schema: {"loadingURI":"#","pointer":"/items"}
    domain: "syntax"
    ignored: ["examples"]
warning: the following keywords are unknown and will be ignored: [examples]
    level: "warning"
    schema: {"loadingURI":"#","pointer":"/items/properties/cpf"}
    domain: "syntax"
    ignored: ["examples"]
warning: the following keywords are unknown and will be ignored: [examples]
    level: "warning"
    schema: {"loadingURI":"#","pointer":"/items/properties/email"}
    domain: "syntax"
    ignored: ["examples"]
warning: the following keywords are unknown and will be ignored: [examples]
    level: "warning"
    schema: {"loadingURI":"#","pointer":"/items/properties/id"}
    domain: "syntax"
    ignored: ["examples"]
warning: the following keywords are unknown and will be ignored: [examples]
    level: "warning"
    schema: {"loadingURI":"#","pointer":"/items/properties/nome"}
    domain: "syntax"
    ignored: ["examples"]
warning: the following keywords are unknown and will be ignored: [examples]
    level: "warning"
    schema: {"loadingURI":"#","pointer":"/items/properties/parcelas"}
    domain: "syntax"
    ignored: ["examples"]
warning: the following keywords are unknown and will be ignored: [examples]
    level: "warning"
    schema: {"loadingURI":"#","pointer":"/items/properties/seguro"}
    domain: "syntax"
    ignored: ["examples"]
warning: the following keywords are unknown and will be ignored: [examples]
    level: "warning"
    schema: {"loadingURI":"#","pointer":"/items/properties/valor"}
    domain: "syntax"
    ignored: ["examples"]
warning: the following keywords are unknown and will be ignored: [examples]
    level: "warning"
    schema: {"loadingURI":"#","pointer":"/items"}
    domain: "syntax"
    ignored: ["examples"]
warning: the following keywords are unknown and will be ignored: [examples]
    level: "warning"
    schema: {"loadingURI":"#","pointer":"/items/properties/cpf"}
    domain: "syntax"
    ignored: ["examples"]
warning: the following keywords are unknown and will be ignored: [examples]
    level: "warning"
    schema: {"loadingURI":"#","pointer":"/items/properties/email"}
    domain: "syntax"
    ignored: ["examples"]
warning: the following keywords are unknown and will be ignored: [examples]
    level: "warning"
    schema: {"loadingURI":"#","pointer":"/items/properties/id"}
    domain: "syntax"
    ignored: ["examples"]
warning: the following keywords are unknown and will be ignored: [examples]
    level: "warning"
    schema: {"loadingURI":"#","pointer":"/items/properties/nome"}
    domain: "syntax"
    ignored: ["examples"]
warning: the following keywords are unknown and will be ignored: [examples]
    level: "warning"
    schema: {"loadingURI":"#","pointer":"/items/properties/parcelas"}
    domain: "syntax"
    ignored: ["examples"]
warning: the following keywords are unknown and will be ignored: [examples]
    level: "warning"
    schema: {"loadingURI":"#","pointer":"/items/properties/seguro"}
    domain: "syntax"
    ignored: ["examples"]
warning: the following keywords are unknown and will be ignored: [examples]
    level: "warning"
    schema: {"loadingURI":"#","pointer":"/items/properties/valor"}
    domain: "syntax"
    ignored: ["examples"]
warning: the following keywords are unknown and will be ignored: [examples]
    level: "warning"
    schema: {"loadingURI":"#","pointer":"/items"}
    domain: "syntax"
    ignored: ["examples"]
warning: the following keywords are unknown and will be ignored: [examples]
    level: "warning"
    schema: {"loadingURI":"#","pointer":"/items/properties/cpf"}
    domain: "syntax"
    ignored: ["examples"]
warning: the following keywords are unknown and will be ignored: [examples]
    level: "warning"
    schema: {"loadingURI":"#","pointer":"/items/properties/email"}
    domain: "syntax"
    ignored: ["examples"]
warning: the following keywords are unknown and will be ignored: [examples]
    level: "warning"
    schema: {"loadingURI":"#","pointer":"/items/properties/id"}
    domain: "syntax"
    ignored: ["examples"]
warning: the following keywords are unknown and will be ignored: [examples]
    level: "warning"
    schema: {"loadingURI":"#","pointer":"/items/properties/nome"}
    domain: "syntax"
    ignored: ["examples"]
warning: the following keywords are unknown and will be ignored: [examples]
    level: "warning"
    schema: {"loadingURI":"#","pointer":"/items/properties/parcelas"}
    domain: "syntax"
    ignored: ["examples"]
warning: the following keywords are unknown and will be ignored: [examples]
    level: "warning"
    schema: {"loadingURI":"#","pointer":"/items/properties/seguro"}
    domain: "syntax"
    ignored: ["examples"]
warning: the following keywords are unknown and will be ignored: [examples]
    level: "warning"
    schema: {"loadingURI":"#","pointer":"/items/properties/valor"}
    domain: "syntax"
    ignored: ["examples"]
warning: the following keywords are unknown and will be ignored: [examples]
    level: "warning"
    schema: {"loadingURI":"#","pointer":"/items"}
    domain: "syntax"
    ignored: ["examples"]
warning: the following keywords are unknown and will be ignored: [examples]
    level: "warning"
    schema: {"loadingURI":"#","pointer":"/items/properties/cpf"}
    domain: "syntax"
    ignored: ["examples"]
warning: the following keywords are unknown and will be ignored: [examples]
    level: "warning"
    schema: {"loadingURI":"#","pointer":"/items/properties/email"}
    domain: "syntax"
    ignored: ["examples"]
warning: the following keywords are unknown and will be ignored: [examples]
    level: "warning"
    schema: {"loadingURI":"#","pointer":"/items/properties/id"}
    domain: "syntax"
    ignored: ["examples"]
warning: the following keywords are unknown and will be ignored: [examples]
    level: "warning"
    schema: {"loadingURI":"#","pointer":"/items/properties/nome"}
    domain: "syntax"
    ignored: ["examples"]
warning: the following keywords are unknown and will be ignored: [examples]
    level: "warning"
    schema: {"loadingURI":"#","pointer":"/items/properties/parcelas"}
    domain: "syntax"
    ignored: ["examples"]
warning: the following keywords are unknown and will be ignored: [examples]
    level: "warning"
    schema: {"loadingURI":"#","pointer":"/items/properties/seguro"}
    domain: "syntax"
    ignored: ["examples"]
warning: the following keywords are unknown and will be ignored: [examples]
    level: "warning"
    schema: {"loadingURI":"#","pointer":"/items/properties/valor"}
    domain: "syntax"
    ignored: ["examples"]
warning: the following keywords are unknown and will be ignored: [examples]
    level: "warning"
    schema: {"loadingURI":"#","pointer":"/items"}
    domain: "syntax"
    ignored: ["examples"]
warning: the following keywords are unknown and will be ignored: [examples]
    level: "warning"
    schema: {"loadingURI":"#","pointer":"/items/properties/cpf"}
    domain: "syntax"
    ignored: ["examples"]
warning: the following keywords are unknown and will be ignored: [examples]
    level: "warning"
    schema: {"loadingURI":"#","pointer":"/items/properties/email"}
    domain: "syntax"
    ignored: ["examples"]
warning: the following keywords are unknown and will be ignored: [examples]
    level: "warning"
    schema: {"loadingURI":"#","pointer":"/items/properties/id"}
    domain: "syntax"
    ignored: ["examples"]
warning: the following keywords are unknown and will be ignored: [examples]
    level: "warning"
    schema: {"loadingURI":"#","pointer":"/items/properties/nome"}
    domain: "syntax"
    ignored: ["examples"]
warning: the following keywords are unknown and will be ignored: [examples]
    level: "warning"
    schema: {"loadingURI":"#","pointer":"/items/properties/parcelas"}
    domain: "syntax"
    ignored: ["examples"]
warning: the following keywords are unknown and will be ignored: [examples]
    level: "warning"
    schema: {"loadingURI":"#","pointer":"/items/properties/seguro"}
    domain: "syntax"
    ignored: ["examples"]
warning: the following keywords are unknown and will be ignored: [examples]
    level: "warning"
    schema: {"loadingURI":"#","pointer":"/items/properties/valor"}
    domain: "syntax"
    ignored: ["examples"]
warning: the following keywords are unknown and will be ignored: [examples]
    level: "warning"
    schema: {"loadingURI":"#","pointer":"/items"}
    domain: "syntax"
    ignored: ["examples"]
warning: the following keywords are unknown and will be ignored: [examples]
    level: "warning"
    schema: {"loadingURI":"#","pointer":"/items/properties/cpf"}
    domain: "syntax"
    ignored: ["examples"]
warning: the following keywords are unknown and will be ignored: [examples]
    level: "warning"
    schema: {"loadingURI":"#","pointer":"/items/properties/email"}
    domain: "syntax"
    ignored: ["examples"]
warning: the following keywords are unknown and will be ignored: [examples]
    level: "warning"
    schema: {"loadingURI":"#","pointer":"/items/properties/id"}
    domain: "syntax"
    ignored: ["examples"]
warning: the following keywords are unknown and will be ignored: [examples]
    level: "warning"
    schema: {"loadingURI":"#","pointer":"/items/properties/nome"}
    domain: "syntax"
    ignored: ["examples"]
warning: the following keywords are unknown and will be ignored: [examples]
    level: "warning"
    schema: {"loadingURI":"#","pointer":"/items/properties/parcelas"}
    domain: "syntax"
    ignored: ["examples"]
warning: the following keywords are unknown and will be ignored: [examples]
    level: "warning"
    schema: {"loadingURI":"#","pointer":"/items/properties/seguro"}
    domain: "syntax"
    ignored: ["examples"]
warning: the following keywords are unknown and will be ignored: [examples]
    level: "warning"
    schema: {"loadingURI":"#","pointer":"/items/properties/valor"}
    domain: "syntax"
    ignored: ["examples"]
warning: the following keywords are unknown and will be ignored: [examples]
    level: "warning"
    schema: {"loadingURI":"#","pointer":"/items"}
    domain: "syntax"
    ignored: ["examples"]
warning: the following keywords are unknown and will be ignored: [examples]
    level: "warning"
    schema: {"loadingURI":"#","pointer":"/items/properties/cpf"}
    domain: "syntax"
    ignored: ["examples"]
warning: the following keywords are unknown and will be ignored: [examples]
    level: "warning"
    schema: {"loadingURI":"#","pointer":"/items/properties/email"}
    domain: "syntax"
    ignored: ["examples"]
warning: the following keywords are unknown and will be ignored: [examples]
    level: "warning"
    schema: {"loadingURI":"#","pointer":"/items/properties/id"}
    domain: "syntax"
    ignored: ["examples"]
warning: the following keywords are unknown and will be ignored: [examples]
    level: "warning"
    schema: {"loadingURI":"#","pointer":"/items/properties/nome"}
    domain: "syntax"
    ignored: ["examples"]
warning: the following keywords are unknown and will be ignored: [examples]
    level: "warning"
    schema: {"loadingURI":"#","pointer":"/items/properties/parcelas"}
    domain: "syntax"
    ignored: ["examples"]
warning: the following keywords are unknown and will be ignored: [examples]
    level: "warning"
    schema: {"loadingURI":"#","pointer":"/items/properties/seguro"}
    domain: "syntax"
    ignored: ["examples"]
warning: the following keywords are unknown and will be ignored: [examples]
    level: "warning"
    schema: {"loadingURI":"#","pointer":"/items/properties/valor"}
    domain: "syntax"
    ignored: ["examples"]
warning: the following keywords are unknown and will be ignored: [examples]
    level: "warning"
    schema: {"loadingURI":"#","pointer":"/items"}
    domain: "syntax"
    ignored: ["examples"]
warning: the following keywords are unknown and will be ignored: [examples]
    level: "warning"
    schema: {"loadingURI":"#","pointer":"/items/properties/cpf"}
    domain: "syntax"
    ignored: ["examples"]
warning: the following keywords are unknown and will be ignored: [examples]
    level: "warning"
    schema: {"loadingURI":"#","pointer":"/items/properties/email"}
    domain: "syntax"
    ignored: ["examples"]
warning: the following keywords are unknown and will be ignored: [examples]
    level: "warning"
    schema: {"loadingURI":"#","pointer":"/items/properties/id"}
    domain: "syntax"
    ignored: ["examples"]
warning: the following keywords are unknown and will be ignored: [examples]
    level: "warning"
    schema: {"loadingURI":"#","pointer":"/items/properties/nome"}
    domain: "syntax"
    ignored: ["examples"]
warning: the following keywords are unknown and will be ignored: [examples]
    level: "warning"
    schema: {"loadingURI":"#","pointer":"/items/properties/parcelas"}
    domain: "syntax"
    ignored: ["examples"]
warning: the following keywords are unknown and will be ignored: [examples]
    level: "warning"
    schema: {"loadingURI":"#","pointer":"/items/properties/seguro"}
    domain: "syntax"
    ignored: ["examples"]
warning: the following keywords are unknown and will be ignored: [examples]
    level: "warning"
    schema: {"loadingURI":"#","pointer":"/items/properties/valor"}
    domain: "syntax"
    ignored: ["examples"]
warning: the following keywords are unknown and will be ignored: [examples]
    level: "warning"
    schema: {"loadingURI":"#","pointer":"/items"}
    domain: "syntax"
    ignored: ["examples"]
warning: the following keywords are unknown and will be ignored: [examples]
    level: "warning"
    schema: {"loadingURI":"#","pointer":"/items/properties/cpf"}
    domain: "syntax"
    ignored: ["examples"]
warning: the following keywords are unknown and will be ignored: [examples]
    level: "warning"
    schema: {"loadingURI":"#","pointer":"/items/properties/email"}
    domain: "syntax"
    ignored: ["examples"]
warning: the following keywords are unknown and will be ignored: [examples]
    level: "warning"
    schema: {"loadingURI":"#","pointer":"/items/properties/id"}
    domain: "syntax"
    ignored: ["examples"]
warning: the following keywords are unknown and will be ignored: [examples]
    level: "warning"
    schema: {"loadingURI":"#","pointer":"/items/properties/nome"}
    domain: "syntax"
    ignored: ["examples"]
warning: the following keywords are unknown and will be ignored: [examples]
    level: "warning"
    schema: {"loadingURI":"#","pointer":"/items/properties/parcelas"}
    domain: "syntax"
    ignored: ["examples"]
warning: the following keywords are unknown and will be ignored: [examples]
    level: "warning"
    schema: {"loadingURI":"#","pointer":"/items/properties/seguro"}
    domain: "syntax"
    ignored: ["examples"]
warning: the following keywords are unknown and will be ignored: [examples]
    level: "warning"
    schema: {"loadingURI":"#","pointer":"/items/properties/valor"}
    domain: "syntax"
    ignored: ["examples"]
warning: the following keywords are unknown and will be ignored: [examples]
    level: "warning"
    schema: {"loadingURI":"#","pointer":"/items"}
    domain: "syntax"
    ignored: ["examples"]
warning: the following keywords are unknown and will be ignored: [examples]
    level: "warning"
    schema: {"loadingURI":"#","pointer":"/items/properties/cpf"}
    domain: "syntax"
    ignored: ["examples"]
warning: the following keywords are unknown and will be ignored: [examples]
    level: "warning"
    schema: {"loadingURI":"#","pointer":"/items/properties/email"}
    domain: "syntax"
    ignored: ["examples"]
warning: the following keywords are unknown and will be ignored: [examples]
    level: "warning"
    schema: {"loadingURI":"#","pointer":"/items/properties/id"}
    domain: "syntax"
    ignored: ["examples"]
warning: the following keywords are unknown and will be ignored: [examples]
    level: "warning"
    schema: {"loadingURI":"#","pointer":"/items/properties/nome"}
    domain: "syntax"
    ignored: ["examples"]
warning: the following keywords are unknown and will be ignored: [examples]
    level: "warning"
    schema: {"loadingURI":"#","pointer":"/items/properties/parcelas"}
    domain: "syntax"
    ignored: ["examples"]
warning: the following keywords are unknown and will be ignored: [examples]
    level: "warning"
    schema: {"loadingURI":"#","pointer":"/items/properties/seguro"}
    domain: "syntax"
    ignored: ["examples"]
warning: the following keywords are unknown and will be ignored: [examples]
    level: "warning"
    schema: {"loadingURI":"#","pointer":"/items/properties/valor"}
    domain: "syntax"
    ignored: ["examples"]
warning: the following keywords are unknown and will be ignored: [examples]
    level: "warning"
    schema: {"loadingURI":"#","pointer":"/items"}
    domain: "syntax"
    ignored: ["examples"]
warning: the following keywords are unknown and will be ignored: [examples]
    level: "warning"
    schema: {"loadingURI":"#","pointer":"/items/properties/cpf"}
    domain: "syntax"
    ignored: ["examples"]
warning: the following keywords are unknown and will be ignored: [examples]
    level: "warning"
    schema: {"loadingURI":"#","pointer":"/items/properties/email"}
    domain: "syntax"
    ignored: ["examples"]
warning: the following keywords are unknown and will be ignored: [examples]
    level: "warning"
    schema: {"loadingURI":"#","pointer":"/items/properties/id"}
    domain: "syntax"
    ignored: ["examples"]
warning: the following keywords are unknown and will be ignored: [examples]
    level: "warning"
    schema: {"loadingURI":"#","pointer":"/items/properties/nome"}
    domain: "syntax"
    ignored: ["examples"]
warning: the following keywords are unknown and will be ignored: [examples]
    level: "warning"
    schema: {"loadingURI":"#","pointer":"/items/properties/parcelas"}
    domain: "syntax"
    ignored: ["examples"]
warning: the following keywords are unknown and will be ignored: [examples]
    level: "warning"
    schema: {"loadingURI":"#","pointer":"/items/properties/seguro"}
    domain: "syntax"
    ignored: ["examples"]
warning: the following keywords are unknown and will be ignored: [examples]
    level: "warning"
    schema: {"loadingURI":"#","pointer":"/items/properties/valor"}
    domain: "syntax"
    ignored: ["examples"]
warning: the following keywords are unknown and will be ignored: [examples]
    level: "warning"
    schema: {"loadingURI":"#","pointer":"/items"}
    domain: "syntax"
    ignored: ["examples"]
warning: the following keywords are unknown and will be ignored: [examples]
    level: "warning"
    schema: {"loadingURI":"#","pointer":"/items/properties/cpf"}
    domain: "syntax"
    ignored: ["examples"]
warning: the following keywords are unknown and will be ignored: [examples]
    level: "warning"
    schema: {"loadingURI":"#","pointer":"/items/properties/email"}
    domain: "syntax"
    ignored: ["examples"]
warning: the following keywords are unknown and will be ignored: [examples]
    level: "warning"
    schema: {"loadingURI":"#","pointer":"/items/properties/id"}
    domain: "syntax"
    ignored: ["examples"]
warning: the following keywords are unknown and will be ignored: [examples]
    level: "warning"
    schema: {"loadingURI":"#","pointer":"/items/properties/nome"}
    domain: "syntax"
    ignored: ["examples"]
warning: the following keywords are unknown and will be ignored: [examples]
    level: "warning"
    schema: {"loadingURI":"#","pointer":"/items/properties/parcelas"}
    domain: "syntax"
    ignored: ["examples"]
warning: the following keywords are unknown and will be ignored: [examples]
    level: "warning"
    schema: {"loadingURI":"#","pointer":"/items/properties/seguro"}
    domain: "syntax"
    ignored: ["examples"]
warning: the following keywords are unknown and will be ignored: [examples]
    level: "warning"
    schema: {"loadingURI":"#","pointer":"/items/properties/valor"}
    domain: "syntax"
    ignored: ["examples"]
warning: the following keywords are unknown and will be ignored: [examples]
    level: "warning"
    schema: {"loadingURI":"#","pointer":"/items"}
    domain: "syntax"
    ignored: ["examples"]
warning: the following keywords are unknown and will be ignored: [examples]
    level: "warning"
    schema: {"loadingURI":"#","pointer":"/items/properties/cpf"}
    domain: "syntax"
    ignored: ["examples"]
warning: the following keywords are unknown and will be ignored: [examples]
    level: "warning"
    schema: {"loadingURI":"#","pointer":"/items/properties/email"}
    domain: "syntax"
    ignored: ["examples"]
warning: the following keywords are unknown and will be ignored: [examples]
    level: "warning"
    schema: {"loadingURI":"#","pointer":"/items/properties/id"}
    domain: "syntax"
    ignored: ["examples"]
warning: the following keywords are unknown and will be ignored: [examples]
    level: "warning"
    schema: {"loadingURI":"#","pointer":"/items/properties/nome"}
    domain: "syntax"
    ignored: ["examples"]
warning: the following keywords are unknown and will be ignored: [examples]
    level: "warning"
    schema: {"loadingURI":"#","pointer":"/items/properties/parcelas"}
    domain: "syntax"
    ignored: ["examples"]
warning: the following keywords are unknown and will be ignored: [examples]
    level: "warning"
    schema: {"loadingURI":"#","pointer":"/items/properties/seguro"}
    domain: "syntax"
    ignored: ["examples"]
warning: the following keywords are unknown and will be ignored: [examples]
    level: "warning"
    schema: {"loadingURI":"#","pointer":"/items/properties/valor"}
    domain: "syntax"
    ignored: ["examples"]
warning: the following keywords are unknown and will be ignored: [examples]
    level: "warning"
    schema: {"loadingURI":"#","pointer":"/items"}
    domain: "syntax"
    ignored: ["examples"]
warning: the following keywords are unknown and will be ignored: [examples]
    level: "warning"
    schema: {"loadingURI":"#","pointer":"/items/properties/cpf"}
    domain: "syntax"
    ignored: ["examples"]
warning: the following keywords are unknown and will be ignored: [examples]
    level: "warning"
    schema: {"loadingURI":"#","pointer":"/items/properties/email"}
    domain: "syntax"
    ignored: ["examples"]
warning: the following keywords are unknown and will be ignored: [examples]
    level: "warning"
    schema: {"loadingURI":"#","pointer":"/items/properties/id"}
    domain: "syntax"
    ignored: ["examples"]
warning: the following keywords are unknown and will be ignored: [examples]
    level: "warning"
    schema: {"loadingURI":"#","pointer":"/items/properties/nome"}
    domain: "syntax"
    ignored: ["examples"]
warning: the following keywords are unknown and will be ignored: [examples]
    level: "warning"
    schema: {"loadingURI":"#","pointer":"/items/properties/parcelas"}
    domain: "syntax"
    ignored: ["examples"]
warning: the following keywords are unknown and will be ignored: [examples]
    level: "warning"
    schema: {"loadingURI":"#","pointer":"/items/properties/seguro"}
    domain: "syntax"
    ignored: ["examples"]
warning: the following keywords are unknown and will be ignored: [examples]
    level: "warning"
    schema: {"loadingURI":"#","pointer":"/items/properties/valor"}
    domain: "syntax"
    ignored: ["examples"]
warning: the following keywords are unknown and will be ignored: [examples]
    level: "warning"
    schema: {"loadingURI":"#","pointer":"/items"}
    domain: "syntax"
    ignored: ["examples"]
warning: the following keywords are unknown and will be ignored: [examples]
    level: "warning"
    schema: {"loadingURI":"#","pointer":"/items/properties/cpf"}
    domain: "syntax"
    ignored: ["examples"]
warning: the following keywords are unknown and will be ignored: [examples]
    level: "warning"
    schema: {"loadingURI":"#","pointer":"/items/properties/email"}
    domain: "syntax"
    ignored: ["examples"]
warning: the following keywords are unknown and will be ignored: [examples]
    level: "warning"
    schema: {"loadingURI":"#","pointer":"/items/properties/id"}
    domain: "syntax"
    ignored: ["examples"]
warning: the following keywords are unknown and will be ignored: [examples]
    level: "warning"
    schema: {"loadingURI":"#","pointer":"/items/properties/nome"}
    domain: "syntax"
    ignored: ["examples"]
warning: the following keywords are unknown and will be ignored: [examples]
    level: "warning"
    schema: {"loadingURI":"#","pointer":"/items/properties/parcelas"}
    domain: "syntax"
    ignored: ["examples"]
warning: the following keywords are unknown and will be ignored: [examples]
    level: "warning"
    schema: {"loadingURI":"#","pointer":"/items/properties/seguro"}
    domain: "syntax"
    ignored: ["examples"]
warning: the following keywords are unknown and will be ignored: [examples]
    level: "warning"
    schema: {"loadingURI":"#","pointer":"/items/properties/valor"}
    domain: "syntax"
    ignored: ["examples"]
warning: the following keywords are unknown and will be ignored: [examples]
    level: "warning"
    schema: {"loadingURI":"#","pointer":"/items"}
    domain: "syntax"
    ignored: ["examples"]
warning: the following keywords are unknown and will be ignored: [examples]
    level: "warning"
    schema: {"loadingURI":"#","pointer":"/items/properties/cpf"}
    domain: "syntax"
    ignored: ["examples"]
warning: the following keywords are unknown and will be ignored: [examples]
    level: "warning"
    schema: {"loadingURI":"#","pointer":"/items/properties/email"}
    domain: "syntax"
    ignored: ["examples"]
warning: the following keywords are unknown and will be ignored: [examples]
    level: "warning"
    schema: {"loadingURI":"#","pointer":"/items/properties/id"}
    domain: "syntax"
    ignored: ["examples"]
warning: the following keywords are unknown and will be ignored: [examples]
    level: "warning"
    schema: {"loadingURI":"#","pointer":"/items/properties/nome"}
    domain: "syntax"
    ignored: ["examples"]
warning: the following keywords are unknown and will be ignored: [examples]
    level: "warning"
    schema: {"loadingURI":"#","pointer":"/items/properties/parcelas"}
    domain: "syntax"
    ignored: ["examples"]
warning: the following keywords are unknown and will be ignored: [examples]
    level: "warning"
    schema: {"loadingURI":"#","pointer":"/items/properties/seguro"}
    domain: "syntax"
    ignored: ["examples"]
warning: the following keywords are unknown and will be ignored: [examples]
    level: "warning"
    schema: {"loadingURI":"#","pointer":"/items/properties/valor"}
    domain: "syntax"
    ignored: ["examples"]
warning: the following keywords are unknown and will be ignored: [examples]
    level: "warning"
    schema: {"loadingURI":"#","pointer":"/items"}
    domain: "syntax"
    ignored: ["examples"]
warning: the following keywords are unknown and will be ignored: [examples]
    level: "warning"
    schema: {"loadingURI":"#","pointer":"/items/properties/cpf"}
    domain: "syntax"
    ignored: ["examples"]
warning: the following keywords are unknown and will be ignored: [examples]
    level: "warning"
    schema: {"loadingURI":"#","pointer":"/items/properties/email"}
    domain: "syntax"
    ignored: ["examples"]
warning: the following keywords are unknown and will be ignored: [examples]
    level: "warning"
    schema: {"loadingURI":"#","pointer":"/items/properties/id"}
    domain: "syntax"
    ignored: ["examples"]
warning: the following keywords are unknown and will be ignored: [examples]
    level: "warning"
    schema: {"loadingURI":"#","pointer":"/items/properties/nome"}
    domain: "syntax"
    ignored: ["examples"]
warning: the following keywords are unknown and will be ignored: [examples]
    level: "warning"
    schema: {"loadingURI":"#","pointer":"/items/properties/parcelas"}
    domain: "syntax"
    ignored: ["examples"]
warning: the following keywords are unknown and will be ignored: [examples]
    level: "warning"
    schema: {"loadingURI":"#","pointer":"/items/properties/seguro"}
    domain: "syntax"
    ignored: ["examples"]
warning: the following keywords are unknown and will be ignored: [examples]
    level: "warning"
    schema: {"loadingURI":"#","pointer":"/items/properties/valor"}
    domain: "syntax"
    ignored: ["examples"]
warning: the following keywords are unknown and will be ignored: [examples]
    level: "warning"
    schema: {"loadingURI":"#","pointer":"/items"}
    domain: "syntax"
    ignored: ["examples"]
warning: the following keywords are unknown and will be ignored: [examples]
    level: "warning"
    schema: {"loadingURI":"#","pointer":"/items/properties/cpf"}
    domain: "syntax"
    ignored: ["examples"]
warning: the following keywords are unknown and will be ignored: [examples]
    level: "warning"
    schema: {"loadingURI":"#","pointer":"/items/properties/email"}
    domain: "syntax"
    ignored: ["examples"]
warning: the following keywords are unknown and will be ignored: [examples]
    level: "warning"
    schema: {"loadingURI":"#","pointer":"/items/properties/id"}
    domain: "syntax"
    ignored: ["examples"]
warning: the following keywords are unknown and will be ignored: [examples]
    level: "warning"
    schema: {"loadingURI":"#","pointer":"/items/properties/nome"}
    domain: "syntax"
    ignored: ["examples"]
warning: the following keywords are unknown and will be ignored: [examples]
    level: "warning"
    schema: {"loadingURI":"#","pointer":"/items/properties/parcelas"}
    domain: "syntax"
    ignored: ["examples"]
warning: the following keywords are unknown and will be ignored: [examples]
    level: "warning"
    schema: {"loadingURI":"#","pointer":"/items/properties/seguro"}
    domain: "syntax"
    ignored: ["examples"]
warning: the following keywords are unknown and will be ignored: [examples]
    level: "warning"
    schema: {"loadingURI":"#","pointer":"/items/properties/valor"}
    domain: "syntax"
    ignored: ["examples"]
warning: the following keywords are unknown and will be ignored: [examples]
    level: "warning"
    schema: {"loadingURI":"#","pointer":"/items"}
    domain: "syntax"
    ignored: ["examples"]
warning: the following keywords are unknown and will be ignored: [examples]
    level: "warning"
    schema: {"loadingURI":"#","pointer":"/items/properties/cpf"}
    domain: "syntax"
    ignored: ["examples"]
warning: the following keywords are unknown and will be ignored: [examples]
    level: "warning"
    schema: {"loadingURI":"#","pointer":"/items/properties/email"}
    domain: "syntax"
    ignored: ["examples"]
warning: the following keywords are unknown and will be ignored: [examples]
    level: "warning"
    schema: {"loadingURI":"#","pointer":"/items/properties/id"}
    domain: "syntax"
    ignored: ["examples"]
warning: the following keywords are unknown and will be ignored: [examples]
    level: "warning"
    schema: {"loadingURI":"#","pointer":"/items/properties/nome"}
    domain: "syntax"
    ignored: ["examples"]
warning: the following keywords are unknown and will be ignored: [examples]
    level: "warning"
    schema: {"loadingURI":"#","pointer":"/items/properties/parcelas"}
    domain: "syntax"
    ignored: ["examples"]
warning: the following keywords are unknown and will be ignored: [examples]
    level: "warning"
    schema: {"loadingURI":"#","pointer":"/items/properties/seguro"}
    domain: "syntax"
    ignored: ["examples"]
warning: the following keywords are unknown and will be ignored: [examples]
    level: "warning"
    schema: {"loadingURI":"#","pointer":"/items/properties/valor"}
    domain: "syntax"
    ignored: ["examples"]
warning: the following keywords are unknown and will be ignored: [examples]
    level: "warning"
    schema: {"loadingURI":"#","pointer":"/items"}
    domain: "syntax"
    ignored: ["examples"]
warning: the following keywords are unknown and will be ignored: [examples]
    level: "warning"
    schema: {"loadingURI":"#","pointer":"/items/properties/cpf"}
    domain: "syntax"
    ignored: ["examples"]
warning: the following keywords are unknown and will be ignored: [examples]
    level: "warning"
    schema: {"loadingURI":"#","pointer":"/items/properties/email"}
    domain: "syntax"
    ignored: ["examples"]
warning: the following keywords are unknown and will be ignored: [examples]
    level: "warning"
    schema: {"loadingURI":"#","pointer":"/items/properties/id"}
    domain: "syntax"
    ignored: ["examples"]
warning: the following keywords are unknown and will be ignored: [examples]
    level: "warning"
    schema: {"loadingURI":"#","pointer":"/items/properties/nome"}
    domain: "syntax"
    ignored: ["examples"]
warning: the following keywords are unknown and will be ignored: [examples]
    level: "warning"
    schema: {"loadingURI":"#","pointer":"/items/properties/parcelas"}
    domain: "syntax"
    ignored: ["examples"]
warning: the following keywords are unknown and will be ignored: [examples]
    level: "warning"
    schema: {"loadingURI":"#","pointer":"/items/properties/seguro"}
    domain: "syntax"
    ignored: ["examples"]
warning: the following keywords are unknown and will be ignored: [examples]
    level: "warning"
    schema: {"loadingURI":"#","pointer":"/items/properties/valor"}
    domain: "syntax"
    ignored: ["examples"]
warning: the following keywords are unknown and will be ignored: [examples]
    level: "warning"
    schema: {"loadingURI":"#","pointer":"/items"}
    domain: "syntax"
    ignored: ["examples"]
warning: the following keywords are unknown and will be ignored: [examples]
    level: "warning"
    schema: {"loadingURI":"#","pointer":"/items/properties/cpf"}
    domain: "syntax"
    ignored: ["examples"]
warning: the following keywords are unknown and will be ignored: [examples]
    level: "warning"
    schema: {"loadingURI":"#","pointer":"/items/properties/email"}
    domain: "syntax"
    ignored: ["examples"]
warning: the following keywords are unknown and will be ignored: [examples]
    level: "warning"
    schema: {"loadingURI":"#","pointer":"/items/properties/id"}
    domain: "syntax"
    ignored: ["examples"]
warning: the following keywords are unknown and will be ignored: [examples]
    level: "warning"
    schema: {"loadingURI":"#","pointer":"/items/properties/nome"}
    domain: "syntax"
    ignored: ["examples"]
warning: the following keywords are unknown and will be ignored: [examples]
    level: "warning"
    schema: {"loadingURI":"#","pointer":"/items/properties/parcelas"}
    domain: "syntax"
    ignored: ["examples"]
warning: the following keywords are unknown and will be ignored: [examples]
    level: "warning"
    schema: {"loadingURI":"#","pointer":"/items/properties/seguro"}
    domain: "syntax"
    ignored: ["examples"]
warning: the following keywords are unknown and will be ignored: [examples]
    level: "warning"
    schema: {"loadingURI":"#","pointer":"/items/properties/valor"}
    domain: "syntax"
    ignored: ["examples"]
warning: the following keywords are unknown and will be ignored: [examples]
    level: "warning"
    schema: {"loadingURI":"#","pointer":"/items"}
    domain: "syntax"
    ignored: ["examples"]
warning: the following keywords are unknown and will be ignored: [examples]
    level: "warning"
    schema: {"loadingURI":"#","pointer":"/items/properties/cpf"}
    domain: "syntax"
    ignored: ["examples"]
warning: the following keywords are unknown and will be ignored: [examples]
    level: "warning"
    schema: {"loadingURI":"#","pointer":"/items/properties/email"}
    domain: "syntax"
    ignored: ["examples"]
warning: the following keywords are unknown and will be ignored: [examples]
    level: "warning"
    schema: {"loadingURI":"#","pointer":"/items/properties/id"}
    domain: "syntax"
    ignored: ["examples"]
warning: the following keywords are unknown and will be ignored: [examples]
    level: "warning"
    schema: {"loadingURI":"#","pointer":"/items/properties/nome"}
    domain: "syntax"
    ignored: ["examples"]
warning: the following keywords are unknown and will be ignored: [examples]
    level: "warning"
    schema: {"loadingURI":"#","pointer":"/items/properties/parcelas"}
    domain: "syntax"
    ignored: ["examples"]
warning: the following keywords are unknown and will be ignored: [examples]
    level: "warning"
    schema: {"loadingURI":"#","pointer":"/items/properties/seguro"}
    domain: "syntax"
    ignored: ["examples"]
warning: the following keywords are unknown and will be ignored: [examples]
    level: "warning"
    schema: {"loadingURI":"#","pointer":"/items/properties/valor"}
    domain: "syntax"
    ignored: ["examples"]
warning: the following keywords are unknown and will be ignored: [examples]
    level: "warning"
    schema: {"loadingURI":"#","pointer":"/items"}
    domain: "syntax"
    ignored: ["examples"]
warning: the following keywords are unknown and will be ignored: [examples]
    level: "warning"
    schema: {"loadingURI":"#","pointer":"/items/properties/cpf"}
    domain: "syntax"
    ignored: ["examples"]
warning: the following keywords are unknown and will be ignored: [examples]
    level: "warning"
    schema: {"loadingURI":"#","pointer":"/items/properties/email"}
    domain: "syntax"
    ignored: ["examples"]
warning: the following keywords are unknown and will be ignored: [examples]
    level: "warning"
    schema: {"loadingURI":"#","pointer":"/items/properties/id"}
    domain: "syntax"
    ignored: ["examples"]
warning: the following keywords are unknown and will be ignored: [examples]
    level: "warning"
    schema: {"loadingURI":"#","pointer":"/items/properties/nome"}
    domain: "syntax"
    ignored: ["examples"]
warning: the following keywords are unknown and will be ignored: [examples]
    level: "warning"
    schema: {"loadingURI":"#","pointer":"/items/properties/parcelas"}
    domain: "syntax"
    ignored: ["examples"]
warning: the following keywords are unknown and will be ignored: [examples]
    level: "warning"
    schema: {"loadingURI":"#","pointer":"/items/properties/seguro"}
    domain: "syntax"
    ignored: ["examples"]
warning: the following keywords are unknown and will be ignored: [examples]
    level: "warning"
    schema: {"loadingURI":"#","pointer":"/items/properties/valor"}
    domain: "syntax"
    ignored: ["examples"]
warning: the following keywords are unknown and will be ignored: [examples]
    level: "warning"
    schema: {"loadingURI":"#","pointer":"/items"}
    domain: "syntax"
    ignored: ["examples"]
warning: the following keywords are unknown and will be ignored: [examples]
    level: "warning"
    schema: {"loadingURI":"#","pointer":"/items/properties/cpf"}
    domain: "syntax"
    ignored: ["examples"]
warning: the following keywords are unknown and will be ignored: [examples]
    level: "warning"
    schema: {"loadingURI":"#","pointer":"/items/properties/email"}
    domain: "syntax"
    ignored: ["examples"]
warning: the following keywords are unknown and will be ignored: [examples]
    level: "warning"
    schema: {"loadingURI":"#","pointer":"/items/properties/id"}
    domain: "syntax"
    ignored: ["examples"]
warning: the following keywords are unknown and will be ignored: [examples]
    level: "warning"
    schema: {"loadingURI":"#","pointer":"/items/properties/nome"}
    domain: "syntax"
    ignored: ["examples"]
warning: the following keywords are unknown and will be ignored: [examples]
    level: "warning"
    schema: {"loadingURI":"#","pointer":"/items/properties/parcelas"}
    domain: "syntax"
    ignored: ["examples"]
warning: the following keywords are unknown and will be ignored: [examples]
    level: "warning"
    schema: {"loadingURI":"#","pointer":"/items/properties/seguro"}
    domain: "syntax"
    ignored: ["examples"]
warning: the following keywords are unknown and will be ignored: [examples]
    level: "warning"
    schema: {"loadingURI":"#","pointer":"/items/properties/valor"}
    domain: "syntax"
    ignored: ["examples"]
warning: the following keywords are unknown and will be ignored: [examples]
    level: "warning"
    schema: {"loadingURI":"#","pointer":"/items"}
    domain: "syntax"
    ignored: ["examples"]
warning: the following keywords are unknown and will be ignored: [examples]
    level: "warning"
    schema: {"loadingURI":"#","pointer":"/items/properties/cpf"}
    domain: "syntax"
    ignored: ["examples"]
warning: the following keywords are unknown and will be ignored: [examples]
    level: "warning"
    schema: {"loadingURI":"#","pointer":"/items/properties/email"}
    domain: "syntax"
    ignored: ["examples"]
warning: the following keywords are unknown and will be ignored: [examples]
    level: "warning"
    schema: {"loadingURI":"#","pointer":"/items/properties/id"}
    domain: "syntax"
    ignored: ["examples"]
warning: the following keywords are unknown and will be ignored: [examples]
    level: "warning"
    schema: {"loadingURI":"#","pointer":"/items/properties/nome"}
    domain: "syntax"
    ignored: ["examples"]
warning: the following keywords are unknown and will be ignored: [examples]
    level: "warning"
    schema: {"loadingURI":"#","pointer":"/items/properties/parcelas"}
    domain: "syntax"
    ignored: ["examples"]
warning: the following keywords are unknown and will be ignored: [examples]
    level: "warning"
    schema: {"loadingURI":"#","pointer":"/items/properties/seguro"}
    domain: "syntax"
    ignored: ["examples"]
warning: the following keywords are unknown and will be ignored: [examples]
    level: "warning"
    schema: {"loadingURI":"#","pointer":"/items/properties/valor"}
    domain: "syntax"
    ignored: ["examples"]
warning: the following keywords are unknown and will be ignored: [examples]
    level: "warning"
    schema: {"loadingURI":"#","pointer":"/items"}
    domain: "syntax"
    ignored: ["examples"]
warning: the following keywords are unknown and will be ignored: [examples]
    level: "warning"
    schema: {"loadingURI":"#","pointer":"/items/properties/cpf"}
    domain: "syntax"
    ignored: ["examples"]
warning: the following keywords are unknown and will be ignored: [examples]
    level: "warning"
    schema: {"loadingURI":"#","pointer":"/items/properties/email"}
    domain: "syntax"
    ignored: ["examples"]
warning: the following keywords are unknown and will be ignored: [examples]
    level: "warning"
    schema: {"loadingURI":"#","pointer":"/items/properties/id"}
    domain: "syntax"
    ignored: ["examples"]
warning: the following keywords are unknown and will be ignored: [examples]
    level: "warning"
    schema: {"loadingURI":"#","pointer":"/items/properties/nome"}
    domain: "syntax"
    ignored: ["examples"]
warning: the following keywords are unknown and will be ignored: [examples]
    level: "warning"
    schema: {"loadingURI":"#","pointer":"/items/properties/parcelas"}
    domain: "syntax"
    ignored: ["examples"]
warning: the following keywords are unknown and will be ignored: [examples]
    level: "warning"
    schema: {"loadingURI":"#","pointer":"/items/properties/seguro"}
    domain: "syntax"
    ignored: ["examples"]
warning: the following keywords are unknown and will be ignored: [examples]
    level: "warning"
    schema: {"loadingURI":"#","pointer":"/items/properties/valor"}
    domain: "syntax"
    ignored: ["examples"]
warning: the following keywords are unknown and will be ignored: [examples]
    level: "warning"
    schema: {"loadingURI":"#","pointer":"/items"}
    domain: "syntax"
    ignored: ["examples"]
warning: the following keywords are unknown and will be ignored: [examples]
    level: "warning"
    schema: {"loadingURI":"#","pointer":"/items/properties/cpf"}
    domain: "syntax"
    ignored: ["examples"]
warning: the following keywords are unknown and will be ignored: [examples]
    level: "warning"
    schema: {"loadingURI":"#","pointer":"/items/properties/email"}
    domain: "syntax"
    ignored: ["examples"]
warning: the following keywords are unknown and will be ignored: [examples]
    level: "warning"
    schema: {"loadingURI":"#","pointer":"/items/properties/id"}
    domain: "syntax"
    ignored: ["examples"]
warning: the following keywords are unknown and will be ignored: [examples]
    level: "warning"
    schema: {"loadingURI":"#","pointer":"/items/properties/nome"}
    domain: "syntax"
    ignored: ["examples"]
warning: the following keywords are unknown and will be ignored: [examples]
    level: "warning"
    schema: {"loadingURI":"#","pointer":"/items/properties/parcelas"}
    domain: "syntax"
    ignored: ["examples"]
warning: the following keywords are unknown and will be ignored: [examples]
    level: "warning"
    schema: {"loadingURI":"#","pointer":"/items/properties/seguro"}
    domain: "syntax"
    ignored: ["examples"]
warning: the following keywords are unknown and will be ignored: [examples]
    level: "warning"
    schema: {"loadingURI":"#","pointer":"/items/properties/valor"}
    domain: "syntax"
    ignored: ["examples"]
warning: the following keywords are unknown and will be ignored: [examples]
    level: "warning"
    schema: {"loadingURI":"#","pointer":"/items"}
    domain: "syntax"
    ignored: ["examples"]
warning: the following keywords are unknown and will be ignored: [examples]
    level: "warning"
    schema: {"loadingURI":"#","pointer":"/items/properties/cpf"}
    domain: "syntax"
    ignored: ["examples"]
warning: the following keywords are unknown and will be ignored: [examples]
    level: "warning"
    schema: {"loadingURI":"#","pointer":"/items/properties/email"}
    domain: "syntax"
    ignored: ["examples"]
warning: the following keywords are unknown and will be ignored: [examples]
    level: "warning"
    schema: {"loadingURI":"#","pointer":"/items/properties/id"}
    domain: "syntax"
    ignored: ["examples"]
warning: the following keywords are unknown and will be ignored: [examples]
    level: "warning"
    schema: {"loadingURI":"#","pointer":"/items/properties/nome"}
    domain: "syntax"
    ignored: ["examples"]
warning: the following keywords are unknown and will be ignored: [examples]
    level: "warning"
    schema: {"loadingURI":"#","pointer":"/items/properties/parcelas"}
    domain: "syntax"
    ignored: ["examples"]
warning: the following keywords are unknown and will be ignored: [examples]
    level: "warning"
    schema: {"loadingURI":"#","pointer":"/items/properties/seguro"}
    domain: "syntax"
    ignored: ["examples"]
warning: the following keywords are unknown and will be ignored: [examples]
    level: "warning"
    schema: {"loadingURI":"#","pointer":"/items/properties/valor"}
    domain: "syntax"
    ignored: ["examples"]
warning: the following keywords are unknown and will be ignored: [examples]
    level: "warning"
    schema: {"loadingURI":"#","pointer":"/items"}
    domain: "syntax"
    ignored: ["examples"]
warning: the following keywords are unknown and will be ignored: [examples]
    level: "warning"
    schema: {"loadingURI":"#","pointer":"/items/properties/cpf"}
    domain: "syntax"
    ignored: ["examples"]
warning: the following keywords are unknown and will be ignored: [examples]
    level: "warning"
    schema: {"loadingURI":"#","pointer":"/items/properties/email"}
    domain: "syntax"
    ignored: ["examples"]
warning: the following keywords are unknown and will be ignored: [examples]
    level: "warning"
    schema: {"loadingURI":"#","pointer":"/items/properties/id"}
    domain: "syntax"
    ignored: ["examples"]
warning: the following keywords are unknown and will be ignored: [examples]
    level: "warning"
    schema: {"loadingURI":"#","pointer":"/items/properties/nome"}
    domain: "syntax"
    ignored: ["examples"]
warning: the following keywords are unknown and will be ignored: [examples]
    level: "warning"
    schema: {"loadingURI":"#","pointer":"/items/properties/parcelas"}
    domain: "syntax"
    ignored: ["examples"]
warning: the following keywords are unknown and will be ignored: [examples]
    level: "warning"
    schema: {"loadingURI":"#","pointer":"/items/properties/seguro"}
    domain: "syntax"
    ignored: ["examples"]
warning: the following keywords are unknown and will be ignored: [examples]
    level: "warning"
    schema: {"loadingURI":"#","pointer":"/items/properties/valor"}
    domain: "syntax"
    ignored: ["examples"]
warning: the following keywords are unknown and will be ignored: [examples]
    level: "warning"
    schema: {"loadingURI":"#","pointer":"/items"}
    domain: "syntax"
    ignored: ["examples"]
warning: the following keywords are unknown and will be ignored: [examples]
    level: "warning"
    schema: {"loadingURI":"#","pointer":"/items/properties/cpf"}
    domain: "syntax"
    ignored: ["examples"]
warning: the following keywords are unknown and will be ignored: [examples]
    level: "warning"
    schema: {"loadingURI":"#","pointer":"/items/properties/email"}
    domain: "syntax"
    ignored: ["examples"]
warning: the following keywords are unknown and will be ignored: [examples]
    level: "warning"
    schema: {"loadingURI":"#","pointer":"/items/properties/id"}
    domain: "syntax"
    ignored: ["examples"]
warning: the following keywords are unknown and will be ignored: [examples]
    level: "warning"
    schema: {"loadingURI":"#","pointer":"/items/properties/nome"}
    domain: "syntax"
    ignored: ["examples"]
warning: the following keywords are unknown and will be ignored: [examples]
    level: "warning"
    schema: {"loadingURI":"#","pointer":"/items/properties/parcelas"}
    domain: "syntax"
    ignored: ["examples"]
warning: the following keywords are unknown and will be ignored: [examples]
    level: "warning"
    schema: {"loadingURI":"#","pointer":"/items/properties/seguro"}
    domain: "syntax"
    ignored: ["examples"]
warning: the following keywords are unknown and will be ignored: [examples]
    level: "warning"
    schema: {"loadingURI":"#","pointer":"/items/properties/valor"}
    domain: "syntax"
    ignored: ["examples"]
warning: the following keywords are unknown and will be ignored: [examples]
    level: "warning"
    schema: {"loadingURI":"#","pointer":"/items"}
    domain: "syntax"
    ignored: ["examples"]
warning: the following keywords are unknown and will be ignored: [examples]
    level: "warning"
    schema: {"loadingURI":"#","pointer":"/items/properties/cpf"}
    domain: "syntax"
    ignored: ["examples"]
warning: the following keywords are unknown and will be ignored: [examples]
    level: "warning"
    schema: {"loadingURI":"#","pointer":"/items/properties/email"}
    domain: "syntax"
    ignored: ["examples"]
warning: the following keywords are unknown and will be ignored: [examples]
    level: "warning"
    schema: {"loadingURI":"#","pointer":"/items/properties/id"}
    domain: "syntax"
    ignored: ["examples"]
warning: the following keywords are unknown and will be ignored: [examples]
    level: "warning"
    schema: {"loadingURI":"#","pointer":"/items/properties/nome"}
    domain: "syntax"
    ignored: ["examples"]
warning: the following keywords are unknown and will be ignored: [examples]
    level: "warning"
    schema: {"loadingURI":"#","pointer":"/items/properties/parcelas"}
    domain: "syntax"
    ignored: ["examples"]
warning: the following keywords are unknown and will be ignored: [examples]
    level: "warning"
    schema: {"loadingURI":"#","pointer":"/items/properties/seguro"}
    domain: "syntax"
    ignored: ["examples"]
warning: the following keywords are unknown and will be ignored: [examples]
    level: "warning"
    schema: {"loadingURI":"#","pointer":"/items/properties/valor"}
    domain: "syntax"
    ignored: ["examples"]
warning: the following keywords are unknown and will be ignored: [examples]
    level: "warning"
    schema: {"loadingURI":"#","pointer":"/items"}
    domain: "syntax"
    ignored: ["examples"]
warning: the following keywords are unknown and will be ignored: [examples]
    level: "warning"
    schema: {"loadingURI":"#","pointer":"/items/properties/cpf"}
    domain: "syntax"
    ignored: ["examples"]
warning: the following keywords are unknown and will be ignored: [examples]
    level: "warning"
    schema: {"loadingURI":"#","pointer":"/items/properties/email"}
    domain: "syntax"
    ignored: ["examples"]
warning: the following keywords are unknown and will be ignored: [examples]
    level: "warning"
    schema: {"loadingURI":"#","pointer":"/items/properties/id"}
    domain: "syntax"
    ignored: ["examples"]
warning: the following keywords are unknown and will be ignored: [examples]
    level: "warning"
    schema: {"loadingURI":"#","pointer":"/items/properties/nome"}
    domain: "syntax"
    ignored: ["examples"]
warning: the following keywords are unknown and will be ignored: [examples]
    level: "warning"
    schema: {"loadingURI":"#","pointer":"/items/properties/parcelas"}
    domain: "syntax"
    ignored: ["examples"]
warning: the following keywords are unknown and will be ignored: [examples]
    level: "warning"
    schema: {"loadingURI":"#","pointer":"/items/properties/seguro"}
    domain: "syntax"
    ignored: ["examples"]
warning: the following keywords are unknown and will be ignored: [examples]
    level: "warning"
    schema: {"loadingURI":"#","pointer":"/items/properties/valor"}
    domain: "syntax"
    ignored: ["examples"]
warning: the following keywords are unknown and will be ignored: [examples]
    level: "warning"
    schema: {"loadingURI":"#","pointer":"/items"}
    domain: "syntax"
    ignored: ["examples"]
warning: the following keywords are unknown and will be ignored: [examples]
    level: "warning"
    schema: {"loadingURI":"#","pointer":"/items/properties/cpf"}
    domain: "syntax"
    ignored: ["examples"]
warning: the following keywords are unknown and will be ignored: [examples]
    level: "warning"
    schema: {"loadingURI":"#","pointer":"/items/properties/email"}
    domain: "syntax"
    ignored: ["examples"]
warning: the following keywords are unknown and will be ignored: [examples]
    level: "warning"
    schema: {"loadingURI":"#","pointer":"/items/properties/id"}
    domain: "syntax"
    ignored: ["examples"]
warning: the following keywords are unknown and will be ignored: [examples]
    level: "warning"
    schema: {"loadingURI":"#","pointer":"/items/properties/nome"}
    domain: "syntax"
    ignored: ["examples"]
warning: the following keywords are unknown and will be ignored: [examples]
    level: "warning"
    schema: {"loadingURI":"#","pointer":"/items/properties/parcelas"}
    domain: "syntax"
    ignored: ["examples"]
warning: the following keywords are unknown and will be ignored: [examples]
    level: "warning"
    schema: {"loadingURI":"#","pointer":"/items/properties/seguro"}
    domain: "syntax"
    ignored: ["examples"]
warning: the following keywords are unknown and will be ignored: [examples]
    level: "warning"
    schema: {"loadingURI":"#","pointer":"/items/properties/valor"}
    domain: "syntax"
    ignored: ["examples"]
warning: the following keywords are unknown and will be ignored: [examples]
    level: "warning"
    schema: {"loadingURI":"#","pointer":"/items"}
    domain: "syntax"
    ignored: ["examples"]
warning: the following keywords are unknown and will be ignored: [examples]
    level: "warning"
    schema: {"loadingURI":"#","pointer":"/items/properties/cpf"}
    domain: "syntax"
    ignored: ["examples"]
warning: the following keywords are unknown and will be ignored: [examples]
    level: "warning"
    schema: {"loadingURI":"#","pointer":"/items/properties/email"}
    domain: "syntax"
    ignored: ["examples"]
warning: the following keywords are unknown and will be ignored: [examples]
    level: "warning"
    schema: {"loadingURI":"#","pointer":"/items/properties/id"}
    domain: "syntax"
    ignored: ["examples"]
warning: the following keywords are unknown and will be ignored: [examples]
    level: "warning"
    schema: {"loadingURI":"#","pointer":"/items/properties/nome"}
    domain: "syntax"
    ignored: ["examples"]
warning: the following keywords are unknown and will be ignored: [examples]
    level: "warning"
    schema: {"loadingURI":"#","pointer":"/items/properties/parcelas"}
    domain: "syntax"
    ignored: ["examples"]
warning: the following keywords are unknown and will be ignored: [examples]
    level: "warning"
    schema: {"loadingURI":"#","pointer":"/items/properties/seguro"}
    domain: "syntax"
    ignored: ["examples"]
warning: the following keywords are unknown and will be ignored: [examples]
    level: "warning"
    schema: {"loadingURI":"#","pointer":"/items/properties/valor"}
    domain: "syntax"
    ignored: ["examples"]
warning: the following keywords are unknown and will be ignored: [examples]
    level: "warning"
    schema: {"loadingURI":"#","pointer":"/items"}
    domain: "syntax"
    ignored: ["examples"]
warning: the following keywords are unknown and will be ignored: [examples]
    level: "warning"
    schema: {"loadingURI":"#","pointer":"/items/properties/cpf"}
    domain: "syntax"
    ignored: ["examples"]
warning: the following keywords are unknown and will be ignored: [examples]
    level: "warning"
    schema: {"loadingURI":"#","pointer":"/items/properties/email"}
    domain: "syntax"
    ignored: ["examples"]
warning: the following keywords are unknown and will be ignored: [examples]
    level: "warning"
    schema: {"loadingURI":"#","pointer":"/items/properties/id"}
    domain: "syntax"
    ignored: ["examples"]
warning: the following keywords are unknown and will be ignored: [examples]
    level: "warning"
    schema: {"loadingURI":"#","pointer":"/items/properties/nome"}
    domain: "syntax"
    ignored: ["examples"]
warning: the following keywords are unknown and will be ignored: [examples]
    level: "warning"
    schema: {"loadingURI":"#","pointer":"/items/properties/parcelas"}
    domain: "syntax"
    ignored: ["examples"]
warning: the following keywords are unknown and will be ignored: [examples]
    level: "warning"
    schema: {"loadingURI":"#","pointer":"/items/properties/seguro"}
    domain: "syntax"
    ignored: ["examples"]
warning: the following keywords are unknown and will be ignored: [examples]
    level: "warning"
    schema: {"loadingURI":"#","pointer":"/items/properties/valor"}
    domain: "syntax"
    ignored: ["examples"]
warning: the following keywords are unknown and will be ignored: [examples]
    level: "warning"
    schema: {"loadingURI":"#","pointer":"/items"}
    domain: "syntax"
    ignored: ["examples"]
warning: the following keywords are unknown and will be ignored: [examples]
    level: "warning"
    schema: {"loadingURI":"#","pointer":"/items/properties/cpf"}
    domain: "syntax"
    ignored: ["examples"]
warning: the following keywords are unknown and will be ignored: [examples]
    level: "warning"
    schema: {"loadingURI":"#","pointer":"/items/properties/email"}
    domain: "syntax"
    ignored: ["examples"]
warning: the following keywords are unknown and will be ignored: [examples]
    level: "warning"
    schema: {"loadingURI":"#","pointer":"/items/properties/id"}
    domain: "syntax"
    ignored: ["examples"]
warning: the following keywords are unknown and will be ignored: [examples]
    level: "warning"
    schema: {"loadingURI":"#","pointer":"/items/properties/nome"}
    domain: "syntax"
    ignored: ["examples"]
warning: the following keywords are unknown and will be ignored: [examples]
    level: "warning"
    schema: {"loadingURI":"#","pointer":"/items/properties/parcelas"}
    domain: "syntax"
    ignored: ["examples"]
warning: the following keywords are unknown and will be ignored: [examples]
    level: "warning"
    schema: {"loadingURI":"#","pointer":"/items/properties/seguro"}
    domain: "syntax"
    ignored: ["examples"]
warning: the following keywords are unknown and will be ignored: [examples]
    level: "warning"
    schema: {"loadingURI":"#","pointer":"/items/properties/valor"}
    domain: "syntax"
    ignored: ["examples"]
warning: the following keywords are unknown and will be ignored: [examples]
    level: "warning"
    schema: {"loadingURI":"#","pointer":"/items"}
    domain: "syntax"
    ignored: ["examples"]
warning: the following keywords are unknown and will be ignored: [examples]
    level: "warning"
    schema: {"loadingURI":"#","pointer":"/items/properties/cpf"}
    domain: "syntax"
    ignored: ["examples"]
warning: the following keywords are unknown and will be ignored: [examples]
    level: "warning"
    schema: {"loadingURI":"#","pointer":"/items/properties/email"}
    domain: "syntax"
    ignored: ["examples"]
warning: the following keywords are unknown and will be ignored: [examples]
    level: "warning"
    schema: {"loadingURI":"#","pointer":"/items/properties/id"}
    domain: "syntax"
    ignored: ["examples"]
warning: the following keywords are unknown and will be ignored: [examples]
    level: "warning"
    schema: {"loadingURI":"#","pointer":"/items/properties/nome"}
    domain: "syntax"
    ignored: ["examples"]
warning: the following keywords are unknown and will be ignored: [examples]
    level: "warning"
    schema: {"loadingURI":"#","pointer":"/items/properties/parcelas"}
    domain: "syntax"
    ignored: ["examples"]
warning: the following keywords are unknown and will be ignored: [examples]
    level: "warning"
    schema: {"loadingURI":"#","pointer":"/items/properties/seguro"}
    domain: "syntax"
    ignored: ["examples"]
warning: the following keywords are unknown and will be ignored: [examples]
    level: "warning"
    schema: {"loadingURI":"#","pointer":"/items/properties/valor"}
    domain: "syntax"
    ignored: ["examples"]
warning: the following keywords are unknown and will be ignored: [examples]
    level: "warning"
    schema: {"loadingURI":"#","pointer":"/items"}
    domain: "syntax"
    ignored: ["examples"]
warning: the following keywords are unknown and will be ignored: [examples]
    level: "warning"
    schema: {"loadingURI":"#","pointer":"/items/properties/cpf"}
    domain: "syntax"
    ignored: ["examples"]
warning: the following keywords are unknown and will be ignored: [examples]
    level: "warning"
    schema: {"loadingURI":"#","pointer":"/items/properties/email"}
    domain: "syntax"
    ignored: ["examples"]
warning: the following keywords are unknown and will be ignored: [examples]
    level: "warning"
    schema: {"loadingURI":"#","pointer":"/items/properties/id"}
    domain: "syntax"
    ignored: ["examples"]
warning: the following keywords are unknown and will be ignored: [examples]
    level: "warning"
    schema: {"loadingURI":"#","pointer":"/items/properties/nome"}
    domain: "syntax"
    ignored: ["examples"]
warning: the following keywords are unknown and will be ignored: [examples]
    level: "warning"
    schema: {"loadingURI":"#","pointer":"/items/properties/parcelas"}
    domain: "syntax"
    ignored: ["examples"]
warning: the following keywords are unknown and will be ignored: [examples]
    level: "warning"
    schema: {"loadingURI":"#","pointer":"/items/properties/seguro"}
    domain: "syntax"
    ignored: ["examples"]
warning: the following keywords are unknown and will be ignored: [examples]
    level: "warning"
    schema: {"loadingURI":"#","pointer":"/items/properties/valor"}
    domain: "syntax"
    ignored: ["examples"]
warning: the following keywords are unknown and will be ignored: [examples]
    level: "warning"
    schema: {"loadingURI":"#","pointer":"/items"}
    domain: "syntax"
    ignored: ["examples"]
warning: the following keywords are unknown and will be ignored: [examples]
    level: "warning"
    schema: {"loadingURI":"#","pointer":"/items/properties/cpf"}
    domain: "syntax"
    ignored: ["examples"]
warning: the following keywords are unknown and will be ignored: [examples]
    level: "warning"
    schema: {"loadingURI":"#","pointer":"/items/properties/email"}
    domain: "syntax"
    ignored: ["examples"]
warning: the following keywords are unknown and will be ignored: [examples]
    level: "warning"
    schema: {"loadingURI":"#","pointer":"/items/properties/id"}
    domain: "syntax"
    ignored: ["examples"]
warning: the following keywords are unknown and will be ignored: [examples]
    level: "warning"
    schema: {"loadingURI":"#","pointer":"/items/properties/nome"}
    domain: "syntax"
    ignored: ["examples"]
warning: the following keywords are unknown and will be ignored: [examples]
    level: "warning"
    schema: {"loadingURI":"#","pointer":"/items/properties/parcelas"}
    domain: "syntax"
    ignored: ["examples"]
warning: the following keywords are unknown and will be ignored: [examples]
    level: "warning"
    schema: {"loadingURI":"#","pointer":"/items/properties/seguro"}
    domain: "syntax"
    ignored: ["examples"]
warning: the following keywords are unknown and will be ignored: [examples]
    level: "warning"
    schema: {"loadingURI":"#","pointer":"/items/properties/valor"}
    domain: "syntax"
    ignored: ["examples"]
warning: the following keywords are unknown and will be ignored: [examples]
    level: "warning"
    schema: {"loadingURI":"#","pointer":"/items"}
    domain: "syntax"
    ignored: ["examples"]
warning: the following keywords are unknown and will be ignored: [examples]
    level: "warning"
    schema: {"loadingURI":"#","pointer":"/items/properties/cpf"}
    domain: "syntax"
    ignored: ["examples"]
warning: the following keywords are unknown and will be ignored: [examples]
    level: "warning"
    schema: {"loadingURI":"#","pointer":"/items/properties/email"}
    domain: "syntax"
    ignored: ["examples"]
warning: the following keywords are unknown and will be ignored: [examples]
    level: "warning"
    schema: {"loadingURI":"#","pointer":"/items/properties/id"}
    domain: "syntax"
    ignored: ["examples"]
warning: the following keywords are unknown and will be ignored: [examples]
    level: "warning"
    schema: {"loadingURI":"#","pointer":"/items/properties/nome"}
    domain: "syntax"
    ignored: ["examples"]
warning: the following keywords are unknown and will be ignored: [examples]
    level: "warning"
    schema: {"loadingURI":"#","pointer":"/items/properties/parcelas"}
    domain: "syntax"
    ignored: ["examples"]
warning: the following keywords are unknown and will be ignored: [examples]
    level: "warning"
    schema: {"loadingURI":"#","pointer":"/items/properties/seguro"}
    domain: "syntax"
    ignored: ["examples"]
warning: the following keywords are unknown and will be ignored: [examples]
    level: "warning"
    schema: {"loadingURI":"#","pointer":"/items/properties/valor"}
    domain: "syntax"
    ignored: ["examples"]
warning: the following keywords are unknown and will be ignored: [examples]
    level: "warning"
    schema: {"loadingURI":"#","pointer":"/items"}
    domain: "syntax"
    ignored: ["examples"]
warning: the following keywords are unknown and will be ignored: [examples]
    level: "warning"
    schema: {"loadingURI":"#","pointer":"/items/properties/cpf"}
    domain: "syntax"
    ignored: ["examples"]
warning: the following keywords are unknown and will be ignored: [examples]
    level: "warning"
    schema: {"loadingURI":"#","pointer":"/items/properties/email"}
    domain: "syntax"
    ignored: ["examples"]
warning: the following keywords are unknown and will be ignored: [examples]
    level: "warning"
    schema: {"loadingURI":"#","pointer":"/items/properties/id"}
    domain: "syntax"
    ignored: ["examples"]
warning: the following keywords are unknown and will be ignored: [examples]
    level: "warning"
    schema: {"loadingURI":"#","pointer":"/items/properties/nome"}
    domain: "syntax"
    ignored: ["examples"]
warning: the following keywords are unknown and will be ignored: [examples]
    level: "warning"
    schema: {"loadingURI":"#","pointer":"/items/properties/parcelas"}
    domain: "syntax"
    ignored: ["examples"]
warning: the following keywords are unknown and will be ignored: [examples]
    level: "warning"
    schema: {"loadingURI":"#","pointer":"/items/properties/seguro"}
    domain: "syntax"
    ignored: ["examples"]
warning: the following keywords are unknown and will be ignored: [examples]
    level: "warning"
    schema: {"loadingURI":"#","pointer":"/items/properties/valor"}
    domain: "syntax"
    ignored: ["examples"]
warning: the following keywords are unknown and will be ignored: [examples]
    level: "warning"
    schema: {"loadingURI":"#","pointer":"/items"}
    domain: "syntax"
    ignored: ["examples"]
warning: the following keywords are unknown and will be ignored: [examples]
    level: "warning"
    schema: {"loadingURI":"#","pointer":"/items/properties/cpf"}
    domain: "syntax"
    ignored: ["examples"]
warning: the following keywords are unknown and will be ignored: [examples]
    level: "warning"
    schema: {"loadingURI":"#","pointer":"/items/properties/email"}
    domain: "syntax"
    ignored: ["examples"]
warning: the following keywords are unknown and will be ignored: [examples]
    level: "warning"
    schema: {"loadingURI":"#","pointer":"/items/properties/id"}
    domain: "syntax"
    ignored: ["examples"]
warning: the following keywords are unknown and will be ignored: [examples]
    level: "warning"
    schema: {"loadingURI":"#","pointer":"/items/properties/nome"}
    domain: "syntax"
    ignored: ["examples"]
warning: the following keywords are unknown and will be ignored: [examples]
    level: "warning"
    schema: {"loadingURI":"#","pointer":"/items/properties/parcelas"}
    domain: "syntax"
    ignored: ["examples"]
warning: the following keywords are unknown and will be ignored: [examples]
    level: "warning"
    schema: {"loadingURI":"#","pointer":"/items/properties/seguro"}
    domain: "syntax"
    ignored: ["examples"]
warning: the following keywords are unknown and will be ignored: [examples]
    level: "warning"
    schema: {"loadingURI":"#","pointer":"/items/properties/valor"}
    domain: "syntax"
    ignored: ["examples"]
warning: the following keywords are unknown and will be ignored: [examples]
    level: "warning"
    schema: {"loadingURI":"#","pointer":"/items"}
    domain: "syntax"
    ignored: ["examples"]
warning: the following keywords are unknown and will be ignored: [examples]
    level: "warning"
    schema: {"loadingURI":"#","pointer":"/items/properties/cpf"}
    domain: "syntax"
    ignored: ["examples"]
warning: the following keywords are unknown and will be ignored: [examples]
    level: "warning"
    schema: {"loadingURI":"#","pointer":"/items/properties/email"}
    domain: "syntax"
    ignored: ["examples"]
warning: the following keywords are unknown and will be ignored: [examples]
    level: "warning"
    schema: {"loadingURI":"#","pointer":"/items/properties/id"}
    domain: "syntax"
    ignored: ["examples"]
warning: the following keywords are unknown and will be ignored: [examples]
    level: "warning"
    schema: {"loadingURI":"#","pointer":"/items/properties/nome"}
    domain: "syntax"
    ignored: ["examples"]
warning: the following keywords are unknown and will be ignored: [examples]
    level: "warning"
    schema: {"loadingURI":"#","pointer":"/items/properties/parcelas"}
    domain: "syntax"
    ignored: ["examples"]
warning: the following keywords are unknown and will be ignored: [examples]
    level: "warning"
    schema: {"loadingURI":"#","pointer":"/items/properties/seguro"}
    domain: "syntax"
    ignored: ["examples"]
warning: the following keywords are unknown and will be ignored: [examples]
    level: "warning"
    schema: {"loadingURI":"#","pointer":"/items/properties/valor"}
    domain: "syntax"
    ignored: ["examples"]
warning: the following keywords are unknown and will be ignored: [examples]
    level: "warning"
    schema: {"loadingURI":"#","pointer":"/items"}
    domain: "syntax"
    ignored: ["examples"]
warning: the following keywords are unknown and will be ignored: [examples]
    level: "warning"
    schema: {"loadingURI":"#","pointer":"/items/properties/cpf"}
    domain: "syntax"
    ignored: ["examples"]
warning: the following keywords are unknown and will be ignored: [examples]
    level: "warning"
    schema: {"loadingURI":"#","pointer":"/items/properties/email"}
    domain: "syntax"
    ignored: ["examples"]
warning: the following keywords are unknown and will be ignored: [examples]
    level: "warning"
    schema: {"loadingURI":"#","pointer":"/items/properties/id"}
    domain: "syntax"
    ignored: ["examples"]
warning: the following keywords are unknown and will be ignored: [examples]
    level: "warning"
    schema: {"loadingURI":"#","pointer":"/items/properties/nome"}
    domain: "syntax"
    ignored: ["examples"]
warning: the following keywords are unknown and will be ignored: [examples]
    level: "warning"
    schema: {"loadingURI":"#","pointer":"/items/properties/parcelas"}
    domain: "syntax"
    ignored: ["examples"]
warning: the following keywords are unknown and will be ignored: [examples]
    level: "warning"
    schema: {"loadingURI":"#","pointer":"/items/properties/seguro"}
    domain: "syntax"
    ignored: ["examples"]
warning: the following keywords are unknown and will be ignored: [examples]
    level: "warning"
    schema: {"loadingURI":"#","pointer":"/items/properties/valor"}
    domain: "syntax"
    ignored: ["examples"]
warning: the following keywords are unknown and will be ignored: [examples]
    level: "warning"
    schema: {"loadingURI":"#","pointer":"/items"}
    domain: "syntax"
    ignored: ["examples"]
warning: the following keywords are unknown and will be ignored: [examples]
    level: "warning"
    schema: {"loadingURI":"#","pointer":"/items/properties/cpf"}
    domain: "syntax"
    ignored: ["examples"]
warning: the following keywords are unknown and will be ignored: [examples]
    level: "warning"
    schema: {"loadingURI":"#","pointer":"/items/properties/email"}
    domain: "syntax"
    ignored: ["examples"]
warning: the following keywords are unknown and will be ignored: [examples]
    level: "warning"
    schema: {"loadingURI":"#","pointer":"/items/properties/id"}
    domain: "syntax"
    ignored: ["examples"]
warning: the following keywords are unknown and will be ignored: [examples]
    level: "warning"
    schema: {"loadingURI":"#","pointer":"/items/properties/nome"}
    domain: "syntax"
    ignored: ["examples"]
warning: the following keywords are unknown and will be ignored: [examples]
    level: "warning"
    schema: {"loadingURI":"#","pointer":"/items/properties/parcelas"}
    domain: "syntax"
    ignored: ["examples"]
warning: the following keywords are unknown and will be ignored: [examples]
    level: "warning"
    schema: {"loadingURI":"#","pointer":"/items/properties/seguro"}
    domain: "syntax"
    ignored: ["examples"]
warning: the following keywords are unknown and will be ignored: [examples]
    level: "warning"
    schema: {"loadingURI":"#","pointer":"/items/properties/valor"}
    domain: "syntax"
    ignored: ["examples"]
warning: the following keywords are unknown and will be ignored: [examples]
    level: "warning"
    schema: {"loadingURI":"#","pointer":"/items"}
    domain: "syntax"
    ignored: ["examples"]
warning: the following keywords are unknown and will be ignored: [examples]
    level: "warning"
    schema: {"loadingURI":"#","pointer":"/items/properties/cpf"}
    domain: "syntax"
    ignored: ["examples"]
warning: the following keywords are unknown and will be ignored: [examples]
    level: "warning"
    schema: {"loadingURI":"#","pointer":"/items/properties/email"}
    domain: "syntax"
    ignored: ["examples"]
warning: the following keywords are unknown and will be ignored: [examples]
    level: "warning"
    schema: {"loadingURI":"#","pointer":"/items/properties/id"}
    domain: "syntax"
    ignored: ["examples"]
warning: the following keywords are unknown and will be ignored: [examples]
    level: "warning"
    schema: {"loadingURI":"#","pointer":"/items/properties/nome"}
    domain: "syntax"
    ignored: ["examples"]
warning: the following keywords are unknown and will be ignored: [examples]
    level: "warning"
    schema: {"loadingURI":"#","pointer":"/items/properties/parcelas"}
    domain: "syntax"
    ignored: ["examples"]
warning: the following keywords are unknown and will be ignored: [examples]
    level: "warning"
    schema: {"loadingURI":"#","pointer":"/items/properties/seguro"}
    domain: "syntax"
    ignored: ["examples"]
warning: the following keywords are unknown and will be ignored: [examples]
    level: "warning"
    schema: {"loadingURI":"#","pointer":"/items/properties/valor"}
    domain: "syntax"
    ignored: ["examples"]
warning: the following keywords are unknown and will be ignored: [examples]
    level: "warning"
    schema: {"loadingURI":"#","pointer":"/items"}
    domain: "syntax"
    ignored: ["examples"]
warning: the following keywords are unknown and will be ignored: [examples]
    level: "warning"
    schema: {"loadingURI":"#","pointer":"/items/properties/cpf"}
    domain: "syntax"
    ignored: ["examples"]
warning: the following keywords are unknown and will be ignored: [examples]
    level: "warning"
    schema: {"loadingURI":"#","pointer":"/items/properties/email"}
    domain: "syntax"
    ignored: ["examples"]
warning: the following keywords are unknown and will be ignored: [examples]
    level: "warning"
    schema: {"loadingURI":"#","pointer":"/items/properties/id"}
    domain: "syntax"
    ignored: ["examples"]
warning: the following keywords are unknown and will be ignored: [examples]
    level: "warning"
    schema: {"loadingURI":"#","pointer":"/items/properties/nome"}
    domain: "syntax"
    ignored: ["examples"]
warning: the following keywords are unknown and will be ignored: [examples]
    level: "warning"
    schema: {"loadingURI":"#","pointer":"/items/properties/parcelas"}
    domain: "syntax"
    ignored: ["examples"]
warning: the following keywords are unknown and will be ignored: [examples]
    level: "warning"
    schema: {"loadingURI":"#","pointer":"/items/properties/seguro"}
    domain: "syntax"
    ignored: ["examples"]
warning: the following keywords are unknown and will be ignored: [examples]
    level: "warning"
    schema: {"loadingURI":"#","pointer":"/items/properties/valor"}
    domain: "syntax"
    ignored: ["examples"]
warning: the following keywords are unknown and will be ignored: [examples]
    level: "warning"
    schema: {"loadingURI":"#","pointer":"/items"}
    domain: "syntax"
    ignored: ["examples"]
warning: the following keywords are unknown and will be ignored: [examples]
    level: "warning"
    schema: {"loadingURI":"#","pointer":"/items/properties/cpf"}
    domain: "syntax"
    ignored: ["examples"]
warning: the following keywords are unknown and will be ignored: [examples]
    level: "warning"
    schema: {"loadingURI":"#","pointer":"/items/properties/email"}
    domain: "syntax"
    ignored: ["examples"]
warning: the following keywords are unknown and will be ignored: [examples]
    level: "warning"
    schema: {"loadingURI":"#","pointer":"/items/properties/id"}
    domain: "syntax"
    ignored: ["examples"]
warning: the following keywords are unknown and will be ignored: [examples]
    level: "warning"
    schema: {"loadingURI":"#","pointer":"/items/properties/nome"}
    domain: "syntax"
    ignored: ["examples"]
warning: the following keywords are unknown and will be ignored: [examples]
    level: "warning"
    schema: {"loadingURI":"#","pointer":"/items/properties/parcelas"}
    domain: "syntax"
    ignored: ["examples"]
warning: the following keywords are unknown and will be ignored: [examples]
    level: "warning"
    schema: {"loadingURI":"#","pointer":"/items/properties/seguro"}
    domain: "syntax"
    ignored: ["examples"]
warning: the following keywords are unknown and will be ignored: [examples]
    level: "warning"
    schema: {"loadingURI":"#","pointer":"/items/properties/valor"}
    domain: "syntax"
    ignored: ["examples"]
warning: the following keywords are unknown and will be ignored: [examples]
    level: "warning"
    schema: {"loadingURI":"#","pointer":"/items"}
    domain: "syntax"
    ignored: ["examples"]
warning: the following keywords are unknown and will be ignored: [examples]
    level: "warning"
    schema: {"loadingURI":"#","pointer":"/items/properties/cpf"}
    domain: "syntax"
    ignored: ["examples"]
warning: the following keywords are unknown and will be ignored: [examples]
    level: "warning"
    schema: {"loadingURI":"#","pointer":"/items/properties/email"}
    domain: "syntax"
    ignored: ["examples"]
warning: the following keywords are unknown and will be ignored: [examples]
    level: "warning"
    schema: {"loadingURI":"#","pointer":"/items/properties/id"}
    domain: "syntax"
    ignored: ["examples"]
warning: the following keywords are unknown and will be ignored: [examples]
    level: "warning"
    schema: {"loadingURI":"#","pointer":"/items/properties/nome"}
    domain: "syntax"
    ignored: ["examples"]
warning: the following keywords are unknown and will be ignored: [examples]
    level: "warning"
    schema: {"loadingURI":"#","pointer":"/items/properties/parcelas"}
    domain: "syntax"
    ignored: ["examples"]
warning: the following keywords are unknown and will be ignored: [examples]
    level: "warning"
    schema: {"loadingURI":"#","pointer":"/items/properties/seguro"}
    domain: "syntax"
    ignored: ["examples"]
warning: the following keywords are unknown and will be ignored: [examples]
    level: "warning"
    schema: {"loadingURI":"#","pointer":"/items/properties/valor"}
    domain: "syntax"
    ignored: ["examples"]
warning: the following keywords are unknown and will be ignored: [examples]
    level: "warning"
    schema: {"loadingURI":"#","pointer":"/items"}
    domain: "syntax"
    ignored: ["examples"]
warning: the following keywords are unknown and will be ignored: [examples]
    level: "warning"
    schema: {"loadingURI":"#","pointer":"/items/properties/cpf"}
    domain: "syntax"
    ignored: ["examples"]
warning: the following keywords are unknown and will be ignored: [examples]
    level: "warning"
    schema: {"loadingURI":"#","pointer":"/items/properties/email"}
    domain: "syntax"
    ignored: ["examples"]
warning: the following keywords are unknown and will be ignored: [examples]
    level: "warning"
    schema: {"loadingURI":"#","pointer":"/items/properties/id"}
    domain: "syntax"
    ignored: ["examples"]
warning: the following keywords are unknown and will be ignored: [examples]
    level: "warning"
    schema: {"loadingURI":"#","pointer":"/items/properties/nome"}
    domain: "syntax"
    ignored: ["examples"]
warning: the following keywords are unknown and will be ignored: [examples]
    level: "warning"
    schema: {"loadingURI":"#","pointer":"/items/properties/parcelas"}
    domain: "syntax"
    ignored: ["examples"]
warning: the following keywords are unknown and will be ignored: [examples]
    level: "warning"
    schema: {"loadingURI":"#","pointer":"/items/properties/seguro"}
    domain: "syntax"
    ignored: ["examples"]
warning: the following keywords are unknown and will be ignored: [examples]
    level: "warning"
    schema: {"loadingURI":"#","pointer":"/items/properties/valor"}
    domain: "syntax"
    ignored: ["examples"]
warning: the following keywords are unknown and will be ignored: [examples]
    level: "warning"
    schema: {"loadingURI":"#","pointer":"/items"}
    domain: "syntax"
    ignored: ["examples"]
warning: the following keywords are unknown and will be ignored: [examples]
    level: "warning"
    schema: {"loadingURI":"#","pointer":"/items/properties/cpf"}
    domain: "syntax"
    ignored: ["examples"]
warning: the following keywords are unknown and will be ignored: [examples]
    level: "warning"
    schema: {"loadingURI":"#","pointer":"/items/properties/email"}
    domain: "syntax"
    ignored: ["examples"]
warning: the following keywords are unknown and will be ignored: [examples]
    level: "warning"
    schema: {"loadingURI":"#","pointer":"/items/properties/id"}
    domain: "syntax"
    ignored: ["examples"]
warning: the following keywords are unknown and will be ignored: [examples]
    level: "warning"
    schema: {"loadingURI":"#","pointer":"/items/properties/nome"}
    domain: "syntax"
    ignored: ["examples"]
warning: the following keywords are unknown and will be ignored: [examples]
    level: "warning"
    schema: {"loadingURI":"#","pointer":"/items/properties/parcelas"}
    domain: "syntax"
    ignored: ["examples"]
warning: the following keywords are unknown and will be ignored: [examples]
    level: "warning"
    schema: {"loadingURI":"#","pointer":"/items/properties/seguro"}
    domain: "syntax"
    ignored: ["examples"]
warning: the following keywords are unknown and will be ignored: [examples]
    level: "warning"
    schema: {"loadingURI":"#","pointer":"/items/properties/valor"}
    domain: "syntax"
    ignored: ["examples"]
warning: the following keywords are unknown and will be ignored: [examples]
    level: "warning"
    schema: {"loadingURI":"#","pointer":"/items"}
    domain: "syntax"
    ignored: ["examples"]
warning: the following keywords are unknown and will be ignored: [examples]
    level: "warning"
    schema: {"loadingURI":"#","pointer":"/items/properties/cpf"}
    domain: "syntax"
    ignored: ["examples"]
warning: the following keywords are unknown and will be ignored: [examples]
    level: "warning"
    schema: {"loadingURI":"#","pointer":"/items/properties/email"}
    domain: "syntax"
    ignored: ["examples"]
warning: the following keywords are unknown and will be ignored: [examples]
    level: "warning"
    schema: {"loadingURI":"#","pointer":"/items/properties/id"}
    domain: "syntax"
    ignored: ["examples"]
warning: the following keywords are unknown and will be ignored: [examples]
    level: "warning"
    schema: {"loadingURI":"#","pointer":"/items/properties/nome"}
    domain: "syntax"
    ignored: ["examples"]
warning: the following keywords are unknown and will be ignored: [examples]
    level: "warning"
    schema: {"loadingURI":"#","pointer":"/items/properties/parcelas"}
    domain: "syntax"
    ignored: ["examples"]
warning: the following keywords are unknown and will be ignored: [examples]
    level: "warning"
    schema: {"loadingURI":"#","pointer":"/items/properties/seguro"}
    domain: "syntax"
    ignored: ["examples"]
warning: the following keywords are unknown and will be ignored: [examples]
    level: "warning"
    schema: {"loadingURI":"#","pointer":"/items/properties/valor"}
    domain: "syntax"
    ignored: ["examples"]
warning: the following keywords are unknown and will be ignored: [examples]
    level: "warning"
    schema: {"loadingURI":"#","pointer":"/items"}
    domain: "syntax"
    ignored: ["examples"]
warning: the following keywords are unknown and will be ignored: [examples]
    level: "warning"
    schema: {"loadingURI":"#","pointer":"/items/properties/cpf"}
    domain: "syntax"
    ignored: ["examples"]
warning: the following keywords are unknown and will be ignored: [examples]
    level: "warning"
    schema: {"loadingURI":"#","pointer":"/items/properties/email"}
    domain: "syntax"
    ignored: ["examples"]
warning: the following keywords are unknown and will be ignored: [examples]
    level: "warning"
    schema: {"loadingURI":"#","pointer":"/items/properties/id"}
    domain: "syntax"
    ignored: ["examples"]
warning: the following keywords are unknown and will be ignored: [examples]
    level: "warning"
    schema: {"loadingURI":"#","pointer":"/items/properties/nome"}
    domain: "syntax"
    ignored: ["examples"]
warning: the following keywords are unknown and will be ignored: [examples]
    level: "warning"
    schema: {"loadingURI":"#","pointer":"/items/properties/parcelas"}
    domain: "syntax"
    ignored: ["examples"]
warning: the following keywords are unknown and will be ignored: [examples]
    level: "warning"
    schema: {"loadingURI":"#","pointer":"/items/properties/seguro"}
    domain: "syntax"
    ignored: ["examples"]
warning: the following keywords are unknown and will be ignored: [examples]
    level: "warning"
    schema: {"loadingURI":"#","pointer":"/items/properties/valor"}
    domain: "syntax"
    ignored: ["examples"]
warning: the following keywords are unknown and will be ignored: [examples]
    level: "warning"
    schema: {"loadingURI":"#","pointer":"/items"}
    domain: "syntax"
    ignored: ["examples"]
warning: the following keywords are unknown and will be ignored: [examples]
    level: "warning"
    schema: {"loadingURI":"#","pointer":"/items/properties/cpf"}
    domain: "syntax"
    ignored: ["examples"]
warning: the following keywords are unknown and will be ignored: [examples]
    level: "warning"
    schema: {"loadingURI":"#","pointer":"/items/properties/email"}
    domain: "syntax"
    ignored: ["examples"]
warning: the following keywords are unknown and will be ignored: [examples]
    level: "warning"
    schema: {"loadingURI":"#","pointer":"/items/properties/id"}
    domain: "syntax"
    ignored: ["examples"]
warning: the following keywords are unknown and will be ignored: [examples]
    level: "warning"
    schema: {"loadingURI":"#","pointer":"/items/properties/nome"}
    domain: "syntax"
    ignored: ["examples"]
warning: the following keywords are unknown and will be ignored: [examples]
    level: "warning"
    schema: {"loadingURI":"#","pointer":"/items/properties/parcelas"}
    domain: "syntax"
    ignored: ["examples"]
warning: the following keywords are unknown and will be ignored: [examples]
    level: "warning"
    schema: {"loadingURI":"#","pointer":"/items/properties/seguro"}
    domain: "syntax"
    ignored: ["examples"]
warning: the following keywords are unknown and will be ignored: [examples]
    level: "warning"
    schema: {"loadingURI":"#","pointer":"/items/properties/valor"}
    domain: "syntax"
    ignored: ["examples"]
warning: the following keywords are unknown and will be ignored: [examples]
    level: "warning"
    schema: {"loadingURI":"#","pointer":"/items"}
    domain: "syntax"
    ignored: ["examples"]
warning: the following keywords are unknown and will be ignored: [examples]
    level: "warning"
    schema: {"loadingURI":"#","pointer":"/items/properties/cpf"}
    domain: "syntax"
    ignored: ["examples"]
warning: the following keywords are unknown and will be ignored: [examples]
    level: "warning"
    schema: {"loadingURI":"#","pointer":"/items/properties/email"}
    domain: "syntax"
    ignored: ["examples"]
warning: the following keywords are unknown and will be ignored: [examples]
    level: "warning"
    schema: {"loadingURI":"#","pointer":"/items/properties/id"}
    domain: "syntax"
    ignored: ["examples"]
warning: the following keywords are unknown and will be ignored: [examples]
    level: "warning"
    schema: {"loadingURI":"#","pointer":"/items/properties/nome"}
    domain: "syntax"
    ignored: ["examples"]
warning: the following keywords are unknown and will be ignored: [examples]
    level: "warning"
    schema: {"loadingURI":"#","pointer":"/items/properties/parcelas"}
    domain: "syntax"
    ignored: ["examples"]
warning: the following keywords are unknown and will be ignored: [examples]
    level: "warning"
    schema: {"loadingURI":"#","pointer":"/items/properties/seguro"}
    domain: "syntax"
    ignored: ["examples"]
warning: the following keywords are unknown and will be ignored: [examples]
    level: "warning"
    schema: {"loadingURI":"#","pointer":"/items/properties/valor"}
    domain: "syntax"
    ignored: ["examples"]
warning: the following keywords are unknown and will be ignored: [examples]
    level: "warning"
    schema: {"loadingURI":"#","pointer":"/items"}
    domain: "syntax"
    ignored: ["examples"]
warning: the following keywords are unknown and will be ignored: [examples]
    level: "warning"
    schema: {"loadingURI":"#","pointer":"/items/properties/cpf"}
    domain: "syntax"
    ignored: ["examples"]
warning: the following keywords are unknown and will be ignored: [examples]
    level: "warning"
    schema: {"loadingURI":"#","pointer":"/items/properties/email"}
    domain: "syntax"
    ignored: ["examples"]
warning: the following keywords are unknown and will be ignored: [examples]
    level: "warning"
    schema: {"loadingURI":"#","pointer":"/items/properties/id"}
    domain: "syntax"
    ignored: ["examples"]
warning: the following keywords are unknown and will be ignored: [examples]
    level: "warning"
    schema: {"loadingURI":"#","pointer":"/items/properties/nome"}
    domain: "syntax"
    ignored: ["examples"]
warning: the following keywords are unknown and will be ignored: [examples]
    level: "warning"
    schema: {"loadingURI":"#","pointer":"/items/properties/parcelas"}
    domain: "syntax"
    ignored: ["examples"]
warning: the following keywords are unknown and will be ignored: [examples]
    level: "warning"
    schema: {"loadingURI":"#","pointer":"/items/properties/seguro"}
    domain: "syntax"
    ignored: ["examples"]
warning: the following keywords are unknown and will be ignored: [examples]
    level: "warning"
    schema: {"loadingURI":"#","pointer":"/items/properties/valor"}
    domain: "syntax"
    ignored: ["examples"]
warning: the following keywords are unknown and will be ignored: [examples]
    level: "warning"
    schema: {"loadingURI":"#","pointer":"/items"}
    domain: "syntax"
    ignored: ["examples"]
warning: the following keywords are unknown and will be ignored: [examples]
    level: "warning"
    schema: {"loadingURI":"#","pointer":"/items/properties/cpf"}
    domain: "syntax"
    ignored: ["examples"]
warning: the following keywords are unknown and will be ignored: [examples]
    level: "warning"
    schema: {"loadingURI":"#","pointer":"/items/properties/email"}
    domain: "syntax"
    ignored: ["examples"]
warning: the following keywords are unknown and will be ignored: [examples]
    level: "warning"
    schema: {"loadingURI":"#","pointer":"/items/properties/id"}
    domain: "syntax"
    ignored: ["examples"]
warning: the following keywords are unknown and will be ignored: [examples]
    level: "warning"
    schema: {"loadingURI":"#","pointer":"/items/properties/nome"}
    domain: "syntax"
    ignored: ["examples"]
warning: the following keywords are unknown and will be ignored: [examples]
    level: "warning"
    schema: {"loadingURI":"#","pointer":"/items/properties/parcelas"}
    domain: "syntax"
    ignored: ["examples"]
warning: the following keywords are unknown and will be ignored: [examples]
    level: "warning"
    schema: {"loadingURI":"#","pointer":"/items/properties/seguro"}
    domain: "syntax"
    ignored: ["examples"]
warning: the following keywords are unknown and will be ignored: [examples]
    level: "warning"
    schema: {"loadingURI":"#","pointer":"/items/properties/valor"}
    domain: "syntax"
    ignored: ["examples"]
warning: the following keywords are unknown and will be ignored: [examples]
    level: "warning"
    schema: {"loadingURI":"#","pointer":"/items"}
    domain: "syntax"
    ignored: ["examples"]
warning: the following keywords are unknown and will be ignored: [examples]
    level: "warning"
    schema: {"loadingURI":"#","pointer":"/items/properties/cpf"}
    domain: "syntax"
    ignored: ["examples"]
warning: the following keywords are unknown and will be ignored: [examples]
    level: "warning"
    schema: {"loadingURI":"#","pointer":"/items/properties/email"}
    domain: "syntax"
    ignored: ["examples"]
warning: the following keywords are unknown and will be ignored: [examples]
    level: "warning"
    schema: {"loadingURI":"#","pointer":"/items/properties/id"}
    domain: "syntax"
    ignored: ["examples"]
warning: the following keywords are unknown and will be ignored: [examples]
    level: "warning"
    schema: {"loadingURI":"#","pointer":"/items/properties/nome"}
    domain: "syntax"
    ignored: ["examples"]
warning: the following keywords are unknown and will be ignored: [examples]
    level: "warning"
    schema: {"loadingURI":"#","pointer":"/items/properties/parcelas"}
    domain: "syntax"
    ignored: ["examples"]
warning: the following keywords are unknown and will be ignored: [examples]
    level: "warning"
    schema: {"loadingURI":"#","pointer":"/items/properties/seguro"}
    domain: "syntax"
    ignored: ["examples"]
warning: the following keywords are unknown and will be ignored: [examples]
    level: "warning"
    schema: {"loadingURI":"#","pointer":"/items/properties/valor"}
    domain: "syntax"
    ignored: ["examples"]
warning: the following keywords are unknown and will be ignored: [examples]
    level: "warning"
    schema: {"loadingURI":"#","pointer":"/items"}
    domain: "syntax"
    ignored: ["examples"]
warning: the following keywords are unknown and will be ignored: [examples]
    level: "warning"
    schema: {"loadingURI":"#","pointer":"/items/properties/cpf"}
    domain: "syntax"
    ignored: ["examples"]
warning: the following keywords are unknown and will be ignored: [examples]
    level: "warning"
    schema: {"loadingURI":"#","pointer":"/items/properties/email"}
    domain: "syntax"
    ignored: ["examples"]
warning: the following keywords are unknown and will be ignored: [examples]
    level: "warning"
    schema: {"loadingURI":"#","pointer":"/items/properties/id"}
    domain: "syntax"
    ignored: ["examples"]
warning: the following keywords are unknown and will be ignored: [examples]
    level: "warning"
    schema: {"loadingURI":"#","pointer":"/items/properties/nome"}
    domain: "syntax"
    ignored: ["examples"]
warning: the following keywords are unknown and will be ignored: [examples]
    level: "warning"
    schema: {"loadingURI":"#","pointer":"/items/properties/parcelas"}
    domain: "syntax"
    ignored: ["examples"]
warning: the following keywords are unknown and will be ignored: [examples]
    level: "warning"
    schema: {"loadingURI":"#","pointer":"/items/properties/seguro"}
    domain: "syntax"
    ignored: ["examples"]
warning: the following keywords are unknown and will be ignored: [examples]
    level: "warning"
    schema: {"loadingURI":"#","pointer":"/items/properties/valor"}
    domain: "syntax"
    ignored: ["examples"]
warning: the following keywords are unknown and will be ignored: [examples]
    level: "warning"
    schema: {"loadingURI":"#","pointer":"/items"}
    domain: "syntax"
    ignored: ["examples"]
warning: the following keywords are unknown and will be ignored: [examples]
    level: "warning"
    schema: {"loadingURI":"#","pointer":"/items/properties/cpf"}
    domain: "syntax"
    ignored: ["examples"]
warning: the following keywords are unknown and will be ignored: [examples]
    level: "warning"
    schema: {"loadingURI":"#","pointer":"/items/properties/email"}
    domain: "syntax"
    ignored: ["examples"]
warning: the following keywords are unknown and will be ignored: [examples]
    level: "warning"
    schema: {"loadingURI":"#","pointer":"/items/properties/id"}
    domain: "syntax"
    ignored: ["examples"]
warning: the following keywords are unknown and will be ignored: [examples]
    level: "warning"
    schema: {"loadingURI":"#","pointer":"/items/properties/nome"}
    domain: "syntax"
    ignored: ["examples"]
warning: the following keywords are unknown and will be ignored: [examples]
    level: "warning"
    schema: {"loadingURI":"#","pointer":"/items/properties/parcelas"}
    domain: "syntax"
    ignored: ["examples"]
warning: the following keywords are unknown and will be ignored: [examples]
    level: "warning"
    schema: {"loadingURI":"#","pointer":"/items/properties/seguro"}
    domain: "syntax"
    ignored: ["examples"]
warning: the following keywords are unknown and will be ignored: [examples]
    level: "warning"
    schema: {"loadingURI":"#","pointer":"/items/properties/valor"}
    domain: "syntax"
    ignored: ["examples"]
warning: the following keywords are unknown and will be ignored: [examples]
    level: "warning"
    schema: {"loadingURI":"#","pointer":"/items"}
    domain: "syntax"
    ignored: ["examples"]
warning: the following keywords are unknown and will be ignored: [examples]
    level: "warning"
    schema: {"loadingURI":"#","pointer":"/items/properties/cpf"}
    domain: "syntax"
    ignored: ["examples"]
warning: the following keywords are unknown and will be ignored: [examples]
    level: "warning"
    schema: {"loadingURI":"#","pointer":"/items/properties/email"}
    domain: "syntax"
    ignored: ["examples"]
warning: the following keywords are unknown and will be ignored: [examples]
    level: "warning"
    schema: {"loadingURI":"#","pointer":"/items/properties/id"}
    domain: "syntax"
    ignored: ["examples"]
warning: the following keywords are unknown and will be ignored: [examples]
    level: "warning"
    schema: {"loadingURI":"#","pointer":"/items/properties/nome"}
    domain: "syntax"
    ignored: ["examples"]
warning: the following keywords are unknown and will be ignored: [examples]
    level: "warning"
    schema: {"loadingURI":"#","pointer":"/items/properties/parcelas"}
    domain: "syntax"
    ignored: ["examples"]
warning: the following keywords are unknown and will be ignored: [examples]
    level: "warning"
    schema: {"loadingURI":"#","pointer":"/items/properties/seguro"}
    domain: "syntax"
    ignored: ["examples"]
warning: the following keywords are unknown and will be ignored: [examples]
    level: "warning"
    schema: {"loadingURI":"#","pointer":"/items/properties/valor"}
    domain: "syntax"
    ignored: ["examples"]
warning: the following keywords are unknown and will be ignored: [examples]
    level: "warning"
    schema: {"loadingURI":"#","pointer":"/items"}
    domain: "syntax"
    ignored: ["examples"]
warning: the following keywords are unknown and will be ignored: [examples]
    level: "warning"
    schema: {"loadingURI":"#","pointer":"/items/properties/cpf"}
    domain: "syntax"
    ignored: ["examples"]
warning: the following keywords are unknown and will be ignored: [examples]
    level: "warning"
    schema: {"loadingURI":"#","pointer":"/items/properties/email"}
    domain: "syntax"
    ignored: ["examples"]
warning: the following keywords are unknown and will be ignored: [examples]
    level: "warning"
    schema: {"loadingURI":"#","pointer":"/items/properties/id"}
    domain: "syntax"
    ignored: ["examples"]
warning: the following keywords are unknown and will be ignored: [examples]
    level: "warning"
    schema: {"loadingURI":"#","pointer":"/items/properties/nome"}
    domain: "syntax"
    ignored: ["examples"]
warning: the following keywords are unknown and will be ignored: [examples]
    level: "warning"
    schema: {"loadingURI":"#","pointer":"/items/properties/parcelas"}
    domain: "syntax"
    ignored: ["examples"]
warning: the following keywords are unknown and will be ignored: [examples]
    level: "warning"
    schema: {"loadingURI":"#","pointer":"/items/properties/seguro"}
    domain: "syntax"
    ignored: ["examples"]
warning: the following keywords are unknown and will be ignored: [examples]
    level: "warning"
    schema: {"loadingURI":"#","pointer":"/items/properties/valor"}
    domain: "syntax"
    ignored: ["examples"]
warning: the following keywords are unknown and will be ignored: [examples]
    level: "warning"
    schema: {"loadingURI":"#","pointer":"/items"}
    domain: "syntax"
    ignored: ["examples"]
warning: the following keywords are unknown and will be ignored: [examples]
    level: "warning"
    schema: {"loadingURI":"#","pointer":"/items/properties/cpf"}
    domain: "syntax"
    ignored: ["examples"]
warning: the following keywords are unknown and will be ignored: [examples]
    level: "warning"
    schema: {"loadingURI":"#","pointer":"/items/properties/email"}
    domain: "syntax"
    ignored: ["examples"]
warning: the following keywords are unknown and will be ignored: [examples]
    level: "warning"
    schema: {"loadingURI":"#","pointer":"/items/properties/id"}
    domain: "syntax"
    ignored: ["examples"]
warning: the following keywords are unknown and will be ignored: [examples]
    level: "warning"
    schema: {"loadingURI":"#","pointer":"/items/properties/nome"}
    domain: "syntax"
    ignored: ["examples"]
warning: the following keywords are unknown and will be ignored: [examples]
    level: "warning"
    schema: {"loadingURI":"#","pointer":"/items/properties/parcelas"}
    domain: "syntax"
    ignored: ["examples"]
warning: the following keywords are unknown and will be ignored: [examples]
    level: "warning"
    schema: {"loadingURI":"#","pointer":"/items/properties/seguro"}
    domain: "syntax"
    ignored: ["examples"]
warning: the following keywords are unknown and will be ignored: [examples]
    level: "warning"
    schema: {"loadingURI":"#","pointer":"/items/properties/valor"}
    domain: "syntax"
    ignored: ["examples"]
warning: the following keywords are unknown and will be ignored: [examples]
    level: "warning"
    schema: {"loadingURI":"#","pointer":"/items"}
    domain: "syntax"
    ignored: ["examples"]
warning: the following keywords are unknown and will be ignored: [examples]
    level: "warning"
    schema: {"loadingURI":"#","pointer":"/items/properties/cpf"}
    domain: "syntax"
    ignored: ["examples"]
warning: the following keywords are unknown and will be ignored: [examples]
    level: "warning"
    schema: {"loadingURI":"#","pointer":"/items/properties/email"}
    domain: "syntax"
    ignored: ["examples"]
warning: the following keywords are unknown and will be ignored: [examples]
    level: "warning"
    schema: {"loadingURI":"#","pointer":"/items/properties/id"}
    domain: "syntax"
    ignored: ["examples"]
warning: the following keywords are unknown and will be ignored: [examples]
    level: "warning"
    schema: {"loadingURI":"#","pointer":"/items/properties/nome"}
    domain: "syntax"
    ignored: ["examples"]
warning: the following keywords are unknown and will be ignored: [examples]
    level: "warning"
    schema: {"loadingURI":"#","pointer":"/items/properties/parcelas"}
    domain: "syntax"
    ignored: ["examples"]
warning: the following keywords are unknown and will be ignored: [examples]
    level: "warning"
    schema: {"loadingURI":"#","pointer":"/items/properties/seguro"}
    domain: "syntax"
    ignored: ["examples"]
warning: the following keywords are unknown and will be ignored: [examples]
    level: "warning"
    schema: {"loadingURI":"#","pointer":"/items/properties/valor"}
    domain: "syntax"
    ignored: ["examples"]
warning: the following keywords are unknown and will be ignored: [examples]
    level: "warning"
    schema: {"loadingURI":"#","pointer":"/items"}
    domain: "syntax"
    ignored: ["examples"]
warning: the following keywords are unknown and will be ignored: [examples]
    level: "warning"
    schema: {"loadingURI":"#","pointer":"/items/properties/cpf"}
    domain: "syntax"
    ignored: ["examples"]
warning: the following keywords are unknown and will be ignored: [examples]
    level: "warning"
    schema: {"loadingURI":"#","pointer":"/items/properties/email"}
    domain: "syntax"
    ignored: ["examples"]
warning: the following keywords are unknown and will be ignored: [examples]
    level: "warning"
    schema: {"loadingURI":"#","pointer":"/items/properties/id"}
    domain: "syntax"
    ignored: ["examples"]
warning: the following keywords are unknown and will be ignored: [examples]
    level: "warning"
    schema: {"loadingURI":"#","pointer":"/items/properties/nome"}
    domain: "syntax"
    ignored: ["examples"]
warning: the following keywords are unknown and will be ignored: [examples]
    level: "warning"
    schema: {"loadingURI":"#","pointer":"/items/properties/parcelas"}
    domain: "syntax"
    ignored: ["examples"]
warning: the following keywords are unknown and will be ignored: [examples]
    level: "warning"
    schema: {"loadingURI":"#","pointer":"/items/properties/seguro"}
    domain: "syntax"
    ignored: ["examples"]
warning: the following keywords are unknown and will be ignored: [examples]
    level: "warning"
    schema: {"loadingURI":"#","pointer":"/items/properties/valor"}
    domain: "syntax"
    ignored: ["examples"]
warning: the following keywords are unknown and will be ignored: [examples]
    level: "warning"
    schema: {"loadingURI":"#","pointer":"/items"}
    domain: "syntax"
    ignored: ["examples"]
warning: the following keywords are unknown and will be ignored: [examples]
    level: "warning"
    schema: {"loadingURI":"#","pointer":"/items/properties/cpf"}
    domain: "syntax"
    ignored: ["examples"]
warning: the following keywords are unknown and will be ignored: [examples]
    level: "warning"
    schema: {"loadingURI":"#","pointer":"/items/properties/email"}
    domain: "syntax"
    ignored: ["examples"]
warning: the following keywords are unknown and will be ignored: [examples]
    level: "warning"
    schema: {"loadingURI":"#","pointer":"/items/properties/id"}
    domain: "syntax"
    ignored: ["examples"]
warning: the following keywords are unknown and will be ignored: [examples]
    level: "warning"
    schema: {"loadingURI":"#","pointer":"/items/properties/nome"}
    domain: "syntax"
    ignored: ["examples"]
warning: the following keywords are unknown and will be ignored: [examples]
    level: "warning"
    schema: {"loadingURI":"#","pointer":"/items/properties/parcelas"}
    domain: "syntax"
    ignored: ["examples"]
warning: the following keywords are unknown and will be ignored: [examples]
    level: "warning"
    schema: {"loadingURI":"#","pointer":"/items/properties/seguro"}
    domain: "syntax"
    ignored: ["examples"]
warning: the following keywords are unknown and will be ignored: [examples]
    level: "warning"
    schema: {"loadingURI":"#","pointer":"/items/properties/valor"}
    domain: "syntax"
    ignored: ["examples"]
warning: the following keywords are unknown and will be ignored: [examples]
    level: "warning"
    schema: {"loadingURI":"#","pointer":"/items"}
    domain: "syntax"
    ignored: ["examples"]
warning: the following keywords are unknown and will be ignored: [examples]
    level: "warning"
    schema: {"loadingURI":"#","pointer":"/items/properties/cpf"}
    domain: "syntax"
    ignored: ["examples"]
warning: the following keywords are unknown and will be ignored: [examples]
    level: "warning"
    schema: {"loadingURI":"#","pointer":"/items/properties/email"}
    domain: "syntax"
    ignored: ["examples"]
warning: the following keywords are unknown and will be ignored: [examples]
    level: "warning"
    schema: {"loadingURI":"#","pointer":"/items/properties/id"}
    domain: "syntax"
    ignored: ["examples"]
warning: the following keywords are unknown and will be ignored: [examples]
    level: "warning"
    schema: {"loadingURI":"#","pointer":"/items/properties/nome"}
    domain: "syntax"
    ignored: ["examples"]
warning: the following keywords are unknown and will be ignored: [examples]
    level: "warning"
    schema: {"loadingURI":"#","pointer":"/items/properties/parcelas"}
    domain: "syntax"
    ignored: ["examples"]
warning: the following keywords are unknown and will be ignored: [examples]
    level: "warning"
    schema: {"loadingURI":"#","pointer":"/items/properties/seguro"}
    domain: "syntax"
    ignored: ["examples"]
warning: the following keywords are unknown and will be ignored: [examples]
    level: "warning"
    schema: {"loadingURI":"#","pointer":"/items/properties/valor"}
    domain: "syntax"
    ignored: ["examples"]
warning: the following keywords are unknown and will be ignored: [examples]
    level: "warning"
    schema: {"loadingURI":"#","pointer":"/items"}
    domain: "syntax"
    ignored: ["examples"]
warning: the following keywords are unknown and will be ignored: [examples]
    level: "warning"
    schema: {"loadingURI":"#","pointer":"/items/properties/cpf"}
    domain: "syntax"
    ignored: ["examples"]
warning: the following keywords are unknown and will be ignored: [examples]
    level: "warning"
    schema: {"loadingURI":"#","pointer":"/items/properties/email"}
    domain: "syntax"
    ignored: ["examples"]
warning: the following keywords are unknown and will be ignored: [examples]
    level: "warning"
    schema: {"loadingURI":"#","pointer":"/items/properties/id"}
    domain: "syntax"
    ignored: ["examples"]
warning: the following keywords are unknown and will be ignored: [examples]
    level: "warning"
    schema: {"loadingURI":"#","pointer":"/items/properties/nome"}
    domain: "syntax"
    ignored: ["examples"]
warning: the following keywords are unknown and will be ignored: [examples]
    level: "warning"
    schema: {"loadingURI":"#","pointer":"/items/properties/parcelas"}
    domain: "syntax"
    ignored: ["examples"]
warning: the following keywords are unknown and will be ignored: [examples]
    level: "warning"
    schema: {"loadingURI":"#","pointer":"/items/properties/seguro"}
    domain: "syntax"
    ignored: ["examples"]
warning: the following keywords are unknown and will be ignored: [examples]
    level: "warning"
    schema: {"loadingURI":"#","pointer":"/items/properties/valor"}
    domain: "syntax"
    ignored: ["examples"]
warning: the following keywords are unknown and will be ignored: [examples]
    level: "warning"
    schema: {"loadingURI":"#","pointer":"/items"}
    domain: "syntax"
    ignored: ["examples"]
warning: the following keywords are unknown and will be ignored: [examples]
    level: "warning"
    schema: {"loadingURI":"#","pointer":"/items/properties/cpf"}
    domain: "syntax"
    ignored: ["examples"]
warning: the following keywords are unknown and will be ignored: [examples]
    level: "warning"
    schema: {"loadingURI":"#","pointer":"/items/properties/email"}
    domain: "syntax"
    ignored: ["examples"]
warning: the following keywords are unknown and will be ignored: [examples]
    level: "warning"
    schema: {"loadingURI":"#","pointer":"/items/properties/id"}
    domain: "syntax"
    ignored: ["examples"]
warning: the following keywords are unknown and will be ignored: [examples]
    level: "warning"
    schema: {"loadingURI":"#","pointer":"/items/properties/nome"}
    domain: "syntax"
    ignored: ["examples"]
warning: the following keywords are unknown and will be ignored: [examples]
    level: "warning"
    schema: {"loadingURI":"#","pointer":"/items/properties/parcelas"}
    domain: "syntax"
    ignored: ["examples"]
warning: the following keywords are unknown and will be ignored: [examples]
    level: "warning"
    schema: {"loadingURI":"#","pointer":"/items/properties/seguro"}
    domain: "syntax"
    ignored: ["examples"]
warning: the following keywords are unknown and will be ignored: [examples]
    level: "warning"
    schema: {"loadingURI":"#","pointer":"/items/properties/valor"}
    domain: "syntax"
    ignored: ["examples"]
warning: the following keywords are unknown and will be ignored: [examples]
    level: "warning"
    schema: {"loadingURI":"#","pointer":"/items"}
    domain: "syntax"
    ignored: ["examples"]
warning: the following keywords are unknown and will be ignored: [examples]
    level: "warning"
    schema: {"loadingURI":"#","pointer":"/items/properties/cpf"}
    domain: "syntax"
    ignored: ["examples"]
warning: the following keywords are unknown and will be ignored: [examples]
    level: "warning"
    schema: {"loadingURI":"#","pointer":"/items/properties/email"}
    domain: "syntax"
    ignored: ["examples"]
warning: the following keywords are unknown and will be ignored: [examples]
    level: "warning"
    schema: {"loadingURI":"#","pointer":"/items/properties/id"}
    domain: "syntax"
    ignored: ["examples"]
warning: the following keywords are unknown and will be ignored: [examples]
    level: "warning"
    schema: {"loadingURI":"#","pointer":"/items/properties/nome"}
    domain: "syntax"
    ignored: ["examples"]
warning: the following keywords are unknown and will be ignored: [examples]
    level: "warning"
    schema: {"loadingURI":"#","pointer":"/items/properties/parcelas"}
    domain: "syntax"
    ignored: ["examples"]
warning: the following keywords are unknown and will be ignored: [examples]
    level: "warning"
    schema: {"loadingURI":"#","pointer":"/items/properties/seguro"}
    domain: "syntax"
    ignored: ["examples"]
warning: the following keywords are unknown and will be ignored: [examples]
    level: "warning"
    schema: {"loadingURI":"#","pointer":"/items/properties/valor"}
    domain: "syntax"
    ignored: ["examples"]
warning: the following keywords are unknown and will be ignored: [examples]
    level: "warning"
    schema: {"loadingURI":"#","pointer":"/items"}
    domain: "syntax"
    ignored: ["examples"]
warning: the following keywords are unknown and will be ignored: [examples]
    level: "warning"
    schema: {"loadingURI":"#","pointer":"/items/properties/cpf"}
    domain: "syntax"
    ignored: ["examples"]
warning: the following keywords are unknown and will be ignored: [examples]
    level: "warning"
    schema: {"loadingURI":"#","pointer":"/items/properties/email"}
    domain: "syntax"
    ignored: ["examples"]
warning: the following keywords are unknown and will be ignored: [examples]
    level: "warning"
    schema: {"loadingURI":"#","pointer":"/items/properties/id"}
    domain: "syntax"
    ignored: ["examples"]
warning: the following keywords are unknown and will be ignored: [examples]
    level: "warning"
    schema: {"loadingURI":"#","pointer":"/items/properties/nome"}
    domain: "syntax"
    ignored: ["examples"]
warning: the following keywords are unknown and will be ignored: [examples]
    level: "warning"
    schema: {"loadingURI":"#","pointer":"/items/properties/parcelas"}
    domain: "syntax"
    ignored: ["examples"]
warning: the following keywords are unknown and will be ignored: [examples]
    level: "warning"
    schema: {"loadingURI":"#","pointer":"/items/properties/seguro"}
    domain: "syntax"
    ignored: ["examples"]
warning: the following keywords are unknown and will be ignored: [examples]
    level: "warning"
    schema: {"loadingURI":"#","pointer":"/items/properties/valor"}
    domain: "syntax"
    ignored: ["examples"]
warning: the following keywords are unknown and will be ignored: [examples]
    level: "warning"
    schema: {"loadingURI":"#","pointer":"/items"}
    domain: "syntax"
    ignored: ["examples"]
warning: the following keywords are unknown and will be ignored: [examples]
    level: "warning"
    schema: {"loadingURI":"#","pointer":"/items/properties/cpf"}
    domain: "syntax"
    ignored: ["examples"]
warning: the following keywords are unknown and will be ignored: [examples]
    level: "warning"
    schema: {"loadingURI":"#","pointer":"/items/properties/email"}
    domain: "syntax"
    ignored: ["examples"]
warning: the following keywords are unknown and will be ignored: [examples]
    level: "warning"
    schema: {"loadingURI":"#","pointer":"/items/properties/id"}
    domain: "syntax"
    ignored: ["examples"]
warning: the following keywords are unknown and will be ignored: [examples]
    level: "warning"
    schema: {"loadingURI":"#","pointer":"/items/properties/nome"}
    domain: "syntax"
    ignored: ["examples"]
warning: the following keywords are unknown and will be ignored: [examples]
    level: "warning"
    schema: {"loadingURI":"#","pointer":"/items/properties/parcelas"}
    domain: "syntax"
    ignored: ["examples"]
warning: the following keywords are unknown and will be ignored: [examples]
    level: "warning"
    schema: {"loadingURI":"#","pointer":"/items/properties/seguro"}
    domain: "syntax"
    ignored: ["examples"]
warning: the following keywords are unknown and will be ignored: [examples]
    level: "warning"
    schema: {"loadingURI":"#","pointer":"/items/properties/valor"}
    domain: "syntax"
    ignored: ["examples"]
warning: the following keywords are unknown and will be ignored: [examples]
    level: "warning"
    schema: {"loadingURI":"#","pointer":"/items"}
    domain: "syntax"
    ignored: ["examples"]
warning: the following keywords are unknown and will be ignored: [examples]
    level: "warning"
    schema: {"loadingURI":"#","pointer":"/items/properties/cpf"}
    domain: "syntax"
    ignored: ["examples"]
warning: the following keywords are unknown and will be ignored: [examples]
    level: "warning"
    schema: {"loadingURI":"#","pointer":"/items/properties/email"}
    domain: "syntax"
    ignored: ["examples"]
warning: the following keywords are unknown and will be ignored: [examples]
    level: "warning"
    schema: {"loadingURI":"#","pointer":"/items/properties/id"}
    domain: "syntax"
    ignored: ["examples"]
warning: the following keywords are unknown and will be ignored: [examples]
    level: "warning"
    schema: {"loadingURI":"#","pointer":"/items/properties/nome"}
    domain: "syntax"
    ignored: ["examples"]
warning: the following keywords are unknown and will be ignored: [examples]
    level: "warning"
    schema: {"loadingURI":"#","pointer":"/items/properties/parcelas"}
    domain: "syntax"
    ignored: ["examples"]
warning: the following keywords are unknown and will be ignored: [examples]
    level: "warning"
    schema: {"loadingURI":"#","pointer":"/items/properties/seguro"}
    domain: "syntax"
    ignored: ["examples"]
warning: the following keywords are unknown and will be ignored: [examples]
    level: "warning"
    schema: {"loadingURI":"#","pointer":"/items/properties/valor"}
    domain: "syntax"
    ignored: ["examples"]
warning: the following keywords are unknown and will be ignored: [examples]
    level: "warning"
    schema: {"loadingURI":"#","pointer":"/items"}
    domain: "syntax"
    ignored: ["examples"]
warning: the following keywords are unknown and will be ignored: [examples]
    level: "warning"
    schema: {"loadingURI":"#","pointer":"/items/properties/cpf"}
    domain: "syntax"
    ignored: ["examples"]
warning: the following keywords are unknown and will be ignored: [examples]
    level: "warning"
    schema: {"loadingURI":"#","pointer":"/items/properties/email"}
    domain: "syntax"
    ignored: ["examples"]
warning: the following keywords are unknown and will be ignored: [examples]
    level: "warning"
    schema: {"loadingURI":"#","pointer":"/items/properties/id"}
    domain: "syntax"
    ignored: ["examples"]
warning: the following keywords are unknown and will be ignored: [examples]
    level: "warning"
    schema: {"loadingURI":"#","pointer":"/items/properties/nome"}
    domain: "syntax"
    ignored: ["examples"]
warning: the following keywords are unknown and will be ignored: [examples]
    level: "warning"
    schema: {"loadingURI":"#","pointer":"/items/properties/parcelas"}
    domain: "syntax"
    ignored: ["examples"]
warning: the following keywords are unknown and will be ignored: [examples]
    level: "warning"
    schema: {"loadingURI":"#","pointer":"/items/properties/seguro"}
    domain: "syntax"
    ignored: ["examples"]
warning: the following keywords are unknown and will be ignored: [examples]
    level: "warning"
    schema: {"loadingURI":"#","pointer":"/items/properties/valor"}
    domain: "syntax"
    ignored: ["examples"]
warning: the following keywords are unknown and will be ignored: [examples]
    level: "warning"
    schema: {"loadingURI":"#","pointer":"/items"}
    domain: "syntax"
    ignored: ["examples"]
warning: the following keywords are unknown and will be ignored: [examples]
    level: "warning"
    schema: {"loadingURI":"#","pointer":"/items/properties/cpf"}
    domain: "syntax"
    ignored: ["examples"]
warning: the following keywords are unknown and will be ignored: [examples]
    level: "warning"
    schema: {"loadingURI":"#","pointer":"/items/properties/email"}
    domain: "syntax"
    ignored: ["examples"]
warning: the following keywords are unknown and will be ignored: [examples]
    level: "warning"
    schema: {"loadingURI":"#","pointer":"/items/properties/id"}
    domain: "syntax"
    ignored: ["examples"]
warning: the following keywords are unknown and will be ignored: [examples]
    level: "warning"
    schema: {"loadingURI":"#","pointer":"/items/properties/nome"}
    domain: "syntax"
    ignored: ["examples"]
warning: the following keywords are unknown and will be ignored: [examples]
    level: "warning"
    schema: {"loadingURI":"#","pointer":"/items/properties/parcelas"}
    domain: "syntax"
    ignored: ["examples"]
warning: the following keywords are unknown and will be ignored: [examples]
    level: "warning"
    schema: {"loadingURI":"#","pointer":"/items/properties/seguro"}
    domain: "syntax"
    ignored: ["examples"]
warning: the following keywords are unknown and will be ignored: [examples]
    level: "warning"
    schema: {"loadingURI":"#","pointer":"/items/properties/valor"}
    domain: "syntax"
    ignored: ["examples"]
warning: the following keywords are unknown and will be ignored: [examples]
    level: "warning"
    schema: {"loadingURI":"#","pointer":"/items"}
    domain: "syntax"
    ignored: ["examples"]
warning: the following keywords are unknown and will be ignored: [examples]
    level: "warning"
    schema: {"loadingURI":"#","pointer":"/items/properties/cpf"}
    domain: "syntax"
    ignored: ["examples"]
warning: the following keywords are unknown and will be ignored: [examples]
    level: "warning"
    schema: {"loadingURI":"#","pointer":"/items/properties/email"}
    domain: "syntax"
    ignored: ["examples"]
warning: the following keywords are unknown and will be ignored: [examples]
    level: "warning"
    schema: {"loadingURI":"#","pointer":"/items/properties/id"}
    domain: "syntax"
    ignored: ["examples"]
warning: the following keywords are unknown and will be ignored: [examples]
    level: "warning"
    schema: {"loadingURI":"#","pointer":"/items/properties/nome"}
    domain: "syntax"
    ignored: ["examples"]
warning: the following keywords are unknown and will be ignored: [examples]
    level: "warning"
    schema: {"loadingURI":"#","pointer":"/items/properties/parcelas"}
    domain: "syntax"
    ignored: ["examples"]
warning: the following keywords are unknown and will be ignored: [examples]
    level: "warning"
    schema: {"loadingURI":"#","pointer":"/items/properties/seguro"}
    domain: "syntax"
    ignored: ["examples"]
warning: the following keywords are unknown and will be ignored: [examples]
    level: "warning"
    schema: {"loadingURI":"#","pointer":"/items/properties/valor"}
    domain: "syntax"
    ignored: ["examples"]
warning: the following keywords are unknown and will be ignored: [examples]
    level: "warning"
    schema: {"loadingURI":"#","pointer":"/items"}
    domain: "syntax"
    ignored: ["examples"]
warning: the following keywords are unknown and will be ignored: [examples]
    level: "warning"
    schema: {"loadingURI":"#","pointer":"/items/properties/cpf"}
    domain: "syntax"
    ignored: ["examples"]
warning: the following keywords are unknown and will be ignored: [examples]
    level: "warning"
    schema: {"loadingURI":"#","pointer":"/items/properties/email"}
    domain: "syntax"
    ignored: ["examples"]
warning: the following keywords are unknown and will be ignored: [examples]
    level: "warning"
    schema: {"loadingURI":"#","pointer":"/items/properties/id"}
    domain: "syntax"
    ignored: ["examples"]
warning: the following keywords are unknown and will be ignored: [examples]
    level: "warning"
    schema: {"loadingURI":"#","pointer":"/items/properties/nome"}
    domain: "syntax"
    ignored: ["examples"]
warning: the following keywords are unknown and will be ignored: [examples]
    level: "warning"
    schema: {"loadingURI":"#","pointer":"/items/properties/parcelas"}
    domain: "syntax"
    ignored: ["examples"]
warning: the following keywords are unknown and will be ignored: [examples]
    level: "warning"
    schema: {"loadingURI":"#","pointer":"/items/properties/seguro"}
    domain: "syntax"
    ignored: ["examples"]
warning: the following keywords are unknown and will be ignored: [examples]
    level: "warning"
    schema: {"loadingURI":"#","pointer":"/items/properties/valor"}
    domain: "syntax"
    ignored: ["examples"]
warning: the following keywords are unknown and will be ignored: [examples]
    level: "warning"
    schema: {"loadingURI":"#","pointer":"/items"}
    domain: "syntax"
    ignored: ["examples"]
warning: the following keywords are unknown and will be ignored: [examples]
    level: "warning"
    schema: {"loadingURI":"#","pointer":"/items/properties/cpf"}
    domain: "syntax"
    ignored: ["examples"]
warning: the following keywords are unknown and will be ignored: [examples]
    level: "warning"
    schema: {"loadingURI":"#","pointer":"/items/properties/email"}
    domain: "syntax"
    ignored: ["examples"]
warning: the following keywords are unknown and will be ignored: [examples]
    level: "warning"
    schema: {"loadingURI":"#","pointer":"/items/properties/id"}
    domain: "syntax"
    ignored: ["examples"]
warning: the following keywords are unknown and will be ignored: [examples]
    level: "warning"
    schema: {"loadingURI":"#","pointer":"/items/properties/nome"}
    domain: "syntax"
    ignored: ["examples"]
warning: the following keywords are unknown and will be ignored: [examples]
    level: "warning"
    schema: {"loadingURI":"#","pointer":"/items/properties/parcelas"}
    domain: "syntax"
    ignored: ["examples"]
warning: the following keywords are unknown and will be ignored: [examples]
    level: "warning"
    schema: {"loadingURI":"#","pointer":"/items/properties/seguro"}
    domain: "syntax"
    ignored: ["examples"]
warning: the following keywords are unknown and will be ignored: [examples]
    level: "warning"
    schema: {"loadingURI":"#","pointer":"/items/properties/valor"}
    domain: "syntax"
    ignored: ["examples"]
warning: the following keywords are unknown and will be ignored: [examples]
    level: "warning"
    schema: {"loadingURI":"#","pointer":"/items"}
    domain: "syntax"
    ignored: ["examples"]
warning: the following keywords are unknown and will be ignored: [examples]
    level: "warning"
    schema: {"loadingURI":"#","pointer":"/items/properties/cpf"}
    domain: "syntax"
    ignored: ["examples"]
warning: the following keywords are unknown and will be ignored: [examples]
    level: "warning"
    schema: {"loadingURI":"#","pointer":"/items/properties/email"}
    domain: "syntax"
    ignored: ["examples"]
warning: the following keywords are unknown and will be ignored: [examples]
    level: "warning"
    schema: {"loadingURI":"#","pointer":"/items/properties/id"}
    domain: "syntax"
    ignored: ["examples"]
warning: the following keywords are unknown and will be ignored: [examples]
    level: "warning"
    schema: {"loadingURI":"#","pointer":"/items/properties/nome"}
    domain: "syntax"
    ignored: ["examples"]
warning: the following keywords are unknown and will be ignored: [examples]
    level: "warning"
    schema: {"loadingURI":"#","pointer":"/items/properties/parcelas"}
    domain: "syntax"
    ignored: ["examples"]
warning: the following keywords are unknown and will be ignored: [examples]
    level: "warning"
    schema: {"loadingURI":"#","pointer":"/items/properties/seguro"}
    domain: "syntax"
    ignored: ["examples"]
warning: the following keywords are unknown and will be ignored: [examples]
    level: "warning"
    schema: {"loadingURI":"#","pointer":"/items/properties/valor"}
    domain: "syntax"
    ignored: ["examples"]
warning: the following keywords are unknown and will be ignored: [examples]
    level: "warning"
    schema: {"loadingURI":"#","pointer":"/items"}
    domain: "syntax"
    ignored: ["examples"]
warning: the following keywords are unknown and will be ignored: [examples]
    level: "warning"
    schema: {"loadingURI":"#","pointer":"/items/properties/cpf"}
    domain: "syntax"
    ignored: ["examples"]
warning: the following keywords are unknown and will be ignored: [examples]
    level: "warning"
    schema: {"loadingURI":"#","pointer":"/items/properties/email"}
    domain: "syntax"
    ignored: ["examples"]
warning: the following keywords are unknown and will be ignored: [examples]
    level: "warning"
    schema: {"loadingURI":"#","pointer":"/items/properties/id"}
    domain: "syntax"
    ignored: ["examples"]
warning: the following keywords are unknown and will be ignored: [examples]
    level: "warning"
    schema: {"loadingURI":"#","pointer":"/items/properties/nome"}
    domain: "syntax"
    ignored: ["examples"]
warning: the following keywords are unknown and will be ignored: [examples]
    level: "warning"
    schema: {"loadingURI":"#","pointer":"/items/properties/parcelas"}
    domain: "syntax"
    ignored: ["examples"]
warning: the following keywords are unknown and will be ignored: [examples]
    level: "warning"
    schema: {"loadingURI":"#","pointer":"/items/properties/seguro"}
    domain: "syntax"
    ignored: ["examples"]
warning: the following keywords are unknown and will be ignored: [examples]
    level: "warning"
    schema: {"loadingURI":"#","pointer":"/items/properties/valor"}
    domain: "syntax"
    ignored: ["examples"]
warning: the following keywords are unknown and will be ignored: [examples]
    level: "warning"
    schema: {"loadingURI":"#","pointer":"/items"}
    domain: "syntax"
    ignored: ["examples"]
warning: the following keywords are unknown and will be ignored: [examples]
    level: "warning"
    schema: {"loadingURI":"#","pointer":"/items/properties/cpf"}
    domain: "syntax"
    ignored: ["examples"]
warning: the following keywords are unknown and will be ignored: [examples]
    level: "warning"
    schema: {"loadingURI":"#","pointer":"/items/properties/email"}
    domain: "syntax"
    ignored: ["examples"]
warning: the following keywords are unknown and will be ignored: [examples]
    level: "warning"
    schema: {"loadingURI":"#","pointer":"/items/properties/id"}
    domain: "syntax"
    ignored: ["examples"]
warning: the following keywords are unknown and will be ignored: [examples]
    level: "warning"
    schema: {"loadingURI":"#","pointer":"/items/properties/nome"}
    domain: "syntax"
    ignored: ["examples"]
warning: the following keywords are unknown and will be ignored: [examples]
    level: "warning"
    schema: {"loadingURI":"#","pointer":"/items/properties/parcelas"}
    domain: "syntax"
    ignored: ["examples"]
warning: the following keywords are unknown and will be ignored: [examples]
    level: "warning"
    schema: {"loadingURI":"#","pointer":"/items/properties/seguro"}
    domain: "syntax"
    ignored: ["examples"]
warning: the following keywords are unknown and will be ignored: [examples]
    level: "warning"
    schema: {"loadingURI":"#","pointer":"/items/properties/valor"}
    domain: "syntax"
    ignored: ["examples"]
warning: the following keywords are unknown and will be ignored: [examples]
    level: "warning"
    schema: {"loadingURI":"#","pointer":"/items"}
    domain: "syntax"
    ignored: ["examples"]
warning: the following keywords are unknown and will be ignored: [examples]
    level: "warning"
    schema: {"loadingURI":"#","pointer":"/items/properties/cpf"}
    domain: "syntax"
    ignored: ["examples"]
warning: the following keywords are unknown and will be ignored: [examples]
    level: "warning"
    schema: {"loadingURI":"#","pointer":"/items/properties/email"}
    domain: "syntax"
    ignored: ["examples"]
warning: the following keywords are unknown and will be ignored: [examples]
    level: "warning"
    schema: {"loadingURI":"#","pointer":"/items/properties/id"}
    domain: "syntax"
    ignored: ["examples"]
warning: the following keywords are unknown and will be ignored: [examples]
    level: "warning"
    schema: {"loadingURI":"#","pointer":"/items/properties/nome"}
    domain: "syntax"
    ignored: ["examples"]
warning: the following keywords are unknown and will be ignored: [examples]
    level: "warning"
    schema: {"loadingURI":"#","pointer":"/items/properties/parcelas"}
    domain: "syntax"
    ignored: ["examples"]
warning: the following keywords are unknown and will be ignored: [examples]
    level: "warning"
    schema: {"loadingURI":"#","pointer":"/items/properties/seguro"}
    domain: "syntax"
    ignored: ["examples"]
warning: the following keywords are unknown and will be ignored: [examples]
    level: "warning"
    schema: {"loadingURI":"#","pointer":"/items/properties/valor"}
    domain: "syntax"
    ignored: ["examples"]
warning: the following keywords are unknown and will be ignored: [examples]
    level: "warning"
    schema: {"loadingURI":"#","pointer":"/items"}
    domain: "syntax"
    ignored: ["examples"]
warning: the following keywords are unknown and will be ignored: [examples]
    level: "warning"
    schema: {"loadingURI":"#","pointer":"/items/properties/cpf"}
    domain: "syntax"
    ignored: ["examples"]
warning: the following keywords are unknown and will be ignored: [examples]
    level: "warning"
    schema: {"loadingURI":"#","pointer":"/items/properties/email"}
    domain: "syntax"
    ignored: ["examples"]
warning: the following keywords are unknown and will be ignored: [examples]
    level: "warning"
    schema: {"loadingURI":"#","pointer":"/items/properties/id"}
    domain: "syntax"
    ignored: ["examples"]
warning: the following keywords are unknown and will be ignored: [examples]
    level: "warning"
    schema: {"loadingURI":"#","pointer":"/items/properties/nome"}
    domain: "syntax"
    ignored: ["examples"]
warning: the following keywords are unknown and will be ignored: [examples]
    level: "warning"
    schema: {"loadingURI":"#","pointer":"/items/properties/parcelas"}
    domain: "syntax"
    ignored: ["examples"]
warning: the following keywords are unknown and will be ignored: [examples]
    level: "warning"
    schema: {"loadingURI":"#","pointer":"/items/properties/seguro"}
    domain: "syntax"
    ignored: ["examples"]
warning: the following keywords are unknown and will be ignored: [examples]
    level: "warning"
    schema: {"loadingURI":"#","pointer":"/items/properties/valor"}
    domain: "syntax"
    ignored: ["examples"]
warning: the following keywords are unknown and will be ignored: [examples]
    level: "warning"
    schema: {"loadingURI":"#","pointer":"/items"}
    domain: "syntax"
    ignored: ["examples"]
warning: the following keywords are unknown and will be ignored: [examples]
    level: "warning"
    schema: {"loadingURI":"#","pointer":"/items/properties/cpf"}
    domain: "syntax"
    ignored: ["examples"]
warning: the following keywords are unknown and will be ignored: [examples]
    level: "warning"
    schema: {"loadingURI":"#","pointer":"/items/properties/email"}
    domain: "syntax"
    ignored: ["examples"]
warning: the following keywords are unknown and will be ignored: [examples]
    level: "warning"
    schema: {"loadingURI":"#","pointer":"/items/properties/id"}
    domain: "syntax"
    ignored: ["examples"]
warning: the following keywords are unknown and will be ignored: [examples]
    level: "warning"
    schema: {"loadingURI":"#","pointer":"/items/properties/nome"}
    domain: "syntax"
    ignored: ["examples"]
warning: the following keywords are unknown and will be ignored: [examples]
    level: "warning"
    schema: {"loadingURI":"#","pointer":"/items/properties/parcelas"}
    domain: "syntax"
    ignored: ["examples"]
warning: the following keywords are unknown and will be ignored: [examples]
    level: "warning"
    schema: {"loadingURI":"#","pointer":"/items/properties/seguro"}
    domain: "syntax"
    ignored: ["examples"]
warning: the following keywords are unknown and will be ignored: [examples]
    level: "warning"
    schema: {"loadingURI":"#","pointer":"/items/properties/valor"}
    domain: "syntax"
    ignored: ["examples"]
warning: the following keywords are unknown and will be ignored: [examples]
    level: "warning"
    schema: {"loadingURI":"#","pointer":"/items"}
    domain: "syntax"
    ignored: ["examples"]
warning: the following keywords are unknown and will be ignored: [examples]
    level: "warning"
    schema: {"loadingURI":"#","pointer":"/items/properties/cpf"}
    domain: "syntax"
    ignored: ["examples"]
warning: the following keywords are unknown and will be ignored: [examples]
    level: "warning"
    schema: {"loadingURI":"#","pointer":"/items/properties/email"}
    domain: "syntax"
    ignored: ["examples"]
warning: the following keywords are unknown and will be ignored: [examples]
    level: "warning"
    schema: {"loadingURI":"#","pointer":"/items/properties/id"}
    domain: "syntax"
    ignored: ["examples"]
warning: the following keywords are unknown and will be ignored: [examples]
    level: "warning"
    schema: {"loadingURI":"#","pointer":"/items/properties/nome"}
    domain: "syntax"
    ignored: ["examples"]
warning: the following keywords are unknown and will be ignored: [examples]
    level: "warning"
    schema: {"loadingURI":"#","pointer":"/items/properties/parcelas"}
    domain: "syntax"
    ignored: ["examples"]
warning: the following keywords are unknown and will be ignored: [examples]
    level: "warning"
    schema: {"loadingURI":"#","pointer":"/items/properties/seguro"}
    domain: "syntax"
    ignored: ["examples"]
warning: the following keywords are unknown and will be ignored: [examples]
    level: "warning"
    schema: {"loadingURI":"#","pointer":"/items/properties/valor"}
    domain: "syntax"
    ignored: ["examples"]
warning: the following keywords are unknown and will be ignored: [examples]
    level: "warning"
    schema: {"loadingURI":"#","pointer":"/items"}
    domain: "syntax"
    ignored: ["examples"]
warning: the following keywords are unknown and will be ignored: [examples]
    level: "warning"
    schema: {"loadingURI":"#","pointer":"/items/properties/cpf"}
    domain: "syntax"
    ignored: ["examples"]
warning: the following keywords are unknown and will be ignored: [examples]
    level: "warning"
    schema: {"loadingURI":"#","pointer":"/items/properties/email"}
    domain: "syntax"
    ignored: ["examples"]
warning: the following keywords are unknown and will be ignored: [examples]
    level: "warning"
    schema: {"loadingURI":"#","pointer":"/items/properties/id"}
    domain: "syntax"
    ignored: ["examples"]
warning: the following keywords are unknown and will be ignored: [examples]
    level: "warning"
    schema: {"loadingURI":"#","pointer":"/items/properties/nome"}
    domain: "syntax"
    ignored: ["examples"]
warning: the following keywords are unknown and will be ignored: [examples]
    level: "warning"
    schema: {"loadingURI":"#","pointer":"/items/properties/parcelas"}
    domain: "syntax"
    ignored: ["examples"]
warning: the following keywords are unknown and will be ignored: [examples]
    level: "warning"
    schema: {"loadingURI":"#","pointer":"/items/properties/seguro"}
    domain: "syntax"
    ignored: ["examples"]
warning: the following keywords are unknown and will be ignored: [examples]
    level: "warning"
    schema: {"loadingURI":"#","pointer":"/items/properties/valor"}
    domain: "syntax"
    ignored: ["examples"]
warning: the following keywords are unknown and will be ignored: [examples]
    level: "warning"
    schema: {"loadingURI":"#","pointer":"/items"}
    domain: "syntax"
    ignored: ["examples"]
warning: the following keywords are unknown and will be ignored: [examples]
    level: "warning"
    schema: {"loadingURI":"#","pointer":"/items/properties/cpf"}
    domain: "syntax"
    ignored: ["examples"]
warning: the following keywords are unknown and will be ignored: [examples]
    level: "warning"
    schema: {"loadingURI":"#","pointer":"/items/properties/email"}
    domain: "syntax"
    ignored: ["examples"]
warning: the following keywords are unknown and will be ignored: [examples]
    level: "warning"
    schema: {"loadingURI":"#","pointer":"/items/properties/id"}
    domain: "syntax"
    ignored: ["examples"]
warning: the following keywords are unknown and will be ignored: [examples]
    level: "warning"
    schema: {"loadingURI":"#","pointer":"/items/properties/nome"}
    domain: "syntax"
    ignored: ["examples"]
warning: the following keywords are unknown and will be ignored: [examples]
    level: "warning"
    schema: {"loadingURI":"#","pointer":"/items/properties/parcelas"}
    domain: "syntax"
    ignored: ["examples"]
warning: the following keywords are unknown and will be ignored: [examples]
    level: "warning"
    schema: {"loadingURI":"#","pointer":"/items/properties/seguro"}
    domain: "syntax"
    ignored: ["examples"]
warning: the following keywords are unknown and will be ignored: [examples]
    level: "warning"
    schema: {"loadingURI":"#","pointer":"/items/properties/valor"}
    domain: "syntax"
    ignored: ["examples"]
warning: the following keywords are unknown and will be ignored: [examples]
    level: "warning"
    schema: {"loadingURI":"#","pointer":"/items"}
    domain: "syntax"
    ignored: ["examples"]
warning: the following keywords are unknown and will be ignored: [examples]
    level: "warning"
    schema: {"loadingURI":"#","pointer":"/items/properties/cpf"}
    domain: "syntax"
    ignored: ["examples"]
warning: the following keywords are unknown and will be ignored: [examples]
    level: "warning"
    schema: {"loadingURI":"#","pointer":"/items/properties/email"}
    domain: "syntax"
    ignored: ["examples"]
warning: the following keywords are unknown and will be ignored: [examples]
    level: "warning"
    schema: {"loadingURI":"#","pointer":"/items/properties/id"}
    domain: "syntax"
    ignored: ["examples"]
warning: the following keywords are unknown and will be ignored: [examples]
    level: "warning"
    schema: {"loadingURI":"#","pointer":"/items/properties/nome"}
    domain: "syntax"
    ignored: ["examples"]
warning: the following keywords are unknown and will be ignored: [examples]
    level: "warning"
    schema: {"loadingURI":"#","pointer":"/items/properties/parcelas"}
    domain: "syntax"
    ignored: ["examples"]
warning: the following keywords are unknown and will be ignored: [examples]
    level: "warning"
    schema: {"loadingURI":"#","pointer":"/items/properties/seguro"}
    domain: "syntax"
    ignored: ["examples"]
warning: the following keywords are unknown and will be ignored: [examples]
    level: "warning"
    schema: {"loadingURI":"#","pointer":"/items/properties/valor"}
    domain: "syntax"
    ignored: ["examples"]
warning: the following keywords are unknown and will be ignored: [examples]
    level: "warning"
    schema: {"loadingURI":"#","pointer":"/items"}
    domain: "syntax"
    ignored: ["examples"]
warning: the following keywords are unknown and will be ignored: [examples]
    level: "warning"
    schema: {"loadingURI":"#","pointer":"/items/properties/cpf"}
    domain: "syntax"
    ignored: ["examples"]
warning: the following keywords are unknown and will be ignored: [examples]
    level: "warning"
    schema: {"loadingURI":"#","pointer":"/items/properties/email"}
    domain: "syntax"
    ignored: ["examples"]
warning: the following keywords are unknown and will be ignored: [examples]
    level: "warning"
    schema: {"loadingURI":"#","pointer":"/items/properties/id"}
    domain: "syntax"
    ignored: ["examples"]
warning: the following keywords are unknown and will be ignored: [examples]
    level: "warning"
    schema: {"loadingURI":"#","pointer":"/items/properties/nome"}
    domain: "syntax"
    ignored: ["examples"]
warning: the following keywords are unknown and will be ignored: [examples]
    level: "warning"
    schema: {"loadingURI":"#","pointer":"/items/properties/parcelas"}
    domain: "syntax"
    ignored: ["examples"]
warning: the following keywords are unknown and will be ignored: [examples]
    level: "warning"
    schema: {"loadingURI":"#","pointer":"/items/properties/seguro"}
    domain: "syntax"
    ignored: ["examples"]
warning: the following keywords are unknown and will be ignored: [examples]
    level: "warning"
    schema: {"loadingURI":"#","pointer":"/items/properties/valor"}
    domain: "syntax"
    ignored: ["examples"]
warning: the following keywords are unknown and will be ignored: [examples]
    level: "warning"
    schema: {"loadingURI":"#","pointer":"/items"}
    domain: "syntax"
    ignored: ["examples"]
warning: the following keywords are unknown and will be ignored: [examples]
    level: "warning"
    schema: {"loadingURI":"#","pointer":"/items/properties/cpf"}
    domain: "syntax"
    ignored: ["examples"]
warning: the following keywords are unknown and will be ignored: [examples]
    level: "warning"
    schema: {"loadingURI":"#","pointer":"/items/properties/email"}
    domain: "syntax"
    ignored: ["examples"]
warning: the following keywords are unknown and will be ignored: [examples]
    level: "warning"
    schema: {"loadingURI":"#","pointer":"/items/properties/id"}
    domain: "syntax"
    ignored: ["examples"]
warning: the following keywords are unknown and will be ignored: [examples]
    level: "warning"
    schema: {"loadingURI":"#","pointer":"/items/properties/nome"}
    domain: "syntax"
    ignored: ["examples"]
warning: the following keywords are unknown and will be ignored: [examples]
    level: "warning"
    schema: {"loadingURI":"#","pointer":"/items/properties/parcelas"}
    domain: "syntax"
    ignored: ["examples"]
warning: the following keywords are unknown and will be ignored: [examples]
    level: "warning"
    schema: {"loadingURI":"#","pointer":"/items/properties/seguro"}
    domain: "syntax"
    ignored: ["examples"]
warning: the following keywords are unknown and will be ignored: [examples]
    level: "warning"
    schema: {"loadingURI":"#","pointer":"/items/properties/valor"}
    domain: "syntax"
    ignored: ["examples"]
warning: the following keywords are unknown and will be ignored: [examples]
    level: "warning"
    schema: {"loadingURI":"#","pointer":"/items"}
    domain: "syntax"
    ignored: ["examples"]
warning: the following keywords are unknown and will be ignored: [examples]
    level: "warning"
    schema: {"loadingURI":"#","pointer":"/items/properties/cpf"}
    domain: "syntax"
    ignored: ["examples"]
warning: the following keywords are unknown and will be ignored: [examples]
    level: "warning"
    schema: {"loadingURI":"#","pointer":"/items/properties/email"}
    domain: "syntax"
    ignored: ["examples"]
warning: the following keywords are unknown and will be ignored: [examples]
    level: "warning"
    schema: {"loadingURI":"#","pointer":"/items/properties/id"}
    domain: "syntax"
    ignored: ["examples"]
warning: the following keywords are unknown and will be ignored: [examples]
    level: "warning"
    schema: {"loadingURI":"#","pointer":"/items/properties/nome"}
    domain: "syntax"
    ignored: ["examples"]
warning: the following keywords are unknown and will be ignored: [examples]
    level: "warning"
    schema: {"loadingURI":"#","pointer":"/items/properties/parcelas"}
    domain: "syntax"
    ignored: ["examples"]
warning: the following keywords are unknown and will be ignored: [examples]
    level: "warning"
    schema: {"loadingURI":"#","pointer":"/items/properties/seguro"}
    domain: "syntax"
    ignored: ["examples"]
warning: the following keywords are unknown and will be ignored: [examples]
    level: "warning"
    schema: {"loadingURI":"#","pointer":"/items/properties/valor"}
    domain: "syntax"
    ignored: ["examples"]
warning: the following keywords are unknown and will be ignored: [examples]
    level: "warning"
    schema: {"loadingURI":"#","pointer":"/items"}
    domain: "syntax"
    ignored: ["examples"]
warning: the following keywords are unknown and will be ignored: [examples]
    level: "warning"
    schema: {"loadingURI":"#","pointer":"/items/properties/cpf"}
    domain: "syntax"
    ignored: ["examples"]
warning: the following keywords are unknown and will be ignored: [examples]
    level: "warning"
    schema: {"loadingURI":"#","pointer":"/items/properties/email"}
    domain: "syntax"
    ignored: ["examples"]
warning: the following keywords are unknown and will be ignored: [examples]
    level: "warning"
    schema: {"loadingURI":"#","pointer":"/items/properties/id"}
    domain: "syntax"
    ignored: ["examples"]
warning: the following keywords are unknown and will be ignored: [examples]
    level: "warning"
    schema: {"loadingURI":"#","pointer":"/items/properties/nome"}
    domain: "syntax"
    ignored: ["examples"]
warning: the following keywords are unknown and will be ignored: [examples]
    level: "warning"
    schema: {"loadingURI":"#","pointer":"/items/properties/parcelas"}
    domain: "syntax"
    ignored: ["examples"]
warning: the following keywords are unknown and will be ignored: [examples]
    level: "warning"
    schema: {"loadingURI":"#","pointer":"/items/properties/seguro"}
    domain: "syntax"
    ignored: ["examples"]
warning: the following keywords are unknown and will be ignored: [examples]
    level: "warning"
    schema: {"loadingURI":"#","pointer":"/items/properties/valor"}
    domain: "syntax"
    ignored: ["examples"]
warning: the following keywords are unknown and will be ignored: [examples]
    level: "warning"
    schema: {"loadingURI":"#","pointer":"/items"}
    domain: "syntax"
    ignored: ["examples"]
warning: the following keywords are unknown and will be ignored: [examples]
    level: "warning"
    schema: {"loadingURI":"#","pointer":"/items/properties/cpf"}
    domain: "syntax"
    ignored: ["examples"]
warning: the following keywords are unknown and will be ignored: [examples]
    level: "warning"
    schema: {"loadingURI":"#","pointer":"/items/properties/email"}
    domain: "syntax"
    ignored: ["examples"]
warning: the following keywords are unknown and will be ignored: [examples]
    level: "warning"
    schema: {"loadingURI":"#","pointer":"/items/properties/id"}
    domain: "syntax"
    ignored: ["examples"]
warning: the following keywords are unknown and will be ignored: [examples]
    level: "warning"
    schema: {"loadingURI":"#","pointer":"/items/properties/nome"}
    domain: "syntax"
    ignored: ["examples"]
warning: the following keywords are unknown and will be ignored: [examples]
    level: "warning"
    schema: {"loadingURI":"#","pointer":"/items/properties/parcelas"}
    domain: "syntax"
    ignored: ["examples"]
warning: the following keywords are unknown and will be ignored: [examples]
    level: "warning"
    schema: {"loadingURI":"#","pointer":"/items/properties/seguro"}
    domain: "syntax"
    ignored: ["examples"]
warning: the following keywords are unknown and will be ignored: [examples]
    level: "warning"
    schema: {"loadingURI":"#","pointer":"/items/properties/valor"}
    domain: "syntax"
    ignored: ["examples"]
warning: the following keywords are unknown and will be ignored: [examples]
    level: "warning"
    schema: {"loadingURI":"#","pointer":"/items"}
    domain: "syntax"
    ignored: ["examples"]
warning: the following keywords are unknown and will be ignored: [examples]
    level: "warning"
    schema: {"loadingURI":"#","pointer":"/items/properties/cpf"}
    domain: "syntax"
    ignored: ["examples"]
warning: the following keywords are unknown and will be ignored: [examples]
    level: "warning"
    schema: {"loadingURI":"#","pointer":"/items/properties/email"}
    domain: "syntax"
    ignored: ["examples"]
warning: the following keywords are unknown and will be ignored: [examples]
    level: "warning"
    schema: {"loadingURI":"#","pointer":"/items/properties/id"}
    domain: "syntax"
    ignored: ["examples"]
warning: the following keywords are unknown and will be ignored: [examples]
    level: "warning"
    schema: {"loadingURI":"#","pointer":"/items/properties/nome"}
    domain: "syntax"
    ignored: ["examples"]
warning: the following keywords are unknown and will be ignored: [examples]
    level: "warning"
    schema: {"loadingURI":"#","pointer":"/items/properties/parcelas"}
    domain: "syntax"
    ignored: ["examples"]
warning: the following keywords are unknown and will be ignored: [examples]
    level: "warning"
    schema: {"loadingURI":"#","pointer":"/items/properties/seguro"}
    domain: "syntax"
    ignored: ["examples"]
warning: the following keywords are unknown and will be ignored: [examples]
    level: "warning"
    schema: {"loadingURI":"#","pointer":"/items/properties/valor"}
    domain: "syntax"
    ignored: ["examples"]
warning: the following keywords are unknown and will be ignored: [examples]
    level: "warning"
    schema: {"loadingURI":"#","pointer":"/items"}
    domain: "syntax"
    ignored: ["examples"]
warning: the following keywords are unknown and will be ignored: [examples]
    level: "warning"
    schema: {"loadingURI":"#","pointer":"/items/properties/cpf"}
    domain: "syntax"
    ignored: ["examples"]
warning: the following keywords are unknown and will be ignored: [examples]
    level: "warning"
    schema: {"loadingURI":"#","pointer":"/items/properties/email"}
    domain: "syntax"
    ignored: ["examples"]
warning: the following keywords are unknown and will be ignored: [examples]
    level: "warning"
    schema: {"loadingURI":"#","pointer":"/items/properties/id"}
    domain: "syntax"
    ignored: ["examples"]
warning: the following keywords are unknown and will be ignored: [examples]
    level: "warning"
    schema: {"loadingURI":"#","pointer":"/items/properties/nome"}
    domain: "syntax"
    ignored: ["examples"]
warning: the following keywords are unknown and will be ignored: [examples]
    level: "warning"
    schema: {"loadingURI":"#","pointer":"/items/properties/parcelas"}
    domain: "syntax"
    ignored: ["examples"]
warning: the following keywords are unknown and will be ignored: [examples]
    level: "warning"
    schema: {"loadingURI":"#","pointer":"/items/properties/seguro"}
    domain: "syntax"
    ignored: ["examples"]
warning: the following keywords are unknown and will be ignored: [examples]
    level: "warning"
    schema: {"loadingURI":"#","pointer":"/items/properties/valor"}
    domain: "syntax"
    ignored: ["examples"]
warning: the following keywords are unknown and will be ignored: [examples]
    level: "warning"
    schema: {"loadingURI":"#","pointer":"/items"}
    domain: "syntax"
    ignored: ["examples"]
warning: the following keywords are unknown and will be ignored: [examples]
    level: "warning"
    schema: {"loadingURI":"#","pointer":"/items/properties/cpf"}
    domain: "syntax"
    ignored: ["examples"]
warning: the following keywords are unknown and will be ignored: [examples]
    level: "warning"
    schema: {"loadingURI":"#","pointer":"/items/properties/email"}
    domain: "syntax"
    ignored: ["examples"]
warning: the following keywords are unknown and will be ignored: [examples]
    level: "warning"
    schema: {"loadingURI":"#","pointer":"/items/properties/id"}
    domain: "syntax"
    ignored: ["examples"]
warning: the following keywords are unknown and will be ignored: [examples]
    level: "warning"
    schema: {"loadingURI":"#","pointer":"/items/properties/nome"}
    domain: "syntax"
    ignored: ["examples"]
warning: the following keywords are unknown and will be ignored: [examples]
    level: "warning"
    schema: {"loadingURI":"#","pointer":"/items/properties/parcelas"}
    domain: "syntax"
    ignored: ["examples"]
warning: the following keywords are unknown and will be ignored: [examples]
    level: "warning"
    schema: {"loadingURI":"#","pointer":"/items/properties/seguro"}
    domain: "syntax"
    ignored: ["examples"]
warning: the following keywords are unknown and will be ignored: [examples]
    level: "warning"
    schema: {"loadingURI":"#","pointer":"/items/properties/valor"}
    domain: "syntax"
    ignored: ["examples"]
warning: the following keywords are unknown and will be ignored: [examples]
    level: "warning"
    schema: {"loadingURI":"#","pointer":"/items"}
    domain: "syntax"
    ignored: ["examples"]
warning: the following keywords are unknown and will be ignored: [examples]
    level: "warning"
    schema: {"loadingURI":"#","pointer":"/items/properties/cpf"}
    domain: "syntax"
    ignored: ["examples"]
warning: the following keywords are unknown and will be ignored: [examples]
    level: "warning"
    schema: {"loadingURI":"#","pointer":"/items/properties/email"}
    domain: "syntax"
    ignored: ["examples"]
warning: the following keywords are unknown and will be ignored: [examples]
    level: "warning"
    schema: {"loadingURI":"#","pointer":"/items/properties/id"}
    domain: "syntax"
    ignored: ["examples"]
warning: the following keywords are unknown and will be ignored: [examples]
    level: "warning"
    schema: {"loadingURI":"#","pointer":"/items/properties/nome"}
    domain: "syntax"
    ignored: ["examples"]
warning: the following keywords are unknown and will be ignored: [examples]
    level: "warning"
    schema: {"loadingURI":"#","pointer":"/items/properties/parcelas"}
    domain: "syntax"
    ignored: ["examples"]
warning: the following keywords are unknown and will be ignored: [examples]
    level: "warning"
    schema: {"loadingURI":"#","pointer":"/items/properties/seguro"}
    domain: "syntax"
    ignored: ["examples"]
warning: the following keywords are unknown and will be ignored: [examples]
    level: "warning"
    schema: {"loadingURI":"#","pointer":"/items/properties/valor"}
    domain: "syntax"
    ignored: ["examples"]
warning: the following keywords are unknown and will be ignored: [examples]
    level: "warning"
    schema: {"loadingURI":"#","pointer":"/items"}
    domain: "syntax"
    ignored: ["examples"]
warning: the following keywords are unknown and will be ignored: [examples]
    level: "warning"
    schema: {"loadingURI":"#","pointer":"/items/properties/cpf"}
    domain: "syntax"
    ignored: ["examples"]
warning: the following keywords are unknown and will be ignored: [examples]
    level: "warning"
    schema: {"loadingURI":"#","pointer":"/items/properties/email"}
    domain: "syntax"
    ignored: ["examples"]
warning: the following keywords are unknown and will be ignored: [examples]
    level: "warning"
    schema: {"loadingURI":"#","pointer":"/items/properties/id"}
    domain: "syntax"
    ignored: ["examples"]
warning: the following keywords are unknown and will be ignored: [examples]
    level: "warning"
    schema: {"loadingURI":"#","pointer":"/items/properties/nome"}
    domain: "syntax"
    ignored: ["examples"]
warning: the following keywords are unknown and will be ignored: [examples]
    level: "warning"
    schema: {"loadingURI":"#","pointer":"/items/properties/parcelas"}
    domain: "syntax"
    ignored: ["examples"]
warning: the following keywords are unknown and will be ignored: [examples]
    level: "warning"
    schema: {"loadingURI":"#","pointer":"/items/properties/seguro"}
    domain: "syntax"
    ignored: ["examples"]
warning: the following keywords are unknown and will be ignored: [examples]
    level: "warning"
    schema: {"loadingURI":"#","pointer":"/items/properties/valor"}
    domain: "syntax"
    ignored: ["examples"]
warning: the following keywords are unknown and will be ignored: [examples]
    level: "warning"
    schema: {"loadingURI":"#","pointer":"/items"}
    domain: "syntax"
    ignored: ["examples"]
warning: the following keywords are unknown and will be ignored: [examples]
    level: "warning"
    schema: {"loadingURI":"#","pointer":"/items/properties/cpf"}
    domain: "syntax"
    ignored: ["examples"]
warning: the following keywords are unknown and will be ignored: [examples]
    level: "warning"
    schema: {"loadingURI":"#","pointer":"/items/properties/email"}
    domain: "syntax"
    ignored: ["examples"]
warning: the following keywords are unknown and will be ignored: [examples]
    level: "warning"
    schema: {"loadingURI":"#","pointer":"/items/properties/id"}
    domain: "syntax"
    ignored: ["examples"]
warning: the following keywords are unknown and will be ignored: [examples]
    level: "warning"
    schema: {"loadingURI":"#","pointer":"/items/properties/nome"}
    domain: "syntax"
    ignored: ["examples"]
warning: the following keywords are unknown and will be ignored: [examples]
    level: "warning"
    schema: {"loadingURI":"#","pointer":"/items/properties/parcelas"}
    domain: "syntax"
    ignored: ["examples"]
warning: the following keywords are unknown and will be ignored: [examples]
    level: "warning"
    schema: {"loadingURI":"#","pointer":"/items/properties/seguro"}
    domain: "syntax"
    ignored: ["examples"]
warning: the following keywords are unknown and will be ignored: [examples]
    level: "warning"
    schema: {"loadingURI":"#","pointer":"/items/properties/valor"}
    domain: "syntax"
    ignored: ["examples"]
warning: the following keywords are unknown and will be ignored: [examples]
    level: "warning"
    schema: {"loadingURI":"#","pointer":"/items"}
    domain: "syntax"
    ignored: ["examples"]
warning: the following keywords are unknown and will be ignored: [examples]
    level: "warning"
    schema: {"loadingURI":"#","pointer":"/items/properties/cpf"}
    domain: "syntax"
    ignored: ["examples"]
warning: the following keywords are unknown and will be ignored: [examples]
    level: "warning"
    schema: {"loadingURI":"#","pointer":"/items/properties/email"}
    domain: "syntax"
    ignored: ["examples"]
warning: the following keywords are unknown and will be ignored: [examples]
    level: "warning"
    schema: {"loadingURI":"#","pointer":"/items/properties/id"}
    domain: "syntax"
    ignored: ["examples"]
warning: the following keywords are unknown and will be ignored: [examples]
    level: "warning"
    schema: {"loadingURI":"#","pointer":"/items/properties/nome"}
    domain: "syntax"
    ignored: ["examples"]
warning: the following keywords are unknown and will be ignored: [examples]
    level: "warning"
    schema: {"loadingURI":"#","pointer":"/items/properties/parcelas"}
    domain: "syntax"
    ignored: ["examples"]
warning: the following keywords are unknown and will be ignored: [examples]
    level: "warning"
    schema: {"loadingURI":"#","pointer":"/items/properties/seguro"}
    domain: "syntax"
    ignored: ["examples"]
warning: the following keywords are unknown and will be ignored: [examples]
    level: "warning"
    schema: {"loadingURI":"#","pointer":"/items/properties/valor"}
    domain: "syntax"
    ignored: ["examples"]
warning: the following keywords are unknown and will be ignored: [examples]
    level: "warning"
    schema: {"loadingURI":"#","pointer":"/items"}
    domain: "syntax"
    ignored: ["examples"]
warning: the following keywords are unknown and will be ignored: [examples]
    level: "warning"
    schema: {"loadingURI":"#","pointer":"/items/properties/cpf"}
    domain: "syntax"
    ignored: ["examples"]
warning: the following keywords are unknown and will be ignored: [examples]
    level: "warning"
    schema: {"loadingURI":"#","pointer":"/items/properties/email"}
    domain: "syntax"
    ignored: ["examples"]
warning: the following keywords are unknown and will be ignored: [examples]
    level: "warning"
    schema: {"loadingURI":"#","pointer":"/items/properties/id"}
    domain: "syntax"
    ignored: ["examples"]
warning: the following keywords are unknown and will be ignored: [examples]
    level: "warning"
    schema: {"loadingURI":"#","pointer":"/items/properties/nome"}
    domain: "syntax"
    ignored: ["examples"]
warning: the following keywords are unknown and will be ignored: [examples]
    level: "warning"
    schema: {"loadingURI":"#","pointer":"/items/properties/parcelas"}
    domain: "syntax"
    ignored: ["examples"]
warning: the following keywords are unknown and will be ignored: [examples]
    level: "warning"
    schema: {"loadingURI":"#","pointer":"/items/properties/seguro"}
    domain: "syntax"
    ignored: ["examples"]
warning: the following keywords are unknown and will be ignored: [examples]
    level: "warning"
    schema: {"loadingURI":"#","pointer":"/items/properties/valor"}
    domain: "syntax"
    ignored: ["examples"]
warning: the following keywords are unknown and will be ignored: [examples]
    level: "warning"
    schema: {"loadingURI":"#","pointer":"/items"}
    domain: "syntax"
    ignored: ["examples"]
warning: the following keywords are unknown and will be ignored: [examples]
    level: "warning"
    schema: {"loadingURI":"#","pointer":"/items/properties/cpf"}
    domain: "syntax"
    ignored: ["examples"]
warning: the following keywords are unknown and will be ignored: [examples]
    level: "warning"
    schema: {"loadingURI":"#","pointer":"/items/properties/email"}
    domain: "syntax"
    ignored: ["examples"]
warning: the following keywords are unknown and will be ignored: [examples]
    level: "warning"
    schema: {"loadingURI":"#","pointer":"/items/properties/id"}
    domain: "syntax"
    ignored: ["examples"]
warning: the following keywords are unknown and will be ignored: [examples]
    level: "warning"
    schema: {"loadingURI":"#","pointer":"/items/properties/nome"}
    domain: "syntax"
    ignored: ["examples"]
warning: the following keywords are unknown and will be ignored: [examples]
    level: "warning"
    schema: {"loadingURI":"#","pointer":"/items/properties/parcelas"}
    domain: "syntax"
    ignored: ["examples"]
warning: the following keywords are unknown and will be ignored: [examples]
    level: "warning"
    schema: {"loadingURI":"#","pointer":"/items/properties/seguro"}
    domain: "syntax"
    ignored: ["examples"]
warning: the following keywords are unknown and will be ignored: [examples]
    level: "warning"
    schema: {"loadingURI":"#","pointer":"/items/properties/valor"}
    domain: "syntax"
    ignored: ["examples"]
warning: the following keywords are unknown and will be ignored: [examples]
    level: "warning"
    schema: {"loadingURI":"#","pointer":"/items"}
    domain: "syntax"
    ignored: ["examples"]
warning: the following keywords are unknown and will be ignored: [examples]
    level: "warning"
    schema: {"loadingURI":"#","pointer":"/items/properties/cpf"}
    domain: "syntax"
    ignored: ["examples"]
warning: the following keywords are unknown and will be ignored: [examples]
    level: "warning"
    schema: {"loadingURI":"#","pointer":"/items/properties/email"}
    domain: "syntax"
    ignored: ["examples"]
warning: the following keywords are unknown and will be ignored: [examples]
    level: "warning"
    schema: {"loadingURI":"#","pointer":"/items/properties/id"}
    domain: "syntax"
    ignored: ["examples"]
warning: the following keywords are unknown and will be ignored: [examples]
    level: "warning"
    schema: {"loadingURI":"#","pointer":"/items/properties/nome"}
    domain: "syntax"
    ignored: ["examples"]
warning: the following keywords are unknown and will be ignored: [examples]
    level: "warning"
    schema: {"loadingURI":"#","pointer":"/items/properties/parcelas"}
    domain: "syntax"
    ignored: ["examples"]
warning: the following keywords are unknown and will be ignored: [examples]
    level: "warning"
    schema: {"loadingURI":"#","pointer":"/items/properties/seguro"}
    domain: "syntax"
    ignored: ["examples"]
warning: the following keywords are unknown and will be ignored: [examples]
    level: "warning"
    schema: {"loadingURI":"#","pointer":"/items/properties/valor"}
    domain: "syntax"
    ignored: ["examples"]
warning: the following keywords are unknown and will be ignored: [examples]
    level: "warning"
    schema: {"loadingURI":"#","pointer":"/items"}
    domain: "syntax"
    ignored: ["examples"]
warning: the following keywords are unknown and will be ignored: [examples]
    level: "warning"
    schema: {"loadingURI":"#","pointer":"/items/properties/cpf"}
    domain: "syntax"
    ignored: ["examples"]
warning: the following keywords are unknown and will be ignored: [examples]
    level: "warning"
    schema: {"loadingURI":"#","pointer":"/items/properties/email"}
    domain: "syntax"
    ignored: ["examples"]
warning: the following keywords are unknown and will be ignored: [examples]
    level: "warning"
    schema: {"loadingURI":"#","pointer":"/items/properties/id"}
    domain: "syntax"
    ignored: ["examples"]
warning: the following keywords are unknown and will be ignored: [examples]
    level: "warning"
    schema: {"loadingURI":"#","pointer":"/items/properties/nome"}
    domain: "syntax"
    ignored: ["examples"]
warning: the following keywords are unknown and will be ignored: [examples]
    level: "warning"
    schema: {"loadingURI":"#","pointer":"/items/properties/parcelas"}
    domain: "syntax"
    ignored: ["examples"]
warning: the following keywords are unknown and will be ignored: [examples]
    level: "warning"
    schema: {"loadingURI":"#","pointer":"/items/properties/seguro"}
    domain: "syntax"
    ignored: ["examples"]
warning: the following keywords are unknown and will be ignored: [examples]
    level: "warning"
    schema: {"loadingURI":"#","pointer":"/items/properties/valor"}
    domain: "syntax"
    ignored: ["examples"]
warning: the following keywords are unknown and will be ignored: [examples]
    level: "warning"
    schema: {"loadingURI":"#","pointer":"/items"}
    domain: "syntax"
    ignored: ["examples"]
warning: the following keywords are unknown and will be ignored: [examples]
    level: "warning"
    schema: {"loadingURI":"#","pointer":"/items/properties/cpf"}
    domain: "syntax"
    ignored: ["examples"]
warning: the following keywords are unknown and will be ignored: [examples]
    level: "warning"
    schema: {"loadingURI":"#","pointer":"/items/properties/email"}
    domain: "syntax"
    ignored: ["examples"]
warning: the following keywords are unknown and will be ignored: [examples]
    level: "warning"
    schema: {"loadingURI":"#","pointer":"/items/properties/id"}
    domain: "syntax"
    ignored: ["examples"]
warning: the following keywords are unknown and will be ignored: [examples]
    level: "warning"
    schema: {"loadingURI":"#","pointer":"/items/properties/nome"}
    domain: "syntax"
    ignored: ["examples"]
warning: the following keywords are unknown and will be ignored: [examples]
    level: "warning"
    schema: {"loadingURI":"#","pointer":"/items/properties/parcelas"}
    domain: "syntax"
    ignored: ["examples"]
warning: the following keywords are unknown and will be ignored: [examples]
    level: "warning"
    schema: {"loadingURI":"#","pointer":"/items/properties/seguro"}
    domain: "syntax"
    ignored: ["examples"]
warning: the following keywords are unknown and will be ignored: [examples]
    level: "warning"
    schema: {"loadingURI":"#","pointer":"/items/properties/valor"}
    domain: "syntax"
    ignored: ["examples"]
warning: the following keywords are unknown and will be ignored: [examples]
    level: "warning"
    schema: {"loadingURI":"#","pointer":"/items"}
    domain: "syntax"
    ignored: ["examples"]
warning: the following keywords are unknown and will be ignored: [examples]
    level: "warning"
    schema: {"loadingURI":"#","pointer":"/items/properties/cpf"}
    domain: "syntax"
    ignored: ["examples"]
warning: the following keywords are unknown and will be ignored: [examples]
    level: "warning"
    schema: {"loadingURI":"#","pointer":"/items/properties/email"}
    domain: "syntax"
    ignored: ["examples"]
warning: the following keywords are unknown and will be ignored: [examples]
    level: "warning"
    schema: {"loadingURI":"#","pointer":"/items/properties/id"}
    domain: "syntax"
    ignored: ["examples"]
warning: the following keywords are unknown and will be ignored: [examples]
    level: "warning"
    schema: {"loadingURI":"#","pointer":"/items/properties/nome"}
    domain: "syntax"
    ignored: ["examples"]
warning: the following keywords are unknown and will be ignored: [examples]
    level: "warning"
    schema: {"loadingURI":"#","pointer":"/items/properties/parcelas"}
    domain: "syntax"
    ignored: ["examples"]
warning: the following keywords are unknown and will be ignored: [examples]
    level: "warning"
    schema: {"loadingURI":"#","pointer":"/items/properties/seguro"}
    domain: "syntax"
    ignored: ["examples"]
warning: the following keywords are unknown and will be ignored: [examples]
    level: "warning"
    schema: {"loadingURI":"#","pointer":"/items/properties/valor"}
    domain: "syntax"
    ignored: ["examples"]
warning: the following keywords are unknown and will be ignored: [examples]
    level: "warning"
    schema: {"loadingURI":"#","pointer":"/items"}
    domain: "syntax"
    ignored: ["examples"]
warning: the following keywords are unknown and will be ignored: [examples]
    level: "warning"
    schema: {"loadingURI":"#","pointer":"/items/properties/cpf"}
    domain: "syntax"
    ignored: ["examples"]
warning: the following keywords are unknown and will be ignored: [examples]
    level: "warning"
    schema: {"loadingURI":"#","pointer":"/items/properties/email"}
    domain: "syntax"
    ignored: ["examples"]
warning: the following keywords are unknown and will be ignored: [examples]
    level: "warning"
    schema: {"loadingURI":"#","pointer":"/items/properties/id"}
    domain: "syntax"
    ignored: ["examples"]
warning: the following keywords are unknown and will be ignored: [examples]
    level: "warning"
    schema: {"loadingURI":"#","pointer":"/items/properties/nome"}
    domain: "syntax"
    ignored: ["examples"]
warning: the following keywords are unknown and will be ignored: [examples]
    level: "warning"
    schema: {"loadingURI":"#","pointer":"/items/properties/parcelas"}
    domain: "syntax"
    ignored: ["examples"]
warning: the following keywords are unknown and will be ignored: [examples]
    level: "warning"
    schema: {"loadingURI":"#","pointer":"/items/properties/seguro"}
    domain: "syntax"
    ignored: ["examples"]
warning: the following keywords are unknown and will be ignored: [examples]
    level: "warning"
    schema: {"loadingURI":"#","pointer":"/items/properties/valor"}
    domain: "syntax"
    ignored: ["examples"]
warning: the following keywords are unknown and will be ignored: [examples]
    level: "warning"
    schema: {"loadingURI":"#","pointer":"/items"}
    domain: "syntax"
    ignored: ["examples"]
warning: the following keywords are unknown and will be ignored: [examples]
    level: "warning"
    schema: {"loadingURI":"#","pointer":"/items/properties/cpf"}
    domain: "syntax"
    ignored: ["examples"]
warning: the following keywords are unknown and will be ignored: [examples]
    level: "warning"
    schema: {"loadingURI":"#","pointer":"/items/properties/email"}
    domain: "syntax"
    ignored: ["examples"]
warning: the following keywords are unknown and will be ignored: [examples]
    level: "warning"
    schema: {"loadingURI":"#","pointer":"/items/properties/id"}
    domain: "syntax"
    ignored: ["examples"]
warning: the following keywords are unknown and will be ignored: [examples]
    level: "warning"
    schema: {"loadingURI":"#","pointer":"/items/properties/nome"}
    domain: "syntax"
    ignored: ["examples"]
warning: the following keywords are unknown and will be ignored: [examples]
    level: "warning"
    schema: {"loadingURI":"#","pointer":"/items/properties/parcelas"}
    domain: "syntax"
    ignored: ["examples"]
warning: the following keywords are unknown and will be ignored: [examples]
    level: "warning"
    schema: {"loadingURI":"#","pointer":"/items/properties/seguro"}
    domain: "syntax"
    ignored: ["examples"]
warning: the following keywords are unknown and will be ignored: [examples]
    level: "warning"
    schema: {"loadingURI":"#","pointer":"/items/properties/valor"}
    domain: "syntax"
    ignored: ["examples"]
warning: the following keywords are unknown and will be ignored: [examples]
    level: "warning"
    schema: {"loadingURI":"#","pointer":"/items"}
    domain: "syntax"
    ignored: ["examples"]
warning: the following keywords are unknown and will be ignored: [examples]
    level: "warning"
    schema: {"loadingURI":"#","pointer":"/items/properties/cpf"}
    domain: "syntax"
    ignored: ["examples"]
warning: the following keywords are unknown and will be ignored: [examples]
    level: "warning"
    schema: {"loadingURI":"#","pointer":"/items/properties/email"}
    domain: "syntax"
    ignored: ["examples"]
warning: the following keywords are unknown and will be ignored: [examples]
    level: "warning"
    schema: {"loadingURI":"#","pointer":"/items/properties/id"}
    domain: "syntax"
    ignored: ["examples"]
warning: the following keywords are unknown and will be ignored: [examples]
    level: "warning"
    schema: {"loadingURI":"#","pointer":"/items/properties/nome"}
    domain: "syntax"
    ignored: ["examples"]
warning: the following keywords are unknown and will be ignored: [examples]
    level: "warning"
    schema: {"loadingURI":"#","pointer":"/items/properties/parcelas"}
    domain: "syntax"
    ignored: ["examples"]
warning: the following keywords are unknown and will be ignored: [examples]
    level: "warning"
    schema: {"loadingURI":"#","pointer":"/items/properties/seguro"}
    domain: "syntax"
    ignored: ["examples"]
warning: the following keywords are unknown and will be ignored: [examples]
    level: "warning"
    schema: {"loadingURI":"#","pointer":"/items/properties/valor"}
    domain: "syntax"
    ignored: ["examples"]
warning: the following keywords are unknown and will be ignored: [examples]
    level: "warning"
    schema: {"loadingURI":"#","pointer":"/items"}
    domain: "syntax"
    ignored: ["examples"]
warning: the following keywords are unknown and will be ignored: [examples]
    level: "warning"
    schema: {"loadingURI":"#","pointer":"/items/properties/cpf"}
    domain: "syntax"
    ignored: ["examples"]
warning: the following keywords are unknown and will be ignored: [examples]
    level: "warning"
    schema: {"loadingURI":"#","pointer":"/items/properties/email"}
    domain: "syntax"
    ignored: ["examples"]
warning: the following keywords are unknown and will be ignored: [examples]
    level: "warning"
    schema: {"loadingURI":"#","pointer":"/items/properties/id"}
    domain: "syntax"
    ignored: ["examples"]
warning: the following keywords are unknown and will be ignored: [examples]
    level: "warning"
    schema: {"loadingURI":"#","pointer":"/items/properties/nome"}
    domain: "syntax"
    ignored: ["examples"]
warning: the following keywords are unknown and will be ignored: [examples]
    level: "warning"
    schema: {"loadingURI":"#","pointer":"/items/properties/parcelas"}
    domain: "syntax"
    ignored: ["examples"]
warning: the following keywords are unknown and will be ignored: [examples]
    level: "warning"
    schema: {"loadingURI":"#","pointer":"/items/properties/seguro"}
    domain: "syntax"
    ignored: ["examples"]
warning: the following keywords are unknown and will be ignored: [examples]
    level: "warning"
    schema: {"loadingURI":"#","pointer":"/items/properties/valor"}
    domain: "syntax"
    ignored: ["examples"]
warning: the following keywords are unknown and will be ignored: [examples]
    level: "warning"
    schema: {"loadingURI":"#","pointer":"/items"}
    domain: "syntax"
    ignored: ["examples"]
warning: the following keywords are unknown and will be ignored: [examples]
    level: "warning"
    schema: {"loadingURI":"#","pointer":"/items/properties/cpf"}
    domain: "syntax"
    ignored: ["examples"]
warning: the following keywords are unknown and will be ignored: [examples]
    level: "warning"
    schema: {"loadingURI":"#","pointer":"/items/properties/email"}
    domain: "syntax"
    ignored: ["examples"]
warning: the following keywords are unknown and will be ignored: [examples]
    level: "warning"
    schema: {"loadingURI":"#","pointer":"/items/properties/id"}
    domain: "syntax"
    ignored: ["examples"]
warning: the following keywords are unknown and will be ignored: [examples]
    level: "warning"
    schema: {"loadingURI":"#","pointer":"/items/properties/nome"}
    domain: "syntax"
    ignored: ["examples"]
warning: the following keywords are unknown and will be ignored: [examples]
    level: "warning"
    schema: {"loadingURI":"#","pointer":"/items/properties/parcelas"}
    domain: "syntax"
    ignored: ["examples"]
warning: the following keywords are unknown and will be ignored: [examples]
    level: "warning"
    schema: {"loadingURI":"#","pointer":"/items/properties/seguro"}
    domain: "syntax"
    ignored: ["examples"]
warning: the following keywords are unknown and will be ignored: [examples]
    level: "warning"
    schema: {"loadingURI":"#","pointer":"/items/properties/valor"}
    domain: "syntax"
    ignored: ["examples"]
warning: the following keywords are unknown and will be ignored: [examples]
    level: "warning"
    schema: {"loadingURI":"#","pointer":"/items"}
    domain: "syntax"
    ignored: ["examples"]
warning: the following keywords are unknown and will be ignored: [examples]
    level: "warning"
    schema: {"loadingURI":"#","pointer":"/items/properties/cpf"}
    domain: "syntax"
    ignored: ["examples"]
warning: the following keywords are unknown and will be ignored: [examples]
    level: "warning"
    schema: {"loadingURI":"#","pointer":"/items/properties/email"}
    domain: "syntax"
    ignored: ["examples"]
warning: the following keywords are unknown and will be ignored: [examples]
    level: "warning"
    schema: {"loadingURI":"#","pointer":"/items/properties/id"}
    domain: "syntax"
    ignored: ["examples"]
warning: the following keywords are unknown and will be ignored: [examples]
    level: "warning"
    schema: {"loadingURI":"#","pointer":"/items/properties/nome"}
    domain: "syntax"
    ignored: ["examples"]
warning: the following keywords are unknown and will be ignored: [examples]
    level: "warning"
    schema: {"loadingURI":"#","pointer":"/items/properties/parcelas"}
    domain: "syntax"
    ignored: ["examples"]
warning: the following keywords are unknown and will be ignored: [examples]
    level: "warning"
    schema: {"loadingURI":"#","pointer":"/items/properties/seguro"}
    domain: "syntax"
    ignored: ["examples"]
warning: the following keywords are unknown and will be ignored: [examples]
    level: "warning"
    schema: {"loadingURI":"#","pointer":"/items/properties/valor"}
    domain: "syntax"
    ignored: ["examples"]
warning: the following keywords are unknown and will be ignored: [examples]
    level: "warning"
    schema: {"loadingURI":"#","pointer":"/items"}
    domain: "syntax"
    ignored: ["examples"]
warning: the following keywords are unknown and will be ignored: [examples]
    level: "warning"
    schema: {"loadingURI":"#","pointer":"/items/properties/cpf"}
    domain: "syntax"
    ignored: ["examples"]
warning: the following keywords are unknown and will be ignored: [examples]
    level: "warning"
    schema: {"loadingURI":"#","pointer":"/items/properties/email"}
    domain: "syntax"
    ignored: ["examples"]
warning: the following keywords are unknown and will be ignored: [examples]
    level: "warning"
    schema: {"loadingURI":"#","pointer":"/items/properties/id"}
    domain: "syntax"
    ignored: ["examples"]
warning: the following keywords are unknown and will be ignored: [examples]
    level: "warning"
    schema: {"loadingURI":"#","pointer":"/items/properties/nome"}
    domain: "syntax"
    ignored: ["examples"]
warning: the following keywords are unknown and will be ignored: [examples]
    level: "warning"
    schema: {"loadingURI":"#","pointer":"/items/properties/parcelas"}
    domain: "syntax"
    ignored: ["examples"]
warning: the following keywords are unknown and will be ignored: [examples]
    level: "warning"
    schema: {"loadingURI":"#","pointer":"/items/properties/seguro"}
    domain: "syntax"
    ignored: ["examples"]
warning: the following keywords are unknown and will be ignored: [examples]
    level: "warning"
    schema: {"loadingURI":"#","pointer":"/items/properties/valor"}
    domain: "syntax"
    ignored: ["examples"]
warning: the following keywords are unknown and will be ignored: [examples]
    level: "warning"
    schema: {"loadingURI":"#","pointer":"/items"}
    domain: "syntax"
    ignored: ["examples"]
warning: the following keywords are unknown and will be ignored: [examples]
    level: "warning"
    schema: {"loadingURI":"#","pointer":"/items/properties/cpf"}
    domain: "syntax"
    ignored: ["examples"]
warning: the following keywords are unknown and will be ignored: [examples]
    level: "warning"
    schema: {"loadingURI":"#","pointer":"/items/properties/email"}
    domain: "syntax"
    ignored: ["examples"]
warning: the following keywords are unknown and will be ignored: [examples]
    level: "warning"
    schema: {"loadingURI":"#","pointer":"/items/properties/id"}
    domain: "syntax"
    ignored: ["examples"]
warning: the following keywords are unknown and will be ignored: [examples]
    level: "warning"
    schema: {"loadingURI":"#","pointer":"/items/properties/nome"}
    domain: "syntax"
    ignored: ["examples"]
warning: the following keywords are unknown and will be ignored: [examples]
    level: "warning"
    schema: {"loadingURI":"#","pointer":"/items/properties/parcelas"}
    domain: "syntax"
    ignored: ["examples"]
warning: the following keywords are unknown and will be ignored: [examples]
    level: "warning"
    schema: {"loadingURI":"#","pointer":"/items/properties/seguro"}
    domain: "syntax"
    ignored: ["examples"]
warning: the following keywords are unknown and will be ignored: [examples]
    level: "warning"
    schema: {"loadingURI":"#","pointer":"/items/properties/valor"}
    domain: "syntax"
    ignored: ["examples"]
warning: the following keywords are unknown and will be ignored: [examples]
    level: "warning"
    schema: {"loadingURI":"#","pointer":"/items"}
    domain: "syntax"
    ignored: ["examples"]
warning: the following keywords are unknown and will be ignored: [examples]
    level: "warning"
    schema: {"loadingURI":"#","pointer":"/items/properties/cpf"}
    domain: "syntax"
    ignored: ["examples"]
warning: the following keywords are unknown and will be ignored: [examples]
    level: "warning"
    schema: {"loadingURI":"#","pointer":"/items/properties/email"}
    domain: "syntax"
    ignored: ["examples"]
warning: the following keywords are unknown and will be ignored: [examples]
    level: "warning"
    schema: {"loadingURI":"#","pointer":"/items/properties/id"}
    domain: "syntax"
    ignored: ["examples"]
warning: the following keywords are unknown and will be ignored: [examples]
    level: "warning"
    schema: {"loadingURI":"#","pointer":"/items/properties/nome"}
    domain: "syntax"
    ignored: ["examples"]
warning: the following keywords are unknown and will be ignored: [examples]
    level: "warning"
    schema: {"loadingURI":"#","pointer":"/items/properties/parcelas"}
    domain: "syntax"
    ignored: ["examples"]
warning: the following keywords are unknown and will be ignored: [examples]
    level: "warning"
    schema: {"loadingURI":"#","pointer":"/items/properties/seguro"}
    domain: "syntax"
    ignored: ["examples"]
warning: the following keywords are unknown and will be ignored: [examples]
    level: "warning"
    schema: {"loadingURI":"#","pointer":"/items/properties/valor"}
    domain: "syntax"
    ignored: ["examples"]
warning: the following keywords are unknown and will be ignored: [examples]
    level: "warning"
    schema: {"loadingURI":"#","pointer":"/items"}
    domain: "syntax"
    ignored: ["examples"]
warning: the following keywords are unknown and will be ignored: [examples]
    level: "warning"
    schema: {"loadingURI":"#","pointer":"/items/properties/cpf"}
    domain: "syntax"
    ignored: ["examples"]
warning: the following keywords are unknown and will be ignored: [examples]
    level: "warning"
    schema: {"loadingURI":"#","pointer":"/items/properties/email"}
    domain: "syntax"
    ignored: ["examples"]
warning: the following keywords are unknown and will be ignored: [examples]
    level: "warning"
    schema: {"loadingURI":"#","pointer":"/items/properties/id"}
    domain: "syntax"
    ignored: ["examples"]
warning: the following keywords are unknown and will be ignored: [examples]
    level: "warning"
    schema: {"loadingURI":"#","pointer":"/items/properties/nome"}
    domain: "syntax"
    ignored: ["examples"]
warning: the following keywords are unknown and will be ignored: [examples]
    level: "warning"
    schema: {"loadingURI":"#","pointer":"/items/properties/parcelas"}
    domain: "syntax"
    ignored: ["examples"]
warning: the following keywords are unknown and will be ignored: [examples]
    level: "warning"
    schema: {"loadingURI":"#","pointer":"/items/properties/seguro"}
    domain: "syntax"
    ignored: ["examples"]
warning: the following keywords are unknown and will be ignored: [examples]
    level: "warning"
    schema: {"loadingURI":"#","pointer":"/items/properties/valor"}
    domain: "syntax"
    ignored: ["examples"]
warning: the following keywords are unknown and will be ignored: [examples]
    level: "warning"
    schema: {"loadingURI":"#","pointer":"/items"}
    domain: "syntax"
    ignored: ["examples"]
warning: the following keywords are unknown and will be ignored: [examples]
    level: "warning"
    schema: {"loadingURI":"#","pointer":"/items/properties/cpf"}
    domain: "syntax"
    ignored: ["examples"]
warning: the following keywords are unknown and will be ignored: [examples]
    level: "warning"
    schema: {"loadingURI":"#","pointer":"/items/properties/email"}
    domain: "syntax"
    ignored: ["examples"]
warning: the following keywords are unknown and will be ignored: [examples]
    level: "warning"
    schema: {"loadingURI":"#","pointer":"/items/properties/id"}
    domain: "syntax"
    ignored: ["examples"]
warning: the following keywords are unknown and will be ignored: [examples]
    level: "warning"
    schema: {"loadingURI":"#","pointer":"/items/properties/nome"}
    domain: "syntax"
    ignored: ["examples"]
warning: the following keywords are unknown and will be ignored: [examples]
    level: "warning"
    schema: {"loadingURI":"#","pointer":"/items/properties/parcelas"}
    domain: "syntax"
    ignored: ["examples"]
warning: the following keywords are unknown and will be ignored: [examples]
    level: "warning"
    schema: {"loadingURI":"#","pointer":"/items/properties/seguro"}
    domain: "syntax"
    ignored: ["examples"]
warning: the following keywords are unknown and will be ignored: [examples]
    level: "warning"
    schema: {"loadingURI":"#","pointer":"/items/properties/valor"}
    domain: "syntax"
    ignored: ["examples"]
warning: the following keywords are unknown and will be ignored: [examples]
    level: "warning"
    schema: {"loadingURI":"#","pointer":"/items"}
    domain: "syntax"
    ignored: ["examples"]
warning: the following keywords are unknown and will be ignored: [examples]
    level: "warning"
    schema: {"loadingURI":"#","pointer":"/items/properties/cpf"}
    domain: "syntax"
    ignored: ["examples"]
warning: the following keywords are unknown and will be ignored: [examples]
    level: "warning"
    schema: {"loadingURI":"#","pointer":"/items/properties/email"}
    domain: "syntax"
    ignored: ["examples"]
warning: the following keywords are unknown and will be ignored: [examples]
    level: "warning"
    schema: {"loadingURI":"#","pointer":"/items/properties/id"}
    domain: "syntax"
    ignored: ["examples"]
warning: the following keywords are unknown and will be ignored: [examples]
    level: "warning"
    schema: {"loadingURI":"#","pointer":"/items/properties/nome"}
    domain: "syntax"
    ignored: ["examples"]
warning: the following keywords are unknown and will be ignored: [examples]
    level: "warning"
    schema: {"loadingURI":"#","pointer":"/items/properties/parcelas"}
    domain: "syntax"
    ignored: ["examples"]
warning: the following keywords are unknown and will be ignored: [examples]
    level: "warning"
    schema: {"loadingURI":"#","pointer":"/items/properties/seguro"}
    domain: "syntax"
    ignored: ["examples"]
warning: the following keywords are unknown and will be ignored: [examples]
    level: "warning"
    schema: {"loadingURI":"#","pointer":"/items/properties/valor"}
    domain: "syntax"
    ignored: ["examples"]
warning: the following keywords are unknown and will be ignored: [examples]
    level: "warning"
    schema: {"loadingURI":"#","pointer":"/items"}
    domain: "syntax"
    ignored: ["examples"]
warning: the following keywords are unknown and will be ignored: [examples]
    level: "warning"
    schema: {"loadingURI":"#","pointer":"/items/properties/cpf"}
    domain: "syntax"
    ignored: ["examples"]
warning: the following keywords are unknown and will be ignored: [examples]
    level: "warning"
    schema: {"loadingURI":"#","pointer":"/items/properties/email"}
    domain: "syntax"
    ignored: ["examples"]
warning: the following keywords are unknown and will be ignored: [examples]
    level: "warning"
    schema: {"loadingURI":"#","pointer":"/items/properties/id"}
    domain: "syntax"
    ignored: ["examples"]
warning: the following keywords are unknown and will be ignored: [examples]
    level: "warning"
    schema: {"loadingURI":"#","pointer":"/items/properties/nome"}
    domain: "syntax"
    ignored: ["examples"]
warning: the following keywords are unknown and will be ignored: [examples]
    level: "warning"
    schema: {"loadingURI":"#","pointer":"/items/properties/parcelas"}
    domain: "syntax"
    ignored: ["examples"]
warning: the following keywords are unknown and will be ignored: [examples]
    level: "warning"
    schema: {"loadingURI":"#","pointer":"/items/properties/seguro"}
    domain: "syntax"
    ignored: ["examples"]
warning: the following keywords are unknown and will be ignored: [examples]
    level: "warning"
    schema: {"loadingURI":"#","pointer":"/items/properties/valor"}
    domain: "syntax"
    ignored: ["examples"]
warning: the following keywords are unknown and will be ignored: [examples]
    level: "warning"
    schema: {"loadingURI":"#","pointer":"/items"}
    domain: "syntax"
    ignored: ["examples"]
warning: the following keywords are unknown and will be ignored: [examples]
    level: "warning"
    schema: {"loadingURI":"#","pointer":"/items/properties/cpf"}
    domain: "syntax"
    ignored: ["examples"]
warning: the following keywords are unknown and will be ignored: [examples]
    level: "warning"
    schema: {"loadingURI":"#","pointer":"/items/properties/email"}
    domain: "syntax"
    ignored: ["examples"]
warning: the following keywords are unknown and will be ignored: [examples]
    level: "warning"
    schema: {"loadingURI":"#","pointer":"/items/properties/id"}
    domain: "syntax"
    ignored: ["examples"]
warning: the following keywords are unknown and will be ignored: [examples]
    level: "warning"
    schema: {"loadingURI":"#","pointer":"/items/properties/nome"}
    domain: "syntax"
    ignored: ["examples"]
warning: the following keywords are unknown and will be ignored: [examples]
    level: "warning"
    schema: {"loadingURI":"#","pointer":"/items/properties/parcelas"}
    domain: "syntax"
    ignored: ["examples"]
warning: the following keywords are unknown and will be ignored: [examples]
    level: "warning"
    schema: {"loadingURI":"#","pointer":"/items/properties/seguro"}
    domain: "syntax"
    ignored: ["examples"]
warning: the following keywords are unknown and will be ignored: [examples]
    level: "warning"
    schema: {"loadingURI":"#","pointer":"/items/properties/valor"}
    domain: "syntax"
    ignored: ["examples"]
warning: the following keywords are unknown and will be ignored: [examples]
    level: "warning"
    schema: {"loadingURI":"#","pointer":"/items"}
    domain: "syntax"
    ignored: ["examples"]
warning: the following keywords are unknown and will be ignored: [examples]
    level: "warning"
    schema: {"loadingURI":"#","pointer":"/items/properties/cpf"}
    domain: "syntax"
    ignored: ["examples"]
warning: the following keywords are unknown and will be ignored: [examples]
    level: "warning"
    schema: {"loadingURI":"#","pointer":"/items/properties/email"}
    domain: "syntax"
    ignored: ["examples"]
warning: the following keywords are unknown and will be ignored: [examples]
    level: "warning"
    schema: {"loadingURI":"#","pointer":"/items/properties/id"}
    domain: "syntax"
    ignored: ["examples"]
warning: the following keywords are unknown and will be ignored: [examples]
    level: "warning"
    schema: {"loadingURI":"#","pointer":"/items/properties/nome"}
    domain: "syntax"
    ignored: ["examples"]
warning: the following keywords are unknown and will be ignored: [examples]
    level: "warning"
    schema: {"loadingURI":"#","pointer":"/items/properties/parcelas"}
    domain: "syntax"
    ignored: ["examples"]
warning: the following keywords are unknown and will be ignored: [examples]
    level: "warning"
    schema: {"loadingURI":"#","pointer":"/items/properties/seguro"}
    domain: "syntax"
    ignored: ["examples"]
warning: the following keywords are unknown and will be ignored: [examples]
    level: "warning"
    schema: {"loadingURI":"#","pointer":"/items/properties/valor"}
    domain: "syntax"
    ignored: ["examples"]
warning: the following keywords are unknown and will be ignored: [examples]
    level: "warning"
    schema: {"loadingURI":"#","pointer":"/items"}
    domain: "syntax"
    ignored: ["examples"]
warning: the following keywords are unknown and will be ignored: [examples]
    level: "warning"
    schema: {"loadingURI":"#","pointer":"/items/properties/cpf"}
    domain: "syntax"
    ignored: ["examples"]
warning: the following keywords are unknown and will be ignored: [examples]
    level: "warning"
    schema: {"loadingURI":"#","pointer":"/items/properties/email"}
    domain: "syntax"
    ignored: ["examples"]
warning: the following keywords are unknown and will be ignored: [examples]
    level: "warning"
    schema: {"loadingURI":"#","pointer":"/items/properties/id"}
    domain: "syntax"
    ignored: ["examples"]
warning: the following keywords are unknown and will be ignored: [examples]
    level: "warning"
    schema: {"loadingURI":"#","pointer":"/items/properties/nome"}
    domain: "syntax"
    ignored: ["examples"]
warning: the following keywords are unknown and will be ignored: [examples]
    level: "warning"
    schema: {"loadingURI":"#","pointer":"/items/properties/parcelas"}
    domain: "syntax"
    ignored: ["examples"]
warning: the following keywords are unknown and will be ignored: [examples]
    level: "warning"
    schema: {"loadingURI":"#","pointer":"/items/properties/seguro"}
    domain: "syntax"
    ignored: ["examples"]
warning: the following keywords are unknown and will be ignored: [examples]
    level: "warning"
    schema: {"loadingURI":"#","pointer":"/items/properties/valor"}
    domain: "syntax"
    ignored: ["examples"]
warning: the following keywords are unknown and will be ignored: [examples]
    level: "warning"
    schema: {"loadingURI":"#","pointer":"/items"}
    domain: "syntax"
    ignored: ["examples"]
warning: the following keywords are unknown and will be ignored: [examples]
    level: "warning"
    schema: {"loadingURI":"#","pointer":"/items/properties/cpf"}
    domain: "syntax"
    ignored: ["examples"]
warning: the following keywords are unknown and will be ignored: [examples]
    level: "warning"
    schema: {"loadingURI":"#","pointer":"/items/properties/email"}
    domain: "syntax"
    ignored: ["examples"]
warning: the following keywords are unknown and will be ignored: [examples]
    level: "warning"
    schema: {"loadingURI":"#","pointer":"/items/properties/id"}
    domain: "syntax"
    ignored: ["examples"]
warning: the following keywords are unknown and will be ignored: [examples]
    level: "warning"
    schema: {"loadingURI":"#","pointer":"/items/properties/nome"}
    domain: "syntax"
    ignored: ["examples"]
warning: the following keywords are unknown and will be ignored: [examples]
    level: "warning"
    schema: {"loadingURI":"#","pointer":"/items/properties/parcelas"}
    domain: "syntax"
    ignored: ["examples"]
warning: the following keywords are unknown and will be ignored: [examples]
    level: "warning"
    schema: {"loadingURI":"#","pointer":"/items/properties/seguro"}
    domain: "syntax"
    ignored: ["examples"]
warning: the following keywords are unknown and will be ignored: [examples]
    level: "warning"
    schema: {"loadingURI":"#","pointer":"/items/properties/valor"}
    domain: "syntax"
    ignored: ["examples"]
warning: the following keywords are unknown and will be ignored: [examples]
    level: "warning"
    schema: {"loadingURI":"#","pointer":"/items"}
    domain: "syntax"
    ignored: ["examples"]
warning: the following keywords are unknown and will be ignored: [examples]
    level: "warning"
    schema: {"loadingURI":"#","pointer":"/items/properties/cpf"}
    domain: "syntax"
    ignored: ["examples"]
warning: the following keywords are unknown and will be ignored: [examples]
    level: "warning"
    schema: {"loadingURI":"#","pointer":"/items/properties/email"}
    domain: "syntax"
    ignored: ["examples"]
warning: the following keywords are unknown and will be ignored: [examples]
    level: "warning"
    schema: {"loadingURI":"#","pointer":"/items/properties/id"}
    domain: "syntax"
    ignored: ["examples"]
warning: the following keywords are unknown and will be ignored: [examples]
    level: "warning"
    schema: {"loadingURI":"#","pointer":"/items/properties/nome"}
    domain: "syntax"
    ignored: ["examples"]
warning: the following keywords are unknown and will be ignored: [examples]
    level: "warning"
    schema: {"loadingURI":"#","pointer":"/items/properties/parcelas"}
    domain: "syntax"
    ignored: ["examples"]
warning: the following keywords are unknown and will be ignored: [examples]
    level: "warning"
    schema: {"loadingURI":"#","pointer":"/items/properties/seguro"}
    domain: "syntax"
    ignored: ["examples"]
warning: the following keywords are unknown and will be ignored: [examples]
    level: "warning"
    schema: {"loadingURI":"#","pointer":"/items/properties/valor"}
    domain: "syntax"
    ignored: ["examples"]
warning: the following keywords are unknown and will be ignored: [examples]
    level: "warning"
    schema: {"loadingURI":"#","pointer":"/items"}
    domain: "syntax"
    ignored: ["examples"]
warning: the following keywords are unknown and will be ignored: [examples]
    level: "warning"
    schema: {"loadingURI":"#","pointer":"/items/properties/cpf"}
    domain: "syntax"
    ignored: ["examples"]
warning: the following keywords are unknown and will be ignored: [examples]
    level: "warning"
    schema: {"loadingURI":"#","pointer":"/items/properties/email"}
    domain: "syntax"
    ignored: ["examples"]
warning: the following keywords are unknown and will be ignored: [examples]
    level: "warning"
    schema: {"loadingURI":"#","pointer":"/items/properties/id"}
    domain: "syntax"
    ignored: ["examples"]
warning: the following keywords are unknown and will be ignored: [examples]
    level: "warning"
    schema: {"loadingURI":"#","pointer":"/items/properties/nome"}
    domain: "syntax"
    ignored: ["examples"]
warning: the following keywords are unknown and will be ignored: [examples]
    level: "warning"
    schema: {"loadingURI":"#","pointer":"/items/properties/parcelas"}
    domain: "syntax"
    ignored: ["examples"]
warning: the following keywords are unknown and will be ignored: [examples]
    level: "warning"
    schema: {"loadingURI":"#","pointer":"/items/properties/seguro"}
    domain: "syntax"
    ignored: ["examples"]
warning: the following keywords are unknown and will be ignored: [examples]
    level: "warning"
    schema: {"loadingURI":"#","pointer":"/items/properties/valor"}
    domain: "syntax"
    ignored: ["examples"]
warning: the following keywords are unknown and will be ignored: [examples]
    level: "warning"
    schema: {"loadingURI":"#","pointer":"/items"}
    domain: "syntax"
    ignored: ["examples"]
warning: the following keywords are unknown and will be ignored: [examples]
    level: "warning"
    schema: {"loadingURI":"#","pointer":"/items/properties/cpf"}
    domain: "syntax"
    ignored: ["examples"]
warning: the following keywords are unknown and will be ignored: [examples]
    level: "warning"
    schema: {"loadingURI":"#","pointer":"/items/properties/email"}
    domain: "syntax"
    ignored: ["examples"]
warning: the following keywords are unknown and will be ignored: [examples]
    level: "warning"
    schema: {"loadingURI":"#","pointer":"/items/properties/id"}
    domain: "syntax"
    ignored: ["examples"]
warning: the following keywords are unknown and will be ignored: [examples]
    level: "warning"
    schema: {"loadingURI":"#","pointer":"/items/properties/nome"}
    domain: "syntax"
    ignored: ["examples"]
warning: the following keywords are unknown and will be ignored: [examples]
    level: "warning"
    schema: {"loadingURI":"#","pointer":"/items/properties/parcelas"}
    domain: "syntax"
    ignored: ["examples"]
warning: the following keywords are unknown and will be ignored: [examples]
    level: "warning"
    schema: {"loadingURI":"#","pointer":"/items/properties/seguro"}
    domain: "syntax"
    ignored: ["examples"]
warning: the following keywords are unknown and will be ignored: [examples]
    level: "warning"
    schema: {"loadingURI":"#","pointer":"/items/properties/valor"}
    domain: "syntax"
    ignored: ["examples"]
warning: the following keywords are unknown and will be ignored: [examples]
    level: "warning"
    schema: {"loadingURI":"#","pointer":"/items"}
    domain: "syntax"
    ignored: ["examples"]
warning: the following keywords are unknown and will be ignored: [examples]
    level: "warning"
    schema: {"loadingURI":"#","pointer":"/items/properties/cpf"}
    domain: "syntax"
    ignored: ["examples"]
warning: the following keywords are unknown and will be ignored: [examples]
    level: "warning"
    schema: {"loadingURI":"#","pointer":"/items/properties/email"}
    domain: "syntax"
    ignored: ["examples"]
warning: the following keywords are unknown and will be ignored: [examples]
    level: "warning"
    schema: {"loadingURI":"#","pointer":"/items/properties/id"}
    domain: "syntax"
    ignored: ["examples"]
warning: the following keywords are unknown and will be ignored: [examples]
    level: "warning"
    schema: {"loadingURI":"#","pointer":"/items/properties/nome"}
    domain: "syntax"
    ignored: ["examples"]
warning: the following keywords are unknown and will be ignored: [examples]
    level: "warning"
    schema: {"loadingURI":"#","pointer":"/items/properties/parcelas"}
    domain: "syntax"
    ignored: ["examples"]
warning: the following keywords are unknown and will be ignored: [examples]
    level: "warning"
    schema: {"loadingURI":"#","pointer":"/items/properties/seguro"}
    domain: "syntax"
    ignored: ["examples"]
warning: the following keywords are unknown and will be ignored: [examples]
    level: "warning"
    schema: {"loadingURI":"#","pointer":"/items/properties/valor"}
    domain: "syntax"
    ignored: ["examples"]
warning: the following keywords are unknown and will be ignored: [examples]
    level: "warning"
    schema: {"loadingURI":"#","pointer":"/items"}
    domain: "syntax"
    ignored: ["examples"]
warning: the following keywords are unknown and will be ignored: [examples]
    level: "warning"
    schema: {"loadingURI":"#","pointer":"/items/properties/cpf"}
    domain: "syntax"
    ignored: ["examples"]
warning: the following keywords are unknown and will be ignored: [examples]
    level: "warning"
    schema: {"loadingURI":"#","pointer":"/items/properties/email"}
    domain: "syntax"
    ignored: ["examples"]
warning: the following keywords are unknown and will be ignored: [examples]
    level: "warning"
    schema: {"loadingURI":"#","pointer":"/items/properties/id"}
    domain: "syntax"
    ignored: ["examples"]
warning: the following keywords are unknown and will be ignored: [examples]
    level: "warning"
    schema: {"loadingURI":"#","pointer":"/items/properties/nome"}
    domain: "syntax"
    ignored: ["examples"]
warning: the following keywords are unknown and will be ignored: [examples]
    level: "warning"
    schema: {"loadingURI":"#","pointer":"/items/properties/parcelas"}
    domain: "syntax"
    ignored: ["examples"]
warning: the following keywords are unknown and will be ignored: [examples]
    level: "warning"
    schema: {"loadingURI":"#","pointer":"/items/properties/seguro"}
    domain: "syntax"
    ignored: ["examples"]
warning: the following keywords are unknown and will be ignored: [examples]
    level: "warning"
    schema: {"loadingURI":"#","pointer":"/items/properties/valor"}
    domain: "syntax"
    ignored: ["examples"]
warning: the following keywords are unknown and will be ignored: [examples]
    level: "warning"
    schema: {"loadingURI":"#","pointer":"/items"}
    domain: "syntax"
    ignored: ["examples"]
warning: the following keywords are unknown and will be ignored: [examples]
    level: "warning"
    schema: {"loadingURI":"#","pointer":"/items/properties/cpf"}
    domain: "syntax"
    ignored: ["examples"]
warning: the following keywords are unknown and will be ignored: [examples]
    level: "warning"
    schema: {"loadingURI":"#","pointer":"/items/properties/email"}
    domain: "syntax"
    ignored: ["examples"]
warning: the following keywords are unknown and will be ignored: [examples]
    level: "warning"
    schema: {"loadingURI":"#","pointer":"/items/properties/id"}
    domain: "syntax"
    ignored: ["examples"]
warning: the following keywords are unknown and will be ignored: [examples]
    level: "warning"
    schema: {"loadingURI":"#","pointer":"/items/properties/nome"}
    domain: "syntax"
    ignored: ["examples"]
warning: the following keywords are unknown and will be ignored: [examples]
    level: "warning"
    schema: {"loadingURI":"#","pointer":"/items/properties/parcelas"}
    domain: "syntax"
    ignored: ["examples"]
warning: the following keywords are unknown and will be ignored: [examples]
    level: "warning"
    schema: {"loadingURI":"#","pointer":"/items/properties/seguro"}
    domain: "syntax"
    ignored: ["examples"]
warning: the following keywords are unknown and will be ignored: [examples]
    level: "warning"
    schema: {"loadingURI":"#","pointer":"/items/properties/valor"}
    domain: "syntax"
    ignored: ["examples"]
warning: the following keywords are unknown and will be ignored: [examples]
    level: "warning"
    schema: {"loadingURI":"#","pointer":"/items"}
    domain: "syntax"
    ignored: ["examples"]
warning: the following keywords are unknown and will be ignored: [examples]
    level: "warning"
    schema: {"loadingURI":"#","pointer":"/items/properties/cpf"}
    domain: "syntax"
    ignored: ["examples"]
warning: the following keywords are unknown and will be ignored: [examples]
    level: "warning"
    schema: {"loadingURI":"#","pointer":"/items/properties/email"}
    domain: "syntax"
    ignored: ["examples"]
warning: the following keywords are unknown and will be ignored: [examples]
    level: "warning"
    schema: {"loadingURI":"#","pointer":"/items/properties/id"}
    domain: "syntax"
    ignored: ["examples"]
warning: the following keywords are unknown and will be ignored: [examples]
    level: "warning"
    schema: {"loadingURI":"#","pointer":"/items/properties/nome"}
    domain: "syntax"
    ignored: ["examples"]
warning: the following keywords are unknown and will be ignored: [examples]
    level: "warning"
    schema: {"loadingURI":"#","pointer":"/items/properties/parcelas"}
    domain: "syntax"
    ignored: ["examples"]
warning: the following keywords are unknown and will be ignored: [examples]
    level: "warning"
    schema: {"loadingURI":"#","pointer":"/items/properties/seguro"}
    domain: "syntax"
    ignored: ["examples"]
warning: the following keywords are unknown and will be ignored: [examples]
    level: "warning"
    schema: {"loadingURI":"#","pointer":"/items/properties/valor"}
    domain: "syntax"
    ignored: ["examples"]
warning: the following keywords are unknown and will be ignored: [examples]
    level: "warning"
    schema: {"loadingURI":"#","pointer":"/items"}
    domain: "syntax"
    ignored: ["examples"]
warning: the following keywords are unknown and will be ignored: [examples]
    level: "warning"
    schema: {"loadingURI":"#","pointer":"/items/properties/cpf"}
    domain: "syntax"
    ignored: ["examples"]
warning: the following keywords are unknown and will be ignored: [examples]
    level: "warning"
    schema: {"loadingURI":"#","pointer":"/items/properties/email"}
    domain: "syntax"
    ignored: ["examples"]
warning: the following keywords are unknown and will be ignored: [examples]
    level: "warning"
    schema: {"loadingURI":"#","pointer":"/items/properties/id"}
    domain: "syntax"
    ignored: ["examples"]
warning: the following keywords are unknown and will be ignored: [examples]
    level: "warning"
    schema: {"loadingURI":"#","pointer":"/items/properties/nome"}
    domain: "syntax"
    ignored: ["examples"]
warning: the following keywords are unknown and will be ignored: [examples]
    level: "warning"
    schema: {"loadingURI":"#","pointer":"/items/properties/parcelas"}
    domain: "syntax"
    ignored: ["examples"]
warning: the following keywords are unknown and will be ignored: [examples]
    level: "warning"
    schema: {"loadingURI":"#","pointer":"/items/properties/seguro"}
    domain: "syntax"
    ignored: ["examples"]
warning: the following keywords are unknown and will be ignored: [examples]
    level: "warning"
    schema: {"loadingURI":"#","pointer":"/items/properties/valor"}
    domain: "syntax"
    ignored: ["examples"]
warning: the following keywords are unknown and will be ignored: [examples]
    level: "warning"
    schema: {"loadingURI":"#","pointer":"/items"}
    domain: "syntax"
    ignored: ["examples"]
warning: the following keywords are unknown and will be ignored: [examples]
    level: "warning"
    schema: {"loadingURI":"#","pointer":"/items/properties/cpf"}
    domain: "syntax"
    ignored: ["examples"]
warning: the following keywords are unknown and will be ignored: [examples]
    level: "warning"
    schema: {"loadingURI":"#","pointer":"/items/properties/email"}
    domain: "syntax"
    ignored: ["examples"]
warning: the following keywords are unknown and will be ignored: [examples]
    level: "warning"
    schema: {"loadingURI":"#","pointer":"/items/properties/id"}
    domain: "syntax"
    ignored: ["examples"]
warning: the following keywords are unknown and will be ignored: [examples]
    level: "warning"
    schema: {"loadingURI":"#","pointer":"/items/properties/nome"}
    domain: "syntax"
    ignored: ["examples"]
warning: the following keywords are unknown and will be ignored: [examples]
    level: "warning"
    schema: {"loadingURI":"#","pointer":"/items/properties/parcelas"}
    domain: "syntax"
    ignored: ["examples"]
warning: the following keywords are unknown and will be ignored: [examples]
    level: "warning"
    schema: {"loadingURI":"#","pointer":"/items/properties/seguro"}
    domain: "syntax"
    ignored: ["examples"]
warning: the following keywords are unknown and will be ignored: [examples]
    level: "warning"
    schema: {"loadingURI":"#","pointer":"/items/properties/valor"}
    domain: "syntax"
    ignored: ["examples"]
warning: the following keywords are unknown and will be ignored: [examples]
    level: "warning"
    schema: {"loadingURI":"#","pointer":"/items"}
    domain: "syntax"
    ignored: ["examples"]
warning: the following keywords are unknown and will be ignored: [examples]
    level: "warning"
    schema: {"loadingURI":"#","pointer":"/items/properties/cpf"}
    domain: "syntax"
    ignored: ["examples"]
warning: the following keywords are unknown and will be ignored: [examples]
    level: "warning"
    schema: {"loadingURI":"#","pointer":"/items/properties/email"}
    domain: "syntax"
    ignored: ["examples"]
warning: the following keywords are unknown and will be ignored: [examples]
    level: "warning"
    schema: {"loadingURI":"#","pointer":"/items/properties/id"}
    domain: "syntax"
    ignored: ["examples"]
warning: the following keywords are unknown and will be ignored: [examples]
    level: "warning"
    schema: {"loadingURI":"#","pointer":"/items/properties/nome"}
    domain: "syntax"
    ignored: ["examples"]
warning: the following keywords are unknown and will be ignored: [examples]
    level: "warning"
    schema: {"loadingURI":"#","pointer":"/items/properties/parcelas"}
    domain: "syntax"
    ignored: ["examples"]
warning: the following keywords are unknown and will be ignored: [examples]
    level: "warning"
    schema: {"loadingURI":"#","pointer":"/items/properties/seguro"}
    domain: "syntax"
    ignored: ["examples"]
warning: the following keywords are unknown and will be ignored: [examples]
    level: "warning"
    schema: {"loadingURI":"#","pointer":"/items/properties/valor"}
    domain: "syntax"
    ignored: ["examples"]
warning: the following keywords are unknown and will be ignored: [examples]
    level: "warning"
    schema: {"loadingURI":"#","pointer":"/items"}
    domain: "syntax"
    ignored: ["examples"]
warning: the following keywords are unknown and will be ignored: [examples]
    level: "warning"
    schema: {"loadingURI":"#","pointer":"/items/properties/cpf"}
    domain: "syntax"
    ignored: ["examples"]
warning: the following keywords are unknown and will be ignored: [examples]
    level: "warning"
    schema: {"loadingURI":"#","pointer":"/items/properties/email"}
    domain: "syntax"
    ignored: ["examples"]
warning: the following keywords are unknown and will be ignored: [examples]
    level: "warning"
    schema: {"loadingURI":"#","pointer":"/items/properties/id"}
    domain: "syntax"
    ignored: ["examples"]
warning: the following keywords are unknown and will be ignored: [examples]
    level: "warning"
    schema: {"loadingURI":"#","pointer":"/items/properties/nome"}
    domain: "syntax"
    ignored: ["examples"]
warning: the following keywords are unknown and will be ignored: [examples]
    level: "warning"
    schema: {"loadingURI":"#","pointer":"/items/properties/parcelas"}
    domain: "syntax"
    ignored: ["examples"]
warning: the following keywords are unknown and will be ignored: [examples]
    level: "warning"
    schema: {"loadingURI":"#","pointer":"/items/properties/seguro"}
    domain: "syntax"
    ignored: ["examples"]
warning: the following keywords are unknown and will be ignored: [examples]
    level: "warning"
    schema: {"loadingURI":"#","pointer":"/items/properties/valor"}
    domain: "syntax"
    ignored: ["examples"]
warning: the following keywords are unknown and will be ignored: [examples]
    level: "warning"
    schema: {"loadingURI":"#","pointer":"/items"}
    domain: "syntax"
    ignored: ["examples"]
warning: the following keywords are unknown and will be ignored: [examples]
    level: "warning"
    schema: {"loadingURI":"#","pointer":"/items/properties/cpf"}
    domain: "syntax"
    ignored: ["examples"]
warning: the following keywords are unknown and will be ignored: [examples]
    level: "warning"
    schema: {"loadingURI":"#","pointer":"/items/properties/email"}
    domain: "syntax"
    ignored: ["examples"]
warning: the following keywords are unknown and will be ignored: [examples]
    level: "warning"
    schema: {"loadingURI":"#","pointer":"/items/properties/id"}
    domain: "syntax"
    ignored: ["examples"]
warning: the following keywords are unknown and will be ignored: [examples]
    level: "warning"
    schema: {"loadingURI":"#","pointer":"/items/properties/nome"}
    domain: "syntax"
    ignored: ["examples"]
warning: the following keywords are unknown and will be ignored: [examples]
    level: "warning"
    schema: {"loadingURI":"#","pointer":"/items/properties/parcelas"}
    domain: "syntax"
    ignored: ["examples"]
warning: the following keywords are unknown and will be ignored: [examples]
    level: "warning"
    schema: {"loadingURI":"#","pointer":"/items/properties/seguro"}
    domain: "syntax"
    ignored: ["examples"]
warning: the following keywords are unknown and will be ignored: [examples]
    level: "warning"
    schema: {"loadingURI":"#","pointer":"/items/properties/valor"}
    domain: "syntax"
    ignored: ["examples"]
warning: the following keywords are unknown and will be ignored: [examples]
    level: "warning"
    schema: {"loadingURI":"#","pointer":"/items"}
    domain: "syntax"
    ignored: ["examples"]
warning: the following keywords are unknown and will be ignored: [examples]
    level: "warning"
    schema: {"loadingURI":"#","pointer":"/items/properties/cpf"}
    domain: "syntax"
    ignored: ["examples"]
warning: the following keywords are unknown and will be ignored: [examples]
    level: "warning"
    schema: {"loadingURI":"#","pointer":"/items/properties/email"}
    domain: "syntax"
    ignored: ["examples"]
warning: the following keywords are unknown and will be ignored: [examples]
    level: "warning"
    schema: {"loadingURI":"#","pointer":"/items/properties/id"}
    domain: "syntax"
    ignored: ["examples"]
warning: the following keywords are unknown and will be ignored: [examples]
    level: "warning"
    schema: {"loadingURI":"#","pointer":"/items/properties/nome"}
    domain: "syntax"
    ignored: ["examples"]
warning: the following keywords are unknown and will be ignored: [examples]
    level: "warning"
    schema: {"loadingURI":"#","pointer":"/items/properties/parcelas"}
    domain: "syntax"
    ignored: ["examples"]
warning: the following keywords are unknown and will be ignored: [examples]
    level: "warning"
    schema: {"loadingURI":"#","pointer":"/items/properties/seguro"}
    domain: "syntax"
    ignored: ["examples"]
warning: the following keywords are unknown and will be ignored: [examples]
    level: "warning"
    schema: {"loadingURI":"#","pointer":"/items/properties/valor"}
    domain: "syntax"
    ignored: ["examples"]
warning: the following keywords are unknown and will be ignored: [examples]
    level: "warning"
    schema: {"loadingURI":"#","pointer":"/items"}
    domain: "syntax"
    ignored: ["examples"]
warning: the following keywords are unknown and will be ignored: [examples]
    level: "warning"
    schema: {"loadingURI":"#","pointer":"/items/properties/cpf"}
    domain: "syntax"
    ignored: ["examples"]
warning: the following keywords are unknown and will be ignored: [examples]
    level: "warning"
    schema: {"loadingURI":"#","pointer":"/items/properties/email"}
    domain: "syntax"
    ignored: ["examples"]
warning: the following keywords are unknown and will be ignored: [examples]
    level: "warning"
    schema: {"loadingURI":"#","pointer":"/items/properties/id"}
    domain: "syntax"
    ignored: ["examples"]
warning: the following keywords are unknown and will be ignored: [examples]
    level: "warning"
    schema: {"loadingURI":"#","pointer":"/items/properties/nome"}
    domain: "syntax"
    ignored: ["examples"]
warning: the following keywords are unknown and will be ignored: [examples]
    level: "warning"
    schema: {"loadingURI":"#","pointer":"/items/properties/parcelas"}
    domain: "syntax"
    ignored: ["examples"]
warning: the following keywords are unknown and will be ignored: [examples]
    level: "warning"
    schema: {"loadingURI":"#","pointer":"/items/properties/seguro"}
    domain: "syntax"
    ignored: ["examples"]
warning: the following keywords are unknown and will be ignored: [examples]
    level: "warning"
    schema: {"loadingURI":"#","pointer":"/items/properties/valor"}
    domain: "syntax"
    ignored: ["examples"]
warning: the following keywords are unknown and will be ignored: [examples]
    level: "warning"
    schema: {"loadingURI":"#","pointer":"/items"}
    domain: "syntax"
    ignored: ["examples"]
warning: the following keywords are unknown and will be ignored: [examples]
    level: "warning"
    schema: {"loadingURI":"#","pointer":"/items/properties/cpf"}
    domain: "syntax"
    ignored: ["examples"]
warning: the following keywords are unknown and will be ignored: [examples]
    level: "warning"
    schema: {"loadingURI":"#","pointer":"/items/properties/email"}
    domain: "syntax"
    ignored: ["examples"]
warning: the following keywords are unknown and will be ignored: [examples]
    level: "warning"
    schema: {"loadingURI":"#","pointer":"/items/properties/id"}
    domain: "syntax"
    ignored: ["examples"]
warning: the following keywords are unknown and will be ignored: [examples]
    level: "warning"
    schema: {"loadingURI":"#","pointer":"/items/properties/nome"}
    domain: "syntax"
    ignored: ["examples"]
warning: the following keywords are unknown and will be ignored: [examples]
    level: "warning"
    schema: {"loadingURI":"#","pointer":"/items/properties/parcelas"}
    domain: "syntax"
    ignored: ["examples"]
warning: the following keywords are unknown and will be ignored: [examples]
    level: "warning"
    schema: {"loadingURI":"#","pointer":"/items/properties/seguro"}
    domain: "syntax"
    ignored: ["examples"]
warning: the following keywords are unknown and will be ignored: [examples]
    level: "warning"
    schema: {"loadingURI":"#","pointer":"/items/properties/valor"}
    domain: "syntax"
    ignored: ["examples"]
warning: the following keywords are unknown and will be ignored: [examples]
    level: "warning"
    schema: {"loadingURI":"#","pointer":"/items"}
    domain: "syntax"
    ignored: ["examples"]
warning: the following keywords are unknown and will be ignored: [examples]
    level: "warning"
    schema: {"loadingURI":"#","pointer":"/items/properties/cpf"}
    domain: "syntax"
    ignored: ["examples"]
warning: the following keywords are unknown and will be ignored: [examples]
    level: "warning"
    schema: {"loadingURI":"#","pointer":"/items/properties/email"}
    domain: "syntax"
    ignored: ["examples"]
warning: the following keywords are unknown and will be ignored: [examples]
    level: "warning"
    schema: {"loadingURI":"#","pointer":"/items/properties/id"}
    domain: "syntax"
    ignored: ["examples"]
warning: the following keywords are unknown and will be ignored: [examples]
    level: "warning"
    schema: {"loadingURI":"#","pointer":"/items/properties/nome"}
    domain: "syntax"
    ignored: ["examples"]
warning: the following keywords are unknown and will be ignored: [examples]
    level: "warning"
    schema: {"loadingURI":"#","pointer":"/items/properties/parcelas"}
    domain: "syntax"
    ignored: ["examples"]
warning: the following keywords are unknown and will be ignored: [examples]
    level: "warning"
    schema: {"loadingURI":"#","pointer":"/items/properties/seguro"}
    domain: "syntax"
    ignored: ["examples"]
warning: the following keywords are unknown and will be ignored: [examples]
    level: "warning"
    schema: {"loadingURI":"#","pointer":"/items/properties/valor"}
    domain: "syntax"
    ignored: ["examples"]
warning: the following keywords are unknown and will be ignored: [examples]
    level: "warning"
    schema: {"loadingURI":"#","pointer":"/items"}
    domain: "syntax"
    ignored: ["examples"]
warning: the following keywords are unknown and will be ignored: [examples]
    level: "warning"
    schema: {"loadingURI":"#","pointer":"/items/properties/cpf"}
    domain: "syntax"
    ignored: ["examples"]
warning: the following keywords are unknown and will be ignored: [examples]
    level: "warning"
    schema: {"loadingURI":"#","pointer":"/items/properties/email"}
    domain: "syntax"
    ignored: ["examples"]
warning: the following keywords are unknown and will be ignored: [examples]
    level: "warning"
    schema: {"loadingURI":"#","pointer":"/items/properties/id"}
    domain: "syntax"
    ignored: ["examples"]
warning: the following keywords are unknown and will be ignored: [examples]
    level: "warning"
    schema: {"loadingURI":"#","pointer":"/items/properties/nome"}
    domain: "syntax"
    ignored: ["examples"]
warning: the following keywords are unknown and will be ignored: [examples]
    level: "warning"
    schema: {"loadingURI":"#","pointer":"/items/properties/parcelas"}
    domain: "syntax"
    ignored: ["examples"]
warning: the following keywords are unknown and will be ignored: [examples]
    level: "warning"
    schema: {"loadingURI":"#","pointer":"/items/properties/seguro"}
    domain: "syntax"
    ignored: ["examples"]
warning: the following keywords are unknown and will be ignored: [examples]
    level: "warning"
    schema: {"loadingURI":"#","pointer":"/items/properties/valor"}
    domain: "syntax"
    ignored: ["examples"]
warning: the following keywords are unknown and will be ignored: [examples]
    level: "warning"
    schema: {"loadingURI":"#","pointer":"/items"}
    domain: "syntax"
    ignored: ["examples"]
warning: the following keywords are unknown and will be ignored: [examples]
    level: "warning"
    schema: {"loadingURI":"#","pointer":"/items/properties/cpf"}
    domain: "syntax"
    ignored: ["examples"]
warning: the following keywords are unknown and will be ignored: [examples]
    level: "warning"
    schema: {"loadingURI":"#","pointer":"/items/properties/email"}
    domain: "syntax"
    ignored: ["examples"]
warning: the following keywords are unknown and will be ignored: [examples]
    level: "warning"
    schema: {"loadingURI":"#","pointer":"/items/properties/id"}
    domain: "syntax"
    ignored: ["examples"]
warning: the following keywords are unknown and will be ignored: [examples]
    level: "warning"
    schema: {"loadingURI":"#","pointer":"/items/properties/nome"}
    domain: "syntax"
    ignored: ["examples"]
warning: the following keywords are unknown and will be ignored: [examples]
    level: "warning"
    schema: {"loadingURI":"#","pointer":"/items/properties/parcelas"}
    domain: "syntax"
    ignored: ["examples"]
warning: the following keywords are unknown and will be ignored: [examples]
    level: "warning"
    schema: {"loadingURI":"#","pointer":"/items/properties/seguro"}
    domain: "syntax"
    ignored: ["examples"]
warning: the following keywords are unknown and will be ignored: [examples]
    level: "warning"
    schema: {"loadingURI":"#","pointer":"/items/properties/valor"}
    domain: "syntax"
    ignored: ["examples"]
warning: the following keywords are unknown and will be ignored: [examples]
    level: "warning"
    schema: {"loadingURI":"#","pointer":"/items"}
    domain: "syntax"
    ignored: ["examples"]
warning: the following keywords are unknown and will be ignored: [examples]
    level: "warning"
    schema: {"loadingURI":"#","pointer":"/items/properties/cpf"}
    domain: "syntax"
    ignored: ["examples"]
warning: the following keywords are unknown and will be ignored: [examples]
    level: "warning"
    schema: {"loadingURI":"#","pointer":"/items/properties/email"}
    domain: "syntax"
    ignored: ["examples"]
warning: the following keywords are unknown and will be ignored: [examples]
    level: "warning"
    schema: {"loadingURI":"#","pointer":"/items/properties/id"}
    domain: "syntax"
    ignored: ["examples"]
warning: the following keywords are unknown and will be ignored: [examples]
    level: "warning"
    schema: {"loadingURI":"#","pointer":"/items/properties/nome"}
    domain: "syntax"
    ignored: ["examples"]
warning: the following keywords are unknown and will be ignored: [examples]
    level: "warning"
    schema: {"loadingURI":"#","pointer":"/items/properties/parcelas"}
    domain: "syntax"
    ignored: ["examples"]
warning: the following keywords are unknown and will be ignored: [examples]
    level: "warning"
    schema: {"loadingURI":"#","pointer":"/items/properties/seguro"}
    domain: "syntax"
    ignored: ["examples"]
warning: the following keywords are unknown and will be ignored: [examples]
    level: "warning"
    schema: {"loadingURI":"#","pointer":"/items/properties/valor"}
    domain: "syntax"
    ignored: ["examples"]
warning: the following keywords are unknown and will be ignored: [examples]
    level: "warning"
    schema: {"loadingURI":"#","pointer":"/items"}
    domain: "syntax"
    ignored: ["examples"]
warning: the following keywords are unknown and will be ignored: [examples]
    level: "warning"
    schema: {"loadingURI":"#","pointer":"/items/properties/cpf"}
    domain: "syntax"
    ignored: ["examples"]
warning: the following keywords are unknown and will be ignored: [examples]
    level: "warning"
    schema: {"loadingURI":"#","pointer":"/items/properties/email"}
    domain: "syntax"
    ignored: ["examples"]
warning: the following keywords are unknown and will be ignored: [examples]
    level: "warning"
    schema: {"loadingURI":"#","pointer":"/items/properties/id"}
    domain: "syntax"
    ignored: ["examples"]
warning: the following keywords are unknown and will be ignored: [examples]
    level: "warning"
    schema: {"loadingURI":"#","pointer":"/items/properties/nome"}
    domain: "syntax"
    ignored: ["examples"]
warning: the following keywords are unknown and will be ignored: [examples]
    level: "warning"
    schema: {"loadingURI":"#","pointer":"/items/properties/parcelas"}
    domain: "syntax"
    ignored: ["examples"]
warning: the following keywords are unknown and will be ignored: [examples]
    level: "warning"
    schema: {"loadingURI":"#","pointer":"/items/properties/seguro"}
    domain: "syntax"
    ignored: ["examples"]
warning: the following keywords are unknown and will be ignored: [examples]
    level: "warning"
    schema: {"loadingURI":"#","pointer":"/items/properties/valor"}
    domain: "syntax"
    ignored: ["examples"]
warning: the following keywords are unknown and will be ignored: [examples]
    level: "warning"
    schema: {"loadingURI":"#","pointer":"/items"}
    domain: "syntax"
    ignored: ["examples"]
warning: the following keywords are unknown and will be ignored: [examples]
    level: "warning"
    schema: {"loadingURI":"#","pointer":"/items/properties/cpf"}
    domain: "syntax"
    ignored: ["examples"]
warning: the following keywords are unknown and will be ignored: [examples]
    level: "warning"
    schema: {"loadingURI":"#","pointer":"/items/properties/email"}
    domain: "syntax"
    ignored: ["examples"]
warning: the following keywords are unknown and will be ignored: [examples]
    level: "warning"
    schema: {"loadingURI":"#","pointer":"/items/properties/id"}
    domain: "syntax"
    ignored: ["examples"]
warning: the following keywords are unknown and will be ignored: [examples]
    level: "warning"
    schema: {"loadingURI":"#","pointer":"/items/properties/nome"}
    domain: "syntax"
    ignored: ["examples"]
warning: the following keywords are unknown and will be ignored: [examples]
    level: "warning"
    schema: {"loadingURI":"#","pointer":"/items/properties/parcelas"}
    domain: "syntax"
    ignored: ["examples"]
warning: the following keywords are unknown and will be ignored: [examples]
    level: "warning"
    schema: {"loadingURI":"#","pointer":"/items/properties/seguro"}
    domain: "syntax"
    ignored: ["examples"]
warning: the following keywords are unknown and will be ignored: [examples]
    level: "warning"
    schema: {"loadingURI":"#","pointer":"/items/properties/valor"}
    domain: "syntax"
    ignored: ["examples"]
warning: the following keywords are unknown and will be ignored: [examples]
    level: "warning"
    schema: {"loadingURI":"#","pointer":"/items"}
    domain: "syntax"
    ignored: ["examples"]
warning: the following keywords are unknown and will be ignored: [examples]
    level: "warning"
    schema: {"loadingURI":"#","pointer":"/items/properties/cpf"}
    domain: "syntax"
    ignored: ["examples"]
warning: the following keywords are unknown and will be ignored: [examples]
    level: "warning"
    schema: {"loadingURI":"#","pointer":"/items/properties/email"}
    domain: "syntax"
    ignored: ["examples"]
warning: the following keywords are unknown and will be ignored: [examples]
    level: "warning"
    schema: {"loadingURI":"#","pointer":"/items/properties/id"}
    domain: "syntax"
    ignored: ["examples"]
warning: the following keywords are unknown and will be ignored: [examples]
    level: "warning"
    schema: {"loadingURI":"#","pointer":"/items/properties/nome"}
    domain: "syntax"
    ignored: ["examples"]
warning: the following keywords are unknown and will be ignored: [examples]
    level: "warning"
    schema: {"loadingURI":"#","pointer":"/items/properties/parcelas"}
    domain: "syntax"
    ignored: ["examples"]
warning: the following keywords are unknown and will be ignored: [examples]
    level: "warning"
    schema: {"loadingURI":"#","pointer":"/items/properties/seguro"}
    domain: "syntax"
    ignored: ["examples"]
warning: the following keywords are unknown and will be ignored: [examples]
    level: "warning"
    schema: {"loadingURI":"#","pointer":"/items/properties/valor"}
    domain: "syntax"
    ignored: ["examples"]
warning: the following keywords are unknown and will be ignored: [examples]
    level: "warning"
    schema: {"loadingURI":"#","pointer":"/items"}
    domain: "syntax"
    ignored: ["examples"]
warning: the following keywords are unknown and will be ignored: [examples]
    level: "warning"
    schema: {"loadingURI":"#","pointer":"/items/properties/cpf"}
    domain: "syntax"
    ignored: ["examples"]
warning: the following keywords are unknown and will be ignored: [examples]
    level: "warning"
    schema: {"loadingURI":"#","pointer":"/items/properties/email"}
    domain: "syntax"
    ignored: ["examples"]
warning: the following keywords are unknown and will be ignored: [examples]
    level: "warning"
    schema: {"loadingURI":"#","pointer":"/items/properties/id"}
    domain: "syntax"
    ignored: ["examples"]
warning: the following keywords are unknown and will be ignored: [examples]
    level: "warning"
    schema: {"loadingURI":"#","pointer":"/items/properties/nome"}
    domain: "syntax"
    ignored: ["examples"]
warning: the following keywords are unknown and will be ignored: [examples]
    level: "warning"
    schema: {"loadingURI":"#","pointer":"/items/properties/parcelas"}
    domain: "syntax"
    ignored: ["examples"]
warning: the following keywords are unknown and will be ignored: [examples]
    level: "warning"
    schema: {"loadingURI":"#","pointer":"/items/properties/seguro"}
    domain: "syntax"
    ignored: ["examples"]
warning: the following keywords are unknown and will be ignored: [examples]
    level: "warning"
    schema: {"loadingURI":"#","pointer":"/items/properties/valor"}
    domain: "syntax"
    ignored: ["examples"]
warning: the following keywords are unknown and will be ignored: [examples]
    level: "warning"
    schema: {"loadingURI":"#","pointer":"/items"}
    domain: "syntax"
    ignored: ["examples"]
warning: the following keywords are unknown and will be ignored: [examples]
    level: "warning"
    schema: {"loadingURI":"#","pointer":"/items/properties/cpf"}
    domain: "syntax"
    ignored: ["examples"]
warning: the following keywords are unknown and will be ignored: [examples]
    level: "warning"
    schema: {"loadingURI":"#","pointer":"/items/properties/email"}
    domain: "syntax"
    ignored: ["examples"]
warning: the following keywords are unknown and will be ignored: [examples]
    level: "warning"
    schema: {"loadingURI":"#","pointer":"/items/properties/id"}
    domain: "syntax"
    ignored: ["examples"]
warning: the following keywords are unknown and will be ignored: [examples]
    level: "warning"
    schema: {"loadingURI":"#","pointer":"/items/properties/nome"}
    domain: "syntax"
    ignored: ["examples"]
warning: the following keywords are unknown and will be ignored: [examples]
    level: "warning"
    schema: {"loadingURI":"#","pointer":"/items/properties/parcelas"}
    domain: "syntax"
    ignored: ["examples"]
warning: the following keywords are unknown and will be ignored: [examples]
    level: "warning"
    schema: {"loadingURI":"#","pointer":"/items/properties/seguro"}
    domain: "syntax"
    ignored: ["examples"]
warning: the following keywords are unknown and will be ignored: [examples]
    level: "warning"
    schema: {"loadingURI":"#","pointer":"/items/properties/valor"}
    domain: "syntax"
    ignored: ["examples"]
warning: the following keywords are unknown and will be ignored: [examples]
    level: "warning"
    schema: {"loadingURI":"#","pointer":"/items"}
    domain: "syntax"
    ignored: ["examples"]
warning: the following keywords are unknown and will be ignored: [examples]
    level: "warning"
    schema: {"loadingURI":"#","pointer":"/items/properties/cpf"}
    domain: "syntax"
    ignored: ["examples"]
warning: the following keywords are unknown and will be ignored: [examples]
    level: "warning"
    schema: {"loadingURI":"#","pointer":"/items/properties/email"}
    domain: "syntax"
    ignored: ["examples"]
warning: the following keywords are unknown and will be ignored: [examples]
    level: "warning"
    schema: {"loadingURI":"#","pointer":"/items/properties/id"}
    domain: "syntax"
    ignored: ["examples"]
warning: the following keywords are unknown and will be ignored: [examples]
    level: "warning"
    schema: {"loadingURI":"#","pointer":"/items/properties/nome"}
    domain: "syntax"
    ignored: ["examples"]
warning: the following keywords are unknown and will be ignored: [examples]
    level: "warning"
    schema: {"loadingURI":"#","pointer":"/items/properties/parcelas"}
    domain: "syntax"
    ignored: ["examples"]
warning: the following keywords are unknown and will be ignored: [examples]
    level: "warning"
    schema: {"loadingURI":"#","pointer":"/items/properties/seguro"}
    domain: "syntax"
    ignored: ["examples"]
warning: the following keywords are unknown and will be ignored: [examples]
    level: "warning"
    schema: {"loadingURI":"#","pointer":"/items/properties/valor"}
    domain: "syntax"
    ignored: ["examples"]
warning: the following keywords are unknown and will be ignored: [examples]
    level: "warning"
    schema: {"loadingURI":"#","pointer":"/items"}
    domain: "syntax"
    ignored: ["examples"]
warning: the following keywords are unknown and will be ignored: [examples]
    level: "warning"
    schema: {"loadingURI":"#","pointer":"/items/properties/cpf"}
    domain: "syntax"
    ignored: ["examples"]
warning: the following keywords are unknown and will be ignored: [examples]
    level: "warning"
    schema: {"loadingURI":"#","pointer":"/items/properties/email"}
    domain: "syntax"
    ignored: ["examples"]
warning: the following keywords are unknown and will be ignored: [examples]
    level: "warning"
    schema: {"loadingURI":"#","pointer":"/items/properties/id"}
    domain: "syntax"
    ignored: ["examples"]
warning: the following keywords are unknown and will be ignored: [examples]
    level: "warning"
    schema: {"loadingURI":"#","pointer":"/items/properties/nome"}
    domain: "syntax"
    ignored: ["examples"]
warning: the following keywords are unknown and will be ignored: [examples]
    level: "warning"
    schema: {"loadingURI":"#","pointer":"/items/properties/parcelas"}
    domain: "syntax"
    ignored: ["examples"]
warning: the following keywords are unknown and will be ignored: [examples]
    level: "warning"
    schema: {"loadingURI":"#","pointer":"/items/properties/seguro"}
    domain: "syntax"
    ignored: ["examples"]
warning: the following keywords are unknown and will be ignored: [examples]
    level: "warning"
    schema: {"loadingURI":"#","pointer":"/items/properties/valor"}
    domain: "syntax"
    ignored: ["examples"]
warning: the following keywords are unknown and will be ignored: [examples]
    level: "warning"
    schema: {"loadingURI":"#","pointer":"/items"}
    domain: "syntax"
    ignored: ["examples"]
warning: the following keywords are unknown and will be ignored: [examples]
    level: "warning"
    schema: {"loadingURI":"#","pointer":"/items/properties/cpf"}
    domain: "syntax"
    ignored: ["examples"]
warning: the following keywords are unknown and will be ignored: [examples]
    level: "warning"
    schema: {"loadingURI":"#","pointer":"/items/properties/email"}
    domain: "syntax"
    ignored: ["examples"]
warning: the following keywords are unknown and will be ignored: [examples]
    level: "warning"
    schema: {"loadingURI":"#","pointer":"/items/properties/id"}
    domain: "syntax"
    ignored: ["examples"]
warning: the following keywords are unknown and will be ignored: [examples]
    level: "warning"
    schema: {"loadingURI":"#","pointer":"/items/properties/nome"}
    domain: "syntax"
    ignored: ["examples"]
warning: the following keywords are unknown and will be ignored: [examples]
    level: "warning"
    schema: {"loadingURI":"#","pointer":"/items/properties/parcelas"}
    domain: "syntax"
    ignored: ["examples"]
warning: the following keywords are unknown and will be ignored: [examples]
    level: "warning"
    schema: {"loadingURI":"#","pointer":"/items/properties/seguro"}
    domain: "syntax"
    ignored: ["examples"]
warning: the following keywords are unknown and will be ignored: [examples]
    level: "warning"
    schema: {"loadingURI":"#","pointer":"/items/properties/valor"}
    domain: "syntax"
    ignored: ["examples"]
warning: the following keywords are unknown and will be ignored: [examples]
    level: "warning"
    schema: {"loadingURI":"#","pointer":"/items"}
    domain: "syntax"
    ignored: ["examples"]
warning: the following keywords are unknown and will be ignored: [examples]
    level: "warning"
    schema: {"loadingURI":"#","pointer":"/items/properties/cpf"}
    domain: "syntax"
    ignored: ["examples"]
warning: the following keywords are unknown and will be ignored: [examples]
    level: "warning"
    schema: {"loadingURI":"#","pointer":"/items/properties/email"}
    domain: "syntax"
    ignored: ["examples"]
warning: the following keywords are unknown and will be ignored: [examples]
    level: "warning"
    schema: {"loadingURI":"#","pointer":"/items/properties/id"}
    domain: "syntax"
    ignored: ["examples"]
warning: the following keywords are unknown and will be ignored: [examples]
    level: "warning"
    schema: {"loadingURI":"#","pointer":"/items/properties/nome"}
    domain: "syntax"
    ignored: ["examples"]
warning: the following keywords are unknown and will be ignored: [examples]
    level: "warning"
    schema: {"loadingURI":"#","pointer":"/items/properties/parcelas"}
    domain: "syntax"
    ignored: ["examples"]
warning: the following keywords are unknown and will be ignored: [examples]
    level: "warning"
    schema: {"loadingURI":"#","pointer":"/items/properties/seguro"}
    domain: "syntax"
    ignored: ["examples"]
warning: the following keywords are unknown and will be ignored: [examples]
    level: "warning"
    schema: {"loadingURI":"#","pointer":"/items/properties/valor"}
    domain: "syntax"
    ignored: ["examples"]
warning: the following keywords are unknown and will be ignored: [examples]
    level: "warning"
    schema: {"loadingURI":"#","pointer":"/items"}
    domain: "syntax"
    ignored: ["examples"]
warning: the following keywords are unknown and will be ignored: [examples]
    level: "warning"
    schema: {"loadingURI":"#","pointer":"/items/properties/cpf"}
    domain: "syntax"
    ignored: ["examples"]
warning: the following keywords are unknown and will be ignored: [examples]
    level: "warning"
    schema: {"loadingURI":"#","pointer":"/items/properties/email"}
    domain: "syntax"
    ignored: ["examples"]
warning: the following keywords are unknown and will be ignored: [examples]
    level: "warning"
    schema: {"loadingURI":"#","pointer":"/items/properties/id"}
    domain: "syntax"
    ignored: ["examples"]
warning: the following keywords are unknown and will be ignored: [examples]
    level: "warning"
    schema: {"loadingURI":"#","pointer":"/items/properties/nome"}
    domain: "syntax"
    ignored: ["examples"]
warning: the following keywords are unknown and will be ignored: [examples]
    level: "warning"
    schema: {"loadingURI":"#","pointer":"/items/properties/parcelas"}
    domain: "syntax"
    ignored: ["examples"]
warning: the following keywords are unknown and will be ignored: [examples]
    level: "warning"
    schema: {"loadingURI":"#","pointer":"/items/properties/seguro"}
    domain: "syntax"
    ignored: ["examples"]
warning: the following keywords are unknown and will be ignored: [examples]
    level: "warning"
    schema: {"loadingURI":"#","pointer":"/items/properties/valor"}
    domain: "syntax"
    ignored: ["examples"]
warning: the following keywords are unknown and will be ignored: [examples]
    level: "warning"
    schema: {"loadingURI":"#","pointer":"/items"}
    domain: "syntax"
    ignored: ["examples"]
warning: the following keywords are unknown and will be ignored: [examples]
    level: "warning"
    schema: {"loadingURI":"#","pointer":"/items/properties/cpf"}
    domain: "syntax"
    ignored: ["examples"]
warning: the following keywords are unknown and will be ignored: [examples]
    level: "warning"
    schema: {"loadingURI":"#","pointer":"/items/properties/email"}
    domain: "syntax"
    ignored: ["examples"]
warning: the following keywords are unknown and will be ignored: [examples]
    level: "warning"
    schema: {"loadingURI":"#","pointer":"/items/properties/id"}
    domain: "syntax"
    ignored: ["examples"]
warning: the following keywords are unknown and will be ignored: [examples]
    level: "warning"
    schema: {"loadingURI":"#","pointer":"/items/properties/nome"}
    domain: "syntax"
    ignored: ["examples"]
warning: the following keywords are unknown and will be ignored: [examples]
    level: "warning"
    schema: {"loadingURI":"#","pointer":"/items/properties/parcelas"}
    domain: "syntax"
    ignored: ["examples"]
warning: the following keywords are unknown and will be ignored: [examples]
    level: "warning"
    schema: {"loadingURI":"#","pointer":"/items/properties/seguro"}
    domain: "syntax"
    ignored: ["examples"]
warning: the following keywords are unknown and will be ignored: [examples]
    level: "warning"
    schema: {"loadingURI":"#","pointer":"/items/properties/valor"}
    domain: "syntax"
    ignored: ["examples"]
warning: the following keywords are unknown and will be ignored: [examples]
    level: "warning"
    schema: {"loadingURI":"#","pointer":"/items"}
    domain: "syntax"
    ignored: ["examples"]
warning: the following keywords are unknown and will be ignored: [examples]
    level: "warning"
    schema: {"loadingURI":"#","pointer":"/items/properties/cpf"}
    domain: "syntax"
    ignored: ["examples"]
warning: the following keywords are unknown and will be ignored: [examples]
    level: "warning"
    schema: {"loadingURI":"#","pointer":"/items/properties/email"}
    domain: "syntax"
    ignored: ["examples"]
warning: the following keywords are unknown and will be ignored: [examples]
    level: "warning"
    schema: {"loadingURI":"#","pointer":"/items/properties/id"}
    domain: "syntax"
    ignored: ["examples"]
warning: the following keywords are unknown and will be ignored: [examples]
    level: "warning"
    schema: {"loadingURI":"#","pointer":"/items/properties/nome"}
    domain: "syntax"
    ignored: ["examples"]
warning: the following keywords are unknown and will be ignored: [examples]
    level: "warning"
    schema: {"loadingURI":"#","pointer":"/items/properties/parcelas"}
    domain: "syntax"
    ignored: ["examples"]
warning: the following keywords are unknown and will be ignored: [examples]
    level: "warning"
    schema: {"loadingURI":"#","pointer":"/items/properties/seguro"}
    domain: "syntax"
    ignored: ["examples"]
warning: the following keywords are unknown and will be ignored: [examples]
    level: "warning"
    schema: {"loadingURI":"#","pointer":"/items/properties/valor"}
    domain: "syntax"
    ignored: ["examples"]
warning: the following keywords are unknown and will be ignored: [examples]
    level: "warning"
    schema: {"loadingURI":"#","pointer":"/items"}
    domain: "syntax"
    ignored: ["examples"]
warning: the following keywords are unknown and will be ignored: [examples]
    level: "warning"
    schema: {"loadingURI":"#","pointer":"/items/properties/cpf"}
    domain: "syntax"
    ignored: ["examples"]
warning: the following keywords are unknown and will be ignored: [examples]
    level: "warning"
    schema: {"loadingURI":"#","pointer":"/items/properties/email"}
    domain: "syntax"
    ignored: ["examples"]
warning: the following keywords are unknown and will be ignored: [examples]
    level: "warning"
    schema: {"loadingURI":"#","pointer":"/items/properties/id"}
    domain: "syntax"
    ignored: ["examples"]
warning: the following keywords are unknown and will be ignored: [examples]
    level: "warning"
    schema: {"loadingURI":"#","pointer":"/items/properties/nome"}
    domain: "syntax"
    ignored: ["examples"]
warning: the following keywords are unknown and will be ignored: [examples]
    level: "warning"
    schema: {"loadingURI":"#","pointer":"/items/properties/parcelas"}
    domain: "syntax"
    ignored: ["examples"]
warning: the following keywords are unknown and will be ignored: [examples]
    level: "warning"
    schema: {"loadingURI":"#","pointer":"/items/properties/seguro"}
    domain: "syntax"
    ignored: ["examples"]
warning: the following keywords are unknown and will be ignored: [examples]
    level: "warning"
    schema: {"loadingURI":"#","pointer":"/items/properties/valor"}
    domain: "syntax"
    ignored: ["examples"]
warning: the following keywords are unknown and will be ignored: [examples]
    level: "warning"
    schema: {"loadingURI":"#","pointer":"/items"}
    domain: "syntax"
    ignored: ["examples"]
warning: the following keywords are unknown and will be ignored: [examples]
    level: "warning"
    schema: {"loadingURI":"#","pointer":"/items/properties/cpf"}
    domain: "syntax"
    ignored: ["examples"]
warning: the following keywords are unknown and will be ignored: [examples]
    level: "warning"
    schema: {"loadingURI":"#","pointer":"/items/properties/email"}
    domain: "syntax"
    ignored: ["examples"]
warning: the following keywords are unknown and will be ignored: [examples]
    level: "warning"
    schema: {"loadingURI":"#","pointer":"/items/properties/id"}
    domain: "syntax"
    ignored: ["examples"]
warning: the following keywords are unknown and will be ignored: [examples]
    level: "warning"
    schema: {"loadingURI":"#","pointer":"/items/properties/nome"}
    domain: "syntax"
    ignored: ["examples"]
warning: the following keywords are unknown and will be ignored: [examples]
    level: "warning"
    schema: {"loadingURI":"#","pointer":"/items/properties/parcelas"}
    domain: "syntax"
    ignored: ["examples"]
warning: the following keywords are unknown and will be ignored: [examples]
    level: "warning"
    schema: {"loadingURI":"#","pointer":"/items/properties/seguro"}
    domain: "syntax"
    ignored: ["examples"]
warning: the following keywords are unknown and will be ignored: [examples]
    level: "warning"
    schema: {"loadingURI":"#","pointer":"/items/properties/valor"}
    domain: "syntax"
    ignored: ["examples"]
warning: the following keywords are unknown and will be ignored: [examples]
    level: "warning"
    schema: {"loadingURI":"#","pointer":"/items"}
    domain: "syntax"
    ignored: ["examples"]
warning: the following keywords are unknown and will be ignored: [examples]
    level: "warning"
    schema: {"loadingURI":"#","pointer":"/items/properties/cpf"}
    domain: "syntax"
    ignored: ["examples"]
warning: the following keywords are unknown and will be ignored: [examples]
    level: "warning"
    schema: {"loadingURI":"#","pointer":"/items/properties/email"}
    domain: "syntax"
    ignored: ["examples"]
warning: the following keywords are unknown and will be ignored: [examples]
    level: "warning"
    schema: {"loadingURI":"#","pointer":"/items/properties/id"}
    domain: "syntax"
    ignored: ["examples"]
warning: the following keywords are unknown and will be ignored: [examples]
    level: "warning"
    schema: {"loadingURI":"#","pointer":"/items/properties/nome"}
    domain: "syntax"
    ignored: ["examples"]
warning: the following keywords are unknown and will be ignored: [examples]
    level: "warning"
    schema: {"loadingURI":"#","pointer":"/items/properties/parcelas"}
    domain: "syntax"
    ignored: ["examples"]
warning: the following keywords are unknown and will be ignored: [examples]
    level: "warning"
    schema: {"loadingURI":"#","pointer":"/items/properties/seguro"}
    domain: "syntax"
    ignored: ["examples"]
warning: the following keywords are unknown and will be ignored: [examples]
    level: "warning"
    schema: {"loadingURI":"#","pointer":"/items/properties/valor"}
    domain: "syntax"
    ignored: ["examples"]
warning: the following keywords are unknown and will be ignored: [examples]
    level: "warning"
    schema: {"loadingURI":"#","pointer":"/items"}
    domain: "syntax"
    ignored: ["examples"]
warning: the following keywords are unknown and will be ignored: [examples]
    level: "warning"
    schema: {"loadingURI":"#","pointer":"/items/properties/cpf"}
    domain: "syntax"
    ignored: ["examples"]
warning: the following keywords are unknown and will be ignored: [examples]
    level: "warning"
    schema: {"loadingURI":"#","pointer":"/items/properties/email"}
    domain: "syntax"
    ignored: ["examples"]
warning: the following keywords are unknown and will be ignored: [examples]
    level: "warning"
    schema: {"loadingURI":"#","pointer":"/items/properties/id"}
    domain: "syntax"
    ignored: ["examples"]
warning: the following keywords are unknown and will be ignored: [examples]
    level: "warning"
    schema: {"loadingURI":"#","pointer":"/items/properties/nome"}
    domain: "syntax"
    ignored: ["examples"]
warning: the following keywords are unknown and will be ignored: [examples]
    level: "warning"
    schema: {"loadingURI":"#","pointer":"/items/properties/parcelas"}
    domain: "syntax"
    ignored: ["examples"]
warning: the following keywords are unknown and will be ignored: [examples]
    level: "warning"
    schema: {"loadingURI":"#","pointer":"/items/properties/seguro"}
    domain: "syntax"
    ignored: ["examples"]
warning: the following keywords are unknown and will be ignored: [examples]
    level: "warning"
    schema: {"loadingURI":"#","pointer":"/items/properties/valor"}
    domain: "syntax"
    ignored: ["examples"]
warning: the following keywords are unknown and will be ignored: [examples]
    level: "warning"
    schema: {"loadingURI":"#","pointer":"/items"}
    domain: "syntax"
    ignored: ["examples"]
warning: the following keywords are unknown and will be ignored: [examples]
    level: "warning"
    schema: {"loadingURI":"#","pointer":"/items/properties/cpf"}
    domain: "syntax"
    ignored: ["examples"]
warning: the following keywords are unknown and will be ignored: [examples]
    level: "warning"
    schema: {"loadingURI":"#","pointer":"/items/properties/email"}
    domain: "syntax"
    ignored: ["examples"]
warning: the following keywords are unknown and will be ignored: [examples]
    level: "warning"
    schema: {"loadingURI":"#","pointer":"/items/properties/id"}
    domain: "syntax"
    ignored: ["examples"]
warning: the following keywords are unknown and will be ignored: [examples]
    level: "warning"
    schema: {"loadingURI":"#","pointer":"/items/properties/nome"}
    domain: "syntax"
    ignored: ["examples"]
warning: the following keywords are unknown and will be ignored: [examples]
    level: "warning"
    schema: {"loadingURI":"#","pointer":"/items/properties/parcelas"}
    domain: "syntax"
    ignored: ["examples"]
warning: the following keywords are unknown and will be ignored: [examples]
    level: "warning"
    schema: {"loadingURI":"#","pointer":"/items/properties/seguro"}
    domain: "syntax"
    ignored: ["examples"]
warning: the following keywords are unknown and will be ignored: [examples]
    level: "warning"
    schema: {"loadingURI":"#","pointer":"/items/properties/valor"}
    domain: "syntax"
    ignored: ["examples"]
warning: the following keywords are unknown and will be ignored: [examples]
    level: "warning"
    schema: {"loadingURI":"#","pointer":"/items"}
    domain: "syntax"
    ignored: ["examples"]
warning: the following keywords are unknown and will be ignored: [examples]
    level: "warning"
    schema: {"loadingURI":"#","pointer":"/items/properties/cpf"}
    domain: "syntax"
    ignored: ["examples"]
warning: the following keywords are unknown and will be ignored: [examples]
    level: "warning"
    schema: {"loadingURI":"#","pointer":"/items/properties/email"}
    domain: "syntax"
    ignored: ["examples"]
warning: the following keywords are unknown and will be ignored: [examples]
    level: "warning"
    schema: {"loadingURI":"#","pointer":"/items/properties/id"}
    domain: "syntax"
    ignored: ["examples"]
warning: the following keywords are unknown and will be ignored: [examples]
    level: "warning"
    schema: {"loadingURI":"#","pointer":"/items/properties/nome"}
    domain: "syntax"
    ignored: ["examples"]
warning: the following keywords are unknown and will be ignored: [examples]
    level: "warning"
    schema: {"loadingURI":"#","pointer":"/items/properties/parcelas"}
    domain: "syntax"
    ignored: ["examples"]
warning: the following keywords are unknown and will be ignored: [examples]
    level: "warning"
    schema: {"loadingURI":"#","pointer":"/items/properties/seguro"}
    domain: "syntax"
    ignored: ["examples"]
warning: the following keywords are unknown and will be ignored: [examples]
    level: "warning"
    schema: {"loadingURI":"#","pointer":"/items/properties/valor"}
    domain: "syntax"
    ignored: ["examples"]
warning: the following keywords are unknown and will be ignored: [examples]
    level: "warning"
    schema: {"loadingURI":"#","pointer":"/items"}
    domain: "syntax"
    ignored: ["examples"]
warning: the following keywords are unknown and will be ignored: [examples]
    level: "warning"
    schema: {"loadingURI":"#","pointer":"/items/properties/cpf"}
    domain: "syntax"
    ignored: ["examples"]
warning: the following keywords are unknown and will be ignored: [examples]
    level: "warning"
    schema: {"loadingURI":"#","pointer":"/items/properties/email"}
    domain: "syntax"
    ignored: ["examples"]
warning: the following keywords are unknown and will be ignored: [examples]
    level: "warning"
    schema: {"loadingURI":"#","pointer":"/items/properties/id"}
    domain: "syntax"
    ignored: ["examples"]
warning: the following keywords are unknown and will be ignored: [examples]
    level: "warning"
    schema: {"loadingURI":"#","pointer":"/items/properties/nome"}
    domain: "syntax"
    ignored: ["examples"]
warning: the following keywords are unknown and will be ignored: [examples]
    level: "warning"
    schema: {"loadingURI":"#","pointer":"/items/properties/parcelas"}
    domain: "syntax"
    ignored: ["examples"]
warning: the following keywords are unknown and will be ignored: [examples]
    level: "warning"
    schema: {"loadingURI":"#","pointer":"/items/properties/seguro"}
    domain: "syntax"
    ignored: ["examples"]
warning: the following keywords are unknown and will be ignored: [examples]
    level: "warning"
    schema: {"loadingURI":"#","pointer":"/items/properties/valor"}
    domain: "syntax"
    ignored: ["examples"]
warning: the following keywords are unknown and will be ignored: [examples]
    level: "warning"
    schema: {"loadingURI":"#","pointer":"/items"}
    domain: "syntax"
    ignored: ["examples"]
warning: the following keywords are unknown and will be ignored: [examples]
    level: "warning"
    schema: {"loadingURI":"#","pointer":"/items/properties/cpf"}
    domain: "syntax"
    ignored: ["examples"]
warning: the following keywords are unknown and will be ignored: [examples]
    level: "warning"
    schema: {"loadingURI":"#","pointer":"/items/properties/email"}
    domain: "syntax"
    ignored: ["examples"]
warning: the following keywords are unknown and will be ignored: [examples]
    level: "warning"
    schema: {"loadingURI":"#","pointer":"/items/properties/id"}
    domain: "syntax"
    ignored: ["examples"]
warning: the following keywords are unknown and will be ignored: [examples]
    level: "warning"
    schema: {"loadingURI":"#","pointer":"/items/properties/nome"}
    domain: "syntax"
    ignored: ["examples"]
warning: the following keywords are unknown and will be ignored: [examples]
    level: "warning"
    schema: {"loadingURI":"#","pointer":"/items/properties/parcelas"}
    domain: "syntax"
    ignored: ["examples"]
warning: the following keywords are unknown and will be ignored: [examples]
    level: "warning"
    schema: {"loadingURI":"#","pointer":"/items/properties/seguro"}
    domain: "syntax"
    ignored: ["examples"]
warning: the following keywords are unknown and will be ignored: [examples]
    level: "warning"
    schema: {"loadingURI":"#","pointer":"/items/properties/valor"}
    domain: "syntax"
    ignored: ["examples"]
warning: the following keywords are unknown and will be ignored: [examples]
    level: "warning"
    schema: {"loadingURI":"#","pointer":"/items"}
    domain: "syntax"
    ignored: ["examples"]
warning: the following keywords are unknown and will be ignored: [examples]
    level: "warning"
    schema: {"loadingURI":"#","pointer":"/items/properties/cpf"}
    domain: "syntax"
    ignored: ["examples"]
warning: the following keywords are unknown and will be ignored: [examples]
    level: "warning"
    schema: {"loadingURI":"#","pointer":"/items/properties/email"}
    domain: "syntax"
    ignored: ["examples"]
warning: the following keywords are unknown and will be ignored: [examples]
    level: "warning"
    schema: {"loadingURI":"#","pointer":"/items/properties/id"}
    domain: "syntax"
    ignored: ["examples"]
warning: the following keywords are unknown and will be ignored: [examples]
    level: "warning"
    schema: {"loadingURI":"#","pointer":"/items/properties/nome"}
    domain: "syntax"
    ignored: ["examples"]
warning: the following keywords are unknown and will be ignored: [examples]
    level: "warning"
    schema: {"loadingURI":"#","pointer":"/items/properties/parcelas"}
    domain: "syntax"
    ignored: ["examples"]
warning: the following keywords are unknown and will be ignored: [examples]
    level: "warning"
    schema: {"loadingURI":"#","pointer":"/items/properties/seguro"}
    domain: "syntax"
    ignored: ["examples"]
warning: the following keywords are unknown and will be ignored: [examples]
    level: "warning"
    schema: {"loadingURI":"#","pointer":"/items/properties/valor"}
    domain: "syntax"
    ignored: ["examples"]
warning: the following keywords are unknown and will be ignored: [examples]
    level: "warning"
    schema: {"loadingURI":"#","pointer":"/items"}
    domain: "syntax"
    ignored: ["examples"]
warning: the following keywords are unknown and will be ignored: [examples]
    level: "warning"
    schema: {"loadingURI":"#","pointer":"/items/properties/cpf"}
    domain: "syntax"
    ignored: ["examples"]
warning: the following keywords are unknown and will be ignored: [examples]
    level: "warning"
    schema: {"loadingURI":"#","pointer":"/items/properties/email"}
    domain: "syntax"
    ignored: ["examples"]
warning: the following keywords are unknown and will be ignored: [examples]
    level: "warning"
    schema: {"loadingURI":"#","pointer":"/items/properties/id"}
    domain: "syntax"
    ignored: ["examples"]
warning: the following keywords are unknown and will be ignored: [examples]
    level: "warning"
    schema: {"loadingURI":"#","pointer":"/items/properties/nome"}
    domain: "syntax"
    ignored: ["examples"]
warning: the following keywords are unknown and will be ignored: [examples]
    level: "warning"
    schema: {"loadingURI":"#","pointer":"/items/properties/parcelas"}
    domain: "syntax"
    ignored: ["examples"]
warning: the following keywords are unknown and will be ignored: [examples]
    level: "warning"
    schema: {"loadingURI":"#","pointer":"/items/properties/seguro"}
    domain: "syntax"
    ignored: ["examples"]
warning: the following keywords are unknown and will be ignored: [examples]
    level: "warning"
    schema: {"loadingURI":"#","pointer":"/items/properties/valor"}
    domain: "syntax"
    ignored: ["examples"]
warning: the following keywords are unknown and will be ignored: [examples]
    level: "warning"
    schema: {"loadingURI":"#","pointer":"/items"}
    domain: "syntax"
    ignored: ["examples"]
warning: the following keywords are unknown and will be ignored: [examples]
    level: "warning"
    schema: {"loadingURI":"#","pointer":"/items/properties/cpf"}
    domain: "syntax"
    ignored: ["examples"]
warning: the following keywords are unknown and will be ignored: [examples]
    level: "warning"
    schema: {"loadingURI":"#","pointer":"/items/properties/email"}
    domain: "syntax"
    ignored: ["examples"]
warning: the following keywords are unknown and will be ignored: [examples]
    level: "warning"
    schema: {"loadingURI":"#","pointer":"/items/properties/id"}
    domain: "syntax"
    ignored: ["examples"]
warning: the following keywords are unknown and will be ignored: [examples]
    level: "warning"
    schema: {"loadingURI":"#","pointer":"/items/properties/nome"}
    domain: "syntax"
    ignored: ["examples"]
warning: the following keywords are unknown and will be ignored: [examples]
    level: "warning"
    schema: {"loadingURI":"#","pointer":"/items/properties/parcelas"}
    domain: "syntax"
    ignored: ["examples"]
warning: the following keywords are unknown and will be ignored: [examples]
    level: "warning"
    schema: {"loadingURI":"#","pointer":"/items/properties/seguro"}
    domain: "syntax"
    ignored: ["examples"]
warning: the following keywords are unknown and will be ignored: [examples]
    level: "warning"
    schema: {"loadingURI":"#","pointer":"/items/properties/valor"}
    domain: "syntax"
    ignored: ["examples"]
warning: the following keywords are unknown and will be ignored: [examples]
    level: "warning"
    schema: {"loadingURI":"#","pointer":"/items"}
    domain: "syntax"
    ignored: ["examples"]
warning: the following keywords are unknown and will be ignored: [examples]
    level: "warning"
    schema: {"loadingURI":"#","pointer":"/items/properties/cpf"}
    domain: "syntax"
    ignored: ["examples"]
warning: the following keywords are unknown and will be ignored: [examples]
    level: "warning"
    schema: {"loadingURI":"#","pointer":"/items/properties/email"}
    domain: "syntax"
    ignored: ["examples"]
warning: the following keywords are unknown and will be ignored: [examples]
    level: "warning"
    schema: {"loadingURI":"#","pointer":"/items/properties/id"}
    domain: "syntax"
    ignored: ["examples"]
warning: the following keywords are unknown and will be ignored: [examples]
    level: "warning"
    schema: {"loadingURI":"#","pointer":"/items/properties/nome"}
    domain: "syntax"
    ignored: ["examples"]
warning: the following keywords are unknown and will be ignored: [examples]
    level: "warning"
    schema: {"loadingURI":"#","pointer":"/items/properties/parcelas"}
    domain: "syntax"
    ignored: ["examples"]
warning: the following keywords are unknown and will be ignored: [examples]
    level: "warning"
    schema: {"loadingURI":"#","pointer":"/items/properties/seguro"}
    domain: "syntax"
    ignored: ["examples"]
warning: the following keywords are unknown and will be ignored: [examples]
    level: "warning"
    schema: {"loadingURI":"#","pointer":"/items/properties/valor"}
    domain: "syntax"
    ignored: ["examples"]
warning: the following keywords are unknown and will be ignored: [examples]
    level: "warning"
    schema: {"loadingURI":"#","pointer":"/items"}
    domain: "syntax"
    ignored: ["examples"]
warning: the following keywords are unknown and will be ignored: [examples]
    level: "warning"
    schema: {"loadingURI":"#","pointer":"/items/properties/cpf"}
    domain: "syntax"
    ignored: ["examples"]
warning: the following keywords are unknown and will be ignored: [examples]
    level: "warning"
    schema: {"loadingURI":"#","pointer":"/items/properties/email"}
    domain: "syntax"
    ignored: ["examples"]
warning: the following keywords are unknown and will be ignored: [examples]
    level: "warning"
    schema: {"loadingURI":"#","pointer":"/items/properties/id"}
    domain: "syntax"
    ignored: ["examples"]
warning: the following keywords are unknown and will be ignored: [examples]
    level: "warning"
    schema: {"loadingURI":"#","pointer":"/items/properties/nome"}
    domain: "syntax"
    ignored: ["examples"]
warning: the following keywords are unknown and will be ignored: [examples]
    level: "warning"
    schema: {"loadingURI":"#","pointer":"/items/properties/parcelas"}
    domain: "syntax"
    ignored: ["examples"]
warning: the following keywords are unknown and will be ignored: [examples]
    level: "warning"
    schema: {"loadingURI":"#","pointer":"/items/properties/seguro"}
    domain: "syntax"
    ignored: ["examples"]
warning: the following keywords are unknown and will be ignored: [examples]
    level: "warning"
    schema: {"loadingURI":"#","pointer":"/items/properties/valor"}
    domain: "syntax"
    ignored: ["examples"]
warning: the following keywords are unknown and will be ignored: [examples]
    level: "warning"
    schema: {"loadingURI":"#","pointer":"/items"}
    domain: "syntax"
    ignored: ["examples"]
warning: the following keywords are unknown and will be ignored: [examples]
    level: "warning"
    schema: {"loadingURI":"#","pointer":"/items/properties/cpf"}
    domain: "syntax"
    ignored: ["examples"]
warning: the following keywords are unknown and will be ignored: [examples]
    level: "warning"
    schema: {"loadingURI":"#","pointer":"/items/properties/email"}
    domain: "syntax"
    ignored: ["examples"]
warning: the following keywords are unknown and will be ignored: [examples]
    level: "warning"
    schema: {"loadingURI":"#","pointer":"/items/properties/id"}
    domain: "syntax"
    ignored: ["examples"]
warning: the following keywords are unknown and will be ignored: [examples]
    level: "warning"
    schema: {"loadingURI":"#","pointer":"/items/properties/nome"}
    domain: "syntax"
    ignored: ["examples"]
warning: the following keywords are unknown and will be ignored: [examples]
    level: "warning"
    schema: {"loadingURI":"#","pointer":"/items/properties/parcelas"}
    domain: "syntax"
    ignored: ["examples"]
warning: the following keywords are unknown and will be ignored: [examples]
    level: "warning"
    schema: {"loadingURI":"#","pointer":"/items/properties/seguro"}
    domain: "syntax"
    ignored: ["examples"]
warning: the following keywords are unknown and will be ignored: [examples]
    level: "warning"
    schema: {"loadingURI":"#","pointer":"/items/properties/valor"}
    domain: "syntax"
    ignored: ["examples"]
warning: the following keywords are unknown and will be ignored: [examples]
    level: "warning"
    schema: {"loadingURI":"#","pointer":"/items"}
    domain: "syntax"
    ignored: ["examples"]
warning: the following keywords are unknown and will be ignored: [examples]
    level: "warning"
    schema: {"loadingURI":"#","pointer":"/items/properties/cpf"}
    domain: "syntax"
    ignored: ["examples"]
warning: the following keywords are unknown and will be ignored: [examples]
    level: "warning"
    schema: {"loadingURI":"#","pointer":"/items/properties/email"}
    domain: "syntax"
    ignored: ["examples"]
warning: the following keywords are unknown and will be ignored: [examples]
    level: "warning"
    schema: {"loadingURI":"#","pointer":"/items/properties/id"}
    domain: "syntax"
    ignored: ["examples"]
warning: the following keywords are unknown and will be ignored: [examples]
    level: "warning"
    schema: {"loadingURI":"#","pointer":"/items/properties/nome"}
    domain: "syntax"
    ignored: ["examples"]
warning: the following keywords are unknown and will be ignored: [examples]
    level: "warning"
    schema: {"loadingURI":"#","pointer":"/items/properties/parcelas"}
    domain: "syntax"
    ignored: ["examples"]
warning: the following keywords are unknown and will be ignored: [examples]
    level: "warning"
    schema: {"loadingURI":"#","pointer":"/items/properties/seguro"}
    domain: "syntax"
    ignored: ["examples"]
warning: the following keywords are unknown and will be ignored: [examples]
    level: "warning"
    schema: {"loadingURI":"#","pointer":"/items/properties/valor"}
    domain: "syntax"
    ignored: ["examples"]
warning: the following keywords are unknown and will be ignored: [examples]
    level: "warning"
    schema: {"loadingURI":"#","pointer":"/items"}
    domain: "syntax"
    ignored: ["examples"]
warning: the following keywords are unknown and will be ignored: [examples]
    level: "warning"
    schema: {"loadingURI":"#","pointer":"/items/properties/cpf"}
    domain: "syntax"
    ignored: ["examples"]
warning: the following keywords are unknown and will be ignored: [examples]
    level: "warning"
    schema: {"loadingURI":"#","pointer":"/items/properties/email"}
    domain: "syntax"
    ignored: ["examples"]
warning: the following keywords are unknown and will be ignored: [examples]
    level: "warning"
    schema: {"loadingURI":"#","pointer":"/items/properties/id"}
    domain: "syntax"
    ignored: ["examples"]
warning: the following keywords are unknown and will be ignored: [examples]
    level: "warning"
    schema: {"loadingURI":"#","pointer":"/items/properties/nome"}
    domain: "syntax"
    ignored: ["examples"]
warning: the following keywords are unknown and will be ignored: [examples]
    level: "warning"
    schema: {"loadingURI":"#","pointer":"/items/properties/parcelas"}
    domain: "syntax"
    ignored: ["examples"]
warning: the following keywords are unknown and will be ignored: [examples]
    level: "warning"
    schema: {"loadingURI":"#","pointer":"/items/properties/seguro"}
    domain: "syntax"
    ignored: ["examples"]
warning: the following keywords are unknown and will be ignored: [examples]
    level: "warning"
    schema: {"loadingURI":"#","pointer":"/items/properties/valor"}
    domain: "syntax"
    ignored: ["examples"]
warning: the following keywords are unknown and will be ignored: [examples]
    level: "warning"
    schema: {"loadingURI":"#","pointer":"/items"}
    domain: "syntax"
    ignored: ["examples"]
warning: the following keywords are unknown and will be ignored: [examples]
    level: "warning"
    schema: {"loadingURI":"#","pointer":"/items/properties/cpf"}
    domain: "syntax"
    ignored: ["examples"]
warning: the following keywords are unknown and will be ignored: [examples]
    level: "warning"
    schema: {"loadingURI":"#","pointer":"/items/properties/email"}
    domain: "syntax"
    ignored: ["examples"]
warning: the following keywords are unknown and will be ignored: [examples]
    level: "warning"
    schema: {"loadingURI":"#","pointer":"/items/properties/id"}
    domain: "syntax"
    ignored: ["examples"]
warning: the following keywords are unknown and will be ignored: [examples]
    level: "warning"
    schema: {"loadingURI":"#","pointer":"/items/properties/nome"}
    domain: "syntax"
    ignored: ["examples"]
warning: the following keywords are unknown and will be ignored: [examples]
    level: "warning"
    schema: {"loadingURI":"#","pointer":"/items/properties/parcelas"}
    domain: "syntax"
    ignored: ["examples"]
warning: the following keywords are unknown and will be ignored: [examples]
    level: "warning"
    schema: {"loadingURI":"#","pointer":"/items/properties/seguro"}
    domain: "syntax"
    ignored: ["examples"]
warning: the following keywords are unknown and will be ignored: [examples]
    level: "warning"
    schema: {"loadingURI":"#","pointer":"/items/properties/valor"}
    domain: "syntax"
    ignored: ["examples"]
warning: the following keywords are unknown and will be ignored: [examples]
    level: "warning"
    schema: {"loadingURI":"#","pointer":"/items"}
    domain: "syntax"
    ignored: ["examples"]
warning: the following keywords are unknown and will be ignored: [examples]
    level: "warning"
    schema: {"loadingURI":"#","pointer":"/items/properties/cpf"}
    domain: "syntax"
    ignored: ["examples"]
warning: the following keywords are unknown and will be ignored: [examples]
    level: "warning"
    schema: {"loadingURI":"#","pointer":"/items/properties/email"}
    domain: "syntax"
    ignored: ["examples"]
warning: the following keywords are unknown and will be ignored: [examples]
    level: "warning"
    schema: {"loadingURI":"#","pointer":"/items/properties/id"}
    domain: "syntax"
    ignored: ["examples"]
warning: the following keywords are unknown and will be ignored: [examples]
    level: "warning"
    schema: {"loadingURI":"#","pointer":"/items/properties/nome"}
    domain: "syntax"
    ignored: ["examples"]
warning: the following keywords are unknown and will be ignored: [examples]
    level: "warning"
    schema: {"loadingURI":"#","pointer":"/items/properties/parcelas"}
    domain: "syntax"
    ignored: ["examples"]
warning: the following keywords are unknown and will be ignored: [examples]
    level: "warning"
    schema: {"loadingURI":"#","pointer":"/items/properties/seguro"}
    domain: "syntax"
    ignored: ["examples"]
warning: the following keywords are unknown and will be ignored: [examples]
    level: "warning"
    schema: {"loadingURI":"#","pointer":"/items/properties/valor"}
    domain: "syntax"
    ignored: ["examples"]
warning: the following keywords are unknown and will be ignored: [examples]
    level: "warning"
    schema: {"loadingURI":"#","pointer":"/items"}
    domain: "syntax"
    ignored: ["examples"]
warning: the following keywords are unknown and will be ignored: [examples]
    level: "warning"
    schema: {"loadingURI":"#","pointer":"/items/properties/cpf"}
    domain: "syntax"
    ignored: ["examples"]
warning: the following keywords are unknown and will be ignored: [examples]
    level: "warning"
    schema: {"loadingURI":"#","pointer":"/items/properties/email"}
    domain: "syntax"
    ignored: ["examples"]
warning: the following keywords are unknown and will be ignored: [examples]
    level: "warning"
    schema: {"loadingURI":"#","pointer":"/items/properties/id"}
    domain: "syntax"
    ignored: ["examples"]
warning: the following keywords are unknown and will be ignored: [examples]
    level: "warning"
    schema: {"loadingURI":"#","pointer":"/items/properties/nome"}
    domain: "syntax"
    ignored: ["examples"]
warning: the following keywords are unknown and will be ignored: [examples]
    level: "warning"
    schema: {"loadingURI":"#","pointer":"/items/properties/parcelas"}
    domain: "syntax"
    ignored: ["examples"]
warning: the following keywords are unknown and will be ignored: [examples]
    level: "warning"
    schema: {"loadingURI":"#","pointer":"/items/properties/seguro"}
    domain: "syntax"
    ignored: ["examples"]
warning: the following keywords are unknown and will be ignored: [examples]
    level: "warning"
    schema: {"loadingURI":"#","pointer":"/items/properties/valor"}
    domain: "syntax"
    ignored: ["examples"]
warning: the following keywords are unknown and will be ignored: [examples]
    level: "warning"
    schema: {"loadingURI":"#","pointer":"/items"}
    domain: "syntax"
    ignored: ["examples"]
warning: the following keywords are unknown and will be ignored: [examples]
    level: "warning"
    schema: {"loadingURI":"#","pointer":"/items/properties/cpf"}
    domain: "syntax"
    ignored: ["examples"]
warning: the following keywords are unknown and will be ignored: [examples]
    level: "warning"
    schema: {"loadingURI":"#","pointer":"/items/properties/email"}
    domain: "syntax"
    ignored: ["examples"]
warning: the following keywords are unknown and will be ignored: [examples]
    level: "warning"
    schema: {"loadingURI":"#","pointer":"/items/properties/id"}
    domain: "syntax"
    ignored: ["examples"]
warning: the following keywords are unknown and will be ignored: [examples]
    level: "warning"
    schema: {"loadingURI":"#","pointer":"/items/properties/nome"}
    domain: "syntax"
    ignored: ["examples"]
warning: the following keywords are unknown and will be ignored: [examples]
    level: "warning"
    schema: {"loadingURI":"#","pointer":"/items/properties/parcelas"}
    domain: "syntax"
    ignored: ["examples"]
warning: the following keywords are unknown and will be ignored: [examples]
    level: "warning"
    schema: {"loadingURI":"#","pointer":"/items/properties/seguro"}
    domain: "syntax"
    ignored: ["examples"]
warning: the following keywords are unknown and will be ignored: [examples]
    level: "warning"
    schema: {"loadingURI":"#","pointer":"/items/properties/valor"}
    domain: "syntax"
    ignored: ["examples"]
warning: the following keywords are unknown and will be ignored: [examples]
    level: "warning"
    schema: {"loadingURI":"#","pointer":"/items"}
    domain: "syntax"
    ignored: ["examples"]
warning: the following keywords are unknown and will be ignored: [examples]
    level: "warning"
    schema: {"loadingURI":"#","pointer":"/items/properties/cpf"}
    domain: "syntax"
    ignored: ["examples"]
warning: the following keywords are unknown and will be ignored: [examples]
    level: "warning"
    schema: {"loadingURI":"#","pointer":"/items/properties/email"}
    domain: "syntax"
    ignored: ["examples"]
warning: the following keywords are unknown and will be ignored: [examples]
    level: "warning"
    schema: {"loadingURI":"#","pointer":"/items/properties/id"}
    domain: "syntax"
    ignored: ["examples"]
warning: the following keywords are unknown and will be ignored: [examples]
    level: "warning"
    schema: {"loadingURI":"#","pointer":"/items/properties/nome"}
    domain: "syntax"
    ignored: ["examples"]
warning: the following keywords are unknown and will be ignored: [examples]
    level: "warning"
    schema: {"loadingURI":"#","pointer":"/items/properties/parcelas"}
    domain: "syntax"
    ignored: ["examples"]
warning: the following keywords are unknown and will be ignored: [examples]
    level: "warning"
    schema: {"loadingURI":"#","pointer":"/items/properties/seguro"}
    domain: "syntax"
    ignored: ["examples"]
warning: the following keywords are unknown and will be ignored: [examples]
    level: "warning"
    schema: {"loadingURI":"#","pointer":"/items/properties/valor"}
    domain: "syntax"
    ignored: ["examples"]
warning: the following keywords are unknown and will be ignored: [examples]
    level: "warning"
    schema: {"loadingURI":"#","pointer":"/items"}
    domain: "syntax"
    ignored: ["examples"]
warning: the following keywords are unknown and will be ignored: [examples]
    level: "warning"
    schema: {"loadingURI":"#","pointer":"/items/properties/cpf"}
    domain: "syntax"
    ignored: ["examples"]
warning: the following keywords are unknown and will be ignored: [examples]
    level: "warning"
    schema: {"loadingURI":"#","pointer":"/items/properties/email"}
    domain: "syntax"
    ignored: ["examples"]
warning: the following keywords are unknown and will be ignored: [examples]
    level: "warning"
    schema: {"loadingURI":"#","pointer":"/items/properties/id"}
    domain: "syntax"
    ignored: ["examples"]
warning: the following keywords are unknown and will be ignored: [examples]
    level: "warning"
    schema: {"loadingURI":"#","pointer":"/items/properties/nome"}
    domain: "syntax"
    ignored: ["examples"]
warning: the following keywords are unknown and will be ignored: [examples]
    level: "warning"
    schema: {"loadingURI":"#","pointer":"/items/properties/parcelas"}
    domain: "syntax"
    ignored: ["examples"]
warning: the following keywords are unknown and will be ignored: [examples]
    level: "warning"
    schema: {"loadingURI":"#","pointer":"/items/properties/seguro"}
    domain: "syntax"
    ignored: ["examples"]
warning: the following keywords are unknown and will be ignored: [examples]
    level: "warning"
    schema: {"loadingURI":"#","pointer":"/items/properties/valor"}
    domain: "syntax"
    ignored: ["examples"]
warning: the following keywords are unknown and will be ignored: [examples]
    level: "warning"
    schema: {"loadingURI":"#","pointer":"/items"}
    domain: "syntax"
    ignored: ["examples"]
warning: the following keywords are unknown and will be ignored: [examples]
    level: "warning"
    schema: {"loadingURI":"#","pointer":"/items/properties/cpf"}
    domain: "syntax"
    ignored: ["examples"]
warning: the following keywords are unknown and will be ignored: [examples]
    level: "warning"
    schema: {"loadingURI":"#","pointer":"/items/properties/email"}
    domain: "syntax"
    ignored: ["examples"]
warning: the following keywords are unknown and will be ignored: [examples]
    level: "warning"
    schema: {"loadingURI":"#","pointer":"/items/properties/id"}
    domain: "syntax"
    ignored: ["examples"]
warning: the following keywords are unknown and will be ignored: [examples]
    level: "warning"
    schema: {"loadingURI":"#","pointer":"/items/properties/nome"}
    domain: "syntax"
    ignored: ["examples"]
warning: the following keywords are unknown and will be ignored: [examples]
    level: "warning"
    schema: {"loadingURI":"#","pointer":"/items/properties/parcelas"}
    domain: "syntax"
    ignored: ["examples"]
warning: the following keywords are unknown and will be ignored: [examples]
    level: "warning"
    schema: {"loadingURI":"#","pointer":"/items/properties/seguro"}
    domain: "syntax"
    ignored: ["examples"]
warning: the following keywords are unknown and will be ignored: [examples]
    level: "warning"
    schema: {"loadingURI":"#","pointer":"/items/properties/valor"}
    domain: "syntax"
    ignored: ["examples"]
warning: the following keywords are unknown and will be ignored: [examples]
    level: "warning"
    schema: {"loadingURI":"#","pointer":"/items"}
    domain: "syntax"
    ignored: ["examples"]
warning: the following keywords are unknown and will be ignored: [examples]
    level: "warning"
    schema: {"loadingURI":"#","pointer":"/items/properties/cpf"}
    domain: "syntax"
    ignored: ["examples"]
warning: the following keywords are unknown and will be ignored: [examples]
    level: "warning"
    schema: {"loadingURI":"#","pointer":"/items/properties/email"}
    domain: "syntax"
    ignored: ["examples"]
warning: the following keywords are unknown and will be ignored: [examples]
    level: "warning"
    schema: {"loadingURI":"#","pointer":"/items/properties/id"}
    domain: "syntax"
    ignored: ["examples"]
warning: the following keywords are unknown and will be ignored: [examples]
    level: "warning"
    schema: {"loadingURI":"#","pointer":"/items/properties/nome"}
    domain: "syntax"
    ignored: ["examples"]
warning: the following keywords are unknown and will be ignored: [examples]
    level: "warning"
    schema: {"loadingURI":"#","pointer":"/items/properties/parcelas"}
    domain: "syntax"
    ignored: ["examples"]
warning: the following keywords are unknown and will be ignored: [examples]
    level: "warning"
    schema: {"loadingURI":"#","pointer":"/items/properties/seguro"}
    domain: "syntax"
    ignored: ["examples"]
warning: the following keywords are unknown and will be ignored: [examples]
    level: "warning"
    schema: {"loadingURI":"#","pointer":"/items/properties/valor"}
    domain: "syntax"
    ignored: ["examples"]
warning: the following keywords are unknown and will be ignored: [examples]
    level: "warning"
    schema: {"loadingURI":"#","pointer":"/items"}
    domain: "syntax"
    ignored: ["examples"]
warning: the following keywords are unknown and will be ignored: [examples]
    level: "warning"
    schema: {"loadingURI":"#","pointer":"/items/properties/cpf"}
    domain: "syntax"
    ignored: ["examples"]
warning: the following keywords are unknown and will be ignored: [examples]
    level: "warning"
    schema: {"loadingURI":"#","pointer":"/items/properties/email"}
    domain: "syntax"
    ignored: ["examples"]
warning: the following keywords are unknown and will be ignored: [examples]
    level: "warning"
    schema: {"loadingURI":"#","pointer":"/items/properties/id"}
    domain: "syntax"
    ignored: ["examples"]
warning: the following keywords are unknown and will be ignored: [examples]
    level: "warning"
    schema: {"loadingURI":"#","pointer":"/items/properties/nome"}
    domain: "syntax"
    ignored: ["examples"]
warning: the following keywords are unknown and will be ignored: [examples]
    level: "warning"
    schema: {"loadingURI":"#","pointer":"/items/properties/parcelas"}
    domain: "syntax"
    ignored: ["examples"]
warning: the following keywords are unknown and will be ignored: [examples]
    level: "warning"
    schema: {"loadingURI":"#","pointer":"/items/properties/seguro"}
    domain: "syntax"
    ignored: ["examples"]
warning: the following keywords are unknown and will be ignored: [examples]
    level: "warning"
    schema: {"loadingURI":"#","pointer":"/items/properties/valor"}
    domain: "syntax"
    ignored: ["examples"]
warning: the following keywords are unknown and will be ignored: [examples]
    level: "warning"
    schema: {"loadingURI":"#","pointer":"/items"}
    domain: "syntax"
    ignored: ["examples"]
warning: the following keywords are unknown and will be ignored: [examples]
    level: "warning"
    schema: {"loadingURI":"#","pointer":"/items/properties/cpf"}
    domain: "syntax"
    ignored: ["examples"]
warning: the following keywords are unknown and will be ignored: [examples]
    level: "warning"
    schema: {"loadingURI":"#","pointer":"/items/properties/email"}
    domain: "syntax"
    ignored: ["examples"]
warning: the following keywords are unknown and will be ignored: [examples]
    level: "warning"
    schema: {"loadingURI":"#","pointer":"/items/properties/id"}
    domain: "syntax"
    ignored: ["examples"]
warning: the following keywords are unknown and will be ignored: [examples]
    level: "warning"
    schema: {"loadingURI":"#","pointer":"/items/properties/nome"}
    domain: "syntax"
    ignored: ["examples"]
warning: the following keywords are unknown and will be ignored: [examples]
    level: "warning"
    schema: {"loadingURI":"#","pointer":"/items/properties/parcelas"}
    domain: "syntax"
    ignored: ["examples"]
warning: the following keywords are unknown and will be ignored: [examples]
    level: "warning"
    schema: {"loadingURI":"#","pointer":"/items/properties/seguro"}
    domain: "syntax"
    ignored: ["examples"]
warning: the following keywords are unknown and will be ignored: [examples]
    level: "warning"
    schema: {"loadingURI":"#","pointer":"/items/properties/valor"}
    domain: "syntax"
    ignored: ["examples"]
warning: the following keywords are unknown and will be ignored: [examples]
    level: "warning"
    schema: {"loadingURI":"#","pointer":"/items"}
    domain: "syntax"
    ignored: ["examples"]
warning: the following keywords are unknown and will be ignored: [examples]
    level: "warning"
    schema: {"loadingURI":"#","pointer":"/items/properties/cpf"}
    domain: "syntax"
    ignored: ["examples"]
warning: the following keywords are unknown and will be ignored: [examples]
    level: "warning"
    schema: {"loadingURI":"#","pointer":"/items/properties/email"}
    domain: "syntax"
    ignored: ["examples"]
warning: the following keywords are unknown and will be ignored: [examples]
    level: "warning"
    schema: {"loadingURI":"#","pointer":"/items/properties/id"}
    domain: "syntax"
    ignored: ["examples"]
warning: the following keywords are unknown and will be ignored: [examples]
    level: "warning"
    schema: {"loadingURI":"#","pointer":"/items/properties/nome"}
    domain: "syntax"
    ignored: ["examples"]
warning: the following keywords are unknown and will be ignored: [examples]
    level: "warning"
    schema: {"loadingURI":"#","pointer":"/items/properties/parcelas"}
    domain: "syntax"
    ignored: ["examples"]
warning: the following keywords are unknown and will be ignored: [examples]
    level: "warning"
    schema: {"loadingURI":"#","pointer":"/items/properties/seguro"}
    domain: "syntax"
    ignored: ["examples"]
warning: the following keywords are unknown and will be ignored: [examples]
    level: "warning"
    schema: {"loadingURI":"#","pointer":"/items/properties/valor"}
    domain: "syntax"
    ignored: ["examples"]
warning: the following keywords are unknown and will be ignored: [examples]
    level: "warning"
    schema: {"loadingURI":"#","pointer":"/items"}
    domain: "syntax"
    ignored: ["examples"]
warning: the following keywords are unknown and will be ignored: [examples]
    level: "warning"
    schema: {"loadingURI":"#","pointer":"/items/properties/cpf"}
    domain: "syntax"
    ignored: ["examples"]
warning: the following keywords are unknown and will be ignored: [examples]
    level: "warning"
    schema: {"loadingURI":"#","pointer":"/items/properties/email"}
    domain: "syntax"
    ignored: ["examples"]
warning: the following keywords are unknown and will be ignored: [examples]
    level: "warning"
    schema: {"loadingURI":"#","pointer":"/items/properties/id"}
    domain: "syntax"
    ignored: ["examples"]
warning: the following keywords are unknown and will be ignored: [examples]
    level: "warning"
    schema: {"loadingURI":"#","pointer":"/items/properties/nome"}
    domain: "syntax"
    ignored: ["examples"]
warning: the following keywords are unknown and will be ignored: [examples]
    level: "warning"
    schema: {"loadingURI":"#","pointer":"/items/properties/parcelas"}
    domain: "syntax"
    ignored: ["examples"]
warning: the following keywords are unknown and will be ignored: [examples]
    level: "warning"
    schema: {"loadingURI":"#","pointer":"/items/properties/seguro"}
    domain: "syntax"
    ignored: ["examples"]
warning: the following keywords are unknown and will be ignored: [examples]
    level: "warning"
    schema: {"loadingURI":"#","pointer":"/items/properties/valor"}
    domain: "syntax"
    ignored: ["examples"]
warning: the following keywords are unknown and will be ignored: [examples]
    level: "warning"
    schema: {"loadingURI":"#","pointer":"/items"}
    domain: "syntax"
    ignored: ["examples"]
warning: the following keywords are unknown and will be ignored: [examples]
    level: "warning"
    schema: {"loadingURI":"#","pointer":"/items/properties/cpf"}
    domain: "syntax"
    ignored: ["examples"]
warning: the following keywords are unknown and will be ignored: [examples]
    level: "warning"
    schema: {"loadingURI":"#","pointer":"/items/properties/email"}
    domain: "syntax"
    ignored: ["examples"]
warning: the following keywords are unknown and will be ignored: [examples]
    level: "warning"
    schema: {"loadingURI":"#","pointer":"/items/properties/id"}
    domain: "syntax"
    ignored: ["examples"]
warning: the following keywords are unknown and will be ignored: [examples]
    level: "warning"
    schema: {"loadingURI":"#","pointer":"/items/properties/nome"}
    domain: "syntax"
    ignored: ["examples"]
warning: the following keywords are unknown and will be ignored: [examples]
    level: "warning"
    schema: {"loadingURI":"#","pointer":"/items/properties/parcelas"}
    domain: "syntax"
    ignored: ["examples"]
warning: the following keywords are unknown and will be ignored: [examples]
    level: "warning"
    schema: {"loadingURI":"#","pointer":"/items/properties/seguro"}
    domain: "syntax"
    ignored: ["examples"]
warning: the following keywords are unknown and will be ignored: [examples]
    level: "warning"
    schema: {"loadingURI":"#","pointer":"/items/properties/valor"}
    domain: "syntax"
    ignored: ["examples"]
warning: the following keywords are unknown and will be ignored: [examples]
    level: "warning"
    schema: {"loadingURI":"#","pointer":"/items"}
    domain: "syntax"
    ignored: ["examples"]
warning: the following keywords are unknown and will be ignored: [examples]
    level: "warning"
    schema: {"loadingURI":"#","pointer":"/items/properties/cpf"}
    domain: "syntax"
    ignored: ["examples"]
warning: the following keywords are unknown and will be ignored: [examples]
    level: "warning"
    schema: {"loadingURI":"#","pointer":"/items/properties/email"}
    domain: "syntax"
    ignored: ["examples"]
warning: the following keywords are unknown and will be ignored: [examples]
    level: "warning"
    schema: {"loadingURI":"#","pointer":"/items/properties/id"}
    domain: "syntax"
    ignored: ["examples"]
warning: the following keywords are unknown and will be ignored: [examples]
    level: "warning"
    schema: {"loadingURI":"#","pointer":"/items/properties/nome"}
    domain: "syntax"
    ignored: ["examples"]
warning: the following keywords are unknown and will be ignored: [examples]
    level: "warning"
    schema: {"loadingURI":"#","pointer":"/items/properties/parcelas"}
    domain: "syntax"
    ignored: ["examples"]
warning: the following keywords are unknown and will be ignored: [examples]
    level: "warning"
    schema: {"loadingURI":"#","pointer":"/items/properties/seguro"}
    domain: "syntax"
    ignored: ["examples"]
warning: the following keywords are unknown and will be ignored: [examples]
    level: "warning"
    schema: {"loadingURI":"#","pointer":"/items/properties/valor"}
    domain: "syntax"
    ignored: ["examples"]
warning: the following keywords are unknown and will be ignored: [examples]
    level: "warning"
    schema: {"loadingURI":"#","pointer":"/items"}
    domain: "syntax"
    ignored: ["examples"]
warning: the following keywords are unknown and will be ignored: [examples]
    level: "warning"
    schema: {"loadingURI":"#","pointer":"/items/properties/cpf"}
    domain: "syntax"
    ignored: ["examples"]
warning: the following keywords are unknown and will be ignored: [examples]
    level: "warning"
    schema: {"loadingURI":"#","pointer":"/items/properties/email"}
    domain: "syntax"
    ignored: ["examples"]
warning: the following keywords are unknown and will be ignored: [examples]
    level: "warning"
    schema: {"loadingURI":"#","pointer":"/items/properties/id"}
    domain: "syntax"
    ignored: ["examples"]
warning: the following keywords are unknown and will be ignored: [examples]
    level: "warning"
    schema: {"loadingURI":"#","pointer":"/items/properties/nome"}
    domain: "syntax"
    ignored: ["examples"]
warning: the following keywords are unknown and will be ignored: [examples]
    level: "warning"
    schema: {"loadingURI":"#","pointer":"/items/properties/parcelas"}
    domain: "syntax"
    ignored: ["examples"]
warning: the following keywords are unknown and will be ignored: [examples]
    level: "warning"
    schema: {"loadingURI":"#","pointer":"/items/properties/seguro"}
    domain: "syntax"
    ignored: ["examples"]
warning: the following keywords are unknown and will be ignored: [examples]
    level: "warning"
    schema: {"loadingURI":"#","pointer":"/items/properties/valor"}
    domain: "syntax"
    ignored: ["examples"]
warning: the following keywords are unknown and will be ignored: [examples]
    level: "warning"
    schema: {"loadingURI":"#","pointer":"/items"}
    domain: "syntax"
    ignored: ["examples"]
warning: the following keywords are unknown and will be ignored: [examples]
    level: "warning"
    schema: {"loadingURI":"#","pointer":"/items/properties/cpf"}
    domain: "syntax"
    ignored: ["examples"]
warning: the following keywords are unknown and will be ignored: [examples]
    level: "warning"
    schema: {"loadingURI":"#","pointer":"/items/properties/email"}
    domain: "syntax"
    ignored: ["examples"]
warning: the following keywords are unknown and will be ignored: [examples]
    level: "warning"
    schema: {"loadingURI":"#","pointer":"/items/properties/id"}
    domain: "syntax"
    ignored: ["examples"]
warning: the following keywords are unknown and will be ignored: [examples]
    level: "warning"
    schema: {"loadingURI":"#","pointer":"/items/properties/nome"}
    domain: "syntax"
    ignored: ["examples"]
warning: the following keywords are unknown and will be ignored: [examples]
    level: "warning"
    schema: {"loadingURI":"#","pointer":"/items/properties/parcelas"}
    domain: "syntax"
    ignored: ["examples"]
warning: the following keywords are unknown and will be ignored: [examples]
    level: "warning"
    schema: {"loadingURI":"#","pointer":"/items/properties/seguro"}
    domain: "syntax"
    ignored: ["examples"]
warning: the following keywords are unknown and will be ignored: [examples]
    level: "warning"
    schema: {"loadingURI":"#","pointer":"/items/properties/valor"}
    domain: "syntax"
    ignored: ["examples"]
warning: the following keywords are unknown and will be ignored: [examples]
    level: "warning"
    schema: {"loadingURI":"#","pointer":"/items"}
    domain: "syntax"
    ignored: ["examples"]
warning: the following keywords are unknown and will be ignored: [examples]
    level: "warning"
    schema: {"loadingURI":"#","pointer":"/items/properties/cpf"}
    domain: "syntax"
    ignored: ["examples"]
warning: the following keywords are unknown and will be ignored: [examples]
    level: "warning"
    schema: {"loadingURI":"#","pointer":"/items/properties/email"}
    domain: "syntax"
    ignored: ["examples"]
warning: the following keywords are unknown and will be ignored: [examples]
    level: "warning"
    schema: {"loadingURI":"#","pointer":"/items/properties/id"}
    domain: "syntax"
    ignored: ["examples"]
warning: the following keywords are unknown and will be ignored: [examples]
    level: "warning"
    schema: {"loadingURI":"#","pointer":"/items/properties/nome"}
    domain: "syntax"
    ignored: ["examples"]
warning: the following keywords are unknown and will be ignored: [examples]
    level: "warning"
    schema: {"loadingURI":"#","pointer":"/items/properties/parcelas"}
    domain: "syntax"
    ignored: ["examples"]
warning: the following keywords are unknown and will be ignored: [examples]
    level: "warning"
    schema: {"loadingURI":"#","pointer":"/items/properties/seguro"}
    domain: "syntax"
    ignored: ["examples"]
warning: the following keywords are unknown and will be ignored: [examples]
    level: "warning"
    schema: {"loadingURI":"#","pointer":"/items/properties/valor"}
    domain: "syntax"
    ignored: ["examples"]
warning: the following keywords are unknown and will be ignored: [examples]
    level: "warning"
    schema: {"loadingURI":"#","pointer":"/items"}
    domain: "syntax"
    ignored: ["examples"]
warning: the following keywords are unknown and will be ignored: [examples]
    level: "warning"
    schema: {"loadingURI":"#","pointer":"/items/properties/cpf"}
    domain: "syntax"
    ignored: ["examples"]
warning: the following keywords are unknown and will be ignored: [examples]
    level: "warning"
    schema: {"loadingURI":"#","pointer":"/items/properties/email"}
    domain: "syntax"
    ignored: ["examples"]
warning: the following keywords are unknown and will be ignored: [examples]
    level: "warning"
    schema: {"loadingURI":"#","pointer":"/items/properties/id"}
    domain: "syntax"
    ignored: ["examples"]
warning: the following keywords are unknown and will be ignored: [examples]
    level: "warning"
    schema: {"loadingURI":"#","pointer":"/items/properties/nome"}
    domain: "syntax"
    ignored: ["examples"]
warning: the following keywords are unknown and will be ignored: [examples]
    level: "warning"
    schema: {"loadingURI":"#","pointer":"/items/properties/parcelas"}
    domain: "syntax"
    ignored: ["examples"]
warning: the following keywords are unknown and will be ignored: [examples]
    level: "warning"
    schema: {"loadingURI":"#","pointer":"/items/properties/seguro"}
    domain: "syntax"
    ignored: ["examples"]
warning: the following keywords are unknown and will be ignored: [examples]
    level: "warning"
    schema: {"loadingURI":"#","pointer":"/items/properties/valor"}
    domain: "syntax"
    ignored: ["examples"]
warning: the following keywords are unknown and will be ignored: [examples]
    level: "warning"
    schema: {"loadingURI":"#","pointer":"/items"}
    domain: "syntax"
    ignored: ["examples"]
warning: the following keywords are unknown and will be ignored: [examples]
    level: "warning"
    schema: {"loadingURI":"#","pointer":"/items/properties/cpf"}
    domain: "syntax"
    ignored: ["examples"]
warning: the following keywords are unknown and will be ignored: [examples]
    level: "warning"
    schema: {"loadingURI":"#","pointer":"/items/properties/email"}
    domain: "syntax"
    ignored: ["examples"]
warning: the following keywords are unknown and will be ignored: [examples]
    level: "warning"
    schema: {"loadingURI":"#","pointer":"/items/properties/id"}
    domain: "syntax"
    ignored: ["examples"]
warning: the following keywords are unknown and will be ignored: [examples]
    level: "warning"
    schema: {"loadingURI":"#","pointer":"/items/properties/nome"}
    domain: "syntax"
    ignored: ["examples"]
warning: the following keywords are unknown and will be ignored: [examples]
    level: "warning"
    schema: {"loadingURI":"#","pointer":"/items/properties/parcelas"}
    domain: "syntax"
    ignored: ["examples"]
warning: the following keywords are unknown and will be ignored: [examples]
    level: "warning"
    schema: {"loadingURI":"#","pointer":"/items/properties/seguro"}
    domain: "syntax"
    ignored: ["examples"]
warning: the following keywords are unknown and will be ignored: [examples]
    level: "warning"
    schema: {"loadingURI":"#","pointer":"/items/properties/valor"}
    domain: "syntax"
    ignored: ["examples"]
warning: the following keywords are unknown and will be ignored: [examples]
    level: "warning"
    schema: {"loadingURI":"#","pointer":"/items"}
    domain: "syntax"
    ignored: ["examples"]
warning: the following keywords are unknown and will be ignored: [examples]
    level: "warning"
    schema: {"loadingURI":"#","pointer":"/items/properties/cpf"}
    domain: "syntax"
    ignored: ["examples"]
warning: the following keywords are unknown and will be ignored: [examples]
    level: "warning"
    schema: {"loadingURI":"#","pointer":"/items/properties/email"}
    domain: "syntax"
    ignored: ["examples"]
warning: the following keywords are unknown and will be ignored: [examples]
    level: "warning"
    schema: {"loadingURI":"#","pointer":"/items/properties/id"}
    domain: "syntax"
    ignored: ["examples"]
warning: the following keywords are unknown and will be ignored: [examples]
    level: "warning"
    schema: {"loadingURI":"#","pointer":"/items/properties/nome"}
    domain: "syntax"
    ignored: ["examples"]
warning: the following keywords are unknown and will be ignored: [examples]
    level: "warning"
    schema: {"loadingURI":"#","pointer":"/items/properties/parcelas"}
    domain: "syntax"
    ignored: ["examples"]
warning: the following keywords are unknown and will be ignored: [examples]
    level: "warning"
    schema: {"loadingURI":"#","pointer":"/items/properties/seguro"}
    domain: "syntax"
    ignored: ["examples"]
warning: the following keywords are unknown and will be ignored: [examples]
    level: "warning"
    schema: {"loadingURI":"#","pointer":"/items/properties/valor"}
    domain: "syntax"
    ignored: ["examples"]
warning: the following keywords are unknown and will be ignored: [examples]
    level: "warning"
    schema: {"loadingURI":"#","pointer":"/items"}
    domain: "syntax"
    ignored: ["examples"]
warning: the following keywords are unknown and will be ignored: [examples]
    level: "warning"
    schema: {"loadingURI":"#","pointer":"/items/properties/cpf"}
    domain: "syntax"
    ignored: ["examples"]
warning: the following keywords are unknown and will be ignored: [examples]
    level: "warning"
    schema: {"loadingURI":"#","pointer":"/items/properties/email"}
    domain: "syntax"
    ignored: ["examples"]
warning: the following keywords are unknown and will be ignored: [examples]
    level: "warning"
    schema: {"loadingURI":"#","pointer":"/items/properties/id"}
    domain: "syntax"
    ignored: ["examples"]
warning: the following keywords are unknown and will be ignored: [examples]
    level: "warning"
    schema: {"loadingURI":"#","pointer":"/items/properties/nome"}
    domain: "syntax"
    ignored: ["examples"]
warning: the following keywords are unknown and will be ignored: [examples]
    level: "warning"
    schema: {"loadingURI":"#","pointer":"/items/properties/parcelas"}
    domain: "syntax"
    ignored: ["examples"]
warning: the following keywords are unknown and will be ignored: [examples]
    level: "warning"
    schema: {"loadingURI":"#","pointer":"/items/properties/seguro"}
    domain: "syntax"
    ignored: ["examples"]
warning: the following keywords are unknown and will be ignored: [examples]
    level: "warning"
    schema: {"loadingURI":"#","pointer":"/items/properties/valor"}
    domain: "syntax"
    ignored: ["examples"]
warning: the following keywords are unknown and will be ignored: [examples]
    level: "warning"
    schema: {"loadingURI":"#","pointer":"/items"}
    domain: "syntax"
    ignored: ["examples"]
warning: the following keywords are unknown and will be ignored: [examples]
    level: "warning"
    schema: {"loadingURI":"#","pointer":"/items/properties/cpf"}
    domain: "syntax"
    ignored: ["examples"]
warning: the following keywords are unknown and will be ignored: [examples]
    level: "warning"
    schema: {"loadingURI":"#","pointer":"/items/properties/email"}
    domain: "syntax"
    ignored: ["examples"]
warning: the following keywords are unknown and will be ignored: [examples]
    level: "warning"
    schema: {"loadingURI":"#","pointer":"/items/properties/id"}
    domain: "syntax"
    ignored: ["examples"]
warning: the following keywords are unknown and will be ignored: [examples]
    level: "warning"
    schema: {"loadingURI":"#","pointer":"/items/properties/nome"}
    domain: "syntax"
    ignored: ["examples"]
warning: the following keywords are unknown and will be ignored: [examples]
    level: "warning"
    schema: {"loadingURI":"#","pointer":"/items/properties/parcelas"}
    domain: "syntax"
    ignored: ["examples"]
warning: the following keywords are unknown and will be ignored: [examples]
    level: "warning"
    schema: {"loadingURI":"#","pointer":"/items/properties/seguro"}
    domain: "syntax"
    ignored: ["examples"]
warning: the following keywords are unknown and will be ignored: [examples]
    level: "warning"
    schema: {"loadingURI":"#","pointer":"/items/properties/valor"}
    domain: "syntax"
    ignored: ["examples"]
warning: the following keywords are unknown and will be ignored: [examples]
    level: "warning"
    schema: {"loadingURI":"#","pointer":"/items"}
    domain: "syntax"
    ignored: ["examples"]
warning: the following keywords are unknown and will be ignored: [examples]
    level: "warning"
    schema: {"loadingURI":"#","pointer":"/items/properties/cpf"}
    domain: "syntax"
    ignored: ["examples"]
warning: the following keywords are unknown and will be ignored: [examples]
    level: "warning"
    schema: {"loadingURI":"#","pointer":"/items/properties/email"}
    domain: "syntax"
    ignored: ["examples"]
warning: the following keywords are unknown and will be ignored: [examples]
    level: "warning"
    schema: {"loadingURI":"#","pointer":"/items/properties/id"}
    domain: "syntax"
    ignored: ["examples"]
warning: the following keywords are unknown and will be ignored: [examples]
    level: "warning"
    schema: {"loadingURI":"#","pointer":"/items/properties/nome"}
    domain: "syntax"
    ignored: ["examples"]
warning: the following keywords are unknown and will be ignored: [examples]
    level: "warning"
    schema: {"loadingURI":"#","pointer":"/items/properties/parcelas"}
    domain: "syntax"
    ignored: ["examples"]
warning: the following keywords are unknown and will be ignored: [examples]
    level: "warning"
    schema: {"loadingURI":"#","pointer":"/items/properties/seguro"}
    domain: "syntax"
    ignored: ["examples"]
warning: the following keywords are unknown and will be ignored: [examples]
    level: "warning"
    schema: {"loadingURI":"#","pointer":"/items/properties/valor"}
    domain: "syntax"
    ignored: ["examples"]
warning: the following keywords are unknown and will be ignored: [examples]
    level: "warning"
    schema: {"loadingURI":"#","pointer":"/items"}
    domain: "syntax"
    ignored: ["examples"]
warning: the following keywords are unknown and will be ignored: [examples]
    level: "warning"
    schema: {"loadingURI":"#","pointer":"/items/properties/cpf"}
    domain: "syntax"
    ignored: ["examples"]
warning: the following keywords are unknown and will be ignored: [examples]
    level: "warning"
    schema: {"loadingURI":"#","pointer":"/items/properties/email"}
    domain: "syntax"
    ignored: ["examples"]
warning: the following keywords are unknown and will be ignored: [examples]
    level: "warning"
    schema: {"loadingURI":"#","pointer":"/items/properties/id"}
    domain: "syntax"
    ignored: ["examples"]
warning: the following keywords are unknown and will be ignored: [examples]
    level: "warning"
    schema: {"loadingURI":"#","pointer":"/items/properties/nome"}
    domain: "syntax"
    ignored: ["examples"]
warning: the following keywords are unknown and will be ignored: [examples]
    level: "warning"
    schema: {"loadingURI":"#","pointer":"/items/properties/parcelas"}
    domain: "syntax"
    ignored: ["examples"]
warning: the following keywords are unknown and will be ignored: [examples]
    level: "warning"
    schema: {"loadingURI":"#","pointer":"/items/properties/seguro"}
    domain: "syntax"
    ignored: ["examples"]
warning: the following keywords are unknown and will be ignored: [examples]
    level: "warning"
    schema: {"loadingURI":"#","pointer":"/items/properties/valor"}
    domain: "syntax"
    ignored: ["examples"]
warning: the following keywords are unknown and will be ignored: [examples]
    level: "warning"
    schema: {"loadingURI":"#","pointer":"/items"}
    domain: "syntax"
    ignored: ["examples"]
warning: the following keywords are unknown and will be ignored: [examples]
    level: "warning"
    schema: {"loadingURI":"#","pointer":"/items/properties/cpf"}
    domain: "syntax"
    ignored: ["examples"]
warning: the following keywords are unknown and will be ignored: [examples]
    level: "warning"
    schema: {"loadingURI":"#","pointer":"/items/properties/email"}
    domain: "syntax"
    ignored: ["examples"]
warning: the following keywords are unknown and will be ignored: [examples]
    level: "warning"
    schema: {"loadingURI":"#","pointer":"/items/properties/id"}
    domain: "syntax"
    ignored: ["examples"]
warning: the following keywords are unknown and will be ignored: [examples]
    level: "warning"
    schema: {"loadingURI":"#","pointer":"/items/properties/nome"}
    domain: "syntax"
    ignored: ["examples"]
warning: the following keywords are unknown and will be ignored: [examples]
    level: "warning"
    schema: {"loadingURI":"#","pointer":"/items/properties/parcelas"}
    domain: "syntax"
    ignored: ["examples"]
warning: the following keywords are unknown and will be ignored: [examples]
    level: "warning"
    schema: {"loadingURI":"#","pointer":"/items/properties/seguro"}
    domain: "syntax"
    ignored: ["examples"]
warning: the following keywords are unknown and will be ignored: [examples]
    level: "warning"
    schema: {"loadingURI":"#","pointer":"/items/properties/valor"}
    domain: "syntax"
    ignored: ["examples"]
warning: the following keywords are unknown and will be ignored: [examples]
    level: "warning"
    schema: {"loadingURI":"#","pointer":"/items"}
    domain: "syntax"
    ignored: ["examples"]
warning: the following keywords are unknown and will be ignored: [examples]
    level: "warning"
    schema: {"loadingURI":"#","pointer":"/items/properties/cpf"}
    domain: "syntax"
    ignored: ["examples"]
warning: the following keywords are unknown and will be ignored: [examples]
    level: "warning"
    schema: {"loadingURI":"#","pointer":"/items/properties/email"}
    domain: "syntax"
    ignored: ["examples"]
warning: the following keywords are unknown and will be ignored: [examples]
    level: "warning"
    schema: {"loadingURI":"#","pointer":"/items/properties/id"}
    domain: "syntax"
    ignored: ["examples"]
warning: the following keywords are unknown and will be ignored: [examples]
    level: "warning"
    schema: {"loadingURI":"#","pointer":"/items/properties/nome"}
    domain: "syntax"
    ignored: ["examples"]
warning: the following keywords are unknown and will be ignored: [examples]
    level: "warning"
    schema: {"loadingURI":"#","pointer":"/items/properties/parcelas"}
    domain: "syntax"
    ignored: ["examples"]
warning: the following keywords are unknown and will be ignored: [examples]
    level: "warning"
    schema: {"loadingURI":"#","pointer":"/items/properties/seguro"}
    domain: "syntax"
    ignored: ["examples"]
warning: the following keywords are unknown and will be ignored: [examples]
    level: "warning"
    schema: {"loadingURI":"#","pointer":"/items/properties/valor"}
    domain: "syntax"
    ignored: ["examples"]
warning: the following keywords are unknown and will be ignored: [examples]
    level: "warning"
    schema: {"loadingURI":"#","pointer":"/items"}
    domain: "syntax"
    ignored: ["examples"]
warning: the following keywords are unknown and will be ignored: [examples]
    level: "warning"
    schema: {"loadingURI":"#","pointer":"/items/properties/cpf"}
    domain: "syntax"
    ignored: ["examples"]
warning: the following keywords are unknown and will be ignored: [examples]
    level: "warning"
    schema: {"loadingURI":"#","pointer":"/items/properties/email"}
    domain: "syntax"
    ignored: ["examples"]
warning: the following keywords are unknown and will be ignored: [examples]
    level: "warning"
    schema: {"loadingURI":"#","pointer":"/items/properties/id"}
    domain: "syntax"
    ignored: ["examples"]
warning: the following keywords are unknown and will be ignored: [examples]
    level: "warning"
    schema: {"loadingURI":"#","pointer":"/items/properties/nome"}
    domain: "syntax"
    ignored: ["examples"]
warning: the following keywords are unknown and will be ignored: [examples]
    level: "warning"
    schema: {"loadingURI":"#","pointer":"/items/properties/parcelas"}
    domain: "syntax"
    ignored: ["examples"]
warning: the following keywords are unknown and will be ignored: [examples]
    level: "warning"
    schema: {"loadingURI":"#","pointer":"/items/properties/seguro"}
    domain: "syntax"
    ignored: ["examples"]
warning: the following keywords are unknown and will be ignored: [examples]
    level: "warning"
    schema: {"loadingURI":"#","pointer":"/items/properties/valor"}
    domain: "syntax"
    ignored: ["examples"]
warning: the following keywords are unknown and will be ignored: [examples]
    level: "warning"
    schema: {"loadingURI":"#","pointer":"/items"}
    domain: "syntax"
    ignored: ["examples"]
warning: the following keywords are unknown and will be ignored: [examples]
    level: "warning"
    schema: {"loadingURI":"#","pointer":"/items/properties/cpf"}
    domain: "syntax"
    ignored: ["examples"]
warning: the following keywords are unknown and will be ignored: [examples]
    level: "warning"
    schema: {"loadingURI":"#","pointer":"/items/properties/email"}
    domain: "syntax"
    ignored: ["examples"]
warning: the following keywords are unknown and will be ignored: [examples]
    level: "warning"
    schema: {"loadingURI":"#","pointer":"/items/properties/id"}
    domain: "syntax"
    ignored: ["examples"]
warning: the following keywords are unknown and will be ignored: [examples]
    level: "warning"
    schema: {"loadingURI":"#","pointer":"/items/properties/nome"}
    domain: "syntax"
    ignored: ["examples"]
warning: the following keywords are unknown and will be ignored: [examples]
    level: "warning"
    schema: {"loadingURI":"#","pointer":"/items/properties/parcelas"}
    domain: "syntax"
    ignored: ["examples"]
warning: the following keywords are unknown and will be ignored: [examples]
    level: "warning"
    schema: {"loadingURI":"#","pointer":"/items/properties/seguro"}
    domain: "syntax"
    ignored: ["examples"]
warning: the following keywords are unknown and will be ignored: [examples]
    level: "warning"
    schema: {"loadingURI":"#","pointer":"/items/properties/valor"}
    domain: "syntax"
    ignored: ["examples"]
warning: the following keywords are unknown and will be ignored: [examples]
    level: "warning"
    schema: {"loadingURI":"#","pointer":"/items"}
    domain: "syntax"
    ignored: ["examples"]
warning: the following keywords are unknown and will be ignored: [examples]
    level: "warning"
    schema: {"loadingURI":"#","pointer":"/items/properties/cpf"}
    domain: "syntax"
    ignored: ["examples"]
warning: the following keywords are unknown and will be ignored: [examples]
    level: "warning"
    schema: {"loadingURI":"#","pointer":"/items/properties/email"}
    domain: "syntax"
    ignored: ["examples"]
warning: the following keywords are unknown and will be ignored: [examples]
    level: "warning"
    schema: {"loadingURI":"#","pointer":"/items/properties/id"}
    domain: "syntax"
    ignored: ["examples"]
warning: the following keywords are unknown and will be ignored: [examples]
    level: "warning"
    schema: {"loadingURI":"#","pointer":"/items/properties/nome"}
    domain: "syntax"
    ignored: ["examples"]
warning: the following keywords are unknown and will be ignored: [examples]
    level: "warning"
    schema: {"loadingURI":"#","pointer":"/items/properties/parcelas"}
    domain: "syntax"
    ignored: ["examples"]
warning: the following keywords are unknown and will be ignored: [examples]
    level: "warning"
    schema: {"loadingURI":"#","pointer":"/items/properties/seguro"}
    domain: "syntax"
    ignored: ["examples"]
warning: the following keywords are unknown and will be ignored: [examples]
    level: "warning"
    schema: {"loadingURI":"#","pointer":"/items/properties/valor"}
    domain: "syntax"
    ignored: ["examples"]
warning: the following keywords are unknown and will be ignored: [examples]
    level: "warning"
    schema: {"loadingURI":"#","pointer":"/items"}
    domain: "syntax"
    ignored: ["examples"]
warning: the following keywords are unknown and will be ignored: [examples]
    level: "warning"
    schema: {"loadingURI":"#","pointer":"/items/properties/cpf"}
    domain: "syntax"
    ignored: ["examples"]
warning: the following keywords are unknown and will be ignored: [examples]
    level: "warning"
    schema: {"loadingURI":"#","pointer":"/items/properties/email"}
    domain: "syntax"
    ignored: ["examples"]
warning: the following keywords are unknown and will be ignored: [examples]
    level: "warning"
    schema: {"loadingURI":"#","pointer":"/items/properties/id"}
    domain: "syntax"
    ignored: ["examples"]
warning: the following keywords are unknown and will be ignored: [examples]
    level: "warning"
    schema: {"loadingURI":"#","pointer":"/items/properties/nome"}
    domain: "syntax"
    ignored: ["examples"]
warning: the following keywords are unknown and will be ignored: [examples]
    level: "warning"
    schema: {"loadingURI":"#","pointer":"/items/properties/parcelas"}
    domain: "syntax"
    ignored: ["examples"]
warning: the following keywords are unknown and will be ignored: [examples]
    level: "warning"
    schema: {"loadingURI":"#","pointer":"/items/properties/seguro"}
    domain: "syntax"
    ignored: ["examples"]
warning: the following keywords are unknown and will be ignored: [examples]
    level: "warning"
    schema: {"loadingURI":"#","pointer":"/items/properties/valor"}
    domain: "syntax"
    ignored: ["examples"]
warning: the following keywords are unknown and will be ignored: [examples]
    level: "warning"
    schema: {"loadingURI":"#","pointer":"/items"}
    domain: "syntax"
    ignored: ["examples"]
warning: the following keywords are unknown and will be ignored: [examples]
    level: "warning"
    schema: {"loadingURI":"#","pointer":"/items/properties/cpf"}
    domain: "syntax"
    ignored: ["examples"]
warning: the following keywords are unknown and will be ignored: [examples]
    level: "warning"
    schema: {"loadingURI":"#","pointer":"/items/properties/email"}
    domain: "syntax"
    ignored: ["examples"]
warning: the following keywords are unknown and will be ignored: [examples]
    level: "warning"
    schema: {"loadingURI":"#","pointer":"/items/properties/id"}
    domain: "syntax"
    ignored: ["examples"]
warning: the following keywords are unknown and will be ignored: [examples]
    level: "warning"
    schema: {"loadingURI":"#","pointer":"/items/properties/nome"}
    domain: "syntax"
    ignored: ["examples"]
warning: the following keywords are unknown and will be ignored: [examples]
    level: "warning"
    schema: {"loadingURI":"#","pointer":"/items/properties/parcelas"}
    domain: "syntax"
    ignored: ["examples"]
warning: the following keywords are unknown and will be ignored: [examples]
    level: "warning"
    schema: {"loadingURI":"#","pointer":"/items/properties/seguro"}
    domain: "syntax"
    ignored: ["examples"]
warning: the following keywords are unknown and will be ignored: [examples]
    level: "warning"
    schema: {"loadingURI":"#","pointer":"/items/properties/valor"}
    domain: "syntax"
    ignored: ["examples"]
warning: the following keywords are unknown and will be ignored: [examples]
    level: "warning"
    schema: {"loadingURI":"#","pointer":"/items"}
    domain: "syntax"
    ignored: ["examples"]
warning: the following keywords are unknown and will be ignored: [examples]
    level: "warning"
    schema: {"loadingURI":"#","pointer":"/items/properties/cpf"}
    domain: "syntax"
    ignored: ["examples"]
warning: the following keywords are unknown and will be ignored: [examples]
    level: "warning"
    schema: {"loadingURI":"#","pointer":"/items/properties/email"}
    domain: "syntax"
    ignored: ["examples"]
warning: the following keywords are unknown and will be ignored: [examples]
    level: "warning"
    schema: {"loadingURI":"#","pointer":"/items/properties/id"}
    domain: "syntax"
    ignored: ["examples"]
warning: the following keywords are unknown and will be ignored: [examples]
    level: "warning"
    schema: {"loadingURI":"#","pointer":"/items/properties/nome"}
    domain: "syntax"
    ignored: ["examples"]
warning: the following keywords are unknown and will be ignored: [examples]
    level: "warning"
    schema: {"loadingURI":"#","pointer":"/items/properties/parcelas"}
    domain: "syntax"
    ignored: ["examples"]
warning: the following keywords are unknown and will be ignored: [examples]
    level: "warning"
    schema: {"loadingURI":"#","pointer":"/items/properties/seguro"}
    domain: "syntax"
    ignored: ["examples"]
warning: the following keywords are unknown and will be ignored: [examples]
    level: "warning"
    schema: {"loadingURI":"#","pointer":"/items/properties/valor"}
    domain: "syntax"
    ignored: ["examples"]
warning: the following keywords are unknown and will be ignored: [examples]
    level: "warning"
    schema: {"loadingURI":"#","pointer":"/items"}
    domain: "syntax"
    ignored: ["examples"]
warning: the following keywords are unknown and will be ignored: [examples]
    level: "warning"
    schema: {"loadingURI":"#","pointer":"/items/properties/cpf"}
    domain: "syntax"
    ignored: ["examples"]
warning: the following keywords are unknown and will be ignored: [examples]
    level: "warning"
    schema: {"loadingURI":"#","pointer":"/items/properties/email"}
    domain: "syntax"
    ignored: ["examples"]
warning: the following keywords are unknown and will be ignored: [examples]
    level: "warning"
    schema: {"loadingURI":"#","pointer":"/items/properties/id"}
    domain: "syntax"
    ignored: ["examples"]
warning: the following keywords are unknown and will be ignored: [examples]
    level: "warning"
    schema: {"loadingURI":"#","pointer":"/items/properties/nome"}
    domain: "syntax"
    ignored: ["examples"]
warning: the following keywords are unknown and will be ignored: [examples]
    level: "warning"
    schema: {"loadingURI":"#","pointer":"/items/properties/parcelas"}
    domain: "syntax"
    ignored: ["examples"]
warning: the following keywords are unknown and will be ignored: [examples]
    level: "warning"
    schema: {"loadingURI":"#","pointer":"/items/properties/seguro"}
    domain: "syntax"
    ignored: ["examples"]
warning: the following keywords are unknown and will be ignored: [examples]
    level: "warning"
    schema: {"loadingURI":"#","pointer":"/items/properties/valor"}
    domain: "syntax"
    ignored: ["examples"]
warning: the following keywords are unknown and will be ignored: [examples]
    level: "warning"
    schema: {"loadingURI":"#","pointer":"/items"}
    domain: "syntax"
    ignored: ["examples"]
warning: the following keywords are unknown and will be ignored: [examples]
    level: "warning"
    schema: {"loadingURI":"#","pointer":"/items/properties/cpf"}
    domain: "syntax"
    ignored: ["examples"]
warning: the following keywords are unknown and will be ignored: [examples]
    level: "warning"
    schema: {"loadingURI":"#","pointer":"/items/properties/email"}
    domain: "syntax"
    ignored: ["examples"]
warning: the following keywords are unknown and will be ignored: [examples]
    level: "warning"
    schema: {"loadingURI":"#","pointer":"/items/properties/id"}
    domain: "syntax"
    ignored: ["examples"]
warning: the following keywords are unknown and will be ignored: [examples]
    level: "warning"
    schema: {"loadingURI":"#","pointer":"/items/properties/nome"}
    domain: "syntax"
    ignored: ["examples"]
warning: the following keywords are unknown and will be ignored: [examples]
    level: "warning"
    schema: {"loadingURI":"#","pointer":"/items/properties/parcelas"}
    domain: "syntax"
    ignored: ["examples"]
warning: the following keywords are unknown and will be ignored: [examples]
    level: "warning"
    schema: {"loadingURI":"#","pointer":"/items/properties/seguro"}
    domain: "syntax"
    ignored: ["examples"]
warning: the following keywords are unknown and will be ignored: [examples]
    level: "warning"
    schema: {"loadingURI":"#","pointer":"/items/properties/valor"}
    domain: "syntax"
    ignored: ["examples"]
warning: the following keywords are unknown and will be ignored: [examples]
    level: "warning"
    schema: {"loadingURI":"#","pointer":"/items"}
    domain: "syntax"
    ignored: ["examples"]
warning: the following keywords are unknown and will be ignored: [examples]
    level: "warning"
    schema: {"loadingURI":"#","pointer":"/items/properties/cpf"}
    domain: "syntax"
    ignored: ["examples"]
warning: the following keywords are unknown and will be ignored: [examples]
    level: "warning"
    schema: {"loadingURI":"#","pointer":"/items/properties/email"}
    domain: "syntax"
    ignored: ["examples"]
warning: the following keywords are unknown and will be ignored: [examples]
    level: "warning"
    schema: {"loadingURI":"#","pointer":"/items/properties/id"}
    domain: "syntax"
    ignored: ["examples"]
warning: the following keywords are unknown and will be ignored: [examples]
    level: "warning"
    schema: {"loadingURI":"#","pointer":"/items/properties/nome"}
    domain: "syntax"
    ignored: ["examples"]
warning: the following keywords are unknown and will be ignored: [examples]
    level: "warning"
    schema: {"loadingURI":"#","pointer":"/items/properties/parcelas"}
    domain: "syntax"
    ignored: ["examples"]
warning: the following keywords are unknown and will be ignored: [examples]
    level: "warning"
    schema: {"loadingURI":"#","pointer":"/items/properties/seguro"}
    domain: "syntax"
    ignored: ["examples"]
warning: the following keywords are unknown and will be ignored: [examples]
    level: "warning"
    schema: {"loadingURI":"#","pointer":"/items/properties/valor"}
    domain: "syntax"
    ignored: ["examples"]
warning: the following keywords are unknown and will be ignored: [examples]
    level: "warning"
    schema: {"loadingURI":"#","pointer":"/items"}
    domain: "syntax"
    ignored: ["examples"]
warning: the following keywords are unknown and will be ignored: [examples]
    level: "warning"
    schema: {"loadingURI":"#","pointer":"/items/properties/cpf"}
    domain: "syntax"
    ignored: ["examples"]
warning: the following keywords are unknown and will be ignored: [examples]
    level: "warning"
    schema: {"loadingURI":"#","pointer":"/items/properties/email"}
    domain: "syntax"
    ignored: ["examples"]
warning: the following keywords are unknown and will be ignored: [examples]
    level: "warning"
    schema: {"loadingURI":"#","pointer":"/items/properties/id"}
    domain: "syntax"
    ignored: ["examples"]
warning: the following keywords are unknown and will be ignored: [examples]
    level: "warning"
    schema: {"loadingURI":"#","pointer":"/items/properties/nome"}
    domain: "syntax"
    ignored: ["examples"]
warning: the following keywords are unknown and will be ignored: [examples]
    level: "warning"
    schema: {"loadingURI":"#","pointer":"/items/properties/parcelas"}
    domain: "syntax"
    ignored: ["examples"]
warning: the following keywords are unknown and will be ignored: [examples]
    level: "warning"
    schema: {"loadingURI":"#","pointer":"/items/properties/seguro"}
    domain: "syntax"
    ignored: ["examples"]
warning: the following keywords are unknown and will be ignored: [examples]
    level: "warning"
    schema: {"loadingURI":"#","pointer":"/items/properties/valor"}
    domain: "syntax"
    ignored: ["examples"]
warning: the following keywords are unknown and will be ignored: [examples]
    level: "warning"
    schema: {"loadingURI":"#","pointer":"/items"}
    domain: "syntax"
    ignored: ["examples"]
warning: the following keywords are unknown and will be ignored: [examples]
    level: "warning"
    schema: {"loadingURI":"#","pointer":"/items/properties/cpf"}
    domain: "syntax"
    ignored: ["examples"]
warning: the following keywords are unknown and will be ignored: [examples]
    level: "warning"
    schema: {"loadingURI":"#","pointer":"/items/properties/email"}
    domain: "syntax"
    ignored: ["examples"]
warning: the following keywords are unknown and will be ignored: [examples]
    level: "warning"
    schema: {"loadingURI":"#","pointer":"/items/properties/id"}
    domain: "syntax"
    ignored: ["examples"]
warning: the following keywords are unknown and will be ignored: [examples]
    level: "warning"
    schema: {"loadingURI":"#","pointer":"/items/properties/nome"}
    domain: "syntax"
    ignored: ["examples"]
warning: the following keywords are unknown and will be ignored: [examples]
    level: "warning"
    schema: {"loadingURI":"#","pointer":"/items/properties/parcelas"}
    domain: "syntax"
    ignored: ["examples"]
warning: the following keywords are unknown and will be ignored: [examples]
    level: "warning"
    schema: {"loadingURI":"#","pointer":"/items/properties/seguro"}
    domain: "syntax"
    ignored: ["examples"]
warning: the following keywords are unknown and will be ignored: [examples]
    level: "warning"
    schema: {"loadingURI":"#","pointer":"/items/properties/valor"}
    domain: "syntax"
    ignored: ["examples"]
warning: the following keywords are unknown and will be ignored: [examples]
    level: "warning"
    schema: {"loadingURI":"#","pointer":"/items"}
    domain: "syntax"
    ignored: ["examples"]
warning: the following keywords are unknown and will be ignored: [examples]
    level: "warning"
    schema: {"loadingURI":"#","pointer":"/items/properties/cpf"}
    domain: "syntax"
    ignored: ["examples"]
warning: the following keywords are unknown and will be ignored: [examples]
    level: "warning"
    schema: {"loadingURI":"#","pointer":"/items/properties/email"}
    domain: "syntax"
    ignored: ["examples"]
warning: the following keywords are unknown and will be ignored: [examples]
    level: "warning"
    schema: {"loadingURI":"#","pointer":"/items/properties/id"}
    domain: "syntax"
    ignored: ["examples"]
warning: the following keywords are unknown and will be ignored: [examples]
    level: "warning"
    schema: {"loadingURI":"#","pointer":"/items/properties/nome"}
    domain: "syntax"
    ignored: ["examples"]
warning: the following keywords are unknown and will be ignored: [examples]
    level: "warning"
    schema: {"loadingURI":"#","pointer":"/items/properties/parcelas"}
    domain: "syntax"
    ignored: ["examples"]
warning: the following keywords are unknown and will be ignored: [examples]
    level: "warning"
    schema: {"loadingURI":"#","pointer":"/items/properties/seguro"}
    domain: "syntax"
    ignored: ["examples"]
warning: the following keywords are unknown and will be ignored: [examples]
    level: "warning"
    schema: {"loadingURI":"#","pointer":"/items/properties/valor"}
    domain: "syntax"
    ignored: ["examples"]
warning: the following keywords are unknown and will be ignored: [examples]
    level: "warning"
    schema: {"loadingURI":"#","pointer":"/items"}
    domain: "syntax"
    ignored: ["examples"]
warning: the following keywords are unknown and will be ignored: [examples]
    level: "warning"
    schema: {"loadingURI":"#","pointer":"/items/properties/cpf"}
    domain: "syntax"
    ignored: ["examples"]
warning: the following keywords are unknown and will be ignored: [examples]
    level: "warning"
    schema: {"loadingURI":"#","pointer":"/items/properties/email"}
    domain: "syntax"
    ignored: ["examples"]
warning: the following keywords are unknown and will be ignored: [examples]
    level: "warning"
    schema: {"loadingURI":"#","pointer":"/items/properties/id"}
    domain: "syntax"
    ignored: ["examples"]
warning: the following keywords are unknown and will be ignored: [examples]
    level: "warning"
    schema: {"loadingURI":"#","pointer":"/items/properties/nome"}
    domain: "syntax"
    ignored: ["examples"]
warning: the following keywords are unknown and will be ignored: [examples]
    level: "warning"
    schema: {"loadingURI":"#","pointer":"/items/properties/parcelas"}
    domain: "syntax"
    ignored: ["examples"]
warning: the following keywords are unknown and will be ignored: [examples]
    level: "warning"
    schema: {"loadingURI":"#","pointer":"/items/properties/seguro"}
    domain: "syntax"
    ignored: ["examples"]
warning: the following keywords are unknown and will be ignored: [examples]
    level: "warning"
    schema: {"loadingURI":"#","pointer":"/items/properties/valor"}
    domain: "syntax"
    ignored: ["examples"]
warning: the following keywords are unknown and will be ignored: [examples]
    level: "warning"
    schema: {"loadingURI":"#","pointer":"/items"}
    domain: "syntax"
    ignored: ["examples"]
warning: the following keywords are unknown and will be ignored: [examples]
    level: "warning"
    schema: {"loadingURI":"#","pointer":"/items/properties/cpf"}
    domain: "syntax"
    ignored: ["examples"]
warning: the following keywords are unknown and will be ignored: [examples]
    level: "warning"
    schema: {"loadingURI":"#","pointer":"/items/properties/email"}
    domain: "syntax"
    ignored: ["examples"]
warning: the following keywords are unknown and will be ignored: [examples]
    level: "warning"
    schema: {"loadingURI":"#","pointer":"/items/properties/id"}
    domain: "syntax"
    ignored: ["examples"]
warning: the following keywords are unknown and will be ignored: [examples]
    level: "warning"
    schema: {"loadingURI":"#","pointer":"/items/properties/nome"}
    domain: "syntax"
    ignored: ["examples"]
warning: the following keywords are unknown and will be ignored: [examples]
    level: "warning"
    schema: {"loadingURI":"#","pointer":"/items/properties/parcelas"}
    domain: "syntax"
    ignored: ["examples"]
warning: the following keywords are unknown and will be ignored: [examples]
    level: "warning"
    schema: {"loadingURI":"#","pointer":"/items/properties/seguro"}
    domain: "syntax"
    ignored: ["examples"]
warning: the following keywords are unknown and will be ignored: [examples]
    level: "warning"
    schema: {"loadingURI":"#","pointer":"/items/properties/valor"}
    domain: "syntax"
    ignored: ["examples"]
warning: the following keywords are unknown and will be ignored: [examples]
    level: "warning"
    schema: {"loadingURI":"#","pointer":"/items"}
    domain: "syntax"
    ignored: ["examples"]
warning: the following keywords are unknown and will be ignored: [examples]
    level: "warning"
    schema: {"loadingURI":"#","pointer":"/items/properties/cpf"}
    domain: "syntax"
    ignored: ["examples"]
warning: the following keywords are unknown and will be ignored: [examples]
    level: "warning"
    schema: {"loadingURI":"#","pointer":"/items/properties/email"}
    domain: "syntax"
    ignored: ["examples"]
warning: the following keywords are unknown and will be ignored: [examples]
    level: "warning"
    schema: {"loadingURI":"#","pointer":"/items/properties/id"}
    domain: "syntax"
    ignored: ["examples"]
warning: the following keywords are unknown and will be ignored: [examples]
    level: "warning"
    schema: {"loadingURI":"#","pointer":"/items/properties/nome"}
    domain: "syntax"
    ignored: ["examples"]
warning: the following keywords are unknown and will be ignored: [examples]
    level: "warning"
    schema: {"loadingURI":"#","pointer":"/items/properties/parcelas"}
    domain: "syntax"
    ignored: ["examples"]
warning: the following keywords are unknown and will be ignored: [examples]
    level: "warning"
    schema: {"loadingURI":"#","pointer":"/items/properties/seguro"}
    domain: "syntax"
    ignored: ["examples"]
warning: the following keywords are unknown and will be ignored: [examples]
    level: "warning"
    schema: {"loadingURI":"#","pointer":"/items/properties/valor"}
    domain: "syntax"
    ignored: ["examples"]
warning: the following keywords are unknown and will be ignored: [examples]
    level: "warning"
    schema: {"loadingURI":"#","pointer":"/items"}
    domain: "syntax"
    ignored: ["examples"]
warning: the following keywords are unknown and will be ignored: [examples]
    level: "warning"
    schema: {"loadingURI":"#","pointer":"/items/properties/cpf"}
    domain: "syntax"
    ignored: ["examples"]
warning: the following keywords are unknown and will be ignored: [examples]
    level: "warning"
    schema: {"loadingURI":"#","pointer":"/items/properties/email"}
    domain: "syntax"
    ignored: ["examples"]
warning: the following keywords are unknown and will be ignored: [examples]
    level: "warning"
    schema: {"loadingURI":"#","pointer":"/items/properties/id"}
    domain: "syntax"
    ignored: ["examples"]
warning: the following keywords are unknown and will be ignored: [examples]
    level: "warning"
    schema: {"loadingURI":"#","pointer":"/items/properties/nome"}
    domain: "syntax"
    ignored: ["examples"]
warning: the following keywords are unknown and will be ignored: [examples]
    level: "warning"
    schema: {"loadingURI":"#","pointer":"/items/properties/parcelas"}
    domain: "syntax"
    ignored: ["examples"]
warning: the following keywords are unknown and will be ignored: [examples]
    level: "warning"
    schema: {"loadingURI":"#","pointer":"/items/properties/seguro"}
    domain: "syntax"
    ignored: ["examples"]
warning: the following keywords are unknown and will be ignored: [examples]
    level: "warning"
    schema: {"loadingURI":"#","pointer":"/items/properties/valor"}
    domain: "syntax"
    ignored: ["examples"]
warning: the following keywords are unknown and will be ignored: [examples]
    level: "warning"
    schema: {"loadingURI":"#","pointer":"/items"}
    domain: "syntax"
    ignored: ["examples"]
warning: the following keywords are unknown and will be ignored: [examples]
    level: "warning"
    schema: {"loadingURI":"#","pointer":"/items/properties/cpf"}
    domain: "syntax"
    ignored: ["examples"]
warning: the following keywords are unknown and will be ignored: [examples]
    level: "warning"
    schema: {"loadingURI":"#","pointer":"/items/properties/email"}
    domain: "syntax"
    ignored: ["examples"]
warning: the following keywords are unknown and will be ignored: [examples]
    level: "warning"
    schema: {"loadingURI":"#","pointer":"/items/properties/id"}
    domain: "syntax"
    ignored: ["examples"]
warning: the following keywords are unknown and will be ignored: [examples]
    level: "warning"
    schema: {"loadingURI":"#","pointer":"/items/properties/nome"}
    domain: "syntax"
    ignored: ["examples"]
warning: the following keywords are unknown and will be ignored: [examples]
    level: "warning"
    schema: {"loadingURI":"#","pointer":"/items/properties/parcelas"}
    domain: "syntax"
    ignored: ["examples"]
warning: the following keywords are unknown and will be ignored: [examples]
    level: "warning"
    schema: {"loadingURI":"#","pointer":"/items/properties/seguro"}
    domain: "syntax"
    ignored: ["examples"]
warning: the following keywords are unknown and will be ignored: [examples]
    level: "warning"
    schema: {"loadingURI":"#","pointer":"/items/properties/valor"}
    domain: "syntax"
    ignored: ["examples"]
warning: the following keywords are unknown and will be ignored: [examples]
    level: "warning"
    schema: {"loadingURI":"#","pointer":"/items"}
    domain: "syntax"
    ignored: ["examples"]
warning: the following keywords are unknown and will be ignored: [examples]
    level: "warning"
    schema: {"loadingURI":"#","pointer":"/items/properties/cpf"}
    domain: "syntax"
    ignored: ["examples"]
warning: the following keywords are unknown and will be ignored: [examples]
    level: "warning"
    schema: {"loadingURI":"#","pointer":"/items/properties/email"}
    domain: "syntax"
    ignored: ["examples"]
warning: the following keywords are unknown and will be ignored: [examples]
    level: "warning"
    schema: {"loadingURI":"#","pointer":"/items/properties/id"}
    domain: "syntax"
    ignored: ["examples"]
warning: the following keywords are unknown and will be ignored: [examples]
    level: "warning"
    schema: {"loadingURI":"#","pointer":"/items/properties/nome"}
    domain: "syntax"
    ignored: ["examples"]
warning: the following keywords are unknown and will be ignored: [examples]
    level: "warning"
    schema: {"loadingURI":"#","pointer":"/items/properties/parcelas"}
    domain: "syntax"
    ignored: ["examples"]
warning: the following keywords are unknown and will be ignored: [examples]
    level: "warning"
    schema: {"loadingURI":"#","pointer":"/items/properties/seguro"}
    domain: "syntax"
    ignored: ["examples"]
warning: the following keywords are unknown and will be ignored: [examples]
    level: "warning"
    schema: {"loadingURI":"#","pointer":"/items/properties/valor"}
    domain: "syntax"
    ignored: ["examples"]
warning: the following keywords are unknown and will be ignored: [examples]
    level: "warning"
    schema: {"loadingURI":"#","pointer":"/items"}
    domain: "syntax"
    ignored: ["examples"]
warning: the following keywords are unknown and will be ignored: [examples]
    level: "warning"
    schema: {"loadingURI":"#","pointer":"/items/properties/cpf"}
    domain: "syntax"
    ignored: ["examples"]
warning: the following keywords are unknown and will be ignored: [examples]
    level: "warning"
    schema: {"loadingURI":"#","pointer":"/items/properties/email"}
    domain: "syntax"
    ignored: ["examples"]
warning: the following keywords are unknown and will be ignored: [examples]
    level: "warning"
    schema: {"loadingURI":"#","pointer":"/items/properties/id"}
    domain: "syntax"
    ignored: ["examples"]
warning: the following keywords are unknown and will be ignored: [examples]
    level: "warning"
    schema: {"loadingURI":"#","pointer":"/items/properties/nome"}
    domain: "syntax"
    ignored: ["examples"]
warning: the following keywords are unknown and will be ignored: [examples]
    level: "warning"
    schema: {"loadingURI":"#","pointer":"/items/properties/parcelas"}
    domain: "syntax"
    ignored: ["examples"]
warning: the following keywords are unknown and will be ignored: [examples]
    level: "warning"
    schema: {"loadingURI":"#","pointer":"/items/properties/seguro"}
    domain: "syntax"
    ignored: ["examples"]
warning: the following keywords are unknown and will be ignored: [examples]
    level: "warning"
    schema: {"loadingURI":"#","pointer":"/items/properties/valor"}
    domain: "syntax"
    ignored: ["examples"]
warning: the following keywords are unknown and will be ignored: [examples]
    level: "warning"
    schema: {"loadingURI":"#","pointer":"/items"}
    domain: "syntax"
    ignored: ["examples"]
warning: the following keywords are unknown and will be ignored: [examples]
    level: "warning"
    schema: {"loadingURI":"#","pointer":"/items/properties/cpf"}
    domain: "syntax"
    ignored: ["examples"]
warning: the following keywords are unknown and will be ignored: [examples]
    level: "warning"
    schema: {"loadingURI":"#","pointer":"/items/properties/email"}
    domain: "syntax"
    ignored: ["examples"]
warning: the following keywords are unknown and will be ignored: [examples]
    level: "warning"
    schema: {"loadingURI":"#","pointer":"/items/properties/id"}
    domain: "syntax"
    ignored: ["examples"]
warning: the following keywords are unknown and will be ignored: [examples]
    level: "warning"
    schema: {"loadingURI":"#","pointer":"/items/properties/nome"}
    domain: "syntax"
    ignored: ["examples"]
warning: the following keywords are unknown and will be ignored: [examples]
    level: "warning"
    schema: {"loadingURI":"#","pointer":"/items/properties/parcelas"}
    domain: "syntax"
    ignored: ["examples"]
warning: the following keywords are unknown and will be ignored: [examples]
    level: "warning"
    schema: {"loadingURI":"#","pointer":"/items/properties/seguro"}
    domain: "syntax"
    ignored: ["examples"]
warning: the following keywords are unknown and will be ignored: [examples]
    level: "warning"
    schema: {"loadingURI":"#","pointer":"/items/properties/valor"}
    domain: "syntax"
    ignored: ["examples"]
warning: the following keywords are unknown and will be ignored: [examples]
    level: "warning"
    schema: {"loadingURI":"#","pointer":"/items"}
    domain: "syntax"
    ignored: ["examples"]
warning: the following keywords are unknown and will be ignored: [examples]
    level: "warning"
    schema: {"loadingURI":"#","pointer":"/items/properties/cpf"}
    domain: "syntax"
    ignored: ["examples"]
warning: the following keywords are unknown and will be ignored: [examples]
    level: "warning"
    schema: {"loadingURI":"#","pointer":"/items/properties/email"}
    domain: "syntax"
    ignored: ["examples"]
warning: the following keywords are unknown and will be ignored: [examples]
    level: "warning"
    schema: {"loadingURI":"#","pointer":"/items/properties/id"}
    domain: "syntax"
    ignored: ["examples"]
warning: the following keywords are unknown and will be ignored: [examples]
    level: "warning"
    schema: {"loadingURI":"#","pointer":"/items/properties/nome"}
    domain: "syntax"
    ignored: ["examples"]
warning: the following keywords are unknown and will be ignored: [examples]
    level: "warning"
    schema: {"loadingURI":"#","pointer":"/items/properties/parcelas"}
    domain: "syntax"
    ignored: ["examples"]
warning: the following keywords are unknown and will be ignored: [examples]
    level: "warning"
    schema: {"loadingURI":"#","pointer":"/items/properties/seguro"}
    domain: "syntax"
    ignored: ["examples"]
warning: the following keywords are unknown and will be ignored: [examples]
    level: "warning"
    schema: {"loadingURI":"#","pointer":"/items/properties/valor"}
    domain: "syntax"
    ignored: ["examples"]
warning: the following keywords are unknown and will be ignored: [examples]
    level: "warning"
    schema: {"loadingURI":"#","pointer":"/items"}
    domain: "syntax"
    ignored: ["examples"]
warning: the following keywords are unknown and will be ignored: [examples]
    level: "warning"
    schema: {"loadingURI":"#","pointer":"/items/properties/cpf"}
    domain: "syntax"
    ignored: ["examples"]
warning: the following keywords are unknown and will be ignored: [examples]
    level: "warning"
    schema: {"loadingURI":"#","pointer":"/items/properties/email"}
    domain: "syntax"
    ignored: ["examples"]
warning: the following keywords are unknown and will be ignored: [examples]
    level: "warning"
    schema: {"loadingURI":"#","pointer":"/items/properties/id"}
    domain: "syntax"
    ignored: ["examples"]
warning: the following keywords are unknown and will be ignored: [examples]
    level: "warning"
    schema: {"loadingURI":"#","pointer":"/items/properties/nome"}
    domain: "syntax"
    ignored: ["examples"]
warning: the following keywords are unknown and will be ignored: [examples]
    level: "warning"
    schema: {"loadingURI":"#","pointer":"/items/properties/parcelas"}
    domain: "syntax"
    ignored: ["examples"]
warning: the following keywords are unknown and will be ignored: [examples]
    level: "warning"
    schema: {"loadingURI":"#","pointer":"/items/properties/seguro"}
    domain: "syntax"
    ignored: ["examples"]
warning: the following keywords are unknown and will be ignored: [examples]
    level: "warning"
    schema: {"loadingURI":"#","pointer":"/items/properties/valor"}
    domain: "syntax"
    ignored: ["examples"]
warning: the following keywords are unknown and will be ignored: [examples]
    level: "warning"
    schema: {"loadingURI":"#","pointer":"/items"}
    domain: "syntax"
    ignored: ["examples"]
warning: the following keywords are unknown and will be ignored: [examples]
    level: "warning"
    schema: {"loadingURI":"#","pointer":"/items/properties/cpf"}
    domain: "syntax"
    ignored: ["examples"]
warning: the following keywords are unknown and will be ignored: [examples]
    level: "warning"
    schema: {"loadingURI":"#","pointer":"/items/properties/email"}
    domain: "syntax"
    ignored: ["examples"]
warning: the following keywords are unknown and will be ignored: [examples]
    level: "warning"
    schema: {"loadingURI":"#","pointer":"/items/properties/id"}
    domain: "syntax"
    ignored: ["examples"]
warning: the following keywords are unknown and will be ignored: [examples]
    level: "warning"
    schema: {"loadingURI":"#","pointer":"/items/properties/nome"}
    domain: "syntax"
    ignored: ["examples"]
warning: the following keywords are unknown and will be ignored: [examples]
    level: "warning"
    schema: {"loadingURI":"#","pointer":"/items/properties/parcelas"}
    domain: "syntax"
    ignored: ["examples"]
warning: the following keywords are unknown and will be ignored: [examples]
    level: "warning"
    schema: {"loadingURI":"#","pointer":"/items/properties/seguro"}
    domain: "syntax"
    ignored: ["examples"]
warning: the following keywords are unknown and will be ignored: [examples]
    level: "warning"
    schema: {"loadingURI":"#","pointer":"/items/properties/valor"}
    domain: "syntax"
    ignored: ["examples"]
warning: the following keywords are unknown and will be ignored: [examples]
    level: "warning"
    schema: {"loadingURI":"#","pointer":"/items"}
    domain: "syntax"
    ignored: ["examples"]
warning: the following keywords are unknown and will be ignored: [examples]
    level: "warning"
    schema: {"loadingURI":"#","pointer":"/items/properties/cpf"}
    domain: "syntax"
    ignored: ["examples"]
warning: the following keywords are unknown and will be ignored: [examples]
    level: "warning"
    schema: {"loadingURI":"#","pointer":"/items/properties/email"}
    domain: "syntax"
    ignored: ["examples"]
warning: the following keywords are unknown and will be ignored: [examples]
    level: "warning"
    schema: {"loadingURI":"#","pointer":"/items/properties/id"}
    domain: "syntax"
    ignored: ["examples"]
warning: the following keywords are unknown and will be ignored: [examples]
    level: "warning"
    schema: {"loadingURI":"#","pointer":"/items/properties/nome"}
    domain: "syntax"
    ignored: ["examples"]
warning: the following keywords are unknown and will be ignored: [examples]
    level: "warning"
    schema: {"loadingURI":"#","pointer":"/items/properties/parcelas"}
    domain: "syntax"
    ignored: ["examples"]
warning: the following keywords are unknown and will be ignored: [examples]
    level: "warning"
    schema: {"loadingURI":"#","pointer":"/items/properties/seguro"}
    domain: "syntax"
    ignored: ["examples"]
warning: the following keywords are unknown and will be ignored: [examples]
    level: "warning"
    schema: {"loadingURI":"#","pointer":"/items/properties/valor"}
    domain: "syntax"
    ignored: ["examples"]
warning: the following keywords are unknown and will be ignored: [examples]
    level: "warning"
    schema: {"loadingURI":"#","pointer":"/items"}
    domain: "syntax"
    ignored: ["examples"]
warning: the following keywords are unknown and will be ignored: [examples]
    level: "warning"
    schema: {"loadingURI":"#","pointer":"/items/properties/cpf"}
    domain: "syntax"
    ignored: ["examples"]
warning: the following keywords are unknown and will be ignored: [examples]
    level: "warning"
    schema: {"loadingURI":"#","pointer":"/items/properties/email"}
    domain: "syntax"
    ignored: ["examples"]
warning: the following keywords are unknown and will be ignored: [examples]
    level: "warning"
    schema: {"loadingURI":"#","pointer":"/items/properties/id"}
    domain: "syntax"
    ignored: ["examples"]
warning: the following keywords are unknown and will be ignored: [examples]
    level: "warning"
    schema: {"loadingURI":"#","pointer":"/items/properties/nome"}
    domain: "syntax"
    ignored: ["examples"]
warning: the following keywords are unknown and will be ignored: [examples]
    level: "warning"
    schema: {"loadingURI":"#","pointer":"/items/properties/parcelas"}
    domain: "syntax"
    ignored: ["examples"]
warning: the following keywords are unknown and will be ignored: [examples]
    level: "warning"
    schema: {"loadingURI":"#","pointer":"/items/properties/seguro"}
    domain: "syntax"
    ignored: ["examples"]
warning: the following keywords are unknown and will be ignored: [examples]
    level: "warning"
    schema: {"loadingURI":"#","pointer":"/items/properties/valor"}
    domain: "syntax"
    ignored: ["examples"]
warning: the following keywords are unknown and will be ignored: [examples]
    level: "warning"
    schema: {"loadingURI":"#","pointer":"/items"}
    domain: "syntax"
    ignored: ["examples"]
warning: the following keywords are unknown and will be ignored: [examples]
    level: "warning"
    schema: {"loadingURI":"#","pointer":"/items/properties/cpf"}
    domain: "syntax"
    ignored: ["examples"]
warning: the following keywords are unknown and will be ignored: [examples]
    level: "warning"
    schema: {"loadingURI":"#","pointer":"/items/properties/email"}
    domain: "syntax"
    ignored: ["examples"]
warning: the following keywords are unknown and will be ignored: [examples]
    level: "warning"
    schema: {"loadingURI":"#","pointer":"/items/properties/id"}
    domain: "syntax"
    ignored: ["examples"]
warning: the following keywords are unknown and will be ignored: [examples]
    level: "warning"
    schema: {"loadingURI":"#","pointer":"/items/properties/nome"}
    domain: "syntax"
    ignored: ["examples"]
warning: the following keywords are unknown and will be ignored: [examples]
    level: "warning"
    schema: {"loadingURI":"#","pointer":"/items/properties/parcelas"}
    domain: "syntax"
    ignored: ["examples"]
warning: the following keywords are unknown and will be ignored: [examples]
    level: "warning"
    schema: {"loadingURI":"#","pointer":"/items/properties/seguro"}
    domain: "syntax"
    ignored: ["examples"]
warning: the following keywords are unknown and will be ignored: [examples]
    level: "warning"
    schema: {"loadingURI":"#","pointer":"/items/properties/valor"}
    domain: "syntax"
    ignored: ["examples"]
warning: the following keywords are unknown and will be ignored: [examples]
    level: "warning"
    schema: {"loadingURI":"#","pointer":"/items"}
    domain: "syntax"
    ignored: ["examples"]
warning: the following keywords are unknown and will be ignored: [examples]
    level: "warning"
    schema: {"loadingURI":"#","pointer":"/items/properties/cpf"}
    domain: "syntax"
    ignored: ["examples"]
warning: the following keywords are unknown and will be ignored: [examples]
    level: "warning"
    schema: {"loadingURI":"#","pointer":"/items/properties/email"}
    domain: "syntax"
    ignored: ["examples"]
warning: the following keywords are unknown and will be ignored: [examples]
    level: "warning"
    schema: {"loadingURI":"#","pointer":"/items/properties/id"}
    domain: "syntax"
    ignored: ["examples"]
warning: the following keywords are unknown and will be ignored: [examples]
    level: "warning"
    schema: {"loadingURI":"#","pointer":"/items/properties/nome"}
    domain: "syntax"
    ignored: ["examples"]
warning: the following keywords are unknown and will be ignored: [examples]
    level: "warning"
    schema: {"loadingURI":"#","pointer":"/items/properties/parcelas"}
    domain: "syntax"
    ignored: ["examples"]
warning: the following keywords are unknown and will be ignored: [examples]
    level: "warning"
    schema: {"loadingURI":"#","pointer":"/items/properties/seguro"}
    domain: "syntax"
    ignored: ["examples"]
warning: the following keywords are unknown and will be ignored: [examples]
    level: "warning"
    schema: {"loadingURI":"#","pointer":"/items/properties/valor"}
    domain: "syntax"
    ignored: ["examples"]
warning: the following keywords are unknown and will be ignored: [examples]
    level: "warning"
    schema: {"loadingURI":"#","pointer":"/items"}
    domain: "syntax"
    ignored: ["examples"]
warning: the following keywords are unknown and will be ignored: [examples]
    level: "warning"
    schema: {"loadingURI":"#","pointer":"/items/properties/cpf"}
    domain: "syntax"
    ignored: ["examples"]
warning: the following keywords are unknown and will be ignored: [examples]
    level: "warning"
    schema: {"loadingURI":"#","pointer":"/items/properties/email"}
    domain: "syntax"
    ignored: ["examples"]
warning: the following keywords are unknown and will be ignored: [examples]
    level: "warning"
    schema: {"loadingURI":"#","pointer":"/items/properties/id"}
    domain: "syntax"
    ignored: ["examples"]
warning: the following keywords are unknown and will be ignored: [examples]
    level: "warning"
    schema: {"loadingURI":"#","pointer":"/items/properties/nome"}
    domain: "syntax"
    ignored: ["examples"]
warning: the following keywords are unknown and will be ignored: [examples]
    level: "warning"
    schema: {"loadingURI":"#","pointer":"/items/properties/parcelas"}
    domain: "syntax"
    ignored: ["examples"]
warning: the following keywords are unknown and will be ignored: [examples]
    level: "warning"
    schema: {"loadingURI":"#","pointer":"/items/properties/seguro"}
    domain: "syntax"
    ignored: ["examples"]
warning: the following keywords are unknown and will be ignored: [examples]
    level: "warning"
    schema: {"loadingURI":"#","pointer":"/items/properties/valor"}
    domain: "syntax"
    ignored: ["examples"]
warning: the following keywords are unknown and will be ignored: [examples]
    level: "warning"
    schema: {"loadingURI":"#","pointer":"/items"}
    domain: "syntax"
    ignored: ["examples"]
warning: the following keywords are unknown and will be ignored: [examples]
    level: "warning"
    schema: {"loadingURI":"#","pointer":"/items/properties/cpf"}
    domain: "syntax"
    ignored: ["examples"]
warning: the following keywords are unknown and will be ignored: [examples]
    level: "warning"
    schema: {"loadingURI":"#","pointer":"/items/properties/email"}
    domain: "syntax"
    ignored: ["examples"]
warning: the following keywords are unknown and will be ignored: [examples]
    level: "warning"
    schema: {"loadingURI":"#","pointer":"/items/properties/id"}
    domain: "syntax"
    ignored: ["examples"]
warning: the following keywords are unknown and will be ignored: [examples]
    level: "warning"
    schema: {"loadingURI":"#","pointer":"/items/properties/nome"}
    domain: "syntax"
    ignored: ["examples"]
warning: the following keywords are unknown and will be ignored: [examples]
    level: "warning"
    schema: {"loadingURI":"#","pointer":"/items/properties/parcelas"}
    domain: "syntax"
    ignored: ["examples"]
warning: the following keywords are unknown and will be ignored: [examples]
    level: "warning"
    schema: {"loadingURI":"#","pointer":"/items/properties/seguro"}
    domain: "syntax"
    ignored: ["examples"]
warning: the following keywords are unknown and will be ignored: [examples]
    level: "warning"
    schema: {"loadingURI":"#","pointer":"/items/properties/valor"}
    domain: "syntax"
    ignored: ["examples"]
warning: the following keywords are unknown and will be ignored: [examples]
    level: "warning"
    schema: {"loadingURI":"#","pointer":"/items"}
    domain: "syntax"
    ignored: ["examples"]
warning: the following keywords are unknown and will be ignored: [examples]
    level: "warning"
    schema: {"loadingURI":"#","pointer":"/items/properties/cpf"}
    domain: "syntax"
    ignored: ["examples"]
warning: the following keywords are unknown and will be ignored: [examples]
    level: "warning"
    schema: {"loadingURI":"#","pointer":"/items/properties/email"}
    domain: "syntax"
    ignored: ["examples"]
warning: the following keywords are unknown and will be ignored: [examples]
    level: "warning"
    schema: {"loadingURI":"#","pointer":"/items/properties/id"}
    domain: "syntax"
    ignored: ["examples"]
warning: the following keywords are unknown and will be ignored: [examples]
    level: "warning"
    schema: {"loadingURI":"#","pointer":"/items/properties/nome"}
    domain: "syntax"
    ignored: ["examples"]
warning: the following keywords are unknown and will be ignored: [examples]
    level: "warning"
    schema: {"loadingURI":"#","pointer":"/items/properties/parcelas"}
    domain: "syntax"
    ignored: ["examples"]
warning: the following keywords are unknown and will be ignored: [examples]
    level: "warning"
    schema: {"loadingURI":"#","pointer":"/items/properties/seguro"}
    domain: "syntax"
    ignored: ["examples"]
warning: the following keywords are unknown and will be ignored: [examples]
    level: "warning"
    schema: {"loadingURI":"#","pointer":"/items/properties/valor"}
    domain: "syntax"
    ignored: ["examples"]
warning: the following keywords are unknown and will be ignored: [examples]
    level: "warning"
    schema: {"loadingURI":"#","pointer":"/items"}
    domain: "syntax"
    ignored: ["examples"]
warning: the following keywords are unknown and will be ignored: [examples]
    level: "warning"
    schema: {"loadingURI":"#","pointer":"/items/properties/cpf"}
    domain: "syntax"
    ignored: ["examples"]
warning: the following keywords are unknown and will be ignored: [examples]
    level: "warning"
    schema: {"loadingURI":"#","pointer":"/items/properties/email"}
    domain: "syntax"
    ignored: ["examples"]
warning: the following keywords are unknown and will be ignored: [examples]
    level: "warning"
    schema: {"loadingURI":"#","pointer":"/items/properties/id"}
    domain: "syntax"
    ignored: ["examples"]
warning: the following keywords are unknown and will be ignored: [examples]
    level: "warning"
    schema: {"loadingURI":"#","pointer":"/items/properties/nome"}
    domain: "syntax"
    ignored: ["examples"]
warning: the following keywords are unknown and will be ignored: [examples]
    level: "warning"
    schema: {"loadingURI":"#","pointer":"/items/properties/parcelas"}
    domain: "syntax"
    ignored: ["examples"]
warning: the following keywords are unknown and will be ignored: [examples]
    level: "warning"
    schema: {"loadingURI":"#","pointer":"/items/properties/seguro"}
    domain: "syntax"
    ignored: ["examples"]
warning: the following keywords are unknown and will be ignored: [examples]
    level: "warning"
    schema: {"loadingURI":"#","pointer":"/items/properties/valor"}
    domain: "syntax"
    ignored: ["examples"]
warning: the following keywords are unknown and will be ignored: [examples]
    level: "warning"
    schema: {"loadingURI":"#","pointer":"/items"}
    domain: "syntax"
    ignored: ["examples"]
warning: the following keywords are unknown and will be ignored: [examples]
    level: "warning"
    schema: {"loadingURI":"#","pointer":"/items/properties/cpf"}
    domain: "syntax"
    ignored: ["examples"]
warning: the following keywords are unknown and will be ignored: [examples]
    level: "warning"
    schema: {"loadingURI":"#","pointer":"/items/properties/email"}
    domain: "syntax"
    ignored: ["examples"]
warning: the following keywords are unknown and will be ignored: [examples]
    level: "warning"
    schema: {"loadingURI":"#","pointer":"/items/properties/id"}
    domain: "syntax"
    ignored: ["examples"]
warning: the following keywords are unknown and will be ignored: [examples]
    level: "warning"
    schema: {"loadingURI":"#","pointer":"/items/properties/nome"}
    domain: "syntax"
    ignored: ["examples"]
warning: the following keywords are unknown and will be ignored: [examples]
    level: "warning"
    schema: {"loadingURI":"#","pointer":"/items/properties/parcelas"}
    domain: "syntax"
    ignored: ["examples"]
warning: the following keywords are unknown and will be ignored: [examples]
    level: "warning"
    schema: {"loadingURI":"#","pointer":"/items/properties/seguro"}
    domain: "syntax"
    ignored: ["examples"]
warning: the following keywords are unknown and will be ignored: [examples]
    level: "warning"
    schema: {"loadingURI":"#","pointer":"/items/properties/valor"}
    domain: "syntax"
    ignored: ["examples"]
warning: the following keywords are unknown and will be ignored: [examples]
    level: "warning"
    schema: {"loadingURI":"#","pointer":"/items"}
    domain: "syntax"
    ignored: ["examples"]
warning: the following keywords are unknown and will be ignored: [examples]
    level: "warning"
    schema: {"loadingURI":"#","pointer":"/items/properties/cpf"}
    domain: "syntax"
    ignored: ["examples"]
warning: the following keywords are unknown and will be ignored: [examples]
    level: "warning"
    schema: {"loadingURI":"#","pointer":"/items/properties/email"}
    domain: "syntax"
    ignored: ["examples"]
warning: the following keywords are unknown and will be ignored: [examples]
    level: "warning"
    schema: {"loadingURI":"#","pointer":"/items/properties/id"}
    domain: "syntax"
    ignored: ["examples"]
warning: the following keywords are unknown and will be ignored: [examples]
    level: "warning"
    schema: {"loadingURI":"#","pointer":"/items/properties/nome"}
    domain: "syntax"
    ignored: ["examples"]
warning: the following keywords are unknown and will be ignored: [examples]
    level: "warning"
    schema: {"loadingURI":"#","pointer":"/items/properties/parcelas"}
    domain: "syntax"
    ignored: ["examples"]
warning: the following keywords are unknown and will be ignored: [examples]
    level: "warning"
    schema: {"loadingURI":"#","pointer":"/items/properties/seguro"}
    domain: "syntax"
    ignored: ["examples"]
warning: the following keywords are unknown and will be ignored: [examples]
    level: "warning"
    schema: {"loadingURI":"#","pointer":"/items/properties/valor"}
    domain: "syntax"
    ignored: ["examples"]
warning: the following keywords are unknown and will be ignored: [examples]
    level: "warning"
    schema: {"loadingURI":"#","pointer":"/items"}
    domain: "syntax"
    ignored: ["examples"]
warning: the following keywords are unknown and will be ignored: [examples]
    level: "warning"
    schema: {"loadingURI":"#","pointer":"/items/properties/cpf"}
    domain: "syntax"
    ignored: ["examples"]
warning: the following keywords are unknown and will be ignored: [examples]
    level: "warning"
    schema: {"loadingURI":"#","pointer":"/items/properties/email"}
    domain: "syntax"
    ignored: ["examples"]
warning: the following keywords are unknown and will be ignored: [examples]
    level: "warning"
    schema: {"loadingURI":"#","pointer":"/items/properties/id"}
    domain: "syntax"
    ignored: ["examples"]
warning: the following keywords are unknown and will be ignored: [examples]
    level: "warning"
    schema: {"loadingURI":"#","pointer":"/items/properties/nome"}
    domain: "syntax"
    ignored: ["examples"]
warning: the following keywords are unknown and will be ignored: [examples]
    level: "warning"
    schema: {"loadingURI":"#","pointer":"/items/properties/parcelas"}
    domain: "syntax"
    ignored: ["examples"]
warning: the following keywords are unknown and will be ignored: [examples]
    level: "warning"
    schema: {"loadingURI":"#","pointer":"/items/properties/seguro"}
    domain: "syntax"
    ignored: ["examples"]
warning: the following keywords are unknown and will be ignored: [examples]
    level: "warning"
    schema: {"loadingURI":"#","pointer":"/items/properties/valor"}
    domain: "syntax"
    ignored: ["examples"]
warning: the following keywords are unknown and will be ignored: [examples]
    level: "warning"
    schema: {"loadingURI":"#","pointer":"/items"}
    domain: "syntax"
    ignored: ["examples"]
warning: the following keywords are unknown and will be ignored: [examples]
    level: "warning"
    schema: {"loadingURI":"#","pointer":"/items/properties/cpf"}
    domain: "syntax"
    ignored: ["examples"]
warning: the following keywords are unknown and will be ignored: [examples]
    level: "warning"
    schema: {"loadingURI":"#","pointer":"/items/properties/email"}
    domain: "syntax"
    ignored: ["examples"]
warning: the following keywords are unknown and will be ignored: [examples]
    level: "warning"
    schema: {"loadingURI":"#","pointer":"/items/properties/id"}
    domain: "syntax"
    ignored: ["examples"]
warning: the following keywords are unknown and will be ignored: [examples]
    level: "warning"
    schema: {"loadingURI":"#","pointer":"/items/properties/nome"}
    domain: "syntax"
    ignored: ["examples"]
warning: the following keywords are unknown and will be ignored: [examples]
    level: "warning"
    schema: {"loadingURI":"#","pointer":"/items/properties/parcelas"}
    domain: "syntax"
    ignored: ["examples"]
warning: the following keywords are unknown and will be ignored: [examples]
    level: "warning"
    schema: {"loadingURI":"#","pointer":"/items/properties/seguro"}
    domain: "syntax"
    ignored: ["examples"]
warning: the following keywords are unknown and will be ignored: [examples]
    level: "warning"
    schema: {"loadingURI":"#","pointer":"/items/properties/valor"}
    domain: "syntax"
    ignored: ["examples"]
warning: the following keywords are unknown and will be ignored: [examples]
    level: "warning"
    schema: {"loadingURI":"#","pointer":"/items"}
    domain: "syntax"
    ignored: ["examples"]
warning: the following keywords are unknown and will be ignored: [examples]
    level: "warning"
    schema: {"loadingURI":"#","pointer":"/items/properties/cpf"}
    domain: "syntax"
    ignored: ["examples"]
warning: the following keywords are unknown and will be ignored: [examples]
    level: "warning"
    schema: {"loadingURI":"#","pointer":"/items/properties/email"}
    domain: "syntax"
    ignored: ["examples"]
warning: the following keywords are unknown and will be ignored: [examples]
    level: "warning"
    schema: {"loadingURI":"#","pointer":"/items/properties/id"}
    domain: "syntax"
    ignored: ["examples"]
warning: the following keywords are unknown and will be ignored: [examples]
    level: "warning"
    schema: {"loadingURI":"#","pointer":"/items/properties/nome"}
    domain: "syntax"
    ignored: ["examples"]
warning: the following keywords are unknown and will be ignored: [examples]
    level: "warning"
    schema: {"loadingURI":"#","pointer":"/items/properties/parcelas"}
    domain: "syntax"
    ignored: ["examples"]
warning: the following keywords are unknown and will be ignored: [examples]
    level: "warning"
    schema: {"loadingURI":"#","pointer":"/items/properties/seguro"}
    domain: "syntax"
    ignored: ["examples"]
warning: the following keywords are unknown and will be ignored: [examples]
    level: "warning"
    schema: {"loadingURI":"#","pointer":"/items/properties/valor"}
    domain: "syntax"
    ignored: ["examples"]
warning: the following keywords are unknown and will be ignored: [examples]
    level: "warning"
    schema: {"loadingURI":"#","pointer":"/items"}
    domain: "syntax"
    ignored: ["examples"]
warning: the following keywords are unknown and will be ignored: [examples]
    level: "warning"
    schema: {"loadingURI":"#","pointer":"/items/properties/cpf"}
    domain: "syntax"
    ignored: ["examples"]
warning: the following keywords are unknown and will be ignored: [examples]
    level: "warning"
    schema: {"loadingURI":"#","pointer":"/items/properties/email"}
    domain: "syntax"
    ignored: ["examples"]
warning: the following keywords are unknown and will be ignored: [examples]
    level: "warning"
    schema: {"loadingURI":"#","pointer":"/items/properties/id"}
    domain: "syntax"
    ignored: ["examples"]
warning: the following keywords are unknown and will be ignored: [examples]
    level: "warning"
    schema: {"loadingURI":"#","pointer":"/items/properties/nome"}
    domain: "syntax"
    ignored: ["examples"]
warning: the following keywords are unknown and will be ignored: [examples]
    level: "warning"
    schema: {"loadingURI":"#","pointer":"/items/properties/parcelas"}
    domain: "syntax"
    ignored: ["examples"]
warning: the following keywords are unknown and will be ignored: [examples]
    level: "warning"
    schema: {"loadingURI":"#","pointer":"/items/properties/seguro"}
    domain: "syntax"
    ignored: ["examples"]
warning: the following keywords are unknown and will be ignored: [examples]
    level: "warning"
    schema: {"loadingURI":"#","pointer":"/items/properties/valor"}
    domain: "syntax"
    ignored: ["examples"]
warning: the following keywords are unknown and will be ignored: [examples]
    level: "warning"
    schema: {"loadingURI":"#","pointer":"/items"}
    domain: "syntax"
    ignored: ["examples"]
warning: the following keywords are unknown and will be ignored: [examples]
    level: "warning"
    schema: {"loadingURI":"#","pointer":"/items/properties/cpf"}
    domain: "syntax"
    ignored: ["examples"]
warning: the following keywords are unknown and will be ignored: [examples]
    level: "warning"
    schema: {"loadingURI":"#","pointer":"/items/properties/email"}
    domain: "syntax"
    ignored: ["examples"]
warning: the following keywords are unknown and will be ignored: [examples]
    level: "warning"
    schema: {"loadingURI":"#","pointer":"/items/properties/id"}
    domain: "syntax"
    ignored: ["examples"]
warning: the following keywords are unknown and will be ignored: [examples]
    level: "warning"
    schema: {"loadingURI":"#","pointer":"/items/properties/nome"}
    domain: "syntax"
    ignored: ["examples"]
warning: the following keywords are unknown and will be ignored: [examples]
    level: "warning"
    schema: {"loadingURI":"#","pointer":"/items/properties/parcelas"}
    domain: "syntax"
    ignored: ["examples"]
warning: the following keywords are unknown and will be ignored: [examples]
    level: "warning"
    schema: {"loadingURI":"#","pointer":"/items/properties/seguro"}
    domain: "syntax"
    ignored: ["examples"]
warning: the following keywords are unknown and will be ignored: [examples]
    level: "warning"
    schema: {"loadingURI":"#","pointer":"/items/properties/valor"}
    domain: "syntax"
    ignored: ["examples"]
warning: the following keywords are unknown and will be ignored: [examples]
    level: "warning"
    schema: {"loadingURI":"#","pointer":"/items"}
    domain: "syntax"
    ignored: ["examples"]
warning: the following keywords are unknown and will be ignored: [examples]
    level: "warning"
    schema: {"loadingURI":"#","pointer":"/items/properties/cpf"}
    domain: "syntax"
    ignored: ["examples"]
warning: the following keywords are unknown and will be ignored: [examples]
    level: "warning"
    schema: {"loadingURI":"#","pointer":"/items/properties/email"}
    domain: "syntax"
    ignored: ["examples"]
warning: the following keywords are unknown and will be ignored: [examples]
    level: "warning"
    schema: {"loadingURI":"#","pointer":"/items/properties/id"}
    domain: "syntax"
    ignored: ["examples"]
warning: the following keywords are unknown and will be ignored: [examples]
    level: "warning"
    schema: {"loadingURI":"#","pointer":"/items/properties/nome"}
    domain: "syntax"
    ignored: ["examples"]
warning: the following keywords are unknown and will be ignored: [examples]
    level: "warning"
    schema: {"loadingURI":"#","pointer":"/items/properties/parcelas"}
    domain: "syntax"
    ignored: ["examples"]
warning: the following keywords are unknown and will be ignored: [examples]
    level: "warning"
    schema: {"loadingURI":"#","pointer":"/items/properties/seguro"}
    domain: "syntax"
    ignored: ["examples"]
warning: the following keywords are unknown and will be ignored: [examples]
    level: "warning"
    schema: {"loadingURI":"#","pointer":"/items/properties/valor"}
    domain: "syntax"
    ignored: ["examples"]
warning: the following keywords are unknown and will be ignored: [examples]
    level: "warning"
    schema: {"loadingURI":"#","pointer":"/items"}
    domain: "syntax"
    ignored: ["examples"]
warning: the following keywords are unknown and will be ignored: [examples]
    level: "warning"
    schema: {"loadingURI":"#","pointer":"/items/properties/cpf"}
    domain: "syntax"
    ignored: ["examples"]
warning: the following keywords are unknown and will be ignored: [examples]
    level: "warning"
    schema: {"loadingURI":"#","pointer":"/items/properties/email"}
    domain: "syntax"
    ignored: ["examples"]
warning: the following keywords are unknown and will be ignored: [examples]
    level: "warning"
    schema: {"loadingURI":"#","pointer":"/items/properties/id"}
    domain: "syntax"
    ignored: ["examples"]
warning: the following keywords are unknown and will be ignored: [examples]
    level: "warning"
    schema: {"loadingURI":"#","pointer":"/items/properties/nome"}
    domain: "syntax"
    ignored: ["examples"]
warning: the following keywords are unknown and will be ignored: [examples]
    level: "warning"
    schema: {"loadingURI":"#","pointer":"/items/properties/parcelas"}
    domain: "syntax"
    ignored: ["examples"]
warning: the following keywords are unknown and will be ignored: [examples]
    level: "warning"
    schema: {"loadingURI":"#","pointer":"/items/properties/seguro"}
    domain: "syntax"
    ignored: ["examples"]
warning: the following keywords are unknown and will be ignored: [examples]
    level: "warning"
    schema: {"loadingURI":"#","pointer":"/items/properties/valor"}
    domain: "syntax"
    ignored: ["examples"]
warning: the following keywords are unknown and will be ignored: [examples]
    level: "warning"
    schema: {"loadingURI":"#","pointer":"/items"}
    domain: "syntax"
    ignored: ["examples"]
warning: the following keywords are unknown and will be ignored: [examples]
    level: "warning"
    schema: {"loadingURI":"#","pointer":"/items/properties/cpf"}
    domain: "syntax"
    ignored: ["examples"]
warning: the following keywords are unknown and will be ignored: [examples]
    level: "warning"
    schema: {"loadingURI":"#","pointer":"/items/properties/email"}
    domain: "syntax"
    ignored: ["examples"]
warning: the following keywords are unknown and will be ignored: [examples]
    level: "warning"
    schema: {"loadingURI":"#","pointer":"/items/properties/id"}
    domain: "syntax"
    ignored: ["examples"]
warning: the following keywords are unknown and will be ignored: [examples]
    level: "warning"
    schema: {"loadingURI":"#","pointer":"/items/properties/nome"}
    domain: "syntax"
    ignored: ["examples"]
warning: the following keywords are unknown and will be ignored: [examples]
    level: "warning"
    schema: {"loadingURI":"#","pointer":"/items/properties/parcelas"}
    domain: "syntax"
    ignored: ["examples"]
warning: the following keywords are unknown and will be ignored: [examples]
    level: "warning"
    schema: {"loadingURI":"#","pointer":"/items/properties/seguro"}
    domain: "syntax"
    ignored: ["examples"]
warning: the following keywords are unknown and will be ignored: [examples]
    level: "warning"
    schema: {"loadingURI":"#","pointer":"/items/properties/valor"}
    domain: "syntax"
    ignored: ["examples"]
warning: the following keywords are unknown and will be ignored: [examples]
    level: "warning"
    schema: {"loadingURI":"#","pointer":"/items"}
    domain: "syntax"
    ignored: ["examples"]
warning: the following keywords are unknown and will be ignored: [examples]
    level: "warning"
    schema: {"loadingURI":"#","pointer":"/items/properties/cpf"}
    domain: "syntax"
    ignored: ["examples"]
warning: the following keywords are unknown and will be ignored: [examples]
    level: "warning"
    schema: {"loadingURI":"#","pointer":"/items/properties/email"}
    domain: "syntax"
    ignored: ["examples"]
warning: the following keywords are unknown and will be ignored: [examples]
    level: "warning"
    schema: {"loadingURI":"#","pointer":"/items/properties/id"}
    domain: "syntax"
    ignored: ["examples"]
warning: the following keywords are unknown and will be ignored: [examples]
    level: "warning"
    schema: {"loadingURI":"#","pointer":"/items/properties/nome"}
    domain: "syntax"
    ignored: ["examples"]
warning: the following keywords are unknown and will be ignored: [examples]
    level: "warning"
    schema: {"loadingURI":"#","pointer":"/items/properties/parcelas"}
    domain: "syntax"
    ignored: ["examples"]
warning: the following keywords are unknown and will be ignored: [examples]
    level: "warning"
    schema: {"loadingURI":"#","pointer":"/items/properties/seguro"}
    domain: "syntax"
    ignored: ["examples"]
warning: the following keywords are unknown and will be ignored: [examples]
    level: "warning"
    schema: {"loadingURI":"#","pointer":"/items/properties/valor"}
    domain: "syntax"
    ignored: ["examples"]
warning: the following keywords are unknown and will be ignored: [examples]
    level: "warning"
    schema: {"loadingURI":"#","pointer":"/items"}
    domain: "syntax"
    ignored: ["examples"]
warning: the following keywords are unknown and will be ignored: [examples]
    level: "warning"
    schema: {"loadingURI":"#","pointer":"/items/properties/cpf"}
    domain: "syntax"
    ignored: ["examples"]
warning: the following keywords are unknown and will be ignored: [examples]
    level: "warning"
    schema: {"loadingURI":"#","pointer":"/items/properties/email"}
    domain: "syntax"
    ignored: ["examples"]
warning: the following keywords are unknown and will be ignored: [examples]
    level: "warning"
    schema: {"loadingURI":"#","pointer":"/items/properties/id"}
    domain: "syntax"
    ignored: ["examples"]
warning: the following keywords are unknown and will be ignored: [examples]
    level: "warning"
    schema: {"loadingURI":"#","pointer":"/items/properties/nome"}
    domain: "syntax"
    ignored: ["examples"]
warning: the following keywords are unknown and will be ignored: [examples]
    level: "warning"
    schema: {"loadingURI":"#","pointer":"/items/properties/parcelas"}
    domain: "syntax"
    ignored: ["examples"]
warning: the following keywords are unknown and will be ignored: [examples]
    level: "warning"
    schema: {"loadingURI":"#","pointer":"/items/properties/seguro"}
    domain: "syntax"
    ignored: ["examples"]
warning: the following keywords are unknown and will be ignored: [examples]
    level: "warning"
    schema: {"loadingURI":"#","pointer":"/items/properties/valor"}
    domain: "syntax"
    ignored: ["examples"]
warning: the following keywords are unknown and will be ignored: [examples]
    level: "warning"
    schema: {"loadingURI":"#","pointer":"/items"}
    domain: "syntax"
    ignored: ["examples"]
warning: the following keywords are unknown and will be ignored: [examples]
    level: "warning"
    schema: {"loadingURI":"#","pointer":"/items/properties/cpf"}
    domain: "syntax"
    ignored: ["examples"]
warning: the following keywords are unknown and will be ignored: [examples]
    level: "warning"
    schema: {"loadingURI":"#","pointer":"/items/properties/email"}
    domain: "syntax"
    ignored: ["examples"]
warning: the following keywords are unknown and will be ignored: [examples]
    level: "warning"
    schema: {"loadingURI":"#","pointer":"/items/properties/id"}
    domain: "syntax"
    ignored: ["examples"]
warning: the following keywords are unknown and will be ignored: [examples]
    level: "warning"
    schema: {"loadingURI":"#","pointer":"/items/properties/nome"}
    domain: "syntax"
    ignored: ["examples"]
warning: the following keywords are unknown and will be ignored: [examples]
    level: "warning"
    schema: {"loadingURI":"#","pointer":"/items/properties/parcelas"}
    domain: "syntax"
    ignored: ["examples"]
warning: the following keywords are unknown and will be ignored: [examples]
    level: "warning"
    schema: {"loadingURI":"#","pointer":"/items/properties/seguro"}
    domain: "syntax"
    ignored: ["examples"]
warning: the following keywords are unknown and will be ignored: [examples]
    level: "warning"
    schema: {"loadingURI":"#","pointer":"/items/properties/valor"}
    domain: "syntax"
    ignored: ["examples"]
warning: the following keywords are unknown and will be ignored: [examples]
    level: "warning"
    schema: {"loadingURI":"#","pointer":"/items"}
    domain: "syntax"
    ignored: ["examples"]
warning: the following keywords are unknown and will be ignored: [examples]
    level: "warning"
    schema: {"loadingURI":"#","pointer":"/items/properties/cpf"}
    domain: "syntax"
    ignored: ["examples"]
warning: the following keywords are unknown and will be ignored: [examples]
    level: "warning"
    schema: {"loadingURI":"#","pointer":"/items/properties/email"}
    domain: "syntax"
    ignored: ["examples"]
warning: the following keywords are unknown and will be ignored: [examples]
    level: "warning"
    schema: {"loadingURI":"#","pointer":"/items/properties/id"}
    domain: "syntax"
    ignored: ["examples"]
warning: the following keywords are unknown and will be ignored: [examples]
    level: "warning"
    schema: {"loadingURI":"#","pointer":"/items/properties/nome"}
    domain: "syntax"
    ignored: ["examples"]
warning: the following keywords are unknown and will be ignored: [examples]
    level: "warning"
    schema: {"loadingURI":"#","pointer":"/items/properties/parcelas"}
    domain: "syntax"
    ignored: ["examples"]
warning: the following keywords are unknown and will be ignored: [examples]
    level: "warning"
    schema: {"loadingURI":"#","pointer":"/items/properties/seguro"}
    domain: "syntax"
    ignored: ["examples"]
warning: the following keywords are unknown and will be ignored: [examples]
    level: "warning"
    schema: {"loadingURI":"#","pointer":"/items/properties/valor"}
    domain: "syntax"
    ignored: ["examples"]
warning: the following keywords are unknown and will be ignored: [examples]
    level: "warning"
    schema: {"loadingURI":"#","pointer":"/items"}
    domain: "syntax"
    ignored: ["examples"]
warning: the following keywords are unknown and will be ignored: [examples]
    level: "warning"
    schema: {"loadingURI":"#","pointer":"/items/properties/cpf"}
    domain: "syntax"
    ignored: ["examples"]
warning: the following keywords are unknown and will be ignored: [examples]
    level: "warning"
    schema: {"loadingURI":"#","pointer":"/items/properties/email"}
    domain: "syntax"
    ignored: ["examples"]
warning: the following keywords are unknown and will be ignored: [examples]
    level: "warning"
    schema: {"loadingURI":"#","pointer":"/items/properties/id"}
    domain: "syntax"
    ignored: ["examples"]
warning: the following keywords are unknown and will be ignored: [examples]
    level: "warning"
    schema: {"loadingURI":"#","pointer":"/items/properties/nome"}
    domain: "syntax"
    ignored: ["examples"]
warning: the following keywords are unknown and will be ignored: [examples]
    level: "warning"
    schema: {"loadingURI":"#","pointer":"/items/properties/parcelas"}
    domain: "syntax"
    ignored: ["examples"]
warning: the following keywords are unknown and will be ignored: [examples]
    level: "warning"
    schema: {"loadingURI":"#","pointer":"/items/properties/seguro"}
    domain: "syntax"
    ignored: ["examples"]
warning: the following keywords are unknown and will be ignored: [examples]
    level: "warning"
    schema: {"loadingURI":"#","pointer":"/items/properties/valor"}
    domain: "syntax"
    ignored: ["examples"]
warning: the following keywords are unknown and will be ignored: [examples]
    level: "warning"
    schema: {"loadingURI":"#","pointer":"/items"}
    domain: "syntax"
    ignored: ["examples"]
warning: the following keywords are unknown and will be ignored: [examples]
    level: "warning"
    schema: {"loadingURI":"#","pointer":"/items/properties/cpf"}
    domain: "syntax"
    ignored: ["examples"]
warning: the following keywords are unknown and will be ignored: [examples]
    level: "warning"
    schema: {"loadingURI":"#","pointer":"/items/properties/email"}
    domain: "syntax"
    ignored: ["examples"]
warning: the following keywords are unknown and will be ignored: [examples]
    level: "warning"
    schema: {"loadingURI":"#","pointer":"/items/properties/id"}
    domain: "syntax"
    ignored: ["examples"]
warning: the following keywords are unknown and will be ignored: [examples]
    level: "warning"
    schema: {"loadingURI":"#","pointer":"/items/properties/nome"}
    domain: "syntax"
    ignored: ["examples"]
warning: the following keywords are unknown and will be ignored: [examples]
    level: "warning"
    schema: {"loadingURI":"#","pointer":"/items/properties/parcelas"}
    domain: "syntax"
    ignored: ["examples"]
warning: the following keywords are unknown and will be ignored: [examples]
    level: "warning"
    schema: {"loadingURI":"#","pointer":"/items/properties/seguro"}
    domain: "syntax"
    ignored: ["examples"]
warning: the following keywords are unknown and will be ignored: [examples]
    level: "warning"
    schema: {"loadingURI":"#","pointer":"/items/properties/valor"}
    domain: "syntax"
    ignored: ["examples"]
warning: the following keywords are unknown and will be ignored: [examples]
    level: "warning"
    schema: {"loadingURI":"#","pointer":"/items"}
    domain: "syntax"
    ignored: ["examples"]
warning: the following keywords are unknown and will be ignored: [examples]
    level: "warning"
    schema: {"loadingURI":"#","pointer":"/items/properties/cpf"}
    domain: "syntax"
    ignored: ["examples"]
warning: the following keywords are unknown and will be ignored: [examples]
    level: "warning"
    schema: {"loadingURI":"#","pointer":"/items/properties/email"}
    domain: "syntax"
    ignored: ["examples"]
warning: the following keywords are unknown and will be ignored: [examples]
    level: "warning"
    schema: {"loadingURI":"#","pointer":"/items/properties/id"}
    domain: "syntax"
    ignored: ["examples"]
warning: the following keywords are unknown and will be ignored: [examples]
    level: "warning"
    schema: {"loadingURI":"#","pointer":"/items/properties/nome"}
    domain: "syntax"
    ignored: ["examples"]
warning: the following keywords are unknown and will be ignored: [examples]
    level: "warning"
    schema: {"loadingURI":"#","pointer":"/items/properties/parcelas"}
    domain: "syntax"
    ignored: ["examples"]
warning: the following keywords are unknown and will be ignored: [examples]
    level: "warning"
    schema: {"loadingURI":"#","pointer":"/items/properties/seguro"}
    domain: "syntax"
    ignored: ["examples"]
warning: the following keywords are unknown and will be ignored: [examples]
    level: "warning"
    schema: {"loadingURI":"#","pointer":"/items/properties/valor"}
    domain: "syntax"
    ignored: ["examples"]
warning: the following keywords are unknown and will be ignored: [examples]
    level: "warning"
    schema: {"loadingURI":"#","pointer":"/items"}
    domain: "syntax"
    ignored: ["examples"]
warning: the following keywords are unknown and will be ignored: [examples]
    level: "warning"
    schema: {"loadingURI":"#","pointer":"/items/properties/cpf"}
    domain: "syntax"
    ignored: ["examples"]
warning: the following keywords are unknown and will be ignored: [examples]
    level: "warning"
    schema: {"loadingURI":"#","pointer":"/items/properties/email"}
    domain: "syntax"
    ignored: ["examples"]
warning: the following keywords are unknown and will be ignored: [examples]
    level: "warning"
    schema: {"loadingURI":"#","pointer":"/items/properties/id"}
    domain: "syntax"
    ignored: ["examples"]
warning: the following keywords are unknown and will be ignored: [examples]
    level: "warning"
    schema: {"loadingURI":"#","pointer":"/items/properties/nome"}
    domain: "syntax"
    ignored: ["examples"]
warning: the following keywords are unknown and will be ignored: [examples]
    level: "warning"
    schema: {"loadingURI":"#","pointer":"/items/properties/parcelas"}
    domain: "syntax"
    ignored: ["examples"]
warning: the following keywords are unknown and will be ignored: [examples]
    level: "warning"
    schema: {"loadingURI":"#","pointer":"/items/properties/seguro"}
    domain: "syntax"
    ignored: ["examples"]
warning: the following keywords are unknown and will be ignored: [examples]
    level: "warning"
    schema: {"loadingURI":"#","pointer":"/items/properties/valor"}
    domain: "syntax"
    ignored: ["examples"]
warning: the following keywords are unknown and will be ignored: [examples]
    level: "warning"
    schema: {"loadingURI":"#","pointer":"/items"}
    domain: "syntax"
    ignored: ["examples"]
warning: the following keywords are unknown and will be ignored: [examples]
    level: "warning"
    schema: {"loadingURI":"#","pointer":"/items/properties/cpf"}
    domain: "syntax"
    ignored: ["examples"]
warning: the following keywords are unknown and will be ignored: [examples]
    level: "warning"
    schema: {"loadingURI":"#","pointer":"/items/properties/email"}
    domain: "syntax"
    ignored: ["examples"]
warning: the following keywords are unknown and will be ignored: [examples]
    level: "warning"
    schema: {"loadingURI":"#","pointer":"/items/properties/id"}
    domain: "syntax"
    ignored: ["examples"]
warning: the following keywords are unknown and will be ignored: [examples]
    level: "warning"
    schema: {"loadingURI":"#","pointer":"/items/properties/nome"}
    domain: "syntax"
    ignored: ["examples"]
warning: the following keywords are unknown and will be ignored: [examples]
    level: "warning"
    schema: {"loadingURI":"#","pointer":"/items/properties/parcelas"}
    domain: "syntax"
    ignored: ["examples"]
warning: the following keywords are unknown and will be ignored: [examples]
    level: "warning"
    schema: {"loadingURI":"#","pointer":"/items/properties/seguro"}
    domain: "syntax"
    ignored: ["examples"]
warning: the following keywords are unknown and will be ignored: [examples]
    level: "warning"
    schema: {"loadingURI":"#","pointer":"/items/properties/valor"}
    domain: "syntax"
    ignored: ["examples"]
warning: the following keywords are unknown and will be ignored: [examples]
    level: "warning"
    schema: {"loadingURI":"#","pointer":"/items"}
    domain: "syntax"
    ignored: ["examples"]
warning: the following keywords are unknown and will be ignored: [examples]
    level: "warning"
    schema: {"loadingURI":"#","pointer":"/items/properties/cpf"}
    domain: "syntax"
    ignored: ["examples"]
warning: the following keywords are unknown and will be ignored: [examples]
    level: "warning"
    schema: {"loadingURI":"#","pointer":"/items/properties/email"}
    domain: "syntax"
    ignored: ["examples"]
warning: the following keywords are unknown and will be ignored: [examples]
    level: "warning"
    schema: {"loadingURI":"#","pointer":"/items/properties/id"}
    domain: "syntax"
    ignored: ["examples"]
warning: the following keywords are unknown and will be ignored: [examples]
    level: "warning"
    schema: {"loadingURI":"#","pointer":"/items/properties/nome"}
    domain: "syntax"
    ignored: ["examples"]
warning: the following keywords are unknown and will be ignored: [examples]
    level: "warning"
    schema: {"loadingURI":"#","pointer":"/items/properties/parcelas"}
    domain: "syntax"
    ignored: ["examples"]
warning: the following keywords are unknown and will be ignored: [examples]
    level: "warning"
    schema: {"loadingURI":"#","pointer":"/items/properties/seguro"}
    domain: "syntax"
    ignored: ["examples"]
warning: the following keywords are unknown and will be ignored: [examples]
    level: "warning"
    schema: {"loadingURI":"#","pointer":"/items/properties/valor"}
    domain: "syntax"
    ignored: ["examples"]
warning: the following keywords are unknown and will be ignored: [examples]
    level: "warning"
    schema: {"loadingURI":"#","pointer":"/items"}
    domain: "syntax"
    ignored: ["examples"]
warning: the following keywords are unknown and will be ignored: [examples]
    level: "warning"
    schema: {"loadingURI":"#","pointer":"/items/properties/cpf"}
    domain: "syntax"
    ignored: ["examples"]
warning: the following keywords are unknown and will be ignored: [examples]
    level: "warning"
    schema: {"loadingURI":"#","pointer":"/items/properties/email"}
    domain: "syntax"
    ignored: ["examples"]
warning: the following keywords are unknown and will be ignored: [examples]
    level: "warning"
    schema: {"loadingURI":"#","pointer":"/items/properties/id"}
    domain: "syntax"
    ignored: ["examples"]
warning: the following keywords are unknown and will be ignored: [examples]
    level: "warning"
    schema: {"loadingURI":"#","pointer":"/items/properties/nome"}
    domain: "syntax"
    ignored: ["examples"]
warning: the following keywords are unknown and will be ignored: [examples]
    level: "warning"
    schema: {"loadingURI":"#","pointer":"/items/properties/parcelas"}
    domain: "syntax"
    ignored: ["examples"]
warning: the following keywords are unknown and will be ignored: [examples]
    level: "warning"
    schema: {"loadingURI":"#","pointer":"/items/properties/seguro"}
    domain: "syntax"
    ignored: ["examples"]
warning: the following keywords are unknown and will be ignored: [examples]
    level: "warning"
    schema: {"loadingURI":"#","pointer":"/items/properties/valor"}
    domain: "syntax"
    ignored: ["examples"]
warning: the following keywords are unknown and will be ignored: [examples]
    level: "warning"
    schema: {"loadingURI":"#","pointer":"/items"}
    domain: "syntax"
    ignored: ["examples"]
warning: the following keywords are unknown and will be ignored: [examples]
    level: "warning"
    schema: {"loadingURI":"#","pointer":"/items/properties/cpf"}
    domain: "syntax"
    ignored: ["examples"]
warning: the following keywords are unknown and will be ignored: [examples]
    level: "warning"
    schema: {"loadingURI":"#","pointer":"/items/properties/email"}
    domain: "syntax"
    ignored: ["examples"]
warning: the following keywords are unknown and will be ignored: [examples]
    level: "warning"
    schema: {"loadingURI":"#","pointer":"/items/properties/id"}
    domain: "syntax"
    ignored: ["examples"]
warning: the following keywords are unknown and will be ignored: [examples]
    level: "warning"
    schema: {"loadingURI":"#","pointer":"/items/properties/nome"}
    domain: "syntax"
    ignored: ["examples"]
warning: the following keywords are unknown and will be ignored: [examples]
    level: "warning"
    schema: {"loadingURI":"#","pointer":"/items/properties/parcelas"}
    domain: "syntax"
    ignored: ["examples"]
warning: the following keywords are unknown and will be ignored: [examples]
    level: "warning"
    schema: {"loadingURI":"#","pointer":"/items/properties/seguro"}
    domain: "syntax"
    ignored: ["examples"]
warning: the following keywords are unknown and will be ignored: [examples]
    level: "warning"
    schema: {"loadingURI":"#","pointer":"/items/properties/valor"}
    domain: "syntax"
    ignored: ["examples"]
warning: the following keywords are unknown and will be ignored: [examples]
    level: "warning"
    schema: {"loadingURI":"#","pointer":"/items"}
    domain: "syntax"
    ignored: ["examples"]
warning: the following keywords are unknown and will be ignored: [examples]
    level: "warning"
    schema: {"loadingURI":"#","pointer":"/items/properties/cpf"}
    domain: "syntax"
    ignored: ["examples"]
warning: the following keywords are unknown and will be ignored: [examples]
    level: "warning"
    schema: {"loadingURI":"#","pointer":"/items/properties/email"}
    domain: "syntax"
    ignored: ["examples"]
warning: the following keywords are unknown and will be ignored: [examples]
    level: "warning"
    schema: {"loadingURI":"#","pointer":"/items/properties/id"}
    domain: "syntax"
    ignored: ["examples"]
warning: the following keywords are unknown and will be ignored: [examples]
    level: "warning"
    schema: {"loadingURI":"#","pointer":"/items/properties/nome"}
    domain: "syntax"
    ignored: ["examples"]
warning: the following keywords are unknown and will be ignored: [examples]
    level: "warning"
    schema: {"loadingURI":"#","pointer":"/items/properties/parcelas"}
    domain: "syntax"
    ignored: ["examples"]
warning: the following keywords are unknown and will be ignored: [examples]
    level: "warning"
    schema: {"loadingURI":"#","pointer":"/items/properties/seguro"}
    domain: "syntax"
    ignored: ["examples"]
warning: the following keywords are unknown and will be ignored: [examples]
    level: "warning"
    schema: {"loadingURI":"#","pointer":"/items/properties/valor"}
    domain: "syntax"
    ignored: ["examples"]
warning: the following keywords are unknown and will be ignored: [examples]
    level: "warning"
    schema: {"loadingURI":"#","pointer":"/items"}
    domain: "syntax"
    ignored: ["examples"]
warning: the following keywords are unknown and will be ignored: [examples]
    level: "warning"
    schema: {"loadingURI":"#","pointer":"/items/properties/cpf"}
    domain: "syntax"
    ignored: ["examples"]
warning: the following keywords are unknown and will be ignored: [examples]
    level: "warning"
    schema: {"loadingURI":"#","pointer":"/items/properties/email"}
    domain: "syntax"
    ignored: ["examples"]
warning: the following keywords are unknown and will be ignored: [examples]
    level: "warning"
    schema: {"loadingURI":"#","pointer":"/items/properties/id"}
    domain: "syntax"
    ignored: ["examples"]
warning: the following keywords are unknown and will be ignored: [examples]
    level: "warning"
    schema: {"loadingURI":"#","pointer":"/items/properties/nome"}
    domain: "syntax"
    ignored: ["examples"]
warning: the following keywords are unknown and will be ignored: [examples]
    level: "warning"
    schema: {"loadingURI":"#","pointer":"/items/properties/parcelas"}
    domain: "syntax"
    ignored: ["examples"]
warning: the following keywords are unknown and will be ignored: [examples]
    level: "warning"
    schema: {"loadingURI":"#","pointer":"/items/properties/seguro"}
    domain: "syntax"
    ignored: ["examples"]
warning: the following keywords are unknown and will be ignored: [examples]
    level: "warning"
    schema: {"loadingURI":"#","pointer":"/items/properties/valor"}
    domain: "syntax"
    ignored: ["examples"]
warning: the following keywords are unknown and will be ignored: [examples]
    level: "warning"
    schema: {"loadingURI":"#","pointer":"/items"}
    domain: "syntax"
    ignored: ["examples"]
warning: the following keywords are unknown and will be ignored: [examples]
    level: "warning"
    schema: {"loadingURI":"#","pointer":"/items/properties/cpf"}
    domain: "syntax"
    ignored: ["examples"]
warning: the following keywords are unknown and will be ignored: [examples]
    level: "warning"
    schema: {"loadingURI":"#","pointer":"/items/properties/email"}
    domain: "syntax"
    ignored: ["examples"]
warning: the following keywords are unknown and will be ignored: [examples]
    level: "warning"
    schema: {"loadingURI":"#","pointer":"/items/properties/id"}
    domain: "syntax"
    ignored: ["examples"]
warning: the following keywords are unknown and will be ignored: [examples]
    level: "warning"
    schema: {"loadingURI":"#","pointer":"/items/properties/nome"}
    domain: "syntax"
    ignored: ["examples"]
warning: the following keywords are unknown and will be ignored: [examples]
    level: "warning"
    schema: {"loadingURI":"#","pointer":"/items/properties/parcelas"}
    domain: "syntax"
    ignored: ["examples"]
warning: the following keywords are unknown and will be ignored: [examples]
    level: "warning"
    schema: {"loadingURI":"#","pointer":"/items/properties/seguro"}
    domain: "syntax"
    ignored: ["examples"]
warning: the following keywords are unknown and will be ignored: [examples]
    level: "warning"
    schema: {"loadingURI":"#","pointer":"/items/properties/valor"}
    domain: "syntax"
    ignored: ["examples"]
warning: the following keywords are unknown and will be ignored: [examples]
    level: "warning"
    schema: {"loadingURI":"#","pointer":"/items"}
    domain: "syntax"
    ignored: ["examples"]
warning: the following keywords are unknown and will be ignored: [examples]
    level: "warning"
    schema: {"loadingURI":"#","pointer":"/items/properties/cpf"}
    domain: "syntax"
    ignored: ["examples"]
warning: the following keywords are unknown and will be ignored: [examples]
    level: "warning"
    schema: {"loadingURI":"#","pointer":"/items/properties/email"}
    domain: "syntax"
    ignored: ["examples"]
warning: the following keywords are unknown and will be ignored: [examples]
    level: "warning"
    schema: {"loadingURI":"#","pointer":"/items/properties/id"}
    domain: "syntax"
    ignored: ["examples"]
warning: the following keywords are unknown and will be ignored: [examples]
    level: "warning"
    schema: {"loadingURI":"#","pointer":"/items/properties/nome"}
    domain: "syntax"
    ignored: ["examples"]
warning: the following keywords are unknown and will be ignored: [examples]
    level: "warning"
    schema: {"loadingURI":"#","pointer":"/items/properties/parcelas"}
    domain: "syntax"
    ignored: ["examples"]
warning: the following keywords are unknown and will be ignored: [examples]
    level: "warning"
    schema: {"loadingURI":"#","pointer":"/items/properties/seguro"}
    domain: "syntax"
    ignored: ["examples"]
warning: the following keywords are unknown and will be ignored: [examples]
    level: "warning"
    schema: {"loadingURI":"#","pointer":"/items/properties/valor"}
    domain: "syntax"
    ignored: ["examples"]
warning: the following keywords are unknown and will be ignored: [examples]
    level: "warning"
    schema: {"loadingURI":"#","pointer":"/items"}
    domain: "syntax"
    ignored: ["examples"]
warning: the following keywords are unknown and will be ignored: [examples]
    level: "warning"
    schema: {"loadingURI":"#","pointer":"/items/properties/cpf"}
    domain: "syntax"
    ignored: ["examples"]
warning: the following keywords are unknown and will be ignored: [examples]
    level: "warning"
    schema: {"loadingURI":"#","pointer":"/items/properties/email"}
    domain: "syntax"
    ignored: ["examples"]
warning: the following keywords are unknown and will be ignored: [examples]
    level: "warning"
    schema: {"loadingURI":"#","pointer":"/items/properties/id"}
    domain: "syntax"
    ignored: ["examples"]
warning: the following keywords are unknown and will be ignored: [examples]
    level: "warning"
    schema: {"loadingURI":"#","pointer":"/items/properties/nome"}
    domain: "syntax"
    ignored: ["examples"]
warning: the following keywords are unknown and will be ignored: [examples]
    level: "warning"
    schema: {"loadingURI":"#","pointer":"/items/properties/parcelas"}
    domain: "syntax"
    ignored: ["examples"]
warning: the following keywords are unknown and will be ignored: [examples]
    level: "warning"
    schema: {"loadingURI":"#","pointer":"/items/properties/seguro"}
    domain: "syntax"
    ignored: ["examples"]
warning: the following keywords are unknown and will be ignored: [examples]
    level: "warning"
    schema: {"loadingURI":"#","pointer":"/items/properties/valor"}
    domain: "syntax"
    ignored: ["examples"]
warning: the following keywords are unknown and will be ignored: [examples]
    level: "warning"
    schema: {"loadingURI":"#","pointer":"/items"}
    domain: "syntax"
    ignored: ["examples"]
warning: the following keywords are unknown and will be ignored: [examples]
    level: "warning"
    schema: {"loadingURI":"#","pointer":"/items/properties/cpf"}
    domain: "syntax"
    ignored: ["examples"]
warning: the following keywords are unknown and will be ignored: [examples]
    level: "warning"
    schema: {"loadingURI":"#","pointer":"/items/properties/email"}
    domain: "syntax"
    ignored: ["examples"]
warning: the following keywords are unknown and will be ignored: [examples]
    level: "warning"
    schema: {"loadingURI":"#","pointer":"/items/properties/id"}
    domain: "syntax"
    ignored: ["examples"]
warning: the following keywords are unknown and will be ignored: [examples]
    level: "warning"
    schema: {"loadingURI":"#","pointer":"/items/properties/nome"}
    domain: "syntax"
    ignored: ["examples"]
warning: the following keywords are unknown and will be ignored: [examples]
    level: "warning"
    schema: {"loadingURI":"#","pointer":"/items/properties/parcelas"}
    domain: "syntax"
    ignored: ["examples"]
warning: the following keywords are unknown and will be ignored: [examples]
    level: "warning"
    schema: {"loadingURI":"#","pointer":"/items/properties/seguro"}
    domain: "syntax"
    ignored: ["examples"]
warning: the following keywords are unknown and will be ignored: [examples]
    level: "warning"
    schema: {"loadingURI":"#","pointer":"/items/properties/valor"}
    domain: "syntax"
    ignored: ["examples"]
warning: the following keywords are unknown and will be ignored: [examples]
    level: "warning"
    schema: {"loadingURI":"#","pointer":"/items"}
    domain: "syntax"
    ignored: ["examples"]
warning: the following keywords are unknown and will be ignored: [examples]
    level: "warning"
    schema: {"loadingURI":"#","pointer":"/items/properties/cpf"}
    domain: "syntax"
    ignored: ["examples"]
warning: the following keywords are unknown and will be ignored: [examples]
    level: "warning"
    schema: {"loadingURI":"#","pointer":"/items/properties/email"}
    domain: "syntax"
    ignored: ["examples"]
warning: the following keywords are unknown and will be ignored: [examples]
    level: "warning"
    schema: {"loadingURI":"#","pointer":"/items/properties/id"}
    domain: "syntax"
    ignored: ["examples"]
warning: the following keywords are unknown and will be ignored: [examples]
    level: "warning"
    schema: {"loadingURI":"#","pointer":"/items/properties/nome"}
    domain: "syntax"
    ignored: ["examples"]
warning: the following keywords are unknown and will be ignored: [examples]
    level: "warning"
    schema: {"loadingURI":"#","pointer":"/items/properties/parcelas"}
    domain: "syntax"
    ignored: ["examples"]
warning: the following keywords are unknown and will be ignored: [examples]
    level: "warning"
    schema: {"loadingURI":"#","pointer":"/items/properties/seguro"}
    domain: "syntax"
    ignored: ["examples"]
warning: the following keywords are unknown and will be ignored: [examples]
    level: "warning"
    schema: {"loadingURI":"#","pointer":"/items/properties/valor"}
    domain: "syntax"
    ignored: ["examples"]
warning: the following keywords are unknown and will be ignored: [examples]
    level: "warning"
    schema: {"loadingURI":"#","pointer":"/items"}
    domain: "syntax"
    ignored: ["examples"]
warning: the following keywords are unknown and will be ignored: [examples]
    level: "warning"
    schema: {"loadingURI":"#","pointer":"/items/properties/cpf"}
    domain: "syntax"
    ignored: ["examples"]
warning: the following keywords are unknown and will be ignored: [examples]
    level: "warning"
    schema: {"loadingURI":"#","pointer":"/items/properties/email"}
    domain: "syntax"
    ignored: ["examples"]
warning: the following keywords are unknown and will be ignored: [examples]
    level: "warning"
    schema: {"loadingURI":"#","pointer":"/items/properties/id"}
    domain: "syntax"
    ignored: ["examples"]
warning: the following keywords are unknown and will be ignored: [examples]
    level: "warning"
    schema: {"loadingURI":"#","pointer":"/items/properties/nome"}
    domain: "syntax"
    ignored: ["examples"]
warning: the following keywords are unknown and will be ignored: [examples]
    level: "warning"
    schema: {"loadingURI":"#","pointer":"/items/properties/parcelas"}
    domain: "syntax"
    ignored: ["examples"]
warning: the following keywords are unknown and will be ignored: [examples]
    level: "warning"
    schema: {"loadingURI":"#","pointer":"/items/properties/seguro"}
    domain: "syntax"
    ignored: ["examples"]
warning: the following keywords are unknown and will be ignored: [examples]
    level: "warning"
    schema: {"loadingURI":"#","pointer":"/items/properties/valor"}
    domain: "syntax"
    ignored: ["examples"]
warning: the following keywords are unknown and will be ignored: [examples]
    level: "warning"
    schema: {"loadingURI":"#","pointer":"/items"}
    domain: "syntax"
    ignored: ["examples"]
warning: the following keywords are unknown and will be ignored: [examples]
    level: "warning"
    schema: {"loadingURI":"#","pointer":"/items/properties/cpf"}
    domain: "syntax"
    ignored: ["examples"]
warning: the following keywords are unknown and will be ignored: [examples]
    level: "warning"
    schema: {"loadingURI":"#","pointer":"/items/properties/email"}
    domain: "syntax"
    ignored: ["examples"]
warning: the following keywords are unknown and will be ignored: [examples]
    level: "warning"
    schema: {"loadingURI":"#","pointer":"/items/properties/id"}
    domain: "syntax"
    ignored: ["examples"]
warning: the following keywords are unknown and will be ignored: [examples]
    level: "warning"
    schema: {"loadingURI":"#","pointer":"/items/properties/nome"}
    domain: "syntax"
    ignored: ["examples"]
warning: the following keywords are unknown and will be ignored: [examples]
    level: "warning"
    schema: {"loadingURI":"#","pointer":"/items/properties/parcelas"}
    domain: "syntax"
    ignored: ["examples"]
warning: the following keywords are unknown and will be ignored: [examples]
    level: "warning"
    schema: {"loadingURI":"#","pointer":"/items/properties/seguro"}
    domain: "syntax"
    ignored: ["examples"]
warning: the following keywords are unknown and will be ignored: [examples]
    level: "warning"
    schema: {"loadingURI":"#","pointer":"/items/properties/valor"}
    domain: "syntax"
    ignored: ["examples"]
warning: the following keywords are unknown and will be ignored: [examples]
    level: "warning"
    schema: {"loadingURI":"#","pointer":"/items"}
    domain: "syntax"
    ignored: ["examples"]
warning: the following keywords are unknown and will be ignored: [examples]
    level: "warning"
    schema: {"loadingURI":"#","pointer":"/items/properties/cpf"}
    domain: "syntax"
    ignored: ["examples"]
warning: the following keywords are unknown and will be ignored: [examples]
    level: "warning"
    schema: {"loadingURI":"#","pointer":"/items/properties/email"}
    domain: "syntax"
    ignored: ["examples"]
warning: the following keywords are unknown and will be ignored: [examples]
    level: "warning"
    schema: {"loadingURI":"#","pointer":"/items/properties/id"}
    domain: "syntax"
    ignored: ["examples"]
warning: the following keywords are unknown and will be ignored: [examples]
    level: "warning"
    schema: {"loadingURI":"#","pointer":"/items/properties/nome"}
    domain: "syntax"
    ignored: ["examples"]
warning: the following keywords are unknown and will be ignored: [examples]
    level: "warning"
    schema: {"loadingURI":"#","pointer":"/items/properties/parcelas"}
    domain: "syntax"
    ignored: ["examples"]
warning: the following keywords are unknown and will be ignored: [examples]
    level: "warning"
    schema: {"loadingURI":"#","pointer":"/items/properties/seguro"}
    domain: "syntax"
    ignored: ["examples"]
warning: the following keywords are unknown and will be ignored: [examples]
    level: "warning"
    schema: {"loadingURI":"#","pointer":"/items/properties/valor"}
    domain: "syntax"
    ignored: ["examples"]
warning: the following keywords are unknown and will be ignored: [examples]
    level: "warning"
    schema: {"loadingURI":"#","pointer":"/items"}
    domain: "syntax"
    ignored: ["examples"]
warning: the following keywords are unknown and will be ignored: [examples]
    level: "warning"
    schema: {"loadingURI":"#","pointer":"/items/properties/cpf"}
    domain: "syntax"
    ignored: ["examples"]
warning: the following keywords are unknown and will be ignored: [examples]
    level: "warning"
    schema: {"loadingURI":"#","pointer":"/items/properties/email"}
    domain: "syntax"
    ignored: ["examples"]
warning: the following keywords are unknown and will be ignored: [examples]
    level: "warning"
    schema: {"loadingURI":"#","pointer":"/items/properties/id"}
    domain: "syntax"
    ignored: ["examples"]
warning: the following keywords are unknown and will be ignored: [examples]
    level: "warning"
    schema: {"loadingURI":"#","pointer":"/items/properties/nome"}
    domain: "syntax"
    ignored: ["examples"]
warning: the following keywords are unknown and will be ignored: [examples]
    level: "warning"
    schema: {"loadingURI":"#","pointer":"/items/properties/parcelas"}
    domain: "syntax"
    ignored: ["examples"]
warning: the following keywords are unknown and will be ignored: [examples]
    level: "warning"
    schema: {"loadingURI":"#","pointer":"/items/properties/seguro"}
    domain: "syntax"
    ignored: ["examples"]
warning: the following keywords are unknown and will be ignored: [examples]
    level: "warning"
    schema: {"loadingURI":"#","pointer":"/items/properties/valor"}
    domain: "syntax"
    ignored: ["examples"]
warning: the following keywords are unknown and will be ignored: [examples]
    level: "warning"
    schema: {"loadingURI":"#","pointer":"/items"}
    domain: "syntax"
    ignored: ["examples"]
warning: the following keywords are unknown and will be ignored: [examples]
    level: "warning"
    schema: {"loadingURI":"#","pointer":"/items/properties/cpf"}
    domain: "syntax"
    ignored: ["examples"]
warning: the following keywords are unknown and will be ignored: [examples]
    level: "warning"
    schema: {"loadingURI":"#","pointer":"/items/properties/email"}
    domain: "syntax"
    ignored: ["examples"]
warning: the following keywords are unknown and will be ignored: [examples]
    level: "warning"
    schema: {"loadingURI":"#","pointer":"/items/properties/id"}
    domain: "syntax"
    ignored: ["examples"]
warning: the following keywords are unknown and will be ignored: [examples]
    level: "warning"
    schema: {"loadingURI":"#","pointer":"/items/properties/nome"}
    domain: "syntax"
    ignored: ["examples"]
warning: the following keywords are unknown and will be ignored: [examples]
    level: "warning"
    schema: {"loadingURI":"#","pointer":"/items/properties/parcelas"}
    domain: "syntax"
    ignored: ["examples"]
warning: the following keywords are unknown and will be ignored: [examples]
    level: "warning"
    schema: {"loadingURI":"#","pointer":"/items/properties/seguro"}
    domain: "syntax"
    ignored: ["examples"]
warning: the following keywords are unknown and will be ignored: [examples]
    level: "warning"
    schema: {"loadingURI":"#","pointer":"/items/properties/valor"}
    domain: "syntax"
    ignored: ["examples"]
warning: the following keywords are unknown and will be ignored: [examples]
    level: "warning"
    schema: {"loadingURI":"#","pointer":"/items"}
    domain: "syntax"
    ignored: ["examples"]
warning: the following keywords are unknown and will be ignored: [examples]
    level: "warning"
    schema: {"loadingURI":"#","pointer":"/items/properties/cpf"}
    domain: "syntax"
    ignored: ["examples"]
warning: the following keywords are unknown and will be ignored: [examples]
    level: "warning"
    schema: {"loadingURI":"#","pointer":"/items/properties/email"}
    domain: "syntax"
    ignored: ["examples"]
warning: the following keywords are unknown and will be ignored: [examples]
    level: "warning"
    schema: {"loadingURI":"#","pointer":"/items/properties/id"}
    domain: "syntax"
    ignored: ["examples"]
warning: the following keywords are unknown and will be ignored: [examples]
    level: "warning"
    schema: {"loadingURI":"#","pointer":"/items/properties/nome"}
    domain: "syntax"
    ignored: ["examples"]
warning: the following keywords are unknown and will be ignored: [examples]
    level: "warning"
    schema: {"loadingURI":"#","pointer":"/items/properties/parcelas"}
    domain: "syntax"
    ignored: ["examples"]
warning: the following keywords are unknown and will be ignored: [examples]
    level: "warning"
    schema: {"loadingURI":"#","pointer":"/items/properties/seguro"}
    domain: "syntax"
    ignored: ["examples"]
warning: the following keywords are unknown and will be ignored: [examples]
    level: "warning"
    schema: {"loadingURI":"#","pointer":"/items/properties/valor"}
    domain: "syntax"
    ignored: ["examples"]
warning: the following keywords are unknown and will be ignored: [examples]
    level: "warning"
    schema: {"loadingURI":"#","pointer":"/items"}
    domain: "syntax"
    ignored: ["examples"]
warning: the following keywords are unknown and will be ignored: [examples]
    level: "warning"
    schema: {"loadingURI":"#","pointer":"/items/properties/cpf"}
    domain: "syntax"
    ignored: ["examples"]
warning: the following keywords are unknown and will be ignored: [examples]
    level: "warning"
    schema: {"loadingURI":"#","pointer":"/items/properties/email"}
    domain: "syntax"
    ignored: ["examples"]
warning: the following keywords are unknown and will be ignored: [examples]
    level: "warning"
    schema: {"loadingURI":"#","pointer":"/items/properties/id"}
    domain: "syntax"
    ignored: ["examples"]
warning: the following keywords are unknown and will be ignored: [examples]
    level: "warning"
    schema: {"loadingURI":"#","pointer":"/items/properties/nome"}
    domain: "syntax"
    ignored: ["examples"]
warning: the following keywords are unknown and will be ignored: [examples]
    level: "warning"
    schema: {"loadingURI":"#","pointer":"/items/properties/parcelas"}
    domain: "syntax"
    ignored: ["examples"]
warning: the following keywords are unknown and will be ignored: [examples]
    level: "warning"
    schema: {"loadingURI":"#","pointer":"/items/properties/seguro"}
    domain: "syntax"
    ignored: ["examples"]
warning: the following keywords are unknown and will be ignored: [examples]
    level: "warning"
    schema: {"loadingURI":"#","pointer":"/items/properties/valor"}
    domain: "syntax"
    ignored: ["examples"]
warning: the following keywords are unknown and will be ignored: [examples]
    level: "warning"
    schema: {"loadingURI":"#","pointer":"/items"}
    domain: "syntax"
    ignored: ["examples"]
warning: the following keywords are unknown and will be ignored: [examples]
    level: "warning"
    schema: {"loadingURI":"#","pointer":"/items/properties/cpf"}
    domain: "syntax"
    ignored: ["examples"]
warning: the following keywords are unknown and will be ignored: [examples]
    level: "warning"
    schema: {"loadingURI":"#","pointer":"/items/properties/email"}
    domain: "syntax"
    ignored: ["examples"]
warning: the following keywords are unknown and will be ignored: [examples]
    level: "warning"
    schema: {"loadingURI":"#","pointer":"/items/properties/id"}
    domain: "syntax"
    ignored: ["examples"]
warning: the following keywords are unknown and will be ignored: [examples]
    level: "warning"
    schema: {"loadingURI":"#","pointer":"/items/properties/nome"}
    domain: "syntax"
    ignored: ["examples"]
warning: the following keywords are unknown and will be ignored: [examples]
    level: "warning"
    schema: {"loadingURI":"#","pointer":"/items/properties/parcelas"}
    domain: "syntax"
    ignored: ["examples"]
warning: the following keywords are unknown and will be ignored: [examples]
    level: "warning"
    schema: {"loadingURI":"#","pointer":"/items/properties/seguro"}
    domain: "syntax"
    ignored: ["examples"]
warning: the following keywords are unknown and will be ignored: [examples]
    level: "warning"
    schema: {"loadingURI":"#","pointer":"/items/properties/valor"}
    domain: "syntax"
    ignored: ["examples"]
warning: the following keywords are unknown and will be ignored: [examples]
    level: "warning"
    schema: {"loadingURI":"#","pointer":"/items"}
    domain: "syntax"
    ignored: ["examples"]
warning: the following keywords are unknown and will be ignored: [examples]
    level: "warning"
    schema: {"loadingURI":"#","pointer":"/items/properties/cpf"}
    domain: "syntax"
    ignored: ["examples"]
warning: the following keywords are unknown and will be ignored: [examples]
    level: "warning"
    schema: {"loadingURI":"#","pointer":"/items/properties/email"}
    domain: "syntax"
    ignored: ["examples"]
warning: the following keywords are unknown and will be ignored: [examples]
    level: "warning"
    schema: {"loadingURI":"#","pointer":"/items/properties/id"}
    domain: "syntax"
    ignored: ["examples"]
warning: the following keywords are unknown and will be ignored: [examples]
    level: "warning"
    schema: {"loadingURI":"#","pointer":"/items/properties/nome"}
    domain: "syntax"
    ignored: ["examples"]
warning: the following keywords are unknown and will be ignored: [examples]
    level: "warning"
    schema: {"loadingURI":"#","pointer":"/items/properties/parcelas"}
    domain: "syntax"
    ignored: ["examples"]
warning: the following keywords are unknown and will be ignored: [examples]
    level: "warning"
    schema: {"loadingURI":"#","pointer":"/items/properties/seguro"}
    domain: "syntax"
    ignored: ["examples"]
warning: the following keywords are unknown and will be ignored: [examples]
    level: "warning"
    schema: {"loadingURI":"#","pointer":"/items/properties/valor"}
    domain: "syntax"
    ignored: ["examples"]
warning: the following keywords are unknown and will be ignored: [examples]
    level: "warning"
    schema: {"loadingURI":"#","pointer":"/items"}
    domain: "syntax"
    ignored: ["examples"]
warning: the following keywords are unknown and will be ignored: [examples]
    level: "warning"
    schema: {"loadingURI":"#","pointer":"/items/properties/cpf"}
    domain: "syntax"
    ignored: ["examples"]
warning: the following keywords are unknown and will be ignored: [examples]
    level: "warning"
    schema: {"loadingURI":"#","pointer":"/items/properties/email"}
    domain: "syntax"
    ignored: ["examples"]
warning: the following keywords are unknown and will be ignored: [examples]
    level: "warning"
    schema: {"loadingURI":"#","pointer":"/items/properties/id"}
    domain: "syntax"
    ignored: ["examples"]
warning: the following keywords are unknown and will be ignored: [examples]
    level: "warning"
    schema: {"loadingURI":"#","pointer":"/items/properties/nome"}
    domain: "syntax"
    ignored: ["examples"]
warning: the following keywords are unknown and will be ignored: [examples]
    level: "warning"
    schema: {"loadingURI":"#","pointer":"/items/properties/parcelas"}
    domain: "syntax"
    ignored: ["examples"]
warning: the following keywords are unknown and will be ignored: [examples]
    level: "warning"
    schema: {"loadingURI":"#","pointer":"/items/properties/seguro"}
    domain: "syntax"
    ignored: ["examples"]
warning: the following keywords are unknown and will be ignored: [examples]
    level: "warning"
    schema: {"loadingURI":"#","pointer":"/items/properties/valor"}
    domain: "syntax"
    ignored: ["examples"]
warning: the following keywords are unknown and will be ignored: [examples]
    level: "warning"
    schema: {"loadingURI":"#","pointer":"/items"}
    domain: "syntax"
    ignored: ["examples"]
warning: the following keywords are unknown and will be ignored: [examples]
    level: "warning"
    schema: {"loadingURI":"#","pointer":"/items/properties/cpf"}
    domain: "syntax"
    ignored: ["examples"]
warning: the following keywords are unknown and will be ignored: [examples]
    level: "warning"
    schema: {"loadingURI":"#","pointer":"/items/properties/email"}
    domain: "syntax"
    ignored: ["examples"]
warning: the following keywords are unknown and will be ignored: [examples]
    level: "warning"
    schema: {"loadingURI":"#","pointer":"/items/properties/id"}
    domain: "syntax"
    ignored: ["examples"]
warning: the following keywords are unknown and will be ignored: [examples]
    level: "warning"
    schema: {"loadingURI":"#","pointer":"/items/properties/nome"}
    domain: "syntax"
    ignored: ["examples"]
warning: the following keywords are unknown and will be ignored: [examples]
    level: "warning"
    schema: {"loadingURI":"#","pointer":"/items/properties/parcelas"}
    domain: "syntax"
    ignored: ["examples"]
warning: the following keywords are unknown and will be ignored: [examples]
    level: "warning"
    schema: {"loadingURI":"#","pointer":"/items/properties/seguro"}
    domain: "syntax"
    ignored: ["examples"]
warning: the following keywords are unknown and will be ignored: [examples]
    level: "warning"
    schema: {"loadingURI":"#","pointer":"/items/properties/valor"}
    domain: "syntax"
    ignored: ["examples"]
warning: the following keywords are unknown and will be ignored: [examples]
    level: "warning"
    schema: {"loadingURI":"#","pointer":"/items"}
    domain: "syntax"
    ignored: ["examples"]
warning: the following keywords are unknown and will be ignored: [examples]
    level: "warning"
    schema: {"loadingURI":"#","pointer":"/items/properties/cpf"}
    domain: "syntax"
    ignored: ["examples"]
warning: the following keywords are unknown and will be ignored: [examples]
    level: "warning"
    schema: {"loadingURI":"#","pointer":"/items/properties/email"}
    domain: "syntax"
    ignored: ["examples"]
warning: the following keywords are unknown and will be ignored: [examples]
    level: "warning"
    schema: {"loadingURI":"#","pointer":"/items/properties/id"}
    domain: "syntax"
    ignored: ["examples"]
warning: the following keywords are unknown and will be ignored: [examples]
    level: "warning"
    schema: {"loadingURI":"#","pointer":"/items/properties/nome"}
    domain: "syntax"
    ignored: ["examples"]
warning: the following keywords are unknown and will be ignored: [examples]
    level: "warning"
    schema: {"loadingURI":"#","pointer":"/items/properties/parcelas"}
    domain: "syntax"
    ignored: ["examples"]
warning: the following keywords are unknown and will be ignored: [examples]
    level: "warning"
    schema: {"loadingURI":"#","pointer":"/items/properties/seguro"}
    domain: "syntax"
    ignored: ["examples"]
warning: the following keywords are unknown and will be ignored: [examples]
    level: "warning"
    schema: {"loadingURI":"#","pointer":"/items/properties/valor"}
    domain: "syntax"
    ignored: ["examples"]
warning: the following keywords are unknown and will be ignored: [examples]
    level: "warning"
    schema: {"loadingURI":"#","pointer":"/items"}
    domain: "syntax"
    ignored: ["examples"]
warning: the following keywords are unknown and will be ignored: [examples]
    level: "warning"
    schema: {"loadingURI":"#","pointer":"/items/properties/cpf"}
    domain: "syntax"
    ignored: ["examples"]
warning: the following keywords are unknown and will be ignored: [examples]
    level: "warning"
    schema: {"loadingURI":"#","pointer":"/items/properties/email"}
    domain: "syntax"
    ignored: ["examples"]
warning: the following keywords are unknown and will be ignored: [examples]
    level: "warning"
    schema: {"loadingURI":"#","pointer":"/items/properties/id"}
    domain: "syntax"
    ignored: ["examples"]
warning: the following keywords are unknown and will be ignored: [examples]
    level: "warning"
    schema: {"loadingURI":"#","pointer":"/items/properties/nome"}
    domain: "syntax"
    ignored: ["examples"]
warning: the following keywords are unknown and will be ignored: [examples]
    level: "warning"
    schema: {"loadingURI":"#","pointer":"/items/properties/parcelas"}
    domain: "syntax"
    ignored: ["examples"]
warning: the following keywords are unknown and will be ignored: [examples]
    level: "warning"
    schema: {"loadingURI":"#","pointer":"/items/properties/seguro"}
    domain: "syntax"
    ignored: ["examples"]
warning: the following keywords are unknown and will be ignored: [examples]
    level: "warning"
    schema: {"loadingURI":"#","pointer":"/items/properties/valor"}
    domain: "syntax"
    ignored: ["examples"]
warning: the following keywords are unknown and will be ignored: [examples]
    level: "warning"
    schema: {"loadingURI":"#","pointer":"/items"}
    domain: "syntax"
    ignored: ["examples"]
warning: the following keywords are unknown and will be ignored: [examples]
    level: "warning"
    schema: {"loadingURI":"#","pointer":"/items/properties/cpf"}
    domain: "syntax"
    ignored: ["examples"]
warning: the following keywords are unknown and will be ignored: [examples]
    level: "warning"
    schema: {"loadingURI":"#","pointer":"/items/properties/email"}
    domain: "syntax"
    ignored: ["examples"]
warning: the following keywords are unknown and will be ignored: [examples]
    level: "warning"
    schema: {"loadingURI":"#","pointer":"/items/properties/id"}
    domain: "syntax"
    ignored: ["examples"]
warning: the following keywords are unknown and will be ignored: [examples]
    level: "warning"
    schema: {"loadingURI":"#","pointer":"/items/properties/nome"}
    domain: "syntax"
    ignored: ["examples"]
warning: the following keywords are unknown and will be ignored: [examples]
    level: "warning"
    schema: {"loadingURI":"#","pointer":"/items/properties/parcelas"}
    domain: "syntax"
    ignored: ["examples"]
warning: the following keywords are unknown and will be ignored: [examples]
    level: "warning"
    schema: {"loadingURI":"#","pointer":"/items/properties/seguro"}
    domain: "syntax"
    ignored: ["examples"]
warning: the following keywords are unknown and will be ignored: [examples]
    level: "warning"
    schema: {"loadingURI":"#","pointer":"/items/properties/valor"}
    domain: "syntax"
    ignored: ["examples"]
warning: the following keywords are unknown and will be ignored: [examples]
    level: "warning"
    schema: {"loadingURI":"#","pointer":"/items"}
    domain: "syntax"
    ignored: ["examples"]
warning: the following keywords are unknown and will be ignored: [examples]
    level: "warning"
    schema: {"loadingURI":"#","pointer":"/items/properties/cpf"}
    domain: "syntax"
    ignored: ["examples"]
warning: the following keywords are unknown and will be ignored: [examples]
    level: "warning"
    schema: {"loadingURI":"#","pointer":"/items/properties/email"}
    domain: "syntax"
    ignored: ["examples"]
warning: the following keywords are unknown and will be ignored: [examples]
    level: "warning"
    schema: {"loadingURI":"#","pointer":"/items/properties/id"}
    domain: "syntax"
    ignored: ["examples"]
warning: the following keywords are unknown and will be ignored: [examples]
    level: "warning"
    schema: {"loadingURI":"#","pointer":"/items/properties/nome"}
    domain: "syntax"
    ignored: ["examples"]
warning: the following keywords are unknown and will be ignored: [examples]
    level: "warning"
    schema: {"loadingURI":"#","pointer":"/items/properties/parcelas"}
    domain: "syntax"
    ignored: ["examples"]
warning: the following keywords are unknown and will be ignored: [examples]
    level: "warning"
    schema: {"loadingURI":"#","pointer":"/items/properties/seguro"}
    domain: "syntax"
    ignored: ["examples"]
warning: the following keywords are unknown and will be ignored: [examples]
    level: "warning"
    schema: {"loadingURI":"#","pointer":"/items/properties/valor"}
    domain: "syntax"
    ignored: ["examples"]
warning: the following keywords are unknown and will be ignored: [examples]
    level: "warning"
    schema: {"loadingURI":"#","pointer":"/items"}
    domain: "syntax"
    ignored: ["examples"]
warning: the following keywords are unknown and will be ignored: [examples]
    level: "warning"
    schema: {"loadingURI":"#","pointer":"/items/properties/cpf"}
    domain: "syntax"
    ignored: ["examples"]
warning: the following keywords are unknown and will be ignored: [examples]
    level: "warning"
    schema: {"loadingURI":"#","pointer":"/items/properties/email"}
    domain: "syntax"
    ignored: ["examples"]
warning: the following keywords are unknown and will be ignored: [examples]
    level: "warning"
    schema: {"loadingURI":"#","pointer":"/items/properties/id"}
    domain: "syntax"
    ignored: ["examples"]
warning: the following keywords are unknown and will be ignored: [examples]
    level: "warning"
    schema: {"loadingURI":"#","pointer":"/items/properties/nome"}
    domain: "syntax"
    ignored: ["examples"]
warning: the following keywords are unknown and will be ignored: [examples]
    level: "warning"
    schema: {"loadingURI":"#","pointer":"/items/properties/parcelas"}
    domain: "syntax"
    ignored: ["examples"]
warning: the following keywords are unknown and will be ignored: [examples]
    level: "warning"
    schema: {"loadingURI":"#","pointer":"/items/properties/seguro"}
    domain: "syntax"
    ignored: ["examples"]
warning: the following keywords are unknown and will be ignored: [examples]
    level: "warning"
    schema: {"loadingURI":"#","pointer":"/items/properties/valor"}
    domain: "syntax"
    ignored: ["examples"]
warning: the following keywords are unknown and will be ignored: [examples]
    level: "warning"
    schema: {"loadingURI":"#","pointer":"/items"}
    domain: "syntax"
    ignored: ["examples"]
warning: the following keywords are unknown and will be ignored: [examples]
    level: "warning"
    schema: {"loadingURI":"#","pointer":"/items/properties/cpf"}
    domain: "syntax"
    ignored: ["examples"]
warning: the following keywords are unknown and will be ignored: [examples]
    level: "warning"
    schema: {"loadingURI":"#","pointer":"/items/properties/email"}
    domain: "syntax"
    ignored: ["examples"]
warning: the following keywords are unknown and will be ignored: [examples]
    level: "warning"
    schema: {"loadingURI":"#","pointer":"/items/properties/id"}
    domain: "syntax"
    ignored: ["examples"]
warning: the following keywords are unknown and will be ignored: [examples]
    level: "warning"
    schema: {"loadingURI":"#","pointer":"/items/properties/nome"}
    domain: "syntax"
    ignored: ["examples"]
warning: the following keywords are unknown and will be ignored: [examples]
    level: "warning"
    schema: {"loadingURI":"#","pointer":"/items/properties/parcelas"}
    domain: "syntax"
    ignored: ["examples"]
warning: the following keywords are unknown and will be ignored: [examples]
    level: "warning"
    schema: {"loadingURI":"#","pointer":"/items/properties/seguro"}
    domain: "syntax"
    ignored: ["examples"]
warning: the following keywords are unknown and will be ignored: [examples]
    level: "warning"
    schema: {"loadingURI":"#","pointer":"/items/properties/valor"}
    domain: "syntax"
    ignored: ["examples"]
warning: the following keywords are unknown and will be ignored: [examples]
    level: "warning"
    schema: {"loadingURI":"#","pointer":"/items"}
    domain: "syntax"
    ignored: ["examples"]
warning: the following keywords are unknown and will be ignored: [examples]
    level: "warning"
    schema: {"loadingURI":"#","pointer":"/items/properties/cpf"}
    domain: "syntax"
    ignored: ["examples"]
warning: the following keywords are unknown and will be ignored: [examples]
    level: "warning"
    schema: {"loadingURI":"#","pointer":"/items/properties/email"}
    domain: "syntax"
    ignored: ["examples"]
warning: the following keywords are unknown and will be ignored: [examples]
    level: "warning"
    schema: {"loadingURI":"#","pointer":"/items/properties/id"}
    domain: "syntax"
    ignored: ["examples"]
warning: the following keywords are unknown and will be ignored: [examples]
    level: "warning"
    schema: {"loadingURI":"#","pointer":"/items/properties/nome"}
    domain: "syntax"
    ignored: ["examples"]
warning: the following keywords are unknown and will be ignored: [examples]
    level: "warning"
    schema: {"loadingURI":"#","pointer":"/items/properties/parcelas"}
    domain: "syntax"
    ignored: ["examples"]
warning: the following keywords are unknown and will be ignored: [examples]
    level: "warning"
    schema: {"loadingURI":"#","pointer":"/items/properties/seguro"}
    domain: "syntax"
    ignored: ["examples"]
warning: the following keywords are unknown and will be ignored: [examples]
    level: "warning"
    schema: {"loadingURI":"#","pointer":"/items/properties/valor"}
    domain: "syntax"
    ignored: ["examples"]
warning: the following keywords are unknown and will be ignored: [examples]
    level: "warning"
    schema: {"loadingURI":"#","pointer":"/items"}
    domain: "syntax"
    ignored: ["examples"]
warning: the following keywords are unknown and will be ignored: [examples]
    level: "warning"
    schema: {"loadingURI":"#","pointer":"/items/properties/cpf"}
    domain: "syntax"
    ignored: ["examples"]
warning: the following keywords are unknown and will be ignored: [examples]
    level: "warning"
    schema: {"loadingURI":"#","pointer":"/items/properties/email"}
    domain: "syntax"
    ignored: ["examples"]
warning: the following keywords are unknown and will be ignored: [examples]
    level: "warning"
    schema: {"loadingURI":"#","pointer":"/items/properties/id"}
    domain: "syntax"
    ignored: ["examples"]
warning: the following keywords are unknown and will be ignored: [examples]
    level: "warning"
    schema: {"loadingURI":"#","pointer":"/items/properties/nome"}
    domain: "syntax"
    ignored: ["examples"]
warning: the following keywords are unknown and will be ignored: [examples]
    level: "warning"
    schema: {"loadingURI":"#","pointer":"/items/properties/parcelas"}
    domain: "syntax"
    ignored: ["examples"]
warning: the following keywords are unknown and will be ignored: [examples]
    level: "warning"
    schema: {"loadingURI":"#","pointer":"/items/properties/seguro"}
    domain: "syntax"
    ignored: ["examples"]
warning: the following keywords are unknown and will be ignored: [examples]
    level: "warning"
    schema: {"loadingURI":"#","pointer":"/items/properties/valor"}
    domain: "syntax"
    ignored: ["examples"]
warning: the following keywords are unknown and will be ignored: [examples]
    level: "warning"
    schema: {"loadingURI":"#","pointer":"/items"}
    domain: "syntax"
    ignored: ["examples"]
warning: the following keywords are unknown and will be ignored: [examples]
    level: "warning"
    schema: {"loadingURI":"#","pointer":"/items/properties/cpf"}
    domain: "syntax"
    ignored: ["examples"]
warning: the following keywords are unknown and will be ignored: [examples]
    level: "warning"
    schema: {"loadingURI":"#","pointer":"/items/properties/email"}
    domain: "syntax"
    ignored: ["examples"]
warning: the following keywords are unknown and will be ignored: [examples]
    level: "warning"
    schema: {"loadingURI":"#","pointer":"/items/properties/id"}
    domain: "syntax"
    ignored: ["examples"]
warning: the following keywords are unknown and will be ignored: [examples]
    level: "warning"
    schema: {"loadingURI":"#","pointer":"/items/properties/nome"}
    domain: "syntax"
    ignored: ["examples"]
warning: the following keywords are unknown and will be ignored: [examples]
    level: "warning"
    schema: {"loadingURI":"#","pointer":"/items/properties/parcelas"}
    domain: "syntax"
    ignored: ["examples"]
warning: the following keywords are unknown and will be ignored: [examples]
    level: "warning"
    schema: {"loadingURI":"#","pointer":"/items/properties/seguro"}
    domain: "syntax"
    ignored: ["examples"]
warning: the following keywords are unknown and will be ignored: [examples]
    level: "warning"
    schema: {"loadingURI":"#","pointer":"/items/properties/valor"}
    domain: "syntax"
    ignored: ["examples"]
warning: the following keywords are unknown and will be ignored: [examples]
    level: "warning"
    schema: {"loadingURI":"#","pointer":"/items"}
    domain: "syntax"
    ignored: ["examples"]
warning: the following keywords are unknown and will be ignored: [examples]
    level: "warning"
    schema: {"loadingURI":"#","pointer":"/items/properties/cpf"}
    domain: "syntax"
    ignored: ["examples"]
warning: the following keywords are unknown and will be ignored: [examples]
    level: "warning"
    schema: {"loadingURI":"#","pointer":"/items/properties/email"}
    domain: "syntax"
    ignored: ["examples"]
warning: the following keywords are unknown and will be ignored: [examples]
    level: "warning"
    schema: {"loadingURI":"#","pointer":"/items/properties/id"}
    domain: "syntax"
    ignored: ["examples"]
warning: the following keywords are unknown and will be ignored: [examples]
    level: "warning"
    schema: {"loadingURI":"#","pointer":"/items/properties/nome"}
    domain: "syntax"
    ignored: ["examples"]
warning: the following keywords are unknown and will be ignored: [examples]
    level: "warning"
    schema: {"loadingURI":"#","pointer":"/items/properties/parcelas"}
    domain: "syntax"
    ignored: ["examples"]
warning: the following keywords are unknown and will be ignored: [examples]
    level: "warning"
    schema: {"loadingURI":"#","pointer":"/items/properties/seguro"}
    domain: "syntax"
    ignored: ["examples"]
warning: the following keywords are unknown and will be ignored: [examples]
    level: "warning"
    schema: {"loadingURI":"#","pointer":"/items/properties/valor"}
    domain: "syntax"
    ignored: ["examples"]
warning: the following keywords are unknown and will be ignored: [examples]
    level: "warning"
    schema: {"loadingURI":"#","pointer":"/items"}
    domain: "syntax"
    ignored: ["examples"]
warning: the following keywords are unknown and will be ignored: [examples]
    level: "warning"
    schema: {"loadingURI":"#","pointer":"/items/properties/cpf"}
    domain: "syntax"
    ignored: ["examples"]
warning: the following keywords are unknown and will be ignored: [examples]
    level: "warning"
    schema: {"loadingURI":"#","pointer":"/items/properties/email"}
    domain: "syntax"
    ignored: ["examples"]
warning: the following keywords are unknown and will be ignored: [examples]
    level: "warning"
    schema: {"loadingURI":"#","pointer":"/items/properties/id"}
    domain: "syntax"
    ignored: ["examples"]
warning: the following keywords are unknown and will be ignored: [examples]
    level: "warning"
    schema: {"loadingURI":"#","pointer":"/items/properties/nome"}
    domain: "syntax"
    ignored: ["examples"]
warning: the following keywords are unknown and will be ignored: [examples]
    level: "warning"
    schema: {"loadingURI":"#","pointer":"/items/properties/parcelas"}
    domain: "syntax"
    ignored: ["examples"]
warning: the following keywords are unknown and will be ignored: [examples]
    level: "warning"
    schema: {"loadingURI":"#","pointer":"/items/properties/seguro"}
    domain: "syntax"
    ignored: ["examples"]
warning: the following keywords are unknown and will be ignored: [examples]
    level: "warning"
    schema: {"loadingURI":"#","pointer":"/items/properties/valor"}
    domain: "syntax"
    ignored: ["examples"]
warning: the following keywords are unknown and will be ignored: [examples]
    level: "warning"
    schema: {"loadingURI":"#","pointer":"/items"}
    domain: "syntax"
    ignored: ["examples"]
warning: the following keywords are unknown and will be ignored: [examples]
    level: "warning"
    schema: {"loadingURI":"#","pointer":"/items/properties/cpf"}
    domain: "syntax"
    ignored: ["examples"]
warning: the following keywords are unknown and will be ignored: [examples]
    level: "warning"
    schema: {"loadingURI":"#","pointer":"/items/properties/email"}
    domain: "syntax"
    ignored: ["examples"]
warning: the following keywords are unknown and will be ignored: [examples]
    level: "warning"
    schema: {"loadingURI":"#","pointer":"/items/properties/id"}
    domain: "syntax"
    ignored: ["examples"]
warning: the following keywords are unknown and will be ignored: [examples]
    level: "warning"
    schema: {"loadingURI":"#","pointer":"/items/properties/nome"}
    domain: "syntax"
    ignored: ["examples"]
warning: the following keywords are unknown and will be ignored: [examples]
    level: "warning"
    schema: {"loadingURI":"#","pointer":"/items/properties/parcelas"}
    domain: "syntax"
    ignored: ["examples"]
warning: the following keywords are unknown and will be ignored: [examples]
    level: "warning"
    schema: {"loadingURI":"#","pointer":"/items/properties/seguro"}
    domain: "syntax"
    ignored: ["examples"]
warning: the following keywords are unknown and will be ignored: [examples]
    level: "warning"
    schema: {"loadingURI":"#","pointer":"/items/properties/valor"}
    domain: "syntax"
    ignored: ["examples"]
warning: the following keywords are unknown and will be ignored: [examples]
    level: "warning"
    schema: {"loadingURI":"#","pointer":"/items"}
    domain: "syntax"
    ignored: ["examples"]
warning: the following keywords are unknown and will be ignored: [examples]
    level: "warning"
    schema: {"loadingURI":"#","pointer":"/items/properties/cpf"}
    domain: "syntax"
    ignored: ["examples"]
warning: the following keywords are unknown and will be ignored: [examples]
    level: "warning"
    schema: {"loadingURI":"#","pointer":"/items/properties/email"}
    domain: "syntax"
    ignored: ["examples"]
warning: the following keywords are unknown and will be ignored: [examples]
    level: "warning"
    schema: {"loadingURI":"#","pointer":"/items/properties/id"}
    domain: "syntax"
    ignored: ["examples"]
warning: the following keywords are unknown and will be ignored: [examples]
    level: "warning"
    schema: {"loadingURI":"#","pointer":"/items/properties/nome"}
    domain: "syntax"
    ignored: ["examples"]
warning: the following keywords are unknown and will be ignored: [examples]
    level: "warning"
    schema: {"loadingURI":"#","pointer":"/items/properties/parcelas"}
    domain: "syntax"
    ignored: ["examples"]
warning: the following keywords are unknown and will be ignored: [examples]
    level: "warning"
    schema: {"loadingURI":"#","pointer":"/items/properties/seguro"}
    domain: "syntax"
    ignored: ["examples"]
warning: the following keywords are unknown and will be ignored: [examples]
    level: "warning"
    schema: {"loadingURI":"#","pointer":"/items/properties/valor"}
    domain: "syntax"
    ignored: ["examples"]
warning: the following keywords are unknown and will be ignored: [examples]
    level: "warning"
    schema: {"loadingURI":"#","pointer":"/items"}
    domain: "syntax"
    ignored: ["examples"]
warning: the following keywords are unknown and will be ignored: [examples]
    level: "warning"
    schema: {"loadingURI":"#","pointer":"/items/properties/cpf"}
    domain: "syntax"
    ignored: ["examples"]
warning: the following keywords are unknown and will be ignored: [examples]
    level: "warning"
    schema: {"loadingURI":"#","pointer":"/items/properties/email"}
    domain: "syntax"
    ignored: ["examples"]
warning: the following keywords are unknown and will be ignored: [examples]
    level: "warning"
    schema: {"loadingURI":"#","pointer":"/items/properties/id"}
    domain: "syntax"
    ignored: ["examples"]
warning: the following keywords are unknown and will be ignored: [examples]
    level: "warning"
    schema: {"loadingURI":"#","pointer":"/items/properties/nome"}
    domain: "syntax"
    ignored: ["examples"]
warning: the following keywords are unknown and will be ignored: [examples]
    level: "warning"
    schema: {"loadingURI":"#","pointer":"/items/properties/parcelas"}
    domain: "syntax"
    ignored: ["examples"]
warning: the following keywords are unknown and will be ignored: [examples]
    level: "warning"
    schema: {"loadingURI":"#","pointer":"/items/properties/seguro"}
    domain: "syntax"
    ignored: ["examples"]
warning: the following keywords are unknown and will be ignored: [examples]
    level: "warning"
    schema: {"loadingURI":"#","pointer":"/items/properties/valor"}
    domain: "syntax"
    ignored: ["examples"]
warning: the following keywords are unknown and will be ignored: [examples]
    level: "warning"
    schema: {"loadingURI":"#","pointer":"/items"}
    domain: "syntax"
    ignored: ["examples"]
warning: the following keywords are unknown and will be ignored: [examples]
    level: "warning"
    schema: {"loadingURI":"#","pointer":"/items/properties/cpf"}
    domain: "syntax"
    ignored: ["examples"]
warning: the following keywords are unknown and will be ignored: [examples]
    level: "warning"
    schema: {"loadingURI":"#","pointer":"/items/properties/email"}
    domain: "syntax"
    ignored: ["examples"]
warning: the following keywords are unknown and will be ignored: [examples]
    level: "warning"
    schema: {"loadingURI":"#","pointer":"/items/properties/id"}
    domain: "syntax"
    ignored: ["examples"]
warning: the following keywords are unknown and will be ignored: [examples]
    level: "warning"
    schema: {"loadingURI":"#","pointer":"/items/properties/nome"}
    domain: "syntax"
    ignored: ["examples"]
warning: the following keywords are unknown and will be ignored: [examples]
    level: "warning"
    schema: {"loadingURI":"#","pointer":"/items/properties/parcelas"}
    domain: "syntax"
    ignored: ["examples"]
warning: the following keywords are unknown and will be ignored: [examples]
    level: "warning"
    schema: {"loadingURI":"#","pointer":"/items/properties/seguro"}
    domain: "syntax"
    ignored: ["examples"]
warning: the following keywords are unknown and will be ignored: [examples]
    level: "warning"
    schema: {"loadingURI":"#","pointer":"/items/properties/valor"}
    domain: "syntax"
    ignored: ["examples"]
warning: the following keywords are unknown and will be ignored: [examples]
    level: "warning"
    schema: {"loadingURI":"#","pointer":"/items"}
    domain: "syntax"
    ignored: ["examples"]
warning: the following keywords are unknown and will be ignored: [examples]
    level: "warning"
    schema: {"loadingURI":"#","pointer":"/items/properties/cpf"}
    domain: "syntax"
    ignored: ["examples"]
warning: the following keywords are unknown and will be ignored: [examples]
    level: "warning"
    schema: {"loadingURI":"#","pointer":"/items/properties/email"}
    domain: "syntax"
    ignored: ["examples"]
warning: the following keywords are unknown and will be ignored: [examples]
    level: "warning"
    schema: {"loadingURI":"#","pointer":"/items/properties/id"}
    domain: "syntax"
    ignored: ["examples"]
warning: the following keywords are unknown and will be ignored: [examples]
    level: "warning"
    schema: {"loadingURI":"#","pointer":"/items/properties/nome"}
    domain: "syntax"
    ignored: ["examples"]
warning: the following keywords are unknown and will be ignored: [examples]
    level: "warning"
    schema: {"loadingURI":"#","pointer":"/items/properties/parcelas"}
    domain: "syntax"
    ignored: ["examples"]
warning: the following keywords are unknown and will be ignored: [examples]
    level: "warning"
    schema: {"loadingURI":"#","pointer":"/items/properties/seguro"}
    domain: "syntax"
    ignored: ["examples"]
warning: the following keywords are unknown and will be ignored: [examples]
    level: "warning"
    schema: {"loadingURI":"#","pointer":"/items/properties/valor"}
    domain: "syntax"
    ignored: ["examples"]
warning: the following keywords are unknown and will be ignored: [examples]
    level: "warning"
    schema: {"loadingURI":"#","pointer":"/items"}
    domain: "syntax"
    ignored: ["examples"]
warning: the following keywords are unknown and will be ignored: [examples]
    level: "warning"
    schema: {"loadingURI":"#","pointer":"/items/properties/cpf"}
    domain: "syntax"
    ignored: ["examples"]
warning: the following keywords are unknown and will be ignored: [examples]
    level: "warning"
    schema: {"loadingURI":"#","pointer":"/items/properties/email"}
    domain: "syntax"
    ignored: ["examples"]
warning: the following keywords are unknown and will be ignored: [examples]
    level: "warning"
    schema: {"loadingURI":"#","pointer":"/items/properties/id"}
    domain: "syntax"
    ignored: ["examples"]
warning: the following keywords are unknown and will be ignored: [examples]
    level: "warning"
    schema: {"loadingURI":"#","pointer":"/items/properties/nome"}
    domain: "syntax"
    ignored: ["examples"]
warning: the following keywords are unknown and will be ignored: [examples]
    level: "warning"
    schema: {"loadingURI":"#","pointer":"/items/properties/parcelas"}
    domain: "syntax"
    ignored: ["examples"]
warning: the following keywords are unknown and will be ignored: [examples]
    level: "warning"
    schema: {"loadingURI":"#","pointer":"/items/properties/seguro"}
    domain: "syntax"
    ignored: ["examples"]
warning: the following keywords are unknown and will be ignored: [examples]
    level: "warning"
    schema: {"loadingURI":"#","pointer":"/items/properties/valor"}
    domain: "syntax"
    ignored: ["examples"]
warning: the following keywords are unknown and will be ignored: [examples]
    level: "warning"
    schema: {"loadingURI":"#","pointer":"/items"}
    domain: "syntax"
    ignored: ["examples"]
warning: the following keywords are unknown and will be ignored: [examples]
    level: "warning"
    schema: {"loadingURI":"#","pointer":"/items/properties/cpf"}
    domain: "syntax"
    ignored: ["examples"]
warning: the following keywords are unknown and will be ignored: [examples]
    level: "warning"
    schema: {"loadingURI":"#","pointer":"/items/properties/email"}
    domain: "syntax"
    ignored: ["examples"]
warning: the following keywords are unknown and will be ignored: [examples]
    level: "warning"
    schema: {"loadingURI":"#","pointer":"/items/properties/id"}
    domain: "syntax"
    ignored: ["examples"]
warning: the following keywords are unknown and will be ignored: [examples]
    level: "warning"
    schema: {"loadingURI":"#","pointer":"/items/properties/nome"}
    domain: "syntax"
    ignored: ["examples"]
warning: the following keywords are unknown and will be ignored: [examples]
    level: "warning"
    schema: {"loadingURI":"#","pointer":"/items/properties/parcelas"}
    domain: "syntax"
    ignored: ["examples"]
warning: the following keywords are unknown and will be ignored: [examples]
    level: "warning"
    schema: {"loadingURI":"#","pointer":"/items/properties/seguro"}
    domain: "syntax"
    ignored: ["examples"]
warning: the following keywords are unknown and will be ignored: [examples]
    level: "warning"
    schema: {"loadingURI":"#","pointer":"/items/properties/valor"}
    domain: "syntax"
    ignored: ["examples"]
warning: the following keywords are unknown and will be ignored: [examples]
    level: "warning"
    schema: {"loadingURI":"#","pointer":"/items"}
    domain: "syntax"
    ignored: ["examples"]
warning: the following keywords are unknown and will be ignored: [examples]
    level: "warning"
    schema: {"loadingURI":"#","pointer":"/items/properties/cpf"}
    domain: "syntax"
    ignored: ["examples"]
warning: the following keywords are unknown and will be ignored: [examples]
    level: "warning"
    schema: {"loadingURI":"#","pointer":"/items/properties/email"}
    domain: "syntax"
    ignored: ["examples"]
warning: the following keywords are unknown and will be ignored: [examples]
    level: "warning"
    schema: {"loadingURI":"#","pointer":"/items/properties/id"}
    domain: "syntax"
    ignored: ["examples"]
warning: the following keywords are unknown and will be ignored: [examples]
    level: "warning"
    schema: {"loadingURI":"#","pointer":"/items/properties/nome"}
    domain: "syntax"
    ignored: ["examples"]
warning: the following keywords are unknown and will be ignored: [examples]
    level: "warning"
    schema: {"loadingURI":"#","pointer":"/items/properties/parcelas"}
    domain: "syntax"
    ignored: ["examples"]
warning: the following keywords are unknown and will be ignored: [examples]
    level: "warning"
    schema: {"loadingURI":"#","pointer":"/items/properties/seguro"}
    domain: "syntax"
    ignored: ["examples"]
warning: the following keywords are unknown and will be ignored: [examples]
    level: "warning"
    schema: {"loadingURI":"#","pointer":"/items/properties/valor"}
    domain: "syntax"
    ignored: ["examples"]
warning: the following keywords are unknown and will be ignored: [examples]
    level: "warning"
    schema: {"loadingURI":"#","pointer":"/items"}
    domain: "syntax"
    ignored: ["examples"]
warning: the following keywords are unknown and will be ignored: [examples]
    level: "warning"
    schema: {"loadingURI":"#","pointer":"/items/properties/cpf"}
    domain: "syntax"
    ignored: ["examples"]
warning: the following keywords are unknown and will be ignored: [examples]
    level: "warning"
    schema: {"loadingURI":"#","pointer":"/items/properties/email"}
    domain: "syntax"
    ignored: ["examples"]
warning: the following keywords are unknown and will be ignored: [examples]
    level: "warning"
    schema: {"loadingURI":"#","pointer":"/items/properties/id"}
    domain: "syntax"
    ignored: ["examples"]
warning: the following keywords are unknown and will be ignored: [examples]
    level: "warning"
    schema: {"loadingURI":"#","pointer":"/items/properties/nome"}
    domain: "syntax"
    ignored: ["examples"]
warning: the following keywords are unknown and will be ignored: [examples]
    level: "warning"
    schema: {"loadingURI":"#","pointer":"/items/properties/parcelas"}
    domain: "syntax"
    ignored: ["examples"]
warning: the following keywords are unknown and will be ignored: [examples]
    level: "warning"
    schema: {"loadingURI":"#","pointer":"/items/properties/seguro"}
    domain: "syntax"
    ignored: ["examples"]
warning: the following keywords are unknown and will be ignored: [examples]
    level: "warning"
    schema: {"loadingURI":"#","pointer":"/items/properties/valor"}
    domain: "syntax"
    ignored: ["examples"]
warning: the following keywords are unknown and will be ignored: [examples]
    level: "warning"
    schema: {"loadingURI":"#","pointer":"/items"}
    domain: "syntax"
    ignored: ["examples"]
warning: the following keywords are unknown and will be ignored: [examples]
    level: "warning"
    schema: {"loadingURI":"#","pointer":"/items/properties/cpf"}
    domain: "syntax"
    ignored: ["examples"]
warning: the following keywords are unknown and will be ignored: [examples]
    level: "warning"
    schema: {"loadingURI":"#","pointer":"/items/properties/email"}
    domain: "syntax"
    ignored: ["examples"]
warning: the following keywords are unknown and will be ignored: [examples]
    level: "warning"
    schema: {"loadingURI":"#","pointer":"/items/properties/id"}
    domain: "syntax"
    ignored: ["examples"]
warning: the following keywords are unknown and will be ignored: [examples]
    level: "warning"
    schema: {"loadingURI":"#","pointer":"/items/properties/nome"}
    domain: "syntax"
    ignored: ["examples"]
warning: the following keywords are unknown and will be ignored: [examples]
    level: "warning"
    schema: {"loadingURI":"#","pointer":"/items/properties/parcelas"}
    domain: "syntax"
    ignored: ["examples"]
warning: the following keywords are unknown and will be ignored: [examples]
    level: "warning"
    schema: {"loadingURI":"#","pointer":"/items/properties/seguro"}
    domain: "syntax"
    ignored: ["examples"]
warning: the following keywords are unknown and will be ignored: [examples]
    level: "warning"
    schema: {"loadingURI":"#","pointer":"/items/properties/valor"}
    domain: "syntax"
    ignored: ["examples"]
warning: the following keywords are unknown and will be ignored: [examples]
    level: "warning"
    schema: {"loadingURI":"#","pointer":"/items"}
    domain: "syntax"
    ignored: ["examples"]
warning: the following keywords are unknown and will be ignored: [examples]
    level: "warning"
    schema: {"loadingURI":"#","pointer":"/items/properties/cpf"}
    domain: "syntax"
    ignored: ["examples"]
warning: the following keywords are unknown and will be ignored: [examples]
    level: "warning"
    schema: {"loadingURI":"#","pointer":"/items/properties/email"}
    domain: "syntax"
    ignored: ["examples"]
warning: the following keywords are unknown and will be ignored: [examples]
    level: "warning"
    schema: {"loadingURI":"#","pointer":"/items/properties/id"}
    domain: "syntax"
    ignored: ["examples"]
warning: the following keywords are unknown and will be ignored: [examples]
    level: "warning"
    schema: {"loadingURI":"#","pointer":"/items/properties/nome"}
    domain: "syntax"
    ignored: ["examples"]
warning: the following keywords are unknown and will be ignored: [examples]
    level: "warning"
    schema: {"loadingURI":"#","pointer":"/items/properties/parcelas"}
    domain: "syntax"
    ignored: ["examples"]
warning: the following keywords are unknown and will be ignored: [examples]
    level: "warning"
    schema: {"loadingURI":"#","pointer":"/items/properties/seguro"}
    domain: "syntax"
    ignored: ["examples"]
warning: the following keywords are unknown and will be ignored: [examples]
    level: "warning"
    schema: {"loadingURI":"#","pointer":"/items/properties/valor"}
    domain: "syntax"
    ignored: ["examples"]
warning: the following keywords are unknown and will be ignored: [examples]
    level: "warning"
    schema: {"loadingURI":"#","pointer":"/items"}
    domain: "syntax"
    ignored: ["examples"]
warning: the following keywords are unknown and will be ignored: [examples]
    level: "warning"
    schema: {"loadingURI":"#","pointer":"/items/properties/cpf"}
    domain: "syntax"
    ignored: ["examples"]
warning: the following keywords are unknown and will be ignored: [examples]
    level: "warning"
    schema: {"loadingURI":"#","pointer":"/items/properties/email"}
    domain: "syntax"
    ignored: ["examples"]
warning: the following keywords are unknown and will be ignored: [examples]
    level: "warning"
    schema: {"loadingURI":"#","pointer":"/items/properties/id"}
    domain: "syntax"
    ignored: ["examples"]
warning: the following keywords are unknown and will be ignored: [examples]
    level: "warning"
    schema: {"loadingURI":"#","pointer":"/items/properties/nome"}
    domain: "syntax"
    ignored: ["examples"]
warning: the following keywords are unknown and will be ignored: [examples]
    level: "warning"
    schema: {"loadingURI":"#","pointer":"/items/properties/parcelas"}
    domain: "syntax"
    ignored: ["examples"]
warning: the following keywords are unknown and will be ignored: [examples]
    level: "warning"
    schema: {"loadingURI":"#","pointer":"/items/properties/seguro"}
    domain: "syntax"
    ignored: ["examples"]
warning: the following keywords are unknown and will be ignored: [examples]
    level: "warning"
    schema: {"loadingURI":"#","pointer":"/items/properties/valor"}
    domain: "syntax"
    ignored: ["examples"]
warning: the following keywords are unknown and will be ignored: [examples]
    level: "warning"
    schema: {"loadingURI":"#","pointer":"/items"}
    domain: "syntax"
    ignored: ["examples"]
warning: the following keywords are unknown and will be ignored: [examples]
    level: "warning"
    schema: {"loadingURI":"#","pointer":"/items/properties/cpf"}
    domain: "syntax"
    ignored: ["examples"]
warning: the following keywords are unknown and will be ignored: [examples]
    level: "warning"
    schema: {"loadingURI":"#","pointer":"/items/properties/email"}
    domain: "syntax"
    ignored: ["examples"]
warning: the following keywords are unknown and will be ignored: [examples]
    level: "warning"
    schema: {"loadingURI":"#","pointer":"/items/properties/id"}
    domain: "syntax"
    ignored: ["examples"]
warning: the following keywords are unknown and will be ignored: [examples]
    level: "warning"
    schema: {"loadingURI":"#","pointer":"/items/properties/nome"}
    domain: "syntax"
    ignored: ["examples"]
warning: the following keywords are unknown and will be ignored: [examples]
    level: "warning"
    schema: {"loadingURI":"#","pointer":"/items/properties/parcelas"}
    domain: "syntax"
    ignored: ["examples"]
warning: the following keywords are unknown and will be ignored: [examples]
    level: "warning"
    schema: {"loadingURI":"#","pointer":"/items/properties/seguro"}
    domain: "syntax"
    ignored: ["examples"]
warning: the following keywords are unknown and will be ignored: [examples]
    level: "warning"
    schema: {"loadingURI":"#","pointer":"/items/properties/valor"}
    domain: "syntax"
    ignored: ["examples"]
warning: the following keywords are unknown and will be ignored: [examples]
    level: "warning"
    schema: {"loadingURI":"#","pointer":"/items"}
    domain: "syntax"
    ignored: ["examples"]
warning: the following keywords are unknown and will be ignored: [examples]
    level: "warning"
    schema: {"loadingURI":"#","pointer":"/items/properties/cpf"}
    domain: "syntax"
    ignored: ["examples"]
warning: the following keywords are unknown and will be ignored: [examples]
    level: "warning"
    schema: {"loadingURI":"#","pointer":"/items/properties/email"}
    domain: "syntax"
    ignored: ["examples"]
warning: the following keywords are unknown and will be ignored: [examples]
    level: "warning"
    schema: {"loadingURI":"#","pointer":"/items/properties/id"}
    domain: "syntax"
    ignored: ["examples"]
warning: the following keywords are unknown and will be ignored: [examples]
    level: "warning"
    schema: {"loadingURI":"#","pointer":"/items/properties/nome"}
    domain: "syntax"
    ignored: ["examples"]
warning: the following keywords are unknown and will be ignored: [examples]
    level: "warning"
    schema: {"loadingURI":"#","pointer":"/items/properties/parcelas"}
    domain: "syntax"
    ignored: ["examples"]
warning: the following keywords are unknown and will be ignored: [examples]
    level: "warning"
    schema: {"loadingURI":"#","pointer":"/items/properties/seguro"}
    domain: "syntax"
    ignored: ["examples"]
warning: the following keywords are unknown and will be ignored: [examples]
    level: "warning"
    schema: {"loadingURI":"#","pointer":"/items/properties/valor"}
    domain: "syntax"
    ignored: ["examples"]
warning: the following keywords are unknown and will be ignored: [examples]
    level: "warning"
    schema: {"loadingURI":"#","pointer":"/items"}
    domain: "syntax"
    ignored: ["examples"]
warning: the following keywords are unknown and will be ignored: [examples]
    level: "warning"
    schema: {"loadingURI":"#","pointer":"/items/properties/cpf"}
    domain: "syntax"
    ignored: ["examples"]
warning: the following keywords are unknown and will be ignored: [examples]
    level: "warning"
    schema: {"loadingURI":"#","pointer":"/items/properties/email"}
    domain: "syntax"
    ignored: ["examples"]
warning: the following keywords are unknown and will be ignored: [examples]
    level: "warning"
    schema: {"loadingURI":"#","pointer":"/items/properties/id"}
    domain: "syntax"
    ignored: ["examples"]
warning: the following keywords are unknown and will be ignored: [examples]
    level: "warning"
    schema: {"loadingURI":"#","pointer":"/items/properties/nome"}
    domain: "syntax"
    ignored: ["examples"]
warning: the following keywords are unknown and will be ignored: [examples]
    level: "warning"
    schema: {"loadingURI":"#","pointer":"/items/properties/parcelas"}
    domain: "syntax"
    ignored: ["examples"]
warning: the following keywords are unknown and will be ignored: [examples]
    level: "warning"
    schema: {"loadingURI":"#","pointer":"/items/properties/seguro"}
    domain: "syntax"
    ignored: ["examples"]
warning: the following keywords are unknown and will be ignored: [examples]
    level: "warning"
    schema: {"loadingURI":"#","pointer":"/items/properties/valor"}
    domain: "syntax"
    ignored: ["examples"]
warning: the following keywords are unknown and will be ignored: [examples]
    level: "warning"
    schema: {"loadingURI":"#","pointer":"/items"}
    domain: "syntax"
    ignored: ["examples"]
warning: the following keywords are unknown and will be ignored: [examples]
    level: "warning"
    schema: {"loadingURI":"#","pointer":"/items/properties/cpf"}
    domain: "syntax"
    ignored: ["examples"]
warning: the following keywords are unknown and will be ignored: [examples]
    level: "warning"
    schema: {"loadingURI":"#","pointer":"/items/properties/email"}
    domain: "syntax"
    ignored: ["examples"]
warning: the following keywords are unknown and will be ignored: [examples]
    level: "warning"
    schema: {"loadingURI":"#","pointer":"/items/properties/id"}
    domain: "syntax"
    ignored: ["examples"]
warning: the following keywords are unknown and will be ignored: [examples]
    level: "warning"
    schema: {"loadingURI":"#","pointer":"/items/properties/nome"}
    domain: "syntax"
    ignored: ["examples"]
warning: the following keywords are unknown and will be ignored: [examples]
    level: "warning"
    schema: {"loadingURI":"#","pointer":"/items/properties/parcelas"}
    domain: "syntax"
    ignored: ["examples"]
warning: the following keywords are unknown and will be ignored: [examples]
    level: "warning"
    schema: {"loadingURI":"#","pointer":"/items/properties/seguro"}
    domain: "syntax"
    ignored: ["examples"]
warning: the following keywords are unknown and will be ignored: [examples]
    level: "warning"
    schema: {"loadingURI":"#","pointer":"/items/properties/valor"}
    domain: "syntax"
    ignored: ["examples"]
warning: the following keywords are unknown and will be ignored: [examples]
    level: "warning"
    schema: {"loadingURI":"#","pointer":"/items"}
    domain: "syntax"
    ignored: ["examples"]
warning: the following keywords are unknown and will be ignored: [examples]
    level: "warning"
    schema: {"loadingURI":"#","pointer":"/items/properties/cpf"}
    domain: "syntax"
    ignored: ["examples"]
warning: the following keywords are unknown and will be ignored: [examples]
    level: "warning"
    schema: {"loadingURI":"#","pointer":"/items/properties/email"}
    domain: "syntax"
    ignored: ["examples"]
warning: the following keywords are unknown and will be ignored: [examples]
    level: "warning"
    schema: {"loadingURI":"#","pointer":"/items/properties/id"}
    domain: "syntax"
    ignored: ["examples"]
warning: the following keywords are unknown and will be ignored: [examples]
    level: "warning"
    schema: {"loadingURI":"#","pointer":"/items/properties/nome"}
    domain: "syntax"
    ignored: ["examples"]
warning: the following keywords are unknown and will be ignored: [examples]
    level: "warning"
    schema: {"loadingURI":"#","pointer":"/items/properties/parcelas"}
    domain: "syntax"
    ignored: ["examples"]
warning: the following keywords are unknown and will be ignored: [examples]
    level: "warning"
    schema: {"loadingURI":"#","pointer":"/items/properties/seguro"}
    domain: "syntax"
    ignored: ["examples"]
warning: the following keywords are unknown and will be ignored: [examples]
    level: "warning"
    schema: {"loadingURI":"#","pointer":"/items/properties/valor"}
    domain: "syntax"
    ignored: ["examples"]
warning: the following keywords are unknown and will be ignored: [examples]
    level: "warning"
    schema: {"loadingURI":"#","pointer":"/items"}
    domain: "syntax"
    ignored: ["examples"]
warning: the following keywords are unknown and will be ignored: [examples]
    level: "warning"
    schema: {"loadingURI":"#","pointer":"/items/properties/cpf"}
    domain: "syntax"
    ignored: ["examples"]
warning: the following keywords are unknown and will be ignored: [examples]
    level: "warning"
    schema: {"loadingURI":"#","pointer":"/items/properties/email"}
    domain: "syntax"
    ignored: ["examples"]
warning: the following keywords are unknown and will be ignored: [examples]
    level: "warning"
    schema: {"loadingURI":"#","pointer":"/items/properties/id"}
    domain: "syntax"
    ignored: ["examples"]
warning: the following keywords are unknown and will be ignored: [examples]
    level: "warning"
    schema: {"loadingURI":"#","pointer":"/items/properties/nome"}
    domain: "syntax"
    ignored: ["examples"]
warning: the following keywords are unknown and will be ignored: [examples]
    level: "warning"
    schema: {"loadingURI":"#","pointer":"/items/properties/parcelas"}
    domain: "syntax"
    ignored: ["examples"]
warning: the following keywords are unknown and will be ignored: [examples]
    level: "warning"
    schema: {"loadingURI":"#","pointer":"/items/properties/seguro"}
    domain: "syntax"
    ignored: ["examples"]
warning: the following keywords are unknown and will be ignored: [examples]
    level: "warning"
    schema: {"loadingURI":"#","pointer":"/items/properties/valor"}
    domain: "syntax"
    ignored: ["examples"]
warning: the following keywords are unknown and will be ignored: [examples]
    level: "warning"
    schema: {"loadingURI":"#","pointer":"/items"}
    domain: "syntax"
    ignored: ["examples"]
warning: the following keywords are unknown and will be ignored: [examples]
    level: "warning"
    schema: {"loadingURI":"#","pointer":"/items/properties/cpf"}
    domain: "syntax"
    ignored: ["examples"]
warning: the following keywords are unknown and will be ignored: [examples]
    level: "warning"
    schema: {"loadingURI":"#","pointer":"/items/properties/email"}
    domain: "syntax"
    ignored: ["examples"]
warning: the following keywords are unknown and will be ignored: [examples]
    level: "warning"
    schema: {"loadingURI":"#","pointer":"/items/properties/id"}
    domain: "syntax"
    ignored: ["examples"]
warning: the following keywords are unknown and will be ignored: [examples]
    level: "warning"
    schema: {"loadingURI":"#","pointer":"/items/properties/nome"}
    domain: "syntax"
    ignored: ["examples"]
warning: the following keywords are unknown and will be ignored: [examples]
    level: "warning"
    schema: {"loadingURI":"#","pointer":"/items/properties/parcelas"}
    domain: "syntax"
    ignored: ["examples"]
warning: the following keywords are unknown and will be ignored: [examples]
    level: "warning"
    schema: {"loadingURI":"#","pointer":"/items/properties/seguro"}
    domain: "syntax"
    ignored: ["examples"]
warning: the following keywords are unknown and will be ignored: [examples]
    level: "warning"
    schema: {"loadingURI":"#","pointer":"/items/properties/valor"}
    domain: "syntax"
    ignored: ["examples"]
warning: the following keywords are unknown and will be ignored: [examples]
    level: "warning"
    schema: {"loadingURI":"#","pointer":"/items"}
    domain: "syntax"
    ignored: ["examples"]
warning: the following keywords are unknown and will be ignored: [examples]
    level: "warning"
    schema: {"loadingURI":"#","pointer":"/items/properties/cpf"}
    domain: "syntax"
    ignored: ["examples"]
warning: the following keywords are unknown and will be ignored: [examples]
    level: "warning"
    schema: {"loadingURI":"#","pointer":"/items/properties/email"}
    domain: "syntax"
    ignored: ["examples"]
warning: the following keywords are unknown and will be ignored: [examples]
    level: "warning"
    schema: {"loadingURI":"#","pointer":"/items/properties/id"}
    domain: "syntax"
    ignored: ["examples"]
warning: the following keywords are unknown and will be ignored: [examples]
    level: "warning"
    schema: {"loadingURI":"#","pointer":"/items/properties/nome"}
    domain: "syntax"
    ignored: ["examples"]
warning: the following keywords are unknown and will be ignored: [examples]
    level: "warning"
    schema: {"loadingURI":"#","pointer":"/items/properties/parcelas"}
    domain: "syntax"
    ignored: ["examples"]
warning: the following keywords are unknown and will be ignored: [examples]
    level: "warning"
    schema: {"loadingURI":"#","pointer":"/items/properties/seguro"}
    domain: "syntax"
    ignored: ["examples"]
warning: the following keywords are unknown and will be ignored: [examples]
    level: "warning"
    schema: {"loadingURI":"#","pointer":"/items/properties/valor"}
    domain: "syntax"
    ignored: ["examples"]
warning: the following keywords are unknown and will be ignored: [examples]
    level: "warning"
    schema: {"loadingURI":"#","pointer":"/items"}
    domain: "syntax"
    ignored: ["examples"]
warning: the following keywords are unknown and will be ignored: [examples]
    level: "warning"
    schema: {"loadingURI":"#","pointer":"/items/properties/cpf"}
    domain: "syntax"
    ignored: ["examples"]
warning: the following keywords are unknown and will be ignored: [examples]
    level: "warning"
    schema: {"loadingURI":"#","pointer":"/items/properties/email"}
    domain: "syntax"
    ignored: ["examples"]
warning: the following keywords are unknown and will be ignored: [examples]
    level: "warning"
    schema: {"loadingURI":"#","pointer":"/items/properties/id"}
    domain: "syntax"
    ignored: ["examples"]
warning: the following keywords are unknown and will be ignored: [examples]
    level: "warning"
    schema: {"loadingURI":"#","pointer":"/items/properties/nome"}
    domain: "syntax"
    ignored: ["examples"]
warning: the following keywords are unknown and will be ignored: [examples]
    level: "warning"
    schema: {"loadingURI":"#","pointer":"/items/properties/parcelas"}
    domain: "syntax"
    ignored: ["examples"]
warning: the following keywords are unknown and will be ignored: [examples]
    level: "warning"
    schema: {"loadingURI":"#","pointer":"/items/properties/seguro"}
    domain: "syntax"
    ignored: ["examples"]
warning: the following keywords are unknown and will be ignored: [examples]
    level: "warning"
    schema: {"loadingURI":"#","pointer":"/items/properties/valor"}
    domain: "syntax"
    ignored: ["examples"]
warning: the following keywords are unknown and will be ignored: [examples]
    level: "warning"
    schema: {"loadingURI":"#","pointer":"/items"}
    domain: "syntax"
    ignored: ["examples"]
warning: the following keywords are unknown and will be ignored: [examples]
    level: "warning"
    schema: {"loadingURI":"#","pointer":"/items/properties/cpf"}
    domain: "syntax"
    ignored: ["examples"]
warning: the following keywords are unknown and will be ignored: [examples]
    level: "warning"
    schema: {"loadingURI":"#","pointer":"/items/properties/email"}
    domain: "syntax"
    ignored: ["examples"]
warning: the following keywords are unknown and will be ignored: [examples]
    level: "warning"
    schema: {"loadingURI":"#","pointer":"/items/properties/id"}
    domain: "syntax"
    ignored: ["examples"]
warning: the following keywords are unknown and will be ignored: [examples]
    level: "warning"
    schema: {"loadingURI":"#","pointer":"/items/properties/nome"}
    domain: "syntax"
    ignored: ["examples"]
warning: the following keywords are unknown and will be ignored: [examples]
    level: "warning"
    schema: {"loadingURI":"#","pointer":"/items/properties/parcelas"}
    domain: "syntax"
    ignored: ["examples"]
warning: the following keywords are unknown and will be ignored: [examples]
    level: "warning"
    schema: {"loadingURI":"#","pointer":"/items/properties/seguro"}
    domain: "syntax"
    ignored: ["examples"]
warning: the following keywords are unknown and will be ignored: [examples]
    level: "warning"
    schema: {"loadingURI":"#","pointer":"/items/properties/valor"}
    domain: "syntax"
    ignored: ["examples"]
warning: the following keywords are unknown and will be ignored: [examples]
    level: "warning"
    schema: {"loadingURI":"#","pointer":"/items"}
    domain: "syntax"
    ignored: ["examples"]
warning: the following keywords are unknown and will be ignored: [examples]
    level: "warning"
    schema: {"loadingURI":"#","pointer":"/items/properties/cpf"}
    domain: "syntax"
    ignored: ["examples"]
warning: the following keywords are unknown and will be ignored: [examples]
    level: "warning"
    schema: {"loadingURI":"#","pointer":"/items/properties/email"}
    domain: "syntax"
    ignored: ["examples"]
warning: the following keywords are unknown and will be ignored: [examples]
    level: "warning"
    schema: {"loadingURI":"#","pointer":"/items/properties/id"}
    domain: "syntax"
    ignored: ["examples"]
warning: the following keywords are unknown and will be ignored: [examples]
    level: "warning"
    schema: {"loadingURI":"#","pointer":"/items/properties/nome"}
    domain: "syntax"
    ignored: ["examples"]
warning: the following keywords are unknown and will be ignored: [examples]
    level: "warning"
    schema: {"loadingURI":"#","pointer":"/items/properties/parcelas"}
    domain: "syntax"
    ignored: ["examples"]
warning: the following keywords are unknown and will be ignored: [examples]
    level: "warning"
    schema: {"loadingURI":"#","pointer":"/items/properties/seguro"}
    domain: "syntax"
    ignored: ["examples"]
warning: the following keywords are unknown and will be ignored: [examples]
    level: "warning"
    schema: {"loadingURI":"#","pointer":"/items/properties/valor"}
    domain: "syntax"
    ignored: ["examples"]
warning: the following keywords are unknown and will be ignored: [examples]
    level: "warning"
    schema: {"loadingURI":"#","pointer":"/items"}
    domain: "syntax"
    ignored: ["examples"]
warning: the following keywords are unknown and will be ignored: [examples]
    level: "warning"
    schema: {"loadingURI":"#","pointer":"/items/properties/cpf"}
    domain: "syntax"
    ignored: ["examples"]
warning: the following keywords are unknown and will be ignored: [examples]
    level: "warning"
    schema: {"loadingURI":"#","pointer":"/items/properties/email"}
    domain: "syntax"
    ignored: ["examples"]
warning: the following keywords are unknown and will be ignored: [examples]
    level: "warning"
    schema: {"loadingURI":"#","pointer":"/items/properties/id"}
    domain: "syntax"
    ignored: ["examples"]
warning: the following keywords are unknown and will be ignored: [examples]
    level: "warning"
    schema: {"loadingURI":"#","pointer":"/items/properties/nome"}
    domain: "syntax"
    ignored: ["examples"]
warning: the following keywords are unknown and will be ignored: [examples]
    level: "warning"
    schema: {"loadingURI":"#","pointer":"/items/properties/parcelas"}
    domain: "syntax"
    ignored: ["examples"]
warning: the following keywords are unknown and will be ignored: [examples]
    level: "warning"
    schema: {"loadingURI":"#","pointer":"/items/properties/seguro"}
    domain: "syntax"
    ignored: ["examples"]
warning: the following keywords are unknown and will be ignored: [examples]
    level: "warning"
    schema: {"loadingURI":"#","pointer":"/items/properties/valor"}
    domain: "syntax"
    ignored: ["examples"]
warning: the following keywords are unknown and will be ignored: [examples]
    level: "warning"
    schema: {"loadingURI":"#","pointer":"/items"}
    domain: "syntax"
    ignored: ["examples"]
warning: the following keywords are unknown and will be ignored: [examples]
    level: "warning"
    schema: {"loadingURI":"#","pointer":"/items/properties/cpf"}
    domain: "syntax"
    ignored: ["examples"]
warning: the following keywords are unknown and will be ignored: [examples]
    level: "warning"
    schema: {"loadingURI":"#","pointer":"/items/properties/email"}
    domain: "syntax"
    ignored: ["examples"]
warning: the following keywords are unknown and will be ignored: [examples]
    level: "warning"
    schema: {"loadingURI":"#","pointer":"/items/properties/id"}
    domain: "syntax"
    ignored: ["examples"]
warning: the following keywords are unknown and will be ignored: [examples]
    level: "warning"
    schema: {"loadingURI":"#","pointer":"/items/properties/nome"}
    domain: "syntax"
    ignored: ["examples"]
warning: the following keywords are unknown and will be ignored: [examples]
    level: "warning"
    schema: {"loadingURI":"#","pointer":"/items/properties/parcelas"}
    domain: "syntax"
    ignored: ["examples"]
warning: the following keywords are unknown and will be ignored: [examples]
    level: "warning"
    schema: {"loadingURI":"#","pointer":"/items/properties/seguro"}
    domain: "syntax"
    ignored: ["examples"]
warning: the following keywords are unknown and will be ignored: [examples]
    level: "warning"
    schema: {"loadingURI":"#","pointer":"/items/properties/valor"}
    domain: "syntax"
    ignored: ["examples"]
warning: the following keywords are unknown and will be ignored: [examples]
    level: "warning"
    schema: {"loadingURI":"#","pointer":"/items"}
    domain: "syntax"
    ignored: ["examples"]
warning: the following keywords are unknown and will be ignored: [examples]
    level: "warning"
    schema: {"loadingURI":"#","pointer":"/items/properties/cpf"}
    domain: "syntax"
    ignored: ["examples"]
warning: the following keywords are unknown and will be ignored: [examples]
    level: "warning"
    schema: {"loadingURI":"#","pointer":"/items/properties/email"}
    domain: "syntax"
    ignored: ["examples"]
warning: the following keywords are unknown and will be ignored: [examples]
    level: "warning"
    schema: {"loadingURI":"#","pointer":"/items/properties/id"}
    domain: "syntax"
    ignored: ["examples"]
warning: the following keywords are unknown and will be ignored: [examples]
    level: "warning"
    schema: {"loadingURI":"#","pointer":"/items/properties/nome"}
    domain: "syntax"
    ignored: ["examples"]
warning: the following keywords are unknown and will be ignored: [examples]
    level: "warning"
    schema: {"loadingURI":"#","pointer":"/items/properties/parcelas"}
    domain: "syntax"
    ignored: ["examples"]
warning: the following keywords are unknown and will be ignored: [examples]
    level: "warning"
    schema: {"loadingURI":"#","pointer":"/items/properties/seguro"}
    domain: "syntax"
    ignored: ["examples"]
warning: the following keywords are unknown and will be ignored: [examples]
    level: "warning"
    schema: {"loadingURI":"#","pointer":"/items/properties/valor"}
    domain: "syntax"
    ignored: ["examples"]
warning: the following keywords are unknown and will be ignored: [examples]
    level: "warning"
    schema: {"loadingURI":"#","pointer":"/items"}
    domain: "syntax"
    ignored: ["examples"]
warning: the following keywords are unknown and will be ignored: [examples]
    level: "warning"
    schema: {"loadingURI":"#","pointer":"/items/properties/cpf"}
    domain: "syntax"
    ignored: ["examples"]
warning: the following keywords are unknown and will be ignored: [examples]
    level: "warning"
    schema: {"loadingURI":"#","pointer":"/items/properties/email"}
    domain: "syntax"
    ignored: ["examples"]
warning: the following keywords are unknown and will be ignored: [examples]
    level: "warning"
    schema: {"loadingURI":"#","pointer":"/items/properties/id"}
    domain: "syntax"
    ignored: ["examples"]
warning: the following keywords are unknown and will be ignored: [examples]
    level: "warning"
    schema: {"loadingURI":"#","pointer":"/items/properties/nome"}
    domain: "syntax"
    ignored: ["examples"]
warning: the following keywords are unknown and will be ignored: [examples]
    level: "warning"
    schema: {"loadingURI":"#","pointer":"/items/properties/parcelas"}
    domain: "syntax"
    ignored: ["examples"]
warning: the following keywords are unknown and will be ignored: [examples]
    level: "warning"
    schema: {"loadingURI":"#","pointer":"/items/properties/seguro"}
    domain: "syntax"
    ignored: ["examples"]
warning: the following keywords are unknown and will be ignored: [examples]
    level: "warning"
    schema: {"loadingURI":"#","pointer":"/items/properties/valor"}
    domain: "syntax"
    ignored: ["examples"]
warning: the following keywords are unknown and will be ignored: [examples]
    level: "warning"
    schema: {"loadingURI":"#","pointer":"/items"}
    domain: "syntax"
    ignored: ["examples"]
warning: the following keywords are unknown and will be ignored: [examples]
    level: "warning"
    schema: {"loadingURI":"#","pointer":"/items/properties/cpf"}
    domain: "syntax"
    ignored: ["examples"]
warning: the following keywords are unknown and will be ignored: [examples]
    level: "warning"
    schema: {"loadingURI":"#","pointer":"/items/properties/email"}
    domain: "syntax"
    ignored: ["examples"]
warning: the following keywords are unknown and will be ignored: [examples]
    level: "warning"
    schema: {"loadingURI":"#","pointer":"/items/properties/id"}
    domain: "syntax"
    ignored: ["examples"]
warning: the following keywords are unknown and will be ignored: [examples]
    level: "warning"
    schema: {"loadingURI":"#","pointer":"/items/properties/nome"}
    domain: "syntax"
    ignored: ["examples"]
warning: the following keywords are unknown and will be ignored: [examples]
    level: "warning"
    schema: {"loadingURI":"#","pointer":"/items/properties/parcelas"}
    domain: "syntax"
    ignored: ["examples"]
warning: the following keywords are unknown and will be ignored: [examples]
    level: "warning"
    schema: {"loadingURI":"#","pointer":"/items/properties/seguro"}
    domain: "syntax"
    ignored: ["examples"]
warning: the following keywords are unknown and will be ignored: [examples]
    level: "warning"
    schema: {"loadingURI":"#","pointer":"/items/properties/valor"}
    domain: "syntax"
    ignored: ["examples"]
warning: the following keywords are unknown and will be ignored: [examples]
    level: "warning"
    schema: {"loadingURI":"#","pointer":"/items"}
    domain: "syntax"
    ignored: ["examples"]
warning: the following keywords are unknown and will be ignored: [examples]
    level: "warning"
    schema: {"loadingURI":"#","pointer":"/items/properties/cpf"}
    domain: "syntax"
    ignored: ["examples"]
warning: the following keywords are unknown and will be ignored: [examples]
    level: "warning"
    schema: {"loadingURI":"#","pointer":"/items/properties/email"}
    domain: "syntax"
    ignored: ["examples"]
warning: the following keywords are unknown and will be ignored: [examples]
    level: "warning"
    schema: {"loadingURI":"#","pointer":"/items/properties/id"}
    domain: "syntax"
    ignored: ["examples"]
warning: the following keywords are unknown and will be ignored: [examples]
    level: "warning"
    schema: {"loadingURI":"#","pointer":"/items/properties/nome"}
    domain: "syntax"
    ignored: ["examples"]
warning: the following keywords are unknown and will be ignored: [examples]
    level: "warning"
    schema: {"loadingURI":"#","pointer":"/items/properties/parcelas"}
    domain: "syntax"
    ignored: ["examples"]
warning: the following keywords are unknown and will be ignored: [examples]
    level: "warning"
    schema: {"loadingURI":"#","pointer":"/items/properties/seguro"}
    domain: "syntax"
    ignored: ["examples"]
warning: the following keywords are unknown and will be ignored: [examples]
    level: "warning"
    schema: {"loadingURI":"#","pointer":"/items/properties/valor"}
    domain: "syntax"
    ignored: ["examples"]
warning: the following keywords are unknown and will be ignored: [examples]
    level: "warning"
    schema: {"loadingURI":"#","pointer":"/items"}
    domain: "syntax"
    ignored: ["examples"]
warning: the following keywords are unknown and will be ignored: [examples]
    level: "warning"
    schema: {"loadingURI":"#","pointer":"/items/properties/cpf"}
    domain: "syntax"
    ignored: ["examples"]
warning: the following keywords are unknown and will be ignored: [examples]
    level: "warning"
    schema: {"loadingURI":"#","pointer":"/items/properties/email"}
    domain: "syntax"
    ignored: ["examples"]
warning: the following keywords are unknown and will be ignored: [examples]
    level: "warning"
    schema: {"loadingURI":"#","pointer":"/items/properties/id"}
    domain: "syntax"
    ignored: ["examples"]
warning: the following keywords are unknown and will be ignored: [examples]
    level: "warning"
    schema: {"loadingURI":"#","pointer":"/items/properties/nome"}
    domain: "syntax"
    ignored: ["examples"]
warning: the following keywords are unknown and will be ignored: [examples]
    level: "warning"
    schema: {"loadingURI":"#","pointer":"/items/properties/parcelas"}
    domain: "syntax"
    ignored: ["examples"]
warning: the following keywords are unknown and will be ignored: [examples]
    level: "warning"
    schema: {"loadingURI":"#","pointer":"/items/properties/seguro"}
    domain: "syntax"
    ignored: ["examples"]
warning: the following keywords are unknown and will be ignored: [examples]
    level: "warning"
    schema: {"loadingURI":"#","pointer":"/items/properties/valor"}
    domain: "syntax"
    ignored: ["examples"]
warning: the following keywords are unknown and will be ignored: [examples]
    level: "warning"
    schema: {"loadingURI":"#","pointer":"/items"}
    domain: "syntax"
    ignored: ["examples"]
warning: the following keywords are unknown and will be ignored: [examples]
    level: "warning"
    schema: {"loadingURI":"#","pointer":"/items/properties/cpf"}
    domain: "syntax"
    ignored: ["examples"]
warning: the following keywords are unknown and will be ignored: [examples]
    level: "warning"
    schema: {"loadingURI":"#","pointer":"/items/properties/email"}
    domain: "syntax"
    ignored: ["examples"]
warning: the following keywords are unknown and will be ignored: [examples]
    level: "warning"
    schema: {"loadingURI":"#","pointer":"/items/properties/id"}
    domain: "syntax"
    ignored: ["examples"]
warning: the following keywords are unknown and will be ignored: [examples]
    level: "warning"
    schema: {"loadingURI":"#","pointer":"/items/properties/nome"}
    domain: "syntax"
    ignored: ["examples"]
warning: the following keywords are unknown and will be ignored: [examples]
    level: "warning"
    schema: {"loadingURI":"#","pointer":"/items/properties/parcelas"}
    domain: "syntax"
    ignored: ["examples"]
warning: the following keywords are unknown and will be ignored: [examples]
    level: "warning"
    schema: {"loadingURI":"#","pointer":"/items/properties/seguro"}
    domain: "syntax"
    ignored: ["examples"]
warning: the following keywords are unknown and will be ignored: [examples]
    level: "warning"
    schema: {"loadingURI":"#","pointer":"/items/properties/valor"}
    domain: "syntax"
    ignored: ["examples"]
warning: the following keywords are unknown and will be ignored: [examples]
    level: "warning"
    schema: {"loadingURI":"#","pointer":"/items"}
    domain: "syntax"
    ignored: ["examples"]
warning: the following keywords are unknown and will be ignored: [examples]
    level: "warning"
    schema: {"loadingURI":"#","pointer":"/items/properties/cpf"}
    domain: "syntax"
    ignored: ["examples"]
warning: the following keywords are unknown and will be ignored: [examples]
    level: "warning"
    schema: {"loadingURI":"#","pointer":"/items/properties/email"}
    domain: "syntax"
    ignored: ["examples"]
warning: the following keywords are unknown and will be ignored: [examples]
    level: "warning"
    schema: {"loadingURI":"#","pointer":"/items/properties/id"}
    domain: "syntax"
    ignored: ["examples"]
warning: the following keywords are unknown and will be ignored: [examples]
    level: "warning"
    schema: {"loadingURI":"#","pointer":"/items/properties/nome"}
    domain: "syntax"
    ignored: ["examples"]
warning: the following keywords are unknown and will be ignored: [examples]
    level: "warning"
    schema: {"loadingURI":"#","pointer":"/items/properties/parcelas"}
    domain: "syntax"
    ignored: ["examples"]
warning: the following keywords are unknown and will be ignored: [examples]
    level: "warning"
    schema: {"loadingURI":"#","pointer":"/items/properties/seguro"}
    domain: "syntax"
    ignored: ["examples"]
warning: the following keywords are unknown and will be ignored: [examples]
    level: "warning"
    schema: {"loadingURI":"#","pointer":"/items/properties/valor"}
    domain: "syntax"
    ignored: ["examples"]
warning: the following keywords are unknown and will be ignored: [examples]
    level: "warning"
    schema: {"loadingURI":"#","pointer":"/items"}
    domain: "syntax"
    ignored: ["examples"]
warning: the following keywords are unknown and will be ignored: [examples]
    level: "warning"
    schema: {"loadingURI":"#","pointer":"/items/properties/cpf"}
    domain: "syntax"
    ignored: ["examples"]
warning: the following keywords are unknown and will be ignored: [examples]
    level: "warning"
    schema: {"loadingURI":"#","pointer":"/items/properties/email"}
    domain: "syntax"
    ignored: ["examples"]
warning: the following keywords are unknown and will be ignored: [examples]
    level: "warning"
    schema: {"loadingURI":"#","pointer":"/items/properties/id"}
    domain: "syntax"
    ignored: ["examples"]
warning: the following keywords are unknown and will be ignored: [examples]
    level: "warning"
    schema: {"loadingURI":"#","pointer":"/items/properties/nome"}
    domain: "syntax"
    ignored: ["examples"]
warning: the following keywords are unknown and will be ignored: [examples]
    level: "warning"
    schema: {"loadingURI":"#","pointer":"/items/properties/parcelas"}
    domain: "syntax"
    ignored: ["examples"]
warning: the following keywords are unknown and will be ignored: [examples]
    level: "warning"
    schema: {"loadingURI":"#","pointer":"/items/properties/seguro"}
    domain: "syntax"
    ignored: ["examples"]
warning: the following keywords are unknown and will be ignored: [examples]
    level: "warning"
    schema: {"loadingURI":"#","pointer":"/items/properties/valor"}
    domain: "syntax"
    ignored: ["examples"]
warning: the following keywords are unknown and will be ignored: [examples]
    level: "warning"
    schema: {"loadingURI":"#","pointer":"/items"}
    domain: "syntax"
    ignored: ["examples"]
warning: the following keywords are unknown and will be ignored: [examples]
    level: "warning"
    schema: {"loadingURI":"#","pointer":"/items/properties/cpf"}
    domain: "syntax"
    ignored: ["examples"]
warning: the following keywords are unknown and will be ignored: [examples]
    level: "warning"
    schema: {"loadingURI":"#","pointer":"/items/properties/email"}
    domain: "syntax"
    ignored: ["examples"]
warning: the following keywords are unknown and will be ignored: [examples]
    level: "warning"
    schema: {"loadingURI":"#","pointer":"/items/properties/id"}
    domain: "syntax"
    ignored: ["examples"]
warning: the following keywords are unknown and will be ignored: [examples]
    level: "warning"
    schema: {"loadingURI":"#","pointer":"/items/properties/nome"}
    domain: "syntax"
    ignored: ["examples"]
warning: the following keywords are unknown and will be ignored: [examples]
    level: "warning"
    schema: {"loadingURI":"#","pointer":"/items/properties/parcelas"}
    domain: "syntax"
    ignored: ["examples"]
warning: the following keywords are unknown and will be ignored: [examples]
    level: "warning"
    schema: {"loadingURI":"#","pointer":"/items/properties/seguro"}
    domain: "syntax"
    ignored: ["examples"]
warning: the following keywords are unknown and will be ignored: [examples]
    level: "warning"
    schema: {"loadingURI":"#","pointer":"/items/properties/valor"}
    domain: "syntax"
    ignored: ["examples"]
warning: the following keywords are unknown and will be ignored: [examples]
    level: "warning"
    schema: {"loadingURI":"#","pointer":"/items"}
    domain: "syntax"
    ignored: ["examples"]
warning: the following keywords are unknown and will be ignored: [examples]
    level: "warning"
    schema: {"loadingURI":"#","pointer":"/items/properties/cpf"}
    domain: "syntax"
    ignored: ["examples"]
warning: the following keywords are unknown and will be ignored: [examples]
    level: "warning"
    schema: {"loadingURI":"#","pointer":"/items/properties/email"}
    domain: "syntax"
    ignored: ["examples"]
warning: the following keywords are unknown and will be ignored: [examples]
    level: "warning"
    schema: {"loadingURI":"#","pointer":"/items/properties/id"}
    domain: "syntax"
    ignored: ["examples"]
warning: the following keywords are unknown and will be ignored: [examples]
    level: "warning"
    schema: {"loadingURI":"#","pointer":"/items/properties/nome"}
    domain: "syntax"
    ignored: ["examples"]
warning: the following keywords are unknown and will be ignored: [examples]
    level: "warning"
    schema: {"loadingURI":"#","pointer":"/items/properties/parcelas"}
    domain: "syntax"
    ignored: ["examples"]
warning: the following keywords are unknown and will be ignored: [examples]
    level: "warning"
    schema: {"loadingURI":"#","pointer":"/items/properties/seguro"}
    domain: "syntax"
    ignored: ["examples"]
warning: the following keywords are unknown and will be ignored: [examples]
    level: "warning"
    schema: {"loadingURI":"#","pointer":"/items/properties/valor"}
    domain: "syntax"
    ignored: ["examples"]
warning: the following keywords are unknown and will be ignored: [examples]
    level: "warning"
    schema: {"loadingURI":"#","pointer":"/items"}
    domain: "syntax"
    ignored: ["examples"]
warning: the following keywords are unknown and will be ignored: [examples]
    level: "warning"
    schema: {"loadingURI":"#","pointer":"/items/properties/cpf"}
    domain: "syntax"
    ignored: ["examples"]
warning: the following keywords are unknown and will be ignored: [examples]
    level: "warning"
    schema: {"loadingURI":"#","pointer":"/items/properties/email"}
    domain: "syntax"
    ignored: ["examples"]
warning: the following keywords are unknown and will be ignored: [examples]
    level: "warning"
    schema: {"loadingURI":"#","pointer":"/items/properties/id"}
    domain: "syntax"
    ignored: ["examples"]
warning: the following keywords are unknown and will be ignored: [examples]
    level: "warning"
    schema: {"loadingURI":"#","pointer":"/items/properties/nome"}
    domain: "syntax"
    ignored: ["examples"]
warning: the following keywords are unknown and will be ignored: [examples]
    level: "warning"
    schema: {"loadingURI":"#","pointer":"/items/properties/parcelas"}
    domain: "syntax"
    ignored: ["examples"]
warning: the following keywords are unknown and will be ignored: [examples]
    level: "warning"
    schema: {"loadingURI":"#","pointer":"/items/properties/seguro"}
    domain: "syntax"
    ignored: ["examples"]
warning: the following keywords are unknown and will be ignored: [examples]
    level: "warning"
    schema: {"loadingURI":"#","pointer":"/items/properties/valor"}
    domain: "syntax"
    ignored: ["examples"]
warning: the following keywords are unknown and will be ignored: [examples]
    level: "warning"
    schema: {"loadingURI":"#","pointer":"/items"}
    domain: "syntax"
    ignored: ["examples"]
warning: the following keywords are unknown and will be ignored: [examples]
    level: "warning"
    schema: {"loadingURI":"#","pointer":"/items/properties/cpf"}
    domain: "syntax"
    ignored: ["examples"]
warning: the following keywords are unknown and will be ignored: [examples]
    level: "warning"
    schema: {"loadingURI":"#","pointer":"/items/properties/email"}
    domain: "syntax"
    ignored: ["examples"]
warning: the following keywords are unknown and will be ignored: [examples]
    level: "warning"
    schema: {"loadingURI":"#","pointer":"/items/properties/id"}
    domain: "syntax"
    ignored: ["examples"]
warning: the following keywords are unknown and will be ignored: [examples]
    level: "warning"
    schema: {"loadingURI":"#","pointer":"/items/properties/nome"}
    domain: "syntax"
    ignored: ["examples"]
warning: the following keywords are unknown and will be ignored: [examples]
    level: "warning"
    schema: {"loadingURI":"#","pointer":"/items/properties/parcelas"}
    domain: "syntax"
    ignored: ["examples"]
warning: the following keywords are unknown and will be ignored: [examples]
    level: "warning"
    schema: {"loadingURI":"#","pointer":"/items/properties/seguro"}
    domain: "syntax"
    ignored: ["examples"]
warning: the following keywords are unknown and will be ignored: [examples]
    level: "warning"
    schema: {"loadingURI":"#","pointer":"/items/properties/valor"}
    domain: "syntax"
    ignored: ["examples"]
warning: the following keywords are unknown and will be ignored: [examples]
    level: "warning"
    schema: {"loadingURI":"#","pointer":"/items"}
    domain: "syntax"
    ignored: ["examples"]
warning: the following keywords are unknown and will be ignored: [examples]
    level: "warning"
    schema: {"loadingURI":"#","pointer":"/items/properties/cpf"}
    domain: "syntax"
    ignored: ["examples"]
warning: the following keywords are unknown and will be ignored: [examples]
    level: "warning"
    schema: {"loadingURI":"#","pointer":"/items/properties/email"}
    domain: "syntax"
    ignored: ["examples"]
warning: the following keywords are unknown and will be ignored: [examples]
    level: "warning"
    schema: {"loadingURI":"#","pointer":"/items/properties/id"}
    domain: "syntax"
    ignored: ["examples"]
warning: the following keywords are unknown and will be ignored: [examples]
    level: "warning"
    schema: {"loadingURI":"#","pointer":"/items/properties/nome"}
    domain: "syntax"
    ignored: ["examples"]
warning: the following keywords are unknown and will be ignored: [examples]
    level: "warning"
    schema: {"loadingURI":"#","pointer":"/items/properties/parcelas"}
    domain: "syntax"
    ignored: ["examples"]
warning: the following keywords are unknown and will be ignored: [examples]
    level: "warning"
    schema: {"loadingURI":"#","pointer":"/items/properties/seguro"}
    domain: "syntax"
    ignored: ["examples"]
warning: the following keywords are unknown and will be ignored: [examples]
    level: "warning"
    schema: {"loadingURI":"#","pointer":"/items/properties/valor"}
    domain: "syntax"
    ignored: ["examples"]
warning: the following keywords are unknown and will be ignored: [examples]
    level: "warning"
    schema: {"loadingURI":"#","pointer":"/items"}
    domain: "syntax"
    ignored: ["examples"]
warning: the following keywords are unknown and will be ignored: [examples]
    level: "warning"
    schema: {"loadingURI":"#","pointer":"/items/properties/cpf"}
    domain: "syntax"
    ignored: ["examples"]
warning: the following keywords are unknown and will be ignored: [examples]
    level: "warning"
    schema: {"loadingURI":"#","pointer":"/items/properties/email"}
    domain: "syntax"
    ignored: ["examples"]
warning: the following keywords are unknown and will be ignored: [examples]
    level: "warning"
    schema: {"loadingURI":"#","pointer":"/items/properties/id"}
    domain: "syntax"
    ignored: ["examples"]
warning: the following keywords are unknown and will be ignored: [examples]
    level: "warning"
    schema: {"loadingURI":"#","pointer":"/items/properties/nome"}
    domain: "syntax"
    ignored: ["examples"]
warning: the following keywords are unknown and will be ignored: [examples]
    level: "warning"
    schema: {"loadingURI":"#","pointer":"/items/properties/parcelas"}
    domain: "syntax"
    ignored: ["examples"]
warning: the following keywords are unknown and will be ignored: [examples]
    level: "warning"
    schema: {"loadingURI":"#","pointer":"/items/properties/seguro"}
    domain: "syntax"
    ignored: ["examples"]
warning: the following keywords are unknown and will be ignored: [examples]
    level: "warning"
    schema: {"loadingURI":"#","pointer":"/items/properties/valor"}
    domain: "syntax"
    ignored: ["examples"]
warning: the following keywords are unknown and will be ignored: [examples]
    level: "warning"
    schema: {"loadingURI":"#","pointer":"/items"}
    domain: "syntax"
    ignored: ["examples"]
warning: the following keywords are unknown and will be ignored: [examples]
    level: "warning"
    schema: {"loadingURI":"#","pointer":"/items/properties/cpf"}
    domain: "syntax"
    ignored: ["examples"]
warning: the following keywords are unknown and will be ignored: [examples]
    level: "warning"
    schema: {"loadingURI":"#","pointer":"/items/properties/email"}
    domain: "syntax"
    ignored: ["examples"]
warning: the following keywords are unknown and will be ignored: [examples]
    level: "warning"
    schema: {"loadingURI":"#","pointer":"/items/properties/id"}
    domain: "syntax"
    ignored: ["examples"]
warning: the following keywords are unknown and will be ignored: [examples]
    level: "warning"
    schema: {"loadingURI":"#","pointer":"/items/properties/nome"}
    domain: "syntax"
    ignored: ["examples"]
warning: the following keywords are unknown and will be ignored: [examples]
    level: "warning"
    schema: {"loadingURI":"#","pointer":"/items/properties/parcelas"}
    domain: "syntax"
    ignored: ["examples"]
warning: the following keywords are unknown and will be ignored: [examples]
    level: "warning"
    schema: {"loadingURI":"#","pointer":"/items/properties/seguro"}
    domain: "syntax"
    ignored: ["examples"]
warning: the following keywords are unknown and will be ignored: [examples]
    level: "warning"
    schema: {"loadingURI":"#","pointer":"/items/properties/valor"}
    domain: "syntax"
    ignored: ["examples"]
warning: the following keywords are unknown and will be ignored: [examples]
    level: "warning"
    schema: {"loadingURI":"#","pointer":"/items"}
    domain: "syntax"
    ignored: ["examples"]
warning: the following keywords are unknown and will be ignored: [examples]
    level: "warning"
    schema: {"loadingURI":"#","pointer":"/items/properties/cpf"}
    domain: "syntax"
    ignored: ["examples"]
warning: the following keywords are unknown and will be ignored: [examples]
    level: "warning"
    schema: {"loadingURI":"#","pointer":"/items/properties/email"}
    domain: "syntax"
    ignored: ["examples"]
warning: the following keywords are unknown and will be ignored: [examples]
    level: "warning"
    schema: {"loadingURI":"#","pointer":"/items/properties/id"}
    domain: "syntax"
    ignored: ["examples"]
warning: the following keywords are unknown and will be ignored: [examples]
    level: "warning"
    schema: {"loadingURI":"#","pointer":"/items/properties/nome"}
    domain: "syntax"
    ignored: ["examples"]
warning: the following keywords are unknown and will be ignored: [examples]
    level: "warning"
    schema: {"loadingURI":"#","pointer":"/items/properties/parcelas"}
    domain: "syntax"
    ignored: ["examples"]
warning: the following keywords are unknown and will be ignored: [examples]
    level: "warning"
    schema: {"loadingURI":"#","pointer":"/items/properties/seguro"}
    domain: "syntax"
    ignored: ["examples"]
warning: the following keywords are unknown and will be ignored: [examples]
    level: "warning"
    schema: {"loadingURI":"#","pointer":"/items/properties/valor"}
    domain: "syntax"
    ignored: ["examples"]
warning: the following keywords are unknown and will be ignored: [examples]
    level: "warning"
    schema: {"loadingURI":"#","pointer":"/items"}
    domain: "syntax"
    ignored: ["examples"]
warning: the following keywords are unknown and will be ignored: [examples]
    level: "warning"
    schema: {"loadingURI":"#","pointer":"/items/properties/cpf"}
    domain: "syntax"
    ignored: ["examples"]
warning: the following keywords are unknown and will be ignored: [examples]
    level: "warning"
    schema: {"loadingURI":"#","pointer":"/items/properties/email"}
    domain: "syntax"
    ignored: ["examples"]
warning: the following keywords are unknown and will be ignored: [examples]
    level: "warning"
    schema: {"loadingURI":"#","pointer":"/items/properties/id"}
    domain: "syntax"
    ignored: ["examples"]
warning: the following keywords are unknown and will be ignored: [examples]
    level: "warning"
    schema: {"loadingURI":"#","pointer":"/items/properties/nome"}
    domain: "syntax"
    ignored: ["examples"]
warning: the following keywords are unknown and will be ignored: [examples]
    level: "warning"
    schema: {"loadingURI":"#","pointer":"/items/properties/parcelas"}
    domain: "syntax"
    ignored: ["examples"]
warning: the following keywords are unknown and will be ignored: [examples]
    level: "warning"
    schema: {"loadingURI":"#","pointer":"/items/properties/seguro"}
    domain: "syntax"
    ignored: ["examples"]
warning: the following keywords are unknown and will be ignored: [examples]
    level: "warning"
    schema: {"loadingURI":"#","pointer":"/items/properties/valor"}
    domain: "syntax"
    ignored: ["examples"]
warning: the following keywords are unknown and will be ignored: [examples]
    level: "warning"
    schema: {"loadingURI":"#","pointer":"/items"}
    domain: "syntax"
    ignored: ["examples"]
warning: the following keywords are unknown and will be ignored: [examples]
    level: "warning"
    schema: {"loadingURI":"#","pointer":"/items/properties/cpf"}
    domain: "syntax"
    ignored: ["examples"]
warning: the following keywords are unknown and will be ignored: [examples]
    level: "warning"
    schema: {"loadingURI":"#","pointer":"/items/properties/email"}
    domain: "syntax"
    ignored: ["examples"]
warning: the following keywords are unknown and will be ignored: [examples]
    level: "warning"
    schema: {"loadingURI":"#","pointer":"/items/properties/id"}
    domain: "syntax"
    ignored: ["examples"]
warning: the following keywords are unknown and will be ignored: [examples]
    level: "warning"
    schema: {"loadingURI":"#","pointer":"/items/properties/nome"}
    domain: "syntax"
    ignored: ["examples"]
warning: the following keywords are unknown and will be ignored: [examples]
    level: "warning"
    schema: {"loadingURI":"#","pointer":"/items/properties/parcelas"}
    domain: "syntax"
    ignored: ["examples"]
warning: the following keywords are unknown and will be ignored: [examples]
    level: "warning"
    schema: {"loadingURI":"#","pointer":"/items/properties/seguro"}
    domain: "syntax"
    ignored: ["examples"]
warning: the following keywords are unknown and will be ignored: [examples]
    level: "warning"
    schema: {"loadingURI":"#","pointer":"/items/properties/valor"}
    domain: "syntax"
    ignored: ["examples"]
warning: the following keywords are unknown and will be ignored: [examples]
    level: "warning"
    schema: {"loadingURI":"#","pointer":"/items"}
    domain: "syntax"
    ignored: ["examples"]
warning: the following keywords are unknown and will be ignored: [examples]
    level: "warning"
    schema: {"loadingURI":"#","pointer":"/items/properties/cpf"}
    domain: "syntax"
    ignored: ["examples"]
warning: the following keywords are unknown and will be ignored: [examples]
    level: "warning"
    schema: {"loadingURI":"#","pointer":"/items/properties/email"}
    domain: "syntax"
    ignored: ["examples"]
warning: the following keywords are unknown and will be ignored: [examples]
    level: "warning"
    schema: {"loadingURI":"#","pointer":"/items/properties/id"}
    domain: "syntax"
    ignored: ["examples"]
warning: the following keywords are unknown and will be ignored: [examples]
    level: "warning"
    schema: {"loadingURI":"#","pointer":"/items/properties/nome"}
    domain: "syntax"
    ignored: ["examples"]
warning: the following keywords are unknown and will be ignored: [examples]
    level: "warning"
    schema: {"loadingURI":"#","pointer":"/items/properties/parcelas"}
    domain: "syntax"
    ignored: ["examples"]
warning: the following keywords are unknown and will be ignored: [examples]
    level: "warning"
    schema: {"loadingURI":"#","pointer":"/items/properties/seguro"}
    domain: "syntax"
    ignored: ["examples"]
warning: the following keywords are unknown and will be ignored: [examples]
    level: "warning"
    schema: {"loadingURI":"#","pointer":"/items/properties/valor"}
    domain: "syntax"
    ignored: ["examples"]
warning: the following keywords are unknown and will be ignored: [examples]
    level: "warning"
    schema: {"loadingURI":"#","pointer":"/items"}
    domain: "syntax"
    ignored: ["examples"]
warning: the following keywords are unknown and will be ignored: [examples]
    level: "warning"
    schema: {"loadingURI":"#","pointer":"/items/properties/cpf"}
    domain: "syntax"
    ignored: ["examples"]
warning: the following keywords are unknown and will be ignored: [examples]
    level: "warning"
    schema: {"loadingURI":"#","pointer":"/items/properties/email"}
    domain: "syntax"
    ignored: ["examples"]
warning: the following keywords are unknown and will be ignored: [examples]
    level: "warning"
    schema: {"loadingURI":"#","pointer":"/items/properties/id"}
    domain: "syntax"
    ignored: ["examples"]
warning: the following keywords are unknown and will be ignored: [examples]
    level: "warning"
    schema: {"loadingURI":"#","pointer":"/items/properties/nome"}
    domain: "syntax"
    ignored: ["examples"]
warning: the following keywords are unknown and will be ignored: [examples]
    level: "warning"
    schema: {"loadingURI":"#","pointer":"/items/properties/parcelas"}
    domain: "syntax"
    ignored: ["examples"]
warning: the following keywords are unknown and will be ignored: [examples]
    level: "warning"
    schema: {"loadingURI":"#","pointer":"/items/properties/seguro"}
    domain: "syntax"
    ignored: ["examples"]
warning: the following keywords are unknown and will be ignored: [examples]
    level: "warning"
    schema: {"loadingURI":"#","pointer":"/items/properties/valor"}
    domain: "syntax"
    ignored: ["examples"]
warning: the following keywords are unknown and will be ignored: [examples]
    level: "warning"
    schema: {"loadingURI":"#","pointer":"/items"}
    domain: "syntax"
    ignored: ["examples"]
warning: the following keywords are unknown and will be ignored: [examples]
    level: "warning"
    schema: {"loadingURI":"#","pointer":"/items/properties/cpf"}
    domain: "syntax"
    ignored: ["examples"]
warning: the following keywords are unknown and will be ignored: [examples]
    level: "warning"
    schema: {"loadingURI":"#","pointer":"/items/properties/email"}
    domain: "syntax"
    ignored: ["examples"]
warning: the following keywords are unknown and will be ignored: [examples]
    level: "warning"
    schema: {"loadingURI":"#","pointer":"/items/properties/id"}
    domain: "syntax"
    ignored: ["examples"]
warning: the following keywords are unknown and will be ignored: [examples]
    level: "warning"
    schema: {"loadingURI":"#","pointer":"/items/properties/nome"}
    domain: "syntax"
    ignored: ["examples"]
warning: the following keywords are unknown and will be ignored: [examples]
    level: "warning"
    schema: {"loadingURI":"#","pointer":"/items/properties/parcelas"}
    domain: "syntax"
    ignored: ["examples"]
warning: the following keywords are unknown and will be ignored: [examples]
    level: "warning"
    schema: {"loadingURI":"#","pointer":"/items/properties/seguro"}
    domain: "syntax"
    ignored: ["examples"]
warning: the following keywords are unknown and will be ignored: [examples]
    level: "warning"
    schema: {"loadingURI":"#","pointer":"/items/properties/valor"}
    domain: "syntax"
    ignored: ["examples"]
warning: the following keywords are unknown and will be ignored: [examples]
    level: "warning"
    schema: {"loadingURI":"#","pointer":"/items"}
    domain: "syntax"
    ignored: ["examples"]
warning: the following keywords are unknown and will be ignored: [examples]
    level: "warning"
    schema: {"loadingURI":"#","pointer":"/items/properties/cpf"}
    domain: "syntax"
    ignored: ["examples"]
warning: the following keywords are unknown and will be ignored: [examples]
    level: "warning"
    schema: {"loadingURI":"#","pointer":"/items/properties/email"}
    domain: "syntax"
    ignored: ["examples"]
warning: the following keywords are unknown and will be ignored: [examples]
    level: "warning"
    schema: {"loadingURI":"#","pointer":"/items/properties/id"}
    domain: "syntax"
    ignored: ["examples"]
warning: the following keywords are unknown and will be ignored: [examples]
    level: "warning"
    schema: {"loadingURI":"#","pointer":"/items/properties/nome"}
    domain: "syntax"
    ignored: ["examples"]
warning: the following keywords are unknown and will be ignored: [examples]
    level: "warning"
    schema: {"loadingURI":"#","pointer":"/items/properties/parcelas"}
    domain: "syntax"
    ignored: ["examples"]
warning: the following keywords are unknown and will be ignored: [examples]
    level: "warning"
    schema: {"loadingURI":"#","pointer":"/items/properties/seguro"}
    domain: "syntax"
    ignored: ["examples"]
warning: the following keywords are unknown and will be ignored: [examples]
    level: "warning"
    schema: {"loadingURI":"#","pointer":"/items/properties/valor"}
    domain: "syntax"
    ignored: ["examples"]
warning: the following keywords are unknown and will be ignored: [examples]
    level: "warning"
    schema: {"loadingURI":"#","pointer":"/items"}
    domain: "syntax"
    ignored: ["examples"]
warning: the following keywords are unknown and will be ignored: [examples]
    level: "warning"
    schema: {"loadingURI":"#","pointer":"/items/properties/cpf"}
    domain: "syntax"
    ignored: ["examples"]
warning: the following keywords are unknown and will be ignored: [examples]
    level: "warning"
    schema: {"loadingURI":"#","pointer":"/items/properties/email"}
    domain: "syntax"
    ignored: ["examples"]
warning: the following keywords are unknown and will be ignored: [examples]
    level: "warning"
    schema: {"loadingURI":"#","pointer":"/items/properties/id"}
    domain: "syntax"
    ignored: ["examples"]
warning: the following keywords are unknown and will be ignored: [examples]
    level: "warning"
    schema: {"loadingURI":"#","pointer":"/items/properties/nome"}
    domain: "syntax"
    ignored: ["examples"]
warning: the following keywords are unknown and will be ignored: [examples]
    level: "warning"
    schema: {"loadingURI":"#","pointer":"/items/properties/parcelas"}
    domain: "syntax"
    ignored: ["examples"]
warning: the following keywords are unknown and will be ignored: [examples]
    level: "warning"
    schema: {"loadingURI":"#","pointer":"/items/properties/seguro"}
    domain: "syntax"
    ignored: ["examples"]
warning: the following keywords are unknown and will be ignored: [examples]
    level: "warning"
    schema: {"loadingURI":"#","pointer":"/items/properties/valor"}
    domain: "syntax"
    ignored: ["examples"]

     but: was "[{\"id\":11,\"nome\":\"Fulano\",\"cpf\":\"66414919004\",\"email\":\"fulano@gmail.com\",\"valor\":11000.00,\"parcelas\":3,\"seguro\":true},{\"id\":12,\"nome\":\"Deltrano\",\"cpf\":\"17822386034\",\"email\":\"deltrano@gmail.com\",\"valor\":20000.00,\"parcelas\":5,\"seguro\":false},{\"id\":15,\"nome\":\"Kauê\",\"cpf\":\"40904461497\",\"email\":\"andre.ambrosio@hotmail.com\",\"valor\":2882.00,\"parcelas\":25,\"seguro\":true},{\"id\":16,\"nome\":\"Augusto\",\"cpf\":\"67007804621\",\"email\":\"rodrigo.dorneles@live.com\",\"valor\":2643.00,\"parcelas\":24,\"seguro\":true},{\"id\":18,\"nome\":\"Leonardo\",\"cpf\":\"49257458423\",\"email\":\"gael.desa@bol.com.br\",\"valor\":2640.00,\"parcelas\":25,\"seguro\":true},{\"id\":19,\"nome\":\"Fabrício\",\"cpf\":\"15931514497\",\"email\":\"marcela.moraes@live.com\",\"valor\":2611.00,\"parcelas\":49,\"seguro\":true},{\"id\":23,\"nome\":\"João Gabriel\",\"cpf\":\"40346608388\",\"email\":\"julia.lessa@live.com\",\"valor\":999.00,\"parcelas\":29,\"seguro\":true},{\"id\":25,\"nome\":\"Carla\",\"cpf\":\"56791772132\",\"email\":\"joaovitor.bentes@hotmail.com\",\"valor\":2229.00,\"parcelas\":23,\"seguro\":true},{\"id\":30,\"nome\":\"Ayla\",\"cpf\":\"20958728373\",\"email\":\"maria.fogaca@hotmail.com\",\"valor\":2028.00,\"parcelas\":27,\"seguro\":true},{\"id\":31,\"nome\":\"Kléber\",\"cpf\":\"21946297107\",\"email\":\"henrique.muniz@live.com\",\"valor\":2288.00,\"parcelas\":20,\"seguro\":true},{\"id\":32,\"nome\":\"Esther\",\"cpf\":\"44205219472\",\"email\":\"kaique.gabeira@yahoo.com\",\"valor\":2281.00,\"parcelas\":26,\"seguro\":true},{\"id\":35,\"nome\":\"Talita\",\"cpf\":\"64501006872\",\"email\":\"joana.carneiro@hotmail.com\",\"valor\":2062.00,\"parcelas\":20,\"seguro\":true},{\"id\":36,\"nome\":\"Mariah\",\"cpf\":\"90140577806\",\"email\":\"helena.morais@gmail.com\",\"valor\":2953.00,\"parcelas\":29,\"seguro\":true},{\"id\":38,\"nome\":\"Sophie\",\"cpf\":\"37821395784\",\"email\":\"allana.albuquerque@yahoo.com\",\"valor\":2185.00,\"parcelas\":27,\"seguro\":true},{\"id\":39,\"nome\":\"Júlio\",\"cpf\":\"29083041108\",\"email\":\"leticia.muniz@gmail.com\",\"valor\":2901.00,\"parcelas\":49,\"seguro\":true},{\"id\":43,\"nome\":\"Maria Alice\",\"cpf\":\"26931690642\",\"email\":\"cesar.simoes@bol.com.br\",\"valor\":999.00,\"parcelas\":20,\"seguro\":true},{\"id\":45,\"nome\":\"Gustavo\",\"cpf\":\"00051205391\",\"email\":\"antonio.regueira@gmail.com\",\"valor\":2497.00,\"parcelas\":24,\"seguro\":true},{\"id\":50,\"nome\":\"Tomás\",\"cpf\":\"54498901812\",\"email\":\"roberta.castro@yahoo.com\",\"valor\":2988.00,\"parcelas\":23,\"seguro\":true},{\"id\":51,\"nome\":\"João Gabriel\",\"cpf\":\"71173956686\",\"email\":\"miguel.assumpcao@yahoo.com\",\"valor\":2377.00,\"parcelas\":29,\"seguro\":true},{\"id\":52,\"nome\":\"Ladislau\",\"cpf\":\"22493389608\",\"email\":\"mariaisis.correa@bol.com.br\",\"valor\":2762.00,\"parcelas\":28,\"seguro\":true},{\"id\":55,\"nome\":\"Mariah\",\"cpf\":\"20575900653\",\"email\":\"elisa.vieira@bol.com.br\",\"valor\":2555.00,\"parcelas\":22,\"seguro\":true},{\"id\":56,\"nome\":\"Davi Lucca\",\"cpf\":\"35098355857\",\"email\":\"cesar.freitas@yahoo.com\",\"valor\":2311.00,\"parcelas\":20,\"seguro\":true},{\"id\":58,\"nome\":\"Marcia\",\"cpf\":\"21651027565\",\"email\":\"giulia.ribas@hotmail.com\",\"valor\":2284.00,\"parcelas\":25,\"seguro\":true},{\"id\":59,\"nome\":\"Pietro\",\"cpf\":\"38262506589\",\"email\":\"allana.soeira@yahoo.com\",\"valor\":2312.00,\"parcelas\":49,\"seguro\":true},{\"id\":63,\"nome\":\"Ayla\",\"cpf\":\"24749274414\",\"email\":\"maria.fogaca@bol.com.br\",\"valor\":999.00,\"parcelas\":25,\"seguro\":true},{\"id\":65,\"nome\":\"Erick\",\"cpf\":\"95479315305\",\"email\":\"hugo.velasques@live.com\",\"valor\":2498.00,\"parcelas\":24,\"seguro\":true},{\"id\":70,\"nome\":\"Pedro Lucas\",\"cpf\":\"21623123623\",\"email\":\"felicia.bernardes@gmail.com\",\"valor\":2701.00,\"parcelas\":25,\"seguro\":true},{\"id\":71,\"nome\":\"Kléber\",\"cpf\":\"49068730941\",\"email\":\"julia.darocha@live.com\",\"valor\":2248.00,\"parcelas\":29,\"seguro\":true},{\"id\":72,\"nome\":\"Vinícius\",\"cpf\":\"20493509645\",\"email\":\"perola.garcez@hotmail.com\",\"valor\":2831.00,\"parcelas\":28,\"seguro\":true},{\"id\":75,\"nome\":\"Matheus\",\"cpf\":\"58907273481\",\"email\":\"marli.dias@bol.com.br\",\"valor\":2904.00,\"parcelas\":27,\"seguro\":true},{\"id\":76,\"nome\":\"Ryan\",\"cpf\":\"55475923068\",\"email\":\"aline.nogueira@live.com\",\"valor\":2338.00,\"parcelas\":26,\"seguro\":true},{\"id\":78,\"nome\":\"Lívia\",\"cpf\":\"30882320004\",\"email\":\"victor.moura@bol.com.br\",\"valor\":2829.00,\"parcelas\":20,\"seguro\":true},{\"id\":79,\"nome\":\"Leonardo\",\"cpf\":\"52236027589\",\"email\":\"fabricio.goncalves@gmail.com\",\"valor\":2235.00,\"parcelas\":49,\"seguro\":true},{\"id\":83,\"nome\":\"Cauã\",\"cpf\":\"91504925434\",\"email\":\"oliver.caseira@bol.com.br\",\"valor\":999.00,\"parcelas\":25,\"seguro\":true},{\"id\":85,\"nome\":\"Suélen\",\"cpf\":\"04240087126\",\"email\":\"isabelly.caldas@live.com\",\"valor\":2211.00,\"parcelas\":29,\"seguro\":true},{\"id\":90,\"nome\":\"Célia\",\"cpf\":\"76966994822\",\"email\":\"alessandro.ambrosio@live.com\",\"valor\":2166.00,\"parcelas\":29,\"seguro\":true},{\"id\":91,\"nome\":\"Luiz Henrique\",\"cpf\":\"84128227314\",\"email\":\"analaura.fogaca@yahoo.com\",\"valor\":2630.00,\"parcelas\":20,\"seguro\":true},{\"id\":92,\"nome\":\"Morgana\",\"cpf\":\"12389136262\",\"email\":\"malu.paes@gmail.com\",\"valor\":2958.00,\"parcelas\":26,\"seguro\":true},{\"id\":95,\"nome\":\"Cauã\",\"cpf\":\"02415836281\",\"email\":\"antonio.simoes@live.com\",\"valor\":2690.00,\"parcelas\":27,\"seguro\":true},{\"id\":96,\"nome\":\"Roberto\",\"cpf\":\"79159679508\",\"email\":\"davilucas.monteiro@bol.com.br\",\"valor\":2598.00,\"parcelas\":20,\"seguro\":true},{\"id\":98,\"nome\":\"Sarah\",\"cpf\":\"33865377231\",\"email\":\"sirineu.barata@yahoo.com\",\"valor\":2251.00,\"parcelas\":29,\"seguro\":true},{\"id\":99,\"nome\":\"Márcio\",\"cpf\":\"54021492579\",\"email\":\"celia.carvalho@yahoo.com\",\"valor\":2204.00,\"parcelas\":49,\"seguro\":true},{\"id\":103,\"nome\":\"Raul\",\"cpf\":\"18301042569\",\"email\":\"gubio.daveiga@bol.com.br\",\"valor\":999.00,\"parcelas\":21,\"seguro\":true},{\"id\":105,\"nome\":\"Ian\",\"cpf\":\"47960591453\",\"email\":\"mariana.paiva@gmail.com\",\"valor\":2762.00,\"parcelas\":25,\"seguro\":true},{\"id\":110,\"nome\":\"Murilo\",\"cpf\":\"46420586476\",\"email\":\"luna.modesto@yahoo.com\",\"valor\":2509.00,\"parcelas\":21,\"seguro\":true},{\"id\":111,\"nome\":\"Heitor\",\"cpf\":\"00808250151\",\"email\":\"yango.junqueira@yahoo.com\",\"valor\":2008.00,\"parcelas\":25,\"seguro\":true},{\"id\":112,\"nome\":\"João Vitor\",\"cpf\":\"33408632262\",\"email\":\"isabelly.henriques@hotmail.com\",\"valor\":2048.00,\"parcelas\":28,\"seguro\":true},{\"id\":115,\"nome\":\"Fabrício\",\"cpf\":\"94827160574\",\"email\":\"analuiza.roriz@live.com\",\"valor\":2768.00,\"parcelas\":21,\"seguro\":true},{\"id\":116,\"nome\":\"Heloísa\",\"cpf\":\"85448487287\",\"email\":\"marcelo.rios@live.com\",\"valor\":2211.00,\"parcelas\":22,\"seguro\":true},{\"id\":118,\"nome\":\"Daniel\",\"cpf\":\"00694875655\",\"email\":\"eloah.meireles@hotmail.com\",\"valor\":2060.00,\"parcelas\":26,\"seguro\":true},{\"id\":119,\"nome\":\"Víctor\",\"cpf\":\"74655428363\",\"email\":\"ladislau.longuinho@gmail.com\",\"valor\":2216.00,\"parcelas\":49,\"seguro\":true},{\"id\":123,\"nome\":\"Heloísa\",\"cpf\":\"78086875699\",\"email\":\"yango.ximenes@yahoo.com\",\"valor\":999.00,\"parcelas\":28,\"seguro\":true},{\"id\":125,\"nome\":\"Ian\",\"cpf\":\"96682718983\",\"email\":\"paula.deoliveira@live.com\",\"valor\":2080.00,\"parcelas\":27,\"seguro\":true},{\"id\":130,\"nome\":\"Sophia\",\"cpf\":\"30855727397\",\"email\":\"norberto.dasneves@hotmail.com\",\"valor\":2858.00,\"parcelas\":26,\"seguro\":true},{\"id\":131,\"nome\":\"Cecília\",\"cpf\":\"63441724711\",\"email\":\"louise.reis@hotmail.com\",\"valor\":2590.00,\"parcelas\":25,\"seguro\":true},{\"id\":132,\"nome\":\"Luiz Felipe\",\"cpf\":\"26818016018\",\"email\":\"lara.quarteira@gmail.com\",\"valor\":2033.00,\"parcelas\":20,\"seguro\":true},{\"id\":135,\"nome\":\"José\",\"cpf\":\"48354833386\",\"email\":\"isabelly.datena@yahoo.com\",\"valor\":2449.00,\"parcelas\":22,\"seguro\":true},{\"id\":136,\"nome\":\"Levi\",\"cpf\":\"47623029408\",\"email\":\"breno.antunes@gmail.com\",\"valor\":2216.00,\"parcelas\":25,\"seguro\":true},{\"id\":138,\"nome\":\"Pedro Tobias\",\"cpf\":\"15278716880\",\"email\":\"benicio.reis@hotmail.com\",\"valor\":2912.00,\"parcelas\":27,\"seguro\":true},{\"id\":139,\"nome\":\"João Lucas\",\"cpf\":\"89232519711\",\"email\":\"lucas.santana@hotmail.com\",\"valor\":2990.00,\"parcelas\":49,\"seguro\":true},{\"id\":143,\"nome\":\"Ana Lívia\",\"cpf\":\"68706765316\",\"email\":\"helena.costa@yahoo.com\",\"valor\":999.00,\"parcelas\":26,\"seguro\":true},{\"id\":145,\"nome\":\"Caio\",\"cpf\":\"44811016661\",\"email\":\"fabiano.matoso@gmail.com\",\"valor\":2700.00,\"parcelas\":26,\"seguro\":true},{\"id\":150,\"nome\":\"Yasmin\",\"cpf\":\"51478464849\",\"email\":\"mariajulia.nunes@live.com\",\"valor\":2334.00,\"parcelas\":28,\"seguro\":true},{\"id\":151,\"nome\":\"Márcio\",\"cpf\":\"27250691630\",\"email\":\"pedrolucas.domingues@bol.com.br\",\"valor\":2490.00,\"parcelas\":24,\"seguro\":true},{\"id\":152,\"nome\":\"Ana Laura\",\"cpf\":\"00733919475\",\"email\":\"arthurgabriel.damadureira@hotmail.com\",\"valor\":2320.00,\"parcelas\":28,\"seguro\":true},{\"id\":155,\"nome\":\"Stella\",\"cpf\":\"56121048538\",\"email\":\"fabricio.reis@live.com\",\"valor\":2679.00,\"parcelas\":22,\"seguro\":true},{\"id\":156,\"nome\":\"Leonardo\",\"cpf\":\"03846988035\",\"email\":\"sirineu.hermingues@hotmail.com\",\"valor\":2296.00,\"parcelas\":23,\"seguro\":true},{\"id\":158,\"nome\":\"Luiz Felipe\",\"cpf\":\"56814859831\",\"email\":\"pedro.palhares@hotmail.com\",\"valor\":2885.00,\"parcelas\":25,\"seguro\":true},{\"id\":159,\"nome\":\"Isabella\",\"cpf\":\"54725159838\",\"email\":\"alexandre.soeira@live.com\",\"valor\":2450.00,\"parcelas\":49,\"seguro\":true},{\"id\":163,\"nome\":\"Mariah\",\"cpf\":\"12704484976\",\"email\":\"luiza.franco@gmail.com\",\"valor\":999.00,\"parcelas\":29,\"seguro\":true},{\"id\":165,\"nome\":\"Maitê\",\"cpf\":\"01877882148\",\"email\":\"joaovitor.tavares@gmail.com\",\"valor\":2765.00,\"parcelas\":29,\"seguro\":true},{\"id\":170,\"nome\":\"Vinícius\",\"cpf\":\"68284072448\",\"email\":\"fabiano.boucas@live.com\",\"valor\":2296.00,\"parcelas\":29,\"seguro\":true},{\"id\":171,\"nome\":\"Fabrícia\",\"cpf\":\"89906139405\",\"email\":\"lucasgabriel.lobos@bol.com.br\",\"valor\":2397.00,\"parcelas\":26,\"seguro\":true},{\"id\":172,\"nome\":\"Beatriz\",\"cpf\":\"97396257257\",\"email\":\"djalma.fogaca@hotmail.com\",\"valor\":2409.00,\"parcelas\":21,\"seguro\":true},{\"id\":175,\"nome\":\"Malu\",\"cpf\":\"91468302283\",\"email\":\"alessandra.aparicio@yahoo.com\",\"valor\":2574.00,\"parcelas\":26,\"seguro\":true},{\"id\":176,\"nome\":\"Ian\",\"cpf\":\"10880901306\",\"email\":\"malu.soeira@live.com\",\"valor\":2622.00,\"parcelas\":21,\"seguro\":true},{\"id\":178,\"nome\":\"Ayla\",\"cpf\":\"63733822293\",\"email\":\"anthony.galego@bol.com.br\",\"valor\":2552.00,\"parcelas\":24,\"seguro\":true},{\"id\":179,\"nome\":\"Bianca\",\"cpf\":\"15932447137\",\"email\":\"vitor.dias@hotmail.com\",\"valor\":2900.00,\"parcelas\":49,\"seguro\":true},{\"id\":183,\"nome\":\"Feliciano\",\"cpf\":\"54554183601\",\"email\":\"esther.simoes@yahoo.com\",\"valor\":999.00,\"parcelas\":29,\"seguro\":true},{\"id\":185,\"nome\":\"Gustavo\",\"cpf\":\"26346207736\",\"email\":\"mariaeduarda.barreira@hotmail.com\",\"valor\":2512.00,\"parcelas\":23,\"seguro\":true},{\"id\":190,\"nome\":\"Camila\",\"cpf\":\"37448067871\",\"email\":\"sophie.silva@hotmail.com\",\"valor\":2044.00,\"parcelas\":22,\"seguro\":true},{\"id\":191,\"nome\":\"Maria Sophia\",\"cpf\":\"38032722407\",\"email\":\"hugo.roseira@yahoo.com\",\"valor\":2438.00,\"parcelas\":21,\"seguro\":true},{\"id\":192,\"nome\":\"João Vitor\",\"cpf\":\"31957135159\",\"email\":\"bianca.bittencourt@hotmail.com\",\"valor\":2939.00,\"parcelas\":26,\"seguro\":true},{\"id\":195,\"nome\":\"Carlos\",\"cpf\":\"80826103013\",\"email\":\"cesar.ribeiro@live.com\",\"valor\":2998.00,\"parcelas\":21,\"seguro\":true},{\"id\":196,\"nome\":\"Washington\",\"cpf\":\"61350764573\",\"email\":\"eduardo.castanheira@bol.com.br\",\"valor\":2819.00,\"parcelas\":24,\"seguro\":true},{\"id\":198,\"nome\":\"Francisca\",\"cpf\":\"72098538089\",\"email\":\"tomas.beltrao@live.com\",\"valor\":2375.00,\"parcelas\":27,\"seguro\":true},{\"id\":199,\"nome\":\"Carolina\",\"cpf\":\"23973778316\",\"email\":\"arthur.taveira@yahoo.com\",\"valor\":2207.00,\"parcelas\":49,\"seguro\":true},{\"id\":203,\"nome\":\"Heloísa\",\"cpf\":\"25965950138\",\"email\":\"morgana.danobrega@yahoo.com\",\"valor\":999.00,\"parcelas\":22,\"seguro\":true},{\"id\":205,\"nome\":\"Bernardo\",\"cpf\":\"79813233914\",\"email\":\"pedro.silva@hotmail.com\",\"valor\":2169.00,\"parcelas\":25,\"seguro\":true},{\"id\":210,\"nome\":\"Tertuliano\",\"cpf\":\"78100249419\",\"email\":\"anacecilia.dias@gmail.com\",\"valor\":2834.00,\"parcelas\":20,\"seguro\":true},{\"id\":211,\"nome\":\"Margarida\",\"cpf\":\"64809468455\",\"email\":\"benjamin.simoes@live.com\",\"valor\":2539.00,\"parcelas\":22,\"seguro\":true},{\"id\":212,\"nome\":\"Mathias\",\"cpf\":\"42399491303\",\"email\":\"mariavalentina.godins@bol.com.br\",\"valor\":2572.00,\"parcelas\":23,\"seguro\":true},{\"id\":214,\"nome\":\"Fabrícia\",\"cpf\":\"67713528042\",\"email\":\"paula.marques@live.com\",\"valor\":2253.00,\"parcelas\":23,\"seguro\":true},{\"id\":217,\"nome\":\"Maria Júlia\",\"cpf\":\"41980966020\",\"email\":\"anajulia.rocha@yahoo.com\",\"valor\":2863.00,\"parcelas\":29,\"seguro\":true},{\"id\":213,\"nome\":\"Pablo\",\"cpf\":\"90643322541\",\"email\":\"analaura.beltrao@bol.com.br\",\"valor\":2153.00,\"parcelas\":26,\"seguro\":true},{\"id\":219,\"nome\":\"Gabriela\",\"cpf\":\"42148280374\",\"email\":\"marcos.darosa@gmail.com\",\"valor\":2009.00,\"parcelas\":25,\"seguro\":true},{\"id\":221,\"nome\":\"Karla\",\"cpf\":\"60702618536\",\"email\":\"tiago.delara@gmail.com\",\"valor\":2962.00,\"parcelas\":29,\"seguro\":true},{\"id\":223,\"nome\":\"Ana Vitória\",\"cpf\":\"46685091930\",\"email\":\"pedrolucas.deoliveira@bol.com.br\",\"valor\":2370.00,\"parcelas\":49,\"seguro\":true},{\"id\":225,\"nome\":\"Tomás\",\"cpf\":\"03955443753\",\"email\":\"clara.rego@hotmail.com\",\"valor\":2971.00,\"parcelas\":27,\"seguro\":true},{\"id\":227,\"nome\":\"Vinícius\",\"cpf\":\"45466023754\",\"email\":\"helio.solimoes@live.com\",\"valor\":999.00,\"parcelas\":28,\"seguro\":true},{\"id\":230,\"nome\":\"Rebeca\",\"cpf\":\"43396258135\",\"email\":\"pedrohenrique.barreto@hotmail.com\",\"valor\":2885.00,\"parcelas\":20,\"seguro\":true},{\"id\":234,\"nome\":\"Antonia\",\"cpf\":\"30282882796\",\"email\":\"alice.lima@yahoo.com\",\"valor\":2998.00,\"parcelas\":26,\"seguro\":true},{\"id\":235,\"nome\":\"Talita\",\"cpf\":\"63755409884\",\"email\":\"alice.barreira@live.com\",\"valor\":2283.00,\"parcelas\":26,\"seguro\":true},{\"id\":237,\"nome\":\"Maria Eduarda\",\"cpf\":\"83206577672\",\"email\":\"fabiano.moniz@live.com\",\"valor\":2533.00,\"parcelas\":24,\"seguro\":true},{\"id\":238,\"nome\":\"Theo\",\"cpf\":\"44912850552\",\"email\":\"luan.bulhoes@live.com\",\"valor\":2846.00,\"parcelas\":27,\"seguro\":true},{\"id\":241,\"nome\":\"Maria Eduarda\",\"cpf\":\"26396396029\",\"email\":\"marli.castelo@hotmail.com\",\"valor\":2439.00,\"parcelas\":20,\"seguro\":true},{\"id\":242,\"nome\":\"Marina\",\"cpf\":\"12069885530\",\"email\":\"ryan.filgueira@gmail.com\",\"valor\":2529.00,\"parcelas\":49,\"seguro\":true},{\"id\":245,\"nome\":\"Luiz Felipe\",\"cpf\":\"75384291309\",\"email\":\"ana.mangueira@live.com\",\"valor\":2896.00,\"parcelas\":26,\"seguro\":true},{\"id\":249,\"nome\":\"Ana Júlia\",\"cpf\":\"29066048610\",\"email\":\"livia.dequadros@live.com\",\"valor\":999.00,\"parcelas\":24,\"seguro\":true},{\"id\":250,\"nome\":\"Mariana\",\"cpf\":\"11778564864\",\"email\":\"marialuiza.rameira@hotmail.com\",\"valor\":2298.00,\"parcelas\":25,\"seguro\":true},{\"id\":257,\"nome\":\"Isabela\",\"cpf\":\"44939269604\",\"email\":\"joaosamuel.bernardes@gmail.com\",\"valor\":2383.00,\"parcelas\":24,\"seguro\":true},{\"id\":256,\"nome\":\"Carlos Eduardo\",\"cpf\":\"70182543141\",\"email\":\"luizhenrique.matoso@gmail.com\",\"valor\":2700.00,\"parcelas\":48,\"seguro\":true},{\"id\":255,\"nome\":\"Marli\",\"cpf\":\"02782523072\",\"email\":\"leticia.barreto@live.com\",\"valor\":2595.00,\"parcelas\":22,\"seguro\":true},{\"id\":260,\"nome\":\"Ricardo\",\"cpf\":\"52418920066\",\"email\":\"pietra.carneiro@bol.com.br\",\"valor\":2025.00,\"parcelas\":25,\"seguro\":true},{\"id\":261,\"nome\":\"Ana Lívia\",\"cpf\":\"58650639743\",\"email\":\"emanuelly.meira@yahoo.com\",\"valor\":2834.00,\"parcelas\":49,\"seguro\":true},{\"id\":262,\"nome\":\"Luana\",\"cpf\":\"14103969153\",\"email\":\"isaac.rios@yahoo.com\",\"valor\":2803.00,\"parcelas\":26,\"seguro\":true},{\"id\":265,\"nome\":\"João Lucas\",\"cpf\":\"12723837629\",\"email\":\"mariaalice.alvares@yahoo.com\",\"valor\":2188.00,\"parcelas\":24,\"seguro\":true},{\"id\":268,\"nome\":\"Elisa\",\"cpf\":\"54911182645\",\"email\":\"enrico.pires@yahoo.com\",\"valor\":999.00,\"parcelas\":27,\"seguro\":true},{\"id\":270,\"nome\":\"Thomas\",\"cpf\":\"60104878252\",\"email\":\"julia.rezende@yahoo.com\",\"valor\":2390.00,\"parcelas\":27,\"seguro\":true},{\"id\":273,\"nome\":\"Luiz Gustavo\",\"cpf\":\"02207865883\",\"email\":\"manuela.barreto@live.com\",\"valor\":2706.00,\"parcelas\":24,\"seguro\":true},{\"id\":277,\"nome\":\"Alexandre\",\"cpf\":\"33475909407\",\"email\":\"joaopedro.chaves@hotmail.com\",\"valor\":2252.00,\"parcelas\":23,\"seguro\":true},{\"id\":276,\"nome\":\"Luna\",\"cpf\":\"13130756678\",\"email\":\"silas.marcondes@hotmail.com\",\"valor\":2803.00,\"parcelas\":24,\"seguro\":true},{\"id\":280,\"nome\":\"Ana Laura\",\"cpf\":\"31362720095\",\"email\":\"clarice.reis@gmail.com\",\"valor\":2288.00,\"parcelas\":20,\"seguro\":true},{\"id\":281,\"nome\":\"Nicole\",\"cpf\":\"14127360940\",\"email\":\"joaquim.dagama@gmail.com\",\"valor\":2749.00,\"parcelas\":49,\"seguro\":true},{\"id\":283,\"nome\":\"Bernardo\",\"cpf\":\"83518245529\",\"email\":\"daniel.dasilva@bol.com.br\",\"valor\":2154.00,\"parcelas\":20,\"seguro\":true},{\"id\":285,\"nome\":\"Célia\",\"cpf\":\"83639185538\",\"email\":\"pedrotobias.ribeiro@hotmail.com\",\"valor\":2801.00,\"parcelas\":24,\"seguro\":true},{\"id\":288,\"nome\":\"Matheus\",\"cpf\":\"73199815924\",\"email\":\"tiago.rios@hotmail.com\",\"valor\":999.00,\"parcelas\":27,\"seguro\":true},{\"id\":290,\"nome\":\"Eduarda\",\"cpf\":\"43846649695\",\"email\":\"alicia.silva@bol.com.br\",\"valor\":2513.00,\"parcelas\":29,\"seguro\":true},{\"id\":296,\"nome\":\"Maria Eduarda\",\"cpf\":\"74048882247\",\"email\":\"sophia.jesus@gmail.com\",\"valor\":2269.00,\"parcelas\":24,\"seguro\":true},{\"id\":293,\"nome\":\"Luiz Otávio\",\"cpf\":\"00991736821\",\"email\":\"analivia.junqueira@hotmail.com\",\"valor\":2445.00,\"parcelas\":26,\"seguro\":true},{\"id\":297,\"nome\":\"Rebeca\",\"cpf\":\"88862066486\",\"email\":\"gabriela.darosa@live.com\",\"valor\":2162.00,\"parcelas\":21,\"seguro\":true},{\"id\":301,\"nome\":\"Heitor\",\"cpf\":\"80662546862\",\"email\":\"caua.pinto@gmail.com\",\"valor\":2599.00,\"parcelas\":29,\"seguro\":true},{\"id\":302,\"nome\":\"João Victor\",\"cpf\":\"02603881576\",\"email\":\"anacecilia.xavier@live.com\",\"valor\":2532.00,\"parcelas\":49,\"seguro\":true},{\"id\":305,\"nome\":\"Nathan\",\"cpf\":\"73664225026\",\"email\":\"victor.muniz@live.com\",\"valor\":2624.00,\"parcelas\":25,\"seguro\":true},{\"id\":307,\"nome\":\"Maria Valentina\",\"cpf\":\"25395472758\",\"email\":\"ofelia.monteiro@yahoo.com\",\"valor\":999.00,\"parcelas\":29,\"seguro\":true},{\"id\":310,\"nome\":\"Luiz Miguel\",\"cpf\":\"41410403724\",\"email\":\"daviludmer.martim@bol.com.br\",\"valor\":2250.00,\"parcelas\":24,\"seguro\":true},{\"id\":312,\"nome\":\"Isabela\",\"cpf\":\"42483489322\",\"email\":\"roberta.silveira@live.com\",\"valor\":2547.00,\"parcelas\":23,\"seguro\":true},{\"id\":313,\"nome\":\"Ana Sophia\",\"cpf\":\"30348002627\",\"email\":\"mariafernanda.passarinho@bol.com.br\",\"valor\":2322.00,\"parcelas\":24,\"seguro\":true},{\"id\":314,\"nome\":\"Catarina\",\"cpf\":\"89646458456\",\"email\":\"mariah.barroso@bol.com.br\",\"valor\":2998.00,\"parcelas\":23,\"seguro\":true},{\"id\":317,\"nome\":\"Vinicius\",\"cpf\":\"52335715292\",\"email\":\"marcia.dagama@gmail.com\",\"valor\":2565.00,\"parcelas\":20,\"seguro\":true},{\"id\":320,\"nome\":\"Eduarda\",\"cpf\":\"46182876805\",\"email\":\"gubio.araujo@gmail.com\",\"valor\":2250.00,\"parcelas\":23,\"seguro\":true},{\"id\":321,\"nome\":\"Ian\",\"cpf\":\"54860978545\",\"email\":\"anavitoria.longuinho@gmail.com\",\"valor\":2134.00,\"parcelas\":49,\"seguro\":true},{\"id\":323,\"nome\":\"Ofélia\",\"cpf\":\"80037876456\",\"email\":\"nataniel.bomdia@hotmail.com\",\"valor\":2235.00,\"parcelas\":26,\"seguro\":true},{\"id\":325,\"nome\":\"Cauã\",\"cpf\":\"31502110450\",\"email\":\"mariajulia.antunes@bol.com.br\",\"valor\":2387.00,\"parcelas\":26,\"seguro\":true},{\"id\":328,\"nome\":\"Luiz Felipe\",\"cpf\":\"47811889985\",\"email\":\"raul.farias@hotmail.com\",\"valor\":999.00,\"parcelas\":29,\"seguro\":true},{\"id\":330,\"nome\":\"Amanda\",\"cpf\":\"44248164093\",\"email\":\"ana.aguiar@yahoo.com\",\"valor\":2792.00,\"parcelas\":25,\"seguro\":true},{\"id\":334,\"nome\":\"Liz\",\"cpf\":\"35555167734\",\"email\":\"joaovitor.doprado@live.com\",\"valor\":2539.00,\"parcelas\":24,\"seguro\":true},{\"id\":335,\"nome\":\"Antônio\",\"cpf\":\"07466039481\",\"email\":\"emilly.fogaca@live.com\",\"valor\":2467.00,\"parcelas\":27,\"seguro\":true},{\"id\":336,\"nome\":\"Maria Sophia\",\"cpf\":\"73248349562\",\"email\":\"mariavitoria.amoreira@hotmail.com\",\"valor\":2269.00,\"parcelas\":26,\"seguro\":true},{\"id\":341,\"nome\":\"Félix\",\"cpf\":\"99270330664\",\"email\":\"isabelly.matoso@gmail.com\",\"valor\":2774.00,\"parcelas\":48,\"seguro\":true},{\"id\":342,\"nome\":\"Ana Sophia\",\"cpf\":\"04584312133\",\"email\":\"eduardo.garcez@live.com\",\"valor\":2789.00,\"parcelas\":23,\"seguro\":true},{\"id\":343,\"nome\":\"Marina\",\"cpf\":\"49556330985\",\"email\":\"natalia.aroeira@gmail.com\",\"valor\":2877.00,\"parcelas\":49,\"seguro\":true},{\"id\":347,\"nome\":\"Ana Júlia\",\"cpf\":\"04016908056\",\"email\":\"ian.dequadros@yahoo.com\",\"valor\":2204.00,\"parcelas\":21,\"seguro\":true},{\"id\":349,\"nome\":\"César\",\"cpf\":\"57832485063\",\"email\":\"marialuiza.veloso@bol.com.br\",\"valor\":999.00,\"parcelas\":29,\"seguro\":true},{\"id\":352,\"nome\":\"Davi\",\"cpf\":\"95847360532\",\"email\":\"mariaclara.teixeira@yahoo.com\",\"valor\":2044.00,\"parcelas\":28,\"seguro\":true},{\"id\":353,\"nome\":\"Aurora\",\"cpf\":\"45872656598\",\"email\":\"silvia.freitas@gmail.com\",\"valor\":2299.00,\"parcelas\":27,\"seguro\":true},{\"id\":399,\"nome\":\"Isabel\",\"cpf\":\"27774953940\",\"email\":\"lucas.teixeira@yahoo.com\",\"valor\":2159.00,\"parcelas\":21,\"seguro\":true},{\"id\":400,\"nome\":\"Mércia\",\"cpf\":\"18503266386\",\"email\":\"isabela.bomdia@live.com\",\"valor\":2195.00,\"parcelas\":49,\"seguro\":true},{\"id\":404,\"nome\":\"Samuel\",\"cpf\":\"39212052496\",\"email\":\"valentina.mendes@gmail.com\",\"valor\":999.00,\"parcelas\":22,\"seguro\":true},{\"id\":406,\"nome\":\"João Gabriel\",\"cpf\":\"85473529418\",\"email\":\"joaolucas.delins@yahoo.com\",\"valor\":2046.00,\"parcelas\":21,\"seguro\":true},{\"id\":411,\"nome\":\"Rebeca\",\"cpf\":\"75090453513\",\"email\":\"rafael.pinto@gmail.com\",\"valor\":2523.00,\"parcelas\":27,\"seguro\":true},{\"id\":412,\"nome\":\"Gael\",\"cpf\":\"33115548872\",\"email\":\"paula.dorneles@yahoo.com\",\"valor\":2744.00,\"parcelas\":22,\"seguro\":true},{\"id\":413,\"nome\":\"Maria Sophia\",\"cpf\":\"15915431763\",\"email\":\"camila.dabarranca@yahoo.com\",\"valor\":2655.00,\"parcelas\":26,\"seguro\":true},{\"id\":415,\"nome\":\"Marli\",\"cpf\":\"60723050668\",\"email\":\"mariaalice.bulhoes@bol.com.br\",\"valor\":2519.00,\"parcelas\":29,\"seguro\":true},{\"id\":416,\"nome\":\"Cauã\",\"cpf\":\"52273372989\",\"email\":\"enzomiguel.caldeira@live.com\",\"valor\":2221.00,\"parcelas\":28,\"seguro\":true},{\"id\":414,\"nome\":\"Olívia\",\"cpf\":\"00101348596\",\"email\":\"joaofelipe.pires@gmail.com\",\"valor\":2532.00,\"parcelas\":29,\"seguro\":true},{\"id\":423,\"nome\":\"Sophia\",\"cpf\":\"73362955107\",\"email\":\"mariafernanda.dias@gmail.com\",\"valor\":2757.00,\"parcelas\":27,\"seguro\":true},{\"id\":424,\"nome\":\"Antônio\",\"cpf\":\"56447767199\",\"email\":\"joaosamuel.gentil@yahoo.com\",\"valor\":2976.00,\"parcelas\":29,\"seguro\":true},{\"id\":426,\"nome\":\"Maria Isis\",\"cpf\":\"74700958591\",\"email\":\"catarina.antunes@gmail.com\",\"valor\":2641.00,\"parcelas\":24,\"seguro\":true},{\"id\":428,\"nome\":\"Francisco\",\"cpf\":\"64024203655\",\"email\":\"gubio.dantas@bol.com.br\",\"valor\":999.00,\"parcelas\":27,\"seguro\":true},{\"id\":429,\"nome\":\"Liz\",\"cpf\":\"43963950416\",\"email\":\"marialaura.batista@bol.com.br\",\"valor\":2171.00,\"parcelas\":29,\"seguro\":true},{\"id\":431,\"nome\":\"Alessandro\",\"cpf\":\"28256494681\",\"email\":\"sophie.fontinhas@live.com\",\"valor\":2026.00,\"parcelas\":49,\"seguro\":true},{\"id\":436,\"nome\":\"Isis\",\"cpf\":\"31042811692\",\"email\":\"louise.damota@yahoo.com\",\"valor\":2163.00,\"parcelas\":27,\"seguro\":true},{\"id\":437,\"nome\":\"Talita\",\"cpf\":\"44280876808\",\"email\":\"alessandro.carneiro@hotmail.com\",\"valor\":2025.00,\"parcelas\":20,\"seguro\":true},{\"id\":440,\"nome\":\"Otávio\",\"cpf\":\"42695070148\",\"email\":\"isabela.paes@hotmail.com\",\"valor\":2797.00,\"parcelas\":49,\"seguro\":true},{\"id\":357,\"nome\":\"Lucas\",\"cpf\":\"36802664029\",\"email\":\"antonella.lessa@gmail.com\",\"valor\":2507.00,\"parcelas\":23,\"seguro\":true},{\"id\":356,\"nome\":\"Sílvia\",\"cpf\":\"16747376207\",\"email\":\"elisa.macieira@live.com\",\"valor\":2284.00,\"parcelas\":23,\"seguro\":true},{\"id\":361,\"nome\":\"Fabrícia\",\"cpf\":\"23380870555\",\"email\":\"ana.reboucas@bol.com.br\",\"valor\":2038.00,\"parcelas\":21,\"seguro\":true},{\"id\":362,\"nome\":\"Maria Fernanda\",\"cpf\":\"59609729761\",\"email\":\"adriana.teixeira@hotmail.com\",\"valor\":2801.00,\"parcelas\":49,\"seguro\":true},{\"id\":366,\"nome\":\"Vinicius\",\"cpf\":\"32288813716\",\"email\":\"gabrielly.delins@live.com\",\"valor\":2303.00,\"parcelas\":26,\"seguro\":true},{\"id\":369,\"nome\":\"Lavínia\",\"cpf\":\"77092883136\",\"email\":\"francisca.alvares@gmail.com\",\"valor\":2916.00,\"parcelas\":22,\"seguro\":true},{\"id\":370,\"nome\":\"Heitor\",\"cpf\":\"26457519942\",\"email\":\"lorenzo.cavalcanti@bol.com.br\",\"valor\":999.00,\"parcelas\":22,\"seguro\":true},{\"id\":372,\"nome\":\"Pedro\",\"cpf\":\"51823889363\",\"email\":\"catarina.esteves@yahoo.com\",\"valor\":2957.00,\"parcelas\":23,\"seguro\":true},{\"id\":377,\"nome\":\"Erick\",\"cpf\":\"83109436838\",\"email\":\"rodrigo.daveiga@bol.com.br\",\"valor\":2167.00,\"parcelas\":21,\"seguro\":true},{\"id\":375,\"nome\":\"Levi\",\"cpf\":\"69704476839\",\"email\":\"bianca.albuquerque@hotmail.com\",\"valor\":2854.00,\"parcelas\":21,\"seguro\":true},{\"id\":374,\"nome\":\"Milena\",\"cpf\":\"06829187865\",\"email\":\"luiza.dequadros@gmail.com\",\"valor\":2116.00,\"parcelas\":25,\"seguro\":true},{\"id\":381,\"nome\":\"Washington\",\"cpf\":\"00635573221\",\"email\":\"marli.godins@yahoo.com\",\"valor\":2226.00,\"parcelas\":21,\"seguro\":true},{\"id\":382,\"nome\":\"Antonella\",\"cpf\":\"38235075492\",\"email\":\"enzomiguel.soares@yahoo.com\",\"valor\":2764.00,\"parcelas\":24,\"seguro\":true},{\"id\":384,\"nome\":\"Mariana\",\"cpf\":\"80323031401\",\"email\":\"enzogabriel.cachoeira@live.com\",\"valor\":2512.00,\"parcelas\":25,\"seguro\":true},{\"id\":386,\"nome\":\"Gabrielly\",\"cpf\":\"79390627357\",\"email\":\"cecilia.dapenha@gmail.com\",\"valor\":2336.00,\"parcelas\":49,\"seguro\":true},{\"id\":389,\"nome\":\"Dalila\",\"cpf\":\"69751259380\",\"email\":\"mariaalice.parreira@yahoo.com\",\"valor\":999.00,\"parcelas\":22,\"seguro\":true},{\"id\":392,\"nome\":\"Fernando\",\"cpf\":\"25783293997\",\"email\":\"vicente.ambrosio@live.com\",\"valor\":2021.00,\"parcelas\":23,\"seguro\":true},{\"id\":396,\"nome\":\"Mariah\",\"cpf\":\"26735100672\",\"email\":\"anabeatriz.ramos@gmail.com\",\"valor\":2760.00,\"parcelas\":20,\"seguro\":true},{\"id\":397,\"nome\":\"Ana Laura\",\"cpf\":\"02228420025\",\"email\":\"mathias.roseira@live.com\",\"valor\":2560.00,\"parcelas\":28,\"seguro\":true},{\"id\":441,\"nome\":\"Bruna\",\"cpf\":\"41020032009\",\"email\":\"emanuelly.longuinho@yahoo.com\",\"valor\":2583.00,\"parcelas\":22,\"seguro\":true},{\"id\":446,\"nome\":\"Júlio\",\"cpf\":\"88616038955\",\"email\":\"murilo.dias@live.com\",\"valor\":999.00,\"parcelas\":27,\"seguro\":true},{\"id\":447,\"nome\":\"Allana\",\"cpf\":\"66296664547\",\"email\":\"ayla.monteiro@bol.com.br\",\"valor\":2007.00,\"parcelas\":22,\"seguro\":true},{\"id\":451,\"nome\":\"Isis\",\"cpf\":\"41570739707\",\"email\":\"vinicius.figueira@gmail.com\",\"valor\":2425.00,\"parcelas\":25,\"seguro\":true},{\"id\":452,\"nome\":\"Levi\",\"cpf\":\"45811148588\",\"email\":\"mariaflor.marcondes@yahoo.com\",\"valor\":2495.00,\"parcelas\":29,\"seguro\":true},{\"id\":453,\"nome\":\"Maria Flor\",\"cpf\":\"05119358053\",\"email\":\"luiz.ribeira@live.com\",\"valor\":2796.00,\"parcelas\":29,\"seguro\":true},{\"id\":455,\"nome\":\"Enzo Miguel\",\"cpf\":\"50254581874\",\"email\":\"olivia.leiria@yahoo.com\",\"valor\":2431.00,\"parcelas\":22,\"seguro\":true},{\"id\":457,\"nome\":\"João Miguel\",\"cpf\":\"33068094891\",\"email\":\"giovanna.dafonseca@bol.com.br\",\"valor\":2071.00,\"parcelas\":28,\"seguro\":true},{\"id\":454,\"nome\":\"Giulia\",\"cpf\":\"40319322780\",\"email\":\"isabela.teles@live.com\",\"valor\":2104.00,\"parcelas\":23,\"seguro\":true},{\"id\":459,\"nome\":\"Allana\",\"cpf\":\"13250430923\",\"email\":\"luan.ferreira@bol.com.br\",\"valor\":2662.00,\"parcelas\":26,\"seguro\":true},{\"id\":460,\"nome\":\"Antonella\",\"cpf\":\"06574868656\",\"email\":\"luizgustavo.guedes@live.com\",\"valor\":2486.00,\"parcelas\":22,\"seguro\":true},{\"id\":461,\"nome\":\"Fábio\",\"cpf\":\"44233715928\",\"email\":\"luiza.coutinho@bol.com.br\",\"valor\":2173.00,\"parcelas\":49,\"seguro\":true},{\"id\":466,\"nome\":\"Pérola\",\"cpf\":\"13729191639\",\"email\":\"daviluiz.crespo@bol.com.br\",\"valor\":2426.00,\"parcelas\":29,\"seguro\":true},{\"id\":467,\"nome\":\"Maitê\",\"cpf\":\"00783886646\",\"email\":\"joaquim.oliveira@bol.com.br\",\"valor\":999.00,\"parcelas\":29,\"seguro\":true},{\"id\":469,\"nome\":\"Isabelly\",\"cpf\":\"92009690144\",\"email\":\"enrico.ribeira@gmail.com\",\"valor\":2524.00,\"parcelas\":23,\"seguro\":true},{\"id\":477,\"nome\":\"Mirella\",\"cpf\":\"24939807583\",\"email\":\"fabricio.ribas@hotmail.com\",\"valor\":2995.00,\"parcelas\":26,\"seguro\":true},{\"id\":478,\"nome\":\"Maria Fernanda\",\"cpf\":\"54783786738\",\"email\":\"clara.arriaga@gmail.com\",\"valor\":2101.00,\"parcelas\":21,\"seguro\":true},{\"id\":481,\"nome\":\"Yago\",\"cpf\":\"25223094423\",\"email\":\"giovanna.ambrosio@gmail.com\",\"valor\":2191.00,\"parcelas\":27,\"seguro\":true},{\"id\":480,\"nome\":\"Calebe\",\"cpf\":\"27558704331\",\"email\":\"luizotavio.assumpcao@yahoo.com\",\"valor\":2428.00,\"parcelas\":49,\"seguro\":true},{\"id\":529,\"nome\":\"João Felipe\",\"cpf\":\"32748837185\",\"email\":\"joaosamuel.gentil@live.com\",\"valor\":2381.00,\"parcelas\":29,\"seguro\":true},{\"id\":530,\"nome\":\"André\",\"cpf\":\"90286432430\",\"email\":\"deneval.espinheira@live.com\",\"valor\":2484.00,\"parcelas\":29,\"seguro\":true},{\"id\":531,\"nome\":\"Helena\",\"cpf\":\"89124451709\",\"email\":\"anacecilia.deassuncao@gmail.com\",\"valor\":2814.00,\"parcelas\":28,\"seguro\":true},{\"id\":534,\"nome\":\"Emanuel\",\"cpf\":\"13605575809\",\"email\":\"camila.cachoeira@yahoo.com\",\"valor\":2308.00,\"parcelas\":21,\"seguro\":true},{\"id\":535,\"nome\":\"Sara\",\"cpf\":\"39590069600\",\"email\":\"yasmin.beltrao@yahoo.com\",\"valor\":2129.00,\"parcelas\":21,\"seguro\":true},{\"id\":537,\"nome\":\"Marina\",\"cpf\":\"98494349393\",\"email\":\"luizmiguel.ordonhes@live.com\",\"valor\":2977.00,\"parcelas\":28,\"seguro\":true},{\"id\":538,\"nome\":\"Isis\",\"cpf\":\"37247673394\",\"email\":\"isabela.aragao@hotmail.com\",\"valor\":2241.00,\"parcelas\":49,\"seguro\":true},{\"id\":542,\"nome\":\"Ana Lívia\",\"cpf\":\"64630966619\",\"email\":\"mariaclara.damota@live.com\",\"valor\":999.00,\"parcelas\":22,\"seguro\":true},{\"id\":544,\"nome\":\"Maria Cecília\",\"cpf\":\"93425402913\",\"email\":\"mariaeduarda.castanho@gmail.com\",\"valor\":2381.00,\"parcelas\":25,\"seguro\":true},{\"id\":549,\"nome\":\"Sílvia\",\"cpf\":\"58488772764\",\"email\":\"luizmiguel.siqueiro@live.com\",\"valor\":2453.00,\"parcelas\":24,\"seguro\":true},{\"id\":550,\"nome\":\"Gabriela\",\"cpf\":\"10905994788\",\"email\":\"luizhenrique.ribeiro@live.com\",\"valor\":2919.00,\"parcelas\":22,\"seguro\":true},{\"id\":551,\"nome\":\"Mariana\",\"cpf\":\"74472969441\",\"email\":\"davilucas.barreira@hotmail.com\",\"valor\":2352.00,\"parcelas\":20,\"seguro\":true},{\"id\":555,\"nome\":\"Kauê\",\"cpf\":\"95270514405\",\"email\":\"adriana.sales@live.com\",\"valor\":2808.00,\"parcelas\":28,\"seguro\":true},{\"id\":552,\"nome\":\"Letícia\",\"cpf\":\"32172007951\",\"email\":\"heloisa.silveira@hotmail.com\",\"valor\":2512.00,\"parcelas\":28,\"seguro\":true},{\"id\":554,\"nome\":\"Isabelly\",\"cpf\":\"66911991881\",\"email\":\"melissa.jaques@gmail.com\",\"valor\":2561.00,\"parcelas\":22,\"seguro\":true},{\"id\":561,\"nome\":\"Morgana\",\"cpf\":\"97819002766\",\"email\":\"paula.almeida@bol.com.br\",\"valor\":2060.00,\"parcelas\":28,\"seguro\":true},{\"id\":562,\"nome\":\"Ana Sophia\",\"cpf\":\"10938923357\",\"email\":\"davi.hermingues@live.com\",\"valor\":2685.00,\"parcelas\":49,\"seguro\":true},{\"id\":563,\"nome\":\"Marcia\",\"cpf\":\"86483765681\",\"email\":\"lucas.moreno@bol.com.br\",\"valor\":2269.00,\"parcelas\":20,\"seguro\":true},{\"id\":567,\"nome\":\"Emanuelly\",\"cpf\":\"35506164883\",\"email\":\"yango.rolim@yahoo.com\",\"valor\":2434.00,\"parcelas\":20,\"seguro\":true},{\"id\":569,\"nome\":\"Camila\",\"cpf\":\"98056883959\",\"email\":\"kaique.deassuncao@yahoo.com\",\"valor\":999.00,\"parcelas\":29,\"seguro\":true},{\"id\":487,\"nome\":\"Marina\",\"cpf\":\"37527628198\",\"email\":\"francisco.dacunha@hotmail.com\",\"valor\":999.00,\"parcelas\":21,\"seguro\":true},{\"id\":490,\"nome\":\"Henrique\",\"cpf\":\"34818495686\",\"email\":\"clarice.duarte@hotmail.com\",\"valor\":2951.00,\"parcelas\":25,\"seguro\":true},{\"id\":492,\"nome\":\"Arthur Gabriel\",\"cpf\":\"46336918034\",\"email\":\"pedro.limeira@gmail.com\",\"valor\":2207.00,\"parcelas\":48,\"seguro\":true},{\"id\":493,\"nome\":\"Rebeca\",\"cpf\":\"82257820353\",\"email\":\"washington.cruz@gmail.com\",\"valor\":2021.00,\"parcelas\":20,\"seguro\":true},{\"id\":494,\"nome\":\"Maria Helena\",\"cpf\":\"17023168539\",\"email\":\"agatha.neves@gmail.com\",\"valor\":2476.00,\"parcelas\":24,\"seguro\":true},{\"id\":495,\"nome\":\"Letícia\",\"cpf\":\"39478139322\",\"email\":\"julio.godins@bol.com.br\",\"valor\":2641.00,\"parcelas\":21,\"seguro\":true},{\"id\":496,\"nome\":\"Ruan\",\"cpf\":\"11610718894\",\"email\":\"arthurhenrique.lopes@live.com\",\"valor\":2982.00,\"parcelas\":26,\"seguro\":true},{\"id\":502,\"nome\":\"Hélio\",\"cpf\":\"75127345440\",\"email\":\"clarice.caldeira@bol.com.br\",\"valor\":2352.00,\"parcelas\":28,\"seguro\":true},{\"id\":503,\"nome\":\"Felícia\",\"cpf\":\"88257847505\",\"email\":\"juliana.carreira@hotmail.com\",\"valor\":2894.00,\"parcelas\":49,\"seguro\":true},{\"id\":508,\"nome\":\"Pietra\",\"cpf\":\"44694928979\",\"email\":\"joao.hernandes@gmail.com\",\"valor\":999.00,\"parcelas\":20,\"seguro\":true},{\"id\":511,\"nome\":\"Giovanna\",\"cpf\":\"58312257065\",\"email\":\"olivia.garcez@yahoo.com\",\"valor\":2931.00,\"parcelas\":29,\"seguro\":true},{\"id\":514,\"nome\":\"Arthur Miguel\",\"cpf\":\"76374029803\",\"email\":\"ofelia.ouriques@yahoo.com\",\"valor\":2970.00,\"parcelas\":29,\"seguro\":true},{\"id\":515,\"nome\":\"Marcela\",\"cpf\":\"36051963109\",\"email\":\"benicio.henriques@live.com\",\"valor\":2428.00,\"parcelas\":26,\"seguro\":true},{\"id\":517,\"nome\":\"Sílvia\",\"cpf\":\"62616775670\",\"email\":\"leonardo.coutinho@bol.com.br\",\"valor\":2480.00,\"parcelas\":27,\"seguro\":true},{\"id\":518,\"nome\":\"Maria Flor\",\"cpf\":\"09051623725\",\"email\":\"luiz.sanches@yahoo.com\",\"valor\":2744.00,\"parcelas\":49,\"seguro\":true},{\"id\":522,\"nome\":\"Rafaela\",\"cpf\":\"80843504447\",\"email\":\"maite.bittencourt@live.com\",\"valor\":999.00,\"parcelas\":24,\"seguro\":true},{\"id\":524,\"nome\":\"Lucca\",\"cpf\":\"87047186713\",\"email\":\"samuel.simoes@bol.com.br\",\"valor\":2629.00,\"parcelas\":25,\"seguro\":true},{\"id\":571,\"nome\":\"Allana\",\"cpf\":\"20570582849\",\"email\":\"marcelo.grotas@live.com\",\"valor\":2446.00,\"parcelas\":29,\"seguro\":true},{\"id\":574,\"nome\":\"Lucas Gabriel\",\"cpf\":\"07482710977\",\"email\":\"leticia.ordonhes@yahoo.com\",\"valor\":2139.00,\"parcelas\":20,\"seguro\":true},{\"id\":575,\"nome\":\"Bruno\",\"cpf\":\"71128395831\",\"email\":\"barbara.souza@live.com\",\"valor\":2130.00,\"parcelas\":29,\"seguro\":true},{\"id\":578,\"nome\":\"Emilly\",\"cpf\":\"28477279117\",\"email\":\"igor.moniz@gmail.com\",\"valor\":2029.00,\"parcelas\":21,\"seguro\":true},{\"id\":581,\"nome\":\"Davi\",\"cpf\":\"11146698561\",\"email\":\"emanuel.grotas@live.com\",\"valor\":999.00,\"parcelas\":22,\"seguro\":true},{\"id\":583,\"nome\":\"Maria Vitória\",\"cpf\":\"78978881751\",\"email\":\"ofelia.ornelas@gmail.com\",\"valor\":2293.00,\"parcelas\":49,\"seguro\":true},{\"id\":587,\"nome\":\"Davi Lucas\",\"cpf\":\"77464046753\",\"email\":\"allana.jesus@yahoo.com\",\"valor\":2974.00,\"parcelas\":23,\"seguro\":true},{\"id\":589,\"nome\":\"Gael\",\"cpf\":\"73768873952\",\"email\":\"lucca.resende@yahoo.com\",\"valor\":2661.00,\"parcelas\":24,\"seguro\":true},{\"id\":590,\"nome\":\"João Gabriel\",\"cpf\":\"21634140653\",\"email\":\"igor.galego@live.com\",\"valor\":2839.00,\"parcelas\":24,\"seguro\":true},{\"id\":591,\"nome\":\"Stella\",\"cpf\":\"09108443433\",\"email\":\"maya.dabandeira@live.com\",\"valor\":2795.00,\"parcelas\":28,\"seguro\":true},{\"id\":594,\"nome\":\"Carlos\",\"cpf\":\"75507544391\",\"email\":\"victor.raia@yahoo.com\",\"valor\":2100.00,\"parcelas\":26,\"seguro\":true},{\"id\":595,\"nome\":\"Alessandro\",\"cpf\":\"28749248880\",\"email\":\"otavio.nogueira@live.com\",\"valor\":2568.00,\"parcelas\":23,\"seguro\":true},{\"id\":597,\"nome\":\"Kaique\",\"cpf\":\"07343355147\",\"email\":\"washington.moraes@live.com\",\"valor\":2466.00,\"parcelas\":22,\"seguro\":true},{\"id\":598,\"nome\":\"Isabella\",\"cpf\":\"21431173117\",\"email\":\"felicia.reis@yahoo.com\",\"valor\":2430.00,\"parcelas\":49,\"seguro\":true},{\"id\":602,\"nome\":\"Yasmin\",\"cpf\":\"98324078955\",\"email\":\"roberto.quaresma@gmail.com\",\"valor\":999.00,\"parcelas\":23,\"seguro\":true},{\"id\":604,\"nome\":\"Cecília\",\"cpf\":\"32468074303\",\"email\":\"margarida.louzada@live.com\",\"valor\":2348.00,\"parcelas\":27,\"seguro\":true},{\"id\":609,\"nome\":\"Ofélia\",\"cpf\":\"73278017323\",\"email\":\"eloah.daaldeia@live.com\",\"valor\":2600.00,\"parcelas\":25,\"seguro\":true},{\"id\":610,\"nome\":\"Vicente\",\"cpf\":\"75189213953\",\"email\":\"luizgustavo.dafontoura@bol.com.br\",\"valor\":2750.00,\"parcelas\":28,\"seguro\":true},{\"id\":611,\"nome\":\"Isabella\",\"cpf\":\"64485666920\",\"email\":\"julio.videira@live.com\",\"valor\":2191.00,\"parcelas\":21,\"seguro\":true},{\"id\":614,\"nome\":\"Larissa\",\"cpf\":\"27435820539\",\"email\":\"frederico.dacunha@gmail.com\",\"valor\":2462.00,\"parcelas\":25,\"seguro\":true},{\"id\":612,\"nome\":\"Maria Vitória\",\"cpf\":\"70024701956\",\"email\":\"silvia.danobrega@gmail.com\",\"valor\":2100.00,\"parcelas\":28,\"seguro\":true},{\"id\":613,\"nome\":\"Igor\",\"cpf\":\"56582773768\",\"email\":\"bernardo.oliveira@live.com\",\"valor\":2969.00,\"parcelas\":29,\"seguro\":true},{\"id\":619,\"nome\":\"Maria Eduarda\",\"cpf\":\"20202333952\",\"email\":\"silvia.solimoes@hotmail.com\",\"valor\":2202.00,\"parcelas\":23,\"seguro\":true},{\"id\":620,\"nome\":\"Salvador\",\"cpf\":\"58325497969\",\"email\":\"emilly.diegues@hotmail.com\",\"valor\":2500.00,\"parcelas\":25,\"seguro\":true},{\"id\":621,\"nome\":\"Catarina\",\"cpf\":\"78207059191\",\"email\":\"giulia.damata@yahoo.com\",\"valor\":2009.00,\"parcelas\":26,\"seguro\":true},{\"id\":624,\"nome\":\"Malu\",\"cpf\":\"68457227314\",\"email\":\"emilly.garces@hotmail.com\",\"valor\":2169.00,\"parcelas\":49,\"seguro\":true},{\"id\":625,\"nome\":\"Allana\",\"cpf\":\"50110732904\",\"email\":\"marina.doprado@gmail.com\",\"valor\":999.00,\"parcelas\":28,\"seguro\":true},{\"id\":631,\"nome\":\"Davi\",\"cpf\":\"75822055947\",\"email\":\"vitorhugo.marins@bol.com.br\",\"valor\":2763.00,\"parcelas\":29,\"seguro\":true},{\"id\":634,\"nome\":\"Paulo\",\"cpf\":\"75250340462\",\"email\":\"ricardo.daveiga@yahoo.com\",\"valor\":2840.00,\"parcelas\":21,\"seguro\":true},{\"id\":632,\"nome\":\"Bianca\",\"cpf\":\"79982274247\",\"email\":\"isaac.ribeiro@yahoo.com\",\"valor\":2509.00,\"parcelas\":24,\"seguro\":true},{\"id\":635,\"nome\":\"Maria Laura\",\"cpf\":\"93880515054\",\"email\":\"vitorhugo.reis@yahoo.com\",\"valor\":2197.00,\"parcelas\":28,\"seguro\":true},{\"id\":639,\"nome\":\"Amanda\",\"cpf\":\"13145358871\",\"email\":\"marcia.franco@hotmail.com\",\"valor\":2157.00,\"parcelas\":23,\"seguro\":true},{\"id\":640,\"nome\":\"Alícia\",\"cpf\":\"53216019094\",\"email\":\"nicole.muniz@yahoo.com\",\"valor\":2445.00,\"parcelas\":27,\"seguro\":true},{\"id\":643,\"nome\":\"Júlia\",\"cpf\":\"60092444114\",\"email\":\"isabela.sales@hotmail.com\",\"valor\":2223.00,\"parcelas\":23,\"seguro\":true},{\"id\":644,\"nome\":\"Kauê\",\"cpf\":\"06410249077\",\"email\":\"ofelia.costa@hotmail.com\",\"valor\":2097.00,\"parcelas\":49,\"seguro\":true},{\"id\":650,\"nome\":\"Maria Alice\",\"cpf\":\"15572716702\",\"email\":\"luizmiguel.velasques@bol.com.br\",\"valor\":2839.00,\"parcelas\":21,\"seguro\":true},{\"id\":649,\"nome\":\"Ricardo\",\"cpf\":\"39986161912\",\"email\":\"suelen.lessa@live.com\",\"valor\":999.00,\"parcelas\":29,\"seguro\":true},{\"id\":652,\"nome\":\"João Samuel\",\"cpf\":\"32186137906\",\"email\":\"sophie.vimaranes@gmail.com\",\"valor\":2379.00,\"parcelas\":28,\"seguro\":true},{\"id\":654,\"nome\":\"Silas\",\"cpf\":\"91756132693\",\"email\":\"fabricio.tavares@live.com\",\"valor\":2425.00,\"parcelas\":28,\"seguro\":true},{\"id\":655,\"nome\":\"Otávio\",\"cpf\":\"04515212909\",\"email\":\"sara.dafonseca@gmail.com\",\"valor\":2551.00,\"parcelas\":25,\"seguro\":true},{\"id\":659,\"nome\":\"Maya\",\"cpf\":\"24476285854\",\"email\":\"mariaflor.ramalho@bol.com.br\",\"valor\":2299.00,\"parcelas\":27,\"seguro\":true},{\"id\":660,\"nome\":\"Benício\",\"cpf\":\"88219779162\",\"email\":\"noah.quaresma@gmail.com\",\"valor\":2069.00,\"parcelas\":20,\"seguro\":true},{\"id\":661,\"nome\":\"Gabriel\",\"cpf\":\"75181108241\",\"email\":\"leticia.vimaranes@hotmail.com\",\"valor\":2057.00,\"parcelas\":49,\"seguro\":true},{\"id\":664,\"nome\":\"Luna\",\"cpf\":\"32620299517\",\"email\":\"melissa.domingues@bol.com.br\",\"valor\":2815.00,\"parcelas\":22,\"seguro\":true},{\"id\":668,\"nome\":\"Ricardo\",\"cpf\":\"18112021737\",\"email\":\"maite.saraiva@bol.com.br\",\"valor\":999.00,\"parcelas\":22,\"seguro\":true},{\"id\":670,\"nome\":\"Suélen\",\"cpf\":\"52890701025\",\"email\":\"felix.novaes@hotmail.com\",\"valor\":2099.00,\"parcelas\":24,\"seguro\":true},{\"id\":674,\"nome\":\"Ricardo\",\"cpf\":\"68411259799\",\"email\":\"rafael.porto@live.com\",\"valor\":2811.00,\"parcelas\":24,\"seguro\":true},{\"id\":673,\"nome\":\"Davi Luca\",\"cpf\":\"82591128363\",\"email\":\"yago.siqueira@hotmail.com\",\"valor\":2663.00,\"parcelas\":27,\"seguro\":true},{\"id\":672,\"nome\":\"Nathan\",\"cpf\":\"40002997124\",\"email\":\"sophie.dafronteira@live.com\",\"valor\":2798.00,\"parcelas\":28,\"seguro\":true},{\"id\":677,\"nome\":\"João Samuel\",\"cpf\":\"55217527052\",\"email\":\"mariavitoria.madeira@bol.com.br\",\"valor\":2435.00,\"parcelas\":27,\"seguro\":true},{\"id\":678,\"nome\":\"Ana Clara\",\"cpf\":\"85093303384\",\"email\":\"luizfelipe.sa@bol.com.br\",\"valor\":2799.00,\"parcelas\":21,\"seguro\":true},{\"id\":679,\"nome\":\"Carolina\",\"cpf\":\"72057114587\",\"email\":\"isabelly.daterra@bol.com.br\",\"valor\":2547.00,\"parcelas\":49,\"seguro\":true},{\"id\":683,\"nome\":\"Víctor\",\"cpf\":\"53771510669\",\"email\":\"patricia.ribeira@yahoo.com\",\"valor\":2761.00,\"parcelas\":25,\"seguro\":true},{\"id\":685,\"nome\":\"Vitor\",\"cpf\":\"96355239792\",\"email\":\"joaosamuel.coutinho@hotmail.com\",\"valor\":999.00,\"parcelas\":20,\"seguro\":true},{\"id\":687,\"nome\":\"Marcela\",\"cpf\":\"40417334430\",\"email\":\"tomas.dagama@bol.com.br\",\"valor\":2740.00,\"parcelas\":24,\"seguro\":true},{\"id\":693,\"nome\":\"Leonardo\",\"cpf\":\"66069849674\",\"email\":\"isabelly.louzada@gmail.com\",\"valor\":2646.00,\"parcelas\":22,\"seguro\":true},{\"id\":695,\"nome\":\"Pedro Tobias\",\"cpf\":\"48624816245\",\"email\":\"clara.paes@bol.com.br\",\"valor\":2826.00,\"parcelas\":29,\"seguro\":true},{\"id\":694,\"nome\":\"Rebeca\",\"cpf\":\"73099160817\",\"email\":\"patricia.deoliveira@bol.com.br\",\"valor\":2673.00,\"parcelas\":28,\"seguro\":true},{\"id\":697,\"nome\":\"Gabrielly\",\"cpf\":\"45720487734\",\"email\":\"malu.delara@hotmail.com\",\"valor\":2725.00,\"parcelas\":21,\"seguro\":true},{\"id\":698,\"nome\":\"Arthur Henrique\",\"cpf\":\"08200650735\",\"email\":\"raul.damadureira@gmail.com\",\"valor\":2641.00,\"parcelas\":20,\"seguro\":true},{\"id\":699,\"nome\":\"Luan\",\"cpf\":\"38991588142\",\"email\":\"maite.daaldeia@hotmail.com\",\"valor\":2227.00,\"parcelas\":49,\"seguro\":true},{\"id\":704,\"nome\":\"Thiago\",\"cpf\":\"24785845188\",\"email\":\"emilly.alvares@yahoo.com\",\"valor\":2340.00,\"parcelas\":25,\"seguro\":true},{\"id\":705,\"nome\":\"Benjamin\",\"cpf\":\"53024697875\",\"email\":\"yasmin.fernandes@live.com\",\"valor\":999.00,\"parcelas\":21,\"seguro\":true},{\"id\":707,\"nome\":\"Gustavo\",\"cpf\":\"01094774945\",\"email\":\"antonella.barreto@hotmail.com\",\"valor\":2079.00,\"parcelas\":26,\"seguro\":true},{\"id\":715,\"nome\":\"Feliciano\",\"cpf\":\"85945267746\",\"email\":\"kleber.almada@live.com\",\"valor\":2507.00,\"parcelas\":27,\"seguro\":true},{\"id\":713,\"nome\":\"Enzo\",\"cpf\":\"19499164853\",\"email\":\"lucasgabriel.mendes@gmail.com\",\"valor\":2275.00,\"parcelas\":25,\"seguro\":true},{\"id\":714,\"nome\":\"Ana Clara\",\"cpf\":\"82504185483\",\"email\":\"eduardo.deassuncao@bol.com.br\",\"valor\":2187.00,\"parcelas\":25,\"seguro\":true},{\"id\":718,\"nome\":\"Elisa\",\"cpf\":\"98289447605\",\"email\":\"kaique.dacruz@hotmail.com\",\"valor\":2026.00,\"parcelas\":23,\"seguro\":true},{\"id\":719,\"nome\":\"Sirineu\",\"cpf\":\"06019185447\",\"email\":\"heitor.barroso@live.com\",\"valor\":2673.00,\"parcelas\":20,\"seguro\":true},{\"id\":720,\"nome\":\"Giovanna\",\"cpf\":\"14505843440\",\"email\":\"davi.dequadros@live.com\",\"valor\":2050.00,\"parcelas\":49,\"seguro\":true},{\"id\":724,\"nome\":\"Yasmin\",\"cpf\":\"57506533292\",\"email\":\"sophie.dapaz@gmail.com\",\"valor\":2226.00,\"parcelas\":24,\"seguro\":true},{\"id\":726,\"nome\":\"Rafael\",\"cpf\":\"11808889937\",\"email\":\"mariavitoria.viveiros@yahoo.com\",\"valor\":999.00,\"parcelas\":21,\"seguro\":true},{\"id\":728,\"nome\":\"Yago\",\"cpf\":\"25204273336\",\"email\":\"gael.guedes@live.com\",\"valor\":2978.00,\"parcelas\":20,\"seguro\":true},{\"id\":737,\"nome\":\"Gabriela\",\"cpf\":\"73116188872\",\"email\":\"yango.ramires@gmail.com\",\"valor\":2492.00,\"parcelas\":22,\"seguro\":true},{\"id\":734,\"nome\":\"Manuela\",\"cpf\":\"28704430503\",\"email\":\"samuel.corte@gmail.com\",\"valor\":2448.00,\"parcelas\":24,\"seguro\":true},{\"id\":736,\"nome\":\"Leonardo\",\"cpf\":\"08939562655\",\"email\":\"igor.godins@yahoo.com\",\"valor\":2821.00,\"parcelas\":24,\"seguro\":true},{\"id\":735,\"nome\":\"Amanda\",\"cpf\":\"37301235912\",\"email\":\"lais.sa@live.com\",\"valor\":2182.00,\"parcelas\":23,\"seguro\":true},{\"id\":739,\"nome\":\"Eduardo\",\"cpf\":\"93967430797\",\"email\":\"eduarda.paiva@yahoo.com\",\"valor\":2094.00,\"parcelas\":25,\"seguro\":true},{\"id\":740,\"nome\":\"Tertuliano\",\"cpf\":\"50963196626\",\"email\":\"joana.moraes@gmail.com\",\"valor\":2890.00,\"parcelas\":25,\"seguro\":true},{\"id\":741,\"nome\":\"Márcio\",\"cpf\":\"02729017819\",\"email\":\"bernardo.moreira@hotmail.com\",\"valor\":2702.00,\"parcelas\":49,\"seguro\":true},{\"id\":742,\"nome\":\"Giulia\",\"cpf\":\"72492303102\",\"email\":\"vitor.munhoz@hotmail.com\",\"valor\":2154.00,\"parcelas\":21,\"seguro\":true},{\"id\":744,\"nome\":\"Marcia\",\"cpf\":\"25807962451\",\"email\":\"marcelo.muniz@bol.com.br\",\"valor\":2291.00,\"parcelas\":29,\"seguro\":true},{\"id\":743,\"nome\":\"Carla\",\"cpf\":\"86482606820\",\"email\":\"luizotavio.lopes@live.com\",\"valor\":2316.00,\"parcelas\":2,\"seguro\":true},{\"id\":746,\"nome\":\"Margarida\",\"cpf\":\"08476521553\",\"email\":\"anacecilia.damota@live.com\",\"valor\":999.00,\"parcelas\":20,\"seguro\":true},{\"id\":747,\"nome\":\"Maya\",\"cpf\":\"33738572987\",\"email\":\"isabel.daveiga@hotmail.com\",\"valor\":2154.00,\"parcelas\":48,\"seguro\":true},{\"id\":748,\"nome\":\"Carolina\",\"cpf\":\"42856739879\",\"email\":\"gustavo.monteiro@hotmail.com\",\"valor\":2513.00,\"parcelas\":22,\"seguro\":true},{\"id\":749,\"nome\":\"Cecília\",\"cpf\":\"22123022949\",\"email\":\"rafaela.goncalves@hotmail.com\",\"valor\":10000.00,\"parcelas\":26,\"seguro\":true},{\"id\":751,\"nome\":\"Clarice\",\"cpf\":\"46664928201\",\"email\":\"joaovictor.modesto@bol.com.br\",\"valor\":40000.00,\"parcelas\":29,\"seguro\":true},{\"id\":752,\"nome\":\"Bruno\",\"cpf\":\"03141138643\",\"email\":\"miguel.espinhosa@gmail.com\",\"valor\":2611.00,\"parcelas\":25,\"seguro\":true},{\"id\":754,\"nome\":\"Milena\",\"cpf\":\"86388808839\",\"email\":\"kaue.damadureira@live.com\",\"valor\":2725.00,\"parcelas\":28,\"seguro\":true},{\"id\":759,\"nome\":\"Pedro Lucas\",\"cpf\":\"22120074016\",\"email\":\"fernando.ordonhes@yahoo.com\",\"valor\":2194.00,\"parcelas\":22,\"seguro\":true},{\"id\":761,\"nome\":\"Henry\",\"cpf\":\"91563605207\",\"email\":\"otavio.beltrao@live.com\",\"valor\":2505.00,\"parcelas\":29,\"seguro\":true},{\"id\":758,\"nome\":\"Ana Sophia\",\"cpf\":\"54014333616\",\"email\":\"lucca.marins@live.com\",\"valor\":2039.00,\"parcelas\":27,\"seguro\":true},{\"id\":766,\"nome\":\"Yasmin\",\"cpf\":\"48962545578\",\"email\":\"silas.franco@bol.com.br\",\"valor\":2053.00,\"parcelas\":22,\"seguro\":true},{\"id\":768,\"nome\":\"Bárbara\",\"cpf\":\"23653854380\",\"email\":\"maria.vieira@bol.com.br\",\"valor\":2167.00,\"parcelas\":25,\"seguro\":true},{\"id\":770,\"nome\":\"Gabriel\",\"cpf\":\"60408370900\",\"email\":\"enrico.longuinho@live.com\",\"valor\":2147.00,\"parcelas\":28,\"seguro\":true},{\"id\":771,\"nome\":\"Letícia\",\"cpf\":\"86065648333\",\"email\":\"suelen.moura@live.com\",\"valor\":2209.00,\"parcelas\":49,\"seguro\":true},{\"id\":773,\"nome\":\"Maria\",\"cpf\":\"24428231177\",\"email\":\"bento.muniz@gmail.com\",\"valor\":2321.00,\"parcelas\":20,\"seguro\":true},{\"id\":775,\"nome\":\"Vitória\",\"cpf\":\"92732433317\",\"email\":\"deneval.moreira@bol.com.br\",\"valor\":999.00,\"parcelas\":28,\"seguro\":true},{\"id\":780,\"nome\":\"Paula\",\"cpf\":\"69680846655\",\"email\":\"ryan.vasques@gmail.com\",\"valor\":2911.00,\"parcelas\":28,\"seguro\":true},{\"id\":779,\"nome\":\"Arthur\",\"cpf\":\"19124206730\",\"email\":\"fabiano.ribeiro@bol.com.br\",\"valor\":2740.00,\"parcelas\":28,\"seguro\":true},{\"id\":778,\"nome\":\"Núbia\",\"cpf\":\"40894633237\",\"email\":\"washington.regueira@hotmail.com\",\"valor\":2408.00,\"parcelas\":24,\"seguro\":true},{\"id\":786,\"nome\":\"Pablo\",\"cpf\":\"87471818091\",\"email\":\"analaura.barreira@gmail.com\",\"valor\":2661.00,\"parcelas\":20,\"seguro\":true},{\"id\":788,\"nome\":\"Levi\",\"cpf\":\"33630119023\",\"email\":\"elisa.lessa@hotmail.com\",\"valor\":2261.00,\"parcelas\":22,\"seguro\":true},{\"id\":789,\"nome\":\"Francisco\",\"cpf\":\"39232080677\",\"email\":\"bruno.martim@yahoo.com\",\"valor\":2519.00,\"parcelas\":26,\"seguro\":true},{\"id\":791,\"nome\":\"Rafael\",\"cpf\":\"02748830115\",\"email\":\"mariana.guterres@bol.com.br\",\"valor\":2028.00,\"parcelas\":49,\"seguro\":true},{\"id\":794,\"nome\":\"Leonardo\",\"cpf\":\"90109752879\",\"email\":\"benjamin.dacosta@bol.com.br\",\"valor\":999.00,\"parcelas\":22,\"seguro\":true},{\"id\":797,\"nome\":\"Silas\",\"cpf\":\"47516658306\",\"email\":\"isabel.moura@hotmail.com\",\"valor\":2372.00,\"parcelas\":20,\"seguro\":true},{\"id\":798,\"nome\":\"Maria\",\"cpf\":\"13554963921\",\"email\":\"erick.monteiro@hotmail.com\",\"valor\":2263.00,\"parcelas\":27,\"seguro\":true},{\"id\":799,\"nome\":\"Alessandro\",\"cpf\":\"05956564847\",\"email\":\"anasophia.custodio@bol.com.br\",\"valor\":2044.00,\"parcelas\":28,\"seguro\":true},{\"id\":800,\"nome\":\"Bernardo\",\"cpf\":\"73064021274\",\"email\":\"marialaura.ferraco@hotmail.com\",\"valor\":2635.00,\"parcelas\":20,\"seguro\":true},{\"id\":806,\"nome\":\"Luiza\",\"cpf\":\"83186292675\",\"email\":\"victor.novaes@hotmail.com\",\"valor\":2062.00,\"parcelas\":29,\"seguro\":true},{\"id\":809,\"nome\":\"Rodrigo\",\"cpf\":\"91348185078\",\"email\":\"bryan.veles@gmail.com\",\"valor\":2514.00,\"parcelas\":24,\"seguro\":true},{\"id\":811,\"nome\":\"Ana Vitória\",\"cpf\":\"93127109630\",\"email\":\"mariaflor.rego@hotmail.com\",\"valor\":2980.00,\"parcelas\":49,\"seguro\":true},{\"id\":810,\"nome\":\"Mariah\",\"cpf\":\"98830313298\",\"email\":\"joaofelipe.dacosta@yahoo.com\",\"valor\":2985.00,\"parcelas\":27,\"seguro\":true},{\"id\":815,\"nome\":\"Margarida\",\"cpf\":\"94253821434\",\"email\":\"fernanda.castanheira@gmail.com\",\"valor\":999.00,\"parcelas\":25,\"seguro\":true},{\"id\":817,\"nome\":\"Esther\",\"cpf\":\"31101975495\",\"email\":\"caio.menendes@hotmail.com\",\"valor\":2613.00,\"parcelas\":23,\"seguro\":true},{\"id\":822,\"nome\":\"Carla\",\"cpf\":\"19997694013\",\"email\":\"felipe.porteira@bol.com.br\",\"valor\":2390.00,\"parcelas\":27,\"seguro\":true},{\"id\":820,\"nome\":\"Silas\",\"cpf\":\"11931189114\",\"email\":\"amanda.barata@gmail.com\",\"valor\":2426.00,\"parcelas\":22,\"seguro\":true},{\"id\":819,\"nome\":\"Rodrigo\",\"cpf\":\"43489406784\",\"email\":\"joana.datena@bol.com.br\",\"valor\":2151.00,\"parcelas\":29,\"seguro\":true},{\"id\":821,\"nome\":\"Tertuliano\",\"cpf\":\"97288968951\",\"email\":\"suelen.guedes@yahoo.com\",\"valor\":2111.00,\"parcelas\":24,\"seguro\":true}]"
	at org.hamcrest.MatcherAssert.assertThat(MatcherAssert.java:18)
	at org.hamcrest.MatcherAssert.assertThat(MatcherAssert.java:6)
	at tests.Simulacoes.TestGetSimulacoes.deveValidarSchemaRaiz200(TestGetSimulacoes.java:38)
	at java.base/jdk.internal.reflect.DirectMethodHandleAccessor.invoke(DirectMethodHandleAccessor.java:104)
	at java.base/java.lang.reflect.Method.invoke(Method.java:578)
	at org.junit.platform.commons.util.ReflectionUtils.invokeMethod(ReflectionUtils.java:727)
	at org.junit.jupiter.engine.execution.MethodInvocation.proceed(MethodInvocation.java:60)
	at org.junit.jupiter.engine.execution.InvocationInterceptorChain$ValidatingInvocation.proceed(InvocationInterceptorChain.java:131)
	at org.junit.jupiter.api.extension.InvocationInterceptor.interceptTestMethod(InvocationInterceptor.java:118)
	at org.junit.jupiter.engine.execution.InterceptingExecutableInvoker$ReflectiveInterceptorCall.lambda$ofVoidMethod$0(InterceptingExecutableInvoker.java:103)
	at org.junit.jupiter.engine.execution.InterceptingExecutableInvoker.lambda$invoke$0(InterceptingExecutableInvoker.java:93)
	at org.junit.jupiter.engine.execution.InvocationInterceptorChain$InterceptedInvocation.proceed(InvocationInterceptorChain.java:106)
	at org.junit.jupiter.engine.extension.TimeoutExtension.intercept(TimeoutExtension.java:156)
	at org.junit.jupiter.engine.extension.TimeoutExtension.interceptTestableMethod(TimeoutExtension.java:147)
	at org.junit.jupiter.engine.extension.TimeoutExtension.interceptTestMethod(TimeoutExtension.java:86)
	at org.junit.jupiter.engine.execution.InterceptingExecutableInvoker$ReflectiveInterceptorCall.lambda$ofVoidMethod$0(InterceptingExecutableInvoker.java:103)
	at org.junit.jupiter.engine.execution.InterceptingExecutableInvoker.lambda$invoke$0(InterceptingExecutableInvoker.java:93)
	at org.junit.jupiter.engine.execution.InvocationInterceptorChain$InterceptedInvocation.proceed(InvocationInterceptorChain.java:106)
	at org.junit.jupiter.engine.execution.InvocationInterceptorChain.proceed(InvocationInterceptorChain.java:64)
	at org.junit.jupiter.engine.execution.InvocationInterceptorChain.chainAndInvoke(InvocationInterceptorChain.java:45)
	at org.junit.jupiter.engine.execution.InvocationInterceptorChain.invoke(InvocationInterceptorChain.java:37)
	at org.junit.jupiter.engine.execution.InterceptingExecutableInvoker.invoke(InterceptingExecutableInvoker.java:92)
	at org.junit.jupiter.engine.execution.InterceptingExecutableInvoker.invoke(InterceptingExecutableInvoker.java:86)
	at org.junit.jupiter.engine.descriptor.TestMethodTestDescriptor.lambda$invokeTestMethod$7(TestMethodTestDescriptor.java:217)
	at org.junit.platform.engine.support.hierarchical.ThrowableCollector.execute(ThrowableCollector.java:73)
	at org.junit.jupiter.engine.descriptor.TestMethodTestDescriptor.invokeTestMethod(TestMethodTestDescriptor.java:213)
	at org.junit.jupiter.engine.descriptor.TestMethodTestDescriptor.execute(TestMethodTestDescriptor.java:138)
	at org.junit.jupiter.engine.descriptor.TestMethodTestDescriptor.execute(TestMethodTestDescriptor.java:68)
	at org.junit.platform.engine.support.hierarchical.NodeTestTask.lambda$executeRecursively$6(NodeTestTask.java:151)
	at org.junit.platform.engine.support.hierarchical.ThrowableCollector.execute(ThrowableCollector.java:73)
	at org.junit.platform.engine.support.hierarchical.NodeTestTask.lambda$executeRecursively$8(NodeTestTask.java:141)
	at org.junit.platform.engine.support.hierarchical.Node.around(Node.java:137)
	at org.junit.platform.engine.support.hierarchical.NodeTestTask.lambda$executeRecursively$9(NodeTestTask.java:139)
	at org.junit.platform.engine.support.hierarchical.ThrowableCollector.execute(ThrowableCollector.java:73)
	at org.junit.platform.engine.support.hierarchical.NodeTestTask.executeRecursively(NodeTestTask.java:138)
	at org.junit.platform.engine.support.hierarchical.NodeTestTask.execute(NodeTestTask.java:95)
	at org.junit.platform.engine.support.hierarchical.ForkJoinPoolHierarchicalTestExecutorService$ExclusiveTask.compute(ForkJoinPoolHierarchicalTestExecutorService.java:185)
	at java.base/java.util.concurrent.RecursiveAction.exec(RecursiveAction.java:194)
	at java.base/java.util.concurrent.ForkJoinTask.doExec(ForkJoinTask.java:387)
	at java.base/java.util.concurrent.ForkJoinPool$WorkQueue.tryRemoveAndExec(ForkJoinPool.java:1350)
	at java.base/java.util.concurrent.ForkJoinTask.awaitDone(ForkJoinTask.java:422)
	at java.base/java.util.concurrent.ForkJoinTask.join(ForkJoinTask.java:651)
	at org.junit.platform.engine.support.hierarchical.ForkJoinPoolHierarchicalTestExecutorService.joinConcurrentTasksInReverseOrderToEnableWorkStealing(ForkJoinPoolHierarchicalTestExecutorService.java:162)
	at org.junit.platform.engine.support.hierarchical.ForkJoinPoolHierarchicalTestExecutorService.invokeAll(ForkJoinPoolHierarchicalTestExecutorService.java:136)
	at org.junit.platform.engine.support.hierarchical.NodeTestTask.lambda$executeRecursively$6(NodeTestTask.java:155)
	at org.junit.platform.engine.support.hierarchical.ThrowableCollector.execute(ThrowableCollector.java:73)
	at org.junit.platform.engine.support.hierarchical.NodeTestTask.lambda$executeRecursively$8(NodeTestTask.java:141)
	at org.junit.platform.engine.support.hierarchical.Node.around(Node.java:137)
	at org.junit.platform.engine.support.hierarchical.NodeTestTask.lambda$executeRecursively$9(NodeTestTask.java:139)
	at org.junit.platform.engine.support.hierarchical.ThrowableCollector.execute(ThrowableCollector.java:73)
	at org.junit.platform.engine.support.hierarchical.NodeTestTask.executeRecursively(NodeTestTask.java:138)
	at org.junit.platform.engine.support.hierarchical.NodeTestTask.execute(NodeTestTask.java:95)
	at org.junit.platform.engine.support.hierarchical.ForkJoinPoolHierarchicalTestExecutorService$ExclusiveTask.compute(ForkJoinPoolHierarchicalTestExecutorService.java:185)
	at java.base/java.util.concurrent.RecursiveAction.exec(RecursiveAction.java:194)
	at java.base/java.util.concurrent.ForkJoinTask.doExec(ForkJoinTask.java:387)
	at java.base/java.util.concurrent.ForkJoinPool$WorkQueue.topLevelExec(ForkJoinPool.java:1311)
	at java.base/java.util.concurrent.ForkJoinPool.scan(ForkJoinPool.java:1840)
	at java.base/java.util.concurrent.ForkJoinPool.runWorker(ForkJoinPool.java:1806)
	at java.base/java.util.concurrent.ForkJoinWorkerThread.run(ForkJoinWorkerThread.java:177)
]]></failure>
  </testcase>
  <testcase name="deveValidarSchemaSimulacaoEncontrada" classname="tests.Simulacoes.TestGetSimulacoes" time="0.041">
    <failure message="&#10;Expected: The content to match the given JSON schema.&#10;warning: the following keywords are unknown and will be ignored: [$id, examples]&#10;    level: &quot;warning&quot;&#10;    schema: {&quot;loadingURI&quot;:&quot;#&quot;,&quot;pointer&quot;:&quot;&quot;}&#10;    domain: &quot;syntax&quot;&#10;    ignored: [&quot;$id&quot;,&quot;examples&quot;]&#10;warning: the following keywords are unknown and will be ignored: [examples]&#10;    level: &quot;warning&quot;&#10;    schema: {&quot;loadingURI&quot;:&quot;#&quot;,&quot;pointer&quot;:&quot;/properties/cpf&quot;}&#10;    domain: &quot;syntax&quot;&#10;    ignored: [&quot;examples&quot;]&#10;warning: the following keywords are unknown and will be ignored: [examples]&#10;    level: &quot;warning&quot;&#10;    schema: {&quot;loadingURI&quot;:&quot;#&quot;,&quot;pointer&quot;:&quot;/properties/email&quot;}&#10;    domain: &quot;syntax&quot;&#10;    ignored: [&quot;examples&quot;]&#10;warning: the following keywords are unknown and will be ignored: [examples]&#10;    level: &quot;warning&quot;&#10;    schema: {&quot;loadingURI&quot;:&quot;#&quot;,&quot;pointer&quot;:&quot;/properties/nome&quot;}&#10;    domain: &quot;syntax&quot;&#10;    ignored: [&quot;examples&quot;]&#10;warning: the following keywords are unknown and will be ignored: [examples]&#10;    level: &quot;warning&quot;&#10;    schema: {&quot;loadingURI&quot;:&quot;#&quot;,&quot;pointer&quot;:&quot;/properties/parcelas&quot;}&#10;    domain: &quot;syntax&quot;&#10;    ignored: [&quot;examples&quot;]&#10;warning: the following keywords are unknown and will be ignored: [examples]&#10;    level: &quot;warning&quot;&#10;    schema: {&quot;loadingURI&quot;:&quot;#&quot;,&quot;pointer&quot;:&quot;/properties/seguro&quot;}&#10;    domain: &quot;syntax&quot;&#10;    ignored: [&quot;examples&quot;]&#10;warning: the following keywords are unknown and will be ignored: [examples]&#10;    level: &quot;warning&quot;&#10;    schema: {&quot;loadingURI&quot;:&quot;#&quot;,&quot;pointer&quot;:&quot;/properties/valor&quot;}&#10;    domain: &quot;syntax&quot;&#10;    ignored: [&quot;examples&quot;]&#10;warning: the following keywords are unknown and will be ignored: [examples]&#10;    level: &quot;warning&quot;&#10;    schema: {&quot;loadingURI&quot;:&quot;#&quot;,&quot;pointer&quot;:&quot;/properties/cpf&quot;}&#10;    domain: &quot;syntax&quot;&#10;    ignored: [&quot;examples&quot;]&#10;error: instance type (string) does not match any allowed primitive type (allowed: [&quot;integer&quot;])&#10;    level: &quot;error&quot;&#10;    schema: {&quot;loadingURI&quot;:&quot;#&quot;,&quot;pointer&quot;:&quot;/properties/cpf&quot;}&#10;    instance: {&quot;pointer&quot;:&quot;/cpf&quot;}&#10;    domain: &quot;validation&quot;&#10;    keyword: &quot;type&quot;&#10;    found: &quot;string&quot;&#10;    expected: [&quot;integer&quot;]&#10;warning: the following keywords are unknown and will be ignored: [examples]&#10;    level: &quot;warning&quot;&#10;    schema: {&quot;loadingURI&quot;:&quot;#&quot;,&quot;pointer&quot;:&quot;/properties/email&quot;}&#10;    domain: &quot;syntax&quot;&#10;    ignored: [&quot;examples&quot;]&#10;warning: the following keywords are unknown and will be ignored: [examples]&#10;    level: &quot;warning&quot;&#10;    schema: {&quot;loadingURI&quot;:&quot;#&quot;,&quot;pointer&quot;:&quot;/properties/nome&quot;}&#10;    domain: &quot;syntax&quot;&#10;    ignored: [&quot;examples&quot;]&#10;warning: the following keywords are unknown and will be ignored: [examples]&#10;    level: &quot;warning&quot;&#10;    schema: {&quot;loadingURI&quot;:&quot;#&quot;,&quot;pointer&quot;:&quot;/properties/parcelas&quot;}&#10;    domain: &quot;syntax&quot;&#10;    ignored: [&quot;examples&quot;]&#10;warning: the following keywords are unknown and will be ignored: [examples]&#10;    level: &quot;warning&quot;&#10;    schema: {&quot;loadingURI&quot;:&quot;#&quot;,&quot;pointer&quot;:&quot;/properties/seguro&quot;}&#10;    domain: &quot;syntax&quot;&#10;    ignored: [&quot;examples&quot;]&#10;warning: the following keywords are unknown and will be ignored: [examples]&#10;    level: &quot;warning&quot;&#10;    schema: {&quot;loadingURI&quot;:&quot;#&quot;,&quot;pointer&quot;:&quot;/properties/valor&quot;}&#10;    domain: &quot;syntax&quot;&#10;    ignored: [&quot;examples&quot;]&#10;error: instance type (number) does not match any allowed primitive type (allowed: [&quot;integer&quot;])&#10;    level: &quot;error&quot;&#10;    schema: {&quot;loadingURI&quot;:&quot;#&quot;,&quot;pointer&quot;:&quot;/properties/valor&quot;}&#10;    instance: {&quot;pointer&quot;:&quot;/valor&quot;}&#10;    domain: &quot;validation&quot;&#10;    keyword: &quot;type&quot;&#10;    found: &quot;number&quot;&#10;    expected: [&quot;integer&quot;]&#10;&#10;     but: was &quot;{\&quot;id\&quot;:819,\&quot;nome\&quot;:\&quot;Rodrigo\&quot;,\&quot;cpf\&quot;:\&quot;43489406784\&quot;,\&quot;email\&quot;:\&quot;joana.datena@bol.com.br\&quot;,\&quot;valor\&quot;:2151.00,\&quot;parcelas\&quot;:29,\&quot;seguro\&quot;:true}&quot;" type="java.lang.AssertionError"><![CDATA[java.lang.AssertionError: 

Expected: The content to match the given JSON schema.
warning: the following keywords are unknown and will be ignored: [$id, examples]
    level: "warning"
    schema: {"loadingURI":"#","pointer":""}
    domain: "syntax"
    ignored: ["$id","examples"]
warning: the following keywords are unknown and will be ignored: [examples]
    level: "warning"
    schema: {"loadingURI":"#","pointer":"/properties/cpf"}
    domain: "syntax"
    ignored: ["examples"]
warning: the following keywords are unknown and will be ignored: [examples]
    level: "warning"
    schema: {"loadingURI":"#","pointer":"/properties/email"}
    domain: "syntax"
    ignored: ["examples"]
warning: the following keywords are unknown and will be ignored: [examples]
    level: "warning"
    schema: {"loadingURI":"#","pointer":"/properties/nome"}
    domain: "syntax"
    ignored: ["examples"]
warning: the following keywords are unknown and will be ignored: [examples]
    level: "warning"
    schema: {"loadingURI":"#","pointer":"/properties/parcelas"}
    domain: "syntax"
    ignored: ["examples"]
warning: the following keywords are unknown and will be ignored: [examples]
    level: "warning"
    schema: {"loadingURI":"#","pointer":"/properties/seguro"}
    domain: "syntax"
    ignored: ["examples"]
warning: the following keywords are unknown and will be ignored: [examples]
    level: "warning"
    schema: {"loadingURI":"#","pointer":"/properties/valor"}
    domain: "syntax"
    ignored: ["examples"]
warning: the following keywords are unknown and will be ignored: [examples]
    level: "warning"
    schema: {"loadingURI":"#","pointer":"/properties/cpf"}
    domain: "syntax"
    ignored: ["examples"]
error: instance type (string) does not match any allowed primitive type (allowed: ["integer"])
    level: "error"
    schema: {"loadingURI":"#","pointer":"/properties/cpf"}
    instance: {"pointer":"/cpf"}
    domain: "validation"
    keyword: "type"
    found: "string"
    expected: ["integer"]
warning: the following keywords are unknown and will be ignored: [examples]
    level: "warning"
    schema: {"loadingURI":"#","pointer":"/properties/email"}
    domain: "syntax"
    ignored: ["examples"]
warning: the following keywords are unknown and will be ignored: [examples]
    level: "warning"
    schema: {"loadingURI":"#","pointer":"/properties/nome"}
    domain: "syntax"
    ignored: ["examples"]
warning: the following keywords are unknown and will be ignored: [examples]
    level: "warning"
    schema: {"loadingURI":"#","pointer":"/properties/parcelas"}
    domain: "syntax"
    ignored: ["examples"]
warning: the following keywords are unknown and will be ignored: [examples]
    level: "warning"
    schema: {"loadingURI":"#","pointer":"/properties/seguro"}
    domain: "syntax"
    ignored: ["examples"]
warning: the following keywords are unknown and will be ignored: [examples]
    level: "warning"
    schema: {"loadingURI":"#","pointer":"/properties/valor"}
    domain: "syntax"
    ignored: ["examples"]
error: instance type (number) does not match any allowed primitive type (allowed: ["integer"])
    level: "error"
    schema: {"loadingURI":"#","pointer":"/properties/valor"}
    instance: {"pointer":"/valor"}
    domain: "validation"
    keyword: "type"
    found: "number"
    expected: ["integer"]

     but: was "{\"id\":819,\"nome\":\"Rodrigo\",\"cpf\":\"43489406784\",\"email\":\"joana.datena@bol.com.br\",\"valor\":2151.00,\"parcelas\":29,\"seguro\":true}"
	at org.hamcrest.MatcherAssert.assertThat(MatcherAssert.java:18)
	at org.hamcrest.MatcherAssert.assertThat(MatcherAssert.java:6)
	at tests.Simulacoes.TestGetSimulacoes.deveValidarSchemaSimulacaoEncontrada(TestGetSimulacoes.java:44)
	at java.base/jdk.internal.reflect.DirectMethodHandleAccessor.invoke(DirectMethodHandleAccessor.java:104)
	at java.base/java.lang.reflect.Method.invoke(Method.java:578)
	at org.junit.platform.commons.util.ReflectionUtils.invokeMethod(ReflectionUtils.java:727)
	at org.junit.jupiter.engine.execution.MethodInvocation.proceed(MethodInvocation.java:60)
	at org.junit.jupiter.engine.execution.InvocationInterceptorChain$ValidatingInvocation.proceed(InvocationInterceptorChain.java:131)
	at org.junit.jupiter.api.extension.InvocationInterceptor.interceptTestMethod(InvocationInterceptor.java:118)
	at org.junit.jupiter.engine.execution.InterceptingExecutableInvoker$ReflectiveInterceptorCall.lambda$ofVoidMethod$0(InterceptingExecutableInvoker.java:103)
	at org.junit.jupiter.engine.execution.InterceptingExecutableInvoker.lambda$invoke$0(InterceptingExecutableInvoker.java:93)
	at org.junit.jupiter.engine.execution.InvocationInterceptorChain$InterceptedInvocation.proceed(InvocationInterceptorChain.java:106)
	at org.junit.jupiter.engine.extension.TimeoutExtension.intercept(TimeoutExtension.java:156)
	at org.junit.jupiter.engine.extension.TimeoutExtension.interceptTestableMethod(TimeoutExtension.java:147)
	at org.junit.jupiter.engine.extension.TimeoutExtension.interceptTestMethod(TimeoutExtension.java:86)
	at org.junit.jupiter.engine.execution.InterceptingExecutableInvoker$ReflectiveInterceptorCall.lambda$ofVoidMethod$0(InterceptingExecutableInvoker.java:103)
	at org.junit.jupiter.engine.execution.InterceptingExecutableInvoker.lambda$invoke$0(InterceptingExecutableInvoker.java:93)
	at org.junit.jupiter.engine.execution.InvocationInterceptorChain$InterceptedInvocation.proceed(InvocationInterceptorChain.java:106)
	at org.junit.jupiter.engine.execution.InvocationInterceptorChain.proceed(InvocationInterceptorChain.java:64)
	at org.junit.jupiter.engine.execution.InvocationInterceptorChain.chainAndInvoke(InvocationInterceptorChain.java:45)
	at org.junit.jupiter.engine.execution.InvocationInterceptorChain.invoke(InvocationInterceptorChain.java:37)
	at org.junit.jupiter.engine.execution.InterceptingExecutableInvoker.invoke(InterceptingExecutableInvoker.java:92)
	at org.junit.jupiter.engine.execution.InterceptingExecutableInvoker.invoke(InterceptingExecutableInvoker.java:86)
	at org.junit.jupiter.engine.descriptor.TestMethodTestDescriptor.lambda$invokeTestMethod$7(TestMethodTestDescriptor.java:217)
	at org.junit.platform.engine.support.hierarchical.ThrowableCollector.execute(ThrowableCollector.java:73)
	at org.junit.jupiter.engine.descriptor.TestMethodTestDescriptor.invokeTestMethod(TestMethodTestDescriptor.java:213)
	at org.junit.jupiter.engine.descriptor.TestMethodTestDescriptor.execute(TestMethodTestDescriptor.java:138)
	at org.junit.jupiter.engine.descriptor.TestMethodTestDescriptor.execute(TestMethodTestDescriptor.java:68)
	at org.junit.platform.engine.support.hierarchical.NodeTestTask.lambda$executeRecursively$6(NodeTestTask.java:151)
	at org.junit.platform.engine.support.hierarchical.ThrowableCollector.execute(ThrowableCollector.java:73)
	at org.junit.platform.engine.support.hierarchical.NodeTestTask.lambda$executeRecursively$8(NodeTestTask.java:141)
	at org.junit.platform.engine.support.hierarchical.Node.around(Node.java:137)
	at org.junit.platform.engine.support.hierarchical.NodeTestTask.lambda$executeRecursively$9(NodeTestTask.java:139)
	at org.junit.platform.engine.support.hierarchical.ThrowableCollector.execute(ThrowableCollector.java:73)
	at org.junit.platform.engine.support.hierarchical.NodeTestTask.executeRecursively(NodeTestTask.java:138)
	at org.junit.platform.engine.support.hierarchical.NodeTestTask.execute(NodeTestTask.java:95)
	at org.junit.platform.engine.support.hierarchical.ForkJoinPoolHierarchicalTestExecutorService$ExclusiveTask.compute(ForkJoinPoolHierarchicalTestExecutorService.java:185)
	at java.base/java.util.concurrent.RecursiveAction.exec(RecursiveAction.java:194)
	at java.base/java.util.concurrent.ForkJoinTask.doExec(ForkJoinTask.java:387)
	at java.base/java.util.concurrent.ForkJoinPool$WorkQueue.tryRemoveAndExec(ForkJoinPool.java:1350)
	at java.base/java.util.concurrent.ForkJoinTask.awaitDone(ForkJoinTask.java:422)
	at java.base/java.util.concurrent.ForkJoinTask.join(ForkJoinTask.java:651)
	at org.junit.platform.engine.support.hierarchical.ForkJoinPoolHierarchicalTestExecutorService.joinConcurrentTasksInReverseOrderToEnableWorkStealing(ForkJoinPoolHierarchicalTestExecutorService.java:162)
	at org.junit.platform.engine.support.hierarchical.ForkJoinPoolHierarchicalTestExecutorService.invokeAll(ForkJoinPoolHierarchicalTestExecutorService.java:136)
	at org.junit.platform.engine.support.hierarchical.NodeTestTask.lambda$executeRecursively$6(NodeTestTask.java:155)
	at org.junit.platform.engine.support.hierarchical.ThrowableCollector.execute(ThrowableCollector.java:73)
	at org.junit.platform.engine.support.hierarchical.NodeTestTask.lambda$executeRecursively$8(NodeTestTask.java:141)
	at org.junit.platform.engine.support.hierarchical.Node.around(Node.java:137)
	at org.junit.platform.engine.support.hierarchical.NodeTestTask.lambda$executeRecursively$9(NodeTestTask.java:139)
	at org.junit.platform.engine.support.hierarchical.ThrowableCollector.execute(ThrowableCollector.java:73)
	at org.junit.platform.engine.support.hierarchical.NodeTestTask.executeRecursively(NodeTestTask.java:138)
	at org.junit.platform.engine.support.hierarchical.NodeTestTask.execute(NodeTestTask.java:95)
	at org.junit.platform.engine.support.hierarchical.ForkJoinPoolHierarchicalTestExecutorService$ExclusiveTask.compute(ForkJoinPoolHierarchicalTestExecutorService.java:185)
	at java.base/java.util.concurrent.RecursiveAction.exec(RecursiveAction.java:194)
	at java.base/java.util.concurrent.ForkJoinTask.doExec(ForkJoinTask.java:387)
	at java.base/java.util.concurrent.ForkJoinPool$WorkQueue.topLevelExec(ForkJoinPool.java:1311)
	at java.base/java.util.concurrent.ForkJoinPool.scan(ForkJoinPool.java:1840)
	at java.base/java.util.concurrent.ForkJoinPool.runWorker(ForkJoinPool.java:1806)
	at java.base/java.util.concurrent.ForkJoinWorkerThread.run(ForkJoinWorkerThread.java:177)
]]></failure>
  </testcase>
  <testcase name="deveFalharSimulacaoInexistente" classname="tests.Simulacoes.TestGetSimulacoes" time="0.195">
    <failure message="simulacao (1 failure)&#10;	java.lang.AssertionError: &#10;Expected: &quot;O CPF 19842235135 possui restrição&quot;&#10;     but: was &quot;CPF 19842235135 não encontrado&quot;" type="org.opentest4j.MultipleFailuresError"><![CDATA[org.opentest4j.MultipleFailuresError: 
simulacao (1 failure)
	java.lang.AssertionError: 
Expected: "O CPF 19842235135 possui restrição"
     but: was "CPF 19842235135 não encontrado"
	at org.junit.jupiter.api.AssertAll.assertAll(AssertAll.java:80)
	at org.junit.jupiter.api.AssertAll.assertAll(AssertAll.java:44)
	at org.junit.jupiter.api.Assertions.assertAll(Assertions.java:2928)
	at tests.Simulacoes.TestGetSimulacoes.deveFalharSimulacaoInexistente(TestGetSimulacoes.java:77)
	at java.base/jdk.internal.reflect.DirectMethodHandleAccessor.invoke(DirectMethodHandleAccessor.java:104)
	at java.base/java.lang.reflect.Method.invoke(Method.java:578)
	at org.junit.platform.commons.util.ReflectionUtils.invokeMethod(ReflectionUtils.java:727)
	at org.junit.jupiter.engine.execution.MethodInvocation.proceed(MethodInvocation.java:60)
	at org.junit.jupiter.engine.execution.InvocationInterceptorChain$ValidatingInvocation.proceed(InvocationInterceptorChain.java:131)
	at org.junit.jupiter.api.extension.InvocationInterceptor.interceptTestMethod(InvocationInterceptor.java:118)
	at org.junit.jupiter.engine.execution.InterceptingExecutableInvoker$ReflectiveInterceptorCall.lambda$ofVoidMethod$0(InterceptingExecutableInvoker.java:103)
	at org.junit.jupiter.engine.execution.InterceptingExecutableInvoker.lambda$invoke$0(InterceptingExecutableInvoker.java:93)
	at org.junit.jupiter.engine.execution.InvocationInterceptorChain$InterceptedInvocation.proceed(InvocationInterceptorChain.java:106)
	at org.junit.jupiter.engine.extension.TimeoutExtension.intercept(TimeoutExtension.java:156)
	at org.junit.jupiter.engine.extension.TimeoutExtension.interceptTestableMethod(TimeoutExtension.java:147)
	at org.junit.jupiter.engine.extension.TimeoutExtension.interceptTestMethod(TimeoutExtension.java:86)
	at org.junit.jupiter.engine.execution.InterceptingExecutableInvoker$ReflectiveInterceptorCall.lambda$ofVoidMethod$0(InterceptingExecutableInvoker.java:103)
	at org.junit.jupiter.engine.execution.InterceptingExecutableInvoker.lambda$invoke$0(InterceptingExecutableInvoker.java:93)
	at org.junit.jupiter.engine.execution.InvocationInterceptorChain$InterceptedInvocation.proceed(InvocationInterceptorChain.java:106)
	at org.junit.jupiter.engine.execution.InvocationInterceptorChain.proceed(InvocationInterceptorChain.java:64)
	at org.junit.jupiter.engine.execution.InvocationInterceptorChain.chainAndInvoke(InvocationInterceptorChain.java:45)
	at org.junit.jupiter.engine.execution.InvocationInterceptorChain.invoke(InvocationInterceptorChain.java:37)
	at org.junit.jupiter.engine.execution.InterceptingExecutableInvoker.invoke(InterceptingExecutableInvoker.java:92)
	at org.junit.jupiter.engine.execution.InterceptingExecutableInvoker.invoke(InterceptingExecutableInvoker.java:86)
	at org.junit.jupiter.engine.descriptor.TestMethodTestDescriptor.lambda$invokeTestMethod$7(TestMethodTestDescriptor.java:217)
	at org.junit.platform.engine.support.hierarchical.ThrowableCollector.execute(ThrowableCollector.java:73)
	at org.junit.jupiter.engine.descriptor.TestMethodTestDescriptor.invokeTestMethod(TestMethodTestDescriptor.java:213)
	at org.junit.jupiter.engine.descriptor.TestMethodTestDescriptor.execute(TestMethodTestDescriptor.java:138)
	at org.junit.jupiter.engine.descriptor.TestMethodTestDescriptor.execute(TestMethodTestDescriptor.java:68)
	at org.junit.platform.engine.support.hierarchical.NodeTestTask.lambda$executeRecursively$6(NodeTestTask.java:151)
	at org.junit.platform.engine.support.hierarchical.ThrowableCollector.execute(ThrowableCollector.java:73)
	at org.junit.platform.engine.support.hierarchical.NodeTestTask.lambda$executeRecursively$8(NodeTestTask.java:141)
	at org.junit.platform.engine.support.hierarchical.Node.around(Node.java:137)
	at org.junit.platform.engine.support.hierarchical.NodeTestTask.lambda$executeRecursively$9(NodeTestTask.java:139)
	at org.junit.platform.engine.support.hierarchical.ThrowableCollector.execute(ThrowableCollector.java:73)
	at org.junit.platform.engine.support.hierarchical.NodeTestTask.executeRecursively(NodeTestTask.java:138)
	at org.junit.platform.engine.support.hierarchical.NodeTestTask.execute(NodeTestTask.java:95)
	at org.junit.platform.engine.support.hierarchical.ForkJoinPoolHierarchicalTestExecutorService$ExclusiveTask.compute(ForkJoinPoolHierarchicalTestExecutorService.java:185)
	at java.base/java.util.concurrent.RecursiveAction.exec(RecursiveAction.java:194)
	at java.base/java.util.concurrent.ForkJoinTask.doExec(ForkJoinTask.java:387)
	at java.base/java.util.concurrent.ForkJoinPool$WorkQueue.tryRemoveAndExec(ForkJoinPool.java:1350)
	at java.base/java.util.concurrent.ForkJoinTask.awaitDone(ForkJoinTask.java:422)
	at java.base/java.util.concurrent.ForkJoinTask.join(ForkJoinTask.java:651)
	at org.junit.platform.engine.support.hierarchical.ForkJoinPoolHierarchicalTestExecutorService.joinConcurrentTasksInReverseOrderToEnableWorkStealing(ForkJoinPoolHierarchicalTestExecutorService.java:162)
	at org.junit.platform.engine.support.hierarchical.ForkJoinPoolHierarchicalTestExecutorService.invokeAll(ForkJoinPoolHierarchicalTestExecutorService.java:136)
	at org.junit.platform.engine.support.hierarchical.NodeTestTask.lambda$executeRecursively$6(NodeTestTask.java:155)
	at org.junit.platform.engine.support.hierarchical.ThrowableCollector.execute(ThrowableCollector.java:73)
	at org.junit.platform.engine.support.hierarchical.NodeTestTask.lambda$executeRecursively$8(NodeTestTask.java:141)
	at org.junit.platform.engine.support.hierarchical.Node.around(Node.java:137)
	at org.junit.platform.engine.support.hierarchical.NodeTestTask.lambda$executeRecursively$9(NodeTestTask.java:139)
	at org.junit.platform.engine.support.hierarchical.ThrowableCollector.execute(ThrowableCollector.java:73)
	at org.junit.platform.engine.support.hierarchical.NodeTestTask.executeRecursively(NodeTestTask.java:138)
	at org.junit.platform.engine.support.hierarchical.NodeTestTask.execute(NodeTestTask.java:95)
	at org.junit.platform.engine.support.hierarchical.ForkJoinPoolHierarchicalTestExecutorService$ExclusiveTask.compute(ForkJoinPoolHierarchicalTestExecutorService.java:185)
	at java.base/java.util.concurrent.RecursiveAction.exec(RecursiveAction.java:194)
	at java.base/java.util.concurrent.ForkJoinTask.doExec(ForkJoinTask.java:387)
	at java.base/java.util.concurrent.ForkJoinPool$WorkQueue.topLevelExec(ForkJoinPool.java:1311)
	at java.base/java.util.concurrent.ForkJoinPool.scan(ForkJoinPool.java:1840)
	at java.base/java.util.concurrent.ForkJoinPool.runWorker(ForkJoinPool.java:1806)
	at java.base/java.util.concurrent.ForkJoinWorkerThread.run(ForkJoinWorkerThread.java:177)
	Suppressed: java.lang.AssertionError: 
Expected: "O CPF 19842235135 possui restrição"
     but: was "CPF 19842235135 não encontrado"
		at org.hamcrest.MatcherAssert.assertThat(MatcherAssert.java:18)
		at org.hamcrest.MatcherAssert.assertThat(MatcherAssert.java:6)
		at tests.Simulacoes.TestGetSimulacoes.lambda$deveFalharSimulacaoInexistente$7(TestGetSimulacoes.java:78)
		at org.junit.jupiter.api.AssertAll.lambda$assertAll$0(AssertAll.java:68)
		at java.base/java.util.stream.ReferencePipeline$3$1.accept(ReferencePipeline.java:197)
		at java.base/java.util.Spliterators$ArraySpliterator.forEachRemaining(Spliterators.java:1006)
		at java.base/java.util.stream.AbstractPipeline.copyInto(AbstractPipeline.java:509)
		at java.base/java.util.stream.AbstractPipeline.wrapAndCopyInto(AbstractPipeline.java:499)
		at java.base/java.util.stream.ReduceOps$ReduceOp.evaluateSequential(ReduceOps.java:921)
		at java.base/java.util.stream.AbstractPipeline.evaluate(AbstractPipeline.java:234)
		at java.base/java.util.stream.ReferencePipeline.collect(ReferencePipeline.java:682)
		at org.junit.jupiter.api.AssertAll.assertAll(AssertAll.java:77)
		... 59 more
]]></failure>
  </testcase>
  <testcase name="deveRecusarPostRaiz" classname="tests.Restricoes.TestPostRestricoes" time="0.952"/>
  <testcase name="devePegarCpfComRestricao" classname="tests.Restricoes.TestGetRestricoes" time="0.953">
    <failure message="&#10;Expected: &quot;O CPF 55856777050 possui restrição&quot;&#10;     but: was &quot;O CPF 55856777050 tem problema&quot;" type="java.lang.AssertionError"><![CDATA[java.lang.AssertionError: 

Expected: "O CPF 55856777050 possui restrição"
     but: was "O CPF 55856777050 tem problema"
	at org.hamcrest.MatcherAssert.assertThat(MatcherAssert.java:18)
	at org.hamcrest.MatcherAssert.assertThat(MatcherAssert.java:6)
	at tests.Restricoes.TestGetRestricoes.devePegarCpfComRestricao(TestGetRestricoes.java:35)
	at java.base/jdk.internal.reflect.DirectMethodHandleAccessor.invoke(DirectMethodHandleAccessor.java:104)
	at java.base/java.lang.reflect.Method.invoke(Method.java:578)
	at org.junit.platform.commons.util.ReflectionUtils.invokeMethod(ReflectionUtils.java:727)
	at org.junit.jupiter.engine.execution.MethodInvocation.proceed(MethodInvocation.java:60)
	at org.junit.jupiter.engine.execution.InvocationInterceptorChain$ValidatingInvocation.proceed(InvocationInterceptorChain.java:131)
	at org.junit.jupiter.api.extension.InvocationInterceptor.interceptTestMethod(InvocationInterceptor.java:118)
	at org.junit.jupiter.engine.execution.InterceptingExecutableInvoker$ReflectiveInterceptorCall.lambda$ofVoidMethod$0(InterceptingExecutableInvoker.java:103)
	at org.junit.jupiter.engine.execution.InterceptingExecutableInvoker.lambda$invoke$0(InterceptingExecutableInvoker.java:93)
	at org.junit.jupiter.engine.execution.InvocationInterceptorChain$InterceptedInvocation.proceed(InvocationInterceptorChain.java:106)
	at org.junit.jupiter.engine.extension.TimeoutExtension.intercept(TimeoutExtension.java:156)
	at org.junit.jupiter.engine.extension.TimeoutExtension.interceptTestableMethod(TimeoutExtension.java:147)
	at org.junit.jupiter.engine.extension.TimeoutExtension.interceptTestMethod(TimeoutExtension.java:86)
	at org.junit.jupiter.engine.execution.InterceptingExecutableInvoker$ReflectiveInterceptorCall.lambda$ofVoidMethod$0(InterceptingExecutableInvoker.java:103)
	at org.junit.jupiter.engine.execution.InterceptingExecutableInvoker.lambda$invoke$0(InterceptingExecutableInvoker.java:93)
	at org.junit.jupiter.engine.execution.InvocationInterceptorChain$InterceptedInvocation.proceed(InvocationInterceptorChain.java:106)
	at org.junit.jupiter.engine.execution.InvocationInterceptorChain.proceed(InvocationInterceptorChain.java:64)
	at org.junit.jupiter.engine.execution.InvocationInterceptorChain.chainAndInvoke(InvocationInterceptorChain.java:45)
	at org.junit.jupiter.engine.execution.InvocationInterceptorChain.invoke(InvocationInterceptorChain.java:37)
	at org.junit.jupiter.engine.execution.InterceptingExecutableInvoker.invoke(InterceptingExecutableInvoker.java:92)
	at org.junit.jupiter.engine.execution.InterceptingExecutableInvoker.invoke(InterceptingExecutableInvoker.java:86)
	at org.junit.jupiter.engine.descriptor.TestMethodTestDescriptor.lambda$invokeTestMethod$7(TestMethodTestDescriptor.java:217)
	at org.junit.platform.engine.support.hierarchical.ThrowableCollector.execute(ThrowableCollector.java:73)
	at org.junit.jupiter.engine.descriptor.TestMethodTestDescriptor.invokeTestMethod(TestMethodTestDescriptor.java:213)
	at org.junit.jupiter.engine.descriptor.TestMethodTestDescriptor.execute(TestMethodTestDescriptor.java:138)
	at org.junit.jupiter.engine.descriptor.TestMethodTestDescriptor.execute(TestMethodTestDescriptor.java:68)
	at org.junit.platform.engine.support.hierarchical.NodeTestTask.lambda$executeRecursively$6(NodeTestTask.java:151)
	at org.junit.platform.engine.support.hierarchical.ThrowableCollector.execute(ThrowableCollector.java:73)
	at org.junit.platform.engine.support.hierarchical.NodeTestTask.lambda$executeRecursively$8(NodeTestTask.java:141)
	at org.junit.platform.engine.support.hierarchical.Node.around(Node.java:137)
	at org.junit.platform.engine.support.hierarchical.NodeTestTask.lambda$executeRecursively$9(NodeTestTask.java:139)
	at org.junit.platform.engine.support.hierarchical.ThrowableCollector.execute(ThrowableCollector.java:73)
	at org.junit.platform.engine.support.hierarchical.NodeTestTask.executeRecursively(NodeTestTask.java:138)
	at org.junit.platform.engine.support.hierarchical.NodeTestTask.execute(NodeTestTask.java:95)
	at org.junit.platform.engine.support.hierarchical.ForkJoinPoolHierarchicalTestExecutorService$ExclusiveTask.compute(ForkJoinPoolHierarchicalTestExecutorService.java:185)
	at java.base/java.util.concurrent.RecursiveAction.exec(RecursiveAction.java:194)
	at java.base/java.util.concurrent.ForkJoinTask.doExec(ForkJoinTask.java:387)
	at java.base/java.util.concurrent.ForkJoinPool$WorkQueue.tryRemoveAndExec(ForkJoinPool.java:1350)
	at java.base/java.util.concurrent.ForkJoinTask.awaitDone(ForkJoinTask.java:422)
	at java.base/java.util.concurrent.ForkJoinTask.join(ForkJoinTask.java:651)
	at org.junit.platform.engine.support.hierarchical.ForkJoinPoolHierarchicalTestExecutorService.joinConcurrentTasksInReverseOrderToEnableWorkStealing(ForkJoinPoolHierarchicalTestExecutorService.java:162)
	at org.junit.platform.engine.support.hierarchical.ForkJoinPoolHierarchicalTestExecutorService.invokeAll(ForkJoinPoolHierarchicalTestExecutorService.java:136)
	at org.junit.platform.engine.support.hierarchical.NodeTestTask.lambda$executeRecursively$6(NodeTestTask.java:155)
	at org.junit.platform.engine.support.hierarchical.ThrowableCollector.execute(ThrowableCollector.java:73)
	at org.junit.platform.engine.support.hierarchical.NodeTestTask.lambda$executeRecursively$8(NodeTestTask.java:141)
	at org.junit.platform.engine.support.hierarchical.Node.around(Node.java:137)
	at org.junit.platform.engine.support.hierarchical.NodeTestTask.lambda$executeRecursively$9(NodeTestTask.java:139)
	at org.junit.platform.engine.support.hierarchical.ThrowableCollector.execute(ThrowableCollector.java:73)
	at org.junit.platform.engine.support.hierarchical.NodeTestTask.executeRecursively(NodeTestTask.java:138)
	at org.junit.platform.engine.support.hierarchical.NodeTestTask.execute(NodeTestTask.java:95)
	at org.junit.platform.engine.support.hierarchical.ForkJoinPoolHierarchicalTestExecutorService$ExclusiveTask.compute(ForkJoinPoolHierarchicalTestExecutorService.java:185)
	at java.base/java.util.concurrent.RecursiveAction.exec(RecursiveAction.java:194)
	at java.base/java.util.concurrent.ForkJoinTask.doExec(ForkJoinTask.java:387)
	at java.base/java.util.concurrent.ForkJoinPool$WorkQueue.topLevelExec(ForkJoinPool.java:1311)
	at java.base/java.util.concurrent.ForkJoinPool.scan(ForkJoinPool.java:1840)
	at java.base/java.util.concurrent.ForkJoinPool.runWorker(ForkJoinPool.java:1806)
	at java.base/java.util.concurrent.ForkJoinWorkerThread.run(ForkJoinWorkerThread.java:177)
]]></failure>
  </testcase>
</testsuite>