<?xml version="1.0" encoding="UTF-8"?>
<testsuite xmlns:xsi="http://www.w3.org/2001/XMLSchema-instance" xsi:noNamespaceSchemaLocation="https://maven.apache.org/surefire/maven-surefire-plugin/xsd/surefire-test-report-3.0.xsd" version="3.0" name="tests.Simulacoes.TestGetSimulacoes" time="0.518" tests="4" errors="0" skipped="0" failures="2">
  <properties>
    <property name="java.specification.version" value="19"/>
    <property name="sun.cpu.isalist" value="amd64"/>
    <property name="sun.jnu.encoding" value="Cp1252"/>
    <property name="java.class.path" value="C:\Users\ignacio\IdeaProjects\challengeignacio\target\test-classes;C:\Users\ignacio\IdeaProjects\challengeignacio\target\classes;C:\Users\ignacio\.m2\repository\org\junit\jupiter\junit-jupiter-engine\5.9.0\junit-jupiter-engine-5.9.0.jar;C:\Users\ignacio\.m2\repository\org\junit\platform\junit-platform-engine\1.9.0\junit-platform-engine-1.9.0.jar;C:\Users\ignacio\.m2\repository\org\opentest4j\opentest4j\1.2.0\opentest4j-1.2.0.jar;C:\Users\ignacio\.m2\repository\org\junit\platform\junit-platform-commons\1.9.0\junit-platform-commons-1.9.0.jar;C:\Users\ignacio\.m2\repository\org\junit\jupiter\junit-jupiter-api\5.9.0\junit-jupiter-api-5.9.0.jar;C:\Users\ignacio\.m2\repository\org\apiguardian\apiguardian-api\1.1.2\apiguardian-api-1.1.2.jar;C:\Users\ignacio\.m2\repository\io\rest-assured\rest-assured\5.1.1\rest-assured-5.1.1.jar;C:\Users\ignacio\.m2\repository\org\apache\groovy\groovy\4.0.1\groovy-4.0.1.jar;C:\Users\ignacio\.m2\repository\org\apache\groovy\groovy-xml\4.0.1\groovy-xml-4.0.1.jar;C:\Users\ignacio\.m2\repository\org\apache\httpcomponents\httpclient\4.5.13\httpclient-4.5.13.jar;C:\Users\ignacio\.m2\repository\org\apache\httpcomponents\httpcore\4.4.13\httpcore-4.4.13.jar;C:\Users\ignacio\.m2\repository\commons-logging\commons-logging\1.2\commons-logging-1.2.jar;C:\Users\ignacio\.m2\repository\commons-codec\commons-codec\1.11\commons-codec-1.11.jar;C:\Users\ignacio\.m2\repository\org\apache\httpcomponents\httpmime\4.5.13\httpmime-4.5.13.jar;C:\Users\ignacio\.m2\repository\org\hamcrest\hamcrest\2.1\hamcrest-2.1.jar;C:\Users\ignacio\.m2\repository\org\ccil\cowan\tagsoup\tagsoup\1.2.1\tagsoup-1.2.1.jar;C:\Users\ignacio\.m2\repository\io\rest-assured\json-path\5.1.1\json-path-5.1.1.jar;C:\Users\ignacio\.m2\repository\org\apache\groovy\groovy-json\4.0.1\groovy-json-4.0.1.jar;C:\Users\ignacio\.m2\repository\io\rest-assured\rest-assured-common\5.1.1\rest-assured-common-5.1.1.jar;C:\Users\ignacio\.m2\repository\io\rest-assured\xml-path\5.1.1\xml-path-5.1.1.jar;C:\Users\ignacio\.m2\repository\com\github\tomakehurst\wiremock-jre8\2.33.2\wiremock-jre8-2.33.2.jar;C:\Users\ignacio\.m2\repository\org\eclipse\jetty\jetty-server\9.4.46.v20220331\jetty-server-9.4.46.v20220331.jar;C:\Users\ignacio\.m2\repository\javax\servlet\javax.servlet-api\3.1.0\javax.servlet-api-3.1.0.jar;C:\Users\ignacio\.m2\repository\org\eclipse\jetty\jetty-http\9.4.46.v20220331\jetty-http-9.4.46.v20220331.jar;C:\Users\ignacio\.m2\repository\org\eclipse\jetty\jetty-io\9.4.46.v20220331\jetty-io-9.4.46.v20220331.jar;C:\Users\ignacio\.m2\repository\org\eclipse\jetty\jetty-servlet\9.4.46.v20220331\jetty-servlet-9.4.46.v20220331.jar;C:\Users\ignacio\.m2\repository\org\eclipse\jetty\jetty-security\9.4.46.v20220331\jetty-security-9.4.46.v20220331.jar;C:\Users\ignacio\.m2\repository\org\eclipse\jetty\jetty-util-ajax\9.4.46.v20220331\jetty-util-ajax-9.4.46.v20220331.jar;C:\Users\ignacio\.m2\repository\org\eclipse\jetty\jetty-servlets\9.4.46.v20220331\jetty-servlets-9.4.46.v20220331.jar;C:\Users\ignacio\.m2\repository\org\eclipse\jetty\jetty-continuation\9.4.46.v20220331\jetty-continuation-9.4.46.v20220331.jar;C:\Users\ignacio\.m2\repository\org\eclipse\jetty\jetty-util\9.4.46.v20220331\jetty-util-9.4.46.v20220331.jar;C:\Users\ignacio\.m2\repository\org\eclipse\jetty\jetty-webapp\9.4.46.v20220331\jetty-webapp-9.4.46.v20220331.jar;C:\Users\ignacio\.m2\repository\org\eclipse\jetty\jetty-xml\9.4.46.v20220331\jetty-xml-9.4.46.v20220331.jar;C:\Users\ignacio\.m2\repository\org\eclipse\jetty\jetty-proxy\9.4.46.v20220331\jetty-proxy-9.4.46.v20220331.jar;C:\Users\ignacio\.m2\repository\org\eclipse\jetty\jetty-client\9.4.46.v20220331\jetty-client-9.4.46.v20220331.jar;C:\Users\ignacio\.m2\repository\org\eclipse\jetty\http2\http2-server\9.4.46.v20220331\http2-server-9.4.46.v20220331.jar;C:\Users\ignacio\.m2\repository\org\eclipse\jetty\http2\http2-common\9.4.46.v20220331\http2-common-9.4.46.v20220331.jar;C:\Users\ignacio\.m2\repository\org\eclipse\jetty\http2\http2-hpack\9.4.46.v20220331\http2-hpack-9.4.46.v20220331.jar;C:\Users\ignacio\.m2\repository\org\eclipse\jetty\jetty-alpn-server\9.4.46.v20220331\jetty-alpn-server-9.4.46.v20220331.jar;C:\Users\ignacio\.m2\repository\org\eclipse\jetty\jetty-alpn-java-server\9.4.46.v20220331\jetty-alpn-java-server-9.4.46.v20220331.jar;C:\Users\ignacio\.m2\repository\org\eclipse\jetty\jetty-alpn-openjdk8-server\9.4.46.v20220331\jetty-alpn-openjdk8-server-9.4.46.v20220331.jar;C:\Users\ignacio\.m2\repository\org\eclipse\jetty\jetty-alpn-java-client\9.4.46.v20220331\jetty-alpn-java-client-9.4.46.v20220331.jar;C:\Users\ignacio\.m2\repository\org\eclipse\jetty\jetty-alpn-client\9.4.46.v20220331\jetty-alpn-client-9.4.46.v20220331.jar;C:\Users\ignacio\.m2\repository\org\eclipse\jetty\jetty-alpn-openjdk8-client\9.4.46.v20220331\jetty-alpn-openjdk8-client-9.4.46.v20220331.jar;C:\Users\ignacio\.m2\repository\com\google\guava\guava\31.1-jre\guava-31.1-jre.jar;C:\Users\ignacio\.m2\repository\com\google\guava\failureaccess\1.0.1\failureaccess-1.0.1.jar;C:\Users\ignacio\.m2\repository\com\google\guava\listenablefuture\9999.0-empty-to-avoid-conflict-with-guava\listenablefuture-9999.0-empty-to-avoid-conflict-with-guava.jar;C:\Users\ignacio\.m2\repository\com\google\code\findbugs\jsr305\3.0.2\jsr305-3.0.2.jar;C:\Users\ignacio\.m2\repository\org\checkerframework\checker-qual\3.12.0\checker-qual-3.12.0.jar;C:\Users\ignacio\.m2\repository\com\google\errorprone\error_prone_annotations\2.11.0\error_prone_annotations-2.11.0.jar;C:\Users\ignacio\.m2\repository\com\google\j2objc\j2objc-annotations\1.3\j2objc-annotations-1.3.jar;C:\Users\ignacio\.m2\repository\com\fasterxml\jackson\core\jackson-annotations\2.13.2\jackson-annotations-2.13.2.jar;C:\Users\ignacio\.m2\repository\org\apache\httpcomponents\client5\httpclient5\5.1.3\httpclient5-5.1.3.jar;C:\Users\ignacio\.m2\repository\org\apache\httpcomponents\core5\httpcore5\5.1.3\httpcore5-5.1.3.jar;C:\Users\ignacio\.m2\repository\org\apache\httpcomponents\core5\httpcore5-h2\5.1.3\httpcore5-h2-5.1.3.jar;C:\Users\ignacio\.m2\repository\org\xmlunit\xmlunit-core\2.9.0\xmlunit-core-2.9.0.jar;C:\Users\ignacio\.m2\repository\jakarta\xml\bind\jakarta.xml.bind-api\2.3.3\jakarta.xml.bind-api-2.3.3.jar;C:\Users\ignacio\.m2\repository\jakarta\activation\jakarta.activation-api\1.2.2\jakarta.activation-api-1.2.2.jar;C:\Users\ignacio\.m2\repository\org\xmlunit\xmlunit-legacy\2.9.0\xmlunit-legacy-2.9.0.jar;C:\Users\ignacio\.m2\repository\org\xmlunit\xmlunit-placeholders\2.9.0\xmlunit-placeholders-2.9.0.jar;C:\Users\ignacio\.m2\repository\net\javacrumbs\json-unit\json-unit-core\2.33.0\json-unit-core-2.33.0.jar;C:\Users\ignacio\.m2\repository\org\hamcrest\hamcrest-core\2.2\hamcrest-core-2.2.jar;C:\Users\ignacio\.m2\repository\com\jayway\jsonpath\json-path\2.7.0\json-path-2.7.0.jar;C:\Users\ignacio\.m2\repository\net\minidev\json-smart\2.4.7\json-smart-2.4.7.jar;C:\Users\ignacio\.m2\repository\net\minidev\accessors-smart\2.4.7\accessors-smart-2.4.7.jar;C:\Users\ignacio\.m2\repository\org\ow2\asm\asm\9.3\asm-9.3.jar;C:\Users\ignacio\.m2\repository\net\sf\jopt-simple\jopt-simple\5.0.4\jopt-simple-5.0.4.jar;C:\Users\ignacio\.m2\repository\org\apache\commons\commons-lang3\3.12.0\commons-lang3-3.12.0.jar;C:\Users\ignacio\.m2\repository\com\github\jknack\handlebars\4.3.0\handlebars-4.3.0.jar;C:\Users\ignacio\.m2\repository\com\github\jknack\handlebars-helpers\4.3.0\handlebars-helpers-4.3.0.jar;C:\Users\ignacio\.m2\repository\commons-fileupload\commons-fileupload\1.4\commons-fileupload-1.4.jar;C:\Users\ignacio\.m2\repository\commons-io\commons-io\2.11.0\commons-io-2.11.0.jar;C:\Users\ignacio\.m2\repository\io\rest-assured\json-schema-validator\5.1.1\json-schema-validator-5.1.1.jar;C:\Users\ignacio\.m2\repository\com\github\java-json-tools\json-schema-validator\2.2.14\json-schema-validator-2.2.14.jar;C:\Users\ignacio\.m2\repository\com\github\java-json-tools\jackson-coreutils-equivalence\1.0\jackson-coreutils-equivalence-1.0.jar;C:\Users\ignacio\.m2\repository\com\github\java-json-tools\jackson-coreutils\2.0\jackson-coreutils-2.0.jar;C:\Users\ignacio\.m2\repository\com\github\java-json-tools\msg-simple\1.2\msg-simple-1.2.jar;C:\Users\ignacio\.m2\repository\com\github\java-json-tools\btf\1.3\btf-1.3.jar;C:\Users\ignacio\.m2\repository\com\github\java-json-tools\json-schema-core\1.2.14\json-schema-core-1.2.14.jar;C:\Users\ignacio\.m2\repository\com\github\java-json-tools\uri-template\0.10\uri-template-0.10.jar;C:\Users\ignacio\.m2\repository\org\mozilla\rhino\1.7.7.2\rhino-1.7.7.2.jar;C:\Users\ignacio\.m2\repository\com\sun\mail\mailapi\1.6.2\mailapi-1.6.2.jar;C:\Users\ignacio\.m2\repository\joda-time\joda-time\2.10.5\joda-time-2.10.5.jar;C:\Users\ignacio\.m2\repository\com\googlecode\libphonenumber\libphonenumber\8.11.1\libphonenumber-8.11.1.jar;C:\Users\ignacio\.m2\repository\com\fasterxml\jackson\core\jackson-core\2.13.3\jackson-core-2.13.3.jar;C:\Users\ignacio\.m2\repository\com\fasterxml\jackson\core\jackson-databind\2.13.3\jackson-databind-2.13.3.jar;C:\Users\ignacio\.m2\repository\com\github\javafaker\javafaker\1.0.2\javafaker-1.0.2.jar;C:\Users\ignacio\.m2\repository\org\yaml\snakeyaml\1.23\snakeyaml-1.23-android.jar;C:\Users\ignacio\.m2\repository\com\github\mifmif\generex\1.0.2\generex-1.0.2.jar;C:\Users\ignacio\.m2\repository\dk\brics\automaton\automaton\1.11-8\automaton-1.11-8.jar;C:\Users\ignacio\.m2\repository\org\projectlombok\lombok\1.18.24\lombok-1.18.24.jar;C:\Users\ignacio\.m2\repository\io\qameta\allure\allure-junit5\2.18.1\allure-junit5-2.18.1.jar;C:\Users\ignacio\.m2\repository\io\qameta\allure\allure-junit-platform\2.18.1\allure-junit-platform-2.18.1.jar;C:\Users\ignacio\.m2\repository\io\qameta\allure\allure-java-commons\2.18.1\allure-java-commons-2.18.1.jar;C:\Users\ignacio\.m2\repository\io\qameta\allure\allure-model\2.18.1\allure-model-2.18.1.jar;C:\Users\ignacio\.m2\repository\io\qameta\allure\allure-test-filter\2.18.1\allure-test-filter-2.18.1.jar;C:\Users\ignacio\.m2\repository\org\junit\platform\junit-platform-launcher\1.8.2\junit-platform-launcher-1.8.2.jar;C:\Users\ignacio\.m2\repository\org\slf4j\slf4j-api\1.7.36\slf4j-api-1.7.36.jar;C:\Users\ignacio\.m2\repository\org\slf4j\slf4j-simple\1.7.36\slf4j-simple-1.7.36.jar;"/>
    <property name="java.vm.vendor" value="Oracle Corporation"/>
    <property name="sun.arch.data.model" value="64"/>
    <property name="user.variant" value=""/>
    <property name="java.vendor.url" value="https://java.oracle.com/"/>
    <property name="user.timezone" value="America/Sao_Paulo"/>
    <property name="os.name" value="Windows 10"/>
    <property name="java.vm.specification.version" value="19"/>
    <property name="sun.java.launcher" value="SUN_STANDARD"/>
    <property name="user.country" value="BR"/>
    <property name="sun.boot.library.path" value="C:\Program Files\Java\jdk-19\bin"/>
    <property name="sun.java.command" value="C:\Users\ignacio\AppData\Local\Temp\surefire1456997499494191531\surefirebooter-20221201185505044_3.jar C:\Users\ignacio\AppData\Local\Temp\surefire1456997499494191531 2022-12-01T18-55-04_874-jvmRun1 surefire-20221201185505044_1tmp surefire_0-20221201185505044_2tmp"/>
    <property name="jdk.debug" value="release"/>
    <property name="surefire.test.class.path" value="C:\Users\ignacio\IdeaProjects\challengeignacio\target\test-classes;C:\Users\ignacio\IdeaProjects\challengeignacio\target\classes;C:\Users\ignacio\.m2\repository\org\junit\jupiter\junit-jupiter-engine\5.9.0\junit-jupiter-engine-5.9.0.jar;C:\Users\ignacio\.m2\repository\org\junit\platform\junit-platform-engine\1.9.0\junit-platform-engine-1.9.0.jar;C:\Users\ignacio\.m2\repository\org\opentest4j\opentest4j\1.2.0\opentest4j-1.2.0.jar;C:\Users\ignacio\.m2\repository\org\junit\platform\junit-platform-commons\1.9.0\junit-platform-commons-1.9.0.jar;C:\Users\ignacio\.m2\repository\org\junit\jupiter\junit-jupiter-api\5.9.0\junit-jupiter-api-5.9.0.jar;C:\Users\ignacio\.m2\repository\org\apiguardian\apiguardian-api\1.1.2\apiguardian-api-1.1.2.jar;C:\Users\ignacio\.m2\repository\io\rest-assured\rest-assured\5.1.1\rest-assured-5.1.1.jar;C:\Users\ignacio\.m2\repository\org\apache\groovy\groovy\4.0.1\groovy-4.0.1.jar;C:\Users\ignacio\.m2\repository\org\apache\groovy\groovy-xml\4.0.1\groovy-xml-4.0.1.jar;C:\Users\ignacio\.m2\repository\org\apache\httpcomponents\httpclient\4.5.13\httpclient-4.5.13.jar;C:\Users\ignacio\.m2\repository\org\apache\httpcomponents\httpcore\4.4.13\httpcore-4.4.13.jar;C:\Users\ignacio\.m2\repository\commons-logging\commons-logging\1.2\commons-logging-1.2.jar;C:\Users\ignacio\.m2\repository\commons-codec\commons-codec\1.11\commons-codec-1.11.jar;C:\Users\ignacio\.m2\repository\org\apache\httpcomponents\httpmime\4.5.13\httpmime-4.5.13.jar;C:\Users\ignacio\.m2\repository\org\hamcrest\hamcrest\2.1\hamcrest-2.1.jar;C:\Users\ignacio\.m2\repository\org\ccil\cowan\tagsoup\tagsoup\1.2.1\tagsoup-1.2.1.jar;C:\Users\ignacio\.m2\repository\io\rest-assured\json-path\5.1.1\json-path-5.1.1.jar;C:\Users\ignacio\.m2\repository\org\apache\groovy\groovy-json\4.0.1\groovy-json-4.0.1.jar;C:\Users\ignacio\.m2\repository\io\rest-assured\rest-assured-common\5.1.1\rest-assured-common-5.1.1.jar;C:\Users\ignacio\.m2\repository\io\rest-assured\xml-path\5.1.1\xml-path-5.1.1.jar;C:\Users\ignacio\.m2\repository\com\github\tomakehurst\wiremock-jre8\2.33.2\wiremock-jre8-2.33.2.jar;C:\Users\ignacio\.m2\repository\org\eclipse\jetty\jetty-server\9.4.46.v20220331\jetty-server-9.4.46.v20220331.jar;C:\Users\ignacio\.m2\repository\javax\servlet\javax.servlet-api\3.1.0\javax.servlet-api-3.1.0.jar;C:\Users\ignacio\.m2\repository\org\eclipse\jetty\jetty-http\9.4.46.v20220331\jetty-http-9.4.46.v20220331.jar;C:\Users\ignacio\.m2\repository\org\eclipse\jetty\jetty-io\9.4.46.v20220331\jetty-io-9.4.46.v20220331.jar;C:\Users\ignacio\.m2\repository\org\eclipse\jetty\jetty-servlet\9.4.46.v20220331\jetty-servlet-9.4.46.v20220331.jar;C:\Users\ignacio\.m2\repository\org\eclipse\jetty\jetty-security\9.4.46.v20220331\jetty-security-9.4.46.v20220331.jar;C:\Users\ignacio\.m2\repository\org\eclipse\jetty\jetty-util-ajax\9.4.46.v20220331\jetty-util-ajax-9.4.46.v20220331.jar;C:\Users\ignacio\.m2\repository\org\eclipse\jetty\jetty-servlets\9.4.46.v20220331\jetty-servlets-9.4.46.v20220331.jar;C:\Users\ignacio\.m2\repository\org\eclipse\jetty\jetty-continuation\9.4.46.v20220331\jetty-continuation-9.4.46.v20220331.jar;C:\Users\ignacio\.m2\repository\org\eclipse\jetty\jetty-util\9.4.46.v20220331\jetty-util-9.4.46.v20220331.jar;C:\Users\ignacio\.m2\repository\org\eclipse\jetty\jetty-webapp\9.4.46.v20220331\jetty-webapp-9.4.46.v20220331.jar;C:\Users\ignacio\.m2\repository\org\eclipse\jetty\jetty-xml\9.4.46.v20220331\jetty-xml-9.4.46.v20220331.jar;C:\Users\ignacio\.m2\repository\org\eclipse\jetty\jetty-proxy\9.4.46.v20220331\jetty-proxy-9.4.46.v20220331.jar;C:\Users\ignacio\.m2\repository\org\eclipse\jetty\jetty-client\9.4.46.v20220331\jetty-client-9.4.46.v20220331.jar;C:\Users\ignacio\.m2\repository\org\eclipse\jetty\http2\http2-server\9.4.46.v20220331\http2-server-9.4.46.v20220331.jar;C:\Users\ignacio\.m2\repository\org\eclipse\jetty\http2\http2-common\9.4.46.v20220331\http2-common-9.4.46.v20220331.jar;C:\Users\ignacio\.m2\repository\org\eclipse\jetty\http2\http2-hpack\9.4.46.v20220331\http2-hpack-9.4.46.v20220331.jar;C:\Users\ignacio\.m2\repository\org\eclipse\jetty\jetty-alpn-server\9.4.46.v20220331\jetty-alpn-server-9.4.46.v20220331.jar;C:\Users\ignacio\.m2\repository\org\eclipse\jetty\jetty-alpn-java-server\9.4.46.v20220331\jetty-alpn-java-server-9.4.46.v20220331.jar;C:\Users\ignacio\.m2\repository\org\eclipse\jetty\jetty-alpn-openjdk8-server\9.4.46.v20220331\jetty-alpn-openjdk8-server-9.4.46.v20220331.jar;C:\Users\ignacio\.m2\repository\org\eclipse\jetty\jetty-alpn-java-client\9.4.46.v20220331\jetty-alpn-java-client-9.4.46.v20220331.jar;C:\Users\ignacio\.m2\repository\org\eclipse\jetty\jetty-alpn-client\9.4.46.v20220331\jetty-alpn-client-9.4.46.v20220331.jar;C:\Users\ignacio\.m2\repository\org\eclipse\jetty\jetty-alpn-openjdk8-client\9.4.46.v20220331\jetty-alpn-openjdk8-client-9.4.46.v20220331.jar;C:\Users\ignacio\.m2\repository\com\google\guava\guava\31.1-jre\guava-31.1-jre.jar;C:\Users\ignacio\.m2\repository\com\google\guava\failureaccess\1.0.1\failureaccess-1.0.1.jar;C:\Users\ignacio\.m2\repository\com\google\guava\listenablefuture\9999.0-empty-to-avoid-conflict-with-guava\listenablefuture-9999.0-empty-to-avoid-conflict-with-guava.jar;C:\Users\ignacio\.m2\repository\com\google\code\findbugs\jsr305\3.0.2\jsr305-3.0.2.jar;C:\Users\ignacio\.m2\repository\org\checkerframework\checker-qual\3.12.0\checker-qual-3.12.0.jar;C:\Users\ignacio\.m2\repository\com\google\errorprone\error_prone_annotations\2.11.0\error_prone_annotations-2.11.0.jar;C:\Users\ignacio\.m2\repository\com\google\j2objc\j2objc-annotations\1.3\j2objc-annotations-1.3.jar;C:\Users\ignacio\.m2\repository\com\fasterxml\jackson\core\jackson-annotations\2.13.2\jackson-annotations-2.13.2.jar;C:\Users\ignacio\.m2\repository\org\apache\httpcomponents\client5\httpclient5\5.1.3\httpclient5-5.1.3.jar;C:\Users\ignacio\.m2\repository\org\apache\httpcomponents\core5\httpcore5\5.1.3\httpcore5-5.1.3.jar;C:\Users\ignacio\.m2\repository\org\apache\httpcomponents\core5\httpcore5-h2\5.1.3\httpcore5-h2-5.1.3.jar;C:\Users\ignacio\.m2\repository\org\xmlunit\xmlunit-core\2.9.0\xmlunit-core-2.9.0.jar;C:\Users\ignacio\.m2\repository\jakarta\xml\bind\jakarta.xml.bind-api\2.3.3\jakarta.xml.bind-api-2.3.3.jar;C:\Users\ignacio\.m2\repository\jakarta\activation\jakarta.activation-api\1.2.2\jakarta.activation-api-1.2.2.jar;C:\Users\ignacio\.m2\repository\org\xmlunit\xmlunit-legacy\2.9.0\xmlunit-legacy-2.9.0.jar;C:\Users\ignacio\.m2\repository\org\xmlunit\xmlunit-placeholders\2.9.0\xmlunit-placeholders-2.9.0.jar;C:\Users\ignacio\.m2\repository\net\javacrumbs\json-unit\json-unit-core\2.33.0\json-unit-core-2.33.0.jar;C:\Users\ignacio\.m2\repository\org\hamcrest\hamcrest-core\2.2\hamcrest-core-2.2.jar;C:\Users\ignacio\.m2\repository\com\jayway\jsonpath\json-path\2.7.0\json-path-2.7.0.jar;C:\Users\ignacio\.m2\repository\net\minidev\json-smart\2.4.7\json-smart-2.4.7.jar;C:\Users\ignacio\.m2\repository\net\minidev\accessors-smart\2.4.7\accessors-smart-2.4.7.jar;C:\Users\ignacio\.m2\repository\org\ow2\asm\asm\9.3\asm-9.3.jar;C:\Users\ignacio\.m2\repository\net\sf\jopt-simple\jopt-simple\5.0.4\jopt-simple-5.0.4.jar;C:\Users\ignacio\.m2\repository\org\apache\commons\commons-lang3\3.12.0\commons-lang3-3.12.0.jar;C:\Users\ignacio\.m2\repository\com\github\jknack\handlebars\4.3.0\handlebars-4.3.0.jar;C:\Users\ignacio\.m2\repository\com\github\jknack\handlebars-helpers\4.3.0\handlebars-helpers-4.3.0.jar;C:\Users\ignacio\.m2\repository\commons-fileupload\commons-fileupload\1.4\commons-fileupload-1.4.jar;C:\Users\ignacio\.m2\repository\commons-io\commons-io\2.11.0\commons-io-2.11.0.jar;C:\Users\ignacio\.m2\repository\io\rest-assured\json-schema-validator\5.1.1\json-schema-validator-5.1.1.jar;C:\Users\ignacio\.m2\repository\com\github\java-json-tools\json-schema-validator\2.2.14\json-schema-validator-2.2.14.jar;C:\Users\ignacio\.m2\repository\com\github\java-json-tools\jackson-coreutils-equivalence\1.0\jackson-coreutils-equivalence-1.0.jar;C:\Users\ignacio\.m2\repository\com\github\java-json-tools\jackson-coreutils\2.0\jackson-coreutils-2.0.jar;C:\Users\ignacio\.m2\repository\com\github\java-json-tools\msg-simple\1.2\msg-simple-1.2.jar;C:\Users\ignacio\.m2\repository\com\github\java-json-tools\btf\1.3\btf-1.3.jar;C:\Users\ignacio\.m2\repository\com\github\java-json-tools\json-schema-core\1.2.14\json-schema-core-1.2.14.jar;C:\Users\ignacio\.m2\repository\com\github\java-json-tools\uri-template\0.10\uri-template-0.10.jar;C:\Users\ignacio\.m2\repository\org\mozilla\rhino\1.7.7.2\rhino-1.7.7.2.jar;C:\Users\ignacio\.m2\repository\com\sun\mail\mailapi\1.6.2\mailapi-1.6.2.jar;C:\Users\ignacio\.m2\repository\joda-time\joda-time\2.10.5\joda-time-2.10.5.jar;C:\Users\ignacio\.m2\repository\com\googlecode\libphonenumber\libphonenumber\8.11.1\libphonenumber-8.11.1.jar;C:\Users\ignacio\.m2\repository\com\fasterxml\jackson\core\jackson-core\2.13.3\jackson-core-2.13.3.jar;C:\Users\ignacio\.m2\repository\com\fasterxml\jackson\core\jackson-databind\2.13.3\jackson-databind-2.13.3.jar;C:\Users\ignacio\.m2\repository\com\github\javafaker\javafaker\1.0.2\javafaker-1.0.2.jar;C:\Users\ignacio\.m2\repository\org\yaml\snakeyaml\1.23\snakeyaml-1.23-android.jar;C:\Users\ignacio\.m2\repository\com\github\mifmif\generex\1.0.2\generex-1.0.2.jar;C:\Users\ignacio\.m2\repository\dk\brics\automaton\automaton\1.11-8\automaton-1.11-8.jar;C:\Users\ignacio\.m2\repository\org\projectlombok\lombok\1.18.24\lombok-1.18.24.jar;C:\Users\ignacio\.m2\repository\io\qameta\allure\allure-junit5\2.18.1\allure-junit5-2.18.1.jar;C:\Users\ignacio\.m2\repository\io\qameta\allure\allure-junit-platform\2.18.1\allure-junit-platform-2.18.1.jar;C:\Users\ignacio\.m2\repository\io\qameta\allure\allure-java-commons\2.18.1\allure-java-commons-2.18.1.jar;C:\Users\ignacio\.m2\repository\io\qameta\allure\allure-model\2.18.1\allure-model-2.18.1.jar;C:\Users\ignacio\.m2\repository\io\qameta\allure\allure-test-filter\2.18.1\allure-test-filter-2.18.1.jar;C:\Users\ignacio\.m2\repository\org\junit\platform\junit-platform-launcher\1.8.2\junit-platform-launcher-1.8.2.jar;C:\Users\ignacio\.m2\repository\org\slf4j\slf4j-api\1.7.36\slf4j-api-1.7.36.jar;C:\Users\ignacio\.m2\repository\org\slf4j\slf4j-simple\1.7.36\slf4j-simple-1.7.36.jar;"/>
    <property name="allure.results.directory" value="C:\Users\ignacio\IdeaProjects\challengeignacio\target/allure-results"/>
    <property name="sun.cpu.endian" value="little"/>
    <property name="user.home" value="C:\Users\ignacio"/>
    <property name="user.language" value="pt"/>
    <property name="java.specification.vendor" value="Oracle Corporation"/>
    <property name="java.version.date" value="2022-09-20"/>
    <property name="java.home" value="C:\Program Files\Java\jdk-19"/>
    <property name="file.separator" value="\"/>
    <property name="basedir" value="C:\Users\ignacio\IdeaProjects\challengeignacio"/>
    <property name="java.vm.compressedOopsMode" value="Zero based"/>
    <property name="line.separator" value="&#10;"/>
    <property name="java.vm.specification.vendor" value="Oracle Corporation"/>
    <property name="java.specification.name" value="Java Platform API Specification"/>
    <property name="surefire.real.class.path" value="C:\Users\ignacio\AppData\Local\Temp\surefire1456997499494191531\surefirebooter-20221201185505044_3.jar"/>
    <property name="user.script" value=""/>
    <property name="sun.management.compiler" value="HotSpot 64-Bit Tiered Compilers"/>
    <property name="org.eclipse.jetty.http.HttpGenerator.STRICT" value="true"/>
    <property name="java.runtime.version" value="19+36-2238"/>
    <property name="user.name" value="ignacio"/>
    <property name="stdout.encoding" value="Cp1252"/>
    <property name="path.separator" value=";"/>
    <property name="os.version" value="10.0"/>
    <property name="java.runtime.name" value="Java(TM) SE Runtime Environment"/>
    <property name="file.encoding" value="UTF-8"/>
    <property name="java.vm.name" value="Java HotSpot(TM) 64-Bit Server VM"/>
    <property name="localRepository" value="C:\Users\ignacio\.m2\repository"/>
    <property name="javax.xml.xpath.XPathFactory:http://java.sun.com/jaxp/xpath/dom" value="com.sun.org.apache.xpath.internal.jaxp.XPathFactoryImpl"/>
    <property name="java.vendor.url.bug" value="https://bugreport.java.com/bugreport/"/>
    <property name="jetty.git.hash" value="bc17a0369a11ecf40bb92c839b9ef0a8ac50ea18"/>
    <property name="java.io.tmpdir" value="C:\Users\ignacio\AppData\Local\Temp\"/>
    <property name="java.version" value="19"/>
    <property name="user.dir" value="C:\Users\ignacio\IdeaProjects\challengeignacio"/>
    <property name="os.arch" value="amd64"/>
    <property name="java.vm.specification.name" value="Java Virtual Machine Specification"/>
    <property name="env" value="local"/>
    <property name="sun.os.patch.level" value=""/>
    <property name="native.encoding" value="Cp1252"/>
    <property name="java.library.path" value="C:\Program Files\Java\jdk-19\bin;C:\Windows\Sun\Java\bin;C:\Windows\system32;C:\Windows;C:\Program Files\Alacritty\;C:\Program Files\Common Files\Oracle\Java\javapath;E:\CUDA\bin;E:\CUDA\libnvvp;C:\Windows\system32;C:\Windows;C:\Windows\System32\Wbem;C:\Windows\System32\WindowsPowerShell\v1.0\;C:\Windows\System32\OpenSSH\;C:\Program Files\Git\cmd;C:\Program Files (x86)\NVIDIA Corporation\PhysX\Common;C:\Program Files\NVIDIA Corporation\NVIDIA NvDLISR;C:\Program Files\NVIDIA Corporation\Nsight Compute 2022.3.0\;C:\Program Files\Java\jdk-19\bin;C:\Program Files\apache-maven-3.8.6\bin;C:\Program Files\dotnet\;C:\Users\ignacio\scoop\apps\allure\2.20.1\bin;;C:\Program Files\Docker\Docker\resources\bin;C:\Users\ignacio\scoop\shims;C:\Users\ignacio\AppData\Local\Programs\Python\Python310\Scripts\;C:\Users\ignacio\AppData\Local\Programs\Python\Python310\;C:\Users\ignacio\AppData\Local\Programs\Python\Launcher\;C:\Users\ignacio\AppData\Local\Microsoft\WindowsApps;;C:\Users\ignacio\AppData\Local\Programs\Microsoft VS Code\bin;C:\Program Files\JetBrains\IntelliJ IDEA Community Edition 2022.2.3\bin;;."/>
    <property name="junit.jupiter.extensions.autodetection.enabled" value="true"/>
    <property name="java.vm.info" value="mixed mode, sharing"/>
    <property name="stderr.encoding" value="Cp1252"/>
    <property name="java.vendor" value="Oracle Corporation"/>
    <property name="java.vm.version" value="19+36-2238"/>
    <property name="sun.io.unicode.encoding" value="UnicodeLittle"/>
    <property name="javax.xml.transform.TransformerFactory" value="com.sun.org.apache.xalan.internal.xsltc.trax.TransformerFactoryImpl"/>
    <property name="java.class.version" value="63.0"/>
  </properties>
  <testcase name="deveRetornarSimulacoes" classname="tests.Simulacoes.TestGetSimulacoes" time="0.128"/>
  <testcase name="deveRetornarSimulacaoExistente" classname="tests.Simulacoes.TestGetSimulacoes" time="0.058"/>
  <testcase name="deveFalharSimulacaoInexistente" classname="tests.Simulacoes.TestGetSimulacoes" time="0.019">
    <failure message="simulacao (1 failure)&#10;	java.lang.AssertionError: &#10;Expected: &quot;O CPF 04111979646 possui restrição&quot;&#10;     but: was &quot;CPF 04111979646 não encontrado&quot;" type="org.opentest4j.MultipleFailuresError"><![CDATA[org.opentest4j.MultipleFailuresError: 
simulacao (1 failure)
	java.lang.AssertionError: 
Expected: "O CPF 04111979646 possui restrição"
     but: was "CPF 04111979646 não encontrado"
	at org.junit.jupiter.api.AssertAll.assertAll(AssertAll.java:80)
	at org.junit.jupiter.api.AssertAll.assertAll(AssertAll.java:44)
	at org.junit.jupiter.api.Assertions.assertAll(Assertions.java:2928)
	at tests.Simulacoes.TestGetSimulacoes.deveFalharSimulacaoInexistente(TestGetSimulacoes.java:69)
	at java.base/jdk.internal.reflect.DirectMethodHandleAccessor.invoke(DirectMethodHandleAccessor.java:104)
	at java.base/java.lang.reflect.Method.invoke(Method.java:578)
	at org.junit.platform.commons.util.ReflectionUtils.invokeMethod(ReflectionUtils.java:727)
	at org.junit.jupiter.engine.execution.MethodInvocation.proceed(MethodInvocation.java:60)
	at org.junit.jupiter.engine.execution.InvocationInterceptorChain$ValidatingInvocation.proceed(InvocationInterceptorChain.java:131)
	at org.junit.jupiter.api.extension.InvocationInterceptor.interceptTestMethod(InvocationInterceptor.java:118)
	at org.junit.jupiter.engine.execution.InterceptingExecutableInvoker$ReflectiveInterceptorCall.lambda$ofVoidMethod$0(InterceptingExecutableInvoker.java:103)
	at org.junit.jupiter.engine.execution.InterceptingExecutableInvoker.lambda$invoke$0(InterceptingExecutableInvoker.java:93)
	at org.junit.jupiter.engine.execution.InvocationInterceptorChain$InterceptedInvocation.proceed(InvocationInterceptorChain.java:106)
	at org.junit.jupiter.engine.extension.TimeoutExtension.intercept(TimeoutExtension.java:156)
	at org.junit.jupiter.engine.extension.TimeoutExtension.interceptTestableMethod(TimeoutExtension.java:147)
	at org.junit.jupiter.engine.extension.TimeoutExtension.interceptTestMethod(TimeoutExtension.java:86)
	at org.junit.jupiter.engine.execution.InterceptingExecutableInvoker$ReflectiveInterceptorCall.lambda$ofVoidMethod$0(InterceptingExecutableInvoker.java:103)
	at org.junit.jupiter.engine.execution.InterceptingExecutableInvoker.lambda$invoke$0(InterceptingExecutableInvoker.java:93)
	at org.junit.jupiter.engine.execution.InvocationInterceptorChain$InterceptedInvocation.proceed(InvocationInterceptorChain.java:106)
	at org.junit.jupiter.engine.execution.InvocationInterceptorChain.proceed(InvocationInterceptorChain.java:64)
	at org.junit.jupiter.engine.execution.InvocationInterceptorChain.chainAndInvoke(InvocationInterceptorChain.java:45)
	at org.junit.jupiter.engine.execution.InvocationInterceptorChain.invoke(InvocationInterceptorChain.java:37)
	at org.junit.jupiter.engine.execution.InterceptingExecutableInvoker.invoke(InterceptingExecutableInvoker.java:92)
	at org.junit.jupiter.engine.execution.InterceptingExecutableInvoker.invoke(InterceptingExecutableInvoker.java:86)
	at org.junit.jupiter.engine.descriptor.TestMethodTestDescriptor.lambda$invokeTestMethod$7(TestMethodTestDescriptor.java:217)
	at org.junit.platform.engine.support.hierarchical.ThrowableCollector.execute(ThrowableCollector.java:73)
	at org.junit.jupiter.engine.descriptor.TestMethodTestDescriptor.invokeTestMethod(TestMethodTestDescriptor.java:213)
	at org.junit.jupiter.engine.descriptor.TestMethodTestDescriptor.execute(TestMethodTestDescriptor.java:138)
	at org.junit.jupiter.engine.descriptor.TestMethodTestDescriptor.execute(TestMethodTestDescriptor.java:68)
	at org.junit.platform.engine.support.hierarchical.NodeTestTask.lambda$executeRecursively$6(NodeTestTask.java:151)
	at org.junit.platform.engine.support.hierarchical.ThrowableCollector.execute(ThrowableCollector.java:73)
	at org.junit.platform.engine.support.hierarchical.NodeTestTask.lambda$executeRecursively$8(NodeTestTask.java:141)
	at org.junit.platform.engine.support.hierarchical.Node.around(Node.java:137)
	at org.junit.platform.engine.support.hierarchical.NodeTestTask.lambda$executeRecursively$9(NodeTestTask.java:139)
	at org.junit.platform.engine.support.hierarchical.ThrowableCollector.execute(ThrowableCollector.java:73)
	at org.junit.platform.engine.support.hierarchical.NodeTestTask.executeRecursively(NodeTestTask.java:138)
	at org.junit.platform.engine.support.hierarchical.NodeTestTask.execute(NodeTestTask.java:95)
	at java.base/java.util.ArrayList.forEach(ArrayList.java:1511)
	at org.junit.platform.engine.support.hierarchical.SameThreadHierarchicalTestExecutorService.invokeAll(SameThreadHierarchicalTestExecutorService.java:41)
	at org.junit.platform.engine.support.hierarchical.NodeTestTask.lambda$executeRecursively$6(NodeTestTask.java:155)
	at org.junit.platform.engine.support.hierarchical.ThrowableCollector.execute(ThrowableCollector.java:73)
	at org.junit.platform.engine.support.hierarchical.NodeTestTask.lambda$executeRecursively$8(NodeTestTask.java:141)
	at org.junit.platform.engine.support.hierarchical.Node.around(Node.java:137)
	at org.junit.platform.engine.support.hierarchical.NodeTestTask.lambda$executeRecursively$9(NodeTestTask.java:139)
	at org.junit.platform.engine.support.hierarchical.ThrowableCollector.execute(ThrowableCollector.java:73)
	at org.junit.platform.engine.support.hierarchical.NodeTestTask.executeRecursively(NodeTestTask.java:138)
	at org.junit.platform.engine.support.hierarchical.NodeTestTask.execute(NodeTestTask.java:95)
	at java.base/java.util.ArrayList.forEach(ArrayList.java:1511)
	at org.junit.platform.engine.support.hierarchical.SameThreadHierarchicalTestExecutorService.invokeAll(SameThreadHierarchicalTestExecutorService.java:41)
	at org.junit.platform.engine.support.hierarchical.NodeTestTask.lambda$executeRecursively$6(NodeTestTask.java:155)
	at org.junit.platform.engine.support.hierarchical.ThrowableCollector.execute(ThrowableCollector.java:73)
	at org.junit.platform.engine.support.hierarchical.NodeTestTask.lambda$executeRecursively$8(NodeTestTask.java:141)
	at org.junit.platform.engine.support.hierarchical.Node.around(Node.java:137)
	at org.junit.platform.engine.support.hierarchical.NodeTestTask.lambda$executeRecursively$9(NodeTestTask.java:139)
	at org.junit.platform.engine.support.hierarchical.ThrowableCollector.execute(ThrowableCollector.java:73)
	at org.junit.platform.engine.support.hierarchical.NodeTestTask.executeRecursively(NodeTestTask.java:138)
	at org.junit.platform.engine.support.hierarchical.NodeTestTask.execute(NodeTestTask.java:95)
	at org.junit.platform.engine.support.hierarchical.SameThreadHierarchicalTestExecutorService.submit(SameThreadHierarchicalTestExecutorService.java:35)
	at org.junit.platform.engine.support.hierarchical.HierarchicalTestExecutor.execute(HierarchicalTestExecutor.java:57)
	at org.junit.platform.engine.support.hierarchical.HierarchicalTestEngine.execute(HierarchicalTestEngine.java:54)
	at org.junit.platform.launcher.core.EngineExecutionOrchestrator.execute(EngineExecutionOrchestrator.java:107)
	at org.junit.platform.launcher.core.EngineExecutionOrchestrator.execute(EngineExecutionOrchestrator.java:88)
	at org.junit.platform.launcher.core.EngineExecutionOrchestrator.lambda$execute$0(EngineExecutionOrchestrator.java:54)
	at org.junit.platform.launcher.core.EngineExecutionOrchestrator.withInterceptedStreams(EngineExecutionOrchestrator.java:67)
	at org.junit.platform.launcher.core.EngineExecutionOrchestrator.execute(EngineExecutionOrchestrator.java:52)
	at org.junit.platform.launcher.core.DefaultLauncher.execute(DefaultLauncher.java:114)
	at org.junit.platform.launcher.core.DefaultLauncher.execute(DefaultLauncher.java:86)
	at org.junit.platform.launcher.core.DefaultLauncherSession$DelegatingLauncher.execute(DefaultLauncherSession.java:86)
	at org.apache.maven.surefire.junitplatform.LazyLauncher.execute(LazyLauncher.java:55)
	at org.apache.maven.surefire.junitplatform.JUnitPlatformProvider.execute(JUnitPlatformProvider.java:223)
	at org.apache.maven.surefire.junitplatform.JUnitPlatformProvider.invokeAllTests(JUnitPlatformProvider.java:175)
	at org.apache.maven.surefire.junitplatform.JUnitPlatformProvider.invoke(JUnitPlatformProvider.java:139)
	at org.apache.maven.surefire.booter.ForkedBooter.runSuitesInProcess(ForkedBooter.java:456)
	at org.apache.maven.surefire.booter.ForkedBooter.execute(ForkedBooter.java:169)
	at org.apache.maven.surefire.booter.ForkedBooter.run(ForkedBooter.java:595)
	at org.apache.maven.surefire.booter.ForkedBooter.main(ForkedBooter.java:581)
	Suppressed: java.lang.AssertionError: 
Expected: "O CPF 04111979646 possui restrição"
     but: was "CPF 04111979646 não encontrado"
		at org.hamcrest.MatcherAssert.assertThat(MatcherAssert.java:18)
		at org.hamcrest.MatcherAssert.assertThat(MatcherAssert.java:6)
		at tests.Simulacoes.TestGetSimulacoes.lambda$deveFalharSimulacaoInexistente$7(TestGetSimulacoes.java:70)
		at org.junit.jupiter.api.AssertAll.lambda$assertAll$0(AssertAll.java:68)
		at java.base/java.util.stream.ReferencePipeline$3$1.accept(ReferencePipeline.java:197)
		at java.base/java.util.Spliterators$ArraySpliterator.forEachRemaining(Spliterators.java:1006)
		at java.base/java.util.stream.AbstractPipeline.copyInto(AbstractPipeline.java:509)
		at java.base/java.util.stream.AbstractPipeline.wrapAndCopyInto(AbstractPipeline.java:499)
		at java.base/java.util.stream.ReduceOps$ReduceOp.evaluateSequential(ReduceOps.java:921)
		at java.base/java.util.stream.AbstractPipeline.evaluate(AbstractPipeline.java:234)
		at java.base/java.util.stream.ReferencePipeline.collect(ReferencePipeline.java:682)
		at org.junit.jupiter.api.AssertAll.assertAll(AssertAll.java:77)
		... 75 more
]]></failure>
  </testcase>
  <testcase name="deveValidarSchema" classname="tests.Simulacoes.TestGetSimulacoes" time="0.275">
    <failure message="&#10;Expected: The content to match the given JSON schema.&#10;warning: the following keywords are unknown and will be ignored: [$id, examples]&#10;    level: &quot;warning&quot;&#10;    schema: {&quot;loadingURI&quot;:&quot;#&quot;,&quot;pointer&quot;:&quot;&quot;}&#10;    domain: &quot;syntax&quot;&#10;    ignored: [&quot;$id&quot;,&quot;examples&quot;]&#10;warning: the following keywords are unknown and will be ignored: [examples]&#10;    level: &quot;warning&quot;&#10;    schema: {&quot;loadingURI&quot;:&quot;#&quot;,&quot;pointer&quot;:&quot;/items&quot;}&#10;    domain: &quot;syntax&quot;&#10;    ignored: [&quot;examples&quot;]&#10;warning: the following keywords are unknown and will be ignored: [examples]&#10;    level: &quot;warning&quot;&#10;    schema: {&quot;loadingURI&quot;:&quot;#&quot;,&quot;pointer&quot;:&quot;/items/properties/cpf&quot;}&#10;    domain: &quot;syntax&quot;&#10;    ignored: [&quot;examples&quot;]&#10;warning: the following keywords are unknown and will be ignored: [examples]&#10;    level: &quot;warning&quot;&#10;    schema: {&quot;loadingURI&quot;:&quot;#&quot;,&quot;pointer&quot;:&quot;/items/properties/email&quot;}&#10;    domain: &quot;syntax&quot;&#10;    ignored: [&quot;examples&quot;]&#10;warning: the following keywords are unknown and will be ignored: [examples]&#10;    level: &quot;warning&quot;&#10;    schema: {&quot;loadingURI&quot;:&quot;#&quot;,&quot;pointer&quot;:&quot;/items/properties/id&quot;}&#10;    domain: &quot;syntax&quot;&#10;    ignored: [&quot;examples&quot;]&#10;warning: the following keywords are unknown and will be ignored: [examples]&#10;    level: &quot;warning&quot;&#10;    schema: {&quot;loadingURI&quot;:&quot;#&quot;,&quot;pointer&quot;:&quot;/items/properties/nome&quot;}&#10;    domain: &quot;syntax&quot;&#10;    ignored: [&quot;examples&quot;]&#10;warning: the following keywords are unknown and will be ignored: [examples]&#10;    level: &quot;warning&quot;&#10;    schema: {&quot;loadingURI&quot;:&quot;#&quot;,&quot;pointer&quot;:&quot;/items/properties/parcelas&quot;}&#10;    domain: &quot;syntax&quot;&#10;    ignored: [&quot;examples&quot;]&#10;warning: the following keywords are unknown and will be ignored: [examples]&#10;    level: &quot;warning&quot;&#10;    schema: {&quot;loadingURI&quot;:&quot;#&quot;,&quot;pointer&quot;:&quot;/items/properties/seguro&quot;}&#10;    domain: &quot;syntax&quot;&#10;    ignored: [&quot;examples&quot;]&#10;warning: the following keywords are unknown and will be ignored: [examples]&#10;    level: &quot;warning&quot;&#10;    schema: {&quot;loadingURI&quot;:&quot;#&quot;,&quot;pointer&quot;:&quot;/items/properties/valor&quot;}&#10;    domain: &quot;syntax&quot;&#10;    ignored: [&quot;examples&quot;]&#10;warning: the following keywords are unknown and will be ignored: [examples]&#10;    level: &quot;warning&quot;&#10;    schema: {&quot;loadingURI&quot;:&quot;#&quot;,&quot;pointer&quot;:&quot;/items&quot;}&#10;    domain: &quot;syntax&quot;&#10;    ignored: [&quot;examples&quot;]&#10;warning: the following keywords are unknown and will be ignored: [examples]&#10;    level: &quot;warning&quot;&#10;    schema: {&quot;loadingURI&quot;:&quot;#&quot;,&quot;pointer&quot;:&quot;/items/properties/cpf&quot;}&#10;    domain: &quot;syntax&quot;&#10;    ignored: [&quot;examples&quot;]&#10;warning: the following keywords are unknown and will be ignored: [examples]&#10;    level: &quot;warning&quot;&#10;    schema: {&quot;loadingURI&quot;:&quot;#&quot;,&quot;pointer&quot;:&quot;/items/properties/email&quot;}&#10;    domain: &quot;syntax&quot;&#10;    ignored: [&quot;examples&quot;]&#10;warning: the following keywords are unknown and will be ignored: [examples]&#10;    level: &quot;warning&quot;&#10;    schema: {&quot;loadingURI&quot;:&quot;#&quot;,&quot;pointer&quot;:&quot;/items/properties/id&quot;}&#10;    domain: &quot;syntax&quot;&#10;    ignored: [&quot;examples&quot;]&#10;warning: the following keywords are unknown and will be ignored: [examples]&#10;    level: &quot;warning&quot;&#10;    schema: {&quot;loadingURI&quot;:&quot;#&quot;,&quot;pointer&quot;:&quot;/items/properties/nome&quot;}&#10;    domain: &quot;syntax&quot;&#10;    ignored: [&quot;examples&quot;]&#10;warning: the following keywords are unknown and will be ignored: [examples]&#10;    level: &quot;warning&quot;&#10;    schema: {&quot;loadingURI&quot;:&quot;#&quot;,&quot;pointer&quot;:&quot;/items/properties/parcelas&quot;}&#10;    domain: &quot;syntax&quot;&#10;    ignored: [&quot;examples&quot;]&#10;warning: the following keywords are unknown and will be ignored: [examples]&#10;    level: &quot;warning&quot;&#10;    schema: {&quot;loadingURI&quot;:&quot;#&quot;,&quot;pointer&quot;:&quot;/items/properties/seguro&quot;}&#10;    domain: &quot;syntax&quot;&#10;    ignored: [&quot;examples&quot;]&#10;warning: the following keywords are unknown and will be ignored: [examples]&#10;    level: &quot;warning&quot;&#10;    schema: {&quot;loadingURI&quot;:&quot;#&quot;,&quot;pointer&quot;:&quot;/items/properties/valor&quot;}&#10;    domain: &quot;syntax&quot;&#10;    ignored: [&quot;examples&quot;]&#10;warning: the following keywords are unknown and will be ignored: [examples]&#10;    level: &quot;warning&quot;&#10;    schema: {&quot;loadingURI&quot;:&quot;#&quot;,&quot;pointer&quot;:&quot;/items/properties/cpf&quot;}&#10;    domain: &quot;syntax&quot;&#10;    ignored: [&quot;examples&quot;]&#10;error: instance type (string) does not match any allowed primitive type (allowed: [&quot;integer&quot;])&#10;    level: &quot;error&quot;&#10;    schema: {&quot;loadingURI&quot;:&quot;#&quot;,&quot;pointer&quot;:&quot;/items/properties/cpf&quot;}&#10;    instance: {&quot;pointer&quot;:&quot;/0/cpf&quot;}&#10;    domain: &quot;validation&quot;&#10;    keyword: &quot;type&quot;&#10;    found: &quot;string&quot;&#10;    expected: [&quot;integer&quot;]&#10;warning: the following keywords are unknown and will be ignored: [examples]&#10;    level: &quot;warning&quot;&#10;    schema: {&quot;loadingURI&quot;:&quot;#&quot;,&quot;pointer&quot;:&quot;/items/properties/email&quot;}&#10;    domain: &quot;syntax&quot;&#10;    ignored: [&quot;examples&quot;]&#10;warning: the following keywords are unknown and will be ignored: [examples]&#10;    level: &quot;warning&quot;&#10;    schema: {&quot;loadingURI&quot;:&quot;#&quot;,&quot;pointer&quot;:&quot;/items/properties/id&quot;}&#10;    domain: &quot;syntax&quot;&#10;    ignored: [&quot;examples&quot;]&#10;warning: the following keywords are unknown and will be ignored: [examples]&#10;    level: &quot;warning&quot;&#10;    schema: {&quot;loadingURI&quot;:&quot;#&quot;,&quot;pointer&quot;:&quot;/items/properties/nome&quot;}&#10;    domain: &quot;syntax&quot;&#10;    ignored: [&quot;examples&quot;]&#10;warning: the following keywords are unknown and will be ignored: [examples]&#10;    level: &quot;warning&quot;&#10;    schema: {&quot;loadingURI&quot;:&quot;#&quot;,&quot;pointer&quot;:&quot;/items/properties/parcelas&quot;}&#10;    domain: &quot;syntax&quot;&#10;    ignored: [&quot;examples&quot;]&#10;warning: the following keywords are unknown and will be ignored: [examples]&#10;    level: &quot;warning&quot;&#10;    schema: {&quot;loadingURI&quot;:&quot;#&quot;,&quot;pointer&quot;:&quot;/items/properties/seguro&quot;}&#10;    domain: &quot;syntax&quot;&#10;    ignored: [&quot;examples&quot;]&#10;warning: the following keywords are unknown and will be ignored: [examples]&#10;    level: &quot;warning&quot;&#10;    schema: {&quot;loadingURI&quot;:&quot;#&quot;,&quot;pointer&quot;:&quot;/items/properties/valor&quot;}&#10;    domain: &quot;syntax&quot;&#10;    ignored: [&quot;examples&quot;]&#10;error: instance type (number) does not match any allowed primitive type (allowed: [&quot;integer&quot;])&#10;    level: &quot;error&quot;&#10;    schema: {&quot;loadingURI&quot;:&quot;#&quot;,&quot;pointer&quot;:&quot;/items/properties/valor&quot;}&#10;    instance: {&quot;pointer&quot;:&quot;/0/valor&quot;}&#10;    domain: &quot;validation&quot;&#10;    keyword: &quot;type&quot;&#10;    found: &quot;number&quot;&#10;    expected: [&quot;integer&quot;]&#10;warning: the following keywords are unknown and will be ignored: [examples]&#10;    level: &quot;warning&quot;&#10;    schema: {&quot;loadingURI&quot;:&quot;#&quot;,&quot;pointer&quot;:&quot;/items&quot;}&#10;    domain: &quot;syntax&quot;&#10;    ignored: [&quot;examples&quot;]&#10;warning: the following keywords are unknown and will be ignored: [examples]&#10;    level: &quot;warning&quot;&#10;    schema: {&quot;loadingURI&quot;:&quot;#&quot;,&quot;pointer&quot;:&quot;/items/properties/cpf&quot;}&#10;    domain: &quot;syntax&quot;&#10;    ignored: [&quot;examples&quot;]&#10;warning: the following keywords are unknown and will be ignored: [examples]&#10;    level: &quot;warning&quot;&#10;    schema: {&quot;loadingURI&quot;:&quot;#&quot;,&quot;pointer&quot;:&quot;/items/properties/email&quot;}&#10;    domain: &quot;syntax&quot;&#10;    ignored: [&quot;examples&quot;]&#10;warning: the following keywords are unknown and will be ignored: [examples]&#10;    level: &quot;warning&quot;&#10;    schema: {&quot;loadingURI&quot;:&quot;#&quot;,&quot;pointer&quot;:&quot;/items/properties/id&quot;}&#10;    domain: &quot;syntax&quot;&#10;    ignored: [&quot;examples&quot;]&#10;warning: the following keywords are unknown and will be ignored: [examples]&#10;    level: &quot;warning&quot;&#10;    schema: {&quot;loadingURI&quot;:&quot;#&quot;,&quot;pointer&quot;:&quot;/items/properties/nome&quot;}&#10;    domain: &quot;syntax&quot;&#10;    ignored: [&quot;examples&quot;]&#10;warning: the following keywords are unknown and will be ignored: [examples]&#10;    level: &quot;warning&quot;&#10;    schema: {&quot;loadingURI&quot;:&quot;#&quot;,&quot;pointer&quot;:&quot;/items/properties/parcelas&quot;}&#10;    domain: &quot;syntax&quot;&#10;    ignored: [&quot;examples&quot;]&#10;warning: the following keywords are unknown and will be ignored: [examples]&#10;    level: &quot;warning&quot;&#10;    schema: {&quot;loadingURI&quot;:&quot;#&quot;,&quot;pointer&quot;:&quot;/items/properties/seguro&quot;}&#10;    domain: &quot;syntax&quot;&#10;    ignored: [&quot;examples&quot;]&#10;warning: the following keywords are unknown and will be ignored: [examples]&#10;    level: &quot;warning&quot;&#10;    schema: {&quot;loadingURI&quot;:&quot;#&quot;,&quot;pointer&quot;:&quot;/items/properties/valor&quot;}&#10;    domain: &quot;syntax&quot;&#10;    ignored: [&quot;examples&quot;]&#10;warning: the following keywords are unknown and will be ignored: [examples]&#10;    level: &quot;warning&quot;&#10;    schema: {&quot;loadingURI&quot;:&quot;#&quot;,&quot;pointer&quot;:&quot;/items&quot;}&#10;    domain: &quot;syntax&quot;&#10;    ignored: [&quot;examples&quot;]&#10;warning: the following keywords are unknown and will be ignored: [examples]&#10;    level: &quot;warning&quot;&#10;    schema: {&quot;loadingURI&quot;:&quot;#&quot;,&quot;pointer&quot;:&quot;/items/properties/cpf&quot;}&#10;    domain: &quot;syntax&quot;&#10;    ignored: [&quot;examples&quot;]&#10;warning: the following keywords are unknown and will be ignored: [examples]&#10;    level: &quot;warning&quot;&#10;    schema: {&quot;loadingURI&quot;:&quot;#&quot;,&quot;pointer&quot;:&quot;/items/properties/email&quot;}&#10;    domain: &quot;syntax&quot;&#10;    ignored: [&quot;examples&quot;]&#10;warning: the following keywords are unknown and will be ignored: [examples]&#10;    level: &quot;warning&quot;&#10;    schema: {&quot;loadingURI&quot;:&quot;#&quot;,&quot;pointer&quot;:&quot;/items/properties/id&quot;}&#10;    domain: &quot;syntax&quot;&#10;    ignored: [&quot;examples&quot;]&#10;warning: the following keywords are unknown and will be ignored: [examples]&#10;    level: &quot;warning&quot;&#10;    schema: {&quot;loadingURI&quot;:&quot;#&quot;,&quot;pointer&quot;:&quot;/items/properties/nome&quot;}&#10;    domain: &quot;syntax&quot;&#10;    ignored: [&quot;examples&quot;]&#10;warning: the following keywords are unknown and will be ignored: [examples]&#10;    level: &quot;warning&quot;&#10;    schema: {&quot;loadingURI&quot;:&quot;#&quot;,&quot;pointer&quot;:&quot;/items/properties/parcelas&quot;}&#10;    domain: &quot;syntax&quot;&#10;    ignored: [&quot;examples&quot;]&#10;warning: the following keywords are unknown and will be ignored: [examples]&#10;    level: &quot;warning&quot;&#10;    schema: {&quot;loadingURI&quot;:&quot;#&quot;,&quot;pointer&quot;:&quot;/items/properties/seguro&quot;}&#10;    domain: &quot;syntax&quot;&#10;    ignored: [&quot;examples&quot;]&#10;warning: the following keywords are unknown and will be ignored: [examples]&#10;    level: &quot;warning&quot;&#10;    schema: {&quot;loadingURI&quot;:&quot;#&quot;,&quot;pointer&quot;:&quot;/items/properties/valor&quot;}&#10;    domain: &quot;syntax&quot;&#10;    ignored: [&quot;examples&quot;]&#10;warning: the following keywords are unknown and will be ignored: [examples]&#10;    level: &quot;warning&quot;&#10;    schema: {&quot;loadingURI&quot;:&quot;#&quot;,&quot;pointer&quot;:&quot;/items&quot;}&#10;    domain: &quot;syntax&quot;&#10;    ignored: [&quot;examples&quot;]&#10;warning: the following keywords are unknown and will be ignored: [examples]&#10;    level: &quot;warning&quot;&#10;    schema: {&quot;loadingURI&quot;:&quot;#&quot;,&quot;pointer&quot;:&quot;/items/properties/cpf&quot;}&#10;    domain: &quot;syntax&quot;&#10;    ignored: [&quot;examples&quot;]&#10;warning: the following keywords are unknown and will be ignored: [examples]&#10;    level: &quot;warning&quot;&#10;    schema: {&quot;loadingURI&quot;:&quot;#&quot;,&quot;pointer&quot;:&quot;/items/properties/email&quot;}&#10;    domain: &quot;syntax&quot;&#10;    ignored: [&quot;examples&quot;]&#10;warning: the following keywords are unknown and will be ignored: [examples]&#10;    level: &quot;warning&quot;&#10;    schema: {&quot;loadingURI&quot;:&quot;#&quot;,&quot;pointer&quot;:&quot;/items/properties/id&quot;}&#10;    domain: &quot;syntax&quot;&#10;    ignored: [&quot;examples&quot;]&#10;warning: the following keywords are unknown and will be ignored: [examples]&#10;    level: &quot;warning&quot;&#10;    schema: {&quot;loadingURI&quot;:&quot;#&quot;,&quot;pointer&quot;:&quot;/items/properties/nome&quot;}&#10;    domain: &quot;syntax&quot;&#10;    ignored: [&quot;examples&quot;]&#10;warning: the following keywords are unknown and will be ignored: [examples]&#10;    level: &quot;warning&quot;&#10;    schema: {&quot;loadingURI&quot;:&quot;#&quot;,&quot;pointer&quot;:&quot;/items/properties/parcelas&quot;}&#10;    domain: &quot;syntax&quot;&#10;    ignored: [&quot;examples&quot;]&#10;warning: the following keywords are unknown and will be ignored: [examples]&#10;    level: &quot;warning&quot;&#10;    schema: {&quot;loadingURI&quot;:&quot;#&quot;,&quot;pointer&quot;:&quot;/items/properties/seguro&quot;}&#10;    domain: &quot;syntax&quot;&#10;    ignored: [&quot;examples&quot;]&#10;warning: the following keywords are unknown and will be ignored: [examples]&#10;    level: &quot;warning&quot;&#10;    schema: {&quot;loadingURI&quot;:&quot;#&quot;,&quot;pointer&quot;:&quot;/items/properties/valor&quot;}&#10;    domain: &quot;syntax&quot;&#10;    ignored: [&quot;examples&quot;]&#10;warning: the following keywords are unknown and will be ignored: [examples]&#10;    level: &quot;warning&quot;&#10;    schema: {&quot;loadingURI&quot;:&quot;#&quot;,&quot;pointer&quot;:&quot;/items&quot;}&#10;    domain: &quot;syntax&quot;&#10;    ignored: [&quot;examples&quot;]&#10;warning: the following keywords are unknown and will be ignored: [examples]&#10;    level: &quot;warning&quot;&#10;    schema: {&quot;loadingURI&quot;:&quot;#&quot;,&quot;pointer&quot;:&quot;/items/properties/cpf&quot;}&#10;    domain: &quot;syntax&quot;&#10;    ignored: [&quot;examples&quot;]&#10;warning: the following keywords are unknown and will be ignored: [examples]&#10;    level: &quot;warning&quot;&#10;    schema: {&quot;loadingURI&quot;:&quot;#&quot;,&quot;pointer&quot;:&quot;/items/properties/email&quot;}&#10;    domain: &quot;syntax&quot;&#10;    ignored: [&quot;examples&quot;]&#10;warning: the following keywords are unknown and will be ignored: [examples]&#10;    level: &quot;warning&quot;&#10;    schema: {&quot;loadingURI&quot;:&quot;#&quot;,&quot;pointer&quot;:&quot;/items/properties/id&quot;}&#10;    domain: &quot;syntax&quot;&#10;    ignored: [&quot;examples&quot;]&#10;warning: the following keywords are unknown and will be ignored: [examples]&#10;    level: &quot;warning&quot;&#10;    schema: {&quot;loadingURI&quot;:&quot;#&quot;,&quot;pointer&quot;:&quot;/items/properties/nome&quot;}&#10;    domain: &quot;syntax&quot;&#10;    ignored: [&quot;examples&quot;]&#10;warning: the following keywords are unknown and will be ignored: [examples]&#10;    level: &quot;warning&quot;&#10;    schema: {&quot;loadingURI&quot;:&quot;#&quot;,&quot;pointer&quot;:&quot;/items/properties/parcelas&quot;}&#10;    domain: &quot;syntax&quot;&#10;    ignored: [&quot;examples&quot;]&#10;warning: the following keywords are unknown and will be ignored: [examples]&#10;    level: &quot;warning&quot;&#10;    schema: {&quot;loadingURI&quot;:&quot;#&quot;,&quot;pointer&quot;:&quot;/items/properties/seguro&quot;}&#10;    domain: &quot;syntax&quot;&#10;    ignored: [&quot;examples&quot;]&#10;warning: the following keywords are unknown and will be ignored: [examples]&#10;    level: &quot;warning&quot;&#10;    schema: {&quot;loadingURI&quot;:&quot;#&quot;,&quot;pointer&quot;:&quot;/items/properties/valor&quot;}&#10;    domain: &quot;syntax&quot;&#10;    ignored: [&quot;examples&quot;]&#10;warning: the following keywords are unknown and will be ignored: [examples]&#10;    level: &quot;warning&quot;&#10;    schema: {&quot;loadingURI&quot;:&quot;#&quot;,&quot;pointer&quot;:&quot;/items&quot;}&#10;    domain: &quot;syntax&quot;&#10;    ignored: [&quot;examples&quot;]&#10;warning: the following keywords are unknown and will be ignored: [examples]&#10;    level: &quot;warning&quot;&#10;    schema: {&quot;loadingURI&quot;:&quot;#&quot;,&quot;pointer&quot;:&quot;/items/properties/cpf&quot;}&#10;    domain: &quot;syntax&quot;&#10;    ignored: [&quot;examples&quot;]&#10;warning: the following keywords are unknown and will be ignored: [examples]&#10;    level: &quot;warning&quot;&#10;    schema: {&quot;loadingURI&quot;:&quot;#&quot;,&quot;pointer&quot;:&quot;/items/properties/email&quot;}&#10;    domain: &quot;syntax&quot;&#10;    ignored: [&quot;examples&quot;]&#10;warning: the following keywords are unknown and will be ignored: [examples]&#10;    level: &quot;warning&quot;&#10;    schema: {&quot;loadingURI&quot;:&quot;#&quot;,&quot;pointer&quot;:&quot;/items/properties/id&quot;}&#10;    domain: &quot;syntax&quot;&#10;    ignored: [&quot;examples&quot;]&#10;warning: the following keywords are unknown and will be ignored: [examples]&#10;    level: &quot;warning&quot;&#10;    schema: {&quot;loadingURI&quot;:&quot;#&quot;,&quot;pointer&quot;:&quot;/items/properties/nome&quot;}&#10;    domain: &quot;syntax&quot;&#10;    ignored: [&quot;examples&quot;]&#10;warning: the following keywords are unknown and will be ignored: [examples]&#10;    level: &quot;warning&quot;&#10;    schema: {&quot;loadingURI&quot;:&quot;#&quot;,&quot;pointer&quot;:&quot;/items/properties/parcelas&quot;}&#10;    domain: &quot;syntax&quot;&#10;    ignored: [&quot;examples&quot;]&#10;warning: the following keywords are unknown and will be ignored: [examples]&#10;    level: &quot;warning&quot;&#10;    schema: {&quot;loadingURI&quot;:&quot;#&quot;,&quot;pointer&quot;:&quot;/items/properties/seguro&quot;}&#10;    domain: &quot;syntax&quot;&#10;    ignored: [&quot;examples&quot;]&#10;warning: the following keywords are unknown and will be ignored: [examples]&#10;    level: &quot;warning&quot;&#10;    schema: {&quot;loadingURI&quot;:&quot;#&quot;,&quot;pointer&quot;:&quot;/items/properties/valor&quot;}&#10;    domain: &quot;syntax&quot;&#10;    ignored: [&quot;examples&quot;]&#10;warning: the following keywords are unknown and will be ignored: [examples]&#10;    level: &quot;warning&quot;&#10;    schema: {&quot;loadingURI&quot;:&quot;#&quot;,&quot;pointer&quot;:&quot;/items&quot;}&#10;    domain: &quot;syntax&quot;&#10;    ignored: [&quot;examples&quot;]&#10;warning: the following keywords are unknown and will be ignored: [examples]&#10;    level: &quot;warning&quot;&#10;    schema: {&quot;loadingURI&quot;:&quot;#&quot;,&quot;pointer&quot;:&quot;/items/properties/cpf&quot;}&#10;    domain: &quot;syntax&quot;&#10;    ignored: [&quot;examples&quot;]&#10;warning: the following keywords are unknown and will be ignored: [examples]&#10;    level: &quot;warning&quot;&#10;    schema: {&quot;loadingURI&quot;:&quot;#&quot;,&quot;pointer&quot;:&quot;/items/properties/email&quot;}&#10;    domain: &quot;syntax&quot;&#10;    ignored: [&quot;examples&quot;]&#10;warning: the following keywords are unknown and will be ignored: [examples]&#10;    level: &quot;warning&quot;&#10;    schema: {&quot;loadingURI&quot;:&quot;#&quot;,&quot;pointer&quot;:&quot;/items/properties/id&quot;}&#10;    domain: &quot;syntax&quot;&#10;    ignored: [&quot;examples&quot;]&#10;warning: the following keywords are unknown and will be ignored: [examples]&#10;    level: &quot;warning&quot;&#10;    schema: {&quot;loadingURI&quot;:&quot;#&quot;,&quot;pointer&quot;:&quot;/items/properties/nome&quot;}&#10;    domain: &quot;syntax&quot;&#10;    ignored: [&quot;examples&quot;]&#10;warning: the following keywords are unknown and will be ignored: [examples]&#10;    level: &quot;warning&quot;&#10;    schema: {&quot;loadingURI&quot;:&quot;#&quot;,&quot;pointer&quot;:&quot;/items/properties/parcelas&quot;}&#10;    domain: &quot;syntax&quot;&#10;    ignored: [&quot;examples&quot;]&#10;warning: the following keywords are unknown and will be ignored: [examples]&#10;    level: &quot;warning&quot;&#10;    schema: {&quot;loadingURI&quot;:&quot;#&quot;,&quot;pointer&quot;:&quot;/items/properties/seguro&quot;}&#10;    domain: &quot;syntax&quot;&#10;    ignored: [&quot;examples&quot;]&#10;warning: the following keywords are unknown and will be ignored: [examples]&#10;    level: &quot;warning&quot;&#10;    schema: {&quot;loadingURI&quot;:&quot;#&quot;,&quot;pointer&quot;:&quot;/items/properties/valor&quot;}&#10;    domain: &quot;syntax&quot;&#10;    ignored: [&quot;examples&quot;]&#10;warning: the following keywords are unknown and will be ignored: [examples]&#10;    level: &quot;warning&quot;&#10;    schema: {&quot;loadingURI&quot;:&quot;#&quot;,&quot;pointer&quot;:&quot;/items&quot;}&#10;    domain: &quot;syntax&quot;&#10;    ignored: [&quot;examples&quot;]&#10;warning: the following keywords are unknown and will be ignored: [examples]&#10;    level: &quot;warning&quot;&#10;    schema: {&quot;loadingURI&quot;:&quot;#&quot;,&quot;pointer&quot;:&quot;/items/properties/cpf&quot;}&#10;    domain: &quot;syntax&quot;&#10;    ignored: [&quot;examples&quot;]&#10;warning: the following keywords are unknown and will be ignored: [examples]&#10;    level: &quot;warning&quot;&#10;    schema: {&quot;loadingURI&quot;:&quot;#&quot;,&quot;pointer&quot;:&quot;/items/properties/email&quot;}&#10;    domain: &quot;syntax&quot;&#10;    ignored: [&quot;examples&quot;]&#10;warning: the following keywords are unknown and will be ignored: [examples]&#10;    level: &quot;warning&quot;&#10;    schema: {&quot;loadingURI&quot;:&quot;#&quot;,&quot;pointer&quot;:&quot;/items/properties/id&quot;}&#10;    domain: &quot;syntax&quot;&#10;    ignored: [&quot;examples&quot;]&#10;warning: the following keywords are unknown and will be ignored: [examples]&#10;    level: &quot;warning&quot;&#10;    schema: {&quot;loadingURI&quot;:&quot;#&quot;,&quot;pointer&quot;:&quot;/items/properties/nome&quot;}&#10;    domain: &quot;syntax&quot;&#10;    ignored: [&quot;examples&quot;]&#10;warning: the following keywords are unknown and will be ignored: [examples]&#10;    level: &quot;warning&quot;&#10;    schema: {&quot;loadingURI&quot;:&quot;#&quot;,&quot;pointer&quot;:&quot;/items/properties/parcelas&quot;}&#10;    domain: &quot;syntax&quot;&#10;    ignored: [&quot;examples&quot;]&#10;warning: the following keywords are unknown and will be ignored: [examples]&#10;    level: &quot;warning&quot;&#10;    schema: {&quot;loadingURI&quot;:&quot;#&quot;,&quot;pointer&quot;:&quot;/items/properties/seguro&quot;}&#10;    domain: &quot;syntax&quot;&#10;    ignored: [&quot;examples&quot;]&#10;warning: the following keywords are unknown and will be ignored: [examples]&#10;    level: &quot;warning&quot;&#10;    schema: {&quot;loadingURI&quot;:&quot;#&quot;,&quot;pointer&quot;:&quot;/items/properties/valor&quot;}&#10;    domain: &quot;syntax&quot;&#10;    ignored: [&quot;examples&quot;]&#10;warning: the following keywords are unknown and will be ignored: [examples]&#10;    level: &quot;warning&quot;&#10;    schema: {&quot;loadingURI&quot;:&quot;#&quot;,&quot;pointer&quot;:&quot;/items&quot;}&#10;    domain: &quot;syntax&quot;&#10;    ignored: [&quot;examples&quot;]&#10;warning: the following keywords are unknown and will be ignored: [examples]&#10;    level: &quot;warning&quot;&#10;    schema: {&quot;loadingURI&quot;:&quot;#&quot;,&quot;pointer&quot;:&quot;/items/properties/cpf&quot;}&#10;    domain: &quot;syntax&quot;&#10;    ignored: [&quot;examples&quot;]&#10;warning: the following keywords are unknown and will be ignored: [examples]&#10;    level: &quot;warning&quot;&#10;    schema: {&quot;loadingURI&quot;:&quot;#&quot;,&quot;pointer&quot;:&quot;/items/properties/email&quot;}&#10;    domain: &quot;syntax&quot;&#10;    ignored: [&quot;examples&quot;]&#10;warning: the following keywords are unknown and will be ignored: [examples]&#10;    level: &quot;warning&quot;&#10;    schema: {&quot;loadingURI&quot;:&quot;#&quot;,&quot;pointer&quot;:&quot;/items/properties/id&quot;}&#10;    domain: &quot;syntax&quot;&#10;    ignored: [&quot;examples&quot;]&#10;warning: the following keywords are unknown and will be ignored: [examples]&#10;    level: &quot;warning&quot;&#10;    schema: {&quot;loadingURI&quot;:&quot;#&quot;,&quot;pointer&quot;:&quot;/items/properties/nome&quot;}&#10;    domain: &quot;syntax&quot;&#10;    ignored: [&quot;examples&quot;]&#10;warning: the following keywords are unknown and will be ignored: [examples]&#10;    level: &quot;warning&quot;&#10;    schema: {&quot;loadingURI&quot;:&quot;#&quot;,&quot;pointer&quot;:&quot;/items/properties/parcelas&quot;}&#10;    domain: &quot;syntax&quot;&#10;    ignored: [&quot;examples&quot;]&#10;warning: the following keywords are unknown and will be ignored: [examples]&#10;    level: &quot;warning&quot;&#10;    schema: {&quot;loadingURI&quot;:&quot;#&quot;,&quot;pointer&quot;:&quot;/items/properties/seguro&quot;}&#10;    domain: &quot;syntax&quot;&#10;    ignored: [&quot;examples&quot;]&#10;warning: the following keywords are unknown and will be ignored: [examples]&#10;    level: &quot;warning&quot;&#10;    schema: {&quot;loadingURI&quot;:&quot;#&quot;,&quot;pointer&quot;:&quot;/items/properties/valor&quot;}&#10;    domain: &quot;syntax&quot;&#10;    ignored: [&quot;examples&quot;]&#10;warning: the following keywords are unknown and will be ignored: [examples]&#10;    level: &quot;warning&quot;&#10;    schema: {&quot;loadingURI&quot;:&quot;#&quot;,&quot;pointer&quot;:&quot;/items&quot;}&#10;    domain: &quot;syntax&quot;&#10;    ignored: [&quot;examples&quot;]&#10;warning: the following keywords are unknown and will be ignored: [examples]&#10;    level: &quot;warning&quot;&#10;    schema: {&quot;loadingURI&quot;:&quot;#&quot;,&quot;pointer&quot;:&quot;/items/properties/cpf&quot;}&#10;    domain: &quot;syntax&quot;&#10;    ignored: [&quot;examples&quot;]&#10;warning: the following keywords are unknown and will be ignored: [examples]&#10;    level: &quot;warning&quot;&#10;    schema: {&quot;loadingURI&quot;:&quot;#&quot;,&quot;pointer&quot;:&quot;/items/properties/email&quot;}&#10;    domain: &quot;syntax&quot;&#10;    ignored: [&quot;examples&quot;]&#10;warning: the following keywords are unknown and will be ignored: [examples]&#10;    level: &quot;warning&quot;&#10;    schema: {&quot;loadingURI&quot;:&quot;#&quot;,&quot;pointer&quot;:&quot;/items/properties/id&quot;}&#10;    domain: &quot;syntax&quot;&#10;    ignored: [&quot;examples&quot;]&#10;warning: the following keywords are unknown and will be ignored: [examples]&#10;    level: &quot;warning&quot;&#10;    schema: {&quot;loadingURI&quot;:&quot;#&quot;,&quot;pointer&quot;:&quot;/items/properties/nome&quot;}&#10;    domain: &quot;syntax&quot;&#10;    ignored: [&quot;examples&quot;]&#10;warning: the following keywords are unknown and will be ignored: [examples]&#10;    level: &quot;warning&quot;&#10;    schema: {&quot;loadingURI&quot;:&quot;#&quot;,&quot;pointer&quot;:&quot;/items/properties/parcelas&quot;}&#10;    domain: &quot;syntax&quot;&#10;    ignored: [&quot;examples&quot;]&#10;warning: the following keywords are unknown and will be ignored: [examples]&#10;    level: &quot;warning&quot;&#10;    schema: {&quot;loadingURI&quot;:&quot;#&quot;,&quot;pointer&quot;:&quot;/items/properties/seguro&quot;}&#10;    domain: &quot;syntax&quot;&#10;    ignored: [&quot;examples&quot;]&#10;warning: the following keywords are unknown and will be ignored: [examples]&#10;    level: &quot;warning&quot;&#10;    schema: {&quot;loadingURI&quot;:&quot;#&quot;,&quot;pointer&quot;:&quot;/items/properties/valor&quot;}&#10;    domain: &quot;syntax&quot;&#10;    ignored: [&quot;examples&quot;]&#10;warning: the following keywords are unknown and will be ignored: [examples]&#10;    level: &quot;warning&quot;&#10;    schema: {&quot;loadingURI&quot;:&quot;#&quot;,&quot;pointer&quot;:&quot;/items&quot;}&#10;    domain: &quot;syntax&quot;&#10;    ignored: [&quot;examples&quot;]&#10;warning: the following keywords are unknown and will be ignored: [examples]&#10;    level: &quot;warning&quot;&#10;    schema: {&quot;loadingURI&quot;:&quot;#&quot;,&quot;pointer&quot;:&quot;/items/properties/cpf&quot;}&#10;    domain: &quot;syntax&quot;&#10;    ignored: [&quot;examples&quot;]&#10;warning: the following keywords are unknown and will be ignored: [examples]&#10;    level: &quot;warning&quot;&#10;    schema: {&quot;loadingURI&quot;:&quot;#&quot;,&quot;pointer&quot;:&quot;/items/properties/email&quot;}&#10;    domain: &quot;syntax&quot;&#10;    ignored: [&quot;examples&quot;]&#10;warning: the following keywords are unknown and will be ignored: [examples]&#10;    level: &quot;warning&quot;&#10;    schema: {&quot;loadingURI&quot;:&quot;#&quot;,&quot;pointer&quot;:&quot;/items/properties/id&quot;}&#10;    domain: &quot;syntax&quot;&#10;    ignored: [&quot;examples&quot;]&#10;warning: the following keywords are unknown and will be ignored: [examples]&#10;    level: &quot;warning&quot;&#10;    schema: {&quot;loadingURI&quot;:&quot;#&quot;,&quot;pointer&quot;:&quot;/items/properties/nome&quot;}&#10;    domain: &quot;syntax&quot;&#10;    ignored: [&quot;examples&quot;]&#10;warning: the following keywords are unknown and will be ignored: [examples]&#10;    level: &quot;warning&quot;&#10;    schema: {&quot;loadingURI&quot;:&quot;#&quot;,&quot;pointer&quot;:&quot;/items/properties/parcelas&quot;}&#10;    domain: &quot;syntax&quot;&#10;    ignored: [&quot;examples&quot;]&#10;warning: the following keywords are unknown and will be ignored: [examples]&#10;    level: &quot;warning&quot;&#10;    schema: {&quot;loadingURI&quot;:&quot;#&quot;,&quot;pointer&quot;:&quot;/items/properties/seguro&quot;}&#10;    domain: &quot;syntax&quot;&#10;    ignored: [&quot;examples&quot;]&#10;warning: the following keywords are unknown and will be ignored: [examples]&#10;    level: &quot;warning&quot;&#10;    schema: {&quot;loadingURI&quot;:&quot;#&quot;,&quot;pointer&quot;:&quot;/items/properties/valor&quot;}&#10;    domain: &quot;syntax&quot;&#10;    ignored: [&quot;examples&quot;]&#10;warning: the following keywords are unknown and will be ignored: [examples]&#10;    level: &quot;warning&quot;&#10;    schema: {&quot;loadingURI&quot;:&quot;#&quot;,&quot;pointer&quot;:&quot;/items&quot;}&#10;    domain: &quot;syntax&quot;&#10;    ignored: [&quot;examples&quot;]&#10;warning: the following keywords are unknown and will be ignored: [examples]&#10;    level: &quot;warning&quot;&#10;    schema: {&quot;loadingURI&quot;:&quot;#&quot;,&quot;pointer&quot;:&quot;/items/properties/cpf&quot;}&#10;    domain: &quot;syntax&quot;&#10;    ignored: [&quot;examples&quot;]&#10;warning: the following keywords are unknown and will be ignored: [examples]&#10;    level: &quot;warning&quot;&#10;    schema: {&quot;loadingURI&quot;:&quot;#&quot;,&quot;pointer&quot;:&quot;/items/properties/email&quot;}&#10;    domain: &quot;syntax&quot;&#10;    ignored: [&quot;examples&quot;]&#10;warning: the following keywords are unknown and will be ignored: [examples]&#10;    level: &quot;warning&quot;&#10;    schema: {&quot;loadingURI&quot;:&quot;#&quot;,&quot;pointer&quot;:&quot;/items/properties/id&quot;}&#10;    domain: &quot;syntax&quot;&#10;    ignored: [&quot;examples&quot;]&#10;warning: the following keywords are unknown and will be ignored: [examples]&#10;    level: &quot;warning&quot;&#10;    schema: {&quot;loadingURI&quot;:&quot;#&quot;,&quot;pointer&quot;:&quot;/items/properties/nome&quot;}&#10;    domain: &quot;syntax&quot;&#10;    ignored: [&quot;examples&quot;]&#10;warning: the following keywords are unknown and will be ignored: [examples]&#10;    level: &quot;warning&quot;&#10;    schema: {&quot;loadingURI&quot;:&quot;#&quot;,&quot;pointer&quot;:&quot;/items/properties/parcelas&quot;}&#10;    domain: &quot;syntax&quot;&#10;    ignored: [&quot;examples&quot;]&#10;warning: the following keywords are unknown and will be ignored: [examples]&#10;    level: &quot;warning&quot;&#10;    schema: {&quot;loadingURI&quot;:&quot;#&quot;,&quot;pointer&quot;:&quot;/items/properties/seguro&quot;}&#10;    domain: &quot;syntax&quot;&#10;    ignored: [&quot;examples&quot;]&#10;warning: the following keywords are unknown and will be ignored: [examples]&#10;    level: &quot;warning&quot;&#10;    schema: {&quot;loadingURI&quot;:&quot;#&quot;,&quot;pointer&quot;:&quot;/items/properties/valor&quot;}&#10;    domain: &quot;syntax&quot;&#10;    ignored: [&quot;examples&quot;]&#10;warning: the following keywords are unknown and will be ignored: [examples]&#10;    level: &quot;warning&quot;&#10;    schema: {&quot;loadingURI&quot;:&quot;#&quot;,&quot;pointer&quot;:&quot;/items&quot;}&#10;    domain: &quot;syntax&quot;&#10;    ignored: [&quot;examples&quot;]&#10;warning: the following keywords are unknown and will be ignored: [examples]&#10;    level: &quot;warning&quot;&#10;    schema: {&quot;loadingURI&quot;:&quot;#&quot;,&quot;pointer&quot;:&quot;/items/properties/cpf&quot;}&#10;    domain: &quot;syntax&quot;&#10;    ignored: [&quot;examples&quot;]&#10;warning: the following keywords are unknown and will be ignored: [examples]&#10;    level: &quot;warning&quot;&#10;    schema: {&quot;loadingURI&quot;:&quot;#&quot;,&quot;pointer&quot;:&quot;/items/properties/email&quot;}&#10;    domain: &quot;syntax&quot;&#10;    ignored: [&quot;examples&quot;]&#10;warning: the following keywords are unknown and will be ignored: [examples]&#10;    level: &quot;warning&quot;&#10;    schema: {&quot;loadingURI&quot;:&quot;#&quot;,&quot;pointer&quot;:&quot;/items/properties/id&quot;}&#10;    domain: &quot;syntax&quot;&#10;    ignored: [&quot;examples&quot;]&#10;warning: the following keywords are unknown and will be ignored: [examples]&#10;    level: &quot;warning&quot;&#10;    schema: {&quot;loadingURI&quot;:&quot;#&quot;,&quot;pointer&quot;:&quot;/items/properties/nome&quot;}&#10;    domain: &quot;syntax&quot;&#10;    ignored: [&quot;examples&quot;]&#10;warning: the following keywords are unknown and will be ignored: [examples]&#10;    level: &quot;warning&quot;&#10;    schema: {&quot;loadingURI&quot;:&quot;#&quot;,&quot;pointer&quot;:&quot;/items/properties/parcelas&quot;}&#10;    domain: &quot;syntax&quot;&#10;    ignored: [&quot;examples&quot;]&#10;warning: the following keywords are unknown and will be ignored: [examples]&#10;    level: &quot;warning&quot;&#10;    schema: {&quot;loadingURI&quot;:&quot;#&quot;,&quot;pointer&quot;:&quot;/items/properties/seguro&quot;}&#10;    domain: &quot;syntax&quot;&#10;    ignored: [&quot;examples&quot;]&#10;warning: the following keywords are unknown and will be ignored: [examples]&#10;    level: &quot;warning&quot;&#10;    schema: {&quot;loadingURI&quot;:&quot;#&quot;,&quot;pointer&quot;:&quot;/items/properties/valor&quot;}&#10;    domain: &quot;syntax&quot;&#10;    ignored: [&quot;examples&quot;]&#10;warning: the following keywords are unknown and will be ignored: [examples]&#10;    level: &quot;warning&quot;&#10;    schema: {&quot;loadingURI&quot;:&quot;#&quot;,&quot;pointer&quot;:&quot;/items&quot;}&#10;    domain: &quot;syntax&quot;&#10;    ignored: [&quot;examples&quot;]&#10;warning: the following keywords are unknown and will be ignored: [examples]&#10;    level: &quot;warning&quot;&#10;    schema: {&quot;loadingURI&quot;:&quot;#&quot;,&quot;pointer&quot;:&quot;/items/properties/cpf&quot;}&#10;    domain: &quot;syntax&quot;&#10;    ignored: [&quot;examples&quot;]&#10;warning: the following keywords are unknown and will be ignored: [examples]&#10;    level: &quot;warning&quot;&#10;    schema: {&quot;loadingURI&quot;:&quot;#&quot;,&quot;pointer&quot;:&quot;/items/properties/email&quot;}&#10;    domain: &quot;syntax&quot;&#10;    ignored: [&quot;examples&quot;]&#10;warning: the following keywords are unknown and will be ignored: [examples]&#10;    level: &quot;warning&quot;&#10;    schema: {&quot;loadingURI&quot;:&quot;#&quot;,&quot;pointer&quot;:&quot;/items/properties/id&quot;}&#10;    domain: &quot;syntax&quot;&#10;    ignored: [&quot;examples&quot;]&#10;warning: the following keywords are unknown and will be ignored: [examples]&#10;    level: &quot;warning&quot;&#10;    schema: {&quot;loadingURI&quot;:&quot;#&quot;,&quot;pointer&quot;:&quot;/items/properties/nome&quot;}&#10;    domain: &quot;syntax&quot;&#10;    ignored: [&quot;examples&quot;]&#10;warning: the following keywords are unknown and will be ignored: [examples]&#10;    level: &quot;warning&quot;&#10;    schema: {&quot;loadingURI&quot;:&quot;#&quot;,&quot;pointer&quot;:&quot;/items/properties/parcelas&quot;}&#10;    domain: &quot;syntax&quot;&#10;    ignored: [&quot;examples&quot;]&#10;warning: the following keywords are unknown and will be ignored: [examples]&#10;    level: &quot;warning&quot;&#10;    schema: {&quot;loadingURI&quot;:&quot;#&quot;,&quot;pointer&quot;:&quot;/items/properties/seguro&quot;}&#10;    domain: &quot;syntax&quot;&#10;    ignored: [&quot;examples&quot;]&#10;warning: the following keywords are unknown and will be ignored: [examples]&#10;    level: &quot;warning&quot;&#10;    schema: {&quot;loadingURI&quot;:&quot;#&quot;,&quot;pointer&quot;:&quot;/items/properties/valor&quot;}&#10;    domain: &quot;syntax&quot;&#10;    ignored: [&quot;examples&quot;]&#10;warning: the following keywords are unknown and will be ignored: [examples]&#10;    level: &quot;warning&quot;&#10;    schema: {&quot;loadingURI&quot;:&quot;#&quot;,&quot;pointer&quot;:&quot;/items&quot;}&#10;    domain: &quot;syntax&quot;&#10;    ignored: [&quot;examples&quot;]&#10;warning: the following keywords are unknown and will be ignored: [examples]&#10;    level: &quot;warning&quot;&#10;    schema: {&quot;loadingURI&quot;:&quot;#&quot;,&quot;pointer&quot;:&quot;/items/properties/cpf&quot;}&#10;    domain: &quot;syntax&quot;&#10;    ignored: [&quot;examples&quot;]&#10;warning: the following keywords are unknown and will be ignored: [examples]&#10;    level: &quot;warning&quot;&#10;    schema: {&quot;loadingURI&quot;:&quot;#&quot;,&quot;pointer&quot;:&quot;/items/properties/email&quot;}&#10;    domain: &quot;syntax&quot;&#10;    ignored: [&quot;examples&quot;]&#10;warning: the following keywords are unknown and will be ignored: [examples]&#10;    level: &quot;warning&quot;&#10;    schema: {&quot;loadingURI&quot;:&quot;#&quot;,&quot;pointer&quot;:&quot;/items/properties/id&quot;}&#10;    domain: &quot;syntax&quot;&#10;    ignored: [&quot;examples&quot;]&#10;warning: the following keywords are unknown and will be ignored: [examples]&#10;    level: &quot;warning&quot;&#10;    schema: {&quot;loadingURI&quot;:&quot;#&quot;,&quot;pointer&quot;:&quot;/items/properties/nome&quot;}&#10;    domain: &quot;syntax&quot;&#10;    ignored: [&quot;examples&quot;]&#10;warning: the following keywords are unknown and will be ignored: [examples]&#10;    level: &quot;warning&quot;&#10;    schema: {&quot;loadingURI&quot;:&quot;#&quot;,&quot;pointer&quot;:&quot;/items/properties/parcelas&quot;}&#10;    domain: &quot;syntax&quot;&#10;    ignored: [&quot;examples&quot;]&#10;warning: the following keywords are unknown and will be ignored: [examples]&#10;    level: &quot;warning&quot;&#10;    schema: {&quot;loadingURI&quot;:&quot;#&quot;,&quot;pointer&quot;:&quot;/items/properties/seguro&quot;}&#10;    domain: &quot;syntax&quot;&#10;    ignored: [&quot;examples&quot;]&#10;warning: the following keywords are unknown and will be ignored: [examples]&#10;    level: &quot;warning&quot;&#10;    schema: {&quot;loadingURI&quot;:&quot;#&quot;,&quot;pointer&quot;:&quot;/items/properties/valor&quot;}&#10;    domain: &quot;syntax&quot;&#10;    ignored: [&quot;examples&quot;]&#10;warning: the following keywords are unknown and will be ignored: [examples]&#10;    level: &quot;warning&quot;&#10;    schema: {&quot;loadingURI&quot;:&quot;#&quot;,&quot;pointer&quot;:&quot;/items&quot;}&#10;    domain: &quot;syntax&quot;&#10;    ignored: [&quot;examples&quot;]&#10;warning: the following keywords are unknown and will be ignored: [examples]&#10;    level: &quot;warning&quot;&#10;    schema: {&quot;loadingURI&quot;:&quot;#&quot;,&quot;pointer&quot;:&quot;/items/properties/cpf&quot;}&#10;    domain: &quot;syntax&quot;&#10;    ignored: [&quot;examples&quot;]&#10;warning: the following keywords are unknown and will be ignored: [examples]&#10;    level: &quot;warning&quot;&#10;    schema: {&quot;loadingURI&quot;:&quot;#&quot;,&quot;pointer&quot;:&quot;/items/properties/email&quot;}&#10;    domain: &quot;syntax&quot;&#10;    ignored: [&quot;examples&quot;]&#10;warning: the following keywords are unknown and will be ignored: [examples]&#10;    level: &quot;warning&quot;&#10;    schema: {&quot;loadingURI&quot;:&quot;#&quot;,&quot;pointer&quot;:&quot;/items/properties/id&quot;}&#10;    domain: &quot;syntax&quot;&#10;    ignored: [&quot;examples&quot;]&#10;warning: the following keywords are unknown and will be ignored: [examples]&#10;    level: &quot;warning&quot;&#10;    schema: {&quot;loadingURI&quot;:&quot;#&quot;,&quot;pointer&quot;:&quot;/items/properties/nome&quot;}&#10;    domain: &quot;syntax&quot;&#10;    ignored: [&quot;examples&quot;]&#10;warning: the following keywords are unknown and will be ignored: [examples]&#10;    level: &quot;warning&quot;&#10;    schema: {&quot;loadingURI&quot;:&quot;#&quot;,&quot;pointer&quot;:&quot;/items/properties/parcelas&quot;}&#10;    domain: &quot;syntax&quot;&#10;    ignored: [&quot;examples&quot;]&#10;warning: the following keywords are unknown and will be ignored: [examples]&#10;    level: &quot;warning&quot;&#10;    schema: {&quot;loadingURI&quot;:&quot;#&quot;,&quot;pointer&quot;:&quot;/items/properties/seguro&quot;}&#10;    domain: &quot;syntax&quot;&#10;    ignored: [&quot;examples&quot;]&#10;warning: the following keywords are unknown and will be ignored: [examples]&#10;    level: &quot;warning&quot;&#10;    schema: {&quot;loadingURI&quot;:&quot;#&quot;,&quot;pointer&quot;:&quot;/items/properties/valor&quot;}&#10;    domain: &quot;syntax&quot;&#10;    ignored: [&quot;examples&quot;]&#10;warning: the following keywords are unknown and will be ignored: [examples]&#10;    level: &quot;warning&quot;&#10;    schema: {&quot;loadingURI&quot;:&quot;#&quot;,&quot;pointer&quot;:&quot;/items&quot;}&#10;    domain: &quot;syntax&quot;&#10;    ignored: [&quot;examples&quot;]&#10;warning: the following keywords are unknown and will be ignored: [examples]&#10;    level: &quot;warning&quot;&#10;    schema: {&quot;loadingURI&quot;:&quot;#&quot;,&quot;pointer&quot;:&quot;/items/properties/cpf&quot;}&#10;    domain: &quot;syntax&quot;&#10;    ignored: [&quot;examples&quot;]&#10;warning: the following keywords are unknown and will be ignored: [examples]&#10;    level: &quot;warning&quot;&#10;    schema: {&quot;loadingURI&quot;:&quot;#&quot;,&quot;pointer&quot;:&quot;/items/properties/email&quot;}&#10;    domain: &quot;syntax&quot;&#10;    ignored: [&quot;examples&quot;]&#10;warning: the following keywords are unknown and will be ignored: [examples]&#10;    level: &quot;warning&quot;&#10;    schema: {&quot;loadingURI&quot;:&quot;#&quot;,&quot;pointer&quot;:&quot;/items/properties/id&quot;}&#10;    domain: &quot;syntax&quot;&#10;    ignored: [&quot;examples&quot;]&#10;warning: the following keywords are unknown and will be ignored: [examples]&#10;    level: &quot;warning&quot;&#10;    schema: {&quot;loadingURI&quot;:&quot;#&quot;,&quot;pointer&quot;:&quot;/items/properties/nome&quot;}&#10;    domain: &quot;syntax&quot;&#10;    ignored: [&quot;examples&quot;]&#10;warning: the following keywords are unknown and will be ignored: [examples]&#10;    level: &quot;warning&quot;&#10;    schema: {&quot;loadingURI&quot;:&quot;#&quot;,&quot;pointer&quot;:&quot;/items/properties/parcelas&quot;}&#10;    domain: &quot;syntax&quot;&#10;    ignored: [&quot;examples&quot;]&#10;warning: the following keywords are unknown and will be ignored: [examples]&#10;    level: &quot;warning&quot;&#10;    schema: {&quot;loadingURI&quot;:&quot;#&quot;,&quot;pointer&quot;:&quot;/items/properties/seguro&quot;}&#10;    domain: &quot;syntax&quot;&#10;    ignored: [&quot;examples&quot;]&#10;warning: the following keywords are unknown and will be ignored: [examples]&#10;    level: &quot;warning&quot;&#10;    schema: {&quot;loadingURI&quot;:&quot;#&quot;,&quot;pointer&quot;:&quot;/items/properties/valor&quot;}&#10;    domain: &quot;syntax&quot;&#10;    ignored: [&quot;examples&quot;]&#10;warning: the following keywords are unknown and will be ignored: [examples]&#10;    level: &quot;warning&quot;&#10;    schema: {&quot;loadingURI&quot;:&quot;#&quot;,&quot;pointer&quot;:&quot;/items&quot;}&#10;    domain: &quot;syntax&quot;&#10;    ignored: [&quot;examples&quot;]&#10;warning: the following keywords are unknown and will be ignored: [examples]&#10;    level: &quot;warning&quot;&#10;    schema: {&quot;loadingURI&quot;:&quot;#&quot;,&quot;pointer&quot;:&quot;/items/properties/cpf&quot;}&#10;    domain: &quot;syntax&quot;&#10;    ignored: [&quot;examples&quot;]&#10;warning: the following keywords are unknown and will be ignored: [examples]&#10;    level: &quot;warning&quot;&#10;    schema: {&quot;loadingURI&quot;:&quot;#&quot;,&quot;pointer&quot;:&quot;/items/properties/email&quot;}&#10;    domain: &quot;syntax&quot;&#10;    ignored: [&quot;examples&quot;]&#10;warning: the following keywords are unknown and will be ignored: [examples]&#10;    level: &quot;warning&quot;&#10;    schema: {&quot;loadingURI&quot;:&quot;#&quot;,&quot;pointer&quot;:&quot;/items/properties/id&quot;}&#10;    domain: &quot;syntax&quot;&#10;    ignored: [&quot;examples&quot;]&#10;warning: the following keywords are unknown and will be ignored: [examples]&#10;    level: &quot;warning&quot;&#10;    schema: {&quot;loadingURI&quot;:&quot;#&quot;,&quot;pointer&quot;:&quot;/items/properties/nome&quot;}&#10;    domain: &quot;syntax&quot;&#10;    ignored: [&quot;examples&quot;]&#10;warning: the following keywords are unknown and will be ignored: [examples]&#10;    level: &quot;warning&quot;&#10;    schema: {&quot;loadingURI&quot;:&quot;#&quot;,&quot;pointer&quot;:&quot;/items/properties/parcelas&quot;}&#10;    domain: &quot;syntax&quot;&#10;    ignored: [&quot;examples&quot;]&#10;warning: the following keywords are unknown and will be ignored: [examples]&#10;    level: &quot;warning&quot;&#10;    schema: {&quot;loadingURI&quot;:&quot;#&quot;,&quot;pointer&quot;:&quot;/items/properties/seguro&quot;}&#10;    domain: &quot;syntax&quot;&#10;    ignored: [&quot;examples&quot;]&#10;warning: the following keywords are unknown and will be ignored: [examples]&#10;    level: &quot;warning&quot;&#10;    schema: {&quot;loadingURI&quot;:&quot;#&quot;,&quot;pointer&quot;:&quot;/items/properties/valor&quot;}&#10;    domain: &quot;syntax&quot;&#10;    ignored: [&quot;examples&quot;]&#10;warning: the following keywords are unknown and will be ignored: [examples]&#10;    level: &quot;warning&quot;&#10;    schema: {&quot;loadingURI&quot;:&quot;#&quot;,&quot;pointer&quot;:&quot;/items&quot;}&#10;    domain: &quot;syntax&quot;&#10;    ignored: [&quot;examples&quot;]&#10;warning: the following keywords are unknown and will be ignored: [examples]&#10;    level: &quot;warning&quot;&#10;    schema: {&quot;loadingURI&quot;:&quot;#&quot;,&quot;pointer&quot;:&quot;/items/properties/cpf&quot;}&#10;    domain: &quot;syntax&quot;&#10;    ignored: [&quot;examples&quot;]&#10;warning: the following keywords are unknown and will be ignored: [examples]&#10;    level: &quot;warning&quot;&#10;    schema: {&quot;loadingURI&quot;:&quot;#&quot;,&quot;pointer&quot;:&quot;/items/properties/email&quot;}&#10;    domain: &quot;syntax&quot;&#10;    ignored: [&quot;examples&quot;]&#10;warning: the following keywords are unknown and will be ignored: [examples]&#10;    level: &quot;warning&quot;&#10;    schema: {&quot;loadingURI&quot;:&quot;#&quot;,&quot;pointer&quot;:&quot;/items/properties/id&quot;}&#10;    domain: &quot;syntax&quot;&#10;    ignored: [&quot;examples&quot;]&#10;warning: the following keywords are unknown and will be ignored: [examples]&#10;    level: &quot;warning&quot;&#10;    schema: {&quot;loadingURI&quot;:&quot;#&quot;,&quot;pointer&quot;:&quot;/items/properties/nome&quot;}&#10;    domain: &quot;syntax&quot;&#10;    ignored: [&quot;examples&quot;]&#10;warning: the following keywords are unknown and will be ignored: [examples]&#10;    level: &quot;warning&quot;&#10;    schema: {&quot;loadingURI&quot;:&quot;#&quot;,&quot;pointer&quot;:&quot;/items/properties/parcelas&quot;}&#10;    domain: &quot;syntax&quot;&#10;    ignored: [&quot;examples&quot;]&#10;warning: the following keywords are unknown and will be ignored: [examples]&#10;    level: &quot;warning&quot;&#10;    schema: {&quot;loadingURI&quot;:&quot;#&quot;,&quot;pointer&quot;:&quot;/items/properties/seguro&quot;}&#10;    domain: &quot;syntax&quot;&#10;    ignored: [&quot;examples&quot;]&#10;warning: the following keywords are unknown and will be ignored: [examples]&#10;    level: &quot;warning&quot;&#10;    schema: {&quot;loadingURI&quot;:&quot;#&quot;,&quot;pointer&quot;:&quot;/items/properties/valor&quot;}&#10;    domain: &quot;syntax&quot;&#10;    ignored: [&quot;examples&quot;]&#10;warning: the following keywords are unknown and will be ignored: [examples]&#10;    level: &quot;warning&quot;&#10;    schema: {&quot;loadingURI&quot;:&quot;#&quot;,&quot;pointer&quot;:&quot;/items&quot;}&#10;    domain: &quot;syntax&quot;&#10;    ignored: [&quot;examples&quot;]&#10;warning: the following keywords are unknown and will be ignored: [examples]&#10;    level: &quot;warning&quot;&#10;    schema: {&quot;loadingURI&quot;:&quot;#&quot;,&quot;pointer&quot;:&quot;/items/properties/cpf&quot;}&#10;    domain: &quot;syntax&quot;&#10;    ignored: [&quot;examples&quot;]&#10;warning: the following keywords are unknown and will be ignored: [examples]&#10;    level: &quot;warning&quot;&#10;    schema: {&quot;loadingURI&quot;:&quot;#&quot;,&quot;pointer&quot;:&quot;/items/properties/email&quot;}&#10;    domain: &quot;syntax&quot;&#10;    ignored: [&quot;examples&quot;]&#10;warning: the following keywords are unknown and will be ignored: [examples]&#10;    level: &quot;warning&quot;&#10;    schema: {&quot;loadingURI&quot;:&quot;#&quot;,&quot;pointer&quot;:&quot;/items/properties/id&quot;}&#10;    domain: &quot;syntax&quot;&#10;    ignored: [&quot;examples&quot;]&#10;warning: the following keywords are unknown and will be ignored: [examples]&#10;    level: &quot;warning&quot;&#10;    schema: {&quot;loadingURI&quot;:&quot;#&quot;,&quot;pointer&quot;:&quot;/items/properties/nome&quot;}&#10;    domain: &quot;syntax&quot;&#10;    ignored: [&quot;examples&quot;]&#10;warning: the following keywords are unknown and will be ignored: [examples]&#10;    level: &quot;warning&quot;&#10;    schema: {&quot;loadingURI&quot;:&quot;#&quot;,&quot;pointer&quot;:&quot;/items/properties/parcelas&quot;}&#10;    domain: &quot;syntax&quot;&#10;    ignored: [&quot;examples&quot;]&#10;warning: the following keywords are unknown and will be ignored: [examples]&#10;    level: &quot;warning&quot;&#10;    schema: {&quot;loadingURI&quot;:&quot;#&quot;,&quot;pointer&quot;:&quot;/items/properties/seguro&quot;}&#10;    domain: &quot;syntax&quot;&#10;    ignored: [&quot;examples&quot;]&#10;warning: the following keywords are unknown and will be ignored: [examples]&#10;    level: &quot;warning&quot;&#10;    schema: {&quot;loadingURI&quot;:&quot;#&quot;,&quot;pointer&quot;:&quot;/items/properties/valor&quot;}&#10;    domain: &quot;syntax&quot;&#10;    ignored: [&quot;examples&quot;]&#10;warning: the following keywords are unknown and will be ignored: [examples]&#10;    level: &quot;warning&quot;&#10;    schema: {&quot;loadingURI&quot;:&quot;#&quot;,&quot;pointer&quot;:&quot;/items&quot;}&#10;    domain: &quot;syntax&quot;&#10;    ignored: [&quot;examples&quot;]&#10;warning: the following keywords are unknown and will be ignored: [examples]&#10;    level: &quot;warning&quot;&#10;    schema: {&quot;loadingURI&quot;:&quot;#&quot;,&quot;pointer&quot;:&quot;/items/properties/cpf&quot;}&#10;    domain: &quot;syntax&quot;&#10;    ignored: [&quot;examples&quot;]&#10;warning: the following keywords are unknown and will be ignored: [examples]&#10;    level: &quot;warning&quot;&#10;    schema: {&quot;loadingURI&quot;:&quot;#&quot;,&quot;pointer&quot;:&quot;/items/properties/email&quot;}&#10;    domain: &quot;syntax&quot;&#10;    ignored: [&quot;examples&quot;]&#10;warning: the following keywords are unknown and will be ignored: [examples]&#10;    level: &quot;warning&quot;&#10;    schema: {&quot;loadingURI&quot;:&quot;#&quot;,&quot;pointer&quot;:&quot;/items/properties/id&quot;}&#10;    domain: &quot;syntax&quot;&#10;    ignored: [&quot;examples&quot;]&#10;warning: the following keywords are unknown and will be ignored: [examples]&#10;    level: &quot;warning&quot;&#10;    schema: {&quot;loadingURI&quot;:&quot;#&quot;,&quot;pointer&quot;:&quot;/items/properties/nome&quot;}&#10;    domain: &quot;syntax&quot;&#10;    ignored: [&quot;examples&quot;]&#10;warning: the following keywords are unknown and will be ignored: [examples]&#10;    level: &quot;warning&quot;&#10;    schema: {&quot;loadingURI&quot;:&quot;#&quot;,&quot;pointer&quot;:&quot;/items/properties/parcelas&quot;}&#10;    domain: &quot;syntax&quot;&#10;    ignored: [&quot;examples&quot;]&#10;warning: the following keywords are unknown and will be ignored: [examples]&#10;    level: &quot;warning&quot;&#10;    schema: {&quot;loadingURI&quot;:&quot;#&quot;,&quot;pointer&quot;:&quot;/items/properties/seguro&quot;}&#10;    domain: &quot;syntax&quot;&#10;    ignored: [&quot;examples&quot;]&#10;warning: the following keywords are unknown and will be ignored: [examples]&#10;    level: &quot;warning&quot;&#10;    schema: {&quot;loadingURI&quot;:&quot;#&quot;,&quot;pointer&quot;:&quot;/items/properties/valor&quot;}&#10;    domain: &quot;syntax&quot;&#10;    ignored: [&quot;examples&quot;]&#10;warning: the following keywords are unknown and will be ignored: [examples]&#10;    level: &quot;warning&quot;&#10;    schema: {&quot;loadingURI&quot;:&quot;#&quot;,&quot;pointer&quot;:&quot;/items&quot;}&#10;    domain: &quot;syntax&quot;&#10;    ignored: [&quot;examples&quot;]&#10;warning: the following keywords are unknown and will be ignored: [examples]&#10;    level: &quot;warning&quot;&#10;    schema: {&quot;loadingURI&quot;:&quot;#&quot;,&quot;pointer&quot;:&quot;/items/properties/cpf&quot;}&#10;    domain: &quot;syntax&quot;&#10;    ignored: [&quot;examples&quot;]&#10;warning: the following keywords are unknown and will be ignored: [examples]&#10;    level: &quot;warning&quot;&#10;    schema: {&quot;loadingURI&quot;:&quot;#&quot;,&quot;pointer&quot;:&quot;/items/properties/email&quot;}&#10;    domain: &quot;syntax&quot;&#10;    ignored: [&quot;examples&quot;]&#10;warning: the following keywords are unknown and will be ignored: [examples]&#10;    level: &quot;warning&quot;&#10;    schema: {&quot;loadingURI&quot;:&quot;#&quot;,&quot;pointer&quot;:&quot;/items/properties/id&quot;}&#10;    domain: &quot;syntax&quot;&#10;    ignored: [&quot;examples&quot;]&#10;warning: the following keywords are unknown and will be ignored: [examples]&#10;    level: &quot;warning&quot;&#10;    schema: {&quot;loadingURI&quot;:&quot;#&quot;,&quot;pointer&quot;:&quot;/items/properties/nome&quot;}&#10;    domain: &quot;syntax&quot;&#10;    ignored: [&quot;examples&quot;]&#10;warning: the following keywords are unknown and will be ignored: [examples]&#10;    level: &quot;warning&quot;&#10;    schema: {&quot;loadingURI&quot;:&quot;#&quot;,&quot;pointer&quot;:&quot;/items/properties/parcelas&quot;}&#10;    domain: &quot;syntax&quot;&#10;    ignored: [&quot;examples&quot;]&#10;warning: the following keywords are unknown and will be ignored: [examples]&#10;    level: &quot;warning&quot;&#10;    schema: {&quot;loadingURI&quot;:&quot;#&quot;,&quot;pointer&quot;:&quot;/items/properties/seguro&quot;}&#10;    domain: &quot;syntax&quot;&#10;    ignored: [&quot;examples&quot;]&#10;warning: the following keywords are unknown and will be ignored: [examples]&#10;    level: &quot;warning&quot;&#10;    schema: {&quot;loadingURI&quot;:&quot;#&quot;,&quot;pointer&quot;:&quot;/items/properties/valor&quot;}&#10;    domain: &quot;syntax&quot;&#10;    ignored: [&quot;examples&quot;]&#10;warning: the following keywords are unknown and will be ignored: [examples]&#10;    level: &quot;warning&quot;&#10;    schema: {&quot;loadingURI&quot;:&quot;#&quot;,&quot;pointer&quot;:&quot;/items&quot;}&#10;    domain: &quot;syntax&quot;&#10;    ignored: [&quot;examples&quot;]&#10;warning: the following keywords are unknown and will be ignored: [examples]&#10;    level: &quot;warning&quot;&#10;    schema: {&quot;loadingURI&quot;:&quot;#&quot;,&quot;pointer&quot;:&quot;/items/properties/cpf&quot;}&#10;    domain: &quot;syntax&quot;&#10;    ignored: [&quot;examples&quot;]&#10;warning: the following keywords are unknown and will be ignored: [examples]&#10;    level: &quot;warning&quot;&#10;    schema: {&quot;loadingURI&quot;:&quot;#&quot;,&quot;pointer&quot;:&quot;/items/properties/email&quot;}&#10;    domain: &quot;syntax&quot;&#10;    ignored: [&quot;examples&quot;]&#10;warning: the following keywords are unknown and will be ignored: [examples]&#10;    level: &quot;warning&quot;&#10;    schema: {&quot;loadingURI&quot;:&quot;#&quot;,&quot;pointer&quot;:&quot;/items/properties/id&quot;}&#10;    domain: &quot;syntax&quot;&#10;    ignored: [&quot;examples&quot;]&#10;warning: the following keywords are unknown and will be ignored: [examples]&#10;    level: &quot;warning&quot;&#10;    schema: {&quot;loadingURI&quot;:&quot;#&quot;,&quot;pointer&quot;:&quot;/items/properties/nome&quot;}&#10;    domain: &quot;syntax&quot;&#10;    ignored: [&quot;examples&quot;]&#10;warning: the following keywords are unknown and will be ignored: [examples]&#10;    level: &quot;warning&quot;&#10;    schema: {&quot;loadingURI&quot;:&quot;#&quot;,&quot;pointer&quot;:&quot;/items/properties/parcelas&quot;}&#10;    domain: &quot;syntax&quot;&#10;    ignored: [&quot;examples&quot;]&#10;warning: the following keywords are unknown and will be ignored: [examples]&#10;    level: &quot;warning&quot;&#10;    schema: {&quot;loadingURI&quot;:&quot;#&quot;,&quot;pointer&quot;:&quot;/items/properties/seguro&quot;}&#10;    domain: &quot;syntax&quot;&#10;    ignored: [&quot;examples&quot;]&#10;warning: the following keywords are unknown and will be ignored: [examples]&#10;    level: &quot;warning&quot;&#10;    schema: {&quot;loadingURI&quot;:&quot;#&quot;,&quot;pointer&quot;:&quot;/items/properties/valor&quot;}&#10;    domain: &quot;syntax&quot;&#10;    ignored: [&quot;examples&quot;]&#10;warning: the following keywords are unknown and will be ignored: [examples]&#10;    level: &quot;warning&quot;&#10;    schema: {&quot;loadingURI&quot;:&quot;#&quot;,&quot;pointer&quot;:&quot;/items&quot;}&#10;    domain: &quot;syntax&quot;&#10;    ignored: [&quot;examples&quot;]&#10;warning: the following keywords are unknown and will be ignored: [examples]&#10;    level: &quot;warning&quot;&#10;    schema: {&quot;loadingURI&quot;:&quot;#&quot;,&quot;pointer&quot;:&quot;/items/properties/cpf&quot;}&#10;    domain: &quot;syntax&quot;&#10;    ignored: [&quot;examples&quot;]&#10;warning: the following keywords are unknown and will be ignored: [examples]&#10;    level: &quot;warning&quot;&#10;    schema: {&quot;loadingURI&quot;:&quot;#&quot;,&quot;pointer&quot;:&quot;/items/properties/email&quot;}&#10;    domain: &quot;syntax&quot;&#10;    ignored: [&quot;examples&quot;]&#10;warning: the following keywords are unknown and will be ignored: [examples]&#10;    level: &quot;warning&quot;&#10;    schema: {&quot;loadingURI&quot;:&quot;#&quot;,&quot;pointer&quot;:&quot;/items/properties/id&quot;}&#10;    domain: &quot;syntax&quot;&#10;    ignored: [&quot;examples&quot;]&#10;warning: the following keywords are unknown and will be ignored: [examples]&#10;    level: &quot;warning&quot;&#10;    schema: {&quot;loadingURI&quot;:&quot;#&quot;,&quot;pointer&quot;:&quot;/items/properties/nome&quot;}&#10;    domain: &quot;syntax&quot;&#10;    ignored: [&quot;examples&quot;]&#10;warning: the following keywords are unknown and will be ignored: [examples]&#10;    level: &quot;warning&quot;&#10;    schema: {&quot;loadingURI&quot;:&quot;#&quot;,&quot;pointer&quot;:&quot;/items/properties/parcelas&quot;}&#10;    domain: &quot;syntax&quot;&#10;    ignored: [&quot;examples&quot;]&#10;warning: the following keywords are unknown and will be ignored: [examples]&#10;    level: &quot;warning&quot;&#10;    schema: {&quot;loadingURI&quot;:&quot;#&quot;,&quot;pointer&quot;:&quot;/items/properties/seguro&quot;}&#10;    domain: &quot;syntax&quot;&#10;    ignored: [&quot;examples&quot;]&#10;warning: the following keywords are unknown and will be ignored: [examples]&#10;    level: &quot;warning&quot;&#10;    schema: {&quot;loadingURI&quot;:&quot;#&quot;,&quot;pointer&quot;:&quot;/items/properties/valor&quot;}&#10;    domain: &quot;syntax&quot;&#10;    ignored: [&quot;examples&quot;]&#10;warning: the following keywords are unknown and will be ignored: [examples]&#10;    level: &quot;warning&quot;&#10;    schema: {&quot;loadingURI&quot;:&quot;#&quot;,&quot;pointer&quot;:&quot;/items&quot;}&#10;    domain: &quot;syntax&quot;&#10;    ignored: [&quot;examples&quot;]&#10;warning: the following keywords are unknown and will be ignored: [examples]&#10;    level: &quot;warning&quot;&#10;    schema: {&quot;loadingURI&quot;:&quot;#&quot;,&quot;pointer&quot;:&quot;/items/properties/cpf&quot;}&#10;    domain: &quot;syntax&quot;&#10;    ignored: [&quot;examples&quot;]&#10;warning: the following keywords are unknown and will be ignored: [examples]&#10;    level: &quot;warning&quot;&#10;    schema: {&quot;loadingURI&quot;:&quot;#&quot;,&quot;pointer&quot;:&quot;/items/properties/email&quot;}&#10;    domain: &quot;syntax&quot;&#10;    ignored: [&quot;examples&quot;]&#10;warning: the following keywords are unknown and will be ignored: [examples]&#10;    level: &quot;warning&quot;&#10;    schema: {&quot;loadingURI&quot;:&quot;#&quot;,&quot;pointer&quot;:&quot;/items/properties/id&quot;}&#10;    domain: &quot;syntax&quot;&#10;    ignored: [&quot;examples&quot;]&#10;warning: the following keywords are unknown and will be ignored: [examples]&#10;    level: &quot;warning&quot;&#10;    schema: {&quot;loadingURI&quot;:&quot;#&quot;,&quot;pointer&quot;:&quot;/items/properties/nome&quot;}&#10;    domain: &quot;syntax&quot;&#10;    ignored: [&quot;examples&quot;]&#10;warning: the following keywords are unknown and will be ignored: [examples]&#10;    level: &quot;warning&quot;&#10;    schema: {&quot;loadingURI&quot;:&quot;#&quot;,&quot;pointer&quot;:&quot;/items/properties/parcelas&quot;}&#10;    domain: &quot;syntax&quot;&#10;    ignored: [&quot;examples&quot;]&#10;warning: the following keywords are unknown and will be ignored: [examples]&#10;    level: &quot;warning&quot;&#10;    schema: {&quot;loadingURI&quot;:&quot;#&quot;,&quot;pointer&quot;:&quot;/items/properties/seguro&quot;}&#10;    domain: &quot;syntax&quot;&#10;    ignored: [&quot;examples&quot;]&#10;warning: the following keywords are unknown and will be ignored: [examples]&#10;    level: &quot;warning&quot;&#10;    schema: {&quot;loadingURI&quot;:&quot;#&quot;,&quot;pointer&quot;:&quot;/items/properties/valor&quot;}&#10;    domain: &quot;syntax&quot;&#10;    ignored: [&quot;examples&quot;]&#10;warning: the following keywords are unknown and will be ignored: [examples]&#10;    level: &quot;warning&quot;&#10;    schema: {&quot;loadingURI&quot;:&quot;#&quot;,&quot;pointer&quot;:&quot;/items&quot;}&#10;    domain: &quot;syntax&quot;&#10;    ignored: [&quot;examples&quot;]&#10;warning: the following keywords are unknown and will be ignored: [examples]&#10;    level: &quot;warning&quot;&#10;    schema: {&quot;loadingURI&quot;:&quot;#&quot;,&quot;pointer&quot;:&quot;/items/properties/cpf&quot;}&#10;    domain: &quot;syntax&quot;&#10;    ignored: [&quot;examples&quot;]&#10;warning: the following keywords are unknown and will be ignored: [examples]&#10;    level: &quot;warning&quot;&#10;    schema: {&quot;loadingURI&quot;:&quot;#&quot;,&quot;pointer&quot;:&quot;/items/properties/email&quot;}&#10;    domain: &quot;syntax&quot;&#10;    ignored: [&quot;examples&quot;]&#10;warning: the following keywords are unknown and will be ignored: [examples]&#10;    level: &quot;warning&quot;&#10;    schema: {&quot;loadingURI&quot;:&quot;#&quot;,&quot;pointer&quot;:&quot;/items/properties/id&quot;}&#10;    domain: &quot;syntax&quot;&#10;    ignored: [&quot;examples&quot;]&#10;warning: the following keywords are unknown and will be ignored: [examples]&#10;    level: &quot;warning&quot;&#10;    schema: {&quot;loadingURI&quot;:&quot;#&quot;,&quot;pointer&quot;:&quot;/items/properties/nome&quot;}&#10;    domain: &quot;syntax&quot;&#10;    ignored: [&quot;examples&quot;]&#10;warning: the following keywords are unknown and will be ignored: [examples]&#10;    level: &quot;warning&quot;&#10;    schema: {&quot;loadingURI&quot;:&quot;#&quot;,&quot;pointer&quot;:&quot;/items/properties/parcelas&quot;}&#10;    domain: &quot;syntax&quot;&#10;    ignored: [&quot;examples&quot;]&#10;warning: the following keywords are unknown and will be ignored: [examples]&#10;    level: &quot;warning&quot;&#10;    schema: {&quot;loadingURI&quot;:&quot;#&quot;,&quot;pointer&quot;:&quot;/items/properties/seguro&quot;}&#10;    domain: &quot;syntax&quot;&#10;    ignored: [&quot;examples&quot;]&#10;warning: the following keywords are unknown and will be ignored: [examples]&#10;    level: &quot;warning&quot;&#10;    schema: {&quot;loadingURI&quot;:&quot;#&quot;,&quot;pointer&quot;:&quot;/items/properties/valor&quot;}&#10;    domain: &quot;syntax&quot;&#10;    ignored: [&quot;examples&quot;]&#10;warning: the following keywords are unknown and will be ignored: [examples]&#10;    level: &quot;warning&quot;&#10;    schema: {&quot;loadingURI&quot;:&quot;#&quot;,&quot;pointer&quot;:&quot;/items&quot;}&#10;    domain: &quot;syntax&quot;&#10;    ignored: [&quot;examples&quot;]&#10;warning: the following keywords are unknown and will be ignored: [examples]&#10;    level: &quot;warning&quot;&#10;    schema: {&quot;loadingURI&quot;:&quot;#&quot;,&quot;pointer&quot;:&quot;/items/properties/cpf&quot;}&#10;    domain: &quot;syntax&quot;&#10;    ignored: [&quot;examples&quot;]&#10;warning: the following keywords are unknown and will be ignored: [examples]&#10;    level: &quot;warning&quot;&#10;    schema: {&quot;loadingURI&quot;:&quot;#&quot;,&quot;pointer&quot;:&quot;/items/properties/email&quot;}&#10;    domain: &quot;syntax&quot;&#10;    ignored: [&quot;examples&quot;]&#10;warning: the following keywords are unknown and will be ignored: [examples]&#10;    level: &quot;warning&quot;&#10;    schema: {&quot;loadingURI&quot;:&quot;#&quot;,&quot;pointer&quot;:&quot;/items/properties/id&quot;}&#10;    domain: &quot;syntax&quot;&#10;    ignored: [&quot;examples&quot;]&#10;warning: the following keywords are unknown and will be ignored: [examples]&#10;    level: &quot;warning&quot;&#10;    schema: {&quot;loadingURI&quot;:&quot;#&quot;,&quot;pointer&quot;:&quot;/items/properties/nome&quot;}&#10;    domain: &quot;syntax&quot;&#10;    ignored: [&quot;examples&quot;]&#10;warning: the following keywords are unknown and will be ignored: [examples]&#10;    level: &quot;warning&quot;&#10;    schema: {&quot;loadingURI&quot;:&quot;#&quot;,&quot;pointer&quot;:&quot;/items/properties/parcelas&quot;}&#10;    domain: &quot;syntax&quot;&#10;    ignored: [&quot;examples&quot;]&#10;warning: the following keywords are unknown and will be ignored: [examples]&#10;    level: &quot;warning&quot;&#10;    schema: {&quot;loadingURI&quot;:&quot;#&quot;,&quot;pointer&quot;:&quot;/items/properties/seguro&quot;}&#10;    domain: &quot;syntax&quot;&#10;    ignored: [&quot;examples&quot;]&#10;warning: the following keywords are unknown and will be ignored: [examples]&#10;    level: &quot;warning&quot;&#10;    schema: {&quot;loadingURI&quot;:&quot;#&quot;,&quot;pointer&quot;:&quot;/items/properties/valor&quot;}&#10;    domain: &quot;syntax&quot;&#10;    ignored: [&quot;examples&quot;]&#10;warning: the following keywords are unknown and will be ignored: [examples]&#10;    level: &quot;warning&quot;&#10;    schema: {&quot;loadingURI&quot;:&quot;#&quot;,&quot;pointer&quot;:&quot;/items&quot;}&#10;    domain: &quot;syntax&quot;&#10;    ignored: [&quot;examples&quot;]&#10;warning: the following keywords are unknown and will be ignored: [examples]&#10;    level: &quot;warning&quot;&#10;    schema: {&quot;loadingURI&quot;:&quot;#&quot;,&quot;pointer&quot;:&quot;/items/properties/cpf&quot;}&#10;    domain: &quot;syntax&quot;&#10;    ignored: [&quot;examples&quot;]&#10;warning: the following keywords are unknown and will be ignored: [examples]&#10;    level: &quot;warning&quot;&#10;    schema: {&quot;loadingURI&quot;:&quot;#&quot;,&quot;pointer&quot;:&quot;/items/properties/email&quot;}&#10;    domain: &quot;syntax&quot;&#10;    ignored: [&quot;examples&quot;]&#10;warning: the following keywords are unknown and will be ignored: [examples]&#10;    level: &quot;warning&quot;&#10;    schema: {&quot;loadingURI&quot;:&quot;#&quot;,&quot;pointer&quot;:&quot;/items/properties/id&quot;}&#10;    domain: &quot;syntax&quot;&#10;    ignored: [&quot;examples&quot;]&#10;warning: the following keywords are unknown and will be ignored: [examples]&#10;    level: &quot;warning&quot;&#10;    schema: {&quot;loadingURI&quot;:&quot;#&quot;,&quot;pointer&quot;:&quot;/items/properties/nome&quot;}&#10;    domain: &quot;syntax&quot;&#10;    ignored: [&quot;examples&quot;]&#10;warning: the following keywords are unknown and will be ignored: [examples]&#10;    level: &quot;warning&quot;&#10;    schema: {&quot;loadingURI&quot;:&quot;#&quot;,&quot;pointer&quot;:&quot;/items/properties/parcelas&quot;}&#10;    domain: &quot;syntax&quot;&#10;    ignored: [&quot;examples&quot;]&#10;warning: the following keywords are unknown and will be ignored: [examples]&#10;    level: &quot;warning&quot;&#10;    schema: {&quot;loadingURI&quot;:&quot;#&quot;,&quot;pointer&quot;:&quot;/items/properties/seguro&quot;}&#10;    domain: &quot;syntax&quot;&#10;    ignored: [&quot;examples&quot;]&#10;warning: the following keywords are unknown and will be ignored: [examples]&#10;    level: &quot;warning&quot;&#10;    schema: {&quot;loadingURI&quot;:&quot;#&quot;,&quot;pointer&quot;:&quot;/items/properties/valor&quot;}&#10;    domain: &quot;syntax&quot;&#10;    ignored: [&quot;examples&quot;]&#10;warning: the following keywords are unknown and will be ignored: [examples]&#10;    level: &quot;warning&quot;&#10;    schema: {&quot;loadingURI&quot;:&quot;#&quot;,&quot;pointer&quot;:&quot;/items&quot;}&#10;    domain: &quot;syntax&quot;&#10;    ignored: [&quot;examples&quot;]&#10;warning: the following keywords are unknown and will be ignored: [examples]&#10;    level: &quot;warning&quot;&#10;    schema: {&quot;loadingURI&quot;:&quot;#&quot;,&quot;pointer&quot;:&quot;/items/properties/cpf&quot;}&#10;    domain: &quot;syntax&quot;&#10;    ignored: [&quot;examples&quot;]&#10;warning: the following keywords are unknown and will be ignored: [examples]&#10;    level: &quot;warning&quot;&#10;    schema: {&quot;loadingURI&quot;:&quot;#&quot;,&quot;pointer&quot;:&quot;/items/properties/email&quot;}&#10;    domain: &quot;syntax&quot;&#10;    ignored: [&quot;examples&quot;]&#10;warning: the following keywords are unknown and will be ignored: [examples]&#10;    level: &quot;warning&quot;&#10;    schema: {&quot;loadingURI&quot;:&quot;#&quot;,&quot;pointer&quot;:&quot;/items/properties/id&quot;}&#10;    domain: &quot;syntax&quot;&#10;    ignored: [&quot;examples&quot;]&#10;warning: the following keywords are unknown and will be ignored: [examples]&#10;    level: &quot;warning&quot;&#10;    schema: {&quot;loadingURI&quot;:&quot;#&quot;,&quot;pointer&quot;:&quot;/items/properties/nome&quot;}&#10;    domain: &quot;syntax&quot;&#10;    ignored: [&quot;examples&quot;]&#10;warning: the following keywords are unknown and will be ignored: [examples]&#10;    level: &quot;warning&quot;&#10;    schema: {&quot;loadingURI&quot;:&quot;#&quot;,&quot;pointer&quot;:&quot;/items/properties/parcelas&quot;}&#10;    domain: &quot;syntax&quot;&#10;    ignored: [&quot;examples&quot;]&#10;warning: the following keywords are unknown and will be ignored: [examples]&#10;    level: &quot;warning&quot;&#10;    schema: {&quot;loadingURI&quot;:&quot;#&quot;,&quot;pointer&quot;:&quot;/items/properties/seguro&quot;}&#10;    domain: &quot;syntax&quot;&#10;    ignored: [&quot;examples&quot;]&#10;warning: the following keywords are unknown and will be ignored: [examples]&#10;    level: &quot;warning&quot;&#10;    schema: {&quot;loadingURI&quot;:&quot;#&quot;,&quot;pointer&quot;:&quot;/items/properties/valor&quot;}&#10;    domain: &quot;syntax&quot;&#10;    ignored: [&quot;examples&quot;]&#10;warning: the following keywords are unknown and will be ignored: [examples]&#10;    level: &quot;warning&quot;&#10;    schema: {&quot;loadingURI&quot;:&quot;#&quot;,&quot;pointer&quot;:&quot;/items&quot;}&#10;    domain: &quot;syntax&quot;&#10;    ignored: [&quot;examples&quot;]&#10;warning: the following keywords are unknown and will be ignored: [examples]&#10;    level: &quot;warning&quot;&#10;    schema: {&quot;loadingURI&quot;:&quot;#&quot;,&quot;pointer&quot;:&quot;/items/properties/cpf&quot;}&#10;    domain: &quot;syntax&quot;&#10;    ignored: [&quot;examples&quot;]&#10;warning: the following keywords are unknown and will be ignored: [examples]&#10;    level: &quot;warning&quot;&#10;    schema: {&quot;loadingURI&quot;:&quot;#&quot;,&quot;pointer&quot;:&quot;/items/properties/email&quot;}&#10;    domain: &quot;syntax&quot;&#10;    ignored: [&quot;examples&quot;]&#10;warning: the following keywords are unknown and will be ignored: [examples]&#10;    level: &quot;warning&quot;&#10;    schema: {&quot;loadingURI&quot;:&quot;#&quot;,&quot;pointer&quot;:&quot;/items/properties/id&quot;}&#10;    domain: &quot;syntax&quot;&#10;    ignored: [&quot;examples&quot;]&#10;warning: the following keywords are unknown and will be ignored: [examples]&#10;    level: &quot;warning&quot;&#10;    schema: {&quot;loadingURI&quot;:&quot;#&quot;,&quot;pointer&quot;:&quot;/items/properties/nome&quot;}&#10;    domain: &quot;syntax&quot;&#10;    ignored: [&quot;examples&quot;]&#10;warning: the following keywords are unknown and will be ignored: [examples]&#10;    level: &quot;warning&quot;&#10;    schema: {&quot;loadingURI&quot;:&quot;#&quot;,&quot;pointer&quot;:&quot;/items/properties/parcelas&quot;}&#10;    domain: &quot;syntax&quot;&#10;    ignored: [&quot;examples&quot;]&#10;warning: the following keywords are unknown and will be ignored: [examples]&#10;    level: &quot;warning&quot;&#10;    schema: {&quot;loadingURI&quot;:&quot;#&quot;,&quot;pointer&quot;:&quot;/items/properties/seguro&quot;}&#10;    domain: &quot;syntax&quot;&#10;    ignored: [&quot;examples&quot;]&#10;warning: the following keywords are unknown and will be ignored: [examples]&#10;    level: &quot;warning&quot;&#10;    schema: {&quot;loadingURI&quot;:&quot;#&quot;,&quot;pointer&quot;:&quot;/items/properties/valor&quot;}&#10;    domain: &quot;syntax&quot;&#10;    ignored: [&quot;examples&quot;]&#10;warning: the following keywords are unknown and will be ignored: [examples]&#10;    level: &quot;warning&quot;&#10;    schema: {&quot;loadingURI&quot;:&quot;#&quot;,&quot;pointer&quot;:&quot;/items&quot;}&#10;    domain: &quot;syntax&quot;&#10;    ignored: [&quot;examples&quot;]&#10;warning: the following keywords are unknown and will be ignored: [examples]&#10;    level: &quot;warning&quot;&#10;    schema: {&quot;loadingURI&quot;:&quot;#&quot;,&quot;pointer&quot;:&quot;/items/properties/cpf&quot;}&#10;    domain: &quot;syntax&quot;&#10;    ignored: [&quot;examples&quot;]&#10;warning: the following keywords are unknown and will be ignored: [examples]&#10;    level: &quot;warning&quot;&#10;    schema: {&quot;loadingURI&quot;:&quot;#&quot;,&quot;pointer&quot;:&quot;/items/properties/email&quot;}&#10;    domain: &quot;syntax&quot;&#10;    ignored: [&quot;examples&quot;]&#10;warning: the following keywords are unknown and will be ignored: [examples]&#10;    level: &quot;warning&quot;&#10;    schema: {&quot;loadingURI&quot;:&quot;#&quot;,&quot;pointer&quot;:&quot;/items/properties/id&quot;}&#10;    domain: &quot;syntax&quot;&#10;    ignored: [&quot;examples&quot;]&#10;warning: the following keywords are unknown and will be ignored: [examples]&#10;    level: &quot;warning&quot;&#10;    schema: {&quot;loadingURI&quot;:&quot;#&quot;,&quot;pointer&quot;:&quot;/items/properties/nome&quot;}&#10;    domain: &quot;syntax&quot;&#10;    ignored: [&quot;examples&quot;]&#10;warning: the following keywords are unknown and will be ignored: [examples]&#10;    level: &quot;warning&quot;&#10;    schema: {&quot;loadingURI&quot;:&quot;#&quot;,&quot;pointer&quot;:&quot;/items/properties/parcelas&quot;}&#10;    domain: &quot;syntax&quot;&#10;    ignored: [&quot;examples&quot;]&#10;warning: the following keywords are unknown and will be ignored: [examples]&#10;    level: &quot;warning&quot;&#10;    schema: {&quot;loadingURI&quot;:&quot;#&quot;,&quot;pointer&quot;:&quot;/items/properties/seguro&quot;}&#10;    domain: &quot;syntax&quot;&#10;    ignored: [&quot;examples&quot;]&#10;warning: the following keywords are unknown and will be ignored: [examples]&#10;    level: &quot;warning&quot;&#10;    schema: {&quot;loadingURI&quot;:&quot;#&quot;,&quot;pointer&quot;:&quot;/items/properties/valor&quot;}&#10;    domain: &quot;syntax&quot;&#10;    ignored: [&quot;examples&quot;]&#10;warning: the following keywords are unknown and will be ignored: [examples]&#10;    level: &quot;warning&quot;&#10;    schema: {&quot;loadingURI&quot;:&quot;#&quot;,&quot;pointer&quot;:&quot;/items&quot;}&#10;    domain: &quot;syntax&quot;&#10;    ignored: [&quot;examples&quot;]&#10;warning: the following keywords are unknown and will be ignored: [examples]&#10;    level: &quot;warning&quot;&#10;    schema: {&quot;loadingURI&quot;:&quot;#&quot;,&quot;pointer&quot;:&quot;/items/properties/cpf&quot;}&#10;    domain: &quot;syntax&quot;&#10;    ignored: [&quot;examples&quot;]&#10;warning: the following keywords are unknown and will be ignored: [examples]&#10;    level: &quot;warning&quot;&#10;    schema: {&quot;loadingURI&quot;:&quot;#&quot;,&quot;pointer&quot;:&quot;/items/properties/email&quot;}&#10;    domain: &quot;syntax&quot;&#10;    ignored: [&quot;examples&quot;]&#10;warning: the following keywords are unknown and will be ignored: [examples]&#10;    level: &quot;warning&quot;&#10;    schema: {&quot;loadingURI&quot;:&quot;#&quot;,&quot;pointer&quot;:&quot;/items/properties/id&quot;}&#10;    domain: &quot;syntax&quot;&#10;    ignored: [&quot;examples&quot;]&#10;warning: the following keywords are unknown and will be ignored: [examples]&#10;    level: &quot;warning&quot;&#10;    schema: {&quot;loadingURI&quot;:&quot;#&quot;,&quot;pointer&quot;:&quot;/items/properties/nome&quot;}&#10;    domain: &quot;syntax&quot;&#10;    ignored: [&quot;examples&quot;]&#10;warning: the following keywords are unknown and will be ignored: [examples]&#10;    level: &quot;warning&quot;&#10;    schema: {&quot;loadingURI&quot;:&quot;#&quot;,&quot;pointer&quot;:&quot;/items/properties/parcelas&quot;}&#10;    domain: &quot;syntax&quot;&#10;    ignored: [&quot;examples&quot;]&#10;warning: the following keywords are unknown and will be ignored: [examples]&#10;    level: &quot;warning&quot;&#10;    schema: {&quot;loadingURI&quot;:&quot;#&quot;,&quot;pointer&quot;:&quot;/items/properties/seguro&quot;}&#10;    domain: &quot;syntax&quot;&#10;    ignored: [&quot;examples&quot;]&#10;warning: the following keywords are unknown and will be ignored: [examples]&#10;    level: &quot;warning&quot;&#10;    schema: {&quot;loadingURI&quot;:&quot;#&quot;,&quot;pointer&quot;:&quot;/items/properties/valor&quot;}&#10;    domain: &quot;syntax&quot;&#10;    ignored: [&quot;examples&quot;]&#10;warning: the following keywords are unknown and will be ignored: [examples]&#10;    level: &quot;warning&quot;&#10;    schema: {&quot;loadingURI&quot;:&quot;#&quot;,&quot;pointer&quot;:&quot;/items&quot;}&#10;    domain: &quot;syntax&quot;&#10;    ignored: [&quot;examples&quot;]&#10;warning: the following keywords are unknown and will be ignored: [examples]&#10;    level: &quot;warning&quot;&#10;    schema: {&quot;loadingURI&quot;:&quot;#&quot;,&quot;pointer&quot;:&quot;/items/properties/cpf&quot;}&#10;    domain: &quot;syntax&quot;&#10;    ignored: [&quot;examples&quot;]&#10;warning: the following keywords are unknown and will be ignored: [examples]&#10;    level: &quot;warning&quot;&#10;    schema: {&quot;loadingURI&quot;:&quot;#&quot;,&quot;pointer&quot;:&quot;/items/properties/email&quot;}&#10;    domain: &quot;syntax&quot;&#10;    ignored: [&quot;examples&quot;]&#10;warning: the following keywords are unknown and will be ignored: [examples]&#10;    level: &quot;warning&quot;&#10;    schema: {&quot;loadingURI&quot;:&quot;#&quot;,&quot;pointer&quot;:&quot;/items/properties/id&quot;}&#10;    domain: &quot;syntax&quot;&#10;    ignored: [&quot;examples&quot;]&#10;warning: the following keywords are unknown and will be ignored: [examples]&#10;    level: &quot;warning&quot;&#10;    schema: {&quot;loadingURI&quot;:&quot;#&quot;,&quot;pointer&quot;:&quot;/items/properties/nome&quot;}&#10;    domain: &quot;syntax&quot;&#10;    ignored: [&quot;examples&quot;]&#10;warning: the following keywords are unknown and will be ignored: [examples]&#10;    level: &quot;warning&quot;&#10;    schema: {&quot;loadingURI&quot;:&quot;#&quot;,&quot;pointer&quot;:&quot;/items/properties/parcelas&quot;}&#10;    domain: &quot;syntax&quot;&#10;    ignored: [&quot;examples&quot;]&#10;warning: the following keywords are unknown and will be ignored: [examples]&#10;    level: &quot;warning&quot;&#10;    schema: {&quot;loadingURI&quot;:&quot;#&quot;,&quot;pointer&quot;:&quot;/items/properties/seguro&quot;}&#10;    domain: &quot;syntax&quot;&#10;    ignored: [&quot;examples&quot;]&#10;warning: the following keywords are unknown and will be ignored: [examples]&#10;    level: &quot;warning&quot;&#10;    schema: {&quot;loadingURI&quot;:&quot;#&quot;,&quot;pointer&quot;:&quot;/items/properties/valor&quot;}&#10;    domain: &quot;syntax&quot;&#10;    ignored: [&quot;examples&quot;]&#10;warning: the following keywords are unknown and will be ignored: [examples]&#10;    level: &quot;warning&quot;&#10;    schema: {&quot;loadingURI&quot;:&quot;#&quot;,&quot;pointer&quot;:&quot;/items&quot;}&#10;    domain: &quot;syntax&quot;&#10;    ignored: [&quot;examples&quot;]&#10;warning: the following keywords are unknown and will be ignored: [examples]&#10;    level: &quot;warning&quot;&#10;    schema: {&quot;loadingURI&quot;:&quot;#&quot;,&quot;pointer&quot;:&quot;/items/properties/cpf&quot;}&#10;    domain: &quot;syntax&quot;&#10;    ignored: [&quot;examples&quot;]&#10;warning: the following keywords are unknown and will be ignored: [examples]&#10;    level: &quot;warning&quot;&#10;    schema: {&quot;loadingURI&quot;:&quot;#&quot;,&quot;pointer&quot;:&quot;/items/properties/email&quot;}&#10;    domain: &quot;syntax&quot;&#10;    ignored: [&quot;examples&quot;]&#10;warning: the following keywords are unknown and will be ignored: [examples]&#10;    level: &quot;warning&quot;&#10;    schema: {&quot;loadingURI&quot;:&quot;#&quot;,&quot;pointer&quot;:&quot;/items/properties/id&quot;}&#10;    domain: &quot;syntax&quot;&#10;    ignored: [&quot;examples&quot;]&#10;warning: the following keywords are unknown and will be ignored: [examples]&#10;    level: &quot;warning&quot;&#10;    schema: {&quot;loadingURI&quot;:&quot;#&quot;,&quot;pointer&quot;:&quot;/items/properties/nome&quot;}&#10;    domain: &quot;syntax&quot;&#10;    ignored: [&quot;examples&quot;]&#10;warning: the following keywords are unknown and will be ignored: [examples]&#10;    level: &quot;warning&quot;&#10;    schema: {&quot;loadingURI&quot;:&quot;#&quot;,&quot;pointer&quot;:&quot;/items/properties/parcelas&quot;}&#10;    domain: &quot;syntax&quot;&#10;    ignored: [&quot;examples&quot;]&#10;warning: the following keywords are unknown and will be ignored: [examples]&#10;    level: &quot;warning&quot;&#10;    schema: {&quot;loadingURI&quot;:&quot;#&quot;,&quot;pointer&quot;:&quot;/items/properties/seguro&quot;}&#10;    domain: &quot;syntax&quot;&#10;    ignored: [&quot;examples&quot;]&#10;warning: the following keywords are unknown and will be ignored: [examples]&#10;    level: &quot;warning&quot;&#10;    schema: {&quot;loadingURI&quot;:&quot;#&quot;,&quot;pointer&quot;:&quot;/items/properties/valor&quot;}&#10;    domain: &quot;syntax&quot;&#10;    ignored: [&quot;examples&quot;]&#10;warning: the following keywords are unknown and will be ignored: [examples]&#10;    level: &quot;warning&quot;&#10;    schema: {&quot;loadingURI&quot;:&quot;#&quot;,&quot;pointer&quot;:&quot;/items&quot;}&#10;    domain: &quot;syntax&quot;&#10;    ignored: [&quot;examples&quot;]&#10;warning: the following keywords are unknown and will be ignored: [examples]&#10;    level: &quot;warning&quot;&#10;    schema: {&quot;loadingURI&quot;:&quot;#&quot;,&quot;pointer&quot;:&quot;/items/properties/cpf&quot;}&#10;    domain: &quot;syntax&quot;&#10;    ignored: [&quot;examples&quot;]&#10;warning: the following keywords are unknown and will be ignored: [examples]&#10;    level: &quot;warning&quot;&#10;    schema: {&quot;loadingURI&quot;:&quot;#&quot;,&quot;pointer&quot;:&quot;/items/properties/email&quot;}&#10;    domain: &quot;syntax&quot;&#10;    ignored: [&quot;examples&quot;]&#10;warning: the following keywords are unknown and will be ignored: [examples]&#10;    level: &quot;warning&quot;&#10;    schema: {&quot;loadingURI&quot;:&quot;#&quot;,&quot;pointer&quot;:&quot;/items/properties/id&quot;}&#10;    domain: &quot;syntax&quot;&#10;    ignored: [&quot;examples&quot;]&#10;warning: the following keywords are unknown and will be ignored: [examples]&#10;    level: &quot;warning&quot;&#10;    schema: {&quot;loadingURI&quot;:&quot;#&quot;,&quot;pointer&quot;:&quot;/items/properties/nome&quot;}&#10;    domain: &quot;syntax&quot;&#10;    ignored: [&quot;examples&quot;]&#10;warning: the following keywords are unknown and will be ignored: [examples]&#10;    level: &quot;warning&quot;&#10;    schema: {&quot;loadingURI&quot;:&quot;#&quot;,&quot;pointer&quot;:&quot;/items/properties/parcelas&quot;}&#10;    domain: &quot;syntax&quot;&#10;    ignored: [&quot;examples&quot;]&#10;warning: the following keywords are unknown and will be ignored: [examples]&#10;    level: &quot;warning&quot;&#10;    schema: {&quot;loadingURI&quot;:&quot;#&quot;,&quot;pointer&quot;:&quot;/items/properties/seguro&quot;}&#10;    domain: &quot;syntax&quot;&#10;    ignored: [&quot;examples&quot;]&#10;warning: the following keywords are unknown and will be ignored: [examples]&#10;    level: &quot;warning&quot;&#10;    schema: {&quot;loadingURI&quot;:&quot;#&quot;,&quot;pointer&quot;:&quot;/items/properties/valor&quot;}&#10;    domain: &quot;syntax&quot;&#10;    ignored: [&quot;examples&quot;]&#10;warning: the following keywords are unknown and will be ignored: [examples]&#10;    level: &quot;warning&quot;&#10;    schema: {&quot;loadingURI&quot;:&quot;#&quot;,&quot;pointer&quot;:&quot;/items&quot;}&#10;    domain: &quot;syntax&quot;&#10;    ignored: [&quot;examples&quot;]&#10;warning: the following keywords are unknown and will be ignored: [examples]&#10;    level: &quot;warning&quot;&#10;    schema: {&quot;loadingURI&quot;:&quot;#&quot;,&quot;pointer&quot;:&quot;/items/properties/cpf&quot;}&#10;    domain: &quot;syntax&quot;&#10;    ignored: [&quot;examples&quot;]&#10;warning: the following keywords are unknown and will be ignored: [examples]&#10;    level: &quot;warning&quot;&#10;    schema: {&quot;loadingURI&quot;:&quot;#&quot;,&quot;pointer&quot;:&quot;/items/properties/email&quot;}&#10;    domain: &quot;syntax&quot;&#10;    ignored: [&quot;examples&quot;]&#10;warning: the following keywords are unknown and will be ignored: [examples]&#10;    level: &quot;warning&quot;&#10;    schema: {&quot;loadingURI&quot;:&quot;#&quot;,&quot;pointer&quot;:&quot;/items/properties/id&quot;}&#10;    domain: &quot;syntax&quot;&#10;    ignored: [&quot;examples&quot;]&#10;warning: the following keywords are unknown and will be ignored: [examples]&#10;    level: &quot;warning&quot;&#10;    schema: {&quot;loadingURI&quot;:&quot;#&quot;,&quot;pointer&quot;:&quot;/items/properties/nome&quot;}&#10;    domain: &quot;syntax&quot;&#10;    ignored: [&quot;examples&quot;]&#10;warning: the following keywords are unknown and will be ignored: [examples]&#10;    level: &quot;warning&quot;&#10;    schema: {&quot;loadingURI&quot;:&quot;#&quot;,&quot;pointer&quot;:&quot;/items/properties/parcelas&quot;}&#10;    domain: &quot;syntax&quot;&#10;    ignored: [&quot;examples&quot;]&#10;warning: the following keywords are unknown and will be ignored: [examples]&#10;    level: &quot;warning&quot;&#10;    schema: {&quot;loadingURI&quot;:&quot;#&quot;,&quot;pointer&quot;:&quot;/items/properties/seguro&quot;}&#10;    domain: &quot;syntax&quot;&#10;    ignored: [&quot;examples&quot;]&#10;warning: the following keywords are unknown and will be ignored: [examples]&#10;    level: &quot;warning&quot;&#10;    schema: {&quot;loadingURI&quot;:&quot;#&quot;,&quot;pointer&quot;:&quot;/items/properties/valor&quot;}&#10;    domain: &quot;syntax&quot;&#10;    ignored: [&quot;examples&quot;]&#10;warning: the following keywords are unknown and will be ignored: [examples]&#10;    level: &quot;warning&quot;&#10;    schema: {&quot;loadingURI&quot;:&quot;#&quot;,&quot;pointer&quot;:&quot;/items&quot;}&#10;    domain: &quot;syntax&quot;&#10;    ignored: [&quot;examples&quot;]&#10;warning: the following keywords are unknown and will be ignored: [examples]&#10;    level: &quot;warning&quot;&#10;    schema: {&quot;loadingURI&quot;:&quot;#&quot;,&quot;pointer&quot;:&quot;/items/properties/cpf&quot;}&#10;    domain: &quot;syntax&quot;&#10;    ignored: [&quot;examples&quot;]&#10;warning: the following keywords are unknown and will be ignored: [examples]&#10;    level: &quot;warning&quot;&#10;    schema: {&quot;loadingURI&quot;:&quot;#&quot;,&quot;pointer&quot;:&quot;/items/properties/email&quot;}&#10;    domain: &quot;syntax&quot;&#10;    ignored: [&quot;examples&quot;]&#10;warning: the following keywords are unknown and will be ignored: [examples]&#10;    level: &quot;warning&quot;&#10;    schema: {&quot;loadingURI&quot;:&quot;#&quot;,&quot;pointer&quot;:&quot;/items/properties/id&quot;}&#10;    domain: &quot;syntax&quot;&#10;    ignored: [&quot;examples&quot;]&#10;warning: the following keywords are unknown and will be ignored: [examples]&#10;    level: &quot;warning&quot;&#10;    schema: {&quot;loadingURI&quot;:&quot;#&quot;,&quot;pointer&quot;:&quot;/items/properties/nome&quot;}&#10;    domain: &quot;syntax&quot;&#10;    ignored: [&quot;examples&quot;]&#10;warning: the following keywords are unknown and will be ignored: [examples]&#10;    level: &quot;warning&quot;&#10;    schema: {&quot;loadingURI&quot;:&quot;#&quot;,&quot;pointer&quot;:&quot;/items/properties/parcelas&quot;}&#10;    domain: &quot;syntax&quot;&#10;    ignored: [&quot;examples&quot;]&#10;warning: the following keywords are unknown and will be ignored: [examples]&#10;    level: &quot;warning&quot;&#10;    schema: {&quot;loadingURI&quot;:&quot;#&quot;,&quot;pointer&quot;:&quot;/items/properties/seguro&quot;}&#10;    domain: &quot;syntax&quot;&#10;    ignored: [&quot;examples&quot;]&#10;warning: the following keywords are unknown and will be ignored: [examples]&#10;    level: &quot;warning&quot;&#10;    schema: {&quot;loadingURI&quot;:&quot;#&quot;,&quot;pointer&quot;:&quot;/items/properties/valor&quot;}&#10;    domain: &quot;syntax&quot;&#10;    ignored: [&quot;examples&quot;]&#10;warning: the following keywords are unknown and will be ignored: [examples]&#10;    level: &quot;warning&quot;&#10;    schema: {&quot;loadingURI&quot;:&quot;#&quot;,&quot;pointer&quot;:&quot;/items&quot;}&#10;    domain: &quot;syntax&quot;&#10;    ignored: [&quot;examples&quot;]&#10;warning: the following keywords are unknown and will be ignored: [examples]&#10;    level: &quot;warning&quot;&#10;    schema: {&quot;loadingURI&quot;:&quot;#&quot;,&quot;pointer&quot;:&quot;/items/properties/cpf&quot;}&#10;    domain: &quot;syntax&quot;&#10;    ignored: [&quot;examples&quot;]&#10;warning: the following keywords are unknown and will be ignored: [examples]&#10;    level: &quot;warning&quot;&#10;    schema: {&quot;loadingURI&quot;:&quot;#&quot;,&quot;pointer&quot;:&quot;/items/properties/email&quot;}&#10;    domain: &quot;syntax&quot;&#10;    ignored: [&quot;examples&quot;]&#10;warning: the following keywords are unknown and will be ignored: [examples]&#10;    level: &quot;warning&quot;&#10;    schema: {&quot;loadingURI&quot;:&quot;#&quot;,&quot;pointer&quot;:&quot;/items/properties/id&quot;}&#10;    domain: &quot;syntax&quot;&#10;    ignored: [&quot;examples&quot;]&#10;warning: the following keywords are unknown and will be ignored: [examples]&#10;    level: &quot;warning&quot;&#10;    schema: {&quot;loadingURI&quot;:&quot;#&quot;,&quot;pointer&quot;:&quot;/items/properties/nome&quot;}&#10;    domain: &quot;syntax&quot;&#10;    ignored: [&quot;examples&quot;]&#10;warning: the following keywords are unknown and will be ignored: [examples]&#10;    level: &quot;warning&quot;&#10;    schema: {&quot;loadingURI&quot;:&quot;#&quot;,&quot;pointer&quot;:&quot;/items/properties/parcelas&quot;}&#10;    domain: &quot;syntax&quot;&#10;    ignored: [&quot;examples&quot;]&#10;warning: the following keywords are unknown and will be ignored: [examples]&#10;    level: &quot;warning&quot;&#10;    schema: {&quot;loadingURI&quot;:&quot;#&quot;,&quot;pointer&quot;:&quot;/items/properties/seguro&quot;}&#10;    domain: &quot;syntax&quot;&#10;    ignored: [&quot;examples&quot;]&#10;warning: the following keywords are unknown and will be ignored: [examples]&#10;    level: &quot;warning&quot;&#10;    schema: {&quot;loadingURI&quot;:&quot;#&quot;,&quot;pointer&quot;:&quot;/items/properties/valor&quot;}&#10;    domain: &quot;syntax&quot;&#10;    ignored: [&quot;examples&quot;]&#10;warning: the following keywords are unknown and will be ignored: [examples]&#10;    level: &quot;warning&quot;&#10;    schema: {&quot;loadingURI&quot;:&quot;#&quot;,&quot;pointer&quot;:&quot;/items&quot;}&#10;    domain: &quot;syntax&quot;&#10;    ignored: [&quot;examples&quot;]&#10;warning: the following keywords are unknown and will be ignored: [examples]&#10;    level: &quot;warning&quot;&#10;    schema: {&quot;loadingURI&quot;:&quot;#&quot;,&quot;pointer&quot;:&quot;/items/properties/cpf&quot;}&#10;    domain: &quot;syntax&quot;&#10;    ignored: [&quot;examples&quot;]&#10;warning: the following keywords are unknown and will be ignored: [examples]&#10;    level: &quot;warning&quot;&#10;    schema: {&quot;loadingURI&quot;:&quot;#&quot;,&quot;pointer&quot;:&quot;/items/properties/email&quot;}&#10;    domain: &quot;syntax&quot;&#10;    ignored: [&quot;examples&quot;]&#10;warning: the following keywords are unknown and will be ignored: [examples]&#10;    level: &quot;warning&quot;&#10;    schema: {&quot;loadingURI&quot;:&quot;#&quot;,&quot;pointer&quot;:&quot;/items/properties/id&quot;}&#10;    domain: &quot;syntax&quot;&#10;    ignored: [&quot;examples&quot;]&#10;warning: the following keywords are unknown and will be ignored: [examples]&#10;    level: &quot;warning&quot;&#10;    schema: {&quot;loadingURI&quot;:&quot;#&quot;,&quot;pointer&quot;:&quot;/items/properties/nome&quot;}&#10;    domain: &quot;syntax&quot;&#10;    ignored: [&quot;examples&quot;]&#10;warning: the following keywords are unknown and will be ignored: [examples]&#10;    level: &quot;warning&quot;&#10;    schema: {&quot;loadingURI&quot;:&quot;#&quot;,&quot;pointer&quot;:&quot;/items/properties/parcelas&quot;}&#10;    domain: &quot;syntax&quot;&#10;    ignored: [&quot;examples&quot;]&#10;warning: the following keywords are unknown and will be ignored: [examples]&#10;    level: &quot;warning&quot;&#10;    schema: {&quot;loadingURI&quot;:&quot;#&quot;,&quot;pointer&quot;:&quot;/items/properties/seguro&quot;}&#10;    domain: &quot;syntax&quot;&#10;    ignored: [&quot;examples&quot;]&#10;warning: the following keywords are unknown and will be ignored: [examples]&#10;    level: &quot;warning&quot;&#10;    schema: {&quot;loadingURI&quot;:&quot;#&quot;,&quot;pointer&quot;:&quot;/items/properties/valor&quot;}&#10;    domain: &quot;syntax&quot;&#10;    ignored: [&quot;examples&quot;]&#10;warning: the following keywords are unknown and will be ignored: [examples]&#10;    level: &quot;warning&quot;&#10;    schema: {&quot;loadingURI&quot;:&quot;#&quot;,&quot;pointer&quot;:&quot;/items&quot;}&#10;    domain: &quot;syntax&quot;&#10;    ignored: [&quot;examples&quot;]&#10;warning: the following keywords are unknown and will be ignored: [examples]&#10;    level: &quot;warning&quot;&#10;    schema: {&quot;loadingURI&quot;:&quot;#&quot;,&quot;pointer&quot;:&quot;/items/properties/cpf&quot;}&#10;    domain: &quot;syntax&quot;&#10;    ignored: [&quot;examples&quot;]&#10;warning: the following keywords are unknown and will be ignored: [examples]&#10;    level: &quot;warning&quot;&#10;    schema: {&quot;loadingURI&quot;:&quot;#&quot;,&quot;pointer&quot;:&quot;/items/properties/email&quot;}&#10;    domain: &quot;syntax&quot;&#10;    ignored: [&quot;examples&quot;]&#10;warning: the following keywords are unknown and will be ignored: [examples]&#10;    level: &quot;warning&quot;&#10;    schema: {&quot;loadingURI&quot;:&quot;#&quot;,&quot;pointer&quot;:&quot;/items/properties/id&quot;}&#10;    domain: &quot;syntax&quot;&#10;    ignored: [&quot;examples&quot;]&#10;warning: the following keywords are unknown and will be ignored: [examples]&#10;    level: &quot;warning&quot;&#10;    schema: {&quot;loadingURI&quot;:&quot;#&quot;,&quot;pointer&quot;:&quot;/items/properties/nome&quot;}&#10;    domain: &quot;syntax&quot;&#10;    ignored: [&quot;examples&quot;]&#10;warning: the following keywords are unknown and will be ignored: [examples]&#10;    level: &quot;warning&quot;&#10;    schema: {&quot;loadingURI&quot;:&quot;#&quot;,&quot;pointer&quot;:&quot;/items/properties/parcelas&quot;}&#10;    domain: &quot;syntax&quot;&#10;    ignored: [&quot;examples&quot;]&#10;warning: the following keywords are unknown and will be ignored: [examples]&#10;    level: &quot;warning&quot;&#10;    schema: {&quot;loadingURI&quot;:&quot;#&quot;,&quot;pointer&quot;:&quot;/items/properties/seguro&quot;}&#10;    domain: &quot;syntax&quot;&#10;    ignored: [&quot;examples&quot;]&#10;warning: the following keywords are unknown and will be ignored: [examples]&#10;    level: &quot;warning&quot;&#10;    schema: {&quot;loadingURI&quot;:&quot;#&quot;,&quot;pointer&quot;:&quot;/items/properties/valor&quot;}&#10;    domain: &quot;syntax&quot;&#10;    ignored: [&quot;examples&quot;]&#10;warning: the following keywords are unknown and will be ignored: [examples]&#10;    level: &quot;warning&quot;&#10;    schema: {&quot;loadingURI&quot;:&quot;#&quot;,&quot;pointer&quot;:&quot;/items&quot;}&#10;    domain: &quot;syntax&quot;&#10;    ignored: [&quot;examples&quot;]&#10;warning: the following keywords are unknown and will be ignored: [examples]&#10;    level: &quot;warning&quot;&#10;    schema: {&quot;loadingURI&quot;:&quot;#&quot;,&quot;pointer&quot;:&quot;/items/properties/cpf&quot;}&#10;    domain: &quot;syntax&quot;&#10;    ignored: [&quot;examples&quot;]&#10;warning: the following keywords are unknown and will be ignored: [examples]&#10;    level: &quot;warning&quot;&#10;    schema: {&quot;loadingURI&quot;:&quot;#&quot;,&quot;pointer&quot;:&quot;/items/properties/email&quot;}&#10;    domain: &quot;syntax&quot;&#10;    ignored: [&quot;examples&quot;]&#10;warning: the following keywords are unknown and will be ignored: [examples]&#10;    level: &quot;warning&quot;&#10;    schema: {&quot;loadingURI&quot;:&quot;#&quot;,&quot;pointer&quot;:&quot;/items/properties/id&quot;}&#10;    domain: &quot;syntax&quot;&#10;    ignored: [&quot;examples&quot;]&#10;warning: the following keywords are unknown and will be ignored: [examples]&#10;    level: &quot;warning&quot;&#10;    schema: {&quot;loadingURI&quot;:&quot;#&quot;,&quot;pointer&quot;:&quot;/items/properties/nome&quot;}&#10;    domain: &quot;syntax&quot;&#10;    ignored: [&quot;examples&quot;]&#10;warning: the following keywords are unknown and will be ignored: [examples]&#10;    level: &quot;warning&quot;&#10;    schema: {&quot;loadingURI&quot;:&quot;#&quot;,&quot;pointer&quot;:&quot;/items/properties/parcelas&quot;}&#10;    domain: &quot;syntax&quot;&#10;    ignored: [&quot;examples&quot;]&#10;warning: the following keywords are unknown and will be ignored: [examples]&#10;    level: &quot;warning&quot;&#10;    schema: {&quot;loadingURI&quot;:&quot;#&quot;,&quot;pointer&quot;:&quot;/items/properties/seguro&quot;}&#10;    domain: &quot;syntax&quot;&#10;    ignored: [&quot;examples&quot;]&#10;warning: the following keywords are unknown and will be ignored: [examples]&#10;    level: &quot;warning&quot;&#10;    schema: {&quot;loadingURI&quot;:&quot;#&quot;,&quot;pointer&quot;:&quot;/items/properties/valor&quot;}&#10;    domain: &quot;syntax&quot;&#10;    ignored: [&quot;examples&quot;]&#10;warning: the following keywords are unknown and will be ignored: [examples]&#10;    level: &quot;warning&quot;&#10;    schema: {&quot;loadingURI&quot;:&quot;#&quot;,&quot;pointer&quot;:&quot;/items&quot;}&#10;    domain: &quot;syntax&quot;&#10;    ignored: [&quot;examples&quot;]&#10;warning: the following keywords are unknown and will be ignored: [examples]&#10;    level: &quot;warning&quot;&#10;    schema: {&quot;loadingURI&quot;:&quot;#&quot;,&quot;pointer&quot;:&quot;/items/properties/cpf&quot;}&#10;    domain: &quot;syntax&quot;&#10;    ignored: [&quot;examples&quot;]&#10;warning: the following keywords are unknown and will be ignored: [examples]&#10;    level: &quot;warning&quot;&#10;    schema: {&quot;loadingURI&quot;:&quot;#&quot;,&quot;pointer&quot;:&quot;/items/properties/email&quot;}&#10;    domain: &quot;syntax&quot;&#10;    ignored: [&quot;examples&quot;]&#10;warning: the following keywords are unknown and will be ignored: [examples]&#10;    level: &quot;warning&quot;&#10;    schema: {&quot;loadingURI&quot;:&quot;#&quot;,&quot;pointer&quot;:&quot;/items/properties/id&quot;}&#10;    domain: &quot;syntax&quot;&#10;    ignored: [&quot;examples&quot;]&#10;warning: the following keywords are unknown and will be ignored: [examples]&#10;    level: &quot;warning&quot;&#10;    schema: {&quot;loadingURI&quot;:&quot;#&quot;,&quot;pointer&quot;:&quot;/items/properties/nome&quot;}&#10;    domain: &quot;syntax&quot;&#10;    ignored: [&quot;examples&quot;]&#10;warning: the following keywords are unknown and will be ignored: [examples]&#10;    level: &quot;warning&quot;&#10;    schema: {&quot;loadingURI&quot;:&quot;#&quot;,&quot;pointer&quot;:&quot;/items/properties/parcelas&quot;}&#10;    domain: &quot;syntax&quot;&#10;    ignored: [&quot;examples&quot;]&#10;warning: the following keywords are unknown and will be ignored: [examples]&#10;    level: &quot;warning&quot;&#10;    schema: {&quot;loadingURI&quot;:&quot;#&quot;,&quot;pointer&quot;:&quot;/items/properties/seguro&quot;}&#10;    domain: &quot;syntax&quot;&#10;    ignored: [&quot;examples&quot;]&#10;warning: the following keywords are unknown and will be ignored: [examples]&#10;    level: &quot;warning&quot;&#10;    schema: {&quot;loadingURI&quot;:&quot;#&quot;,&quot;pointer&quot;:&quot;/items/properties/valor&quot;}&#10;    domain: &quot;syntax&quot;&#10;    ignored: [&quot;examples&quot;]&#10;warning: the following keywords are unknown and will be ignored: [examples]&#10;    level: &quot;warning&quot;&#10;    schema: {&quot;loadingURI&quot;:&quot;#&quot;,&quot;pointer&quot;:&quot;/items&quot;}&#10;    domain: &quot;syntax&quot;&#10;    ignored: [&quot;examples&quot;]&#10;warning: the following keywords are unknown and will be ignored: [examples]&#10;    level: &quot;warning&quot;&#10;    schema: {&quot;loadingURI&quot;:&quot;#&quot;,&quot;pointer&quot;:&quot;/items/properties/cpf&quot;}&#10;    domain: &quot;syntax&quot;&#10;    ignored: [&quot;examples&quot;]&#10;warning: the following keywords are unknown and will be ignored: [examples]&#10;    level: &quot;warning&quot;&#10;    schema: {&quot;loadingURI&quot;:&quot;#&quot;,&quot;pointer&quot;:&quot;/items/properties/email&quot;}&#10;    domain: &quot;syntax&quot;&#10;    ignored: [&quot;examples&quot;]&#10;warning: the following keywords are unknown and will be ignored: [examples]&#10;    level: &quot;warning&quot;&#10;    schema: {&quot;loadingURI&quot;:&quot;#&quot;,&quot;pointer&quot;:&quot;/items/properties/id&quot;}&#10;    domain: &quot;syntax&quot;&#10;    ignored: [&quot;examples&quot;]&#10;warning: the following keywords are unknown and will be ignored: [examples]&#10;    level: &quot;warning&quot;&#10;    schema: {&quot;loadingURI&quot;:&quot;#&quot;,&quot;pointer&quot;:&quot;/items/properties/nome&quot;}&#10;    domain: &quot;syntax&quot;&#10;    ignored: [&quot;examples&quot;]&#10;warning: the following keywords are unknown and will be ignored: [examples]&#10;    level: &quot;warning&quot;&#10;    schema: {&quot;loadingURI&quot;:&quot;#&quot;,&quot;pointer&quot;:&quot;/items/properties/parcelas&quot;}&#10;    domain: &quot;syntax&quot;&#10;    ignored: [&quot;examples&quot;]&#10;warning: the following keywords are unknown and will be ignored: [examples]&#10;    level: &quot;warning&quot;&#10;    schema: {&quot;loadingURI&quot;:&quot;#&quot;,&quot;pointer&quot;:&quot;/items/properties/seguro&quot;}&#10;    domain: &quot;syntax&quot;&#10;    ignored: [&quot;examples&quot;]&#10;warning: the following keywords are unknown and will be ignored: [examples]&#10;    level: &quot;warning&quot;&#10;    schema: {&quot;loadingURI&quot;:&quot;#&quot;,&quot;pointer&quot;:&quot;/items/properties/valor&quot;}&#10;    domain: &quot;syntax&quot;&#10;    ignored: [&quot;examples&quot;]&#10;warning: the following keywords are unknown and will be ignored: [examples]&#10;    level: &quot;warning&quot;&#10;    schema: {&quot;loadingURI&quot;:&quot;#&quot;,&quot;pointer&quot;:&quot;/items&quot;}&#10;    domain: &quot;syntax&quot;&#10;    ignored: [&quot;examples&quot;]&#10;warning: the following keywords are unknown and will be ignored: [examples]&#10;    level: &quot;warning&quot;&#10;    schema: {&quot;loadingURI&quot;:&quot;#&quot;,&quot;pointer&quot;:&quot;/items/properties/cpf&quot;}&#10;    domain: &quot;syntax&quot;&#10;    ignored: [&quot;examples&quot;]&#10;warning: the following keywords are unknown and will be ignored: [examples]&#10;    level: &quot;warning&quot;&#10;    schema: {&quot;loadingURI&quot;:&quot;#&quot;,&quot;pointer&quot;:&quot;/items/properties/email&quot;}&#10;    domain: &quot;syntax&quot;&#10;    ignored: [&quot;examples&quot;]&#10;warning: the following keywords are unknown and will be ignored: [examples]&#10;    level: &quot;warning&quot;&#10;    schema: {&quot;loadingURI&quot;:&quot;#&quot;,&quot;pointer&quot;:&quot;/items/properties/id&quot;}&#10;    domain: &quot;syntax&quot;&#10;    ignored: [&quot;examples&quot;]&#10;warning: the following keywords are unknown and will be ignored: [examples]&#10;    level: &quot;warning&quot;&#10;    schema: {&quot;loadingURI&quot;:&quot;#&quot;,&quot;pointer&quot;:&quot;/items/properties/nome&quot;}&#10;    domain: &quot;syntax&quot;&#10;    ignored: [&quot;examples&quot;]&#10;warning: the following keywords are unknown and will be ignored: [examples]&#10;    level: &quot;warning&quot;&#10;    schema: {&quot;loadingURI&quot;:&quot;#&quot;,&quot;pointer&quot;:&quot;/items/properties/parcelas&quot;}&#10;    domain: &quot;syntax&quot;&#10;    ignored: [&quot;examples&quot;]&#10;warning: the following keywords are unknown and will be ignored: [examples]&#10;    level: &quot;warning&quot;&#10;    schema: {&quot;loadingURI&quot;:&quot;#&quot;,&quot;pointer&quot;:&quot;/items/properties/seguro&quot;}&#10;    domain: &quot;syntax&quot;&#10;    ignored: [&quot;examples&quot;]&#10;warning: the following keywords are unknown and will be ignored: [examples]&#10;    level: &quot;warning&quot;&#10;    schema: {&quot;loadingURI&quot;:&quot;#&quot;,&quot;pointer&quot;:&quot;/items/properties/valor&quot;}&#10;    domain: &quot;syntax&quot;&#10;    ignored: [&quot;examples&quot;]&#10;warning: the following keywords are unknown and will be ignored: [examples]&#10;    level: &quot;warning&quot;&#10;    schema: {&quot;loadingURI&quot;:&quot;#&quot;,&quot;pointer&quot;:&quot;/items&quot;}&#10;    domain: &quot;syntax&quot;&#10;    ignored: [&quot;examples&quot;]&#10;warning: the following keywords are unknown and will be ignored: [examples]&#10;    level: &quot;warning&quot;&#10;    schema: {&quot;loadingURI&quot;:&quot;#&quot;,&quot;pointer&quot;:&quot;/items/properties/cpf&quot;}&#10;    domain: &quot;syntax&quot;&#10;    ignored: [&quot;examples&quot;]&#10;warning: the following keywords are unknown and will be ignored: [examples]&#10;    level: &quot;warning&quot;&#10;    schema: {&quot;loadingURI&quot;:&quot;#&quot;,&quot;pointer&quot;:&quot;/items/properties/email&quot;}&#10;    domain: &quot;syntax&quot;&#10;    ignored: [&quot;examples&quot;]&#10;warning: the following keywords are unknown and will be ignored: [examples]&#10;    level: &quot;warning&quot;&#10;    schema: {&quot;loadingURI&quot;:&quot;#&quot;,&quot;pointer&quot;:&quot;/items/properties/id&quot;}&#10;    domain: &quot;syntax&quot;&#10;    ignored: [&quot;examples&quot;]&#10;warning: the following keywords are unknown and will be ignored: [examples]&#10;    level: &quot;warning&quot;&#10;    schema: {&quot;loadingURI&quot;:&quot;#&quot;,&quot;pointer&quot;:&quot;/items/properties/nome&quot;}&#10;    domain: &quot;syntax&quot;&#10;    ignored: [&quot;examples&quot;]&#10;warning: the following keywords are unknown and will be ignored: [examples]&#10;    level: &quot;warning&quot;&#10;    schema: {&quot;loadingURI&quot;:&quot;#&quot;,&quot;pointer&quot;:&quot;/items/properties/parcelas&quot;}&#10;    domain: &quot;syntax&quot;&#10;    ignored: [&quot;examples&quot;]&#10;warning: the following keywords are unknown and will be ignored: [examples]&#10;    level: &quot;warning&quot;&#10;    schema: {&quot;loadingURI&quot;:&quot;#&quot;,&quot;pointer&quot;:&quot;/items/properties/seguro&quot;}&#10;    domain: &quot;syntax&quot;&#10;    ignored: [&quot;examples&quot;]&#10;warning: the following keywords are unknown and will be ignored: [examples]&#10;    level: &quot;warning&quot;&#10;    schema: {&quot;loadingURI&quot;:&quot;#&quot;,&quot;pointer&quot;:&quot;/items/properties/valor&quot;}&#10;    domain: &quot;syntax&quot;&#10;    ignored: [&quot;examples&quot;]&#10;warning: the following keywords are unknown and will be ignored: [examples]&#10;    level: &quot;warning&quot;&#10;    schema: {&quot;loadingURI&quot;:&quot;#&quot;,&quot;pointer&quot;:&quot;/items&quot;}&#10;    domain: &quot;syntax&quot;&#10;    ignored: [&quot;examples&quot;]&#10;warning: the following keywords are unknown and will be ignored: [examples]&#10;    level: &quot;warning&quot;&#10;    schema: {&quot;loadingURI&quot;:&quot;#&quot;,&quot;pointer&quot;:&quot;/items/properties/cpf&quot;}&#10;    domain: &quot;syntax&quot;&#10;    ignored: [&quot;examples&quot;]&#10;warning: the following keywords are unknown and will be ignored: [examples]&#10;    level: &quot;warning&quot;&#10;    schema: {&quot;loadingURI&quot;:&quot;#&quot;,&quot;pointer&quot;:&quot;/items/properties/email&quot;}&#10;    domain: &quot;syntax&quot;&#10;    ignored: [&quot;examples&quot;]&#10;warning: the following keywords are unknown and will be ignored: [examples]&#10;    level: &quot;warning&quot;&#10;    schema: {&quot;loadingURI&quot;:&quot;#&quot;,&quot;pointer&quot;:&quot;/items/properties/id&quot;}&#10;    domain: &quot;syntax&quot;&#10;    ignored: [&quot;examples&quot;]&#10;warning: the following keywords are unknown and will be ignored: [examples]&#10;    level: &quot;warning&quot;&#10;    schema: {&quot;loadingURI&quot;:&quot;#&quot;,&quot;pointer&quot;:&quot;/items/properties/nome&quot;}&#10;    domain: &quot;syntax&quot;&#10;    ignored: [&quot;examples&quot;]&#10;warning: the following keywords are unknown and will be ignored: [examples]&#10;    level: &quot;warning&quot;&#10;    schema: {&quot;loadingURI&quot;:&quot;#&quot;,&quot;pointer&quot;:&quot;/items/properties/parcelas&quot;}&#10;    domain: &quot;syntax&quot;&#10;    ignored: [&quot;examples&quot;]&#10;warning: the following keywords are unknown and will be ignored: [examples]&#10;    level: &quot;warning&quot;&#10;    schema: {&quot;loadingURI&quot;:&quot;#&quot;,&quot;pointer&quot;:&quot;/items/properties/seguro&quot;}&#10;    domain: &quot;syntax&quot;&#10;    ignored: [&quot;examples&quot;]&#10;warning: the following keywords are unknown and will be ignored: [examples]&#10;    level: &quot;warning&quot;&#10;    schema: {&quot;loadingURI&quot;:&quot;#&quot;,&quot;pointer&quot;:&quot;/items/properties/valor&quot;}&#10;    domain: &quot;syntax&quot;&#10;    ignored: [&quot;examples&quot;]&#10;warning: the following keywords are unknown and will be ignored: [examples]&#10;    level: &quot;warning&quot;&#10;    schema: {&quot;loadingURI&quot;:&quot;#&quot;,&quot;pointer&quot;:&quot;/items&quot;}&#10;    domain: &quot;syntax&quot;&#10;    ignored: [&quot;examples&quot;]&#10;warning: the following keywords are unknown and will be ignored: [examples]&#10;    level: &quot;warning&quot;&#10;    schema: {&quot;loadingURI&quot;:&quot;#&quot;,&quot;pointer&quot;:&quot;/items/properties/cpf&quot;}&#10;    domain: &quot;syntax&quot;&#10;    ignored: [&quot;examples&quot;]&#10;warning: the following keywords are unknown and will be ignored: [examples]&#10;    level: &quot;warning&quot;&#10;    schema: {&quot;loadingURI&quot;:&quot;#&quot;,&quot;pointer&quot;:&quot;/items/properties/email&quot;}&#10;    domain: &quot;syntax&quot;&#10;    ignored: [&quot;examples&quot;]&#10;warning: the following keywords are unknown and will be ignored: [examples]&#10;    level: &quot;warning&quot;&#10;    schema: {&quot;loadingURI&quot;:&quot;#&quot;,&quot;pointer&quot;:&quot;/items/properties/id&quot;}&#10;    domain: &quot;syntax&quot;&#10;    ignored: [&quot;examples&quot;]&#10;warning: the following keywords are unknown and will be ignored: [examples]&#10;    level: &quot;warning&quot;&#10;    schema: {&quot;loadingURI&quot;:&quot;#&quot;,&quot;pointer&quot;:&quot;/items/properties/nome&quot;}&#10;    domain: &quot;syntax&quot;&#10;    ignored: [&quot;examples&quot;]&#10;warning: the following keywords are unknown and will be ignored: [examples]&#10;    level: &quot;warning&quot;&#10;    schema: {&quot;loadingURI&quot;:&quot;#&quot;,&quot;pointer&quot;:&quot;/items/properties/parcelas&quot;}&#10;    domain: &quot;syntax&quot;&#10;    ignored: [&quot;examples&quot;]&#10;warning: the following keywords are unknown and will be ignored: [examples]&#10;    level: &quot;warning&quot;&#10;    schema: {&quot;loadingURI&quot;:&quot;#&quot;,&quot;pointer&quot;:&quot;/items/properties/seguro&quot;}&#10;    domain: &quot;syntax&quot;&#10;    ignored: [&quot;examples&quot;]&#10;warning: the following keywords are unknown and will be ignored: [examples]&#10;    level: &quot;warning&quot;&#10;    schema: {&quot;loadingURI&quot;:&quot;#&quot;,&quot;pointer&quot;:&quot;/items/properties/valor&quot;}&#10;    domain: &quot;syntax&quot;&#10;    ignored: [&quot;examples&quot;]&#10;warning: the following keywords are unknown and will be ignored: [examples]&#10;    level: &quot;warning&quot;&#10;    schema: {&quot;loadingURI&quot;:&quot;#&quot;,&quot;pointer&quot;:&quot;/items&quot;}&#10;    domain: &quot;syntax&quot;&#10;    ignored: [&quot;examples&quot;]&#10;warning: the following keywords are unknown and will be ignored: [examples]&#10;    level: &quot;warning&quot;&#10;    schema: {&quot;loadingURI&quot;:&quot;#&quot;,&quot;pointer&quot;:&quot;/items/properties/cpf&quot;}&#10;    domain: &quot;syntax&quot;&#10;    ignored: [&quot;examples&quot;]&#10;warning: the following keywords are unknown and will be ignored: [examples]&#10;    level: &quot;warning&quot;&#10;    schema: {&quot;loadingURI&quot;:&quot;#&quot;,&quot;pointer&quot;:&quot;/items/properties/email&quot;}&#10;    domain: &quot;syntax&quot;&#10;    ignored: [&quot;examples&quot;]&#10;warning: the following keywords are unknown and will be ignored: [examples]&#10;    level: &quot;warning&quot;&#10;    schema: {&quot;loadingURI&quot;:&quot;#&quot;,&quot;pointer&quot;:&quot;/items/properties/id&quot;}&#10;    domain: &quot;syntax&quot;&#10;    ignored: [&quot;examples&quot;]&#10;warning: the following keywords are unknown and will be ignored: [examples]&#10;    level: &quot;warning&quot;&#10;    schema: {&quot;loadingURI&quot;:&quot;#&quot;,&quot;pointer&quot;:&quot;/items/properties/nome&quot;}&#10;    domain: &quot;syntax&quot;&#10;    ignored: [&quot;examples&quot;]&#10;warning: the following keywords are unknown and will be ignored: [examples]&#10;    level: &quot;warning&quot;&#10;    schema: {&quot;loadingURI&quot;:&quot;#&quot;,&quot;pointer&quot;:&quot;/items/properties/parcelas&quot;}&#10;    domain: &quot;syntax&quot;&#10;    ignored: [&quot;examples&quot;]&#10;warning: the following keywords are unknown and will be ignored: [examples]&#10;    level: &quot;warning&quot;&#10;    schema: {&quot;loadingURI&quot;:&quot;#&quot;,&quot;pointer&quot;:&quot;/items/properties/seguro&quot;}&#10;    domain: &quot;syntax&quot;&#10;    ignored: [&quot;examples&quot;]&#10;warning: the following keywords are unknown and will be ignored: [examples]&#10;    level: &quot;warning&quot;&#10;    schema: {&quot;loadingURI&quot;:&quot;#&quot;,&quot;pointer&quot;:&quot;/items/properties/valor&quot;}&#10;    domain: &quot;syntax&quot;&#10;    ignored: [&quot;examples&quot;]&#10;warning: the following keywords are unknown and will be ignored: [examples]&#10;    level: &quot;warning&quot;&#10;    schema: {&quot;loadingURI&quot;:&quot;#&quot;,&quot;pointer&quot;:&quot;/items&quot;}&#10;    domain: &quot;syntax&quot;&#10;    ignored: [&quot;examples&quot;]&#10;warning: the following keywords are unknown and will be ignored: [examples]&#10;    level: &quot;warning&quot;&#10;    schema: {&quot;loadingURI&quot;:&quot;#&quot;,&quot;pointer&quot;:&quot;/items/properties/cpf&quot;}&#10;    domain: &quot;syntax&quot;&#10;    ignored: [&quot;examples&quot;]&#10;warning: the following keywords are unknown and will be ignored: [examples]&#10;    level: &quot;warning&quot;&#10;    schema: {&quot;loadingURI&quot;:&quot;#&quot;,&quot;pointer&quot;:&quot;/items/properties/email&quot;}&#10;    domain: &quot;syntax&quot;&#10;    ignored: [&quot;examples&quot;]&#10;warning: the following keywords are unknown and will be ignored: [examples]&#10;    level: &quot;warning&quot;&#10;    schema: {&quot;loadingURI&quot;:&quot;#&quot;,&quot;pointer&quot;:&quot;/items/properties/id&quot;}&#10;    domain: &quot;syntax&quot;&#10;    ignored: [&quot;examples&quot;]&#10;warning: the following keywords are unknown and will be ignored: [examples]&#10;    level: &quot;warning&quot;&#10;    schema: {&quot;loadingURI&quot;:&quot;#&quot;,&quot;pointer&quot;:&quot;/items/properties/nome&quot;}&#10;    domain: &quot;syntax&quot;&#10;    ignored: [&quot;examples&quot;]&#10;warning: the following keywords are unknown and will be ignored: [examples]&#10;    level: &quot;warning&quot;&#10;    schema: {&quot;loadingURI&quot;:&quot;#&quot;,&quot;pointer&quot;:&quot;/items/properties/parcelas&quot;}&#10;    domain: &quot;syntax&quot;&#10;    ignored: [&quot;examples&quot;]&#10;warning: the following keywords are unknown and will be ignored: [examples]&#10;    level: &quot;warning&quot;&#10;    schema: {&quot;loadingURI&quot;:&quot;#&quot;,&quot;pointer&quot;:&quot;/items/properties/seguro&quot;}&#10;    domain: &quot;syntax&quot;&#10;    ignored: [&quot;examples&quot;]&#10;warning: the following keywords are unknown and will be ignored: [examples]&#10;    level: &quot;warning&quot;&#10;    schema: {&quot;loadingURI&quot;:&quot;#&quot;,&quot;pointer&quot;:&quot;/items/properties/valor&quot;}&#10;    domain: &quot;syntax&quot;&#10;    ignored: [&quot;examples&quot;]&#10;warning: the following keywords are unknown and will be ignored: [examples]&#10;    level: &quot;warning&quot;&#10;    schema: {&quot;loadingURI&quot;:&quot;#&quot;,&quot;pointer&quot;:&quot;/items&quot;}&#10;    domain: &quot;syntax&quot;&#10;    ignored: [&quot;examples&quot;]&#10;warning: the following keywords are unknown and will be ignored: [examples]&#10;    level: &quot;warning&quot;&#10;    schema: {&quot;loadingURI&quot;:&quot;#&quot;,&quot;pointer&quot;:&quot;/items/properties/cpf&quot;}&#10;    domain: &quot;syntax&quot;&#10;    ignored: [&quot;examples&quot;]&#10;warning: the following keywords are unknown and will be ignored: [examples]&#10;    level: &quot;warning&quot;&#10;    schema: {&quot;loadingURI&quot;:&quot;#&quot;,&quot;pointer&quot;:&quot;/items/properties/email&quot;}&#10;    domain: &quot;syntax&quot;&#10;    ignored: [&quot;examples&quot;]&#10;warning: the following keywords are unknown and will be ignored: [examples]&#10;    level: &quot;warning&quot;&#10;    schema: {&quot;loadingURI&quot;:&quot;#&quot;,&quot;pointer&quot;:&quot;/items/properties/id&quot;}&#10;    domain: &quot;syntax&quot;&#10;    ignored: [&quot;examples&quot;]&#10;warning: the following keywords are unknown and will be ignored: [examples]&#10;    level: &quot;warning&quot;&#10;    schema: {&quot;loadingURI&quot;:&quot;#&quot;,&quot;pointer&quot;:&quot;/items/properties/nome&quot;}&#10;    domain: &quot;syntax&quot;&#10;    ignored: [&quot;examples&quot;]&#10;warning: the following keywords are unknown and will be ignored: [examples]&#10;    level: &quot;warning&quot;&#10;    schema: {&quot;loadingURI&quot;:&quot;#&quot;,&quot;pointer&quot;:&quot;/items/properties/parcelas&quot;}&#10;    domain: &quot;syntax&quot;&#10;    ignored: [&quot;examples&quot;]&#10;warning: the following keywords are unknown and will be ignored: [examples]&#10;    level: &quot;warning&quot;&#10;    schema: {&quot;loadingURI&quot;:&quot;#&quot;,&quot;pointer&quot;:&quot;/items/properties/seguro&quot;}&#10;    domain: &quot;syntax&quot;&#10;    ignored: [&quot;examples&quot;]&#10;warning: the following keywords are unknown and will be ignored: [examples]&#10;    level: &quot;warning&quot;&#10;    schema: {&quot;loadingURI&quot;:&quot;#&quot;,&quot;pointer&quot;:&quot;/items/properties/valor&quot;}&#10;    domain: &quot;syntax&quot;&#10;    ignored: [&quot;examples&quot;]&#10;warning: the following keywords are unknown and will be ignored: [examples]&#10;    level: &quot;warning&quot;&#10;    schema: {&quot;loadingURI&quot;:&quot;#&quot;,&quot;pointer&quot;:&quot;/items&quot;}&#10;    domain: &quot;syntax&quot;&#10;    ignored: [&quot;examples&quot;]&#10;warning: the following keywords are unknown and will be ignored: [examples]&#10;    level: &quot;warning&quot;&#10;    schema: {&quot;loadingURI&quot;:&quot;#&quot;,&quot;pointer&quot;:&quot;/items/properties/cpf&quot;}&#10;    domain: &quot;syntax&quot;&#10;    ignored: [&quot;examples&quot;]&#10;warning: the following keywords are unknown and will be ignored: [examples]&#10;    level: &quot;warning&quot;&#10;    schema: {&quot;loadingURI&quot;:&quot;#&quot;,&quot;pointer&quot;:&quot;/items/properties/email&quot;}&#10;    domain: &quot;syntax&quot;&#10;    ignored: [&quot;examples&quot;]&#10;warning: the following keywords are unknown and will be ignored: [examples]&#10;    level: &quot;warning&quot;&#10;    schema: {&quot;loadingURI&quot;:&quot;#&quot;,&quot;pointer&quot;:&quot;/items/properties/id&quot;}&#10;    domain: &quot;syntax&quot;&#10;    ignored: [&quot;examples&quot;]&#10;warning: the following keywords are unknown and will be ignored: [examples]&#10;    level: &quot;warning&quot;&#10;    schema: {&quot;loadingURI&quot;:&quot;#&quot;,&quot;pointer&quot;:&quot;/items/properties/nome&quot;}&#10;    domain: &quot;syntax&quot;&#10;    ignored: [&quot;examples&quot;]&#10;warning: the following keywords are unknown and will be ignored: [examples]&#10;    level: &quot;warning&quot;&#10;    schema: {&quot;loadingURI&quot;:&quot;#&quot;,&quot;pointer&quot;:&quot;/items/properties/parcelas&quot;}&#10;    domain: &quot;syntax&quot;&#10;    ignored: [&quot;examples&quot;]&#10;warning: the following keywords are unknown and will be ignored: [examples]&#10;    level: &quot;warning&quot;&#10;    schema: {&quot;loadingURI&quot;:&quot;#&quot;,&quot;pointer&quot;:&quot;/items/properties/seguro&quot;}&#10;    domain: &quot;syntax&quot;&#10;    ignored: [&quot;examples&quot;]&#10;warning: the following keywords are unknown and will be ignored: [examples]&#10;    level: &quot;warning&quot;&#10;    schema: {&quot;loadingURI&quot;:&quot;#&quot;,&quot;pointer&quot;:&quot;/items/properties/valor&quot;}&#10;    domain: &quot;syntax&quot;&#10;    ignored: [&quot;examples&quot;]&#10;warning: the following keywords are unknown and will be ignored: [examples]&#10;    level: &quot;warning&quot;&#10;    schema: {&quot;loadingURI&quot;:&quot;#&quot;,&quot;pointer&quot;:&quot;/items&quot;}&#10;    domain: &quot;syntax&quot;&#10;    ignored: [&quot;examples&quot;]&#10;warning: the following keywords are unknown and will be ignored: [examples]&#10;    level: &quot;warning&quot;&#10;    schema: {&quot;loadingURI&quot;:&quot;#&quot;,&quot;pointer&quot;:&quot;/items/properties/cpf&quot;}&#10;    domain: &quot;syntax&quot;&#10;    ignored: [&quot;examples&quot;]&#10;warning: the following keywords are unknown and will be ignored: [examples]&#10;    level: &quot;warning&quot;&#10;    schema: {&quot;loadingURI&quot;:&quot;#&quot;,&quot;pointer&quot;:&quot;/items/properties/email&quot;}&#10;    domain: &quot;syntax&quot;&#10;    ignored: [&quot;examples&quot;]&#10;warning: the following keywords are unknown and will be ignored: [examples]&#10;    level: &quot;warning&quot;&#10;    schema: {&quot;loadingURI&quot;:&quot;#&quot;,&quot;pointer&quot;:&quot;/items/properties/id&quot;}&#10;    domain: &quot;syntax&quot;&#10;    ignored: [&quot;examples&quot;]&#10;warning: the following keywords are unknown and will be ignored: [examples]&#10;    level: &quot;warning&quot;&#10;    schema: {&quot;loadingURI&quot;:&quot;#&quot;,&quot;pointer&quot;:&quot;/items/properties/nome&quot;}&#10;    domain: &quot;syntax&quot;&#10;    ignored: [&quot;examples&quot;]&#10;warning: the following keywords are unknown and will be ignored: [examples]&#10;    level: &quot;warning&quot;&#10;    schema: {&quot;loadingURI&quot;:&quot;#&quot;,&quot;pointer&quot;:&quot;/items/properties/parcelas&quot;}&#10;    domain: &quot;syntax&quot;&#10;    ignored: [&quot;examples&quot;]&#10;warning: the following keywords are unknown and will be ignored: [examples]&#10;    level: &quot;warning&quot;&#10;    schema: {&quot;loadingURI&quot;:&quot;#&quot;,&quot;pointer&quot;:&quot;/items/properties/seguro&quot;}&#10;    domain: &quot;syntax&quot;&#10;    ignored: [&quot;examples&quot;]&#10;warning: the following keywords are unknown and will be ignored: [examples]&#10;    level: &quot;warning&quot;&#10;    schema: {&quot;loadingURI&quot;:&quot;#&quot;,&quot;pointer&quot;:&quot;/items/properties/valor&quot;}&#10;    domain: &quot;syntax&quot;&#10;    ignored: [&quot;examples&quot;]&#10;warning: the following keywords are unknown and will be ignored: [examples]&#10;    level: &quot;warning&quot;&#10;    schema: {&quot;loadingURI&quot;:&quot;#&quot;,&quot;pointer&quot;:&quot;/items&quot;}&#10;    domain: &quot;syntax&quot;&#10;    ignored: [&quot;examples&quot;]&#10;warning: the following keywords are unknown and will be ignored: [examples]&#10;    level: &quot;warning&quot;&#10;    schema: {&quot;loadingURI&quot;:&quot;#&quot;,&quot;pointer&quot;:&quot;/items/properties/cpf&quot;}&#10;    domain: &quot;syntax&quot;&#10;    ignored: [&quot;examples&quot;]&#10;warning: the following keywords are unknown and will be ignored: [examples]&#10;    level: &quot;warning&quot;&#10;    schema: {&quot;loadingURI&quot;:&quot;#&quot;,&quot;pointer&quot;:&quot;/items/properties/email&quot;}&#10;    domain: &quot;syntax&quot;&#10;    ignored: [&quot;examples&quot;]&#10;warning: the following keywords are unknown and will be ignored: [examples]&#10;    level: &quot;warning&quot;&#10;    schema: {&quot;loadingURI&quot;:&quot;#&quot;,&quot;pointer&quot;:&quot;/items/properties/id&quot;}&#10;    domain: &quot;syntax&quot;&#10;    ignored: [&quot;examples&quot;]&#10;warning: the following keywords are unknown and will be ignored: [examples]&#10;    level: &quot;warning&quot;&#10;    schema: {&quot;loadingURI&quot;:&quot;#&quot;,&quot;pointer&quot;:&quot;/items/properties/nome&quot;}&#10;    domain: &quot;syntax&quot;&#10;    ignored: [&quot;examples&quot;]&#10;warning: the following keywords are unknown and will be ignored: [examples]&#10;    level: &quot;warning&quot;&#10;    schema: {&quot;loadingURI&quot;:&quot;#&quot;,&quot;pointer&quot;:&quot;/items/properties/parcelas&quot;}&#10;    domain: &quot;syntax&quot;&#10;    ignored: [&quot;examples&quot;]&#10;warning: the following keywords are unknown and will be ignored: [examples]&#10;    level: &quot;warning&quot;&#10;    schema: {&quot;loadingURI&quot;:&quot;#&quot;,&quot;pointer&quot;:&quot;/items/properties/seguro&quot;}&#10;    domain: &quot;syntax&quot;&#10;    ignored: [&quot;examples&quot;]&#10;warning: the following keywords are unknown and will be ignored: [examples]&#10;    level: &quot;warning&quot;&#10;    schema: {&quot;loadingURI&quot;:&quot;#&quot;,&quot;pointer&quot;:&quot;/items/properties/valor&quot;}&#10;    domain: &quot;syntax&quot;&#10;    ignored: [&quot;examples&quot;]&#10;warning: the following keywords are unknown and will be ignored: [examples]&#10;    level: &quot;warning&quot;&#10;    schema: {&quot;loadingURI&quot;:&quot;#&quot;,&quot;pointer&quot;:&quot;/items&quot;}&#10;    domain: &quot;syntax&quot;&#10;    ignored: [&quot;examples&quot;]&#10;warning: the following keywords are unknown and will be ignored: [examples]&#10;    level: &quot;warning&quot;&#10;    schema: {&quot;loadingURI&quot;:&quot;#&quot;,&quot;pointer&quot;:&quot;/items/properties/cpf&quot;}&#10;    domain: &quot;syntax&quot;&#10;    ignored: [&quot;examples&quot;]&#10;warning: the following keywords are unknown and will be ignored: [examples]&#10;    level: &quot;warning&quot;&#10;    schema: {&quot;loadingURI&quot;:&quot;#&quot;,&quot;pointer&quot;:&quot;/items/properties/email&quot;}&#10;    domain: &quot;syntax&quot;&#10;    ignored: [&quot;examples&quot;]&#10;warning: the following keywords are unknown and will be ignored: [examples]&#10;    level: &quot;warning&quot;&#10;    schema: {&quot;loadingURI&quot;:&quot;#&quot;,&quot;pointer&quot;:&quot;/items/properties/id&quot;}&#10;    domain: &quot;syntax&quot;&#10;    ignored: [&quot;examples&quot;]&#10;warning: the following keywords are unknown and will be ignored: [examples]&#10;    level: &quot;warning&quot;&#10;    schema: {&quot;loadingURI&quot;:&quot;#&quot;,&quot;pointer&quot;:&quot;/items/properties/nome&quot;}&#10;    domain: &quot;syntax&quot;&#10;    ignored: [&quot;examples&quot;]&#10;warning: the following keywords are unknown and will be ignored: [examples]&#10;    level: &quot;warning&quot;&#10;    schema: {&quot;loadingURI&quot;:&quot;#&quot;,&quot;pointer&quot;:&quot;/items/properties/parcelas&quot;}&#10;    domain: &quot;syntax&quot;&#10;    ignored: [&quot;examples&quot;]&#10;warning: the following keywords are unknown and will be ignored: [examples]&#10;    level: &quot;warning&quot;&#10;    schema: {&quot;loadingURI&quot;:&quot;#&quot;,&quot;pointer&quot;:&quot;/items/properties/seguro&quot;}&#10;    domain: &quot;syntax&quot;&#10;    ignored: [&quot;examples&quot;]&#10;warning: the following keywords are unknown and will be ignored: [examples]&#10;    level: &quot;warning&quot;&#10;    schema: {&quot;loadingURI&quot;:&quot;#&quot;,&quot;pointer&quot;:&quot;/items/properties/valor&quot;}&#10;    domain: &quot;syntax&quot;&#10;    ignored: [&quot;examples&quot;]&#10;warning: the following keywords are unknown and will be ignored: [examples]&#10;    level: &quot;warning&quot;&#10;    schema: {&quot;loadingURI&quot;:&quot;#&quot;,&quot;pointer&quot;:&quot;/items&quot;}&#10;    domain: &quot;syntax&quot;&#10;    ignored: [&quot;examples&quot;]&#10;warning: the following keywords are unknown and will be ignored: [examples]&#10;    level: &quot;warning&quot;&#10;    schema: {&quot;loadingURI&quot;:&quot;#&quot;,&quot;pointer&quot;:&quot;/items/properties/cpf&quot;}&#10;    domain: &quot;syntax&quot;&#10;    ignored: [&quot;examples&quot;]&#10;warning: the following keywords are unknown and will be ignored: [examples]&#10;    level: &quot;warning&quot;&#10;    schema: {&quot;loadingURI&quot;:&quot;#&quot;,&quot;pointer&quot;:&quot;/items/properties/email&quot;}&#10;    domain: &quot;syntax&quot;&#10;    ignored: [&quot;examples&quot;]&#10;warning: the following keywords are unknown and will be ignored: [examples]&#10;    level: &quot;warning&quot;&#10;    schema: {&quot;loadingURI&quot;:&quot;#&quot;,&quot;pointer&quot;:&quot;/items/properties/id&quot;}&#10;    domain: &quot;syntax&quot;&#10;    ignored: [&quot;examples&quot;]&#10;warning: the following keywords are unknown and will be ignored: [examples]&#10;    level: &quot;warning&quot;&#10;    schema: {&quot;loadingURI&quot;:&quot;#&quot;,&quot;pointer&quot;:&quot;/items/properties/nome&quot;}&#10;    domain: &quot;syntax&quot;&#10;    ignored: [&quot;examples&quot;]&#10;warning: the following keywords are unknown and will be ignored: [examples]&#10;    level: &quot;warning&quot;&#10;    schema: {&quot;loadingURI&quot;:&quot;#&quot;,&quot;pointer&quot;:&quot;/items/properties/parcelas&quot;}&#10;    domain: &quot;syntax&quot;&#10;    ignored: [&quot;examples&quot;]&#10;warning: the following keywords are unknown and will be ignored: [examples]&#10;    level: &quot;warning&quot;&#10;    schema: {&quot;loadingURI&quot;:&quot;#&quot;,&quot;pointer&quot;:&quot;/items/properties/seguro&quot;}&#10;    domain: &quot;syntax&quot;&#10;    ignored: [&quot;examples&quot;]&#10;warning: the following keywords are unknown and will be ignored: [examples]&#10;    level: &quot;warning&quot;&#10;    schema: {&quot;loadingURI&quot;:&quot;#&quot;,&quot;pointer&quot;:&quot;/items/properties/valor&quot;}&#10;    domain: &quot;syntax&quot;&#10;    ignored: [&quot;examples&quot;]&#10;warning: the following keywords are unknown and will be ignored: [examples]&#10;    level: &quot;warning&quot;&#10;    schema: {&quot;loadingURI&quot;:&quot;#&quot;,&quot;pointer&quot;:&quot;/items&quot;}&#10;    domain: &quot;syntax&quot;&#10;    ignored: [&quot;examples&quot;]&#10;warning: the following keywords are unknown and will be ignored: [examples]&#10;    level: &quot;warning&quot;&#10;    schema: {&quot;loadingURI&quot;:&quot;#&quot;,&quot;pointer&quot;:&quot;/items/properties/cpf&quot;}&#10;    domain: &quot;syntax&quot;&#10;    ignored: [&quot;examples&quot;]&#10;warning: the following keywords are unknown and will be ignored: [examples]&#10;    level: &quot;warning&quot;&#10;    schema: {&quot;loadingURI&quot;:&quot;#&quot;,&quot;pointer&quot;:&quot;/items/properties/email&quot;}&#10;    domain: &quot;syntax&quot;&#10;    ignored: [&quot;examples&quot;]&#10;warning: the following keywords are unknown and will be ignored: [examples]&#10;    level: &quot;warning&quot;&#10;    schema: {&quot;loadingURI&quot;:&quot;#&quot;,&quot;pointer&quot;:&quot;/items/properties/id&quot;}&#10;    domain: &quot;syntax&quot;&#10;    ignored: [&quot;examples&quot;]&#10;warning: the following keywords are unknown and will be ignored: [examples]&#10;    level: &quot;warning&quot;&#10;    schema: {&quot;loadingURI&quot;:&quot;#&quot;,&quot;pointer&quot;:&quot;/items/properties/nome&quot;}&#10;    domain: &quot;syntax&quot;&#10;    ignored: [&quot;examples&quot;]&#10;warning: the following keywords are unknown and will be ignored: [examples]&#10;    level: &quot;warning&quot;&#10;    schema: {&quot;loadingURI&quot;:&quot;#&quot;,&quot;pointer&quot;:&quot;/items/properties/parcelas&quot;}&#10;    domain: &quot;syntax&quot;&#10;    ignored: [&quot;examples&quot;]&#10;warning: the following keywords are unknown and will be ignored: [examples]&#10;    level: &quot;warning&quot;&#10;    schema: {&quot;loadingURI&quot;:&quot;#&quot;,&quot;pointer&quot;:&quot;/items/properties/seguro&quot;}&#10;    domain: &quot;syntax&quot;&#10;    ignored: [&quot;examples&quot;]&#10;warning: the following keywords are unknown and will be ignored: [examples]&#10;    level: &quot;warning&quot;&#10;    schema: {&quot;loadingURI&quot;:&quot;#&quot;,&quot;pointer&quot;:&quot;/items/properties/valor&quot;}&#10;    domain: &quot;syntax&quot;&#10;    ignored: [&quot;examples&quot;]&#10;warning: the following keywords are unknown and will be ignored: [examples]&#10;    level: &quot;warning&quot;&#10;    schema: {&quot;loadingURI&quot;:&quot;#&quot;,&quot;pointer&quot;:&quot;/items&quot;}&#10;    domain: &quot;syntax&quot;&#10;    ignored: [&quot;examples&quot;]&#10;warning: the following keywords are unknown and will be ignored: [examples]&#10;    level: &quot;warning&quot;&#10;    schema: {&quot;loadingURI&quot;:&quot;#&quot;,&quot;pointer&quot;:&quot;/items/properties/cpf&quot;}&#10;    domain: &quot;syntax&quot;&#10;    ignored: [&quot;examples&quot;]&#10;warning: the following keywords are unknown and will be ignored: [examples]&#10;    level: &quot;warning&quot;&#10;    schema: {&quot;loadingURI&quot;:&quot;#&quot;,&quot;pointer&quot;:&quot;/items/properties/email&quot;}&#10;    domain: &quot;syntax&quot;&#10;    ignored: [&quot;examples&quot;]&#10;warning: the following keywords are unknown and will be ignored: [examples]&#10;    level: &quot;warning&quot;&#10;    schema: {&quot;loadingURI&quot;:&quot;#&quot;,&quot;pointer&quot;:&quot;/items/properties/id&quot;}&#10;    domain: &quot;syntax&quot;&#10;    ignored: [&quot;examples&quot;]&#10;warning: the following keywords are unknown and will be ignored: [examples]&#10;    level: &quot;warning&quot;&#10;    schema: {&quot;loadingURI&quot;:&quot;#&quot;,&quot;pointer&quot;:&quot;/items/properties/nome&quot;}&#10;    domain: &quot;syntax&quot;&#10;    ignored: [&quot;examples&quot;]&#10;warning: the following keywords are unknown and will be ignored: [examples]&#10;    level: &quot;warning&quot;&#10;    schema: {&quot;loadingURI&quot;:&quot;#&quot;,&quot;pointer&quot;:&quot;/items/properties/parcelas&quot;}&#10;    domain: &quot;syntax&quot;&#10;    ignored: [&quot;examples&quot;]&#10;warning: the following keywords are unknown and will be ignored: [examples]&#10;    level: &quot;warning&quot;&#10;    schema: {&quot;loadingURI&quot;:&quot;#&quot;,&quot;pointer&quot;:&quot;/items/properties/seguro&quot;}&#10;    domain: &quot;syntax&quot;&#10;    ignored: [&quot;examples&quot;]&#10;warning: the following keywords are unknown and will be ignored: [examples]&#10;    level: &quot;warning&quot;&#10;    schema: {&quot;loadingURI&quot;:&quot;#&quot;,&quot;pointer&quot;:&quot;/items/properties/valor&quot;}&#10;    domain: &quot;syntax&quot;&#10;    ignored: [&quot;examples&quot;]&#10;warning: the following keywords are unknown and will be ignored: [examples]&#10;    level: &quot;warning&quot;&#10;    schema: {&quot;loadingURI&quot;:&quot;#&quot;,&quot;pointer&quot;:&quot;/items&quot;}&#10;    domain: &quot;syntax&quot;&#10;    ignored: [&quot;examples&quot;]&#10;warning: the following keywords are unknown and will be ignored: [examples]&#10;    level: &quot;warning&quot;&#10;    schema: {&quot;loadingURI&quot;:&quot;#&quot;,&quot;pointer&quot;:&quot;/items/properties/cpf&quot;}&#10;    domain: &quot;syntax&quot;&#10;    ignored: [&quot;examples&quot;]&#10;warning: the following keywords are unknown and will be ignored: [examples]&#10;    level: &quot;warning&quot;&#10;    schema: {&quot;loadingURI&quot;:&quot;#&quot;,&quot;pointer&quot;:&quot;/items/properties/email&quot;}&#10;    domain: &quot;syntax&quot;&#10;    ignored: [&quot;examples&quot;]&#10;warning: the following keywords are unknown and will be ignored: [examples]&#10;    level: &quot;warning&quot;&#10;    schema: {&quot;loadingURI&quot;:&quot;#&quot;,&quot;pointer&quot;:&quot;/items/properties/id&quot;}&#10;    domain: &quot;syntax&quot;&#10;    ignored: [&quot;examples&quot;]&#10;warning: the following keywords are unknown and will be ignored: [examples]&#10;    level: &quot;warning&quot;&#10;    schema: {&quot;loadingURI&quot;:&quot;#&quot;,&quot;pointer&quot;:&quot;/items/properties/nome&quot;}&#10;    domain: &quot;syntax&quot;&#10;    ignored: [&quot;examples&quot;]&#10;warning: the following keywords are unknown and will be ignored: [examples]&#10;    level: &quot;warning&quot;&#10;    schema: {&quot;loadingURI&quot;:&quot;#&quot;,&quot;pointer&quot;:&quot;/items/properties/parcelas&quot;}&#10;    domain: &quot;syntax&quot;&#10;    ignored: [&quot;examples&quot;]&#10;warning: the following keywords are unknown and will be ignored: [examples]&#10;    level: &quot;warning&quot;&#10;    schema: {&quot;loadingURI&quot;:&quot;#&quot;,&quot;pointer&quot;:&quot;/items/properties/seguro&quot;}&#10;    domain: &quot;syntax&quot;&#10;    ignored: [&quot;examples&quot;]&#10;warning: the following keywords are unknown and will be ignored: [examples]&#10;    level: &quot;warning&quot;&#10;    schema: {&quot;loadingURI&quot;:&quot;#&quot;,&quot;pointer&quot;:&quot;/items/properties/valor&quot;}&#10;    domain: &quot;syntax&quot;&#10;    ignored: [&quot;examples&quot;]&#10;warning: the following keywords are unknown and will be ignored: [examples]&#10;    level: &quot;warning&quot;&#10;    schema: {&quot;loadingURI&quot;:&quot;#&quot;,&quot;pointer&quot;:&quot;/items&quot;}&#10;    domain: &quot;syntax&quot;&#10;    ignored: [&quot;examples&quot;]&#10;warning: the following keywords are unknown and will be ignored: [examples]&#10;    level: &quot;warning&quot;&#10;    schema: {&quot;loadingURI&quot;:&quot;#&quot;,&quot;pointer&quot;:&quot;/items/properties/cpf&quot;}&#10;    domain: &quot;syntax&quot;&#10;    ignored: [&quot;examples&quot;]&#10;warning: the following keywords are unknown and will be ignored: [examples]&#10;    level: &quot;warning&quot;&#10;    schema: {&quot;loadingURI&quot;:&quot;#&quot;,&quot;pointer&quot;:&quot;/items/properties/email&quot;}&#10;    domain: &quot;syntax&quot;&#10;    ignored: [&quot;examples&quot;]&#10;warning: the following keywords are unknown and will be ignored: [examples]&#10;    level: &quot;warning&quot;&#10;    schema: {&quot;loadingURI&quot;:&quot;#&quot;,&quot;pointer&quot;:&quot;/items/properties/id&quot;}&#10;    domain: &quot;syntax&quot;&#10;    ignored: [&quot;examples&quot;]&#10;warning: the following keywords are unknown and will be ignored: [examples]&#10;    level: &quot;warning&quot;&#10;    schema: {&quot;loadingURI&quot;:&quot;#&quot;,&quot;pointer&quot;:&quot;/items/properties/nome&quot;}&#10;    domain: &quot;syntax&quot;&#10;    ignored: [&quot;examples&quot;]&#10;warning: the following keywords are unknown and will be ignored: [examples]&#10;    level: &quot;warning&quot;&#10;    schema: {&quot;loadingURI&quot;:&quot;#&quot;,&quot;pointer&quot;:&quot;/items/properties/parcelas&quot;}&#10;    domain: &quot;syntax&quot;&#10;    ignored: [&quot;examples&quot;]&#10;warning: the following keywords are unknown and will be ignored: [examples]&#10;    level: &quot;warning&quot;&#10;    schema: {&quot;loadingURI&quot;:&quot;#&quot;,&quot;pointer&quot;:&quot;/items/properties/seguro&quot;}&#10;    domain: &quot;syntax&quot;&#10;    ignored: [&quot;examples&quot;]&#10;warning: the following keywords are unknown and will be ignored: [examples]&#10;    level: &quot;warning&quot;&#10;    schema: {&quot;loadingURI&quot;:&quot;#&quot;,&quot;pointer&quot;:&quot;/items/properties/valor&quot;}&#10;    domain: &quot;syntax&quot;&#10;    ignored: [&quot;examples&quot;]&#10;warning: the following keywords are unknown and will be ignored: [examples]&#10;    level: &quot;warning&quot;&#10;    schema: {&quot;loadingURI&quot;:&quot;#&quot;,&quot;pointer&quot;:&quot;/items&quot;}&#10;    domain: &quot;syntax&quot;&#10;    ignored: [&quot;examples&quot;]&#10;warning: the following keywords are unknown and will be ignored: [examples]&#10;    level: &quot;warning&quot;&#10;    schema: {&quot;loadingURI&quot;:&quot;#&quot;,&quot;pointer&quot;:&quot;/items/properties/cpf&quot;}&#10;    domain: &quot;syntax&quot;&#10;    ignored: [&quot;examples&quot;]&#10;warning: the following keywords are unknown and will be ignored: [examples]&#10;    level: &quot;warning&quot;&#10;    schema: {&quot;loadingURI&quot;:&quot;#&quot;,&quot;pointer&quot;:&quot;/items/properties/email&quot;}&#10;    domain: &quot;syntax&quot;&#10;    ignored: [&quot;examples&quot;]&#10;warning: the following keywords are unknown and will be ignored: [examples]&#10;    level: &quot;warning&quot;&#10;    schema: {&quot;loadingURI&quot;:&quot;#&quot;,&quot;pointer&quot;:&quot;/items/properties/id&quot;}&#10;    domain: &quot;syntax&quot;&#10;    ignored: [&quot;examples&quot;]&#10;warning: the following keywords are unknown and will be ignored: [examples]&#10;    level: &quot;warning&quot;&#10;    schema: {&quot;loadingURI&quot;:&quot;#&quot;,&quot;pointer&quot;:&quot;/items/properties/nome&quot;}&#10;    domain: &quot;syntax&quot;&#10;    ignored: [&quot;examples&quot;]&#10;warning: the following keywords are unknown and will be ignored: [examples]&#10;    level: &quot;warning&quot;&#10;    schema: {&quot;loadingURI&quot;:&quot;#&quot;,&quot;pointer&quot;:&quot;/items/properties/parcelas&quot;}&#10;    domain: &quot;syntax&quot;&#10;    ignored: [&quot;examples&quot;]&#10;warning: the following keywords are unknown and will be ignored: [examples]&#10;    level: &quot;warning&quot;&#10;    schema: {&quot;loadingURI&quot;:&quot;#&quot;,&quot;pointer&quot;:&quot;/items/properties/seguro&quot;}&#10;    domain: &quot;syntax&quot;&#10;    ignored: [&quot;examples&quot;]&#10;warning: the following keywords are unknown and will be ignored: [examples]&#10;    level: &quot;warning&quot;&#10;    schema: {&quot;loadingURI&quot;:&quot;#&quot;,&quot;pointer&quot;:&quot;/items/properties/valor&quot;}&#10;    domain: &quot;syntax&quot;&#10;    ignored: [&quot;examples&quot;]&#10;warning: the following keywords are unknown and will be ignored: [examples]&#10;    level: &quot;warning&quot;&#10;    schema: {&quot;loadingURI&quot;:&quot;#&quot;,&quot;pointer&quot;:&quot;/items&quot;}&#10;    domain: &quot;syntax&quot;&#10;    ignored: [&quot;examples&quot;]&#10;warning: the following keywords are unknown and will be ignored: [examples]&#10;    level: &quot;warning&quot;&#10;    schema: {&quot;loadingURI&quot;:&quot;#&quot;,&quot;pointer&quot;:&quot;/items/properties/cpf&quot;}&#10;    domain: &quot;syntax&quot;&#10;    ignored: [&quot;examples&quot;]&#10;warning: the following keywords are unknown and will be ignored: [examples]&#10;    level: &quot;warning&quot;&#10;    schema: {&quot;loadingURI&quot;:&quot;#&quot;,&quot;pointer&quot;:&quot;/items/properties/email&quot;}&#10;    domain: &quot;syntax&quot;&#10;    ignored: [&quot;examples&quot;]&#10;warning: the following keywords are unknown and will be ignored: [examples]&#10;    level: &quot;warning&quot;&#10;    schema: {&quot;loadingURI&quot;:&quot;#&quot;,&quot;pointer&quot;:&quot;/items/properties/id&quot;}&#10;    domain: &quot;syntax&quot;&#10;    ignored: [&quot;examples&quot;]&#10;warning: the following keywords are unknown and will be ignored: [examples]&#10;    level: &quot;warning&quot;&#10;    schema: {&quot;loadingURI&quot;:&quot;#&quot;,&quot;pointer&quot;:&quot;/items/properties/nome&quot;}&#10;    domain: &quot;syntax&quot;&#10;    ignored: [&quot;examples&quot;]&#10;warning: the following keywords are unknown and will be ignored: [examples]&#10;    level: &quot;warning&quot;&#10;    schema: {&quot;loadingURI&quot;:&quot;#&quot;,&quot;pointer&quot;:&quot;/items/properties/parcelas&quot;}&#10;    domain: &quot;syntax&quot;&#10;    ignored: [&quot;examples&quot;]&#10;warning: the following keywords are unknown and will be ignored: [examples]&#10;    level: &quot;warning&quot;&#10;    schema: {&quot;loadingURI&quot;:&quot;#&quot;,&quot;pointer&quot;:&quot;/items/properties/seguro&quot;}&#10;    domain: &quot;syntax&quot;&#10;    ignored: [&quot;examples&quot;]&#10;warning: the following keywords are unknown and will be ignored: [examples]&#10;    level: &quot;warning&quot;&#10;    schema: {&quot;loadingURI&quot;:&quot;#&quot;,&quot;pointer&quot;:&quot;/items/properties/valor&quot;}&#10;    domain: &quot;syntax&quot;&#10;    ignored: [&quot;examples&quot;]&#10;warning: the following keywords are unknown and will be ignored: [examples]&#10;    level: &quot;warning&quot;&#10;    schema: {&quot;loadingURI&quot;:&quot;#&quot;,&quot;pointer&quot;:&quot;/items&quot;}&#10;    domain: &quot;syntax&quot;&#10;    ignored: [&quot;examples&quot;]&#10;warning: the following keywords are unknown and will be ignored: [examples]&#10;    level: &quot;warning&quot;&#10;    schema: {&quot;loadingURI&quot;:&quot;#&quot;,&quot;pointer&quot;:&quot;/items/properties/cpf&quot;}&#10;    domain: &quot;syntax&quot;&#10;    ignored: [&quot;examples&quot;]&#10;warning: the following keywords are unknown and will be ignored: [examples]&#10;    level: &quot;warning&quot;&#10;    schema: {&quot;loadingURI&quot;:&quot;#&quot;,&quot;pointer&quot;:&quot;/items/properties/email&quot;}&#10;    domain: &quot;syntax&quot;&#10;    ignored: [&quot;examples&quot;]&#10;warning: the following keywords are unknown and will be ignored: [examples]&#10;    level: &quot;warning&quot;&#10;    schema: {&quot;loadingURI&quot;:&quot;#&quot;,&quot;pointer&quot;:&quot;/items/properties/id&quot;}&#10;    domain: &quot;syntax&quot;&#10;    ignored: [&quot;examples&quot;]&#10;warning: the following keywords are unknown and will be ignored: [examples]&#10;    level: &quot;warning&quot;&#10;    schema: {&quot;loadingURI&quot;:&quot;#&quot;,&quot;pointer&quot;:&quot;/items/properties/nome&quot;}&#10;    domain: &quot;syntax&quot;&#10;    ignored: [&quot;examples&quot;]&#10;warning: the following keywords are unknown and will be ignored: [examples]&#10;    level: &quot;warning&quot;&#10;    schema: {&quot;loadingURI&quot;:&quot;#&quot;,&quot;pointer&quot;:&quot;/items/properties/parcelas&quot;}&#10;    domain: &quot;syntax&quot;&#10;    ignored: [&quot;examples&quot;]&#10;warning: the following keywords are unknown and will be ignored: [examples]&#10;    level: &quot;warning&quot;&#10;    schema: {&quot;loadingURI&quot;:&quot;#&quot;,&quot;pointer&quot;:&quot;/items/properties/seguro&quot;}&#10;    domain: &quot;syntax&quot;&#10;    ignored: [&quot;examples&quot;]&#10;warning: the following keywords are unknown and will be ignored: [examples]&#10;    level: &quot;warning&quot;&#10;    schema: {&quot;loadingURI&quot;:&quot;#&quot;,&quot;pointer&quot;:&quot;/items/properties/valor&quot;}&#10;    domain: &quot;syntax&quot;&#10;    ignored: [&quot;examples&quot;]&#10;warning: the following keywords are unknown and will be ignored: [examples]&#10;    level: &quot;warning&quot;&#10;    schema: {&quot;loadingURI&quot;:&quot;#&quot;,&quot;pointer&quot;:&quot;/items&quot;}&#10;    domain: &quot;syntax&quot;&#10;    ignored: [&quot;examples&quot;]&#10;warning: the following keywords are unknown and will be ignored: [examples]&#10;    level: &quot;warning&quot;&#10;    schema: {&quot;loadingURI&quot;:&quot;#&quot;,&quot;pointer&quot;:&quot;/items/properties/cpf&quot;}&#10;    domain: &quot;syntax&quot;&#10;    ignored: [&quot;examples&quot;]&#10;warning: the following keywords are unknown and will be ignored: [examples]&#10;    level: &quot;warning&quot;&#10;    schema: {&quot;loadingURI&quot;:&quot;#&quot;,&quot;pointer&quot;:&quot;/items/properties/email&quot;}&#10;    domain: &quot;syntax&quot;&#10;    ignored: [&quot;examples&quot;]&#10;warning: the following keywords are unknown and will be ignored: [examples]&#10;    level: &quot;warning&quot;&#10;    schema: {&quot;loadingURI&quot;:&quot;#&quot;,&quot;pointer&quot;:&quot;/items/properties/id&quot;}&#10;    domain: &quot;syntax&quot;&#10;    ignored: [&quot;examples&quot;]&#10;warning: the following keywords are unknown and will be ignored: [examples]&#10;    level: &quot;warning&quot;&#10;    schema: {&quot;loadingURI&quot;:&quot;#&quot;,&quot;pointer&quot;:&quot;/items/properties/nome&quot;}&#10;    domain: &quot;syntax&quot;&#10;    ignored: [&quot;examples&quot;]&#10;warning: the following keywords are unknown and will be ignored: [examples]&#10;    level: &quot;warning&quot;&#10;    schema: {&quot;loadingURI&quot;:&quot;#&quot;,&quot;pointer&quot;:&quot;/items/properties/parcelas&quot;}&#10;    domain: &quot;syntax&quot;&#10;    ignored: [&quot;examples&quot;]&#10;warning: the following keywords are unknown and will be ignored: [examples]&#10;    level: &quot;warning&quot;&#10;    schema: {&quot;loadingURI&quot;:&quot;#&quot;,&quot;pointer&quot;:&quot;/items/properties/seguro&quot;}&#10;    domain: &quot;syntax&quot;&#10;    ignored: [&quot;examples&quot;]&#10;warning: the following keywords are unknown and will be ignored: [examples]&#10;    level: &quot;warning&quot;&#10;    schema: {&quot;loadingURI&quot;:&quot;#&quot;,&quot;pointer&quot;:&quot;/items/properties/valor&quot;}&#10;    domain: &quot;syntax&quot;&#10;    ignored: [&quot;examples&quot;]&#10;warning: the following keywords are unknown and will be ignored: [examples]&#10;    level: &quot;warning&quot;&#10;    schema: {&quot;loadingURI&quot;:&quot;#&quot;,&quot;pointer&quot;:&quot;/items&quot;}&#10;    domain: &quot;syntax&quot;&#10;    ignored: [&quot;examples&quot;]&#10;warning: the following keywords are unknown and will be ignored: [examples]&#10;    level: &quot;warning&quot;&#10;    schema: {&quot;loadingURI&quot;:&quot;#&quot;,&quot;pointer&quot;:&quot;/items/properties/cpf&quot;}&#10;    domain: &quot;syntax&quot;&#10;    ignored: [&quot;examples&quot;]&#10;warning: the following keywords are unknown and will be ignored: [examples]&#10;    level: &quot;warning&quot;&#10;    schema: {&quot;loadingURI&quot;:&quot;#&quot;,&quot;pointer&quot;:&quot;/items/properties/email&quot;}&#10;    domain: &quot;syntax&quot;&#10;    ignored: [&quot;examples&quot;]&#10;warning: the following keywords are unknown and will be ignored: [examples]&#10;    level: &quot;warning&quot;&#10;    schema: {&quot;loadingURI&quot;:&quot;#&quot;,&quot;pointer&quot;:&quot;/items/properties/id&quot;}&#10;    domain: &quot;syntax&quot;&#10;    ignored: [&quot;examples&quot;]&#10;warning: the following keywords are unknown and will be ignored: [examples]&#10;    level: &quot;warning&quot;&#10;    schema: {&quot;loadingURI&quot;:&quot;#&quot;,&quot;pointer&quot;:&quot;/items/properties/nome&quot;}&#10;    domain: &quot;syntax&quot;&#10;    ignored: [&quot;examples&quot;]&#10;warning: the following keywords are unknown and will be ignored: [examples]&#10;    level: &quot;warning&quot;&#10;    schema: {&quot;loadingURI&quot;:&quot;#&quot;,&quot;pointer&quot;:&quot;/items/properties/parcelas&quot;}&#10;    domain: &quot;syntax&quot;&#10;    ignored: [&quot;examples&quot;]&#10;warning: the following keywords are unknown and will be ignored: [examples]&#10;    level: &quot;warning&quot;&#10;    schema: {&quot;loadingURI&quot;:&quot;#&quot;,&quot;pointer&quot;:&quot;/items/properties/seguro&quot;}&#10;    domain: &quot;syntax&quot;&#10;    ignored: [&quot;examples&quot;]&#10;warning: the following keywords are unknown and will be ignored: [examples]&#10;    level: &quot;warning&quot;&#10;    schema: {&quot;loadingURI&quot;:&quot;#&quot;,&quot;pointer&quot;:&quot;/items/properties/valor&quot;}&#10;    domain: &quot;syntax&quot;&#10;    ignored: [&quot;examples&quot;]&#10;warning: the following keywords are unknown and will be ignored: [examples]&#10;    level: &quot;warning&quot;&#10;    schema: {&quot;loadingURI&quot;:&quot;#&quot;,&quot;pointer&quot;:&quot;/items&quot;}&#10;    domain: &quot;syntax&quot;&#10;    ignored: [&quot;examples&quot;]&#10;warning: the following keywords are unknown and will be ignored: [examples]&#10;    level: &quot;warning&quot;&#10;    schema: {&quot;loadingURI&quot;:&quot;#&quot;,&quot;pointer&quot;:&quot;/items/properties/cpf&quot;}&#10;    domain: &quot;syntax&quot;&#10;    ignored: [&quot;examples&quot;]&#10;warning: the following keywords are unknown and will be ignored: [examples]&#10;    level: &quot;warning&quot;&#10;    schema: {&quot;loadingURI&quot;:&quot;#&quot;,&quot;pointer&quot;:&quot;/items/properties/email&quot;}&#10;    domain: &quot;syntax&quot;&#10;    ignored: [&quot;examples&quot;]&#10;warning: the following keywords are unknown and will be ignored: [examples]&#10;    level: &quot;warning&quot;&#10;    schema: {&quot;loadingURI&quot;:&quot;#&quot;,&quot;pointer&quot;:&quot;/items/properties/id&quot;}&#10;    domain: &quot;syntax&quot;&#10;    ignored: [&quot;examples&quot;]&#10;warning: the following keywords are unknown and will be ignored: [examples]&#10;    level: &quot;warning&quot;&#10;    schema: {&quot;loadingURI&quot;:&quot;#&quot;,&quot;pointer&quot;:&quot;/items/properties/nome&quot;}&#10;    domain: &quot;syntax&quot;&#10;    ignored: [&quot;examples&quot;]&#10;warning: the following keywords are unknown and will be ignored: [examples]&#10;    level: &quot;warning&quot;&#10;    schema: {&quot;loadingURI&quot;:&quot;#&quot;,&quot;pointer&quot;:&quot;/items/properties/parcelas&quot;}&#10;    domain: &quot;syntax&quot;&#10;    ignored: [&quot;examples&quot;]&#10;warning: the following keywords are unknown and will be ignored: [examples]&#10;    level: &quot;warning&quot;&#10;    schema: {&quot;loadingURI&quot;:&quot;#&quot;,&quot;pointer&quot;:&quot;/items/properties/seguro&quot;}&#10;    domain: &quot;syntax&quot;&#10;    ignored: [&quot;examples&quot;]&#10;warning: the following keywords are unknown and will be ignored: [examples]&#10;    level: &quot;warning&quot;&#10;    schema: {&quot;loadingURI&quot;:&quot;#&quot;,&quot;pointer&quot;:&quot;/items/properties/valor&quot;}&#10;    domain: &quot;syntax&quot;&#10;    ignored: [&quot;examples&quot;]&#10;warning: the following keywords are unknown and will be ignored: [examples]&#10;    level: &quot;warning&quot;&#10;    schema: {&quot;loadingURI&quot;:&quot;#&quot;,&quot;pointer&quot;:&quot;/items&quot;}&#10;    domain: &quot;syntax&quot;&#10;    ignored: [&quot;examples&quot;]&#10;warning: the following keywords are unknown and will be ignored: [examples]&#10;    level: &quot;warning&quot;&#10;    schema: {&quot;loadingURI&quot;:&quot;#&quot;,&quot;pointer&quot;:&quot;/items/properties/cpf&quot;}&#10;    domain: &quot;syntax&quot;&#10;    ignored: [&quot;examples&quot;]&#10;warning: the following keywords are unknown and will be ignored: [examples]&#10;    level: &quot;warning&quot;&#10;    schema: {&quot;loadingURI&quot;:&quot;#&quot;,&quot;pointer&quot;:&quot;/items/properties/email&quot;}&#10;    domain: &quot;syntax&quot;&#10;    ignored: [&quot;examples&quot;]&#10;warning: the following keywords are unknown and will be ignored: [examples]&#10;    level: &quot;warning&quot;&#10;    schema: {&quot;loadingURI&quot;:&quot;#&quot;,&quot;pointer&quot;:&quot;/items/properties/id&quot;}&#10;    domain: &quot;syntax&quot;&#10;    ignored: [&quot;examples&quot;]&#10;warning: the following keywords are unknown and will be ignored: [examples]&#10;    level: &quot;warning&quot;&#10;    schema: {&quot;loadingURI&quot;:&quot;#&quot;,&quot;pointer&quot;:&quot;/items/properties/nome&quot;}&#10;    domain: &quot;syntax&quot;&#10;    ignored: [&quot;examples&quot;]&#10;warning: the following keywords are unknown and will be ignored: [examples]&#10;    level: &quot;warning&quot;&#10;    schema: {&quot;loadingURI&quot;:&quot;#&quot;,&quot;pointer&quot;:&quot;/items/properties/parcelas&quot;}&#10;    domain: &quot;syntax&quot;&#10;    ignored: [&quot;examples&quot;]&#10;warning: the following keywords are unknown and will be ignored: [examples]&#10;    level: &quot;warning&quot;&#10;    schema: {&quot;loadingURI&quot;:&quot;#&quot;,&quot;pointer&quot;:&quot;/items/properties/seguro&quot;}&#10;    domain: &quot;syntax&quot;&#10;    ignored: [&quot;examples&quot;]&#10;warning: the following keywords are unknown and will be ignored: [examples]&#10;    level: &quot;warning&quot;&#10;    schema: {&quot;loadingURI&quot;:&quot;#&quot;,&quot;pointer&quot;:&quot;/items/properties/valor&quot;}&#10;    domain: &quot;syntax&quot;&#10;    ignored: [&quot;examples&quot;]&#10;warning: the following keywords are unknown and will be ignored: [examples]&#10;    level: &quot;warning&quot;&#10;    schema: {&quot;loadingURI&quot;:&quot;#&quot;,&quot;pointer&quot;:&quot;/items&quot;}&#10;    domain: &quot;syntax&quot;&#10;    ignored: [&quot;examples&quot;]&#10;warning: the following keywords are unknown and will be ignored: [examples]&#10;    level: &quot;warning&quot;&#10;    schema: {&quot;loadingURI&quot;:&quot;#&quot;,&quot;pointer&quot;:&quot;/items/properties/cpf&quot;}&#10;    domain: &quot;syntax&quot;&#10;    ignored: [&quot;examples&quot;]&#10;warning: the following keywords are unknown and will be ignored: [examples]&#10;    level: &quot;warning&quot;&#10;    schema: {&quot;loadingURI&quot;:&quot;#&quot;,&quot;pointer&quot;:&quot;/items/properties/email&quot;}&#10;    domain: &quot;syntax&quot;&#10;    ignored: [&quot;examples&quot;]&#10;warning: the following keywords are unknown and will be ignored: [examples]&#10;    level: &quot;warning&quot;&#10;    schema: {&quot;loadingURI&quot;:&quot;#&quot;,&quot;pointer&quot;:&quot;/items/properties/id&quot;}&#10;    domain: &quot;syntax&quot;&#10;    ignored: [&quot;examples&quot;]&#10;warning: the following keywords are unknown and will be ignored: [examples]&#10;    level: &quot;warning&quot;&#10;    schema: {&quot;loadingURI&quot;:&quot;#&quot;,&quot;pointer&quot;:&quot;/items/properties/nome&quot;}&#10;    domain: &quot;syntax&quot;&#10;    ignored: [&quot;examples&quot;]&#10;warning: the following keywords are unknown and will be ignored: [examples]&#10;    level: &quot;warning&quot;&#10;    schema: {&quot;loadingURI&quot;:&quot;#&quot;,&quot;pointer&quot;:&quot;/items/properties/parcelas&quot;}&#10;    domain: &quot;syntax&quot;&#10;    ignored: [&quot;examples&quot;]&#10;warning: the following keywords are unknown and will be ignored: [examples]&#10;    level: &quot;warning&quot;&#10;    schema: {&quot;loadingURI&quot;:&quot;#&quot;,&quot;pointer&quot;:&quot;/items/properties/seguro&quot;}&#10;    domain: &quot;syntax&quot;&#10;    ignored: [&quot;examples&quot;]&#10;warning: the following keywords are unknown and will be ignored: [examples]&#10;    level: &quot;warning&quot;&#10;    schema: {&quot;loadingURI&quot;:&quot;#&quot;,&quot;pointer&quot;:&quot;/items/properties/valor&quot;}&#10;    domain: &quot;syntax&quot;&#10;    ignored: [&quot;examples&quot;]&#10;warning: the following keywords are unknown and will be ignored: [examples]&#10;    level: &quot;warning&quot;&#10;    schema: {&quot;loadingURI&quot;:&quot;#&quot;,&quot;pointer&quot;:&quot;/items&quot;}&#10;    domain: &quot;syntax&quot;&#10;    ignored: [&quot;examples&quot;]&#10;warning: the following keywords are unknown and will be ignored: [examples]&#10;    level: &quot;warning&quot;&#10;    schema: {&quot;loadingURI&quot;:&quot;#&quot;,&quot;pointer&quot;:&quot;/items/properties/cpf&quot;}&#10;    domain: &quot;syntax&quot;&#10;    ignored: [&quot;examples&quot;]&#10;warning: the following keywords are unknown and will be ignored: [examples]&#10;    level: &quot;warning&quot;&#10;    schema: {&quot;loadingURI&quot;:&quot;#&quot;,&quot;pointer&quot;:&quot;/items/properties/email&quot;}&#10;    domain: &quot;syntax&quot;&#10;    ignored: [&quot;examples&quot;]&#10;warning: the following keywords are unknown and will be ignored: [examples]&#10;    level: &quot;warning&quot;&#10;    schema: {&quot;loadingURI&quot;:&quot;#&quot;,&quot;pointer&quot;:&quot;/items/properties/id&quot;}&#10;    domain: &quot;syntax&quot;&#10;    ignored: [&quot;examples&quot;]&#10;warning: the following keywords are unknown and will be ignored: [examples]&#10;    level: &quot;warning&quot;&#10;    schema: {&quot;loadingURI&quot;:&quot;#&quot;,&quot;pointer&quot;:&quot;/items/properties/nome&quot;}&#10;    domain: &quot;syntax&quot;&#10;    ignored: [&quot;examples&quot;]&#10;warning: the following keywords are unknown and will be ignored: [examples]&#10;    level: &quot;warning&quot;&#10;    schema: {&quot;loadingURI&quot;:&quot;#&quot;,&quot;pointer&quot;:&quot;/items/properties/parcelas&quot;}&#10;    domain: &quot;syntax&quot;&#10;    ignored: [&quot;examples&quot;]&#10;warning: the following keywords are unknown and will be ignored: [examples]&#10;    level: &quot;warning&quot;&#10;    schema: {&quot;loadingURI&quot;:&quot;#&quot;,&quot;pointer&quot;:&quot;/items/properties/seguro&quot;}&#10;    domain: &quot;syntax&quot;&#10;    ignored: [&quot;examples&quot;]&#10;warning: the following keywords are unknown and will be ignored: [examples]&#10;    level: &quot;warning&quot;&#10;    schema: {&quot;loadingURI&quot;:&quot;#&quot;,&quot;pointer&quot;:&quot;/items/properties/valor&quot;}&#10;    domain: &quot;syntax&quot;&#10;    ignored: [&quot;examples&quot;]&#10;warning: the following keywords are unknown and will be ignored: [examples]&#10;    level: &quot;warning&quot;&#10;    schema: {&quot;loadingURI&quot;:&quot;#&quot;,&quot;pointer&quot;:&quot;/items&quot;}&#10;    domain: &quot;syntax&quot;&#10;    ignored: [&quot;examples&quot;]&#10;warning: the following keywords are unknown and will be ignored: [examples]&#10;    level: &quot;warning&quot;&#10;    schema: {&quot;loadingURI&quot;:&quot;#&quot;,&quot;pointer&quot;:&quot;/items/properties/cpf&quot;}&#10;    domain: &quot;syntax&quot;&#10;    ignored: [&quot;examples&quot;]&#10;warning: the following keywords are unknown and will be ignored: [examples]&#10;    level: &quot;warning&quot;&#10;    schema: {&quot;loadingURI&quot;:&quot;#&quot;,&quot;pointer&quot;:&quot;/items/properties/email&quot;}&#10;    domain: &quot;syntax&quot;&#10;    ignored: [&quot;examples&quot;]&#10;warning: the following keywords are unknown and will be ignored: [examples]&#10;    level: &quot;warning&quot;&#10;    schema: {&quot;loadingURI&quot;:&quot;#&quot;,&quot;pointer&quot;:&quot;/items/properties/id&quot;}&#10;    domain: &quot;syntax&quot;&#10;    ignored: [&quot;examples&quot;]&#10;warning: the following keywords are unknown and will be ignored: [examples]&#10;    level: &quot;warning&quot;&#10;    schema: {&quot;loadingURI&quot;:&quot;#&quot;,&quot;pointer&quot;:&quot;/items/properties/nome&quot;}&#10;    domain: &quot;syntax&quot;&#10;    ignored: [&quot;examples&quot;]&#10;warning: the following keywords are unknown and will be ignored: [examples]&#10;    level: &quot;warning&quot;&#10;    schema: {&quot;loadingURI&quot;:&quot;#&quot;,&quot;pointer&quot;:&quot;/items/properties/parcelas&quot;}&#10;    domain: &quot;syntax&quot;&#10;    ignored: [&quot;examples&quot;]&#10;warning: the following keywords are unknown and will be ignored: [examples]&#10;    level: &quot;warning&quot;&#10;    schema: {&quot;loadingURI&quot;:&quot;#&quot;,&quot;pointer&quot;:&quot;/items/properties/seguro&quot;}&#10;    domain: &quot;syntax&quot;&#10;    ignored: [&quot;examples&quot;]&#10;warning: the following keywords are unknown and will be ignored: [examples]&#10;    level: &quot;warning&quot;&#10;    schema: {&quot;loadingURI&quot;:&quot;#&quot;,&quot;pointer&quot;:&quot;/items/properties/valor&quot;}&#10;    domain: &quot;syntax&quot;&#10;    ignored: [&quot;examples&quot;]&#10;warning: the following keywords are unknown and will be ignored: [examples]&#10;    level: &quot;warning&quot;&#10;    schema: {&quot;loadingURI&quot;:&quot;#&quot;,&quot;pointer&quot;:&quot;/items&quot;}&#10;    domain: &quot;syntax&quot;&#10;    ignored: [&quot;examples&quot;]&#10;warning: the following keywords are unknown and will be ignored: [examples]&#10;    level: &quot;warning&quot;&#10;    schema: {&quot;loadingURI&quot;:&quot;#&quot;,&quot;pointer&quot;:&quot;/items/properties/cpf&quot;}&#10;    domain: &quot;syntax&quot;&#10;    ignored: [&quot;examples&quot;]&#10;warning: the following keywords are unknown and will be ignored: [examples]&#10;    level: &quot;warning&quot;&#10;    schema: {&quot;loadingURI&quot;:&quot;#&quot;,&quot;pointer&quot;:&quot;/items/properties/email&quot;}&#10;    domain: &quot;syntax&quot;&#10;    ignored: [&quot;examples&quot;]&#10;warning: the following keywords are unknown and will be ignored: [examples]&#10;    level: &quot;warning&quot;&#10;    schema: {&quot;loadingURI&quot;:&quot;#&quot;,&quot;pointer&quot;:&quot;/items/properties/id&quot;}&#10;    domain: &quot;syntax&quot;&#10;    ignored: [&quot;examples&quot;]&#10;warning: the following keywords are unknown and will be ignored: [examples]&#10;    level: &quot;warning&quot;&#10;    schema: {&quot;loadingURI&quot;:&quot;#&quot;,&quot;pointer&quot;:&quot;/items/properties/nome&quot;}&#10;    domain: &quot;syntax&quot;&#10;    ignored: [&quot;examples&quot;]&#10;warning: the following keywords are unknown and will be ignored: [examples]&#10;    level: &quot;warning&quot;&#10;    schema: {&quot;loadingURI&quot;:&quot;#&quot;,&quot;pointer&quot;:&quot;/items/properties/parcelas&quot;}&#10;    domain: &quot;syntax&quot;&#10;    ignored: [&quot;examples&quot;]&#10;warning: the following keywords are unknown and will be ignored: [examples]&#10;    level: &quot;warning&quot;&#10;    schema: {&quot;loadingURI&quot;:&quot;#&quot;,&quot;pointer&quot;:&quot;/items/properties/seguro&quot;}&#10;    domain: &quot;syntax&quot;&#10;    ignored: [&quot;examples&quot;]&#10;warning: the following keywords are unknown and will be ignored: [examples]&#10;    level: &quot;warning&quot;&#10;    schema: {&quot;loadingURI&quot;:&quot;#&quot;,&quot;pointer&quot;:&quot;/items/properties/valor&quot;}&#10;    domain: &quot;syntax&quot;&#10;    ignored: [&quot;examples&quot;]&#10;warning: the following keywords are unknown and will be ignored: [examples]&#10;    level: &quot;warning&quot;&#10;    schema: {&quot;loadingURI&quot;:&quot;#&quot;,&quot;pointer&quot;:&quot;/items&quot;}&#10;    domain: &quot;syntax&quot;&#10;    ignored: [&quot;examples&quot;]&#10;warning: the following keywords are unknown and will be ignored: [examples]&#10;    level: &quot;warning&quot;&#10;    schema: {&quot;loadingURI&quot;:&quot;#&quot;,&quot;pointer&quot;:&quot;/items/properties/cpf&quot;}&#10;    domain: &quot;syntax&quot;&#10;    ignored: [&quot;examples&quot;]&#10;warning: the following keywords are unknown and will be ignored: [examples]&#10;    level: &quot;warning&quot;&#10;    schema: {&quot;loadingURI&quot;:&quot;#&quot;,&quot;pointer&quot;:&quot;/items/properties/email&quot;}&#10;    domain: &quot;syntax&quot;&#10;    ignored: [&quot;examples&quot;]&#10;warning: the following keywords are unknown and will be ignored: [examples]&#10;    level: &quot;warning&quot;&#10;    schema: {&quot;loadingURI&quot;:&quot;#&quot;,&quot;pointer&quot;:&quot;/items/properties/id&quot;}&#10;    domain: &quot;syntax&quot;&#10;    ignored: [&quot;examples&quot;]&#10;warning: the following keywords are unknown and will be ignored: [examples]&#10;    level: &quot;warning&quot;&#10;    schema: {&quot;loadingURI&quot;:&quot;#&quot;,&quot;pointer&quot;:&quot;/items/properties/nome&quot;}&#10;    domain: &quot;syntax&quot;&#10;    ignored: [&quot;examples&quot;]&#10;warning: the following keywords are unknown and will be ignored: [examples]&#10;    level: &quot;warning&quot;&#10;    schema: {&quot;loadingURI&quot;:&quot;#&quot;,&quot;pointer&quot;:&quot;/items/properties/parcelas&quot;}&#10;    domain: &quot;syntax&quot;&#10;    ignored: [&quot;examples&quot;]&#10;warning: the following keywords are unknown and will be ignored: [examples]&#10;    level: &quot;warning&quot;&#10;    schema: {&quot;loadingURI&quot;:&quot;#&quot;,&quot;pointer&quot;:&quot;/items/properties/seguro&quot;}&#10;    domain: &quot;syntax&quot;&#10;    ignored: [&quot;examples&quot;]&#10;warning: the following keywords are unknown and will be ignored: [examples]&#10;    level: &quot;warning&quot;&#10;    schema: {&quot;loadingURI&quot;:&quot;#&quot;,&quot;pointer&quot;:&quot;/items/properties/valor&quot;}&#10;    domain: &quot;syntax&quot;&#10;    ignored: [&quot;examples&quot;]&#10;warning: the following keywords are unknown and will be ignored: [examples]&#10;    level: &quot;warning&quot;&#10;    schema: {&quot;loadingURI&quot;:&quot;#&quot;,&quot;pointer&quot;:&quot;/items&quot;}&#10;    domain: &quot;syntax&quot;&#10;    ignored: [&quot;examples&quot;]&#10;warning: the following keywords are unknown and will be ignored: [examples]&#10;    level: &quot;warning&quot;&#10;    schema: {&quot;loadingURI&quot;:&quot;#&quot;,&quot;pointer&quot;:&quot;/items/properties/cpf&quot;}&#10;    domain: &quot;syntax&quot;&#10;    ignored: [&quot;examples&quot;]&#10;warning: the following keywords are unknown and will be ignored: [examples]&#10;    level: &quot;warning&quot;&#10;    schema: {&quot;loadingURI&quot;:&quot;#&quot;,&quot;pointer&quot;:&quot;/items/properties/email&quot;}&#10;    domain: &quot;syntax&quot;&#10;    ignored: [&quot;examples&quot;]&#10;warning: the following keywords are unknown and will be ignored: [examples]&#10;    level: &quot;warning&quot;&#10;    schema: {&quot;loadingURI&quot;:&quot;#&quot;,&quot;pointer&quot;:&quot;/items/properties/id&quot;}&#10;    domain: &quot;syntax&quot;&#10;    ignored: [&quot;examples&quot;]&#10;warning: the following keywords are unknown and will be ignored: [examples]&#10;    level: &quot;warning&quot;&#10;    schema: {&quot;loadingURI&quot;:&quot;#&quot;,&quot;pointer&quot;:&quot;/items/properties/nome&quot;}&#10;    domain: &quot;syntax&quot;&#10;    ignored: [&quot;examples&quot;]&#10;warning: the following keywords are unknown and will be ignored: [examples]&#10;    level: &quot;warning&quot;&#10;    schema: {&quot;loadingURI&quot;:&quot;#&quot;,&quot;pointer&quot;:&quot;/items/properties/parcelas&quot;}&#10;    domain: &quot;syntax&quot;&#10;    ignored: [&quot;examples&quot;]&#10;warning: the following keywords are unknown and will be ignored: [examples]&#10;    level: &quot;warning&quot;&#10;    schema: {&quot;loadingURI&quot;:&quot;#&quot;,&quot;pointer&quot;:&quot;/items/properties/seguro&quot;}&#10;    domain: &quot;syntax&quot;&#10;    ignored: [&quot;examples&quot;]&#10;warning: the following keywords are unknown and will be ignored: [examples]&#10;    level: &quot;warning&quot;&#10;    schema: {&quot;loadingURI&quot;:&quot;#&quot;,&quot;pointer&quot;:&quot;/items/properties/valor&quot;}&#10;    domain: &quot;syntax&quot;&#10;    ignored: [&quot;examples&quot;]&#10;warning: the following keywords are unknown and will be ignored: [examples]&#10;    level: &quot;warning&quot;&#10;    schema: {&quot;loadingURI&quot;:&quot;#&quot;,&quot;pointer&quot;:&quot;/items&quot;}&#10;    domain: &quot;syntax&quot;&#10;    ignored: [&quot;examples&quot;]&#10;warning: the following keywords are unknown and will be ignored: [examples]&#10;    level: &quot;warning&quot;&#10;    schema: {&quot;loadingURI&quot;:&quot;#&quot;,&quot;pointer&quot;:&quot;/items/properties/cpf&quot;}&#10;    domain: &quot;syntax&quot;&#10;    ignored: [&quot;examples&quot;]&#10;warning: the following keywords are unknown and will be ignored: [examples]&#10;    level: &quot;warning&quot;&#10;    schema: {&quot;loadingURI&quot;:&quot;#&quot;,&quot;pointer&quot;:&quot;/items/properties/email&quot;}&#10;    domain: &quot;syntax&quot;&#10;    ignored: [&quot;examples&quot;]&#10;warning: the following keywords are unknown and will be ignored: [examples]&#10;    level: &quot;warning&quot;&#10;    schema: {&quot;loadingURI&quot;:&quot;#&quot;,&quot;pointer&quot;:&quot;/items/properties/id&quot;}&#10;    domain: &quot;syntax&quot;&#10;    ignored: [&quot;examples&quot;]&#10;warning: the following keywords are unknown and will be ignored: [examples]&#10;    level: &quot;warning&quot;&#10;    schema: {&quot;loadingURI&quot;:&quot;#&quot;,&quot;pointer&quot;:&quot;/items/properties/nome&quot;}&#10;    domain: &quot;syntax&quot;&#10;    ignored: [&quot;examples&quot;]&#10;warning: the following keywords are unknown and will be ignored: [examples]&#10;    level: &quot;warning&quot;&#10;    schema: {&quot;loadingURI&quot;:&quot;#&quot;,&quot;pointer&quot;:&quot;/items/properties/parcelas&quot;}&#10;    domain: &quot;syntax&quot;&#10;    ignored: [&quot;examples&quot;]&#10;warning: the following keywords are unknown and will be ignored: [examples]&#10;    level: &quot;warning&quot;&#10;    schema: {&quot;loadingURI&quot;:&quot;#&quot;,&quot;pointer&quot;:&quot;/items/properties/seguro&quot;}&#10;    domain: &quot;syntax&quot;&#10;    ignored: [&quot;examples&quot;]&#10;warning: the following keywords are unknown and will be ignored: [examples]&#10;    level: &quot;warning&quot;&#10;    schema: {&quot;loadingURI&quot;:&quot;#&quot;,&quot;pointer&quot;:&quot;/items/properties/valor&quot;}&#10;    domain: &quot;syntax&quot;&#10;    ignored: [&quot;examples&quot;]&#10;warning: the following keywords are unknown and will be ignored: [examples]&#10;    level: &quot;warning&quot;&#10;    schema: {&quot;loadingURI&quot;:&quot;#&quot;,&quot;pointer&quot;:&quot;/items&quot;}&#10;    domain: &quot;syntax&quot;&#10;    ignored: [&quot;examples&quot;]&#10;warning: the following keywords are unknown and will be ignored: [examples]&#10;    level: &quot;warning&quot;&#10;    schema: {&quot;loadingURI&quot;:&quot;#&quot;,&quot;pointer&quot;:&quot;/items/properties/cpf&quot;}&#10;    domain: &quot;syntax&quot;&#10;    ignored: [&quot;examples&quot;]&#10;warning: the following keywords are unknown and will be ignored: [examples]&#10;    level: &quot;warning&quot;&#10;    schema: {&quot;loadingURI&quot;:&quot;#&quot;,&quot;pointer&quot;:&quot;/items/properties/email&quot;}&#10;    domain: &quot;syntax&quot;&#10;    ignored: [&quot;examples&quot;]&#10;warning: the following keywords are unknown and will be ignored: [examples]&#10;    level: &quot;warning&quot;&#10;    schema: {&quot;loadingURI&quot;:&quot;#&quot;,&quot;pointer&quot;:&quot;/items/properties/id&quot;}&#10;    domain: &quot;syntax&quot;&#10;    ignored: [&quot;examples&quot;]&#10;warning: the following keywords are unknown and will be ignored: [examples]&#10;    level: &quot;warning&quot;&#10;    schema: {&quot;loadingURI&quot;:&quot;#&quot;,&quot;pointer&quot;:&quot;/items/properties/nome&quot;}&#10;    domain: &quot;syntax&quot;&#10;    ignored: [&quot;examples&quot;]&#10;warning: the following keywords are unknown and will be ignored: [examples]&#10;    level: &quot;warning&quot;&#10;    schema: {&quot;loadingURI&quot;:&quot;#&quot;,&quot;pointer&quot;:&quot;/items/properties/parcelas&quot;}&#10;    domain: &quot;syntax&quot;&#10;    ignored: [&quot;examples&quot;]&#10;warning: the following keywords are unknown and will be ignored: [examples]&#10;    level: &quot;warning&quot;&#10;    schema: {&quot;loadingURI&quot;:&quot;#&quot;,&quot;pointer&quot;:&quot;/items/properties/seguro&quot;}&#10;    domain: &quot;syntax&quot;&#10;    ignored: [&quot;examples&quot;]&#10;warning: the following keywords are unknown and will be ignored: [examples]&#10;    level: &quot;warning&quot;&#10;    schema: {&quot;loadingURI&quot;:&quot;#&quot;,&quot;pointer&quot;:&quot;/items/properties/valor&quot;}&#10;    domain: &quot;syntax&quot;&#10;    ignored: [&quot;examples&quot;]&#10;warning: the following keywords are unknown and will be ignored: [examples]&#10;    level: &quot;warning&quot;&#10;    schema: {&quot;loadingURI&quot;:&quot;#&quot;,&quot;pointer&quot;:&quot;/items&quot;}&#10;    domain: &quot;syntax&quot;&#10;    ignored: [&quot;examples&quot;]&#10;warning: the following keywords are unknown and will be ignored: [examples]&#10;    level: &quot;warning&quot;&#10;    schema: {&quot;loadingURI&quot;:&quot;#&quot;,&quot;pointer&quot;:&quot;/items/properties/cpf&quot;}&#10;    domain: &quot;syntax&quot;&#10;    ignored: [&quot;examples&quot;]&#10;warning: the following keywords are unknown and will be ignored: [examples]&#10;    level: &quot;warning&quot;&#10;    schema: {&quot;loadingURI&quot;:&quot;#&quot;,&quot;pointer&quot;:&quot;/items/properties/email&quot;}&#10;    domain: &quot;syntax&quot;&#10;    ignored: [&quot;examples&quot;]&#10;warning: the following keywords are unknown and will be ignored: [examples]&#10;    level: &quot;warning&quot;&#10;    schema: {&quot;loadingURI&quot;:&quot;#&quot;,&quot;pointer&quot;:&quot;/items/properties/id&quot;}&#10;    domain: &quot;syntax&quot;&#10;    ignored: [&quot;examples&quot;]&#10;warning: the following keywords are unknown and will be ignored: [examples]&#10;    level: &quot;warning&quot;&#10;    schema: {&quot;loadingURI&quot;:&quot;#&quot;,&quot;pointer&quot;:&quot;/items/properties/nome&quot;}&#10;    domain: &quot;syntax&quot;&#10;    ignored: [&quot;examples&quot;]&#10;warning: the following keywords are unknown and will be ignored: [examples]&#10;    level: &quot;warning&quot;&#10;    schema: {&quot;loadingURI&quot;:&quot;#&quot;,&quot;pointer&quot;:&quot;/items/properties/parcelas&quot;}&#10;    domain: &quot;syntax&quot;&#10;    ignored: [&quot;examples&quot;]&#10;warning: the following keywords are unknown and will be ignored: [examples]&#10;    level: &quot;warning&quot;&#10;    schema: {&quot;loadingURI&quot;:&quot;#&quot;,&quot;pointer&quot;:&quot;/items/properties/seguro&quot;}&#10;    domain: &quot;syntax&quot;&#10;    ignored: [&quot;examples&quot;]&#10;warning: the following keywords are unknown and will be ignored: [examples]&#10;    level: &quot;warning&quot;&#10;    schema: {&quot;loadingURI&quot;:&quot;#&quot;,&quot;pointer&quot;:&quot;/items/properties/valor&quot;}&#10;    domain: &quot;syntax&quot;&#10;    ignored: [&quot;examples&quot;]&#10;warning: the following keywords are unknown and will be ignored: [examples]&#10;    level: &quot;warning&quot;&#10;    schema: {&quot;loadingURI&quot;:&quot;#&quot;,&quot;pointer&quot;:&quot;/items&quot;}&#10;    domain: &quot;syntax&quot;&#10;    ignored: [&quot;examples&quot;]&#10;warning: the following keywords are unknown and will be ignored: [examples]&#10;    level: &quot;warning&quot;&#10;    schema: {&quot;loadingURI&quot;:&quot;#&quot;,&quot;pointer&quot;:&quot;/items/properties/cpf&quot;}&#10;    domain: &quot;syntax&quot;&#10;    ignored: [&quot;examples&quot;]&#10;warning: the following keywords are unknown and will be ignored: [examples]&#10;    level: &quot;warning&quot;&#10;    schema: {&quot;loadingURI&quot;:&quot;#&quot;,&quot;pointer&quot;:&quot;/items/properties/email&quot;}&#10;    domain: &quot;syntax&quot;&#10;    ignored: [&quot;examples&quot;]&#10;warning: the following keywords are unknown and will be ignored: [examples]&#10;    level: &quot;warning&quot;&#10;    schema: {&quot;loadingURI&quot;:&quot;#&quot;,&quot;pointer&quot;:&quot;/items/properties/id&quot;}&#10;    domain: &quot;syntax&quot;&#10;    ignored: [&quot;examples&quot;]&#10;warning: the following keywords are unknown and will be ignored: [examples]&#10;    level: &quot;warning&quot;&#10;    schema: {&quot;loadingURI&quot;:&quot;#&quot;,&quot;pointer&quot;:&quot;/items/properties/nome&quot;}&#10;    domain: &quot;syntax&quot;&#10;    ignored: [&quot;examples&quot;]&#10;warning: the following keywords are unknown and will be ignored: [examples]&#10;    level: &quot;warning&quot;&#10;    schema: {&quot;loadingURI&quot;:&quot;#&quot;,&quot;pointer&quot;:&quot;/items/properties/parcelas&quot;}&#10;    domain: &quot;syntax&quot;&#10;    ignored: [&quot;examples&quot;]&#10;warning: the following keywords are unknown and will be ignored: [examples]&#10;    level: &quot;warning&quot;&#10;    schema: {&quot;loadingURI&quot;:&quot;#&quot;,&quot;pointer&quot;:&quot;/items/properties/seguro&quot;}&#10;    domain: &quot;syntax&quot;&#10;    ignored: [&quot;examples&quot;]&#10;warning: the following keywords are unknown and will be ignored: [examples]&#10;    level: &quot;warning&quot;&#10;    schema: {&quot;loadingURI&quot;:&quot;#&quot;,&quot;pointer&quot;:&quot;/items/properties/valor&quot;}&#10;    domain: &quot;syntax&quot;&#10;    ignored: [&quot;examples&quot;]&#10;warning: the following keywords are unknown and will be ignored: [examples]&#10;    level: &quot;warning&quot;&#10;    schema: {&quot;loadingURI&quot;:&quot;#&quot;,&quot;pointer&quot;:&quot;/items&quot;}&#10;    domain: &quot;syntax&quot;&#10;    ignored: [&quot;examples&quot;]&#10;warning: the following keywords are unknown and will be ignored: [examples]&#10;    level: &quot;warning&quot;&#10;    schema: {&quot;loadingURI&quot;:&quot;#&quot;,&quot;pointer&quot;:&quot;/items/properties/cpf&quot;}&#10;    domain: &quot;syntax&quot;&#10;    ignored: [&quot;examples&quot;]&#10;warning: the following keywords are unknown and will be ignored: [examples]&#10;    level: &quot;warning&quot;&#10;    schema: {&quot;loadingURI&quot;:&quot;#&quot;,&quot;pointer&quot;:&quot;/items/properties/email&quot;}&#10;    domain: &quot;syntax&quot;&#10;    ignored: [&quot;examples&quot;]&#10;warning: the following keywords are unknown and will be ignored: [examples]&#10;    level: &quot;warning&quot;&#10;    schema: {&quot;loadingURI&quot;:&quot;#&quot;,&quot;pointer&quot;:&quot;/items/properties/id&quot;}&#10;    domain: &quot;syntax&quot;&#10;    ignored: [&quot;examples&quot;]&#10;warning: the following keywords are unknown and will be ignored: [examples]&#10;    level: &quot;warning&quot;&#10;    schema: {&quot;loadingURI&quot;:&quot;#&quot;,&quot;pointer&quot;:&quot;/items/properties/nome&quot;}&#10;    domain: &quot;syntax&quot;&#10;    ignored: [&quot;examples&quot;]&#10;warning: the following keywords are unknown and will be ignored: [examples]&#10;    level: &quot;warning&quot;&#10;    schema: {&quot;loadingURI&quot;:&quot;#&quot;,&quot;pointer&quot;:&quot;/items/properties/parcelas&quot;}&#10;    domain: &quot;syntax&quot;&#10;    ignored: [&quot;examples&quot;]&#10;warning: the following keywords are unknown and will be ignored: [examples]&#10;    level: &quot;warning&quot;&#10;    schema: {&quot;loadingURI&quot;:&quot;#&quot;,&quot;pointer&quot;:&quot;/items/properties/seguro&quot;}&#10;    domain: &quot;syntax&quot;&#10;    ignored: [&quot;examples&quot;]&#10;warning: the following keywords are unknown and will be ignored: [examples]&#10;    level: &quot;warning&quot;&#10;    schema: {&quot;loadingURI&quot;:&quot;#&quot;,&quot;pointer&quot;:&quot;/items/properties/valor&quot;}&#10;    domain: &quot;syntax&quot;&#10;    ignored: [&quot;examples&quot;]&#10;warning: the following keywords are unknown and will be ignored: [examples]&#10;    level: &quot;warning&quot;&#10;    schema: {&quot;loadingURI&quot;:&quot;#&quot;,&quot;pointer&quot;:&quot;/items&quot;}&#10;    domain: &quot;syntax&quot;&#10;    ignored: [&quot;examples&quot;]&#10;warning: the following keywords are unknown and will be ignored: [examples]&#10;    level: &quot;warning&quot;&#10;    schema: {&quot;loadingURI&quot;:&quot;#&quot;,&quot;pointer&quot;:&quot;/items/properties/cpf&quot;}&#10;    domain: &quot;syntax&quot;&#10;    ignored: [&quot;examples&quot;]&#10;warning: the following keywords are unknown and will be ignored: [examples]&#10;    level: &quot;warning&quot;&#10;    schema: {&quot;loadingURI&quot;:&quot;#&quot;,&quot;pointer&quot;:&quot;/items/properties/email&quot;}&#10;    domain: &quot;syntax&quot;&#10;    ignored: [&quot;examples&quot;]&#10;warning: the following keywords are unknown and will be ignored: [examples]&#10;    level: &quot;warning&quot;&#10;    schema: {&quot;loadingURI&quot;:&quot;#&quot;,&quot;pointer&quot;:&quot;/items/properties/id&quot;}&#10;    domain: &quot;syntax&quot;&#10;    ignored: [&quot;examples&quot;]&#10;warning: the following keywords are unknown and will be ignored: [examples]&#10;    level: &quot;warning&quot;&#10;    schema: {&quot;loadingURI&quot;:&quot;#&quot;,&quot;pointer&quot;:&quot;/items/properties/nome&quot;}&#10;    domain: &quot;syntax&quot;&#10;    ignored: [&quot;examples&quot;]&#10;warning: the following keywords are unknown and will be ignored: [examples]&#10;    level: &quot;warning&quot;&#10;    schema: {&quot;loadingURI&quot;:&quot;#&quot;,&quot;pointer&quot;:&quot;/items/properties/parcelas&quot;}&#10;    domain: &quot;syntax&quot;&#10;    ignored: [&quot;examples&quot;]&#10;warning: the following keywords are unknown and will be ignored: [examples]&#10;    level: &quot;warning&quot;&#10;    schema: {&quot;loadingURI&quot;:&quot;#&quot;,&quot;pointer&quot;:&quot;/items/properties/seguro&quot;}&#10;    domain: &quot;syntax&quot;&#10;    ignored: [&quot;examples&quot;]&#10;warning: the following keywords are unknown and will be ignored: [examples]&#10;    level: &quot;warning&quot;&#10;    schema: {&quot;loadingURI&quot;:&quot;#&quot;,&quot;pointer&quot;:&quot;/items/properties/valor&quot;}&#10;    domain: &quot;syntax&quot;&#10;    ignored: [&quot;examples&quot;]&#10;warning: the following keywords are unknown and will be ignored: [examples]&#10;    level: &quot;warning&quot;&#10;    schema: {&quot;loadingURI&quot;:&quot;#&quot;,&quot;pointer&quot;:&quot;/items&quot;}&#10;    domain: &quot;syntax&quot;&#10;    ignored: [&quot;examples&quot;]&#10;warning: the following keywords are unknown and will be ignored: [examples]&#10;    level: &quot;warning&quot;&#10;    schema: {&quot;loadingURI&quot;:&quot;#&quot;,&quot;pointer&quot;:&quot;/items/properties/cpf&quot;}&#10;    domain: &quot;syntax&quot;&#10;    ignored: [&quot;examples&quot;]&#10;warning: the following keywords are unknown and will be ignored: [examples]&#10;    level: &quot;warning&quot;&#10;    schema: {&quot;loadingURI&quot;:&quot;#&quot;,&quot;pointer&quot;:&quot;/items/properties/email&quot;}&#10;    domain: &quot;syntax&quot;&#10;    ignored: [&quot;examples&quot;]&#10;warning: the following keywords are unknown and will be ignored: [examples]&#10;    level: &quot;warning&quot;&#10;    schema: {&quot;loadingURI&quot;:&quot;#&quot;,&quot;pointer&quot;:&quot;/items/properties/id&quot;}&#10;    domain: &quot;syntax&quot;&#10;    ignored: [&quot;examples&quot;]&#10;warning: the following keywords are unknown and will be ignored: [examples]&#10;    level: &quot;warning&quot;&#10;    schema: {&quot;loadingURI&quot;:&quot;#&quot;,&quot;pointer&quot;:&quot;/items/properties/nome&quot;}&#10;    domain: &quot;syntax&quot;&#10;    ignored: [&quot;examples&quot;]&#10;warning: the following keywords are unknown and will be ignored: [examples]&#10;    level: &quot;warning&quot;&#10;    schema: {&quot;loadingURI&quot;:&quot;#&quot;,&quot;pointer&quot;:&quot;/items/properties/parcelas&quot;}&#10;    domain: &quot;syntax&quot;&#10;    ignored: [&quot;examples&quot;]&#10;warning: the following keywords are unknown and will be ignored: [examples]&#10;    level: &quot;warning&quot;&#10;    schema: {&quot;loadingURI&quot;:&quot;#&quot;,&quot;pointer&quot;:&quot;/items/properties/seguro&quot;}&#10;    domain: &quot;syntax&quot;&#10;    ignored: [&quot;examples&quot;]&#10;warning: the following keywords are unknown and will be ignored: [examples]&#10;    level: &quot;warning&quot;&#10;    schema: {&quot;loadingURI&quot;:&quot;#&quot;,&quot;pointer&quot;:&quot;/items/properties/valor&quot;}&#10;    domain: &quot;syntax&quot;&#10;    ignored: [&quot;examples&quot;]&#10;warning: the following keywords are unknown and will be ignored: [examples]&#10;    level: &quot;warning&quot;&#10;    schema: {&quot;loadingURI&quot;:&quot;#&quot;,&quot;pointer&quot;:&quot;/items&quot;}&#10;    domain: &quot;syntax&quot;&#10;    ignored: [&quot;examples&quot;]&#10;warning: the following keywords are unknown and will be ignored: [examples]&#10;    level: &quot;warning&quot;&#10;    schema: {&quot;loadingURI&quot;:&quot;#&quot;,&quot;pointer&quot;:&quot;/items/properties/cpf&quot;}&#10;    domain: &quot;syntax&quot;&#10;    ignored: [&quot;examples&quot;]&#10;warning: the following keywords are unknown and will be ignored: [examples]&#10;    level: &quot;warning&quot;&#10;    schema: {&quot;loadingURI&quot;:&quot;#&quot;,&quot;pointer&quot;:&quot;/items/properties/email&quot;}&#10;    domain: &quot;syntax&quot;&#10;    ignored: [&quot;examples&quot;]&#10;warning: the following keywords are unknown and will be ignored: [examples]&#10;    level: &quot;warning&quot;&#10;    schema: {&quot;loadingURI&quot;:&quot;#&quot;,&quot;pointer&quot;:&quot;/items/properties/id&quot;}&#10;    domain: &quot;syntax&quot;&#10;    ignored: [&quot;examples&quot;]&#10;warning: the following keywords are unknown and will be ignored: [examples]&#10;    level: &quot;warning&quot;&#10;    schema: {&quot;loadingURI&quot;:&quot;#&quot;,&quot;pointer&quot;:&quot;/items/properties/nome&quot;}&#10;    domain: &quot;syntax&quot;&#10;    ignored: [&quot;examples&quot;]&#10;warning: the following keywords are unknown and will be ignored: [examples]&#10;    level: &quot;warning&quot;&#10;    schema: {&quot;loadingURI&quot;:&quot;#&quot;,&quot;pointer&quot;:&quot;/items/properties/parcelas&quot;}&#10;    domain: &quot;syntax&quot;&#10;    ignored: [&quot;examples&quot;]&#10;warning: the following keywords are unknown and will be ignored: [examples]&#10;    level: &quot;warning&quot;&#10;    schema: {&quot;loadingURI&quot;:&quot;#&quot;,&quot;pointer&quot;:&quot;/items/properties/seguro&quot;}&#10;    domain: &quot;syntax&quot;&#10;    ignored: [&quot;examples&quot;]&#10;warning: the following keywords are unknown and will be ignored: [examples]&#10;    level: &quot;warning&quot;&#10;    schema: {&quot;loadingURI&quot;:&quot;#&quot;,&quot;pointer&quot;:&quot;/items/properties/valor&quot;}&#10;    domain: &quot;syntax&quot;&#10;    ignored: [&quot;examples&quot;]&#10;warning: the following keywords are unknown and will be ignored: [examples]&#10;    level: &quot;warning&quot;&#10;    schema: {&quot;loadingURI&quot;:&quot;#&quot;,&quot;pointer&quot;:&quot;/items&quot;}&#10;    domain: &quot;syntax&quot;&#10;    ignored: [&quot;examples&quot;]&#10;warning: the following keywords are unknown and will be ignored: [examples]&#10;    level: &quot;warning&quot;&#10;    schema: {&quot;loadingURI&quot;:&quot;#&quot;,&quot;pointer&quot;:&quot;/items/properties/cpf&quot;}&#10;    domain: &quot;syntax&quot;&#10;    ignored: [&quot;examples&quot;]&#10;warning: the following keywords are unknown and will be ignored: [examples]&#10;    level: &quot;warning&quot;&#10;    schema: {&quot;loadingURI&quot;:&quot;#&quot;,&quot;pointer&quot;:&quot;/items/properties/email&quot;}&#10;    domain: &quot;syntax&quot;&#10;    ignored: [&quot;examples&quot;]&#10;warning: the following keywords are unknown and will be ignored: [examples]&#10;    level: &quot;warning&quot;&#10;    schema: {&quot;loadingURI&quot;:&quot;#&quot;,&quot;pointer&quot;:&quot;/items/properties/id&quot;}&#10;    domain: &quot;syntax&quot;&#10;    ignored: [&quot;examples&quot;]&#10;warning: the following keywords are unknown and will be ignored: [examples]&#10;    level: &quot;warning&quot;&#10;    schema: {&quot;loadingURI&quot;:&quot;#&quot;,&quot;pointer&quot;:&quot;/items/properties/nome&quot;}&#10;    domain: &quot;syntax&quot;&#10;    ignored: [&quot;examples&quot;]&#10;warning: the following keywords are unknown and will be ignored: [examples]&#10;    level: &quot;warning&quot;&#10;    schema: {&quot;loadingURI&quot;:&quot;#&quot;,&quot;pointer&quot;:&quot;/items/properties/parcelas&quot;}&#10;    domain: &quot;syntax&quot;&#10;    ignored: [&quot;examples&quot;]&#10;warning: the following keywords are unknown and will be ignored: [examples]&#10;    level: &quot;warning&quot;&#10;    schema: {&quot;loadingURI&quot;:&quot;#&quot;,&quot;pointer&quot;:&quot;/items/properties/seguro&quot;}&#10;    domain: &quot;syntax&quot;&#10;    ignored: [&quot;examples&quot;]&#10;warning: the following keywords are unknown and will be ignored: [examples]&#10;    level: &quot;warning&quot;&#10;    schema: {&quot;loadingURI&quot;:&quot;#&quot;,&quot;pointer&quot;:&quot;/items/properties/valor&quot;}&#10;    domain: &quot;syntax&quot;&#10;    ignored: [&quot;examples&quot;]&#10;warning: the following keywords are unknown and will be ignored: [examples]&#10;    level: &quot;warning&quot;&#10;    schema: {&quot;loadingURI&quot;:&quot;#&quot;,&quot;pointer&quot;:&quot;/items&quot;}&#10;    domain: &quot;syntax&quot;&#10;    ignored: [&quot;examples&quot;]&#10;warning: the following keywords are unknown and will be ignored: [examples]&#10;    level: &quot;warning&quot;&#10;    schema: {&quot;loadingURI&quot;:&quot;#&quot;,&quot;pointer&quot;:&quot;/items/properties/cpf&quot;}&#10;    domain: &quot;syntax&quot;&#10;    ignored: [&quot;examples&quot;]&#10;warning: the following keywords are unknown and will be ignored: [examples]&#10;    level: &quot;warning&quot;&#10;    schema: {&quot;loadingURI&quot;:&quot;#&quot;,&quot;pointer&quot;:&quot;/items/properties/email&quot;}&#10;    domain: &quot;syntax&quot;&#10;    ignored: [&quot;examples&quot;]&#10;warning: the following keywords are unknown and will be ignored: [examples]&#10;    level: &quot;warning&quot;&#10;    schema: {&quot;loadingURI&quot;:&quot;#&quot;,&quot;pointer&quot;:&quot;/items/properties/id&quot;}&#10;    domain: &quot;syntax&quot;&#10;    ignored: [&quot;examples&quot;]&#10;warning: the following keywords are unknown and will be ignored: [examples]&#10;    level: &quot;warning&quot;&#10;    schema: {&quot;loadingURI&quot;:&quot;#&quot;,&quot;pointer&quot;:&quot;/items/properties/nome&quot;}&#10;    domain: &quot;syntax&quot;&#10;    ignored: [&quot;examples&quot;]&#10;warning: the following keywords are unknown and will be ignored: [examples]&#10;    level: &quot;warning&quot;&#10;    schema: {&quot;loadingURI&quot;:&quot;#&quot;,&quot;pointer&quot;:&quot;/items/properties/parcelas&quot;}&#10;    domain: &quot;syntax&quot;&#10;    ignored: [&quot;examples&quot;]&#10;warning: the following keywords are unknown and will be ignored: [examples]&#10;    level: &quot;warning&quot;&#10;    schema: {&quot;loadingURI&quot;:&quot;#&quot;,&quot;pointer&quot;:&quot;/items/properties/seguro&quot;}&#10;    domain: &quot;syntax&quot;&#10;    ignored: [&quot;examples&quot;]&#10;warning: the following keywords are unknown and will be ignored: [examples]&#10;    level: &quot;warning&quot;&#10;    schema: {&quot;loadingURI&quot;:&quot;#&quot;,&quot;pointer&quot;:&quot;/items/properties/valor&quot;}&#10;    domain: &quot;syntax&quot;&#10;    ignored: [&quot;examples&quot;]&#10;warning: the following keywords are unknown and will be ignored: [examples]&#10;    level: &quot;warning&quot;&#10;    schema: {&quot;loadingURI&quot;:&quot;#&quot;,&quot;pointer&quot;:&quot;/items&quot;}&#10;    domain: &quot;syntax&quot;&#10;    ignored: [&quot;examples&quot;]&#10;warning: the following keywords are unknown and will be ignored: [examples]&#10;    level: &quot;warning&quot;&#10;    schema: {&quot;loadingURI&quot;:&quot;#&quot;,&quot;pointer&quot;:&quot;/items/properties/cpf&quot;}&#10;    domain: &quot;syntax&quot;&#10;    ignored: [&quot;examples&quot;]&#10;warning: the following keywords are unknown and will be ignored: [examples]&#10;    level: &quot;warning&quot;&#10;    schema: {&quot;loadingURI&quot;:&quot;#&quot;,&quot;pointer&quot;:&quot;/items/properties/email&quot;}&#10;    domain: &quot;syntax&quot;&#10;    ignored: [&quot;examples&quot;]&#10;warning: the following keywords are unknown and will be ignored: [examples]&#10;    level: &quot;warning&quot;&#10;    schema: {&quot;loadingURI&quot;:&quot;#&quot;,&quot;pointer&quot;:&quot;/items/properties/id&quot;}&#10;    domain: &quot;syntax&quot;&#10;    ignored: [&quot;examples&quot;]&#10;warning: the following keywords are unknown and will be ignored: [examples]&#10;    level: &quot;warning&quot;&#10;    schema: {&quot;loadingURI&quot;:&quot;#&quot;,&quot;pointer&quot;:&quot;/items/properties/nome&quot;}&#10;    domain: &quot;syntax&quot;&#10;    ignored: [&quot;examples&quot;]&#10;warning: the following keywords are unknown and will be ignored: [examples]&#10;    level: &quot;warning&quot;&#10;    schema: {&quot;loadingURI&quot;:&quot;#&quot;,&quot;pointer&quot;:&quot;/items/properties/parcelas&quot;}&#10;    domain: &quot;syntax&quot;&#10;    ignored: [&quot;examples&quot;]&#10;warning: the following keywords are unknown and will be ignored: [examples]&#10;    level: &quot;warning&quot;&#10;    schema: {&quot;loadingURI&quot;:&quot;#&quot;,&quot;pointer&quot;:&quot;/items/properties/seguro&quot;}&#10;    domain: &quot;syntax&quot;&#10;    ignored: [&quot;examples&quot;]&#10;warning: the following keywords are unknown and will be ignored: [examples]&#10;    level: &quot;warning&quot;&#10;    schema: {&quot;loadingURI&quot;:&quot;#&quot;,&quot;pointer&quot;:&quot;/items/properties/valor&quot;}&#10;    domain: &quot;syntax&quot;&#10;    ignored: [&quot;examples&quot;]&#10;warning: the following keywords are unknown and will be ignored: [examples]&#10;    level: &quot;warning&quot;&#10;    schema: {&quot;loadingURI&quot;:&quot;#&quot;,&quot;pointer&quot;:&quot;/items&quot;}&#10;    domain: &quot;syntax&quot;&#10;    ignored: [&quot;examples&quot;]&#10;warning: the following keywords are unknown and will be ignored: [examples]&#10;    level: &quot;warning&quot;&#10;    schema: {&quot;loadingURI&quot;:&quot;#&quot;,&quot;pointer&quot;:&quot;/items/properties/cpf&quot;}&#10;    domain: &quot;syntax&quot;&#10;    ignored: [&quot;examples&quot;]&#10;warning: the following keywords are unknown and will be ignored: [examples]&#10;    level: &quot;warning&quot;&#10;    schema: {&quot;loadingURI&quot;:&quot;#&quot;,&quot;pointer&quot;:&quot;/items/properties/email&quot;}&#10;    domain: &quot;syntax&quot;&#10;    ignored: [&quot;examples&quot;]&#10;warning: the following keywords are unknown and will be ignored: [examples]&#10;    level: &quot;warning&quot;&#10;    schema: {&quot;loadingURI&quot;:&quot;#&quot;,&quot;pointer&quot;:&quot;/items/properties/id&quot;}&#10;    domain: &quot;syntax&quot;&#10;    ignored: [&quot;examples&quot;]&#10;warning: the following keywords are unknown and will be ignored: [examples]&#10;    level: &quot;warning&quot;&#10;    schema: {&quot;loadingURI&quot;:&quot;#&quot;,&quot;pointer&quot;:&quot;/items/properties/nome&quot;}&#10;    domain: &quot;syntax&quot;&#10;    ignored: [&quot;examples&quot;]&#10;warning: the following keywords are unknown and will be ignored: [examples]&#10;    level: &quot;warning&quot;&#10;    schema: {&quot;loadingURI&quot;:&quot;#&quot;,&quot;pointer&quot;:&quot;/items/properties/parcelas&quot;}&#10;    domain: &quot;syntax&quot;&#10;    ignored: [&quot;examples&quot;]&#10;warning: the following keywords are unknown and will be ignored: [examples]&#10;    level: &quot;warning&quot;&#10;    schema: {&quot;loadingURI&quot;:&quot;#&quot;,&quot;pointer&quot;:&quot;/items/properties/seguro&quot;}&#10;    domain: &quot;syntax&quot;&#10;    ignored: [&quot;examples&quot;]&#10;warning: the following keywords are unknown and will be ignored: [examples]&#10;    level: &quot;warning&quot;&#10;    schema: {&quot;loadingURI&quot;:&quot;#&quot;,&quot;pointer&quot;:&quot;/items/properties/valor&quot;}&#10;    domain: &quot;syntax&quot;&#10;    ignored: [&quot;examples&quot;]&#10;warning: the following keywords are unknown and will be ignored: [examples]&#10;    level: &quot;warning&quot;&#10;    schema: {&quot;loadingURI&quot;:&quot;#&quot;,&quot;pointer&quot;:&quot;/items&quot;}&#10;    domain: &quot;syntax&quot;&#10;    ignored: [&quot;examples&quot;]&#10;warning: the following keywords are unknown and will be ignored: [examples]&#10;    level: &quot;warning&quot;&#10;    schema: {&quot;loadingURI&quot;:&quot;#&quot;,&quot;pointer&quot;:&quot;/items/properties/cpf&quot;}&#10;    domain: &quot;syntax&quot;&#10;    ignored: [&quot;examples&quot;]&#10;warning: the following keywords are unknown and will be ignored: [examples]&#10;    level: &quot;warning&quot;&#10;    schema: {&quot;loadingURI&quot;:&quot;#&quot;,&quot;pointer&quot;:&quot;/items/properties/email&quot;}&#10;    domain: &quot;syntax&quot;&#10;    ignored: [&quot;examples&quot;]&#10;warning: the following keywords are unknown and will be ignored: [examples]&#10;    level: &quot;warning&quot;&#10;    schema: {&quot;loadingURI&quot;:&quot;#&quot;,&quot;pointer&quot;:&quot;/items/properties/id&quot;}&#10;    domain: &quot;syntax&quot;&#10;    ignored: [&quot;examples&quot;]&#10;warning: the following keywords are unknown and will be ignored: [examples]&#10;    level: &quot;warning&quot;&#10;    schema: {&quot;loadingURI&quot;:&quot;#&quot;,&quot;pointer&quot;:&quot;/items/properties/nome&quot;}&#10;    domain: &quot;syntax&quot;&#10;    ignored: [&quot;examples&quot;]&#10;warning: the following keywords are unknown and will be ignored: [examples]&#10;    level: &quot;warning&quot;&#10;    schema: {&quot;loadingURI&quot;:&quot;#&quot;,&quot;pointer&quot;:&quot;/items/properties/parcelas&quot;}&#10;    domain: &quot;syntax&quot;&#10;    ignored: [&quot;examples&quot;]&#10;warning: the following keywords are unknown and will be ignored: [examples]&#10;    level: &quot;warning&quot;&#10;    schema: {&quot;loadingURI&quot;:&quot;#&quot;,&quot;pointer&quot;:&quot;/items/properties/seguro&quot;}&#10;    domain: &quot;syntax&quot;&#10;    ignored: [&quot;examples&quot;]&#10;warning: the following keywords are unknown and will be ignored: [examples]&#10;    level: &quot;warning&quot;&#10;    schema: {&quot;loadingURI&quot;:&quot;#&quot;,&quot;pointer&quot;:&quot;/items/properties/valor&quot;}&#10;    domain: &quot;syntax&quot;&#10;    ignored: [&quot;examples&quot;]&#10;warning: the following keywords are unknown and will be ignored: [examples]&#10;    level: &quot;warning&quot;&#10;    schema: {&quot;loadingURI&quot;:&quot;#&quot;,&quot;pointer&quot;:&quot;/items&quot;}&#10;    domain: &quot;syntax&quot;&#10;    ignored: [&quot;examples&quot;]&#10;warning: the following keywords are unknown and will be ignored: [examples]&#10;    level: &quot;warning&quot;&#10;    schema: {&quot;loadingURI&quot;:&quot;#&quot;,&quot;pointer&quot;:&quot;/items/properties/cpf&quot;}&#10;    domain: &quot;syntax&quot;&#10;    ignored: [&quot;examples&quot;]&#10;warning: the following keywords are unknown and will be ignored: [examples]&#10;    level: &quot;warning&quot;&#10;    schema: {&quot;loadingURI&quot;:&quot;#&quot;,&quot;pointer&quot;:&quot;/items/properties/email&quot;}&#10;    domain: &quot;syntax&quot;&#10;    ignored: [&quot;examples&quot;]&#10;warning: the following keywords are unknown and will be ignored: [examples]&#10;    level: &quot;warning&quot;&#10;    schema: {&quot;loadingURI&quot;:&quot;#&quot;,&quot;pointer&quot;:&quot;/items/properties/id&quot;}&#10;    domain: &quot;syntax&quot;&#10;    ignored: [&quot;examples&quot;]&#10;warning: the following keywords are unknown and will be ignored: [examples]&#10;    level: &quot;warning&quot;&#10;    schema: {&quot;loadingURI&quot;:&quot;#&quot;,&quot;pointer&quot;:&quot;/items/properties/nome&quot;}&#10;    domain: &quot;syntax&quot;&#10;    ignored: [&quot;examples&quot;]&#10;warning: the following keywords are unknown and will be ignored: [examples]&#10;    level: &quot;warning&quot;&#10;    schema: {&quot;loadingURI&quot;:&quot;#&quot;,&quot;pointer&quot;:&quot;/items/properties/parcelas&quot;}&#10;    domain: &quot;syntax&quot;&#10;    ignored: [&quot;examples&quot;]&#10;warning: the following keywords are unknown and will be ignored: [examples]&#10;    level: &quot;warning&quot;&#10;    schema: {&quot;loadingURI&quot;:&quot;#&quot;,&quot;pointer&quot;:&quot;/items/properties/seguro&quot;}&#10;    domain: &quot;syntax&quot;&#10;    ignored: [&quot;examples&quot;]&#10;warning: the following keywords are unknown and will be ignored: [examples]&#10;    level: &quot;warning&quot;&#10;    schema: {&quot;loadingURI&quot;:&quot;#&quot;,&quot;pointer&quot;:&quot;/items/properties/valor&quot;}&#10;    domain: &quot;syntax&quot;&#10;    ignored: [&quot;examples&quot;]&#10;warning: the following keywords are unknown and will be ignored: [examples]&#10;    level: &quot;warning&quot;&#10;    schema: {&quot;loadingURI&quot;:&quot;#&quot;,&quot;pointer&quot;:&quot;/items&quot;}&#10;    domain: &quot;syntax&quot;&#10;    ignored: [&quot;examples&quot;]&#10;warning: the following keywords are unknown and will be ignored: [examples]&#10;    level: &quot;warning&quot;&#10;    schema: {&quot;loadingURI&quot;:&quot;#&quot;,&quot;pointer&quot;:&quot;/items/properties/cpf&quot;}&#10;    domain: &quot;syntax&quot;&#10;    ignored: [&quot;examples&quot;]&#10;warning: the following keywords are unknown and will be ignored: [examples]&#10;    level: &quot;warning&quot;&#10;    schema: {&quot;loadingURI&quot;:&quot;#&quot;,&quot;pointer&quot;:&quot;/items/properties/email&quot;}&#10;    domain: &quot;syntax&quot;&#10;    ignored: [&quot;examples&quot;]&#10;warning: the following keywords are unknown and will be ignored: [examples]&#10;    level: &quot;warning&quot;&#10;    schema: {&quot;loadingURI&quot;:&quot;#&quot;,&quot;pointer&quot;:&quot;/items/properties/id&quot;}&#10;    domain: &quot;syntax&quot;&#10;    ignored: [&quot;examples&quot;]&#10;warning: the following keywords are unknown and will be ignored: [examples]&#10;    level: &quot;warning&quot;&#10;    schema: {&quot;loadingURI&quot;:&quot;#&quot;,&quot;pointer&quot;:&quot;/items/properties/nome&quot;}&#10;    domain: &quot;syntax&quot;&#10;    ignored: [&quot;examples&quot;]&#10;warning: the following keywords are unknown and will be ignored: [examples]&#10;    level: &quot;warning&quot;&#10;    schema: {&quot;loadingURI&quot;:&quot;#&quot;,&quot;pointer&quot;:&quot;/items/properties/parcelas&quot;}&#10;    domain: &quot;syntax&quot;&#10;    ignored: [&quot;examples&quot;]&#10;warning: the following keywords are unknown and will be ignored: [examples]&#10;    level: &quot;warning&quot;&#10;    schema: {&quot;loadingURI&quot;:&quot;#&quot;,&quot;pointer&quot;:&quot;/items/properties/seguro&quot;}&#10;    domain: &quot;syntax&quot;&#10;    ignored: [&quot;examples&quot;]&#10;warning: the following keywords are unknown and will be ignored: [examples]&#10;    level: &quot;warning&quot;&#10;    schema: {&quot;loadingURI&quot;:&quot;#&quot;,&quot;pointer&quot;:&quot;/items/properties/valor&quot;}&#10;    domain: &quot;syntax&quot;&#10;    ignored: [&quot;examples&quot;]&#10;warning: the following keywords are unknown and will be ignored: [examples]&#10;    level: &quot;warning&quot;&#10;    schema: {&quot;loadingURI&quot;:&quot;#&quot;,&quot;pointer&quot;:&quot;/items&quot;}&#10;    domain: &quot;syntax&quot;&#10;    ignored: [&quot;examples&quot;]&#10;warning: the following keywords are unknown and will be ignored: [examples]&#10;    level: &quot;warning&quot;&#10;    schema: {&quot;loadingURI&quot;:&quot;#&quot;,&quot;pointer&quot;:&quot;/items/properties/cpf&quot;}&#10;    domain: &quot;syntax&quot;&#10;    ignored: [&quot;examples&quot;]&#10;warning: the following keywords are unknown and will be ignored: [examples]&#10;    level: &quot;warning&quot;&#10;    schema: {&quot;loadingURI&quot;:&quot;#&quot;,&quot;pointer&quot;:&quot;/items/properties/email&quot;}&#10;    domain: &quot;syntax&quot;&#10;    ignored: [&quot;examples&quot;]&#10;warning: the following keywords are unknown and will be ignored: [examples]&#10;    level: &quot;warning&quot;&#10;    schema: {&quot;loadingURI&quot;:&quot;#&quot;,&quot;pointer&quot;:&quot;/items/properties/id&quot;}&#10;    domain: &quot;syntax&quot;&#10;    ignored: [&quot;examples&quot;]&#10;warning: the following keywords are unknown and will be ignored: [examples]&#10;    level: &quot;warning&quot;&#10;    schema: {&quot;loadingURI&quot;:&quot;#&quot;,&quot;pointer&quot;:&quot;/items/properties/nome&quot;}&#10;    domain: &quot;syntax&quot;&#10;    ignored: [&quot;examples&quot;]&#10;warning: the following keywords are unknown and will be ignored: [examples]&#10;    level: &quot;warning&quot;&#10;    schema: {&quot;loadingURI&quot;:&quot;#&quot;,&quot;pointer&quot;:&quot;/items/properties/parcelas&quot;}&#10;    domain: &quot;syntax&quot;&#10;    ignored: [&quot;examples&quot;]&#10;warning: the following keywords are unknown and will be ignored: [examples]&#10;    level: &quot;warning&quot;&#10;    schema: {&quot;loadingURI&quot;:&quot;#&quot;,&quot;pointer&quot;:&quot;/items/properties/seguro&quot;}&#10;    domain: &quot;syntax&quot;&#10;    ignored: [&quot;examples&quot;]&#10;warning: the following keywords are unknown and will be ignored: [examples]&#10;    level: &quot;warning&quot;&#10;    schema: {&quot;loadingURI&quot;:&quot;#&quot;,&quot;pointer&quot;:&quot;/items/properties/valor&quot;}&#10;    domain: &quot;syntax&quot;&#10;    ignored: [&quot;examples&quot;]&#10;warning: the following keywords are unknown and will be ignored: [examples]&#10;    level: &quot;warning&quot;&#10;    schema: {&quot;loadingURI&quot;:&quot;#&quot;,&quot;pointer&quot;:&quot;/items&quot;}&#10;    domain: &quot;syntax&quot;&#10;    ignored: [&quot;examples&quot;]&#10;warning: the following keywords are unknown and will be ignored: [examples]&#10;    level: &quot;warning&quot;&#10;    schema: {&quot;loadingURI&quot;:&quot;#&quot;,&quot;pointer&quot;:&quot;/items/properties/cpf&quot;}&#10;    domain: &quot;syntax&quot;&#10;    ignored: [&quot;examples&quot;]&#10;warning: the following keywords are unknown and will be ignored: [examples]&#10;    level: &quot;warning&quot;&#10;    schema: {&quot;loadingURI&quot;:&quot;#&quot;,&quot;pointer&quot;:&quot;/items/properties/email&quot;}&#10;    domain: &quot;syntax&quot;&#10;    ignored: [&quot;examples&quot;]&#10;warning: the following keywords are unknown and will be ignored: [examples]&#10;    level: &quot;warning&quot;&#10;    schema: {&quot;loadingURI&quot;:&quot;#&quot;,&quot;pointer&quot;:&quot;/items/properties/id&quot;}&#10;    domain: &quot;syntax&quot;&#10;    ignored: [&quot;examples&quot;]&#10;warning: the following keywords are unknown and will be ignored: [examples]&#10;    level: &quot;warning&quot;&#10;    schema: {&quot;loadingURI&quot;:&quot;#&quot;,&quot;pointer&quot;:&quot;/items/properties/nome&quot;}&#10;    domain: &quot;syntax&quot;&#10;    ignored: [&quot;examples&quot;]&#10;warning: the following keywords are unknown and will be ignored: [examples]&#10;    level: &quot;warning&quot;&#10;    schema: {&quot;loadingURI&quot;:&quot;#&quot;,&quot;pointer&quot;:&quot;/items/properties/parcelas&quot;}&#10;    domain: &quot;syntax&quot;&#10;    ignored: [&quot;examples&quot;]&#10;warning: the following keywords are unknown and will be ignored: [examples]&#10;    level: &quot;warning&quot;&#10;    schema: {&quot;loadingURI&quot;:&quot;#&quot;,&quot;pointer&quot;:&quot;/items/properties/seguro&quot;}&#10;    domain: &quot;syntax&quot;&#10;    ignored: [&quot;examples&quot;]&#10;warning: the following keywords are unknown and will be ignored: [examples]&#10;    level: &quot;warning&quot;&#10;    schema: {&quot;loadingURI&quot;:&quot;#&quot;,&quot;pointer&quot;:&quot;/items/properties/valor&quot;}&#10;    domain: &quot;syntax&quot;&#10;    ignored: [&quot;examples&quot;]&#10;warning: the following keywords are unknown and will be ignored: [examples]&#10;    level: &quot;warning&quot;&#10;    schema: {&quot;loadingURI&quot;:&quot;#&quot;,&quot;pointer&quot;:&quot;/items&quot;}&#10;    domain: &quot;syntax&quot;&#10;    ignored: [&quot;examples&quot;]&#10;warning: the following keywords are unknown and will be ignored: [examples]&#10;    level: &quot;warning&quot;&#10;    schema: {&quot;loadingURI&quot;:&quot;#&quot;,&quot;pointer&quot;:&quot;/items/properties/cpf&quot;}&#10;    domain: &quot;syntax&quot;&#10;    ignored: [&quot;examples&quot;]&#10;warning: the following keywords are unknown and will be ignored: [examples]&#10;    level: &quot;warning&quot;&#10;    schema: {&quot;loadingURI&quot;:&quot;#&quot;,&quot;pointer&quot;:&quot;/items/properties/email&quot;}&#10;    domain: &quot;syntax&quot;&#10;    ignored: [&quot;examples&quot;]&#10;warning: the following keywords are unknown and will be ignored: [examples]&#10;    level: &quot;warning&quot;&#10;    schema: {&quot;loadingURI&quot;:&quot;#&quot;,&quot;pointer&quot;:&quot;/items/properties/id&quot;}&#10;    domain: &quot;syntax&quot;&#10;    ignored: [&quot;examples&quot;]&#10;warning: the following keywords are unknown and will be ignored: [examples]&#10;    level: &quot;warning&quot;&#10;    schema: {&quot;loadingURI&quot;:&quot;#&quot;,&quot;pointer&quot;:&quot;/items/properties/nome&quot;}&#10;    domain: &quot;syntax&quot;&#10;    ignored: [&quot;examples&quot;]&#10;warning: the following keywords are unknown and will be ignored: [examples]&#10;    level: &quot;warning&quot;&#10;    schema: {&quot;loadingURI&quot;:&quot;#&quot;,&quot;pointer&quot;:&quot;/items/properties/parcelas&quot;}&#10;    domain: &quot;syntax&quot;&#10;    ignored: [&quot;examples&quot;]&#10;warning: the following keywords are unknown and will be ignored: [examples]&#10;    level: &quot;warning&quot;&#10;    schema: {&quot;loadingURI&quot;:&quot;#&quot;,&quot;pointer&quot;:&quot;/items/properties/seguro&quot;}&#10;    domain: &quot;syntax&quot;&#10;    ignored: [&quot;examples&quot;]&#10;warning: the following keywords are unknown and will be ignored: [examples]&#10;    level: &quot;warning&quot;&#10;    schema: {&quot;loadingURI&quot;:&quot;#&quot;,&quot;pointer&quot;:&quot;/items/properties/valor&quot;}&#10;    domain: &quot;syntax&quot;&#10;    ignored: [&quot;examples&quot;]&#10;warning: the following keywords are unknown and will be ignored: [examples]&#10;    level: &quot;warning&quot;&#10;    schema: {&quot;loadingURI&quot;:&quot;#&quot;,&quot;pointer&quot;:&quot;/items&quot;}&#10;    domain: &quot;syntax&quot;&#10;    ignored: [&quot;examples&quot;]&#10;warning: the following keywords are unknown and will be ignored: [examples]&#10;    level: &quot;warning&quot;&#10;    schema: {&quot;loadingURI&quot;:&quot;#&quot;,&quot;pointer&quot;:&quot;/items/properties/cpf&quot;}&#10;    domain: &quot;syntax&quot;&#10;    ignored: [&quot;examples&quot;]&#10;warning: the following keywords are unknown and will be ignored: [examples]&#10;    level: &quot;warning&quot;&#10;    schema: {&quot;loadingURI&quot;:&quot;#&quot;,&quot;pointer&quot;:&quot;/items/properties/email&quot;}&#10;    domain: &quot;syntax&quot;&#10;    ignored: [&quot;examples&quot;]&#10;warning: the following keywords are unknown and will be ignored: [examples]&#10;    level: &quot;warning&quot;&#10;    schema: {&quot;loadingURI&quot;:&quot;#&quot;,&quot;pointer&quot;:&quot;/items/properties/id&quot;}&#10;    domain: &quot;syntax&quot;&#10;    ignored: [&quot;examples&quot;]&#10;warning: the following keywords are unknown and will be ignored: [examples]&#10;    level: &quot;warning&quot;&#10;    schema: {&quot;loadingURI&quot;:&quot;#&quot;,&quot;pointer&quot;:&quot;/items/properties/nome&quot;}&#10;    domain: &quot;syntax&quot;&#10;    ignored: [&quot;examples&quot;]&#10;warning: the following keywords are unknown and will be ignored: [examples]&#10;    level: &quot;warning&quot;&#10;    schema: {&quot;loadingURI&quot;:&quot;#&quot;,&quot;pointer&quot;:&quot;/items/properties/parcelas&quot;}&#10;    domain: &quot;syntax&quot;&#10;    ignored: [&quot;examples&quot;]&#10;warning: the following keywords are unknown and will be ignored: [examples]&#10;    level: &quot;warning&quot;&#10;    schema: {&quot;loadingURI&quot;:&quot;#&quot;,&quot;pointer&quot;:&quot;/items/properties/seguro&quot;}&#10;    domain: &quot;syntax&quot;&#10;    ignored: [&quot;examples&quot;]&#10;warning: the following keywords are unknown and will be ignored: [examples]&#10;    level: &quot;warning&quot;&#10;    schema: {&quot;loadingURI&quot;:&quot;#&quot;,&quot;pointer&quot;:&quot;/items/properties/valor&quot;}&#10;    domain: &quot;syntax&quot;&#10;    ignored: [&quot;examples&quot;]&#10;warning: the following keywords are unknown and will be ignored: [examples]&#10;    level: &quot;warning&quot;&#10;    schema: {&quot;loadingURI&quot;:&quot;#&quot;,&quot;pointer&quot;:&quot;/items&quot;}&#10;    domain: &quot;syntax&quot;&#10;    ignored: [&quot;examples&quot;]&#10;warning: the following keywords are unknown and will be ignored: [examples]&#10;    level: &quot;warning&quot;&#10;    schema: {&quot;loadingURI&quot;:&quot;#&quot;,&quot;pointer&quot;:&quot;/items/properties/cpf&quot;}&#10;    domain: &quot;syntax&quot;&#10;    ignored: [&quot;examples&quot;]&#10;warning: the following keywords are unknown and will be ignored: [examples]&#10;    level: &quot;warning&quot;&#10;    schema: {&quot;loadingURI&quot;:&quot;#&quot;,&quot;pointer&quot;:&quot;/items/properties/email&quot;}&#10;    domain: &quot;syntax&quot;&#10;    ignored: [&quot;examples&quot;]&#10;warning: the following keywords are unknown and will be ignored: [examples]&#10;    level: &quot;warning&quot;&#10;    schema: {&quot;loadingURI&quot;:&quot;#&quot;,&quot;pointer&quot;:&quot;/items/properties/id&quot;}&#10;    domain: &quot;syntax&quot;&#10;    ignored: [&quot;examples&quot;]&#10;warning: the following keywords are unknown and will be ignored: [examples]&#10;    level: &quot;warning&quot;&#10;    schema: {&quot;loadingURI&quot;:&quot;#&quot;,&quot;pointer&quot;:&quot;/items/properties/nome&quot;}&#10;    domain: &quot;syntax&quot;&#10;    ignored: [&quot;examples&quot;]&#10;warning: the following keywords are unknown and will be ignored: [examples]&#10;    level: &quot;warning&quot;&#10;    schema: {&quot;loadingURI&quot;:&quot;#&quot;,&quot;pointer&quot;:&quot;/items/properties/parcelas&quot;}&#10;    domain: &quot;syntax&quot;&#10;    ignored: [&quot;examples&quot;]&#10;warning: the following keywords are unknown and will be ignored: [examples]&#10;    level: &quot;warning&quot;&#10;    schema: {&quot;loadingURI&quot;:&quot;#&quot;,&quot;pointer&quot;:&quot;/items/properties/seguro&quot;}&#10;    domain: &quot;syntax&quot;&#10;    ignored: [&quot;examples&quot;]&#10;warning: the following keywords are unknown and will be ignored: [examples]&#10;    level: &quot;warning&quot;&#10;    schema: {&quot;loadingURI&quot;:&quot;#&quot;,&quot;pointer&quot;:&quot;/items/properties/valor&quot;}&#10;    domain: &quot;syntax&quot;&#10;    ignored: [&quot;examples&quot;]&#10;warning: the following keywords are unknown and will be ignored: [examples]&#10;    level: &quot;warning&quot;&#10;    schema: {&quot;loadingURI&quot;:&quot;#&quot;,&quot;pointer&quot;:&quot;/items&quot;}&#10;    domain: &quot;syntax&quot;&#10;    ignored: [&quot;examples&quot;]&#10;warning: the following keywords are unknown and will be ignored: [examples]&#10;    level: &quot;warning&quot;&#10;    schema: {&quot;loadingURI&quot;:&quot;#&quot;,&quot;pointer&quot;:&quot;/items/properties/cpf&quot;}&#10;    domain: &quot;syntax&quot;&#10;    ignored: [&quot;examples&quot;]&#10;warning: the following keywords are unknown and will be ignored: [examples]&#10;    level: &quot;warning&quot;&#10;    schema: {&quot;loadingURI&quot;:&quot;#&quot;,&quot;pointer&quot;:&quot;/items/properties/email&quot;}&#10;    domain: &quot;syntax&quot;&#10;    ignored: [&quot;examples&quot;]&#10;warning: the following keywords are unknown and will be ignored: [examples]&#10;    level: &quot;warning&quot;&#10;    schema: {&quot;loadingURI&quot;:&quot;#&quot;,&quot;pointer&quot;:&quot;/items/properties/id&quot;}&#10;    domain: &quot;syntax&quot;&#10;    ignored: [&quot;examples&quot;]&#10;warning: the following keywords are unknown and will be ignored: [examples]&#10;    level: &quot;warning&quot;&#10;    schema: {&quot;loadingURI&quot;:&quot;#&quot;,&quot;pointer&quot;:&quot;/items/properties/nome&quot;}&#10;    domain: &quot;syntax&quot;&#10;    ignored: [&quot;examples&quot;]&#10;warning: the following keywords are unknown and will be ignored: [examples]&#10;    level: &quot;warning&quot;&#10;    schema: {&quot;loadingURI&quot;:&quot;#&quot;,&quot;pointer&quot;:&quot;/items/properties/parcelas&quot;}&#10;    domain: &quot;syntax&quot;&#10;    ignored: [&quot;examples&quot;]&#10;warning: the following keywords are unknown and will be ignored: [examples]&#10;    level: &quot;warning&quot;&#10;    schema: {&quot;loadingURI&quot;:&quot;#&quot;,&quot;pointer&quot;:&quot;/items/properties/seguro&quot;}&#10;    domain: &quot;syntax&quot;&#10;    ignored: [&quot;examples&quot;]&#10;warning: the following keywords are unknown and will be ignored: [examples]&#10;    level: &quot;warning&quot;&#10;    schema: {&quot;loadingURI&quot;:&quot;#&quot;,&quot;pointer&quot;:&quot;/items/properties/valor&quot;}&#10;    domain: &quot;syntax&quot;&#10;    ignored: [&quot;examples&quot;]&#10;warning: the following keywords are unknown and will be ignored: [examples]&#10;    level: &quot;warning&quot;&#10;    schema: {&quot;loadingURI&quot;:&quot;#&quot;,&quot;pointer&quot;:&quot;/items&quot;}&#10;    domain: &quot;syntax&quot;&#10;    ignored: [&quot;examples&quot;]&#10;warning: the following keywords are unknown and will be ignored: [examples]&#10;    level: &quot;warning&quot;&#10;    schema: {&quot;loadingURI&quot;:&quot;#&quot;,&quot;pointer&quot;:&quot;/items/properties/cpf&quot;}&#10;    domain: &quot;syntax&quot;&#10;    ignored: [&quot;examples&quot;]&#10;warning: the following keywords are unknown and will be ignored: [examples]&#10;    level: &quot;warning&quot;&#10;    schema: {&quot;loadingURI&quot;:&quot;#&quot;,&quot;pointer&quot;:&quot;/items/properties/email&quot;}&#10;    domain: &quot;syntax&quot;&#10;    ignored: [&quot;examples&quot;]&#10;warning: the following keywords are unknown and will be ignored: [examples]&#10;    level: &quot;warning&quot;&#10;    schema: {&quot;loadingURI&quot;:&quot;#&quot;,&quot;pointer&quot;:&quot;/items/properties/id&quot;}&#10;    domain: &quot;syntax&quot;&#10;    ignored: [&quot;examples&quot;]&#10;warning: the following keywords are unknown and will be ignored: [examples]&#10;    level: &quot;warning&quot;&#10;    schema: {&quot;loadingURI&quot;:&quot;#&quot;,&quot;pointer&quot;:&quot;/items/properties/nome&quot;}&#10;    domain: &quot;syntax&quot;&#10;    ignored: [&quot;examples&quot;]&#10;warning: the following keywords are unknown and will be ignored: [examples]&#10;    level: &quot;warning&quot;&#10;    schema: {&quot;loadingURI&quot;:&quot;#&quot;,&quot;pointer&quot;:&quot;/items/properties/parcelas&quot;}&#10;    domain: &quot;syntax&quot;&#10;    ignored: [&quot;examples&quot;]&#10;warning: the following keywords are unknown and will be ignored: [examples]&#10;    level: &quot;warning&quot;&#10;    schema: {&quot;loadingURI&quot;:&quot;#&quot;,&quot;pointer&quot;:&quot;/items/properties/seguro&quot;}&#10;    domain: &quot;syntax&quot;&#10;    ignored: [&quot;examples&quot;]&#10;warning: the following keywords are unknown and will be ignored: [examples]&#10;    level: &quot;warning&quot;&#10;    schema: {&quot;loadingURI&quot;:&quot;#&quot;,&quot;pointer&quot;:&quot;/items/properties/valor&quot;}&#10;    domain: &quot;syntax&quot;&#10;    ignored: [&quot;examples&quot;]&#10;warning: the following keywords are unknown and will be ignored: [examples]&#10;    level: &quot;warning&quot;&#10;    schema: {&quot;loadingURI&quot;:&quot;#&quot;,&quot;pointer&quot;:&quot;/items&quot;}&#10;    domain: &quot;syntax&quot;&#10;    ignored: [&quot;examples&quot;]&#10;warning: the following keywords are unknown and will be ignored: [examples]&#10;    level: &quot;warning&quot;&#10;    schema: {&quot;loadingURI&quot;:&quot;#&quot;,&quot;pointer&quot;:&quot;/items/properties/cpf&quot;}&#10;    domain: &quot;syntax&quot;&#10;    ignored: [&quot;examples&quot;]&#10;warning: the following keywords are unknown and will be ignored: [examples]&#10;    level: &quot;warning&quot;&#10;    schema: {&quot;loadingURI&quot;:&quot;#&quot;,&quot;pointer&quot;:&quot;/items/properties/email&quot;}&#10;    domain: &quot;syntax&quot;&#10;    ignored: [&quot;examples&quot;]&#10;warning: the following keywords are unknown and will be ignored: [examples]&#10;    level: &quot;warning&quot;&#10;    schema: {&quot;loadingURI&quot;:&quot;#&quot;,&quot;pointer&quot;:&quot;/items/properties/id&quot;}&#10;    domain: &quot;syntax&quot;&#10;    ignored: [&quot;examples&quot;]&#10;warning: the following keywords are unknown and will be ignored: [examples]&#10;    level: &quot;warning&quot;&#10;    schema: {&quot;loadingURI&quot;:&quot;#&quot;,&quot;pointer&quot;:&quot;/items/properties/nome&quot;}&#10;    domain: &quot;syntax&quot;&#10;    ignored: [&quot;examples&quot;]&#10;warning: the following keywords are unknown and will be ignored: [examples]&#10;    level: &quot;warning&quot;&#10;    schema: {&quot;loadingURI&quot;:&quot;#&quot;,&quot;pointer&quot;:&quot;/items/properties/parcelas&quot;}&#10;    domain: &quot;syntax&quot;&#10;    ignored: [&quot;examples&quot;]&#10;warning: the following keywords are unknown and will be ignored: [examples]&#10;    level: &quot;warning&quot;&#10;    schema: {&quot;loadingURI&quot;:&quot;#&quot;,&quot;pointer&quot;:&quot;/items/properties/seguro&quot;}&#10;    domain: &quot;syntax&quot;&#10;    ignored: [&quot;examples&quot;]&#10;warning: the following keywords are unknown and will be ignored: [examples]&#10;    level: &quot;warning&quot;&#10;    schema: {&quot;loadingURI&quot;:&quot;#&quot;,&quot;pointer&quot;:&quot;/items/properties/valor&quot;}&#10;    domain: &quot;syntax&quot;&#10;    ignored: [&quot;examples&quot;]&#10;warning: the following keywords are unknown and will be ignored: [examples]&#10;    level: &quot;warning&quot;&#10;    schema: {&quot;loadingURI&quot;:&quot;#&quot;,&quot;pointer&quot;:&quot;/items&quot;}&#10;    domain: &quot;syntax&quot;&#10;    ignored: [&quot;examples&quot;]&#10;warning: the following keywords are unknown and will be ignored: [examples]&#10;    level: &quot;warning&quot;&#10;    schema: {&quot;loadingURI&quot;:&quot;#&quot;,&quot;pointer&quot;:&quot;/items/properties/cpf&quot;}&#10;    domain: &quot;syntax&quot;&#10;    ignored: [&quot;examples&quot;]&#10;warning: the following keywords are unknown and will be ignored: [examples]&#10;    level: &quot;warning&quot;&#10;    schema: {&quot;loadingURI&quot;:&quot;#&quot;,&quot;pointer&quot;:&quot;/items/properties/email&quot;}&#10;    domain: &quot;syntax&quot;&#10;    ignored: [&quot;examples&quot;]&#10;warning: the following keywords are unknown and will be ignored: [examples]&#10;    level: &quot;warning&quot;&#10;    schema: {&quot;loadingURI&quot;:&quot;#&quot;,&quot;pointer&quot;:&quot;/items/properties/id&quot;}&#10;    domain: &quot;syntax&quot;&#10;    ignored: [&quot;examples&quot;]&#10;warning: the following keywords are unknown and will be ignored: [examples]&#10;    level: &quot;warning&quot;&#10;    schema: {&quot;loadingURI&quot;:&quot;#&quot;,&quot;pointer&quot;:&quot;/items/properties/nome&quot;}&#10;    domain: &quot;syntax&quot;&#10;    ignored: [&quot;examples&quot;]&#10;warning: the following keywords are unknown and will be ignored: [examples]&#10;    level: &quot;warning&quot;&#10;    schema: {&quot;loadingURI&quot;:&quot;#&quot;,&quot;pointer&quot;:&quot;/items/properties/parcelas&quot;}&#10;    domain: &quot;syntax&quot;&#10;    ignored: [&quot;examples&quot;]&#10;warning: the following keywords are unknown and will be ignored: [examples]&#10;    level: &quot;warning&quot;&#10;    schema: {&quot;loadingURI&quot;:&quot;#&quot;,&quot;pointer&quot;:&quot;/items/properties/seguro&quot;}&#10;    domain: &quot;syntax&quot;&#10;    ignored: [&quot;examples&quot;]&#10;warning: the following keywords are unknown and will be ignored: [examples]&#10;    level: &quot;warning&quot;&#10;    schema: {&quot;loadingURI&quot;:&quot;#&quot;,&quot;pointer&quot;:&quot;/items/properties/valor&quot;}&#10;    domain: &quot;syntax&quot;&#10;    ignored: [&quot;examples&quot;]&#10;warning: the following keywords are unknown and will be ignored: [examples]&#10;    level: &quot;warning&quot;&#10;    schema: {&quot;loadingURI&quot;:&quot;#&quot;,&quot;pointer&quot;:&quot;/items&quot;}&#10;    domain: &quot;syntax&quot;&#10;    ignored: [&quot;examples&quot;]&#10;warning: the following keywords are unknown and will be ignored: [examples]&#10;    level: &quot;warning&quot;&#10;    schema: {&quot;loadingURI&quot;:&quot;#&quot;,&quot;pointer&quot;:&quot;/items/properties/cpf&quot;}&#10;    domain: &quot;syntax&quot;&#10;    ignored: [&quot;examples&quot;]&#10;warning: the following keywords are unknown and will be ignored: [examples]&#10;    level: &quot;warning&quot;&#10;    schema: {&quot;loadingURI&quot;:&quot;#&quot;,&quot;pointer&quot;:&quot;/items/properties/email&quot;}&#10;    domain: &quot;syntax&quot;&#10;    ignored: [&quot;examples&quot;]&#10;warning: the following keywords are unknown and will be ignored: [examples]&#10;    level: &quot;warning&quot;&#10;    schema: {&quot;loadingURI&quot;:&quot;#&quot;,&quot;pointer&quot;:&quot;/items/properties/id&quot;}&#10;    domain: &quot;syntax&quot;&#10;    ignored: [&quot;examples&quot;]&#10;warning: the following keywords are unknown and will be ignored: [examples]&#10;    level: &quot;warning&quot;&#10;    schema: {&quot;loadingURI&quot;:&quot;#&quot;,&quot;pointer&quot;:&quot;/items/properties/nome&quot;}&#10;    domain: &quot;syntax&quot;&#10;    ignored: [&quot;examples&quot;]&#10;warning: the following keywords are unknown and will be ignored: [examples]&#10;    level: &quot;warning&quot;&#10;    schema: {&quot;loadingURI&quot;:&quot;#&quot;,&quot;pointer&quot;:&quot;/items/properties/parcelas&quot;}&#10;    domain: &quot;syntax&quot;&#10;    ignored: [&quot;examples&quot;]&#10;warning: the following keywords are unknown and will be ignored: [examples]&#10;    level: &quot;warning&quot;&#10;    schema: {&quot;loadingURI&quot;:&quot;#&quot;,&quot;pointer&quot;:&quot;/items/properties/seguro&quot;}&#10;    domain: &quot;syntax&quot;&#10;    ignored: [&quot;examples&quot;]&#10;warning: the following keywords are unknown and will be ignored: [examples]&#10;    level: &quot;warning&quot;&#10;    schema: {&quot;loadingURI&quot;:&quot;#&quot;,&quot;pointer&quot;:&quot;/items/properties/valor&quot;}&#10;    domain: &quot;syntax&quot;&#10;    ignored: [&quot;examples&quot;]&#10;warning: the following keywords are unknown and will be ignored: [examples]&#10;    level: &quot;warning&quot;&#10;    schema: {&quot;loadingURI&quot;:&quot;#&quot;,&quot;pointer&quot;:&quot;/items&quot;}&#10;    domain: &quot;syntax&quot;&#10;    ignored: [&quot;examples&quot;]&#10;warning: the following keywords are unknown and will be ignored: [examples]&#10;    level: &quot;warning&quot;&#10;    schema: {&quot;loadingURI&quot;:&quot;#&quot;,&quot;pointer&quot;:&quot;/items/properties/cpf&quot;}&#10;    domain: &quot;syntax&quot;&#10;    ignored: [&quot;examples&quot;]&#10;warning: the following keywords are unknown and will be ignored: [examples]&#10;    level: &quot;warning&quot;&#10;    schema: {&quot;loadingURI&quot;:&quot;#&quot;,&quot;pointer&quot;:&quot;/items/properties/email&quot;}&#10;    domain: &quot;syntax&quot;&#10;    ignored: [&quot;examples&quot;]&#10;warning: the following keywords are unknown and will be ignored: [examples]&#10;    level: &quot;warning&quot;&#10;    schema: {&quot;loadingURI&quot;:&quot;#&quot;,&quot;pointer&quot;:&quot;/items/properties/id&quot;}&#10;    domain: &quot;syntax&quot;&#10;    ignored: [&quot;examples&quot;]&#10;warning: the following keywords are unknown and will be ignored: [examples]&#10;    level: &quot;warning&quot;&#10;    schema: {&quot;loadingURI&quot;:&quot;#&quot;,&quot;pointer&quot;:&quot;/items/properties/nome&quot;}&#10;    domain: &quot;syntax&quot;&#10;    ignored: [&quot;examples&quot;]&#10;warning: the following keywords are unknown and will be ignored: [examples]&#10;    level: &quot;warning&quot;&#10;    schema: {&quot;loadingURI&quot;:&quot;#&quot;,&quot;pointer&quot;:&quot;/items/properties/parcelas&quot;}&#10;    domain: &quot;syntax&quot;&#10;    ignored: [&quot;examples&quot;]&#10;warning: the following keywords are unknown and will be ignored: [examples]&#10;    level: &quot;warning&quot;&#10;    schema: {&quot;loadingURI&quot;:&quot;#&quot;,&quot;pointer&quot;:&quot;/items/properties/seguro&quot;}&#10;    domain: &quot;syntax&quot;&#10;    ignored: [&quot;examples&quot;]&#10;warning: the following keywords are unknown and will be ignored: [examples]&#10;    level: &quot;warning&quot;&#10;    schema: {&quot;loadingURI&quot;:&quot;#&quot;,&quot;pointer&quot;:&quot;/items/properties/valor&quot;}&#10;    domain: &quot;syntax&quot;&#10;    ignored: [&quot;examples&quot;]&#10;warning: the following keywords are unknown and will be ignored: [examples]&#10;    level: &quot;warning&quot;&#10;    schema: {&quot;loadingURI&quot;:&quot;#&quot;,&quot;pointer&quot;:&quot;/items&quot;}&#10;    domain: &quot;syntax&quot;&#10;    ignored: [&quot;examples&quot;]&#10;warning: the following keywords are unknown and will be ignored: [examples]&#10;    level: &quot;warning&quot;&#10;    schema: {&quot;loadingURI&quot;:&quot;#&quot;,&quot;pointer&quot;:&quot;/items/properties/cpf&quot;}&#10;    domain: &quot;syntax&quot;&#10;    ignored: [&quot;examples&quot;]&#10;warning: the following keywords are unknown and will be ignored: [examples]&#10;    level: &quot;warning&quot;&#10;    schema: {&quot;loadingURI&quot;:&quot;#&quot;,&quot;pointer&quot;:&quot;/items/properties/email&quot;}&#10;    domain: &quot;syntax&quot;&#10;    ignored: [&quot;examples&quot;]&#10;warning: the following keywords are unknown and will be ignored: [examples]&#10;    level: &quot;warning&quot;&#10;    schema: {&quot;loadingURI&quot;:&quot;#&quot;,&quot;pointer&quot;:&quot;/items/properties/id&quot;}&#10;    domain: &quot;syntax&quot;&#10;    ignored: [&quot;examples&quot;]&#10;warning: the following keywords are unknown and will be ignored: [examples]&#10;    level: &quot;warning&quot;&#10;    schema: {&quot;loadingURI&quot;:&quot;#&quot;,&quot;pointer&quot;:&quot;/items/properties/nome&quot;}&#10;    domain: &quot;syntax&quot;&#10;    ignored: [&quot;examples&quot;]&#10;warning: the following keywords are unknown and will be ignored: [examples]&#10;    level: &quot;warning&quot;&#10;    schema: {&quot;loadingURI&quot;:&quot;#&quot;,&quot;pointer&quot;:&quot;/items/properties/parcelas&quot;}&#10;    domain: &quot;syntax&quot;&#10;    ignored: [&quot;examples&quot;]&#10;warning: the following keywords are unknown and will be ignored: [examples]&#10;    level: &quot;warning&quot;&#10;    schema: {&quot;loadingURI&quot;:&quot;#&quot;,&quot;pointer&quot;:&quot;/items/properties/seguro&quot;}&#10;    domain: &quot;syntax&quot;&#10;    ignored: [&quot;examples&quot;]&#10;warning: the following keywords are unknown and will be ignored: [examples]&#10;    level: &quot;warning&quot;&#10;    schema: {&quot;loadingURI&quot;:&quot;#&quot;,&quot;pointer&quot;:&quot;/items/properties/valor&quot;}&#10;    domain: &quot;syntax&quot;&#10;    ignored: [&quot;examples&quot;]&#10;warning: the following keywords are unknown and will be ignored: [examples]&#10;    level: &quot;warning&quot;&#10;    schema: {&quot;loadingURI&quot;:&quot;#&quot;,&quot;pointer&quot;:&quot;/items&quot;}&#10;    domain: &quot;syntax&quot;&#10;    ignored: [&quot;examples&quot;]&#10;warning: the following keywords are unknown and will be ignored: [examples]&#10;    level: &quot;warning&quot;&#10;    schema: {&quot;loadingURI&quot;:&quot;#&quot;,&quot;pointer&quot;:&quot;/items/properties/cpf&quot;}&#10;    domain: &quot;syntax&quot;&#10;    ignored: [&quot;examples&quot;]&#10;warning: the following keywords are unknown and will be ignored: [examples]&#10;    level: &quot;warning&quot;&#10;    schema: {&quot;loadingURI&quot;:&quot;#&quot;,&quot;pointer&quot;:&quot;/items/properties/email&quot;}&#10;    domain: &quot;syntax&quot;&#10;    ignored: [&quot;examples&quot;]&#10;warning: the following keywords are unknown and will be ignored: [examples]&#10;    level: &quot;warning&quot;&#10;    schema: {&quot;loadingURI&quot;:&quot;#&quot;,&quot;pointer&quot;:&quot;/items/properties/id&quot;}&#10;    domain: &quot;syntax&quot;&#10;    ignored: [&quot;examples&quot;]&#10;warning: the following keywords are unknown and will be ignored: [examples]&#10;    level: &quot;warning&quot;&#10;    schema: {&quot;loadingURI&quot;:&quot;#&quot;,&quot;pointer&quot;:&quot;/items/properties/nome&quot;}&#10;    domain: &quot;syntax&quot;&#10;    ignored: [&quot;examples&quot;]&#10;warning: the following keywords are unknown and will be ignored: [examples]&#10;    level: &quot;warning&quot;&#10;    schema: {&quot;loadingURI&quot;:&quot;#&quot;,&quot;pointer&quot;:&quot;/items/properties/parcelas&quot;}&#10;    domain: &quot;syntax&quot;&#10;    ignored: [&quot;examples&quot;]&#10;warning: the following keywords are unknown and will be ignored: [examples]&#10;    level: &quot;warning&quot;&#10;    schema: {&quot;loadingURI&quot;:&quot;#&quot;,&quot;pointer&quot;:&quot;/items/properties/seguro&quot;}&#10;    domain: &quot;syntax&quot;&#10;    ignored: [&quot;examples&quot;]&#10;warning: the following keywords are unknown and will be ignored: [examples]&#10;    level: &quot;warning&quot;&#10;    schema: {&quot;loadingURI&quot;:&quot;#&quot;,&quot;pointer&quot;:&quot;/items/properties/valor&quot;}&#10;    domain: &quot;syntax&quot;&#10;    ignored: [&quot;examples&quot;]&#10;warning: the following keywords are unknown and will be ignored: [examples]&#10;    level: &quot;warning&quot;&#10;    schema: {&quot;loadingURI&quot;:&quot;#&quot;,&quot;pointer&quot;:&quot;/items&quot;}&#10;    domain: &quot;syntax&quot;&#10;    ignored: [&quot;examples&quot;]&#10;warning: the following keywords are unknown and will be ignored: [examples]&#10;    level: &quot;warning&quot;&#10;    schema: {&quot;loadingURI&quot;:&quot;#&quot;,&quot;pointer&quot;:&quot;/items/properties/cpf&quot;}&#10;    domain: &quot;syntax&quot;&#10;    ignored: [&quot;examples&quot;]&#10;warning: the following keywords are unknown and will be ignored: [examples]&#10;    level: &quot;warning&quot;&#10;    schema: {&quot;loadingURI&quot;:&quot;#&quot;,&quot;pointer&quot;:&quot;/items/properties/email&quot;}&#10;    domain: &quot;syntax&quot;&#10;    ignored: [&quot;examples&quot;]&#10;warning: the following keywords are unknown and will be ignored: [examples]&#10;    level: &quot;warning&quot;&#10;    schema: {&quot;loadingURI&quot;:&quot;#&quot;,&quot;pointer&quot;:&quot;/items/properties/id&quot;}&#10;    domain: &quot;syntax&quot;&#10;    ignored: [&quot;examples&quot;]&#10;warning: the following keywords are unknown and will be ignored: [examples]&#10;    level: &quot;warning&quot;&#10;    schema: {&quot;loadingURI&quot;:&quot;#&quot;,&quot;pointer&quot;:&quot;/items/properties/nome&quot;}&#10;    domain: &quot;syntax&quot;&#10;    ignored: [&quot;examples&quot;]&#10;warning: the following keywords are unknown and will be ignored: [examples]&#10;    level: &quot;warning&quot;&#10;    schema: {&quot;loadingURI&quot;:&quot;#&quot;,&quot;pointer&quot;:&quot;/items/properties/parcelas&quot;}&#10;    domain: &quot;syntax&quot;&#10;    ignored: [&quot;examples&quot;]&#10;warning: the following keywords are unknown and will be ignored: [examples]&#10;    level: &quot;warning&quot;&#10;    schema: {&quot;loadingURI&quot;:&quot;#&quot;,&quot;pointer&quot;:&quot;/items/properties/seguro&quot;}&#10;    domain: &quot;syntax&quot;&#10;    ignored: [&quot;examples&quot;]&#10;warning: the following keywords are unknown and will be ignored: [examples]&#10;    level: &quot;warning&quot;&#10;    schema: {&quot;loadingURI&quot;:&quot;#&quot;,&quot;pointer&quot;:&quot;/items/properties/valor&quot;}&#10;    domain: &quot;syntax&quot;&#10;    ignored: [&quot;examples&quot;]&#10;warning: the following keywords are unknown and will be ignored: [examples]&#10;    level: &quot;warning&quot;&#10;    schema: {&quot;loadingURI&quot;:&quot;#&quot;,&quot;pointer&quot;:&quot;/items&quot;}&#10;    domain: &quot;syntax&quot;&#10;    ignored: [&quot;examples&quot;]&#10;warning: the following keywords are unknown and will be ignored: [examples]&#10;    level: &quot;warning&quot;&#10;    schema: {&quot;loadingURI&quot;:&quot;#&quot;,&quot;pointer&quot;:&quot;/items/properties/cpf&quot;}&#10;    domain: &quot;syntax&quot;&#10;    ignored: [&quot;examples&quot;]&#10;warning: the following keywords are unknown and will be ignored: [examples]&#10;    level: &quot;warning&quot;&#10;    schema: {&quot;loadingURI&quot;:&quot;#&quot;,&quot;pointer&quot;:&quot;/items/properties/email&quot;}&#10;    domain: &quot;syntax&quot;&#10;    ignored: [&quot;examples&quot;]&#10;warning: the following keywords are unknown and will be ignored: [examples]&#10;    level: &quot;warning&quot;&#10;    schema: {&quot;loadingURI&quot;:&quot;#&quot;,&quot;pointer&quot;:&quot;/items/properties/id&quot;}&#10;    domain: &quot;syntax&quot;&#10;    ignored: [&quot;examples&quot;]&#10;warning: the following keywords are unknown and will be ignored: [examples]&#10;    level: &quot;warning&quot;&#10;    schema: {&quot;loadingURI&quot;:&quot;#&quot;,&quot;pointer&quot;:&quot;/items/properties/nome&quot;}&#10;    domain: &quot;syntax&quot;&#10;    ignored: [&quot;examples&quot;]&#10;warning: the following keywords are unknown and will be ignored: [examples]&#10;    level: &quot;warning&quot;&#10;    schema: {&quot;loadingURI&quot;:&quot;#&quot;,&quot;pointer&quot;:&quot;/items/properties/parcelas&quot;}&#10;    domain: &quot;syntax&quot;&#10;    ignored: [&quot;examples&quot;]&#10;warning: the following keywords are unknown and will be ignored: [examples]&#10;    level: &quot;warning&quot;&#10;    schema: {&quot;loadingURI&quot;:&quot;#&quot;,&quot;pointer&quot;:&quot;/items/properties/seguro&quot;}&#10;    domain: &quot;syntax&quot;&#10;    ignored: [&quot;examples&quot;]&#10;warning: the following keywords are unknown and will be ignored: [examples]&#10;    level: &quot;warning&quot;&#10;    schema: {&quot;loadingURI&quot;:&quot;#&quot;,&quot;pointer&quot;:&quot;/items/properties/valor&quot;}&#10;    domain: &quot;syntax&quot;&#10;    ignored: [&quot;examples&quot;]&#10;warning: the following keywords are unknown and will be ignored: [examples]&#10;    level: &quot;warning&quot;&#10;    schema: {&quot;loadingURI&quot;:&quot;#&quot;,&quot;pointer&quot;:&quot;/items&quot;}&#10;    domain: &quot;syntax&quot;&#10;    ignored: [&quot;examples&quot;]&#10;warning: the following keywords are unknown and will be ignored: [examples]&#10;    level: &quot;warning&quot;&#10;    schema: {&quot;loadingURI&quot;:&quot;#&quot;,&quot;pointer&quot;:&quot;/items/properties/cpf&quot;}&#10;    domain: &quot;syntax&quot;&#10;    ignored: [&quot;examples&quot;]&#10;warning: the following keywords are unknown and will be ignored: [examples]&#10;    level: &quot;warning&quot;&#10;    schema: {&quot;loadingURI&quot;:&quot;#&quot;,&quot;pointer&quot;:&quot;/items/properties/email&quot;}&#10;    domain: &quot;syntax&quot;&#10;    ignored: [&quot;examples&quot;]&#10;warning: the following keywords are unknown and will be ignored: [examples]&#10;    level: &quot;warning&quot;&#10;    schema: {&quot;loadingURI&quot;:&quot;#&quot;,&quot;pointer&quot;:&quot;/items/properties/id&quot;}&#10;    domain: &quot;syntax&quot;&#10;    ignored: [&quot;examples&quot;]&#10;warning: the following keywords are unknown and will be ignored: [examples]&#10;    level: &quot;warning&quot;&#10;    schema: {&quot;loadingURI&quot;:&quot;#&quot;,&quot;pointer&quot;:&quot;/items/properties/nome&quot;}&#10;    domain: &quot;syntax&quot;&#10;    ignored: [&quot;examples&quot;]&#10;warning: the following keywords are unknown and will be ignored: [examples]&#10;    level: &quot;warning&quot;&#10;    schema: {&quot;loadingURI&quot;:&quot;#&quot;,&quot;pointer&quot;:&quot;/items/properties/parcelas&quot;}&#10;    domain: &quot;syntax&quot;&#10;    ignored: [&quot;examples&quot;]&#10;warning: the following keywords are unknown and will be ignored: [examples]&#10;    level: &quot;warning&quot;&#10;    schema: {&quot;loadingURI&quot;:&quot;#&quot;,&quot;pointer&quot;:&quot;/items/properties/seguro&quot;}&#10;    domain: &quot;syntax&quot;&#10;    ignored: [&quot;examples&quot;]&#10;warning: the following keywords are unknown and will be ignored: [examples]&#10;    level: &quot;warning&quot;&#10;    schema: {&quot;loadingURI&quot;:&quot;#&quot;,&quot;pointer&quot;:&quot;/items/properties/valor&quot;}&#10;    domain: &quot;syntax&quot;&#10;    ignored: [&quot;examples&quot;]&#10;warning: the following keywords are unknown and will be ignored: [examples]&#10;    level: &quot;warning&quot;&#10;    schema: {&quot;loadingURI&quot;:&quot;#&quot;,&quot;pointer&quot;:&quot;/items&quot;}&#10;    domain: &quot;syntax&quot;&#10;    ignored: [&quot;examples&quot;]&#10;warning: the following keywords are unknown and will be ignored: [examples]&#10;    level: &quot;warning&quot;&#10;    schema: {&quot;loadingURI&quot;:&quot;#&quot;,&quot;pointer&quot;:&quot;/items/properties/cpf&quot;}&#10;    domain: &quot;syntax&quot;&#10;    ignored: [&quot;examples&quot;]&#10;warning: the following keywords are unknown and will be ignored: [examples]&#10;    level: &quot;warning&quot;&#10;    schema: {&quot;loadingURI&quot;:&quot;#&quot;,&quot;pointer&quot;:&quot;/items/properties/email&quot;}&#10;    domain: &quot;syntax&quot;&#10;    ignored: [&quot;examples&quot;]&#10;warning: the following keywords are unknown and will be ignored: [examples]&#10;    level: &quot;warning&quot;&#10;    schema: {&quot;loadingURI&quot;:&quot;#&quot;,&quot;pointer&quot;:&quot;/items/properties/id&quot;}&#10;    domain: &quot;syntax&quot;&#10;    ignored: [&quot;examples&quot;]&#10;warning: the following keywords are unknown and will be ignored: [examples]&#10;    level: &quot;warning&quot;&#10;    schema: {&quot;loadingURI&quot;:&quot;#&quot;,&quot;pointer&quot;:&quot;/items/properties/nome&quot;}&#10;    domain: &quot;syntax&quot;&#10;    ignored: [&quot;examples&quot;]&#10;warning: the following keywords are unknown and will be ignored: [examples]&#10;    level: &quot;warning&quot;&#10;    schema: {&quot;loadingURI&quot;:&quot;#&quot;,&quot;pointer&quot;:&quot;/items/properties/parcelas&quot;}&#10;    domain: &quot;syntax&quot;&#10;    ignored: [&quot;examples&quot;]&#10;warning: the following keywords are unknown and will be ignored: [examples]&#10;    level: &quot;warning&quot;&#10;    schema: {&quot;loadingURI&quot;:&quot;#&quot;,&quot;pointer&quot;:&quot;/items/properties/seguro&quot;}&#10;    domain: &quot;syntax&quot;&#10;    ignored: [&quot;examples&quot;]&#10;warning: the following keywords are unknown and will be ignored: [examples]&#10;    level: &quot;warning&quot;&#10;    schema: {&quot;loadingURI&quot;:&quot;#&quot;,&quot;pointer&quot;:&quot;/items/properties/valor&quot;}&#10;    domain: &quot;syntax&quot;&#10;    ignored: [&quot;examples&quot;]&#10;warning: the following keywords are unknown and will be ignored: [examples]&#10;    level: &quot;warning&quot;&#10;    schema: {&quot;loadingURI&quot;:&quot;#&quot;,&quot;pointer&quot;:&quot;/items&quot;}&#10;    domain: &quot;syntax&quot;&#10;    ignored: [&quot;examples&quot;]&#10;warning: the following keywords are unknown and will be ignored: [examples]&#10;    level: &quot;warning&quot;&#10;    schema: {&quot;loadingURI&quot;:&quot;#&quot;,&quot;pointer&quot;:&quot;/items/properties/cpf&quot;}&#10;    domain: &quot;syntax&quot;&#10;    ignored: [&quot;examples&quot;]&#10;warning: the following keywords are unknown and will be ignored: [examples]&#10;    level: &quot;warning&quot;&#10;    schema: {&quot;loadingURI&quot;:&quot;#&quot;,&quot;pointer&quot;:&quot;/items/properties/email&quot;}&#10;    domain: &quot;syntax&quot;&#10;    ignored: [&quot;examples&quot;]&#10;warning: the following keywords are unknown and will be ignored: [examples]&#10;    level: &quot;warning&quot;&#10;    schema: {&quot;loadingURI&quot;:&quot;#&quot;,&quot;pointer&quot;:&quot;/items/properties/id&quot;}&#10;    domain: &quot;syntax&quot;&#10;    ignored: [&quot;examples&quot;]&#10;warning: the following keywords are unknown and will be ignored: [examples]&#10;    level: &quot;warning&quot;&#10;    schema: {&quot;loadingURI&quot;:&quot;#&quot;,&quot;pointer&quot;:&quot;/items/properties/nome&quot;}&#10;    domain: &quot;syntax&quot;&#10;    ignored: [&quot;examples&quot;]&#10;warning: the following keywords are unknown and will be ignored: [examples]&#10;    level: &quot;warning&quot;&#10;    schema: {&quot;loadingURI&quot;:&quot;#&quot;,&quot;pointer&quot;:&quot;/items/properties/parcelas&quot;}&#10;    domain: &quot;syntax&quot;&#10;    ignored: [&quot;examples&quot;]&#10;warning: the following keywords are unknown and will be ignored: [examples]&#10;    level: &quot;warning&quot;&#10;    schema: {&quot;loadingURI&quot;:&quot;#&quot;,&quot;pointer&quot;:&quot;/items/properties/seguro&quot;}&#10;    domain: &quot;syntax&quot;&#10;    ignored: [&quot;examples&quot;]&#10;warning: the following keywords are unknown and will be ignored: [examples]&#10;    level: &quot;warning&quot;&#10;    schema: {&quot;loadingURI&quot;:&quot;#&quot;,&quot;pointer&quot;:&quot;/items/properties/valor&quot;}&#10;    domain: &quot;syntax&quot;&#10;    ignored: [&quot;examples&quot;]&#10;warning: the following keywords are unknown and will be ignored: [examples]&#10;    level: &quot;warning&quot;&#10;    schema: {&quot;loadingURI&quot;:&quot;#&quot;,&quot;pointer&quot;:&quot;/items&quot;}&#10;    domain: &quot;syntax&quot;&#10;    ignored: [&quot;examples&quot;]&#10;warning: the following keywords are unknown and will be ignored: [examples]&#10;    level: &quot;warning&quot;&#10;    schema: {&quot;loadingURI&quot;:&quot;#&quot;,&quot;pointer&quot;:&quot;/items/properties/cpf&quot;}&#10;    domain: &quot;syntax&quot;&#10;    ignored: [&quot;examples&quot;]&#10;warning: the following keywords are unknown and will be ignored: [examples]&#10;    level: &quot;warning&quot;&#10;    schema: {&quot;loadingURI&quot;:&quot;#&quot;,&quot;pointer&quot;:&quot;/items/properties/email&quot;}&#10;    domain: &quot;syntax&quot;&#10;    ignored: [&quot;examples&quot;]&#10;warning: the following keywords are unknown and will be ignored: [examples]&#10;    level: &quot;warning&quot;&#10;    schema: {&quot;loadingURI&quot;:&quot;#&quot;,&quot;pointer&quot;:&quot;/items/properties/id&quot;}&#10;    domain: &quot;syntax&quot;&#10;    ignored: [&quot;examples&quot;]&#10;warning: the following keywords are unknown and will be ignored: [examples]&#10;    level: &quot;warning&quot;&#10;    schema: {&quot;loadingURI&quot;:&quot;#&quot;,&quot;pointer&quot;:&quot;/items/properties/nome&quot;}&#10;    domain: &quot;syntax&quot;&#10;    ignored: [&quot;examples&quot;]&#10;warning: the following keywords are unknown and will be ignored: [examples]&#10;    level: &quot;warning&quot;&#10;    schema: {&quot;loadingURI&quot;:&quot;#&quot;,&quot;pointer&quot;:&quot;/items/properties/parcelas&quot;}&#10;    domain: &quot;syntax&quot;&#10;    ignored: [&quot;examples&quot;]&#10;warning: the following keywords are unknown and will be ignored: [examples]&#10;    level: &quot;warning&quot;&#10;    schema: {&quot;loadingURI&quot;:&quot;#&quot;,&quot;pointer&quot;:&quot;/items/properties/seguro&quot;}&#10;    domain: &quot;syntax&quot;&#10;    ignored: [&quot;examples&quot;]&#10;warning: the following keywords are unknown and will be ignored: [examples]&#10;    level: &quot;warning&quot;&#10;    schema: {&quot;loadingURI&quot;:&quot;#&quot;,&quot;pointer&quot;:&quot;/items/properties/valor&quot;}&#10;    domain: &quot;syntax&quot;&#10;    ignored: [&quot;examples&quot;]&#10;warning: the following keywords are unknown and will be ignored: [examples]&#10;    level: &quot;warning&quot;&#10;    schema: {&quot;loadingURI&quot;:&quot;#&quot;,&quot;pointer&quot;:&quot;/items&quot;}&#10;    domain: &quot;syntax&quot;&#10;    ignored: [&quot;examples&quot;]&#10;warning: the following keywords are unknown and will be ignored: [examples]&#10;    level: &quot;warning&quot;&#10;    schema: {&quot;loadingURI&quot;:&quot;#&quot;,&quot;pointer&quot;:&quot;/items/properties/cpf&quot;}&#10;    domain: &quot;syntax&quot;&#10;    ignored: [&quot;examples&quot;]&#10;warning: the following keywords are unknown and will be ignored: [examples]&#10;    level: &quot;warning&quot;&#10;    schema: {&quot;loadingURI&quot;:&quot;#&quot;,&quot;pointer&quot;:&quot;/items/properties/email&quot;}&#10;    domain: &quot;syntax&quot;&#10;    ignored: [&quot;examples&quot;]&#10;warning: the following keywords are unknown and will be ignored: [examples]&#10;    level: &quot;warning&quot;&#10;    schema: {&quot;loadingURI&quot;:&quot;#&quot;,&quot;pointer&quot;:&quot;/items/properties/id&quot;}&#10;    domain: &quot;syntax&quot;&#10;    ignored: [&quot;examples&quot;]&#10;warning: the following keywords are unknown and will be ignored: [examples]&#10;    level: &quot;warning&quot;&#10;    schema: {&quot;loadingURI&quot;:&quot;#&quot;,&quot;pointer&quot;:&quot;/items/properties/nome&quot;}&#10;    domain: &quot;syntax&quot;&#10;    ignored: [&quot;examples&quot;]&#10;warning: the following keywords are unknown and will be ignored: [examples]&#10;    level: &quot;warning&quot;&#10;    schema: {&quot;loadingURI&quot;:&quot;#&quot;,&quot;pointer&quot;:&quot;/items/properties/parcelas&quot;}&#10;    domain: &quot;syntax&quot;&#10;    ignored: [&quot;examples&quot;]&#10;warning: the following keywords are unknown and will be ignored: [examples]&#10;    level: &quot;warning&quot;&#10;    schema: {&quot;loadingURI&quot;:&quot;#&quot;,&quot;pointer&quot;:&quot;/items/properties/seguro&quot;}&#10;    domain: &quot;syntax&quot;&#10;    ignored: [&quot;examples&quot;]&#10;warning: the following keywords are unknown and will be ignored: [examples]&#10;    level: &quot;warning&quot;&#10;    schema: {&quot;loadingURI&quot;:&quot;#&quot;,&quot;pointer&quot;:&quot;/items/properties/valor&quot;}&#10;    domain: &quot;syntax&quot;&#10;    ignored: [&quot;examples&quot;]&#10;warning: the following keywords are unknown and will be ignored: [examples]&#10;    level: &quot;warning&quot;&#10;    schema: {&quot;loadingURI&quot;:&quot;#&quot;,&quot;pointer&quot;:&quot;/items&quot;}&#10;    domain: &quot;syntax&quot;&#10;    ignored: [&quot;examples&quot;]&#10;warning: the following keywords are unknown and will be ignored: [examples]&#10;    level: &quot;warning&quot;&#10;    schema: {&quot;loadingURI&quot;:&quot;#&quot;,&quot;pointer&quot;:&quot;/items/properties/cpf&quot;}&#10;    domain: &quot;syntax&quot;&#10;    ignored: [&quot;examples&quot;]&#10;warning: the following keywords are unknown and will be ignored: [examples]&#10;    level: &quot;warning&quot;&#10;    schema: {&quot;loadingURI&quot;:&quot;#&quot;,&quot;pointer&quot;:&quot;/items/properties/email&quot;}&#10;    domain: &quot;syntax&quot;&#10;    ignored: [&quot;examples&quot;]&#10;warning: the following keywords are unknown and will be ignored: [examples]&#10;    level: &quot;warning&quot;&#10;    schema: {&quot;loadingURI&quot;:&quot;#&quot;,&quot;pointer&quot;:&quot;/items/properties/id&quot;}&#10;    domain: &quot;syntax&quot;&#10;    ignored: [&quot;examples&quot;]&#10;warning: the following keywords are unknown and will be ignored: [examples]&#10;    level: &quot;warning&quot;&#10;    schema: {&quot;loadingURI&quot;:&quot;#&quot;,&quot;pointer&quot;:&quot;/items/properties/nome&quot;}&#10;    domain: &quot;syntax&quot;&#10;    ignored: [&quot;examples&quot;]&#10;warning: the following keywords are unknown and will be ignored: [examples]&#10;    level: &quot;warning&quot;&#10;    schema: {&quot;loadingURI&quot;:&quot;#&quot;,&quot;pointer&quot;:&quot;/items/properties/parcelas&quot;}&#10;    domain: &quot;syntax&quot;&#10;    ignored: [&quot;examples&quot;]&#10;warning: the following keywords are unknown and will be ignored: [examples]&#10;    level: &quot;warning&quot;&#10;    schema: {&quot;loadingURI&quot;:&quot;#&quot;,&quot;pointer&quot;:&quot;/items/properties/seguro&quot;}&#10;    domain: &quot;syntax&quot;&#10;    ignored: [&quot;examples&quot;]&#10;warning: the following keywords are unknown and will be ignored: [examples]&#10;    level: &quot;warning&quot;&#10;    schema: {&quot;loadingURI&quot;:&quot;#&quot;,&quot;pointer&quot;:&quot;/items/properties/valor&quot;}&#10;    domain: &quot;syntax&quot;&#10;    ignored: [&quot;examples&quot;]&#10;warning: the following keywords are unknown and will be ignored: [examples]&#10;    level: &quot;warning&quot;&#10;    schema: {&quot;loadingURI&quot;:&quot;#&quot;,&quot;pointer&quot;:&quot;/items&quot;}&#10;    domain: &quot;syntax&quot;&#10;    ignored: [&quot;examples&quot;]&#10;warning: the following keywords are unknown and will be ignored: [examples]&#10;    level: &quot;warning&quot;&#10;    schema: {&quot;loadingURI&quot;:&quot;#&quot;,&quot;pointer&quot;:&quot;/items/properties/cpf&quot;}&#10;    domain: &quot;syntax&quot;&#10;    ignored: [&quot;examples&quot;]&#10;warning: the following keywords are unknown and will be ignored: [examples]&#10;    level: &quot;warning&quot;&#10;    schema: {&quot;loadingURI&quot;:&quot;#&quot;,&quot;pointer&quot;:&quot;/items/properties/email&quot;}&#10;    domain: &quot;syntax&quot;&#10;    ignored: [&quot;examples&quot;]&#10;warning: the following keywords are unknown and will be ignored: [examples]&#10;    level: &quot;warning&quot;&#10;    schema: {&quot;loadingURI&quot;:&quot;#&quot;,&quot;pointer&quot;:&quot;/items/properties/id&quot;}&#10;    domain: &quot;syntax&quot;&#10;    ignored: [&quot;examples&quot;]&#10;warning: the following keywords are unknown and will be ignored: [examples]&#10;    level: &quot;warning&quot;&#10;    schema: {&quot;loadingURI&quot;:&quot;#&quot;,&quot;pointer&quot;:&quot;/items/properties/nome&quot;}&#10;    domain: &quot;syntax&quot;&#10;    ignored: [&quot;examples&quot;]&#10;warning: the following keywords are unknown and will be ignored: [examples]&#10;    level: &quot;warning&quot;&#10;    schema: {&quot;loadingURI&quot;:&quot;#&quot;,&quot;pointer&quot;:&quot;/items/properties/parcelas&quot;}&#10;    domain: &quot;syntax&quot;&#10;    ignored: [&quot;examples&quot;]&#10;warning: the following keywords are unknown and will be ignored: [examples]&#10;    level: &quot;warning&quot;&#10;    schema: {&quot;loadingURI&quot;:&quot;#&quot;,&quot;pointer&quot;:&quot;/items/properties/seguro&quot;}&#10;    domain: &quot;syntax&quot;&#10;    ignored: [&quot;examples&quot;]&#10;warning: the following keywords are unknown and will be ignored: [examples]&#10;    level: &quot;warning&quot;&#10;    schema: {&quot;loadingURI&quot;:&quot;#&quot;,&quot;pointer&quot;:&quot;/items/properties/valor&quot;}&#10;    domain: &quot;syntax&quot;&#10;    ignored: [&quot;examples&quot;]&#10;warning: the following keywords are unknown and will be ignored: [examples]&#10;    level: &quot;warning&quot;&#10;    schema: {&quot;loadingURI&quot;:&quot;#&quot;,&quot;pointer&quot;:&quot;/items&quot;}&#10;    domain: &quot;syntax&quot;&#10;    ignored: [&quot;examples&quot;]&#10;warning: the following keywords are unknown and will be ignored: [examples]&#10;    level: &quot;warning&quot;&#10;    schema: {&quot;loadingURI&quot;:&quot;#&quot;,&quot;pointer&quot;:&quot;/items/properties/cpf&quot;}&#10;    domain: &quot;syntax&quot;&#10;    ignored: [&quot;examples&quot;]&#10;warning: the following keywords are unknown and will be ignored: [examples]&#10;    level: &quot;warning&quot;&#10;    schema: {&quot;loadingURI&quot;:&quot;#&quot;,&quot;pointer&quot;:&quot;/items/properties/email&quot;}&#10;    domain: &quot;syntax&quot;&#10;    ignored: [&quot;examples&quot;]&#10;warning: the following keywords are unknown and will be ignored: [examples]&#10;    level: &quot;warning&quot;&#10;    schema: {&quot;loadingURI&quot;:&quot;#&quot;,&quot;pointer&quot;:&quot;/items/properties/id&quot;}&#10;    domain: &quot;syntax&quot;&#10;    ignored: [&quot;examples&quot;]&#10;warning: the following keywords are unknown and will be ignored: [examples]&#10;    level: &quot;warning&quot;&#10;    schema: {&quot;loadingURI&quot;:&quot;#&quot;,&quot;pointer&quot;:&quot;/items/properties/nome&quot;}&#10;    domain: &quot;syntax&quot;&#10;    ignored: [&quot;examples&quot;]&#10;warning: the following keywords are unknown and will be ignored: [examples]&#10;    level: &quot;warning&quot;&#10;    schema: {&quot;loadingURI&quot;:&quot;#&quot;,&quot;pointer&quot;:&quot;/items/properties/parcelas&quot;}&#10;    domain: &quot;syntax&quot;&#10;    ignored: [&quot;examples&quot;]&#10;warning: the following keywords are unknown and will be ignored: [examples]&#10;    level: &quot;warning&quot;&#10;    schema: {&quot;loadingURI&quot;:&quot;#&quot;,&quot;pointer&quot;:&quot;/items/properties/seguro&quot;}&#10;    domain: &quot;syntax&quot;&#10;    ignored: [&quot;examples&quot;]&#10;warning: the following keywords are unknown and will be ignored: [examples]&#10;    level: &quot;warning&quot;&#10;    schema: {&quot;loadingURI&quot;:&quot;#&quot;,&quot;pointer&quot;:&quot;/items/properties/valor&quot;}&#10;    domain: &quot;syntax&quot;&#10;    ignored: [&quot;examples&quot;]&#10;warning: the following keywords are unknown and will be ignored: [examples]&#10;    level: &quot;warning&quot;&#10;    schema: {&quot;loadingURI&quot;:&quot;#&quot;,&quot;pointer&quot;:&quot;/items&quot;}&#10;    domain: &quot;syntax&quot;&#10;    ignored: [&quot;examples&quot;]&#10;warning: the following keywords are unknown and will be ignored: [examples]&#10;    level: &quot;warning&quot;&#10;    schema: {&quot;loadingURI&quot;:&quot;#&quot;,&quot;pointer&quot;:&quot;/items/properties/cpf&quot;}&#10;    domain: &quot;syntax&quot;&#10;    ignored: [&quot;examples&quot;]&#10;warning: the following keywords are unknown and will be ignored: [examples]&#10;    level: &quot;warning&quot;&#10;    schema: {&quot;loadingURI&quot;:&quot;#&quot;,&quot;pointer&quot;:&quot;/items/properties/email&quot;}&#10;    domain: &quot;syntax&quot;&#10;    ignored: [&quot;examples&quot;]&#10;warning: the following keywords are unknown and will be ignored: [examples]&#10;    level: &quot;warning&quot;&#10;    schema: {&quot;loadingURI&quot;:&quot;#&quot;,&quot;pointer&quot;:&quot;/items/properties/id&quot;}&#10;    domain: &quot;syntax&quot;&#10;    ignored: [&quot;examples&quot;]&#10;warning: the following keywords are unknown and will be ignored: [examples]&#10;    level: &quot;warning&quot;&#10;    schema: {&quot;loadingURI&quot;:&quot;#&quot;,&quot;pointer&quot;:&quot;/items/properties/nome&quot;}&#10;    domain: &quot;syntax&quot;&#10;    ignored: [&quot;examples&quot;]&#10;warning: the following keywords are unknown and will be ignored: [examples]&#10;    level: &quot;warning&quot;&#10;    schema: {&quot;loadingURI&quot;:&quot;#&quot;,&quot;pointer&quot;:&quot;/items/properties/parcelas&quot;}&#10;    domain: &quot;syntax&quot;&#10;    ignored: [&quot;examples&quot;]&#10;warning: the following keywords are unknown and will be ignored: [examples]&#10;    level: &quot;warning&quot;&#10;    schema: {&quot;loadingURI&quot;:&quot;#&quot;,&quot;pointer&quot;:&quot;/items/properties/seguro&quot;}&#10;    domain: &quot;syntax&quot;&#10;    ignored: [&quot;examples&quot;]&#10;warning: the following keywords are unknown and will be ignored: [examples]&#10;    level: &quot;warning&quot;&#10;    schema: {&quot;loadingURI&quot;:&quot;#&quot;,&quot;pointer&quot;:&quot;/items/properties/valor&quot;}&#10;    domain: &quot;syntax&quot;&#10;    ignored: [&quot;examples&quot;]&#10;warning: the following keywords are unknown and will be ignored: [examples]&#10;    level: &quot;warning&quot;&#10;    schema: {&quot;loadingURI&quot;:&quot;#&quot;,&quot;pointer&quot;:&quot;/items&quot;}&#10;    domain: &quot;syntax&quot;&#10;    ignored: [&quot;examples&quot;]&#10;warning: the following keywords are unknown and will be ignored: [examples]&#10;    level: &quot;warning&quot;&#10;    schema: {&quot;loadingURI&quot;:&quot;#&quot;,&quot;pointer&quot;:&quot;/items/properties/cpf&quot;}&#10;    domain: &quot;syntax&quot;&#10;    ignored: [&quot;examples&quot;]&#10;warning: the following keywords are unknown and will be ignored: [examples]&#10;    level: &quot;warning&quot;&#10;    schema: {&quot;loadingURI&quot;:&quot;#&quot;,&quot;pointer&quot;:&quot;/items/properties/email&quot;}&#10;    domain: &quot;syntax&quot;&#10;    ignored: [&quot;examples&quot;]&#10;warning: the following keywords are unknown and will be ignored: [examples]&#10;    level: &quot;warning&quot;&#10;    schema: {&quot;loadingURI&quot;:&quot;#&quot;,&quot;pointer&quot;:&quot;/items/properties/id&quot;}&#10;    domain: &quot;syntax&quot;&#10;    ignored: [&quot;examples&quot;]&#10;warning: the following keywords are unknown and will be ignored: [examples]&#10;    level: &quot;warning&quot;&#10;    schema: {&quot;loadingURI&quot;:&quot;#&quot;,&quot;pointer&quot;:&quot;/items/properties/nome&quot;}&#10;    domain: &quot;syntax&quot;&#10;    ignored: [&quot;examples&quot;]&#10;warning: the following keywords are unknown and will be ignored: [examples]&#10;    level: &quot;warning&quot;&#10;    schema: {&quot;loadingURI&quot;:&quot;#&quot;,&quot;pointer&quot;:&quot;/items/properties/parcelas&quot;}&#10;    domain: &quot;syntax&quot;&#10;    ignored: [&quot;examples&quot;]&#10;warning: the following keywords are unknown and will be ignored: [examples]&#10;    level: &quot;warning&quot;&#10;    schema: {&quot;loadingURI&quot;:&quot;#&quot;,&quot;pointer&quot;:&quot;/items/properties/seguro&quot;}&#10;    domain: &quot;syntax&quot;&#10;    ignored: [&quot;examples&quot;]&#10;warning: the following keywords are unknown and will be ignored: [examples]&#10;    level: &quot;warning&quot;&#10;    schema: {&quot;loadingURI&quot;:&quot;#&quot;,&quot;pointer&quot;:&quot;/items/properties/valor&quot;}&#10;    domain: &quot;syntax&quot;&#10;    ignored: [&quot;examples&quot;]&#10;warning: the following keywords are unknown and will be ignored: [examples]&#10;    level: &quot;warning&quot;&#10;    schema: {&quot;loadingURI&quot;:&quot;#&quot;,&quot;pointer&quot;:&quot;/items&quot;}&#10;    domain: &quot;syntax&quot;&#10;    ignored: [&quot;examples&quot;]&#10;warning: the following keywords are unknown and will be ignored: [examples]&#10;    level: &quot;warning&quot;&#10;    schema: {&quot;loadingURI&quot;:&quot;#&quot;,&quot;pointer&quot;:&quot;/items/properties/cpf&quot;}&#10;    domain: &quot;syntax&quot;&#10;    ignored: [&quot;examples&quot;]&#10;warning: the following keywords are unknown and will be ignored: [examples]&#10;    level: &quot;warning&quot;&#10;    schema: {&quot;loadingURI&quot;:&quot;#&quot;,&quot;pointer&quot;:&quot;/items/properties/email&quot;}&#10;    domain: &quot;syntax&quot;&#10;    ignored: [&quot;examples&quot;]&#10;warning: the following keywords are unknown and will be ignored: [examples]&#10;    level: &quot;warning&quot;&#10;    schema: {&quot;loadingURI&quot;:&quot;#&quot;,&quot;pointer&quot;:&quot;/items/properties/id&quot;}&#10;    domain: &quot;syntax&quot;&#10;    ignored: [&quot;examples&quot;]&#10;warning: the following keywords are unknown and will be ignored: [examples]&#10;    level: &quot;warning&quot;&#10;    schema: {&quot;loadingURI&quot;:&quot;#&quot;,&quot;pointer&quot;:&quot;/items/properties/nome&quot;}&#10;    domain: &quot;syntax&quot;&#10;    ignored: [&quot;examples&quot;]&#10;warning: the following keywords are unknown and will be ignored: [examples]&#10;    level: &quot;warning&quot;&#10;    schema: {&quot;loadingURI&quot;:&quot;#&quot;,&quot;pointer&quot;:&quot;/items/properties/parcelas&quot;}&#10;    domain: &quot;syntax&quot;&#10;    ignored: [&quot;examples&quot;]&#10;warning: the following keywords are unknown and will be ignored: [examples]&#10;    level: &quot;warning&quot;&#10;    schema: {&quot;loadingURI&quot;:&quot;#&quot;,&quot;pointer&quot;:&quot;/items/properties/seguro&quot;}&#10;    domain: &quot;syntax&quot;&#10;    ignored: [&quot;examples&quot;]&#10;warning: the following keywords are unknown and will be ignored: [examples]&#10;    level: &quot;warning&quot;&#10;    schema: {&quot;loadingURI&quot;:&quot;#&quot;,&quot;pointer&quot;:&quot;/items/properties/valor&quot;}&#10;    domain: &quot;syntax&quot;&#10;    ignored: [&quot;examples&quot;]&#10;warning: the following keywords are unknown and will be ignored: [examples]&#10;    level: &quot;warning&quot;&#10;    schema: {&quot;loadingURI&quot;:&quot;#&quot;,&quot;pointer&quot;:&quot;/items&quot;}&#10;    domain: &quot;syntax&quot;&#10;    ignored: [&quot;examples&quot;]&#10;warning: the following keywords are unknown and will be ignored: [examples]&#10;    level: &quot;warning&quot;&#10;    schema: {&quot;loadingURI&quot;:&quot;#&quot;,&quot;pointer&quot;:&quot;/items/properties/cpf&quot;}&#10;    domain: &quot;syntax&quot;&#10;    ignored: [&quot;examples&quot;]&#10;warning: the following keywords are unknown and will be ignored: [examples]&#10;    level: &quot;warning&quot;&#10;    schema: {&quot;loadingURI&quot;:&quot;#&quot;,&quot;pointer&quot;:&quot;/items/properties/email&quot;}&#10;    domain: &quot;syntax&quot;&#10;    ignored: [&quot;examples&quot;]&#10;warning: the following keywords are unknown and will be ignored: [examples]&#10;    level: &quot;warning&quot;&#10;    schema: {&quot;loadingURI&quot;:&quot;#&quot;,&quot;pointer&quot;:&quot;/items/properties/id&quot;}&#10;    domain: &quot;syntax&quot;&#10;    ignored: [&quot;examples&quot;]&#10;warning: the following keywords are unknown and will be ignored: [examples]&#10;    level: &quot;warning&quot;&#10;    schema: {&quot;loadingURI&quot;:&quot;#&quot;,&quot;pointer&quot;:&quot;/items/properties/nome&quot;}&#10;    domain: &quot;syntax&quot;&#10;    ignored: [&quot;examples&quot;]&#10;warning: the following keywords are unknown and will be ignored: [examples]&#10;    level: &quot;warning&quot;&#10;    schema: {&quot;loadingURI&quot;:&quot;#&quot;,&quot;pointer&quot;:&quot;/items/properties/parcelas&quot;}&#10;    domain: &quot;syntax&quot;&#10;    ignored: [&quot;examples&quot;]&#10;warning: the following keywords are unknown and will be ignored: [examples]&#10;    level: &quot;warning&quot;&#10;    schema: {&quot;loadingURI&quot;:&quot;#&quot;,&quot;pointer&quot;:&quot;/items/properties/seguro&quot;}&#10;    domain: &quot;syntax&quot;&#10;    ignored: [&quot;examples&quot;]&#10;warning: the following keywords are unknown and will be ignored: [examples]&#10;    level: &quot;warning&quot;&#10;    schema: {&quot;loadingURI&quot;:&quot;#&quot;,&quot;pointer&quot;:&quot;/items/properties/valor&quot;}&#10;    domain: &quot;syntax&quot;&#10;    ignored: [&quot;examples&quot;]&#10;warning: the following keywords are unknown and will be ignored: [examples]&#10;    level: &quot;warning&quot;&#10;    schema: {&quot;loadingURI&quot;:&quot;#&quot;,&quot;pointer&quot;:&quot;/items&quot;}&#10;    domain: &quot;syntax&quot;&#10;    ignored: [&quot;examples&quot;]&#10;warning: the following keywords are unknown and will be ignored: [examples]&#10;    level: &quot;warning&quot;&#10;    schema: {&quot;loadingURI&quot;:&quot;#&quot;,&quot;pointer&quot;:&quot;/items/properties/cpf&quot;}&#10;    domain: &quot;syntax&quot;&#10;    ignored: [&quot;examples&quot;]&#10;warning: the following keywords are unknown and will be ignored: [examples]&#10;    level: &quot;warning&quot;&#10;    schema: {&quot;loadingURI&quot;:&quot;#&quot;,&quot;pointer&quot;:&quot;/items/properties/email&quot;}&#10;    domain: &quot;syntax&quot;&#10;    ignored: [&quot;examples&quot;]&#10;warning: the following keywords are unknown and will be ignored: [examples]&#10;    level: &quot;warning&quot;&#10;    schema: {&quot;loadingURI&quot;:&quot;#&quot;,&quot;pointer&quot;:&quot;/items/properties/id&quot;}&#10;    domain: &quot;syntax&quot;&#10;    ignored: [&quot;examples&quot;]&#10;warning: the following keywords are unknown and will be ignored: [examples]&#10;    level: &quot;warning&quot;&#10;    schema: {&quot;loadingURI&quot;:&quot;#&quot;,&quot;pointer&quot;:&quot;/items/properties/nome&quot;}&#10;    domain: &quot;syntax&quot;&#10;    ignored: [&quot;examples&quot;]&#10;warning: the following keywords are unknown and will be ignored: [examples]&#10;    level: &quot;warning&quot;&#10;    schema: {&quot;loadingURI&quot;:&quot;#&quot;,&quot;pointer&quot;:&quot;/items/properties/parcelas&quot;}&#10;    domain: &quot;syntax&quot;&#10;    ignored: [&quot;examples&quot;]&#10;warning: the following keywords are unknown and will be ignored: [examples]&#10;    level: &quot;warning&quot;&#10;    schema: {&quot;loadingURI&quot;:&quot;#&quot;,&quot;pointer&quot;:&quot;/items/properties/seguro&quot;}&#10;    domain: &quot;syntax&quot;&#10;    ignored: [&quot;examples&quot;]&#10;warning: the following keywords are unknown and will be ignored: [examples]&#10;    level: &quot;warning&quot;&#10;    schema: {&quot;loadingURI&quot;:&quot;#&quot;,&quot;pointer&quot;:&quot;/items/properties/valor&quot;}&#10;    domain: &quot;syntax&quot;&#10;    ignored: [&quot;examples&quot;]&#10;warning: the following keywords are unknown and will be ignored: [examples]&#10;    level: &quot;warning&quot;&#10;    schema: {&quot;loadingURI&quot;:&quot;#&quot;,&quot;pointer&quot;:&quot;/items&quot;}&#10;    domain: &quot;syntax&quot;&#10;    ignored: [&quot;examples&quot;]&#10;warning: the following keywords are unknown and will be ignored: [examples]&#10;    level: &quot;warning&quot;&#10;    schema: {&quot;loadingURI&quot;:&quot;#&quot;,&quot;pointer&quot;:&quot;/items/properties/cpf&quot;}&#10;    domain: &quot;syntax&quot;&#10;    ignored: [&quot;examples&quot;]&#10;warning: the following keywords are unknown and will be ignored: [examples]&#10;    level: &quot;warning&quot;&#10;    schema: {&quot;loadingURI&quot;:&quot;#&quot;,&quot;pointer&quot;:&quot;/items/properties/email&quot;}&#10;    domain: &quot;syntax&quot;&#10;    ignored: [&quot;examples&quot;]&#10;warning: the following keywords are unknown and will be ignored: [examples]&#10;    level: &quot;warning&quot;&#10;    schema: {&quot;loadingURI&quot;:&quot;#&quot;,&quot;pointer&quot;:&quot;/items/properties/id&quot;}&#10;    domain: &quot;syntax&quot;&#10;    ignored: [&quot;examples&quot;]&#10;warning: the following keywords are unknown and will be ignored: [examples]&#10;    level: &quot;warning&quot;&#10;    schema: {&quot;loadingURI&quot;:&quot;#&quot;,&quot;pointer&quot;:&quot;/items/properties/nome&quot;}&#10;    domain: &quot;syntax&quot;&#10;    ignored: [&quot;examples&quot;]&#10;warning: the following keywords are unknown and will be ignored: [examples]&#10;    level: &quot;warning&quot;&#10;    schema: {&quot;loadingURI&quot;:&quot;#&quot;,&quot;pointer&quot;:&quot;/items/properties/parcelas&quot;}&#10;    domain: &quot;syntax&quot;&#10;    ignored: [&quot;examples&quot;]&#10;warning: the following keywords are unknown and will be ignored: [examples]&#10;    level: &quot;warning&quot;&#10;    schema: {&quot;loadingURI&quot;:&quot;#&quot;,&quot;pointer&quot;:&quot;/items/properties/seguro&quot;}&#10;    domain: &quot;syntax&quot;&#10;    ignored: [&quot;examples&quot;]&#10;warning: the following keywords are unknown and will be ignored: [examples]&#10;    level: &quot;warning&quot;&#10;    schema: {&quot;loadingURI&quot;:&quot;#&quot;,&quot;pointer&quot;:&quot;/items/properties/valor&quot;}&#10;    domain: &quot;syntax&quot;&#10;    ignored: [&quot;examples&quot;]&#10;warning: the following keywords are unknown and will be ignored: [examples]&#10;    level: &quot;warning&quot;&#10;    schema: {&quot;loadingURI&quot;:&quot;#&quot;,&quot;pointer&quot;:&quot;/items&quot;}&#10;    domain: &quot;syntax&quot;&#10;    ignored: [&quot;examples&quot;]&#10;warning: the following keywords are unknown and will be ignored: [examples]&#10;    level: &quot;warning&quot;&#10;    schema: {&quot;loadingURI&quot;:&quot;#&quot;,&quot;pointer&quot;:&quot;/items/properties/cpf&quot;}&#10;    domain: &quot;syntax&quot;&#10;    ignored: [&quot;examples&quot;]&#10;warning: the following keywords are unknown and will be ignored: [examples]&#10;    level: &quot;warning&quot;&#10;    schema: {&quot;loadingURI&quot;:&quot;#&quot;,&quot;pointer&quot;:&quot;/items/properties/email&quot;}&#10;    domain: &quot;syntax&quot;&#10;    ignored: [&quot;examples&quot;]&#10;warning: the following keywords are unknown and will be ignored: [examples]&#10;    level: &quot;warning&quot;&#10;    schema: {&quot;loadingURI&quot;:&quot;#&quot;,&quot;pointer&quot;:&quot;/items/properties/id&quot;}&#10;    domain: &quot;syntax&quot;&#10;    ignored: [&quot;examples&quot;]&#10;warning: the following keywords are unknown and will be ignored: [examples]&#10;    level: &quot;warning&quot;&#10;    schema: {&quot;loadingURI&quot;:&quot;#&quot;,&quot;pointer&quot;:&quot;/items/properties/nome&quot;}&#10;    domain: &quot;syntax&quot;&#10;    ignored: [&quot;examples&quot;]&#10;warning: the following keywords are unknown and will be ignored: [examples]&#10;    level: &quot;warning&quot;&#10;    schema: {&quot;loadingURI&quot;:&quot;#&quot;,&quot;pointer&quot;:&quot;/items/properties/parcelas&quot;}&#10;    domain: &quot;syntax&quot;&#10;    ignored: [&quot;examples&quot;]&#10;warning: the following keywords are unknown and will be ignored: [examples]&#10;    level: &quot;warning&quot;&#10;    schema: {&quot;loadingURI&quot;:&quot;#&quot;,&quot;pointer&quot;:&quot;/items/properties/seguro&quot;}&#10;    domain: &quot;syntax&quot;&#10;    ignored: [&quot;examples&quot;]&#10;warning: the following keywords are unknown and will be ignored: [examples]&#10;    level: &quot;warning&quot;&#10;    schema: {&quot;loadingURI&quot;:&quot;#&quot;,&quot;pointer&quot;:&quot;/items/properties/valor&quot;}&#10;    domain: &quot;syntax&quot;&#10;    ignored: [&quot;examples&quot;]&#10;warning: the following keywords are unknown and will be ignored: [examples]&#10;    level: &quot;warning&quot;&#10;    schema: {&quot;loadingURI&quot;:&quot;#&quot;,&quot;pointer&quot;:&quot;/items&quot;}&#10;    domain: &quot;syntax&quot;&#10;    ignored: [&quot;examples&quot;]&#10;warning: the following keywords are unknown and will be ignored: [examples]&#10;    level: &quot;warning&quot;&#10;    schema: {&quot;loadingURI&quot;:&quot;#&quot;,&quot;pointer&quot;:&quot;/items/properties/cpf&quot;}&#10;    domain: &quot;syntax&quot;&#10;    ignored: [&quot;examples&quot;]&#10;warning: the following keywords are unknown and will be ignored: [examples]&#10;    level: &quot;warning&quot;&#10;    schema: {&quot;loadingURI&quot;:&quot;#&quot;,&quot;pointer&quot;:&quot;/items/properties/email&quot;}&#10;    domain: &quot;syntax&quot;&#10;    ignored: [&quot;examples&quot;]&#10;warning: the following keywords are unknown and will be ignored: [examples]&#10;    level: &quot;warning&quot;&#10;    schema: {&quot;loadingURI&quot;:&quot;#&quot;,&quot;pointer&quot;:&quot;/items/properties/id&quot;}&#10;    domain: &quot;syntax&quot;&#10;    ignored: [&quot;examples&quot;]&#10;warning: the following keywords are unknown and will be ignored: [examples]&#10;    level: &quot;warning&quot;&#10;    schema: {&quot;loadingURI&quot;:&quot;#&quot;,&quot;pointer&quot;:&quot;/items/properties/nome&quot;}&#10;    domain: &quot;syntax&quot;&#10;    ignored: [&quot;examples&quot;]&#10;warning: the following keywords are unknown and will be ignored: [examples]&#10;    level: &quot;warning&quot;&#10;    schema: {&quot;loadingURI&quot;:&quot;#&quot;,&quot;pointer&quot;:&quot;/items/properties/parcelas&quot;}&#10;    domain: &quot;syntax&quot;&#10;    ignored: [&quot;examples&quot;]&#10;warning: the following keywords are unknown and will be ignored: [examples]&#10;    level: &quot;warning&quot;&#10;    schema: {&quot;loadingURI&quot;:&quot;#&quot;,&quot;pointer&quot;:&quot;/items/properties/seguro&quot;}&#10;    domain: &quot;syntax&quot;&#10;    ignored: [&quot;examples&quot;]&#10;warning: the following keywords are unknown and will be ignored: [examples]&#10;    level: &quot;warning&quot;&#10;    schema: {&quot;loadingURI&quot;:&quot;#&quot;,&quot;pointer&quot;:&quot;/items/properties/valor&quot;}&#10;    domain: &quot;syntax&quot;&#10;    ignored: [&quot;examples&quot;]&#10;warning: the following keywords are unknown and will be ignored: [examples]&#10;    level: &quot;warning&quot;&#10;    schema: {&quot;loadingURI&quot;:&quot;#&quot;,&quot;pointer&quot;:&quot;/items&quot;}&#10;    domain: &quot;syntax&quot;&#10;    ignored: [&quot;examples&quot;]&#10;warning: the following keywords are unknown and will be ignored: [examples]&#10;    level: &quot;warning&quot;&#10;    schema: {&quot;loadingURI&quot;:&quot;#&quot;,&quot;pointer&quot;:&quot;/items/properties/cpf&quot;}&#10;    domain: &quot;syntax&quot;&#10;    ignored: [&quot;examples&quot;]&#10;warning: the following keywords are unknown and will be ignored: [examples]&#10;    level: &quot;warning&quot;&#10;    schema: {&quot;loadingURI&quot;:&quot;#&quot;,&quot;pointer&quot;:&quot;/items/properties/email&quot;}&#10;    domain: &quot;syntax&quot;&#10;    ignored: [&quot;examples&quot;]&#10;warning: the following keywords are unknown and will be ignored: [examples]&#10;    level: &quot;warning&quot;&#10;    schema: {&quot;loadingURI&quot;:&quot;#&quot;,&quot;pointer&quot;:&quot;/items/properties/id&quot;}&#10;    domain: &quot;syntax&quot;&#10;    ignored: [&quot;examples&quot;]&#10;warning: the following keywords are unknown and will be ignored: [examples]&#10;    level: &quot;warning&quot;&#10;    schema: {&quot;loadingURI&quot;:&quot;#&quot;,&quot;pointer&quot;:&quot;/items/properties/nome&quot;}&#10;    domain: &quot;syntax&quot;&#10;    ignored: [&quot;examples&quot;]&#10;warning: the following keywords are unknown and will be ignored: [examples]&#10;    level: &quot;warning&quot;&#10;    schema: {&quot;loadingURI&quot;:&quot;#&quot;,&quot;pointer&quot;:&quot;/items/properties/parcelas&quot;}&#10;    domain: &quot;syntax&quot;&#10;    ignored: [&quot;examples&quot;]&#10;warning: the following keywords are unknown and will be ignored: [examples]&#10;    level: &quot;warning&quot;&#10;    schema: {&quot;loadingURI&quot;:&quot;#&quot;,&quot;pointer&quot;:&quot;/items/properties/seguro&quot;}&#10;    domain: &quot;syntax&quot;&#10;    ignored: [&quot;examples&quot;]&#10;warning: the following keywords are unknown and will be ignored: [examples]&#10;    level: &quot;warning&quot;&#10;    schema: {&quot;loadingURI&quot;:&quot;#&quot;,&quot;pointer&quot;:&quot;/items/properties/valor&quot;}&#10;    domain: &quot;syntax&quot;&#10;    ignored: [&quot;examples&quot;]&#10;warning: the following keywords are unknown and will be ignored: [examples]&#10;    level: &quot;warning&quot;&#10;    schema: {&quot;loadingURI&quot;:&quot;#&quot;,&quot;pointer&quot;:&quot;/items&quot;}&#10;    domain: &quot;syntax&quot;&#10;    ignored: [&quot;examples&quot;]&#10;warning: the following keywords are unknown and will be ignored: [examples]&#10;    level: &quot;warning&quot;&#10;    schema: {&quot;loadingURI&quot;:&quot;#&quot;,&quot;pointer&quot;:&quot;/items/properties/cpf&quot;}&#10;    domain: &quot;syntax&quot;&#10;    ignored: [&quot;examples&quot;]&#10;warning: the following keywords are unknown and will be ignored: [examples]&#10;    level: &quot;warning&quot;&#10;    schema: {&quot;loadingURI&quot;:&quot;#&quot;,&quot;pointer&quot;:&quot;/items/properties/email&quot;}&#10;    domain: &quot;syntax&quot;&#10;    ignored: [&quot;examples&quot;]&#10;warning: the following keywords are unknown and will be ignored: [examples]&#10;    level: &quot;warning&quot;&#10;    schema: {&quot;loadingURI&quot;:&quot;#&quot;,&quot;pointer&quot;:&quot;/items/properties/id&quot;}&#10;    domain: &quot;syntax&quot;&#10;    ignored: [&quot;examples&quot;]&#10;warning: the following keywords are unknown and will be ignored: [examples]&#10;    level: &quot;warning&quot;&#10;    schema: {&quot;loadingURI&quot;:&quot;#&quot;,&quot;pointer&quot;:&quot;/items/properties/nome&quot;}&#10;    domain: &quot;syntax&quot;&#10;    ignored: [&quot;examples&quot;]&#10;warning: the following keywords are unknown and will be ignored: [examples]&#10;    level: &quot;warning&quot;&#10;    schema: {&quot;loadingURI&quot;:&quot;#&quot;,&quot;pointer&quot;:&quot;/items/properties/parcelas&quot;}&#10;    domain: &quot;syntax&quot;&#10;    ignored: [&quot;examples&quot;]&#10;warning: the following keywords are unknown and will be ignored: [examples]&#10;    level: &quot;warning&quot;&#10;    schema: {&quot;loadingURI&quot;:&quot;#&quot;,&quot;pointer&quot;:&quot;/items/properties/seguro&quot;}&#10;    domain: &quot;syntax&quot;&#10;    ignored: [&quot;examples&quot;]&#10;warning: the following keywords are unknown and will be ignored: [examples]&#10;    level: &quot;warning&quot;&#10;    schema: {&quot;loadingURI&quot;:&quot;#&quot;,&quot;pointer&quot;:&quot;/items/properties/valor&quot;}&#10;    domain: &quot;syntax&quot;&#10;    ignored: [&quot;examples&quot;]&#10;warning: the following keywords are unknown and will be ignored: [examples]&#10;    level: &quot;warning&quot;&#10;    schema: {&quot;loadingURI&quot;:&quot;#&quot;,&quot;pointer&quot;:&quot;/items&quot;}&#10;    domain: &quot;syntax&quot;&#10;    ignored: [&quot;examples&quot;]&#10;warning: the following keywords are unknown and will be ignored: [examples]&#10;    level: &quot;warning&quot;&#10;    schema: {&quot;loadingURI&quot;:&quot;#&quot;,&quot;pointer&quot;:&quot;/items/properties/cpf&quot;}&#10;    domain: &quot;syntax&quot;&#10;    ignored: [&quot;examples&quot;]&#10;warning: the following keywords are unknown and will be ignored: [examples]&#10;    level: &quot;warning&quot;&#10;    schema: {&quot;loadingURI&quot;:&quot;#&quot;,&quot;pointer&quot;:&quot;/items/properties/email&quot;}&#10;    domain: &quot;syntax&quot;&#10;    ignored: [&quot;examples&quot;]&#10;warning: the following keywords are unknown and will be ignored: [examples]&#10;    level: &quot;warning&quot;&#10;    schema: {&quot;loadingURI&quot;:&quot;#&quot;,&quot;pointer&quot;:&quot;/items/properties/id&quot;}&#10;    domain: &quot;syntax&quot;&#10;    ignored: [&quot;examples&quot;]&#10;warning: the following keywords are unknown and will be ignored: [examples]&#10;    level: &quot;warning&quot;&#10;    schema: {&quot;loadingURI&quot;:&quot;#&quot;,&quot;pointer&quot;:&quot;/items/properties/nome&quot;}&#10;    domain: &quot;syntax&quot;&#10;    ignored: [&quot;examples&quot;]&#10;warning: the following keywords are unknown and will be ignored: [examples]&#10;    level: &quot;warning&quot;&#10;    schema: {&quot;loadingURI&quot;:&quot;#&quot;,&quot;pointer&quot;:&quot;/items/properties/parcelas&quot;}&#10;    domain: &quot;syntax&quot;&#10;    ignored: [&quot;examples&quot;]&#10;warning: the following keywords are unknown and will be ignored: [examples]&#10;    level: &quot;warning&quot;&#10;    schema: {&quot;loadingURI&quot;:&quot;#&quot;,&quot;pointer&quot;:&quot;/items/properties/seguro&quot;}&#10;    domain: &quot;syntax&quot;&#10;    ignored: [&quot;examples&quot;]&#10;warning: the following keywords are unknown and will be ignored: [examples]&#10;    level: &quot;warning&quot;&#10;    schema: {&quot;loadingURI&quot;:&quot;#&quot;,&quot;pointer&quot;:&quot;/items/properties/valor&quot;}&#10;    domain: &quot;syntax&quot;&#10;    ignored: [&quot;examples&quot;]&#10;warning: the following keywords are unknown and will be ignored: [examples]&#10;    level: &quot;warning&quot;&#10;    schema: {&quot;loadingURI&quot;:&quot;#&quot;,&quot;pointer&quot;:&quot;/items&quot;}&#10;    domain: &quot;syntax&quot;&#10;    ignored: [&quot;examples&quot;]&#10;warning: the following keywords are unknown and will be ignored: [examples]&#10;    level: &quot;warning&quot;&#10;    schema: {&quot;loadingURI&quot;:&quot;#&quot;,&quot;pointer&quot;:&quot;/items/properties/cpf&quot;}&#10;    domain: &quot;syntax&quot;&#10;    ignored: [&quot;examples&quot;]&#10;warning: the following keywords are unknown and will be ignored: [examples]&#10;    level: &quot;warning&quot;&#10;    schema: {&quot;loadingURI&quot;:&quot;#&quot;,&quot;pointer&quot;:&quot;/items/properties/email&quot;}&#10;    domain: &quot;syntax&quot;&#10;    ignored: [&quot;examples&quot;]&#10;warning: the following keywords are unknown and will be ignored: [examples]&#10;    level: &quot;warning&quot;&#10;    schema: {&quot;loadingURI&quot;:&quot;#&quot;,&quot;pointer&quot;:&quot;/items/properties/id&quot;}&#10;    domain: &quot;syntax&quot;&#10;    ignored: [&quot;examples&quot;]&#10;warning: the following keywords are unknown and will be ignored: [examples]&#10;    level: &quot;warning&quot;&#10;    schema: {&quot;loadingURI&quot;:&quot;#&quot;,&quot;pointer&quot;:&quot;/items/properties/nome&quot;}&#10;    domain: &quot;syntax&quot;&#10;    ignored: [&quot;examples&quot;]&#10;warning: the following keywords are unknown and will be ignored: [examples]&#10;    level: &quot;warning&quot;&#10;    schema: {&quot;loadingURI&quot;:&quot;#&quot;,&quot;pointer&quot;:&quot;/items/properties/parcelas&quot;}&#10;    domain: &quot;syntax&quot;&#10;    ignored: [&quot;examples&quot;]&#10;warning: the following keywords are unknown and will be ignored: [examples]&#10;    level: &quot;warning&quot;&#10;    schema: {&quot;loadingURI&quot;:&quot;#&quot;,&quot;pointer&quot;:&quot;/items/properties/seguro&quot;}&#10;    domain: &quot;syntax&quot;&#10;    ignored: [&quot;examples&quot;]&#10;warning: the following keywords are unknown and will be ignored: [examples]&#10;    level: &quot;warning&quot;&#10;    schema: {&quot;loadingURI&quot;:&quot;#&quot;,&quot;pointer&quot;:&quot;/items/properties/valor&quot;}&#10;    domain: &quot;syntax&quot;&#10;    ignored: [&quot;examples&quot;]&#10;warning: the following keywords are unknown and will be ignored: [examples]&#10;    level: &quot;warning&quot;&#10;    schema: {&quot;loadingURI&quot;:&quot;#&quot;,&quot;pointer&quot;:&quot;/items&quot;}&#10;    domain: &quot;syntax&quot;&#10;    ignored: [&quot;examples&quot;]&#10;warning: the following keywords are unknown and will be ignored: [examples]&#10;    level: &quot;warning&quot;&#10;    schema: {&quot;loadingURI&quot;:&quot;#&quot;,&quot;pointer&quot;:&quot;/items/properties/cpf&quot;}&#10;    domain: &quot;syntax&quot;&#10;    ignored: [&quot;examples&quot;]&#10;warning: the following keywords are unknown and will be ignored: [examples]&#10;    level: &quot;warning&quot;&#10;    schema: {&quot;loadingURI&quot;:&quot;#&quot;,&quot;pointer&quot;:&quot;/items/properties/email&quot;}&#10;    domain: &quot;syntax&quot;&#10;    ignored: [&quot;examples&quot;]&#10;warning: the following keywords are unknown and will be ignored: [examples]&#10;    level: &quot;warning&quot;&#10;    schema: {&quot;loadingURI&quot;:&quot;#&quot;,&quot;pointer&quot;:&quot;/items/properties/id&quot;}&#10;    domain: &quot;syntax&quot;&#10;    ignored: [&quot;examples&quot;]&#10;warning: the following keywords are unknown and will be ignored: [examples]&#10;    level: &quot;warning&quot;&#10;    schema: {&quot;loadingURI&quot;:&quot;#&quot;,&quot;pointer&quot;:&quot;/items/properties/nome&quot;}&#10;    domain: &quot;syntax&quot;&#10;    ignored: [&quot;examples&quot;]&#10;warning: the following keywords are unknown and will be ignored: [examples]&#10;    level: &quot;warning&quot;&#10;    schema: {&quot;loadingURI&quot;:&quot;#&quot;,&quot;pointer&quot;:&quot;/items/properties/parcelas&quot;}&#10;    domain: &quot;syntax&quot;&#10;    ignored: [&quot;examples&quot;]&#10;warning: the following keywords are unknown and will be ignored: [examples]&#10;    level: &quot;warning&quot;&#10;    schema: {&quot;loadingURI&quot;:&quot;#&quot;,&quot;pointer&quot;:&quot;/items/properties/seguro&quot;}&#10;    domain: &quot;syntax&quot;&#10;    ignored: [&quot;examples&quot;]&#10;warning: the following keywords are unknown and will be ignored: [examples]&#10;    level: &quot;warning&quot;&#10;    schema: {&quot;loadingURI&quot;:&quot;#&quot;,&quot;pointer&quot;:&quot;/items/properties/valor&quot;}&#10;    domain: &quot;syntax&quot;&#10;    ignored: [&quot;examples&quot;]&#10;warning: the following keywords are unknown and will be ignored: [examples]&#10;    level: &quot;warning&quot;&#10;    schema: {&quot;loadingURI&quot;:&quot;#&quot;,&quot;pointer&quot;:&quot;/items&quot;}&#10;    domain: &quot;syntax&quot;&#10;    ignored: [&quot;examples&quot;]&#10;warning: the following keywords are unknown and will be ignored: [examples]&#10;    level: &quot;warning&quot;&#10;    schema: {&quot;loadingURI&quot;:&quot;#&quot;,&quot;pointer&quot;:&quot;/items/properties/cpf&quot;}&#10;    domain: &quot;syntax&quot;&#10;    ignored: [&quot;examples&quot;]&#10;warning: the following keywords are unknown and will be ignored: [examples]&#10;    level: &quot;warning&quot;&#10;    schema: {&quot;loadingURI&quot;:&quot;#&quot;,&quot;pointer&quot;:&quot;/items/properties/email&quot;}&#10;    domain: &quot;syntax&quot;&#10;    ignored: [&quot;examples&quot;]&#10;warning: the following keywords are unknown and will be ignored: [examples]&#10;    level: &quot;warning&quot;&#10;    schema: {&quot;loadingURI&quot;:&quot;#&quot;,&quot;pointer&quot;:&quot;/items/properties/id&quot;}&#10;    domain: &quot;syntax&quot;&#10;    ignored: [&quot;examples&quot;]&#10;warning: the following keywords are unknown and will be ignored: [examples]&#10;    level: &quot;warning&quot;&#10;    schema: {&quot;loadingURI&quot;:&quot;#&quot;,&quot;pointer&quot;:&quot;/items/properties/nome&quot;}&#10;    domain: &quot;syntax&quot;&#10;    ignored: [&quot;examples&quot;]&#10;warning: the following keywords are unknown and will be ignored: [examples]&#10;    level: &quot;warning&quot;&#10;    schema: {&quot;loadingURI&quot;:&quot;#&quot;,&quot;pointer&quot;:&quot;/items/properties/parcelas&quot;}&#10;    domain: &quot;syntax&quot;&#10;    ignored: [&quot;examples&quot;]&#10;warning: the following keywords are unknown and will be ignored: [examples]&#10;    level: &quot;warning&quot;&#10;    schema: {&quot;loadingURI&quot;:&quot;#&quot;,&quot;pointer&quot;:&quot;/items/properties/seguro&quot;}&#10;    domain: &quot;syntax&quot;&#10;    ignored: [&quot;examples&quot;]&#10;warning: the following keywords are unknown and will be ignored: [examples]&#10;    level: &quot;warning&quot;&#10;    schema: {&quot;loadingURI&quot;:&quot;#&quot;,&quot;pointer&quot;:&quot;/items/properties/valor&quot;}&#10;    domain: &quot;syntax&quot;&#10;    ignored: [&quot;examples&quot;]&#10;warning: the following keywords are unknown and will be ignored: [examples]&#10;    level: &quot;warning&quot;&#10;    schema: {&quot;loadingURI&quot;:&quot;#&quot;,&quot;pointer&quot;:&quot;/items&quot;}&#10;    domain: &quot;syntax&quot;&#10;    ignored: [&quot;examples&quot;]&#10;warning: the following keywords are unknown and will be ignored: [examples]&#10;    level: &quot;warning&quot;&#10;    schema: {&quot;loadingURI&quot;:&quot;#&quot;,&quot;pointer&quot;:&quot;/items/properties/cpf&quot;}&#10;    domain: &quot;syntax&quot;&#10;    ignored: [&quot;examples&quot;]&#10;warning: the following keywords are unknown and will be ignored: [examples]&#10;    level: &quot;warning&quot;&#10;    schema: {&quot;loadingURI&quot;:&quot;#&quot;,&quot;pointer&quot;:&quot;/items/properties/email&quot;}&#10;    domain: &quot;syntax&quot;&#10;    ignored: [&quot;examples&quot;]&#10;warning: the following keywords are unknown and will be ignored: [examples]&#10;    level: &quot;warning&quot;&#10;    schema: {&quot;loadingURI&quot;:&quot;#&quot;,&quot;pointer&quot;:&quot;/items/properties/id&quot;}&#10;    domain: &quot;syntax&quot;&#10;    ignored: [&quot;examples&quot;]&#10;warning: the following keywords are unknown and will be ignored: [examples]&#10;    level: &quot;warning&quot;&#10;    schema: {&quot;loadingURI&quot;:&quot;#&quot;,&quot;pointer&quot;:&quot;/items/properties/nome&quot;}&#10;    domain: &quot;syntax&quot;&#10;    ignored: [&quot;examples&quot;]&#10;warning: the following keywords are unknown and will be ignored: [examples]&#10;    level: &quot;warning&quot;&#10;    schema: {&quot;loadingURI&quot;:&quot;#&quot;,&quot;pointer&quot;:&quot;/items/properties/parcelas&quot;}&#10;    domain: &quot;syntax&quot;&#10;    ignored: [&quot;examples&quot;]&#10;warning: the following keywords are unknown and will be ignored: [examples]&#10;    level: &quot;warning&quot;&#10;    schema: {&quot;loadingURI&quot;:&quot;#&quot;,&quot;pointer&quot;:&quot;/items/properties/seguro&quot;}&#10;    domain: &quot;syntax&quot;&#10;    ignored: [&quot;examples&quot;]&#10;warning: the following keywords are unknown and will be ignored: [examples]&#10;    level: &quot;warning&quot;&#10;    schema: {&quot;loadingURI&quot;:&quot;#&quot;,&quot;pointer&quot;:&quot;/items/properties/valor&quot;}&#10;    domain: &quot;syntax&quot;&#10;    ignored: [&quot;examples&quot;]&#10;warning: the following keywords are unknown and will be ignored: [examples]&#10;    level: &quot;warning&quot;&#10;    schema: {&quot;loadingURI&quot;:&quot;#&quot;,&quot;pointer&quot;:&quot;/items&quot;}&#10;    domain: &quot;syntax&quot;&#10;    ignored: [&quot;examples&quot;]&#10;warning: the following keywords are unknown and will be ignored: [examples]&#10;    level: &quot;warning&quot;&#10;    schema: {&quot;loadingURI&quot;:&quot;#&quot;,&quot;pointer&quot;:&quot;/items/properties/cpf&quot;}&#10;    domain: &quot;syntax&quot;&#10;    ignored: [&quot;examples&quot;]&#10;warning: the following keywords are unknown and will be ignored: [examples]&#10;    level: &quot;warning&quot;&#10;    schema: {&quot;loadingURI&quot;:&quot;#&quot;,&quot;pointer&quot;:&quot;/items/properties/email&quot;}&#10;    domain: &quot;syntax&quot;&#10;    ignored: [&quot;examples&quot;]&#10;warning: the following keywords are unknown and will be ignored: [examples]&#10;    level: &quot;warning&quot;&#10;    schema: {&quot;loadingURI&quot;:&quot;#&quot;,&quot;pointer&quot;:&quot;/items/properties/id&quot;}&#10;    domain: &quot;syntax&quot;&#10;    ignored: [&quot;examples&quot;]&#10;warning: the following keywords are unknown and will be ignored: [examples]&#10;    level: &quot;warning&quot;&#10;    schema: {&quot;loadingURI&quot;:&quot;#&quot;,&quot;pointer&quot;:&quot;/items/properties/nome&quot;}&#10;    domain: &quot;syntax&quot;&#10;    ignored: [&quot;examples&quot;]&#10;warning: the following keywords are unknown and will be ignored: [examples]&#10;    level: &quot;warning&quot;&#10;    schema: {&quot;loadingURI&quot;:&quot;#&quot;,&quot;pointer&quot;:&quot;/items/properties/parcelas&quot;}&#10;    domain: &quot;syntax&quot;&#10;    ignored: [&quot;examples&quot;]&#10;warning: the following keywords are unknown and will be ignored: [examples]&#10;    level: &quot;warning&quot;&#10;    schema: {&quot;loadingURI&quot;:&quot;#&quot;,&quot;pointer&quot;:&quot;/items/properties/seguro&quot;}&#10;    domain: &quot;syntax&quot;&#10;    ignored: [&quot;examples&quot;]&#10;warning: the following keywords are unknown and will be ignored: [examples]&#10;    level: &quot;warning&quot;&#10;    schema: {&quot;loadingURI&quot;:&quot;#&quot;,&quot;pointer&quot;:&quot;/items/properties/valor&quot;}&#10;    domain: &quot;syntax&quot;&#10;    ignored: [&quot;examples&quot;]&#10;warning: the following keywords are unknown and will be ignored: [examples]&#10;    level: &quot;warning&quot;&#10;    schema: {&quot;loadingURI&quot;:&quot;#&quot;,&quot;pointer&quot;:&quot;/items&quot;}&#10;    domain: &quot;syntax&quot;&#10;    ignored: [&quot;examples&quot;]&#10;warning: the following keywords are unknown and will be ignored: [examples]&#10;    level: &quot;warning&quot;&#10;    schema: {&quot;loadingURI&quot;:&quot;#&quot;,&quot;pointer&quot;:&quot;/items/properties/cpf&quot;}&#10;    domain: &quot;syntax&quot;&#10;    ignored: [&quot;examples&quot;]&#10;warning: the following keywords are unknown and will be ignored: [examples]&#10;    level: &quot;warning&quot;&#10;    schema: {&quot;loadingURI&quot;:&quot;#&quot;,&quot;pointer&quot;:&quot;/items/properties/email&quot;}&#10;    domain: &quot;syntax&quot;&#10;    ignored: [&quot;examples&quot;]&#10;warning: the following keywords are unknown and will be ignored: [examples]&#10;    level: &quot;warning&quot;&#10;    schema: {&quot;loadingURI&quot;:&quot;#&quot;,&quot;pointer&quot;:&quot;/items/properties/id&quot;}&#10;    domain: &quot;syntax&quot;&#10;    ignored: [&quot;examples&quot;]&#10;warning: the following keywords are unknown and will be ignored: [examples]&#10;    level: &quot;warning&quot;&#10;    schema: {&quot;loadingURI&quot;:&quot;#&quot;,&quot;pointer&quot;:&quot;/items/properties/nome&quot;}&#10;    domain: &quot;syntax&quot;&#10;    ignored: [&quot;examples&quot;]&#10;warning: the following keywords are unknown and will be ignored: [examples]&#10;    level: &quot;warning&quot;&#10;    schema: {&quot;loadingURI&quot;:&quot;#&quot;,&quot;pointer&quot;:&quot;/items/properties/parcelas&quot;}&#10;    domain: &quot;syntax&quot;&#10;    ignored: [&quot;examples&quot;]&#10;warning: the following keywords are unknown and will be ignored: [examples]&#10;    level: &quot;warning&quot;&#10;    schema: {&quot;loadingURI&quot;:&quot;#&quot;,&quot;pointer&quot;:&quot;/items/properties/seguro&quot;}&#10;    domain: &quot;syntax&quot;&#10;    ignored: [&quot;examples&quot;]&#10;warning: the following keywords are unknown and will be ignored: [examples]&#10;    level: &quot;warning&quot;&#10;    schema: {&quot;loadingURI&quot;:&quot;#&quot;,&quot;pointer&quot;:&quot;/items/properties/valor&quot;}&#10;    domain: &quot;syntax&quot;&#10;    ignored: [&quot;examples&quot;]&#10;warning: the following keywords are unknown and will be ignored: [examples]&#10;    level: &quot;warning&quot;&#10;    schema: {&quot;loadingURI&quot;:&quot;#&quot;,&quot;pointer&quot;:&quot;/items&quot;}&#10;    domain: &quot;syntax&quot;&#10;    ignored: [&quot;examples&quot;]&#10;warning: the following keywords are unknown and will be ignored: [examples]&#10;    level: &quot;warning&quot;&#10;    schema: {&quot;loadingURI&quot;:&quot;#&quot;,&quot;pointer&quot;:&quot;/items/properties/cpf&quot;}&#10;    domain: &quot;syntax&quot;&#10;    ignored: [&quot;examples&quot;]&#10;warning: the following keywords are unknown and will be ignored: [examples]&#10;    level: &quot;warning&quot;&#10;    schema: {&quot;loadingURI&quot;:&quot;#&quot;,&quot;pointer&quot;:&quot;/items/properties/email&quot;}&#10;    domain: &quot;syntax&quot;&#10;    ignored: [&quot;examples&quot;]&#10;warning: the following keywords are unknown and will be ignored: [examples]&#10;    level: &quot;warning&quot;&#10;    schema: {&quot;loadingURI&quot;:&quot;#&quot;,&quot;pointer&quot;:&quot;/items/properties/id&quot;}&#10;    domain: &quot;syntax&quot;&#10;    ignored: [&quot;examples&quot;]&#10;warning: the following keywords are unknown and will be ignored: [examples]&#10;    level: &quot;warning&quot;&#10;    schema: {&quot;loadingURI&quot;:&quot;#&quot;,&quot;pointer&quot;:&quot;/items/properties/nome&quot;}&#10;    domain: &quot;syntax&quot;&#10;    ignored: [&quot;examples&quot;]&#10;warning: the following keywords are unknown and will be ignored: [examples]&#10;    level: &quot;warning&quot;&#10;    schema: {&quot;loadingURI&quot;:&quot;#&quot;,&quot;pointer&quot;:&quot;/items/properties/parcelas&quot;}&#10;    domain: &quot;syntax&quot;&#10;    ignored: [&quot;examples&quot;]&#10;warning: the following keywords are unknown and will be ignored: [examples]&#10;    level: &quot;warning&quot;&#10;    schema: {&quot;loadingURI&quot;:&quot;#&quot;,&quot;pointer&quot;:&quot;/items/properties/seguro&quot;}&#10;    domain: &quot;syntax&quot;&#10;    ignored: [&quot;examples&quot;]&#10;warning: the following keywords are unknown and will be ignored: [examples]&#10;    level: &quot;warning&quot;&#10;    schema: {&quot;loadingURI&quot;:&quot;#&quot;,&quot;pointer&quot;:&quot;/items/properties/valor&quot;}&#10;    domain: &quot;syntax&quot;&#10;    ignored: [&quot;examples&quot;]&#10;warning: the following keywords are unknown and will be ignored: [examples]&#10;    level: &quot;warning&quot;&#10;    schema: {&quot;loadingURI&quot;:&quot;#&quot;,&quot;pointer&quot;:&quot;/items&quot;}&#10;    domain: &quot;syntax&quot;&#10;    ignored: [&quot;examples&quot;]&#10;warning: the following keywords are unknown and will be ignored: [examples]&#10;    level: &quot;warning&quot;&#10;    schema: {&quot;loadingURI&quot;:&quot;#&quot;,&quot;pointer&quot;:&quot;/items/properties/cpf&quot;}&#10;    domain: &quot;syntax&quot;&#10;    ignored: [&quot;examples&quot;]&#10;warning: the following keywords are unknown and will be ignored: [examples]&#10;    level: &quot;warning&quot;&#10;    schema: {&quot;loadingURI&quot;:&quot;#&quot;,&quot;pointer&quot;:&quot;/items/properties/email&quot;}&#10;    domain: &quot;syntax&quot;&#10;    ignored: [&quot;examples&quot;]&#10;warning: the following keywords are unknown and will be ignored: [examples]&#10;    level: &quot;warning&quot;&#10;    schema: {&quot;loadingURI&quot;:&quot;#&quot;,&quot;pointer&quot;:&quot;/items/properties/id&quot;}&#10;    domain: &quot;syntax&quot;&#10;    ignored: [&quot;examples&quot;]&#10;warning: the following keywords are unknown and will be ignored: [examples]&#10;    level: &quot;warning&quot;&#10;    schema: {&quot;loadingURI&quot;:&quot;#&quot;,&quot;pointer&quot;:&quot;/items/properties/nome&quot;}&#10;    domain: &quot;syntax&quot;&#10;    ignored: [&quot;examples&quot;]&#10;warning: the following keywords are unknown and will be ignored: [examples]&#10;    level: &quot;warning&quot;&#10;    schema: {&quot;loadingURI&quot;:&quot;#&quot;,&quot;pointer&quot;:&quot;/items/properties/parcelas&quot;}&#10;    domain: &quot;syntax&quot;&#10;    ignored: [&quot;examples&quot;]&#10;warning: the following keywords are unknown and will be ignored: [examples]&#10;    level: &quot;warning&quot;&#10;    schema: {&quot;loadingURI&quot;:&quot;#&quot;,&quot;pointer&quot;:&quot;/items/properties/seguro&quot;}&#10;    domain: &quot;syntax&quot;&#10;    ignored: [&quot;examples&quot;]&#10;warning: the following keywords are unknown and will be ignored: [examples]&#10;    level: &quot;warning&quot;&#10;    schema: {&quot;loadingURI&quot;:&quot;#&quot;,&quot;pointer&quot;:&quot;/items/properties/valor&quot;}&#10;    domain: &quot;syntax&quot;&#10;    ignored: [&quot;examples&quot;]&#10;warning: the following keywords are unknown and will be ignored: [examples]&#10;    level: &quot;warning&quot;&#10;    schema: {&quot;loadingURI&quot;:&quot;#&quot;,&quot;pointer&quot;:&quot;/items&quot;}&#10;    domain: &quot;syntax&quot;&#10;    ignored: [&quot;examples&quot;]&#10;warning: the following keywords are unknown and will be ignored: [examples]&#10;    level: &quot;warning&quot;&#10;    schema: {&quot;loadingURI&quot;:&quot;#&quot;,&quot;pointer&quot;:&quot;/items/properties/cpf&quot;}&#10;    domain: &quot;syntax&quot;&#10;    ignored: [&quot;examples&quot;]&#10;warning: the following keywords are unknown and will be ignored: [examples]&#10;    level: &quot;warning&quot;&#10;    schema: {&quot;loadingURI&quot;:&quot;#&quot;,&quot;pointer&quot;:&quot;/items/properties/email&quot;}&#10;    domain: &quot;syntax&quot;&#10;    ignored: [&quot;examples&quot;]&#10;warning: the following keywords are unknown and will be ignored: [examples]&#10;    level: &quot;warning&quot;&#10;    schema: {&quot;loadingURI&quot;:&quot;#&quot;,&quot;pointer&quot;:&quot;/items/properties/id&quot;}&#10;    domain: &quot;syntax&quot;&#10;    ignored: [&quot;examples&quot;]&#10;warning: the following keywords are unknown and will be ignored: [examples]&#10;    level: &quot;warning&quot;&#10;    schema: {&quot;loadingURI&quot;:&quot;#&quot;,&quot;pointer&quot;:&quot;/items/properties/nome&quot;}&#10;    domain: &quot;syntax&quot;&#10;    ignored: [&quot;examples&quot;]&#10;warning: the following keywords are unknown and will be ignored: [examples]&#10;    level: &quot;warning&quot;&#10;    schema: {&quot;loadingURI&quot;:&quot;#&quot;,&quot;pointer&quot;:&quot;/items/properties/parcelas&quot;}&#10;    domain: &quot;syntax&quot;&#10;    ignored: [&quot;examples&quot;]&#10;warning: the following keywords are unknown and will be ignored: [examples]&#10;    level: &quot;warning&quot;&#10;    schema: {&quot;loadingURI&quot;:&quot;#&quot;,&quot;pointer&quot;:&quot;/items/properties/seguro&quot;}&#10;    domain: &quot;syntax&quot;&#10;    ignored: [&quot;examples&quot;]&#10;warning: the following keywords are unknown and will be ignored: [examples]&#10;    level: &quot;warning&quot;&#10;    schema: {&quot;loadingURI&quot;:&quot;#&quot;,&quot;pointer&quot;:&quot;/items/properties/valor&quot;}&#10;    domain: &quot;syntax&quot;&#10;    ignored: [&quot;examples&quot;]&#10;warning: the following keywords are unknown and will be ignored: [examples]&#10;    level: &quot;warning&quot;&#10;    schema: {&quot;loadingURI&quot;:&quot;#&quot;,&quot;pointer&quot;:&quot;/items&quot;}&#10;    domain: &quot;syntax&quot;&#10;    ignored: [&quot;examples&quot;]&#10;warning: the following keywords are unknown and will be ignored: [examples]&#10;    level: &quot;warning&quot;&#10;    schema: {&quot;loadingURI&quot;:&quot;#&quot;,&quot;pointer&quot;:&quot;/items/properties/cpf&quot;}&#10;    domain: &quot;syntax&quot;&#10;    ignored: [&quot;examples&quot;]&#10;warning: the following keywords are unknown and will be ignored: [examples]&#10;    level: &quot;warning&quot;&#10;    schema: {&quot;loadingURI&quot;:&quot;#&quot;,&quot;pointer&quot;:&quot;/items/properties/email&quot;}&#10;    domain: &quot;syntax&quot;&#10;    ignored: [&quot;examples&quot;]&#10;warning: the following keywords are unknown and will be ignored: [examples]&#10;    level: &quot;warning&quot;&#10;    schema: {&quot;loadingURI&quot;:&quot;#&quot;,&quot;pointer&quot;:&quot;/items/properties/id&quot;}&#10;    domain: &quot;syntax&quot;&#10;    ignored: [&quot;examples&quot;]&#10;warning: the following keywords are unknown and will be ignored: [examples]&#10;    level: &quot;warning&quot;&#10;    schema: {&quot;loadingURI&quot;:&quot;#&quot;,&quot;pointer&quot;:&quot;/items/properties/nome&quot;}&#10;    domain: &quot;syntax&quot;&#10;    ignored: [&quot;examples&quot;]&#10;warning: the following keywords are unknown and will be ignored: [examples]&#10;    level: &quot;warning&quot;&#10;    schema: {&quot;loadingURI&quot;:&quot;#&quot;,&quot;pointer&quot;:&quot;/items/properties/parcelas&quot;}&#10;    domain: &quot;syntax&quot;&#10;    ignored: [&quot;examples&quot;]&#10;warning: the following keywords are unknown and will be ignored: [examples]&#10;    level: &quot;warning&quot;&#10;    schema: {&quot;loadingURI&quot;:&quot;#&quot;,&quot;pointer&quot;:&quot;/items/properties/seguro&quot;}&#10;    domain: &quot;syntax&quot;&#10;    ignored: [&quot;examples&quot;]&#10;warning: the following keywords are unknown and will be ignored: [examples]&#10;    level: &quot;warning&quot;&#10;    schema: {&quot;loadingURI&quot;:&quot;#&quot;,&quot;pointer&quot;:&quot;/items/properties/valor&quot;}&#10;    domain: &quot;syntax&quot;&#10;    ignored: [&quot;examples&quot;]&#10;warning: the following keywords are unknown and will be ignored: [examples]&#10;    level: &quot;warning&quot;&#10;    schema: {&quot;loadingURI&quot;:&quot;#&quot;,&quot;pointer&quot;:&quot;/items&quot;}&#10;    domain: &quot;syntax&quot;&#10;    ignored: [&quot;examples&quot;]&#10;warning: the following keywords are unknown and will be ignored: [examples]&#10;    level: &quot;warning&quot;&#10;    schema: {&quot;loadingURI&quot;:&quot;#&quot;,&quot;pointer&quot;:&quot;/items/properties/cpf&quot;}&#10;    domain: &quot;syntax&quot;&#10;    ignored: [&quot;examples&quot;]&#10;warning: the following keywords are unknown and will be ignored: [examples]&#10;    level: &quot;warning&quot;&#10;    schema: {&quot;loadingURI&quot;:&quot;#&quot;,&quot;pointer&quot;:&quot;/items/properties/email&quot;}&#10;    domain: &quot;syntax&quot;&#10;    ignored: [&quot;examples&quot;]&#10;warning: the following keywords are unknown and will be ignored: [examples]&#10;    level: &quot;warning&quot;&#10;    schema: {&quot;loadingURI&quot;:&quot;#&quot;,&quot;pointer&quot;:&quot;/items/properties/id&quot;}&#10;    domain: &quot;syntax&quot;&#10;    ignored: [&quot;examples&quot;]&#10;warning: the following keywords are unknown and will be ignored: [examples]&#10;    level: &quot;warning&quot;&#10;    schema: {&quot;loadingURI&quot;:&quot;#&quot;,&quot;pointer&quot;:&quot;/items/properties/nome&quot;}&#10;    domain: &quot;syntax&quot;&#10;    ignored: [&quot;examples&quot;]&#10;warning: the following keywords are unknown and will be ignored: [examples]&#10;    level: &quot;warning&quot;&#10;    schema: {&quot;loadingURI&quot;:&quot;#&quot;,&quot;pointer&quot;:&quot;/items/properties/parcelas&quot;}&#10;    domain: &quot;syntax&quot;&#10;    ignored: [&quot;examples&quot;]&#10;warning: the following keywords are unknown and will be ignored: [examples]&#10;    level: &quot;warning&quot;&#10;    schema: {&quot;loadingURI&quot;:&quot;#&quot;,&quot;pointer&quot;:&quot;/items/properties/seguro&quot;}&#10;    domain: &quot;syntax&quot;&#10;    ignored: [&quot;examples&quot;]&#10;warning: the following keywords are unknown and will be ignored: [examples]&#10;    level: &quot;warning&quot;&#10;    schema: {&quot;loadingURI&quot;:&quot;#&quot;,&quot;pointer&quot;:&quot;/items/properties/valor&quot;}&#10;    domain: &quot;syntax&quot;&#10;    ignored: [&quot;examples&quot;]&#10;warning: the following keywords are unknown and will be ignored: [examples]&#10;    level: &quot;warning&quot;&#10;    schema: {&quot;loadingURI&quot;:&quot;#&quot;,&quot;pointer&quot;:&quot;/items&quot;}&#10;    domain: &quot;syntax&quot;&#10;    ignored: [&quot;examples&quot;]&#10;warning: the following keywords are unknown and will be ignored: [examples]&#10;    level: &quot;warning&quot;&#10;    schema: {&quot;loadingURI&quot;:&quot;#&quot;,&quot;pointer&quot;:&quot;/items/properties/cpf&quot;}&#10;    domain: &quot;syntax&quot;&#10;    ignored: [&quot;examples&quot;]&#10;warning: the following keywords are unknown and will be ignored: [examples]&#10;    level: &quot;warning&quot;&#10;    schema: {&quot;loadingURI&quot;:&quot;#&quot;,&quot;pointer&quot;:&quot;/items/properties/email&quot;}&#10;    domain: &quot;syntax&quot;&#10;    ignored: [&quot;examples&quot;]&#10;warning: the following keywords are unknown and will be ignored: [examples]&#10;    level: &quot;warning&quot;&#10;    schema: {&quot;loadingURI&quot;:&quot;#&quot;,&quot;pointer&quot;:&quot;/items/properties/id&quot;}&#10;    domain: &quot;syntax&quot;&#10;    ignored: [&quot;examples&quot;]&#10;warning: the following keywords are unknown and will be ignored: [examples]&#10;    level: &quot;warning&quot;&#10;    schema: {&quot;loadingURI&quot;:&quot;#&quot;,&quot;pointer&quot;:&quot;/items/properties/nome&quot;}&#10;    domain: &quot;syntax&quot;&#10;    ignored: [&quot;examples&quot;]&#10;warning: the following keywords are unknown and will be ignored: [examples]&#10;    level: &quot;warning&quot;&#10;    schema: {&quot;loadingURI&quot;:&quot;#&quot;,&quot;pointer&quot;:&quot;/items/properties/parcelas&quot;}&#10;    domain: &quot;syntax&quot;&#10;    ignored: [&quot;examples&quot;]&#10;warning: the following keywords are unknown and will be ignored: [examples]&#10;    level: &quot;warning&quot;&#10;    schema: {&quot;loadingURI&quot;:&quot;#&quot;,&quot;pointer&quot;:&quot;/items/properties/seguro&quot;}&#10;    domain: &quot;syntax&quot;&#10;    ignored: [&quot;examples&quot;]&#10;warning: the following keywords are unknown and will be ignored: [examples]&#10;    level: &quot;warning&quot;&#10;    schema: {&quot;loadingURI&quot;:&quot;#&quot;,&quot;pointer&quot;:&quot;/items/properties/valor&quot;}&#10;    domain: &quot;syntax&quot;&#10;    ignored: [&quot;examples&quot;]&#10;warning: the following keywords are unknown and will be ignored: [examples]&#10;    level: &quot;warning&quot;&#10;    schema: {&quot;loadingURI&quot;:&quot;#&quot;,&quot;pointer&quot;:&quot;/items&quot;}&#10;    domain: &quot;syntax&quot;&#10;    ignored: [&quot;examples&quot;]&#10;warning: the following keywords are unknown and will be ignored: [examples]&#10;    level: &quot;warning&quot;&#10;    schema: {&quot;loadingURI&quot;:&quot;#&quot;,&quot;pointer&quot;:&quot;/items/properties/cpf&quot;}&#10;    domain: &quot;syntax&quot;&#10;    ignored: [&quot;examples&quot;]&#10;warning: the following keywords are unknown and will be ignored: [examples]&#10;    level: &quot;warning&quot;&#10;    schema: {&quot;loadingURI&quot;:&quot;#&quot;,&quot;pointer&quot;:&quot;/items/properties/email&quot;}&#10;    domain: &quot;syntax&quot;&#10;    ignored: [&quot;examples&quot;]&#10;warning: the following keywords are unknown and will be ignored: [examples]&#10;    level: &quot;warning&quot;&#10;    schema: {&quot;loadingURI&quot;:&quot;#&quot;,&quot;pointer&quot;:&quot;/items/properties/id&quot;}&#10;    domain: &quot;syntax&quot;&#10;    ignored: [&quot;examples&quot;]&#10;warning: the following keywords are unknown and will be ignored: [examples]&#10;    level: &quot;warning&quot;&#10;    schema: {&quot;loadingURI&quot;:&quot;#&quot;,&quot;pointer&quot;:&quot;/items/properties/nome&quot;}&#10;    domain: &quot;syntax&quot;&#10;    ignored: [&quot;examples&quot;]&#10;warning: the following keywords are unknown and will be ignored: [examples]&#10;    level: &quot;warning&quot;&#10;    schema: {&quot;loadingURI&quot;:&quot;#&quot;,&quot;pointer&quot;:&quot;/items/properties/parcelas&quot;}&#10;    domain: &quot;syntax&quot;&#10;    ignored: [&quot;examples&quot;]&#10;warning: the following keywords are unknown and will be ignored: [examples]&#10;    level: &quot;warning&quot;&#10;    schema: {&quot;loadingURI&quot;:&quot;#&quot;,&quot;pointer&quot;:&quot;/items/properties/seguro&quot;}&#10;    domain: &quot;syntax&quot;&#10;    ignored: [&quot;examples&quot;]&#10;warning: the following keywords are unknown and will be ignored: [examples]&#10;    level: &quot;warning&quot;&#10;    schema: {&quot;loadingURI&quot;:&quot;#&quot;,&quot;pointer&quot;:&quot;/items/properties/valor&quot;}&#10;    domain: &quot;syntax&quot;&#10;    ignored: [&quot;examples&quot;]&#10;warning: the following keywords are unknown and will be ignored: [examples]&#10;    level: &quot;warning&quot;&#10;    schema: {&quot;loadingURI&quot;:&quot;#&quot;,&quot;pointer&quot;:&quot;/items&quot;}&#10;    domain: &quot;syntax&quot;&#10;    ignored: [&quot;examples&quot;]&#10;warning: the following keywords are unknown and will be ignored: [examples]&#10;    level: &quot;warning&quot;&#10;    schema: {&quot;loadingURI&quot;:&quot;#&quot;,&quot;pointer&quot;:&quot;/items/properties/cpf&quot;}&#10;    domain: &quot;syntax&quot;&#10;    ignored: [&quot;examples&quot;]&#10;warning: the following keywords are unknown and will be ignored: [examples]&#10;    level: &quot;warning&quot;&#10;    schema: {&quot;loadingURI&quot;:&quot;#&quot;,&quot;pointer&quot;:&quot;/items/properties/email&quot;}&#10;    domain: &quot;syntax&quot;&#10;    ignored: [&quot;examples&quot;]&#10;warning: the following keywords are unknown and will be ignored: [examples]&#10;    level: &quot;warning&quot;&#10;    schema: {&quot;loadingURI&quot;:&quot;#&quot;,&quot;pointer&quot;:&quot;/items/properties/id&quot;}&#10;    domain: &quot;syntax&quot;&#10;    ignored: [&quot;examples&quot;]&#10;warning: the following keywords are unknown and will be ignored: [examples]&#10;    level: &quot;warning&quot;&#10;    schema: {&quot;loadingURI&quot;:&quot;#&quot;,&quot;pointer&quot;:&quot;/items/properties/nome&quot;}&#10;    domain: &quot;syntax&quot;&#10;    ignored: [&quot;examples&quot;]&#10;warning: the following keywords are unknown and will be ignored: [examples]&#10;    level: &quot;warning&quot;&#10;    schema: {&quot;loadingURI&quot;:&quot;#&quot;,&quot;pointer&quot;:&quot;/items/properties/parcelas&quot;}&#10;    domain: &quot;syntax&quot;&#10;    ignored: [&quot;examples&quot;]&#10;warning: the following keywords are unknown and will be ignored: [examples]&#10;    level: &quot;warning&quot;&#10;    schema: {&quot;loadingURI&quot;:&quot;#&quot;,&quot;pointer&quot;:&quot;/items/properties/seguro&quot;}&#10;    domain: &quot;syntax&quot;&#10;    ignored: [&quot;examples&quot;]&#10;warning: the following keywords are unknown and will be ignored: [examples]&#10;    level: &quot;warning&quot;&#10;    schema: {&quot;loadingURI&quot;:&quot;#&quot;,&quot;pointer&quot;:&quot;/items/properties/valor&quot;}&#10;    domain: &quot;syntax&quot;&#10;    ignored: [&quot;examples&quot;]&#10;warning: the following keywords are unknown and will be ignored: [examples]&#10;    level: &quot;warning&quot;&#10;    schema: {&quot;loadingURI&quot;:&quot;#&quot;,&quot;pointer&quot;:&quot;/items&quot;}&#10;    domain: &quot;syntax&quot;&#10;    ignored: [&quot;examples&quot;]&#10;warning: the following keywords are unknown and will be ignored: [examples]&#10;    level: &quot;warning&quot;&#10;    schema: {&quot;loadingURI&quot;:&quot;#&quot;,&quot;pointer&quot;:&quot;/items/properties/cpf&quot;}&#10;    domain: &quot;syntax&quot;&#10;    ignored: [&quot;examples&quot;]&#10;warning: the following keywords are unknown and will be ignored: [examples]&#10;    level: &quot;warning&quot;&#10;    schema: {&quot;loadingURI&quot;:&quot;#&quot;,&quot;pointer&quot;:&quot;/items/properties/email&quot;}&#10;    domain: &quot;syntax&quot;&#10;    ignored: [&quot;examples&quot;]&#10;warning: the following keywords are unknown and will be ignored: [examples]&#10;    level: &quot;warning&quot;&#10;    schema: {&quot;loadingURI&quot;:&quot;#&quot;,&quot;pointer&quot;:&quot;/items/properties/id&quot;}&#10;    domain: &quot;syntax&quot;&#10;    ignored: [&quot;examples&quot;]&#10;warning: the following keywords are unknown and will be ignored: [examples]&#10;    level: &quot;warning&quot;&#10;    schema: {&quot;loadingURI&quot;:&quot;#&quot;,&quot;pointer&quot;:&quot;/items/properties/nome&quot;}&#10;    domain: &quot;syntax&quot;&#10;    ignored: [&quot;examples&quot;]&#10;warning: the following keywords are unknown and will be ignored: [examples]&#10;    level: &quot;warning&quot;&#10;    schema: {&quot;loadingURI&quot;:&quot;#&quot;,&quot;pointer&quot;:&quot;/items/properties/parcelas&quot;}&#10;    domain: &quot;syntax&quot;&#10;    ignored: [&quot;examples&quot;]&#10;warning: the following keywords are unknown and will be ignored: [examples]&#10;    level: &quot;warning&quot;&#10;    schema: {&quot;loadingURI&quot;:&quot;#&quot;,&quot;pointer&quot;:&quot;/items/properties/seguro&quot;}&#10;    domain: &quot;syntax&quot;&#10;    ignored: [&quot;examples&quot;]&#10;warning: the following keywords are unknown and will be ignored: [examples]&#10;    level: &quot;warning&quot;&#10;    schema: {&quot;loadingURI&quot;:&quot;#&quot;,&quot;pointer&quot;:&quot;/items/properties/valor&quot;}&#10;    domain: &quot;syntax&quot;&#10;    ignored: [&quot;examples&quot;]&#10;warning: the following keywords are unknown and will be ignored: [examples]&#10;    level: &quot;warning&quot;&#10;    schema: {&quot;loadingURI&quot;:&quot;#&quot;,&quot;pointer&quot;:&quot;/items&quot;}&#10;    domain: &quot;syntax&quot;&#10;    ignored: [&quot;examples&quot;]&#10;warning: the following keywords are unknown and will be ignored: [examples]&#10;    level: &quot;warning&quot;&#10;    schema: {&quot;loadingURI&quot;:&quot;#&quot;,&quot;pointer&quot;:&quot;/items/properties/cpf&quot;}&#10;    domain: &quot;syntax&quot;&#10;    ignored: [&quot;examples&quot;]&#10;warning: the following keywords are unknown and will be ignored: [examples]&#10;    level: &quot;warning&quot;&#10;    schema: {&quot;loadingURI&quot;:&quot;#&quot;,&quot;pointer&quot;:&quot;/items/properties/email&quot;}&#10;    domain: &quot;syntax&quot;&#10;    ignored: [&quot;examples&quot;]&#10;warning: the following keywords are unknown and will be ignored: [examples]&#10;    level: &quot;warning&quot;&#10;    schema: {&quot;loadingURI&quot;:&quot;#&quot;,&quot;pointer&quot;:&quot;/items/properties/id&quot;}&#10;    domain: &quot;syntax&quot;&#10;    ignored: [&quot;examples&quot;]&#10;warning: the following keywords are unknown and will be ignored: [examples]&#10;    level: &quot;warning&quot;&#10;    schema: {&quot;loadingURI&quot;:&quot;#&quot;,&quot;pointer&quot;:&quot;/items/properties/nome&quot;}&#10;    domain: &quot;syntax&quot;&#10;    ignored: [&quot;examples&quot;]&#10;warning: the following keywords are unknown and will be ignored: [examples]&#10;    level: &quot;warning&quot;&#10;    schema: {&quot;loadingURI&quot;:&quot;#&quot;,&quot;pointer&quot;:&quot;/items/properties/parcelas&quot;}&#10;    domain: &quot;syntax&quot;&#10;    ignored: [&quot;examples&quot;]&#10;warning: the following keywords are unknown and will be ignored: [examples]&#10;    level: &quot;warning&quot;&#10;    schema: {&quot;loadingURI&quot;:&quot;#&quot;,&quot;pointer&quot;:&quot;/items/properties/seguro&quot;}&#10;    domain: &quot;syntax&quot;&#10;    ignored: [&quot;examples&quot;]&#10;warning: the following keywords are unknown and will be ignored: [examples]&#10;    level: &quot;warning&quot;&#10;    schema: {&quot;loadingURI&quot;:&quot;#&quot;,&quot;pointer&quot;:&quot;/items/properties/valor&quot;}&#10;    domain: &quot;syntax&quot;&#10;    ignored: [&quot;examples&quot;]&#10;warning: the following keywords are unknown and will be ignored: [examples]&#10;    level: &quot;warning&quot;&#10;    schema: {&quot;loadingURI&quot;:&quot;#&quot;,&quot;pointer&quot;:&quot;/items&quot;}&#10;    domain: &quot;syntax&quot;&#10;    ignored: [&quot;examples&quot;]&#10;warning: the following keywords are unknown and will be ignored: [examples]&#10;    level: &quot;warning&quot;&#10;    schema: {&quot;loadingURI&quot;:&quot;#&quot;,&quot;pointer&quot;:&quot;/items/properties/cpf&quot;}&#10;    domain: &quot;syntax&quot;&#10;    ignored: [&quot;examples&quot;]&#10;warning: the following keywords are unknown and will be ignored: [examples]&#10;    level: &quot;warning&quot;&#10;    schema: {&quot;loadingURI&quot;:&quot;#&quot;,&quot;pointer&quot;:&quot;/items/properties/email&quot;}&#10;    domain: &quot;syntax&quot;&#10;    ignored: [&quot;examples&quot;]&#10;warning: the following keywords are unknown and will be ignored: [examples]&#10;    level: &quot;warning&quot;&#10;    schema: {&quot;loadingURI&quot;:&quot;#&quot;,&quot;pointer&quot;:&quot;/items/properties/id&quot;}&#10;    domain: &quot;syntax&quot;&#10;    ignored: [&quot;examples&quot;]&#10;warning: the following keywords are unknown and will be ignored: [examples]&#10;    level: &quot;warning&quot;&#10;    schema: {&quot;loadingURI&quot;:&quot;#&quot;,&quot;pointer&quot;:&quot;/items/properties/nome&quot;}&#10;    domain: &quot;syntax&quot;&#10;    ignored: [&quot;examples&quot;]&#10;warning: the following keywords are unknown and will be ignored: [examples]&#10;    level: &quot;warning&quot;&#10;    schema: {&quot;loadingURI&quot;:&quot;#&quot;,&quot;pointer&quot;:&quot;/items/properties/parcelas&quot;}&#10;    domain: &quot;syntax&quot;&#10;    ignored: [&quot;examples&quot;]&#10;warning: the following keywords are unknown and will be ignored: [examples]&#10;    level: &quot;warning&quot;&#10;    schema: {&quot;loadingURI&quot;:&quot;#&quot;,&quot;pointer&quot;:&quot;/items/properties/seguro&quot;}&#10;    domain: &quot;syntax&quot;&#10;    ignored: [&quot;examples&quot;]&#10;warning: the following keywords are unknown and will be ignored: [examples]&#10;    level: &quot;warning&quot;&#10;    schema: {&quot;loadingURI&quot;:&quot;#&quot;,&quot;pointer&quot;:&quot;/items/properties/valor&quot;}&#10;    domain: &quot;syntax&quot;&#10;    ignored: [&quot;examples&quot;]&#10;warning: the following keywords are unknown and will be ignored: [examples]&#10;    level: &quot;warning&quot;&#10;    schema: {&quot;loadingURI&quot;:&quot;#&quot;,&quot;pointer&quot;:&quot;/items&quot;}&#10;    domain: &quot;syntax&quot;&#10;    ignored: [&quot;examples&quot;]&#10;warning: the following keywords are unknown and will be ignored: [examples]&#10;    level: &quot;warning&quot;&#10;    schema: {&quot;loadingURI&quot;:&quot;#&quot;,&quot;pointer&quot;:&quot;/items/properties/cpf&quot;}&#10;    domain: &quot;syntax&quot;&#10;    ignored: [&quot;examples&quot;]&#10;warning: the following keywords are unknown and will be ignored: [examples]&#10;    level: &quot;warning&quot;&#10;    schema: {&quot;loadingURI&quot;:&quot;#&quot;,&quot;pointer&quot;:&quot;/items/properties/email&quot;}&#10;    domain: &quot;syntax&quot;&#10;    ignored: [&quot;examples&quot;]&#10;warning: the following keywords are unknown and will be ignored: [examples]&#10;    level: &quot;warning&quot;&#10;    schema: {&quot;loadingURI&quot;:&quot;#&quot;,&quot;pointer&quot;:&quot;/items/properties/id&quot;}&#10;    domain: &quot;syntax&quot;&#10;    ignored: [&quot;examples&quot;]&#10;warning: the following keywords are unknown and will be ignored: [examples]&#10;    level: &quot;warning&quot;&#10;    schema: {&quot;loadingURI&quot;:&quot;#&quot;,&quot;pointer&quot;:&quot;/items/properties/nome&quot;}&#10;    domain: &quot;syntax&quot;&#10;    ignored: [&quot;examples&quot;]&#10;warning: the following keywords are unknown and will be ignored: [examples]&#10;    level: &quot;warning&quot;&#10;    schema: {&quot;loadingURI&quot;:&quot;#&quot;,&quot;pointer&quot;:&quot;/items/properties/parcelas&quot;}&#10;    domain: &quot;syntax&quot;&#10;    ignored: [&quot;examples&quot;]&#10;warning: the following keywords are unknown and will be ignored: [examples]&#10;    level: &quot;warning&quot;&#10;    schema: {&quot;loadingURI&quot;:&quot;#&quot;,&quot;pointer&quot;:&quot;/items/properties/seguro&quot;}&#10;    domain: &quot;syntax&quot;&#10;    ignored: [&quot;examples&quot;]&#10;warning: the following keywords are unknown and will be ignored: [examples]&#10;    level: &quot;warning&quot;&#10;    schema: {&quot;loadingURI&quot;:&quot;#&quot;,&quot;pointer&quot;:&quot;/items/properties/valor&quot;}&#10;    domain: &quot;syntax&quot;&#10;    ignored: [&quot;examples&quot;]&#10;warning: the following keywords are unknown and will be ignored: [examples]&#10;    level: &quot;warning&quot;&#10;    schema: {&quot;loadingURI&quot;:&quot;#&quot;,&quot;pointer&quot;:&quot;/items&quot;}&#10;    domain: &quot;syntax&quot;&#10;    ignored: [&quot;examples&quot;]&#10;warning: the following keywords are unknown and will be ignored: [examples]&#10;    level: &quot;warning&quot;&#10;    schema: {&quot;loadingURI&quot;:&quot;#&quot;,&quot;pointer&quot;:&quot;/items/properties/cpf&quot;}&#10;    domain: &quot;syntax&quot;&#10;    ignored: [&quot;examples&quot;]&#10;warning: the following keywords are unknown and will be ignored: [examples]&#10;    level: &quot;warning&quot;&#10;    schema: {&quot;loadingURI&quot;:&quot;#&quot;,&quot;pointer&quot;:&quot;/items/properties/email&quot;}&#10;    domain: &quot;syntax&quot;&#10;    ignored: [&quot;examples&quot;]&#10;warning: the following keywords are unknown and will be ignored: [examples]&#10;    level: &quot;warning&quot;&#10;    schema: {&quot;loadingURI&quot;:&quot;#&quot;,&quot;pointer&quot;:&quot;/items/properties/id&quot;}&#10;    domain: &quot;syntax&quot;&#10;    ignored: [&quot;examples&quot;]&#10;warning: the following keywords are unknown and will be ignored: [examples]&#10;    level: &quot;warning&quot;&#10;    schema: {&quot;loadingURI&quot;:&quot;#&quot;,&quot;pointer&quot;:&quot;/items/properties/nome&quot;}&#10;    domain: &quot;syntax&quot;&#10;    ignored: [&quot;examples&quot;]&#10;warning: the following keywords are unknown and will be ignored: [examples]&#10;    level: &quot;warning&quot;&#10;    schema: {&quot;loadingURI&quot;:&quot;#&quot;,&quot;pointer&quot;:&quot;/items/properties/parcelas&quot;}&#10;    domain: &quot;syntax&quot;&#10;    ignored: [&quot;examples&quot;]&#10;warning: the following keywords are unknown and will be ignored: [examples]&#10;    level: &quot;warning&quot;&#10;    schema: {&quot;loadingURI&quot;:&quot;#&quot;,&quot;pointer&quot;:&quot;/items/properties/seguro&quot;}&#10;    domain: &quot;syntax&quot;&#10;    ignored: [&quot;examples&quot;]&#10;warning: the following keywords are unknown and will be ignored: [examples]&#10;    level: &quot;warning&quot;&#10;    schema: {&quot;loadingURI&quot;:&quot;#&quot;,&quot;pointer&quot;:&quot;/items/properties/valor&quot;}&#10;    domain: &quot;syntax&quot;&#10;    ignored: [&quot;examples&quot;]&#10;warning: the following keywords are unknown and will be ignored: [examples]&#10;    level: &quot;warning&quot;&#10;    schema: {&quot;loadingURI&quot;:&quot;#&quot;,&quot;pointer&quot;:&quot;/items&quot;}&#10;    domain: &quot;syntax&quot;&#10;    ignored: [&quot;examples&quot;]&#10;warning: the following keywords are unknown and will be ignored: [examples]&#10;    level: &quot;warning&quot;&#10;    schema: {&quot;loadingURI&quot;:&quot;#&quot;,&quot;pointer&quot;:&quot;/items/properties/cpf&quot;}&#10;    domain: &quot;syntax&quot;&#10;    ignored: [&quot;examples&quot;]&#10;warning: the following keywords are unknown and will be ignored: [examples]&#10;    level: &quot;warning&quot;&#10;    schema: {&quot;loadingURI&quot;:&quot;#&quot;,&quot;pointer&quot;:&quot;/items/properties/email&quot;}&#10;    domain: &quot;syntax&quot;&#10;    ignored: [&quot;examples&quot;]&#10;warning: the following keywords are unknown and will be ignored: [examples]&#10;    level: &quot;warning&quot;&#10;    schema: {&quot;loadingURI&quot;:&quot;#&quot;,&quot;pointer&quot;:&quot;/items/properties/id&quot;}&#10;    domain: &quot;syntax&quot;&#10;    ignored: [&quot;examples&quot;]&#10;warning: the following keywords are unknown and will be ignored: [examples]&#10;    level: &quot;warning&quot;&#10;    schema: {&quot;loadingURI&quot;:&quot;#&quot;,&quot;pointer&quot;:&quot;/items/properties/nome&quot;}&#10;    domain: &quot;syntax&quot;&#10;    ignored: [&quot;examples&quot;]&#10;warning: the following keywords are unknown and will be ignored: [examples]&#10;    level: &quot;warning&quot;&#10;    schema: {&quot;loadingURI&quot;:&quot;#&quot;,&quot;pointer&quot;:&quot;/items/properties/parcelas&quot;}&#10;    domain: &quot;syntax&quot;&#10;    ignored: [&quot;examples&quot;]&#10;warning: the following keywords are unknown and will be ignored: [examples]&#10;    level: &quot;warning&quot;&#10;    schema: {&quot;loadingURI&quot;:&quot;#&quot;,&quot;pointer&quot;:&quot;/items/properties/seguro&quot;}&#10;    domain: &quot;syntax&quot;&#10;    ignored: [&quot;examples&quot;]&#10;warning: the following keywords are unknown and will be ignored: [examples]&#10;    level: &quot;warning&quot;&#10;    schema: {&quot;loadingURI&quot;:&quot;#&quot;,&quot;pointer&quot;:&quot;/items/properties/valor&quot;}&#10;    domain: &quot;syntax&quot;&#10;    ignored: [&quot;examples&quot;]&#10;warning: the following keywords are unknown and will be ignored: [examples]&#10;    level: &quot;warning&quot;&#10;    schema: {&quot;loadingURI&quot;:&quot;#&quot;,&quot;pointer&quot;:&quot;/items&quot;}&#10;    domain: &quot;syntax&quot;&#10;    ignored: [&quot;examples&quot;]&#10;warning: the following keywords are unknown and will be ignored: [examples]&#10;    level: &quot;warning&quot;&#10;    schema: {&quot;loadingURI&quot;:&quot;#&quot;,&quot;pointer&quot;:&quot;/items/properties/cpf&quot;}&#10;    domain: &quot;syntax&quot;&#10;    ignored: [&quot;examples&quot;]&#10;warning: the following keywords are unknown and will be ignored: [examples]&#10;    level: &quot;warning&quot;&#10;    schema: {&quot;loadingURI&quot;:&quot;#&quot;,&quot;pointer&quot;:&quot;/items/properties/email&quot;}&#10;    domain: &quot;syntax&quot;&#10;    ignored: [&quot;examples&quot;]&#10;warning: the following keywords are unknown and will be ignored: [examples]&#10;    level: &quot;warning&quot;&#10;    schema: {&quot;loadingURI&quot;:&quot;#&quot;,&quot;pointer&quot;:&quot;/items/properties/id&quot;}&#10;    domain: &quot;syntax&quot;&#10;    ignored: [&quot;examples&quot;]&#10;warning: the following keywords are unknown and will be ignored: [examples]&#10;    level: &quot;warning&quot;&#10;    schema: {&quot;loadingURI&quot;:&quot;#&quot;,&quot;pointer&quot;:&quot;/items/properties/nome&quot;}&#10;    domain: &quot;syntax&quot;&#10;    ignored: [&quot;examples&quot;]&#10;warning: the following keywords are unknown and will be ignored: [examples]&#10;    level: &quot;warning&quot;&#10;    schema: {&quot;loadingURI&quot;:&quot;#&quot;,&quot;pointer&quot;:&quot;/items/properties/parcelas&quot;}&#10;    domain: &quot;syntax&quot;&#10;    ignored: [&quot;examples&quot;]&#10;warning: the following keywords are unknown and will be ignored: [examples]&#10;    level: &quot;warning&quot;&#10;    schema: {&quot;loadingURI&quot;:&quot;#&quot;,&quot;pointer&quot;:&quot;/items/properties/seguro&quot;}&#10;    domain: &quot;syntax&quot;&#10;    ignored: [&quot;examples&quot;]&#10;warning: the following keywords are unknown and will be ignored: [examples]&#10;    level: &quot;warning&quot;&#10;    schema: {&quot;loadingURI&quot;:&quot;#&quot;,&quot;pointer&quot;:&quot;/items/properties/valor&quot;}&#10;    domain: &quot;syntax&quot;&#10;    ignored: [&quot;examples&quot;]&#10;warning: the following keywords are unknown and will be ignored: [examples]&#10;    level: &quot;warning&quot;&#10;    schema: {&quot;loadingURI&quot;:&quot;#&quot;,&quot;pointer&quot;:&quot;/items&quot;}&#10;    domain: &quot;syntax&quot;&#10;    ignored: [&quot;examples&quot;]&#10;warning: the following keywords are unknown and will be ignored: [examples]&#10;    level: &quot;warning&quot;&#10;    schema: {&quot;loadingURI&quot;:&quot;#&quot;,&quot;pointer&quot;:&quot;/items/properties/cpf&quot;}&#10;    domain: &quot;syntax&quot;&#10;    ignored: [&quot;examples&quot;]&#10;warning: the following keywords are unknown and will be ignored: [examples]&#10;    level: &quot;warning&quot;&#10;    schema: {&quot;loadingURI&quot;:&quot;#&quot;,&quot;pointer&quot;:&quot;/items/properties/email&quot;}&#10;    domain: &quot;syntax&quot;&#10;    ignored: [&quot;examples&quot;]&#10;warning: the following keywords are unknown and will be ignored: [examples]&#10;    level: &quot;warning&quot;&#10;    schema: {&quot;loadingURI&quot;:&quot;#&quot;,&quot;pointer&quot;:&quot;/items/properties/id&quot;}&#10;    domain: &quot;syntax&quot;&#10;    ignored: [&quot;examples&quot;]&#10;warning: the following keywords are unknown and will be ignored: [examples]&#10;    level: &quot;warning&quot;&#10;    schema: {&quot;loadingURI&quot;:&quot;#&quot;,&quot;pointer&quot;:&quot;/items/properties/nome&quot;}&#10;    domain: &quot;syntax&quot;&#10;    ignored: [&quot;examples&quot;]&#10;warning: the following keywords are unknown and will be ignored: [examples]&#10;    level: &quot;warning&quot;&#10;    schema: {&quot;loadingURI&quot;:&quot;#&quot;,&quot;pointer&quot;:&quot;/items/properties/parcelas&quot;}&#10;    domain: &quot;syntax&quot;&#10;    ignored: [&quot;examples&quot;]&#10;warning: the following keywords are unknown and will be ignored: [examples]&#10;    level: &quot;warning&quot;&#10;    schema: {&quot;loadingURI&quot;:&quot;#&quot;,&quot;pointer&quot;:&quot;/items/properties/seguro&quot;}&#10;    domain: &quot;syntax&quot;&#10;    ignored: [&quot;examples&quot;]&#10;warning: the following keywords are unknown and will be ignored: [examples]&#10;    level: &quot;warning&quot;&#10;    schema: {&quot;loadingURI&quot;:&quot;#&quot;,&quot;pointer&quot;:&quot;/items/properties/valor&quot;}&#10;    domain: &quot;syntax&quot;&#10;    ignored: [&quot;examples&quot;]&#10;warning: the following keywords are unknown and will be ignored: [examples]&#10;    level: &quot;warning&quot;&#10;    schema: {&quot;loadingURI&quot;:&quot;#&quot;,&quot;pointer&quot;:&quot;/items&quot;}&#10;    domain: &quot;syntax&quot;&#10;    ignored: [&quot;examples&quot;]&#10;warning: the following keywords are unknown and will be ignored: [examples]&#10;    level: &quot;warning&quot;&#10;    schema: {&quot;loadingURI&quot;:&quot;#&quot;,&quot;pointer&quot;:&quot;/items/properties/cpf&quot;}&#10;    domain: &quot;syntax&quot;&#10;    ignored: [&quot;examples&quot;]&#10;warning: the following keywords are unknown and will be ignored: [examples]&#10;    level: &quot;warning&quot;&#10;    schema: {&quot;loadingURI&quot;:&quot;#&quot;,&quot;pointer&quot;:&quot;/items/properties/email&quot;}&#10;    domain: &quot;syntax&quot;&#10;    ignored: [&quot;examples&quot;]&#10;warning: the following keywords are unknown and will be ignored: [examples]&#10;    level: &quot;warning&quot;&#10;    schema: {&quot;loadingURI&quot;:&quot;#&quot;,&quot;pointer&quot;:&quot;/items/properties/id&quot;}&#10;    domain: &quot;syntax&quot;&#10;    ignored: [&quot;examples&quot;]&#10;warning: the following keywords are unknown and will be ignored: [examples]&#10;    level: &quot;warning&quot;&#10;    schema: {&quot;loadingURI&quot;:&quot;#&quot;,&quot;pointer&quot;:&quot;/items/properties/nome&quot;}&#10;    domain: &quot;syntax&quot;&#10;    ignored: [&quot;examples&quot;]&#10;warning: the following keywords are unknown and will be ignored: [examples]&#10;    level: &quot;warning&quot;&#10;    schema: {&quot;loadingURI&quot;:&quot;#&quot;,&quot;pointer&quot;:&quot;/items/properties/parcelas&quot;}&#10;    domain: &quot;syntax&quot;&#10;    ignored: [&quot;examples&quot;]&#10;warning: the following keywords are unknown and will be ignored: [examples]&#10;    level: &quot;warning&quot;&#10;    schema: {&quot;loadingURI&quot;:&quot;#&quot;,&quot;pointer&quot;:&quot;/items/properties/seguro&quot;}&#10;    domain: &quot;syntax&quot;&#10;    ignored: [&quot;examples&quot;]&#10;warning: the following keywords are unknown and will be ignored: [examples]&#10;    level: &quot;warning&quot;&#10;    schema: {&quot;loadingURI&quot;:&quot;#&quot;,&quot;pointer&quot;:&quot;/items/properties/valor&quot;}&#10;    domain: &quot;syntax&quot;&#10;    ignored: [&quot;examples&quot;]&#10;warning: the following keywords are unknown and will be ignored: [examples]&#10;    level: &quot;warning&quot;&#10;    schema: {&quot;loadingURI&quot;:&quot;#&quot;,&quot;pointer&quot;:&quot;/items&quot;}&#10;    domain: &quot;syntax&quot;&#10;    ignored: [&quot;examples&quot;]&#10;warning: the following keywords are unknown and will be ignored: [examples]&#10;    level: &quot;warning&quot;&#10;    schema: {&quot;loadingURI&quot;:&quot;#&quot;,&quot;pointer&quot;:&quot;/items/properties/cpf&quot;}&#10;    domain: &quot;syntax&quot;&#10;    ignored: [&quot;examples&quot;]&#10;warning: the following keywords are unknown and will be ignored: [examples]&#10;    level: &quot;warning&quot;&#10;    schema: {&quot;loadingURI&quot;:&quot;#&quot;,&quot;pointer&quot;:&quot;/items/properties/email&quot;}&#10;    domain: &quot;syntax&quot;&#10;    ignored: [&quot;examples&quot;]&#10;warning: the following keywords are unknown and will be ignored: [examples]&#10;    level: &quot;warning&quot;&#10;    schema: {&quot;loadingURI&quot;:&quot;#&quot;,&quot;pointer&quot;:&quot;/items/properties/id&quot;}&#10;    domain: &quot;syntax&quot;&#10;    ignored: [&quot;examples&quot;]&#10;warning: the following keywords are unknown and will be ignored: [examples]&#10;    level: &quot;warning&quot;&#10;    schema: {&quot;loadingURI&quot;:&quot;#&quot;,&quot;pointer&quot;:&quot;/items/properties/nome&quot;}&#10;    domain: &quot;syntax&quot;&#10;    ignored: [&quot;examples&quot;]&#10;warning: the following keywords are unknown and will be ignored: [examples]&#10;    level: &quot;warning&quot;&#10;    schema: {&quot;loadingURI&quot;:&quot;#&quot;,&quot;pointer&quot;:&quot;/items/properties/parcelas&quot;}&#10;    domain: &quot;syntax&quot;&#10;    ignored: [&quot;examples&quot;]&#10;warning: the following keywords are unknown and will be ignored: [examples]&#10;    level: &quot;warning&quot;&#10;    schema: {&quot;loadingURI&quot;:&quot;#&quot;,&quot;pointer&quot;:&quot;/items/properties/seguro&quot;}&#10;    domain: &quot;syntax&quot;&#10;    ignored: [&quot;examples&quot;]&#10;warning: the following keywords are unknown and will be ignored: [examples]&#10;    level: &quot;warning&quot;&#10;    schema: {&quot;loadingURI&quot;:&quot;#&quot;,&quot;pointer&quot;:&quot;/items/properties/valor&quot;}&#10;    domain: &quot;syntax&quot;&#10;    ignored: [&quot;examples&quot;]&#10;warning: the following keywords are unknown and will be ignored: [examples]&#10;    level: &quot;warning&quot;&#10;    schema: {&quot;loadingURI&quot;:&quot;#&quot;,&quot;pointer&quot;:&quot;/items&quot;}&#10;    domain: &quot;syntax&quot;&#10;    ignored: [&quot;examples&quot;]&#10;warning: the following keywords are unknown and will be ignored: [examples]&#10;    level: &quot;warning&quot;&#10;    schema: {&quot;loadingURI&quot;:&quot;#&quot;,&quot;pointer&quot;:&quot;/items/properties/cpf&quot;}&#10;    domain: &quot;syntax&quot;&#10;    ignored: [&quot;examples&quot;]&#10;warning: the following keywords are unknown and will be ignored: [examples]&#10;    level: &quot;warning&quot;&#10;    schema: {&quot;loadingURI&quot;:&quot;#&quot;,&quot;pointer&quot;:&quot;/items/properties/email&quot;}&#10;    domain: &quot;syntax&quot;&#10;    ignored: [&quot;examples&quot;]&#10;warning: the following keywords are unknown and will be ignored: [examples]&#10;    level: &quot;warning&quot;&#10;    schema: {&quot;loadingURI&quot;:&quot;#&quot;,&quot;pointer&quot;:&quot;/items/properties/id&quot;}&#10;    domain: &quot;syntax&quot;&#10;    ignored: [&quot;examples&quot;]&#10;warning: the following keywords are unknown and will be ignored: [examples]&#10;    level: &quot;warning&quot;&#10;    schema: {&quot;loadingURI&quot;:&quot;#&quot;,&quot;pointer&quot;:&quot;/items/properties/nome&quot;}&#10;    domain: &quot;syntax&quot;&#10;    ignored: [&quot;examples&quot;]&#10;warning: the following keywords are unknown and will be ignored: [examples]&#10;    level: &quot;warning&quot;&#10;    schema: {&quot;loadingURI&quot;:&quot;#&quot;,&quot;pointer&quot;:&quot;/items/properties/parcelas&quot;}&#10;    domain: &quot;syntax&quot;&#10;    ignored: [&quot;examples&quot;]&#10;warning: the following keywords are unknown and will be ignored: [examples]&#10;    level: &quot;warning&quot;&#10;    schema: {&quot;loadingURI&quot;:&quot;#&quot;,&quot;pointer&quot;:&quot;/items/properties/seguro&quot;}&#10;    domain: &quot;syntax&quot;&#10;    ignored: [&quot;examples&quot;]&#10;warning: the following keywords are unknown and will be ignored: [examples]&#10;    level: &quot;warning&quot;&#10;    schema: {&quot;loadingURI&quot;:&quot;#&quot;,&quot;pointer&quot;:&quot;/items/properties/valor&quot;}&#10;    domain: &quot;syntax&quot;&#10;    ignored: [&quot;examples&quot;]&#10;warning: the following keywords are unknown and will be ignored: [examples]&#10;    level: &quot;warning&quot;&#10;    schema: {&quot;loadingURI&quot;:&quot;#&quot;,&quot;pointer&quot;:&quot;/items&quot;}&#10;    domain: &quot;syntax&quot;&#10;    ignored: [&quot;examples&quot;]&#10;warning: the following keywords are unknown and will be ignored: [examples]&#10;    level: &quot;warning&quot;&#10;    schema: {&quot;loadingURI&quot;:&quot;#&quot;,&quot;pointer&quot;:&quot;/items/properties/cpf&quot;}&#10;    domain: &quot;syntax&quot;&#10;    ignored: [&quot;examples&quot;]&#10;warning: the following keywords are unknown and will be ignored: [examples]&#10;    level: &quot;warning&quot;&#10;    schema: {&quot;loadingURI&quot;:&quot;#&quot;,&quot;pointer&quot;:&quot;/items/properties/email&quot;}&#10;    domain: &quot;syntax&quot;&#10;    ignored: [&quot;examples&quot;]&#10;warning: the following keywords are unknown and will be ignored: [examples]&#10;    level: &quot;warning&quot;&#10;    schema: {&quot;loadingURI&quot;:&quot;#&quot;,&quot;pointer&quot;:&quot;/items/properties/id&quot;}&#10;    domain: &quot;syntax&quot;&#10;    ignored: [&quot;examples&quot;]&#10;warning: the following keywords are unknown and will be ignored: [examples]&#10;    level: &quot;warning&quot;&#10;    schema: {&quot;loadingURI&quot;:&quot;#&quot;,&quot;pointer&quot;:&quot;/items/properties/nome&quot;}&#10;    domain: &quot;syntax&quot;&#10;    ignored: [&quot;examples&quot;]&#10;warning: the following keywords are unknown and will be ignored: [examples]&#10;    level: &quot;warning&quot;&#10;    schema: {&quot;loadingURI&quot;:&quot;#&quot;,&quot;pointer&quot;:&quot;/items/properties/parcelas&quot;}&#10;    domain: &quot;syntax&quot;&#10;    ignored: [&quot;examples&quot;]&#10;warning: the following keywords are unknown and will be ignored: [examples]&#10;    level: &quot;warning&quot;&#10;    schema: {&quot;loadingURI&quot;:&quot;#&quot;,&quot;pointer&quot;:&quot;/items/properties/seguro&quot;}&#10;    domain: &quot;syntax&quot;&#10;    ignored: [&quot;examples&quot;]&#10;warning: the following keywords are unknown and will be ignored: [examples]&#10;    level: &quot;warning&quot;&#10;    schema: {&quot;loadingURI&quot;:&quot;#&quot;,&quot;pointer&quot;:&quot;/items/properties/valor&quot;}&#10;    domain: &quot;syntax&quot;&#10;    ignored: [&quot;examples&quot;]&#10;warning: the following keywords are unknown and will be ignored: [examples]&#10;    level: &quot;warning&quot;&#10;    schema: {&quot;loadingURI&quot;:&quot;#&quot;,&quot;pointer&quot;:&quot;/items&quot;}&#10;    domain: &quot;syntax&quot;&#10;    ignored: [&quot;examples&quot;]&#10;warning: the following keywords are unknown and will be ignored: [examples]&#10;    level: &quot;warning&quot;&#10;    schema: {&quot;loadingURI&quot;:&quot;#&quot;,&quot;pointer&quot;:&quot;/items/properties/cpf&quot;}&#10;    domain: &quot;syntax&quot;&#10;    ignored: [&quot;examples&quot;]&#10;warning: the following keywords are unknown and will be ignored: [examples]&#10;    level: &quot;warning&quot;&#10;    schema: {&quot;loadingURI&quot;:&quot;#&quot;,&quot;pointer&quot;:&quot;/items/properties/email&quot;}&#10;    domain: &quot;syntax&quot;&#10;    ignored: [&quot;examples&quot;]&#10;warning: the following keywords are unknown and will be ignored: [examples]&#10;    level: &quot;warning&quot;&#10;    schema: {&quot;loadingURI&quot;:&quot;#&quot;,&quot;pointer&quot;:&quot;/items/properties/id&quot;}&#10;    domain: &quot;syntax&quot;&#10;    ignored: [&quot;examples&quot;]&#10;warning: the following keywords are unknown and will be ignored: [examples]&#10;    level: &quot;warning&quot;&#10;    schema: {&quot;loadingURI&quot;:&quot;#&quot;,&quot;pointer&quot;:&quot;/items/properties/nome&quot;}&#10;    domain: &quot;syntax&quot;&#10;    ignored: [&quot;examples&quot;]&#10;warning: the following keywords are unknown and will be ignored: [examples]&#10;    level: &quot;warning&quot;&#10;    schema: {&quot;loadingURI&quot;:&quot;#&quot;,&quot;pointer&quot;:&quot;/items/properties/parcelas&quot;}&#10;    domain: &quot;syntax&quot;&#10;    ignored: [&quot;examples&quot;]&#10;warning: the following keywords are unknown and will be ignored: [examples]&#10;    level: &quot;warning&quot;&#10;    schema: {&quot;loadingURI&quot;:&quot;#&quot;,&quot;pointer&quot;:&quot;/items/properties/seguro&quot;}&#10;    domain: &quot;syntax&quot;&#10;    ignored: [&quot;examples&quot;]&#10;warning: the following keywords are unknown and will be ignored: [examples]&#10;    level: &quot;warning&quot;&#10;    schema: {&quot;loadingURI&quot;:&quot;#&quot;,&quot;pointer&quot;:&quot;/items/properties/valor&quot;}&#10;    domain: &quot;syntax&quot;&#10;    ignored: [&quot;examples&quot;]&#10;warning: the following keywords are unknown and will be ignored: [examples]&#10;    level: &quot;warning&quot;&#10;    schema: {&quot;loadingURI&quot;:&quot;#&quot;,&quot;pointer&quot;:&quot;/items&quot;}&#10;    domain: &quot;syntax&quot;&#10;    ignored: [&quot;examples&quot;]&#10;warning: the following keywords are unknown and will be ignored: [examples]&#10;    level: &quot;warning&quot;&#10;    schema: {&quot;loadingURI&quot;:&quot;#&quot;,&quot;pointer&quot;:&quot;/items/properties/cpf&quot;}&#10;    domain: &quot;syntax&quot;&#10;    ignored: [&quot;examples&quot;]&#10;warning: the following keywords are unknown and will be ignored: [examples]&#10;    level: &quot;warning&quot;&#10;    schema: {&quot;loadingURI&quot;:&quot;#&quot;,&quot;pointer&quot;:&quot;/items/properties/email&quot;}&#10;    domain: &quot;syntax&quot;&#10;    ignored: [&quot;examples&quot;]&#10;warning: the following keywords are unknown and will be ignored: [examples]&#10;    level: &quot;warning&quot;&#10;    schema: {&quot;loadingURI&quot;:&quot;#&quot;,&quot;pointer&quot;:&quot;/items/properties/id&quot;}&#10;    domain: &quot;syntax&quot;&#10;    ignored: [&quot;examples&quot;]&#10;warning: the following keywords are unknown and will be ignored: [examples]&#10;    level: &quot;warning&quot;&#10;    schema: {&quot;loadingURI&quot;:&quot;#&quot;,&quot;pointer&quot;:&quot;/items/properties/nome&quot;}&#10;    domain: &quot;syntax&quot;&#10;    ignored: [&quot;examples&quot;]&#10;warning: the following keywords are unknown and will be ignored: [examples]&#10;    level: &quot;warning&quot;&#10;    schema: {&quot;loadingURI&quot;:&quot;#&quot;,&quot;pointer&quot;:&quot;/items/properties/parcelas&quot;}&#10;    domain: &quot;syntax&quot;&#10;    ignored: [&quot;examples&quot;]&#10;warning: the following keywords are unknown and will be ignored: [examples]&#10;    level: &quot;warning&quot;&#10;    schema: {&quot;loadingURI&quot;:&quot;#&quot;,&quot;pointer&quot;:&quot;/items/properties/seguro&quot;}&#10;    domain: &quot;syntax&quot;&#10;    ignored: [&quot;examples&quot;]&#10;warning: the following keywords are unknown and will be ignored: [examples]&#10;    level: &quot;warning&quot;&#10;    schema: {&quot;loadingURI&quot;:&quot;#&quot;,&quot;pointer&quot;:&quot;/items/properties/valor&quot;}&#10;    domain: &quot;syntax&quot;&#10;    ignored: [&quot;examples&quot;]&#10;warning: the following keywords are unknown and will be ignored: [examples]&#10;    level: &quot;warning&quot;&#10;    schema: {&quot;loadingURI&quot;:&quot;#&quot;,&quot;pointer&quot;:&quot;/items&quot;}&#10;    domain: &quot;syntax&quot;&#10;    ignored: [&quot;examples&quot;]&#10;warning: the following keywords are unknown and will be ignored: [examples]&#10;    level: &quot;warning&quot;&#10;    schema: {&quot;loadingURI&quot;:&quot;#&quot;,&quot;pointer&quot;:&quot;/items/properties/cpf&quot;}&#10;    domain: &quot;syntax&quot;&#10;    ignored: [&quot;examples&quot;]&#10;warning: the following keywords are unknown and will be ignored: [examples]&#10;    level: &quot;warning&quot;&#10;    schema: {&quot;loadingURI&quot;:&quot;#&quot;,&quot;pointer&quot;:&quot;/items/properties/email&quot;}&#10;    domain: &quot;syntax&quot;&#10;    ignored: [&quot;examples&quot;]&#10;warning: the following keywords are unknown and will be ignored: [examples]&#10;    level: &quot;warning&quot;&#10;    schema: {&quot;loadingURI&quot;:&quot;#&quot;,&quot;pointer&quot;:&quot;/items/properties/id&quot;}&#10;    domain: &quot;syntax&quot;&#10;    ignored: [&quot;examples&quot;]&#10;warning: the following keywords are unknown and will be ignored: [examples]&#10;    level: &quot;warning&quot;&#10;    schema: {&quot;loadingURI&quot;:&quot;#&quot;,&quot;pointer&quot;:&quot;/items/properties/nome&quot;}&#10;    domain: &quot;syntax&quot;&#10;    ignored: [&quot;examples&quot;]&#10;warning: the following keywords are unknown and will be ignored: [examples]&#10;    level: &quot;warning&quot;&#10;    schema: {&quot;loadingURI&quot;:&quot;#&quot;,&quot;pointer&quot;:&quot;/items/properties/parcelas&quot;}&#10;    domain: &quot;syntax&quot;&#10;    ignored: [&quot;examples&quot;]&#10;warning: the following keywords are unknown and will be ignored: [examples]&#10;    level: &quot;warning&quot;&#10;    schema: {&quot;loadingURI&quot;:&quot;#&quot;,&quot;pointer&quot;:&quot;/items/properties/seguro&quot;}&#10;    domain: &quot;syntax&quot;&#10;    ignored: [&quot;examples&quot;]&#10;warning: the following keywords are unknown and will be ignored: [examples]&#10;    level: &quot;warning&quot;&#10;    schema: {&quot;loadingURI&quot;:&quot;#&quot;,&quot;pointer&quot;:&quot;/items/properties/valor&quot;}&#10;    domain: &quot;syntax&quot;&#10;    ignored: [&quot;examples&quot;]&#10;warning: the following keywords are unknown and will be ignored: [examples]&#10;    level: &quot;warning&quot;&#10;    schema: {&quot;loadingURI&quot;:&quot;#&quot;,&quot;pointer&quot;:&quot;/items&quot;}&#10;    domain: &quot;syntax&quot;&#10;    ignored: [&quot;examples&quot;]&#10;warning: the following keywords are unknown and will be ignored: [examples]&#10;    level: &quot;warning&quot;&#10;    schema: {&quot;loadingURI&quot;:&quot;#&quot;,&quot;pointer&quot;:&quot;/items/properties/cpf&quot;}&#10;    domain: &quot;syntax&quot;&#10;    ignored: [&quot;examples&quot;]&#10;warning: the following keywords are unknown and will be ignored: [examples]&#10;    level: &quot;warning&quot;&#10;    schema: {&quot;loadingURI&quot;:&quot;#&quot;,&quot;pointer&quot;:&quot;/items/properties/email&quot;}&#10;    domain: &quot;syntax&quot;&#10;    ignored: [&quot;examples&quot;]&#10;warning: the following keywords are unknown and will be ignored: [examples]&#10;    level: &quot;warning&quot;&#10;    schema: {&quot;loadingURI&quot;:&quot;#&quot;,&quot;pointer&quot;:&quot;/items/properties/id&quot;}&#10;    domain: &quot;syntax&quot;&#10;    ignored: [&quot;examples&quot;]&#10;warning: the following keywords are unknown and will be ignored: [examples]&#10;    level: &quot;warning&quot;&#10;    schema: {&quot;loadingURI&quot;:&quot;#&quot;,&quot;pointer&quot;:&quot;/items/properties/nome&quot;}&#10;    domain: &quot;syntax&quot;&#10;    ignored: [&quot;examples&quot;]&#10;warning: the following keywords are unknown and will be ignored: [examples]&#10;    level: &quot;warning&quot;&#10;    schema: {&quot;loadingURI&quot;:&quot;#&quot;,&quot;pointer&quot;:&quot;/items/properties/parcelas&quot;}&#10;    domain: &quot;syntax&quot;&#10;    ignored: [&quot;examples&quot;]&#10;warning: the following keywords are unknown and will be ignored: [examples]&#10;    level: &quot;warning&quot;&#10;    schema: {&quot;loadingURI&quot;:&quot;#&quot;,&quot;pointer&quot;:&quot;/items/properties/seguro&quot;}&#10;    domain: &quot;syntax&quot;&#10;    ignored: [&quot;examples&quot;]&#10;warning: the following keywords are unknown and will be ignored: [examples]&#10;    level: &quot;warning&quot;&#10;    schema: {&quot;loadingURI&quot;:&quot;#&quot;,&quot;pointer&quot;:&quot;/items/properties/valor&quot;}&#10;    domain: &quot;syntax&quot;&#10;    ignored: [&quot;examples&quot;]&#10;warning: the following keywords are unknown and will be ignored: [examples]&#10;    level: &quot;warning&quot;&#10;    schema: {&quot;loadingURI&quot;:&quot;#&quot;,&quot;pointer&quot;:&quot;/items&quot;}&#10;    domain: &quot;syntax&quot;&#10;    ignored: [&quot;examples&quot;]&#10;warning: the following keywords are unknown and will be ignored: [examples]&#10;    level: &quot;warning&quot;&#10;    schema: {&quot;loadingURI&quot;:&quot;#&quot;,&quot;pointer&quot;:&quot;/items/properties/cpf&quot;}&#10;    domain: &quot;syntax&quot;&#10;    ignored: [&quot;examples&quot;]&#10;warning: the following keywords are unknown and will be ignored: [examples]&#10;    level: &quot;warning&quot;&#10;    schema: {&quot;loadingURI&quot;:&quot;#&quot;,&quot;pointer&quot;:&quot;/items/properties/email&quot;}&#10;    domain: &quot;syntax&quot;&#10;    ignored: [&quot;examples&quot;]&#10;warning: the following keywords are unknown and will be ignored: [examples]&#10;    level: &quot;warning&quot;&#10;    schema: {&quot;loadingURI&quot;:&quot;#&quot;,&quot;pointer&quot;:&quot;/items/properties/id&quot;}&#10;    domain: &quot;syntax&quot;&#10;    ignored: [&quot;examples&quot;]&#10;warning: the following keywords are unknown and will be ignored: [examples]&#10;    level: &quot;warning&quot;&#10;    schema: {&quot;loadingURI&quot;:&quot;#&quot;,&quot;pointer&quot;:&quot;/items/properties/nome&quot;}&#10;    domain: &quot;syntax&quot;&#10;    ignored: [&quot;examples&quot;]&#10;warning: the following keywords are unknown and will be ignored: [examples]&#10;    level: &quot;warning&quot;&#10;    schema: {&quot;loadingURI&quot;:&quot;#&quot;,&quot;pointer&quot;:&quot;/items/properties/parcelas&quot;}&#10;    domain: &quot;syntax&quot;&#10;    ignored: [&quot;examples&quot;]&#10;warning: the following keywords are unknown and will be ignored: [examples]&#10;    level: &quot;warning&quot;&#10;    schema: {&quot;loadingURI&quot;:&quot;#&quot;,&quot;pointer&quot;:&quot;/items/properties/seguro&quot;}&#10;    domain: &quot;syntax&quot;&#10;    ignored: [&quot;examples&quot;]&#10;warning: the following keywords are unknown and will be ignored: [examples]&#10;    level: &quot;warning&quot;&#10;    schema: {&quot;loadingURI&quot;:&quot;#&quot;,&quot;pointer&quot;:&quot;/items/properties/valor&quot;}&#10;    domain: &quot;syntax&quot;&#10;    ignored: [&quot;examples&quot;]&#10;warning: the following keywords are unknown and will be ignored: [examples]&#10;    level: &quot;warning&quot;&#10;    schema: {&quot;loadingURI&quot;:&quot;#&quot;,&quot;pointer&quot;:&quot;/items&quot;}&#10;    domain: &quot;syntax&quot;&#10;    ignored: [&quot;examples&quot;]&#10;warning: the following keywords are unknown and will be ignored: [examples]&#10;    level: &quot;warning&quot;&#10;    schema: {&quot;loadingURI&quot;:&quot;#&quot;,&quot;pointer&quot;:&quot;/items/properties/cpf&quot;}&#10;    domain: &quot;syntax&quot;&#10;    ignored: [&quot;examples&quot;]&#10;warning: the following keywords are unknown and will be ignored: [examples]&#10;    level: &quot;warning&quot;&#10;    schema: {&quot;loadingURI&quot;:&quot;#&quot;,&quot;pointer&quot;:&quot;/items/properties/email&quot;}&#10;    domain: &quot;syntax&quot;&#10;    ignored: [&quot;examples&quot;]&#10;warning: the following keywords are unknown and will be ignored: [examples]&#10;    level: &quot;warning&quot;&#10;    schema: {&quot;loadingURI&quot;:&quot;#&quot;,&quot;pointer&quot;:&quot;/items/properties/id&quot;}&#10;    domain: &quot;syntax&quot;&#10;    ignored: [&quot;examples&quot;]&#10;warning: the following keywords are unknown and will be ignored: [examples]&#10;    level: &quot;warning&quot;&#10;    schema: {&quot;loadingURI&quot;:&quot;#&quot;,&quot;pointer&quot;:&quot;/items/properties/nome&quot;}&#10;    domain: &quot;syntax&quot;&#10;    ignored: [&quot;examples&quot;]&#10;warning: the following keywords are unknown and will be ignored: [examples]&#10;    level: &quot;warning&quot;&#10;    schema: {&quot;loadingURI&quot;:&quot;#&quot;,&quot;pointer&quot;:&quot;/items/properties/parcelas&quot;}&#10;    domain: &quot;syntax&quot;&#10;    ignored: [&quot;examples&quot;]&#10;warning: the following keywords are unknown and will be ignored: [examples]&#10;    level: &quot;warning&quot;&#10;    schema: {&quot;loadingURI&quot;:&quot;#&quot;,&quot;pointer&quot;:&quot;/items/properties/seguro&quot;}&#10;    domain: &quot;syntax&quot;&#10;    ignored: [&quot;examples&quot;]&#10;warning: the following keywords are unknown and will be ignored: [examples]&#10;    level: &quot;warning&quot;&#10;    schema: {&quot;loadingURI&quot;:&quot;#&quot;,&quot;pointer&quot;:&quot;/items/properties/valor&quot;}&#10;    domain: &quot;syntax&quot;&#10;    ignored: [&quot;examples&quot;]&#10;warning: the following keywords are unknown and will be ignored: [examples]&#10;    level: &quot;warning&quot;&#10;    schema: {&quot;loadingURI&quot;:&quot;#&quot;,&quot;pointer&quot;:&quot;/items&quot;}&#10;    domain: &quot;syntax&quot;&#10;    ignored: [&quot;examples&quot;]&#10;warning: the following keywords are unknown and will be ignored: [examples]&#10;    level: &quot;warning&quot;&#10;    schema: {&quot;loadingURI&quot;:&quot;#&quot;,&quot;pointer&quot;:&quot;/items/properties/cpf&quot;}&#10;    domain: &quot;syntax&quot;&#10;    ignored: [&quot;examples&quot;]&#10;warning: the following keywords are unknown and will be ignored: [examples]&#10;    level: &quot;warning&quot;&#10;    schema: {&quot;loadingURI&quot;:&quot;#&quot;,&quot;pointer&quot;:&quot;/items/properties/email&quot;}&#10;    domain: &quot;syntax&quot;&#10;    ignored: [&quot;examples&quot;]&#10;warning: the following keywords are unknown and will be ignored: [examples]&#10;    level: &quot;warning&quot;&#10;    schema: {&quot;loadingURI&quot;:&quot;#&quot;,&quot;pointer&quot;:&quot;/items/properties/id&quot;}&#10;    domain: &quot;syntax&quot;&#10;    ignored: [&quot;examples&quot;]&#10;warning: the following keywords are unknown and will be ignored: [examples]&#10;    level: &quot;warning&quot;&#10;    schema: {&quot;loadingURI&quot;:&quot;#&quot;,&quot;pointer&quot;:&quot;/items/properties/nome&quot;}&#10;    domain: &quot;syntax&quot;&#10;    ignored: [&quot;examples&quot;]&#10;warning: the following keywords are unknown and will be ignored: [examples]&#10;    level: &quot;warning&quot;&#10;    schema: {&quot;loadingURI&quot;:&quot;#&quot;,&quot;pointer&quot;:&quot;/items/properties/parcelas&quot;}&#10;    domain: &quot;syntax&quot;&#10;    ignored: [&quot;examples&quot;]&#10;warning: the following keywords are unknown and will be ignored: [examples]&#10;    level: &quot;warning&quot;&#10;    schema: {&quot;loadingURI&quot;:&quot;#&quot;,&quot;pointer&quot;:&quot;/items/properties/seguro&quot;}&#10;    domain: &quot;syntax&quot;&#10;    ignored: [&quot;examples&quot;]&#10;warning: the following keywords are unknown and will be ignored: [examples]&#10;    level: &quot;warning&quot;&#10;    schema: {&quot;loadingURI&quot;:&quot;#&quot;,&quot;pointer&quot;:&quot;/items/properties/valor&quot;}&#10;    domain: &quot;syntax&quot;&#10;    ignored: [&quot;examples&quot;]&#10;warning: the following keywords are unknown and will be ignored: [examples]&#10;    level: &quot;warning&quot;&#10;    schema: {&quot;loadingURI&quot;:&quot;#&quot;,&quot;pointer&quot;:&quot;/items&quot;}&#10;    domain: &quot;syntax&quot;&#10;    ignored: [&quot;examples&quot;]&#10;warning: the following keywords are unknown and will be ignored: [examples]&#10;    level: &quot;warning&quot;&#10;    schema: {&quot;loadingURI&quot;:&quot;#&quot;,&quot;pointer&quot;:&quot;/items/properties/cpf&quot;}&#10;    domain: &quot;syntax&quot;&#10;    ignored: [&quot;examples&quot;]&#10;warning: the following keywords are unknown and will be ignored: [examples]&#10;    level: &quot;warning&quot;&#10;    schema: {&quot;loadingURI&quot;:&quot;#&quot;,&quot;pointer&quot;:&quot;/items/properties/email&quot;}&#10;    domain: &quot;syntax&quot;&#10;    ignored: [&quot;examples&quot;]&#10;warning: the following keywords are unknown and will be ignored: [examples]&#10;    level: &quot;warning&quot;&#10;    schema: {&quot;loadingURI&quot;:&quot;#&quot;,&quot;pointer&quot;:&quot;/items/properties/id&quot;}&#10;    domain: &quot;syntax&quot;&#10;    ignored: [&quot;examples&quot;]&#10;warning: the following keywords are unknown and will be ignored: [examples]&#10;    level: &quot;warning&quot;&#10;    schema: {&quot;loadingURI&quot;:&quot;#&quot;,&quot;pointer&quot;:&quot;/items/properties/nome&quot;}&#10;    domain: &quot;syntax&quot;&#10;    ignored: [&quot;examples&quot;]&#10;warning: the following keywords are unknown and will be ignored: [examples]&#10;    level: &quot;warning&quot;&#10;    schema: {&quot;loadingURI&quot;:&quot;#&quot;,&quot;pointer&quot;:&quot;/items/properties/parcelas&quot;}&#10;    domain: &quot;syntax&quot;&#10;    ignored: [&quot;examples&quot;]&#10;warning: the following keywords are unknown and will be ignored: [examples]&#10;    level: &quot;warning&quot;&#10;    schema: {&quot;loadingURI&quot;:&quot;#&quot;,&quot;pointer&quot;:&quot;/items/properties/seguro&quot;}&#10;    domain: &quot;syntax&quot;&#10;    ignored: [&quot;examples&quot;]&#10;warning: the following keywords are unknown and will be ignored: [examples]&#10;    level: &quot;warning&quot;&#10;    schema: {&quot;loadingURI&quot;:&quot;#&quot;,&quot;pointer&quot;:&quot;/items/properties/valor&quot;}&#10;    domain: &quot;syntax&quot;&#10;    ignored: [&quot;examples&quot;]&#10;warning: the following keywords are unknown and will be ignored: [examples]&#10;    level: &quot;warning&quot;&#10;    schema: {&quot;loadingURI&quot;:&quot;#&quot;,&quot;pointer&quot;:&quot;/items&quot;}&#10;    domain: &quot;syntax&quot;&#10;    ignored: [&quot;examples&quot;]&#10;warning: the following keywords are unknown and will be ignored: [examples]&#10;    level: &quot;warning&quot;&#10;    schema: {&quot;loadingURI&quot;:&quot;#&quot;,&quot;pointer&quot;:&quot;/items/properties/cpf&quot;}&#10;    domain: &quot;syntax&quot;&#10;    ignored: [&quot;examples&quot;]&#10;warning: the following keywords are unknown and will be ignored: [examples]&#10;    level: &quot;warning&quot;&#10;    schema: {&quot;loadingURI&quot;:&quot;#&quot;,&quot;pointer&quot;:&quot;/items/properties/email&quot;}&#10;    domain: &quot;syntax&quot;&#10;    ignored: [&quot;examples&quot;]&#10;warning: the following keywords are unknown and will be ignored: [examples]&#10;    level: &quot;warning&quot;&#10;    schema: {&quot;loadingURI&quot;:&quot;#&quot;,&quot;pointer&quot;:&quot;/items/properties/id&quot;}&#10;    domain: &quot;syntax&quot;&#10;    ignored: [&quot;examples&quot;]&#10;warning: the following keywords are unknown and will be ignored: [examples]&#10;    level: &quot;warning&quot;&#10;    schema: {&quot;loadingURI&quot;:&quot;#&quot;,&quot;pointer&quot;:&quot;/items/properties/nome&quot;}&#10;    domain: &quot;syntax&quot;&#10;    ignored: [&quot;examples&quot;]&#10;warning: the following keywords are unknown and will be ignored: [examples]&#10;    level: &quot;warning&quot;&#10;    schema: {&quot;loadingURI&quot;:&quot;#&quot;,&quot;pointer&quot;:&quot;/items/properties/parcelas&quot;}&#10;    domain: &quot;syntax&quot;&#10;    ignored: [&quot;examples&quot;]&#10;warning: the following keywords are unknown and will be ignored: [examples]&#10;    level: &quot;warning&quot;&#10;    schema: {&quot;loadingURI&quot;:&quot;#&quot;,&quot;pointer&quot;:&quot;/items/properties/seguro&quot;}&#10;    domain: &quot;syntax&quot;&#10;    ignored: [&quot;examples&quot;]&#10;warning: the following keywords are unknown and will be ignored: [examples]&#10;    level: &quot;warning&quot;&#10;    schema: {&quot;loadingURI&quot;:&quot;#&quot;,&quot;pointer&quot;:&quot;/items/properties/valor&quot;}&#10;    domain: &quot;syntax&quot;&#10;    ignored: [&quot;examples&quot;]&#10;warning: the following keywords are unknown and will be ignored: [examples]&#10;    level: &quot;warning&quot;&#10;    schema: {&quot;loadingURI&quot;:&quot;#&quot;,&quot;pointer&quot;:&quot;/items&quot;}&#10;    domain: &quot;syntax&quot;&#10;    ignored: [&quot;examples&quot;]&#10;warning: the following keywords are unknown and will be ignored: [examples]&#10;    level: &quot;warning&quot;&#10;    schema: {&quot;loadingURI&quot;:&quot;#&quot;,&quot;pointer&quot;:&quot;/items/properties/cpf&quot;}&#10;    domain: &quot;syntax&quot;&#10;    ignored: [&quot;examples&quot;]&#10;warning: the following keywords are unknown and will be ignored: [examples]&#10;    level: &quot;warning&quot;&#10;    schema: {&quot;loadingURI&quot;:&quot;#&quot;,&quot;pointer&quot;:&quot;/items/properties/email&quot;}&#10;    domain: &quot;syntax&quot;&#10;    ignored: [&quot;examples&quot;]&#10;warning: the following keywords are unknown and will be ignored: [examples]&#10;    level: &quot;warning&quot;&#10;    schema: {&quot;loadingURI&quot;:&quot;#&quot;,&quot;pointer&quot;:&quot;/items/properties/id&quot;}&#10;    domain: &quot;syntax&quot;&#10;    ignored: [&quot;examples&quot;]&#10;warning: the following keywords are unknown and will be ignored: [examples]&#10;    level: &quot;warning&quot;&#10;    schema: {&quot;loadingURI&quot;:&quot;#&quot;,&quot;pointer&quot;:&quot;/items/properties/nome&quot;}&#10;    domain: &quot;syntax&quot;&#10;    ignored: [&quot;examples&quot;]&#10;warning: the following keywords are unknown and will be ignored: [examples]&#10;    level: &quot;warning&quot;&#10;    schema: {&quot;loadingURI&quot;:&quot;#&quot;,&quot;pointer&quot;:&quot;/items/properties/parcelas&quot;}&#10;    domain: &quot;syntax&quot;&#10;    ignored: [&quot;examples&quot;]&#10;warning: the following keywords are unknown and will be ignored: [examples]&#10;    level: &quot;warning&quot;&#10;    schema: {&quot;loadingURI&quot;:&quot;#&quot;,&quot;pointer&quot;:&quot;/items/properties/seguro&quot;}&#10;    domain: &quot;syntax&quot;&#10;    ignored: [&quot;examples&quot;]&#10;warning: the following keywords are unknown and will be ignored: [examples]&#10;    level: &quot;warning&quot;&#10;    schema: {&quot;loadingURI&quot;:&quot;#&quot;,&quot;pointer&quot;:&quot;/items/properties/valor&quot;}&#10;    domain: &quot;syntax&quot;&#10;    ignored: [&quot;examples&quot;]&#10;warning: the following keywords are unknown and will be ignored: [examples]&#10;    level: &quot;warning&quot;&#10;    schema: {&quot;loadingURI&quot;:&quot;#&quot;,&quot;pointer&quot;:&quot;/items&quot;}&#10;    domain: &quot;syntax&quot;&#10;    ignored: [&quot;examples&quot;]&#10;warning: the following keywords are unknown and will be ignored: [examples]&#10;    level: &quot;warning&quot;&#10;    schema: {&quot;loadingURI&quot;:&quot;#&quot;,&quot;pointer&quot;:&quot;/items/properties/cpf&quot;}&#10;    domain: &quot;syntax&quot;&#10;    ignored: [&quot;examples&quot;]&#10;warning: the following keywords are unknown and will be ignored: [examples]&#10;    level: &quot;warning&quot;&#10;    schema: {&quot;loadingURI&quot;:&quot;#&quot;,&quot;pointer&quot;:&quot;/items/properties/email&quot;}&#10;    domain: &quot;syntax&quot;&#10;    ignored: [&quot;examples&quot;]&#10;warning: the following keywords are unknown and will be ignored: [examples]&#10;    level: &quot;warning&quot;&#10;    schema: {&quot;loadingURI&quot;:&quot;#&quot;,&quot;pointer&quot;:&quot;/items/properties/id&quot;}&#10;    domain: &quot;syntax&quot;&#10;    ignored: [&quot;examples&quot;]&#10;warning: the following keywords are unknown and will be ignored: [examples]&#10;    level: &quot;warning&quot;&#10;    schema: {&quot;loadingURI&quot;:&quot;#&quot;,&quot;pointer&quot;:&quot;/items/properties/nome&quot;}&#10;    domain: &quot;syntax&quot;&#10;    ignored: [&quot;examples&quot;]&#10;warning: the following keywords are unknown and will be ignored: [examples]&#10;    level: &quot;warning&quot;&#10;    schema: {&quot;loadingURI&quot;:&quot;#&quot;,&quot;pointer&quot;:&quot;/items/properties/parcelas&quot;}&#10;    domain: &quot;syntax&quot;&#10;    ignored: [&quot;examples&quot;]&#10;warning: the following keywords are unknown and will be ignored: [examples]&#10;    level: &quot;warning&quot;&#10;    schema: {&quot;loadingURI&quot;:&quot;#&quot;,&quot;pointer&quot;:&quot;/items/properties/seguro&quot;}&#10;    domain: &quot;syntax&quot;&#10;    ignored: [&quot;examples&quot;]&#10;warning: the following keywords are unknown and will be ignored: [examples]&#10;    level: &quot;warning&quot;&#10;    schema: {&quot;loadingURI&quot;:&quot;#&quot;,&quot;pointer&quot;:&quot;/items/properties/valor&quot;}&#10;    domain: &quot;syntax&quot;&#10;    ignored: [&quot;examples&quot;]&#10;warning: the following keywords are unknown and will be ignored: [examples]&#10;    level: &quot;warning&quot;&#10;    schema: {&quot;loadingURI&quot;:&quot;#&quot;,&quot;pointer&quot;:&quot;/items&quot;}&#10;    domain: &quot;syntax&quot;&#10;    ignored: [&quot;examples&quot;]&#10;warning: the following keywords are unknown and will be ignored: [examples]&#10;    level: &quot;warning&quot;&#10;    schema: {&quot;loadingURI&quot;:&quot;#&quot;,&quot;pointer&quot;:&quot;/items/properties/cpf&quot;}&#10;    domain: &quot;syntax&quot;&#10;    ignored: [&quot;examples&quot;]&#10;warning: the following keywords are unknown and will be ignored: [examples]&#10;    level: &quot;warning&quot;&#10;    schema: {&quot;loadingURI&quot;:&quot;#&quot;,&quot;pointer&quot;:&quot;/items/properties/email&quot;}&#10;    domain: &quot;syntax&quot;&#10;    ignored: [&quot;examples&quot;]&#10;warning: the following keywords are unknown and will be ignored: [examples]&#10;    level: &quot;warning&quot;&#10;    schema: {&quot;loadingURI&quot;:&quot;#&quot;,&quot;pointer&quot;:&quot;/items/properties/id&quot;}&#10;    domain: &quot;syntax&quot;&#10;    ignored: [&quot;examples&quot;]&#10;warning: the following keywords are unknown and will be ignored: [examples]&#10;    level: &quot;warning&quot;&#10;    schema: {&quot;loadingURI&quot;:&quot;#&quot;,&quot;pointer&quot;:&quot;/items/properties/nome&quot;}&#10;    domain: &quot;syntax&quot;&#10;    ignored: [&quot;examples&quot;]&#10;warning: the following keywords are unknown and will be ignored: [examples]&#10;    level: &quot;warning&quot;&#10;    schema: {&quot;loadingURI&quot;:&quot;#&quot;,&quot;pointer&quot;:&quot;/items/properties/parcelas&quot;}&#10;    domain: &quot;syntax&quot;&#10;    ignored: [&quot;examples&quot;]&#10;warning: the following keywords are unknown and will be ignored: [examples]&#10;    level: &quot;warning&quot;&#10;    schema: {&quot;loadingURI&quot;:&quot;#&quot;,&quot;pointer&quot;:&quot;/items/properties/seguro&quot;}&#10;    domain: &quot;syntax&quot;&#10;    ignored: [&quot;examples&quot;]&#10;warning: the following keywords are unknown and will be ignored: [examples]&#10;    level: &quot;warning&quot;&#10;    schema: {&quot;loadingURI&quot;:&quot;#&quot;,&quot;pointer&quot;:&quot;/items/properties/valor&quot;}&#10;    domain: &quot;syntax&quot;&#10;    ignored: [&quot;examples&quot;]&#10;warning: the following keywords are unknown and will be ignored: [examples]&#10;    level: &quot;warning&quot;&#10;    schema: {&quot;loadingURI&quot;:&quot;#&quot;,&quot;pointer&quot;:&quot;/items&quot;}&#10;    domain: &quot;syntax&quot;&#10;    ignored: [&quot;examples&quot;]&#10;warning: the following keywords are unknown and will be ignored: [examples]&#10;    level: &quot;warning&quot;&#10;    schema: {&quot;loadingURI&quot;:&quot;#&quot;,&quot;pointer&quot;:&quot;/items/properties/cpf&quot;}&#10;    domain: &quot;syntax&quot;&#10;    ignored: [&quot;examples&quot;]&#10;warning: the following keywords are unknown and will be ignored: [examples]&#10;    level: &quot;warning&quot;&#10;    schema: {&quot;loadingURI&quot;:&quot;#&quot;,&quot;pointer&quot;:&quot;/items/properties/email&quot;}&#10;    domain: &quot;syntax&quot;&#10;    ignored: [&quot;examples&quot;]&#10;warning: the following keywords are unknown and will be ignored: [examples]&#10;    level: &quot;warning&quot;&#10;    schema: {&quot;loadingURI&quot;:&quot;#&quot;,&quot;pointer&quot;:&quot;/items/properties/id&quot;}&#10;    domain: &quot;syntax&quot;&#10;    ignored: [&quot;examples&quot;]&#10;warning: the following keywords are unknown and will be ignored: [examples]&#10;    level: &quot;warning&quot;&#10;    schema: {&quot;loadingURI&quot;:&quot;#&quot;,&quot;pointer&quot;:&quot;/items/properties/nome&quot;}&#10;    domain: &quot;syntax&quot;&#10;    ignored: [&quot;examples&quot;]&#10;warning: the following keywords are unknown and will be ignored: [examples]&#10;    level: &quot;warning&quot;&#10;    schema: {&quot;loadingURI&quot;:&quot;#&quot;,&quot;pointer&quot;:&quot;/items/properties/parcelas&quot;}&#10;    domain: &quot;syntax&quot;&#10;    ignored: [&quot;examples&quot;]&#10;warning: the following keywords are unknown and will be ignored: [examples]&#10;    level: &quot;warning&quot;&#10;    schema: {&quot;loadingURI&quot;:&quot;#&quot;,&quot;pointer&quot;:&quot;/items/properties/seguro&quot;}&#10;    domain: &quot;syntax&quot;&#10;    ignored: [&quot;examples&quot;]&#10;warning: the following keywords are unknown and will be ignored: [examples]&#10;    level: &quot;warning&quot;&#10;    schema: {&quot;loadingURI&quot;:&quot;#&quot;,&quot;pointer&quot;:&quot;/items/properties/valor&quot;}&#10;    domain: &quot;syntax&quot;&#10;    ignored: [&quot;examples&quot;]&#10;warning: the following keywords are unknown and will be ignored: [examples]&#10;    level: &quot;warning&quot;&#10;    schema: {&quot;loadingURI&quot;:&quot;#&quot;,&quot;pointer&quot;:&quot;/items&quot;}&#10;    domain: &quot;syntax&quot;&#10;    ignored: [&quot;examples&quot;]&#10;warning: the following keywords are unknown and will be ignored: [examples]&#10;    level: &quot;warning&quot;&#10;    schema: {&quot;loadingURI&quot;:&quot;#&quot;,&quot;pointer&quot;:&quot;/items/properties/cpf&quot;}&#10;    domain: &quot;syntax&quot;&#10;    ignored: [&quot;examples&quot;]&#10;warning: the following keywords are unknown and will be ignored: [examples]&#10;    level: &quot;warning&quot;&#10;    schema: {&quot;loadingURI&quot;:&quot;#&quot;,&quot;pointer&quot;:&quot;/items/properties/email&quot;}&#10;    domain: &quot;syntax&quot;&#10;    ignored: [&quot;examples&quot;]&#10;warning: the following keywords are unknown and will be ignored: [examples]&#10;    level: &quot;warning&quot;&#10;    schema: {&quot;loadingURI&quot;:&quot;#&quot;,&quot;pointer&quot;:&quot;/items/properties/id&quot;}&#10;    domain: &quot;syntax&quot;&#10;    ignored: [&quot;examples&quot;]&#10;warning: the following keywords are unknown and will be ignored: [examples]&#10;    level: &quot;warning&quot;&#10;    schema: {&quot;loadingURI&quot;:&quot;#&quot;,&quot;pointer&quot;:&quot;/items/properties/nome&quot;}&#10;    domain: &quot;syntax&quot;&#10;    ignored: [&quot;examples&quot;]&#10;warning: the following keywords are unknown and will be ignored: [examples]&#10;    level: &quot;warning&quot;&#10;    schema: {&quot;loadingURI&quot;:&quot;#&quot;,&quot;pointer&quot;:&quot;/items/properties/parcelas&quot;}&#10;    domain: &quot;syntax&quot;&#10;    ignored: [&quot;examples&quot;]&#10;warning: the following keywords are unknown and will be ignored: [examples]&#10;    level: &quot;warning&quot;&#10;    schema: {&quot;loadingURI&quot;:&quot;#&quot;,&quot;pointer&quot;:&quot;/items/properties/seguro&quot;}&#10;    domain: &quot;syntax&quot;&#10;    ignored: [&quot;examples&quot;]&#10;warning: the following keywords are unknown and will be ignored: [examples]&#10;    level: &quot;warning&quot;&#10;    schema: {&quot;loadingURI&quot;:&quot;#&quot;,&quot;pointer&quot;:&quot;/items/properties/valor&quot;}&#10;    domain: &quot;syntax&quot;&#10;    ignored: [&quot;examples&quot;]&#10;warning: the following keywords are unknown and will be ignored: [examples]&#10;    level: &quot;warning&quot;&#10;    schema: {&quot;loadingURI&quot;:&quot;#&quot;,&quot;pointer&quot;:&quot;/items&quot;}&#10;    domain: &quot;syntax&quot;&#10;    ignored: [&quot;examples&quot;]&#10;warning: the following keywords are unknown and will be ignored: [examples]&#10;    level: &quot;warning&quot;&#10;    schema: {&quot;loadingURI&quot;:&quot;#&quot;,&quot;pointer&quot;:&quot;/items/properties/cpf&quot;}&#10;    domain: &quot;syntax&quot;&#10;    ignored: [&quot;examples&quot;]&#10;warning: the following keywords are unknown and will be ignored: [examples]&#10;    level: &quot;warning&quot;&#10;    schema: {&quot;loadingURI&quot;:&quot;#&quot;,&quot;pointer&quot;:&quot;/items/properties/email&quot;}&#10;    domain: &quot;syntax&quot;&#10;    ignored: [&quot;examples&quot;]&#10;warning: the following keywords are unknown and will be ignored: [examples]&#10;    level: &quot;warning&quot;&#10;    schema: {&quot;loadingURI&quot;:&quot;#&quot;,&quot;pointer&quot;:&quot;/items/properties/id&quot;}&#10;    domain: &quot;syntax&quot;&#10;    ignored: [&quot;examples&quot;]&#10;warning: the following keywords are unknown and will be ignored: [examples]&#10;    level: &quot;warning&quot;&#10;    schema: {&quot;loadingURI&quot;:&quot;#&quot;,&quot;pointer&quot;:&quot;/items/properties/nome&quot;}&#10;    domain: &quot;syntax&quot;&#10;    ignored: [&quot;examples&quot;]&#10;warning: the following keywords are unknown and will be ignored: [examples]&#10;    level: &quot;warning&quot;&#10;    schema: {&quot;loadingURI&quot;:&quot;#&quot;,&quot;pointer&quot;:&quot;/items/properties/parcelas&quot;}&#10;    domain: &quot;syntax&quot;&#10;    ignored: [&quot;examples&quot;]&#10;warning: the following keywords are unknown and will be ignored: [examples]&#10;    level: &quot;warning&quot;&#10;    schema: {&quot;loadingURI&quot;:&quot;#&quot;,&quot;pointer&quot;:&quot;/items/properties/seguro&quot;}&#10;    domain: &quot;syntax&quot;&#10;    ignored: [&quot;examples&quot;]&#10;warning: the following keywords are unknown and will be ignored: [examples]&#10;    level: &quot;warning&quot;&#10;    schema: {&quot;loadingURI&quot;:&quot;#&quot;,&quot;pointer&quot;:&quot;/items/properties/valor&quot;}&#10;    domain: &quot;syntax&quot;&#10;    ignored: [&quot;examples&quot;]&#10;warning: the following keywords are unknown and will be ignored: [examples]&#10;    level: &quot;warning&quot;&#10;    schema: {&quot;loadingURI&quot;:&quot;#&quot;,&quot;pointer&quot;:&quot;/items&quot;}&#10;    domain: &quot;syntax&quot;&#10;    ignored: [&quot;examples&quot;]&#10;warning: the following keywords are unknown and will be ignored: [examples]&#10;    level: &quot;warning&quot;&#10;    schema: {&quot;loadingURI&quot;:&quot;#&quot;,&quot;pointer&quot;:&quot;/items/properties/cpf&quot;}&#10;    domain: &quot;syntax&quot;&#10;    ignored: [&quot;examples&quot;]&#10;warning: the following keywords are unknown and will be ignored: [examples]&#10;    level: &quot;warning&quot;&#10;    schema: {&quot;loadingURI&quot;:&quot;#&quot;,&quot;pointer&quot;:&quot;/items/properties/email&quot;}&#10;    domain: &quot;syntax&quot;&#10;    ignored: [&quot;examples&quot;]&#10;warning: the following keywords are unknown and will be ignored: [examples]&#10;    level: &quot;warning&quot;&#10;    schema: {&quot;loadingURI&quot;:&quot;#&quot;,&quot;pointer&quot;:&quot;/items/properties/id&quot;}&#10;    domain: &quot;syntax&quot;&#10;    ignored: [&quot;examples&quot;]&#10;warning: the following keywords are unknown and will be ignored: [examples]&#10;    level: &quot;warning&quot;&#10;    schema: {&quot;loadingURI&quot;:&quot;#&quot;,&quot;pointer&quot;:&quot;/items/properties/nome&quot;}&#10;    domain: &quot;syntax&quot;&#10;    ignored: [&quot;examples&quot;]&#10;warning: the following keywords are unknown and will be ignored: [examples]&#10;    level: &quot;warning&quot;&#10;    schema: {&quot;loadingURI&quot;:&quot;#&quot;,&quot;pointer&quot;:&quot;/items/properties/parcelas&quot;}&#10;    domain: &quot;syntax&quot;&#10;    ignored: [&quot;examples&quot;]&#10;warning: the following keywords are unknown and will be ignored: [examples]&#10;    level: &quot;warning&quot;&#10;    schema: {&quot;loadingURI&quot;:&quot;#&quot;,&quot;pointer&quot;:&quot;/items/properties/seguro&quot;}&#10;    domain: &quot;syntax&quot;&#10;    ignored: [&quot;examples&quot;]&#10;warning: the following keywords are unknown and will be ignored: [examples]&#10;    level: &quot;warning&quot;&#10;    schema: {&quot;loadingURI&quot;:&quot;#&quot;,&quot;pointer&quot;:&quot;/items/properties/valor&quot;}&#10;    domain: &quot;syntax&quot;&#10;    ignored: [&quot;examples&quot;]&#10;warning: the following keywords are unknown and will be ignored: [examples]&#10;    level: &quot;warning&quot;&#10;    schema: {&quot;loadingURI&quot;:&quot;#&quot;,&quot;pointer&quot;:&quot;/items&quot;}&#10;    domain: &quot;syntax&quot;&#10;    ignored: [&quot;examples&quot;]&#10;warning: the following keywords are unknown and will be ignored: [examples]&#10;    level: &quot;warning&quot;&#10;    schema: {&quot;loadingURI&quot;:&quot;#&quot;,&quot;pointer&quot;:&quot;/items/properties/cpf&quot;}&#10;    domain: &quot;syntax&quot;&#10;    ignored: [&quot;examples&quot;]&#10;warning: the following keywords are unknown and will be ignored: [examples]&#10;    level: &quot;warning&quot;&#10;    schema: {&quot;loadingURI&quot;:&quot;#&quot;,&quot;pointer&quot;:&quot;/items/properties/email&quot;}&#10;    domain: &quot;syntax&quot;&#10;    ignored: [&quot;examples&quot;]&#10;warning: the following keywords are unknown and will be ignored: [examples]&#10;    level: &quot;warning&quot;&#10;    schema: {&quot;loadingURI&quot;:&quot;#&quot;,&quot;pointer&quot;:&quot;/items/properties/id&quot;}&#10;    domain: &quot;syntax&quot;&#10;    ignored: [&quot;examples&quot;]&#10;warning: the following keywords are unknown and will be ignored: [examples]&#10;    level: &quot;warning&quot;&#10;    schema: {&quot;loadingURI&quot;:&quot;#&quot;,&quot;pointer&quot;:&quot;/items/properties/nome&quot;}&#10;    domain: &quot;syntax&quot;&#10;    ignored: [&quot;examples&quot;]&#10;warning: the following keywords are unknown and will be ignored: [examples]&#10;    level: &quot;warning&quot;&#10;    schema: {&quot;loadingURI&quot;:&quot;#&quot;,&quot;pointer&quot;:&quot;/items/properties/parcelas&quot;}&#10;    domain: &quot;syntax&quot;&#10;    ignored: [&quot;examples&quot;]&#10;warning: the following keywords are unknown and will be ignored: [examples]&#10;    level: &quot;warning&quot;&#10;    schema: {&quot;loadingURI&quot;:&quot;#&quot;,&quot;pointer&quot;:&quot;/items/properties/seguro&quot;}&#10;    domain: &quot;syntax&quot;&#10;    ignored: [&quot;examples&quot;]&#10;warning: the following keywords are unknown and will be ignored: [examples]&#10;    level: &quot;warning&quot;&#10;    schema: {&quot;loadingURI&quot;:&quot;#&quot;,&quot;pointer&quot;:&quot;/items/properties/valor&quot;}&#10;    domain: &quot;syntax&quot;&#10;    ignored: [&quot;examples&quot;]&#10;warning: the following keywords are unknown and will be ignored: [examples]&#10;    level: &quot;warning&quot;&#10;    schema: {&quot;loadingURI&quot;:&quot;#&quot;,&quot;pointer&quot;:&quot;/items&quot;}&#10;    domain: &quot;syntax&quot;&#10;    ignored: [&quot;examples&quot;]&#10;warning: the following keywords are unknown and will be ignored: [examples]&#10;    level: &quot;warning&quot;&#10;    schema: {&quot;loadingURI&quot;:&quot;#&quot;,&quot;pointer&quot;:&quot;/items/properties/cpf&quot;}&#10;    domain: &quot;syntax&quot;&#10;    ignored: [&quot;examples&quot;]&#10;warning: the following keywords are unknown and will be ignored: [examples]&#10;    level: &quot;warning&quot;&#10;    schema: {&quot;loadingURI&quot;:&quot;#&quot;,&quot;pointer&quot;:&quot;/items/properties/email&quot;}&#10;    domain: &quot;syntax&quot;&#10;    ignored: [&quot;examples&quot;]&#10;warning: the following keywords are unknown and will be ignored: [examples]&#10;    level: &quot;warning&quot;&#10;    schema: {&quot;loadingURI&quot;:&quot;#&quot;,&quot;pointer&quot;:&quot;/items/properties/id&quot;}&#10;    domain: &quot;syntax&quot;&#10;    ignored: [&quot;examples&quot;]&#10;warning: the following keywords are unknown and will be ignored: [examples]&#10;    level: &quot;warning&quot;&#10;    schema: {&quot;loadingURI&quot;:&quot;#&quot;,&quot;pointer&quot;:&quot;/items/properties/nome&quot;}&#10;    domain: &quot;syntax&quot;&#10;    ignored: [&quot;examples&quot;]&#10;warning: the following keywords are unknown and will be ignored: [examples]&#10;    level: &quot;warning&quot;&#10;    schema: {&quot;loadingURI&quot;:&quot;#&quot;,&quot;pointer&quot;:&quot;/items/properties/parcelas&quot;}&#10;    domain: &quot;syntax&quot;&#10;    ignored: [&quot;examples&quot;]&#10;warning: the following keywords are unknown and will be ignored: [examples]&#10;    level: &quot;warning&quot;&#10;    schema: {&quot;loadingURI&quot;:&quot;#&quot;,&quot;pointer&quot;:&quot;/items/properties/seguro&quot;}&#10;    domain: &quot;syntax&quot;&#10;    ignored: [&quot;examples&quot;]&#10;warning: the following keywords are unknown and will be ignored: [examples]&#10;    level: &quot;warning&quot;&#10;    schema: {&quot;loadingURI&quot;:&quot;#&quot;,&quot;pointer&quot;:&quot;/items/properties/valor&quot;}&#10;    domain: &quot;syntax&quot;&#10;    ignored: [&quot;examples&quot;]&#10;warning: the following keywords are unknown and will be ignored: [examples]&#10;    level: &quot;warning&quot;&#10;    schema: {&quot;loadingURI&quot;:&quot;#&quot;,&quot;pointer&quot;:&quot;/items&quot;}&#10;    domain: &quot;syntax&quot;&#10;    ignored: [&quot;examples&quot;]&#10;warning: the following keywords are unknown and will be ignored: [examples]&#10;    level: &quot;warning&quot;&#10;    schema: {&quot;loadingURI&quot;:&quot;#&quot;,&quot;pointer&quot;:&quot;/items/properties/cpf&quot;}&#10;    domain: &quot;syntax&quot;&#10;    ignored: [&quot;examples&quot;]&#10;warning: the following keywords are unknown and will be ignored: [examples]&#10;    level: &quot;warning&quot;&#10;    schema: {&quot;loadingURI&quot;:&quot;#&quot;,&quot;pointer&quot;:&quot;/items/properties/email&quot;}&#10;    domain: &quot;syntax&quot;&#10;    ignored: [&quot;examples&quot;]&#10;warning: the following keywords are unknown and will be ignored: [examples]&#10;    level: &quot;warning&quot;&#10;    schema: {&quot;loadingURI&quot;:&quot;#&quot;,&quot;pointer&quot;:&quot;/items/properties/id&quot;}&#10;    domain: &quot;syntax&quot;&#10;    ignored: [&quot;examples&quot;]&#10;warning: the following keywords are unknown and will be ignored: [examples]&#10;    level: &quot;warning&quot;&#10;    schema: {&quot;loadingURI&quot;:&quot;#&quot;,&quot;pointer&quot;:&quot;/items/properties/nome&quot;}&#10;    domain: &quot;syntax&quot;&#10;    ignored: [&quot;examples&quot;]&#10;warning: the following keywords are unknown and will be ignored: [examples]&#10;    level: &quot;warning&quot;&#10;    schema: {&quot;loadingURI&quot;:&quot;#&quot;,&quot;pointer&quot;:&quot;/items/properties/parcelas&quot;}&#10;    domain: &quot;syntax&quot;&#10;    ignored: [&quot;examples&quot;]&#10;warning: the following keywords are unknown and will be ignored: [examples]&#10;    level: &quot;warning&quot;&#10;    schema: {&quot;loadingURI&quot;:&quot;#&quot;,&quot;pointer&quot;:&quot;/items/properties/seguro&quot;}&#10;    domain: &quot;syntax&quot;&#10;    ignored: [&quot;examples&quot;]&#10;warning: the following keywords are unknown and will be ignored: [examples]&#10;    level: &quot;warning&quot;&#10;    schema: {&quot;loadingURI&quot;:&quot;#&quot;,&quot;pointer&quot;:&quot;/items/properties/valor&quot;}&#10;    domain: &quot;syntax&quot;&#10;    ignored: [&quot;examples&quot;]&#10;warning: the following keywords are unknown and will be ignored: [examples]&#10;    level: &quot;warning&quot;&#10;    schema: {&quot;loadingURI&quot;:&quot;#&quot;,&quot;pointer&quot;:&quot;/items&quot;}&#10;    domain: &quot;syntax&quot;&#10;    ignored: [&quot;examples&quot;]&#10;warning: the following keywords are unknown and will be ignored: [examples]&#10;    level: &quot;warning&quot;&#10;    schema: {&quot;loadingURI&quot;:&quot;#&quot;,&quot;pointer&quot;:&quot;/items/properties/cpf&quot;}&#10;    domain: &quot;syntax&quot;&#10;    ignored: [&quot;examples&quot;]&#10;warning: the following keywords are unknown and will be ignored: [examples]&#10;    level: &quot;warning&quot;&#10;    schema: {&quot;loadingURI&quot;:&quot;#&quot;,&quot;pointer&quot;:&quot;/items/properties/email&quot;}&#10;    domain: &quot;syntax&quot;&#10;    ignored: [&quot;examples&quot;]&#10;warning: the following keywords are unknown and will be ignored: [examples]&#10;    level: &quot;warning&quot;&#10;    schema: {&quot;loadingURI&quot;:&quot;#&quot;,&quot;pointer&quot;:&quot;/items/properties/id&quot;}&#10;    domain: &quot;syntax&quot;&#10;    ignored: [&quot;examples&quot;]&#10;warning: the following keywords are unknown and will be ignored: [examples]&#10;    level: &quot;warning&quot;&#10;    schema: {&quot;loadingURI&quot;:&quot;#&quot;,&quot;pointer&quot;:&quot;/items/properties/nome&quot;}&#10;    domain: &quot;syntax&quot;&#10;    ignored: [&quot;examples&quot;]&#10;warning: the following keywords are unknown and will be ignored: [examples]&#10;    level: &quot;warning&quot;&#10;    schema: {&quot;loadingURI&quot;:&quot;#&quot;,&quot;pointer&quot;:&quot;/items/properties/parcelas&quot;}&#10;    domain: &quot;syntax&quot;&#10;    ignored: [&quot;examples&quot;]&#10;warning: the following keywords are unknown and will be ignored: [examples]&#10;    level: &quot;warning&quot;&#10;    schema: {&quot;loadingURI&quot;:&quot;#&quot;,&quot;pointer&quot;:&quot;/items/properties/seguro&quot;}&#10;    domain: &quot;syntax&quot;&#10;    ignored: [&quot;examples&quot;]&#10;warning: the following keywords are unknown and will be ignored: [examples]&#10;    level: &quot;warning&quot;&#10;    schema: {&quot;loadingURI&quot;:&quot;#&quot;,&quot;pointer&quot;:&quot;/items/properties/valor&quot;}&#10;    domain: &quot;syntax&quot;&#10;    ignored: [&quot;examples&quot;]&#10;warning: the following keywords are unknown and will be ignored: [examples]&#10;    level: &quot;warning&quot;&#10;    schema: {&quot;loadingURI&quot;:&quot;#&quot;,&quot;pointer&quot;:&quot;/items&quot;}&#10;    domain: &quot;syntax&quot;&#10;    ignored: [&quot;examples&quot;]&#10;warning: the following keywords are unknown and will be ignored: [examples]&#10;    level: &quot;warning&quot;&#10;    schema: {&quot;loadingURI&quot;:&quot;#&quot;,&quot;pointer&quot;:&quot;/items/properties/cpf&quot;}&#10;    domain: &quot;syntax&quot;&#10;    ignored: [&quot;examples&quot;]&#10;warning: the following keywords are unknown and will be ignored: [examples]&#10;    level: &quot;warning&quot;&#10;    schema: {&quot;loadingURI&quot;:&quot;#&quot;,&quot;pointer&quot;:&quot;/items/properties/email&quot;}&#10;    domain: &quot;syntax&quot;&#10;    ignored: [&quot;examples&quot;]&#10;warning: the following keywords are unknown and will be ignored: [examples]&#10;    level: &quot;warning&quot;&#10;    schema: {&quot;loadingURI&quot;:&quot;#&quot;,&quot;pointer&quot;:&quot;/items/properties/id&quot;}&#10;    domain: &quot;syntax&quot;&#10;    ignored: [&quot;examples&quot;]&#10;warning: the following keywords are unknown and will be ignored: [examples]&#10;    level: &quot;warning&quot;&#10;    schema: {&quot;loadingURI&quot;:&quot;#&quot;,&quot;pointer&quot;:&quot;/items/properties/nome&quot;}&#10;    domain: &quot;syntax&quot;&#10;    ignored: [&quot;examples&quot;]&#10;warning: the following keywords are unknown and will be ignored: [examples]&#10;    level: &quot;warning&quot;&#10;    schema: {&quot;loadingURI&quot;:&quot;#&quot;,&quot;pointer&quot;:&quot;/items/properties/parcelas&quot;}&#10;    domain: &quot;syntax&quot;&#10;    ignored: [&quot;examples&quot;]&#10;warning: the following keywords are unknown and will be ignored: [examples]&#10;    level: &quot;warning&quot;&#10;    schema: {&quot;loadingURI&quot;:&quot;#&quot;,&quot;pointer&quot;:&quot;/items/properties/seguro&quot;}&#10;    domain: &quot;syntax&quot;&#10;    ignored: [&quot;examples&quot;]&#10;warning: the following keywords are unknown and will be ignored: [examples]&#10;    level: &quot;warning&quot;&#10;    schema: {&quot;loadingURI&quot;:&quot;#&quot;,&quot;pointer&quot;:&quot;/items/properties/valor&quot;}&#10;    domain: &quot;syntax&quot;&#10;    ignored: [&quot;examples&quot;]&#10;warning: the following keywords are unknown and will be ignored: [examples]&#10;    level: &quot;warning&quot;&#10;    schema: {&quot;loadingURI&quot;:&quot;#&quot;,&quot;pointer&quot;:&quot;/items&quot;}&#10;    domain: &quot;syntax&quot;&#10;    ignored: [&quot;examples&quot;]&#10;warning: the following keywords are unknown and will be ignored: [examples]&#10;    level: &quot;warning&quot;&#10;    schema: {&quot;loadingURI&quot;:&quot;#&quot;,&quot;pointer&quot;:&quot;/items/properties/cpf&quot;}&#10;    domain: &quot;syntax&quot;&#10;    ignored: [&quot;examples&quot;]&#10;warning: the following keywords are unknown and will be ignored: [examples]&#10;    level: &quot;warning&quot;&#10;    schema: {&quot;loadingURI&quot;:&quot;#&quot;,&quot;pointer&quot;:&quot;/items/properties/email&quot;}&#10;    domain: &quot;syntax&quot;&#10;    ignored: [&quot;examples&quot;]&#10;warning: the following keywords are unknown and will be ignored: [examples]&#10;    level: &quot;warning&quot;&#10;    schema: {&quot;loadingURI&quot;:&quot;#&quot;,&quot;pointer&quot;:&quot;/items/properties/id&quot;}&#10;    domain: &quot;syntax&quot;&#10;    ignored: [&quot;examples&quot;]&#10;warning: the following keywords are unknown and will be ignored: [examples]&#10;    level: &quot;warning&quot;&#10;    schema: {&quot;loadingURI&quot;:&quot;#&quot;,&quot;pointer&quot;:&quot;/items/properties/nome&quot;}&#10;    domain: &quot;syntax&quot;&#10;    ignored: [&quot;examples&quot;]&#10;warning: the following keywords are unknown and will be ignored: [examples]&#10;    level: &quot;warning&quot;&#10;    schema: {&quot;loadingURI&quot;:&quot;#&quot;,&quot;pointer&quot;:&quot;/items/properties/parcelas&quot;}&#10;    domain: &quot;syntax&quot;&#10;    ignored: [&quot;examples&quot;]&#10;warning: the following keywords are unknown and will be ignored: [examples]&#10;    level: &quot;warning&quot;&#10;    schema: {&quot;loadingURI&quot;:&quot;#&quot;,&quot;pointer&quot;:&quot;/items/properties/seguro&quot;}&#10;    domain: &quot;syntax&quot;&#10;    ignored: [&quot;examples&quot;]&#10;warning: the following keywords are unknown and will be ignored: [examples]&#10;    level: &quot;warning&quot;&#10;    schema: {&quot;loadingURI&quot;:&quot;#&quot;,&quot;pointer&quot;:&quot;/items/properties/valor&quot;}&#10;    domain: &quot;syntax&quot;&#10;    ignored: [&quot;examples&quot;]&#10;warning: the following keywords are unknown and will be ignored: [examples]&#10;    level: &quot;warning&quot;&#10;    schema: {&quot;loadingURI&quot;:&quot;#&quot;,&quot;pointer&quot;:&quot;/items&quot;}&#10;    domain: &quot;syntax&quot;&#10;    ignored: [&quot;examples&quot;]&#10;warning: the following keywords are unknown and will be ignored: [examples]&#10;    level: &quot;warning&quot;&#10;    schema: {&quot;loadingURI&quot;:&quot;#&quot;,&quot;pointer&quot;:&quot;/items/properties/cpf&quot;}&#10;    domain: &quot;syntax&quot;&#10;    ignored: [&quot;examples&quot;]&#10;warning: the following keywords are unknown and will be ignored: [examples]&#10;    level: &quot;warning&quot;&#10;    schema: {&quot;loadingURI&quot;:&quot;#&quot;,&quot;pointer&quot;:&quot;/items/properties/email&quot;}&#10;    domain: &quot;syntax&quot;&#10;    ignored: [&quot;examples&quot;]&#10;warning: the following keywords are unknown and will be ignored: [examples]&#10;    level: &quot;warning&quot;&#10;    schema: {&quot;loadingURI&quot;:&quot;#&quot;,&quot;pointer&quot;:&quot;/items/properties/id&quot;}&#10;    domain: &quot;syntax&quot;&#10;    ignored: [&quot;examples&quot;]&#10;warning: the following keywords are unknown and will be ignored: [examples]&#10;    level: &quot;warning&quot;&#10;    schema: {&quot;loadingURI&quot;:&quot;#&quot;,&quot;pointer&quot;:&quot;/items/properties/nome&quot;}&#10;    domain: &quot;syntax&quot;&#10;    ignored: [&quot;examples&quot;]&#10;warning: the following keywords are unknown and will be ignored: [examples]&#10;    level: &quot;warning&quot;&#10;    schema: {&quot;loadingURI&quot;:&quot;#&quot;,&quot;pointer&quot;:&quot;/items/properties/parcelas&quot;}&#10;    domain: &quot;syntax&quot;&#10;    ignored: [&quot;examples&quot;]&#10;warning: the following keywords are unknown and will be ignored: [examples]&#10;    level: &quot;warning&quot;&#10;    schema: {&quot;loadingURI&quot;:&quot;#&quot;,&quot;pointer&quot;:&quot;/items/properties/seguro&quot;}&#10;    domain: &quot;syntax&quot;&#10;    ignored: [&quot;examples&quot;]&#10;warning: the following keywords are unknown and will be ignored: [examples]&#10;    level: &quot;warning&quot;&#10;    schema: {&quot;loadingURI&quot;:&quot;#&quot;,&quot;pointer&quot;:&quot;/items/properties/valor&quot;}&#10;    domain: &quot;syntax&quot;&#10;    ignored: [&quot;examples&quot;]&#10;warning: the following keywords are unknown and will be ignored: [examples]&#10;    level: &quot;warning&quot;&#10;    schema: {&quot;loadingURI&quot;:&quot;#&quot;,&quot;pointer&quot;:&quot;/items&quot;}&#10;    domain: &quot;syntax&quot;&#10;    ignored: [&quot;examples&quot;]&#10;warning: the following keywords are unknown and will be ignored: [examples]&#10;    level: &quot;warning&quot;&#10;    schema: {&quot;loadingURI&quot;:&quot;#&quot;,&quot;pointer&quot;:&quot;/items/properties/cpf&quot;}&#10;    domain: &quot;syntax&quot;&#10;    ignored: [&quot;examples&quot;]&#10;warning: the following keywords are unknown and will be ignored: [examples]&#10;    level: &quot;warning&quot;&#10;    schema: {&quot;loadingURI&quot;:&quot;#&quot;,&quot;pointer&quot;:&quot;/items/properties/email&quot;}&#10;    domain: &quot;syntax&quot;&#10;    ignored: [&quot;examples&quot;]&#10;warning: the following keywords are unknown and will be ignored: [examples]&#10;    level: &quot;warning&quot;&#10;    schema: {&quot;loadingURI&quot;:&quot;#&quot;,&quot;pointer&quot;:&quot;/items/properties/id&quot;}&#10;    domain: &quot;syntax&quot;&#10;    ignored: [&quot;examples&quot;]&#10;warning: the following keywords are unknown and will be ignored: [examples]&#10;    level: &quot;warning&quot;&#10;    schema: {&quot;loadingURI&quot;:&quot;#&quot;,&quot;pointer&quot;:&quot;/items/properties/nome&quot;}&#10;    domain: &quot;syntax&quot;&#10;    ignored: [&quot;examples&quot;]&#10;warning: the following keywords are unknown and will be ignored: [examples]&#10;    level: &quot;warning&quot;&#10;    schema: {&quot;loadingURI&quot;:&quot;#&quot;,&quot;pointer&quot;:&quot;/items/properties/parcelas&quot;}&#10;    domain: &quot;syntax&quot;&#10;    ignored: [&quot;examples&quot;]&#10;warning: the following keywords are unknown and will be ignored: [examples]&#10;    level: &quot;warning&quot;&#10;    schema: {&quot;loadingURI&quot;:&quot;#&quot;,&quot;pointer&quot;:&quot;/items/properties/seguro&quot;}&#10;    domain: &quot;syntax&quot;&#10;    ignored: [&quot;examples&quot;]&#10;warning: the following keywords are unknown and will be ignored: [examples]&#10;    level: &quot;warning&quot;&#10;    schema: {&quot;loadingURI&quot;:&quot;#&quot;,&quot;pointer&quot;:&quot;/items/properties/valor&quot;}&#10;    domain: &quot;syntax&quot;&#10;    ignored: [&quot;examples&quot;]&#10;warning: the following keywords are unknown and will be ignored: [examples]&#10;    level: &quot;warning&quot;&#10;    schema: {&quot;loadingURI&quot;:&quot;#&quot;,&quot;pointer&quot;:&quot;/items&quot;}&#10;    domain: &quot;syntax&quot;&#10;    ignored: [&quot;examples&quot;]&#10;warning: the following keywords are unknown and will be ignored: [examples]&#10;    level: &quot;warning&quot;&#10;    schema: {&quot;loadingURI&quot;:&quot;#&quot;,&quot;pointer&quot;:&quot;/items/properties/cpf&quot;}&#10;    domain: &quot;syntax&quot;&#10;    ignored: [&quot;examples&quot;]&#10;warning: the following keywords are unknown and will be ignored: [examples]&#10;    level: &quot;warning&quot;&#10;    schema: {&quot;loadingURI&quot;:&quot;#&quot;,&quot;pointer&quot;:&quot;/items/properties/email&quot;}&#10;    domain: &quot;syntax&quot;&#10;    ignored: [&quot;examples&quot;]&#10;warning: the following keywords are unknown and will be ignored: [examples]&#10;    level: &quot;warning&quot;&#10;    schema: {&quot;loadingURI&quot;:&quot;#&quot;,&quot;pointer&quot;:&quot;/items/properties/id&quot;}&#10;    domain: &quot;syntax&quot;&#10;    ignored: [&quot;examples&quot;]&#10;warning: the following keywords are unknown and will be ignored: [examples]&#10;    level: &quot;warning&quot;&#10;    schema: {&quot;loadingURI&quot;:&quot;#&quot;,&quot;pointer&quot;:&quot;/items/properties/nome&quot;}&#10;    domain: &quot;syntax&quot;&#10;    ignored: [&quot;examples&quot;]&#10;warning: the following keywords are unknown and will be ignored: [examples]&#10;    level: &quot;warning&quot;&#10;    schema: {&quot;loadingURI&quot;:&quot;#&quot;,&quot;pointer&quot;:&quot;/items/properties/parcelas&quot;}&#10;    domain: &quot;syntax&quot;&#10;    ignored: [&quot;examples&quot;]&#10;warning: the following keywords are unknown and will be ignored: [examples]&#10;    level: &quot;warning&quot;&#10;    schema: {&quot;loadingURI&quot;:&quot;#&quot;,&quot;pointer&quot;:&quot;/items/properties/seguro&quot;}&#10;    domain: &quot;syntax&quot;&#10;    ignored: [&quot;examples&quot;]&#10;warning: the following keywords are unknown and will be ignored: [examples]&#10;    level: &quot;warning&quot;&#10;    schema: {&quot;loadingURI&quot;:&quot;#&quot;,&quot;pointer&quot;:&quot;/items/properties/valor&quot;}&#10;    domain: &quot;syntax&quot;&#10;    ignored: [&quot;examples&quot;]&#10;warning: the following keywords are unknown and will be ignored: [examples]&#10;    level: &quot;warning&quot;&#10;    schema: {&quot;loadingURI&quot;:&quot;#&quot;,&quot;pointer&quot;:&quot;/items&quot;}&#10;    domain: &quot;syntax&quot;&#10;    ignored: [&quot;examples&quot;]&#10;warning: the following keywords are unknown and will be ignored: [examples]&#10;    level: &quot;warning&quot;&#10;    schema: {&quot;loadingURI&quot;:&quot;#&quot;,&quot;pointer&quot;:&quot;/items/properties/cpf&quot;}&#10;    domain: &quot;syntax&quot;&#10;    ignored: [&quot;examples&quot;]&#10;warning: the following keywords are unknown and will be ignored: [examples]&#10;    level: &quot;warning&quot;&#10;    schema: {&quot;loadingURI&quot;:&quot;#&quot;,&quot;pointer&quot;:&quot;/items/properties/email&quot;}&#10;    domain: &quot;syntax&quot;&#10;    ignored: [&quot;examples&quot;]&#10;warning: the following keywords are unknown and will be ignored: [examples]&#10;    level: &quot;warning&quot;&#10;    schema: {&quot;loadingURI&quot;:&quot;#&quot;,&quot;pointer&quot;:&quot;/items/properties/id&quot;}&#10;    domain: &quot;syntax&quot;&#10;    ignored: [&quot;examples&quot;]&#10;warning: the following keywords are unknown and will be ignored: [examples]&#10;    level: &quot;warning&quot;&#10;    schema: {&quot;loadingURI&quot;:&quot;#&quot;,&quot;pointer&quot;:&quot;/items/properties/nome&quot;}&#10;    domain: &quot;syntax&quot;&#10;    ignored: [&quot;examples&quot;]&#10;warning: the following keywords are unknown and will be ignored: [examples]&#10;    level: &quot;warning&quot;&#10;    schema: {&quot;loadingURI&quot;:&quot;#&quot;,&quot;pointer&quot;:&quot;/items/properties/parcelas&quot;}&#10;    domain: &quot;syntax&quot;&#10;    ignored: [&quot;examples&quot;]&#10;warning: the following keywords are unknown and will be ignored: [examples]&#10;    level: &quot;warning&quot;&#10;    schema: {&quot;loadingURI&quot;:&quot;#&quot;,&quot;pointer&quot;:&quot;/items/properties/seguro&quot;}&#10;    domain: &quot;syntax&quot;&#10;    ignored: [&quot;examples&quot;]&#10;warning: the following keywords are unknown and will be ignored: [examples]&#10;    level: &quot;warning&quot;&#10;    schema: {&quot;loadingURI&quot;:&quot;#&quot;,&quot;pointer&quot;:&quot;/items/properties/valor&quot;}&#10;    domain: &quot;syntax&quot;&#10;    ignored: [&quot;examples&quot;]&#10;warning: the following keywords are unknown and will be ignored: [examples]&#10;    level: &quot;warning&quot;&#10;    schema: {&quot;loadingURI&quot;:&quot;#&quot;,&quot;pointer&quot;:&quot;/items&quot;}&#10;    domain: &quot;syntax&quot;&#10;    ignored: [&quot;examples&quot;]&#10;warning: the following keywords are unknown and will be ignored: [examples]&#10;    level: &quot;warning&quot;&#10;    schema: {&quot;loadingURI&quot;:&quot;#&quot;,&quot;pointer&quot;:&quot;/items/properties/cpf&quot;}&#10;    domain: &quot;syntax&quot;&#10;    ignored: [&quot;examples&quot;]&#10;warning: the following keywords are unknown and will be ignored: [examples]&#10;    level: &quot;warning&quot;&#10;    schema: {&quot;loadingURI&quot;:&quot;#&quot;,&quot;pointer&quot;:&quot;/items/properties/email&quot;}&#10;    domain: &quot;syntax&quot;&#10;    ignored: [&quot;examples&quot;]&#10;warning: the following keywords are unknown and will be ignored: [examples]&#10;    level: &quot;warning&quot;&#10;    schema: {&quot;loadingURI&quot;:&quot;#&quot;,&quot;pointer&quot;:&quot;/items/properties/id&quot;}&#10;    domain: &quot;syntax&quot;&#10;    ignored: [&quot;examples&quot;]&#10;warning: the following keywords are unknown and will be ignored: [examples]&#10;    level: &quot;warning&quot;&#10;    schema: {&quot;loadingURI&quot;:&quot;#&quot;,&quot;pointer&quot;:&quot;/items/properties/nome&quot;}&#10;    domain: &quot;syntax&quot;&#10;    ignored: [&quot;examples&quot;]&#10;warning: the following keywords are unknown and will be ignored: [examples]&#10;    level: &quot;warning&quot;&#10;    schema: {&quot;loadingURI&quot;:&quot;#&quot;,&quot;pointer&quot;:&quot;/items/properties/parcelas&quot;}&#10;    domain: &quot;syntax&quot;&#10;    ignored: [&quot;examples&quot;]&#10;warning: the following keywords are unknown and will be ignored: [examples]&#10;    level: &quot;warning&quot;&#10;    schema: {&quot;loadingURI&quot;:&quot;#&quot;,&quot;pointer&quot;:&quot;/items/properties/seguro&quot;}&#10;    domain: &quot;syntax&quot;&#10;    ignored: [&quot;examples&quot;]&#10;warning: the following keywords are unknown and will be ignored: [examples]&#10;    level: &quot;warning&quot;&#10;    schema: {&quot;loadingURI&quot;:&quot;#&quot;,&quot;pointer&quot;:&quot;/items/properties/valor&quot;}&#10;    domain: &quot;syntax&quot;&#10;    ignored: [&quot;examples&quot;]&#10;warning: the following keywords are unknown and will be ignored: [examples]&#10;    level: &quot;warning&quot;&#10;    schema: {&quot;loadingURI&quot;:&quot;#&quot;,&quot;pointer&quot;:&quot;/items&quot;}&#10;    domain: &quot;syntax&quot;&#10;    ignored: [&quot;examples&quot;]&#10;warning: the following keywords are unknown and will be ignored: [examples]&#10;    level: &quot;warning&quot;&#10;    schema: {&quot;loadingURI&quot;:&quot;#&quot;,&quot;pointer&quot;:&quot;/items/properties/cpf&quot;}&#10;    domain: &quot;syntax&quot;&#10;    ignored: [&quot;examples&quot;]&#10;warning: the following keywords are unknown and will be ignored: [examples]&#10;    level: &quot;warning&quot;&#10;    schema: {&quot;loadingURI&quot;:&quot;#&quot;,&quot;pointer&quot;:&quot;/items/properties/email&quot;}&#10;    domain: &quot;syntax&quot;&#10;    ignored: [&quot;examples&quot;]&#10;warning: the following keywords are unknown and will be ignored: [examples]&#10;    level: &quot;warning&quot;&#10;    schema: {&quot;loadingURI&quot;:&quot;#&quot;,&quot;pointer&quot;:&quot;/items/properties/id&quot;}&#10;    domain: &quot;syntax&quot;&#10;    ignored: [&quot;examples&quot;]&#10;warning: the following keywords are unknown and will be ignored: [examples]&#10;    level: &quot;warning&quot;&#10;    schema: {&quot;loadingURI&quot;:&quot;#&quot;,&quot;pointer&quot;:&quot;/items/properties/nome&quot;}&#10;    domain: &quot;syntax&quot;&#10;    ignored: [&quot;examples&quot;]&#10;warning: the following keywords are unknown and will be ignored: [examples]&#10;    level: &quot;warning&quot;&#10;    schema: {&quot;loadingURI&quot;:&quot;#&quot;,&quot;pointer&quot;:&quot;/items/properties/parcelas&quot;}&#10;    domain: &quot;syntax&quot;&#10;    ignored: [&quot;examples&quot;]&#10;warning: the following keywords are unknown and will be ignored: [examples]&#10;    level: &quot;warning&quot;&#10;    schema: {&quot;loadingURI&quot;:&quot;#&quot;,&quot;pointer&quot;:&quot;/items/properties/seguro&quot;}&#10;    domain: &quot;syntax&quot;&#10;    ignored: [&quot;examples&quot;]&#10;warning: the following keywords are unknown and will be ignored: [examples]&#10;    level: &quot;warning&quot;&#10;    schema: {&quot;loadingURI&quot;:&quot;#&quot;,&quot;pointer&quot;:&quot;/items/properties/valor&quot;}&#10;    domain: &quot;syntax&quot;&#10;    ignored: [&quot;examples&quot;]&#10;warning: the following keywords are unknown and will be ignored: [examples]&#10;    level: &quot;warning&quot;&#10;    schema: {&quot;loadingURI&quot;:&quot;#&quot;,&quot;pointer&quot;:&quot;/items&quot;}&#10;    domain: &quot;syntax&quot;&#10;    ignored: [&quot;examples&quot;]&#10;warning: the following keywords are unknown and will be ignored: [examples]&#10;    level: &quot;warning&quot;&#10;    schema: {&quot;loadingURI&quot;:&quot;#&quot;,&quot;pointer&quot;:&quot;/items/properties/cpf&quot;}&#10;    domain: &quot;syntax&quot;&#10;    ignored: [&quot;examples&quot;]&#10;warning: the following keywords are unknown and will be ignored: [examples]&#10;    level: &quot;warning&quot;&#10;    schema: {&quot;loadingURI&quot;:&quot;#&quot;,&quot;pointer&quot;:&quot;/items/properties/email&quot;}&#10;    domain: &quot;syntax&quot;&#10;    ignored: [&quot;examples&quot;]&#10;warning: the following keywords are unknown and will be ignored: [examples]&#10;    level: &quot;warning&quot;&#10;    schema: {&quot;loadingURI&quot;:&quot;#&quot;,&quot;pointer&quot;:&quot;/items/properties/id&quot;}&#10;    domain: &quot;syntax&quot;&#10;    ignored: [&quot;examples&quot;]&#10;warning: the following keywords are unknown and will be ignored: [examples]&#10;    level: &quot;warning&quot;&#10;    schema: {&quot;loadingURI&quot;:&quot;#&quot;,&quot;pointer&quot;:&quot;/items/properties/nome&quot;}&#10;    domain: &quot;syntax&quot;&#10;    ignored: [&quot;examples&quot;]&#10;warning: the following keywords are unknown and will be ignored: [examples]&#10;    level: &quot;warning&quot;&#10;    schema: {&quot;loadingURI&quot;:&quot;#&quot;,&quot;pointer&quot;:&quot;/items/properties/parcelas&quot;}&#10;    domain: &quot;syntax&quot;&#10;    ignored: [&quot;examples&quot;]&#10;warning: the following keywords are unknown and will be ignored: [examples]&#10;    level: &quot;warning&quot;&#10;    schema: {&quot;loadingURI&quot;:&quot;#&quot;,&quot;pointer&quot;:&quot;/items/properties/seguro&quot;}&#10;    domain: &quot;syntax&quot;&#10;    ignored: [&quot;examples&quot;]&#10;warning: the following keywords are unknown and will be ignored: [examples]&#10;    level: &quot;warning&quot;&#10;    schema: {&quot;loadingURI&quot;:&quot;#&quot;,&quot;pointer&quot;:&quot;/items/properties/valor&quot;}&#10;    domain: &quot;syntax&quot;&#10;    ignored: [&quot;examples&quot;]&#10;warning: the following keywords are unknown and will be ignored: [examples]&#10;    level: &quot;warning&quot;&#10;    schema: {&quot;loadingURI&quot;:&quot;#&quot;,&quot;pointer&quot;:&quot;/items&quot;}&#10;    domain: &quot;syntax&quot;&#10;    ignored: [&quot;examples&quot;]&#10;warning: the following keywords are unknown and will be ignored: [examples]&#10;    level: &quot;warning&quot;&#10;    schema: {&quot;loadingURI&quot;:&quot;#&quot;,&quot;pointer&quot;:&quot;/items/properties/cpf&quot;}&#10;    domain: &quot;syntax&quot;&#10;    ignored: [&quot;examples&quot;]&#10;warning: the following keywords are unknown and will be ignored: [examples]&#10;    level: &quot;warning&quot;&#10;    schema: {&quot;loadingURI&quot;:&quot;#&quot;,&quot;pointer&quot;:&quot;/items/properties/email&quot;}&#10;    domain: &quot;syntax&quot;&#10;    ignored: [&quot;examples&quot;]&#10;warning: the following keywords are unknown and will be ignored: [examples]&#10;    level: &quot;warning&quot;&#10;    schema: {&quot;loadingURI&quot;:&quot;#&quot;,&quot;pointer&quot;:&quot;/items/properties/id&quot;}&#10;    domain: &quot;syntax&quot;&#10;    ignored: [&quot;examples&quot;]&#10;warning: the following keywords are unknown and will be ignored: [examples]&#10;    level: &quot;warning&quot;&#10;    schema: {&quot;loadingURI&quot;:&quot;#&quot;,&quot;pointer&quot;:&quot;/items/properties/nome&quot;}&#10;    domain: &quot;syntax&quot;&#10;    ignored: [&quot;examples&quot;]&#10;warning: the following keywords are unknown and will be ignored: [examples]&#10;    level: &quot;warning&quot;&#10;    schema: {&quot;loadingURI&quot;:&quot;#&quot;,&quot;pointer&quot;:&quot;/items/properties/parcelas&quot;}&#10;    domain: &quot;syntax&quot;&#10;    ignored: [&quot;examples&quot;]&#10;warning: the following keywords are unknown and will be ignored: [examples]&#10;    level: &quot;warning&quot;&#10;    schema: {&quot;loadingURI&quot;:&quot;#&quot;,&quot;pointer&quot;:&quot;/items/properties/seguro&quot;}&#10;    domain: &quot;syntax&quot;&#10;    ignored: [&quot;examples&quot;]&#10;warning: the following keywords are unknown and will be ignored: [examples]&#10;    level: &quot;warning&quot;&#10;    schema: {&quot;loadingURI&quot;:&quot;#&quot;,&quot;pointer&quot;:&quot;/items/properties/valor&quot;}&#10;    domain: &quot;syntax&quot;&#10;    ignored: [&quot;examples&quot;]&#10;warning: the following keywords are unknown and will be ignored: [examples]&#10;    level: &quot;warning&quot;&#10;    schema: {&quot;loadingURI&quot;:&quot;#&quot;,&quot;pointer&quot;:&quot;/items&quot;}&#10;    domain: &quot;syntax&quot;&#10;    ignored: [&quot;examples&quot;]&#10;warning: the following keywords are unknown and will be ignored: [examples]&#10;    level: &quot;warning&quot;&#10;    schema: {&quot;loadingURI&quot;:&quot;#&quot;,&quot;pointer&quot;:&quot;/items/properties/cpf&quot;}&#10;    domain: &quot;syntax&quot;&#10;    ignored: [&quot;examples&quot;]&#10;warning: the following keywords are unknown and will be ignored: [examples]&#10;    level: &quot;warning&quot;&#10;    schema: {&quot;loadingURI&quot;:&quot;#&quot;,&quot;pointer&quot;:&quot;/items/properties/email&quot;}&#10;    domain: &quot;syntax&quot;&#10;    ignored: [&quot;examples&quot;]&#10;warning: the following keywords are unknown and will be ignored: [examples]&#10;    level: &quot;warning&quot;&#10;    schema: {&quot;loadingURI&quot;:&quot;#&quot;,&quot;pointer&quot;:&quot;/items/properties/id&quot;}&#10;    domain: &quot;syntax&quot;&#10;    ignored: [&quot;examples&quot;]&#10;warning: the following keywords are unknown and will be ignored: [examples]&#10;    level: &quot;warning&quot;&#10;    schema: {&quot;loadingURI&quot;:&quot;#&quot;,&quot;pointer&quot;:&quot;/items/properties/nome&quot;}&#10;    domain: &quot;syntax&quot;&#10;    ignored: [&quot;examples&quot;]&#10;warning: the following keywords are unknown and will be ignored: [examples]&#10;    level: &quot;warning&quot;&#10;    schema: {&quot;loadingURI&quot;:&quot;#&quot;,&quot;pointer&quot;:&quot;/items/properties/parcelas&quot;}&#10;    domain: &quot;syntax&quot;&#10;    ignored: [&quot;examples&quot;]&#10;warning: the following keywords are unknown and will be ignored: [examples]&#10;    level: &quot;warning&quot;&#10;    schema: {&quot;loadingURI&quot;:&quot;#&quot;,&quot;pointer&quot;:&quot;/items/properties/seguro&quot;}&#10;    domain: &quot;syntax&quot;&#10;    ignored: [&quot;examples&quot;]&#10;warning: the following keywords are unknown and will be ignored: [examples]&#10;    level: &quot;warning&quot;&#10;    schema: {&quot;loadingURI&quot;:&quot;#&quot;,&quot;pointer&quot;:&quot;/items/properties/valor&quot;}&#10;    domain: &quot;syntax&quot;&#10;    ignored: [&quot;examples&quot;]&#10;warning: the following keywords are unknown and will be ignored: [examples]&#10;    level: &quot;warning&quot;&#10;    schema: {&quot;loadingURI&quot;:&quot;#&quot;,&quot;pointer&quot;:&quot;/items&quot;}&#10;    domain: &quot;syntax&quot;&#10;    ignored: [&quot;examples&quot;]&#10;warning: the following keywords are unknown and will be ignored: [examples]&#10;    level: &quot;warning&quot;&#10;    schema: {&quot;loadingURI&quot;:&quot;#&quot;,&quot;pointer&quot;:&quot;/items/properties/cpf&quot;}&#10;    domain: &quot;syntax&quot;&#10;    ignored: [&quot;examples&quot;]&#10;warning: the following keywords are unknown and will be ignored: [examples]&#10;    level: &quot;warning&quot;&#10;    schema: {&quot;loadingURI&quot;:&quot;#&quot;,&quot;pointer&quot;:&quot;/items/properties/email&quot;}&#10;    domain: &quot;syntax&quot;&#10;    ignored: [&quot;examples&quot;]&#10;warning: the following keywords are unknown and will be ignored: [examples]&#10;    level: &quot;warning&quot;&#10;    schema: {&quot;loadingURI&quot;:&quot;#&quot;,&quot;pointer&quot;:&quot;/items/properties/id&quot;}&#10;    domain: &quot;syntax&quot;&#10;    ignored: [&quot;examples&quot;]&#10;warning: the following keywords are unknown and will be ignored: [examples]&#10;    level: &quot;warning&quot;&#10;    schema: {&quot;loadingURI&quot;:&quot;#&quot;,&quot;pointer&quot;:&quot;/items/properties/nome&quot;}&#10;    domain: &quot;syntax&quot;&#10;    ignored: [&quot;examples&quot;]&#10;warning: the following keywords are unknown and will be ignored: [examples]&#10;    level: &quot;warning&quot;&#10;    schema: {&quot;loadingURI&quot;:&quot;#&quot;,&quot;pointer&quot;:&quot;/items/properties/parcelas&quot;}&#10;    domain: &quot;syntax&quot;&#10;    ignored: [&quot;examples&quot;]&#10;warning: the following keywords are unknown and will be ignored: [examples]&#10;    level: &quot;warning&quot;&#10;    schema: {&quot;loadingURI&quot;:&quot;#&quot;,&quot;pointer&quot;:&quot;/items/properties/seguro&quot;}&#10;    domain: &quot;syntax&quot;&#10;    ignored: [&quot;examples&quot;]&#10;warning: the following keywords are unknown and will be ignored: [examples]&#10;    level: &quot;warning&quot;&#10;    schema: {&quot;loadingURI&quot;:&quot;#&quot;,&quot;pointer&quot;:&quot;/items/properties/valor&quot;}&#10;    domain: &quot;syntax&quot;&#10;    ignored: [&quot;examples&quot;]&#10;warning: the following keywords are unknown and will be ignored: [examples]&#10;    level: &quot;warning&quot;&#10;    schema: {&quot;loadingURI&quot;:&quot;#&quot;,&quot;pointer&quot;:&quot;/items&quot;}&#10;    domain: &quot;syntax&quot;&#10;    ignored: [&quot;examples&quot;]&#10;warning: the following keywords are unknown and will be ignored: [examples]&#10;    level: &quot;warning&quot;&#10;    schema: {&quot;loadingURI&quot;:&quot;#&quot;,&quot;pointer&quot;:&quot;/items/properties/cpf&quot;}&#10;    domain: &quot;syntax&quot;&#10;    ignored: [&quot;examples&quot;]&#10;warning: the following keywords are unknown and will be ignored: [examples]&#10;    level: &quot;warning&quot;&#10;    schema: {&quot;loadingURI&quot;:&quot;#&quot;,&quot;pointer&quot;:&quot;/items/properties/email&quot;}&#10;    domain: &quot;syntax&quot;&#10;    ignored: [&quot;examples&quot;]&#10;warning: the following keywords are unknown and will be ignored: [examples]&#10;    level: &quot;warning&quot;&#10;    schema: {&quot;loadingURI&quot;:&quot;#&quot;,&quot;pointer&quot;:&quot;/items/properties/id&quot;}&#10;    domain: &quot;syntax&quot;&#10;    ignored: [&quot;examples&quot;]&#10;warning: the following keywords are unknown and will be ignored: [examples]&#10;    level: &quot;warning&quot;&#10;    schema: {&quot;loadingURI&quot;:&quot;#&quot;,&quot;pointer&quot;:&quot;/items/properties/nome&quot;}&#10;    domain: &quot;syntax&quot;&#10;    ignored: [&quot;examples&quot;]&#10;warning: the following keywords are unknown and will be ignored: [examples]&#10;    level: &quot;warning&quot;&#10;    schema: {&quot;loadingURI&quot;:&quot;#&quot;,&quot;pointer&quot;:&quot;/items/properties/parcelas&quot;}&#10;    domain: &quot;syntax&quot;&#10;    ignored: [&quot;examples&quot;]&#10;warning: the following keywords are unknown and will be ignored: [examples]&#10;    level: &quot;warning&quot;&#10;    schema: {&quot;loadingURI&quot;:&quot;#&quot;,&quot;pointer&quot;:&quot;/items/properties/seguro&quot;}&#10;    domain: &quot;syntax&quot;&#10;    ignored: [&quot;examples&quot;]&#10;warning: the following keywords are unknown and will be ignored: [examples]&#10;    level: &quot;warning&quot;&#10;    schema: {&quot;loadingURI&quot;:&quot;#&quot;,&quot;pointer&quot;:&quot;/items/properties/valor&quot;}&#10;    domain: &quot;syntax&quot;&#10;    ignored: [&quot;examples&quot;]&#10;warning: the following keywords are unknown and will be ignored: [examples]&#10;    level: &quot;warning&quot;&#10;    schema: {&quot;loadingURI&quot;:&quot;#&quot;,&quot;pointer&quot;:&quot;/items&quot;}&#10;    domain: &quot;syntax&quot;&#10;    ignored: [&quot;examples&quot;]&#10;warning: the following keywords are unknown and will be ignored: [examples]&#10;    level: &quot;warning&quot;&#10;    schema: {&quot;loadingURI&quot;:&quot;#&quot;,&quot;pointer&quot;:&quot;/items/properties/cpf&quot;}&#10;    domain: &quot;syntax&quot;&#10;    ignored: [&quot;examples&quot;]&#10;warning: the following keywords are unknown and will be ignored: [examples]&#10;    level: &quot;warning&quot;&#10;    schema: {&quot;loadingURI&quot;:&quot;#&quot;,&quot;pointer&quot;:&quot;/items/properties/email&quot;}&#10;    domain: &quot;syntax&quot;&#10;    ignored: [&quot;examples&quot;]&#10;warning: the following keywords are unknown and will be ignored: [examples]&#10;    level: &quot;warning&quot;&#10;    schema: {&quot;loadingURI&quot;:&quot;#&quot;,&quot;pointer&quot;:&quot;/items/properties/id&quot;}&#10;    domain: &quot;syntax&quot;&#10;    ignored: [&quot;examples&quot;]&#10;warning: the following keywords are unknown and will be ignored: [examples]&#10;    level: &quot;warning&quot;&#10;    schema: {&quot;loadingURI&quot;:&quot;#&quot;,&quot;pointer&quot;:&quot;/items/properties/nome&quot;}&#10;    domain: &quot;syntax&quot;&#10;    ignored: [&quot;examples&quot;]&#10;warning: the following keywords are unknown and will be ignored: [examples]&#10;    level: &quot;warning&quot;&#10;    schema: {&quot;loadingURI&quot;:&quot;#&quot;,&quot;pointer&quot;:&quot;/items/properties/parcelas&quot;}&#10;    domain: &quot;syntax&quot;&#10;    ignored: [&quot;examples&quot;]&#10;warning: the following keywords are unknown and will be ignored: [examples]&#10;    level: &quot;warning&quot;&#10;    schema: {&quot;loadingURI&quot;:&quot;#&quot;,&quot;pointer&quot;:&quot;/items/properties/seguro&quot;}&#10;    domain: &quot;syntax&quot;&#10;    ignored: [&quot;examples&quot;]&#10;warning: the following keywords are unknown and will be ignored: [examples]&#10;    level: &quot;warning&quot;&#10;    schema: {&quot;loadingURI&quot;:&quot;#&quot;,&quot;pointer&quot;:&quot;/items/properties/valor&quot;}&#10;    domain: &quot;syntax&quot;&#10;    ignored: [&quot;examples&quot;]&#10;warning: the following keywords are unknown and will be ignored: [examples]&#10;    level: &quot;warning&quot;&#10;    schema: {&quot;loadingURI&quot;:&quot;#&quot;,&quot;pointer&quot;:&quot;/items&quot;}&#10;    domain: &quot;syntax&quot;&#10;    ignored: [&quot;examples&quot;]&#10;warning: the following keywords are unknown and will be ignored: [examples]&#10;    level: &quot;warning&quot;&#10;    schema: {&quot;loadingURI&quot;:&quot;#&quot;,&quot;pointer&quot;:&quot;/items/properties/cpf&quot;}&#10;    domain: &quot;syntax&quot;&#10;    ignored: [&quot;examples&quot;]&#10;warning: the following keywords are unknown and will be ignored: [examples]&#10;    level: &quot;warning&quot;&#10;    schema: {&quot;loadingURI&quot;:&quot;#&quot;,&quot;pointer&quot;:&quot;/items/properties/email&quot;}&#10;    domain: &quot;syntax&quot;&#10;    ignored: [&quot;examples&quot;]&#10;warning: the following keywords are unknown and will be ignored: [examples]&#10;    level: &quot;warning&quot;&#10;    schema: {&quot;loadingURI&quot;:&quot;#&quot;,&quot;pointer&quot;:&quot;/items/properties/id&quot;}&#10;    domain: &quot;syntax&quot;&#10;    ignored: [&quot;examples&quot;]&#10;warning: the following keywords are unknown and will be ignored: [examples]&#10;    level: &quot;warning&quot;&#10;    schema: {&quot;loadingURI&quot;:&quot;#&quot;,&quot;pointer&quot;:&quot;/items/properties/nome&quot;}&#10;    domain: &quot;syntax&quot;&#10;    ignored: [&quot;examples&quot;]&#10;warning: the following keywords are unknown and will be ignored: [examples]&#10;    level: &quot;warning&quot;&#10;    schema: {&quot;loadingURI&quot;:&quot;#&quot;,&quot;pointer&quot;:&quot;/items/properties/parcelas&quot;}&#10;    domain: &quot;syntax&quot;&#10;    ignored: [&quot;examples&quot;]&#10;warning: the following keywords are unknown and will be ignored: [examples]&#10;    level: &quot;warning&quot;&#10;    schema: {&quot;loadingURI&quot;:&quot;#&quot;,&quot;pointer&quot;:&quot;/items/properties/seguro&quot;}&#10;    domain: &quot;syntax&quot;&#10;    ignored: [&quot;examples&quot;]&#10;warning: the following keywords are unknown and will be ignored: [examples]&#10;    level: &quot;warning&quot;&#10;    schema: {&quot;loadingURI&quot;:&quot;#&quot;,&quot;pointer&quot;:&quot;/items/properties/valor&quot;}&#10;    domain: &quot;syntax&quot;&#10;    ignored: [&quot;examples&quot;]&#10;warning: the following keywords are unknown and will be ignored: [examples]&#10;    level: &quot;warning&quot;&#10;    schema: {&quot;loadingURI&quot;:&quot;#&quot;,&quot;pointer&quot;:&quot;/items&quot;}&#10;    domain: &quot;syntax&quot;&#10;    ignored: [&quot;examples&quot;]&#10;warning: the following keywords are unknown and will be ignored: [examples]&#10;    level: &quot;warning&quot;&#10;    schema: {&quot;loadingURI&quot;:&quot;#&quot;,&quot;pointer&quot;:&quot;/items/properties/cpf&quot;}&#10;    domain: &quot;syntax&quot;&#10;    ignored: [&quot;examples&quot;]&#10;warning: the following keywords are unknown and will be ignored: [examples]&#10;    level: &quot;warning&quot;&#10;    schema: {&quot;loadingURI&quot;:&quot;#&quot;,&quot;pointer&quot;:&quot;/items/properties/email&quot;}&#10;    domain: &quot;syntax&quot;&#10;    ignored: [&quot;examples&quot;]&#10;warning: the following keywords are unknown and will be ignored: [examples]&#10;    level: &quot;warning&quot;&#10;    schema: {&quot;loadingURI&quot;:&quot;#&quot;,&quot;pointer&quot;:&quot;/items/properties/id&quot;}&#10;    domain: &quot;syntax&quot;&#10;    ignored: [&quot;examples&quot;]&#10;warning: the following keywords are unknown and will be ignored: [examples]&#10;    level: &quot;warning&quot;&#10;    schema: {&quot;loadingURI&quot;:&quot;#&quot;,&quot;pointer&quot;:&quot;/items/properties/nome&quot;}&#10;    domain: &quot;syntax&quot;&#10;    ignored: [&quot;examples&quot;]&#10;warning: the following keywords are unknown and will be ignored: [examples]&#10;    level: &quot;warning&quot;&#10;    schema: {&quot;loadingURI&quot;:&quot;#&quot;,&quot;pointer&quot;:&quot;/items/properties/parcelas&quot;}&#10;    domain: &quot;syntax&quot;&#10;    ignored: [&quot;examples&quot;]&#10;warning: the following keywords are unknown and will be ignored: [examples]&#10;    level: &quot;warning&quot;&#10;    schema: {&quot;loadingURI&quot;:&quot;#&quot;,&quot;pointer&quot;:&quot;/items/properties/seguro&quot;}&#10;    domain: &quot;syntax&quot;&#10;    ignored: [&quot;examples&quot;]&#10;warning: the following keywords are unknown and will be ignored: [examples]&#10;    level: &quot;warning&quot;&#10;    schema: {&quot;loadingURI&quot;:&quot;#&quot;,&quot;pointer&quot;:&quot;/items/properties/valor&quot;}&#10;    domain: &quot;syntax&quot;&#10;    ignored: [&quot;examples&quot;]&#10;warning: the following keywords are unknown and will be ignored: [examples]&#10;    level: &quot;warning&quot;&#10;    schema: {&quot;loadingURI&quot;:&quot;#&quot;,&quot;pointer&quot;:&quot;/items&quot;}&#10;    domain: &quot;syntax&quot;&#10;    ignored: [&quot;examples&quot;]&#10;warning: the following keywords are unknown and will be ignored: [examples]&#10;    level: &quot;warning&quot;&#10;    schema: {&quot;loadingURI&quot;:&quot;#&quot;,&quot;pointer&quot;:&quot;/items/properties/cpf&quot;}&#10;    domain: &quot;syntax&quot;&#10;    ignored: [&quot;examples&quot;]&#10;warning: the following keywords are unknown and will be ignored: [examples]&#10;    level: &quot;warning&quot;&#10;    schema: {&quot;loadingURI&quot;:&quot;#&quot;,&quot;pointer&quot;:&quot;/items/properties/email&quot;}&#10;    domain: &quot;syntax&quot;&#10;    ignored: [&quot;examples&quot;]&#10;warning: the following keywords are unknown and will be ignored: [examples]&#10;    level: &quot;warning&quot;&#10;    schema: {&quot;loadingURI&quot;:&quot;#&quot;,&quot;pointer&quot;:&quot;/items/properties/id&quot;}&#10;    domain: &quot;syntax&quot;&#10;    ignored: [&quot;examples&quot;]&#10;warning: the following keywords are unknown and will be ignored: [examples]&#10;    level: &quot;warning&quot;&#10;    schema: {&quot;loadingURI&quot;:&quot;#&quot;,&quot;pointer&quot;:&quot;/items/properties/nome&quot;}&#10;    domain: &quot;syntax&quot;&#10;    ignored: [&quot;examples&quot;]&#10;warning: the following keywords are unknown and will be ignored: [examples]&#10;    level: &quot;warning&quot;&#10;    schema: {&quot;loadingURI&quot;:&quot;#&quot;,&quot;pointer&quot;:&quot;/items/properties/parcelas&quot;}&#10;    domain: &quot;syntax&quot;&#10;    ignored: [&quot;examples&quot;]&#10;warning: the following keywords are unknown and will be ignored: [examples]&#10;    level: &quot;warning&quot;&#10;    schema: {&quot;loadingURI&quot;:&quot;#&quot;,&quot;pointer&quot;:&quot;/items/properties/seguro&quot;}&#10;    domain: &quot;syntax&quot;&#10;    ignored: [&quot;examples&quot;]&#10;warning: the following keywords are unknown and will be ignored: [examples]&#10;    level: &quot;warning&quot;&#10;    schema: {&quot;loadingURI&quot;:&quot;#&quot;,&quot;pointer&quot;:&quot;/items/properties/valor&quot;}&#10;    domain: &quot;syntax&quot;&#10;    ignored: [&quot;examples&quot;]&#10;warning: the following keywords are unknown and will be ignored: [examples]&#10;    level: &quot;warning&quot;&#10;    schema: {&quot;loadingURI&quot;:&quot;#&quot;,&quot;pointer&quot;:&quot;/items&quot;}&#10;    domain: &quot;syntax&quot;&#10;    ignored: [&quot;examples&quot;]&#10;warning: the following keywords are unknown and will be ignored: [examples]&#10;    level: &quot;warning&quot;&#10;    schema: {&quot;loadingURI&quot;:&quot;#&quot;,&quot;pointer&quot;:&quot;/items/properties/cpf&quot;}&#10;    domain: &quot;syntax&quot;&#10;    ignored: [&quot;examples&quot;]&#10;warning: the following keywords are unknown and will be ignored: [examples]&#10;    level: &quot;warning&quot;&#10;    schema: {&quot;loadingURI&quot;:&quot;#&quot;,&quot;pointer&quot;:&quot;/items/properties/email&quot;}&#10;    domain: &quot;syntax&quot;&#10;    ignored: [&quot;examples&quot;]&#10;warning: the following keywords are unknown and will be ignored: [examples]&#10;    level: &quot;warning&quot;&#10;    schema: {&quot;loadingURI&quot;:&quot;#&quot;,&quot;pointer&quot;:&quot;/items/properties/id&quot;}&#10;    domain: &quot;syntax&quot;&#10;    ignored: [&quot;examples&quot;]&#10;warning: the following keywords are unknown and will be ignored: [examples]&#10;    level: &quot;warning&quot;&#10;    schema: {&quot;loadingURI&quot;:&quot;#&quot;,&quot;pointer&quot;:&quot;/items/properties/nome&quot;}&#10;    domain: &quot;syntax&quot;&#10;    ignored: [&quot;examples&quot;]&#10;warning: the following keywords are unknown and will be ignored: [examples]&#10;    level: &quot;warning&quot;&#10;    schema: {&quot;loadingURI&quot;:&quot;#&quot;,&quot;pointer&quot;:&quot;/items/properties/parcelas&quot;}&#10;    domain: &quot;syntax&quot;&#10;    ignored: [&quot;examples&quot;]&#10;warning: the following keywords are unknown and will be ignored: [examples]&#10;    level: &quot;warning&quot;&#10;    schema: {&quot;loadingURI&quot;:&quot;#&quot;,&quot;pointer&quot;:&quot;/items/properties/seguro&quot;}&#10;    domain: &quot;syntax&quot;&#10;    ignored: [&quot;examples&quot;]&#10;warning: the following keywords are unknown and will be ignored: [examples]&#10;    level: &quot;warning&quot;&#10;    schema: {&quot;loadingURI&quot;:&quot;#&quot;,&quot;pointer&quot;:&quot;/items/properties/valor&quot;}&#10;    domain: &quot;syntax&quot;&#10;    ignored: [&quot;examples&quot;]&#10;warning: the following keywords are unknown and will be ignored: [examples]&#10;    level: &quot;warning&quot;&#10;    schema: {&quot;loadingURI&quot;:&quot;#&quot;,&quot;pointer&quot;:&quot;/items&quot;}&#10;    domain: &quot;syntax&quot;&#10;    ignored: [&quot;examples&quot;]&#10;warning: the following keywords are unknown and will be ignored: [examples]&#10;    level: &quot;warning&quot;&#10;    schema: {&quot;loadingURI&quot;:&quot;#&quot;,&quot;pointer&quot;:&quot;/items/properties/cpf&quot;}&#10;    domain: &quot;syntax&quot;&#10;    ignored: [&quot;examples&quot;]&#10;warning: the following keywords are unknown and will be ignored: [examples]&#10;    level: &quot;warning&quot;&#10;    schema: {&quot;loadingURI&quot;:&quot;#&quot;,&quot;pointer&quot;:&quot;/items/properties/email&quot;}&#10;    domain: &quot;syntax&quot;&#10;    ignored: [&quot;examples&quot;]&#10;warning: the following keywords are unknown and will be ignored: [examples]&#10;    level: &quot;warning&quot;&#10;    schema: {&quot;loadingURI&quot;:&quot;#&quot;,&quot;pointer&quot;:&quot;/items/properties/id&quot;}&#10;    domain: &quot;syntax&quot;&#10;    ignored: [&quot;examples&quot;]&#10;warning: the following keywords are unknown and will be ignored: [examples]&#10;    level: &quot;warning&quot;&#10;    schema: {&quot;loadingURI&quot;:&quot;#&quot;,&quot;pointer&quot;:&quot;/items/properties/nome&quot;}&#10;    domain: &quot;syntax&quot;&#10;    ignored: [&quot;examples&quot;]&#10;warning: the following keywords are unknown and will be ignored: [examples]&#10;    level: &quot;warning&quot;&#10;    schema: {&quot;loadingURI&quot;:&quot;#&quot;,&quot;pointer&quot;:&quot;/items/properties/parcelas&quot;}&#10;    domain: &quot;syntax&quot;&#10;    ignored: [&quot;examples&quot;]&#10;warning: the following keywords are unknown and will be ignored: [examples]&#10;    level: &quot;warning&quot;&#10;    schema: {&quot;loadingURI&quot;:&quot;#&quot;,&quot;pointer&quot;:&quot;/items/properties/seguro&quot;}&#10;    domain: &quot;syntax&quot;&#10;    ignored: [&quot;examples&quot;]&#10;warning: the following keywords are unknown and will be ignored: [examples]&#10;    level: &quot;warning&quot;&#10;    schema: {&quot;loadingURI&quot;:&quot;#&quot;,&quot;pointer&quot;:&quot;/items/properties/valor&quot;}&#10;    domain: &quot;syntax&quot;&#10;    ignored: [&quot;examples&quot;]&#10;warning: the following keywords are unknown and will be ignored: [examples]&#10;    level: &quot;warning&quot;&#10;    schema: {&quot;loadingURI&quot;:&quot;#&quot;,&quot;pointer&quot;:&quot;/items&quot;}&#10;    domain: &quot;syntax&quot;&#10;    ignored: [&quot;examples&quot;]&#10;warning: the following keywords are unknown and will be ignored: [examples]&#10;    level: &quot;warning&quot;&#10;    schema: {&quot;loadingURI&quot;:&quot;#&quot;,&quot;pointer&quot;:&quot;/items/properties/cpf&quot;}&#10;    domain: &quot;syntax&quot;&#10;    ignored: [&quot;examples&quot;]&#10;warning: the following keywords are unknown and will be ignored: [examples]&#10;    level: &quot;warning&quot;&#10;    schema: {&quot;loadingURI&quot;:&quot;#&quot;,&quot;pointer&quot;:&quot;/items/properties/email&quot;}&#10;    domain: &quot;syntax&quot;&#10;    ignored: [&quot;examples&quot;]&#10;warning: the following keywords are unknown and will be ignored: [examples]&#10;    level: &quot;warning&quot;&#10;    schema: {&quot;loadingURI&quot;:&quot;#&quot;,&quot;pointer&quot;:&quot;/items/properties/id&quot;}&#10;    domain: &quot;syntax&quot;&#10;    ignored: [&quot;examples&quot;]&#10;warning: the following keywords are unknown and will be ignored: [examples]&#10;    level: &quot;warning&quot;&#10;    schema: {&quot;loadingURI&quot;:&quot;#&quot;,&quot;pointer&quot;:&quot;/items/properties/nome&quot;}&#10;    domain: &quot;syntax&quot;&#10;    ignored: [&quot;examples&quot;]&#10;warning: the following keywords are unknown and will be ignored: [examples]&#10;    level: &quot;warning&quot;&#10;    schema: {&quot;loadingURI&quot;:&quot;#&quot;,&quot;pointer&quot;:&quot;/items/properties/parcelas&quot;}&#10;    domain: &quot;syntax&quot;&#10;    ignored: [&quot;examples&quot;]&#10;warning: the following keywords are unknown and will be ignored: [examples]&#10;    level: &quot;warning&quot;&#10;    schema: {&quot;loadingURI&quot;:&quot;#&quot;,&quot;pointer&quot;:&quot;/items/properties/seguro&quot;}&#10;    domain: &quot;syntax&quot;&#10;    ignored: [&quot;examples&quot;]&#10;warning: the following keywords are unknown and will be ignored: [examples]&#10;    level: &quot;warning&quot;&#10;    schema: {&quot;loadingURI&quot;:&quot;#&quot;,&quot;pointer&quot;:&quot;/items/properties/valor&quot;}&#10;    domain: &quot;syntax&quot;&#10;    ignored: [&quot;examples&quot;]&#10;warning: the following keywords are unknown and will be ignored: [examples]&#10;    level: &quot;warning&quot;&#10;    schema: {&quot;loadingURI&quot;:&quot;#&quot;,&quot;pointer&quot;:&quot;/items&quot;}&#10;    domain: &quot;syntax&quot;&#10;    ignored: [&quot;examples&quot;]&#10;warning: the following keywords are unknown and will be ignored: [examples]&#10;    level: &quot;warning&quot;&#10;    schema: {&quot;loadingURI&quot;:&quot;#&quot;,&quot;pointer&quot;:&quot;/items/properties/cpf&quot;}&#10;    domain: &quot;syntax&quot;&#10;    ignored: [&quot;examples&quot;]&#10;warning: the following keywords are unknown and will be ignored: [examples]&#10;    level: &quot;warning&quot;&#10;    schema: {&quot;loadingURI&quot;:&quot;#&quot;,&quot;pointer&quot;:&quot;/items/properties/email&quot;}&#10;    domain: &quot;syntax&quot;&#10;    ignored: [&quot;examples&quot;]&#10;warning: the following keywords are unknown and will be ignored: [examples]&#10;    level: &quot;warning&quot;&#10;    schema: {&quot;loadingURI&quot;:&quot;#&quot;,&quot;pointer&quot;:&quot;/items/properties/id&quot;}&#10;    domain: &quot;syntax&quot;&#10;    ignored: [&quot;examples&quot;]&#10;warning: the following keywords are unknown and will be ignored: [examples]&#10;    level: &quot;warning&quot;&#10;    schema: {&quot;loadingURI&quot;:&quot;#&quot;,&quot;pointer&quot;:&quot;/items/properties/nome&quot;}&#10;    domain: &quot;syntax&quot;&#10;    ignored: [&quot;examples&quot;]&#10;warning: the following keywords are unknown and will be ignored: [examples]&#10;    level: &quot;warning&quot;&#10;    schema: {&quot;loadingURI&quot;:&quot;#&quot;,&quot;pointer&quot;:&quot;/items/properties/parcelas&quot;}&#10;    domain: &quot;syntax&quot;&#10;    ignored: [&quot;examples&quot;]&#10;warning: the following keywords are unknown and will be ignored: [examples]&#10;    level: &quot;warning&quot;&#10;    schema: {&quot;loadingURI&quot;:&quot;#&quot;,&quot;pointer&quot;:&quot;/items/properties/seguro&quot;}&#10;    domain: &quot;syntax&quot;&#10;    ignored: [&quot;examples&quot;]&#10;warning: the following keywords are unknown and will be ignored: [examples]&#10;    level: &quot;warning&quot;&#10;    schema: {&quot;loadingURI&quot;:&quot;#&quot;,&quot;pointer&quot;:&quot;/items/properties/valor&quot;}&#10;    domain: &quot;syntax&quot;&#10;    ignored: [&quot;examples&quot;]&#10;warning: the following keywords are unknown and will be ignored: [examples]&#10;    level: &quot;warning&quot;&#10;    schema: {&quot;loadingURI&quot;:&quot;#&quot;,&quot;pointer&quot;:&quot;/items&quot;}&#10;    domain: &quot;syntax&quot;&#10;    ignored: [&quot;examples&quot;]&#10;warning: the following keywords are unknown and will be ignored: [examples]&#10;    level: &quot;warning&quot;&#10;    schema: {&quot;loadingURI&quot;:&quot;#&quot;,&quot;pointer&quot;:&quot;/items/properties/cpf&quot;}&#10;    domain: &quot;syntax&quot;&#10;    ignored: [&quot;examples&quot;]&#10;warning: the following keywords are unknown and will be ignored: [examples]&#10;    level: &quot;warning&quot;&#10;    schema: {&quot;loadingURI&quot;:&quot;#&quot;,&quot;pointer&quot;:&quot;/items/properties/email&quot;}&#10;    domain: &quot;syntax&quot;&#10;    ignored: [&quot;examples&quot;]&#10;warning: the following keywords are unknown and will be ignored: [examples]&#10;    level: &quot;warning&quot;&#10;    schema: {&quot;loadingURI&quot;:&quot;#&quot;,&quot;pointer&quot;:&quot;/items/properties/id&quot;}&#10;    domain: &quot;syntax&quot;&#10;    ignored: [&quot;examples&quot;]&#10;warning: the following keywords are unknown and will be ignored: [examples]&#10;    level: &quot;warning&quot;&#10;    schema: {&quot;loadingURI&quot;:&quot;#&quot;,&quot;pointer&quot;:&quot;/items/properties/nome&quot;}&#10;    domain: &quot;syntax&quot;&#10;    ignored: [&quot;examples&quot;]&#10;warning: the following keywords are unknown and will be ignored: [examples]&#10;    level: &quot;warning&quot;&#10;    schema: {&quot;loadingURI&quot;:&quot;#&quot;,&quot;pointer&quot;:&quot;/items/properties/parcelas&quot;}&#10;    domain: &quot;syntax&quot;&#10;    ignored: [&quot;examples&quot;]&#10;warning: the following keywords are unknown and will be ignored: [examples]&#10;    level: &quot;warning&quot;&#10;    schema: {&quot;loadingURI&quot;:&quot;#&quot;,&quot;pointer&quot;:&quot;/items/properties/seguro&quot;}&#10;    domain: &quot;syntax&quot;&#10;    ignored: [&quot;examples&quot;]&#10;warning: the following keywords are unknown and will be ignored: [examples]&#10;    level: &quot;warning&quot;&#10;    schema: {&quot;loadingURI&quot;:&quot;#&quot;,&quot;pointer&quot;:&quot;/items/properties/valor&quot;}&#10;    domain: &quot;syntax&quot;&#10;    ignored: [&quot;examples&quot;]&#10;warning: the following keywords are unknown and will be ignored: [examples]&#10;    level: &quot;warning&quot;&#10;    schema: {&quot;loadingURI&quot;:&quot;#&quot;,&quot;pointer&quot;:&quot;/items&quot;}&#10;    domain: &quot;syntax&quot;&#10;    ignored: [&quot;examples&quot;]&#10;warning: the following keywords are unknown and will be ignored: [examples]&#10;    level: &quot;warning&quot;&#10;    schema: {&quot;loadingURI&quot;:&quot;#&quot;,&quot;pointer&quot;:&quot;/items/properties/cpf&quot;}&#10;    domain: &quot;syntax&quot;&#10;    ignored: [&quot;examples&quot;]&#10;warning: the following keywords are unknown and will be ignored: [examples]&#10;    level: &quot;warning&quot;&#10;    schema: {&quot;loadingURI&quot;:&quot;#&quot;,&quot;pointer&quot;:&quot;/items/properties/email&quot;}&#10;    domain: &quot;syntax&quot;&#10;    ignored: [&quot;examples&quot;]&#10;warning: the following keywords are unknown and will be ignored: [examples]&#10;    level: &quot;warning&quot;&#10;    schema: {&quot;loadingURI&quot;:&quot;#&quot;,&quot;pointer&quot;:&quot;/items/properties/id&quot;}&#10;    domain: &quot;syntax&quot;&#10;    ignored: [&quot;examples&quot;]&#10;warning: the following keywords are unknown and will be ignored: [examples]&#10;    level: &quot;warning&quot;&#10;    schema: {&quot;loadingURI&quot;:&quot;#&quot;,&quot;pointer&quot;:&quot;/items/properties/nome&quot;}&#10;    domain: &quot;syntax&quot;&#10;    ignored: [&quot;examples&quot;]&#10;warning: the following keywords are unknown and will be ignored: [examples]&#10;    level: &quot;warning&quot;&#10;    schema: {&quot;loadingURI&quot;:&quot;#&quot;,&quot;pointer&quot;:&quot;/items/properties/parcelas&quot;}&#10;    domain: &quot;syntax&quot;&#10;    ignored: [&quot;examples&quot;]&#10;warning: the following keywords are unknown and will be ignored: [examples]&#10;    level: &quot;warning&quot;&#10;    schema: {&quot;loadingURI&quot;:&quot;#&quot;,&quot;pointer&quot;:&quot;/items/properties/seguro&quot;}&#10;    domain: &quot;syntax&quot;&#10;    ignored: [&quot;examples&quot;]&#10;warning: the following keywords are unknown and will be ignored: [examples]&#10;    level: &quot;warning&quot;&#10;    schema: {&quot;loadingURI&quot;:&quot;#&quot;,&quot;pointer&quot;:&quot;/items/properties/valor&quot;}&#10;    domain: &quot;syntax&quot;&#10;    ignored: [&quot;examples&quot;]&#10;warning: the following keywords are unknown and will be ignored: [examples]&#10;    level: &quot;warning&quot;&#10;    schema: {&quot;loadingURI&quot;:&quot;#&quot;,&quot;pointer&quot;:&quot;/items&quot;}&#10;    domain: &quot;syntax&quot;&#10;    ignored: [&quot;examples&quot;]&#10;warning: the following keywords are unknown and will be ignored: [examples]&#10;    level: &quot;warning&quot;&#10;    schema: {&quot;loadingURI&quot;:&quot;#&quot;,&quot;pointer&quot;:&quot;/items/properties/cpf&quot;}&#10;    domain: &quot;syntax&quot;&#10;    ignored: [&quot;examples&quot;]&#10;warning: the following keywords are unknown and will be ignored: [examples]&#10;    level: &quot;warning&quot;&#10;    schema: {&quot;loadingURI&quot;:&quot;#&quot;,&quot;pointer&quot;:&quot;/items/properties/email&quot;}&#10;    domain: &quot;syntax&quot;&#10;    ignored: [&quot;examples&quot;]&#10;warning: the following keywords are unknown and will be ignored: [examples]&#10;    level: &quot;warning&quot;&#10;    schema: {&quot;loadingURI&quot;:&quot;#&quot;,&quot;pointer&quot;:&quot;/items/properties/id&quot;}&#10;    domain: &quot;syntax&quot;&#10;    ignored: [&quot;examples&quot;]&#10;warning: the following keywords are unknown and will be ignored: [examples]&#10;    level: &quot;warning&quot;&#10;    schema: {&quot;loadingURI&quot;:&quot;#&quot;,&quot;pointer&quot;:&quot;/items/properties/nome&quot;}&#10;    domain: &quot;syntax&quot;&#10;    ignored: [&quot;examples&quot;]&#10;warning: the following keywords are unknown and will be ignored: [examples]&#10;    level: &quot;warning&quot;&#10;    schema: {&quot;loadingURI&quot;:&quot;#&quot;,&quot;pointer&quot;:&quot;/items/properties/parcelas&quot;}&#10;    domain: &quot;syntax&quot;&#10;    ignored: [&quot;examples&quot;]&#10;warning: the following keywords are unknown and will be ignored: [examples]&#10;    level: &quot;warning&quot;&#10;    schema: {&quot;loadingURI&quot;:&quot;#&quot;,&quot;pointer&quot;:&quot;/items/properties/seguro&quot;}&#10;    domain: &quot;syntax&quot;&#10;    ignored: [&quot;examples&quot;]&#10;warning: the following keywords are unknown and will be ignored: [examples]&#10;    level: &quot;warning&quot;&#10;    schema: {&quot;loadingURI&quot;:&quot;#&quot;,&quot;pointer&quot;:&quot;/items/properties/valor&quot;}&#10;    domain: &quot;syntax&quot;&#10;    ignored: [&quot;examples&quot;]&#10;warning: the following keywords are unknown and will be ignored: [examples]&#10;    level: &quot;warning&quot;&#10;    schema: {&quot;loadingURI&quot;:&quot;#&quot;,&quot;pointer&quot;:&quot;/items&quot;}&#10;    domain: &quot;syntax&quot;&#10;    ignored: [&quot;examples&quot;]&#10;warning: the following keywords are unknown and will be ignored: [examples]&#10;    level: &quot;warning&quot;&#10;    schema: {&quot;loadingURI&quot;:&quot;#&quot;,&quot;pointer&quot;:&quot;/items/properties/cpf&quot;}&#10;    domain: &quot;syntax&quot;&#10;    ignored: [&quot;examples&quot;]&#10;warning: the following keywords are unknown and will be ignored: [examples]&#10;    level: &quot;warning&quot;&#10;    schema: {&quot;loadingURI&quot;:&quot;#&quot;,&quot;pointer&quot;:&quot;/items/properties/email&quot;}&#10;    domain: &quot;syntax&quot;&#10;    ignored: [&quot;examples&quot;]&#10;warning: the following keywords are unknown and will be ignored: [examples]&#10;    level: &quot;warning&quot;&#10;    schema: {&quot;loadingURI&quot;:&quot;#&quot;,&quot;pointer&quot;:&quot;/items/properties/id&quot;}&#10;    domain: &quot;syntax&quot;&#10;    ignored: [&quot;examples&quot;]&#10;warning: the following keywords are unknown and will be ignored: [examples]&#10;    level: &quot;warning&quot;&#10;    schema: {&quot;loadingURI&quot;:&quot;#&quot;,&quot;pointer&quot;:&quot;/items/properties/nome&quot;}&#10;    domain: &quot;syntax&quot;&#10;    ignored: [&quot;examples&quot;]&#10;warning: the following keywords are unknown and will be ignored: [examples]&#10;    level: &quot;warning&quot;&#10;    schema: {&quot;loadingURI&quot;:&quot;#&quot;,&quot;pointer&quot;:&quot;/items/properties/parcelas&quot;}&#10;    domain: &quot;syntax&quot;&#10;    ignored: [&quot;examples&quot;]&#10;warning: the following keywords are unknown and will be ignored: [examples]&#10;    level: &quot;warning&quot;&#10;    schema: {&quot;loadingURI&quot;:&quot;#&quot;,&quot;pointer&quot;:&quot;/items/properties/seguro&quot;}&#10;    domain: &quot;syntax&quot;&#10;    ignored: [&quot;examples&quot;]&#10;warning: the following keywords are unknown and will be ignored: [examples]&#10;    level: &quot;warning&quot;&#10;    schema: {&quot;loadingURI&quot;:&quot;#&quot;,&quot;pointer&quot;:&quot;/items/properties/valor&quot;}&#10;    domain: &quot;syntax&quot;&#10;    ignored: [&quot;examples&quot;]&#10;warning: the following keywords are unknown and will be ignored: [examples]&#10;    level: &quot;warning&quot;&#10;    schema: {&quot;loadingURI&quot;:&quot;#&quot;,&quot;pointer&quot;:&quot;/items&quot;}&#10;    domain: &quot;syntax&quot;&#10;    ignored: [&quot;examples&quot;]&#10;warning: the following keywords are unknown and will be ignored: [examples]&#10;    level: &quot;warning&quot;&#10;    schema: {&quot;loadingURI&quot;:&quot;#&quot;,&quot;pointer&quot;:&quot;/items/properties/cpf&quot;}&#10;    domain: &quot;syntax&quot;&#10;    ignored: [&quot;examples&quot;]&#10;warning: the following keywords are unknown and will be ignored: [examples]&#10;    level: &quot;warning&quot;&#10;    schema: {&quot;loadingURI&quot;:&quot;#&quot;,&quot;pointer&quot;:&quot;/items/properties/email&quot;}&#10;    domain: &quot;syntax&quot;&#10;    ignored: [&quot;examples&quot;]&#10;warning: the following keywords are unknown and will be ignored: [examples]&#10;    level: &quot;warning&quot;&#10;    schema: {&quot;loadingURI&quot;:&quot;#&quot;,&quot;pointer&quot;:&quot;/items/properties/id&quot;}&#10;    domain: &quot;syntax&quot;&#10;    ignored: [&quot;examples&quot;]&#10;warning: the following keywords are unknown and will be ignored: [examples]&#10;    level: &quot;warning&quot;&#10;    schema: {&quot;loadingURI&quot;:&quot;#&quot;,&quot;pointer&quot;:&quot;/items/properties/nome&quot;}&#10;    domain: &quot;syntax&quot;&#10;    ignored: [&quot;examples&quot;]&#10;warning: the following keywords are unknown and will be ignored: [examples]&#10;    level: &quot;warning&quot;&#10;    schema: {&quot;loadingURI&quot;:&quot;#&quot;,&quot;pointer&quot;:&quot;/items/properties/parcelas&quot;}&#10;    domain: &quot;syntax&quot;&#10;    ignored: [&quot;examples&quot;]&#10;warning: the following keywords are unknown and will be ignored: [examples]&#10;    level: &quot;warning&quot;&#10;    schema: {&quot;loadingURI&quot;:&quot;#&quot;,&quot;pointer&quot;:&quot;/items/properties/seguro&quot;}&#10;    domain: &quot;syntax&quot;&#10;    ignored: [&quot;examples&quot;]&#10;warning: the following keywords are unknown and will be ignored: [examples]&#10;    level: &quot;warning&quot;&#10;    schema: {&quot;loadingURI&quot;:&quot;#&quot;,&quot;pointer&quot;:&quot;/items/properties/valor&quot;}&#10;    domain: &quot;syntax&quot;&#10;    ignored: [&quot;examples&quot;]&#10;warning: the following keywords are unknown and will be ignored: [examples]&#10;    level: &quot;warning&quot;&#10;    schema: {&quot;loadingURI&quot;:&quot;#&quot;,&quot;pointer&quot;:&quot;/items&quot;}&#10;    domain: &quot;syntax&quot;&#10;    ignored: [&quot;examples&quot;]&#10;warning: the following keywords are unknown and will be ignored: [examples]&#10;    level: &quot;warning&quot;&#10;    schema: {&quot;loadingURI&quot;:&quot;#&quot;,&quot;pointer&quot;:&quot;/items/properties/cpf&quot;}&#10;    domain: &quot;syntax&quot;&#10;    ignored: [&quot;examples&quot;]&#10;warning: the following keywords are unknown and will be ignored: [examples]&#10;    level: &quot;warning&quot;&#10;    schema: {&quot;loadingURI&quot;:&quot;#&quot;,&quot;pointer&quot;:&quot;/items/properties/email&quot;}&#10;    domain: &quot;syntax&quot;&#10;    ignored: [&quot;examples&quot;]&#10;warning: the following keywords are unknown and will be ignored: [examples]&#10;    level: &quot;warning&quot;&#10;    schema: {&quot;loadingURI&quot;:&quot;#&quot;,&quot;pointer&quot;:&quot;/items/properties/id&quot;}&#10;    domain: &quot;syntax&quot;&#10;    ignored: [&quot;examples&quot;]&#10;warning: the following keywords are unknown and will be ignored: [examples]&#10;    level: &quot;warning&quot;&#10;    schema: {&quot;loadingURI&quot;:&quot;#&quot;,&quot;pointer&quot;:&quot;/items/properties/nome&quot;}&#10;    domain: &quot;syntax&quot;&#10;    ignored: [&quot;examples&quot;]&#10;warning: the following keywords are unknown and will be ignored: [examples]&#10;    level: &quot;warning&quot;&#10;    schema: {&quot;loadingURI&quot;:&quot;#&quot;,&quot;pointer&quot;:&quot;/items/properties/parcelas&quot;}&#10;    domain: &quot;syntax&quot;&#10;    ignored: [&quot;examples&quot;]&#10;warning: the following keywords are unknown and will be ignored: [examples]&#10;    level: &quot;warning&quot;&#10;    schema: {&quot;loadingURI&quot;:&quot;#&quot;,&quot;pointer&quot;:&quot;/items/properties/seguro&quot;}&#10;    domain: &quot;syntax&quot;&#10;    ignored: [&quot;examples&quot;]&#10;warning: the following keywords are unknown and will be ignored: [examples]&#10;    level: &quot;warning&quot;&#10;    schema: {&quot;loadingURI&quot;:&quot;#&quot;,&quot;pointer&quot;:&quot;/items/properties/valor&quot;}&#10;    domain: &quot;syntax&quot;&#10;    ignored: [&quot;examples&quot;]&#10;warning: the following keywords are unknown and will be ignored: [examples]&#10;    level: &quot;warning&quot;&#10;    schema: {&quot;loadingURI&quot;:&quot;#&quot;,&quot;pointer&quot;:&quot;/items&quot;}&#10;    domain: &quot;syntax&quot;&#10;    ignored: [&quot;examples&quot;]&#10;warning: the following keywords are unknown and will be ignored: [examples]&#10;    level: &quot;warning&quot;&#10;    schema: {&quot;loadingURI&quot;:&quot;#&quot;,&quot;pointer&quot;:&quot;/items/properties/cpf&quot;}&#10;    domain: &quot;syntax&quot;&#10;    ignored: [&quot;examples&quot;]&#10;warning: the following keywords are unknown and will be ignored: [examples]&#10;    level: &quot;warning&quot;&#10;    schema: {&quot;loadingURI&quot;:&quot;#&quot;,&quot;pointer&quot;:&quot;/items/properties/email&quot;}&#10;    domain: &quot;syntax&quot;&#10;    ignored: [&quot;examples&quot;]&#10;warning: the following keywords are unknown and will be ignored: [examples]&#10;    level: &quot;warning&quot;&#10;    schema: {&quot;loadingURI&quot;:&quot;#&quot;,&quot;pointer&quot;:&quot;/items/properties/id&quot;}&#10;    domain: &quot;syntax&quot;&#10;    ignored: [&quot;examples&quot;]&#10;warning: the following keywords are unknown and will be ignored: [examples]&#10;    level: &quot;warning&quot;&#10;    schema: {&quot;loadingURI&quot;:&quot;#&quot;,&quot;pointer&quot;:&quot;/items/properties/nome&quot;}&#10;    domain: &quot;syntax&quot;&#10;    ignored: [&quot;examples&quot;]&#10;warning: the following keywords are unknown and will be ignored: [examples]&#10;    level: &quot;warning&quot;&#10;    schema: {&quot;loadingURI&quot;:&quot;#&quot;,&quot;pointer&quot;:&quot;/items/properties/parcelas&quot;}&#10;    domain: &quot;syntax&quot;&#10;    ignored: [&quot;examples&quot;]&#10;warning: the following keywords are unknown and will be ignored: [examples]&#10;    level: &quot;warning&quot;&#10;    schema: {&quot;loadingURI&quot;:&quot;#&quot;,&quot;pointer&quot;:&quot;/items/properties/seguro&quot;}&#10;    domain: &quot;syntax&quot;&#10;    ignored: [&quot;examples&quot;]&#10;warning: the following keywords are unknown and will be ignored: [examples]&#10;    level: &quot;warning&quot;&#10;    schema: {&quot;loadingURI&quot;:&quot;#&quot;,&quot;pointer&quot;:&quot;/items/properties/valor&quot;}&#10;    domain: &quot;syntax&quot;&#10;    ignored: [&quot;examples&quot;]&#10;warning: the following keywords are unknown and will be ignored: [examples]&#10;    level: &quot;warning&quot;&#10;    schema: {&quot;loadingURI&quot;:&quot;#&quot;,&quot;pointer&quot;:&quot;/items&quot;}&#10;    domain: &quot;syntax&quot;&#10;    ignored: [&quot;examples&quot;]&#10;warning: the following keywords are unknown and will be ignored: [examples]&#10;    level: &quot;warning&quot;&#10;    schema: {&quot;loadingURI&quot;:&quot;#&quot;,&quot;pointer&quot;:&quot;/items/properties/cpf&quot;}&#10;    domain: &quot;syntax&quot;&#10;    ignored: [&quot;examples&quot;]&#10;warning: the following keywords are unknown and will be ignored: [examples]&#10;    level: &quot;warning&quot;&#10;    schema: {&quot;loadingURI&quot;:&quot;#&quot;,&quot;pointer&quot;:&quot;/items/properties/email&quot;}&#10;    domain: &quot;syntax&quot;&#10;    ignored: [&quot;examples&quot;]&#10;warning: the following keywords are unknown and will be ignored: [examples]&#10;    level: &quot;warning&quot;&#10;    schema: {&quot;loadingURI&quot;:&quot;#&quot;,&quot;pointer&quot;:&quot;/items/properties/id&quot;}&#10;    domain: &quot;syntax&quot;&#10;    ignored: [&quot;examples&quot;]&#10;warning: the following keywords are unknown and will be ignored: [examples]&#10;    level: &quot;warning&quot;&#10;    schema: {&quot;loadingURI&quot;:&quot;#&quot;,&quot;pointer&quot;:&quot;/items/properties/nome&quot;}&#10;    domain: &quot;syntax&quot;&#10;    ignored: [&quot;examples&quot;]&#10;warning: the following keywords are unknown and will be ignored: [examples]&#10;    level: &quot;warning&quot;&#10;    schema: {&quot;loadingURI&quot;:&quot;#&quot;,&quot;pointer&quot;:&quot;/items/properties/parcelas&quot;}&#10;    domain: &quot;syntax&quot;&#10;    ignored: [&quot;examples&quot;]&#10;warning: the following keywords are unknown and will be ignored: [examples]&#10;    level: &quot;warning&quot;&#10;    schema: {&quot;loadingURI&quot;:&quot;#&quot;,&quot;pointer&quot;:&quot;/items/properties/seguro&quot;}&#10;    domain: &quot;syntax&quot;&#10;    ignored: [&quot;examples&quot;]&#10;warning: the following keywords are unknown and will be ignored: [examples]&#10;    level: &quot;warning&quot;&#10;    schema: {&quot;loadingURI&quot;:&quot;#&quot;,&quot;pointer&quot;:&quot;/items/properties/valor&quot;}&#10;    domain: &quot;syntax&quot;&#10;    ignored: [&quot;examples&quot;]&#10;warning: the following keywords are unknown and will be ignored: [examples]&#10;    level: &quot;warning&quot;&#10;    schema: {&quot;loadingURI&quot;:&quot;#&quot;,&quot;pointer&quot;:&quot;/items&quot;}&#10;    domain: &quot;syntax&quot;&#10;    ignored: [&quot;examples&quot;]&#10;warning: the following keywords are unknown and will be ignored: [examples]&#10;    level: &quot;warning&quot;&#10;    schema: {&quot;loadingURI&quot;:&quot;#&quot;,&quot;pointer&quot;:&quot;/items/properties/cpf&quot;}&#10;    domain: &quot;syntax&quot;&#10;    ignored: [&quot;examples&quot;]&#10;warning: the following keywords are unknown and will be ignored: [examples]&#10;    level: &quot;warning&quot;&#10;    schema: {&quot;loadingURI&quot;:&quot;#&quot;,&quot;pointer&quot;:&quot;/items/properties/email&quot;}&#10;    domain: &quot;syntax&quot;&#10;    ignored: [&quot;examples&quot;]&#10;warning: the following keywords are unknown and will be ignored: [examples]&#10;    level: &quot;warning&quot;&#10;    schema: {&quot;loadingURI&quot;:&quot;#&quot;,&quot;pointer&quot;:&quot;/items/properties/id&quot;}&#10;    domain: &quot;syntax&quot;&#10;    ignored: [&quot;examples&quot;]&#10;warning: the following keywords are unknown and will be ignored: [examples]&#10;    level: &quot;warning&quot;&#10;    schema: {&quot;loadingURI&quot;:&quot;#&quot;,&quot;pointer&quot;:&quot;/items/properties/nome&quot;}&#10;    domain: &quot;syntax&quot;&#10;    ignored: [&quot;examples&quot;]&#10;warning: the following keywords are unknown and will be ignored: [examples]&#10;    level: &quot;warning&quot;&#10;    schema: {&quot;loadingURI&quot;:&quot;#&quot;,&quot;pointer&quot;:&quot;/items/properties/parcelas&quot;}&#10;    domain: &quot;syntax&quot;&#10;    ignored: [&quot;examples&quot;]&#10;warning: the following keywords are unknown and will be ignored: [examples]&#10;    level: &quot;warning&quot;&#10;    schema: {&quot;loadingURI&quot;:&quot;#&quot;,&quot;pointer&quot;:&quot;/items/properties/seguro&quot;}&#10;    domain: &quot;syntax&quot;&#10;    ignored: [&quot;examples&quot;]&#10;warning: the following keywords are unknown and will be ignored: [examples]&#10;    level: &quot;warning&quot;&#10;    schema: {&quot;loadingURI&quot;:&quot;#&quot;,&quot;pointer&quot;:&quot;/items/properties/valor&quot;}&#10;    domain: &quot;syntax&quot;&#10;    ignored: [&quot;examples&quot;]&#10;warning: the following keywords are unknown and will be ignored: [examples]&#10;    level: &quot;warning&quot;&#10;    schema: {&quot;loadingURI&quot;:&quot;#&quot;,&quot;pointer&quot;:&quot;/items&quot;}&#10;    domain: &quot;syntax&quot;&#10;    ignored: [&quot;examples&quot;]&#10;warning: the following keywords are unknown and will be ignored: [examples]&#10;    level: &quot;warning&quot;&#10;    schema: {&quot;loadingURI&quot;:&quot;#&quot;,&quot;pointer&quot;:&quot;/items/properties/cpf&quot;}&#10;    domain: &quot;syntax&quot;&#10;    ignored: [&quot;examples&quot;]&#10;warning: the following keywords are unknown and will be ignored: [examples]&#10;    level: &quot;warning&quot;&#10;    schema: {&quot;loadingURI&quot;:&quot;#&quot;,&quot;pointer&quot;:&quot;/items/properties/email&quot;}&#10;    domain: &quot;syntax&quot;&#10;    ignored: [&quot;examples&quot;]&#10;warning: the following keywords are unknown and will be ignored: [examples]&#10;    level: &quot;warning&quot;&#10;    schema: {&quot;loadingURI&quot;:&quot;#&quot;,&quot;pointer&quot;:&quot;/items/properties/id&quot;}&#10;    domain: &quot;syntax&quot;&#10;    ignored: [&quot;examples&quot;]&#10;warning: the following keywords are unknown and will be ignored: [examples]&#10;    level: &quot;warning&quot;&#10;    schema: {&quot;loadingURI&quot;:&quot;#&quot;,&quot;pointer&quot;:&quot;/items/properties/nome&quot;}&#10;    domain: &quot;syntax&quot;&#10;    ignored: [&quot;examples&quot;]&#10;warning: the following keywords are unknown and will be ignored: [examples]&#10;    level: &quot;warning&quot;&#10;    schema: {&quot;loadingURI&quot;:&quot;#&quot;,&quot;pointer&quot;:&quot;/items/properties/parcelas&quot;}&#10;    domain: &quot;syntax&quot;&#10;    ignored: [&quot;examples&quot;]&#10;warning: the following keywords are unknown and will be ignored: [examples]&#10;    level: &quot;warning&quot;&#10;    schema: {&quot;loadingURI&quot;:&quot;#&quot;,&quot;pointer&quot;:&quot;/items/properties/seguro&quot;}&#10;    domain: &quot;syntax&quot;&#10;    ignored: [&quot;examples&quot;]&#10;warning: the following keywords are unknown and will be ignored: [examples]&#10;    level: &quot;warning&quot;&#10;    schema: {&quot;loadingURI&quot;:&quot;#&quot;,&quot;pointer&quot;:&quot;/items/properties/valor&quot;}&#10;    domain: &quot;syntax&quot;&#10;    ignored: [&quot;examples&quot;]&#10;warning: the following keywords are unknown and will be ignored: [examples]&#10;    level: &quot;warning&quot;&#10;    schema: {&quot;loadingURI&quot;:&quot;#&quot;,&quot;pointer&quot;:&quot;/items&quot;}&#10;    domain: &quot;syntax&quot;&#10;    ignored: [&quot;examples&quot;]&#10;warning: the following keywords are unknown and will be ignored: [examples]&#10;    level: &quot;warning&quot;&#10;    schema: {&quot;loadingURI&quot;:&quot;#&quot;,&quot;pointer&quot;:&quot;/items/properties/cpf&quot;}&#10;    domain: &quot;syntax&quot;&#10;    ignored: [&quot;examples&quot;]&#10;warning: the following keywords are unknown and will be ignored: [examples]&#10;    level: &quot;warning&quot;&#10;    schema: {&quot;loadingURI&quot;:&quot;#&quot;,&quot;pointer&quot;:&quot;/items/properties/email&quot;}&#10;    domain: &quot;syntax&quot;&#10;    ignored: [&quot;examples&quot;]&#10;warning: the following keywords are unknown and will be ignored: [examples]&#10;    level: &quot;warning&quot;&#10;    schema: {&quot;loadingURI&quot;:&quot;#&quot;,&quot;pointer&quot;:&quot;/items/properties/id&quot;}&#10;    domain: &quot;syntax&quot;&#10;    ignored: [&quot;examples&quot;]&#10;warning: the following keywords are unknown and will be ignored: [examples]&#10;    level: &quot;warning&quot;&#10;    schema: {&quot;loadingURI&quot;:&quot;#&quot;,&quot;pointer&quot;:&quot;/items/properties/nome&quot;}&#10;    domain: &quot;syntax&quot;&#10;    ignored: [&quot;examples&quot;]&#10;warning: the following keywords are unknown and will be ignored: [examples]&#10;    level: &quot;warning&quot;&#10;    schema: {&quot;loadingURI&quot;:&quot;#&quot;,&quot;pointer&quot;:&quot;/items/properties/parcelas&quot;}&#10;    domain: &quot;syntax&quot;&#10;    ignored: [&quot;examples&quot;]&#10;warning: the following keywords are unknown and will be ignored: [examples]&#10;    level: &quot;warning&quot;&#10;    schema: {&quot;loadingURI&quot;:&quot;#&quot;,&quot;pointer&quot;:&quot;/items/properties/seguro&quot;}&#10;    domain: &quot;syntax&quot;&#10;    ignored: [&quot;examples&quot;]&#10;warning: the following keywords are unknown and will be ignored: [examples]&#10;    level: &quot;warning&quot;&#10;    schema: {&quot;loadingURI&quot;:&quot;#&quot;,&quot;pointer&quot;:&quot;/items/properties/valor&quot;}&#10;    domain: &quot;syntax&quot;&#10;    ignored: [&quot;examples&quot;]&#10;warning: the following keywords are unknown and will be ignored: [examples]&#10;    level: &quot;warning&quot;&#10;    schema: {&quot;loadingURI&quot;:&quot;#&quot;,&quot;pointer&quot;:&quot;/items&quot;}&#10;    domain: &quot;syntax&quot;&#10;    ignored: [&quot;examples&quot;]&#10;warning: the following keywords are unknown and will be ignored: [examples]&#10;    level: &quot;warning&quot;&#10;    schema: {&quot;loadingURI&quot;:&quot;#&quot;,&quot;pointer&quot;:&quot;/items/properties/cpf&quot;}&#10;    domain: &quot;syntax&quot;&#10;    ignored: [&quot;examples&quot;]&#10;warning: the following keywords are unknown and will be ignored: [examples]&#10;    level: &quot;warning&quot;&#10;    schema: {&quot;loadingURI&quot;:&quot;#&quot;,&quot;pointer&quot;:&quot;/items/properties/email&quot;}&#10;    domain: &quot;syntax&quot;&#10;    ignored: [&quot;examples&quot;]&#10;warning: the following keywords are unknown and will be ignored: [examples]&#10;    level: &quot;warning&quot;&#10;    schema: {&quot;loadingURI&quot;:&quot;#&quot;,&quot;pointer&quot;:&quot;/items/properties/id&quot;}&#10;    domain: &quot;syntax&quot;&#10;    ignored: [&quot;examples&quot;]&#10;warning: the following keywords are unknown and will be ignored: [examples]&#10;    level: &quot;warning&quot;&#10;    schema: {&quot;loadingURI&quot;:&quot;#&quot;,&quot;pointer&quot;:&quot;/items/properties/nome&quot;}&#10;    domain: &quot;syntax&quot;&#10;    ignored: [&quot;examples&quot;]&#10;warning: the following keywords are unknown and will be ignored: [examples]&#10;    level: &quot;warning&quot;&#10;    schema: {&quot;loadingURI&quot;:&quot;#&quot;,&quot;pointer&quot;:&quot;/items/properties/parcelas&quot;}&#10;    domain: &quot;syntax&quot;&#10;    ignored: [&quot;examples&quot;]&#10;warning: the following keywords are unknown and will be ignored: [examples]&#10;    level: &quot;warning&quot;&#10;    schema: {&quot;loadingURI&quot;:&quot;#&quot;,&quot;pointer&quot;:&quot;/items/properties/seguro&quot;}&#10;    domain: &quot;syntax&quot;&#10;    ignored: [&quot;examples&quot;]&#10;warning: the following keywords are unknown and will be ignored: [examples]&#10;    level: &quot;warning&quot;&#10;    schema: {&quot;loadingURI&quot;:&quot;#&quot;,&quot;pointer&quot;:&quot;/items/properties/valor&quot;}&#10;    domain: &quot;syntax&quot;&#10;    ignored: [&quot;examples&quot;]&#10;warning: the following keywords are unknown and will be ignored: [examples]&#10;    level: &quot;warning&quot;&#10;    schema: {&quot;loadingURI&quot;:&quot;#&quot;,&quot;pointer&quot;:&quot;/items&quot;}&#10;    domain: &quot;syntax&quot;&#10;    ignored: [&quot;examples&quot;]&#10;warning: the following keywords are unknown and will be ignored: [examples]&#10;    level: &quot;warning&quot;&#10;    schema: {&quot;loadingURI&quot;:&quot;#&quot;,&quot;pointer&quot;:&quot;/items/properties/cpf&quot;}&#10;    domain: &quot;syntax&quot;&#10;    ignored: [&quot;examples&quot;]&#10;warning: the following keywords are unknown and will be ignored: [examples]&#10;    level: &quot;warning&quot;&#10;    schema: {&quot;loadingURI&quot;:&quot;#&quot;,&quot;pointer&quot;:&quot;/items/properties/email&quot;}&#10;    domain: &quot;syntax&quot;&#10;    ignored: [&quot;examples&quot;]&#10;warning: the following keywords are unknown and will be ignored: [examples]&#10;    level: &quot;warning&quot;&#10;    schema: {&quot;loadingURI&quot;:&quot;#&quot;,&quot;pointer&quot;:&quot;/items/properties/id&quot;}&#10;    domain: &quot;syntax&quot;&#10;    ignored: [&quot;examples&quot;]&#10;warning: the following keywords are unknown and will be ignored: [examples]&#10;    level: &quot;warning&quot;&#10;    schema: {&quot;loadingURI&quot;:&quot;#&quot;,&quot;pointer&quot;:&quot;/items/properties/nome&quot;}&#10;    domain: &quot;syntax&quot;&#10;    ignored: [&quot;examples&quot;]&#10;warning: the following keywords are unknown and will be ignored: [examples]&#10;    level: &quot;warning&quot;&#10;    schema: {&quot;loadingURI&quot;:&quot;#&quot;,&quot;pointer&quot;:&quot;/items/properties/parcelas&quot;}&#10;    domain: &quot;syntax&quot;&#10;    ignored: [&quot;examples&quot;]&#10;warning: the following keywords are unknown and will be ignored: [examples]&#10;    level: &quot;warning&quot;&#10;    schema: {&quot;loadingURI&quot;:&quot;#&quot;,&quot;pointer&quot;:&quot;/items/properties/seguro&quot;}&#10;    domain: &quot;syntax&quot;&#10;    ignored: [&quot;examples&quot;]&#10;warning: the following keywords are unknown and will be ignored: [examples]&#10;    level: &quot;warning&quot;&#10;    schema: {&quot;loadingURI&quot;:&quot;#&quot;,&quot;pointer&quot;:&quot;/items/properties/valor&quot;}&#10;    domain: &quot;syntax&quot;&#10;    ignored: [&quot;examples&quot;]&#10;warning: the following keywords are unknown and will be ignored: [examples]&#10;    level: &quot;warning&quot;&#10;    schema: {&quot;loadingURI&quot;:&quot;#&quot;,&quot;pointer&quot;:&quot;/items&quot;}&#10;    domain: &quot;syntax&quot;&#10;    ignored: [&quot;examples&quot;]&#10;warning: the following keywords are unknown and will be ignored: [examples]&#10;    level: &quot;warning&quot;&#10;    schema: {&quot;loadingURI&quot;:&quot;#&quot;,&quot;pointer&quot;:&quot;/items/properties/cpf&quot;}&#10;    domain: &quot;syntax&quot;&#10;    ignored: [&quot;examples&quot;]&#10;warning: the following keywords are unknown and will be ignored: [examples]&#10;    level: &quot;warning&quot;&#10;    schema: {&quot;loadingURI&quot;:&quot;#&quot;,&quot;pointer&quot;:&quot;/items/properties/email&quot;}&#10;    domain: &quot;syntax&quot;&#10;    ignored: [&quot;examples&quot;]&#10;warning: the following keywords are unknown and will be ignored: [examples]&#10;    level: &quot;warning&quot;&#10;    schema: {&quot;loadingURI&quot;:&quot;#&quot;,&quot;pointer&quot;:&quot;/items/properties/id&quot;}&#10;    domain: &quot;syntax&quot;&#10;    ignored: [&quot;examples&quot;]&#10;warning: the following keywords are unknown and will be ignored: [examples]&#10;    level: &quot;warning&quot;&#10;    schema: {&quot;loadingURI&quot;:&quot;#&quot;,&quot;pointer&quot;:&quot;/items/properties/nome&quot;}&#10;    domain: &quot;syntax&quot;&#10;    ignored: [&quot;examples&quot;]&#10;warning: the following keywords are unknown and will be ignored: [examples]&#10;    level: &quot;warning&quot;&#10;    schema: {&quot;loadingURI&quot;:&quot;#&quot;,&quot;pointer&quot;:&quot;/items/properties/parcelas&quot;}&#10;    domain: &quot;syntax&quot;&#10;    ignored: [&quot;examples&quot;]&#10;warning: the following keywords are unknown and will be ignored: [examples]&#10;    level: &quot;warning&quot;&#10;    schema: {&quot;loadingURI&quot;:&quot;#&quot;,&quot;pointer&quot;:&quot;/items/properties/seguro&quot;}&#10;    domain: &quot;syntax&quot;&#10;    ignored: [&quot;examples&quot;]&#10;warning: the following keywords are unknown and will be ignored: [examples]&#10;    level: &quot;warning&quot;&#10;    schema: {&quot;loadingURI&quot;:&quot;#&quot;,&quot;pointer&quot;:&quot;/items/properties/valor&quot;}&#10;    domain: &quot;syntax&quot;&#10;    ignored: [&quot;examples&quot;]&#10;warning: the following keywords are unknown and will be ignored: [examples]&#10;    level: &quot;warning&quot;&#10;    schema: {&quot;loadingURI&quot;:&quot;#&quot;,&quot;pointer&quot;:&quot;/items&quot;}&#10;    domain: &quot;syntax&quot;&#10;    ignored: [&quot;examples&quot;]&#10;warning: the following keywords are unknown and will be ignored: [examples]&#10;    level: &quot;warning&quot;&#10;    schema: {&quot;loadingURI&quot;:&quot;#&quot;,&quot;pointer&quot;:&quot;/items/properties/cpf&quot;}&#10;    domain: &quot;syntax&quot;&#10;    ignored: [&quot;examples&quot;]&#10;warning: the following keywords are unknown and will be ignored: [examples]&#10;    level: &quot;warning&quot;&#10;    schema: {&quot;loadingURI&quot;:&quot;#&quot;,&quot;pointer&quot;:&quot;/items/properties/email&quot;}&#10;    domain: &quot;syntax&quot;&#10;    ignored: [&quot;examples&quot;]&#10;warning: the following keywords are unknown and will be ignored: [examples]&#10;    level: &quot;warning&quot;&#10;    schema: {&quot;loadingURI&quot;:&quot;#&quot;,&quot;pointer&quot;:&quot;/items/properties/id&quot;}&#10;    domain: &quot;syntax&quot;&#10;    ignored: [&quot;examples&quot;]&#10;warning: the following keywords are unknown and will be ignored: [examples]&#10;    level: &quot;warning&quot;&#10;    schema: {&quot;loadingURI&quot;:&quot;#&quot;,&quot;pointer&quot;:&quot;/items/properties/nome&quot;}&#10;    domain: &quot;syntax&quot;&#10;    ignored: [&quot;examples&quot;]&#10;warning: the following keywords are unknown and will be ignored: [examples]&#10;    level: &quot;warning&quot;&#10;    schema: {&quot;loadingURI&quot;:&quot;#&quot;,&quot;pointer&quot;:&quot;/items/properties/parcelas&quot;}&#10;    domain: &quot;syntax&quot;&#10;    ignored: [&quot;examples&quot;]&#10;warning: the following keywords are unknown and will be ignored: [examples]&#10;    level: &quot;warning&quot;&#10;    schema: {&quot;loadingURI&quot;:&quot;#&quot;,&quot;pointer&quot;:&quot;/items/properties/seguro&quot;}&#10;    domain: &quot;syntax&quot;&#10;    ignored: [&quot;examples&quot;]&#10;warning: the following keywords are unknown and will be ignored: [examples]&#10;    level: &quot;warning&quot;&#10;    schema: {&quot;loadingURI&quot;:&quot;#&quot;,&quot;pointer&quot;:&quot;/items/properties/valor&quot;}&#10;    domain: &quot;syntax&quot;&#10;    ignored: [&quot;examples&quot;]&#10;warning: the following keywords are unknown and will be ignored: [examples]&#10;    level: &quot;warning&quot;&#10;    schema: {&quot;loadingURI&quot;:&quot;#&quot;,&quot;pointer&quot;:&quot;/items&quot;}&#10;    domain: &quot;syntax&quot;&#10;    ignored: [&quot;examples&quot;]&#10;warning: the following keywords are unknown and will be ignored: [examples]&#10;    level: &quot;warning&quot;&#10;    schema: {&quot;loadingURI&quot;:&quot;#&quot;,&quot;pointer&quot;:&quot;/items/properties/cpf&quot;}&#10;    domain: &quot;syntax&quot;&#10;    ignored: [&quot;examples&quot;]&#10;warning: the following keywords are unknown and will be ignored: [examples]&#10;    level: &quot;warning&quot;&#10;    schema: {&quot;loadingURI&quot;:&quot;#&quot;,&quot;pointer&quot;:&quot;/items/properties/email&quot;}&#10;    domain: &quot;syntax&quot;&#10;    ignored: [&quot;examples&quot;]&#10;warning: the following keywords are unknown and will be ignored: [examples]&#10;    level: &quot;warning&quot;&#10;    schema: {&quot;loadingURI&quot;:&quot;#&quot;,&quot;pointer&quot;:&quot;/items/properties/id&quot;}&#10;    domain: &quot;syntax&quot;&#10;    ignored: [&quot;examples&quot;]&#10;warning: the following keywords are unknown and will be ignored: [examples]&#10;    level: &quot;warning&quot;&#10;    schema: {&quot;loadingURI&quot;:&quot;#&quot;,&quot;pointer&quot;:&quot;/items/properties/nome&quot;}&#10;    domain: &quot;syntax&quot;&#10;    ignored: [&quot;examples&quot;]&#10;warning: the following keywords are unknown and will be ignored: [examples]&#10;    level: &quot;warning&quot;&#10;    schema: {&quot;loadingURI&quot;:&quot;#&quot;,&quot;pointer&quot;:&quot;/items/properties/parcelas&quot;}&#10;    domain: &quot;syntax&quot;&#10;    ignored: [&quot;examples&quot;]&#10;warning: the following keywords are unknown and will be ignored: [examples]&#10;    level: &quot;warning&quot;&#10;    schema: {&quot;loadingURI&quot;:&quot;#&quot;,&quot;pointer&quot;:&quot;/items/properties/seguro&quot;}&#10;    domain: &quot;syntax&quot;&#10;    ignored: [&quot;examples&quot;]&#10;warning: the following keywords are unknown and will be ignored: [examples]&#10;    level: &quot;warning&quot;&#10;    schema: {&quot;loadingURI&quot;:&quot;#&quot;,&quot;pointer&quot;:&quot;/items/properties/valor&quot;}&#10;    domain: &quot;syntax&quot;&#10;    ignored: [&quot;examples&quot;]&#10;warning: the following keywords are unknown and will be ignored: [examples]&#10;    level: &quot;warning&quot;&#10;    schema: {&quot;loadingURI&quot;:&quot;#&quot;,&quot;pointer&quot;:&quot;/items&quot;}&#10;    domain: &quot;syntax&quot;&#10;    ignored: [&quot;examples&quot;]&#10;warning: the following keywords are unknown and will be ignored: [examples]&#10;    level: &quot;warning&quot;&#10;    schema: {&quot;loadingURI&quot;:&quot;#&quot;,&quot;pointer&quot;:&quot;/items/properties/cpf&quot;}&#10;    domain: &quot;syntax&quot;&#10;    ignored: [&quot;examples&quot;]&#10;warning: the following keywords are unknown and will be ignored: [examples]&#10;    level: &quot;warning&quot;&#10;    schema: {&quot;loadingURI&quot;:&quot;#&quot;,&quot;pointer&quot;:&quot;/items/properties/email&quot;}&#10;    domain: &quot;syntax&quot;&#10;    ignored: [&quot;examples&quot;]&#10;warning: the following keywords are unknown and will be ignored: [examples]&#10;    level: &quot;warning&quot;&#10;    schema: {&quot;loadingURI&quot;:&quot;#&quot;,&quot;pointer&quot;:&quot;/items/properties/id&quot;}&#10;    domain: &quot;syntax&quot;&#10;    ignored: [&quot;examples&quot;]&#10;warning: the following keywords are unknown and will be ignored: [examples]&#10;    level: &quot;warning&quot;&#10;    schema: {&quot;loadingURI&quot;:&quot;#&quot;,&quot;pointer&quot;:&quot;/items/properties/nome&quot;}&#10;    domain: &quot;syntax&quot;&#10;    ignored: [&quot;examples&quot;]&#10;warning: the following keywords are unknown and will be ignored: [examples]&#10;    level: &quot;warning&quot;&#10;    schema: {&quot;loadingURI&quot;:&quot;#&quot;,&quot;pointer&quot;:&quot;/items/properties/parcelas&quot;}&#10;    domain: &quot;syntax&quot;&#10;    ignored: [&quot;examples&quot;]&#10;warning: the following keywords are unknown and will be ignored: [examples]&#10;    level: &quot;warning&quot;&#10;    schema: {&quot;loadingURI&quot;:&quot;#&quot;,&quot;pointer&quot;:&quot;/items/properties/seguro&quot;}&#10;    domain: &quot;syntax&quot;&#10;    ignored: [&quot;examples&quot;]&#10;warning: the following keywords are unknown and will be ignored: [examples]&#10;    level: &quot;warning&quot;&#10;    schema: {&quot;loadingURI&quot;:&quot;#&quot;,&quot;pointer&quot;:&quot;/items/properties/valor&quot;}&#10;    domain: &quot;syntax&quot;&#10;    ignored: [&quot;examples&quot;]&#10;warning: the following keywords are unknown and will be ignored: [examples]&#10;    level: &quot;warning&quot;&#10;    schema: {&quot;loadingURI&quot;:&quot;#&quot;,&quot;pointer&quot;:&quot;/items&quot;}&#10;    domain: &quot;syntax&quot;&#10;    ignored: [&quot;examples&quot;]&#10;warning: the following keywords are unknown and will be ignored: [examples]&#10;    level: &quot;warning&quot;&#10;    schema: {&quot;loadingURI&quot;:&quot;#&quot;,&quot;pointer&quot;:&quot;/items/properties/cpf&quot;}&#10;    domain: &quot;syntax&quot;&#10;    ignored: [&quot;examples&quot;]&#10;warning: the following keywords are unknown and will be ignored: [examples]&#10;    level: &quot;warning&quot;&#10;    schema: {&quot;loadingURI&quot;:&quot;#&quot;,&quot;pointer&quot;:&quot;/items/properties/email&quot;}&#10;    domain: &quot;syntax&quot;&#10;    ignored: [&quot;examples&quot;]&#10;warning: the following keywords are unknown and will be ignored: [examples]&#10;    level: &quot;warning&quot;&#10;    schema: {&quot;loadingURI&quot;:&quot;#&quot;,&quot;pointer&quot;:&quot;/items/properties/id&quot;}&#10;    domain: &quot;syntax&quot;&#10;    ignored: [&quot;examples&quot;]&#10;warning: the following keywords are unknown and will be ignored: [examples]&#10;    level: &quot;warning&quot;&#10;    schema: {&quot;loadingURI&quot;:&quot;#&quot;,&quot;pointer&quot;:&quot;/items/properties/nome&quot;}&#10;    domain: &quot;syntax&quot;&#10;    ignored: [&quot;examples&quot;]&#10;warning: the following keywords are unknown and will be ignored: [examples]&#10;    level: &quot;warning&quot;&#10;    schema: {&quot;loadingURI&quot;:&quot;#&quot;,&quot;pointer&quot;:&quot;/items/properties/parcelas&quot;}&#10;    domain: &quot;syntax&quot;&#10;    ignored: [&quot;examples&quot;]&#10;warning: the following keywords are unknown and will be ignored: [examples]&#10;    level: &quot;warning&quot;&#10;    schema: {&quot;loadingURI&quot;:&quot;#&quot;,&quot;pointer&quot;:&quot;/items/properties/seguro&quot;}&#10;    domain: &quot;syntax&quot;&#10;    ignored: [&quot;examples&quot;]&#10;warning: the following keywords are unknown and will be ignored: [examples]&#10;    level: &quot;warning&quot;&#10;    schema: {&quot;loadingURI&quot;:&quot;#&quot;,&quot;pointer&quot;:&quot;/items/properties/valor&quot;}&#10;    domain: &quot;syntax&quot;&#10;    ignored: [&quot;examples&quot;]&#10;warning: the following keywords are unknown and will be ignored: [examples]&#10;    level: &quot;warning&quot;&#10;    schema: {&quot;loadingURI&quot;:&quot;#&quot;,&quot;pointer&quot;:&quot;/items&quot;}&#10;    domain: &quot;syntax&quot;&#10;    ignored: [&quot;examples&quot;]&#10;warning: the following keywords are unknown and will be ignored: [examples]&#10;    level: &quot;warning&quot;&#10;    schema: {&quot;loadingURI&quot;:&quot;#&quot;,&quot;pointer&quot;:&quot;/items/properties/cpf&quot;}&#10;    domain: &quot;syntax&quot;&#10;    ignored: [&quot;examples&quot;]&#10;warning: the following keywords are unknown and will be ignored: [examples]&#10;    level: &quot;warning&quot;&#10;    schema: {&quot;loadingURI&quot;:&quot;#&quot;,&quot;pointer&quot;:&quot;/items/properties/email&quot;}&#10;    domain: &quot;syntax&quot;&#10;    ignored: [&quot;examples&quot;]&#10;warning: the following keywords are unknown and will be ignored: [examples]&#10;    level: &quot;warning&quot;&#10;    schema: {&quot;loadingURI&quot;:&quot;#&quot;,&quot;pointer&quot;:&quot;/items/properties/id&quot;}&#10;    domain: &quot;syntax&quot;&#10;    ignored: [&quot;examples&quot;]&#10;warning: the following keywords are unknown and will be ignored: [examples]&#10;    level: &quot;warning&quot;&#10;    schema: {&quot;loadingURI&quot;:&quot;#&quot;,&quot;pointer&quot;:&quot;/items/properties/nome&quot;}&#10;    domain: &quot;syntax&quot;&#10;    ignored: [&quot;examples&quot;]&#10;warning: the following keywords are unknown and will be ignored: [examples]&#10;    level: &quot;warning&quot;&#10;    schema: {&quot;loadingURI&quot;:&quot;#&quot;,&quot;pointer&quot;:&quot;/items/properties/parcelas&quot;}&#10;    domain: &quot;syntax&quot;&#10;    ignored: [&quot;examples&quot;]&#10;warning: the following keywords are unknown and will be ignored: [examples]&#10;    level: &quot;warning&quot;&#10;    schema: {&quot;loadingURI&quot;:&quot;#&quot;,&quot;pointer&quot;:&quot;/items/properties/seguro&quot;}&#10;    domain: &quot;syntax&quot;&#10;    ignored: [&quot;examples&quot;]&#10;warning: the following keywords are unknown and will be ignored: [examples]&#10;    level: &quot;warning&quot;&#10;    schema: {&quot;loadingURI&quot;:&quot;#&quot;,&quot;pointer&quot;:&quot;/items/properties/valor&quot;}&#10;    domain: &quot;syntax&quot;&#10;    ignored: [&quot;examples&quot;]&#10;warning: the following keywords are unknown and will be ignored: [examples]&#10;    level: &quot;warning&quot;&#10;    schema: {&quot;loadingURI&quot;:&quot;#&quot;,&quot;pointer&quot;:&quot;/items&quot;}&#10;    domain: &quot;syntax&quot;&#10;    ignored: [&quot;examples&quot;]&#10;warning: the following keywords are unknown and will be ignored: [examples]&#10;    level: &quot;warning&quot;&#10;    schema: {&quot;loadingURI&quot;:&quot;#&quot;,&quot;pointer&quot;:&quot;/items/properties/cpf&quot;}&#10;    domain: &quot;syntax&quot;&#10;    ignored: [&quot;examples&quot;]&#10;warning: the following keywords are unknown and will be ignored: [examples]&#10;    level: &quot;warning&quot;&#10;    schema: {&quot;loadingURI&quot;:&quot;#&quot;,&quot;pointer&quot;:&quot;/items/properties/email&quot;}&#10;    domain: &quot;syntax&quot;&#10;    ignored: [&quot;examples&quot;]&#10;warning: the following keywords are unknown and will be ignored: [examples]&#10;    level: &quot;warning&quot;&#10;    schema: {&quot;loadingURI&quot;:&quot;#&quot;,&quot;pointer&quot;:&quot;/items/properties/id&quot;}&#10;    domain: &quot;syntax&quot;&#10;    ignored: [&quot;examples&quot;]&#10;warning: the following keywords are unknown and will be ignored: [examples]&#10;    level: &quot;warning&quot;&#10;    schema: {&quot;loadingURI&quot;:&quot;#&quot;,&quot;pointer&quot;:&quot;/items/properties/nome&quot;}&#10;    domain: &quot;syntax&quot;&#10;    ignored: [&quot;examples&quot;]&#10;warning: the following keywords are unknown and will be ignored: [examples]&#10;    level: &quot;warning&quot;&#10;    schema: {&quot;loadingURI&quot;:&quot;#&quot;,&quot;pointer&quot;:&quot;/items/properties/parcelas&quot;}&#10;    domain: &quot;syntax&quot;&#10;    ignored: [&quot;examples&quot;]&#10;warning: the following keywords are unknown and will be ignored: [examples]&#10;    level: &quot;warning&quot;&#10;    schema: {&quot;loadingURI&quot;:&quot;#&quot;,&quot;pointer&quot;:&quot;/items/properties/seguro&quot;}&#10;    domain: &quot;syntax&quot;&#10;    ignored: [&quot;examples&quot;]&#10;warning: the following keywords are unknown and will be ignored: [examples]&#10;    level: &quot;warning&quot;&#10;    schema: {&quot;loadingURI&quot;:&quot;#&quot;,&quot;pointer&quot;:&quot;/items/properties/valor&quot;}&#10;    domain: &quot;syntax&quot;&#10;    ignored: [&quot;examples&quot;]&#10;warning: the following keywords are unknown and will be ignored: [examples]&#10;    level: &quot;warning&quot;&#10;    schema: {&quot;loadingURI&quot;:&quot;#&quot;,&quot;pointer&quot;:&quot;/items&quot;}&#10;    domain: &quot;syntax&quot;&#10;    ignored: [&quot;examples&quot;]&#10;warning: the following keywords are unknown and will be ignored: [examples]&#10;    level: &quot;warning&quot;&#10;    schema: {&quot;loadingURI&quot;:&quot;#&quot;,&quot;pointer&quot;:&quot;/items/properties/cpf&quot;}&#10;    domain: &quot;syntax&quot;&#10;    ignored: [&quot;examples&quot;]&#10;warning: the following keywords are unknown and will be ignored: [examples]&#10;    level: &quot;warning&quot;&#10;    schema: {&quot;loadingURI&quot;:&quot;#&quot;,&quot;pointer&quot;:&quot;/items/properties/email&quot;}&#10;    domain: &quot;syntax&quot;&#10;    ignored: [&quot;examples&quot;]&#10;warning: the following keywords are unknown and will be ignored: [examples]&#10;    level: &quot;warning&quot;&#10;    schema: {&quot;loadingURI&quot;:&quot;#&quot;,&quot;pointer&quot;:&quot;/items/properties/id&quot;}&#10;    domain: &quot;syntax&quot;&#10;    ignored: [&quot;examples&quot;]&#10;warning: the following keywords are unknown and will be ignored: [examples]&#10;    level: &quot;warning&quot;&#10;    schema: {&quot;loadingURI&quot;:&quot;#&quot;,&quot;pointer&quot;:&quot;/items/properties/nome&quot;}&#10;    domain: &quot;syntax&quot;&#10;    ignored: [&quot;examples&quot;]&#10;warning: the following keywords are unknown and will be ignored: [examples]&#10;    level: &quot;warning&quot;&#10;    schema: {&quot;loadingURI&quot;:&quot;#&quot;,&quot;pointer&quot;:&quot;/items/properties/parcelas&quot;}&#10;    domain: &quot;syntax&quot;&#10;    ignored: [&quot;examples&quot;]&#10;warning: the following keywords are unknown and will be ignored: [examples]&#10;    level: &quot;warning&quot;&#10;    schema: {&quot;loadingURI&quot;:&quot;#&quot;,&quot;pointer&quot;:&quot;/items/properties/seguro&quot;}&#10;    domain: &quot;syntax&quot;&#10;    ignored: [&quot;examples&quot;]&#10;warning: the following keywords are unknown and will be ignored: [examples]&#10;    level: &quot;warning&quot;&#10;    schema: {&quot;loadingURI&quot;:&quot;#&quot;,&quot;pointer&quot;:&quot;/items/properties/valor&quot;}&#10;    domain: &quot;syntax&quot;&#10;    ignored: [&quot;examples&quot;]&#10;warning: the following keywords are unknown and will be ignored: [examples]&#10;    level: &quot;warning&quot;&#10;    schema: {&quot;loadingURI&quot;:&quot;#&quot;,&quot;pointer&quot;:&quot;/items&quot;}&#10;    domain: &quot;syntax&quot;&#10;    ignored: [&quot;examples&quot;]&#10;warning: the following keywords are unknown and will be ignored: [examples]&#10;    level: &quot;warning&quot;&#10;    schema: {&quot;loadingURI&quot;:&quot;#&quot;,&quot;pointer&quot;:&quot;/items/properties/cpf&quot;}&#10;    domain: &quot;syntax&quot;&#10;    ignored: [&quot;examples&quot;]&#10;warning: the following keywords are unknown and will be ignored: [examples]&#10;    level: &quot;warning&quot;&#10;    schema: {&quot;loadingURI&quot;:&quot;#&quot;,&quot;pointer&quot;:&quot;/items/properties/email&quot;}&#10;    domain: &quot;syntax&quot;&#10;    ignored: [&quot;examples&quot;]&#10;warning: the following keywords are unknown and will be ignored: [examples]&#10;    level: &quot;warning&quot;&#10;    schema: {&quot;loadingURI&quot;:&quot;#&quot;,&quot;pointer&quot;:&quot;/items/properties/id&quot;}&#10;    domain: &quot;syntax&quot;&#10;    ignored: [&quot;examples&quot;]&#10;warning: the following keywords are unknown and will be ignored: [examples]&#10;    level: &quot;warning&quot;&#10;    schema: {&quot;loadingURI&quot;:&quot;#&quot;,&quot;pointer&quot;:&quot;/items/properties/nome&quot;}&#10;    domain: &quot;syntax&quot;&#10;    ignored: [&quot;examples&quot;]&#10;warning: the following keywords are unknown and will be ignored: [examples]&#10;    level: &quot;warning&quot;&#10;    schema: {&quot;loadingURI&quot;:&quot;#&quot;,&quot;pointer&quot;:&quot;/items/properties/parcelas&quot;}&#10;    domain: &quot;syntax&quot;&#10;    ignored: [&quot;examples&quot;]&#10;warning: the following keywords are unknown and will be ignored: [examples]&#10;    level: &quot;warning&quot;&#10;    schema: {&quot;loadingURI&quot;:&quot;#&quot;,&quot;pointer&quot;:&quot;/items/properties/seguro&quot;}&#10;    domain: &quot;syntax&quot;&#10;    ignored: [&quot;examples&quot;]&#10;warning: the following keywords are unknown and will be ignored: [examples]&#10;    level: &quot;warning&quot;&#10;    schema: {&quot;loadingURI&quot;:&quot;#&quot;,&quot;pointer&quot;:&quot;/items/properties/valor&quot;}&#10;    domain: &quot;syntax&quot;&#10;    ignored: [&quot;examples&quot;]&#10;warning: the following keywords are unknown and will be ignored: [examples]&#10;    level: &quot;warning&quot;&#10;    schema: {&quot;loadingURI&quot;:&quot;#&quot;,&quot;pointer&quot;:&quot;/items&quot;}&#10;    domain: &quot;syntax&quot;&#10;    ignored: [&quot;examples&quot;]&#10;warning: the following keywords are unknown and will be ignored: [examples]&#10;    level: &quot;warning&quot;&#10;    schema: {&quot;loadingURI&quot;:&quot;#&quot;,&quot;pointer&quot;:&quot;/items/properties/cpf&quot;}&#10;    domain: &quot;syntax&quot;&#10;    ignored: [&quot;examples&quot;]&#10;warning: the following keywords are unknown and will be ignored: [examples]&#10;    level: &quot;warning&quot;&#10;    schema: {&quot;loadingURI&quot;:&quot;#&quot;,&quot;pointer&quot;:&quot;/items/properties/email&quot;}&#10;    domain: &quot;syntax&quot;&#10;    ignored: [&quot;examples&quot;]&#10;warning: the following keywords are unknown and will be ignored: [examples]&#10;    level: &quot;warning&quot;&#10;    schema: {&quot;loadingURI&quot;:&quot;#&quot;,&quot;pointer&quot;:&quot;/items/properties/id&quot;}&#10;    domain: &quot;syntax&quot;&#10;    ignored: [&quot;examples&quot;]&#10;warning: the following keywords are unknown and will be ignored: [examples]&#10;    level: &quot;warning&quot;&#10;    schema: {&quot;loadingURI&quot;:&quot;#&quot;,&quot;pointer&quot;:&quot;/items/properties/nome&quot;}&#10;    domain: &quot;syntax&quot;&#10;    ignored: [&quot;examples&quot;]&#10;warning: the following keywords are unknown and will be ignored: [examples]&#10;    level: &quot;warning&quot;&#10;    schema: {&quot;loadingURI&quot;:&quot;#&quot;,&quot;pointer&quot;:&quot;/items/properties/parcelas&quot;}&#10;    domain: &quot;syntax&quot;&#10;    ignored: [&quot;examples&quot;]&#10;warning: the following keywords are unknown and will be ignored: [examples]&#10;    level: &quot;warning&quot;&#10;    schema: {&quot;loadingURI&quot;:&quot;#&quot;,&quot;pointer&quot;:&quot;/items/properties/seguro&quot;}&#10;    domain: &quot;syntax&quot;&#10;    ignored: [&quot;examples&quot;]&#10;warning: the following keywords are unknown and will be ignored: [examples]&#10;    level: &quot;warning&quot;&#10;    schema: {&quot;loadingURI&quot;:&quot;#&quot;,&quot;pointer&quot;:&quot;/items/properties/valor&quot;}&#10;    domain: &quot;syntax&quot;&#10;    ignored: [&quot;examples&quot;]&#10;warning: the following keywords are unknown and will be ignored: [examples]&#10;    level: &quot;warning&quot;&#10;    schema: {&quot;loadingURI&quot;:&quot;#&quot;,&quot;pointer&quot;:&quot;/items&quot;}&#10;    domain: &quot;syntax&quot;&#10;    ignored: [&quot;examples&quot;]&#10;warning: the following keywords are unknown and will be ignored: [examples]&#10;    level: &quot;warning&quot;&#10;    schema: {&quot;loadingURI&quot;:&quot;#&quot;,&quot;pointer&quot;:&quot;/items/properties/cpf&quot;}&#10;    domain: &quot;syntax&quot;&#10;    ignored: [&quot;examples&quot;]&#10;warning: the following keywords are unknown and will be ignored: [examples]&#10;    level: &quot;warning&quot;&#10;    schema: {&quot;loadingURI&quot;:&quot;#&quot;,&quot;pointer&quot;:&quot;/items/properties/email&quot;}&#10;    domain: &quot;syntax&quot;&#10;    ignored: [&quot;examples&quot;]&#10;warning: the following keywords are unknown and will be ignored: [examples]&#10;    level: &quot;warning&quot;&#10;    schema: {&quot;loadingURI&quot;:&quot;#&quot;,&quot;pointer&quot;:&quot;/items/properties/id&quot;}&#10;    domain: &quot;syntax&quot;&#10;    ignored: [&quot;examples&quot;]&#10;warning: the following keywords are unknown and will be ignored: [examples]&#10;    level: &quot;warning&quot;&#10;    schema: {&quot;loadingURI&quot;:&quot;#&quot;,&quot;pointer&quot;:&quot;/items/properties/nome&quot;}&#10;    domain: &quot;syntax&quot;&#10;    ignored: [&quot;examples&quot;]&#10;warning: the following keywords are unknown and will be ignored: [examples]&#10;    level: &quot;warning&quot;&#10;    schema: {&quot;loadingURI&quot;:&quot;#&quot;,&quot;pointer&quot;:&quot;/items/properties/parcelas&quot;}&#10;    domain: &quot;syntax&quot;&#10;    ignored: [&quot;examples&quot;]&#10;warning: the following keywords are unknown and will be ignored: [examples]&#10;    level: &quot;warning&quot;&#10;    schema: {&quot;loadingURI&quot;:&quot;#&quot;,&quot;pointer&quot;:&quot;/items/properties/seguro&quot;}&#10;    domain: &quot;syntax&quot;&#10;    ignored: [&quot;examples&quot;]&#10;warning: the following keywords are unknown and will be ignored: [examples]&#10;    level: &quot;warning&quot;&#10;    schema: {&quot;loadingURI&quot;:&quot;#&quot;,&quot;pointer&quot;:&quot;/items/properties/valor&quot;}&#10;    domain: &quot;syntax&quot;&#10;    ignored: [&quot;examples&quot;]&#10;warning: the following keywords are unknown and will be ignored: [examples]&#10;    level: &quot;warning&quot;&#10;    schema: {&quot;loadingURI&quot;:&quot;#&quot;,&quot;pointer&quot;:&quot;/items&quot;}&#10;    domain: &quot;syntax&quot;&#10;    ignored: [&quot;examples&quot;]&#10;warning: the following keywords are unknown and will be ignored: [examples]&#10;    level: &quot;warning&quot;&#10;    schema: {&quot;loadingURI&quot;:&quot;#&quot;,&quot;pointer&quot;:&quot;/items/properties/cpf&quot;}&#10;    domain: &quot;syntax&quot;&#10;    ignored: [&quot;examples&quot;]&#10;warning: the following keywords are unknown and will be ignored: [examples]&#10;    level: &quot;warning&quot;&#10;    schema: {&quot;loadingURI&quot;:&quot;#&quot;,&quot;pointer&quot;:&quot;/items/properties/email&quot;}&#10;    domain: &quot;syntax&quot;&#10;    ignored: [&quot;examples&quot;]&#10;warning: the following keywords are unknown and will be ignored: [examples]&#10;    level: &quot;warning&quot;&#10;    schema: {&quot;loadingURI&quot;:&quot;#&quot;,&quot;pointer&quot;:&quot;/items/properties/id&quot;}&#10;    domain: &quot;syntax&quot;&#10;    ignored: [&quot;examples&quot;]&#10;warning: the following keywords are unknown and will be ignored: [examples]&#10;    level: &quot;warning&quot;&#10;    schema: {&quot;loadingURI&quot;:&quot;#&quot;,&quot;pointer&quot;:&quot;/items/properties/nome&quot;}&#10;    domain: &quot;syntax&quot;&#10;    ignored: [&quot;examples&quot;]&#10;warning: the following keywords are unknown and will be ignored: [examples]&#10;    level: &quot;warning&quot;&#10;    schema: {&quot;loadingURI&quot;:&quot;#&quot;,&quot;pointer&quot;:&quot;/items/properties/parcelas&quot;}&#10;    domain: &quot;syntax&quot;&#10;    ignored: [&quot;examples&quot;]&#10;warning: the following keywords are unknown and will be ignored: [examples]&#10;    level: &quot;warning&quot;&#10;    schema: {&quot;loadingURI&quot;:&quot;#&quot;,&quot;pointer&quot;:&quot;/items/properties/seguro&quot;}&#10;    domain: &quot;syntax&quot;&#10;    ignored: [&quot;examples&quot;]&#10;warning: the following keywords are unknown and will be ignored: [examples]&#10;    level: &quot;warning&quot;&#10;    schema: {&quot;loadingURI&quot;:&quot;#&quot;,&quot;pointer&quot;:&quot;/items/properties/valor&quot;}&#10;    domain: &quot;syntax&quot;&#10;    ignored: [&quot;examples&quot;]&#10;warning: the following keywords are unknown and will be ignored: [examples]&#10;    level: &quot;warning&quot;&#10;    schema: {&quot;loadingURI&quot;:&quot;#&quot;,&quot;pointer&quot;:&quot;/items&quot;}&#10;    domain: &quot;syntax&quot;&#10;    ignored: [&quot;examples&quot;]&#10;warning: the following keywords are unknown and will be ignored: [examples]&#10;    level: &quot;warning&quot;&#10;    schema: {&quot;loadingURI&quot;:&quot;#&quot;,&quot;pointer&quot;:&quot;/items/properties/cpf&quot;}&#10;    domain: &quot;syntax&quot;&#10;    ignored: [&quot;examples&quot;]&#10;warning: the following keywords are unknown and will be ignored: [examples]&#10;    level: &quot;warning&quot;&#10;    schema: {&quot;loadingURI&quot;:&quot;#&quot;,&quot;pointer&quot;:&quot;/items/properties/email&quot;}&#10;    domain: &quot;syntax&quot;&#10;    ignored: [&quot;examples&quot;]&#10;warning: the following keywords are unknown and will be ignored: [examples]&#10;    level: &quot;warning&quot;&#10;    schema: {&quot;loadingURI&quot;:&quot;#&quot;,&quot;pointer&quot;:&quot;/items/properties/id&quot;}&#10;    domain: &quot;syntax&quot;&#10;    ignored: [&quot;examples&quot;]&#10;warning: the following keywords are unknown and will be ignored: [examples]&#10;    level: &quot;warning&quot;&#10;    schema: {&quot;loadingURI&quot;:&quot;#&quot;,&quot;pointer&quot;:&quot;/items/properties/nome&quot;}&#10;    domain: &quot;syntax&quot;&#10;    ignored: [&quot;examples&quot;]&#10;warning: the following keywords are unknown and will be ignored: [examples]&#10;    level: &quot;warning&quot;&#10;    schema: {&quot;loadingURI&quot;:&quot;#&quot;,&quot;pointer&quot;:&quot;/items/properties/parcelas&quot;}&#10;    domain: &quot;syntax&quot;&#10;    ignored: [&quot;examples&quot;]&#10;warning: the following keywords are unknown and will be ignored: [examples]&#10;    level: &quot;warning&quot;&#10;    schema: {&quot;loadingURI&quot;:&quot;#&quot;,&quot;pointer&quot;:&quot;/items/properties/seguro&quot;}&#10;    domain: &quot;syntax&quot;&#10;    ignored: [&quot;examples&quot;]&#10;warning: the following keywords are unknown and will be ignored: [examples]&#10;    level: &quot;warning&quot;&#10;    schema: {&quot;loadingURI&quot;:&quot;#&quot;,&quot;pointer&quot;:&quot;/items/properties/valor&quot;}&#10;    domain: &quot;syntax&quot;&#10;    ignored: [&quot;examples&quot;]&#10;warning: the following keywords are unknown and will be ignored: [examples]&#10;    level: &quot;warning&quot;&#10;    schema: {&quot;loadingURI&quot;:&quot;#&quot;,&quot;pointer&quot;:&quot;/items&quot;}&#10;    domain: &quot;syntax&quot;&#10;    ignored: [&quot;examples&quot;]&#10;warning: the following keywords are unknown and will be ignored: [examples]&#10;    level: &quot;warning&quot;&#10;    schema: {&quot;loadingURI&quot;:&quot;#&quot;,&quot;pointer&quot;:&quot;/items/properties/cpf&quot;}&#10;    domain: &quot;syntax&quot;&#10;    ignored: [&quot;examples&quot;]&#10;warning: the following keywords are unknown and will be ignored: [examples]&#10;    level: &quot;warning&quot;&#10;    schema: {&quot;loadingURI&quot;:&quot;#&quot;,&quot;pointer&quot;:&quot;/items/properties/email&quot;}&#10;    domain: &quot;syntax&quot;&#10;    ignored: [&quot;examples&quot;]&#10;warning: the following keywords are unknown and will be ignored: [examples]&#10;    level: &quot;warning&quot;&#10;    schema: {&quot;loadingURI&quot;:&quot;#&quot;,&quot;pointer&quot;:&quot;/items/properties/id&quot;}&#10;    domain: &quot;syntax&quot;&#10;    ignored: [&quot;examples&quot;]&#10;warning: the following keywords are unknown and will be ignored: [examples]&#10;    level: &quot;warning&quot;&#10;    schema: {&quot;loadingURI&quot;:&quot;#&quot;,&quot;pointer&quot;:&quot;/items/properties/nome&quot;}&#10;    domain: &quot;syntax&quot;&#10;    ignored: [&quot;examples&quot;]&#10;warning: the following keywords are unknown and will be ignored: [examples]&#10;    level: &quot;warning&quot;&#10;    schema: {&quot;loadingURI&quot;:&quot;#&quot;,&quot;pointer&quot;:&quot;/items/properties/parcelas&quot;}&#10;    domain: &quot;syntax&quot;&#10;    ignored: [&quot;examples&quot;]&#10;warning: the following keywords are unknown and will be ignored: [examples]&#10;    level: &quot;warning&quot;&#10;    schema: {&quot;loadingURI&quot;:&quot;#&quot;,&quot;pointer&quot;:&quot;/items/properties/seguro&quot;}&#10;    domain: &quot;syntax&quot;&#10;    ignored: [&quot;examples&quot;]&#10;warning: the following keywords are unknown and will be ignored: [examples]&#10;    level: &quot;warning&quot;&#10;    schema: {&quot;loadingURI&quot;:&quot;#&quot;,&quot;pointer&quot;:&quot;/items/properties/valor&quot;}&#10;    domain: &quot;syntax&quot;&#10;    ignored: [&quot;examples&quot;]&#10;warning: the following keywords are unknown and will be ignored: [examples]&#10;    level: &quot;warning&quot;&#10;    schema: {&quot;loadingURI&quot;:&quot;#&quot;,&quot;pointer&quot;:&quot;/items&quot;}&#10;    domain: &quot;syntax&quot;&#10;    ignored: [&quot;examples&quot;]&#10;warning: the following keywords are unknown and will be ignored: [examples]&#10;    level: &quot;warning&quot;&#10;    schema: {&quot;loadingURI&quot;:&quot;#&quot;,&quot;pointer&quot;:&quot;/items/properties/cpf&quot;}&#10;    domain: &quot;syntax&quot;&#10;    ignored: [&quot;examples&quot;]&#10;warning: the following keywords are unknown and will be ignored: [examples]&#10;    level: &quot;warning&quot;&#10;    schema: {&quot;loadingURI&quot;:&quot;#&quot;,&quot;pointer&quot;:&quot;/items/properties/email&quot;}&#10;    domain: &quot;syntax&quot;&#10;    ignored: [&quot;examples&quot;]&#10;warning: the following keywords are unknown and will be ignored: [examples]&#10;    level: &quot;warning&quot;&#10;    schema: {&quot;loadingURI&quot;:&quot;#&quot;,&quot;pointer&quot;:&quot;/items/properties/id&quot;}&#10;    domain: &quot;syntax&quot;&#10;    ignored: [&quot;examples&quot;]&#10;warning: the following keywords are unknown and will be ignored: [examples]&#10;    level: &quot;warning&quot;&#10;    schema: {&quot;loadingURI&quot;:&quot;#&quot;,&quot;pointer&quot;:&quot;/items/properties/nome&quot;}&#10;    domain: &quot;syntax&quot;&#10;    ignored: [&quot;examples&quot;]&#10;warning: the following keywords are unknown and will be ignored: [examples]&#10;    level: &quot;warning&quot;&#10;    schema: {&quot;loadingURI&quot;:&quot;#&quot;,&quot;pointer&quot;:&quot;/items/properties/parcelas&quot;}&#10;    domain: &quot;syntax&quot;&#10;    ignored: [&quot;examples&quot;]&#10;warning: the following keywords are unknown and will be ignored: [examples]&#10;    level: &quot;warning&quot;&#10;    schema: {&quot;loadingURI&quot;:&quot;#&quot;,&quot;pointer&quot;:&quot;/items/properties/seguro&quot;}&#10;    domain: &quot;syntax&quot;&#10;    ignored: [&quot;examples&quot;]&#10;warning: the following keywords are unknown and will be ignored: [examples]&#10;    level: &quot;warning&quot;&#10;    schema: {&quot;loadingURI&quot;:&quot;#&quot;,&quot;pointer&quot;:&quot;/items/properties/valor&quot;}&#10;    domain: &quot;syntax&quot;&#10;    ignored: [&quot;examples&quot;]&#10;warning: the following keywords are unknown and will be ignored: [examples]&#10;    level: &quot;warning&quot;&#10;    schema: {&quot;loadingURI&quot;:&quot;#&quot;,&quot;pointer&quot;:&quot;/items&quot;}&#10;    domain: &quot;syntax&quot;&#10;    ignored: [&quot;examples&quot;]&#10;warning: the following keywords are unknown and will be ignored: [examples]&#10;    level: &quot;warning&quot;&#10;    schema: {&quot;loadingURI&quot;:&quot;#&quot;,&quot;pointer&quot;:&quot;/items/properties/cpf&quot;}&#10;    domain: &quot;syntax&quot;&#10;    ignored: [&quot;examples&quot;]&#10;warning: the following keywords are unknown and will be ignored: [examples]&#10;    level: &quot;warning&quot;&#10;    schema: {&quot;loadingURI&quot;:&quot;#&quot;,&quot;pointer&quot;:&quot;/items/properties/email&quot;}&#10;    domain: &quot;syntax&quot;&#10;    ignored: [&quot;examples&quot;]&#10;warning: the following keywords are unknown and will be ignored: [examples]&#10;    level: &quot;warning&quot;&#10;    schema: {&quot;loadingURI&quot;:&quot;#&quot;,&quot;pointer&quot;:&quot;/items/properties/id&quot;}&#10;    domain: &quot;syntax&quot;&#10;    ignored: [&quot;examples&quot;]&#10;warning: the following keywords are unknown and will be ignored: [examples]&#10;    level: &quot;warning&quot;&#10;    schema: {&quot;loadingURI&quot;:&quot;#&quot;,&quot;pointer&quot;:&quot;/items/properties/nome&quot;}&#10;    domain: &quot;syntax&quot;&#10;    ignored: [&quot;examples&quot;]&#10;warning: the following keywords are unknown and will be ignored: [examples]&#10;    level: &quot;warning&quot;&#10;    schema: {&quot;loadingURI&quot;:&quot;#&quot;,&quot;pointer&quot;:&quot;/items/properties/parcelas&quot;}&#10;    domain: &quot;syntax&quot;&#10;    ignored: [&quot;examples&quot;]&#10;warning: the following keywords are unknown and will be ignored: [examples]&#10;    level: &quot;warning&quot;&#10;    schema: {&quot;loadingURI&quot;:&quot;#&quot;,&quot;pointer&quot;:&quot;/items/properties/seguro&quot;}&#10;    domain: &quot;syntax&quot;&#10;    ignored: [&quot;examples&quot;]&#10;warning: the following keywords are unknown and will be ignored: [examples]&#10;    level: &quot;warning&quot;&#10;    schema: {&quot;loadingURI&quot;:&quot;#&quot;,&quot;pointer&quot;:&quot;/items/properties/valor&quot;}&#10;    domain: &quot;syntax&quot;&#10;    ignored: [&quot;examples&quot;]&#10;warning: the following keywords are unknown and will be ignored: [examples]&#10;    level: &quot;warning&quot;&#10;    schema: {&quot;loadingURI&quot;:&quot;#&quot;,&quot;pointer&quot;:&quot;/items&quot;}&#10;    domain: &quot;syntax&quot;&#10;    ignored: [&quot;examples&quot;]&#10;warning: the following keywords are unknown and will be ignored: [examples]&#10;    level: &quot;warning&quot;&#10;    schema: {&quot;loadingURI&quot;:&quot;#&quot;,&quot;pointer&quot;:&quot;/items/properties/cpf&quot;}&#10;    domain: &quot;syntax&quot;&#10;    ignored: [&quot;examples&quot;]&#10;warning: the following keywords are unknown and will be ignored: [examples]&#10;    level: &quot;warning&quot;&#10;    schema: {&quot;loadingURI&quot;:&quot;#&quot;,&quot;pointer&quot;:&quot;/items/properties/email&quot;}&#10;    domain: &quot;syntax&quot;&#10;    ignored: [&quot;examples&quot;]&#10;warning: the following keywords are unknown and will be ignored: [examples]&#10;    level: &quot;warning&quot;&#10;    schema: {&quot;loadingURI&quot;:&quot;#&quot;,&quot;pointer&quot;:&quot;/items/properties/id&quot;}&#10;    domain: &quot;syntax&quot;&#10;    ignored: [&quot;examples&quot;]&#10;warning: the following keywords are unknown and will be ignored: [examples]&#10;    level: &quot;warning&quot;&#10;    schema: {&quot;loadingURI&quot;:&quot;#&quot;,&quot;pointer&quot;:&quot;/items/properties/nome&quot;}&#10;    domain: &quot;syntax&quot;&#10;    ignored: [&quot;examples&quot;]&#10;warning: the following keywords are unknown and will be ignored: [examples]&#10;    level: &quot;warning&quot;&#10;    schema: {&quot;loadingURI&quot;:&quot;#&quot;,&quot;pointer&quot;:&quot;/items/properties/parcelas&quot;}&#10;    domain: &quot;syntax&quot;&#10;    ignored: [&quot;examples&quot;]&#10;warning: the following keywords are unknown and will be ignored: [examples]&#10;    level: &quot;warning&quot;&#10;    schema: {&quot;loadingURI&quot;:&quot;#&quot;,&quot;pointer&quot;:&quot;/items/properties/seguro&quot;}&#10;    domain: &quot;syntax&quot;&#10;    ignored: [&quot;examples&quot;]&#10;warning: the following keywords are unknown and will be ignored: [examples]&#10;    level: &quot;warning&quot;&#10;    schema: {&quot;loadingURI&quot;:&quot;#&quot;,&quot;pointer&quot;:&quot;/items/properties/valor&quot;}&#10;    domain: &quot;syntax&quot;&#10;    ignored: [&quot;examples&quot;]&#10;warning: the following keywords are unknown and will be ignored: [examples]&#10;    level: &quot;warning&quot;&#10;    schema: {&quot;loadingURI&quot;:&quot;#&quot;,&quot;pointer&quot;:&quot;/items&quot;}&#10;    domain: &quot;syntax&quot;&#10;    ignored: [&quot;examples&quot;]&#10;warning: the following keywords are unknown and will be ignored: [examples]&#10;    level: &quot;warning&quot;&#10;    schema: {&quot;loadingURI&quot;:&quot;#&quot;,&quot;pointer&quot;:&quot;/items/properties/cpf&quot;}&#10;    domain: &quot;syntax&quot;&#10;    ignored: [&quot;examples&quot;]&#10;warning: the following keywords are unknown and will be ignored: [examples]&#10;    level: &quot;warning&quot;&#10;    schema: {&quot;loadingURI&quot;:&quot;#&quot;,&quot;pointer&quot;:&quot;/items/properties/email&quot;}&#10;    domain: &quot;syntax&quot;&#10;    ignored: [&quot;examples&quot;]&#10;warning: the following keywords are unknown and will be ignored: [examples]&#10;    level: &quot;warning&quot;&#10;    schema: {&quot;loadingURI&quot;:&quot;#&quot;,&quot;pointer&quot;:&quot;/items/properties/id&quot;}&#10;    domain: &quot;syntax&quot;&#10;    ignored: [&quot;examples&quot;]&#10;warning: the following keywords are unknown and will be ignored: [examples]&#10;    level: &quot;warning&quot;&#10;    schema: {&quot;loadingURI&quot;:&quot;#&quot;,&quot;pointer&quot;:&quot;/items/properties/nome&quot;}&#10;    domain: &quot;syntax&quot;&#10;    ignored: [&quot;examples&quot;]&#10;warning: the following keywords are unknown and will be ignored: [examples]&#10;    level: &quot;warning&quot;&#10;    schema: {&quot;loadingURI&quot;:&quot;#&quot;,&quot;pointer&quot;:&quot;/items/properties/parcelas&quot;}&#10;    domain: &quot;syntax&quot;&#10;    ignored: [&quot;examples&quot;]&#10;warning: the following keywords are unknown and will be ignored: [examples]&#10;    level: &quot;warning&quot;&#10;    schema: {&quot;loadingURI&quot;:&quot;#&quot;,&quot;pointer&quot;:&quot;/items/properties/seguro&quot;}&#10;    domain: &quot;syntax&quot;&#10;    ignored: [&quot;examples&quot;]&#10;warning: the following keywords are unknown and will be ignored: [examples]&#10;    level: &quot;warning&quot;&#10;    schema: {&quot;loadingURI&quot;:&quot;#&quot;,&quot;pointer&quot;:&quot;/items/properties/valor&quot;}&#10;    domain: &quot;syntax&quot;&#10;    ignored: [&quot;examples&quot;]&#10;warning: the following keywords are unknown and will be ignored: [examples]&#10;    level: &quot;warning&quot;&#10;    schema: {&quot;loadingURI&quot;:&quot;#&quot;,&quot;pointer&quot;:&quot;/items&quot;}&#10;    domain: &quot;syntax&quot;&#10;    ignored: [&quot;examples&quot;]&#10;warning: the following keywords are unknown and will be ignored: [examples]&#10;    level: &quot;warning&quot;&#10;    schema: {&quot;loadingURI&quot;:&quot;#&quot;,&quot;pointer&quot;:&quot;/items/properties/cpf&quot;}&#10;    domain: &quot;syntax&quot;&#10;    ignored: [&quot;examples&quot;]&#10;warning: the following keywords are unknown and will be ignored: [examples]&#10;    level: &quot;warning&quot;&#10;    schema: {&quot;loadingURI&quot;:&quot;#&quot;,&quot;pointer&quot;:&quot;/items/properties/email&quot;}&#10;    domain: &quot;syntax&quot;&#10;    ignored: [&quot;examples&quot;]&#10;warning: the following keywords are unknown and will be ignored: [examples]&#10;    level: &quot;warning&quot;&#10;    schema: {&quot;loadingURI&quot;:&quot;#&quot;,&quot;pointer&quot;:&quot;/items/properties/id&quot;}&#10;    domain: &quot;syntax&quot;&#10;    ignored: [&quot;examples&quot;]&#10;warning: the following keywords are unknown and will be ignored: [examples]&#10;    level: &quot;warning&quot;&#10;    schema: {&quot;loadingURI&quot;:&quot;#&quot;,&quot;pointer&quot;:&quot;/items/properties/nome&quot;}&#10;    domain: &quot;syntax&quot;&#10;    ignored: [&quot;examples&quot;]&#10;warning: the following keywords are unknown and will be ignored: [examples]&#10;    level: &quot;warning&quot;&#10;    schema: {&quot;loadingURI&quot;:&quot;#&quot;,&quot;pointer&quot;:&quot;/items/properties/parcelas&quot;}&#10;    domain: &quot;syntax&quot;&#10;    ignored: [&quot;examples&quot;]&#10;warning: the following keywords are unknown and will be ignored: [examples]&#10;    level: &quot;warning&quot;&#10;    schema: {&quot;loadingURI&quot;:&quot;#&quot;,&quot;pointer&quot;:&quot;/items/properties/seguro&quot;}&#10;    domain: &quot;syntax&quot;&#10;    ignored: [&quot;examples&quot;]&#10;warning: the following keywords are unknown and will be ignored: [examples]&#10;    level: &quot;warning&quot;&#10;    schema: {&quot;loadingURI&quot;:&quot;#&quot;,&quot;pointer&quot;:&quot;/items/properties/valor&quot;}&#10;    domain: &quot;syntax&quot;&#10;    ignored: [&quot;examples&quot;]&#10;warning: the following keywords are unknown and will be ignored: [examples]&#10;    level: &quot;warning&quot;&#10;    schema: {&quot;loadingURI&quot;:&quot;#&quot;,&quot;pointer&quot;:&quot;/items&quot;}&#10;    domain: &quot;syntax&quot;&#10;    ignored: [&quot;examples&quot;]&#10;warning: the following keywords are unknown and will be ignored: [examples]&#10;    level: &quot;warning&quot;&#10;    schema: {&quot;loadingURI&quot;:&quot;#&quot;,&quot;pointer&quot;:&quot;/items/properties/cpf&quot;}&#10;    domain: &quot;syntax&quot;&#10;    ignored: [&quot;examples&quot;]&#10;warning: the following keywords are unknown and will be ignored: [examples]&#10;    level: &quot;warning&quot;&#10;    schema: {&quot;loadingURI&quot;:&quot;#&quot;,&quot;pointer&quot;:&quot;/items/properties/email&quot;}&#10;    domain: &quot;syntax&quot;&#10;    ignored: [&quot;examples&quot;]&#10;warning: the following keywords are unknown and will be ignored: [examples]&#10;    level: &quot;warning&quot;&#10;    schema: {&quot;loadingURI&quot;:&quot;#&quot;,&quot;pointer&quot;:&quot;/items/properties/id&quot;}&#10;    domain: &quot;syntax&quot;&#10;    ignored: [&quot;examples&quot;]&#10;warning: the following keywords are unknown and will be ignored: [examples]&#10;    level: &quot;warning&quot;&#10;    schema: {&quot;loadingURI&quot;:&quot;#&quot;,&quot;pointer&quot;:&quot;/items/properties/nome&quot;}&#10;    domain: &quot;syntax&quot;&#10;    ignored: [&quot;examples&quot;]&#10;warning: the following keywords are unknown and will be ignored: [examples]&#10;    level: &quot;warning&quot;&#10;    schema: {&quot;loadingURI&quot;:&quot;#&quot;,&quot;pointer&quot;:&quot;/items/properties/parcelas&quot;}&#10;    domain: &quot;syntax&quot;&#10;    ignored: [&quot;examples&quot;]&#10;warning: the following keywords are unknown and will be ignored: [examples]&#10;    level: &quot;warning&quot;&#10;    schema: {&quot;loadingURI&quot;:&quot;#&quot;,&quot;pointer&quot;:&quot;/items/properties/seguro&quot;}&#10;    domain: &quot;syntax&quot;&#10;    ignored: [&quot;examples&quot;]&#10;warning: the following keywords are unknown and will be ignored: [examples]&#10;    level: &quot;warning&quot;&#10;    schema: {&quot;loadingURI&quot;:&quot;#&quot;,&quot;pointer&quot;:&quot;/items/properties/valor&quot;}&#10;    domain: &quot;syntax&quot;&#10;    ignored: [&quot;examples&quot;]&#10;warning: the following keywords are unknown and will be ignored: [examples]&#10;    level: &quot;warning&quot;&#10;    schema: {&quot;loadingURI&quot;:&quot;#&quot;,&quot;pointer&quot;:&quot;/items&quot;}&#10;    domain: &quot;syntax&quot;&#10;    ignored: [&quot;examples&quot;]&#10;warning: the following keywords are unknown and will be ignored: [examples]&#10;    level: &quot;warning&quot;&#10;    schema: {&quot;loadingURI&quot;:&quot;#&quot;,&quot;pointer&quot;:&quot;/items/properties/cpf&quot;}&#10;    domain: &quot;syntax&quot;&#10;    ignored: [&quot;examples&quot;]&#10;warning: the following keywords are unknown and will be ignored: [examples]&#10;    level: &quot;warning&quot;&#10;    schema: {&quot;loadingURI&quot;:&quot;#&quot;,&quot;pointer&quot;:&quot;/items/properties/email&quot;}&#10;    domain: &quot;syntax&quot;&#10;    ignored: [&quot;examples&quot;]&#10;warning: the following keywords are unknown and will be ignored: [examples]&#10;    level: &quot;warning&quot;&#10;    schema: {&quot;loadingURI&quot;:&quot;#&quot;,&quot;pointer&quot;:&quot;/items/properties/id&quot;}&#10;    domain: &quot;syntax&quot;&#10;    ignored: [&quot;examples&quot;]&#10;warning: the following keywords are unknown and will be ignored: [examples]&#10;    level: &quot;warning&quot;&#10;    schema: {&quot;loadingURI&quot;:&quot;#&quot;,&quot;pointer&quot;:&quot;/items/properties/nome&quot;}&#10;    domain: &quot;syntax&quot;&#10;    ignored: [&quot;examples&quot;]&#10;warning: the following keywords are unknown and will be ignored: [examples]&#10;    level: &quot;warning&quot;&#10;    schema: {&quot;loadingURI&quot;:&quot;#&quot;,&quot;pointer&quot;:&quot;/items/properties/parcelas&quot;}&#10;    domain: &quot;syntax&quot;&#10;    ignored: [&quot;examples&quot;]&#10;warning: the following keywords are unknown and will be ignored: [examples]&#10;    level: &quot;warning&quot;&#10;    schema: {&quot;loadingURI&quot;:&quot;#&quot;,&quot;pointer&quot;:&quot;/items/properties/seguro&quot;}&#10;    domain: &quot;syntax&quot;&#10;    ignored: [&quot;examples&quot;]&#10;warning: the following keywords are unknown and will be ignored: [examples]&#10;    level: &quot;warning&quot;&#10;    schema: {&quot;loadingURI&quot;:&quot;#&quot;,&quot;pointer&quot;:&quot;/items/properties/valor&quot;}&#10;    domain: &quot;syntax&quot;&#10;    ignored: [&quot;examples&quot;]&#10;warning: the following keywords are unknown and will be ignored: [examples]&#10;    level: &quot;warning&quot;&#10;    schema: {&quot;loadingURI&quot;:&quot;#&quot;,&quot;pointer&quot;:&quot;/items&quot;}&#10;    domain: &quot;syntax&quot;&#10;    ignored: [&quot;examples&quot;]&#10;warning: the following keywords are unknown and will be ignored: [examples]&#10;    level: &quot;warning&quot;&#10;    schema: {&quot;loadingURI&quot;:&quot;#&quot;,&quot;pointer&quot;:&quot;/items/properties/cpf&quot;}&#10;    domain: &quot;syntax&quot;&#10;    ignored: [&quot;examples&quot;]&#10;warning: the following keywords are unknown and will be ignored: [examples]&#10;    level: &quot;warning&quot;&#10;    schema: {&quot;loadingURI&quot;:&quot;#&quot;,&quot;pointer&quot;:&quot;/items/properties/email&quot;}&#10;    domain: &quot;syntax&quot;&#10;    ignored: [&quot;examples&quot;]&#10;warning: the following keywords are unknown and will be ignored: [examples]&#10;    level: &quot;warning&quot;&#10;    schema: {&quot;loadingURI&quot;:&quot;#&quot;,&quot;pointer&quot;:&quot;/items/properties/id&quot;}&#10;    domain: &quot;syntax&quot;&#10;    ignored: [&quot;examples&quot;]&#10;warning: the following keywords are unknown and will be ignored: [examples]&#10;    level: &quot;warning&quot;&#10;    schema: {&quot;loadingURI&quot;:&quot;#&quot;,&quot;pointer&quot;:&quot;/items/properties/nome&quot;}&#10;    domain: &quot;syntax&quot;&#10;    ignored: [&quot;examples&quot;]&#10;warning: the following keywords are unknown and will be ignored: [examples]&#10;    level: &quot;warning&quot;&#10;    schema: {&quot;loadingURI&quot;:&quot;#&quot;,&quot;pointer&quot;:&quot;/items/properties/parcelas&quot;}&#10;    domain: &quot;syntax&quot;&#10;    ignored: [&quot;examples&quot;]&#10;warning: the following keywords are unknown and will be ignored: [examples]&#10;    level: &quot;warning&quot;&#10;    schema: {&quot;loadingURI&quot;:&quot;#&quot;,&quot;pointer&quot;:&quot;/items/properties/seguro&quot;}&#10;    domain: &quot;syntax&quot;&#10;    ignored: [&quot;examples&quot;]&#10;warning: the following keywords are unknown and will be ignored: [examples]&#10;    level: &quot;warning&quot;&#10;    schema: {&quot;loadingURI&quot;:&quot;#&quot;,&quot;pointer&quot;:&quot;/items/properties/valor&quot;}&#10;    domain: &quot;syntax&quot;&#10;    ignored: [&quot;examples&quot;]&#10;warning: the following keywords are unknown and will be ignored: [examples]&#10;    level: &quot;warning&quot;&#10;    schema: {&quot;loadingURI&quot;:&quot;#&quot;,&quot;pointer&quot;:&quot;/items&quot;}&#10;    domain: &quot;syntax&quot;&#10;    ignored: [&quot;examples&quot;]&#10;warning: the following keywords are unknown and will be ignored: [examples]&#10;    level: &quot;warning&quot;&#10;    schema: {&quot;loadingURI&quot;:&quot;#&quot;,&quot;pointer&quot;:&quot;/items/properties/cpf&quot;}&#10;    domain: &quot;syntax&quot;&#10;    ignored: [&quot;examples&quot;]&#10;warning: the following keywords are unknown and will be ignored: [examples]&#10;    level: &quot;warning&quot;&#10;    schema: {&quot;loadingURI&quot;:&quot;#&quot;,&quot;pointer&quot;:&quot;/items/properties/email&quot;}&#10;    domain: &quot;syntax&quot;&#10;    ignored: [&quot;examples&quot;]&#10;warning: the following keywords are unknown and will be ignored: [examples]&#10;    level: &quot;warning&quot;&#10;    schema: {&quot;loadingURI&quot;:&quot;#&quot;,&quot;pointer&quot;:&quot;/items/properties/id&quot;}&#10;    domain: &quot;syntax&quot;&#10;    ignored: [&quot;examples&quot;]&#10;warning: the following keywords are unknown and will be ignored: [examples]&#10;    level: &quot;warning&quot;&#10;    schema: {&quot;loadingURI&quot;:&quot;#&quot;,&quot;pointer&quot;:&quot;/items/properties/nome&quot;}&#10;    domain: &quot;syntax&quot;&#10;    ignored: [&quot;examples&quot;]&#10;warning: the following keywords are unknown and will be ignored: [examples]&#10;    level: &quot;warning&quot;&#10;    schema: {&quot;loadingURI&quot;:&quot;#&quot;,&quot;pointer&quot;:&quot;/items/properties/parcelas&quot;}&#10;    domain: &quot;syntax&quot;&#10;    ignored: [&quot;examples&quot;]&#10;warning: the following keywords are unknown and will be ignored: [examples]&#10;    level: &quot;warning&quot;&#10;    schema: {&quot;loadingURI&quot;:&quot;#&quot;,&quot;pointer&quot;:&quot;/items/properties/seguro&quot;}&#10;    domain: &quot;syntax&quot;&#10;    ignored: [&quot;examples&quot;]&#10;warning: the following keywords are unknown and will be ignored: [examples]&#10;    level: &quot;warning&quot;&#10;    schema: {&quot;loadingURI&quot;:&quot;#&quot;,&quot;pointer&quot;:&quot;/items/properties/valor&quot;}&#10;    domain: &quot;syntax&quot;&#10;    ignored: [&quot;examples&quot;]&#10;&#10;     but: was &quot;[{\&quot;id\&quot;:11,\&quot;nome\&quot;:\&quot;Fulano\&quot;,\&quot;cpf\&quot;:\&quot;66414919004\&quot;,\&quot;email\&quot;:\&quot;fulano@gmail.com\&quot;,\&quot;valor\&quot;:11000.00,\&quot;parcelas\&quot;:3,\&quot;seguro\&quot;:true},{\&quot;id\&quot;:12,\&quot;nome\&quot;:\&quot;Deltrano\&quot;,\&quot;cpf\&quot;:\&quot;17822386034\&quot;,\&quot;email\&quot;:\&quot;deltrano@gmail.com\&quot;,\&quot;valor\&quot;:20000.00,\&quot;parcelas\&quot;:5,\&quot;seguro\&quot;:false},{\&quot;id\&quot;:13,\&quot;nome\&quot;:\&quot;Vitória\&quot;,\&quot;cpf\&quot;:\&quot;6841441051\&quot;,\&quot;email\&quot;:\&quot;luiz.ornelas@gmail.com\&quot;,\&quot;valor\&quot;:31042.00,\&quot;parcelas\&quot;:17,\&quot;seguro\&quot;:false},{\&quot;id\&quot;:14,\&quot;nome\&quot;:\&quot;Juliana\&quot;,\&quot;cpf\&quot;:\&quot;7036488180\&quot;,\&quot;email\&quot;:\&quot;enzothiago.bernardes@bol.com.br\&quot;,\&quot;valor\&quot;:8112.00,\&quot;parcelas\&quot;:18,\&quot;seguro\&quot;:true},{\&quot;id\&quot;:15,\&quot;nome\&quot;:\&quot;Félix\&quot;,\&quot;cpf\&quot;:\&quot;0385571487\&quot;,\&quot;email\&quot;:\&quot;livia.junqueira@yahoo.com\&quot;,\&quot;valor\&quot;:10494.00,\&quot;parcelas\&quot;:14,\&quot;seguro\&quot;:false},{\&quot;id\&quot;:16,\&quot;nome\&quot;:\&quot;Lorenzo\&quot;,\&quot;cpf\&quot;:\&quot;2513052655\&quot;,\&quot;email\&quot;:\&quot;luana.tavares@bol.com.br\&quot;,\&quot;valor\&quot;:32795.00,\&quot;parcelas\&quot;:13,\&quot;seguro\&quot;:false},{\&quot;id\&quot;:20,\&quot;nome\&quot;:\&quot;asdasd\&quot;,\&quot;cpf\&quot;:\&quot;123124\&quot;,\&quot;email\&quot;:\&quot;123123@gmail.com\&quot;,\&quot;valor\&quot;:3222.00,\&quot;parcelas\&quot;:5,\&quot;seguro\&quot;:false},{\&quot;id\&quot;:21,\&quot;nome\&quot;:\&quot;Giovanna\&quot;,\&quot;cpf\&quot;:\&quot;7735758668\&quot;,\&quot;email\&quot;:\&quot;maya.lima@hotmail.com\&quot;,\&quot;valor\&quot;:38646.00,\&quot;parcelas\&quot;:34,\&quot;seguro\&quot;:true},{\&quot;id\&quot;:22,\&quot;nome\&quot;:\&quot;Maria\&quot;,\&quot;cpf\&quot;:\&quot;6718226882\&quot;,\&quot;email\&quot;:\&quot;mercia.galego@live.com\&quot;,\&quot;valor\&quot;:7037.00,\&quot;parcelas\&quot;:25,\&quot;seguro\&quot;:false},{\&quot;id\&quot;:23,\&quot;nome\&quot;:\&quot;Tertuliano\&quot;,\&quot;cpf\&quot;:\&quot;7041547751\&quot;,\&quot;email\&quot;:\&quot;luizgustavo.dafronteira@live.com\&quot;,\&quot;valor\&quot;:9950.00,\&quot;parcelas\&quot;:29,\&quot;seguro\&quot;:false},{\&quot;id\&quot;:24,\&quot;nome\&quot;:\&quot;Valentina\&quot;,\&quot;cpf\&quot;:\&quot;6388670512\&quot;,\&quot;email\&quot;:\&quot;analaura.conceicao@bol.com.br\&quot;,\&quot;valor\&quot;:37740.00,\&quot;parcelas\&quot;:26,\&quot;seguro\&quot;:true},{\&quot;id\&quot;:25,\&quot;nome\&quot;:\&quot;Luiz Gustavo\&quot;,\&quot;cpf\&quot;:\&quot;7603238737\&quot;,\&quot;email\&quot;:\&quot;ofelia.damata@live.com\&quot;,\&quot;valor\&quot;:30830.00,\&quot;parcelas\&quot;:46,\&quot;seguro\&quot;:true},{\&quot;id\&quot;:26,\&quot;nome\&quot;:\&quot;Alice\&quot;,\&quot;cpf\&quot;:\&quot;7514383733\&quot;,\&quot;email\&quot;:\&quot;natalia.cerqueira@hotmail.com\&quot;,\&quot;valor\&quot;:21665.00,\&quot;parcelas\&quot;:37,\&quot;seguro\&quot;:false},{\&quot;id\&quot;:27,\&quot;nome\&quot;:\&quot;Augusto\&quot;,\&quot;cpf\&quot;:\&quot;0631867154\&quot;,\&quot;email\&quot;:\&quot;bruna.soares@yahoo.com\&quot;,\&quot;valor\&quot;:35513.00,\&quot;parcelas\&quot;:27,\&quot;seguro\&quot;:false},{\&quot;id\&quot;:28,\&quot;nome\&quot;:\&quot;Maria\&quot;,\&quot;cpf\&quot;:\&quot;6248486828\&quot;,\&quot;email\&quot;:\&quot;marcia.barbosa@yahoo.com\&quot;,\&quot;valor\&quot;:22696.00,\&quot;parcelas\&quot;:16,\&quot;seguro\&quot;:true},{\&quot;id\&quot;:29,\&quot;nome\&quot;:\&quot;Heloísa\&quot;,\&quot;cpf\&quot;:\&quot;4061120415\&quot;,\&quot;email\&quot;:\&quot;thomas.pinheira@live.com\&quot;,\&quot;valor\&quot;:34430.00,\&quot;parcelas\&quot;:34,\&quot;seguro\&quot;:true},{\&quot;id\&quot;:30,\&quot;nome\&quot;:\&quot;Louise\&quot;,\&quot;cpf\&quot;:\&quot;7823170222\&quot;,\&quot;email\&quot;:\&quot;roberto.bomdia@bol.com.br\&quot;,\&quot;valor\&quot;:14171.00,\&quot;parcelas\&quot;:47,\&quot;seguro\&quot;:true},{\&quot;id\&quot;:31,\&quot;nome\&quot;:\&quot;Warley\&quot;,\&quot;cpf\&quot;:\&quot;0548558172\&quot;,\&quot;email\&quot;:\&quot;aurora.solimoes@yahoo.com\&quot;,\&quot;valor\&quot;:13063.00,\&quot;parcelas\&quot;:19,\&quot;seguro\&quot;:true},{\&quot;id\&quot;:32,\&quot;nome\&quot;:\&quot;Maria Eduarda\&quot;,\&quot;cpf\&quot;:\&quot;7068131532\&quot;,\&quot;email\&quot;:\&quot;clara.brum@bol.com.br\&quot;,\&quot;valor\&quot;:8047.00,\&quot;parcelas\&quot;:39,\&quot;seguro\&quot;:true},{\&quot;id\&quot;:33,\&quot;nome\&quot;:\&quot;Ana\&quot;,\&quot;cpf\&quot;:\&quot;8758837062\&quot;,\&quot;email\&quot;:\&quot;luan.desa@live.com\&quot;,\&quot;valor\&quot;:36840.00,\&quot;parcelas\&quot;:46,\&quot;seguro\&quot;:true},{\&quot;id\&quot;:34,\&quot;nome\&quot;:\&quot;Ofélia\&quot;,\&quot;cpf\&quot;:\&quot;5673000440\&quot;,\&quot;email\&quot;:\&quot;luizotavio.castro@live.com\&quot;,\&quot;valor\&quot;:13812.00,\&quot;parcelas\&quot;:16,\&quot;seguro\&quot;:true},{\&quot;id\&quot;:35,\&quot;nome\&quot;:\&quot;Frederico\&quot;,\&quot;cpf\&quot;:\&quot;7337502622\&quot;,\&quot;email\&quot;:\&quot;mathias.meireles@yahoo.com\&quot;,\&quot;valor\&quot;:2173.00,\&quot;parcelas\&quot;:31,\&quot;seguro\&quot;:true},{\&quot;id\&quot;:36,\&quot;nome\&quot;:\&quot;Bryan\&quot;,\&quot;cpf\&quot;:\&quot;5261726360\&quot;,\&quot;email\&quot;:\&quot;antonio.campos@bol.com.br\&quot;,\&quot;valor\&quot;:2093.00,\&quot;parcelas\&quot;:30,\&quot;seguro\&quot;:true},{\&quot;id\&quot;:37,\&quot;nome\&quot;:\&quot;Feliciano\&quot;,\&quot;cpf\&quot;:\&quot;1137333515\&quot;,\&quot;email\&quot;:\&quot;alessandro.garces@gmail.com\&quot;,\&quot;valor\&quot;:2939.00,\&quot;parcelas\&quot;:35,\&quot;seguro\&quot;:true},{\&quot;id\&quot;:38,\&quot;nome\&quot;:\&quot;Vitor\&quot;,\&quot;cpf\&quot;:\&quot;0761774405\&quot;,\&quot;email\&quot;:\&quot;joao.siqueiro@gmail.com\&quot;,\&quot;valor\&quot;:2190.00,\&quot;parcelas\&quot;:38,\&quot;seguro\&quot;:true},{\&quot;id\&quot;:39,\&quot;nome\&quot;:\&quot;Eduardo\&quot;,\&quot;cpf\&quot;:\&quot;7780513307\&quot;,\&quot;email\&quot;:\&quot;marcia.hermingues@bol.com.br\&quot;,\&quot;valor\&quot;:2347.00,\&quot;parcelas\&quot;:37,\&quot;seguro\&quot;:true},{\&quot;id\&quot;:40,\&quot;nome\&quot;:\&quot;Margarida\&quot;,\&quot;cpf\&quot;:\&quot;5387203682\&quot;,\&quot;email\&quot;:\&quot;olivia.caldas@bol.com.br\&quot;,\&quot;valor\&quot;:2819.00,\&quot;parcelas\&quot;:36,\&quot;seguro\&quot;:true},{\&quot;id\&quot;:41,\&quot;nome\&quot;:\&quot;Davi Lucca\&quot;,\&quot;cpf\&quot;:\&quot;4702882702\&quot;,\&quot;email\&quot;:\&quot;davimiguel.braga@hotmail.com\&quot;,\&quot;valor\&quot;:2672.00,\&quot;parcelas\&quot;:31,\&quot;seguro\&quot;:true},{\&quot;id\&quot;:42,\&quot;nome\&quot;:\&quot;Fulano de Tal\&quot;,\&quot;cpf\&quot;:\&quot;97093.3060.14\&quot;,\&quot;email\&quot;:\&quot;email@email.com\&quot;,\&quot;valor\&quot;:2455.00,\&quot;parcelas\&quot;:2,\&quot;seguro\&quot;:true},{\&quot;id\&quot;:44,\&quot;nome\&quot;:\&quot;Gael\&quot;,\&quot;cpf\&quot;:\&quot;3118146754\&quot;,\&quot;email\&quot;:\&quot;heitor.roriz@hotmail.com\&quot;,\&quot;valor\&quot;:2627.00,\&quot;parcelas\&quot;:49,\&quot;seguro\&quot;:true},{\&quot;id\&quot;:45,\&quot;nome\&quot;:\&quot;Felipe\&quot;,\&quot;cpf\&quot;:\&quot;5260235858\&quot;,\&quot;email\&quot;:\&quot;sara.espinhosa@yahoo.com\&quot;,\&quot;valor\&quot;:2700.00,\&quot;parcelas\&quot;:31,\&quot;seguro\&quot;:true},{\&quot;id\&quot;:46,\&quot;nome\&quot;:\&quot;Calebe\&quot;,\&quot;cpf\&quot;:\&quot;3055072466\&quot;,\&quot;email\&quot;:\&quot;davimiguel.dafonseca@yahoo.com\&quot;,\&quot;valor\&quot;:2812.00,\&quot;parcelas\&quot;:2,\&quot;seguro\&quot;:true},{\&quot;id\&quot;:47,\&quot;nome\&quot;:\&quot;Vicente\&quot;,\&quot;cpf\&quot;:\&quot;5534163264\&quot;,\&quot;email\&quot;:\&quot;eloah.solimoes@hotmail.com\&quot;,\&quot;valor\&quot;:999.00,\&quot;parcelas\&quot;:34,\&quot;seguro\&quot;:true},{\&quot;id\&quot;:48,\&quot;nome\&quot;:\&quot;Elisa\&quot;,\&quot;cpf\&quot;:\&quot;5106435311\&quot;,\&quot;email\&quot;:\&quot;felix.desa@live.com\&quot;,\&quot;valor\&quot;:2908.00,\&quot;parcelas\&quot;:48,\&quot;seguro\&quot;:true},{\&quot;id\&quot;:49,\&quot;nome\&quot;:\&quot;Louise\&quot;,\&quot;cpf\&quot;:\&quot;123.456.789-10\&quot;,\&quot;email\&quot;:\&quot;davilucca.soares@hotmail.com\&quot;,\&quot;valor\&quot;:2842.00,\&quot;parcelas\&quot;:31,\&quot;seguro\&quot;:true},{\&quot;id\&quot;:50,\&quot;nome\&quot;:\&quot;Ana Júlia\&quot;,\&quot;cpf\&quot;:\&quot;5661384012\&quot;,\&quot;email\&quot;:\&quot;arthurmiguel.fernandes@gmail.com\&quot;,\&quot;valor\&quot;:10000.00,\&quot;parcelas\&quot;:33,\&quot;seguro\&quot;:true},{\&quot;id\&quot;:52,\&quot;nome\&quot;:\&quot;Arthur Gabriel\&quot;,\&quot;cpf\&quot;:\&quot;0700386534\&quot;,\&quot;email\&quot;:\&quot;barbara.bentes@yahoo.com\&quot;,\&quot;valor\&quot;:40000.00,\&quot;parcelas\&quot;:38,\&quot;seguro\&quot;:true},{\&quot;id\&quot;:54,\&quot;nome\&quot;:\&quot;Davi\&quot;,\&quot;cpf\&quot;:\&quot;8432558201\&quot;,\&quot;email\&quot;:\&quot;giovanna.ribeira@gmail.com\&quot;,\&quot;valor\&quot;:2726.00,\&quot;parcelas\&quot;:31,\&quot;seguro\&quot;:true},{\&quot;id\&quot;:56,\&quot;nome\&quot;:\&quot;Augusto\&quot;,\&quot;cpf\&quot;:\&quot;5573364842\&quot;,\&quot;email\&quot;:\&quot;clara.peres@live.com\&quot;,\&quot;valor\&quot;:2555.00,\&quot;parcelas\&quot;:31,\&quot;seguro\&quot;:true},{\&quot;id\&quot;:58,\&quot;nome\&quot;:\&quot;Luiza\&quot;,\&quot;cpf\&quot;:\&quot;0473048488\&quot;,\&quot;email\&quot;:\&quot;mariaeduarda.alvares@yahoo.com\&quot;,\&quot;valor\&quot;:2457.00,\&quot;parcelas\&quot;:34,\&quot;seguro\&quot;:true},{\&quot;id\&quot;:61,\&quot;nome\&quot;:\&quot;Suélen\&quot;,\&quot;cpf\&quot;:\&quot;7247300850\&quot;,\&quot;email\&quot;:\&quot;sophia.cruz@hotmail.com\&quot;,\&quot;valor\&quot;:2443.00,\&quot;parcelas\&quot;:37,\&quot;seguro\&quot;:true},{\&quot;id\&quot;:63,\&quot;nome\&quot;:\&quot;Melissa\&quot;,\&quot;cpf\&quot;:\&quot;2101764156\&quot;,\&quot;email\&quot;:\&quot;allana.simoes@live.com\&quot;,\&quot;valor\&quot;:2966.00,\&quot;parcelas\&quot;:30,\&quot;seguro\&quot;:true},{\&quot;id\&quot;:67,\&quot;nome\&quot;:\&quot;Bianca\&quot;,\&quot;cpf\&quot;:\&quot;1628637865\&quot;,\&quot;email\&quot;:\&quot;joao.albuquerque@live.com\&quot;,\&quot;valor\&quot;:2688.00,\&quot;parcelas\&quot;:30,\&quot;seguro\&quot;:true},{\&quot;id\&quot;:68,\&quot;nome\&quot;:\&quot;Enzo Gabriel\&quot;,\&quot;cpf\&quot;:\&quot;6057172447\&quot;,\&quot;email\&quot;:\&quot;marialaura.dasneves@hotmail.com\&quot;,\&quot;valor\&quot;:2321.00,\&quot;parcelas\&quot;:39,\&quot;seguro\&quot;:true},{\&quot;id\&quot;:70,\&quot;nome\&quot;:\&quot;Thomas\&quot;,\&quot;cpf\&quot;:\&quot;6518254452\&quot;,\&quot;email\&quot;:\&quot;joaoguilherme.galego@hotmail.com\&quot;,\&quot;valor\&quot;:2711.00,\&quot;parcelas\&quot;:35,\&quot;seguro\&quot;:true},{\&quot;id\&quot;:72,\&quot;nome\&quot;:\&quot;Emanuel\&quot;,\&quot;cpf\&quot;:\&quot;3731678584\&quot;,\&quot;email\&quot;:\&quot;joaoguilherme.roseira@yahoo.com\&quot;,\&quot;valor\&quot;:2952.00,\&quot;parcelas\&quot;:49,\&quot;seguro\&quot;:true},{\&quot;id\&quot;:73,\&quot;nome\&quot;:\&quot;Vitor\&quot;,\&quot;cpf\&quot;:\&quot;7354321061\&quot;,\&quot;email\&quot;:\&quot;tomas.crespo@hotmail.com\&quot;,\&quot;valor\&quot;:2155.00,\&quot;parcelas\&quot;:35,\&quot;seguro\&quot;:true},{\&quot;id\&quot;:74,\&quot;nome\&quot;:\&quot;Ana Luiza\&quot;,\&quot;cpf\&quot;:\&quot;4427277066\&quot;,\&quot;email\&quot;:\&quot;olivia.novaes@bol.com.br\&quot;,\&quot;valor\&quot;:2901.00,\&quot;parcelas\&quot;:2,\&quot;seguro\&quot;:true},{\&quot;id\&quot;:76,\&quot;nome\&quot;:\&quot;André\&quot;,\&quot;cpf\&quot;:\&quot;6435350553\&quot;,\&quot;email\&quot;:\&quot;isabel.coqueiro@bol.com.br\&quot;,\&quot;valor\&quot;:999.00,\&quot;parcelas\&quot;:32,\&quot;seguro\&quot;:true},{\&quot;id\&quot;:77,\&quot;nome\&quot;:\&quot;Vinícius\&quot;,\&quot;cpf\&quot;:\&quot;7440612318\&quot;,\&quot;email\&quot;:\&quot;marcia.brum@bol.com.br\&quot;,\&quot;valor\&quot;:2284.00,\&quot;parcelas\&quot;:48,\&quot;seguro\&quot;:true},{\&quot;id\&quot;:79,\&quot;nome\&quot;:\&quot;Laura\&quot;,\&quot;cpf\&quot;:\&quot;0102668302\&quot;,\&quot;email\&quot;:\&quot;tertuliano.quarteira@gmail.com\&quot;,\&quot;valor\&quot;:10000.00,\&quot;parcelas\&quot;:34,\&quot;seguro\&quot;:true},{\&quot;id\&quot;:81,\&quot;nome\&quot;:\&quot;Clara\&quot;,\&quot;cpf\&quot;:\&quot;3736330813\&quot;,\&quot;email\&quot;:\&quot;joao.dapaz@yahoo.com\&quot;,\&quot;valor\&quot;:40000.00,\&quot;parcelas\&quot;:33,\&quot;seguro\&quot;:true},{\&quot;id\&quot;:83,\&quot;nome\&quot;:\&quot;Maria Sophia\&quot;,\&quot;cpf\&quot;:\&quot;7547504058\&quot;,\&quot;email\&quot;:\&quot;marcelo.siqueira@bol.com.br\&quot;,\&quot;valor\&quot;:2729.00,\&quot;parcelas\&quot;:32,\&quot;seguro\&quot;:true},{\&quot;id\&quot;:84,\&quot;nome\&quot;:\&quot;Maria Laura\&quot;,\&quot;cpf\&quot;:\&quot;5762432701\&quot;,\&quot;email\&quot;:\&quot;arthurmiguel.simoes@live.com\&quot;,\&quot;valor\&quot;:2665.00,\&quot;parcelas\&quot;:33,\&quot;seguro\&quot;:true},{\&quot;id\&quot;:86,\&quot;nome\&quot;:\&quot;Elísio\&quot;,\&quot;cpf\&quot;:\&quot;0728753648\&quot;,\&quot;email\&quot;:\&quot;ofelia.mendes@live.com\&quot;,\&quot;valor\&quot;:2138.00,\&quot;parcelas\&quot;:49,\&quot;seguro\&quot;:true},{\&quot;id\&quot;:87,\&quot;nome\&quot;:\&quot;Eduardo\&quot;,\&quot;cpf\&quot;:\&quot;7441048070\&quot;,\&quot;email\&quot;:\&quot;pedrolucas.pereira@bol.com.br\&quot;,\&quot;valor\&quot;:2282.00,\&quot;parcelas\&quot;:34,\&quot;seguro\&quot;:true},{\&quot;id\&quot;:88,\&quot;nome\&quot;:\&quot;Janaína\&quot;,\&quot;cpf\&quot;:\&quot;2102807367\&quot;,\&quot;email\&quot;:\&quot;tiago.dacruz@hotmail.com\&quot;,\&quot;valor\&quot;:2426.00,\&quot;parcelas\&quot;:2,\&quot;seguro\&quot;:true},{\&quot;id\&quot;:90,\&quot;nome\&quot;:\&quot;João Luca\&quot;,\&quot;cpf\&quot;:\&quot;8072323531\&quot;,\&quot;email\&quot;:\&quot;marcia.deassuncao@yahoo.com\&quot;,\&quot;valor\&quot;:999.00,\&quot;parcelas\&quot;:33,\&quot;seguro\&quot;:true},{\&quot;id\&quot;:91,\&quot;nome\&quot;:\&quot;Nicolas\&quot;,\&quot;cpf\&quot;:\&quot;1777261313\&quot;,\&quot;email\&quot;:\&quot;salvador.cabreira@live.com\&quot;,\&quot;valor\&quot;:2354.00,\&quot;parcelas\&quot;:48,\&quot;seguro\&quot;:true},{\&quot;id\&quot;:93,\&quot;nome\&quot;:\&quot;Theo\&quot;,\&quot;cpf\&quot;:\&quot;3202224050\&quot;,\&quot;email\&quot;:\&quot;yuri.figueira@hotmail.com\&quot;,\&quot;valor\&quot;:10000.00,\&quot;parcelas\&quot;:31,\&quot;seguro\&quot;:true},{\&quot;id\&quot;:95,\&quot;nome\&quot;:\&quot;Gúbio\&quot;,\&quot;cpf\&quot;:\&quot;8350353845\&quot;,\&quot;email\&quot;:\&quot;elisa.vasques@bol.com.br\&quot;,\&quot;valor\&quot;:40000.00,\&quot;parcelas\&quot;:32,\&quot;seguro\&quot;:true},{\&quot;id\&quot;:97,\&quot;nome\&quot;:\&quot;Ryan\&quot;,\&quot;cpf\&quot;:\&quot;6880563553\&quot;,\&quot;email\&quot;:\&quot;fernando.martins@hotmail.com\&quot;,\&quot;valor\&quot;:2469.00,\&quot;parcelas\&quot;:37,\&quot;seguro\&quot;:true},{\&quot;id\&quot;:108,\&quot;nome\&quot;:\&quot;Meire\&quot;,\&quot;cpf\&quot;:\&quot;8303150614\&quot;,\&quot;email\&quot;:\&quot;daniel.custodio@live.com\&quot;,\&quot;valor\&quot;:2257.00,\&quot;parcelas\&quot;:34,\&quot;seguro\&quot;:true},{\&quot;id\&quot;:109,\&quot;nome\&quot;:\&quot;Heloísa\&quot;,\&quot;cpf\&quot;:\&quot;0186137315\&quot;,\&quot;email\&quot;:\&quot;caua.fontes@yahoo.com\&quot;,\&quot;valor\&quot;:2575.00,\&quot;parcelas\&quot;:36,\&quot;seguro\&quot;:true},{\&quot;id\&quot;:111,\&quot;nome\&quot;:\&quot;Arthur Miguel\&quot;,\&quot;cpf\&quot;:\&quot;5075522622\&quot;,\&quot;email\&quot;:\&quot;raul.caseira@gmail.com\&quot;,\&quot;valor\&quot;:2608.00,\&quot;parcelas\&quot;:49,\&quot;seguro\&quot;:true},{\&quot;id\&quot;:112,\&quot;nome\&quot;:\&quot;Pedro\&quot;,\&quot;cpf\&quot;:\&quot;6063221407\&quot;,\&quot;email\&quot;:\&quot;dalila.dantas@gmail.com\&quot;,\&quot;valor\&quot;:2765.00,\&quot;parcelas\&quot;:39,\&quot;seguro\&quot;:true},{\&quot;id\&quot;:113,\&quot;nome\&quot;:\&quot;Enzo Gabriel\&quot;,\&quot;cpf\&quot;:\&quot;0588520346\&quot;,\&quot;email\&quot;:\&quot;otavio.assumpcao@gmail.com\&quot;,\&quot;valor\&quot;:2727.00,\&quot;parcelas\&quot;:2,\&quot;seguro\&quot;:true},{\&quot;id\&quot;:115,\&quot;nome\&quot;:\&quot;Arthur\&quot;,\&quot;cpf\&quot;:\&quot;4485278877\&quot;,\&quot;email\&quot;:\&quot;antonio.sanches@live.com\&quot;,\&quot;valor\&quot;:999.00,\&quot;parcelas\&quot;:33,\&quot;seguro\&quot;:true},{\&quot;id\&quot;:116,\&quot;nome\&quot;:\&quot;José\&quot;,\&quot;cpf\&quot;:\&quot;5028436680\&quot;,\&quot;email\&quot;:\&quot;victor.meireles@live.com\&quot;,\&quot;valor\&quot;:2288.00,\&quot;parcelas\&quot;:48,\&quot;seguro\&quot;:true},{\&quot;id\&quot;:118,\&quot;nome\&quot;:\&quot;Fernanda\&quot;,\&quot;cpf\&quot;:\&quot;8805225465\&quot;,\&quot;email\&quot;:\&quot;aline.dafonseca@gmail.com\&quot;,\&quot;valor\&quot;:10000.00,\&quot;parcelas\&quot;:35,\&quot;seguro\&quot;:true},{\&quot;id\&quot;:120,\&quot;nome\&quot;:\&quot;Samuel\&quot;,\&quot;cpf\&quot;:\&quot;2458765574\&quot;,\&quot;email\&quot;:\&quot;oliver.sais@hotmail.com\&quot;,\&quot;valor\&quot;:40000.00,\&quot;parcelas\&quot;:32,\&quot;seguro\&quot;:true},{\&quot;id\&quot;:122,\&quot;nome\&quot;:\&quot;Gabrielly\&quot;,\&quot;cpf\&quot;:\&quot;3863746231\&quot;,\&quot;email\&quot;:\&quot;mathias.almada@bol.com.br\&quot;,\&quot;valor\&quot;:2405.00,\&quot;parcelas\&quot;:36,\&quot;seguro\&quot;:true},{\&quot;id\&quot;:123,\&quot;nome\&quot;:\&quot;Valentina\&quot;,\&quot;cpf\&quot;:\&quot;0137505063\&quot;,\&quot;email\&quot;:\&quot;yuri.rolim@bol.com.br\&quot;,\&quot;valor\&quot;:2818.00,\&quot;parcelas\&quot;:33,\&quot;seguro\&quot;:true},{\&quot;id\&quot;:124,\&quot;nome\&quot;:\&quot;Hélio\&quot;,\&quot;cpf\&quot;:\&quot;4503004783\&quot;,\&quot;email\&quot;:\&quot;raul.delins@bol.com.br\&quot;,\&quot;valor\&quot;:2175.00,\&quot;parcelas\&quot;:36,\&quot;seguro\&quot;:true},{\&quot;id\&quot;:125,\&quot;nome\&quot;:\&quot;Thiago\&quot;,\&quot;cpf\&quot;:\&quot;0644377374\&quot;,\&quot;email\&quot;:\&quot;mariaclara.rezende@gmail.com\&quot;,\&quot;valor\&quot;:2024.00,\&quot;parcelas\&quot;:32,\&quot;seguro\&quot;:true},{\&quot;id\&quot;:126,\&quot;nome\&quot;:\&quot;Alessandro\&quot;,\&quot;cpf\&quot;:\&quot;0202350818\&quot;,\&quot;email\&quot;:\&quot;victor.corte@yahoo.com\&quot;,\&quot;valor\&quot;:2108.00,\&quot;parcelas\&quot;:37,\&quot;seguro\&quot;:true},{\&quot;id\&quot;:127,\&quot;nome\&quot;:\&quot;Margarida\&quot;,\&quot;cpf\&quot;:\&quot;7802463554\&quot;,\&quot;email\&quot;:\&quot;mariaflor.paiva@bol.com.br\&quot;,\&quot;valor\&quot;:2392.00,\&quot;parcelas\&quot;:49,\&quot;seguro\&quot;:true},{\&quot;id\&quot;:128,\&quot;nome\&quot;:\&quot;Arthur Henrique\&quot;,\&quot;cpf\&quot;:\&quot;0116811720\&quot;,\&quot;email\&quot;:\&quot;tertuliano.bulhoes@gmail.com\&quot;,\&quot;valor\&quot;:2606.00,\&quot;parcelas\&quot;:2,\&quot;seguro\&quot;:true},{\&quot;id\&quot;:129,\&quot;nome\&quot;:\&quot;João Samuel\&quot;,\&quot;cpf\&quot;:\&quot;1604037562\&quot;,\&quot;email\&quot;:\&quot;margarida.velasques@hotmail.com\&quot;,\&quot;valor\&quot;:2240.00,\&quot;parcelas\&quot;:49,\&quot;seguro\&quot;:true},{\&quot;id\&quot;:130,\&quot;nome\&quot;:\&quot;Ofélia\&quot;,\&quot;cpf\&quot;:\&quot;1571648013\&quot;,\&quot;email\&quot;:\&quot;lorraine.ferraco@yahoo.com\&quot;,\&quot;valor\&quot;:2905.00,\&quot;parcelas\&quot;:2,\&quot;seguro\&quot;:true},{\&quot;id\&quot;:131,\&quot;nome\&quot;:\&quot;Eloah\&quot;,\&quot;cpf\&quot;:\&quot;0013041541\&quot;,\&quot;email\&quot;:\&quot;mariasophia.lobos@gmail.com\&quot;,\&quot;valor\&quot;:2798.00,\&quot;parcelas\&quot;:32,\&quot;seguro\&quot;:true},{\&quot;id\&quot;:132,\&quot;nome\&quot;:\&quot;Oliver\&quot;,\&quot;cpf\&quot;:\&quot;2324243170\&quot;,\&quot;email\&quot;:\&quot;mariaflor.longuinho@hotmail.com\&quot;,\&quot;valor\&quot;:2021.00,\&quot;parcelas\&quot;:33,\&quot;seguro\&quot;:true},{\&quot;id\&quot;:133,\&quot;nome\&quot;:\&quot;Rafael\&quot;,\&quot;cpf\&quot;:\&quot;7183576720\&quot;,\&quot;email\&quot;:\&quot;eduarda.cachoeira@hotmail.com\&quot;,\&quot;valor\&quot;:2130.00,\&quot;parcelas\&quot;:30,\&quot;seguro\&quot;:true},{\&quot;id\&quot;:134,\&quot;nome\&quot;:\&quot;Ana Cecília\&quot;,\&quot;cpf\&quot;:\&quot;5444744411\&quot;,\&quot;email\&quot;:\&quot;levi.bernardes@live.com\&quot;,\&quot;valor\&quot;:2883.00,\&quot;parcelas\&quot;:32,\&quot;seguro\&quot;:true},{\&quot;id\&quot;:135,\&quot;nome\&quot;:\&quot;Kléber\&quot;,\&quot;cpf\&quot;:\&quot;8867688427\&quot;,\&quot;email\&quot;:\&quot;mariaclara.diegues@hotmail.com\&quot;,\&quot;valor\&quot;:2307.00,\&quot;parcelas\&quot;:34,\&quot;seguro\&quot;:true},{\&quot;id\&quot;:136,\&quot;nome\&quot;:\&quot;Igor\&quot;,\&quot;cpf\&quot;:\&quot;0413042106\&quot;,\&quot;email\&quot;:\&quot;allana.braga@hotmail.com\&quot;,\&quot;valor\&quot;:2287.00,\&quot;parcelas\&quot;:38,\&quot;seguro\&quot;:true},{\&quot;id\&quot;:137,\&quot;nome\&quot;:\&quot;Antonella\&quot;,\&quot;cpf\&quot;:\&quot;2055525820\&quot;,\&quot;email\&quot;:\&quot;hugo.deborba@bol.com.br\&quot;,\&quot;valor\&quot;:2509.00,\&quot;parcelas\&quot;:49,\&quot;seguro\&quot;:true},{\&quot;id\&quot;:138,\&quot;nome\&quot;:\&quot;Camila\&quot;,\&quot;cpf\&quot;:\&quot;2324227575\&quot;,\&quot;email\&quot;:\&quot;pedromiguel.alves@bol.com.br\&quot;,\&quot;valor\&quot;:2442.00,\&quot;parcelas\&quot;:2,\&quot;seguro\&quot;:true},{\&quot;id\&quot;:139,\&quot;nome\&quot;:\&quot;Isabela\&quot;,\&quot;cpf\&quot;:\&quot;6035726687\&quot;,\&quot;email\&quot;:\&quot;mariavitoria.quarteira@bol.com.br\&quot;,\&quot;valor\&quot;:2328.00,\&quot;parcelas\&quot;:33,\&quot;seguro\&quot;:true},{\&quot;id\&quot;:140,\&quot;nome\&quot;:\&quot;Caio\&quot;,\&quot;cpf\&quot;:\&quot;7357817263\&quot;,\&quot;email\&quot;:\&quot;lorraine.batista@yahoo.com\&quot;,\&quot;valor\&quot;:2488.00,\&quot;parcelas\&quot;:49,\&quot;seguro\&quot;:true},{\&quot;id\&quot;:141,\&quot;nome\&quot;:\&quot;Igor\&quot;,\&quot;cpf\&quot;:\&quot;0508123864\&quot;,\&quot;email\&quot;:\&quot;vinicius.guedes@yahoo.com\&quot;,\&quot;valor\&quot;:2528.00,\&quot;parcelas\&quot;:31,\&quot;seguro\&quot;:true},{\&quot;id\&quot;:142,\&quot;nome\&quot;:\&quot;Olívia\&quot;,\&quot;cpf\&quot;:\&quot;3422043725\&quot;,\&quot;email\&quot;:\&quot;mariana.castanho@gmail.com\&quot;,\&quot;valor\&quot;:2374.00,\&quot;parcelas\&quot;:34,\&quot;seguro\&quot;:true},{\&quot;id\&quot;:143,\&quot;nome\&quot;:\&quot;Clarice\&quot;,\&quot;cpf\&quot;:\&quot;7356805614\&quot;,\&quot;email\&quot;:\&quot;carolina.dorneles@live.com\&quot;,\&quot;valor\&quot;:2486.00,\&quot;parcelas\&quot;:31,\&quot;seguro\&quot;:true},{\&quot;id\&quot;:144,\&quot;nome\&quot;:\&quot;Yasmin\&quot;,\&quot;cpf\&quot;:\&quot;2842468503\&quot;,\&quot;email\&quot;:\&quot;pedrohenrique.almeida@yahoo.com\&quot;,\&quot;valor\&quot;:2598.00,\&quot;parcelas\&quot;:37,\&quot;seguro\&quot;:true},{\&quot;id\&quot;:145,\&quot;nome\&quot;:\&quot;Yango\&quot;,\&quot;cpf\&quot;:\&quot;0325642250\&quot;,\&quot;email\&quot;:\&quot;davilucas.galego@live.com\&quot;,\&quot;valor\&quot;:2864.00,\&quot;parcelas\&quot;:34,\&quot;seguro\&quot;:true},{\&quot;id\&quot;:146,\&quot;nome\&quot;:\&quot;Ana Beatriz\&quot;,\&quot;cpf\&quot;:\&quot;5653553870\&quot;,\&quot;email\&quot;:\&quot;lavinia.bonfim@yahoo.com\&quot;,\&quot;valor\&quot;:2736.00,\&quot;parcelas\&quot;:35,\&quot;seguro\&quot;:true},{\&quot;id\&quot;:147,\&quot;nome\&quot;:\&quot;Oliver\&quot;,\&quot;cpf\&quot;:\&quot;3680375381\&quot;,\&quot;email\&quot;:\&quot;gubio.cardoso@gmail.com\&quot;,\&quot;valor\&quot;:2340.00,\&quot;parcelas\&quot;:30,\&quot;seguro\&quot;:true},{\&quot;id\&quot;:148,\&quot;nome\&quot;:\&quot;Catarina\&quot;,\&quot;cpf\&quot;:\&quot;6534056514\&quot;,\&quot;email\&quot;:\&quot;maya.carvalho@yahoo.com\&quot;,\&quot;valor\&quot;:2084.00,\&quot;parcelas\&quot;:49,\&quot;seguro\&quot;:true},{\&quot;id\&quot;:149,\&quot;nome\&quot;:\&quot;Ana Beatriz\&quot;,\&quot;cpf\&quot;:\&quot;7566632710\&quot;,\&quot;email\&quot;:\&quot;elisa.carneiro@hotmail.com\&quot;,\&quot;valor\&quot;:2012.00,\&quot;parcelas\&quot;:32,\&quot;seguro\&quot;:true},{\&quot;id\&quot;:150,\&quot;nome\&quot;:\&quot;Pedro Tobias\&quot;,\&quot;cpf\&quot;:\&quot;4662421812\&quot;,\&quot;email\&quot;:\&quot;larissa.solimoes@bol.com.br\&quot;,\&quot;valor\&quot;:2271.00,\&quot;parcelas\&quot;:49,\&quot;seguro\&quot;:true},{\&quot;id\&quot;:151,\&quot;nome\&quot;:\&quot;Henry\&quot;,\&quot;cpf\&quot;:\&quot;3150240652\&quot;,\&quot;email\&quot;:\&quot;pablo.castro@live.com\&quot;,\&quot;valor\&quot;:2870.00,\&quot;parcelas\&quot;:30,\&quot;seguro\&quot;:true},{\&quot;id\&quot;:152,\&quot;nome\&quot;:\&quot;Isabella\&quot;,\&quot;cpf\&quot;:\&quot;0072233230\&quot;,\&quot;email\&quot;:\&quot;washington.menendes@bol.com.br\&quot;,\&quot;valor\&quot;:2524.00,\&quot;parcelas\&quot;:49,\&quot;seguro\&quot;:true},{\&quot;id\&quot;:153,\&quot;nome\&quot;:\&quot;Kaique\&quot;,\&quot;cpf\&quot;:\&quot;6110311367\&quot;,\&quot;email\&quot;:\&quot;paula.barreto@hotmail.com\&quot;,\&quot;valor\&quot;:2103.00,\&quot;parcelas\&quot;:30,\&quot;seguro\&quot;:true},{\&quot;id\&quot;:154,\&quot;nome\&quot;:\&quot;Heitor\&quot;,\&quot;cpf\&quot;:\&quot;7464607307\&quot;,\&quot;email\&quot;:\&quot;eduardo.lopes@hotmail.com\&quot;,\&quot;valor\&quot;:2069.00,\&quot;parcelas\&quot;:49,\&quot;seguro\&quot;:true},{\&quot;id\&quot;:155,\&quot;nome\&quot;:\&quot;Ígor\&quot;,\&quot;cpf\&quot;:\&quot;1725674112\&quot;,\&quot;email\&quot;:\&quot;enzogabriel.bentes@live.com\&quot;,\&quot;valor\&quot;:2196.00,\&quot;parcelas\&quot;:34,\&quot;seguro\&quot;:true},{\&quot;id\&quot;:156,\&quot;nome\&quot;:\&quot;Louise\&quot;,\&quot;cpf\&quot;:\&quot;7025774356\&quot;,\&quot;email\&quot;:\&quot;sara.chaves@yahoo.com\&quot;,\&quot;valor\&quot;:2905.00,\&quot;parcelas\&quot;:49,\&quot;seguro\&quot;:true},{\&quot;id\&quot;:157,\&quot;nome\&quot;:\&quot;Isis\&quot;,\&quot;cpf\&quot;:\&quot;2780774073\&quot;,\&quot;email\&quot;:\&quot;allana.diegues@live.com\&quot;,\&quot;valor\&quot;:2393.00,\&quot;parcelas\&quot;:36,\&quot;seguro\&quot;:true},{\&quot;id\&quot;:158,\&quot;nome\&quot;:\&quot;Yango\&quot;,\&quot;cpf\&quot;:\&quot;2376230668\&quot;,\&quot;email\&quot;:\&quot;theo.damota@bol.com.br\&quot;,\&quot;valor\&quot;:2247.00,\&quot;parcelas\&quot;:33,\&quot;seguro\&quot;:true},{\&quot;id\&quot;:159,\&quot;nome\&quot;:\&quot;João\&quot;,\&quot;cpf\&quot;:\&quot;7732481170\&quot;,\&quot;email\&quot;:\&quot;pietro.damata@yahoo.com\&quot;,\&quot;valor\&quot;:2341.00,\&quot;parcelas\&quot;:49,\&quot;seguro\&quot;:true},{\&quot;id\&quot;:160,\&quot;nome\&quot;:\&quot;Isabela\&quot;,\&quot;cpf\&quot;:\&quot;6335741816\&quot;,\&quot;email\&quot;:\&quot;mariaalice.siqueira@bol.com.br\&quot;,\&quot;valor\&quot;:2179.00,\&quot;parcelas\&quot;:33,\&quot;seguro\&quot;:true},{\&quot;id\&quot;:161,\&quot;nome\&quot;:\&quot;Juliana\&quot;,\&quot;cpf\&quot;:\&quot;2874525536\&quot;,\&quot;email\&quot;:\&quot;maria.leiria@live.com\&quot;,\&quot;valor\&quot;:2133.00,\&quot;parcelas\&quot;:49,\&quot;seguro\&quot;:true},{\&quot;id\&quot;:162,\&quot;nome\&quot;:\&quot;Nicolas\&quot;,\&quot;cpf\&quot;:\&quot;3313241535\&quot;,\&quot;email\&quot;:\&quot;daniel.marins@bol.com.br\&quot;,\&quot;valor\&quot;:2557.00,\&quot;parcelas\&quot;:32,\&quot;seguro\&quot;:true},{\&quot;id\&quot;:163,\&quot;nome\&quot;:\&quot;Paula\&quot;,\&quot;cpf\&quot;:\&quot;5267674650\&quot;,\&quot;email\&quot;:\&quot;enzomiguel.sais@bol.com.br\&quot;,\&quot;valor\&quot;:2310.00,\&quot;parcelas\&quot;:30,\&quot;seguro\&quot;:true},{\&quot;id\&quot;:164,\&quot;nome\&quot;:\&quot;Erick\&quot;,\&quot;cpf\&quot;:\&quot;3446455862\&quot;,\&quot;email\&quot;:\&quot;marcelo.castanho@yahoo.com\&quot;,\&quot;valor\&quot;:2510.00,\&quot;parcelas\&quot;:2,\&quot;seguro\&quot;:true},{\&quot;id\&quot;:165,\&quot;nome\&quot;:\&quot;Giovanna\&quot;,\&quot;cpf\&quot;:\&quot;2023627806\&quot;,\&quot;email\&quot;:\&quot;camila.madeira@yahoo.com\&quot;,\&quot;valor\&quot;:2189.00,\&quot;parcelas\&quot;:39,\&quot;seguro\&quot;:true},{\&quot;id\&quot;:166,\&quot;nome\&quot;:\&quot;Davi Lucca\&quot;,\&quot;cpf\&quot;:\&quot;5046711433\&quot;,\&quot;email\&quot;:\&quot;isabelly.munhoz@bol.com.br\&quot;,\&quot;valor\&quot;:2551.00,\&quot;parcelas\&quot;:32,\&quot;seguro\&quot;:true},{\&quot;id\&quot;:167,\&quot;nome\&quot;:\&quot;Nathan\&quot;,\&quot;cpf\&quot;:\&quot;1343274662\&quot;,\&quot;email\&quot;:\&quot;luizmiguel.longuinho@gmail.com\&quot;,\&quot;valor\&quot;:2664.00,\&quot;parcelas\&quot;:30,\&quot;seguro\&quot;:true},{\&quot;id\&quot;:168,\&quot;nome\&quot;:\&quot;Tiago\&quot;,\&quot;cpf\&quot;:\&quot;3430823025\&quot;,\&quot;email\&quot;:\&quot;alice.macedo@gmail.com\&quot;,\&quot;valor\&quot;:2732.00,\&quot;parcelas\&quot;:35,\&quot;seguro\&quot;:true},{\&quot;id\&quot;:169,\&quot;nome\&quot;:\&quot;Vitória\&quot;,\&quot;cpf\&quot;:\&quot;0055024438\&quot;,\&quot;email\&quot;:\&quot;valentina.bentes@gmail.com\&quot;,\&quot;valor\&quot;:2120.00,\&quot;parcelas\&quot;:38,\&quot;seguro\&quot;:true},{\&quot;id\&quot;:170,\&quot;nome\&quot;:\&quot;Alice\&quot;,\&quot;cpf\&quot;:\&quot;5402104206\&quot;,\&quot;email\&quot;:\&quot;roberta.cruz@bol.com.br\&quot;,\&quot;valor\&quot;:2527.00,\&quot;parcelas\&quot;:48,\&quot;seguro\&quot;:true},{\&quot;id\&quot;:171,\&quot;nome\&quot;:\&quot;Isabelly\&quot;,\&quot;cpf\&quot;:\&quot;1308706254\&quot;,\&quot;email\&quot;:\&quot;enzomiguel.deborba@hotmail.com\&quot;,\&quot;valor\&quot;:2015.00,\&quot;parcelas\&quot;:34,\&quot;seguro\&quot;:true},{\&quot;id\&quot;:172,\&quot;nome\&quot;:\&quot;João Lucas\&quot;,\&quot;cpf\&quot;:\&quot;7881034104\&quot;,\&quot;email\&quot;:\&quot;carolina.diegues@bol.com.br\&quot;,\&quot;valor\&quot;:2962.00,\&quot;parcelas\&quot;:34,\&quot;seguro\&quot;:true},{\&quot;id\&quot;:173,\&quot;nome\&quot;:\&quot;Antônio\&quot;,\&quot;cpf\&quot;:\&quot;2058266748\&quot;,\&quot;email\&quot;:\&quot;fabricio.matoso@gmail.com\&quot;,\&quot;valor\&quot;:2610.00,\&quot;parcelas\&quot;:30,\&quot;seguro\&quot;:true},{\&quot;id\&quot;:174,\&quot;nome\&quot;:\&quot;Sara\&quot;,\&quot;cpf\&quot;:\&quot;1804173087\&quot;,\&quot;email\&quot;:\&quot;murilo.domingues@gmail.com\&quot;,\&quot;valor\&quot;:2469.00,\&quot;parcelas\&quot;:39,\&quot;seguro\&quot;:true},{\&quot;id\&quot;:175,\&quot;nome\&quot;:\&quot;Kléber\&quot;,\&quot;cpf\&quot;:\&quot;4022150123\&quot;,\&quot;email\&quot;:\&quot;rafael.barbosa@live.com\&quot;,\&quot;valor\&quot;:2101.00,\&quot;parcelas\&quot;:36,\&quot;seguro\&quot;:true},{\&quot;id\&quot;:176,\&quot;nome\&quot;:\&quot;Suélen\&quot;,\&quot;cpf\&quot;:\&quot;0563372733\&quot;,\&quot;email\&quot;:\&quot;bryan.pires@bol.com.br\&quot;,\&quot;valor\&quot;:2594.00,\&quot;parcelas\&quot;:39,\&quot;seguro\&quot;:true},{\&quot;id\&quot;:177,\&quot;nome\&quot;:\&quot;Francisca\&quot;,\&quot;cpf\&quot;:\&quot;5360287483\&quot;,\&quot;email\&quot;:\&quot;aline.antena@yahoo.com\&quot;,\&quot;valor\&quot;:2444.00,\&quot;parcelas\&quot;:30,\&quot;seguro\&quot;:true},{\&quot;id\&quot;:178,\&quot;nome\&quot;:\&quot;Catarina\&quot;,\&quot;cpf\&quot;:\&quot;5884885305\&quot;,\&quot;email\&quot;:\&quot;mariahelena.carneiro@bol.com.br\&quot;,\&quot;valor\&quot;:2765.00,\&quot;parcelas\&quot;:37,\&quot;seguro\&quot;:true},{\&quot;id\&quot;:179,\&quot;nome\&quot;:\&quot;Murilo\&quot;,\&quot;cpf\&quot;:\&quot;6175681747\&quot;,\&quot;email\&quot;:\&quot;eduarda.danobrega@yahoo.com\&quot;,\&quot;valor\&quot;:2207.00,\&quot;parcelas\&quot;:35,\&quot;seguro\&quot;:true},{\&quot;id\&quot;:180,\&quot;nome\&quot;:\&quot;Júlia\&quot;,\&quot;cpf\&quot;:\&quot;0118736334\&quot;,\&quot;email\&quot;:\&quot;livia.meira@live.com\&quot;,\&quot;valor\&quot;:2676.00,\&quot;parcelas\&quot;:35,\&quot;seguro\&quot;:true},{\&quot;id\&quot;:181,\&quot;nome\&quot;:\&quot;João Pedro\&quot;,\&quot;cpf\&quot;:\&quot;0145744070\&quot;,\&quot;email\&quot;:\&quot;luna.deborba@bol.com.br\&quot;,\&quot;valor\&quot;:2539.00,\&quot;parcelas\&quot;:32,\&quot;seguro\&quot;:true},{\&quot;id\&quot;:182,\&quot;nome\&quot;:\&quot;Roberto\&quot;,\&quot;cpf\&quot;:\&quot;7868117844\&quot;,\&quot;email\&quot;:\&quot;gubio.fernandes@yahoo.com\&quot;,\&quot;valor\&quot;:2110.00,\&quot;parcelas\&quot;:36,\&quot;seguro\&quot;:true},{\&quot;id\&quot;:183,\&quot;nome\&quot;:\&quot;Ana Sophia\&quot;,\&quot;cpf\&quot;:\&quot;2062524731\&quot;,\&quot;email\&quot;:\&quot;mariasophia.campos@gmail.com\&quot;,\&quot;valor\&quot;:2297.00,\&quot;parcelas\&quot;:33,\&quot;seguro\&quot;:true},{\&quot;id\&quot;:184,\&quot;nome\&quot;:\&quot;Rafaela\&quot;,\&quot;cpf\&quot;:\&quot;653.455.785-60\&quot;,\&quot;email\&quot;:\&quot;analivia.monteira@bol.com.br\&quot;,\&quot;valor\&quot;:2276.00,\&quot;parcelas\&quot;:39,\&quot;seguro\&quot;:true},{\&quot;id\&quot;:185,\&quot;nome\&quot;:\&quot;André\&quot;,\&quot;cpf\&quot;:\&quot;4013075455\&quot;,\&quot;email\&quot;:\&quot;pedro.coutinho@live.com\&quot;,\&quot;valor\&quot;:2577.00,\&quot;parcelas\&quot;:32,\&quot;seguro\&quot;:true},{\&quot;id\&quot;:186,\&quot;nome\&quot;:\&quot;André\&quot;,\&quot;cpf\&quot;:\&quot;808.353.785-41\&quot;,\&quot;email\&quot;:\&quot;lavinia.fernandes@hotmail.com\&quot;,\&quot;valor\&quot;:2358.00,\&quot;parcelas\&quot;:34,\&quot;seguro\&quot;:true},{\&quot;id\&quot;:187,\&quot;nome\&quot;:\&quot;Mathias\&quot;,\&quot;cpf\&quot;:\&quot;2034062583\&quot;,\&quot;email\&quot;:\&quot;ian.carneiro@bol.com.br\&quot;,\&quot;valor\&quot;:2600.00,\&quot;parcelas\&quot;:37,\&quot;seguro\&quot;:true},{\&quot;id\&quot;:188,\&quot;nome\&quot;:\&quot;Lucas Gabriel\&quot;,\&quot;cpf\&quot;:\&quot;1073575580\&quot;,\&quot;email\&quot;:\&quot;luizotavio.coutinho@bol.com.br\&quot;,\&quot;valor\&quot;:2691.00,\&quot;parcelas\&quot;:37,\&quot;seguro\&quot;:true},{\&quot;id\&quot;:189,\&quot;nome\&quot;:\&quot;Louise\&quot;,\&quot;cpf\&quot;:\&quot;031.947.852-55\&quot;,\&quot;email\&quot;:\&quot;anabeatriz.delara@hotmail.com\&quot;,\&quot;valor\&quot;:2250.00,\&quot;parcelas\&quot;:39,\&quot;seguro\&quot;:true},{\&quot;id\&quot;:192,\&quot;nome\&quot;:\&quot;Maria Valentina\&quot;,\&quot;cpf\&quot;:\&quot;2827414346\&quot;,\&quot;email\&quot;:\&quot;joaoluca.daluz@yahoo.com\&quot;,\&quot;valor\&quot;:2566.00,\&quot;parcelas\&quot;:32,\&quot;seguro\&quot;:true},{\&quot;id\&quot;:193,\&quot;nome\&quot;:\&quot;Fabrício\&quot;,\&quot;cpf\&quot;:\&quot;7312174141\&quot;,\&quot;email\&quot;:\&quot;carloseduardo.coqueiro@live.com\&quot;,\&quot;valor\&quot;:2895.00,\&quot;parcelas\&quot;:31,\&quot;seguro\&quot;:true},{\&quot;id\&quot;:195,\&quot;nome\&quot;:\&quot;Maria Isis\&quot;,\&quot;cpf\&quot;:\&quot;5434075178\&quot;,\&quot;email\&quot;:\&quot;bento.roriz@live.com\&quot;,\&quot;valor\&quot;:2588.00,\&quot;parcelas\&quot;:49,\&quot;seguro\&quot;:true},{\&quot;id\&quot;:196,\&quot;nome\&quot;:\&quot;Frederico\&quot;,\&quot;cpf\&quot;:\&quot;7748421133\&quot;,\&quot;email\&quot;:\&quot;celia.dapenha@yahoo.com\&quot;,\&quot;valor\&quot;:2048.00,\&quot;parcelas\&quot;:30,\&quot;seguro\&quot;:true},{\&quot;id\&quot;:197,\&quot;nome\&quot;:\&quot;Vicente\&quot;,\&quot;cpf\&quot;:\&quot;8462668814\&quot;,\&quot;email\&quot;:\&quot;bianca.fernandes@live.com\&quot;,\&quot;valor\&quot;:2946.00,\&quot;parcelas\&quot;:2,\&quot;seguro\&quot;:true},{\&quot;id\&quot;:199,\&quot;nome\&quot;:\&quot;Larissa\&quot;,\&quot;cpf\&quot;:\&quot;6406306844\&quot;,\&quot;email\&quot;:\&quot;bento.pinto@gmail.com\&quot;,\&quot;valor\&quot;:999.00,\&quot;parcelas\&quot;:38,\&quot;seguro\&quot;:true},{\&quot;id\&quot;:200,\&quot;nome\&quot;:\&quot;Gabriel\&quot;,\&quot;cpf\&quot;:\&quot;6400828771\&quot;,\&quot;email\&quot;:\&quot;joana.matoso@hotmail.com\&quot;,\&quot;valor\&quot;:2685.00,\&quot;parcelas\&quot;:48,\&quot;seguro\&quot;:true},{\&quot;id\&quot;:202,\&quot;nome\&quot;:\&quot;Gabriela\&quot;,\&quot;cpf\&quot;:\&quot;6217705013\&quot;,\&quot;email\&quot;:\&quot;talita.regueira@yahoo.com\&quot;,\&quot;valor\&quot;:10000.00,\&quot;parcelas\&quot;:30,\&quot;seguro\&quot;:true},{\&quot;id\&quot;:204,\&quot;nome\&quot;:\&quot;Bianca\&quot;,\&quot;cpf\&quot;:\&quot;6786352677\&quot;,\&quot;email\&quot;:\&quot;joana.ramos@gmail.com\&quot;,\&quot;valor\&quot;:40000.00,\&quot;parcelas\&quot;:37,\&quot;seguro\&quot;:true},{\&quot;id\&quot;:206,\&quot;nome\&quot;:\&quot;Calebe\&quot;,\&quot;cpf\&quot;:\&quot;3234874615\&quot;,\&quot;email\&quot;:\&quot;mathias.leiria@gmail.com\&quot;,\&quot;valor\&quot;:2527.00,\&quot;parcelas\&quot;:36,\&quot;seguro\&quot;:true},{\&quot;id\&quot;:207,\&quot;nome\&quot;:\&quot;Kaique\&quot;,\&quot;cpf\&quot;:\&quot;1142548823\&quot;,\&quot;email\&quot;:\&quot;francisca.veloso@live.com\&quot;,\&quot;valor\&quot;:2400.00,\&quot;parcelas\&quot;:37,\&quot;seguro\&quot;:true},{\&quot;id\&quot;:208,\&quot;nome\&quot;:\&quot;Ian\&quot;,\&quot;cpf\&quot;:\&quot;375.076.033-08\&quot;,\&quot;email\&quot;:\&quot;davi.alvares@live.com\&quot;,\&quot;valor\&quot;:2156.00,\&quot;parcelas\&quot;:38,\&quot;seguro\&quot;:true},{\&quot;id\&quot;:209,\&quot;nome\&quot;:\&quot;Arthur Henrique\&quot;,\&quot;cpf\&quot;:\&quot;5763130184\&quot;,\&quot;email\&quot;:\&quot;luiza.ribeiro@hotmail.com\&quot;,\&quot;valor\&quot;:2781.00,\&quot;parcelas\&quot;:35,\&quot;seguro\&quot;:true},{\&quot;id\&quot;:210,\&quot;nome\&quot;:\&quot;Eduardo\&quot;,\&quot;cpf\&quot;:\&quot;5855154564\&quot;,\&quot;email\&quot;:\&quot;gael.bittencourt@yahoo.com\&quot;,\&quot;valor\&quot;:2162.00,\&quot;parcelas\&quot;:32,\&quot;seguro\&quot;:true},{\&quot;id\&quot;:211,\&quot;nome\&quot;:\&quot;Carolina\&quot;,\&quot;cpf\&quot;:\&quot;558.010.189-59\&quot;,\&quot;email\&quot;:\&quot;nicole.sa@live.com\&quot;,\&quot;valor\&quot;:2003.00,\&quot;parcelas\&quot;:30,\&quot;seguro\&quot;:true},{\&quot;id\&quot;:212,\&quot;nome\&quot;:\&quot;Gabrielly\&quot;,\&quot;cpf\&quot;:\&quot;4656704730\&quot;,\&quot;email\&quot;:\&quot;marcia.guedes@hotmail.com\&quot;,\&quot;valor\&quot;:2049.00,\&quot;parcelas\&quot;:36,\&quot;seguro\&quot;:true},{\&quot;id\&quot;:214,\&quot;nome\&quot;:\&quot;Carolina\&quot;,\&quot;cpf\&quot;:\&quot;6384501804\&quot;,\&quot;email\&quot;:\&quot;alicia.damota@hotmail.com\&quot;,\&quot;valor\&quot;:2764.00,\&quot;parcelas\&quot;:34,\&quot;seguro\&quot;:true},{\&quot;id\&quot;:215,\&quot;nome\&quot;:\&quot;Maria Helena\&quot;,\&quot;cpf\&quot;:\&quot;6638501747\&quot;,\&quot;email\&quot;:\&quot;anaclara.lima@gmail.com\&quot;,\&quot;valor\&quot;:2593.00,\&quot;parcelas\&quot;:32,\&quot;seguro\&quot;:true},{\&quot;id\&quot;:216,\&quot;nome\&quot;:\&quot;Júlio\&quot;,\&quot;cpf\&quot;:\&quot;1211430767\&quot;,\&quot;email\&quot;:\&quot;arthur.teles@live.com\&quot;,\&quot;valor\&quot;:2572.00,\&quot;parcelas\&quot;:31,\&quot;seguro\&quot;:true},{\&quot;id\&quot;:219,\&quot;nome\&quot;:\&quot;Laís\&quot;,\&quot;cpf\&quot;:\&quot;4271263054\&quot;,\&quot;email\&quot;:\&quot;marialuiza.monteira@yahoo.com\&quot;,\&quot;valor\&quot;:2179.00,\&quot;parcelas\&quot;:33,\&quot;seguro\&quot;:true},{\&quot;id\&quot;:220,\&quot;nome\&quot;:\&quot;João Felipe\&quot;,\&quot;cpf\&quot;:\&quot;4472164776\&quot;,\&quot;email\&quot;:\&quot;adriana.ribas@gmail.com\&quot;,\&quot;valor\&quot;:2012.00,\&quot;parcelas\&quot;:31,\&quot;seguro\&quot;:true},{\&quot;id\&quot;:222,\&quot;nome\&quot;:\&quot;Morgana\&quot;,\&quot;cpf\&quot;:\&quot;8472367762\&quot;,\&quot;email\&quot;:\&quot;morgana.arriaga@bol.com.br\&quot;,\&quot;valor\&quot;:2105.00,\&quot;parcelas\&quot;:49,\&quot;seguro\&quot;:true},{\&quot;id\&quot;:223,\&quot;nome\&quot;:\&quot;Marcia\&quot;,\&quot;cpf\&quot;:\&quot;0016666263\&quot;,\&quot;email\&quot;:\&quot;celia.longuinho@yahoo.com\&quot;,\&quot;valor\&quot;:2861.00,\&quot;parcelas\&quot;:32,\&quot;seguro\&quot;:true},{\&quot;id\&quot;:224,\&quot;nome\&quot;:\&quot;Giovanna\&quot;,\&quot;cpf\&quot;:\&quot;4033243878\&quot;,\&quot;email\&quot;:\&quot;norberto.roriz@live.com\&quot;,\&quot;valor\&quot;:2864.00,\&quot;parcelas\&quot;:2,\&quot;seguro\&quot;:true},{\&quot;id\&quot;:226,\&quot;nome\&quot;:\&quot;Roberta\&quot;,\&quot;cpf\&quot;:\&quot;6887622386\&quot;,\&quot;email\&quot;:\&quot;rafaela.reis@live.com\&quot;,\&quot;valor\&quot;:999.00,\&quot;parcelas\&quot;:37,\&quot;seguro\&quot;:true},{\&quot;id\&quot;:227,\&quot;nome\&quot;:\&quot;Liz\&quot;,\&quot;cpf\&quot;:\&quot;3236183627\&quot;,\&quot;email\&quot;:\&quot;stella.macedo@bol.com.br\&quot;,\&quot;valor\&quot;:2137.00,\&quot;parcelas\&quot;:48,\&quot;seguro\&quot;:true},{\&quot;id\&quot;:229,\&quot;nome\&quot;:\&quot;Vinicius\&quot;,\&quot;cpf\&quot;:\&quot;2887176360\&quot;,\&quot;email\&quot;:\&quot;melissa.regueira@hotmail.com\&quot;,\&quot;valor\&quot;:10000.00,\&quot;parcelas\&quot;:37,\&quot;seguro\&quot;:true},{\&quot;id\&quot;:231,\&quot;nome\&quot;:\&quot;Pérola\&quot;,\&quot;cpf\&quot;:\&quot;0336318068\&quot;,\&quot;email\&quot;:\&quot;yango.negrao@gmail.com\&quot;,\&quot;valor\&quot;:40000.00,\&quot;parcelas\&quot;:37,\&quot;seguro\&quot;:true},{\&quot;id\&quot;:233,\&quot;nome\&quot;:\&quot;Pietro\&quot;,\&quot;cpf\&quot;:\&quot;1830072275\&quot;,\&quot;email\&quot;:\&quot;laura.daterra@gmail.com\&quot;,\&quot;valor\&quot;:2832.00,\&quot;parcelas\&quot;:35,\&quot;seguro\&quot;:true},{\&quot;id\&quot;:234,\&quot;nome\&quot;:\&quot;Gúbio\&quot;,\&quot;cpf\&quot;:\&quot;4172215444\&quot;,\&quot;email\&quot;:\&quot;felicia.oliveira@gmail.com\&quot;,\&quot;valor\&quot;:2865.00,\&quot;parcelas\&quot;:39,\&quot;seguro\&quot;:true},{\&quot;id\&quot;:235,\&quot;nome\&quot;:\&quot;Morgana\&quot;,\&quot;cpf\&quot;:\&quot;126.086.140-54\&quot;,\&quot;email\&quot;:\&quot;giulia.camacho@live.com\&quot;,\&quot;valor\&quot;:2326.00,\&quot;parcelas\&quot;:31,\&quot;seguro\&quot;:true},{\&quot;id\&quot;:236,\&quot;nome\&quot;:\&quot;Ruan\&quot;,\&quot;cpf\&quot;:\&quot;3646774845\&quot;,\&quot;email\&quot;:\&quot;agatha.brum@gmail.com\&quot;,\&quot;valor\&quot;:2445.00,\&quot;parcelas\&quot;:33,\&quot;seguro\&quot;:true},{\&quot;id\&quot;:238,\&quot;nome\&quot;:\&quot;Heloísa\&quot;,\&quot;cpf\&quot;:\&quot;2768610100\&quot;,\&quot;email\&quot;:\&quot;aline.morais@gmail.com\&quot;,\&quot;valor\&quot;:2912.00,\&quot;parcelas\&quot;:49,\&quot;seguro\&quot;:true},{\&quot;id\&quot;:239,\&quot;nome\&quot;:\&quot;Juliana\&quot;,\&quot;cpf\&quot;:\&quot;5475332534\&quot;,\&quot;email\&quot;:\&quot;pietro.paiva@yahoo.com\&quot;,\&quot;valor\&quot;:2665.00,\&quot;parcelas\&quot;:38,\&quot;seguro\&quot;:true},{\&quot;id\&quot;:240,\&quot;nome\&quot;:\&quot;Arthur\&quot;,\&quot;cpf\&quot;:\&quot;0674804272\&quot;,\&quot;email\&quot;:\&quot;cesar.farias@bol.com.br\&quot;,\&quot;valor\&quot;:2923.00,\&quot;parcelas\&quot;:2,\&quot;seguro\&quot;:true},{\&quot;id\&quot;:242,\&quot;nome\&quot;:\&quot;Beatriz\&quot;,\&quot;cpf\&quot;:\&quot;5467127174\&quot;,\&quot;email\&quot;:\&quot;enrico.sais@yahoo.com\&quot;,\&quot;valor\&quot;:999.00,\&quot;parcelas\&quot;:33,\&quot;seguro\&quot;:true},{\&quot;id\&quot;:243,\&quot;nome\&quot;:\&quot;Vinícius\&quot;,\&quot;cpf\&quot;:\&quot;1768035835\&quot;,\&quot;email\&quot;:\&quot;luan.rego@bol.com.br\&quot;,\&quot;valor\&quot;:2429.00,\&quot;parcelas\&quot;:48,\&quot;seguro\&quot;:true},{\&quot;id\&quot;:245,\&quot;nome\&quot;:\&quot;Hélio\&quot;,\&quot;cpf\&quot;:\&quot;3127366263\&quot;,\&quot;email\&quot;:\&quot;leonardo.coutinho@hotmail.com\&quot;,\&quot;valor\&quot;:10000.00,\&quot;parcelas\&quot;:31,\&quot;seguro\&quot;:true},{\&quot;id\&quot;:247,\&quot;nome\&quot;:\&quot;Víctor\&quot;,\&quot;cpf\&quot;:\&quot;8621341801\&quot;,\&quot;email\&quot;:\&quot;jose.dasilveira@gmail.com\&quot;,\&quot;valor\&quot;:40000.00,\&quot;parcelas\&quot;:38,\&quot;seguro\&quot;:true},{\&quot;id\&quot;:249,\&quot;nome\&quot;:\&quot;Isabelly\&quot;,\&quot;cpf\&quot;:\&quot;7454054714\&quot;,\&quot;email\&quot;:\&quot;mariasophia.dapaz@live.com\&quot;,\&quot;valor\&quot;:2794.00,\&quot;parcelas\&quot;:39,\&quot;seguro\&quot;:true},{\&quot;id\&quot;:250,\&quot;nome\&quot;:\&quot;Arthur Henrique\&quot;,\&quot;cpf\&quot;:\&quot;1170750533\&quot;,\&quot;email\&quot;:\&quot;vinicius.carvalho@gmail.com\&quot;,\&quot;valor\&quot;:2580.00,\&quot;parcelas\&quot;:35,\&quot;seguro\&quot;:true},{\&quot;id\&quot;:251,\&quot;nome\&quot;:\&quot;Mirella\&quot;,\&quot;cpf\&quot;:\&quot;4354388648\&quot;,\&quot;email\&quot;:\&quot;francisco.ornelas@bol.com.br\&quot;,\&quot;valor\&quot;:2411.00,\&quot;parcelas\&quot;:32,\&quot;seguro\&quot;:true},{\&quot;id\&quot;:252,\&quot;nome\&quot;:\&quot;Cauã\&quot;,\&quot;cpf\&quot;:\&quot;4604655716\&quot;,\&quot;email\&quot;:\&quot;benicio.arantes@hotmail.com\&quot;,\&quot;valor\&quot;:2795.00,\&quot;parcelas\&quot;:35,\&quot;seguro\&quot;:true},{\&quot;id\&quot;:253,\&quot;nome\&quot;:\&quot;Antonella\&quot;,\&quot;cpf\&quot;:\&quot;3813846683\&quot;,\&quot;email\&quot;:\&quot;nubia.martim@live.com\&quot;,\&quot;valor\&quot;:2405.00,\&quot;parcelas\&quot;:35,\&quot;seguro\&quot;:true},{\&quot;id\&quot;:254,\&quot;nome\&quot;:\&quot;Clara\&quot;,\&quot;cpf\&quot;:\&quot;3308445078\&quot;,\&quot;email\&quot;:\&quot;alice.jesus@yahoo.com\&quot;,\&quot;valor\&quot;:2825.00,\&quot;parcelas\&quot;:36,\&quot;seguro\&quot;:true},{\&quot;id\&quot;:255,\&quot;nome\&quot;:\&quot;Nathan\&quot;,\&quot;cpf\&quot;:\&quot;5014150416\&quot;,\&quot;email\&quot;:\&quot;heloisa.rezende@live.com\&quot;,\&quot;valor\&quot;:2970.00,\&quot;parcelas\&quot;:31,\&quot;seguro\&quot;:true},{\&quot;id\&quot;:257,\&quot;nome\&quot;:\&quot;Roberta\&quot;,\&quot;cpf\&quot;:\&quot;4441520303\&quot;,\&quot;email\&quot;:\&quot;luiz.gomes@yahoo.com\&quot;,\&quot;valor\&quot;:2117.00,\&quot;parcelas\&quot;:32,\&quot;seguro\&quot;:true},{\&quot;id\&quot;:259,\&quot;nome\&quot;:\&quot;Bárbara\&quot;,\&quot;cpf\&quot;:\&quot;6134431228\&quot;,\&quot;email\&quot;:\&quot;lavinia.crespo@hotmail.com\&quot;,\&quot;valor\&quot;:2649.00,\&quot;parcelas\&quot;:49,\&quot;seguro\&quot;:true},{\&quot;id\&quot;:261,\&quot;nome\&quot;:\&quot;Ofélia\&quot;,\&quot;cpf\&quot;:\&quot;3676865458\&quot;,\&quot;email\&quot;:\&quot;fabio.bernardes@yahoo.com\&quot;,\&quot;valor\&quot;:2458.00,\&quot;parcelas\&quot;:2,\&quot;seguro\&quot;:true},{\&quot;id\&quot;:263,\&quot;nome\&quot;:\&quot;Eduarda\&quot;,\&quot;cpf\&quot;:\&quot;2378281227\&quot;,\&quot;email\&quot;:\&quot;antonio.alves@gmail.com\&quot;,\&quot;valor\&quot;:999.00,\&quot;parcelas\&quot;:38,\&quot;seguro\&quot;:true},{\&quot;id\&quot;:264,\&quot;nome\&quot;:\&quot;Laura\&quot;,\&quot;cpf\&quot;:\&quot;6104686137\&quot;,\&quot;email\&quot;:\&quot;tiago.correa@hotmail.com\&quot;,\&quot;valor\&quot;:2115.00,\&quot;parcelas\&quot;:48,\&quot;seguro\&quot;:true},{\&quot;id\&quot;:266,\&quot;nome\&quot;:\&quot;Sílvia\&quot;,\&quot;cpf\&quot;:\&quot;0885683435\&quot;,\&quot;email\&quot;:\&quot;mariaflor.melo@hotmail.com\&quot;,\&quot;valor\&quot;:10000.00,\&quot;parcelas\&quot;:36,\&quot;seguro\&quot;:true},{\&quot;id\&quot;:268,\&quot;nome\&quot;:\&quot;Isabella\&quot;,\&quot;cpf\&quot;:\&quot;7217673201\&quot;,\&quot;email\&quot;:\&quot;alessandra.delara@live.com\&quot;,\&quot;valor\&quot;:40000.00,\&quot;parcelas\&quot;:30,\&quot;seguro\&quot;:true},{\&quot;id\&quot;:270,\&quot;nome\&quot;:\&quot;Ana Clara\&quot;,\&quot;cpf\&quot;:\&quot;1260260331\&quot;,\&quot;email\&quot;:\&quot;dalila.fernandes@hotmail.com\&quot;,\&quot;valor\&quot;:2198.00,\&quot;parcelas\&quot;:37,\&quot;seguro\&quot;:true},{\&quot;id\&quot;:272,\&quot;nome\&quot;:\&quot;Henrique\&quot;,\&quot;cpf\&quot;:\&quot;1256182075\&quot;,\&quot;email\&quot;:\&quot;livia.junqueira@hotmail.com\&quot;,\&quot;valor\&quot;:2477.00,\&quot;parcelas\&quot;:34,\&quot;seguro\&quot;:true},{\&quot;id\&quot;:274,\&quot;nome\&quot;:\&quot;Júlia\&quot;,\&quot;cpf\&quot;:\&quot;6652678375\&quot;,\&quot;email\&quot;:\&quot;barbara.ferraco@bol.com.br\&quot;,\&quot;valor\&quot;:2642.00,\&quot;parcelas\&quot;:49,\&quot;seguro\&quot;:true},{\&quot;id\&quot;:278,\&quot;nome\&quot;:\&quot;Guilherme\&quot;,\&quot;cpf\&quot;:\&quot;8313843828\&quot;,\&quot;email\&quot;:\&quot;olivia.almada@yahoo.com\&quot;,\&quot;valor\&quot;:999.00,\&quot;parcelas\&quot;:31,\&quot;seguro\&quot;:true},{\&quot;id\&quot;:279,\&quot;nome\&quot;:\&quot;Fábio\&quot;,\&quot;cpf\&quot;:\&quot;2013321477\&quot;,\&quot;email\&quot;:\&quot;vinicius.amoreira@gmail.com\&quot;,\&quot;valor\&quot;:2328.00,\&quot;parcelas\&quot;:48,\&quot;seguro\&quot;:true},{\&quot;id\&quot;:281,\&quot;nome\&quot;:\&quot;Isaac\&quot;,\&quot;cpf\&quot;:\&quot;5048640338\&quot;,\&quot;email\&quot;:\&quot;gael.dafontoura@gmail.com\&quot;,\&quot;valor\&quot;:10000.00,\&quot;parcelas\&quot;:34,\&quot;seguro\&quot;:true},{\&quot;id\&quot;:283,\&quot;nome\&quot;:\&quot;Júlio\&quot;,\&quot;cpf\&quot;:\&quot;4754455581\&quot;,\&quot;email\&quot;:\&quot;adriana.sais@hotmail.com\&quot;,\&quot;valor\&quot;:40000.00,\&quot;parcelas\&quot;:35,\&quot;seguro\&quot;:true},{\&quot;id\&quot;:285,\&quot;nome\&quot;:\&quot;Ofélia\&quot;,\&quot;cpf\&quot;:\&quot;2233730306\&quot;,\&quot;email\&quot;:\&quot;isaac.martim@bol.com.br\&quot;,\&quot;valor\&quot;:2726.00,\&quot;parcelas\&quot;:35,\&quot;seguro\&quot;:true},{\&quot;id\&quot;:287,\&quot;nome\&quot;:\&quot;Fabrício\&quot;,\&quot;cpf\&quot;:\&quot;8514402780\&quot;,\&quot;email\&quot;:\&quot;luan.ambrosio@live.com\&quot;,\&quot;valor\&quot;:2198.00,\&quot;parcelas\&quot;:30,\&quot;seguro\&quot;:true},{\&quot;id\&quot;:289,\&quot;nome\&quot;:\&quot;Pedro\&quot;,\&quot;cpf\&quot;:\&quot;8551727204\&quot;,\&quot;email\&quot;:\&quot;pietro.souza@hotmail.com\&quot;,\&quot;valor\&quot;:2660.00,\&quot;parcelas\&quot;:49,\&quot;seguro\&quot;:true},{\&quot;id\&quot;:293,\&quot;nome\&quot;:\&quot;Olívia\&quot;,\&quot;cpf\&quot;:\&quot;3382237601\&quot;,\&quot;email\&quot;:\&quot;lucca.lessa@live.com\&quot;,\&quot;valor\&quot;:999.00,\&quot;parcelas\&quot;:33,\&quot;seguro\&quot;:true},{\&quot;id\&quot;:296,\&quot;nome\&quot;:\&quot;Júlia\&quot;,\&quot;cpf\&quot;:\&quot;8653217808\&quot;,\&quot;email\&quot;:\&quot;olivia.saraiva@hotmail.com\&quot;,\&quot;valor\&quot;:10000.00,\&quot;parcelas\&quot;:34,\&quot;seguro\&quot;:true},{\&quot;id\&quot;:298,\&quot;nome\&quot;:\&quot;Salvador\&quot;,\&quot;cpf\&quot;:\&quot;3268158002\&quot;,\&quot;email\&quot;:\&quot;ryan.dasneves@live.com\&quot;,\&quot;valor\&quot;:40000.00,\&quot;parcelas\&quot;:37,\&quot;seguro\&quot;:true},{\&quot;id\&quot;:300,\&quot;nome\&quot;:\&quot;Márcio\&quot;,\&quot;cpf\&quot;:\&quot;2360025206\&quot;,\&quot;email\&quot;:\&quot;isaac.arantes@bol.com.br\&quot;,\&quot;valor\&quot;:2688.00,\&quot;parcelas\&quot;:38,\&quot;seguro\&quot;:true},{\&quot;id\&quot;:301,\&quot;nome\&quot;:\&quot;Pedro\&quot;,\&quot;cpf\&quot;:\&quot;395.215.208-03\&quot;,\&quot;email\&quot;:\&quot;arthur.goncalves@bol.com.br\&quot;,\&quot;valor\&quot;:2389.00,\&quot;parcelas\&quot;:31,\&quot;seguro\&quot;:true},{\&quot;id\&quot;:302,\&quot;nome\&quot;:\&quot;Núbia\&quot;,\&quot;cpf\&quot;:\&quot;3364820032\&quot;,\&quot;email\&quot;:\&quot;igor.geraldes@bol.com.br\&quot;,\&quot;valor\&quot;:2991.00,\&quot;parcelas\&quot;:38,\&quot;seguro\&quot;:true},{\&quot;id\&quot;:304,\&quot;nome\&quot;:\&quot;Bárbara\&quot;,\&quot;cpf\&quot;:\&quot;7825367512\&quot;,\&quot;email\&quot;:\&quot;kaue.leiria@hotmail.com\&quot;,\&quot;valor\&quot;:2672.00,\&quot;parcelas\&quot;:49,\&quot;seguro\&quot;:true},{\&quot;id\&quot;:308,\&quot;nome\&quot;:\&quot;Emilly\&quot;,\&quot;cpf\&quot;:\&quot;5611366501\&quot;,\&quot;email\&quot;:\&quot;isabela.modesto@live.com\&quot;,\&quot;valor\&quot;:999.00,\&quot;parcelas\&quot;:37,\&quot;seguro\&quot;:true},{\&quot;id\&quot;:310,\&quot;nome\&quot;:\&quot;Margarida\&quot;,\&quot;cpf\&quot;:\&quot;289.882.826-56\&quot;,\&quot;email\&quot;:\&quot;felicia.peres@gmail.com\&quot;,\&quot;valor\&quot;:2434.00,\&quot;parcelas\&quot;:32,\&quot;seguro\&quot;:true},{\&quot;id\&quot;:311,\&quot;nome\&quot;:\&quot;Mathias\&quot;,\&quot;cpf\&quot;:\&quot;8107162723\&quot;,\&quot;email\&quot;:\&quot;vinicius.roseira@bol.com.br\&quot;,\&quot;valor\&quot;:10000.00,\&quot;parcelas\&quot;:39,\&quot;seguro\&quot;:true},{\&quot;id\&quot;:313,\&quot;nome\&quot;:\&quot;José\&quot;,\&quot;cpf\&quot;:\&quot;0728733557\&quot;,\&quot;email\&quot;:\&quot;ofelia.dias@yahoo.com\&quot;,\&quot;valor\&quot;:40000.00,\&quot;parcelas\&quot;:32,\&quot;seguro\&quot;:true},{\&quot;id\&quot;:315,\&quot;nome\&quot;:\&quot;João Samuel\&quot;,\&quot;cpf\&quot;:\&quot;5238481657\&quot;,\&quot;email\&quot;:\&quot;deneval.damota@gmail.com\&quot;,\&quot;valor\&quot;:2110.00,\&quot;parcelas\&quot;:32,\&quot;seguro\&quot;:true},{\&quot;id\&quot;:317,\&quot;nome\&quot;:\&quot;Tomás\&quot;,\&quot;cpf\&quot;:\&quot;3068531041\&quot;,\&quot;email\&quot;:\&quot;daviludmer.daluz@hotmail.com\&quot;,\&quot;valor\&quot;:2076.00,\&quot;parcelas\&quot;:39,\&quot;seguro\&quot;:true},{\&quot;id\&quot;:319,\&quot;nome\&quot;:\&quot;Suélen\&quot;,\&quot;cpf\&quot;:\&quot;2256056536\&quot;,\&quot;email\&quot;:\&quot;cesar.costa@hotmail.com\&quot;,\&quot;valor\&quot;:2788.00,\&quot;parcelas\&quot;:49,\&quot;seguro\&quot;:true},{\&quot;id\&quot;:323,\&quot;nome\&quot;:\&quot;Stella\&quot;,\&quot;cpf\&quot;:\&quot;6515604700\&quot;,\&quot;email\&quot;:\&quot;samuel.damaia@bol.com.br\&quot;,\&quot;valor\&quot;:999.00,\&quot;parcelas\&quot;:38,\&quot;seguro\&quot;:true},{\&quot;id\&quot;:325,\&quot;nome\&quot;:\&quot;Matheus\&quot;,\&quot;cpf\&quot;:\&quot;634.883.825-33\&quot;,\&quot;email\&quot;:\&quot;salvador.laranjeira@gmail.com\&quot;,\&quot;valor\&quot;:2354.00,\&quot;parcelas\&quot;:33,\&quot;seguro\&quot;:true},{\&quot;id\&quot;:328,\&quot;nome\&quot;:\&quot;Kaique\&quot;,\&quot;cpf\&quot;:\&quot;1236513513\&quot;,\&quot;email\&quot;:\&quot;stella.godinho@hotmail.com\&quot;,\&quot;valor\&quot;:40000.00,\&quot;parcelas\&quot;:31,\&quot;seguro\&quot;:true},{\&quot;id\&quot;:330,\&quot;nome\&quot;:\&quot;Arthur\&quot;,\&quot;cpf\&quot;:\&quot;0654481531\&quot;,\&quot;email\&quot;:\&quot;gustavo.hermingues@bol.com.br\&quot;,\&quot;valor\&quot;:2016.00,\&quot;parcelas\&quot;:32,\&quot;seguro\&quot;:true},{\&quot;id\&quot;:332,\&quot;nome\&quot;:\&quot;Thiago\&quot;,\&quot;cpf\&quot;:\&quot;2883184847\&quot;,\&quot;email\&quot;:\&quot;ayla.lopes@yahoo.com\&quot;,\&quot;valor\&quot;:2796.00,\&quot;parcelas\&quot;:49,\&quot;seguro\&quot;:true},{\&quot;id\&quot;:336,\&quot;nome\&quot;:\&quot;Yango\&quot;,\&quot;cpf\&quot;:\&quot;8466161411\&quot;,\&quot;email\&quot;:\&quot;patricia.vieira@hotmail.com\&quot;,\&quot;valor\&quot;:999.00,\&quot;parcelas\&quot;:30,\&quot;seguro\&quot;:true},{\&quot;id\&quot;:338,\&quot;nome\&quot;:\&quot;Sophia\&quot;,\&quot;cpf\&quot;:\&quot;923.974.681-32\&quot;,\&quot;email\&quot;:\&quot;pedrotobias.bentes@gmail.com\&quot;,\&quot;valor\&quot;:2200.00,\&quot;parcelas\&quot;:31,\&quot;seguro\&quot;:true},{\&quot;id\&quot;:345,\&quot;nome\&quot;:\&quot;João Guilherme\&quot;,\&quot;cpf\&quot;:\&quot;3577331558\&quot;,\&quot;email\&quot;:\&quot;joaopedro.solimoes@gmail.com\&quot;,\&quot;valor\&quot;:2539.00,\&quot;parcelas\&quot;:39,\&quot;seguro\&quot;:true}]&quot;" type="java.lang.AssertionError"><![CDATA[java.lang.AssertionError: 

Expected: The content to match the given JSON schema.
warning: the following keywords are unknown and will be ignored: [$id, examples]
    level: "warning"
    schema: {"loadingURI":"#","pointer":""}
    domain: "syntax"
    ignored: ["$id","examples"]
warning: the following keywords are unknown and will be ignored: [examples]
    level: "warning"
    schema: {"loadingURI":"#","pointer":"/items"}
    domain: "syntax"
    ignored: ["examples"]
warning: the following keywords are unknown and will be ignored: [examples]
    level: "warning"
    schema: {"loadingURI":"#","pointer":"/items/properties/cpf"}
    domain: "syntax"
    ignored: ["examples"]
warning: the following keywords are unknown and will be ignored: [examples]
    level: "warning"
    schema: {"loadingURI":"#","pointer":"/items/properties/email"}
    domain: "syntax"
    ignored: ["examples"]
warning: the following keywords are unknown and will be ignored: [examples]
    level: "warning"
    schema: {"loadingURI":"#","pointer":"/items/properties/id"}
    domain: "syntax"
    ignored: ["examples"]
warning: the following keywords are unknown and will be ignored: [examples]
    level: "warning"
    schema: {"loadingURI":"#","pointer":"/items/properties/nome"}
    domain: "syntax"
    ignored: ["examples"]
warning: the following keywords are unknown and will be ignored: [examples]
    level: "warning"
    schema: {"loadingURI":"#","pointer":"/items/properties/parcelas"}
    domain: "syntax"
    ignored: ["examples"]
warning: the following keywords are unknown and will be ignored: [examples]
    level: "warning"
    schema: {"loadingURI":"#","pointer":"/items/properties/seguro"}
    domain: "syntax"
    ignored: ["examples"]
warning: the following keywords are unknown and will be ignored: [examples]
    level: "warning"
    schema: {"loadingURI":"#","pointer":"/items/properties/valor"}
    domain: "syntax"
    ignored: ["examples"]
warning: the following keywords are unknown and will be ignored: [examples]
    level: "warning"
    schema: {"loadingURI":"#","pointer":"/items"}
    domain: "syntax"
    ignored: ["examples"]
warning: the following keywords are unknown and will be ignored: [examples]
    level: "warning"
    schema: {"loadingURI":"#","pointer":"/items/properties/cpf"}
    domain: "syntax"
    ignored: ["examples"]
warning: the following keywords are unknown and will be ignored: [examples]
    level: "warning"
    schema: {"loadingURI":"#","pointer":"/items/properties/email"}
    domain: "syntax"
    ignored: ["examples"]
warning: the following keywords are unknown and will be ignored: [examples]
    level: "warning"
    schema: {"loadingURI":"#","pointer":"/items/properties/id"}
    domain: "syntax"
    ignored: ["examples"]
warning: the following keywords are unknown and will be ignored: [examples]
    level: "warning"
    schema: {"loadingURI":"#","pointer":"/items/properties/nome"}
    domain: "syntax"
    ignored: ["examples"]
warning: the following keywords are unknown and will be ignored: [examples]
    level: "warning"
    schema: {"loadingURI":"#","pointer":"/items/properties/parcelas"}
    domain: "syntax"
    ignored: ["examples"]
warning: the following keywords are unknown and will be ignored: [examples]
    level: "warning"
    schema: {"loadingURI":"#","pointer":"/items/properties/seguro"}
    domain: "syntax"
    ignored: ["examples"]
warning: the following keywords are unknown and will be ignored: [examples]
    level: "warning"
    schema: {"loadingURI":"#","pointer":"/items/properties/valor"}
    domain: "syntax"
    ignored: ["examples"]
warning: the following keywords are unknown and will be ignored: [examples]
    level: "warning"
    schema: {"loadingURI":"#","pointer":"/items/properties/cpf"}
    domain: "syntax"
    ignored: ["examples"]
error: instance type (string) does not match any allowed primitive type (allowed: ["integer"])
    level: "error"
    schema: {"loadingURI":"#","pointer":"/items/properties/cpf"}
    instance: {"pointer":"/0/cpf"}
    domain: "validation"
    keyword: "type"
    found: "string"
    expected: ["integer"]
warning: the following keywords are unknown and will be ignored: [examples]
    level: "warning"
    schema: {"loadingURI":"#","pointer":"/items/properties/email"}
    domain: "syntax"
    ignored: ["examples"]
warning: the following keywords are unknown and will be ignored: [examples]
    level: "warning"
    schema: {"loadingURI":"#","pointer":"/items/properties/id"}
    domain: "syntax"
    ignored: ["examples"]
warning: the following keywords are unknown and will be ignored: [examples]
    level: "warning"
    schema: {"loadingURI":"#","pointer":"/items/properties/nome"}
    domain: "syntax"
    ignored: ["examples"]
warning: the following keywords are unknown and will be ignored: [examples]
    level: "warning"
    schema: {"loadingURI":"#","pointer":"/items/properties/parcelas"}
    domain: "syntax"
    ignored: ["examples"]
warning: the following keywords are unknown and will be ignored: [examples]
    level: "warning"
    schema: {"loadingURI":"#","pointer":"/items/properties/seguro"}
    domain: "syntax"
    ignored: ["examples"]
warning: the following keywords are unknown and will be ignored: [examples]
    level: "warning"
    schema: {"loadingURI":"#","pointer":"/items/properties/valor"}
    domain: "syntax"
    ignored: ["examples"]
error: instance type (number) does not match any allowed primitive type (allowed: ["integer"])
    level: "error"
    schema: {"loadingURI":"#","pointer":"/items/properties/valor"}
    instance: {"pointer":"/0/valor"}
    domain: "validation"
    keyword: "type"
    found: "number"
    expected: ["integer"]
warning: the following keywords are unknown and will be ignored: [examples]
    level: "warning"
    schema: {"loadingURI":"#","pointer":"/items"}
    domain: "syntax"
    ignored: ["examples"]
warning: the following keywords are unknown and will be ignored: [examples]
    level: "warning"
    schema: {"loadingURI":"#","pointer":"/items/properties/cpf"}
    domain: "syntax"
    ignored: ["examples"]
warning: the following keywords are unknown and will be ignored: [examples]
    level: "warning"
    schema: {"loadingURI":"#","pointer":"/items/properties/email"}
    domain: "syntax"
    ignored: ["examples"]
warning: the following keywords are unknown and will be ignored: [examples]
    level: "warning"
    schema: {"loadingURI":"#","pointer":"/items/properties/id"}
    domain: "syntax"
    ignored: ["examples"]
warning: the following keywords are unknown and will be ignored: [examples]
    level: "warning"
    schema: {"loadingURI":"#","pointer":"/items/properties/nome"}
    domain: "syntax"
    ignored: ["examples"]
warning: the following keywords are unknown and will be ignored: [examples]
    level: "warning"
    schema: {"loadingURI":"#","pointer":"/items/properties/parcelas"}
    domain: "syntax"
    ignored: ["examples"]
warning: the following keywords are unknown and will be ignored: [examples]
    level: "warning"
    schema: {"loadingURI":"#","pointer":"/items/properties/seguro"}
    domain: "syntax"
    ignored: ["examples"]
warning: the following keywords are unknown and will be ignored: [examples]
    level: "warning"
    schema: {"loadingURI":"#","pointer":"/items/properties/valor"}
    domain: "syntax"
    ignored: ["examples"]
warning: the following keywords are unknown and will be ignored: [examples]
    level: "warning"
    schema: {"loadingURI":"#","pointer":"/items"}
    domain: "syntax"
    ignored: ["examples"]
warning: the following keywords are unknown and will be ignored: [examples]
    level: "warning"
    schema: {"loadingURI":"#","pointer":"/items/properties/cpf"}
    domain: "syntax"
    ignored: ["examples"]
warning: the following keywords are unknown and will be ignored: [examples]
    level: "warning"
    schema: {"loadingURI":"#","pointer":"/items/properties/email"}
    domain: "syntax"
    ignored: ["examples"]
warning: the following keywords are unknown and will be ignored: [examples]
    level: "warning"
    schema: {"loadingURI":"#","pointer":"/items/properties/id"}
    domain: "syntax"
    ignored: ["examples"]
warning: the following keywords are unknown and will be ignored: [examples]
    level: "warning"
    schema: {"loadingURI":"#","pointer":"/items/properties/nome"}
    domain: "syntax"
    ignored: ["examples"]
warning: the following keywords are unknown and will be ignored: [examples]
    level: "warning"
    schema: {"loadingURI":"#","pointer":"/items/properties/parcelas"}
    domain: "syntax"
    ignored: ["examples"]
warning: the following keywords are unknown and will be ignored: [examples]
    level: "warning"
    schema: {"loadingURI":"#","pointer":"/items/properties/seguro"}
    domain: "syntax"
    ignored: ["examples"]
warning: the following keywords are unknown and will be ignored: [examples]
    level: "warning"
    schema: {"loadingURI":"#","pointer":"/items/properties/valor"}
    domain: "syntax"
    ignored: ["examples"]
warning: the following keywords are unknown and will be ignored: [examples]
    level: "warning"
    schema: {"loadingURI":"#","pointer":"/items"}
    domain: "syntax"
    ignored: ["examples"]
warning: the following keywords are unknown and will be ignored: [examples]
    level: "warning"
    schema: {"loadingURI":"#","pointer":"/items/properties/cpf"}
    domain: "syntax"
    ignored: ["examples"]
warning: the following keywords are unknown and will be ignored: [examples]
    level: "warning"
    schema: {"loadingURI":"#","pointer":"/items/properties/email"}
    domain: "syntax"
    ignored: ["examples"]
warning: the following keywords are unknown and will be ignored: [examples]
    level: "warning"
    schema: {"loadingURI":"#","pointer":"/items/properties/id"}
    domain: "syntax"
    ignored: ["examples"]
warning: the following keywords are unknown and will be ignored: [examples]
    level: "warning"
    schema: {"loadingURI":"#","pointer":"/items/properties/nome"}
    domain: "syntax"
    ignored: ["examples"]
warning: the following keywords are unknown and will be ignored: [examples]
    level: "warning"
    schema: {"loadingURI":"#","pointer":"/items/properties/parcelas"}
    domain: "syntax"
    ignored: ["examples"]
warning: the following keywords are unknown and will be ignored: [examples]
    level: "warning"
    schema: {"loadingURI":"#","pointer":"/items/properties/seguro"}
    domain: "syntax"
    ignored: ["examples"]
warning: the following keywords are unknown and will be ignored: [examples]
    level: "warning"
    schema: {"loadingURI":"#","pointer":"/items/properties/valor"}
    domain: "syntax"
    ignored: ["examples"]
warning: the following keywords are unknown and will be ignored: [examples]
    level: "warning"
    schema: {"loadingURI":"#","pointer":"/items"}
    domain: "syntax"
    ignored: ["examples"]
warning: the following keywords are unknown and will be ignored: [examples]
    level: "warning"
    schema: {"loadingURI":"#","pointer":"/items/properties/cpf"}
    domain: "syntax"
    ignored: ["examples"]
warning: the following keywords are unknown and will be ignored: [examples]
    level: "warning"
    schema: {"loadingURI":"#","pointer":"/items/properties/email"}
    domain: "syntax"
    ignored: ["examples"]
warning: the following keywords are unknown and will be ignored: [examples]
    level: "warning"
    schema: {"loadingURI":"#","pointer":"/items/properties/id"}
    domain: "syntax"
    ignored: ["examples"]
warning: the following keywords are unknown and will be ignored: [examples]
    level: "warning"
    schema: {"loadingURI":"#","pointer":"/items/properties/nome"}
    domain: "syntax"
    ignored: ["examples"]
warning: the following keywords are unknown and will be ignored: [examples]
    level: "warning"
    schema: {"loadingURI":"#","pointer":"/items/properties/parcelas"}
    domain: "syntax"
    ignored: ["examples"]
warning: the following keywords are unknown and will be ignored: [examples]
    level: "warning"
    schema: {"loadingURI":"#","pointer":"/items/properties/seguro"}
    domain: "syntax"
    ignored: ["examples"]
warning: the following keywords are unknown and will be ignored: [examples]
    level: "warning"
    schema: {"loadingURI":"#","pointer":"/items/properties/valor"}
    domain: "syntax"
    ignored: ["examples"]
warning: the following keywords are unknown and will be ignored: [examples]
    level: "warning"
    schema: {"loadingURI":"#","pointer":"/items"}
    domain: "syntax"
    ignored: ["examples"]
warning: the following keywords are unknown and will be ignored: [examples]
    level: "warning"
    schema: {"loadingURI":"#","pointer":"/items/properties/cpf"}
    domain: "syntax"
    ignored: ["examples"]
warning: the following keywords are unknown and will be ignored: [examples]
    level: "warning"
    schema: {"loadingURI":"#","pointer":"/items/properties/email"}
    domain: "syntax"
    ignored: ["examples"]
warning: the following keywords are unknown and will be ignored: [examples]
    level: "warning"
    schema: {"loadingURI":"#","pointer":"/items/properties/id"}
    domain: "syntax"
    ignored: ["examples"]
warning: the following keywords are unknown and will be ignored: [examples]
    level: "warning"
    schema: {"loadingURI":"#","pointer":"/items/properties/nome"}
    domain: "syntax"
    ignored: ["examples"]
warning: the following keywords are unknown and will be ignored: [examples]
    level: "warning"
    schema: {"loadingURI":"#","pointer":"/items/properties/parcelas"}
    domain: "syntax"
    ignored: ["examples"]
warning: the following keywords are unknown and will be ignored: [examples]
    level: "warning"
    schema: {"loadingURI":"#","pointer":"/items/properties/seguro"}
    domain: "syntax"
    ignored: ["examples"]
warning: the following keywords are unknown and will be ignored: [examples]
    level: "warning"
    schema: {"loadingURI":"#","pointer":"/items/properties/valor"}
    domain: "syntax"
    ignored: ["examples"]
warning: the following keywords are unknown and will be ignored: [examples]
    level: "warning"
    schema: {"loadingURI":"#","pointer":"/items"}
    domain: "syntax"
    ignored: ["examples"]
warning: the following keywords are unknown and will be ignored: [examples]
    level: "warning"
    schema: {"loadingURI":"#","pointer":"/items/properties/cpf"}
    domain: "syntax"
    ignored: ["examples"]
warning: the following keywords are unknown and will be ignored: [examples]
    level: "warning"
    schema: {"loadingURI":"#","pointer":"/items/properties/email"}
    domain: "syntax"
    ignored: ["examples"]
warning: the following keywords are unknown and will be ignored: [examples]
    level: "warning"
    schema: {"loadingURI":"#","pointer":"/items/properties/id"}
    domain: "syntax"
    ignored: ["examples"]
warning: the following keywords are unknown and will be ignored: [examples]
    level: "warning"
    schema: {"loadingURI":"#","pointer":"/items/properties/nome"}
    domain: "syntax"
    ignored: ["examples"]
warning: the following keywords are unknown and will be ignored: [examples]
    level: "warning"
    schema: {"loadingURI":"#","pointer":"/items/properties/parcelas"}
    domain: "syntax"
    ignored: ["examples"]
warning: the following keywords are unknown and will be ignored: [examples]
    level: "warning"
    schema: {"loadingURI":"#","pointer":"/items/properties/seguro"}
    domain: "syntax"
    ignored: ["examples"]
warning: the following keywords are unknown and will be ignored: [examples]
    level: "warning"
    schema: {"loadingURI":"#","pointer":"/items/properties/valor"}
    domain: "syntax"
    ignored: ["examples"]
warning: the following keywords are unknown and will be ignored: [examples]
    level: "warning"
    schema: {"loadingURI":"#","pointer":"/items"}
    domain: "syntax"
    ignored: ["examples"]
warning: the following keywords are unknown and will be ignored: [examples]
    level: "warning"
    schema: {"loadingURI":"#","pointer":"/items/properties/cpf"}
    domain: "syntax"
    ignored: ["examples"]
warning: the following keywords are unknown and will be ignored: [examples]
    level: "warning"
    schema: {"loadingURI":"#","pointer":"/items/properties/email"}
    domain: "syntax"
    ignored: ["examples"]
warning: the following keywords are unknown and will be ignored: [examples]
    level: "warning"
    schema: {"loadingURI":"#","pointer":"/items/properties/id"}
    domain: "syntax"
    ignored: ["examples"]
warning: the following keywords are unknown and will be ignored: [examples]
    level: "warning"
    schema: {"loadingURI":"#","pointer":"/items/properties/nome"}
    domain: "syntax"
    ignored: ["examples"]
warning: the following keywords are unknown and will be ignored: [examples]
    level: "warning"
    schema: {"loadingURI":"#","pointer":"/items/properties/parcelas"}
    domain: "syntax"
    ignored: ["examples"]
warning: the following keywords are unknown and will be ignored: [examples]
    level: "warning"
    schema: {"loadingURI":"#","pointer":"/items/properties/seguro"}
    domain: "syntax"
    ignored: ["examples"]
warning: the following keywords are unknown and will be ignored: [examples]
    level: "warning"
    schema: {"loadingURI":"#","pointer":"/items/properties/valor"}
    domain: "syntax"
    ignored: ["examples"]
warning: the following keywords are unknown and will be ignored: [examples]
    level: "warning"
    schema: {"loadingURI":"#","pointer":"/items"}
    domain: "syntax"
    ignored: ["examples"]
warning: the following keywords are unknown and will be ignored: [examples]
    level: "warning"
    schema: {"loadingURI":"#","pointer":"/items/properties/cpf"}
    domain: "syntax"
    ignored: ["examples"]
warning: the following keywords are unknown and will be ignored: [examples]
    level: "warning"
    schema: {"loadingURI":"#","pointer":"/items/properties/email"}
    domain: "syntax"
    ignored: ["examples"]
warning: the following keywords are unknown and will be ignored: [examples]
    level: "warning"
    schema: {"loadingURI":"#","pointer":"/items/properties/id"}
    domain: "syntax"
    ignored: ["examples"]
warning: the following keywords are unknown and will be ignored: [examples]
    level: "warning"
    schema: {"loadingURI":"#","pointer":"/items/properties/nome"}
    domain: "syntax"
    ignored: ["examples"]
warning: the following keywords are unknown and will be ignored: [examples]
    level: "warning"
    schema: {"loadingURI":"#","pointer":"/items/properties/parcelas"}
    domain: "syntax"
    ignored: ["examples"]
warning: the following keywords are unknown and will be ignored: [examples]
    level: "warning"
    schema: {"loadingURI":"#","pointer":"/items/properties/seguro"}
    domain: "syntax"
    ignored: ["examples"]
warning: the following keywords are unknown and will be ignored: [examples]
    level: "warning"
    schema: {"loadingURI":"#","pointer":"/items/properties/valor"}
    domain: "syntax"
    ignored: ["examples"]
warning: the following keywords are unknown and will be ignored: [examples]
    level: "warning"
    schema: {"loadingURI":"#","pointer":"/items"}
    domain: "syntax"
    ignored: ["examples"]
warning: the following keywords are unknown and will be ignored: [examples]
    level: "warning"
    schema: {"loadingURI":"#","pointer":"/items/properties/cpf"}
    domain: "syntax"
    ignored: ["examples"]
warning: the following keywords are unknown and will be ignored: [examples]
    level: "warning"
    schema: {"loadingURI":"#","pointer":"/items/properties/email"}
    domain: "syntax"
    ignored: ["examples"]
warning: the following keywords are unknown and will be ignored: [examples]
    level: "warning"
    schema: {"loadingURI":"#","pointer":"/items/properties/id"}
    domain: "syntax"
    ignored: ["examples"]
warning: the following keywords are unknown and will be ignored: [examples]
    level: "warning"
    schema: {"loadingURI":"#","pointer":"/items/properties/nome"}
    domain: "syntax"
    ignored: ["examples"]
warning: the following keywords are unknown and will be ignored: [examples]
    level: "warning"
    schema: {"loadingURI":"#","pointer":"/items/properties/parcelas"}
    domain: "syntax"
    ignored: ["examples"]
warning: the following keywords are unknown and will be ignored: [examples]
    level: "warning"
    schema: {"loadingURI":"#","pointer":"/items/properties/seguro"}
    domain: "syntax"
    ignored: ["examples"]
warning: the following keywords are unknown and will be ignored: [examples]
    level: "warning"
    schema: {"loadingURI":"#","pointer":"/items/properties/valor"}
    domain: "syntax"
    ignored: ["examples"]
warning: the following keywords are unknown and will be ignored: [examples]
    level: "warning"
    schema: {"loadingURI":"#","pointer":"/items"}
    domain: "syntax"
    ignored: ["examples"]
warning: the following keywords are unknown and will be ignored: [examples]
    level: "warning"
    schema: {"loadingURI":"#","pointer":"/items/properties/cpf"}
    domain: "syntax"
    ignored: ["examples"]
warning: the following keywords are unknown and will be ignored: [examples]
    level: "warning"
    schema: {"loadingURI":"#","pointer":"/items/properties/email"}
    domain: "syntax"
    ignored: ["examples"]
warning: the following keywords are unknown and will be ignored: [examples]
    level: "warning"
    schema: {"loadingURI":"#","pointer":"/items/properties/id"}
    domain: "syntax"
    ignored: ["examples"]
warning: the following keywords are unknown and will be ignored: [examples]
    level: "warning"
    schema: {"loadingURI":"#","pointer":"/items/properties/nome"}
    domain: "syntax"
    ignored: ["examples"]
warning: the following keywords are unknown and will be ignored: [examples]
    level: "warning"
    schema: {"loadingURI":"#","pointer":"/items/properties/parcelas"}
    domain: "syntax"
    ignored: ["examples"]
warning: the following keywords are unknown and will be ignored: [examples]
    level: "warning"
    schema: {"loadingURI":"#","pointer":"/items/properties/seguro"}
    domain: "syntax"
    ignored: ["examples"]
warning: the following keywords are unknown and will be ignored: [examples]
    level: "warning"
    schema: {"loadingURI":"#","pointer":"/items/properties/valor"}
    domain: "syntax"
    ignored: ["examples"]
warning: the following keywords are unknown and will be ignored: [examples]
    level: "warning"
    schema: {"loadingURI":"#","pointer":"/items"}
    domain: "syntax"
    ignored: ["examples"]
warning: the following keywords are unknown and will be ignored: [examples]
    level: "warning"
    schema: {"loadingURI":"#","pointer":"/items/properties/cpf"}
    domain: "syntax"
    ignored: ["examples"]
warning: the following keywords are unknown and will be ignored: [examples]
    level: "warning"
    schema: {"loadingURI":"#","pointer":"/items/properties/email"}
    domain: "syntax"
    ignored: ["examples"]
warning: the following keywords are unknown and will be ignored: [examples]
    level: "warning"
    schema: {"loadingURI":"#","pointer":"/items/properties/id"}
    domain: "syntax"
    ignored: ["examples"]
warning: the following keywords are unknown and will be ignored: [examples]
    level: "warning"
    schema: {"loadingURI":"#","pointer":"/items/properties/nome"}
    domain: "syntax"
    ignored: ["examples"]
warning: the following keywords are unknown and will be ignored: [examples]
    level: "warning"
    schema: {"loadingURI":"#","pointer":"/items/properties/parcelas"}
    domain: "syntax"
    ignored: ["examples"]
warning: the following keywords are unknown and will be ignored: [examples]
    level: "warning"
    schema: {"loadingURI":"#","pointer":"/items/properties/seguro"}
    domain: "syntax"
    ignored: ["examples"]
warning: the following keywords are unknown and will be ignored: [examples]
    level: "warning"
    schema: {"loadingURI":"#","pointer":"/items/properties/valor"}
    domain: "syntax"
    ignored: ["examples"]
warning: the following keywords are unknown and will be ignored: [examples]
    level: "warning"
    schema: {"loadingURI":"#","pointer":"/items"}
    domain: "syntax"
    ignored: ["examples"]
warning: the following keywords are unknown and will be ignored: [examples]
    level: "warning"
    schema: {"loadingURI":"#","pointer":"/items/properties/cpf"}
    domain: "syntax"
    ignored: ["examples"]
warning: the following keywords are unknown and will be ignored: [examples]
    level: "warning"
    schema: {"loadingURI":"#","pointer":"/items/properties/email"}
    domain: "syntax"
    ignored: ["examples"]
warning: the following keywords are unknown and will be ignored: [examples]
    level: "warning"
    schema: {"loadingURI":"#","pointer":"/items/properties/id"}
    domain: "syntax"
    ignored: ["examples"]
warning: the following keywords are unknown and will be ignored: [examples]
    level: "warning"
    schema: {"loadingURI":"#","pointer":"/items/properties/nome"}
    domain: "syntax"
    ignored: ["examples"]
warning: the following keywords are unknown and will be ignored: [examples]
    level: "warning"
    schema: {"loadingURI":"#","pointer":"/items/properties/parcelas"}
    domain: "syntax"
    ignored: ["examples"]
warning: the following keywords are unknown and will be ignored: [examples]
    level: "warning"
    schema: {"loadingURI":"#","pointer":"/items/properties/seguro"}
    domain: "syntax"
    ignored: ["examples"]
warning: the following keywords are unknown and will be ignored: [examples]
    level: "warning"
    schema: {"loadingURI":"#","pointer":"/items/properties/valor"}
    domain: "syntax"
    ignored: ["examples"]
warning: the following keywords are unknown and will be ignored: [examples]
    level: "warning"
    schema: {"loadingURI":"#","pointer":"/items"}
    domain: "syntax"
    ignored: ["examples"]
warning: the following keywords are unknown and will be ignored: [examples]
    level: "warning"
    schema: {"loadingURI":"#","pointer":"/items/properties/cpf"}
    domain: "syntax"
    ignored: ["examples"]
warning: the following keywords are unknown and will be ignored: [examples]
    level: "warning"
    schema: {"loadingURI":"#","pointer":"/items/properties/email"}
    domain: "syntax"
    ignored: ["examples"]
warning: the following keywords are unknown and will be ignored: [examples]
    level: "warning"
    schema: {"loadingURI":"#","pointer":"/items/properties/id"}
    domain: "syntax"
    ignored: ["examples"]
warning: the following keywords are unknown and will be ignored: [examples]
    level: "warning"
    schema: {"loadingURI":"#","pointer":"/items/properties/nome"}
    domain: "syntax"
    ignored: ["examples"]
warning: the following keywords are unknown and will be ignored: [examples]
    level: "warning"
    schema: {"loadingURI":"#","pointer":"/items/properties/parcelas"}
    domain: "syntax"
    ignored: ["examples"]
warning: the following keywords are unknown and will be ignored: [examples]
    level: "warning"
    schema: {"loadingURI":"#","pointer":"/items/properties/seguro"}
    domain: "syntax"
    ignored: ["examples"]
warning: the following keywords are unknown and will be ignored: [examples]
    level: "warning"
    schema: {"loadingURI":"#","pointer":"/items/properties/valor"}
    domain: "syntax"
    ignored: ["examples"]
warning: the following keywords are unknown and will be ignored: [examples]
    level: "warning"
    schema: {"loadingURI":"#","pointer":"/items"}
    domain: "syntax"
    ignored: ["examples"]
warning: the following keywords are unknown and will be ignored: [examples]
    level: "warning"
    schema: {"loadingURI":"#","pointer":"/items/properties/cpf"}
    domain: "syntax"
    ignored: ["examples"]
warning: the following keywords are unknown and will be ignored: [examples]
    level: "warning"
    schema: {"loadingURI":"#","pointer":"/items/properties/email"}
    domain: "syntax"
    ignored: ["examples"]
warning: the following keywords are unknown and will be ignored: [examples]
    level: "warning"
    schema: {"loadingURI":"#","pointer":"/items/properties/id"}
    domain: "syntax"
    ignored: ["examples"]
warning: the following keywords are unknown and will be ignored: [examples]
    level: "warning"
    schema: {"loadingURI":"#","pointer":"/items/properties/nome"}
    domain: "syntax"
    ignored: ["examples"]
warning: the following keywords are unknown and will be ignored: [examples]
    level: "warning"
    schema: {"loadingURI":"#","pointer":"/items/properties/parcelas"}
    domain: "syntax"
    ignored: ["examples"]
warning: the following keywords are unknown and will be ignored: [examples]
    level: "warning"
    schema: {"loadingURI":"#","pointer":"/items/properties/seguro"}
    domain: "syntax"
    ignored: ["examples"]
warning: the following keywords are unknown and will be ignored: [examples]
    level: "warning"
    schema: {"loadingURI":"#","pointer":"/items/properties/valor"}
    domain: "syntax"
    ignored: ["examples"]
warning: the following keywords are unknown and will be ignored: [examples]
    level: "warning"
    schema: {"loadingURI":"#","pointer":"/items"}
    domain: "syntax"
    ignored: ["examples"]
warning: the following keywords are unknown and will be ignored: [examples]
    level: "warning"
    schema: {"loadingURI":"#","pointer":"/items/properties/cpf"}
    domain: "syntax"
    ignored: ["examples"]
warning: the following keywords are unknown and will be ignored: [examples]
    level: "warning"
    schema: {"loadingURI":"#","pointer":"/items/properties/email"}
    domain: "syntax"
    ignored: ["examples"]
warning: the following keywords are unknown and will be ignored: [examples]
    level: "warning"
    schema: {"loadingURI":"#","pointer":"/items/properties/id"}
    domain: "syntax"
    ignored: ["examples"]
warning: the following keywords are unknown and will be ignored: [examples]
    level: "warning"
    schema: {"loadingURI":"#","pointer":"/items/properties/nome"}
    domain: "syntax"
    ignored: ["examples"]
warning: the following keywords are unknown and will be ignored: [examples]
    level: "warning"
    schema: {"loadingURI":"#","pointer":"/items/properties/parcelas"}
    domain: "syntax"
    ignored: ["examples"]
warning: the following keywords are unknown and will be ignored: [examples]
    level: "warning"
    schema: {"loadingURI":"#","pointer":"/items/properties/seguro"}
    domain: "syntax"
    ignored: ["examples"]
warning: the following keywords are unknown and will be ignored: [examples]
    level: "warning"
    schema: {"loadingURI":"#","pointer":"/items/properties/valor"}
    domain: "syntax"
    ignored: ["examples"]
warning: the following keywords are unknown and will be ignored: [examples]
    level: "warning"
    schema: {"loadingURI":"#","pointer":"/items"}
    domain: "syntax"
    ignored: ["examples"]
warning: the following keywords are unknown and will be ignored: [examples]
    level: "warning"
    schema: {"loadingURI":"#","pointer":"/items/properties/cpf"}
    domain: "syntax"
    ignored: ["examples"]
warning: the following keywords are unknown and will be ignored: [examples]
    level: "warning"
    schema: {"loadingURI":"#","pointer":"/items/properties/email"}
    domain: "syntax"
    ignored: ["examples"]
warning: the following keywords are unknown and will be ignored: [examples]
    level: "warning"
    schema: {"loadingURI":"#","pointer":"/items/properties/id"}
    domain: "syntax"
    ignored: ["examples"]
warning: the following keywords are unknown and will be ignored: [examples]
    level: "warning"
    schema: {"loadingURI":"#","pointer":"/items/properties/nome"}
    domain: "syntax"
    ignored: ["examples"]
warning: the following keywords are unknown and will be ignored: [examples]
    level: "warning"
    schema: {"loadingURI":"#","pointer":"/items/properties/parcelas"}
    domain: "syntax"
    ignored: ["examples"]
warning: the following keywords are unknown and will be ignored: [examples]
    level: "warning"
    schema: {"loadingURI":"#","pointer":"/items/properties/seguro"}
    domain: "syntax"
    ignored: ["examples"]
warning: the following keywords are unknown and will be ignored: [examples]
    level: "warning"
    schema: {"loadingURI":"#","pointer":"/items/properties/valor"}
    domain: "syntax"
    ignored: ["examples"]
warning: the following keywords are unknown and will be ignored: [examples]
    level: "warning"
    schema: {"loadingURI":"#","pointer":"/items"}
    domain: "syntax"
    ignored: ["examples"]
warning: the following keywords are unknown and will be ignored: [examples]
    level: "warning"
    schema: {"loadingURI":"#","pointer":"/items/properties/cpf"}
    domain: "syntax"
    ignored: ["examples"]
warning: the following keywords are unknown and will be ignored: [examples]
    level: "warning"
    schema: {"loadingURI":"#","pointer":"/items/properties/email"}
    domain: "syntax"
    ignored: ["examples"]
warning: the following keywords are unknown and will be ignored: [examples]
    level: "warning"
    schema: {"loadingURI":"#","pointer":"/items/properties/id"}
    domain: "syntax"
    ignored: ["examples"]
warning: the following keywords are unknown and will be ignored: [examples]
    level: "warning"
    schema: {"loadingURI":"#","pointer":"/items/properties/nome"}
    domain: "syntax"
    ignored: ["examples"]
warning: the following keywords are unknown and will be ignored: [examples]
    level: "warning"
    schema: {"loadingURI":"#","pointer":"/items/properties/parcelas"}
    domain: "syntax"
    ignored: ["examples"]
warning: the following keywords are unknown and will be ignored: [examples]
    level: "warning"
    schema: {"loadingURI":"#","pointer":"/items/properties/seguro"}
    domain: "syntax"
    ignored: ["examples"]
warning: the following keywords are unknown and will be ignored: [examples]
    level: "warning"
    schema: {"loadingURI":"#","pointer":"/items/properties/valor"}
    domain: "syntax"
    ignored: ["examples"]
warning: the following keywords are unknown and will be ignored: [examples]
    level: "warning"
    schema: {"loadingURI":"#","pointer":"/items"}
    domain: "syntax"
    ignored: ["examples"]
warning: the following keywords are unknown and will be ignored: [examples]
    level: "warning"
    schema: {"loadingURI":"#","pointer":"/items/properties/cpf"}
    domain: "syntax"
    ignored: ["examples"]
warning: the following keywords are unknown and will be ignored: [examples]
    level: "warning"
    schema: {"loadingURI":"#","pointer":"/items/properties/email"}
    domain: "syntax"
    ignored: ["examples"]
warning: the following keywords are unknown and will be ignored: [examples]
    level: "warning"
    schema: {"loadingURI":"#","pointer":"/items/properties/id"}
    domain: "syntax"
    ignored: ["examples"]
warning: the following keywords are unknown and will be ignored: [examples]
    level: "warning"
    schema: {"loadingURI":"#","pointer":"/items/properties/nome"}
    domain: "syntax"
    ignored: ["examples"]
warning: the following keywords are unknown and will be ignored: [examples]
    level: "warning"
    schema: {"loadingURI":"#","pointer":"/items/properties/parcelas"}
    domain: "syntax"
    ignored: ["examples"]
warning: the following keywords are unknown and will be ignored: [examples]
    level: "warning"
    schema: {"loadingURI":"#","pointer":"/items/properties/seguro"}
    domain: "syntax"
    ignored: ["examples"]
warning: the following keywords are unknown and will be ignored: [examples]
    level: "warning"
    schema: {"loadingURI":"#","pointer":"/items/properties/valor"}
    domain: "syntax"
    ignored: ["examples"]
warning: the following keywords are unknown and will be ignored: [examples]
    level: "warning"
    schema: {"loadingURI":"#","pointer":"/items"}
    domain: "syntax"
    ignored: ["examples"]
warning: the following keywords are unknown and will be ignored: [examples]
    level: "warning"
    schema: {"loadingURI":"#","pointer":"/items/properties/cpf"}
    domain: "syntax"
    ignored: ["examples"]
warning: the following keywords are unknown and will be ignored: [examples]
    level: "warning"
    schema: {"loadingURI":"#","pointer":"/items/properties/email"}
    domain: "syntax"
    ignored: ["examples"]
warning: the following keywords are unknown and will be ignored: [examples]
    level: "warning"
    schema: {"loadingURI":"#","pointer":"/items/properties/id"}
    domain: "syntax"
    ignored: ["examples"]
warning: the following keywords are unknown and will be ignored: [examples]
    level: "warning"
    schema: {"loadingURI":"#","pointer":"/items/properties/nome"}
    domain: "syntax"
    ignored: ["examples"]
warning: the following keywords are unknown and will be ignored: [examples]
    level: "warning"
    schema: {"loadingURI":"#","pointer":"/items/properties/parcelas"}
    domain: "syntax"
    ignored: ["examples"]
warning: the following keywords are unknown and will be ignored: [examples]
    level: "warning"
    schema: {"loadingURI":"#","pointer":"/items/properties/seguro"}
    domain: "syntax"
    ignored: ["examples"]
warning: the following keywords are unknown and will be ignored: [examples]
    level: "warning"
    schema: {"loadingURI":"#","pointer":"/items/properties/valor"}
    domain: "syntax"
    ignored: ["examples"]
warning: the following keywords are unknown and will be ignored: [examples]
    level: "warning"
    schema: {"loadingURI":"#","pointer":"/items"}
    domain: "syntax"
    ignored: ["examples"]
warning: the following keywords are unknown and will be ignored: [examples]
    level: "warning"
    schema: {"loadingURI":"#","pointer":"/items/properties/cpf"}
    domain: "syntax"
    ignored: ["examples"]
warning: the following keywords are unknown and will be ignored: [examples]
    level: "warning"
    schema: {"loadingURI":"#","pointer":"/items/properties/email"}
    domain: "syntax"
    ignored: ["examples"]
warning: the following keywords are unknown and will be ignored: [examples]
    level: "warning"
    schema: {"loadingURI":"#","pointer":"/items/properties/id"}
    domain: "syntax"
    ignored: ["examples"]
warning: the following keywords are unknown and will be ignored: [examples]
    level: "warning"
    schema: {"loadingURI":"#","pointer":"/items/properties/nome"}
    domain: "syntax"
    ignored: ["examples"]
warning: the following keywords are unknown and will be ignored: [examples]
    level: "warning"
    schema: {"loadingURI":"#","pointer":"/items/properties/parcelas"}
    domain: "syntax"
    ignored: ["examples"]
warning: the following keywords are unknown and will be ignored: [examples]
    level: "warning"
    schema: {"loadingURI":"#","pointer":"/items/properties/seguro"}
    domain: "syntax"
    ignored: ["examples"]
warning: the following keywords are unknown and will be ignored: [examples]
    level: "warning"
    schema: {"loadingURI":"#","pointer":"/items/properties/valor"}
    domain: "syntax"
    ignored: ["examples"]
warning: the following keywords are unknown and will be ignored: [examples]
    level: "warning"
    schema: {"loadingURI":"#","pointer":"/items"}
    domain: "syntax"
    ignored: ["examples"]
warning: the following keywords are unknown and will be ignored: [examples]
    level: "warning"
    schema: {"loadingURI":"#","pointer":"/items/properties/cpf"}
    domain: "syntax"
    ignored: ["examples"]
warning: the following keywords are unknown and will be ignored: [examples]
    level: "warning"
    schema: {"loadingURI":"#","pointer":"/items/properties/email"}
    domain: "syntax"
    ignored: ["examples"]
warning: the following keywords are unknown and will be ignored: [examples]
    level: "warning"
    schema: {"loadingURI":"#","pointer":"/items/properties/id"}
    domain: "syntax"
    ignored: ["examples"]
warning: the following keywords are unknown and will be ignored: [examples]
    level: "warning"
    schema: {"loadingURI":"#","pointer":"/items/properties/nome"}
    domain: "syntax"
    ignored: ["examples"]
warning: the following keywords are unknown and will be ignored: [examples]
    level: "warning"
    schema: {"loadingURI":"#","pointer":"/items/properties/parcelas"}
    domain: "syntax"
    ignored: ["examples"]
warning: the following keywords are unknown and will be ignored: [examples]
    level: "warning"
    schema: {"loadingURI":"#","pointer":"/items/properties/seguro"}
    domain: "syntax"
    ignored: ["examples"]
warning: the following keywords are unknown and will be ignored: [examples]
    level: "warning"
    schema: {"loadingURI":"#","pointer":"/items/properties/valor"}
    domain: "syntax"
    ignored: ["examples"]
warning: the following keywords are unknown and will be ignored: [examples]
    level: "warning"
    schema: {"loadingURI":"#","pointer":"/items"}
    domain: "syntax"
    ignored: ["examples"]
warning: the following keywords are unknown and will be ignored: [examples]
    level: "warning"
    schema: {"loadingURI":"#","pointer":"/items/properties/cpf"}
    domain: "syntax"
    ignored: ["examples"]
warning: the following keywords are unknown and will be ignored: [examples]
    level: "warning"
    schema: {"loadingURI":"#","pointer":"/items/properties/email"}
    domain: "syntax"
    ignored: ["examples"]
warning: the following keywords are unknown and will be ignored: [examples]
    level: "warning"
    schema: {"loadingURI":"#","pointer":"/items/properties/id"}
    domain: "syntax"
    ignored: ["examples"]
warning: the following keywords are unknown and will be ignored: [examples]
    level: "warning"
    schema: {"loadingURI":"#","pointer":"/items/properties/nome"}
    domain: "syntax"
    ignored: ["examples"]
warning: the following keywords are unknown and will be ignored: [examples]
    level: "warning"
    schema: {"loadingURI":"#","pointer":"/items/properties/parcelas"}
    domain: "syntax"
    ignored: ["examples"]
warning: the following keywords are unknown and will be ignored: [examples]
    level: "warning"
    schema: {"loadingURI":"#","pointer":"/items/properties/seguro"}
    domain: "syntax"
    ignored: ["examples"]
warning: the following keywords are unknown and will be ignored: [examples]
    level: "warning"
    schema: {"loadingURI":"#","pointer":"/items/properties/valor"}
    domain: "syntax"
    ignored: ["examples"]
warning: the following keywords are unknown and will be ignored: [examples]
    level: "warning"
    schema: {"loadingURI":"#","pointer":"/items"}
    domain: "syntax"
    ignored: ["examples"]
warning: the following keywords are unknown and will be ignored: [examples]
    level: "warning"
    schema: {"loadingURI":"#","pointer":"/items/properties/cpf"}
    domain: "syntax"
    ignored: ["examples"]
warning: the following keywords are unknown and will be ignored: [examples]
    level: "warning"
    schema: {"loadingURI":"#","pointer":"/items/properties/email"}
    domain: "syntax"
    ignored: ["examples"]
warning: the following keywords are unknown and will be ignored: [examples]
    level: "warning"
    schema: {"loadingURI":"#","pointer":"/items/properties/id"}
    domain: "syntax"
    ignored: ["examples"]
warning: the following keywords are unknown and will be ignored: [examples]
    level: "warning"
    schema: {"loadingURI":"#","pointer":"/items/properties/nome"}
    domain: "syntax"
    ignored: ["examples"]
warning: the following keywords are unknown and will be ignored: [examples]
    level: "warning"
    schema: {"loadingURI":"#","pointer":"/items/properties/parcelas"}
    domain: "syntax"
    ignored: ["examples"]
warning: the following keywords are unknown and will be ignored: [examples]
    level: "warning"
    schema: {"loadingURI":"#","pointer":"/items/properties/seguro"}
    domain: "syntax"
    ignored: ["examples"]
warning: the following keywords are unknown and will be ignored: [examples]
    level: "warning"
    schema: {"loadingURI":"#","pointer":"/items/properties/valor"}
    domain: "syntax"
    ignored: ["examples"]
warning: the following keywords are unknown and will be ignored: [examples]
    level: "warning"
    schema: {"loadingURI":"#","pointer":"/items"}
    domain: "syntax"
    ignored: ["examples"]
warning: the following keywords are unknown and will be ignored: [examples]
    level: "warning"
    schema: {"loadingURI":"#","pointer":"/items/properties/cpf"}
    domain: "syntax"
    ignored: ["examples"]
warning: the following keywords are unknown and will be ignored: [examples]
    level: "warning"
    schema: {"loadingURI":"#","pointer":"/items/properties/email"}
    domain: "syntax"
    ignored: ["examples"]
warning: the following keywords are unknown and will be ignored: [examples]
    level: "warning"
    schema: {"loadingURI":"#","pointer":"/items/properties/id"}
    domain: "syntax"
    ignored: ["examples"]
warning: the following keywords are unknown and will be ignored: [examples]
    level: "warning"
    schema: {"loadingURI":"#","pointer":"/items/properties/nome"}
    domain: "syntax"
    ignored: ["examples"]
warning: the following keywords are unknown and will be ignored: [examples]
    level: "warning"
    schema: {"loadingURI":"#","pointer":"/items/properties/parcelas"}
    domain: "syntax"
    ignored: ["examples"]
warning: the following keywords are unknown and will be ignored: [examples]
    level: "warning"
    schema: {"loadingURI":"#","pointer":"/items/properties/seguro"}
    domain: "syntax"
    ignored: ["examples"]
warning: the following keywords are unknown and will be ignored: [examples]
    level: "warning"
    schema: {"loadingURI":"#","pointer":"/items/properties/valor"}
    domain: "syntax"
    ignored: ["examples"]
warning: the following keywords are unknown and will be ignored: [examples]
    level: "warning"
    schema: {"loadingURI":"#","pointer":"/items"}
    domain: "syntax"
    ignored: ["examples"]
warning: the following keywords are unknown and will be ignored: [examples]
    level: "warning"
    schema: {"loadingURI":"#","pointer":"/items/properties/cpf"}
    domain: "syntax"
    ignored: ["examples"]
warning: the following keywords are unknown and will be ignored: [examples]
    level: "warning"
    schema: {"loadingURI":"#","pointer":"/items/properties/email"}
    domain: "syntax"
    ignored: ["examples"]
warning: the following keywords are unknown and will be ignored: [examples]
    level: "warning"
    schema: {"loadingURI":"#","pointer":"/items/properties/id"}
    domain: "syntax"
    ignored: ["examples"]
warning: the following keywords are unknown and will be ignored: [examples]
    level: "warning"
    schema: {"loadingURI":"#","pointer":"/items/properties/nome"}
    domain: "syntax"
    ignored: ["examples"]
warning: the following keywords are unknown and will be ignored: [examples]
    level: "warning"
    schema: {"loadingURI":"#","pointer":"/items/properties/parcelas"}
    domain: "syntax"
    ignored: ["examples"]
warning: the following keywords are unknown and will be ignored: [examples]
    level: "warning"
    schema: {"loadingURI":"#","pointer":"/items/properties/seguro"}
    domain: "syntax"
    ignored: ["examples"]
warning: the following keywords are unknown and will be ignored: [examples]
    level: "warning"
    schema: {"loadingURI":"#","pointer":"/items/properties/valor"}
    domain: "syntax"
    ignored: ["examples"]
warning: the following keywords are unknown and will be ignored: [examples]
    level: "warning"
    schema: {"loadingURI":"#","pointer":"/items"}
    domain: "syntax"
    ignored: ["examples"]
warning: the following keywords are unknown and will be ignored: [examples]
    level: "warning"
    schema: {"loadingURI":"#","pointer":"/items/properties/cpf"}
    domain: "syntax"
    ignored: ["examples"]
warning: the following keywords are unknown and will be ignored: [examples]
    level: "warning"
    schema: {"loadingURI":"#","pointer":"/items/properties/email"}
    domain: "syntax"
    ignored: ["examples"]
warning: the following keywords are unknown and will be ignored: [examples]
    level: "warning"
    schema: {"loadingURI":"#","pointer":"/items/properties/id"}
    domain: "syntax"
    ignored: ["examples"]
warning: the following keywords are unknown and will be ignored: [examples]
    level: "warning"
    schema: {"loadingURI":"#","pointer":"/items/properties/nome"}
    domain: "syntax"
    ignored: ["examples"]
warning: the following keywords are unknown and will be ignored: [examples]
    level: "warning"
    schema: {"loadingURI":"#","pointer":"/items/properties/parcelas"}
    domain: "syntax"
    ignored: ["examples"]
warning: the following keywords are unknown and will be ignored: [examples]
    level: "warning"
    schema: {"loadingURI":"#","pointer":"/items/properties/seguro"}
    domain: "syntax"
    ignored: ["examples"]
warning: the following keywords are unknown and will be ignored: [examples]
    level: "warning"
    schema: {"loadingURI":"#","pointer":"/items/properties/valor"}
    domain: "syntax"
    ignored: ["examples"]
warning: the following keywords are unknown and will be ignored: [examples]
    level: "warning"
    schema: {"loadingURI":"#","pointer":"/items"}
    domain: "syntax"
    ignored: ["examples"]
warning: the following keywords are unknown and will be ignored: [examples]
    level: "warning"
    schema: {"loadingURI":"#","pointer":"/items/properties/cpf"}
    domain: "syntax"
    ignored: ["examples"]
warning: the following keywords are unknown and will be ignored: [examples]
    level: "warning"
    schema: {"loadingURI":"#","pointer":"/items/properties/email"}
    domain: "syntax"
    ignored: ["examples"]
warning: the following keywords are unknown and will be ignored: [examples]
    level: "warning"
    schema: {"loadingURI":"#","pointer":"/items/properties/id"}
    domain: "syntax"
    ignored: ["examples"]
warning: the following keywords are unknown and will be ignored: [examples]
    level: "warning"
    schema: {"loadingURI":"#","pointer":"/items/properties/nome"}
    domain: "syntax"
    ignored: ["examples"]
warning: the following keywords are unknown and will be ignored: [examples]
    level: "warning"
    schema: {"loadingURI":"#","pointer":"/items/properties/parcelas"}
    domain: "syntax"
    ignored: ["examples"]
warning: the following keywords are unknown and will be ignored: [examples]
    level: "warning"
    schema: {"loadingURI":"#","pointer":"/items/properties/seguro"}
    domain: "syntax"
    ignored: ["examples"]
warning: the following keywords are unknown and will be ignored: [examples]
    level: "warning"
    schema: {"loadingURI":"#","pointer":"/items/properties/valor"}
    domain: "syntax"
    ignored: ["examples"]
warning: the following keywords are unknown and will be ignored: [examples]
    level: "warning"
    schema: {"loadingURI":"#","pointer":"/items"}
    domain: "syntax"
    ignored: ["examples"]
warning: the following keywords are unknown and will be ignored: [examples]
    level: "warning"
    schema: {"loadingURI":"#","pointer":"/items/properties/cpf"}
    domain: "syntax"
    ignored: ["examples"]
warning: the following keywords are unknown and will be ignored: [examples]
    level: "warning"
    schema: {"loadingURI":"#","pointer":"/items/properties/email"}
    domain: "syntax"
    ignored: ["examples"]
warning: the following keywords are unknown and will be ignored: [examples]
    level: "warning"
    schema: {"loadingURI":"#","pointer":"/items/properties/id"}
    domain: "syntax"
    ignored: ["examples"]
warning: the following keywords are unknown and will be ignored: [examples]
    level: "warning"
    schema: {"loadingURI":"#","pointer":"/items/properties/nome"}
    domain: "syntax"
    ignored: ["examples"]
warning: the following keywords are unknown and will be ignored: [examples]
    level: "warning"
    schema: {"loadingURI":"#","pointer":"/items/properties/parcelas"}
    domain: "syntax"
    ignored: ["examples"]
warning: the following keywords are unknown and will be ignored: [examples]
    level: "warning"
    schema: {"loadingURI":"#","pointer":"/items/properties/seguro"}
    domain: "syntax"
    ignored: ["examples"]
warning: the following keywords are unknown and will be ignored: [examples]
    level: "warning"
    schema: {"loadingURI":"#","pointer":"/items/properties/valor"}
    domain: "syntax"
    ignored: ["examples"]
warning: the following keywords are unknown and will be ignored: [examples]
    level: "warning"
    schema: {"loadingURI":"#","pointer":"/items"}
    domain: "syntax"
    ignored: ["examples"]
warning: the following keywords are unknown and will be ignored: [examples]
    level: "warning"
    schema: {"loadingURI":"#","pointer":"/items/properties/cpf"}
    domain: "syntax"
    ignored: ["examples"]
warning: the following keywords are unknown and will be ignored: [examples]
    level: "warning"
    schema: {"loadingURI":"#","pointer":"/items/properties/email"}
    domain: "syntax"
    ignored: ["examples"]
warning: the following keywords are unknown and will be ignored: [examples]
    level: "warning"
    schema: {"loadingURI":"#","pointer":"/items/properties/id"}
    domain: "syntax"
    ignored: ["examples"]
warning: the following keywords are unknown and will be ignored: [examples]
    level: "warning"
    schema: {"loadingURI":"#","pointer":"/items/properties/nome"}
    domain: "syntax"
    ignored: ["examples"]
warning: the following keywords are unknown and will be ignored: [examples]
    level: "warning"
    schema: {"loadingURI":"#","pointer":"/items/properties/parcelas"}
    domain: "syntax"
    ignored: ["examples"]
warning: the following keywords are unknown and will be ignored: [examples]
    level: "warning"
    schema: {"loadingURI":"#","pointer":"/items/properties/seguro"}
    domain: "syntax"
    ignored: ["examples"]
warning: the following keywords are unknown and will be ignored: [examples]
    level: "warning"
    schema: {"loadingURI":"#","pointer":"/items/properties/valor"}
    domain: "syntax"
    ignored: ["examples"]
warning: the following keywords are unknown and will be ignored: [examples]
    level: "warning"
    schema: {"loadingURI":"#","pointer":"/items"}
    domain: "syntax"
    ignored: ["examples"]
warning: the following keywords are unknown and will be ignored: [examples]
    level: "warning"
    schema: {"loadingURI":"#","pointer":"/items/properties/cpf"}
    domain: "syntax"
    ignored: ["examples"]
warning: the following keywords are unknown and will be ignored: [examples]
    level: "warning"
    schema: {"loadingURI":"#","pointer":"/items/properties/email"}
    domain: "syntax"
    ignored: ["examples"]
warning: the following keywords are unknown and will be ignored: [examples]
    level: "warning"
    schema: {"loadingURI":"#","pointer":"/items/properties/id"}
    domain: "syntax"
    ignored: ["examples"]
warning: the following keywords are unknown and will be ignored: [examples]
    level: "warning"
    schema: {"loadingURI":"#","pointer":"/items/properties/nome"}
    domain: "syntax"
    ignored: ["examples"]
warning: the following keywords are unknown and will be ignored: [examples]
    level: "warning"
    schema: {"loadingURI":"#","pointer":"/items/properties/parcelas"}
    domain: "syntax"
    ignored: ["examples"]
warning: the following keywords are unknown and will be ignored: [examples]
    level: "warning"
    schema: {"loadingURI":"#","pointer":"/items/properties/seguro"}
    domain: "syntax"
    ignored: ["examples"]
warning: the following keywords are unknown and will be ignored: [examples]
    level: "warning"
    schema: {"loadingURI":"#","pointer":"/items/properties/valor"}
    domain: "syntax"
    ignored: ["examples"]
warning: the following keywords are unknown and will be ignored: [examples]
    level: "warning"
    schema: {"loadingURI":"#","pointer":"/items"}
    domain: "syntax"
    ignored: ["examples"]
warning: the following keywords are unknown and will be ignored: [examples]
    level: "warning"
    schema: {"loadingURI":"#","pointer":"/items/properties/cpf"}
    domain: "syntax"
    ignored: ["examples"]
warning: the following keywords are unknown and will be ignored: [examples]
    level: "warning"
    schema: {"loadingURI":"#","pointer":"/items/properties/email"}
    domain: "syntax"
    ignored: ["examples"]
warning: the following keywords are unknown and will be ignored: [examples]
    level: "warning"
    schema: {"loadingURI":"#","pointer":"/items/properties/id"}
    domain: "syntax"
    ignored: ["examples"]
warning: the following keywords are unknown and will be ignored: [examples]
    level: "warning"
    schema: {"loadingURI":"#","pointer":"/items/properties/nome"}
    domain: "syntax"
    ignored: ["examples"]
warning: the following keywords are unknown and will be ignored: [examples]
    level: "warning"
    schema: {"loadingURI":"#","pointer":"/items/properties/parcelas"}
    domain: "syntax"
    ignored: ["examples"]
warning: the following keywords are unknown and will be ignored: [examples]
    level: "warning"
    schema: {"loadingURI":"#","pointer":"/items/properties/seguro"}
    domain: "syntax"
    ignored: ["examples"]
warning: the following keywords are unknown and will be ignored: [examples]
    level: "warning"
    schema: {"loadingURI":"#","pointer":"/items/properties/valor"}
    domain: "syntax"
    ignored: ["examples"]
warning: the following keywords are unknown and will be ignored: [examples]
    level: "warning"
    schema: {"loadingURI":"#","pointer":"/items"}
    domain: "syntax"
    ignored: ["examples"]
warning: the following keywords are unknown and will be ignored: [examples]
    level: "warning"
    schema: {"loadingURI":"#","pointer":"/items/properties/cpf"}
    domain: "syntax"
    ignored: ["examples"]
warning: the following keywords are unknown and will be ignored: [examples]
    level: "warning"
    schema: {"loadingURI":"#","pointer":"/items/properties/email"}
    domain: "syntax"
    ignored: ["examples"]
warning: the following keywords are unknown and will be ignored: [examples]
    level: "warning"
    schema: {"loadingURI":"#","pointer":"/items/properties/id"}
    domain: "syntax"
    ignored: ["examples"]
warning: the following keywords are unknown and will be ignored: [examples]
    level: "warning"
    schema: {"loadingURI":"#","pointer":"/items/properties/nome"}
    domain: "syntax"
    ignored: ["examples"]
warning: the following keywords are unknown and will be ignored: [examples]
    level: "warning"
    schema: {"loadingURI":"#","pointer":"/items/properties/parcelas"}
    domain: "syntax"
    ignored: ["examples"]
warning: the following keywords are unknown and will be ignored: [examples]
    level: "warning"
    schema: {"loadingURI":"#","pointer":"/items/properties/seguro"}
    domain: "syntax"
    ignored: ["examples"]
warning: the following keywords are unknown and will be ignored: [examples]
    level: "warning"
    schema: {"loadingURI":"#","pointer":"/items/properties/valor"}
    domain: "syntax"
    ignored: ["examples"]
warning: the following keywords are unknown and will be ignored: [examples]
    level: "warning"
    schema: {"loadingURI":"#","pointer":"/items"}
    domain: "syntax"
    ignored: ["examples"]
warning: the following keywords are unknown and will be ignored: [examples]
    level: "warning"
    schema: {"loadingURI":"#","pointer":"/items/properties/cpf"}
    domain: "syntax"
    ignored: ["examples"]
warning: the following keywords are unknown and will be ignored: [examples]
    level: "warning"
    schema: {"loadingURI":"#","pointer":"/items/properties/email"}
    domain: "syntax"
    ignored: ["examples"]
warning: the following keywords are unknown and will be ignored: [examples]
    level: "warning"
    schema: {"loadingURI":"#","pointer":"/items/properties/id"}
    domain: "syntax"
    ignored: ["examples"]
warning: the following keywords are unknown and will be ignored: [examples]
    level: "warning"
    schema: {"loadingURI":"#","pointer":"/items/properties/nome"}
    domain: "syntax"
    ignored: ["examples"]
warning: the following keywords are unknown and will be ignored: [examples]
    level: "warning"
    schema: {"loadingURI":"#","pointer":"/items/properties/parcelas"}
    domain: "syntax"
    ignored: ["examples"]
warning: the following keywords are unknown and will be ignored: [examples]
    level: "warning"
    schema: {"loadingURI":"#","pointer":"/items/properties/seguro"}
    domain: "syntax"
    ignored: ["examples"]
warning: the following keywords are unknown and will be ignored: [examples]
    level: "warning"
    schema: {"loadingURI":"#","pointer":"/items/properties/valor"}
    domain: "syntax"
    ignored: ["examples"]
warning: the following keywords are unknown and will be ignored: [examples]
    level: "warning"
    schema: {"loadingURI":"#","pointer":"/items"}
    domain: "syntax"
    ignored: ["examples"]
warning: the following keywords are unknown and will be ignored: [examples]
    level: "warning"
    schema: {"loadingURI":"#","pointer":"/items/properties/cpf"}
    domain: "syntax"
    ignored: ["examples"]
warning: the following keywords are unknown and will be ignored: [examples]
    level: "warning"
    schema: {"loadingURI":"#","pointer":"/items/properties/email"}
    domain: "syntax"
    ignored: ["examples"]
warning: the following keywords are unknown and will be ignored: [examples]
    level: "warning"
    schema: {"loadingURI":"#","pointer":"/items/properties/id"}
    domain: "syntax"
    ignored: ["examples"]
warning: the following keywords are unknown and will be ignored: [examples]
    level: "warning"
    schema: {"loadingURI":"#","pointer":"/items/properties/nome"}
    domain: "syntax"
    ignored: ["examples"]
warning: the following keywords are unknown and will be ignored: [examples]
    level: "warning"
    schema: {"loadingURI":"#","pointer":"/items/properties/parcelas"}
    domain: "syntax"
    ignored: ["examples"]
warning: the following keywords are unknown and will be ignored: [examples]
    level: "warning"
    schema: {"loadingURI":"#","pointer":"/items/properties/seguro"}
    domain: "syntax"
    ignored: ["examples"]
warning: the following keywords are unknown and will be ignored: [examples]
    level: "warning"
    schema: {"loadingURI":"#","pointer":"/items/properties/valor"}
    domain: "syntax"
    ignored: ["examples"]
warning: the following keywords are unknown and will be ignored: [examples]
    level: "warning"
    schema: {"loadingURI":"#","pointer":"/items"}
    domain: "syntax"
    ignored: ["examples"]
warning: the following keywords are unknown and will be ignored: [examples]
    level: "warning"
    schema: {"loadingURI":"#","pointer":"/items/properties/cpf"}
    domain: "syntax"
    ignored: ["examples"]
warning: the following keywords are unknown and will be ignored: [examples]
    level: "warning"
    schema: {"loadingURI":"#","pointer":"/items/properties/email"}
    domain: "syntax"
    ignored: ["examples"]
warning: the following keywords are unknown and will be ignored: [examples]
    level: "warning"
    schema: {"loadingURI":"#","pointer":"/items/properties/id"}
    domain: "syntax"
    ignored: ["examples"]
warning: the following keywords are unknown and will be ignored: [examples]
    level: "warning"
    schema: {"loadingURI":"#","pointer":"/items/properties/nome"}
    domain: "syntax"
    ignored: ["examples"]
warning: the following keywords are unknown and will be ignored: [examples]
    level: "warning"
    schema: {"loadingURI":"#","pointer":"/items/properties/parcelas"}
    domain: "syntax"
    ignored: ["examples"]
warning: the following keywords are unknown and will be ignored: [examples]
    level: "warning"
    schema: {"loadingURI":"#","pointer":"/items/properties/seguro"}
    domain: "syntax"
    ignored: ["examples"]
warning: the following keywords are unknown and will be ignored: [examples]
    level: "warning"
    schema: {"loadingURI":"#","pointer":"/items/properties/valor"}
    domain: "syntax"
    ignored: ["examples"]
warning: the following keywords are unknown and will be ignored: [examples]
    level: "warning"
    schema: {"loadingURI":"#","pointer":"/items"}
    domain: "syntax"
    ignored: ["examples"]
warning: the following keywords are unknown and will be ignored: [examples]
    level: "warning"
    schema: {"loadingURI":"#","pointer":"/items/properties/cpf"}
    domain: "syntax"
    ignored: ["examples"]
warning: the following keywords are unknown and will be ignored: [examples]
    level: "warning"
    schema: {"loadingURI":"#","pointer":"/items/properties/email"}
    domain: "syntax"
    ignored: ["examples"]
warning: the following keywords are unknown and will be ignored: [examples]
    level: "warning"
    schema: {"loadingURI":"#","pointer":"/items/properties/id"}
    domain: "syntax"
    ignored: ["examples"]
warning: the following keywords are unknown and will be ignored: [examples]
    level: "warning"
    schema: {"loadingURI":"#","pointer":"/items/properties/nome"}
    domain: "syntax"
    ignored: ["examples"]
warning: the following keywords are unknown and will be ignored: [examples]
    level: "warning"
    schema: {"loadingURI":"#","pointer":"/items/properties/parcelas"}
    domain: "syntax"
    ignored: ["examples"]
warning: the following keywords are unknown and will be ignored: [examples]
    level: "warning"
    schema: {"loadingURI":"#","pointer":"/items/properties/seguro"}
    domain: "syntax"
    ignored: ["examples"]
warning: the following keywords are unknown and will be ignored: [examples]
    level: "warning"
    schema: {"loadingURI":"#","pointer":"/items/properties/valor"}
    domain: "syntax"
    ignored: ["examples"]
warning: the following keywords are unknown and will be ignored: [examples]
    level: "warning"
    schema: {"loadingURI":"#","pointer":"/items"}
    domain: "syntax"
    ignored: ["examples"]
warning: the following keywords are unknown and will be ignored: [examples]
    level: "warning"
    schema: {"loadingURI":"#","pointer":"/items/properties/cpf"}
    domain: "syntax"
    ignored: ["examples"]
warning: the following keywords are unknown and will be ignored: [examples]
    level: "warning"
    schema: {"loadingURI":"#","pointer":"/items/properties/email"}
    domain: "syntax"
    ignored: ["examples"]
warning: the following keywords are unknown and will be ignored: [examples]
    level: "warning"
    schema: {"loadingURI":"#","pointer":"/items/properties/id"}
    domain: "syntax"
    ignored: ["examples"]
warning: the following keywords are unknown and will be ignored: [examples]
    level: "warning"
    schema: {"loadingURI":"#","pointer":"/items/properties/nome"}
    domain: "syntax"
    ignored: ["examples"]
warning: the following keywords are unknown and will be ignored: [examples]
    level: "warning"
    schema: {"loadingURI":"#","pointer":"/items/properties/parcelas"}
    domain: "syntax"
    ignored: ["examples"]
warning: the following keywords are unknown and will be ignored: [examples]
    level: "warning"
    schema: {"loadingURI":"#","pointer":"/items/properties/seguro"}
    domain: "syntax"
    ignored: ["examples"]
warning: the following keywords are unknown and will be ignored: [examples]
    level: "warning"
    schema: {"loadingURI":"#","pointer":"/items/properties/valor"}
    domain: "syntax"
    ignored: ["examples"]
warning: the following keywords are unknown and will be ignored: [examples]
    level: "warning"
    schema: {"loadingURI":"#","pointer":"/items"}
    domain: "syntax"
    ignored: ["examples"]
warning: the following keywords are unknown and will be ignored: [examples]
    level: "warning"
    schema: {"loadingURI":"#","pointer":"/items/properties/cpf"}
    domain: "syntax"
    ignored: ["examples"]
warning: the following keywords are unknown and will be ignored: [examples]
    level: "warning"
    schema: {"loadingURI":"#","pointer":"/items/properties/email"}
    domain: "syntax"
    ignored: ["examples"]
warning: the following keywords are unknown and will be ignored: [examples]
    level: "warning"
    schema: {"loadingURI":"#","pointer":"/items/properties/id"}
    domain: "syntax"
    ignored: ["examples"]
warning: the following keywords are unknown and will be ignored: [examples]
    level: "warning"
    schema: {"loadingURI":"#","pointer":"/items/properties/nome"}
    domain: "syntax"
    ignored: ["examples"]
warning: the following keywords are unknown and will be ignored: [examples]
    level: "warning"
    schema: {"loadingURI":"#","pointer":"/items/properties/parcelas"}
    domain: "syntax"
    ignored: ["examples"]
warning: the following keywords are unknown and will be ignored: [examples]
    level: "warning"
    schema: {"loadingURI":"#","pointer":"/items/properties/seguro"}
    domain: "syntax"
    ignored: ["examples"]
warning: the following keywords are unknown and will be ignored: [examples]
    level: "warning"
    schema: {"loadingURI":"#","pointer":"/items/properties/valor"}
    domain: "syntax"
    ignored: ["examples"]
warning: the following keywords are unknown and will be ignored: [examples]
    level: "warning"
    schema: {"loadingURI":"#","pointer":"/items"}
    domain: "syntax"
    ignored: ["examples"]
warning: the following keywords are unknown and will be ignored: [examples]
    level: "warning"
    schema: {"loadingURI":"#","pointer":"/items/properties/cpf"}
    domain: "syntax"
    ignored: ["examples"]
warning: the following keywords are unknown and will be ignored: [examples]
    level: "warning"
    schema: {"loadingURI":"#","pointer":"/items/properties/email"}
    domain: "syntax"
    ignored: ["examples"]
warning: the following keywords are unknown and will be ignored: [examples]
    level: "warning"
    schema: {"loadingURI":"#","pointer":"/items/properties/id"}
    domain: "syntax"
    ignored: ["examples"]
warning: the following keywords are unknown and will be ignored: [examples]
    level: "warning"
    schema: {"loadingURI":"#","pointer":"/items/properties/nome"}
    domain: "syntax"
    ignored: ["examples"]
warning: the following keywords are unknown and will be ignored: [examples]
    level: "warning"
    schema: {"loadingURI":"#","pointer":"/items/properties/parcelas"}
    domain: "syntax"
    ignored: ["examples"]
warning: the following keywords are unknown and will be ignored: [examples]
    level: "warning"
    schema: {"loadingURI":"#","pointer":"/items/properties/seguro"}
    domain: "syntax"
    ignored: ["examples"]
warning: the following keywords are unknown and will be ignored: [examples]
    level: "warning"
    schema: {"loadingURI":"#","pointer":"/items/properties/valor"}
    domain: "syntax"
    ignored: ["examples"]
warning: the following keywords are unknown and will be ignored: [examples]
    level: "warning"
    schema: {"loadingURI":"#","pointer":"/items"}
    domain: "syntax"
    ignored: ["examples"]
warning: the following keywords are unknown and will be ignored: [examples]
    level: "warning"
    schema: {"loadingURI":"#","pointer":"/items/properties/cpf"}
    domain: "syntax"
    ignored: ["examples"]
warning: the following keywords are unknown and will be ignored: [examples]
    level: "warning"
    schema: {"loadingURI":"#","pointer":"/items/properties/email"}
    domain: "syntax"
    ignored: ["examples"]
warning: the following keywords are unknown and will be ignored: [examples]
    level: "warning"
    schema: {"loadingURI":"#","pointer":"/items/properties/id"}
    domain: "syntax"
    ignored: ["examples"]
warning: the following keywords are unknown and will be ignored: [examples]
    level: "warning"
    schema: {"loadingURI":"#","pointer":"/items/properties/nome"}
    domain: "syntax"
    ignored: ["examples"]
warning: the following keywords are unknown and will be ignored: [examples]
    level: "warning"
    schema: {"loadingURI":"#","pointer":"/items/properties/parcelas"}
    domain: "syntax"
    ignored: ["examples"]
warning: the following keywords are unknown and will be ignored: [examples]
    level: "warning"
    schema: {"loadingURI":"#","pointer":"/items/properties/seguro"}
    domain: "syntax"
    ignored: ["examples"]
warning: the following keywords are unknown and will be ignored: [examples]
    level: "warning"
    schema: {"loadingURI":"#","pointer":"/items/properties/valor"}
    domain: "syntax"
    ignored: ["examples"]
warning: the following keywords are unknown and will be ignored: [examples]
    level: "warning"
    schema: {"loadingURI":"#","pointer":"/items"}
    domain: "syntax"
    ignored: ["examples"]
warning: the following keywords are unknown and will be ignored: [examples]
    level: "warning"
    schema: {"loadingURI":"#","pointer":"/items/properties/cpf"}
    domain: "syntax"
    ignored: ["examples"]
warning: the following keywords are unknown and will be ignored: [examples]
    level: "warning"
    schema: {"loadingURI":"#","pointer":"/items/properties/email"}
    domain: "syntax"
    ignored: ["examples"]
warning: the following keywords are unknown and will be ignored: [examples]
    level: "warning"
    schema: {"loadingURI":"#","pointer":"/items/properties/id"}
    domain: "syntax"
    ignored: ["examples"]
warning: the following keywords are unknown and will be ignored: [examples]
    level: "warning"
    schema: {"loadingURI":"#","pointer":"/items/properties/nome"}
    domain: "syntax"
    ignored: ["examples"]
warning: the following keywords are unknown and will be ignored: [examples]
    level: "warning"
    schema: {"loadingURI":"#","pointer":"/items/properties/parcelas"}
    domain: "syntax"
    ignored: ["examples"]
warning: the following keywords are unknown and will be ignored: [examples]
    level: "warning"
    schema: {"loadingURI":"#","pointer":"/items/properties/seguro"}
    domain: "syntax"
    ignored: ["examples"]
warning: the following keywords are unknown and will be ignored: [examples]
    level: "warning"
    schema: {"loadingURI":"#","pointer":"/items/properties/valor"}
    domain: "syntax"
    ignored: ["examples"]
warning: the following keywords are unknown and will be ignored: [examples]
    level: "warning"
    schema: {"loadingURI":"#","pointer":"/items"}
    domain: "syntax"
    ignored: ["examples"]
warning: the following keywords are unknown and will be ignored: [examples]
    level: "warning"
    schema: {"loadingURI":"#","pointer":"/items/properties/cpf"}
    domain: "syntax"
    ignored: ["examples"]
warning: the following keywords are unknown and will be ignored: [examples]
    level: "warning"
    schema: {"loadingURI":"#","pointer":"/items/properties/email"}
    domain: "syntax"
    ignored: ["examples"]
warning: the following keywords are unknown and will be ignored: [examples]
    level: "warning"
    schema: {"loadingURI":"#","pointer":"/items/properties/id"}
    domain: "syntax"
    ignored: ["examples"]
warning: the following keywords are unknown and will be ignored: [examples]
    level: "warning"
    schema: {"loadingURI":"#","pointer":"/items/properties/nome"}
    domain: "syntax"
    ignored: ["examples"]
warning: the following keywords are unknown and will be ignored: [examples]
    level: "warning"
    schema: {"loadingURI":"#","pointer":"/items/properties/parcelas"}
    domain: "syntax"
    ignored: ["examples"]
warning: the following keywords are unknown and will be ignored: [examples]
    level: "warning"
    schema: {"loadingURI":"#","pointer":"/items/properties/seguro"}
    domain: "syntax"
    ignored: ["examples"]
warning: the following keywords are unknown and will be ignored: [examples]
    level: "warning"
    schema: {"loadingURI":"#","pointer":"/items/properties/valor"}
    domain: "syntax"
    ignored: ["examples"]
warning: the following keywords are unknown and will be ignored: [examples]
    level: "warning"
    schema: {"loadingURI":"#","pointer":"/items"}
    domain: "syntax"
    ignored: ["examples"]
warning: the following keywords are unknown and will be ignored: [examples]
    level: "warning"
    schema: {"loadingURI":"#","pointer":"/items/properties/cpf"}
    domain: "syntax"
    ignored: ["examples"]
warning: the following keywords are unknown and will be ignored: [examples]
    level: "warning"
    schema: {"loadingURI":"#","pointer":"/items/properties/email"}
    domain: "syntax"
    ignored: ["examples"]
warning: the following keywords are unknown and will be ignored: [examples]
    level: "warning"
    schema: {"loadingURI":"#","pointer":"/items/properties/id"}
    domain: "syntax"
    ignored: ["examples"]
warning: the following keywords are unknown and will be ignored: [examples]
    level: "warning"
    schema: {"loadingURI":"#","pointer":"/items/properties/nome"}
    domain: "syntax"
    ignored: ["examples"]
warning: the following keywords are unknown and will be ignored: [examples]
    level: "warning"
    schema: {"loadingURI":"#","pointer":"/items/properties/parcelas"}
    domain: "syntax"
    ignored: ["examples"]
warning: the following keywords are unknown and will be ignored: [examples]
    level: "warning"
    schema: {"loadingURI":"#","pointer":"/items/properties/seguro"}
    domain: "syntax"
    ignored: ["examples"]
warning: the following keywords are unknown and will be ignored: [examples]
    level: "warning"
    schema: {"loadingURI":"#","pointer":"/items/properties/valor"}
    domain: "syntax"
    ignored: ["examples"]
warning: the following keywords are unknown and will be ignored: [examples]
    level: "warning"
    schema: {"loadingURI":"#","pointer":"/items"}
    domain: "syntax"
    ignored: ["examples"]
warning: the following keywords are unknown and will be ignored: [examples]
    level: "warning"
    schema: {"loadingURI":"#","pointer":"/items/properties/cpf"}
    domain: "syntax"
    ignored: ["examples"]
warning: the following keywords are unknown and will be ignored: [examples]
    level: "warning"
    schema: {"loadingURI":"#","pointer":"/items/properties/email"}
    domain: "syntax"
    ignored: ["examples"]
warning: the following keywords are unknown and will be ignored: [examples]
    level: "warning"
    schema: {"loadingURI":"#","pointer":"/items/properties/id"}
    domain: "syntax"
    ignored: ["examples"]
warning: the following keywords are unknown and will be ignored: [examples]
    level: "warning"
    schema: {"loadingURI":"#","pointer":"/items/properties/nome"}
    domain: "syntax"
    ignored: ["examples"]
warning: the following keywords are unknown and will be ignored: [examples]
    level: "warning"
    schema: {"loadingURI":"#","pointer":"/items/properties/parcelas"}
    domain: "syntax"
    ignored: ["examples"]
warning: the following keywords are unknown and will be ignored: [examples]
    level: "warning"
    schema: {"loadingURI":"#","pointer":"/items/properties/seguro"}
    domain: "syntax"
    ignored: ["examples"]
warning: the following keywords are unknown and will be ignored: [examples]
    level: "warning"
    schema: {"loadingURI":"#","pointer":"/items/properties/valor"}
    domain: "syntax"
    ignored: ["examples"]
warning: the following keywords are unknown and will be ignored: [examples]
    level: "warning"
    schema: {"loadingURI":"#","pointer":"/items"}
    domain: "syntax"
    ignored: ["examples"]
warning: the following keywords are unknown and will be ignored: [examples]
    level: "warning"
    schema: {"loadingURI":"#","pointer":"/items/properties/cpf"}
    domain: "syntax"
    ignored: ["examples"]
warning: the following keywords are unknown and will be ignored: [examples]
    level: "warning"
    schema: {"loadingURI":"#","pointer":"/items/properties/email"}
    domain: "syntax"
    ignored: ["examples"]
warning: the following keywords are unknown and will be ignored: [examples]
    level: "warning"
    schema: {"loadingURI":"#","pointer":"/items/properties/id"}
    domain: "syntax"
    ignored: ["examples"]
warning: the following keywords are unknown and will be ignored: [examples]
    level: "warning"
    schema: {"loadingURI":"#","pointer":"/items/properties/nome"}
    domain: "syntax"
    ignored: ["examples"]
warning: the following keywords are unknown and will be ignored: [examples]
    level: "warning"
    schema: {"loadingURI":"#","pointer":"/items/properties/parcelas"}
    domain: "syntax"
    ignored: ["examples"]
warning: the following keywords are unknown and will be ignored: [examples]
    level: "warning"
    schema: {"loadingURI":"#","pointer":"/items/properties/seguro"}
    domain: "syntax"
    ignored: ["examples"]
warning: the following keywords are unknown and will be ignored: [examples]
    level: "warning"
    schema: {"loadingURI":"#","pointer":"/items/properties/valor"}
    domain: "syntax"
    ignored: ["examples"]
warning: the following keywords are unknown and will be ignored: [examples]
    level: "warning"
    schema: {"loadingURI":"#","pointer":"/items"}
    domain: "syntax"
    ignored: ["examples"]
warning: the following keywords are unknown and will be ignored: [examples]
    level: "warning"
    schema: {"loadingURI":"#","pointer":"/items/properties/cpf"}
    domain: "syntax"
    ignored: ["examples"]
warning: the following keywords are unknown and will be ignored: [examples]
    level: "warning"
    schema: {"loadingURI":"#","pointer":"/items/properties/email"}
    domain: "syntax"
    ignored: ["examples"]
warning: the following keywords are unknown and will be ignored: [examples]
    level: "warning"
    schema: {"loadingURI":"#","pointer":"/items/properties/id"}
    domain: "syntax"
    ignored: ["examples"]
warning: the following keywords are unknown and will be ignored: [examples]
    level: "warning"
    schema: {"loadingURI":"#","pointer":"/items/properties/nome"}
    domain: "syntax"
    ignored: ["examples"]
warning: the following keywords are unknown and will be ignored: [examples]
    level: "warning"
    schema: {"loadingURI":"#","pointer":"/items/properties/parcelas"}
    domain: "syntax"
    ignored: ["examples"]
warning: the following keywords are unknown and will be ignored: [examples]
    level: "warning"
    schema: {"loadingURI":"#","pointer":"/items/properties/seguro"}
    domain: "syntax"
    ignored: ["examples"]
warning: the following keywords are unknown and will be ignored: [examples]
    level: "warning"
    schema: {"loadingURI":"#","pointer":"/items/properties/valor"}
    domain: "syntax"
    ignored: ["examples"]
warning: the following keywords are unknown and will be ignored: [examples]
    level: "warning"
    schema: {"loadingURI":"#","pointer":"/items"}
    domain: "syntax"
    ignored: ["examples"]
warning: the following keywords are unknown and will be ignored: [examples]
    level: "warning"
    schema: {"loadingURI":"#","pointer":"/items/properties/cpf"}
    domain: "syntax"
    ignored: ["examples"]
warning: the following keywords are unknown and will be ignored: [examples]
    level: "warning"
    schema: {"loadingURI":"#","pointer":"/items/properties/email"}
    domain: "syntax"
    ignored: ["examples"]
warning: the following keywords are unknown and will be ignored: [examples]
    level: "warning"
    schema: {"loadingURI":"#","pointer":"/items/properties/id"}
    domain: "syntax"
    ignored: ["examples"]
warning: the following keywords are unknown and will be ignored: [examples]
    level: "warning"
    schema: {"loadingURI":"#","pointer":"/items/properties/nome"}
    domain: "syntax"
    ignored: ["examples"]
warning: the following keywords are unknown and will be ignored: [examples]
    level: "warning"
    schema: {"loadingURI":"#","pointer":"/items/properties/parcelas"}
    domain: "syntax"
    ignored: ["examples"]
warning: the following keywords are unknown and will be ignored: [examples]
    level: "warning"
    schema: {"loadingURI":"#","pointer":"/items/properties/seguro"}
    domain: "syntax"
    ignored: ["examples"]
warning: the following keywords are unknown and will be ignored: [examples]
    level: "warning"
    schema: {"loadingURI":"#","pointer":"/items/properties/valor"}
    domain: "syntax"
    ignored: ["examples"]
warning: the following keywords are unknown and will be ignored: [examples]
    level: "warning"
    schema: {"loadingURI":"#","pointer":"/items"}
    domain: "syntax"
    ignored: ["examples"]
warning: the following keywords are unknown and will be ignored: [examples]
    level: "warning"
    schema: {"loadingURI":"#","pointer":"/items/properties/cpf"}
    domain: "syntax"
    ignored: ["examples"]
warning: the following keywords are unknown and will be ignored: [examples]
    level: "warning"
    schema: {"loadingURI":"#","pointer":"/items/properties/email"}
    domain: "syntax"
    ignored: ["examples"]
warning: the following keywords are unknown and will be ignored: [examples]
    level: "warning"
    schema: {"loadingURI":"#","pointer":"/items/properties/id"}
    domain: "syntax"
    ignored: ["examples"]
warning: the following keywords are unknown and will be ignored: [examples]
    level: "warning"
    schema: {"loadingURI":"#","pointer":"/items/properties/nome"}
    domain: "syntax"
    ignored: ["examples"]
warning: the following keywords are unknown and will be ignored: [examples]
    level: "warning"
    schema: {"loadingURI":"#","pointer":"/items/properties/parcelas"}
    domain: "syntax"
    ignored: ["examples"]
warning: the following keywords are unknown and will be ignored: [examples]
    level: "warning"
    schema: {"loadingURI":"#","pointer":"/items/properties/seguro"}
    domain: "syntax"
    ignored: ["examples"]
warning: the following keywords are unknown and will be ignored: [examples]
    level: "warning"
    schema: {"loadingURI":"#","pointer":"/items/properties/valor"}
    domain: "syntax"
    ignored: ["examples"]
warning: the following keywords are unknown and will be ignored: [examples]
    level: "warning"
    schema: {"loadingURI":"#","pointer":"/items"}
    domain: "syntax"
    ignored: ["examples"]
warning: the following keywords are unknown and will be ignored: [examples]
    level: "warning"
    schema: {"loadingURI":"#","pointer":"/items/properties/cpf"}
    domain: "syntax"
    ignored: ["examples"]
warning: the following keywords are unknown and will be ignored: [examples]
    level: "warning"
    schema: {"loadingURI":"#","pointer":"/items/properties/email"}
    domain: "syntax"
    ignored: ["examples"]
warning: the following keywords are unknown and will be ignored: [examples]
    level: "warning"
    schema: {"loadingURI":"#","pointer":"/items/properties/id"}
    domain: "syntax"
    ignored: ["examples"]
warning: the following keywords are unknown and will be ignored: [examples]
    level: "warning"
    schema: {"loadingURI":"#","pointer":"/items/properties/nome"}
    domain: "syntax"
    ignored: ["examples"]
warning: the following keywords are unknown and will be ignored: [examples]
    level: "warning"
    schema: {"loadingURI":"#","pointer":"/items/properties/parcelas"}
    domain: "syntax"
    ignored: ["examples"]
warning: the following keywords are unknown and will be ignored: [examples]
    level: "warning"
    schema: {"loadingURI":"#","pointer":"/items/properties/seguro"}
    domain: "syntax"
    ignored: ["examples"]
warning: the following keywords are unknown and will be ignored: [examples]
    level: "warning"
    schema: {"loadingURI":"#","pointer":"/items/properties/valor"}
    domain: "syntax"
    ignored: ["examples"]
warning: the following keywords are unknown and will be ignored: [examples]
    level: "warning"
    schema: {"loadingURI":"#","pointer":"/items"}
    domain: "syntax"
    ignored: ["examples"]
warning: the following keywords are unknown and will be ignored: [examples]
    level: "warning"
    schema: {"loadingURI":"#","pointer":"/items/properties/cpf"}
    domain: "syntax"
    ignored: ["examples"]
warning: the following keywords are unknown and will be ignored: [examples]
    level: "warning"
    schema: {"loadingURI":"#","pointer":"/items/properties/email"}
    domain: "syntax"
    ignored: ["examples"]
warning: the following keywords are unknown and will be ignored: [examples]
    level: "warning"
    schema: {"loadingURI":"#","pointer":"/items/properties/id"}
    domain: "syntax"
    ignored: ["examples"]
warning: the following keywords are unknown and will be ignored: [examples]
    level: "warning"
    schema: {"loadingURI":"#","pointer":"/items/properties/nome"}
    domain: "syntax"
    ignored: ["examples"]
warning: the following keywords are unknown and will be ignored: [examples]
    level: "warning"
    schema: {"loadingURI":"#","pointer":"/items/properties/parcelas"}
    domain: "syntax"
    ignored: ["examples"]
warning: the following keywords are unknown and will be ignored: [examples]
    level: "warning"
    schema: {"loadingURI":"#","pointer":"/items/properties/seguro"}
    domain: "syntax"
    ignored: ["examples"]
warning: the following keywords are unknown and will be ignored: [examples]
    level: "warning"
    schema: {"loadingURI":"#","pointer":"/items/properties/valor"}
    domain: "syntax"
    ignored: ["examples"]
warning: the following keywords are unknown and will be ignored: [examples]
    level: "warning"
    schema: {"loadingURI":"#","pointer":"/items"}
    domain: "syntax"
    ignored: ["examples"]
warning: the following keywords are unknown and will be ignored: [examples]
    level: "warning"
    schema: {"loadingURI":"#","pointer":"/items/properties/cpf"}
    domain: "syntax"
    ignored: ["examples"]
warning: the following keywords are unknown and will be ignored: [examples]
    level: "warning"
    schema: {"loadingURI":"#","pointer":"/items/properties/email"}
    domain: "syntax"
    ignored: ["examples"]
warning: the following keywords are unknown and will be ignored: [examples]
    level: "warning"
    schema: {"loadingURI":"#","pointer":"/items/properties/id"}
    domain: "syntax"
    ignored: ["examples"]
warning: the following keywords are unknown and will be ignored: [examples]
    level: "warning"
    schema: {"loadingURI":"#","pointer":"/items/properties/nome"}
    domain: "syntax"
    ignored: ["examples"]
warning: the following keywords are unknown and will be ignored: [examples]
    level: "warning"
    schema: {"loadingURI":"#","pointer":"/items/properties/parcelas"}
    domain: "syntax"
    ignored: ["examples"]
warning: the following keywords are unknown and will be ignored: [examples]
    level: "warning"
    schema: {"loadingURI":"#","pointer":"/items/properties/seguro"}
    domain: "syntax"
    ignored: ["examples"]
warning: the following keywords are unknown and will be ignored: [examples]
    level: "warning"
    schema: {"loadingURI":"#","pointer":"/items/properties/valor"}
    domain: "syntax"
    ignored: ["examples"]
warning: the following keywords are unknown and will be ignored: [examples]
    level: "warning"
    schema: {"loadingURI":"#","pointer":"/items"}
    domain: "syntax"
    ignored: ["examples"]
warning: the following keywords are unknown and will be ignored: [examples]
    level: "warning"
    schema: {"loadingURI":"#","pointer":"/items/properties/cpf"}
    domain: "syntax"
    ignored: ["examples"]
warning: the following keywords are unknown and will be ignored: [examples]
    level: "warning"
    schema: {"loadingURI":"#","pointer":"/items/properties/email"}
    domain: "syntax"
    ignored: ["examples"]
warning: the following keywords are unknown and will be ignored: [examples]
    level: "warning"
    schema: {"loadingURI":"#","pointer":"/items/properties/id"}
    domain: "syntax"
    ignored: ["examples"]
warning: the following keywords are unknown and will be ignored: [examples]
    level: "warning"
    schema: {"loadingURI":"#","pointer":"/items/properties/nome"}
    domain: "syntax"
    ignored: ["examples"]
warning: the following keywords are unknown and will be ignored: [examples]
    level: "warning"
    schema: {"loadingURI":"#","pointer":"/items/properties/parcelas"}
    domain: "syntax"
    ignored: ["examples"]
warning: the following keywords are unknown and will be ignored: [examples]
    level: "warning"
    schema: {"loadingURI":"#","pointer":"/items/properties/seguro"}
    domain: "syntax"
    ignored: ["examples"]
warning: the following keywords are unknown and will be ignored: [examples]
    level: "warning"
    schema: {"loadingURI":"#","pointer":"/items/properties/valor"}
    domain: "syntax"
    ignored: ["examples"]
warning: the following keywords are unknown and will be ignored: [examples]
    level: "warning"
    schema: {"loadingURI":"#","pointer":"/items"}
    domain: "syntax"
    ignored: ["examples"]
warning: the following keywords are unknown and will be ignored: [examples]
    level: "warning"
    schema: {"loadingURI":"#","pointer":"/items/properties/cpf"}
    domain: "syntax"
    ignored: ["examples"]
warning: the following keywords are unknown and will be ignored: [examples]
    level: "warning"
    schema: {"loadingURI":"#","pointer":"/items/properties/email"}
    domain: "syntax"
    ignored: ["examples"]
warning: the following keywords are unknown and will be ignored: [examples]
    level: "warning"
    schema: {"loadingURI":"#","pointer":"/items/properties/id"}
    domain: "syntax"
    ignored: ["examples"]
warning: the following keywords are unknown and will be ignored: [examples]
    level: "warning"
    schema: {"loadingURI":"#","pointer":"/items/properties/nome"}
    domain: "syntax"
    ignored: ["examples"]
warning: the following keywords are unknown and will be ignored: [examples]
    level: "warning"
    schema: {"loadingURI":"#","pointer":"/items/properties/parcelas"}
    domain: "syntax"
    ignored: ["examples"]
warning: the following keywords are unknown and will be ignored: [examples]
    level: "warning"
    schema: {"loadingURI":"#","pointer":"/items/properties/seguro"}
    domain: "syntax"
    ignored: ["examples"]
warning: the following keywords are unknown and will be ignored: [examples]
    level: "warning"
    schema: {"loadingURI":"#","pointer":"/items/properties/valor"}
    domain: "syntax"
    ignored: ["examples"]
warning: the following keywords are unknown and will be ignored: [examples]
    level: "warning"
    schema: {"loadingURI":"#","pointer":"/items"}
    domain: "syntax"
    ignored: ["examples"]
warning: the following keywords are unknown and will be ignored: [examples]
    level: "warning"
    schema: {"loadingURI":"#","pointer":"/items/properties/cpf"}
    domain: "syntax"
    ignored: ["examples"]
warning: the following keywords are unknown and will be ignored: [examples]
    level: "warning"
    schema: {"loadingURI":"#","pointer":"/items/properties/email"}
    domain: "syntax"
    ignored: ["examples"]
warning: the following keywords are unknown and will be ignored: [examples]
    level: "warning"
    schema: {"loadingURI":"#","pointer":"/items/properties/id"}
    domain: "syntax"
    ignored: ["examples"]
warning: the following keywords are unknown and will be ignored: [examples]
    level: "warning"
    schema: {"loadingURI":"#","pointer":"/items/properties/nome"}
    domain: "syntax"
    ignored: ["examples"]
warning: the following keywords are unknown and will be ignored: [examples]
    level: "warning"
    schema: {"loadingURI":"#","pointer":"/items/properties/parcelas"}
    domain: "syntax"
    ignored: ["examples"]
warning: the following keywords are unknown and will be ignored: [examples]
    level: "warning"
    schema: {"loadingURI":"#","pointer":"/items/properties/seguro"}
    domain: "syntax"
    ignored: ["examples"]
warning: the following keywords are unknown and will be ignored: [examples]
    level: "warning"
    schema: {"loadingURI":"#","pointer":"/items/properties/valor"}
    domain: "syntax"
    ignored: ["examples"]
warning: the following keywords are unknown and will be ignored: [examples]
    level: "warning"
    schema: {"loadingURI":"#","pointer":"/items"}
    domain: "syntax"
    ignored: ["examples"]
warning: the following keywords are unknown and will be ignored: [examples]
    level: "warning"
    schema: {"loadingURI":"#","pointer":"/items/properties/cpf"}
    domain: "syntax"
    ignored: ["examples"]
warning: the following keywords are unknown and will be ignored: [examples]
    level: "warning"
    schema: {"loadingURI":"#","pointer":"/items/properties/email"}
    domain: "syntax"
    ignored: ["examples"]
warning: the following keywords are unknown and will be ignored: [examples]
    level: "warning"
    schema: {"loadingURI":"#","pointer":"/items/properties/id"}
    domain: "syntax"
    ignored: ["examples"]
warning: the following keywords are unknown and will be ignored: [examples]
    level: "warning"
    schema: {"loadingURI":"#","pointer":"/items/properties/nome"}
    domain: "syntax"
    ignored: ["examples"]
warning: the following keywords are unknown and will be ignored: [examples]
    level: "warning"
    schema: {"loadingURI":"#","pointer":"/items/properties/parcelas"}
    domain: "syntax"
    ignored: ["examples"]
warning: the following keywords are unknown and will be ignored: [examples]
    level: "warning"
    schema: {"loadingURI":"#","pointer":"/items/properties/seguro"}
    domain: "syntax"
    ignored: ["examples"]
warning: the following keywords are unknown and will be ignored: [examples]
    level: "warning"
    schema: {"loadingURI":"#","pointer":"/items/properties/valor"}
    domain: "syntax"
    ignored: ["examples"]
warning: the following keywords are unknown and will be ignored: [examples]
    level: "warning"
    schema: {"loadingURI":"#","pointer":"/items"}
    domain: "syntax"
    ignored: ["examples"]
warning: the following keywords are unknown and will be ignored: [examples]
    level: "warning"
    schema: {"loadingURI":"#","pointer":"/items/properties/cpf"}
    domain: "syntax"
    ignored: ["examples"]
warning: the following keywords are unknown and will be ignored: [examples]
    level: "warning"
    schema: {"loadingURI":"#","pointer":"/items/properties/email"}
    domain: "syntax"
    ignored: ["examples"]
warning: the following keywords are unknown and will be ignored: [examples]
    level: "warning"
    schema: {"loadingURI":"#","pointer":"/items/properties/id"}
    domain: "syntax"
    ignored: ["examples"]
warning: the following keywords are unknown and will be ignored: [examples]
    level: "warning"
    schema: {"loadingURI":"#","pointer":"/items/properties/nome"}
    domain: "syntax"
    ignored: ["examples"]
warning: the following keywords are unknown and will be ignored: [examples]
    level: "warning"
    schema: {"loadingURI":"#","pointer":"/items/properties/parcelas"}
    domain: "syntax"
    ignored: ["examples"]
warning: the following keywords are unknown and will be ignored: [examples]
    level: "warning"
    schema: {"loadingURI":"#","pointer":"/items/properties/seguro"}
    domain: "syntax"
    ignored: ["examples"]
warning: the following keywords are unknown and will be ignored: [examples]
    level: "warning"
    schema: {"loadingURI":"#","pointer":"/items/properties/valor"}
    domain: "syntax"
    ignored: ["examples"]
warning: the following keywords are unknown and will be ignored: [examples]
    level: "warning"
    schema: {"loadingURI":"#","pointer":"/items"}
    domain: "syntax"
    ignored: ["examples"]
warning: the following keywords are unknown and will be ignored: [examples]
    level: "warning"
    schema: {"loadingURI":"#","pointer":"/items/properties/cpf"}
    domain: "syntax"
    ignored: ["examples"]
warning: the following keywords are unknown and will be ignored: [examples]
    level: "warning"
    schema: {"loadingURI":"#","pointer":"/items/properties/email"}
    domain: "syntax"
    ignored: ["examples"]
warning: the following keywords are unknown and will be ignored: [examples]
    level: "warning"
    schema: {"loadingURI":"#","pointer":"/items/properties/id"}
    domain: "syntax"
    ignored: ["examples"]
warning: the following keywords are unknown and will be ignored: [examples]
    level: "warning"
    schema: {"loadingURI":"#","pointer":"/items/properties/nome"}
    domain: "syntax"
    ignored: ["examples"]
warning: the following keywords are unknown and will be ignored: [examples]
    level: "warning"
    schema: {"loadingURI":"#","pointer":"/items/properties/parcelas"}
    domain: "syntax"
    ignored: ["examples"]
warning: the following keywords are unknown and will be ignored: [examples]
    level: "warning"
    schema: {"loadingURI":"#","pointer":"/items/properties/seguro"}
    domain: "syntax"
    ignored: ["examples"]
warning: the following keywords are unknown and will be ignored: [examples]
    level: "warning"
    schema: {"loadingURI":"#","pointer":"/items/properties/valor"}
    domain: "syntax"
    ignored: ["examples"]
warning: the following keywords are unknown and will be ignored: [examples]
    level: "warning"
    schema: {"loadingURI":"#","pointer":"/items"}
    domain: "syntax"
    ignored: ["examples"]
warning: the following keywords are unknown and will be ignored: [examples]
    level: "warning"
    schema: {"loadingURI":"#","pointer":"/items/properties/cpf"}
    domain: "syntax"
    ignored: ["examples"]
warning: the following keywords are unknown and will be ignored: [examples]
    level: "warning"
    schema: {"loadingURI":"#","pointer":"/items/properties/email"}
    domain: "syntax"
    ignored: ["examples"]
warning: the following keywords are unknown and will be ignored: [examples]
    level: "warning"
    schema: {"loadingURI":"#","pointer":"/items/properties/id"}
    domain: "syntax"
    ignored: ["examples"]
warning: the following keywords are unknown and will be ignored: [examples]
    level: "warning"
    schema: {"loadingURI":"#","pointer":"/items/properties/nome"}
    domain: "syntax"
    ignored: ["examples"]
warning: the following keywords are unknown and will be ignored: [examples]
    level: "warning"
    schema: {"loadingURI":"#","pointer":"/items/properties/parcelas"}
    domain: "syntax"
    ignored: ["examples"]
warning: the following keywords are unknown and will be ignored: [examples]
    level: "warning"
    schema: {"loadingURI":"#","pointer":"/items/properties/seguro"}
    domain: "syntax"
    ignored: ["examples"]
warning: the following keywords are unknown and will be ignored: [examples]
    level: "warning"
    schema: {"loadingURI":"#","pointer":"/items/properties/valor"}
    domain: "syntax"
    ignored: ["examples"]
warning: the following keywords are unknown and will be ignored: [examples]
    level: "warning"
    schema: {"loadingURI":"#","pointer":"/items"}
    domain: "syntax"
    ignored: ["examples"]
warning: the following keywords are unknown and will be ignored: [examples]
    level: "warning"
    schema: {"loadingURI":"#","pointer":"/items/properties/cpf"}
    domain: "syntax"
    ignored: ["examples"]
warning: the following keywords are unknown and will be ignored: [examples]
    level: "warning"
    schema: {"loadingURI":"#","pointer":"/items/properties/email"}
    domain: "syntax"
    ignored: ["examples"]
warning: the following keywords are unknown and will be ignored: [examples]
    level: "warning"
    schema: {"loadingURI":"#","pointer":"/items/properties/id"}
    domain: "syntax"
    ignored: ["examples"]
warning: the following keywords are unknown and will be ignored: [examples]
    level: "warning"
    schema: {"loadingURI":"#","pointer":"/items/properties/nome"}
    domain: "syntax"
    ignored: ["examples"]
warning: the following keywords are unknown and will be ignored: [examples]
    level: "warning"
    schema: {"loadingURI":"#","pointer":"/items/properties/parcelas"}
    domain: "syntax"
    ignored: ["examples"]
warning: the following keywords are unknown and will be ignored: [examples]
    level: "warning"
    schema: {"loadingURI":"#","pointer":"/items/properties/seguro"}
    domain: "syntax"
    ignored: ["examples"]
warning: the following keywords are unknown and will be ignored: [examples]
    level: "warning"
    schema: {"loadingURI":"#","pointer":"/items/properties/valor"}
    domain: "syntax"
    ignored: ["examples"]
warning: the following keywords are unknown and will be ignored: [examples]
    level: "warning"
    schema: {"loadingURI":"#","pointer":"/items"}
    domain: "syntax"
    ignored: ["examples"]
warning: the following keywords are unknown and will be ignored: [examples]
    level: "warning"
    schema: {"loadingURI":"#","pointer":"/items/properties/cpf"}
    domain: "syntax"
    ignored: ["examples"]
warning: the following keywords are unknown and will be ignored: [examples]
    level: "warning"
    schema: {"loadingURI":"#","pointer":"/items/properties/email"}
    domain: "syntax"
    ignored: ["examples"]
warning: the following keywords are unknown and will be ignored: [examples]
    level: "warning"
    schema: {"loadingURI":"#","pointer":"/items/properties/id"}
    domain: "syntax"
    ignored: ["examples"]
warning: the following keywords are unknown and will be ignored: [examples]
    level: "warning"
    schema: {"loadingURI":"#","pointer":"/items/properties/nome"}
    domain: "syntax"
    ignored: ["examples"]
warning: the following keywords are unknown and will be ignored: [examples]
    level: "warning"
    schema: {"loadingURI":"#","pointer":"/items/properties/parcelas"}
    domain: "syntax"
    ignored: ["examples"]
warning: the following keywords are unknown and will be ignored: [examples]
    level: "warning"
    schema: {"loadingURI":"#","pointer":"/items/properties/seguro"}
    domain: "syntax"
    ignored: ["examples"]
warning: the following keywords are unknown and will be ignored: [examples]
    level: "warning"
    schema: {"loadingURI":"#","pointer":"/items/properties/valor"}
    domain: "syntax"
    ignored: ["examples"]
warning: the following keywords are unknown and will be ignored: [examples]
    level: "warning"
    schema: {"loadingURI":"#","pointer":"/items"}
    domain: "syntax"
    ignored: ["examples"]
warning: the following keywords are unknown and will be ignored: [examples]
    level: "warning"
    schema: {"loadingURI":"#","pointer":"/items/properties/cpf"}
    domain: "syntax"
    ignored: ["examples"]
warning: the following keywords are unknown and will be ignored: [examples]
    level: "warning"
    schema: {"loadingURI":"#","pointer":"/items/properties/email"}
    domain: "syntax"
    ignored: ["examples"]
warning: the following keywords are unknown and will be ignored: [examples]
    level: "warning"
    schema: {"loadingURI":"#","pointer":"/items/properties/id"}
    domain: "syntax"
    ignored: ["examples"]
warning: the following keywords are unknown and will be ignored: [examples]
    level: "warning"
    schema: {"loadingURI":"#","pointer":"/items/properties/nome"}
    domain: "syntax"
    ignored: ["examples"]
warning: the following keywords are unknown and will be ignored: [examples]
    level: "warning"
    schema: {"loadingURI":"#","pointer":"/items/properties/parcelas"}
    domain: "syntax"
    ignored: ["examples"]
warning: the following keywords are unknown and will be ignored: [examples]
    level: "warning"
    schema: {"loadingURI":"#","pointer":"/items/properties/seguro"}
    domain: "syntax"
    ignored: ["examples"]
warning: the following keywords are unknown and will be ignored: [examples]
    level: "warning"
    schema: {"loadingURI":"#","pointer":"/items/properties/valor"}
    domain: "syntax"
    ignored: ["examples"]
warning: the following keywords are unknown and will be ignored: [examples]
    level: "warning"
    schema: {"loadingURI":"#","pointer":"/items"}
    domain: "syntax"
    ignored: ["examples"]
warning: the following keywords are unknown and will be ignored: [examples]
    level: "warning"
    schema: {"loadingURI":"#","pointer":"/items/properties/cpf"}
    domain: "syntax"
    ignored: ["examples"]
warning: the following keywords are unknown and will be ignored: [examples]
    level: "warning"
    schema: {"loadingURI":"#","pointer":"/items/properties/email"}
    domain: "syntax"
    ignored: ["examples"]
warning: the following keywords are unknown and will be ignored: [examples]
    level: "warning"
    schema: {"loadingURI":"#","pointer":"/items/properties/id"}
    domain: "syntax"
    ignored: ["examples"]
warning: the following keywords are unknown and will be ignored: [examples]
    level: "warning"
    schema: {"loadingURI":"#","pointer":"/items/properties/nome"}
    domain: "syntax"
    ignored: ["examples"]
warning: the following keywords are unknown and will be ignored: [examples]
    level: "warning"
    schema: {"loadingURI":"#","pointer":"/items/properties/parcelas"}
    domain: "syntax"
    ignored: ["examples"]
warning: the following keywords are unknown and will be ignored: [examples]
    level: "warning"
    schema: {"loadingURI":"#","pointer":"/items/properties/seguro"}
    domain: "syntax"
    ignored: ["examples"]
warning: the following keywords are unknown and will be ignored: [examples]
    level: "warning"
    schema: {"loadingURI":"#","pointer":"/items/properties/valor"}
    domain: "syntax"
    ignored: ["examples"]
warning: the following keywords are unknown and will be ignored: [examples]
    level: "warning"
    schema: {"loadingURI":"#","pointer":"/items"}
    domain: "syntax"
    ignored: ["examples"]
warning: the following keywords are unknown and will be ignored: [examples]
    level: "warning"
    schema: {"loadingURI":"#","pointer":"/items/properties/cpf"}
    domain: "syntax"
    ignored: ["examples"]
warning: the following keywords are unknown and will be ignored: [examples]
    level: "warning"
    schema: {"loadingURI":"#","pointer":"/items/properties/email"}
    domain: "syntax"
    ignored: ["examples"]
warning: the following keywords are unknown and will be ignored: [examples]
    level: "warning"
    schema: {"loadingURI":"#","pointer":"/items/properties/id"}
    domain: "syntax"
    ignored: ["examples"]
warning: the following keywords are unknown and will be ignored: [examples]
    level: "warning"
    schema: {"loadingURI":"#","pointer":"/items/properties/nome"}
    domain: "syntax"
    ignored: ["examples"]
warning: the following keywords are unknown and will be ignored: [examples]
    level: "warning"
    schema: {"loadingURI":"#","pointer":"/items/properties/parcelas"}
    domain: "syntax"
    ignored: ["examples"]
warning: the following keywords are unknown and will be ignored: [examples]
    level: "warning"
    schema: {"loadingURI":"#","pointer":"/items/properties/seguro"}
    domain: "syntax"
    ignored: ["examples"]
warning: the following keywords are unknown and will be ignored: [examples]
    level: "warning"
    schema: {"loadingURI":"#","pointer":"/items/properties/valor"}
    domain: "syntax"
    ignored: ["examples"]
warning: the following keywords are unknown and will be ignored: [examples]
    level: "warning"
    schema: {"loadingURI":"#","pointer":"/items"}
    domain: "syntax"
    ignored: ["examples"]
warning: the following keywords are unknown and will be ignored: [examples]
    level: "warning"
    schema: {"loadingURI":"#","pointer":"/items/properties/cpf"}
    domain: "syntax"
    ignored: ["examples"]
warning: the following keywords are unknown and will be ignored: [examples]
    level: "warning"
    schema: {"loadingURI":"#","pointer":"/items/properties/email"}
    domain: "syntax"
    ignored: ["examples"]
warning: the following keywords are unknown and will be ignored: [examples]
    level: "warning"
    schema: {"loadingURI":"#","pointer":"/items/properties/id"}
    domain: "syntax"
    ignored: ["examples"]
warning: the following keywords are unknown and will be ignored: [examples]
    level: "warning"
    schema: {"loadingURI":"#","pointer":"/items/properties/nome"}
    domain: "syntax"
    ignored: ["examples"]
warning: the following keywords are unknown and will be ignored: [examples]
    level: "warning"
    schema: {"loadingURI":"#","pointer":"/items/properties/parcelas"}
    domain: "syntax"
    ignored: ["examples"]
warning: the following keywords are unknown and will be ignored: [examples]
    level: "warning"
    schema: {"loadingURI":"#","pointer":"/items/properties/seguro"}
    domain: "syntax"
    ignored: ["examples"]
warning: the following keywords are unknown and will be ignored: [examples]
    level: "warning"
    schema: {"loadingURI":"#","pointer":"/items/properties/valor"}
    domain: "syntax"
    ignored: ["examples"]
warning: the following keywords are unknown and will be ignored: [examples]
    level: "warning"
    schema: {"loadingURI":"#","pointer":"/items"}
    domain: "syntax"
    ignored: ["examples"]
warning: the following keywords are unknown and will be ignored: [examples]
    level: "warning"
    schema: {"loadingURI":"#","pointer":"/items/properties/cpf"}
    domain: "syntax"
    ignored: ["examples"]
warning: the following keywords are unknown and will be ignored: [examples]
    level: "warning"
    schema: {"loadingURI":"#","pointer":"/items/properties/email"}
    domain: "syntax"
    ignored: ["examples"]
warning: the following keywords are unknown and will be ignored: [examples]
    level: "warning"
    schema: {"loadingURI":"#","pointer":"/items/properties/id"}
    domain: "syntax"
    ignored: ["examples"]
warning: the following keywords are unknown and will be ignored: [examples]
    level: "warning"
    schema: {"loadingURI":"#","pointer":"/items/properties/nome"}
    domain: "syntax"
    ignored: ["examples"]
warning: the following keywords are unknown and will be ignored: [examples]
    level: "warning"
    schema: {"loadingURI":"#","pointer":"/items/properties/parcelas"}
    domain: "syntax"
    ignored: ["examples"]
warning: the following keywords are unknown and will be ignored: [examples]
    level: "warning"
    schema: {"loadingURI":"#","pointer":"/items/properties/seguro"}
    domain: "syntax"
    ignored: ["examples"]
warning: the following keywords are unknown and will be ignored: [examples]
    level: "warning"
    schema: {"loadingURI":"#","pointer":"/items/properties/valor"}
    domain: "syntax"
    ignored: ["examples"]
warning: the following keywords are unknown and will be ignored: [examples]
    level: "warning"
    schema: {"loadingURI":"#","pointer":"/items"}
    domain: "syntax"
    ignored: ["examples"]
warning: the following keywords are unknown and will be ignored: [examples]
    level: "warning"
    schema: {"loadingURI":"#","pointer":"/items/properties/cpf"}
    domain: "syntax"
    ignored: ["examples"]
warning: the following keywords are unknown and will be ignored: [examples]
    level: "warning"
    schema: {"loadingURI":"#","pointer":"/items/properties/email"}
    domain: "syntax"
    ignored: ["examples"]
warning: the following keywords are unknown and will be ignored: [examples]
    level: "warning"
    schema: {"loadingURI":"#","pointer":"/items/properties/id"}
    domain: "syntax"
    ignored: ["examples"]
warning: the following keywords are unknown and will be ignored: [examples]
    level: "warning"
    schema: {"loadingURI":"#","pointer":"/items/properties/nome"}
    domain: "syntax"
    ignored: ["examples"]
warning: the following keywords are unknown and will be ignored: [examples]
    level: "warning"
    schema: {"loadingURI":"#","pointer":"/items/properties/parcelas"}
    domain: "syntax"
    ignored: ["examples"]
warning: the following keywords are unknown and will be ignored: [examples]
    level: "warning"
    schema: {"loadingURI":"#","pointer":"/items/properties/seguro"}
    domain: "syntax"
    ignored: ["examples"]
warning: the following keywords are unknown and will be ignored: [examples]
    level: "warning"
    schema: {"loadingURI":"#","pointer":"/items/properties/valor"}
    domain: "syntax"
    ignored: ["examples"]
warning: the following keywords are unknown and will be ignored: [examples]
    level: "warning"
    schema: {"loadingURI":"#","pointer":"/items"}
    domain: "syntax"
    ignored: ["examples"]
warning: the following keywords are unknown and will be ignored: [examples]
    level: "warning"
    schema: {"loadingURI":"#","pointer":"/items/properties/cpf"}
    domain: "syntax"
    ignored: ["examples"]
warning: the following keywords are unknown and will be ignored: [examples]
    level: "warning"
    schema: {"loadingURI":"#","pointer":"/items/properties/email"}
    domain: "syntax"
    ignored: ["examples"]
warning: the following keywords are unknown and will be ignored: [examples]
    level: "warning"
    schema: {"loadingURI":"#","pointer":"/items/properties/id"}
    domain: "syntax"
    ignored: ["examples"]
warning: the following keywords are unknown and will be ignored: [examples]
    level: "warning"
    schema: {"loadingURI":"#","pointer":"/items/properties/nome"}
    domain: "syntax"
    ignored: ["examples"]
warning: the following keywords are unknown and will be ignored: [examples]
    level: "warning"
    schema: {"loadingURI":"#","pointer":"/items/properties/parcelas"}
    domain: "syntax"
    ignored: ["examples"]
warning: the following keywords are unknown and will be ignored: [examples]
    level: "warning"
    schema: {"loadingURI":"#","pointer":"/items/properties/seguro"}
    domain: "syntax"
    ignored: ["examples"]
warning: the following keywords are unknown and will be ignored: [examples]
    level: "warning"
    schema: {"loadingURI":"#","pointer":"/items/properties/valor"}
    domain: "syntax"
    ignored: ["examples"]
warning: the following keywords are unknown and will be ignored: [examples]
    level: "warning"
    schema: {"loadingURI":"#","pointer":"/items"}
    domain: "syntax"
    ignored: ["examples"]
warning: the following keywords are unknown and will be ignored: [examples]
    level: "warning"
    schema: {"loadingURI":"#","pointer":"/items/properties/cpf"}
    domain: "syntax"
    ignored: ["examples"]
warning: the following keywords are unknown and will be ignored: [examples]
    level: "warning"
    schema: {"loadingURI":"#","pointer":"/items/properties/email"}
    domain: "syntax"
    ignored: ["examples"]
warning: the following keywords are unknown and will be ignored: [examples]
    level: "warning"
    schema: {"loadingURI":"#","pointer":"/items/properties/id"}
    domain: "syntax"
    ignored: ["examples"]
warning: the following keywords are unknown and will be ignored: [examples]
    level: "warning"
    schema: {"loadingURI":"#","pointer":"/items/properties/nome"}
    domain: "syntax"
    ignored: ["examples"]
warning: the following keywords are unknown and will be ignored: [examples]
    level: "warning"
    schema: {"loadingURI":"#","pointer":"/items/properties/parcelas"}
    domain: "syntax"
    ignored: ["examples"]
warning: the following keywords are unknown and will be ignored: [examples]
    level: "warning"
    schema: {"loadingURI":"#","pointer":"/items/properties/seguro"}
    domain: "syntax"
    ignored: ["examples"]
warning: the following keywords are unknown and will be ignored: [examples]
    level: "warning"
    schema: {"loadingURI":"#","pointer":"/items/properties/valor"}
    domain: "syntax"
    ignored: ["examples"]
warning: the following keywords are unknown and will be ignored: [examples]
    level: "warning"
    schema: {"loadingURI":"#","pointer":"/items"}
    domain: "syntax"
    ignored: ["examples"]
warning: the following keywords are unknown and will be ignored: [examples]
    level: "warning"
    schema: {"loadingURI":"#","pointer":"/items/properties/cpf"}
    domain: "syntax"
    ignored: ["examples"]
warning: the following keywords are unknown and will be ignored: [examples]
    level: "warning"
    schema: {"loadingURI":"#","pointer":"/items/properties/email"}
    domain: "syntax"
    ignored: ["examples"]
warning: the following keywords are unknown and will be ignored: [examples]
    level: "warning"
    schema: {"loadingURI":"#","pointer":"/items/properties/id"}
    domain: "syntax"
    ignored: ["examples"]
warning: the following keywords are unknown and will be ignored: [examples]
    level: "warning"
    schema: {"loadingURI":"#","pointer":"/items/properties/nome"}
    domain: "syntax"
    ignored: ["examples"]
warning: the following keywords are unknown and will be ignored: [examples]
    level: "warning"
    schema: {"loadingURI":"#","pointer":"/items/properties/parcelas"}
    domain: "syntax"
    ignored: ["examples"]
warning: the following keywords are unknown and will be ignored: [examples]
    level: "warning"
    schema: {"loadingURI":"#","pointer":"/items/properties/seguro"}
    domain: "syntax"
    ignored: ["examples"]
warning: the following keywords are unknown and will be ignored: [examples]
    level: "warning"
    schema: {"loadingURI":"#","pointer":"/items/properties/valor"}
    domain: "syntax"
    ignored: ["examples"]
warning: the following keywords are unknown and will be ignored: [examples]
    level: "warning"
    schema: {"loadingURI":"#","pointer":"/items"}
    domain: "syntax"
    ignored: ["examples"]
warning: the following keywords are unknown and will be ignored: [examples]
    level: "warning"
    schema: {"loadingURI":"#","pointer":"/items/properties/cpf"}
    domain: "syntax"
    ignored: ["examples"]
warning: the following keywords are unknown and will be ignored: [examples]
    level: "warning"
    schema: {"loadingURI":"#","pointer":"/items/properties/email"}
    domain: "syntax"
    ignored: ["examples"]
warning: the following keywords are unknown and will be ignored: [examples]
    level: "warning"
    schema: {"loadingURI":"#","pointer":"/items/properties/id"}
    domain: "syntax"
    ignored: ["examples"]
warning: the following keywords are unknown and will be ignored: [examples]
    level: "warning"
    schema: {"loadingURI":"#","pointer":"/items/properties/nome"}
    domain: "syntax"
    ignored: ["examples"]
warning: the following keywords are unknown and will be ignored: [examples]
    level: "warning"
    schema: {"loadingURI":"#","pointer":"/items/properties/parcelas"}
    domain: "syntax"
    ignored: ["examples"]
warning: the following keywords are unknown and will be ignored: [examples]
    level: "warning"
    schema: {"loadingURI":"#","pointer":"/items/properties/seguro"}
    domain: "syntax"
    ignored: ["examples"]
warning: the following keywords are unknown and will be ignored: [examples]
    level: "warning"
    schema: {"loadingURI":"#","pointer":"/items/properties/valor"}
    domain: "syntax"
    ignored: ["examples"]
warning: the following keywords are unknown and will be ignored: [examples]
    level: "warning"
    schema: {"loadingURI":"#","pointer":"/items"}
    domain: "syntax"
    ignored: ["examples"]
warning: the following keywords are unknown and will be ignored: [examples]
    level: "warning"
    schema: {"loadingURI":"#","pointer":"/items/properties/cpf"}
    domain: "syntax"
    ignored: ["examples"]
warning: the following keywords are unknown and will be ignored: [examples]
    level: "warning"
    schema: {"loadingURI":"#","pointer":"/items/properties/email"}
    domain: "syntax"
    ignored: ["examples"]
warning: the following keywords are unknown and will be ignored: [examples]
    level: "warning"
    schema: {"loadingURI":"#","pointer":"/items/properties/id"}
    domain: "syntax"
    ignored: ["examples"]
warning: the following keywords are unknown and will be ignored: [examples]
    level: "warning"
    schema: {"loadingURI":"#","pointer":"/items/properties/nome"}
    domain: "syntax"
    ignored: ["examples"]
warning: the following keywords are unknown and will be ignored: [examples]
    level: "warning"
    schema: {"loadingURI":"#","pointer":"/items/properties/parcelas"}
    domain: "syntax"
    ignored: ["examples"]
warning: the following keywords are unknown and will be ignored: [examples]
    level: "warning"
    schema: {"loadingURI":"#","pointer":"/items/properties/seguro"}
    domain: "syntax"
    ignored: ["examples"]
warning: the following keywords are unknown and will be ignored: [examples]
    level: "warning"
    schema: {"loadingURI":"#","pointer":"/items/properties/valor"}
    domain: "syntax"
    ignored: ["examples"]
warning: the following keywords are unknown and will be ignored: [examples]
    level: "warning"
    schema: {"loadingURI":"#","pointer":"/items"}
    domain: "syntax"
    ignored: ["examples"]
warning: the following keywords are unknown and will be ignored: [examples]
    level: "warning"
    schema: {"loadingURI":"#","pointer":"/items/properties/cpf"}
    domain: "syntax"
    ignored: ["examples"]
warning: the following keywords are unknown and will be ignored: [examples]
    level: "warning"
    schema: {"loadingURI":"#","pointer":"/items/properties/email"}
    domain: "syntax"
    ignored: ["examples"]
warning: the following keywords are unknown and will be ignored: [examples]
    level: "warning"
    schema: {"loadingURI":"#","pointer":"/items/properties/id"}
    domain: "syntax"
    ignored: ["examples"]
warning: the following keywords are unknown and will be ignored: [examples]
    level: "warning"
    schema: {"loadingURI":"#","pointer":"/items/properties/nome"}
    domain: "syntax"
    ignored: ["examples"]
warning: the following keywords are unknown and will be ignored: [examples]
    level: "warning"
    schema: {"loadingURI":"#","pointer":"/items/properties/parcelas"}
    domain: "syntax"
    ignored: ["examples"]
warning: the following keywords are unknown and will be ignored: [examples]
    level: "warning"
    schema: {"loadingURI":"#","pointer":"/items/properties/seguro"}
    domain: "syntax"
    ignored: ["examples"]
warning: the following keywords are unknown and will be ignored: [examples]
    level: "warning"
    schema: {"loadingURI":"#","pointer":"/items/properties/valor"}
    domain: "syntax"
    ignored: ["examples"]
warning: the following keywords are unknown and will be ignored: [examples]
    level: "warning"
    schema: {"loadingURI":"#","pointer":"/items"}
    domain: "syntax"
    ignored: ["examples"]
warning: the following keywords are unknown and will be ignored: [examples]
    level: "warning"
    schema: {"loadingURI":"#","pointer":"/items/properties/cpf"}
    domain: "syntax"
    ignored: ["examples"]
warning: the following keywords are unknown and will be ignored: [examples]
    level: "warning"
    schema: {"loadingURI":"#","pointer":"/items/properties/email"}
    domain: "syntax"
    ignored: ["examples"]
warning: the following keywords are unknown and will be ignored: [examples]
    level: "warning"
    schema: {"loadingURI":"#","pointer":"/items/properties/id"}
    domain: "syntax"
    ignored: ["examples"]
warning: the following keywords are unknown and will be ignored: [examples]
    level: "warning"
    schema: {"loadingURI":"#","pointer":"/items/properties/nome"}
    domain: "syntax"
    ignored: ["examples"]
warning: the following keywords are unknown and will be ignored: [examples]
    level: "warning"
    schema: {"loadingURI":"#","pointer":"/items/properties/parcelas"}
    domain: "syntax"
    ignored: ["examples"]
warning: the following keywords are unknown and will be ignored: [examples]
    level: "warning"
    schema: {"loadingURI":"#","pointer":"/items/properties/seguro"}
    domain: "syntax"
    ignored: ["examples"]
warning: the following keywords are unknown and will be ignored: [examples]
    level: "warning"
    schema: {"loadingURI":"#","pointer":"/items/properties/valor"}
    domain: "syntax"
    ignored: ["examples"]
warning: the following keywords are unknown and will be ignored: [examples]
    level: "warning"
    schema: {"loadingURI":"#","pointer":"/items"}
    domain: "syntax"
    ignored: ["examples"]
warning: the following keywords are unknown and will be ignored: [examples]
    level: "warning"
    schema: {"loadingURI":"#","pointer":"/items/properties/cpf"}
    domain: "syntax"
    ignored: ["examples"]
warning: the following keywords are unknown and will be ignored: [examples]
    level: "warning"
    schema: {"loadingURI":"#","pointer":"/items/properties/email"}
    domain: "syntax"
    ignored: ["examples"]
warning: the following keywords are unknown and will be ignored: [examples]
    level: "warning"
    schema: {"loadingURI":"#","pointer":"/items/properties/id"}
    domain: "syntax"
    ignored: ["examples"]
warning: the following keywords are unknown and will be ignored: [examples]
    level: "warning"
    schema: {"loadingURI":"#","pointer":"/items/properties/nome"}
    domain: "syntax"
    ignored: ["examples"]
warning: the following keywords are unknown and will be ignored: [examples]
    level: "warning"
    schema: {"loadingURI":"#","pointer":"/items/properties/parcelas"}
    domain: "syntax"
    ignored: ["examples"]
warning: the following keywords are unknown and will be ignored: [examples]
    level: "warning"
    schema: {"loadingURI":"#","pointer":"/items/properties/seguro"}
    domain: "syntax"
    ignored: ["examples"]
warning: the following keywords are unknown and will be ignored: [examples]
    level: "warning"
    schema: {"loadingURI":"#","pointer":"/items/properties/valor"}
    domain: "syntax"
    ignored: ["examples"]
warning: the following keywords are unknown and will be ignored: [examples]
    level: "warning"
    schema: {"loadingURI":"#","pointer":"/items"}
    domain: "syntax"
    ignored: ["examples"]
warning: the following keywords are unknown and will be ignored: [examples]
    level: "warning"
    schema: {"loadingURI":"#","pointer":"/items/properties/cpf"}
    domain: "syntax"
    ignored: ["examples"]
warning: the following keywords are unknown and will be ignored: [examples]
    level: "warning"
    schema: {"loadingURI":"#","pointer":"/items/properties/email"}
    domain: "syntax"
    ignored: ["examples"]
warning: the following keywords are unknown and will be ignored: [examples]
    level: "warning"
    schema: {"loadingURI":"#","pointer":"/items/properties/id"}
    domain: "syntax"
    ignored: ["examples"]
warning: the following keywords are unknown and will be ignored: [examples]
    level: "warning"
    schema: {"loadingURI":"#","pointer":"/items/properties/nome"}
    domain: "syntax"
    ignored: ["examples"]
warning: the following keywords are unknown and will be ignored: [examples]
    level: "warning"
    schema: {"loadingURI":"#","pointer":"/items/properties/parcelas"}
    domain: "syntax"
    ignored: ["examples"]
warning: the following keywords are unknown and will be ignored: [examples]
    level: "warning"
    schema: {"loadingURI":"#","pointer":"/items/properties/seguro"}
    domain: "syntax"
    ignored: ["examples"]
warning: the following keywords are unknown and will be ignored: [examples]
    level: "warning"
    schema: {"loadingURI":"#","pointer":"/items/properties/valor"}
    domain: "syntax"
    ignored: ["examples"]
warning: the following keywords are unknown and will be ignored: [examples]
    level: "warning"
    schema: {"loadingURI":"#","pointer":"/items"}
    domain: "syntax"
    ignored: ["examples"]
warning: the following keywords are unknown and will be ignored: [examples]
    level: "warning"
    schema: {"loadingURI":"#","pointer":"/items/properties/cpf"}
    domain: "syntax"
    ignored: ["examples"]
warning: the following keywords are unknown and will be ignored: [examples]
    level: "warning"
    schema: {"loadingURI":"#","pointer":"/items/properties/email"}
    domain: "syntax"
    ignored: ["examples"]
warning: the following keywords are unknown and will be ignored: [examples]
    level: "warning"
    schema: {"loadingURI":"#","pointer":"/items/properties/id"}
    domain: "syntax"
    ignored: ["examples"]
warning: the following keywords are unknown and will be ignored: [examples]
    level: "warning"
    schema: {"loadingURI":"#","pointer":"/items/properties/nome"}
    domain: "syntax"
    ignored: ["examples"]
warning: the following keywords are unknown and will be ignored: [examples]
    level: "warning"
    schema: {"loadingURI":"#","pointer":"/items/properties/parcelas"}
    domain: "syntax"
    ignored: ["examples"]
warning: the following keywords are unknown and will be ignored: [examples]
    level: "warning"
    schema: {"loadingURI":"#","pointer":"/items/properties/seguro"}
    domain: "syntax"
    ignored: ["examples"]
warning: the following keywords are unknown and will be ignored: [examples]
    level: "warning"
    schema: {"loadingURI":"#","pointer":"/items/properties/valor"}
    domain: "syntax"
    ignored: ["examples"]
warning: the following keywords are unknown and will be ignored: [examples]
    level: "warning"
    schema: {"loadingURI":"#","pointer":"/items"}
    domain: "syntax"
    ignored: ["examples"]
warning: the following keywords are unknown and will be ignored: [examples]
    level: "warning"
    schema: {"loadingURI":"#","pointer":"/items/properties/cpf"}
    domain: "syntax"
    ignored: ["examples"]
warning: the following keywords are unknown and will be ignored: [examples]
    level: "warning"
    schema: {"loadingURI":"#","pointer":"/items/properties/email"}
    domain: "syntax"
    ignored: ["examples"]
warning: the following keywords are unknown and will be ignored: [examples]
    level: "warning"
    schema: {"loadingURI":"#","pointer":"/items/properties/id"}
    domain: "syntax"
    ignored: ["examples"]
warning: the following keywords are unknown and will be ignored: [examples]
    level: "warning"
    schema: {"loadingURI":"#","pointer":"/items/properties/nome"}
    domain: "syntax"
    ignored: ["examples"]
warning: the following keywords are unknown and will be ignored: [examples]
    level: "warning"
    schema: {"loadingURI":"#","pointer":"/items/properties/parcelas"}
    domain: "syntax"
    ignored: ["examples"]
warning: the following keywords are unknown and will be ignored: [examples]
    level: "warning"
    schema: {"loadingURI":"#","pointer":"/items/properties/seguro"}
    domain: "syntax"
    ignored: ["examples"]
warning: the following keywords are unknown and will be ignored: [examples]
    level: "warning"
    schema: {"loadingURI":"#","pointer":"/items/properties/valor"}
    domain: "syntax"
    ignored: ["examples"]
warning: the following keywords are unknown and will be ignored: [examples]
    level: "warning"
    schema: {"loadingURI":"#","pointer":"/items"}
    domain: "syntax"
    ignored: ["examples"]
warning: the following keywords are unknown and will be ignored: [examples]
    level: "warning"
    schema: {"loadingURI":"#","pointer":"/items/properties/cpf"}
    domain: "syntax"
    ignored: ["examples"]
warning: the following keywords are unknown and will be ignored: [examples]
    level: "warning"
    schema: {"loadingURI":"#","pointer":"/items/properties/email"}
    domain: "syntax"
    ignored: ["examples"]
warning: the following keywords are unknown and will be ignored: [examples]
    level: "warning"
    schema: {"loadingURI":"#","pointer":"/items/properties/id"}
    domain: "syntax"
    ignored: ["examples"]
warning: the following keywords are unknown and will be ignored: [examples]
    level: "warning"
    schema: {"loadingURI":"#","pointer":"/items/properties/nome"}
    domain: "syntax"
    ignored: ["examples"]
warning: the following keywords are unknown and will be ignored: [examples]
    level: "warning"
    schema: {"loadingURI":"#","pointer":"/items/properties/parcelas"}
    domain: "syntax"
    ignored: ["examples"]
warning: the following keywords are unknown and will be ignored: [examples]
    level: "warning"
    schema: {"loadingURI":"#","pointer":"/items/properties/seguro"}
    domain: "syntax"
    ignored: ["examples"]
warning: the following keywords are unknown and will be ignored: [examples]
    level: "warning"
    schema: {"loadingURI":"#","pointer":"/items/properties/valor"}
    domain: "syntax"
    ignored: ["examples"]
warning: the following keywords are unknown and will be ignored: [examples]
    level: "warning"
    schema: {"loadingURI":"#","pointer":"/items"}
    domain: "syntax"
    ignored: ["examples"]
warning: the following keywords are unknown and will be ignored: [examples]
    level: "warning"
    schema: {"loadingURI":"#","pointer":"/items/properties/cpf"}
    domain: "syntax"
    ignored: ["examples"]
warning: the following keywords are unknown and will be ignored: [examples]
    level: "warning"
    schema: {"loadingURI":"#","pointer":"/items/properties/email"}
    domain: "syntax"
    ignored: ["examples"]
warning: the following keywords are unknown and will be ignored: [examples]
    level: "warning"
    schema: {"loadingURI":"#","pointer":"/items/properties/id"}
    domain: "syntax"
    ignored: ["examples"]
warning: the following keywords are unknown and will be ignored: [examples]
    level: "warning"
    schema: {"loadingURI":"#","pointer":"/items/properties/nome"}
    domain: "syntax"
    ignored: ["examples"]
warning: the following keywords are unknown and will be ignored: [examples]
    level: "warning"
    schema: {"loadingURI":"#","pointer":"/items/properties/parcelas"}
    domain: "syntax"
    ignored: ["examples"]
warning: the following keywords are unknown and will be ignored: [examples]
    level: "warning"
    schema: {"loadingURI":"#","pointer":"/items/properties/seguro"}
    domain: "syntax"
    ignored: ["examples"]
warning: the following keywords are unknown and will be ignored: [examples]
    level: "warning"
    schema: {"loadingURI":"#","pointer":"/items/properties/valor"}
    domain: "syntax"
    ignored: ["examples"]
warning: the following keywords are unknown and will be ignored: [examples]
    level: "warning"
    schema: {"loadingURI":"#","pointer":"/items"}
    domain: "syntax"
    ignored: ["examples"]
warning: the following keywords are unknown and will be ignored: [examples]
    level: "warning"
    schema: {"loadingURI":"#","pointer":"/items/properties/cpf"}
    domain: "syntax"
    ignored: ["examples"]
warning: the following keywords are unknown and will be ignored: [examples]
    level: "warning"
    schema: {"loadingURI":"#","pointer":"/items/properties/email"}
    domain: "syntax"
    ignored: ["examples"]
warning: the following keywords are unknown and will be ignored: [examples]
    level: "warning"
    schema: {"loadingURI":"#","pointer":"/items/properties/id"}
    domain: "syntax"
    ignored: ["examples"]
warning: the following keywords are unknown and will be ignored: [examples]
    level: "warning"
    schema: {"loadingURI":"#","pointer":"/items/properties/nome"}
    domain: "syntax"
    ignored: ["examples"]
warning: the following keywords are unknown and will be ignored: [examples]
    level: "warning"
    schema: {"loadingURI":"#","pointer":"/items/properties/parcelas"}
    domain: "syntax"
    ignored: ["examples"]
warning: the following keywords are unknown and will be ignored: [examples]
    level: "warning"
    schema: {"loadingURI":"#","pointer":"/items/properties/seguro"}
    domain: "syntax"
    ignored: ["examples"]
warning: the following keywords are unknown and will be ignored: [examples]
    level: "warning"
    schema: {"loadingURI":"#","pointer":"/items/properties/valor"}
    domain: "syntax"
    ignored: ["examples"]
warning: the following keywords are unknown and will be ignored: [examples]
    level: "warning"
    schema: {"loadingURI":"#","pointer":"/items"}
    domain: "syntax"
    ignored: ["examples"]
warning: the following keywords are unknown and will be ignored: [examples]
    level: "warning"
    schema: {"loadingURI":"#","pointer":"/items/properties/cpf"}
    domain: "syntax"
    ignored: ["examples"]
warning: the following keywords are unknown and will be ignored: [examples]
    level: "warning"
    schema: {"loadingURI":"#","pointer":"/items/properties/email"}
    domain: "syntax"
    ignored: ["examples"]
warning: the following keywords are unknown and will be ignored: [examples]
    level: "warning"
    schema: {"loadingURI":"#","pointer":"/items/properties/id"}
    domain: "syntax"
    ignored: ["examples"]
warning: the following keywords are unknown and will be ignored: [examples]
    level: "warning"
    schema: {"loadingURI":"#","pointer":"/items/properties/nome"}
    domain: "syntax"
    ignored: ["examples"]
warning: the following keywords are unknown and will be ignored: [examples]
    level: "warning"
    schema: {"loadingURI":"#","pointer":"/items/properties/parcelas"}
    domain: "syntax"
    ignored: ["examples"]
warning: the following keywords are unknown and will be ignored: [examples]
    level: "warning"
    schema: {"loadingURI":"#","pointer":"/items/properties/seguro"}
    domain: "syntax"
    ignored: ["examples"]
warning: the following keywords are unknown and will be ignored: [examples]
    level: "warning"
    schema: {"loadingURI":"#","pointer":"/items/properties/valor"}
    domain: "syntax"
    ignored: ["examples"]
warning: the following keywords are unknown and will be ignored: [examples]
    level: "warning"
    schema: {"loadingURI":"#","pointer":"/items"}
    domain: "syntax"
    ignored: ["examples"]
warning: the following keywords are unknown and will be ignored: [examples]
    level: "warning"
    schema: {"loadingURI":"#","pointer":"/items/properties/cpf"}
    domain: "syntax"
    ignored: ["examples"]
warning: the following keywords are unknown and will be ignored: [examples]
    level: "warning"
    schema: {"loadingURI":"#","pointer":"/items/properties/email"}
    domain: "syntax"
    ignored: ["examples"]
warning: the following keywords are unknown and will be ignored: [examples]
    level: "warning"
    schema: {"loadingURI":"#","pointer":"/items/properties/id"}
    domain: "syntax"
    ignored: ["examples"]
warning: the following keywords are unknown and will be ignored: [examples]
    level: "warning"
    schema: {"loadingURI":"#","pointer":"/items/properties/nome"}
    domain: "syntax"
    ignored: ["examples"]
warning: the following keywords are unknown and will be ignored: [examples]
    level: "warning"
    schema: {"loadingURI":"#","pointer":"/items/properties/parcelas"}
    domain: "syntax"
    ignored: ["examples"]
warning: the following keywords are unknown and will be ignored: [examples]
    level: "warning"
    schema: {"loadingURI":"#","pointer":"/items/properties/seguro"}
    domain: "syntax"
    ignored: ["examples"]
warning: the following keywords are unknown and will be ignored: [examples]
    level: "warning"
    schema: {"loadingURI":"#","pointer":"/items/properties/valor"}
    domain: "syntax"
    ignored: ["examples"]
warning: the following keywords are unknown and will be ignored: [examples]
    level: "warning"
    schema: {"loadingURI":"#","pointer":"/items"}
    domain: "syntax"
    ignored: ["examples"]
warning: the following keywords are unknown and will be ignored: [examples]
    level: "warning"
    schema: {"loadingURI":"#","pointer":"/items/properties/cpf"}
    domain: "syntax"
    ignored: ["examples"]
warning: the following keywords are unknown and will be ignored: [examples]
    level: "warning"
    schema: {"loadingURI":"#","pointer":"/items/properties/email"}
    domain: "syntax"
    ignored: ["examples"]
warning: the following keywords are unknown and will be ignored: [examples]
    level: "warning"
    schema: {"loadingURI":"#","pointer":"/items/properties/id"}
    domain: "syntax"
    ignored: ["examples"]
warning: the following keywords are unknown and will be ignored: [examples]
    level: "warning"
    schema: {"loadingURI":"#","pointer":"/items/properties/nome"}
    domain: "syntax"
    ignored: ["examples"]
warning: the following keywords are unknown and will be ignored: [examples]
    level: "warning"
    schema: {"loadingURI":"#","pointer":"/items/properties/parcelas"}
    domain: "syntax"
    ignored: ["examples"]
warning: the following keywords are unknown and will be ignored: [examples]
    level: "warning"
    schema: {"loadingURI":"#","pointer":"/items/properties/seguro"}
    domain: "syntax"
    ignored: ["examples"]
warning: the following keywords are unknown and will be ignored: [examples]
    level: "warning"
    schema: {"loadingURI":"#","pointer":"/items/properties/valor"}
    domain: "syntax"
    ignored: ["examples"]
warning: the following keywords are unknown and will be ignored: [examples]
    level: "warning"
    schema: {"loadingURI":"#","pointer":"/items"}
    domain: "syntax"
    ignored: ["examples"]
warning: the following keywords are unknown and will be ignored: [examples]
    level: "warning"
    schema: {"loadingURI":"#","pointer":"/items/properties/cpf"}
    domain: "syntax"
    ignored: ["examples"]
warning: the following keywords are unknown and will be ignored: [examples]
    level: "warning"
    schema: {"loadingURI":"#","pointer":"/items/properties/email"}
    domain: "syntax"
    ignored: ["examples"]
warning: the following keywords are unknown and will be ignored: [examples]
    level: "warning"
    schema: {"loadingURI":"#","pointer":"/items/properties/id"}
    domain: "syntax"
    ignored: ["examples"]
warning: the following keywords are unknown and will be ignored: [examples]
    level: "warning"
    schema: {"loadingURI":"#","pointer":"/items/properties/nome"}
    domain: "syntax"
    ignored: ["examples"]
warning: the following keywords are unknown and will be ignored: [examples]
    level: "warning"
    schema: {"loadingURI":"#","pointer":"/items/properties/parcelas"}
    domain: "syntax"
    ignored: ["examples"]
warning: the following keywords are unknown and will be ignored: [examples]
    level: "warning"
    schema: {"loadingURI":"#","pointer":"/items/properties/seguro"}
    domain: "syntax"
    ignored: ["examples"]
warning: the following keywords are unknown and will be ignored: [examples]
    level: "warning"
    schema: {"loadingURI":"#","pointer":"/items/properties/valor"}
    domain: "syntax"
    ignored: ["examples"]
warning: the following keywords are unknown and will be ignored: [examples]
    level: "warning"
    schema: {"loadingURI":"#","pointer":"/items"}
    domain: "syntax"
    ignored: ["examples"]
warning: the following keywords are unknown and will be ignored: [examples]
    level: "warning"
    schema: {"loadingURI":"#","pointer":"/items/properties/cpf"}
    domain: "syntax"
    ignored: ["examples"]
warning: the following keywords are unknown and will be ignored: [examples]
    level: "warning"
    schema: {"loadingURI":"#","pointer":"/items/properties/email"}
    domain: "syntax"
    ignored: ["examples"]
warning: the following keywords are unknown and will be ignored: [examples]
    level: "warning"
    schema: {"loadingURI":"#","pointer":"/items/properties/id"}
    domain: "syntax"
    ignored: ["examples"]
warning: the following keywords are unknown and will be ignored: [examples]
    level: "warning"
    schema: {"loadingURI":"#","pointer":"/items/properties/nome"}
    domain: "syntax"
    ignored: ["examples"]
warning: the following keywords are unknown and will be ignored: [examples]
    level: "warning"
    schema: {"loadingURI":"#","pointer":"/items/properties/parcelas"}
    domain: "syntax"
    ignored: ["examples"]
warning: the following keywords are unknown and will be ignored: [examples]
    level: "warning"
    schema: {"loadingURI":"#","pointer":"/items/properties/seguro"}
    domain: "syntax"
    ignored: ["examples"]
warning: the following keywords are unknown and will be ignored: [examples]
    level: "warning"
    schema: {"loadingURI":"#","pointer":"/items/properties/valor"}
    domain: "syntax"
    ignored: ["examples"]
warning: the following keywords are unknown and will be ignored: [examples]
    level: "warning"
    schema: {"loadingURI":"#","pointer":"/items"}
    domain: "syntax"
    ignored: ["examples"]
warning: the following keywords are unknown and will be ignored: [examples]
    level: "warning"
    schema: {"loadingURI":"#","pointer":"/items/properties/cpf"}
    domain: "syntax"
    ignored: ["examples"]
warning: the following keywords are unknown and will be ignored: [examples]
    level: "warning"
    schema: {"loadingURI":"#","pointer":"/items/properties/email"}
    domain: "syntax"
    ignored: ["examples"]
warning: the following keywords are unknown and will be ignored: [examples]
    level: "warning"
    schema: {"loadingURI":"#","pointer":"/items/properties/id"}
    domain: "syntax"
    ignored: ["examples"]
warning: the following keywords are unknown and will be ignored: [examples]
    level: "warning"
    schema: {"loadingURI":"#","pointer":"/items/properties/nome"}
    domain: "syntax"
    ignored: ["examples"]
warning: the following keywords are unknown and will be ignored: [examples]
    level: "warning"
    schema: {"loadingURI":"#","pointer":"/items/properties/parcelas"}
    domain: "syntax"
    ignored: ["examples"]
warning: the following keywords are unknown and will be ignored: [examples]
    level: "warning"
    schema: {"loadingURI":"#","pointer":"/items/properties/seguro"}
    domain: "syntax"
    ignored: ["examples"]
warning: the following keywords are unknown and will be ignored: [examples]
    level: "warning"
    schema: {"loadingURI":"#","pointer":"/items/properties/valor"}
    domain: "syntax"
    ignored: ["examples"]
warning: the following keywords are unknown and will be ignored: [examples]
    level: "warning"
    schema: {"loadingURI":"#","pointer":"/items"}
    domain: "syntax"
    ignored: ["examples"]
warning: the following keywords are unknown and will be ignored: [examples]
    level: "warning"
    schema: {"loadingURI":"#","pointer":"/items/properties/cpf"}
    domain: "syntax"
    ignored: ["examples"]
warning: the following keywords are unknown and will be ignored: [examples]
    level: "warning"
    schema: {"loadingURI":"#","pointer":"/items/properties/email"}
    domain: "syntax"
    ignored: ["examples"]
warning: the following keywords are unknown and will be ignored: [examples]
    level: "warning"
    schema: {"loadingURI":"#","pointer":"/items/properties/id"}
    domain: "syntax"
    ignored: ["examples"]
warning: the following keywords are unknown and will be ignored: [examples]
    level: "warning"
    schema: {"loadingURI":"#","pointer":"/items/properties/nome"}
    domain: "syntax"
    ignored: ["examples"]
warning: the following keywords are unknown and will be ignored: [examples]
    level: "warning"
    schema: {"loadingURI":"#","pointer":"/items/properties/parcelas"}
    domain: "syntax"
    ignored: ["examples"]
warning: the following keywords are unknown and will be ignored: [examples]
    level: "warning"
    schema: {"loadingURI":"#","pointer":"/items/properties/seguro"}
    domain: "syntax"
    ignored: ["examples"]
warning: the following keywords are unknown and will be ignored: [examples]
    level: "warning"
    schema: {"loadingURI":"#","pointer":"/items/properties/valor"}
    domain: "syntax"
    ignored: ["examples"]
warning: the following keywords are unknown and will be ignored: [examples]
    level: "warning"
    schema: {"loadingURI":"#","pointer":"/items"}
    domain: "syntax"
    ignored: ["examples"]
warning: the following keywords are unknown and will be ignored: [examples]
    level: "warning"
    schema: {"loadingURI":"#","pointer":"/items/properties/cpf"}
    domain: "syntax"
    ignored: ["examples"]
warning: the following keywords are unknown and will be ignored: [examples]
    level: "warning"
    schema: {"loadingURI":"#","pointer":"/items/properties/email"}
    domain: "syntax"
    ignored: ["examples"]
warning: the following keywords are unknown and will be ignored: [examples]
    level: "warning"
    schema: {"loadingURI":"#","pointer":"/items/properties/id"}
    domain: "syntax"
    ignored: ["examples"]
warning: the following keywords are unknown and will be ignored: [examples]
    level: "warning"
    schema: {"loadingURI":"#","pointer":"/items/properties/nome"}
    domain: "syntax"
    ignored: ["examples"]
warning: the following keywords are unknown and will be ignored: [examples]
    level: "warning"
    schema: {"loadingURI":"#","pointer":"/items/properties/parcelas"}
    domain: "syntax"
    ignored: ["examples"]
warning: the following keywords are unknown and will be ignored: [examples]
    level: "warning"
    schema: {"loadingURI":"#","pointer":"/items/properties/seguro"}
    domain: "syntax"
    ignored: ["examples"]
warning: the following keywords are unknown and will be ignored: [examples]
    level: "warning"
    schema: {"loadingURI":"#","pointer":"/items/properties/valor"}
    domain: "syntax"
    ignored: ["examples"]
warning: the following keywords are unknown and will be ignored: [examples]
    level: "warning"
    schema: {"loadingURI":"#","pointer":"/items"}
    domain: "syntax"
    ignored: ["examples"]
warning: the following keywords are unknown and will be ignored: [examples]
    level: "warning"
    schema: {"loadingURI":"#","pointer":"/items/properties/cpf"}
    domain: "syntax"
    ignored: ["examples"]
warning: the following keywords are unknown and will be ignored: [examples]
    level: "warning"
    schema: {"loadingURI":"#","pointer":"/items/properties/email"}
    domain: "syntax"
    ignored: ["examples"]
warning: the following keywords are unknown and will be ignored: [examples]
    level: "warning"
    schema: {"loadingURI":"#","pointer":"/items/properties/id"}
    domain: "syntax"
    ignored: ["examples"]
warning: the following keywords are unknown and will be ignored: [examples]
    level: "warning"
    schema: {"loadingURI":"#","pointer":"/items/properties/nome"}
    domain: "syntax"
    ignored: ["examples"]
warning: the following keywords are unknown and will be ignored: [examples]
    level: "warning"
    schema: {"loadingURI":"#","pointer":"/items/properties/parcelas"}
    domain: "syntax"
    ignored: ["examples"]
warning: the following keywords are unknown and will be ignored: [examples]
    level: "warning"
    schema: {"loadingURI":"#","pointer":"/items/properties/seguro"}
    domain: "syntax"
    ignored: ["examples"]
warning: the following keywords are unknown and will be ignored: [examples]
    level: "warning"
    schema: {"loadingURI":"#","pointer":"/items/properties/valor"}
    domain: "syntax"
    ignored: ["examples"]
warning: the following keywords are unknown and will be ignored: [examples]
    level: "warning"
    schema: {"loadingURI":"#","pointer":"/items"}
    domain: "syntax"
    ignored: ["examples"]
warning: the following keywords are unknown and will be ignored: [examples]
    level: "warning"
    schema: {"loadingURI":"#","pointer":"/items/properties/cpf"}
    domain: "syntax"
    ignored: ["examples"]
warning: the following keywords are unknown and will be ignored: [examples]
    level: "warning"
    schema: {"loadingURI":"#","pointer":"/items/properties/email"}
    domain: "syntax"
    ignored: ["examples"]
warning: the following keywords are unknown and will be ignored: [examples]
    level: "warning"
    schema: {"loadingURI":"#","pointer":"/items/properties/id"}
    domain: "syntax"
    ignored: ["examples"]
warning: the following keywords are unknown and will be ignored: [examples]
    level: "warning"
    schema: {"loadingURI":"#","pointer":"/items/properties/nome"}
    domain: "syntax"
    ignored: ["examples"]
warning: the following keywords are unknown and will be ignored: [examples]
    level: "warning"
    schema: {"loadingURI":"#","pointer":"/items/properties/parcelas"}
    domain: "syntax"
    ignored: ["examples"]
warning: the following keywords are unknown and will be ignored: [examples]
    level: "warning"
    schema: {"loadingURI":"#","pointer":"/items/properties/seguro"}
    domain: "syntax"
    ignored: ["examples"]
warning: the following keywords are unknown and will be ignored: [examples]
    level: "warning"
    schema: {"loadingURI":"#","pointer":"/items/properties/valor"}
    domain: "syntax"
    ignored: ["examples"]
warning: the following keywords are unknown and will be ignored: [examples]
    level: "warning"
    schema: {"loadingURI":"#","pointer":"/items"}
    domain: "syntax"
    ignored: ["examples"]
warning: the following keywords are unknown and will be ignored: [examples]
    level: "warning"
    schema: {"loadingURI":"#","pointer":"/items/properties/cpf"}
    domain: "syntax"
    ignored: ["examples"]
warning: the following keywords are unknown and will be ignored: [examples]
    level: "warning"
    schema: {"loadingURI":"#","pointer":"/items/properties/email"}
    domain: "syntax"
    ignored: ["examples"]
warning: the following keywords are unknown and will be ignored: [examples]
    level: "warning"
    schema: {"loadingURI":"#","pointer":"/items/properties/id"}
    domain: "syntax"
    ignored: ["examples"]
warning: the following keywords are unknown and will be ignored: [examples]
    level: "warning"
    schema: {"loadingURI":"#","pointer":"/items/properties/nome"}
    domain: "syntax"
    ignored: ["examples"]
warning: the following keywords are unknown and will be ignored: [examples]
    level: "warning"
    schema: {"loadingURI":"#","pointer":"/items/properties/parcelas"}
    domain: "syntax"
    ignored: ["examples"]
warning: the following keywords are unknown and will be ignored: [examples]
    level: "warning"
    schema: {"loadingURI":"#","pointer":"/items/properties/seguro"}
    domain: "syntax"
    ignored: ["examples"]
warning: the following keywords are unknown and will be ignored: [examples]
    level: "warning"
    schema: {"loadingURI":"#","pointer":"/items/properties/valor"}
    domain: "syntax"
    ignored: ["examples"]
warning: the following keywords are unknown and will be ignored: [examples]
    level: "warning"
    schema: {"loadingURI":"#","pointer":"/items"}
    domain: "syntax"
    ignored: ["examples"]
warning: the following keywords are unknown and will be ignored: [examples]
    level: "warning"
    schema: {"loadingURI":"#","pointer":"/items/properties/cpf"}
    domain: "syntax"
    ignored: ["examples"]
warning: the following keywords are unknown and will be ignored: [examples]
    level: "warning"
    schema: {"loadingURI":"#","pointer":"/items/properties/email"}
    domain: "syntax"
    ignored: ["examples"]
warning: the following keywords are unknown and will be ignored: [examples]
    level: "warning"
    schema: {"loadingURI":"#","pointer":"/items/properties/id"}
    domain: "syntax"
    ignored: ["examples"]
warning: the following keywords are unknown and will be ignored: [examples]
    level: "warning"
    schema: {"loadingURI":"#","pointer":"/items/properties/nome"}
    domain: "syntax"
    ignored: ["examples"]
warning: the following keywords are unknown and will be ignored: [examples]
    level: "warning"
    schema: {"loadingURI":"#","pointer":"/items/properties/parcelas"}
    domain: "syntax"
    ignored: ["examples"]
warning: the following keywords are unknown and will be ignored: [examples]
    level: "warning"
    schema: {"loadingURI":"#","pointer":"/items/properties/seguro"}
    domain: "syntax"
    ignored: ["examples"]
warning: the following keywords are unknown and will be ignored: [examples]
    level: "warning"
    schema: {"loadingURI":"#","pointer":"/items/properties/valor"}
    domain: "syntax"
    ignored: ["examples"]
warning: the following keywords are unknown and will be ignored: [examples]
    level: "warning"
    schema: {"loadingURI":"#","pointer":"/items"}
    domain: "syntax"
    ignored: ["examples"]
warning: the following keywords are unknown and will be ignored: [examples]
    level: "warning"
    schema: {"loadingURI":"#","pointer":"/items/properties/cpf"}
    domain: "syntax"
    ignored: ["examples"]
warning: the following keywords are unknown and will be ignored: [examples]
    level: "warning"
    schema: {"loadingURI":"#","pointer":"/items/properties/email"}
    domain: "syntax"
    ignored: ["examples"]
warning: the following keywords are unknown and will be ignored: [examples]
    level: "warning"
    schema: {"loadingURI":"#","pointer":"/items/properties/id"}
    domain: "syntax"
    ignored: ["examples"]
warning: the following keywords are unknown and will be ignored: [examples]
    level: "warning"
    schema: {"loadingURI":"#","pointer":"/items/properties/nome"}
    domain: "syntax"
    ignored: ["examples"]
warning: the following keywords are unknown and will be ignored: [examples]
    level: "warning"
    schema: {"loadingURI":"#","pointer":"/items/properties/parcelas"}
    domain: "syntax"
    ignored: ["examples"]
warning: the following keywords are unknown and will be ignored: [examples]
    level: "warning"
    schema: {"loadingURI":"#","pointer":"/items/properties/seguro"}
    domain: "syntax"
    ignored: ["examples"]
warning: the following keywords are unknown and will be ignored: [examples]
    level: "warning"
    schema: {"loadingURI":"#","pointer":"/items/properties/valor"}
    domain: "syntax"
    ignored: ["examples"]
warning: the following keywords are unknown and will be ignored: [examples]
    level: "warning"
    schema: {"loadingURI":"#","pointer":"/items"}
    domain: "syntax"
    ignored: ["examples"]
warning: the following keywords are unknown and will be ignored: [examples]
    level: "warning"
    schema: {"loadingURI":"#","pointer":"/items/properties/cpf"}
    domain: "syntax"
    ignored: ["examples"]
warning: the following keywords are unknown and will be ignored: [examples]
    level: "warning"
    schema: {"loadingURI":"#","pointer":"/items/properties/email"}
    domain: "syntax"
    ignored: ["examples"]
warning: the following keywords are unknown and will be ignored: [examples]
    level: "warning"
    schema: {"loadingURI":"#","pointer":"/items/properties/id"}
    domain: "syntax"
    ignored: ["examples"]
warning: the following keywords are unknown and will be ignored: [examples]
    level: "warning"
    schema: {"loadingURI":"#","pointer":"/items/properties/nome"}
    domain: "syntax"
    ignored: ["examples"]
warning: the following keywords are unknown and will be ignored: [examples]
    level: "warning"
    schema: {"loadingURI":"#","pointer":"/items/properties/parcelas"}
    domain: "syntax"
    ignored: ["examples"]
warning: the following keywords are unknown and will be ignored: [examples]
    level: "warning"
    schema: {"loadingURI":"#","pointer":"/items/properties/seguro"}
    domain: "syntax"
    ignored: ["examples"]
warning: the following keywords are unknown and will be ignored: [examples]
    level: "warning"
    schema: {"loadingURI":"#","pointer":"/items/properties/valor"}
    domain: "syntax"
    ignored: ["examples"]
warning: the following keywords are unknown and will be ignored: [examples]
    level: "warning"
    schema: {"loadingURI":"#","pointer":"/items"}
    domain: "syntax"
    ignored: ["examples"]
warning: the following keywords are unknown and will be ignored: [examples]
    level: "warning"
    schema: {"loadingURI":"#","pointer":"/items/properties/cpf"}
    domain: "syntax"
    ignored: ["examples"]
warning: the following keywords are unknown and will be ignored: [examples]
    level: "warning"
    schema: {"loadingURI":"#","pointer":"/items/properties/email"}
    domain: "syntax"
    ignored: ["examples"]
warning: the following keywords are unknown and will be ignored: [examples]
    level: "warning"
    schema: {"loadingURI":"#","pointer":"/items/properties/id"}
    domain: "syntax"
    ignored: ["examples"]
warning: the following keywords are unknown and will be ignored: [examples]
    level: "warning"
    schema: {"loadingURI":"#","pointer":"/items/properties/nome"}
    domain: "syntax"
    ignored: ["examples"]
warning: the following keywords are unknown and will be ignored: [examples]
    level: "warning"
    schema: {"loadingURI":"#","pointer":"/items/properties/parcelas"}
    domain: "syntax"
    ignored: ["examples"]
warning: the following keywords are unknown and will be ignored: [examples]
    level: "warning"
    schema: {"loadingURI":"#","pointer":"/items/properties/seguro"}
    domain: "syntax"
    ignored: ["examples"]
warning: the following keywords are unknown and will be ignored: [examples]
    level: "warning"
    schema: {"loadingURI":"#","pointer":"/items/properties/valor"}
    domain: "syntax"
    ignored: ["examples"]
warning: the following keywords are unknown and will be ignored: [examples]
    level: "warning"
    schema: {"loadingURI":"#","pointer":"/items"}
    domain: "syntax"
    ignored: ["examples"]
warning: the following keywords are unknown and will be ignored: [examples]
    level: "warning"
    schema: {"loadingURI":"#","pointer":"/items/properties/cpf"}
    domain: "syntax"
    ignored: ["examples"]
warning: the following keywords are unknown and will be ignored: [examples]
    level: "warning"
    schema: {"loadingURI":"#","pointer":"/items/properties/email"}
    domain: "syntax"
    ignored: ["examples"]
warning: the following keywords are unknown and will be ignored: [examples]
    level: "warning"
    schema: {"loadingURI":"#","pointer":"/items/properties/id"}
    domain: "syntax"
    ignored: ["examples"]
warning: the following keywords are unknown and will be ignored: [examples]
    level: "warning"
    schema: {"loadingURI":"#","pointer":"/items/properties/nome"}
    domain: "syntax"
    ignored: ["examples"]
warning: the following keywords are unknown and will be ignored: [examples]
    level: "warning"
    schema: {"loadingURI":"#","pointer":"/items/properties/parcelas"}
    domain: "syntax"
    ignored: ["examples"]
warning: the following keywords are unknown and will be ignored: [examples]
    level: "warning"
    schema: {"loadingURI":"#","pointer":"/items/properties/seguro"}
    domain: "syntax"
    ignored: ["examples"]
warning: the following keywords are unknown and will be ignored: [examples]
    level: "warning"
    schema: {"loadingURI":"#","pointer":"/items/properties/valor"}
    domain: "syntax"
    ignored: ["examples"]
warning: the following keywords are unknown and will be ignored: [examples]
    level: "warning"
    schema: {"loadingURI":"#","pointer":"/items"}
    domain: "syntax"
    ignored: ["examples"]
warning: the following keywords are unknown and will be ignored: [examples]
    level: "warning"
    schema: {"loadingURI":"#","pointer":"/items/properties/cpf"}
    domain: "syntax"
    ignored: ["examples"]
warning: the following keywords are unknown and will be ignored: [examples]
    level: "warning"
    schema: {"loadingURI":"#","pointer":"/items/properties/email"}
    domain: "syntax"
    ignored: ["examples"]
warning: the following keywords are unknown and will be ignored: [examples]
    level: "warning"
    schema: {"loadingURI":"#","pointer":"/items/properties/id"}
    domain: "syntax"
    ignored: ["examples"]
warning: the following keywords are unknown and will be ignored: [examples]
    level: "warning"
    schema: {"loadingURI":"#","pointer":"/items/properties/nome"}
    domain: "syntax"
    ignored: ["examples"]
warning: the following keywords are unknown and will be ignored: [examples]
    level: "warning"
    schema: {"loadingURI":"#","pointer":"/items/properties/parcelas"}
    domain: "syntax"
    ignored: ["examples"]
warning: the following keywords are unknown and will be ignored: [examples]
    level: "warning"
    schema: {"loadingURI":"#","pointer":"/items/properties/seguro"}
    domain: "syntax"
    ignored: ["examples"]
warning: the following keywords are unknown and will be ignored: [examples]
    level: "warning"
    schema: {"loadingURI":"#","pointer":"/items/properties/valor"}
    domain: "syntax"
    ignored: ["examples"]
warning: the following keywords are unknown and will be ignored: [examples]
    level: "warning"
    schema: {"loadingURI":"#","pointer":"/items"}
    domain: "syntax"
    ignored: ["examples"]
warning: the following keywords are unknown and will be ignored: [examples]
    level: "warning"
    schema: {"loadingURI":"#","pointer":"/items/properties/cpf"}
    domain: "syntax"
    ignored: ["examples"]
warning: the following keywords are unknown and will be ignored: [examples]
    level: "warning"
    schema: {"loadingURI":"#","pointer":"/items/properties/email"}
    domain: "syntax"
    ignored: ["examples"]
warning: the following keywords are unknown and will be ignored: [examples]
    level: "warning"
    schema: {"loadingURI":"#","pointer":"/items/properties/id"}
    domain: "syntax"
    ignored: ["examples"]
warning: the following keywords are unknown and will be ignored: [examples]
    level: "warning"
    schema: {"loadingURI":"#","pointer":"/items/properties/nome"}
    domain: "syntax"
    ignored: ["examples"]
warning: the following keywords are unknown and will be ignored: [examples]
    level: "warning"
    schema: {"loadingURI":"#","pointer":"/items/properties/parcelas"}
    domain: "syntax"
    ignored: ["examples"]
warning: the following keywords are unknown and will be ignored: [examples]
    level: "warning"
    schema: {"loadingURI":"#","pointer":"/items/properties/seguro"}
    domain: "syntax"
    ignored: ["examples"]
warning: the following keywords are unknown and will be ignored: [examples]
    level: "warning"
    schema: {"loadingURI":"#","pointer":"/items/properties/valor"}
    domain: "syntax"
    ignored: ["examples"]
warning: the following keywords are unknown and will be ignored: [examples]
    level: "warning"
    schema: {"loadingURI":"#","pointer":"/items"}
    domain: "syntax"
    ignored: ["examples"]
warning: the following keywords are unknown and will be ignored: [examples]
    level: "warning"
    schema: {"loadingURI":"#","pointer":"/items/properties/cpf"}
    domain: "syntax"
    ignored: ["examples"]
warning: the following keywords are unknown and will be ignored: [examples]
    level: "warning"
    schema: {"loadingURI":"#","pointer":"/items/properties/email"}
    domain: "syntax"
    ignored: ["examples"]
warning: the following keywords are unknown and will be ignored: [examples]
    level: "warning"
    schema: {"loadingURI":"#","pointer":"/items/properties/id"}
    domain: "syntax"
    ignored: ["examples"]
warning: the following keywords are unknown and will be ignored: [examples]
    level: "warning"
    schema: {"loadingURI":"#","pointer":"/items/properties/nome"}
    domain: "syntax"
    ignored: ["examples"]
warning: the following keywords are unknown and will be ignored: [examples]
    level: "warning"
    schema: {"loadingURI":"#","pointer":"/items/properties/parcelas"}
    domain: "syntax"
    ignored: ["examples"]
warning: the following keywords are unknown and will be ignored: [examples]
    level: "warning"
    schema: {"loadingURI":"#","pointer":"/items/properties/seguro"}
    domain: "syntax"
    ignored: ["examples"]
warning: the following keywords are unknown and will be ignored: [examples]
    level: "warning"
    schema: {"loadingURI":"#","pointer":"/items/properties/valor"}
    domain: "syntax"
    ignored: ["examples"]
warning: the following keywords are unknown and will be ignored: [examples]
    level: "warning"
    schema: {"loadingURI":"#","pointer":"/items"}
    domain: "syntax"
    ignored: ["examples"]
warning: the following keywords are unknown and will be ignored: [examples]
    level: "warning"
    schema: {"loadingURI":"#","pointer":"/items/properties/cpf"}
    domain: "syntax"
    ignored: ["examples"]
warning: the following keywords are unknown and will be ignored: [examples]
    level: "warning"
    schema: {"loadingURI":"#","pointer":"/items/properties/email"}
    domain: "syntax"
    ignored: ["examples"]
warning: the following keywords are unknown and will be ignored: [examples]
    level: "warning"
    schema: {"loadingURI":"#","pointer":"/items/properties/id"}
    domain: "syntax"
    ignored: ["examples"]
warning: the following keywords are unknown and will be ignored: [examples]
    level: "warning"
    schema: {"loadingURI":"#","pointer":"/items/properties/nome"}
    domain: "syntax"
    ignored: ["examples"]
warning: the following keywords are unknown and will be ignored: [examples]
    level: "warning"
    schema: {"loadingURI":"#","pointer":"/items/properties/parcelas"}
    domain: "syntax"
    ignored: ["examples"]
warning: the following keywords are unknown and will be ignored: [examples]
    level: "warning"
    schema: {"loadingURI":"#","pointer":"/items/properties/seguro"}
    domain: "syntax"
    ignored: ["examples"]
warning: the following keywords are unknown and will be ignored: [examples]
    level: "warning"
    schema: {"loadingURI":"#","pointer":"/items/properties/valor"}
    domain: "syntax"
    ignored: ["examples"]
warning: the following keywords are unknown and will be ignored: [examples]
    level: "warning"
    schema: {"loadingURI":"#","pointer":"/items"}
    domain: "syntax"
    ignored: ["examples"]
warning: the following keywords are unknown and will be ignored: [examples]
    level: "warning"
    schema: {"loadingURI":"#","pointer":"/items/properties/cpf"}
    domain: "syntax"
    ignored: ["examples"]
warning: the following keywords are unknown and will be ignored: [examples]
    level: "warning"
    schema: {"loadingURI":"#","pointer":"/items/properties/email"}
    domain: "syntax"
    ignored: ["examples"]
warning: the following keywords are unknown and will be ignored: [examples]
    level: "warning"
    schema: {"loadingURI":"#","pointer":"/items/properties/id"}
    domain: "syntax"
    ignored: ["examples"]
warning: the following keywords are unknown and will be ignored: [examples]
    level: "warning"
    schema: {"loadingURI":"#","pointer":"/items/properties/nome"}
    domain: "syntax"
    ignored: ["examples"]
warning: the following keywords are unknown and will be ignored: [examples]
    level: "warning"
    schema: {"loadingURI":"#","pointer":"/items/properties/parcelas"}
    domain: "syntax"
    ignored: ["examples"]
warning: the following keywords are unknown and will be ignored: [examples]
    level: "warning"
    schema: {"loadingURI":"#","pointer":"/items/properties/seguro"}
    domain: "syntax"
    ignored: ["examples"]
warning: the following keywords are unknown and will be ignored: [examples]
    level: "warning"
    schema: {"loadingURI":"#","pointer":"/items/properties/valor"}
    domain: "syntax"
    ignored: ["examples"]
warning: the following keywords are unknown and will be ignored: [examples]
    level: "warning"
    schema: {"loadingURI":"#","pointer":"/items"}
    domain: "syntax"
    ignored: ["examples"]
warning: the following keywords are unknown and will be ignored: [examples]
    level: "warning"
    schema: {"loadingURI":"#","pointer":"/items/properties/cpf"}
    domain: "syntax"
    ignored: ["examples"]
warning: the following keywords are unknown and will be ignored: [examples]
    level: "warning"
    schema: {"loadingURI":"#","pointer":"/items/properties/email"}
    domain: "syntax"
    ignored: ["examples"]
warning: the following keywords are unknown and will be ignored: [examples]
    level: "warning"
    schema: {"loadingURI":"#","pointer":"/items/properties/id"}
    domain: "syntax"
    ignored: ["examples"]
warning: the following keywords are unknown and will be ignored: [examples]
    level: "warning"
    schema: {"loadingURI":"#","pointer":"/items/properties/nome"}
    domain: "syntax"
    ignored: ["examples"]
warning: the following keywords are unknown and will be ignored: [examples]
    level: "warning"
    schema: {"loadingURI":"#","pointer":"/items/properties/parcelas"}
    domain: "syntax"
    ignored: ["examples"]
warning: the following keywords are unknown and will be ignored: [examples]
    level: "warning"
    schema: {"loadingURI":"#","pointer":"/items/properties/seguro"}
    domain: "syntax"
    ignored: ["examples"]
warning: the following keywords are unknown and will be ignored: [examples]
    level: "warning"
    schema: {"loadingURI":"#","pointer":"/items/properties/valor"}
    domain: "syntax"
    ignored: ["examples"]
warning: the following keywords are unknown and will be ignored: [examples]
    level: "warning"
    schema: {"loadingURI":"#","pointer":"/items"}
    domain: "syntax"
    ignored: ["examples"]
warning: the following keywords are unknown and will be ignored: [examples]
    level: "warning"
    schema: {"loadingURI":"#","pointer":"/items/properties/cpf"}
    domain: "syntax"
    ignored: ["examples"]
warning: the following keywords are unknown and will be ignored: [examples]
    level: "warning"
    schema: {"loadingURI":"#","pointer":"/items/properties/email"}
    domain: "syntax"
    ignored: ["examples"]
warning: the following keywords are unknown and will be ignored: [examples]
    level: "warning"
    schema: {"loadingURI":"#","pointer":"/items/properties/id"}
    domain: "syntax"
    ignored: ["examples"]
warning: the following keywords are unknown and will be ignored: [examples]
    level: "warning"
    schema: {"loadingURI":"#","pointer":"/items/properties/nome"}
    domain: "syntax"
    ignored: ["examples"]
warning: the following keywords are unknown and will be ignored: [examples]
    level: "warning"
    schema: {"loadingURI":"#","pointer":"/items/properties/parcelas"}
    domain: "syntax"
    ignored: ["examples"]
warning: the following keywords are unknown and will be ignored: [examples]
    level: "warning"
    schema: {"loadingURI":"#","pointer":"/items/properties/seguro"}
    domain: "syntax"
    ignored: ["examples"]
warning: the following keywords are unknown and will be ignored: [examples]
    level: "warning"
    schema: {"loadingURI":"#","pointer":"/items/properties/valor"}
    domain: "syntax"
    ignored: ["examples"]
warning: the following keywords are unknown and will be ignored: [examples]
    level: "warning"
    schema: {"loadingURI":"#","pointer":"/items"}
    domain: "syntax"
    ignored: ["examples"]
warning: the following keywords are unknown and will be ignored: [examples]
    level: "warning"
    schema: {"loadingURI":"#","pointer":"/items/properties/cpf"}
    domain: "syntax"
    ignored: ["examples"]
warning: the following keywords are unknown and will be ignored: [examples]
    level: "warning"
    schema: {"loadingURI":"#","pointer":"/items/properties/email"}
    domain: "syntax"
    ignored: ["examples"]
warning: the following keywords are unknown and will be ignored: [examples]
    level: "warning"
    schema: {"loadingURI":"#","pointer":"/items/properties/id"}
    domain: "syntax"
    ignored: ["examples"]
warning: the following keywords are unknown and will be ignored: [examples]
    level: "warning"
    schema: {"loadingURI":"#","pointer":"/items/properties/nome"}
    domain: "syntax"
    ignored: ["examples"]
warning: the following keywords are unknown and will be ignored: [examples]
    level: "warning"
    schema: {"loadingURI":"#","pointer":"/items/properties/parcelas"}
    domain: "syntax"
    ignored: ["examples"]
warning: the following keywords are unknown and will be ignored: [examples]
    level: "warning"
    schema: {"loadingURI":"#","pointer":"/items/properties/seguro"}
    domain: "syntax"
    ignored: ["examples"]
warning: the following keywords are unknown and will be ignored: [examples]
    level: "warning"
    schema: {"loadingURI":"#","pointer":"/items/properties/valor"}
    domain: "syntax"
    ignored: ["examples"]
warning: the following keywords are unknown and will be ignored: [examples]
    level: "warning"
    schema: {"loadingURI":"#","pointer":"/items"}
    domain: "syntax"
    ignored: ["examples"]
warning: the following keywords are unknown and will be ignored: [examples]
    level: "warning"
    schema: {"loadingURI":"#","pointer":"/items/properties/cpf"}
    domain: "syntax"
    ignored: ["examples"]
warning: the following keywords are unknown and will be ignored: [examples]
    level: "warning"
    schema: {"loadingURI":"#","pointer":"/items/properties/email"}
    domain: "syntax"
    ignored: ["examples"]
warning: the following keywords are unknown and will be ignored: [examples]
    level: "warning"
    schema: {"loadingURI":"#","pointer":"/items/properties/id"}
    domain: "syntax"
    ignored: ["examples"]
warning: the following keywords are unknown and will be ignored: [examples]
    level: "warning"
    schema: {"loadingURI":"#","pointer":"/items/properties/nome"}
    domain: "syntax"
    ignored: ["examples"]
warning: the following keywords are unknown and will be ignored: [examples]
    level: "warning"
    schema: {"loadingURI":"#","pointer":"/items/properties/parcelas"}
    domain: "syntax"
    ignored: ["examples"]
warning: the following keywords are unknown and will be ignored: [examples]
    level: "warning"
    schema: {"loadingURI":"#","pointer":"/items/properties/seguro"}
    domain: "syntax"
    ignored: ["examples"]
warning: the following keywords are unknown and will be ignored: [examples]
    level: "warning"
    schema: {"loadingURI":"#","pointer":"/items/properties/valor"}
    domain: "syntax"
    ignored: ["examples"]
warning: the following keywords are unknown and will be ignored: [examples]
    level: "warning"
    schema: {"loadingURI":"#","pointer":"/items"}
    domain: "syntax"
    ignored: ["examples"]
warning: the following keywords are unknown and will be ignored: [examples]
    level: "warning"
    schema: {"loadingURI":"#","pointer":"/items/properties/cpf"}
    domain: "syntax"
    ignored: ["examples"]
warning: the following keywords are unknown and will be ignored: [examples]
    level: "warning"
    schema: {"loadingURI":"#","pointer":"/items/properties/email"}
    domain: "syntax"
    ignored: ["examples"]
warning: the following keywords are unknown and will be ignored: [examples]
    level: "warning"
    schema: {"loadingURI":"#","pointer":"/items/properties/id"}
    domain: "syntax"
    ignored: ["examples"]
warning: the following keywords are unknown and will be ignored: [examples]
    level: "warning"
    schema: {"loadingURI":"#","pointer":"/items/properties/nome"}
    domain: "syntax"
    ignored: ["examples"]
warning: the following keywords are unknown and will be ignored: [examples]
    level: "warning"
    schema: {"loadingURI":"#","pointer":"/items/properties/parcelas"}
    domain: "syntax"
    ignored: ["examples"]
warning: the following keywords are unknown and will be ignored: [examples]
    level: "warning"
    schema: {"loadingURI":"#","pointer":"/items/properties/seguro"}
    domain: "syntax"
    ignored: ["examples"]
warning: the following keywords are unknown and will be ignored: [examples]
    level: "warning"
    schema: {"loadingURI":"#","pointer":"/items/properties/valor"}
    domain: "syntax"
    ignored: ["examples"]
warning: the following keywords are unknown and will be ignored: [examples]
    level: "warning"
    schema: {"loadingURI":"#","pointer":"/items"}
    domain: "syntax"
    ignored: ["examples"]
warning: the following keywords are unknown and will be ignored: [examples]
    level: "warning"
    schema: {"loadingURI":"#","pointer":"/items/properties/cpf"}
    domain: "syntax"
    ignored: ["examples"]
warning: the following keywords are unknown and will be ignored: [examples]
    level: "warning"
    schema: {"loadingURI":"#","pointer":"/items/properties/email"}
    domain: "syntax"
    ignored: ["examples"]
warning: the following keywords are unknown and will be ignored: [examples]
    level: "warning"
    schema: {"loadingURI":"#","pointer":"/items/properties/id"}
    domain: "syntax"
    ignored: ["examples"]
warning: the following keywords are unknown and will be ignored: [examples]
    level: "warning"
    schema: {"loadingURI":"#","pointer":"/items/properties/nome"}
    domain: "syntax"
    ignored: ["examples"]
warning: the following keywords are unknown and will be ignored: [examples]
    level: "warning"
    schema: {"loadingURI":"#","pointer":"/items/properties/parcelas"}
    domain: "syntax"
    ignored: ["examples"]
warning: the following keywords are unknown and will be ignored: [examples]
    level: "warning"
    schema: {"loadingURI":"#","pointer":"/items/properties/seguro"}
    domain: "syntax"
    ignored: ["examples"]
warning: the following keywords are unknown and will be ignored: [examples]
    level: "warning"
    schema: {"loadingURI":"#","pointer":"/items/properties/valor"}
    domain: "syntax"
    ignored: ["examples"]
warning: the following keywords are unknown and will be ignored: [examples]
    level: "warning"
    schema: {"loadingURI":"#","pointer":"/items"}
    domain: "syntax"
    ignored: ["examples"]
warning: the following keywords are unknown and will be ignored: [examples]
    level: "warning"
    schema: {"loadingURI":"#","pointer":"/items/properties/cpf"}
    domain: "syntax"
    ignored: ["examples"]
warning: the following keywords are unknown and will be ignored: [examples]
    level: "warning"
    schema: {"loadingURI":"#","pointer":"/items/properties/email"}
    domain: "syntax"
    ignored: ["examples"]
warning: the following keywords are unknown and will be ignored: [examples]
    level: "warning"
    schema: {"loadingURI":"#","pointer":"/items/properties/id"}
    domain: "syntax"
    ignored: ["examples"]
warning: the following keywords are unknown and will be ignored: [examples]
    level: "warning"
    schema: {"loadingURI":"#","pointer":"/items/properties/nome"}
    domain: "syntax"
    ignored: ["examples"]
warning: the following keywords are unknown and will be ignored: [examples]
    level: "warning"
    schema: {"loadingURI":"#","pointer":"/items/properties/parcelas"}
    domain: "syntax"
    ignored: ["examples"]
warning: the following keywords are unknown and will be ignored: [examples]
    level: "warning"
    schema: {"loadingURI":"#","pointer":"/items/properties/seguro"}
    domain: "syntax"
    ignored: ["examples"]
warning: the following keywords are unknown and will be ignored: [examples]
    level: "warning"
    schema: {"loadingURI":"#","pointer":"/items/properties/valor"}
    domain: "syntax"
    ignored: ["examples"]
warning: the following keywords are unknown and will be ignored: [examples]
    level: "warning"
    schema: {"loadingURI":"#","pointer":"/items"}
    domain: "syntax"
    ignored: ["examples"]
warning: the following keywords are unknown and will be ignored: [examples]
    level: "warning"
    schema: {"loadingURI":"#","pointer":"/items/properties/cpf"}
    domain: "syntax"
    ignored: ["examples"]
warning: the following keywords are unknown and will be ignored: [examples]
    level: "warning"
    schema: {"loadingURI":"#","pointer":"/items/properties/email"}
    domain: "syntax"
    ignored: ["examples"]
warning: the following keywords are unknown and will be ignored: [examples]
    level: "warning"
    schema: {"loadingURI":"#","pointer":"/items/properties/id"}
    domain: "syntax"
    ignored: ["examples"]
warning: the following keywords are unknown and will be ignored: [examples]
    level: "warning"
    schema: {"loadingURI":"#","pointer":"/items/properties/nome"}
    domain: "syntax"
    ignored: ["examples"]
warning: the following keywords are unknown and will be ignored: [examples]
    level: "warning"
    schema: {"loadingURI":"#","pointer":"/items/properties/parcelas"}
    domain: "syntax"
    ignored: ["examples"]
warning: the following keywords are unknown and will be ignored: [examples]
    level: "warning"
    schema: {"loadingURI":"#","pointer":"/items/properties/seguro"}
    domain: "syntax"
    ignored: ["examples"]
warning: the following keywords are unknown and will be ignored: [examples]
    level: "warning"
    schema: {"loadingURI":"#","pointer":"/items/properties/valor"}
    domain: "syntax"
    ignored: ["examples"]
warning: the following keywords are unknown and will be ignored: [examples]
    level: "warning"
    schema: {"loadingURI":"#","pointer":"/items"}
    domain: "syntax"
    ignored: ["examples"]
warning: the following keywords are unknown and will be ignored: [examples]
    level: "warning"
    schema: {"loadingURI":"#","pointer":"/items/properties/cpf"}
    domain: "syntax"
    ignored: ["examples"]
warning: the following keywords are unknown and will be ignored: [examples]
    level: "warning"
    schema: {"loadingURI":"#","pointer":"/items/properties/email"}
    domain: "syntax"
    ignored: ["examples"]
warning: the following keywords are unknown and will be ignored: [examples]
    level: "warning"
    schema: {"loadingURI":"#","pointer":"/items/properties/id"}
    domain: "syntax"
    ignored: ["examples"]
warning: the following keywords are unknown and will be ignored: [examples]
    level: "warning"
    schema: {"loadingURI":"#","pointer":"/items/properties/nome"}
    domain: "syntax"
    ignored: ["examples"]
warning: the following keywords are unknown and will be ignored: [examples]
    level: "warning"
    schema: {"loadingURI":"#","pointer":"/items/properties/parcelas"}
    domain: "syntax"
    ignored: ["examples"]
warning: the following keywords are unknown and will be ignored: [examples]
    level: "warning"
    schema: {"loadingURI":"#","pointer":"/items/properties/seguro"}
    domain: "syntax"
    ignored: ["examples"]
warning: the following keywords are unknown and will be ignored: [examples]
    level: "warning"
    schema: {"loadingURI":"#","pointer":"/items/properties/valor"}
    domain: "syntax"
    ignored: ["examples"]
warning: the following keywords are unknown and will be ignored: [examples]
    level: "warning"
    schema: {"loadingURI":"#","pointer":"/items"}
    domain: "syntax"
    ignored: ["examples"]
warning: the following keywords are unknown and will be ignored: [examples]
    level: "warning"
    schema: {"loadingURI":"#","pointer":"/items/properties/cpf"}
    domain: "syntax"
    ignored: ["examples"]
warning: the following keywords are unknown and will be ignored: [examples]
    level: "warning"
    schema: {"loadingURI":"#","pointer":"/items/properties/email"}
    domain: "syntax"
    ignored: ["examples"]
warning: the following keywords are unknown and will be ignored: [examples]
    level: "warning"
    schema: {"loadingURI":"#","pointer":"/items/properties/id"}
    domain: "syntax"
    ignored: ["examples"]
warning: the following keywords are unknown and will be ignored: [examples]
    level: "warning"
    schema: {"loadingURI":"#","pointer":"/items/properties/nome"}
    domain: "syntax"
    ignored: ["examples"]
warning: the following keywords are unknown and will be ignored: [examples]
    level: "warning"
    schema: {"loadingURI":"#","pointer":"/items/properties/parcelas"}
    domain: "syntax"
    ignored: ["examples"]
warning: the following keywords are unknown and will be ignored: [examples]
    level: "warning"
    schema: {"loadingURI":"#","pointer":"/items/properties/seguro"}
    domain: "syntax"
    ignored: ["examples"]
warning: the following keywords are unknown and will be ignored: [examples]
    level: "warning"
    schema: {"loadingURI":"#","pointer":"/items/properties/valor"}
    domain: "syntax"
    ignored: ["examples"]
warning: the following keywords are unknown and will be ignored: [examples]
    level: "warning"
    schema: {"loadingURI":"#","pointer":"/items"}
    domain: "syntax"
    ignored: ["examples"]
warning: the following keywords are unknown and will be ignored: [examples]
    level: "warning"
    schema: {"loadingURI":"#","pointer":"/items/properties/cpf"}
    domain: "syntax"
    ignored: ["examples"]
warning: the following keywords are unknown and will be ignored: [examples]
    level: "warning"
    schema: {"loadingURI":"#","pointer":"/items/properties/email"}
    domain: "syntax"
    ignored: ["examples"]
warning: the following keywords are unknown and will be ignored: [examples]
    level: "warning"
    schema: {"loadingURI":"#","pointer":"/items/properties/id"}
    domain: "syntax"
    ignored: ["examples"]
warning: the following keywords are unknown and will be ignored: [examples]
    level: "warning"
    schema: {"loadingURI":"#","pointer":"/items/properties/nome"}
    domain: "syntax"
    ignored: ["examples"]
warning: the following keywords are unknown and will be ignored: [examples]
    level: "warning"
    schema: {"loadingURI":"#","pointer":"/items/properties/parcelas"}
    domain: "syntax"
    ignored: ["examples"]
warning: the following keywords are unknown and will be ignored: [examples]
    level: "warning"
    schema: {"loadingURI":"#","pointer":"/items/properties/seguro"}
    domain: "syntax"
    ignored: ["examples"]
warning: the following keywords are unknown and will be ignored: [examples]
    level: "warning"
    schema: {"loadingURI":"#","pointer":"/items/properties/valor"}
    domain: "syntax"
    ignored: ["examples"]
warning: the following keywords are unknown and will be ignored: [examples]
    level: "warning"
    schema: {"loadingURI":"#","pointer":"/items"}
    domain: "syntax"
    ignored: ["examples"]
warning: the following keywords are unknown and will be ignored: [examples]
    level: "warning"
    schema: {"loadingURI":"#","pointer":"/items/properties/cpf"}
    domain: "syntax"
    ignored: ["examples"]
warning: the following keywords are unknown and will be ignored: [examples]
    level: "warning"
    schema: {"loadingURI":"#","pointer":"/items/properties/email"}
    domain: "syntax"
    ignored: ["examples"]
warning: the following keywords are unknown and will be ignored: [examples]
    level: "warning"
    schema: {"loadingURI":"#","pointer":"/items/properties/id"}
    domain: "syntax"
    ignored: ["examples"]
warning: the following keywords are unknown and will be ignored: [examples]
    level: "warning"
    schema: {"loadingURI":"#","pointer":"/items/properties/nome"}
    domain: "syntax"
    ignored: ["examples"]
warning: the following keywords are unknown and will be ignored: [examples]
    level: "warning"
    schema: {"loadingURI":"#","pointer":"/items/properties/parcelas"}
    domain: "syntax"
    ignored: ["examples"]
warning: the following keywords are unknown and will be ignored: [examples]
    level: "warning"
    schema: {"loadingURI":"#","pointer":"/items/properties/seguro"}
    domain: "syntax"
    ignored: ["examples"]
warning: the following keywords are unknown and will be ignored: [examples]
    level: "warning"
    schema: {"loadingURI":"#","pointer":"/items/properties/valor"}
    domain: "syntax"
    ignored: ["examples"]
warning: the following keywords are unknown and will be ignored: [examples]
    level: "warning"
    schema: {"loadingURI":"#","pointer":"/items"}
    domain: "syntax"
    ignored: ["examples"]
warning: the following keywords are unknown and will be ignored: [examples]
    level: "warning"
    schema: {"loadingURI":"#","pointer":"/items/properties/cpf"}
    domain: "syntax"
    ignored: ["examples"]
warning: the following keywords are unknown and will be ignored: [examples]
    level: "warning"
    schema: {"loadingURI":"#","pointer":"/items/properties/email"}
    domain: "syntax"
    ignored: ["examples"]
warning: the following keywords are unknown and will be ignored: [examples]
    level: "warning"
    schema: {"loadingURI":"#","pointer":"/items/properties/id"}
    domain: "syntax"
    ignored: ["examples"]
warning: the following keywords are unknown and will be ignored: [examples]
    level: "warning"
    schema: {"loadingURI":"#","pointer":"/items/properties/nome"}
    domain: "syntax"
    ignored: ["examples"]
warning: the following keywords are unknown and will be ignored: [examples]
    level: "warning"
    schema: {"loadingURI":"#","pointer":"/items/properties/parcelas"}
    domain: "syntax"
    ignored: ["examples"]
warning: the following keywords are unknown and will be ignored: [examples]
    level: "warning"
    schema: {"loadingURI":"#","pointer":"/items/properties/seguro"}
    domain: "syntax"
    ignored: ["examples"]
warning: the following keywords are unknown and will be ignored: [examples]
    level: "warning"
    schema: {"loadingURI":"#","pointer":"/items/properties/valor"}
    domain: "syntax"
    ignored: ["examples"]
warning: the following keywords are unknown and will be ignored: [examples]
    level: "warning"
    schema: {"loadingURI":"#","pointer":"/items"}
    domain: "syntax"
    ignored: ["examples"]
warning: the following keywords are unknown and will be ignored: [examples]
    level: "warning"
    schema: {"loadingURI":"#","pointer":"/items/properties/cpf"}
    domain: "syntax"
    ignored: ["examples"]
warning: the following keywords are unknown and will be ignored: [examples]
    level: "warning"
    schema: {"loadingURI":"#","pointer":"/items/properties/email"}
    domain: "syntax"
    ignored: ["examples"]
warning: the following keywords are unknown and will be ignored: [examples]
    level: "warning"
    schema: {"loadingURI":"#","pointer":"/items/properties/id"}
    domain: "syntax"
    ignored: ["examples"]
warning: the following keywords are unknown and will be ignored: [examples]
    level: "warning"
    schema: {"loadingURI":"#","pointer":"/items/properties/nome"}
    domain: "syntax"
    ignored: ["examples"]
warning: the following keywords are unknown and will be ignored: [examples]
    level: "warning"
    schema: {"loadingURI":"#","pointer":"/items/properties/parcelas"}
    domain: "syntax"
    ignored: ["examples"]
warning: the following keywords are unknown and will be ignored: [examples]
    level: "warning"
    schema: {"loadingURI":"#","pointer":"/items/properties/seguro"}
    domain: "syntax"
    ignored: ["examples"]
warning: the following keywords are unknown and will be ignored: [examples]
    level: "warning"
    schema: {"loadingURI":"#","pointer":"/items/properties/valor"}
    domain: "syntax"
    ignored: ["examples"]
warning: the following keywords are unknown and will be ignored: [examples]
    level: "warning"
    schema: {"loadingURI":"#","pointer":"/items"}
    domain: "syntax"
    ignored: ["examples"]
warning: the following keywords are unknown and will be ignored: [examples]
    level: "warning"
    schema: {"loadingURI":"#","pointer":"/items/properties/cpf"}
    domain: "syntax"
    ignored: ["examples"]
warning: the following keywords are unknown and will be ignored: [examples]
    level: "warning"
    schema: {"loadingURI":"#","pointer":"/items/properties/email"}
    domain: "syntax"
    ignored: ["examples"]
warning: the following keywords are unknown and will be ignored: [examples]
    level: "warning"
    schema: {"loadingURI":"#","pointer":"/items/properties/id"}
    domain: "syntax"
    ignored: ["examples"]
warning: the following keywords are unknown and will be ignored: [examples]
    level: "warning"
    schema: {"loadingURI":"#","pointer":"/items/properties/nome"}
    domain: "syntax"
    ignored: ["examples"]
warning: the following keywords are unknown and will be ignored: [examples]
    level: "warning"
    schema: {"loadingURI":"#","pointer":"/items/properties/parcelas"}
    domain: "syntax"
    ignored: ["examples"]
warning: the following keywords are unknown and will be ignored: [examples]
    level: "warning"
    schema: {"loadingURI":"#","pointer":"/items/properties/seguro"}
    domain: "syntax"
    ignored: ["examples"]
warning: the following keywords are unknown and will be ignored: [examples]
    level: "warning"
    schema: {"loadingURI":"#","pointer":"/items/properties/valor"}
    domain: "syntax"
    ignored: ["examples"]
warning: the following keywords are unknown and will be ignored: [examples]
    level: "warning"
    schema: {"loadingURI":"#","pointer":"/items"}
    domain: "syntax"
    ignored: ["examples"]
warning: the following keywords are unknown and will be ignored: [examples]
    level: "warning"
    schema: {"loadingURI":"#","pointer":"/items/properties/cpf"}
    domain: "syntax"
    ignored: ["examples"]
warning: the following keywords are unknown and will be ignored: [examples]
    level: "warning"
    schema: {"loadingURI":"#","pointer":"/items/properties/email"}
    domain: "syntax"
    ignored: ["examples"]
warning: the following keywords are unknown and will be ignored: [examples]
    level: "warning"
    schema: {"loadingURI":"#","pointer":"/items/properties/id"}
    domain: "syntax"
    ignored: ["examples"]
warning: the following keywords are unknown and will be ignored: [examples]
    level: "warning"
    schema: {"loadingURI":"#","pointer":"/items/properties/nome"}
    domain: "syntax"
    ignored: ["examples"]
warning: the following keywords are unknown and will be ignored: [examples]
    level: "warning"
    schema: {"loadingURI":"#","pointer":"/items/properties/parcelas"}
    domain: "syntax"
    ignored: ["examples"]
warning: the following keywords are unknown and will be ignored: [examples]
    level: "warning"
    schema: {"loadingURI":"#","pointer":"/items/properties/seguro"}
    domain: "syntax"
    ignored: ["examples"]
warning: the following keywords are unknown and will be ignored: [examples]
    level: "warning"
    schema: {"loadingURI":"#","pointer":"/items/properties/valor"}
    domain: "syntax"
    ignored: ["examples"]
warning: the following keywords are unknown and will be ignored: [examples]
    level: "warning"
    schema: {"loadingURI":"#","pointer":"/items"}
    domain: "syntax"
    ignored: ["examples"]
warning: the following keywords are unknown and will be ignored: [examples]
    level: "warning"
    schema: {"loadingURI":"#","pointer":"/items/properties/cpf"}
    domain: "syntax"
    ignored: ["examples"]
warning: the following keywords are unknown and will be ignored: [examples]
    level: "warning"
    schema: {"loadingURI":"#","pointer":"/items/properties/email"}
    domain: "syntax"
    ignored: ["examples"]
warning: the following keywords are unknown and will be ignored: [examples]
    level: "warning"
    schema: {"loadingURI":"#","pointer":"/items/properties/id"}
    domain: "syntax"
    ignored: ["examples"]
warning: the following keywords are unknown and will be ignored: [examples]
    level: "warning"
    schema: {"loadingURI":"#","pointer":"/items/properties/nome"}
    domain: "syntax"
    ignored: ["examples"]
warning: the following keywords are unknown and will be ignored: [examples]
    level: "warning"
    schema: {"loadingURI":"#","pointer":"/items/properties/parcelas"}
    domain: "syntax"
    ignored: ["examples"]
warning: the following keywords are unknown and will be ignored: [examples]
    level: "warning"
    schema: {"loadingURI":"#","pointer":"/items/properties/seguro"}
    domain: "syntax"
    ignored: ["examples"]
warning: the following keywords are unknown and will be ignored: [examples]
    level: "warning"
    schema: {"loadingURI":"#","pointer":"/items/properties/valor"}
    domain: "syntax"
    ignored: ["examples"]
warning: the following keywords are unknown and will be ignored: [examples]
    level: "warning"
    schema: {"loadingURI":"#","pointer":"/items"}
    domain: "syntax"
    ignored: ["examples"]
warning: the following keywords are unknown and will be ignored: [examples]
    level: "warning"
    schema: {"loadingURI":"#","pointer":"/items/properties/cpf"}
    domain: "syntax"
    ignored: ["examples"]
warning: the following keywords are unknown and will be ignored: [examples]
    level: "warning"
    schema: {"loadingURI":"#","pointer":"/items/properties/email"}
    domain: "syntax"
    ignored: ["examples"]
warning: the following keywords are unknown and will be ignored: [examples]
    level: "warning"
    schema: {"loadingURI":"#","pointer":"/items/properties/id"}
    domain: "syntax"
    ignored: ["examples"]
warning: the following keywords are unknown and will be ignored: [examples]
    level: "warning"
    schema: {"loadingURI":"#","pointer":"/items/properties/nome"}
    domain: "syntax"
    ignored: ["examples"]
warning: the following keywords are unknown and will be ignored: [examples]
    level: "warning"
    schema: {"loadingURI":"#","pointer":"/items/properties/parcelas"}
    domain: "syntax"
    ignored: ["examples"]
warning: the following keywords are unknown and will be ignored: [examples]
    level: "warning"
    schema: {"loadingURI":"#","pointer":"/items/properties/seguro"}
    domain: "syntax"
    ignored: ["examples"]
warning: the following keywords are unknown and will be ignored: [examples]
    level: "warning"
    schema: {"loadingURI":"#","pointer":"/items/properties/valor"}
    domain: "syntax"
    ignored: ["examples"]
warning: the following keywords are unknown and will be ignored: [examples]
    level: "warning"
    schema: {"loadingURI":"#","pointer":"/items"}
    domain: "syntax"
    ignored: ["examples"]
warning: the following keywords are unknown and will be ignored: [examples]
    level: "warning"
    schema: {"loadingURI":"#","pointer":"/items/properties/cpf"}
    domain: "syntax"
    ignored: ["examples"]
warning: the following keywords are unknown and will be ignored: [examples]
    level: "warning"
    schema: {"loadingURI":"#","pointer":"/items/properties/email"}
    domain: "syntax"
    ignored: ["examples"]
warning: the following keywords are unknown and will be ignored: [examples]
    level: "warning"
    schema: {"loadingURI":"#","pointer":"/items/properties/id"}
    domain: "syntax"
    ignored: ["examples"]
warning: the following keywords are unknown and will be ignored: [examples]
    level: "warning"
    schema: {"loadingURI":"#","pointer":"/items/properties/nome"}
    domain: "syntax"
    ignored: ["examples"]
warning: the following keywords are unknown and will be ignored: [examples]
    level: "warning"
    schema: {"loadingURI":"#","pointer":"/items/properties/parcelas"}
    domain: "syntax"
    ignored: ["examples"]
warning: the following keywords are unknown and will be ignored: [examples]
    level: "warning"
    schema: {"loadingURI":"#","pointer":"/items/properties/seguro"}
    domain: "syntax"
    ignored: ["examples"]
warning: the following keywords are unknown and will be ignored: [examples]
    level: "warning"
    schema: {"loadingURI":"#","pointer":"/items/properties/valor"}
    domain: "syntax"
    ignored: ["examples"]
warning: the following keywords are unknown and will be ignored: [examples]
    level: "warning"
    schema: {"loadingURI":"#","pointer":"/items"}
    domain: "syntax"
    ignored: ["examples"]
warning: the following keywords are unknown and will be ignored: [examples]
    level: "warning"
    schema: {"loadingURI":"#","pointer":"/items/properties/cpf"}
    domain: "syntax"
    ignored: ["examples"]
warning: the following keywords are unknown and will be ignored: [examples]
    level: "warning"
    schema: {"loadingURI":"#","pointer":"/items/properties/email"}
    domain: "syntax"
    ignored: ["examples"]
warning: the following keywords are unknown and will be ignored: [examples]
    level: "warning"
    schema: {"loadingURI":"#","pointer":"/items/properties/id"}
    domain: "syntax"
    ignored: ["examples"]
warning: the following keywords are unknown and will be ignored: [examples]
    level: "warning"
    schema: {"loadingURI":"#","pointer":"/items/properties/nome"}
    domain: "syntax"
    ignored: ["examples"]
warning: the following keywords are unknown and will be ignored: [examples]
    level: "warning"
    schema: {"loadingURI":"#","pointer":"/items/properties/parcelas"}
    domain: "syntax"
    ignored: ["examples"]
warning: the following keywords are unknown and will be ignored: [examples]
    level: "warning"
    schema: {"loadingURI":"#","pointer":"/items/properties/seguro"}
    domain: "syntax"
    ignored: ["examples"]
warning: the following keywords are unknown and will be ignored: [examples]
    level: "warning"
    schema: {"loadingURI":"#","pointer":"/items/properties/valor"}
    domain: "syntax"
    ignored: ["examples"]
warning: the following keywords are unknown and will be ignored: [examples]
    level: "warning"
    schema: {"loadingURI":"#","pointer":"/items"}
    domain: "syntax"
    ignored: ["examples"]
warning: the following keywords are unknown and will be ignored: [examples]
    level: "warning"
    schema: {"loadingURI":"#","pointer":"/items/properties/cpf"}
    domain: "syntax"
    ignored: ["examples"]
warning: the following keywords are unknown and will be ignored: [examples]
    level: "warning"
    schema: {"loadingURI":"#","pointer":"/items/properties/email"}
    domain: "syntax"
    ignored: ["examples"]
warning: the following keywords are unknown and will be ignored: [examples]
    level: "warning"
    schema: {"loadingURI":"#","pointer":"/items/properties/id"}
    domain: "syntax"
    ignored: ["examples"]
warning: the following keywords are unknown and will be ignored: [examples]
    level: "warning"
    schema: {"loadingURI":"#","pointer":"/items/properties/nome"}
    domain: "syntax"
    ignored: ["examples"]
warning: the following keywords are unknown and will be ignored: [examples]
    level: "warning"
    schema: {"loadingURI":"#","pointer":"/items/properties/parcelas"}
    domain: "syntax"
    ignored: ["examples"]
warning: the following keywords are unknown and will be ignored: [examples]
    level: "warning"
    schema: {"loadingURI":"#","pointer":"/items/properties/seguro"}
    domain: "syntax"
    ignored: ["examples"]
warning: the following keywords are unknown and will be ignored: [examples]
    level: "warning"
    schema: {"loadingURI":"#","pointer":"/items/properties/valor"}
    domain: "syntax"
    ignored: ["examples"]
warning: the following keywords are unknown and will be ignored: [examples]
    level: "warning"
    schema: {"loadingURI":"#","pointer":"/items"}
    domain: "syntax"
    ignored: ["examples"]
warning: the following keywords are unknown and will be ignored: [examples]
    level: "warning"
    schema: {"loadingURI":"#","pointer":"/items/properties/cpf"}
    domain: "syntax"
    ignored: ["examples"]
warning: the following keywords are unknown and will be ignored: [examples]
    level: "warning"
    schema: {"loadingURI":"#","pointer":"/items/properties/email"}
    domain: "syntax"
    ignored: ["examples"]
warning: the following keywords are unknown and will be ignored: [examples]
    level: "warning"
    schema: {"loadingURI":"#","pointer":"/items/properties/id"}
    domain: "syntax"
    ignored: ["examples"]
warning: the following keywords are unknown and will be ignored: [examples]
    level: "warning"
    schema: {"loadingURI":"#","pointer":"/items/properties/nome"}
    domain: "syntax"
    ignored: ["examples"]
warning: the following keywords are unknown and will be ignored: [examples]
    level: "warning"
    schema: {"loadingURI":"#","pointer":"/items/properties/parcelas"}
    domain: "syntax"
    ignored: ["examples"]
warning: the following keywords are unknown and will be ignored: [examples]
    level: "warning"
    schema: {"loadingURI":"#","pointer":"/items/properties/seguro"}
    domain: "syntax"
    ignored: ["examples"]
warning: the following keywords are unknown and will be ignored: [examples]
    level: "warning"
    schema: {"loadingURI":"#","pointer":"/items/properties/valor"}
    domain: "syntax"
    ignored: ["examples"]
warning: the following keywords are unknown and will be ignored: [examples]
    level: "warning"
    schema: {"loadingURI":"#","pointer":"/items"}
    domain: "syntax"
    ignored: ["examples"]
warning: the following keywords are unknown and will be ignored: [examples]
    level: "warning"
    schema: {"loadingURI":"#","pointer":"/items/properties/cpf"}
    domain: "syntax"
    ignored: ["examples"]
warning: the following keywords are unknown and will be ignored: [examples]
    level: "warning"
    schema: {"loadingURI":"#","pointer":"/items/properties/email"}
    domain: "syntax"
    ignored: ["examples"]
warning: the following keywords are unknown and will be ignored: [examples]
    level: "warning"
    schema: {"loadingURI":"#","pointer":"/items/properties/id"}
    domain: "syntax"
    ignored: ["examples"]
warning: the following keywords are unknown and will be ignored: [examples]
    level: "warning"
    schema: {"loadingURI":"#","pointer":"/items/properties/nome"}
    domain: "syntax"
    ignored: ["examples"]
warning: the following keywords are unknown and will be ignored: [examples]
    level: "warning"
    schema: {"loadingURI":"#","pointer":"/items/properties/parcelas"}
    domain: "syntax"
    ignored: ["examples"]
warning: the following keywords are unknown and will be ignored: [examples]
    level: "warning"
    schema: {"loadingURI":"#","pointer":"/items/properties/seguro"}
    domain: "syntax"
    ignored: ["examples"]
warning: the following keywords are unknown and will be ignored: [examples]
    level: "warning"
    schema: {"loadingURI":"#","pointer":"/items/properties/valor"}
    domain: "syntax"
    ignored: ["examples"]
warning: the following keywords are unknown and will be ignored: [examples]
    level: "warning"
    schema: {"loadingURI":"#","pointer":"/items"}
    domain: "syntax"
    ignored: ["examples"]
warning: the following keywords are unknown and will be ignored: [examples]
    level: "warning"
    schema: {"loadingURI":"#","pointer":"/items/properties/cpf"}
    domain: "syntax"
    ignored: ["examples"]
warning: the following keywords are unknown and will be ignored: [examples]
    level: "warning"
    schema: {"loadingURI":"#","pointer":"/items/properties/email"}
    domain: "syntax"
    ignored: ["examples"]
warning: the following keywords are unknown and will be ignored: [examples]
    level: "warning"
    schema: {"loadingURI":"#","pointer":"/items/properties/id"}
    domain: "syntax"
    ignored: ["examples"]
warning: the following keywords are unknown and will be ignored: [examples]
    level: "warning"
    schema: {"loadingURI":"#","pointer":"/items/properties/nome"}
    domain: "syntax"
    ignored: ["examples"]
warning: the following keywords are unknown and will be ignored: [examples]
    level: "warning"
    schema: {"loadingURI":"#","pointer":"/items/properties/parcelas"}
    domain: "syntax"
    ignored: ["examples"]
warning: the following keywords are unknown and will be ignored: [examples]
    level: "warning"
    schema: {"loadingURI":"#","pointer":"/items/properties/seguro"}
    domain: "syntax"
    ignored: ["examples"]
warning: the following keywords are unknown and will be ignored: [examples]
    level: "warning"
    schema: {"loadingURI":"#","pointer":"/items/properties/valor"}
    domain: "syntax"
    ignored: ["examples"]
warning: the following keywords are unknown and will be ignored: [examples]
    level: "warning"
    schema: {"loadingURI":"#","pointer":"/items"}
    domain: "syntax"
    ignored: ["examples"]
warning: the following keywords are unknown and will be ignored: [examples]
    level: "warning"
    schema: {"loadingURI":"#","pointer":"/items/properties/cpf"}
    domain: "syntax"
    ignored: ["examples"]
warning: the following keywords are unknown and will be ignored: [examples]
    level: "warning"
    schema: {"loadingURI":"#","pointer":"/items/properties/email"}
    domain: "syntax"
    ignored: ["examples"]
warning: the following keywords are unknown and will be ignored: [examples]
    level: "warning"
    schema: {"loadingURI":"#","pointer":"/items/properties/id"}
    domain: "syntax"
    ignored: ["examples"]
warning: the following keywords are unknown and will be ignored: [examples]
    level: "warning"
    schema: {"loadingURI":"#","pointer":"/items/properties/nome"}
    domain: "syntax"
    ignored: ["examples"]
warning: the following keywords are unknown and will be ignored: [examples]
    level: "warning"
    schema: {"loadingURI":"#","pointer":"/items/properties/parcelas"}
    domain: "syntax"
    ignored: ["examples"]
warning: the following keywords are unknown and will be ignored: [examples]
    level: "warning"
    schema: {"loadingURI":"#","pointer":"/items/properties/seguro"}
    domain: "syntax"
    ignored: ["examples"]
warning: the following keywords are unknown and will be ignored: [examples]
    level: "warning"
    schema: {"loadingURI":"#","pointer":"/items/properties/valor"}
    domain: "syntax"
    ignored: ["examples"]
warning: the following keywords are unknown and will be ignored: [examples]
    level: "warning"
    schema: {"loadingURI":"#","pointer":"/items"}
    domain: "syntax"
    ignored: ["examples"]
warning: the following keywords are unknown and will be ignored: [examples]
    level: "warning"
    schema: {"loadingURI":"#","pointer":"/items/properties/cpf"}
    domain: "syntax"
    ignored: ["examples"]
warning: the following keywords are unknown and will be ignored: [examples]
    level: "warning"
    schema: {"loadingURI":"#","pointer":"/items/properties/email"}
    domain: "syntax"
    ignored: ["examples"]
warning: the following keywords are unknown and will be ignored: [examples]
    level: "warning"
    schema: {"loadingURI":"#","pointer":"/items/properties/id"}
    domain: "syntax"
    ignored: ["examples"]
warning: the following keywords are unknown and will be ignored: [examples]
    level: "warning"
    schema: {"loadingURI":"#","pointer":"/items/properties/nome"}
    domain: "syntax"
    ignored: ["examples"]
warning: the following keywords are unknown and will be ignored: [examples]
    level: "warning"
    schema: {"loadingURI":"#","pointer":"/items/properties/parcelas"}
    domain: "syntax"
    ignored: ["examples"]
warning: the following keywords are unknown and will be ignored: [examples]
    level: "warning"
    schema: {"loadingURI":"#","pointer":"/items/properties/seguro"}
    domain: "syntax"
    ignored: ["examples"]
warning: the following keywords are unknown and will be ignored: [examples]
    level: "warning"
    schema: {"loadingURI":"#","pointer":"/items/properties/valor"}
    domain: "syntax"
    ignored: ["examples"]
warning: the following keywords are unknown and will be ignored: [examples]
    level: "warning"
    schema: {"loadingURI":"#","pointer":"/items"}
    domain: "syntax"
    ignored: ["examples"]
warning: the following keywords are unknown and will be ignored: [examples]
    level: "warning"
    schema: {"loadingURI":"#","pointer":"/items/properties/cpf"}
    domain: "syntax"
    ignored: ["examples"]
warning: the following keywords are unknown and will be ignored: [examples]
    level: "warning"
    schema: {"loadingURI":"#","pointer":"/items/properties/email"}
    domain: "syntax"
    ignored: ["examples"]
warning: the following keywords are unknown and will be ignored: [examples]
    level: "warning"
    schema: {"loadingURI":"#","pointer":"/items/properties/id"}
    domain: "syntax"
    ignored: ["examples"]
warning: the following keywords are unknown and will be ignored: [examples]
    level: "warning"
    schema: {"loadingURI":"#","pointer":"/items/properties/nome"}
    domain: "syntax"
    ignored: ["examples"]
warning: the following keywords are unknown and will be ignored: [examples]
    level: "warning"
    schema: {"loadingURI":"#","pointer":"/items/properties/parcelas"}
    domain: "syntax"
    ignored: ["examples"]
warning: the following keywords are unknown and will be ignored: [examples]
    level: "warning"
    schema: {"loadingURI":"#","pointer":"/items/properties/seguro"}
    domain: "syntax"
    ignored: ["examples"]
warning: the following keywords are unknown and will be ignored: [examples]
    level: "warning"
    schema: {"loadingURI":"#","pointer":"/items/properties/valor"}
    domain: "syntax"
    ignored: ["examples"]
warning: the following keywords are unknown and will be ignored: [examples]
    level: "warning"
    schema: {"loadingURI":"#","pointer":"/items"}
    domain: "syntax"
    ignored: ["examples"]
warning: the following keywords are unknown and will be ignored: [examples]
    level: "warning"
    schema: {"loadingURI":"#","pointer":"/items/properties/cpf"}
    domain: "syntax"
    ignored: ["examples"]
warning: the following keywords are unknown and will be ignored: [examples]
    level: "warning"
    schema: {"loadingURI":"#","pointer":"/items/properties/email"}
    domain: "syntax"
    ignored: ["examples"]
warning: the following keywords are unknown and will be ignored: [examples]
    level: "warning"
    schema: {"loadingURI":"#","pointer":"/items/properties/id"}
    domain: "syntax"
    ignored: ["examples"]
warning: the following keywords are unknown and will be ignored: [examples]
    level: "warning"
    schema: {"loadingURI":"#","pointer":"/items/properties/nome"}
    domain: "syntax"
    ignored: ["examples"]
warning: the following keywords are unknown and will be ignored: [examples]
    level: "warning"
    schema: {"loadingURI":"#","pointer":"/items/properties/parcelas"}
    domain: "syntax"
    ignored: ["examples"]
warning: the following keywords are unknown and will be ignored: [examples]
    level: "warning"
    schema: {"loadingURI":"#","pointer":"/items/properties/seguro"}
    domain: "syntax"
    ignored: ["examples"]
warning: the following keywords are unknown and will be ignored: [examples]
    level: "warning"
    schema: {"loadingURI":"#","pointer":"/items/properties/valor"}
    domain: "syntax"
    ignored: ["examples"]
warning: the following keywords are unknown and will be ignored: [examples]
    level: "warning"
    schema: {"loadingURI":"#","pointer":"/items"}
    domain: "syntax"
    ignored: ["examples"]
warning: the following keywords are unknown and will be ignored: [examples]
    level: "warning"
    schema: {"loadingURI":"#","pointer":"/items/properties/cpf"}
    domain: "syntax"
    ignored: ["examples"]
warning: the following keywords are unknown and will be ignored: [examples]
    level: "warning"
    schema: {"loadingURI":"#","pointer":"/items/properties/email"}
    domain: "syntax"
    ignored: ["examples"]
warning: the following keywords are unknown and will be ignored: [examples]
    level: "warning"
    schema: {"loadingURI":"#","pointer":"/items/properties/id"}
    domain: "syntax"
    ignored: ["examples"]
warning: the following keywords are unknown and will be ignored: [examples]
    level: "warning"
    schema: {"loadingURI":"#","pointer":"/items/properties/nome"}
    domain: "syntax"
    ignored: ["examples"]
warning: the following keywords are unknown and will be ignored: [examples]
    level: "warning"
    schema: {"loadingURI":"#","pointer":"/items/properties/parcelas"}
    domain: "syntax"
    ignored: ["examples"]
warning: the following keywords are unknown and will be ignored: [examples]
    level: "warning"
    schema: {"loadingURI":"#","pointer":"/items/properties/seguro"}
    domain: "syntax"
    ignored: ["examples"]
warning: the following keywords are unknown and will be ignored: [examples]
    level: "warning"
    schema: {"loadingURI":"#","pointer":"/items/properties/valor"}
    domain: "syntax"
    ignored: ["examples"]
warning: the following keywords are unknown and will be ignored: [examples]
    level: "warning"
    schema: {"loadingURI":"#","pointer":"/items"}
    domain: "syntax"
    ignored: ["examples"]
warning: the following keywords are unknown and will be ignored: [examples]
    level: "warning"
    schema: {"loadingURI":"#","pointer":"/items/properties/cpf"}
    domain: "syntax"
    ignored: ["examples"]
warning: the following keywords are unknown and will be ignored: [examples]
    level: "warning"
    schema: {"loadingURI":"#","pointer":"/items/properties/email"}
    domain: "syntax"
    ignored: ["examples"]
warning: the following keywords are unknown and will be ignored: [examples]
    level: "warning"
    schema: {"loadingURI":"#","pointer":"/items/properties/id"}
    domain: "syntax"
    ignored: ["examples"]
warning: the following keywords are unknown and will be ignored: [examples]
    level: "warning"
    schema: {"loadingURI":"#","pointer":"/items/properties/nome"}
    domain: "syntax"
    ignored: ["examples"]
warning: the following keywords are unknown and will be ignored: [examples]
    level: "warning"
    schema: {"loadingURI":"#","pointer":"/items/properties/parcelas"}
    domain: "syntax"
    ignored: ["examples"]
warning: the following keywords are unknown and will be ignored: [examples]
    level: "warning"
    schema: {"loadingURI":"#","pointer":"/items/properties/seguro"}
    domain: "syntax"
    ignored: ["examples"]
warning: the following keywords are unknown and will be ignored: [examples]
    level: "warning"
    schema: {"loadingURI":"#","pointer":"/items/properties/valor"}
    domain: "syntax"
    ignored: ["examples"]
warning: the following keywords are unknown and will be ignored: [examples]
    level: "warning"
    schema: {"loadingURI":"#","pointer":"/items"}
    domain: "syntax"
    ignored: ["examples"]
warning: the following keywords are unknown and will be ignored: [examples]
    level: "warning"
    schema: {"loadingURI":"#","pointer":"/items/properties/cpf"}
    domain: "syntax"
    ignored: ["examples"]
warning: the following keywords are unknown and will be ignored: [examples]
    level: "warning"
    schema: {"loadingURI":"#","pointer":"/items/properties/email"}
    domain: "syntax"
    ignored: ["examples"]
warning: the following keywords are unknown and will be ignored: [examples]
    level: "warning"
    schema: {"loadingURI":"#","pointer":"/items/properties/id"}
    domain: "syntax"
    ignored: ["examples"]
warning: the following keywords are unknown and will be ignored: [examples]
    level: "warning"
    schema: {"loadingURI":"#","pointer":"/items/properties/nome"}
    domain: "syntax"
    ignored: ["examples"]
warning: the following keywords are unknown and will be ignored: [examples]
    level: "warning"
    schema: {"loadingURI":"#","pointer":"/items/properties/parcelas"}
    domain: "syntax"
    ignored: ["examples"]
warning: the following keywords are unknown and will be ignored: [examples]
    level: "warning"
    schema: {"loadingURI":"#","pointer":"/items/properties/seguro"}
    domain: "syntax"
    ignored: ["examples"]
warning: the following keywords are unknown and will be ignored: [examples]
    level: "warning"
    schema: {"loadingURI":"#","pointer":"/items/properties/valor"}
    domain: "syntax"
    ignored: ["examples"]
warning: the following keywords are unknown and will be ignored: [examples]
    level: "warning"
    schema: {"loadingURI":"#","pointer":"/items"}
    domain: "syntax"
    ignored: ["examples"]
warning: the following keywords are unknown and will be ignored: [examples]
    level: "warning"
    schema: {"loadingURI":"#","pointer":"/items/properties/cpf"}
    domain: "syntax"
    ignored: ["examples"]
warning: the following keywords are unknown and will be ignored: [examples]
    level: "warning"
    schema: {"loadingURI":"#","pointer":"/items/properties/email"}
    domain: "syntax"
    ignored: ["examples"]
warning: the following keywords are unknown and will be ignored: [examples]
    level: "warning"
    schema: {"loadingURI":"#","pointer":"/items/properties/id"}
    domain: "syntax"
    ignored: ["examples"]
warning: the following keywords are unknown and will be ignored: [examples]
    level: "warning"
    schema: {"loadingURI":"#","pointer":"/items/properties/nome"}
    domain: "syntax"
    ignored: ["examples"]
warning: the following keywords are unknown and will be ignored: [examples]
    level: "warning"
    schema: {"loadingURI":"#","pointer":"/items/properties/parcelas"}
    domain: "syntax"
    ignored: ["examples"]
warning: the following keywords are unknown and will be ignored: [examples]
    level: "warning"
    schema: {"loadingURI":"#","pointer":"/items/properties/seguro"}
    domain: "syntax"
    ignored: ["examples"]
warning: the following keywords are unknown and will be ignored: [examples]
    level: "warning"
    schema: {"loadingURI":"#","pointer":"/items/properties/valor"}
    domain: "syntax"
    ignored: ["examples"]
warning: the following keywords are unknown and will be ignored: [examples]
    level: "warning"
    schema: {"loadingURI":"#","pointer":"/items"}
    domain: "syntax"
    ignored: ["examples"]
warning: the following keywords are unknown and will be ignored: [examples]
    level: "warning"
    schema: {"loadingURI":"#","pointer":"/items/properties/cpf"}
    domain: "syntax"
    ignored: ["examples"]
warning: the following keywords are unknown and will be ignored: [examples]
    level: "warning"
    schema: {"loadingURI":"#","pointer":"/items/properties/email"}
    domain: "syntax"
    ignored: ["examples"]
warning: the following keywords are unknown and will be ignored: [examples]
    level: "warning"
    schema: {"loadingURI":"#","pointer":"/items/properties/id"}
    domain: "syntax"
    ignored: ["examples"]
warning: the following keywords are unknown and will be ignored: [examples]
    level: "warning"
    schema: {"loadingURI":"#","pointer":"/items/properties/nome"}
    domain: "syntax"
    ignored: ["examples"]
warning: the following keywords are unknown and will be ignored: [examples]
    level: "warning"
    schema: {"loadingURI":"#","pointer":"/items/properties/parcelas"}
    domain: "syntax"
    ignored: ["examples"]
warning: the following keywords are unknown and will be ignored: [examples]
    level: "warning"
    schema: {"loadingURI":"#","pointer":"/items/properties/seguro"}
    domain: "syntax"
    ignored: ["examples"]
warning: the following keywords are unknown and will be ignored: [examples]
    level: "warning"
    schema: {"loadingURI":"#","pointer":"/items/properties/valor"}
    domain: "syntax"
    ignored: ["examples"]
warning: the following keywords are unknown and will be ignored: [examples]
    level: "warning"
    schema: {"loadingURI":"#","pointer":"/items"}
    domain: "syntax"
    ignored: ["examples"]
warning: the following keywords are unknown and will be ignored: [examples]
    level: "warning"
    schema: {"loadingURI":"#","pointer":"/items/properties/cpf"}
    domain: "syntax"
    ignored: ["examples"]
warning: the following keywords are unknown and will be ignored: [examples]
    level: "warning"
    schema: {"loadingURI":"#","pointer":"/items/properties/email"}
    domain: "syntax"
    ignored: ["examples"]
warning: the following keywords are unknown and will be ignored: [examples]
    level: "warning"
    schema: {"loadingURI":"#","pointer":"/items/properties/id"}
    domain: "syntax"
    ignored: ["examples"]
warning: the following keywords are unknown and will be ignored: [examples]
    level: "warning"
    schema: {"loadingURI":"#","pointer":"/items/properties/nome"}
    domain: "syntax"
    ignored: ["examples"]
warning: the following keywords are unknown and will be ignored: [examples]
    level: "warning"
    schema: {"loadingURI":"#","pointer":"/items/properties/parcelas"}
    domain: "syntax"
    ignored: ["examples"]
warning: the following keywords are unknown and will be ignored: [examples]
    level: "warning"
    schema: {"loadingURI":"#","pointer":"/items/properties/seguro"}
    domain: "syntax"
    ignored: ["examples"]
warning: the following keywords are unknown and will be ignored: [examples]
    level: "warning"
    schema: {"loadingURI":"#","pointer":"/items/properties/valor"}
    domain: "syntax"
    ignored: ["examples"]
warning: the following keywords are unknown and will be ignored: [examples]
    level: "warning"
    schema: {"loadingURI":"#","pointer":"/items"}
    domain: "syntax"
    ignored: ["examples"]
warning: the following keywords are unknown and will be ignored: [examples]
    level: "warning"
    schema: {"loadingURI":"#","pointer":"/items/properties/cpf"}
    domain: "syntax"
    ignored: ["examples"]
warning: the following keywords are unknown and will be ignored: [examples]
    level: "warning"
    schema: {"loadingURI":"#","pointer":"/items/properties/email"}
    domain: "syntax"
    ignored: ["examples"]
warning: the following keywords are unknown and will be ignored: [examples]
    level: "warning"
    schema: {"loadingURI":"#","pointer":"/items/properties/id"}
    domain: "syntax"
    ignored: ["examples"]
warning: the following keywords are unknown and will be ignored: [examples]
    level: "warning"
    schema: {"loadingURI":"#","pointer":"/items/properties/nome"}
    domain: "syntax"
    ignored: ["examples"]
warning: the following keywords are unknown and will be ignored: [examples]
    level: "warning"
    schema: {"loadingURI":"#","pointer":"/items/properties/parcelas"}
    domain: "syntax"
    ignored: ["examples"]
warning: the following keywords are unknown and will be ignored: [examples]
    level: "warning"
    schema: {"loadingURI":"#","pointer":"/items/properties/seguro"}
    domain: "syntax"
    ignored: ["examples"]
warning: the following keywords are unknown and will be ignored: [examples]
    level: "warning"
    schema: {"loadingURI":"#","pointer":"/items/properties/valor"}
    domain: "syntax"
    ignored: ["examples"]
warning: the following keywords are unknown and will be ignored: [examples]
    level: "warning"
    schema: {"loadingURI":"#","pointer":"/items"}
    domain: "syntax"
    ignored: ["examples"]
warning: the following keywords are unknown and will be ignored: [examples]
    level: "warning"
    schema: {"loadingURI":"#","pointer":"/items/properties/cpf"}
    domain: "syntax"
    ignored: ["examples"]
warning: the following keywords are unknown and will be ignored: [examples]
    level: "warning"
    schema: {"loadingURI":"#","pointer":"/items/properties/email"}
    domain: "syntax"
    ignored: ["examples"]
warning: the following keywords are unknown and will be ignored: [examples]
    level: "warning"
    schema: {"loadingURI":"#","pointer":"/items/properties/id"}
    domain: "syntax"
    ignored: ["examples"]
warning: the following keywords are unknown and will be ignored: [examples]
    level: "warning"
    schema: {"loadingURI":"#","pointer":"/items/properties/nome"}
    domain: "syntax"
    ignored: ["examples"]
warning: the following keywords are unknown and will be ignored: [examples]
    level: "warning"
    schema: {"loadingURI":"#","pointer":"/items/properties/parcelas"}
    domain: "syntax"
    ignored: ["examples"]
warning: the following keywords are unknown and will be ignored: [examples]
    level: "warning"
    schema: {"loadingURI":"#","pointer":"/items/properties/seguro"}
    domain: "syntax"
    ignored: ["examples"]
warning: the following keywords are unknown and will be ignored: [examples]
    level: "warning"
    schema: {"loadingURI":"#","pointer":"/items/properties/valor"}
    domain: "syntax"
    ignored: ["examples"]
warning: the following keywords are unknown and will be ignored: [examples]
    level: "warning"
    schema: {"loadingURI":"#","pointer":"/items"}
    domain: "syntax"
    ignored: ["examples"]
warning: the following keywords are unknown and will be ignored: [examples]
    level: "warning"
    schema: {"loadingURI":"#","pointer":"/items/properties/cpf"}
    domain: "syntax"
    ignored: ["examples"]
warning: the following keywords are unknown and will be ignored: [examples]
    level: "warning"
    schema: {"loadingURI":"#","pointer":"/items/properties/email"}
    domain: "syntax"
    ignored: ["examples"]
warning: the following keywords are unknown and will be ignored: [examples]
    level: "warning"
    schema: {"loadingURI":"#","pointer":"/items/properties/id"}
    domain: "syntax"
    ignored: ["examples"]
warning: the following keywords are unknown and will be ignored: [examples]
    level: "warning"
    schema: {"loadingURI":"#","pointer":"/items/properties/nome"}
    domain: "syntax"
    ignored: ["examples"]
warning: the following keywords are unknown and will be ignored: [examples]
    level: "warning"
    schema: {"loadingURI":"#","pointer":"/items/properties/parcelas"}
    domain: "syntax"
    ignored: ["examples"]
warning: the following keywords are unknown and will be ignored: [examples]
    level: "warning"
    schema: {"loadingURI":"#","pointer":"/items/properties/seguro"}
    domain: "syntax"
    ignored: ["examples"]
warning: the following keywords are unknown and will be ignored: [examples]
    level: "warning"
    schema: {"loadingURI":"#","pointer":"/items/properties/valor"}
    domain: "syntax"
    ignored: ["examples"]
warning: the following keywords are unknown and will be ignored: [examples]
    level: "warning"
    schema: {"loadingURI":"#","pointer":"/items"}
    domain: "syntax"
    ignored: ["examples"]
warning: the following keywords are unknown and will be ignored: [examples]
    level: "warning"
    schema: {"loadingURI":"#","pointer":"/items/properties/cpf"}
    domain: "syntax"
    ignored: ["examples"]
warning: the following keywords are unknown and will be ignored: [examples]
    level: "warning"
    schema: {"loadingURI":"#","pointer":"/items/properties/email"}
    domain: "syntax"
    ignored: ["examples"]
warning: the following keywords are unknown and will be ignored: [examples]
    level: "warning"
    schema: {"loadingURI":"#","pointer":"/items/properties/id"}
    domain: "syntax"
    ignored: ["examples"]
warning: the following keywords are unknown and will be ignored: [examples]
    level: "warning"
    schema: {"loadingURI":"#","pointer":"/items/properties/nome"}
    domain: "syntax"
    ignored: ["examples"]
warning: the following keywords are unknown and will be ignored: [examples]
    level: "warning"
    schema: {"loadingURI":"#","pointer":"/items/properties/parcelas"}
    domain: "syntax"
    ignored: ["examples"]
warning: the following keywords are unknown and will be ignored: [examples]
    level: "warning"
    schema: {"loadingURI":"#","pointer":"/items/properties/seguro"}
    domain: "syntax"
    ignored: ["examples"]
warning: the following keywords are unknown and will be ignored: [examples]
    level: "warning"
    schema: {"loadingURI":"#","pointer":"/items/properties/valor"}
    domain: "syntax"
    ignored: ["examples"]
warning: the following keywords are unknown and will be ignored: [examples]
    level: "warning"
    schema: {"loadingURI":"#","pointer":"/items"}
    domain: "syntax"
    ignored: ["examples"]
warning: the following keywords are unknown and will be ignored: [examples]
    level: "warning"
    schema: {"loadingURI":"#","pointer":"/items/properties/cpf"}
    domain: "syntax"
    ignored: ["examples"]
warning: the following keywords are unknown and will be ignored: [examples]
    level: "warning"
    schema: {"loadingURI":"#","pointer":"/items/properties/email"}
    domain: "syntax"
    ignored: ["examples"]
warning: the following keywords are unknown and will be ignored: [examples]
    level: "warning"
    schema: {"loadingURI":"#","pointer":"/items/properties/id"}
    domain: "syntax"
    ignored: ["examples"]
warning: the following keywords are unknown and will be ignored: [examples]
    level: "warning"
    schema: {"loadingURI":"#","pointer":"/items/properties/nome"}
    domain: "syntax"
    ignored: ["examples"]
warning: the following keywords are unknown and will be ignored: [examples]
    level: "warning"
    schema: {"loadingURI":"#","pointer":"/items/properties/parcelas"}
    domain: "syntax"
    ignored: ["examples"]
warning: the following keywords are unknown and will be ignored: [examples]
    level: "warning"
    schema: {"loadingURI":"#","pointer":"/items/properties/seguro"}
    domain: "syntax"
    ignored: ["examples"]
warning: the following keywords are unknown and will be ignored: [examples]
    level: "warning"
    schema: {"loadingURI":"#","pointer":"/items/properties/valor"}
    domain: "syntax"
    ignored: ["examples"]
warning: the following keywords are unknown and will be ignored: [examples]
    level: "warning"
    schema: {"loadingURI":"#","pointer":"/items"}
    domain: "syntax"
    ignored: ["examples"]
warning: the following keywords are unknown and will be ignored: [examples]
    level: "warning"
    schema: {"loadingURI":"#","pointer":"/items/properties/cpf"}
    domain: "syntax"
    ignored: ["examples"]
warning: the following keywords are unknown and will be ignored: [examples]
    level: "warning"
    schema: {"loadingURI":"#","pointer":"/items/properties/email"}
    domain: "syntax"
    ignored: ["examples"]
warning: the following keywords are unknown and will be ignored: [examples]
    level: "warning"
    schema: {"loadingURI":"#","pointer":"/items/properties/id"}
    domain: "syntax"
    ignored: ["examples"]
warning: the following keywords are unknown and will be ignored: [examples]
    level: "warning"
    schema: {"loadingURI":"#","pointer":"/items/properties/nome"}
    domain: "syntax"
    ignored: ["examples"]
warning: the following keywords are unknown and will be ignored: [examples]
    level: "warning"
    schema: {"loadingURI":"#","pointer":"/items/properties/parcelas"}
    domain: "syntax"
    ignored: ["examples"]
warning: the following keywords are unknown and will be ignored: [examples]
    level: "warning"
    schema: {"loadingURI":"#","pointer":"/items/properties/seguro"}
    domain: "syntax"
    ignored: ["examples"]
warning: the following keywords are unknown and will be ignored: [examples]
    level: "warning"
    schema: {"loadingURI":"#","pointer":"/items/properties/valor"}
    domain: "syntax"
    ignored: ["examples"]
warning: the following keywords are unknown and will be ignored: [examples]
    level: "warning"
    schema: {"loadingURI":"#","pointer":"/items"}
    domain: "syntax"
    ignored: ["examples"]
warning: the following keywords are unknown and will be ignored: [examples]
    level: "warning"
    schema: {"loadingURI":"#","pointer":"/items/properties/cpf"}
    domain: "syntax"
    ignored: ["examples"]
warning: the following keywords are unknown and will be ignored: [examples]
    level: "warning"
    schema: {"loadingURI":"#","pointer":"/items/properties/email"}
    domain: "syntax"
    ignored: ["examples"]
warning: the following keywords are unknown and will be ignored: [examples]
    level: "warning"
    schema: {"loadingURI":"#","pointer":"/items/properties/id"}
    domain: "syntax"
    ignored: ["examples"]
warning: the following keywords are unknown and will be ignored: [examples]
    level: "warning"
    schema: {"loadingURI":"#","pointer":"/items/properties/nome"}
    domain: "syntax"
    ignored: ["examples"]
warning: the following keywords are unknown and will be ignored: [examples]
    level: "warning"
    schema: {"loadingURI":"#","pointer":"/items/properties/parcelas"}
    domain: "syntax"
    ignored: ["examples"]
warning: the following keywords are unknown and will be ignored: [examples]
    level: "warning"
    schema: {"loadingURI":"#","pointer":"/items/properties/seguro"}
    domain: "syntax"
    ignored: ["examples"]
warning: the following keywords are unknown and will be ignored: [examples]
    level: "warning"
    schema: {"loadingURI":"#","pointer":"/items/properties/valor"}
    domain: "syntax"
    ignored: ["examples"]
warning: the following keywords are unknown and will be ignored: [examples]
    level: "warning"
    schema: {"loadingURI":"#","pointer":"/items"}
    domain: "syntax"
    ignored: ["examples"]
warning: the following keywords are unknown and will be ignored: [examples]
    level: "warning"
    schema: {"loadingURI":"#","pointer":"/items/properties/cpf"}
    domain: "syntax"
    ignored: ["examples"]
warning: the following keywords are unknown and will be ignored: [examples]
    level: "warning"
    schema: {"loadingURI":"#","pointer":"/items/properties/email"}
    domain: "syntax"
    ignored: ["examples"]
warning: the following keywords are unknown and will be ignored: [examples]
    level: "warning"
    schema: {"loadingURI":"#","pointer":"/items/properties/id"}
    domain: "syntax"
    ignored: ["examples"]
warning: the following keywords are unknown and will be ignored: [examples]
    level: "warning"
    schema: {"loadingURI":"#","pointer":"/items/properties/nome"}
    domain: "syntax"
    ignored: ["examples"]
warning: the following keywords are unknown and will be ignored: [examples]
    level: "warning"
    schema: {"loadingURI":"#","pointer":"/items/properties/parcelas"}
    domain: "syntax"
    ignored: ["examples"]
warning: the following keywords are unknown and will be ignored: [examples]
    level: "warning"
    schema: {"loadingURI":"#","pointer":"/items/properties/seguro"}
    domain: "syntax"
    ignored: ["examples"]
warning: the following keywords are unknown and will be ignored: [examples]
    level: "warning"
    schema: {"loadingURI":"#","pointer":"/items/properties/valor"}
    domain: "syntax"
    ignored: ["examples"]
warning: the following keywords are unknown and will be ignored: [examples]
    level: "warning"
    schema: {"loadingURI":"#","pointer":"/items"}
    domain: "syntax"
    ignored: ["examples"]
warning: the following keywords are unknown and will be ignored: [examples]
    level: "warning"
    schema: {"loadingURI":"#","pointer":"/items/properties/cpf"}
    domain: "syntax"
    ignored: ["examples"]
warning: the following keywords are unknown and will be ignored: [examples]
    level: "warning"
    schema: {"loadingURI":"#","pointer":"/items/properties/email"}
    domain: "syntax"
    ignored: ["examples"]
warning: the following keywords are unknown and will be ignored: [examples]
    level: "warning"
    schema: {"loadingURI":"#","pointer":"/items/properties/id"}
    domain: "syntax"
    ignored: ["examples"]
warning: the following keywords are unknown and will be ignored: [examples]
    level: "warning"
    schema: {"loadingURI":"#","pointer":"/items/properties/nome"}
    domain: "syntax"
    ignored: ["examples"]
warning: the following keywords are unknown and will be ignored: [examples]
    level: "warning"
    schema: {"loadingURI":"#","pointer":"/items/properties/parcelas"}
    domain: "syntax"
    ignored: ["examples"]
warning: the following keywords are unknown and will be ignored: [examples]
    level: "warning"
    schema: {"loadingURI":"#","pointer":"/items/properties/seguro"}
    domain: "syntax"
    ignored: ["examples"]
warning: the following keywords are unknown and will be ignored: [examples]
    level: "warning"
    schema: {"loadingURI":"#","pointer":"/items/properties/valor"}
    domain: "syntax"
    ignored: ["examples"]
warning: the following keywords are unknown and will be ignored: [examples]
    level: "warning"
    schema: {"loadingURI":"#","pointer":"/items"}
    domain: "syntax"
    ignored: ["examples"]
warning: the following keywords are unknown and will be ignored: [examples]
    level: "warning"
    schema: {"loadingURI":"#","pointer":"/items/properties/cpf"}
    domain: "syntax"
    ignored: ["examples"]
warning: the following keywords are unknown and will be ignored: [examples]
    level: "warning"
    schema: {"loadingURI":"#","pointer":"/items/properties/email"}
    domain: "syntax"
    ignored: ["examples"]
warning: the following keywords are unknown and will be ignored: [examples]
    level: "warning"
    schema: {"loadingURI":"#","pointer":"/items/properties/id"}
    domain: "syntax"
    ignored: ["examples"]
warning: the following keywords are unknown and will be ignored: [examples]
    level: "warning"
    schema: {"loadingURI":"#","pointer":"/items/properties/nome"}
    domain: "syntax"
    ignored: ["examples"]
warning: the following keywords are unknown and will be ignored: [examples]
    level: "warning"
    schema: {"loadingURI":"#","pointer":"/items/properties/parcelas"}
    domain: "syntax"
    ignored: ["examples"]
warning: the following keywords are unknown and will be ignored: [examples]
    level: "warning"
    schema: {"loadingURI":"#","pointer":"/items/properties/seguro"}
    domain: "syntax"
    ignored: ["examples"]
warning: the following keywords are unknown and will be ignored: [examples]
    level: "warning"
    schema: {"loadingURI":"#","pointer":"/items/properties/valor"}
    domain: "syntax"
    ignored: ["examples"]
warning: the following keywords are unknown and will be ignored: [examples]
    level: "warning"
    schema: {"loadingURI":"#","pointer":"/items"}
    domain: "syntax"
    ignored: ["examples"]
warning: the following keywords are unknown and will be ignored: [examples]
    level: "warning"
    schema: {"loadingURI":"#","pointer":"/items/properties/cpf"}
    domain: "syntax"
    ignored: ["examples"]
warning: the following keywords are unknown and will be ignored: [examples]
    level: "warning"
    schema: {"loadingURI":"#","pointer":"/items/properties/email"}
    domain: "syntax"
    ignored: ["examples"]
warning: the following keywords are unknown and will be ignored: [examples]
    level: "warning"
    schema: {"loadingURI":"#","pointer":"/items/properties/id"}
    domain: "syntax"
    ignored: ["examples"]
warning: the following keywords are unknown and will be ignored: [examples]
    level: "warning"
    schema: {"loadingURI":"#","pointer":"/items/properties/nome"}
    domain: "syntax"
    ignored: ["examples"]
warning: the following keywords are unknown and will be ignored: [examples]
    level: "warning"
    schema: {"loadingURI":"#","pointer":"/items/properties/parcelas"}
    domain: "syntax"
    ignored: ["examples"]
warning: the following keywords are unknown and will be ignored: [examples]
    level: "warning"
    schema: {"loadingURI":"#","pointer":"/items/properties/seguro"}
    domain: "syntax"
    ignored: ["examples"]
warning: the following keywords are unknown and will be ignored: [examples]
    level: "warning"
    schema: {"loadingURI":"#","pointer":"/items/properties/valor"}
    domain: "syntax"
    ignored: ["examples"]
warning: the following keywords are unknown and will be ignored: [examples]
    level: "warning"
    schema: {"loadingURI":"#","pointer":"/items"}
    domain: "syntax"
    ignored: ["examples"]
warning: the following keywords are unknown and will be ignored: [examples]
    level: "warning"
    schema: {"loadingURI":"#","pointer":"/items/properties/cpf"}
    domain: "syntax"
    ignored: ["examples"]
warning: the following keywords are unknown and will be ignored: [examples]
    level: "warning"
    schema: {"loadingURI":"#","pointer":"/items/properties/email"}
    domain: "syntax"
    ignored: ["examples"]
warning: the following keywords are unknown and will be ignored: [examples]
    level: "warning"
    schema: {"loadingURI":"#","pointer":"/items/properties/id"}
    domain: "syntax"
    ignored: ["examples"]
warning: the following keywords are unknown and will be ignored: [examples]
    level: "warning"
    schema: {"loadingURI":"#","pointer":"/items/properties/nome"}
    domain: "syntax"
    ignored: ["examples"]
warning: the following keywords are unknown and will be ignored: [examples]
    level: "warning"
    schema: {"loadingURI":"#","pointer":"/items/properties/parcelas"}
    domain: "syntax"
    ignored: ["examples"]
warning: the following keywords are unknown and will be ignored: [examples]
    level: "warning"
    schema: {"loadingURI":"#","pointer":"/items/properties/seguro"}
    domain: "syntax"
    ignored: ["examples"]
warning: the following keywords are unknown and will be ignored: [examples]
    level: "warning"
    schema: {"loadingURI":"#","pointer":"/items/properties/valor"}
    domain: "syntax"
    ignored: ["examples"]
warning: the following keywords are unknown and will be ignored: [examples]
    level: "warning"
    schema: {"loadingURI":"#","pointer":"/items"}
    domain: "syntax"
    ignored: ["examples"]
warning: the following keywords are unknown and will be ignored: [examples]
    level: "warning"
    schema: {"loadingURI":"#","pointer":"/items/properties/cpf"}
    domain: "syntax"
    ignored: ["examples"]
warning: the following keywords are unknown and will be ignored: [examples]
    level: "warning"
    schema: {"loadingURI":"#","pointer":"/items/properties/email"}
    domain: "syntax"
    ignored: ["examples"]
warning: the following keywords are unknown and will be ignored: [examples]
    level: "warning"
    schema: {"loadingURI":"#","pointer":"/items/properties/id"}
    domain: "syntax"
    ignored: ["examples"]
warning: the following keywords are unknown and will be ignored: [examples]
    level: "warning"
    schema: {"loadingURI":"#","pointer":"/items/properties/nome"}
    domain: "syntax"
    ignored: ["examples"]
warning: the following keywords are unknown and will be ignored: [examples]
    level: "warning"
    schema: {"loadingURI":"#","pointer":"/items/properties/parcelas"}
    domain: "syntax"
    ignored: ["examples"]
warning: the following keywords are unknown and will be ignored: [examples]
    level: "warning"
    schema: {"loadingURI":"#","pointer":"/items/properties/seguro"}
    domain: "syntax"
    ignored: ["examples"]
warning: the following keywords are unknown and will be ignored: [examples]
    level: "warning"
    schema: {"loadingURI":"#","pointer":"/items/properties/valor"}
    domain: "syntax"
    ignored: ["examples"]
warning: the following keywords are unknown and will be ignored: [examples]
    level: "warning"
    schema: {"loadingURI":"#","pointer":"/items"}
    domain: "syntax"
    ignored: ["examples"]
warning: the following keywords are unknown and will be ignored: [examples]
    level: "warning"
    schema: {"loadingURI":"#","pointer":"/items/properties/cpf"}
    domain: "syntax"
    ignored: ["examples"]
warning: the following keywords are unknown and will be ignored: [examples]
    level: "warning"
    schema: {"loadingURI":"#","pointer":"/items/properties/email"}
    domain: "syntax"
    ignored: ["examples"]
warning: the following keywords are unknown and will be ignored: [examples]
    level: "warning"
    schema: {"loadingURI":"#","pointer":"/items/properties/id"}
    domain: "syntax"
    ignored: ["examples"]
warning: the following keywords are unknown and will be ignored: [examples]
    level: "warning"
    schema: {"loadingURI":"#","pointer":"/items/properties/nome"}
    domain: "syntax"
    ignored: ["examples"]
warning: the following keywords are unknown and will be ignored: [examples]
    level: "warning"
    schema: {"loadingURI":"#","pointer":"/items/properties/parcelas"}
    domain: "syntax"
    ignored: ["examples"]
warning: the following keywords are unknown and will be ignored: [examples]
    level: "warning"
    schema: {"loadingURI":"#","pointer":"/items/properties/seguro"}
    domain: "syntax"
    ignored: ["examples"]
warning: the following keywords are unknown and will be ignored: [examples]
    level: "warning"
    schema: {"loadingURI":"#","pointer":"/items/properties/valor"}
    domain: "syntax"
    ignored: ["examples"]
warning: the following keywords are unknown and will be ignored: [examples]
    level: "warning"
    schema: {"loadingURI":"#","pointer":"/items"}
    domain: "syntax"
    ignored: ["examples"]
warning: the following keywords are unknown and will be ignored: [examples]
    level: "warning"
    schema: {"loadingURI":"#","pointer":"/items/properties/cpf"}
    domain: "syntax"
    ignored: ["examples"]
warning: the following keywords are unknown and will be ignored: [examples]
    level: "warning"
    schema: {"loadingURI":"#","pointer":"/items/properties/email"}
    domain: "syntax"
    ignored: ["examples"]
warning: the following keywords are unknown and will be ignored: [examples]
    level: "warning"
    schema: {"loadingURI":"#","pointer":"/items/properties/id"}
    domain: "syntax"
    ignored: ["examples"]
warning: the following keywords are unknown and will be ignored: [examples]
    level: "warning"
    schema: {"loadingURI":"#","pointer":"/items/properties/nome"}
    domain: "syntax"
    ignored: ["examples"]
warning: the following keywords are unknown and will be ignored: [examples]
    level: "warning"
    schema: {"loadingURI":"#","pointer":"/items/properties/parcelas"}
    domain: "syntax"
    ignored: ["examples"]
warning: the following keywords are unknown and will be ignored: [examples]
    level: "warning"
    schema: {"loadingURI":"#","pointer":"/items/properties/seguro"}
    domain: "syntax"
    ignored: ["examples"]
warning: the following keywords are unknown and will be ignored: [examples]
    level: "warning"
    schema: {"loadingURI":"#","pointer":"/items/properties/valor"}
    domain: "syntax"
    ignored: ["examples"]
warning: the following keywords are unknown and will be ignored: [examples]
    level: "warning"
    schema: {"loadingURI":"#","pointer":"/items"}
    domain: "syntax"
    ignored: ["examples"]
warning: the following keywords are unknown and will be ignored: [examples]
    level: "warning"
    schema: {"loadingURI":"#","pointer":"/items/properties/cpf"}
    domain: "syntax"
    ignored: ["examples"]
warning: the following keywords are unknown and will be ignored: [examples]
    level: "warning"
    schema: {"loadingURI":"#","pointer":"/items/properties/email"}
    domain: "syntax"
    ignored: ["examples"]
warning: the following keywords are unknown and will be ignored: [examples]
    level: "warning"
    schema: {"loadingURI":"#","pointer":"/items/properties/id"}
    domain: "syntax"
    ignored: ["examples"]
warning: the following keywords are unknown and will be ignored: [examples]
    level: "warning"
    schema: {"loadingURI":"#","pointer":"/items/properties/nome"}
    domain: "syntax"
    ignored: ["examples"]
warning: the following keywords are unknown and will be ignored: [examples]
    level: "warning"
    schema: {"loadingURI":"#","pointer":"/items/properties/parcelas"}
    domain: "syntax"
    ignored: ["examples"]
warning: the following keywords are unknown and will be ignored: [examples]
    level: "warning"
    schema: {"loadingURI":"#","pointer":"/items/properties/seguro"}
    domain: "syntax"
    ignored: ["examples"]
warning: the following keywords are unknown and will be ignored: [examples]
    level: "warning"
    schema: {"loadingURI":"#","pointer":"/items/properties/valor"}
    domain: "syntax"
    ignored: ["examples"]
warning: the following keywords are unknown and will be ignored: [examples]
    level: "warning"
    schema: {"loadingURI":"#","pointer":"/items"}
    domain: "syntax"
    ignored: ["examples"]
warning: the following keywords are unknown and will be ignored: [examples]
    level: "warning"
    schema: {"loadingURI":"#","pointer":"/items/properties/cpf"}
    domain: "syntax"
    ignored: ["examples"]
warning: the following keywords are unknown and will be ignored: [examples]
    level: "warning"
    schema: {"loadingURI":"#","pointer":"/items/properties/email"}
    domain: "syntax"
    ignored: ["examples"]
warning: the following keywords are unknown and will be ignored: [examples]
    level: "warning"
    schema: {"loadingURI":"#","pointer":"/items/properties/id"}
    domain: "syntax"
    ignored: ["examples"]
warning: the following keywords are unknown and will be ignored: [examples]
    level: "warning"
    schema: {"loadingURI":"#","pointer":"/items/properties/nome"}
    domain: "syntax"
    ignored: ["examples"]
warning: the following keywords are unknown and will be ignored: [examples]
    level: "warning"
    schema: {"loadingURI":"#","pointer":"/items/properties/parcelas"}
    domain: "syntax"
    ignored: ["examples"]
warning: the following keywords are unknown and will be ignored: [examples]
    level: "warning"
    schema: {"loadingURI":"#","pointer":"/items/properties/seguro"}
    domain: "syntax"
    ignored: ["examples"]
warning: the following keywords are unknown and will be ignored: [examples]
    level: "warning"
    schema: {"loadingURI":"#","pointer":"/items/properties/valor"}
    domain: "syntax"
    ignored: ["examples"]
warning: the following keywords are unknown and will be ignored: [examples]
    level: "warning"
    schema: {"loadingURI":"#","pointer":"/items"}
    domain: "syntax"
    ignored: ["examples"]
warning: the following keywords are unknown and will be ignored: [examples]
    level: "warning"
    schema: {"loadingURI":"#","pointer":"/items/properties/cpf"}
    domain: "syntax"
    ignored: ["examples"]
warning: the following keywords are unknown and will be ignored: [examples]
    level: "warning"
    schema: {"loadingURI":"#","pointer":"/items/properties/email"}
    domain: "syntax"
    ignored: ["examples"]
warning: the following keywords are unknown and will be ignored: [examples]
    level: "warning"
    schema: {"loadingURI":"#","pointer":"/items/properties/id"}
    domain: "syntax"
    ignored: ["examples"]
warning: the following keywords are unknown and will be ignored: [examples]
    level: "warning"
    schema: {"loadingURI":"#","pointer":"/items/properties/nome"}
    domain: "syntax"
    ignored: ["examples"]
warning: the following keywords are unknown and will be ignored: [examples]
    level: "warning"
    schema: {"loadingURI":"#","pointer":"/items/properties/parcelas"}
    domain: "syntax"
    ignored: ["examples"]
warning: the following keywords are unknown and will be ignored: [examples]
    level: "warning"
    schema: {"loadingURI":"#","pointer":"/items/properties/seguro"}
    domain: "syntax"
    ignored: ["examples"]
warning: the following keywords are unknown and will be ignored: [examples]
    level: "warning"
    schema: {"loadingURI":"#","pointer":"/items/properties/valor"}
    domain: "syntax"
    ignored: ["examples"]
warning: the following keywords are unknown and will be ignored: [examples]
    level: "warning"
    schema: {"loadingURI":"#","pointer":"/items"}
    domain: "syntax"
    ignored: ["examples"]
warning: the following keywords are unknown and will be ignored: [examples]
    level: "warning"
    schema: {"loadingURI":"#","pointer":"/items/properties/cpf"}
    domain: "syntax"
    ignored: ["examples"]
warning: the following keywords are unknown and will be ignored: [examples]
    level: "warning"
    schema: {"loadingURI":"#","pointer":"/items/properties/email"}
    domain: "syntax"
    ignored: ["examples"]
warning: the following keywords are unknown and will be ignored: [examples]
    level: "warning"
    schema: {"loadingURI":"#","pointer":"/items/properties/id"}
    domain: "syntax"
    ignored: ["examples"]
warning: the following keywords are unknown and will be ignored: [examples]
    level: "warning"
    schema: {"loadingURI":"#","pointer":"/items/properties/nome"}
    domain: "syntax"
    ignored: ["examples"]
warning: the following keywords are unknown and will be ignored: [examples]
    level: "warning"
    schema: {"loadingURI":"#","pointer":"/items/properties/parcelas"}
    domain: "syntax"
    ignored: ["examples"]
warning: the following keywords are unknown and will be ignored: [examples]
    level: "warning"
    schema: {"loadingURI":"#","pointer":"/items/properties/seguro"}
    domain: "syntax"
    ignored: ["examples"]
warning: the following keywords are unknown and will be ignored: [examples]
    level: "warning"
    schema: {"loadingURI":"#","pointer":"/items/properties/valor"}
    domain: "syntax"
    ignored: ["examples"]
warning: the following keywords are unknown and will be ignored: [examples]
    level: "warning"
    schema: {"loadingURI":"#","pointer":"/items"}
    domain: "syntax"
    ignored: ["examples"]
warning: the following keywords are unknown and will be ignored: [examples]
    level: "warning"
    schema: {"loadingURI":"#","pointer":"/items/properties/cpf"}
    domain: "syntax"
    ignored: ["examples"]
warning: the following keywords are unknown and will be ignored: [examples]
    level: "warning"
    schema: {"loadingURI":"#","pointer":"/items/properties/email"}
    domain: "syntax"
    ignored: ["examples"]
warning: the following keywords are unknown and will be ignored: [examples]
    level: "warning"
    schema: {"loadingURI":"#","pointer":"/items/properties/id"}
    domain: "syntax"
    ignored: ["examples"]
warning: the following keywords are unknown and will be ignored: [examples]
    level: "warning"
    schema: {"loadingURI":"#","pointer":"/items/properties/nome"}
    domain: "syntax"
    ignored: ["examples"]
warning: the following keywords are unknown and will be ignored: [examples]
    level: "warning"
    schema: {"loadingURI":"#","pointer":"/items/properties/parcelas"}
    domain: "syntax"
    ignored: ["examples"]
warning: the following keywords are unknown and will be ignored: [examples]
    level: "warning"
    schema: {"loadingURI":"#","pointer":"/items/properties/seguro"}
    domain: "syntax"
    ignored: ["examples"]
warning: the following keywords are unknown and will be ignored: [examples]
    level: "warning"
    schema: {"loadingURI":"#","pointer":"/items/properties/valor"}
    domain: "syntax"
    ignored: ["examples"]
warning: the following keywords are unknown and will be ignored: [examples]
    level: "warning"
    schema: {"loadingURI":"#","pointer":"/items"}
    domain: "syntax"
    ignored: ["examples"]
warning: the following keywords are unknown and will be ignored: [examples]
    level: "warning"
    schema: {"loadingURI":"#","pointer":"/items/properties/cpf"}
    domain: "syntax"
    ignored: ["examples"]
warning: the following keywords are unknown and will be ignored: [examples]
    level: "warning"
    schema: {"loadingURI":"#","pointer":"/items/properties/email"}
    domain: "syntax"
    ignored: ["examples"]
warning: the following keywords are unknown and will be ignored: [examples]
    level: "warning"
    schema: {"loadingURI":"#","pointer":"/items/properties/id"}
    domain: "syntax"
    ignored: ["examples"]
warning: the following keywords are unknown and will be ignored: [examples]
    level: "warning"
    schema: {"loadingURI":"#","pointer":"/items/properties/nome"}
    domain: "syntax"
    ignored: ["examples"]
warning: the following keywords are unknown and will be ignored: [examples]
    level: "warning"
    schema: {"loadingURI":"#","pointer":"/items/properties/parcelas"}
    domain: "syntax"
    ignored: ["examples"]
warning: the following keywords are unknown and will be ignored: [examples]
    level: "warning"
    schema: {"loadingURI":"#","pointer":"/items/properties/seguro"}
    domain: "syntax"
    ignored: ["examples"]
warning: the following keywords are unknown and will be ignored: [examples]
    level: "warning"
    schema: {"loadingURI":"#","pointer":"/items/properties/valor"}
    domain: "syntax"
    ignored: ["examples"]
warning: the following keywords are unknown and will be ignored: [examples]
    level: "warning"
    schema: {"loadingURI":"#","pointer":"/items"}
    domain: "syntax"
    ignored: ["examples"]
warning: the following keywords are unknown and will be ignored: [examples]
    level: "warning"
    schema: {"loadingURI":"#","pointer":"/items/properties/cpf"}
    domain: "syntax"
    ignored: ["examples"]
warning: the following keywords are unknown and will be ignored: [examples]
    level: "warning"
    schema: {"loadingURI":"#","pointer":"/items/properties/email"}
    domain: "syntax"
    ignored: ["examples"]
warning: the following keywords are unknown and will be ignored: [examples]
    level: "warning"
    schema: {"loadingURI":"#","pointer":"/items/properties/id"}
    domain: "syntax"
    ignored: ["examples"]
warning: the following keywords are unknown and will be ignored: [examples]
    level: "warning"
    schema: {"loadingURI":"#","pointer":"/items/properties/nome"}
    domain: "syntax"
    ignored: ["examples"]
warning: the following keywords are unknown and will be ignored: [examples]
    level: "warning"
    schema: {"loadingURI":"#","pointer":"/items/properties/parcelas"}
    domain: "syntax"
    ignored: ["examples"]
warning: the following keywords are unknown and will be ignored: [examples]
    level: "warning"
    schema: {"loadingURI":"#","pointer":"/items/properties/seguro"}
    domain: "syntax"
    ignored: ["examples"]
warning: the following keywords are unknown and will be ignored: [examples]
    level: "warning"
    schema: {"loadingURI":"#","pointer":"/items/properties/valor"}
    domain: "syntax"
    ignored: ["examples"]
warning: the following keywords are unknown and will be ignored: [examples]
    level: "warning"
    schema: {"loadingURI":"#","pointer":"/items"}
    domain: "syntax"
    ignored: ["examples"]
warning: the following keywords are unknown and will be ignored: [examples]
    level: "warning"
    schema: {"loadingURI":"#","pointer":"/items/properties/cpf"}
    domain: "syntax"
    ignored: ["examples"]
warning: the following keywords are unknown and will be ignored: [examples]
    level: "warning"
    schema: {"loadingURI":"#","pointer":"/items/properties/email"}
    domain: "syntax"
    ignored: ["examples"]
warning: the following keywords are unknown and will be ignored: [examples]
    level: "warning"
    schema: {"loadingURI":"#","pointer":"/items/properties/id"}
    domain: "syntax"
    ignored: ["examples"]
warning: the following keywords are unknown and will be ignored: [examples]
    level: "warning"
    schema: {"loadingURI":"#","pointer":"/items/properties/nome"}
    domain: "syntax"
    ignored: ["examples"]
warning: the following keywords are unknown and will be ignored: [examples]
    level: "warning"
    schema: {"loadingURI":"#","pointer":"/items/properties/parcelas"}
    domain: "syntax"
    ignored: ["examples"]
warning: the following keywords are unknown and will be ignored: [examples]
    level: "warning"
    schema: {"loadingURI":"#","pointer":"/items/properties/seguro"}
    domain: "syntax"
    ignored: ["examples"]
warning: the following keywords are unknown and will be ignored: [examples]
    level: "warning"
    schema: {"loadingURI":"#","pointer":"/items/properties/valor"}
    domain: "syntax"
    ignored: ["examples"]
warning: the following keywords are unknown and will be ignored: [examples]
    level: "warning"
    schema: {"loadingURI":"#","pointer":"/items"}
    domain: "syntax"
    ignored: ["examples"]
warning: the following keywords are unknown and will be ignored: [examples]
    level: "warning"
    schema: {"loadingURI":"#","pointer":"/items/properties/cpf"}
    domain: "syntax"
    ignored: ["examples"]
warning: the following keywords are unknown and will be ignored: [examples]
    level: "warning"
    schema: {"loadingURI":"#","pointer":"/items/properties/email"}
    domain: "syntax"
    ignored: ["examples"]
warning: the following keywords are unknown and will be ignored: [examples]
    level: "warning"
    schema: {"loadingURI":"#","pointer":"/items/properties/id"}
    domain: "syntax"
    ignored: ["examples"]
warning: the following keywords are unknown and will be ignored: [examples]
    level: "warning"
    schema: {"loadingURI":"#","pointer":"/items/properties/nome"}
    domain: "syntax"
    ignored: ["examples"]
warning: the following keywords are unknown and will be ignored: [examples]
    level: "warning"
    schema: {"loadingURI":"#","pointer":"/items/properties/parcelas"}
    domain: "syntax"
    ignored: ["examples"]
warning: the following keywords are unknown and will be ignored: [examples]
    level: "warning"
    schema: {"loadingURI":"#","pointer":"/items/properties/seguro"}
    domain: "syntax"
    ignored: ["examples"]
warning: the following keywords are unknown and will be ignored: [examples]
    level: "warning"
    schema: {"loadingURI":"#","pointer":"/items/properties/valor"}
    domain: "syntax"
    ignored: ["examples"]
warning: the following keywords are unknown and will be ignored: [examples]
    level: "warning"
    schema: {"loadingURI":"#","pointer":"/items"}
    domain: "syntax"
    ignored: ["examples"]
warning: the following keywords are unknown and will be ignored: [examples]
    level: "warning"
    schema: {"loadingURI":"#","pointer":"/items/properties/cpf"}
    domain: "syntax"
    ignored: ["examples"]
warning: the following keywords are unknown and will be ignored: [examples]
    level: "warning"
    schema: {"loadingURI":"#","pointer":"/items/properties/email"}
    domain: "syntax"
    ignored: ["examples"]
warning: the following keywords are unknown and will be ignored: [examples]
    level: "warning"
    schema: {"loadingURI":"#","pointer":"/items/properties/id"}
    domain: "syntax"
    ignored: ["examples"]
warning: the following keywords are unknown and will be ignored: [examples]
    level: "warning"
    schema: {"loadingURI":"#","pointer":"/items/properties/nome"}
    domain: "syntax"
    ignored: ["examples"]
warning: the following keywords are unknown and will be ignored: [examples]
    level: "warning"
    schema: {"loadingURI":"#","pointer":"/items/properties/parcelas"}
    domain: "syntax"
    ignored: ["examples"]
warning: the following keywords are unknown and will be ignored: [examples]
    level: "warning"
    schema: {"loadingURI":"#","pointer":"/items/properties/seguro"}
    domain: "syntax"
    ignored: ["examples"]
warning: the following keywords are unknown and will be ignored: [examples]
    level: "warning"
    schema: {"loadingURI":"#","pointer":"/items/properties/valor"}
    domain: "syntax"
    ignored: ["examples"]
warning: the following keywords are unknown and will be ignored: [examples]
    level: "warning"
    schema: {"loadingURI":"#","pointer":"/items"}
    domain: "syntax"
    ignored: ["examples"]
warning: the following keywords are unknown and will be ignored: [examples]
    level: "warning"
    schema: {"loadingURI":"#","pointer":"/items/properties/cpf"}
    domain: "syntax"
    ignored: ["examples"]
warning: the following keywords are unknown and will be ignored: [examples]
    level: "warning"
    schema: {"loadingURI":"#","pointer":"/items/properties/email"}
    domain: "syntax"
    ignored: ["examples"]
warning: the following keywords are unknown and will be ignored: [examples]
    level: "warning"
    schema: {"loadingURI":"#","pointer":"/items/properties/id"}
    domain: "syntax"
    ignored: ["examples"]
warning: the following keywords are unknown and will be ignored: [examples]
    level: "warning"
    schema: {"loadingURI":"#","pointer":"/items/properties/nome"}
    domain: "syntax"
    ignored: ["examples"]
warning: the following keywords are unknown and will be ignored: [examples]
    level: "warning"
    schema: {"loadingURI":"#","pointer":"/items/properties/parcelas"}
    domain: "syntax"
    ignored: ["examples"]
warning: the following keywords are unknown and will be ignored: [examples]
    level: "warning"
    schema: {"loadingURI":"#","pointer":"/items/properties/seguro"}
    domain: "syntax"
    ignored: ["examples"]
warning: the following keywords are unknown and will be ignored: [examples]
    level: "warning"
    schema: {"loadingURI":"#","pointer":"/items/properties/valor"}
    domain: "syntax"
    ignored: ["examples"]
warning: the following keywords are unknown and will be ignored: [examples]
    level: "warning"
    schema: {"loadingURI":"#","pointer":"/items"}
    domain: "syntax"
    ignored: ["examples"]
warning: the following keywords are unknown and will be ignored: [examples]
    level: "warning"
    schema: {"loadingURI":"#","pointer":"/items/properties/cpf"}
    domain: "syntax"
    ignored: ["examples"]
warning: the following keywords are unknown and will be ignored: [examples]
    level: "warning"
    schema: {"loadingURI":"#","pointer":"/items/properties/email"}
    domain: "syntax"
    ignored: ["examples"]
warning: the following keywords are unknown and will be ignored: [examples]
    level: "warning"
    schema: {"loadingURI":"#","pointer":"/items/properties/id"}
    domain: "syntax"
    ignored: ["examples"]
warning: the following keywords are unknown and will be ignored: [examples]
    level: "warning"
    schema: {"loadingURI":"#","pointer":"/items/properties/nome"}
    domain: "syntax"
    ignored: ["examples"]
warning: the following keywords are unknown and will be ignored: [examples]
    level: "warning"
    schema: {"loadingURI":"#","pointer":"/items/properties/parcelas"}
    domain: "syntax"
    ignored: ["examples"]
warning: the following keywords are unknown and will be ignored: [examples]
    level: "warning"
    schema: {"loadingURI":"#","pointer":"/items/properties/seguro"}
    domain: "syntax"
    ignored: ["examples"]
warning: the following keywords are unknown and will be ignored: [examples]
    level: "warning"
    schema: {"loadingURI":"#","pointer":"/items/properties/valor"}
    domain: "syntax"
    ignored: ["examples"]
warning: the following keywords are unknown and will be ignored: [examples]
    level: "warning"
    schema: {"loadingURI":"#","pointer":"/items"}
    domain: "syntax"
    ignored: ["examples"]
warning: the following keywords are unknown and will be ignored: [examples]
    level: "warning"
    schema: {"loadingURI":"#","pointer":"/items/properties/cpf"}
    domain: "syntax"
    ignored: ["examples"]
warning: the following keywords are unknown and will be ignored: [examples]
    level: "warning"
    schema: {"loadingURI":"#","pointer":"/items/properties/email"}
    domain: "syntax"
    ignored: ["examples"]
warning: the following keywords are unknown and will be ignored: [examples]
    level: "warning"
    schema: {"loadingURI":"#","pointer":"/items/properties/id"}
    domain: "syntax"
    ignored: ["examples"]
warning: the following keywords are unknown and will be ignored: [examples]
    level: "warning"
    schema: {"loadingURI":"#","pointer":"/items/properties/nome"}
    domain: "syntax"
    ignored: ["examples"]
warning: the following keywords are unknown and will be ignored: [examples]
    level: "warning"
    schema: {"loadingURI":"#","pointer":"/items/properties/parcelas"}
    domain: "syntax"
    ignored: ["examples"]
warning: the following keywords are unknown and will be ignored: [examples]
    level: "warning"
    schema: {"loadingURI":"#","pointer":"/items/properties/seguro"}
    domain: "syntax"
    ignored: ["examples"]
warning: the following keywords are unknown and will be ignored: [examples]
    level: "warning"
    schema: {"loadingURI":"#","pointer":"/items/properties/valor"}
    domain: "syntax"
    ignored: ["examples"]
warning: the following keywords are unknown and will be ignored: [examples]
    level: "warning"
    schema: {"loadingURI":"#","pointer":"/items"}
    domain: "syntax"
    ignored: ["examples"]
warning: the following keywords are unknown and will be ignored: [examples]
    level: "warning"
    schema: {"loadingURI":"#","pointer":"/items/properties/cpf"}
    domain: "syntax"
    ignored: ["examples"]
warning: the following keywords are unknown and will be ignored: [examples]
    level: "warning"
    schema: {"loadingURI":"#","pointer":"/items/properties/email"}
    domain: "syntax"
    ignored: ["examples"]
warning: the following keywords are unknown and will be ignored: [examples]
    level: "warning"
    schema: {"loadingURI":"#","pointer":"/items/properties/id"}
    domain: "syntax"
    ignored: ["examples"]
warning: the following keywords are unknown and will be ignored: [examples]
    level: "warning"
    schema: {"loadingURI":"#","pointer":"/items/properties/nome"}
    domain: "syntax"
    ignored: ["examples"]
warning: the following keywords are unknown and will be ignored: [examples]
    level: "warning"
    schema: {"loadingURI":"#","pointer":"/items/properties/parcelas"}
    domain: "syntax"
    ignored: ["examples"]
warning: the following keywords are unknown and will be ignored: [examples]
    level: "warning"
    schema: {"loadingURI":"#","pointer":"/items/properties/seguro"}
    domain: "syntax"
    ignored: ["examples"]
warning: the following keywords are unknown and will be ignored: [examples]
    level: "warning"
    schema: {"loadingURI":"#","pointer":"/items/properties/valor"}
    domain: "syntax"
    ignored: ["examples"]
warning: the following keywords are unknown and will be ignored: [examples]
    level: "warning"
    schema: {"loadingURI":"#","pointer":"/items"}
    domain: "syntax"
    ignored: ["examples"]
warning: the following keywords are unknown and will be ignored: [examples]
    level: "warning"
    schema: {"loadingURI":"#","pointer":"/items/properties/cpf"}
    domain: "syntax"
    ignored: ["examples"]
warning: the following keywords are unknown and will be ignored: [examples]
    level: "warning"
    schema: {"loadingURI":"#","pointer":"/items/properties/email"}
    domain: "syntax"
    ignored: ["examples"]
warning: the following keywords are unknown and will be ignored: [examples]
    level: "warning"
    schema: {"loadingURI":"#","pointer":"/items/properties/id"}
    domain: "syntax"
    ignored: ["examples"]
warning: the following keywords are unknown and will be ignored: [examples]
    level: "warning"
    schema: {"loadingURI":"#","pointer":"/items/properties/nome"}
    domain: "syntax"
    ignored: ["examples"]
warning: the following keywords are unknown and will be ignored: [examples]
    level: "warning"
    schema: {"loadingURI":"#","pointer":"/items/properties/parcelas"}
    domain: "syntax"
    ignored: ["examples"]
warning: the following keywords are unknown and will be ignored: [examples]
    level: "warning"
    schema: {"loadingURI":"#","pointer":"/items/properties/seguro"}
    domain: "syntax"
    ignored: ["examples"]
warning: the following keywords are unknown and will be ignored: [examples]
    level: "warning"
    schema: {"loadingURI":"#","pointer":"/items/properties/valor"}
    domain: "syntax"
    ignored: ["examples"]
warning: the following keywords are unknown and will be ignored: [examples]
    level: "warning"
    schema: {"loadingURI":"#","pointer":"/items"}
    domain: "syntax"
    ignored: ["examples"]
warning: the following keywords are unknown and will be ignored: [examples]
    level: "warning"
    schema: {"loadingURI":"#","pointer":"/items/properties/cpf"}
    domain: "syntax"
    ignored: ["examples"]
warning: the following keywords are unknown and will be ignored: [examples]
    level: "warning"
    schema: {"loadingURI":"#","pointer":"/items/properties/email"}
    domain: "syntax"
    ignored: ["examples"]
warning: the following keywords are unknown and will be ignored: [examples]
    level: "warning"
    schema: {"loadingURI":"#","pointer":"/items/properties/id"}
    domain: "syntax"
    ignored: ["examples"]
warning: the following keywords are unknown and will be ignored: [examples]
    level: "warning"
    schema: {"loadingURI":"#","pointer":"/items/properties/nome"}
    domain: "syntax"
    ignored: ["examples"]
warning: the following keywords are unknown and will be ignored: [examples]
    level: "warning"
    schema: {"loadingURI":"#","pointer":"/items/properties/parcelas"}
    domain: "syntax"
    ignored: ["examples"]
warning: the following keywords are unknown and will be ignored: [examples]
    level: "warning"
    schema: {"loadingURI":"#","pointer":"/items/properties/seguro"}
    domain: "syntax"
    ignored: ["examples"]
warning: the following keywords are unknown and will be ignored: [examples]
    level: "warning"
    schema: {"loadingURI":"#","pointer":"/items/properties/valor"}
    domain: "syntax"
    ignored: ["examples"]
warning: the following keywords are unknown and will be ignored: [examples]
    level: "warning"
    schema: {"loadingURI":"#","pointer":"/items"}
    domain: "syntax"
    ignored: ["examples"]
warning: the following keywords are unknown and will be ignored: [examples]
    level: "warning"
    schema: {"loadingURI":"#","pointer":"/items/properties/cpf"}
    domain: "syntax"
    ignored: ["examples"]
warning: the following keywords are unknown and will be ignored: [examples]
    level: "warning"
    schema: {"loadingURI":"#","pointer":"/items/properties/email"}
    domain: "syntax"
    ignored: ["examples"]
warning: the following keywords are unknown and will be ignored: [examples]
    level: "warning"
    schema: {"loadingURI":"#","pointer":"/items/properties/id"}
    domain: "syntax"
    ignored: ["examples"]
warning: the following keywords are unknown and will be ignored: [examples]
    level: "warning"
    schema: {"loadingURI":"#","pointer":"/items/properties/nome"}
    domain: "syntax"
    ignored: ["examples"]
warning: the following keywords are unknown and will be ignored: [examples]
    level: "warning"
    schema: {"loadingURI":"#","pointer":"/items/properties/parcelas"}
    domain: "syntax"
    ignored: ["examples"]
warning: the following keywords are unknown and will be ignored: [examples]
    level: "warning"
    schema: {"loadingURI":"#","pointer":"/items/properties/seguro"}
    domain: "syntax"
    ignored: ["examples"]
warning: the following keywords are unknown and will be ignored: [examples]
    level: "warning"
    schema: {"loadingURI":"#","pointer":"/items/properties/valor"}
    domain: "syntax"
    ignored: ["examples"]
warning: the following keywords are unknown and will be ignored: [examples]
    level: "warning"
    schema: {"loadingURI":"#","pointer":"/items"}
    domain: "syntax"
    ignored: ["examples"]
warning: the following keywords are unknown and will be ignored: [examples]
    level: "warning"
    schema: {"loadingURI":"#","pointer":"/items/properties/cpf"}
    domain: "syntax"
    ignored: ["examples"]
warning: the following keywords are unknown and will be ignored: [examples]
    level: "warning"
    schema: {"loadingURI":"#","pointer":"/items/properties/email"}
    domain: "syntax"
    ignored: ["examples"]
warning: the following keywords are unknown and will be ignored: [examples]
    level: "warning"
    schema: {"loadingURI":"#","pointer":"/items/properties/id"}
    domain: "syntax"
    ignored: ["examples"]
warning: the following keywords are unknown and will be ignored: [examples]
    level: "warning"
    schema: {"loadingURI":"#","pointer":"/items/properties/nome"}
    domain: "syntax"
    ignored: ["examples"]
warning: the following keywords are unknown and will be ignored: [examples]
    level: "warning"
    schema: {"loadingURI":"#","pointer":"/items/properties/parcelas"}
    domain: "syntax"
    ignored: ["examples"]
warning: the following keywords are unknown and will be ignored: [examples]
    level: "warning"
    schema: {"loadingURI":"#","pointer":"/items/properties/seguro"}
    domain: "syntax"
    ignored: ["examples"]
warning: the following keywords are unknown and will be ignored: [examples]
    level: "warning"
    schema: {"loadingURI":"#","pointer":"/items/properties/valor"}
    domain: "syntax"
    ignored: ["examples"]
warning: the following keywords are unknown and will be ignored: [examples]
    level: "warning"
    schema: {"loadingURI":"#","pointer":"/items"}
    domain: "syntax"
    ignored: ["examples"]
warning: the following keywords are unknown and will be ignored: [examples]
    level: "warning"
    schema: {"loadingURI":"#","pointer":"/items/properties/cpf"}
    domain: "syntax"
    ignored: ["examples"]
warning: the following keywords are unknown and will be ignored: [examples]
    level: "warning"
    schema: {"loadingURI":"#","pointer":"/items/properties/email"}
    domain: "syntax"
    ignored: ["examples"]
warning: the following keywords are unknown and will be ignored: [examples]
    level: "warning"
    schema: {"loadingURI":"#","pointer":"/items/properties/id"}
    domain: "syntax"
    ignored: ["examples"]
warning: the following keywords are unknown and will be ignored: [examples]
    level: "warning"
    schema: {"loadingURI":"#","pointer":"/items/properties/nome"}
    domain: "syntax"
    ignored: ["examples"]
warning: the following keywords are unknown and will be ignored: [examples]
    level: "warning"
    schema: {"loadingURI":"#","pointer":"/items/properties/parcelas"}
    domain: "syntax"
    ignored: ["examples"]
warning: the following keywords are unknown and will be ignored: [examples]
    level: "warning"
    schema: {"loadingURI":"#","pointer":"/items/properties/seguro"}
    domain: "syntax"
    ignored: ["examples"]
warning: the following keywords are unknown and will be ignored: [examples]
    level: "warning"
    schema: {"loadingURI":"#","pointer":"/items/properties/valor"}
    domain: "syntax"
    ignored: ["examples"]
warning: the following keywords are unknown and will be ignored: [examples]
    level: "warning"
    schema: {"loadingURI":"#","pointer":"/items"}
    domain: "syntax"
    ignored: ["examples"]
warning: the following keywords are unknown and will be ignored: [examples]
    level: "warning"
    schema: {"loadingURI":"#","pointer":"/items/properties/cpf"}
    domain: "syntax"
    ignored: ["examples"]
warning: the following keywords are unknown and will be ignored: [examples]
    level: "warning"
    schema: {"loadingURI":"#","pointer":"/items/properties/email"}
    domain: "syntax"
    ignored: ["examples"]
warning: the following keywords are unknown and will be ignored: [examples]
    level: "warning"
    schema: {"loadingURI":"#","pointer":"/items/properties/id"}
    domain: "syntax"
    ignored: ["examples"]
warning: the following keywords are unknown and will be ignored: [examples]
    level: "warning"
    schema: {"loadingURI":"#","pointer":"/items/properties/nome"}
    domain: "syntax"
    ignored: ["examples"]
warning: the following keywords are unknown and will be ignored: [examples]
    level: "warning"
    schema: {"loadingURI":"#","pointer":"/items/properties/parcelas"}
    domain: "syntax"
    ignored: ["examples"]
warning: the following keywords are unknown and will be ignored: [examples]
    level: "warning"
    schema: {"loadingURI":"#","pointer":"/items/properties/seguro"}
    domain: "syntax"
    ignored: ["examples"]
warning: the following keywords are unknown and will be ignored: [examples]
    level: "warning"
    schema: {"loadingURI":"#","pointer":"/items/properties/valor"}
    domain: "syntax"
    ignored: ["examples"]
warning: the following keywords are unknown and will be ignored: [examples]
    level: "warning"
    schema: {"loadingURI":"#","pointer":"/items"}
    domain: "syntax"
    ignored: ["examples"]
warning: the following keywords are unknown and will be ignored: [examples]
    level: "warning"
    schema: {"loadingURI":"#","pointer":"/items/properties/cpf"}
    domain: "syntax"
    ignored: ["examples"]
warning: the following keywords are unknown and will be ignored: [examples]
    level: "warning"
    schema: {"loadingURI":"#","pointer":"/items/properties/email"}
    domain: "syntax"
    ignored: ["examples"]
warning: the following keywords are unknown and will be ignored: [examples]
    level: "warning"
    schema: {"loadingURI":"#","pointer":"/items/properties/id"}
    domain: "syntax"
    ignored: ["examples"]
warning: the following keywords are unknown and will be ignored: [examples]
    level: "warning"
    schema: {"loadingURI":"#","pointer":"/items/properties/nome"}
    domain: "syntax"
    ignored: ["examples"]
warning: the following keywords are unknown and will be ignored: [examples]
    level: "warning"
    schema: {"loadingURI":"#","pointer":"/items/properties/parcelas"}
    domain: "syntax"
    ignored: ["examples"]
warning: the following keywords are unknown and will be ignored: [examples]
    level: "warning"
    schema: {"loadingURI":"#","pointer":"/items/properties/seguro"}
    domain: "syntax"
    ignored: ["examples"]
warning: the following keywords are unknown and will be ignored: [examples]
    level: "warning"
    schema: {"loadingURI":"#","pointer":"/items/properties/valor"}
    domain: "syntax"
    ignored: ["examples"]
warning: the following keywords are unknown and will be ignored: [examples]
    level: "warning"
    schema: {"loadingURI":"#","pointer":"/items"}
    domain: "syntax"
    ignored: ["examples"]
warning: the following keywords are unknown and will be ignored: [examples]
    level: "warning"
    schema: {"loadingURI":"#","pointer":"/items/properties/cpf"}
    domain: "syntax"
    ignored: ["examples"]
warning: the following keywords are unknown and will be ignored: [examples]
    level: "warning"
    schema: {"loadingURI":"#","pointer":"/items/properties/email"}
    domain: "syntax"
    ignored: ["examples"]
warning: the following keywords are unknown and will be ignored: [examples]
    level: "warning"
    schema: {"loadingURI":"#","pointer":"/items/properties/id"}
    domain: "syntax"
    ignored: ["examples"]
warning: the following keywords are unknown and will be ignored: [examples]
    level: "warning"
    schema: {"loadingURI":"#","pointer":"/items/properties/nome"}
    domain: "syntax"
    ignored: ["examples"]
warning: the following keywords are unknown and will be ignored: [examples]
    level: "warning"
    schema: {"loadingURI":"#","pointer":"/items/properties/parcelas"}
    domain: "syntax"
    ignored: ["examples"]
warning: the following keywords are unknown and will be ignored: [examples]
    level: "warning"
    schema: {"loadingURI":"#","pointer":"/items/properties/seguro"}
    domain: "syntax"
    ignored: ["examples"]
warning: the following keywords are unknown and will be ignored: [examples]
    level: "warning"
    schema: {"loadingURI":"#","pointer":"/items/properties/valor"}
    domain: "syntax"
    ignored: ["examples"]
warning: the following keywords are unknown and will be ignored: [examples]
    level: "warning"
    schema: {"loadingURI":"#","pointer":"/items"}
    domain: "syntax"
    ignored: ["examples"]
warning: the following keywords are unknown and will be ignored: [examples]
    level: "warning"
    schema: {"loadingURI":"#","pointer":"/items/properties/cpf"}
    domain: "syntax"
    ignored: ["examples"]
warning: the following keywords are unknown and will be ignored: [examples]
    level: "warning"
    schema: {"loadingURI":"#","pointer":"/items/properties/email"}
    domain: "syntax"
    ignored: ["examples"]
warning: the following keywords are unknown and will be ignored: [examples]
    level: "warning"
    schema: {"loadingURI":"#","pointer":"/items/properties/id"}
    domain: "syntax"
    ignored: ["examples"]
warning: the following keywords are unknown and will be ignored: [examples]
    level: "warning"
    schema: {"loadingURI":"#","pointer":"/items/properties/nome"}
    domain: "syntax"
    ignored: ["examples"]
warning: the following keywords are unknown and will be ignored: [examples]
    level: "warning"
    schema: {"loadingURI":"#","pointer":"/items/properties/parcelas"}
    domain: "syntax"
    ignored: ["examples"]
warning: the following keywords are unknown and will be ignored: [examples]
    level: "warning"
    schema: {"loadingURI":"#","pointer":"/items/properties/seguro"}
    domain: "syntax"
    ignored: ["examples"]
warning: the following keywords are unknown and will be ignored: [examples]
    level: "warning"
    schema: {"loadingURI":"#","pointer":"/items/properties/valor"}
    domain: "syntax"
    ignored: ["examples"]
warning: the following keywords are unknown and will be ignored: [examples]
    level: "warning"
    schema: {"loadingURI":"#","pointer":"/items"}
    domain: "syntax"
    ignored: ["examples"]
warning: the following keywords are unknown and will be ignored: [examples]
    level: "warning"
    schema: {"loadingURI":"#","pointer":"/items/properties/cpf"}
    domain: "syntax"
    ignored: ["examples"]
warning: the following keywords are unknown and will be ignored: [examples]
    level: "warning"
    schema: {"loadingURI":"#","pointer":"/items/properties/email"}
    domain: "syntax"
    ignored: ["examples"]
warning: the following keywords are unknown and will be ignored: [examples]
    level: "warning"
    schema: {"loadingURI":"#","pointer":"/items/properties/id"}
    domain: "syntax"
    ignored: ["examples"]
warning: the following keywords are unknown and will be ignored: [examples]
    level: "warning"
    schema: {"loadingURI":"#","pointer":"/items/properties/nome"}
    domain: "syntax"
    ignored: ["examples"]
warning: the following keywords are unknown and will be ignored: [examples]
    level: "warning"
    schema: {"loadingURI":"#","pointer":"/items/properties/parcelas"}
    domain: "syntax"
    ignored: ["examples"]
warning: the following keywords are unknown and will be ignored: [examples]
    level: "warning"
    schema: {"loadingURI":"#","pointer":"/items/properties/seguro"}
    domain: "syntax"
    ignored: ["examples"]
warning: the following keywords are unknown and will be ignored: [examples]
    level: "warning"
    schema: {"loadingURI":"#","pointer":"/items/properties/valor"}
    domain: "syntax"
    ignored: ["examples"]
warning: the following keywords are unknown and will be ignored: [examples]
    level: "warning"
    schema: {"loadingURI":"#","pointer":"/items"}
    domain: "syntax"
    ignored: ["examples"]
warning: the following keywords are unknown and will be ignored: [examples]
    level: "warning"
    schema: {"loadingURI":"#","pointer":"/items/properties/cpf"}
    domain: "syntax"
    ignored: ["examples"]
warning: the following keywords are unknown and will be ignored: [examples]
    level: "warning"
    schema: {"loadingURI":"#","pointer":"/items/properties/email"}
    domain: "syntax"
    ignored: ["examples"]
warning: the following keywords are unknown and will be ignored: [examples]
    level: "warning"
    schema: {"loadingURI":"#","pointer":"/items/properties/id"}
    domain: "syntax"
    ignored: ["examples"]
warning: the following keywords are unknown and will be ignored: [examples]
    level: "warning"
    schema: {"loadingURI":"#","pointer":"/items/properties/nome"}
    domain: "syntax"
    ignored: ["examples"]
warning: the following keywords are unknown and will be ignored: [examples]
    level: "warning"
    schema: {"loadingURI":"#","pointer":"/items/properties/parcelas"}
    domain: "syntax"
    ignored: ["examples"]
warning: the following keywords are unknown and will be ignored: [examples]
    level: "warning"
    schema: {"loadingURI":"#","pointer":"/items/properties/seguro"}
    domain: "syntax"
    ignored: ["examples"]
warning: the following keywords are unknown and will be ignored: [examples]
    level: "warning"
    schema: {"loadingURI":"#","pointer":"/items/properties/valor"}
    domain: "syntax"
    ignored: ["examples"]
warning: the following keywords are unknown and will be ignored: [examples]
    level: "warning"
    schema: {"loadingURI":"#","pointer":"/items"}
    domain: "syntax"
    ignored: ["examples"]
warning: the following keywords are unknown and will be ignored: [examples]
    level: "warning"
    schema: {"loadingURI":"#","pointer":"/items/properties/cpf"}
    domain: "syntax"
    ignored: ["examples"]
warning: the following keywords are unknown and will be ignored: [examples]
    level: "warning"
    schema: {"loadingURI":"#","pointer":"/items/properties/email"}
    domain: "syntax"
    ignored: ["examples"]
warning: the following keywords are unknown and will be ignored: [examples]
    level: "warning"
    schema: {"loadingURI":"#","pointer":"/items/properties/id"}
    domain: "syntax"
    ignored: ["examples"]
warning: the following keywords are unknown and will be ignored: [examples]
    level: "warning"
    schema: {"loadingURI":"#","pointer":"/items/properties/nome"}
    domain: "syntax"
    ignored: ["examples"]
warning: the following keywords are unknown and will be ignored: [examples]
    level: "warning"
    schema: {"loadingURI":"#","pointer":"/items/properties/parcelas"}
    domain: "syntax"
    ignored: ["examples"]
warning: the following keywords are unknown and will be ignored: [examples]
    level: "warning"
    schema: {"loadingURI":"#","pointer":"/items/properties/seguro"}
    domain: "syntax"
    ignored: ["examples"]
warning: the following keywords are unknown and will be ignored: [examples]
    level: "warning"
    schema: {"loadingURI":"#","pointer":"/items/properties/valor"}
    domain: "syntax"
    ignored: ["examples"]
warning: the following keywords are unknown and will be ignored: [examples]
    level: "warning"
    schema: {"loadingURI":"#","pointer":"/items"}
    domain: "syntax"
    ignored: ["examples"]
warning: the following keywords are unknown and will be ignored: [examples]
    level: "warning"
    schema: {"loadingURI":"#","pointer":"/items/properties/cpf"}
    domain: "syntax"
    ignored: ["examples"]
warning: the following keywords are unknown and will be ignored: [examples]
    level: "warning"
    schema: {"loadingURI":"#","pointer":"/items/properties/email"}
    domain: "syntax"
    ignored: ["examples"]
warning: the following keywords are unknown and will be ignored: [examples]
    level: "warning"
    schema: {"loadingURI":"#","pointer":"/items/properties/id"}
    domain: "syntax"
    ignored: ["examples"]
warning: the following keywords are unknown and will be ignored: [examples]
    level: "warning"
    schema: {"loadingURI":"#","pointer":"/items/properties/nome"}
    domain: "syntax"
    ignored: ["examples"]
warning: the following keywords are unknown and will be ignored: [examples]
    level: "warning"
    schema: {"loadingURI":"#","pointer":"/items/properties/parcelas"}
    domain: "syntax"
    ignored: ["examples"]
warning: the following keywords are unknown and will be ignored: [examples]
    level: "warning"
    schema: {"loadingURI":"#","pointer":"/items/properties/seguro"}
    domain: "syntax"
    ignored: ["examples"]
warning: the following keywords are unknown and will be ignored: [examples]
    level: "warning"
    schema: {"loadingURI":"#","pointer":"/items/properties/valor"}
    domain: "syntax"
    ignored: ["examples"]
warning: the following keywords are unknown and will be ignored: [examples]
    level: "warning"
    schema: {"loadingURI":"#","pointer":"/items"}
    domain: "syntax"
    ignored: ["examples"]
warning: the following keywords are unknown and will be ignored: [examples]
    level: "warning"
    schema: {"loadingURI":"#","pointer":"/items/properties/cpf"}
    domain: "syntax"
    ignored: ["examples"]
warning: the following keywords are unknown and will be ignored: [examples]
    level: "warning"
    schema: {"loadingURI":"#","pointer":"/items/properties/email"}
    domain: "syntax"
    ignored: ["examples"]
warning: the following keywords are unknown and will be ignored: [examples]
    level: "warning"
    schema: {"loadingURI":"#","pointer":"/items/properties/id"}
    domain: "syntax"
    ignored: ["examples"]
warning: the following keywords are unknown and will be ignored: [examples]
    level: "warning"
    schema: {"loadingURI":"#","pointer":"/items/properties/nome"}
    domain: "syntax"
    ignored: ["examples"]
warning: the following keywords are unknown and will be ignored: [examples]
    level: "warning"
    schema: {"loadingURI":"#","pointer":"/items/properties/parcelas"}
    domain: "syntax"
    ignored: ["examples"]
warning: the following keywords are unknown and will be ignored: [examples]
    level: "warning"
    schema: {"loadingURI":"#","pointer":"/items/properties/seguro"}
    domain: "syntax"
    ignored: ["examples"]
warning: the following keywords are unknown and will be ignored: [examples]
    level: "warning"
    schema: {"loadingURI":"#","pointer":"/items/properties/valor"}
    domain: "syntax"
    ignored: ["examples"]
warning: the following keywords are unknown and will be ignored: [examples]
    level: "warning"
    schema: {"loadingURI":"#","pointer":"/items"}
    domain: "syntax"
    ignored: ["examples"]
warning: the following keywords are unknown and will be ignored: [examples]
    level: "warning"
    schema: {"loadingURI":"#","pointer":"/items/properties/cpf"}
    domain: "syntax"
    ignored: ["examples"]
warning: the following keywords are unknown and will be ignored: [examples]
    level: "warning"
    schema: {"loadingURI":"#","pointer":"/items/properties/email"}
    domain: "syntax"
    ignored: ["examples"]
warning: the following keywords are unknown and will be ignored: [examples]
    level: "warning"
    schema: {"loadingURI":"#","pointer":"/items/properties/id"}
    domain: "syntax"
    ignored: ["examples"]
warning: the following keywords are unknown and will be ignored: [examples]
    level: "warning"
    schema: {"loadingURI":"#","pointer":"/items/properties/nome"}
    domain: "syntax"
    ignored: ["examples"]
warning: the following keywords are unknown and will be ignored: [examples]
    level: "warning"
    schema: {"loadingURI":"#","pointer":"/items/properties/parcelas"}
    domain: "syntax"
    ignored: ["examples"]
warning: the following keywords are unknown and will be ignored: [examples]
    level: "warning"
    schema: {"loadingURI":"#","pointer":"/items/properties/seguro"}
    domain: "syntax"
    ignored: ["examples"]
warning: the following keywords are unknown and will be ignored: [examples]
    level: "warning"
    schema: {"loadingURI":"#","pointer":"/items/properties/valor"}
    domain: "syntax"
    ignored: ["examples"]
warning: the following keywords are unknown and will be ignored: [examples]
    level: "warning"
    schema: {"loadingURI":"#","pointer":"/items"}
    domain: "syntax"
    ignored: ["examples"]
warning: the following keywords are unknown and will be ignored: [examples]
    level: "warning"
    schema: {"loadingURI":"#","pointer":"/items/properties/cpf"}
    domain: "syntax"
    ignored: ["examples"]
warning: the following keywords are unknown and will be ignored: [examples]
    level: "warning"
    schema: {"loadingURI":"#","pointer":"/items/properties/email"}
    domain: "syntax"
    ignored: ["examples"]
warning: the following keywords are unknown and will be ignored: [examples]
    level: "warning"
    schema: {"loadingURI":"#","pointer":"/items/properties/id"}
    domain: "syntax"
    ignored: ["examples"]
warning: the following keywords are unknown and will be ignored: [examples]
    level: "warning"
    schema: {"loadingURI":"#","pointer":"/items/properties/nome"}
    domain: "syntax"
    ignored: ["examples"]
warning: the following keywords are unknown and will be ignored: [examples]
    level: "warning"
    schema: {"loadingURI":"#","pointer":"/items/properties/parcelas"}
    domain: "syntax"
    ignored: ["examples"]
warning: the following keywords are unknown and will be ignored: [examples]
    level: "warning"
    schema: {"loadingURI":"#","pointer":"/items/properties/seguro"}
    domain: "syntax"
    ignored: ["examples"]
warning: the following keywords are unknown and will be ignored: [examples]
    level: "warning"
    schema: {"loadingURI":"#","pointer":"/items/properties/valor"}
    domain: "syntax"
    ignored: ["examples"]
warning: the following keywords are unknown and will be ignored: [examples]
    level: "warning"
    schema: {"loadingURI":"#","pointer":"/items"}
    domain: "syntax"
    ignored: ["examples"]
warning: the following keywords are unknown and will be ignored: [examples]
    level: "warning"
    schema: {"loadingURI":"#","pointer":"/items/properties/cpf"}
    domain: "syntax"
    ignored: ["examples"]
warning: the following keywords are unknown and will be ignored: [examples]
    level: "warning"
    schema: {"loadingURI":"#","pointer":"/items/properties/email"}
    domain: "syntax"
    ignored: ["examples"]
warning: the following keywords are unknown and will be ignored: [examples]
    level: "warning"
    schema: {"loadingURI":"#","pointer":"/items/properties/id"}
    domain: "syntax"
    ignored: ["examples"]
warning: the following keywords are unknown and will be ignored: [examples]
    level: "warning"
    schema: {"loadingURI":"#","pointer":"/items/properties/nome"}
    domain: "syntax"
    ignored: ["examples"]
warning: the following keywords are unknown and will be ignored: [examples]
    level: "warning"
    schema: {"loadingURI":"#","pointer":"/items/properties/parcelas"}
    domain: "syntax"
    ignored: ["examples"]
warning: the following keywords are unknown and will be ignored: [examples]
    level: "warning"
    schema: {"loadingURI":"#","pointer":"/items/properties/seguro"}
    domain: "syntax"
    ignored: ["examples"]
warning: the following keywords are unknown and will be ignored: [examples]
    level: "warning"
    schema: {"loadingURI":"#","pointer":"/items/properties/valor"}
    domain: "syntax"
    ignored: ["examples"]
warning: the following keywords are unknown and will be ignored: [examples]
    level: "warning"
    schema: {"loadingURI":"#","pointer":"/items"}
    domain: "syntax"
    ignored: ["examples"]
warning: the following keywords are unknown and will be ignored: [examples]
    level: "warning"
    schema: {"loadingURI":"#","pointer":"/items/properties/cpf"}
    domain: "syntax"
    ignored: ["examples"]
warning: the following keywords are unknown and will be ignored: [examples]
    level: "warning"
    schema: {"loadingURI":"#","pointer":"/items/properties/email"}
    domain: "syntax"
    ignored: ["examples"]
warning: the following keywords are unknown and will be ignored: [examples]
    level: "warning"
    schema: {"loadingURI":"#","pointer":"/items/properties/id"}
    domain: "syntax"
    ignored: ["examples"]
warning: the following keywords are unknown and will be ignored: [examples]
    level: "warning"
    schema: {"loadingURI":"#","pointer":"/items/properties/nome"}
    domain: "syntax"
    ignored: ["examples"]
warning: the following keywords are unknown and will be ignored: [examples]
    level: "warning"
    schema: {"loadingURI":"#","pointer":"/items/properties/parcelas"}
    domain: "syntax"
    ignored: ["examples"]
warning: the following keywords are unknown and will be ignored: [examples]
    level: "warning"
    schema: {"loadingURI":"#","pointer":"/items/properties/seguro"}
    domain: "syntax"
    ignored: ["examples"]
warning: the following keywords are unknown and will be ignored: [examples]
    level: "warning"
    schema: {"loadingURI":"#","pointer":"/items/properties/valor"}
    domain: "syntax"
    ignored: ["examples"]
warning: the following keywords are unknown and will be ignored: [examples]
    level: "warning"
    schema: {"loadingURI":"#","pointer":"/items"}
    domain: "syntax"
    ignored: ["examples"]
warning: the following keywords are unknown and will be ignored: [examples]
    level: "warning"
    schema: {"loadingURI":"#","pointer":"/items/properties/cpf"}
    domain: "syntax"
    ignored: ["examples"]
warning: the following keywords are unknown and will be ignored: [examples]
    level: "warning"
    schema: {"loadingURI":"#","pointer":"/items/properties/email"}
    domain: "syntax"
    ignored: ["examples"]
warning: the following keywords are unknown and will be ignored: [examples]
    level: "warning"
    schema: {"loadingURI":"#","pointer":"/items/properties/id"}
    domain: "syntax"
    ignored: ["examples"]
warning: the following keywords are unknown and will be ignored: [examples]
    level: "warning"
    schema: {"loadingURI":"#","pointer":"/items/properties/nome"}
    domain: "syntax"
    ignored: ["examples"]
warning: the following keywords are unknown and will be ignored: [examples]
    level: "warning"
    schema: {"loadingURI":"#","pointer":"/items/properties/parcelas"}
    domain: "syntax"
    ignored: ["examples"]
warning: the following keywords are unknown and will be ignored: [examples]
    level: "warning"
    schema: {"loadingURI":"#","pointer":"/items/properties/seguro"}
    domain: "syntax"
    ignored: ["examples"]
warning: the following keywords are unknown and will be ignored: [examples]
    level: "warning"
    schema: {"loadingURI":"#","pointer":"/items/properties/valor"}
    domain: "syntax"
    ignored: ["examples"]
warning: the following keywords are unknown and will be ignored: [examples]
    level: "warning"
    schema: {"loadingURI":"#","pointer":"/items"}
    domain: "syntax"
    ignored: ["examples"]
warning: the following keywords are unknown and will be ignored: [examples]
    level: "warning"
    schema: {"loadingURI":"#","pointer":"/items/properties/cpf"}
    domain: "syntax"
    ignored: ["examples"]
warning: the following keywords are unknown and will be ignored: [examples]
    level: "warning"
    schema: {"loadingURI":"#","pointer":"/items/properties/email"}
    domain: "syntax"
    ignored: ["examples"]
warning: the following keywords are unknown and will be ignored: [examples]
    level: "warning"
    schema: {"loadingURI":"#","pointer":"/items/properties/id"}
    domain: "syntax"
    ignored: ["examples"]
warning: the following keywords are unknown and will be ignored: [examples]
    level: "warning"
    schema: {"loadingURI":"#","pointer":"/items/properties/nome"}
    domain: "syntax"
    ignored: ["examples"]
warning: the following keywords are unknown and will be ignored: [examples]
    level: "warning"
    schema: {"loadingURI":"#","pointer":"/items/properties/parcelas"}
    domain: "syntax"
    ignored: ["examples"]
warning: the following keywords are unknown and will be ignored: [examples]
    level: "warning"
    schema: {"loadingURI":"#","pointer":"/items/properties/seguro"}
    domain: "syntax"
    ignored: ["examples"]
warning: the following keywords are unknown and will be ignored: [examples]
    level: "warning"
    schema: {"loadingURI":"#","pointer":"/items/properties/valor"}
    domain: "syntax"
    ignored: ["examples"]
warning: the following keywords are unknown and will be ignored: [examples]
    level: "warning"
    schema: {"loadingURI":"#","pointer":"/items"}
    domain: "syntax"
    ignored: ["examples"]
warning: the following keywords are unknown and will be ignored: [examples]
    level: "warning"
    schema: {"loadingURI":"#","pointer":"/items/properties/cpf"}
    domain: "syntax"
    ignored: ["examples"]
warning: the following keywords are unknown and will be ignored: [examples]
    level: "warning"
    schema: {"loadingURI":"#","pointer":"/items/properties/email"}
    domain: "syntax"
    ignored: ["examples"]
warning: the following keywords are unknown and will be ignored: [examples]
    level: "warning"
    schema: {"loadingURI":"#","pointer":"/items/properties/id"}
    domain: "syntax"
    ignored: ["examples"]
warning: the following keywords are unknown and will be ignored: [examples]
    level: "warning"
    schema: {"loadingURI":"#","pointer":"/items/properties/nome"}
    domain: "syntax"
    ignored: ["examples"]
warning: the following keywords are unknown and will be ignored: [examples]
    level: "warning"
    schema: {"loadingURI":"#","pointer":"/items/properties/parcelas"}
    domain: "syntax"
    ignored: ["examples"]
warning: the following keywords are unknown and will be ignored: [examples]
    level: "warning"
    schema: {"loadingURI":"#","pointer":"/items/properties/seguro"}
    domain: "syntax"
    ignored: ["examples"]
warning: the following keywords are unknown and will be ignored: [examples]
    level: "warning"
    schema: {"loadingURI":"#","pointer":"/items/properties/valor"}
    domain: "syntax"
    ignored: ["examples"]
warning: the following keywords are unknown and will be ignored: [examples]
    level: "warning"
    schema: {"loadingURI":"#","pointer":"/items"}
    domain: "syntax"
    ignored: ["examples"]
warning: the following keywords are unknown and will be ignored: [examples]
    level: "warning"
    schema: {"loadingURI":"#","pointer":"/items/properties/cpf"}
    domain: "syntax"
    ignored: ["examples"]
warning: the following keywords are unknown and will be ignored: [examples]
    level: "warning"
    schema: {"loadingURI":"#","pointer":"/items/properties/email"}
    domain: "syntax"
    ignored: ["examples"]
warning: the following keywords are unknown and will be ignored: [examples]
    level: "warning"
    schema: {"loadingURI":"#","pointer":"/items/properties/id"}
    domain: "syntax"
    ignored: ["examples"]
warning: the following keywords are unknown and will be ignored: [examples]
    level: "warning"
    schema: {"loadingURI":"#","pointer":"/items/properties/nome"}
    domain: "syntax"
    ignored: ["examples"]
warning: the following keywords are unknown and will be ignored: [examples]
    level: "warning"
    schema: {"loadingURI":"#","pointer":"/items/properties/parcelas"}
    domain: "syntax"
    ignored: ["examples"]
warning: the following keywords are unknown and will be ignored: [examples]
    level: "warning"
    schema: {"loadingURI":"#","pointer":"/items/properties/seguro"}
    domain: "syntax"
    ignored: ["examples"]
warning: the following keywords are unknown and will be ignored: [examples]
    level: "warning"
    schema: {"loadingURI":"#","pointer":"/items/properties/valor"}
    domain: "syntax"
    ignored: ["examples"]
warning: the following keywords are unknown and will be ignored: [examples]
    level: "warning"
    schema: {"loadingURI":"#","pointer":"/items"}
    domain: "syntax"
    ignored: ["examples"]
warning: the following keywords are unknown and will be ignored: [examples]
    level: "warning"
    schema: {"loadingURI":"#","pointer":"/items/properties/cpf"}
    domain: "syntax"
    ignored: ["examples"]
warning: the following keywords are unknown and will be ignored: [examples]
    level: "warning"
    schema: {"loadingURI":"#","pointer":"/items/properties/email"}
    domain: "syntax"
    ignored: ["examples"]
warning: the following keywords are unknown and will be ignored: [examples]
    level: "warning"
    schema: {"loadingURI":"#","pointer":"/items/properties/id"}
    domain: "syntax"
    ignored: ["examples"]
warning: the following keywords are unknown and will be ignored: [examples]
    level: "warning"
    schema: {"loadingURI":"#","pointer":"/items/properties/nome"}
    domain: "syntax"
    ignored: ["examples"]
warning: the following keywords are unknown and will be ignored: [examples]
    level: "warning"
    schema: {"loadingURI":"#","pointer":"/items/properties/parcelas"}
    domain: "syntax"
    ignored: ["examples"]
warning: the following keywords are unknown and will be ignored: [examples]
    level: "warning"
    schema: {"loadingURI":"#","pointer":"/items/properties/seguro"}
    domain: "syntax"
    ignored: ["examples"]
warning: the following keywords are unknown and will be ignored: [examples]
    level: "warning"
    schema: {"loadingURI":"#","pointer":"/items/properties/valor"}
    domain: "syntax"
    ignored: ["examples"]
warning: the following keywords are unknown and will be ignored: [examples]
    level: "warning"
    schema: {"loadingURI":"#","pointer":"/items"}
    domain: "syntax"
    ignored: ["examples"]
warning: the following keywords are unknown and will be ignored: [examples]
    level: "warning"
    schema: {"loadingURI":"#","pointer":"/items/properties/cpf"}
    domain: "syntax"
    ignored: ["examples"]
warning: the following keywords are unknown and will be ignored: [examples]
    level: "warning"
    schema: {"loadingURI":"#","pointer":"/items/properties/email"}
    domain: "syntax"
    ignored: ["examples"]
warning: the following keywords are unknown and will be ignored: [examples]
    level: "warning"
    schema: {"loadingURI":"#","pointer":"/items/properties/id"}
    domain: "syntax"
    ignored: ["examples"]
warning: the following keywords are unknown and will be ignored: [examples]
    level: "warning"
    schema: {"loadingURI":"#","pointer":"/items/properties/nome"}
    domain: "syntax"
    ignored: ["examples"]
warning: the following keywords are unknown and will be ignored: [examples]
    level: "warning"
    schema: {"loadingURI":"#","pointer":"/items/properties/parcelas"}
    domain: "syntax"
    ignored: ["examples"]
warning: the following keywords are unknown and will be ignored: [examples]
    level: "warning"
    schema: {"loadingURI":"#","pointer":"/items/properties/seguro"}
    domain: "syntax"
    ignored: ["examples"]
warning: the following keywords are unknown and will be ignored: [examples]
    level: "warning"
    schema: {"loadingURI":"#","pointer":"/items/properties/valor"}
    domain: "syntax"
    ignored: ["examples"]
warning: the following keywords are unknown and will be ignored: [examples]
    level: "warning"
    schema: {"loadingURI":"#","pointer":"/items"}
    domain: "syntax"
    ignored: ["examples"]
warning: the following keywords are unknown and will be ignored: [examples]
    level: "warning"
    schema: {"loadingURI":"#","pointer":"/items/properties/cpf"}
    domain: "syntax"
    ignored: ["examples"]
warning: the following keywords are unknown and will be ignored: [examples]
    level: "warning"
    schema: {"loadingURI":"#","pointer":"/items/properties/email"}
    domain: "syntax"
    ignored: ["examples"]
warning: the following keywords are unknown and will be ignored: [examples]
    level: "warning"
    schema: {"loadingURI":"#","pointer":"/items/properties/id"}
    domain: "syntax"
    ignored: ["examples"]
warning: the following keywords are unknown and will be ignored: [examples]
    level: "warning"
    schema: {"loadingURI":"#","pointer":"/items/properties/nome"}
    domain: "syntax"
    ignored: ["examples"]
warning: the following keywords are unknown and will be ignored: [examples]
    level: "warning"
    schema: {"loadingURI":"#","pointer":"/items/properties/parcelas"}
    domain: "syntax"
    ignored: ["examples"]
warning: the following keywords are unknown and will be ignored: [examples]
    level: "warning"
    schema: {"loadingURI":"#","pointer":"/items/properties/seguro"}
    domain: "syntax"
    ignored: ["examples"]
warning: the following keywords are unknown and will be ignored: [examples]
    level: "warning"
    schema: {"loadingURI":"#","pointer":"/items/properties/valor"}
    domain: "syntax"
    ignored: ["examples"]
warning: the following keywords are unknown and will be ignored: [examples]
    level: "warning"
    schema: {"loadingURI":"#","pointer":"/items"}
    domain: "syntax"
    ignored: ["examples"]
warning: the following keywords are unknown and will be ignored: [examples]
    level: "warning"
    schema: {"loadingURI":"#","pointer":"/items/properties/cpf"}
    domain: "syntax"
    ignored: ["examples"]
warning: the following keywords are unknown and will be ignored: [examples]
    level: "warning"
    schema: {"loadingURI":"#","pointer":"/items/properties/email"}
    domain: "syntax"
    ignored: ["examples"]
warning: the following keywords are unknown and will be ignored: [examples]
    level: "warning"
    schema: {"loadingURI":"#","pointer":"/items/properties/id"}
    domain: "syntax"
    ignored: ["examples"]
warning: the following keywords are unknown and will be ignored: [examples]
    level: "warning"
    schema: {"loadingURI":"#","pointer":"/items/properties/nome"}
    domain: "syntax"
    ignored: ["examples"]
warning: the following keywords are unknown and will be ignored: [examples]
    level: "warning"
    schema: {"loadingURI":"#","pointer":"/items/properties/parcelas"}
    domain: "syntax"
    ignored: ["examples"]
warning: the following keywords are unknown and will be ignored: [examples]
    level: "warning"
    schema: {"loadingURI":"#","pointer":"/items/properties/seguro"}
    domain: "syntax"
    ignored: ["examples"]
warning: the following keywords are unknown and will be ignored: [examples]
    level: "warning"
    schema: {"loadingURI":"#","pointer":"/items/properties/valor"}
    domain: "syntax"
    ignored: ["examples"]
warning: the following keywords are unknown and will be ignored: [examples]
    level: "warning"
    schema: {"loadingURI":"#","pointer":"/items"}
    domain: "syntax"
    ignored: ["examples"]
warning: the following keywords are unknown and will be ignored: [examples]
    level: "warning"
    schema: {"loadingURI":"#","pointer":"/items/properties/cpf"}
    domain: "syntax"
    ignored: ["examples"]
warning: the following keywords are unknown and will be ignored: [examples]
    level: "warning"
    schema: {"loadingURI":"#","pointer":"/items/properties/email"}
    domain: "syntax"
    ignored: ["examples"]
warning: the following keywords are unknown and will be ignored: [examples]
    level: "warning"
    schema: {"loadingURI":"#","pointer":"/items/properties/id"}
    domain: "syntax"
    ignored: ["examples"]
warning: the following keywords are unknown and will be ignored: [examples]
    level: "warning"
    schema: {"loadingURI":"#","pointer":"/items/properties/nome"}
    domain: "syntax"
    ignored: ["examples"]
warning: the following keywords are unknown and will be ignored: [examples]
    level: "warning"
    schema: {"loadingURI":"#","pointer":"/items/properties/parcelas"}
    domain: "syntax"
    ignored: ["examples"]
warning: the following keywords are unknown and will be ignored: [examples]
    level: "warning"
    schema: {"loadingURI":"#","pointer":"/items/properties/seguro"}
    domain: "syntax"
    ignored: ["examples"]
warning: the following keywords are unknown and will be ignored: [examples]
    level: "warning"
    schema: {"loadingURI":"#","pointer":"/items/properties/valor"}
    domain: "syntax"
    ignored: ["examples"]
warning: the following keywords are unknown and will be ignored: [examples]
    level: "warning"
    schema: {"loadingURI":"#","pointer":"/items"}
    domain: "syntax"
    ignored: ["examples"]
warning: the following keywords are unknown and will be ignored: [examples]
    level: "warning"
    schema: {"loadingURI":"#","pointer":"/items/properties/cpf"}
    domain: "syntax"
    ignored: ["examples"]
warning: the following keywords are unknown and will be ignored: [examples]
    level: "warning"
    schema: {"loadingURI":"#","pointer":"/items/properties/email"}
    domain: "syntax"
    ignored: ["examples"]
warning: the following keywords are unknown and will be ignored: [examples]
    level: "warning"
    schema: {"loadingURI":"#","pointer":"/items/properties/id"}
    domain: "syntax"
    ignored: ["examples"]
warning: the following keywords are unknown and will be ignored: [examples]
    level: "warning"
    schema: {"loadingURI":"#","pointer":"/items/properties/nome"}
    domain: "syntax"
    ignored: ["examples"]
warning: the following keywords are unknown and will be ignored: [examples]
    level: "warning"
    schema: {"loadingURI":"#","pointer":"/items/properties/parcelas"}
    domain: "syntax"
    ignored: ["examples"]
warning: the following keywords are unknown and will be ignored: [examples]
    level: "warning"
    schema: {"loadingURI":"#","pointer":"/items/properties/seguro"}
    domain: "syntax"
    ignored: ["examples"]
warning: the following keywords are unknown and will be ignored: [examples]
    level: "warning"
    schema: {"loadingURI":"#","pointer":"/items/properties/valor"}
    domain: "syntax"
    ignored: ["examples"]
warning: the following keywords are unknown and will be ignored: [examples]
    level: "warning"
    schema: {"loadingURI":"#","pointer":"/items"}
    domain: "syntax"
    ignored: ["examples"]
warning: the following keywords are unknown and will be ignored: [examples]
    level: "warning"
    schema: {"loadingURI":"#","pointer":"/items/properties/cpf"}
    domain: "syntax"
    ignored: ["examples"]
warning: the following keywords are unknown and will be ignored: [examples]
    level: "warning"
    schema: {"loadingURI":"#","pointer":"/items/properties/email"}
    domain: "syntax"
    ignored: ["examples"]
warning: the following keywords are unknown and will be ignored: [examples]
    level: "warning"
    schema: {"loadingURI":"#","pointer":"/items/properties/id"}
    domain: "syntax"
    ignored: ["examples"]
warning: the following keywords are unknown and will be ignored: [examples]
    level: "warning"
    schema: {"loadingURI":"#","pointer":"/items/properties/nome"}
    domain: "syntax"
    ignored: ["examples"]
warning: the following keywords are unknown and will be ignored: [examples]
    level: "warning"
    schema: {"loadingURI":"#","pointer":"/items/properties/parcelas"}
    domain: "syntax"
    ignored: ["examples"]
warning: the following keywords are unknown and will be ignored: [examples]
    level: "warning"
    schema: {"loadingURI":"#","pointer":"/items/properties/seguro"}
    domain: "syntax"
    ignored: ["examples"]
warning: the following keywords are unknown and will be ignored: [examples]
    level: "warning"
    schema: {"loadingURI":"#","pointer":"/items/properties/valor"}
    domain: "syntax"
    ignored: ["examples"]
warning: the following keywords are unknown and will be ignored: [examples]
    level: "warning"
    schema: {"loadingURI":"#","pointer":"/items"}
    domain: "syntax"
    ignored: ["examples"]
warning: the following keywords are unknown and will be ignored: [examples]
    level: "warning"
    schema: {"loadingURI":"#","pointer":"/items/properties/cpf"}
    domain: "syntax"
    ignored: ["examples"]
warning: the following keywords are unknown and will be ignored: [examples]
    level: "warning"
    schema: {"loadingURI":"#","pointer":"/items/properties/email"}
    domain: "syntax"
    ignored: ["examples"]
warning: the following keywords are unknown and will be ignored: [examples]
    level: "warning"
    schema: {"loadingURI":"#","pointer":"/items/properties/id"}
    domain: "syntax"
    ignored: ["examples"]
warning: the following keywords are unknown and will be ignored: [examples]
    level: "warning"
    schema: {"loadingURI":"#","pointer":"/items/properties/nome"}
    domain: "syntax"
    ignored: ["examples"]
warning: the following keywords are unknown and will be ignored: [examples]
    level: "warning"
    schema: {"loadingURI":"#","pointer":"/items/properties/parcelas"}
    domain: "syntax"
    ignored: ["examples"]
warning: the following keywords are unknown and will be ignored: [examples]
    level: "warning"
    schema: {"loadingURI":"#","pointer":"/items/properties/seguro"}
    domain: "syntax"
    ignored: ["examples"]
warning: the following keywords are unknown and will be ignored: [examples]
    level: "warning"
    schema: {"loadingURI":"#","pointer":"/items/properties/valor"}
    domain: "syntax"
    ignored: ["examples"]
warning: the following keywords are unknown and will be ignored: [examples]
    level: "warning"
    schema: {"loadingURI":"#","pointer":"/items"}
    domain: "syntax"
    ignored: ["examples"]
warning: the following keywords are unknown and will be ignored: [examples]
    level: "warning"
    schema: {"loadingURI":"#","pointer":"/items/properties/cpf"}
    domain: "syntax"
    ignored: ["examples"]
warning: the following keywords are unknown and will be ignored: [examples]
    level: "warning"
    schema: {"loadingURI":"#","pointer":"/items/properties/email"}
    domain: "syntax"
    ignored: ["examples"]
warning: the following keywords are unknown and will be ignored: [examples]
    level: "warning"
    schema: {"loadingURI":"#","pointer":"/items/properties/id"}
    domain: "syntax"
    ignored: ["examples"]
warning: the following keywords are unknown and will be ignored: [examples]
    level: "warning"
    schema: {"loadingURI":"#","pointer":"/items/properties/nome"}
    domain: "syntax"
    ignored: ["examples"]
warning: the following keywords are unknown and will be ignored: [examples]
    level: "warning"
    schema: {"loadingURI":"#","pointer":"/items/properties/parcelas"}
    domain: "syntax"
    ignored: ["examples"]
warning: the following keywords are unknown and will be ignored: [examples]
    level: "warning"
    schema: {"loadingURI":"#","pointer":"/items/properties/seguro"}
    domain: "syntax"
    ignored: ["examples"]
warning: the following keywords are unknown and will be ignored: [examples]
    level: "warning"
    schema: {"loadingURI":"#","pointer":"/items/properties/valor"}
    domain: "syntax"
    ignored: ["examples"]
warning: the following keywords are unknown and will be ignored: [examples]
    level: "warning"
    schema: {"loadingURI":"#","pointer":"/items"}
    domain: "syntax"
    ignored: ["examples"]
warning: the following keywords are unknown and will be ignored: [examples]
    level: "warning"
    schema: {"loadingURI":"#","pointer":"/items/properties/cpf"}
    domain: "syntax"
    ignored: ["examples"]
warning: the following keywords are unknown and will be ignored: [examples]
    level: "warning"
    schema: {"loadingURI":"#","pointer":"/items/properties/email"}
    domain: "syntax"
    ignored: ["examples"]
warning: the following keywords are unknown and will be ignored: [examples]
    level: "warning"
    schema: {"loadingURI":"#","pointer":"/items/properties/id"}
    domain: "syntax"
    ignored: ["examples"]
warning: the following keywords are unknown and will be ignored: [examples]
    level: "warning"
    schema: {"loadingURI":"#","pointer":"/items/properties/nome"}
    domain: "syntax"
    ignored: ["examples"]
warning: the following keywords are unknown and will be ignored: [examples]
    level: "warning"
    schema: {"loadingURI":"#","pointer":"/items/properties/parcelas"}
    domain: "syntax"
    ignored: ["examples"]
warning: the following keywords are unknown and will be ignored: [examples]
    level: "warning"
    schema: {"loadingURI":"#","pointer":"/items/properties/seguro"}
    domain: "syntax"
    ignored: ["examples"]
warning: the following keywords are unknown and will be ignored: [examples]
    level: "warning"
    schema: {"loadingURI":"#","pointer":"/items/properties/valor"}
    domain: "syntax"
    ignored: ["examples"]
warning: the following keywords are unknown and will be ignored: [examples]
    level: "warning"
    schema: {"loadingURI":"#","pointer":"/items"}
    domain: "syntax"
    ignored: ["examples"]
warning: the following keywords are unknown and will be ignored: [examples]
    level: "warning"
    schema: {"loadingURI":"#","pointer":"/items/properties/cpf"}
    domain: "syntax"
    ignored: ["examples"]
warning: the following keywords are unknown and will be ignored: [examples]
    level: "warning"
    schema: {"loadingURI":"#","pointer":"/items/properties/email"}
    domain: "syntax"
    ignored: ["examples"]
warning: the following keywords are unknown and will be ignored: [examples]
    level: "warning"
    schema: {"loadingURI":"#","pointer":"/items/properties/id"}
    domain: "syntax"
    ignored: ["examples"]
warning: the following keywords are unknown and will be ignored: [examples]
    level: "warning"
    schema: {"loadingURI":"#","pointer":"/items/properties/nome"}
    domain: "syntax"
    ignored: ["examples"]
warning: the following keywords are unknown and will be ignored: [examples]
    level: "warning"
    schema: {"loadingURI":"#","pointer":"/items/properties/parcelas"}
    domain: "syntax"
    ignored: ["examples"]
warning: the following keywords are unknown and will be ignored: [examples]
    level: "warning"
    schema: {"loadingURI":"#","pointer":"/items/properties/seguro"}
    domain: "syntax"
    ignored: ["examples"]
warning: the following keywords are unknown and will be ignored: [examples]
    level: "warning"
    schema: {"loadingURI":"#","pointer":"/items/properties/valor"}
    domain: "syntax"
    ignored: ["examples"]
warning: the following keywords are unknown and will be ignored: [examples]
    level: "warning"
    schema: {"loadingURI":"#","pointer":"/items"}
    domain: "syntax"
    ignored: ["examples"]
warning: the following keywords are unknown and will be ignored: [examples]
    level: "warning"
    schema: {"loadingURI":"#","pointer":"/items/properties/cpf"}
    domain: "syntax"
    ignored: ["examples"]
warning: the following keywords are unknown and will be ignored: [examples]
    level: "warning"
    schema: {"loadingURI":"#","pointer":"/items/properties/email"}
    domain: "syntax"
    ignored: ["examples"]
warning: the following keywords are unknown and will be ignored: [examples]
    level: "warning"
    schema: {"loadingURI":"#","pointer":"/items/properties/id"}
    domain: "syntax"
    ignored: ["examples"]
warning: the following keywords are unknown and will be ignored: [examples]
    level: "warning"
    schema: {"loadingURI":"#","pointer":"/items/properties/nome"}
    domain: "syntax"
    ignored: ["examples"]
warning: the following keywords are unknown and will be ignored: [examples]
    level: "warning"
    schema: {"loadingURI":"#","pointer":"/items/properties/parcelas"}
    domain: "syntax"
    ignored: ["examples"]
warning: the following keywords are unknown and will be ignored: [examples]
    level: "warning"
    schema: {"loadingURI":"#","pointer":"/items/properties/seguro"}
    domain: "syntax"
    ignored: ["examples"]
warning: the following keywords are unknown and will be ignored: [examples]
    level: "warning"
    schema: {"loadingURI":"#","pointer":"/items/properties/valor"}
    domain: "syntax"
    ignored: ["examples"]
warning: the following keywords are unknown and will be ignored: [examples]
    level: "warning"
    schema: {"loadingURI":"#","pointer":"/items"}
    domain: "syntax"
    ignored: ["examples"]
warning: the following keywords are unknown and will be ignored: [examples]
    level: "warning"
    schema: {"loadingURI":"#","pointer":"/items/properties/cpf"}
    domain: "syntax"
    ignored: ["examples"]
warning: the following keywords are unknown and will be ignored: [examples]
    level: "warning"
    schema: {"loadingURI":"#","pointer":"/items/properties/email"}
    domain: "syntax"
    ignored: ["examples"]
warning: the following keywords are unknown and will be ignored: [examples]
    level: "warning"
    schema: {"loadingURI":"#","pointer":"/items/properties/id"}
    domain: "syntax"
    ignored: ["examples"]
warning: the following keywords are unknown and will be ignored: [examples]
    level: "warning"
    schema: {"loadingURI":"#","pointer":"/items/properties/nome"}
    domain: "syntax"
    ignored: ["examples"]
warning: the following keywords are unknown and will be ignored: [examples]
    level: "warning"
    schema: {"loadingURI":"#","pointer":"/items/properties/parcelas"}
    domain: "syntax"
    ignored: ["examples"]
warning: the following keywords are unknown and will be ignored: [examples]
    level: "warning"
    schema: {"loadingURI":"#","pointer":"/items/properties/seguro"}
    domain: "syntax"
    ignored: ["examples"]
warning: the following keywords are unknown and will be ignored: [examples]
    level: "warning"
    schema: {"loadingURI":"#","pointer":"/items/properties/valor"}
    domain: "syntax"
    ignored: ["examples"]
warning: the following keywords are unknown and will be ignored: [examples]
    level: "warning"
    schema: {"loadingURI":"#","pointer":"/items"}
    domain: "syntax"
    ignored: ["examples"]
warning: the following keywords are unknown and will be ignored: [examples]
    level: "warning"
    schema: {"loadingURI":"#","pointer":"/items/properties/cpf"}
    domain: "syntax"
    ignored: ["examples"]
warning: the following keywords are unknown and will be ignored: [examples]
    level: "warning"
    schema: {"loadingURI":"#","pointer":"/items/properties/email"}
    domain: "syntax"
    ignored: ["examples"]
warning: the following keywords are unknown and will be ignored: [examples]
    level: "warning"
    schema: {"loadingURI":"#","pointer":"/items/properties/id"}
    domain: "syntax"
    ignored: ["examples"]
warning: the following keywords are unknown and will be ignored: [examples]
    level: "warning"
    schema: {"loadingURI":"#","pointer":"/items/properties/nome"}
    domain: "syntax"
    ignored: ["examples"]
warning: the following keywords are unknown and will be ignored: [examples]
    level: "warning"
    schema: {"loadingURI":"#","pointer":"/items/properties/parcelas"}
    domain: "syntax"
    ignored: ["examples"]
warning: the following keywords are unknown and will be ignored: [examples]
    level: "warning"
    schema: {"loadingURI":"#","pointer":"/items/properties/seguro"}
    domain: "syntax"
    ignored: ["examples"]
warning: the following keywords are unknown and will be ignored: [examples]
    level: "warning"
    schema: {"loadingURI":"#","pointer":"/items/properties/valor"}
    domain: "syntax"
    ignored: ["examples"]
warning: the following keywords are unknown and will be ignored: [examples]
    level: "warning"
    schema: {"loadingURI":"#","pointer":"/items"}
    domain: "syntax"
    ignored: ["examples"]
warning: the following keywords are unknown and will be ignored: [examples]
    level: "warning"
    schema: {"loadingURI":"#","pointer":"/items/properties/cpf"}
    domain: "syntax"
    ignored: ["examples"]
warning: the following keywords are unknown and will be ignored: [examples]
    level: "warning"
    schema: {"loadingURI":"#","pointer":"/items/properties/email"}
    domain: "syntax"
    ignored: ["examples"]
warning: the following keywords are unknown and will be ignored: [examples]
    level: "warning"
    schema: {"loadingURI":"#","pointer":"/items/properties/id"}
    domain: "syntax"
    ignored: ["examples"]
warning: the following keywords are unknown and will be ignored: [examples]
    level: "warning"
    schema: {"loadingURI":"#","pointer":"/items/properties/nome"}
    domain: "syntax"
    ignored: ["examples"]
warning: the following keywords are unknown and will be ignored: [examples]
    level: "warning"
    schema: {"loadingURI":"#","pointer":"/items/properties/parcelas"}
    domain: "syntax"
    ignored: ["examples"]
warning: the following keywords are unknown and will be ignored: [examples]
    level: "warning"
    schema: {"loadingURI":"#","pointer":"/items/properties/seguro"}
    domain: "syntax"
    ignored: ["examples"]
warning: the following keywords are unknown and will be ignored: [examples]
    level: "warning"
    schema: {"loadingURI":"#","pointer":"/items/properties/valor"}
    domain: "syntax"
    ignored: ["examples"]
warning: the following keywords are unknown and will be ignored: [examples]
    level: "warning"
    schema: {"loadingURI":"#","pointer":"/items"}
    domain: "syntax"
    ignored: ["examples"]
warning: the following keywords are unknown and will be ignored: [examples]
    level: "warning"
    schema: {"loadingURI":"#","pointer":"/items/properties/cpf"}
    domain: "syntax"
    ignored: ["examples"]
warning: the following keywords are unknown and will be ignored: [examples]
    level: "warning"
    schema: {"loadingURI":"#","pointer":"/items/properties/email"}
    domain: "syntax"
    ignored: ["examples"]
warning: the following keywords are unknown and will be ignored: [examples]
    level: "warning"
    schema: {"loadingURI":"#","pointer":"/items/properties/id"}
    domain: "syntax"
    ignored: ["examples"]
warning: the following keywords are unknown and will be ignored: [examples]
    level: "warning"
    schema: {"loadingURI":"#","pointer":"/items/properties/nome"}
    domain: "syntax"
    ignored: ["examples"]
warning: the following keywords are unknown and will be ignored: [examples]
    level: "warning"
    schema: {"loadingURI":"#","pointer":"/items/properties/parcelas"}
    domain: "syntax"
    ignored: ["examples"]
warning: the following keywords are unknown and will be ignored: [examples]
    level: "warning"
    schema: {"loadingURI":"#","pointer":"/items/properties/seguro"}
    domain: "syntax"
    ignored: ["examples"]
warning: the following keywords are unknown and will be ignored: [examples]
    level: "warning"
    schema: {"loadingURI":"#","pointer":"/items/properties/valor"}
    domain: "syntax"
    ignored: ["examples"]
warning: the following keywords are unknown and will be ignored: [examples]
    level: "warning"
    schema: {"loadingURI":"#","pointer":"/items"}
    domain: "syntax"
    ignored: ["examples"]
warning: the following keywords are unknown and will be ignored: [examples]
    level: "warning"
    schema: {"loadingURI":"#","pointer":"/items/properties/cpf"}
    domain: "syntax"
    ignored: ["examples"]
warning: the following keywords are unknown and will be ignored: [examples]
    level: "warning"
    schema: {"loadingURI":"#","pointer":"/items/properties/email"}
    domain: "syntax"
    ignored: ["examples"]
warning: the following keywords are unknown and will be ignored: [examples]
    level: "warning"
    schema: {"loadingURI":"#","pointer":"/items/properties/id"}
    domain: "syntax"
    ignored: ["examples"]
warning: the following keywords are unknown and will be ignored: [examples]
    level: "warning"
    schema: {"loadingURI":"#","pointer":"/items/properties/nome"}
    domain: "syntax"
    ignored: ["examples"]
warning: the following keywords are unknown and will be ignored: [examples]
    level: "warning"
    schema: {"loadingURI":"#","pointer":"/items/properties/parcelas"}
    domain: "syntax"
    ignored: ["examples"]
warning: the following keywords are unknown and will be ignored: [examples]
    level: "warning"
    schema: {"loadingURI":"#","pointer":"/items/properties/seguro"}
    domain: "syntax"
    ignored: ["examples"]
warning: the following keywords are unknown and will be ignored: [examples]
    level: "warning"
    schema: {"loadingURI":"#","pointer":"/items/properties/valor"}
    domain: "syntax"
    ignored: ["examples"]
warning: the following keywords are unknown and will be ignored: [examples]
    level: "warning"
    schema: {"loadingURI":"#","pointer":"/items"}
    domain: "syntax"
    ignored: ["examples"]
warning: the following keywords are unknown and will be ignored: [examples]
    level: "warning"
    schema: {"loadingURI":"#","pointer":"/items/properties/cpf"}
    domain: "syntax"
    ignored: ["examples"]
warning: the following keywords are unknown and will be ignored: [examples]
    level: "warning"
    schema: {"loadingURI":"#","pointer":"/items/properties/email"}
    domain: "syntax"
    ignored: ["examples"]
warning: the following keywords are unknown and will be ignored: [examples]
    level: "warning"
    schema: {"loadingURI":"#","pointer":"/items/properties/id"}
    domain: "syntax"
    ignored: ["examples"]
warning: the following keywords are unknown and will be ignored: [examples]
    level: "warning"
    schema: {"loadingURI":"#","pointer":"/items/properties/nome"}
    domain: "syntax"
    ignored: ["examples"]
warning: the following keywords are unknown and will be ignored: [examples]
    level: "warning"
    schema: {"loadingURI":"#","pointer":"/items/properties/parcelas"}
    domain: "syntax"
    ignored: ["examples"]
warning: the following keywords are unknown and will be ignored: [examples]
    level: "warning"
    schema: {"loadingURI":"#","pointer":"/items/properties/seguro"}
    domain: "syntax"
    ignored: ["examples"]
warning: the following keywords are unknown and will be ignored: [examples]
    level: "warning"
    schema: {"loadingURI":"#","pointer":"/items/properties/valor"}
    domain: "syntax"
    ignored: ["examples"]
warning: the following keywords are unknown and will be ignored: [examples]
    level: "warning"
    schema: {"loadingURI":"#","pointer":"/items"}
    domain: "syntax"
    ignored: ["examples"]
warning: the following keywords are unknown and will be ignored: [examples]
    level: "warning"
    schema: {"loadingURI":"#","pointer":"/items/properties/cpf"}
    domain: "syntax"
    ignored: ["examples"]
warning: the following keywords are unknown and will be ignored: [examples]
    level: "warning"
    schema: {"loadingURI":"#","pointer":"/items/properties/email"}
    domain: "syntax"
    ignored: ["examples"]
warning: the following keywords are unknown and will be ignored: [examples]
    level: "warning"
    schema: {"loadingURI":"#","pointer":"/items/properties/id"}
    domain: "syntax"
    ignored: ["examples"]
warning: the following keywords are unknown and will be ignored: [examples]
    level: "warning"
    schema: {"loadingURI":"#","pointer":"/items/properties/nome"}
    domain: "syntax"
    ignored: ["examples"]
warning: the following keywords are unknown and will be ignored: [examples]
    level: "warning"
    schema: {"loadingURI":"#","pointer":"/items/properties/parcelas"}
    domain: "syntax"
    ignored: ["examples"]
warning: the following keywords are unknown and will be ignored: [examples]
    level: "warning"
    schema: {"loadingURI":"#","pointer":"/items/properties/seguro"}
    domain: "syntax"
    ignored: ["examples"]
warning: the following keywords are unknown and will be ignored: [examples]
    level: "warning"
    schema: {"loadingURI":"#","pointer":"/items/properties/valor"}
    domain: "syntax"
    ignored: ["examples"]
warning: the following keywords are unknown and will be ignored: [examples]
    level: "warning"
    schema: {"loadingURI":"#","pointer":"/items"}
    domain: "syntax"
    ignored: ["examples"]
warning: the following keywords are unknown and will be ignored: [examples]
    level: "warning"
    schema: {"loadingURI":"#","pointer":"/items/properties/cpf"}
    domain: "syntax"
    ignored: ["examples"]
warning: the following keywords are unknown and will be ignored: [examples]
    level: "warning"
    schema: {"loadingURI":"#","pointer":"/items/properties/email"}
    domain: "syntax"
    ignored: ["examples"]
warning: the following keywords are unknown and will be ignored: [examples]
    level: "warning"
    schema: {"loadingURI":"#","pointer":"/items/properties/id"}
    domain: "syntax"
    ignored: ["examples"]
warning: the following keywords are unknown and will be ignored: [examples]
    level: "warning"
    schema: {"loadingURI":"#","pointer":"/items/properties/nome"}
    domain: "syntax"
    ignored: ["examples"]
warning: the following keywords are unknown and will be ignored: [examples]
    level: "warning"
    schema: {"loadingURI":"#","pointer":"/items/properties/parcelas"}
    domain: "syntax"
    ignored: ["examples"]
warning: the following keywords are unknown and will be ignored: [examples]
    level: "warning"
    schema: {"loadingURI":"#","pointer":"/items/properties/seguro"}
    domain: "syntax"
    ignored: ["examples"]
warning: the following keywords are unknown and will be ignored: [examples]
    level: "warning"
    schema: {"loadingURI":"#","pointer":"/items/properties/valor"}
    domain: "syntax"
    ignored: ["examples"]
warning: the following keywords are unknown and will be ignored: [examples]
    level: "warning"
    schema: {"loadingURI":"#","pointer":"/items"}
    domain: "syntax"
    ignored: ["examples"]
warning: the following keywords are unknown and will be ignored: [examples]
    level: "warning"
    schema: {"loadingURI":"#","pointer":"/items/properties/cpf"}
    domain: "syntax"
    ignored: ["examples"]
warning: the following keywords are unknown and will be ignored: [examples]
    level: "warning"
    schema: {"loadingURI":"#","pointer":"/items/properties/email"}
    domain: "syntax"
    ignored: ["examples"]
warning: the following keywords are unknown and will be ignored: [examples]
    level: "warning"
    schema: {"loadingURI":"#","pointer":"/items/properties/id"}
    domain: "syntax"
    ignored: ["examples"]
warning: the following keywords are unknown and will be ignored: [examples]
    level: "warning"
    schema: {"loadingURI":"#","pointer":"/items/properties/nome"}
    domain: "syntax"
    ignored: ["examples"]
warning: the following keywords are unknown and will be ignored: [examples]
    level: "warning"
    schema: {"loadingURI":"#","pointer":"/items/properties/parcelas"}
    domain: "syntax"
    ignored: ["examples"]
warning: the following keywords are unknown and will be ignored: [examples]
    level: "warning"
    schema: {"loadingURI":"#","pointer":"/items/properties/seguro"}
    domain: "syntax"
    ignored: ["examples"]
warning: the following keywords are unknown and will be ignored: [examples]
    level: "warning"
    schema: {"loadingURI":"#","pointer":"/items/properties/valor"}
    domain: "syntax"
    ignored: ["examples"]
warning: the following keywords are unknown and will be ignored: [examples]
    level: "warning"
    schema: {"loadingURI":"#","pointer":"/items"}
    domain: "syntax"
    ignored: ["examples"]
warning: the following keywords are unknown and will be ignored: [examples]
    level: "warning"
    schema: {"loadingURI":"#","pointer":"/items/properties/cpf"}
    domain: "syntax"
    ignored: ["examples"]
warning: the following keywords are unknown and will be ignored: [examples]
    level: "warning"
    schema: {"loadingURI":"#","pointer":"/items/properties/email"}
    domain: "syntax"
    ignored: ["examples"]
warning: the following keywords are unknown and will be ignored: [examples]
    level: "warning"
    schema: {"loadingURI":"#","pointer":"/items/properties/id"}
    domain: "syntax"
    ignored: ["examples"]
warning: the following keywords are unknown and will be ignored: [examples]
    level: "warning"
    schema: {"loadingURI":"#","pointer":"/items/properties/nome"}
    domain: "syntax"
    ignored: ["examples"]
warning: the following keywords are unknown and will be ignored: [examples]
    level: "warning"
    schema: {"loadingURI":"#","pointer":"/items/properties/parcelas"}
    domain: "syntax"
    ignored: ["examples"]
warning: the following keywords are unknown and will be ignored: [examples]
    level: "warning"
    schema: {"loadingURI":"#","pointer":"/items/properties/seguro"}
    domain: "syntax"
    ignored: ["examples"]
warning: the following keywords are unknown and will be ignored: [examples]
    level: "warning"
    schema: {"loadingURI":"#","pointer":"/items/properties/valor"}
    domain: "syntax"
    ignored: ["examples"]
warning: the following keywords are unknown and will be ignored: [examples]
    level: "warning"
    schema: {"loadingURI":"#","pointer":"/items"}
    domain: "syntax"
    ignored: ["examples"]
warning: the following keywords are unknown and will be ignored: [examples]
    level: "warning"
    schema: {"loadingURI":"#","pointer":"/items/properties/cpf"}
    domain: "syntax"
    ignored: ["examples"]
warning: the following keywords are unknown and will be ignored: [examples]
    level: "warning"
    schema: {"loadingURI":"#","pointer":"/items/properties/email"}
    domain: "syntax"
    ignored: ["examples"]
warning: the following keywords are unknown and will be ignored: [examples]
    level: "warning"
    schema: {"loadingURI":"#","pointer":"/items/properties/id"}
    domain: "syntax"
    ignored: ["examples"]
warning: the following keywords are unknown and will be ignored: [examples]
    level: "warning"
    schema: {"loadingURI":"#","pointer":"/items/properties/nome"}
    domain: "syntax"
    ignored: ["examples"]
warning: the following keywords are unknown and will be ignored: [examples]
    level: "warning"
    schema: {"loadingURI":"#","pointer":"/items/properties/parcelas"}
    domain: "syntax"
    ignored: ["examples"]
warning: the following keywords are unknown and will be ignored: [examples]
    level: "warning"
    schema: {"loadingURI":"#","pointer":"/items/properties/seguro"}
    domain: "syntax"
    ignored: ["examples"]
warning: the following keywords are unknown and will be ignored: [examples]
    level: "warning"
    schema: {"loadingURI":"#","pointer":"/items/properties/valor"}
    domain: "syntax"
    ignored: ["examples"]
warning: the following keywords are unknown and will be ignored: [examples]
    level: "warning"
    schema: {"loadingURI":"#","pointer":"/items"}
    domain: "syntax"
    ignored: ["examples"]
warning: the following keywords are unknown and will be ignored: [examples]
    level: "warning"
    schema: {"loadingURI":"#","pointer":"/items/properties/cpf"}
    domain: "syntax"
    ignored: ["examples"]
warning: the following keywords are unknown and will be ignored: [examples]
    level: "warning"
    schema: {"loadingURI":"#","pointer":"/items/properties/email"}
    domain: "syntax"
    ignored: ["examples"]
warning: the following keywords are unknown and will be ignored: [examples]
    level: "warning"
    schema: {"loadingURI":"#","pointer":"/items/properties/id"}
    domain: "syntax"
    ignored: ["examples"]
warning: the following keywords are unknown and will be ignored: [examples]
    level: "warning"
    schema: {"loadingURI":"#","pointer":"/items/properties/nome"}
    domain: "syntax"
    ignored: ["examples"]
warning: the following keywords are unknown and will be ignored: [examples]
    level: "warning"
    schema: {"loadingURI":"#","pointer":"/items/properties/parcelas"}
    domain: "syntax"
    ignored: ["examples"]
warning: the following keywords are unknown and will be ignored: [examples]
    level: "warning"
    schema: {"loadingURI":"#","pointer":"/items/properties/seguro"}
    domain: "syntax"
    ignored: ["examples"]
warning: the following keywords are unknown and will be ignored: [examples]
    level: "warning"
    schema: {"loadingURI":"#","pointer":"/items/properties/valor"}
    domain: "syntax"
    ignored: ["examples"]
warning: the following keywords are unknown and will be ignored: [examples]
    level: "warning"
    schema: {"loadingURI":"#","pointer":"/items"}
    domain: "syntax"
    ignored: ["examples"]
warning: the following keywords are unknown and will be ignored: [examples]
    level: "warning"
    schema: {"loadingURI":"#","pointer":"/items/properties/cpf"}
    domain: "syntax"
    ignored: ["examples"]
warning: the following keywords are unknown and will be ignored: [examples]
    level: "warning"
    schema: {"loadingURI":"#","pointer":"/items/properties/email"}
    domain: "syntax"
    ignored: ["examples"]
warning: the following keywords are unknown and will be ignored: [examples]
    level: "warning"
    schema: {"loadingURI":"#","pointer":"/items/properties/id"}
    domain: "syntax"
    ignored: ["examples"]
warning: the following keywords are unknown and will be ignored: [examples]
    level: "warning"
    schema: {"loadingURI":"#","pointer":"/items/properties/nome"}
    domain: "syntax"
    ignored: ["examples"]
warning: the following keywords are unknown and will be ignored: [examples]
    level: "warning"
    schema: {"loadingURI":"#","pointer":"/items/properties/parcelas"}
    domain: "syntax"
    ignored: ["examples"]
warning: the following keywords are unknown and will be ignored: [examples]
    level: "warning"
    schema: {"loadingURI":"#","pointer":"/items/properties/seguro"}
    domain: "syntax"
    ignored: ["examples"]
warning: the following keywords are unknown and will be ignored: [examples]
    level: "warning"
    schema: {"loadingURI":"#","pointer":"/items/properties/valor"}
    domain: "syntax"
    ignored: ["examples"]
warning: the following keywords are unknown and will be ignored: [examples]
    level: "warning"
    schema: {"loadingURI":"#","pointer":"/items"}
    domain: "syntax"
    ignored: ["examples"]
warning: the following keywords are unknown and will be ignored: [examples]
    level: "warning"
    schema: {"loadingURI":"#","pointer":"/items/properties/cpf"}
    domain: "syntax"
    ignored: ["examples"]
warning: the following keywords are unknown and will be ignored: [examples]
    level: "warning"
    schema: {"loadingURI":"#","pointer":"/items/properties/email"}
    domain: "syntax"
    ignored: ["examples"]
warning: the following keywords are unknown and will be ignored: [examples]
    level: "warning"
    schema: {"loadingURI":"#","pointer":"/items/properties/id"}
    domain: "syntax"
    ignored: ["examples"]
warning: the following keywords are unknown and will be ignored: [examples]
    level: "warning"
    schema: {"loadingURI":"#","pointer":"/items/properties/nome"}
    domain: "syntax"
    ignored: ["examples"]
warning: the following keywords are unknown and will be ignored: [examples]
    level: "warning"
    schema: {"loadingURI":"#","pointer":"/items/properties/parcelas"}
    domain: "syntax"
    ignored: ["examples"]
warning: the following keywords are unknown and will be ignored: [examples]
    level: "warning"
    schema: {"loadingURI":"#","pointer":"/items/properties/seguro"}
    domain: "syntax"
    ignored: ["examples"]
warning: the following keywords are unknown and will be ignored: [examples]
    level: "warning"
    schema: {"loadingURI":"#","pointer":"/items/properties/valor"}
    domain: "syntax"
    ignored: ["examples"]
warning: the following keywords are unknown and will be ignored: [examples]
    level: "warning"
    schema: {"loadingURI":"#","pointer":"/items"}
    domain: "syntax"
    ignored: ["examples"]
warning: the following keywords are unknown and will be ignored: [examples]
    level: "warning"
    schema: {"loadingURI":"#","pointer":"/items/properties/cpf"}
    domain: "syntax"
    ignored: ["examples"]
warning: the following keywords are unknown and will be ignored: [examples]
    level: "warning"
    schema: {"loadingURI":"#","pointer":"/items/properties/email"}
    domain: "syntax"
    ignored: ["examples"]
warning: the following keywords are unknown and will be ignored: [examples]
    level: "warning"
    schema: {"loadingURI":"#","pointer":"/items/properties/id"}
    domain: "syntax"
    ignored: ["examples"]
warning: the following keywords are unknown and will be ignored: [examples]
    level: "warning"
    schema: {"loadingURI":"#","pointer":"/items/properties/nome"}
    domain: "syntax"
    ignored: ["examples"]
warning: the following keywords are unknown and will be ignored: [examples]
    level: "warning"
    schema: {"loadingURI":"#","pointer":"/items/properties/parcelas"}
    domain: "syntax"
    ignored: ["examples"]
warning: the following keywords are unknown and will be ignored: [examples]
    level: "warning"
    schema: {"loadingURI":"#","pointer":"/items/properties/seguro"}
    domain: "syntax"
    ignored: ["examples"]
warning: the following keywords are unknown and will be ignored: [examples]
    level: "warning"
    schema: {"loadingURI":"#","pointer":"/items/properties/valor"}
    domain: "syntax"
    ignored: ["examples"]
warning: the following keywords are unknown and will be ignored: [examples]
    level: "warning"
    schema: {"loadingURI":"#","pointer":"/items"}
    domain: "syntax"
    ignored: ["examples"]
warning: the following keywords are unknown and will be ignored: [examples]
    level: "warning"
    schema: {"loadingURI":"#","pointer":"/items/properties/cpf"}
    domain: "syntax"
    ignored: ["examples"]
warning: the following keywords are unknown and will be ignored: [examples]
    level: "warning"
    schema: {"loadingURI":"#","pointer":"/items/properties/email"}
    domain: "syntax"
    ignored: ["examples"]
warning: the following keywords are unknown and will be ignored: [examples]
    level: "warning"
    schema: {"loadingURI":"#","pointer":"/items/properties/id"}
    domain: "syntax"
    ignored: ["examples"]
warning: the following keywords are unknown and will be ignored: [examples]
    level: "warning"
    schema: {"loadingURI":"#","pointer":"/items/properties/nome"}
    domain: "syntax"
    ignored: ["examples"]
warning: the following keywords are unknown and will be ignored: [examples]
    level: "warning"
    schema: {"loadingURI":"#","pointer":"/items/properties/parcelas"}
    domain: "syntax"
    ignored: ["examples"]
warning: the following keywords are unknown and will be ignored: [examples]
    level: "warning"
    schema: {"loadingURI":"#","pointer":"/items/properties/seguro"}
    domain: "syntax"
    ignored: ["examples"]
warning: the following keywords are unknown and will be ignored: [examples]
    level: "warning"
    schema: {"loadingURI":"#","pointer":"/items/properties/valor"}
    domain: "syntax"
    ignored: ["examples"]
warning: the following keywords are unknown and will be ignored: [examples]
    level: "warning"
    schema: {"loadingURI":"#","pointer":"/items"}
    domain: "syntax"
    ignored: ["examples"]
warning: the following keywords are unknown and will be ignored: [examples]
    level: "warning"
    schema: {"loadingURI":"#","pointer":"/items/properties/cpf"}
    domain: "syntax"
    ignored: ["examples"]
warning: the following keywords are unknown and will be ignored: [examples]
    level: "warning"
    schema: {"loadingURI":"#","pointer":"/items/properties/email"}
    domain: "syntax"
    ignored: ["examples"]
warning: the following keywords are unknown and will be ignored: [examples]
    level: "warning"
    schema: {"loadingURI":"#","pointer":"/items/properties/id"}
    domain: "syntax"
    ignored: ["examples"]
warning: the following keywords are unknown and will be ignored: [examples]
    level: "warning"
    schema: {"loadingURI":"#","pointer":"/items/properties/nome"}
    domain: "syntax"
    ignored: ["examples"]
warning: the following keywords are unknown and will be ignored: [examples]
    level: "warning"
    schema: {"loadingURI":"#","pointer":"/items/properties/parcelas"}
    domain: "syntax"
    ignored: ["examples"]
warning: the following keywords are unknown and will be ignored: [examples]
    level: "warning"
    schema: {"loadingURI":"#","pointer":"/items/properties/seguro"}
    domain: "syntax"
    ignored: ["examples"]
warning: the following keywords are unknown and will be ignored: [examples]
    level: "warning"
    schema: {"loadingURI":"#","pointer":"/items/properties/valor"}
    domain: "syntax"
    ignored: ["examples"]
warning: the following keywords are unknown and will be ignored: [examples]
    level: "warning"
    schema: {"loadingURI":"#","pointer":"/items"}
    domain: "syntax"
    ignored: ["examples"]
warning: the following keywords are unknown and will be ignored: [examples]
    level: "warning"
    schema: {"loadingURI":"#","pointer":"/items/properties/cpf"}
    domain: "syntax"
    ignored: ["examples"]
warning: the following keywords are unknown and will be ignored: [examples]
    level: "warning"
    schema: {"loadingURI":"#","pointer":"/items/properties/email"}
    domain: "syntax"
    ignored: ["examples"]
warning: the following keywords are unknown and will be ignored: [examples]
    level: "warning"
    schema: {"loadingURI":"#","pointer":"/items/properties/id"}
    domain: "syntax"
    ignored: ["examples"]
warning: the following keywords are unknown and will be ignored: [examples]
    level: "warning"
    schema: {"loadingURI":"#","pointer":"/items/properties/nome"}
    domain: "syntax"
    ignored: ["examples"]
warning: the following keywords are unknown and will be ignored: [examples]
    level: "warning"
    schema: {"loadingURI":"#","pointer":"/items/properties/parcelas"}
    domain: "syntax"
    ignored: ["examples"]
warning: the following keywords are unknown and will be ignored: [examples]
    level: "warning"
    schema: {"loadingURI":"#","pointer":"/items/properties/seguro"}
    domain: "syntax"
    ignored: ["examples"]
warning: the following keywords are unknown and will be ignored: [examples]
    level: "warning"
    schema: {"loadingURI":"#","pointer":"/items/properties/valor"}
    domain: "syntax"
    ignored: ["examples"]
warning: the following keywords are unknown and will be ignored: [examples]
    level: "warning"
    schema: {"loadingURI":"#","pointer":"/items"}
    domain: "syntax"
    ignored: ["examples"]
warning: the following keywords are unknown and will be ignored: [examples]
    level: "warning"
    schema: {"loadingURI":"#","pointer":"/items/properties/cpf"}
    domain: "syntax"
    ignored: ["examples"]
warning: the following keywords are unknown and will be ignored: [examples]
    level: "warning"
    schema: {"loadingURI":"#","pointer":"/items/properties/email"}
    domain: "syntax"
    ignored: ["examples"]
warning: the following keywords are unknown and will be ignored: [examples]
    level: "warning"
    schema: {"loadingURI":"#","pointer":"/items/properties/id"}
    domain: "syntax"
    ignored: ["examples"]
warning: the following keywords are unknown and will be ignored: [examples]
    level: "warning"
    schema: {"loadingURI":"#","pointer":"/items/properties/nome"}
    domain: "syntax"
    ignored: ["examples"]
warning: the following keywords are unknown and will be ignored: [examples]
    level: "warning"
    schema: {"loadingURI":"#","pointer":"/items/properties/parcelas"}
    domain: "syntax"
    ignored: ["examples"]
warning: the following keywords are unknown and will be ignored: [examples]
    level: "warning"
    schema: {"loadingURI":"#","pointer":"/items/properties/seguro"}
    domain: "syntax"
    ignored: ["examples"]
warning: the following keywords are unknown and will be ignored: [examples]
    level: "warning"
    schema: {"loadingURI":"#","pointer":"/items/properties/valor"}
    domain: "syntax"
    ignored: ["examples"]
warning: the following keywords are unknown and will be ignored: [examples]
    level: "warning"
    schema: {"loadingURI":"#","pointer":"/items"}
    domain: "syntax"
    ignored: ["examples"]
warning: the following keywords are unknown and will be ignored: [examples]
    level: "warning"
    schema: {"loadingURI":"#","pointer":"/items/properties/cpf"}
    domain: "syntax"
    ignored: ["examples"]
warning: the following keywords are unknown and will be ignored: [examples]
    level: "warning"
    schema: {"loadingURI":"#","pointer":"/items/properties/email"}
    domain: "syntax"
    ignored: ["examples"]
warning: the following keywords are unknown and will be ignored: [examples]
    level: "warning"
    schema: {"loadingURI":"#","pointer":"/items/properties/id"}
    domain: "syntax"
    ignored: ["examples"]
warning: the following keywords are unknown and will be ignored: [examples]
    level: "warning"
    schema: {"loadingURI":"#","pointer":"/items/properties/nome"}
    domain: "syntax"
    ignored: ["examples"]
warning: the following keywords are unknown and will be ignored: [examples]
    level: "warning"
    schema: {"loadingURI":"#","pointer":"/items/properties/parcelas"}
    domain: "syntax"
    ignored: ["examples"]
warning: the following keywords are unknown and will be ignored: [examples]
    level: "warning"
    schema: {"loadingURI":"#","pointer":"/items/properties/seguro"}
    domain: "syntax"
    ignored: ["examples"]
warning: the following keywords are unknown and will be ignored: [examples]
    level: "warning"
    schema: {"loadingURI":"#","pointer":"/items/properties/valor"}
    domain: "syntax"
    ignored: ["examples"]
warning: the following keywords are unknown and will be ignored: [examples]
    level: "warning"
    schema: {"loadingURI":"#","pointer":"/items"}
    domain: "syntax"
    ignored: ["examples"]
warning: the following keywords are unknown and will be ignored: [examples]
    level: "warning"
    schema: {"loadingURI":"#","pointer":"/items/properties/cpf"}
    domain: "syntax"
    ignored: ["examples"]
warning: the following keywords are unknown and will be ignored: [examples]
    level: "warning"
    schema: {"loadingURI":"#","pointer":"/items/properties/email"}
    domain: "syntax"
    ignored: ["examples"]
warning: the following keywords are unknown and will be ignored: [examples]
    level: "warning"
    schema: {"loadingURI":"#","pointer":"/items/properties/id"}
    domain: "syntax"
    ignored: ["examples"]
warning: the following keywords are unknown and will be ignored: [examples]
    level: "warning"
    schema: {"loadingURI":"#","pointer":"/items/properties/nome"}
    domain: "syntax"
    ignored: ["examples"]
warning: the following keywords are unknown and will be ignored: [examples]
    level: "warning"
    schema: {"loadingURI":"#","pointer":"/items/properties/parcelas"}
    domain: "syntax"
    ignored: ["examples"]
warning: the following keywords are unknown and will be ignored: [examples]
    level: "warning"
    schema: {"loadingURI":"#","pointer":"/items/properties/seguro"}
    domain: "syntax"
    ignored: ["examples"]
warning: the following keywords are unknown and will be ignored: [examples]
    level: "warning"
    schema: {"loadingURI":"#","pointer":"/items/properties/valor"}
    domain: "syntax"
    ignored: ["examples"]
warning: the following keywords are unknown and will be ignored: [examples]
    level: "warning"
    schema: {"loadingURI":"#","pointer":"/items"}
    domain: "syntax"
    ignored: ["examples"]
warning: the following keywords are unknown and will be ignored: [examples]
    level: "warning"
    schema: {"loadingURI":"#","pointer":"/items/properties/cpf"}
    domain: "syntax"
    ignored: ["examples"]
warning: the following keywords are unknown and will be ignored: [examples]
    level: "warning"
    schema: {"loadingURI":"#","pointer":"/items/properties/email"}
    domain: "syntax"
    ignored: ["examples"]
warning: the following keywords are unknown and will be ignored: [examples]
    level: "warning"
    schema: {"loadingURI":"#","pointer":"/items/properties/id"}
    domain: "syntax"
    ignored: ["examples"]
warning: the following keywords are unknown and will be ignored: [examples]
    level: "warning"
    schema: {"loadingURI":"#","pointer":"/items/properties/nome"}
    domain: "syntax"
    ignored: ["examples"]
warning: the following keywords are unknown and will be ignored: [examples]
    level: "warning"
    schema: {"loadingURI":"#","pointer":"/items/properties/parcelas"}
    domain: "syntax"
    ignored: ["examples"]
warning: the following keywords are unknown and will be ignored: [examples]
    level: "warning"
    schema: {"loadingURI":"#","pointer":"/items/properties/seguro"}
    domain: "syntax"
    ignored: ["examples"]
warning: the following keywords are unknown and will be ignored: [examples]
    level: "warning"
    schema: {"loadingURI":"#","pointer":"/items/properties/valor"}
    domain: "syntax"
    ignored: ["examples"]
warning: the following keywords are unknown and will be ignored: [examples]
    level: "warning"
    schema: {"loadingURI":"#","pointer":"/items"}
    domain: "syntax"
    ignored: ["examples"]
warning: the following keywords are unknown and will be ignored: [examples]
    level: "warning"
    schema: {"loadingURI":"#","pointer":"/items/properties/cpf"}
    domain: "syntax"
    ignored: ["examples"]
warning: the following keywords are unknown and will be ignored: [examples]
    level: "warning"
    schema: {"loadingURI":"#","pointer":"/items/properties/email"}
    domain: "syntax"
    ignored: ["examples"]
warning: the following keywords are unknown and will be ignored: [examples]
    level: "warning"
    schema: {"loadingURI":"#","pointer":"/items/properties/id"}
    domain: "syntax"
    ignored: ["examples"]
warning: the following keywords are unknown and will be ignored: [examples]
    level: "warning"
    schema: {"loadingURI":"#","pointer":"/items/properties/nome"}
    domain: "syntax"
    ignored: ["examples"]
warning: the following keywords are unknown and will be ignored: [examples]
    level: "warning"
    schema: {"loadingURI":"#","pointer":"/items/properties/parcelas"}
    domain: "syntax"
    ignored: ["examples"]
warning: the following keywords are unknown and will be ignored: [examples]
    level: "warning"
    schema: {"loadingURI":"#","pointer":"/items/properties/seguro"}
    domain: "syntax"
    ignored: ["examples"]
warning: the following keywords are unknown and will be ignored: [examples]
    level: "warning"
    schema: {"loadingURI":"#","pointer":"/items/properties/valor"}
    domain: "syntax"
    ignored: ["examples"]
warning: the following keywords are unknown and will be ignored: [examples]
    level: "warning"
    schema: {"loadingURI":"#","pointer":"/items"}
    domain: "syntax"
    ignored: ["examples"]
warning: the following keywords are unknown and will be ignored: [examples]
    level: "warning"
    schema: {"loadingURI":"#","pointer":"/items/properties/cpf"}
    domain: "syntax"
    ignored: ["examples"]
warning: the following keywords are unknown and will be ignored: [examples]
    level: "warning"
    schema: {"loadingURI":"#","pointer":"/items/properties/email"}
    domain: "syntax"
    ignored: ["examples"]
warning: the following keywords are unknown and will be ignored: [examples]
    level: "warning"
    schema: {"loadingURI":"#","pointer":"/items/properties/id"}
    domain: "syntax"
    ignored: ["examples"]
warning: the following keywords are unknown and will be ignored: [examples]
    level: "warning"
    schema: {"loadingURI":"#","pointer":"/items/properties/nome"}
    domain: "syntax"
    ignored: ["examples"]
warning: the following keywords are unknown and will be ignored: [examples]
    level: "warning"
    schema: {"loadingURI":"#","pointer":"/items/properties/parcelas"}
    domain: "syntax"
    ignored: ["examples"]
warning: the following keywords are unknown and will be ignored: [examples]
    level: "warning"
    schema: {"loadingURI":"#","pointer":"/items/properties/seguro"}
    domain: "syntax"
    ignored: ["examples"]
warning: the following keywords are unknown and will be ignored: [examples]
    level: "warning"
    schema: {"loadingURI":"#","pointer":"/items/properties/valor"}
    domain: "syntax"
    ignored: ["examples"]
warning: the following keywords are unknown and will be ignored: [examples]
    level: "warning"
    schema: {"loadingURI":"#","pointer":"/items"}
    domain: "syntax"
    ignored: ["examples"]
warning: the following keywords are unknown and will be ignored: [examples]
    level: "warning"
    schema: {"loadingURI":"#","pointer":"/items/properties/cpf"}
    domain: "syntax"
    ignored: ["examples"]
warning: the following keywords are unknown and will be ignored: [examples]
    level: "warning"
    schema: {"loadingURI":"#","pointer":"/items/properties/email"}
    domain: "syntax"
    ignored: ["examples"]
warning: the following keywords are unknown and will be ignored: [examples]
    level: "warning"
    schema: {"loadingURI":"#","pointer":"/items/properties/id"}
    domain: "syntax"
    ignored: ["examples"]
warning: the following keywords are unknown and will be ignored: [examples]
    level: "warning"
    schema: {"loadingURI":"#","pointer":"/items/properties/nome"}
    domain: "syntax"
    ignored: ["examples"]
warning: the following keywords are unknown and will be ignored: [examples]
    level: "warning"
    schema: {"loadingURI":"#","pointer":"/items/properties/parcelas"}
    domain: "syntax"
    ignored: ["examples"]
warning: the following keywords are unknown and will be ignored: [examples]
    level: "warning"
    schema: {"loadingURI":"#","pointer":"/items/properties/seguro"}
    domain: "syntax"
    ignored: ["examples"]
warning: the following keywords are unknown and will be ignored: [examples]
    level: "warning"
    schema: {"loadingURI":"#","pointer":"/items/properties/valor"}
    domain: "syntax"
    ignored: ["examples"]

     but: was "[{\"id\":11,\"nome\":\"Fulano\",\"cpf\":\"66414919004\",\"email\":\"fulano@gmail.com\",\"valor\":11000.00,\"parcelas\":3,\"seguro\":true},{\"id\":12,\"nome\":\"Deltrano\",\"cpf\":\"17822386034\",\"email\":\"deltrano@gmail.com\",\"valor\":20000.00,\"parcelas\":5,\"seguro\":false},{\"id\":13,\"nome\":\"Vitória\",\"cpf\":\"6841441051\",\"email\":\"luiz.ornelas@gmail.com\",\"valor\":31042.00,\"parcelas\":17,\"seguro\":false},{\"id\":14,\"nome\":\"Juliana\",\"cpf\":\"7036488180\",\"email\":\"enzothiago.bernardes@bol.com.br\",\"valor\":8112.00,\"parcelas\":18,\"seguro\":true},{\"id\":15,\"nome\":\"Félix\",\"cpf\":\"0385571487\",\"email\":\"livia.junqueira@yahoo.com\",\"valor\":10494.00,\"parcelas\":14,\"seguro\":false},{\"id\":16,\"nome\":\"Lorenzo\",\"cpf\":\"2513052655\",\"email\":\"luana.tavares@bol.com.br\",\"valor\":32795.00,\"parcelas\":13,\"seguro\":false},{\"id\":20,\"nome\":\"asdasd\",\"cpf\":\"123124\",\"email\":\"123123@gmail.com\",\"valor\":3222.00,\"parcelas\":5,\"seguro\":false},{\"id\":21,\"nome\":\"Giovanna\",\"cpf\":\"7735758668\",\"email\":\"maya.lima@hotmail.com\",\"valor\":38646.00,\"parcelas\":34,\"seguro\":true},{\"id\":22,\"nome\":\"Maria\",\"cpf\":\"6718226882\",\"email\":\"mercia.galego@live.com\",\"valor\":7037.00,\"parcelas\":25,\"seguro\":false},{\"id\":23,\"nome\":\"Tertuliano\",\"cpf\":\"7041547751\",\"email\":\"luizgustavo.dafronteira@live.com\",\"valor\":9950.00,\"parcelas\":29,\"seguro\":false},{\"id\":24,\"nome\":\"Valentina\",\"cpf\":\"6388670512\",\"email\":\"analaura.conceicao@bol.com.br\",\"valor\":37740.00,\"parcelas\":26,\"seguro\":true},{\"id\":25,\"nome\":\"Luiz Gustavo\",\"cpf\":\"7603238737\",\"email\":\"ofelia.damata@live.com\",\"valor\":30830.00,\"parcelas\":46,\"seguro\":true},{\"id\":26,\"nome\":\"Alice\",\"cpf\":\"7514383733\",\"email\":\"natalia.cerqueira@hotmail.com\",\"valor\":21665.00,\"parcelas\":37,\"seguro\":false},{\"id\":27,\"nome\":\"Augusto\",\"cpf\":\"0631867154\",\"email\":\"bruna.soares@yahoo.com\",\"valor\":35513.00,\"parcelas\":27,\"seguro\":false},{\"id\":28,\"nome\":\"Maria\",\"cpf\":\"6248486828\",\"email\":\"marcia.barbosa@yahoo.com\",\"valor\":22696.00,\"parcelas\":16,\"seguro\":true},{\"id\":29,\"nome\":\"Heloísa\",\"cpf\":\"4061120415\",\"email\":\"thomas.pinheira@live.com\",\"valor\":34430.00,\"parcelas\":34,\"seguro\":true},{\"id\":30,\"nome\":\"Louise\",\"cpf\":\"7823170222\",\"email\":\"roberto.bomdia@bol.com.br\",\"valor\":14171.00,\"parcelas\":47,\"seguro\":true},{\"id\":31,\"nome\":\"Warley\",\"cpf\":\"0548558172\",\"email\":\"aurora.solimoes@yahoo.com\",\"valor\":13063.00,\"parcelas\":19,\"seguro\":true},{\"id\":32,\"nome\":\"Maria Eduarda\",\"cpf\":\"7068131532\",\"email\":\"clara.brum@bol.com.br\",\"valor\":8047.00,\"parcelas\":39,\"seguro\":true},{\"id\":33,\"nome\":\"Ana\",\"cpf\":\"8758837062\",\"email\":\"luan.desa@live.com\",\"valor\":36840.00,\"parcelas\":46,\"seguro\":true},{\"id\":34,\"nome\":\"Ofélia\",\"cpf\":\"5673000440\",\"email\":\"luizotavio.castro@live.com\",\"valor\":13812.00,\"parcelas\":16,\"seguro\":true},{\"id\":35,\"nome\":\"Frederico\",\"cpf\":\"7337502622\",\"email\":\"mathias.meireles@yahoo.com\",\"valor\":2173.00,\"parcelas\":31,\"seguro\":true},{\"id\":36,\"nome\":\"Bryan\",\"cpf\":\"5261726360\",\"email\":\"antonio.campos@bol.com.br\",\"valor\":2093.00,\"parcelas\":30,\"seguro\":true},{\"id\":37,\"nome\":\"Feliciano\",\"cpf\":\"1137333515\",\"email\":\"alessandro.garces@gmail.com\",\"valor\":2939.00,\"parcelas\":35,\"seguro\":true},{\"id\":38,\"nome\":\"Vitor\",\"cpf\":\"0761774405\",\"email\":\"joao.siqueiro@gmail.com\",\"valor\":2190.00,\"parcelas\":38,\"seguro\":true},{\"id\":39,\"nome\":\"Eduardo\",\"cpf\":\"7780513307\",\"email\":\"marcia.hermingues@bol.com.br\",\"valor\":2347.00,\"parcelas\":37,\"seguro\":true},{\"id\":40,\"nome\":\"Margarida\",\"cpf\":\"5387203682\",\"email\":\"olivia.caldas@bol.com.br\",\"valor\":2819.00,\"parcelas\":36,\"seguro\":true},{\"id\":41,\"nome\":\"Davi Lucca\",\"cpf\":\"4702882702\",\"email\":\"davimiguel.braga@hotmail.com\",\"valor\":2672.00,\"parcelas\":31,\"seguro\":true},{\"id\":42,\"nome\":\"Fulano de Tal\",\"cpf\":\"97093.3060.14\",\"email\":\"email@email.com\",\"valor\":2455.00,\"parcelas\":2,\"seguro\":true},{\"id\":44,\"nome\":\"Gael\",\"cpf\":\"3118146754\",\"email\":\"heitor.roriz@hotmail.com\",\"valor\":2627.00,\"parcelas\":49,\"seguro\":true},{\"id\":45,\"nome\":\"Felipe\",\"cpf\":\"5260235858\",\"email\":\"sara.espinhosa@yahoo.com\",\"valor\":2700.00,\"parcelas\":31,\"seguro\":true},{\"id\":46,\"nome\":\"Calebe\",\"cpf\":\"3055072466\",\"email\":\"davimiguel.dafonseca@yahoo.com\",\"valor\":2812.00,\"parcelas\":2,\"seguro\":true},{\"id\":47,\"nome\":\"Vicente\",\"cpf\":\"5534163264\",\"email\":\"eloah.solimoes@hotmail.com\",\"valor\":999.00,\"parcelas\":34,\"seguro\":true},{\"id\":48,\"nome\":\"Elisa\",\"cpf\":\"5106435311\",\"email\":\"felix.desa@live.com\",\"valor\":2908.00,\"parcelas\":48,\"seguro\":true},{\"id\":49,\"nome\":\"Louise\",\"cpf\":\"123.456.789-10\",\"email\":\"davilucca.soares@hotmail.com\",\"valor\":2842.00,\"parcelas\":31,\"seguro\":true},{\"id\":50,\"nome\":\"Ana Júlia\",\"cpf\":\"5661384012\",\"email\":\"arthurmiguel.fernandes@gmail.com\",\"valor\":10000.00,\"parcelas\":33,\"seguro\":true},{\"id\":52,\"nome\":\"Arthur Gabriel\",\"cpf\":\"0700386534\",\"email\":\"barbara.bentes@yahoo.com\",\"valor\":40000.00,\"parcelas\":38,\"seguro\":true},{\"id\":54,\"nome\":\"Davi\",\"cpf\":\"8432558201\",\"email\":\"giovanna.ribeira@gmail.com\",\"valor\":2726.00,\"parcelas\":31,\"seguro\":true},{\"id\":56,\"nome\":\"Augusto\",\"cpf\":\"5573364842\",\"email\":\"clara.peres@live.com\",\"valor\":2555.00,\"parcelas\":31,\"seguro\":true},{\"id\":58,\"nome\":\"Luiza\",\"cpf\":\"0473048488\",\"email\":\"mariaeduarda.alvares@yahoo.com\",\"valor\":2457.00,\"parcelas\":34,\"seguro\":true},{\"id\":61,\"nome\":\"Suélen\",\"cpf\":\"7247300850\",\"email\":\"sophia.cruz@hotmail.com\",\"valor\":2443.00,\"parcelas\":37,\"seguro\":true},{\"id\":63,\"nome\":\"Melissa\",\"cpf\":\"2101764156\",\"email\":\"allana.simoes@live.com\",\"valor\":2966.00,\"parcelas\":30,\"seguro\":true},{\"id\":67,\"nome\":\"Bianca\",\"cpf\":\"1628637865\",\"email\":\"joao.albuquerque@live.com\",\"valor\":2688.00,\"parcelas\":30,\"seguro\":true},{\"id\":68,\"nome\":\"Enzo Gabriel\",\"cpf\":\"6057172447\",\"email\":\"marialaura.dasneves@hotmail.com\",\"valor\":2321.00,\"parcelas\":39,\"seguro\":true},{\"id\":70,\"nome\":\"Thomas\",\"cpf\":\"6518254452\",\"email\":\"joaoguilherme.galego@hotmail.com\",\"valor\":2711.00,\"parcelas\":35,\"seguro\":true},{\"id\":72,\"nome\":\"Emanuel\",\"cpf\":\"3731678584\",\"email\":\"joaoguilherme.roseira@yahoo.com\",\"valor\":2952.00,\"parcelas\":49,\"seguro\":true},{\"id\":73,\"nome\":\"Vitor\",\"cpf\":\"7354321061\",\"email\":\"tomas.crespo@hotmail.com\",\"valor\":2155.00,\"parcelas\":35,\"seguro\":true},{\"id\":74,\"nome\":\"Ana Luiza\",\"cpf\":\"4427277066\",\"email\":\"olivia.novaes@bol.com.br\",\"valor\":2901.00,\"parcelas\":2,\"seguro\":true},{\"id\":76,\"nome\":\"André\",\"cpf\":\"6435350553\",\"email\":\"isabel.coqueiro@bol.com.br\",\"valor\":999.00,\"parcelas\":32,\"seguro\":true},{\"id\":77,\"nome\":\"Vinícius\",\"cpf\":\"7440612318\",\"email\":\"marcia.brum@bol.com.br\",\"valor\":2284.00,\"parcelas\":48,\"seguro\":true},{\"id\":79,\"nome\":\"Laura\",\"cpf\":\"0102668302\",\"email\":\"tertuliano.quarteira@gmail.com\",\"valor\":10000.00,\"parcelas\":34,\"seguro\":true},{\"id\":81,\"nome\":\"Clara\",\"cpf\":\"3736330813\",\"email\":\"joao.dapaz@yahoo.com\",\"valor\":40000.00,\"parcelas\":33,\"seguro\":true},{\"id\":83,\"nome\":\"Maria Sophia\",\"cpf\":\"7547504058\",\"email\":\"marcelo.siqueira@bol.com.br\",\"valor\":2729.00,\"parcelas\":32,\"seguro\":true},{\"id\":84,\"nome\":\"Maria Laura\",\"cpf\":\"5762432701\",\"email\":\"arthurmiguel.simoes@live.com\",\"valor\":2665.00,\"parcelas\":33,\"seguro\":true},{\"id\":86,\"nome\":\"Elísio\",\"cpf\":\"0728753648\",\"email\":\"ofelia.mendes@live.com\",\"valor\":2138.00,\"parcelas\":49,\"seguro\":true},{\"id\":87,\"nome\":\"Eduardo\",\"cpf\":\"7441048070\",\"email\":\"pedrolucas.pereira@bol.com.br\",\"valor\":2282.00,\"parcelas\":34,\"seguro\":true},{\"id\":88,\"nome\":\"Janaína\",\"cpf\":\"2102807367\",\"email\":\"tiago.dacruz@hotmail.com\",\"valor\":2426.00,\"parcelas\":2,\"seguro\":true},{\"id\":90,\"nome\":\"João Luca\",\"cpf\":\"8072323531\",\"email\":\"marcia.deassuncao@yahoo.com\",\"valor\":999.00,\"parcelas\":33,\"seguro\":true},{\"id\":91,\"nome\":\"Nicolas\",\"cpf\":\"1777261313\",\"email\":\"salvador.cabreira@live.com\",\"valor\":2354.00,\"parcelas\":48,\"seguro\":true},{\"id\":93,\"nome\":\"Theo\",\"cpf\":\"3202224050\",\"email\":\"yuri.figueira@hotmail.com\",\"valor\":10000.00,\"parcelas\":31,\"seguro\":true},{\"id\":95,\"nome\":\"Gúbio\",\"cpf\":\"8350353845\",\"email\":\"elisa.vasques@bol.com.br\",\"valor\":40000.00,\"parcelas\":32,\"seguro\":true},{\"id\":97,\"nome\":\"Ryan\",\"cpf\":\"6880563553\",\"email\":\"fernando.martins@hotmail.com\",\"valor\":2469.00,\"parcelas\":37,\"seguro\":true},{\"id\":108,\"nome\":\"Meire\",\"cpf\":\"8303150614\",\"email\":\"daniel.custodio@live.com\",\"valor\":2257.00,\"parcelas\":34,\"seguro\":true},{\"id\":109,\"nome\":\"Heloísa\",\"cpf\":\"0186137315\",\"email\":\"caua.fontes@yahoo.com\",\"valor\":2575.00,\"parcelas\":36,\"seguro\":true},{\"id\":111,\"nome\":\"Arthur Miguel\",\"cpf\":\"5075522622\",\"email\":\"raul.caseira@gmail.com\",\"valor\":2608.00,\"parcelas\":49,\"seguro\":true},{\"id\":112,\"nome\":\"Pedro\",\"cpf\":\"6063221407\",\"email\":\"dalila.dantas@gmail.com\",\"valor\":2765.00,\"parcelas\":39,\"seguro\":true},{\"id\":113,\"nome\":\"Enzo Gabriel\",\"cpf\":\"0588520346\",\"email\":\"otavio.assumpcao@gmail.com\",\"valor\":2727.00,\"parcelas\":2,\"seguro\":true},{\"id\":115,\"nome\":\"Arthur\",\"cpf\":\"4485278877\",\"email\":\"antonio.sanches@live.com\",\"valor\":999.00,\"parcelas\":33,\"seguro\":true},{\"id\":116,\"nome\":\"José\",\"cpf\":\"5028436680\",\"email\":\"victor.meireles@live.com\",\"valor\":2288.00,\"parcelas\":48,\"seguro\":true},{\"id\":118,\"nome\":\"Fernanda\",\"cpf\":\"8805225465\",\"email\":\"aline.dafonseca@gmail.com\",\"valor\":10000.00,\"parcelas\":35,\"seguro\":true},{\"id\":120,\"nome\":\"Samuel\",\"cpf\":\"2458765574\",\"email\":\"oliver.sais@hotmail.com\",\"valor\":40000.00,\"parcelas\":32,\"seguro\":true},{\"id\":122,\"nome\":\"Gabrielly\",\"cpf\":\"3863746231\",\"email\":\"mathias.almada@bol.com.br\",\"valor\":2405.00,\"parcelas\":36,\"seguro\":true},{\"id\":123,\"nome\":\"Valentina\",\"cpf\":\"0137505063\",\"email\":\"yuri.rolim@bol.com.br\",\"valor\":2818.00,\"parcelas\":33,\"seguro\":true},{\"id\":124,\"nome\":\"Hélio\",\"cpf\":\"4503004783\",\"email\":\"raul.delins@bol.com.br\",\"valor\":2175.00,\"parcelas\":36,\"seguro\":true},{\"id\":125,\"nome\":\"Thiago\",\"cpf\":\"0644377374\",\"email\":\"mariaclara.rezende@gmail.com\",\"valor\":2024.00,\"parcelas\":32,\"seguro\":true},{\"id\":126,\"nome\":\"Alessandro\",\"cpf\":\"0202350818\",\"email\":\"victor.corte@yahoo.com\",\"valor\":2108.00,\"parcelas\":37,\"seguro\":true},{\"id\":127,\"nome\":\"Margarida\",\"cpf\":\"7802463554\",\"email\":\"mariaflor.paiva@bol.com.br\",\"valor\":2392.00,\"parcelas\":49,\"seguro\":true},{\"id\":128,\"nome\":\"Arthur Henrique\",\"cpf\":\"0116811720\",\"email\":\"tertuliano.bulhoes@gmail.com\",\"valor\":2606.00,\"parcelas\":2,\"seguro\":true},{\"id\":129,\"nome\":\"João Samuel\",\"cpf\":\"1604037562\",\"email\":\"margarida.velasques@hotmail.com\",\"valor\":2240.00,\"parcelas\":49,\"seguro\":true},{\"id\":130,\"nome\":\"Ofélia\",\"cpf\":\"1571648013\",\"email\":\"lorraine.ferraco@yahoo.com\",\"valor\":2905.00,\"parcelas\":2,\"seguro\":true},{\"id\":131,\"nome\":\"Eloah\",\"cpf\":\"0013041541\",\"email\":\"mariasophia.lobos@gmail.com\",\"valor\":2798.00,\"parcelas\":32,\"seguro\":true},{\"id\":132,\"nome\":\"Oliver\",\"cpf\":\"2324243170\",\"email\":\"mariaflor.longuinho@hotmail.com\",\"valor\":2021.00,\"parcelas\":33,\"seguro\":true},{\"id\":133,\"nome\":\"Rafael\",\"cpf\":\"7183576720\",\"email\":\"eduarda.cachoeira@hotmail.com\",\"valor\":2130.00,\"parcelas\":30,\"seguro\":true},{\"id\":134,\"nome\":\"Ana Cecília\",\"cpf\":\"5444744411\",\"email\":\"levi.bernardes@live.com\",\"valor\":2883.00,\"parcelas\":32,\"seguro\":true},{\"id\":135,\"nome\":\"Kléber\",\"cpf\":\"8867688427\",\"email\":\"mariaclara.diegues@hotmail.com\",\"valor\":2307.00,\"parcelas\":34,\"seguro\":true},{\"id\":136,\"nome\":\"Igor\",\"cpf\":\"0413042106\",\"email\":\"allana.braga@hotmail.com\",\"valor\":2287.00,\"parcelas\":38,\"seguro\":true},{\"id\":137,\"nome\":\"Antonella\",\"cpf\":\"2055525820\",\"email\":\"hugo.deborba@bol.com.br\",\"valor\":2509.00,\"parcelas\":49,\"seguro\":true},{\"id\":138,\"nome\":\"Camila\",\"cpf\":\"2324227575\",\"email\":\"pedromiguel.alves@bol.com.br\",\"valor\":2442.00,\"parcelas\":2,\"seguro\":true},{\"id\":139,\"nome\":\"Isabela\",\"cpf\":\"6035726687\",\"email\":\"mariavitoria.quarteira@bol.com.br\",\"valor\":2328.00,\"parcelas\":33,\"seguro\":true},{\"id\":140,\"nome\":\"Caio\",\"cpf\":\"7357817263\",\"email\":\"lorraine.batista@yahoo.com\",\"valor\":2488.00,\"parcelas\":49,\"seguro\":true},{\"id\":141,\"nome\":\"Igor\",\"cpf\":\"0508123864\",\"email\":\"vinicius.guedes@yahoo.com\",\"valor\":2528.00,\"parcelas\":31,\"seguro\":true},{\"id\":142,\"nome\":\"Olívia\",\"cpf\":\"3422043725\",\"email\":\"mariana.castanho@gmail.com\",\"valor\":2374.00,\"parcelas\":34,\"seguro\":true},{\"id\":143,\"nome\":\"Clarice\",\"cpf\":\"7356805614\",\"email\":\"carolina.dorneles@live.com\",\"valor\":2486.00,\"parcelas\":31,\"seguro\":true},{\"id\":144,\"nome\":\"Yasmin\",\"cpf\":\"2842468503\",\"email\":\"pedrohenrique.almeida@yahoo.com\",\"valor\":2598.00,\"parcelas\":37,\"seguro\":true},{\"id\":145,\"nome\":\"Yango\",\"cpf\":\"0325642250\",\"email\":\"davilucas.galego@live.com\",\"valor\":2864.00,\"parcelas\":34,\"seguro\":true},{\"id\":146,\"nome\":\"Ana Beatriz\",\"cpf\":\"5653553870\",\"email\":\"lavinia.bonfim@yahoo.com\",\"valor\":2736.00,\"parcelas\":35,\"seguro\":true},{\"id\":147,\"nome\":\"Oliver\",\"cpf\":\"3680375381\",\"email\":\"gubio.cardoso@gmail.com\",\"valor\":2340.00,\"parcelas\":30,\"seguro\":true},{\"id\":148,\"nome\":\"Catarina\",\"cpf\":\"6534056514\",\"email\":\"maya.carvalho@yahoo.com\",\"valor\":2084.00,\"parcelas\":49,\"seguro\":true},{\"id\":149,\"nome\":\"Ana Beatriz\",\"cpf\":\"7566632710\",\"email\":\"elisa.carneiro@hotmail.com\",\"valor\":2012.00,\"parcelas\":32,\"seguro\":true},{\"id\":150,\"nome\":\"Pedro Tobias\",\"cpf\":\"4662421812\",\"email\":\"larissa.solimoes@bol.com.br\",\"valor\":2271.00,\"parcelas\":49,\"seguro\":true},{\"id\":151,\"nome\":\"Henry\",\"cpf\":\"3150240652\",\"email\":\"pablo.castro@live.com\",\"valor\":2870.00,\"parcelas\":30,\"seguro\":true},{\"id\":152,\"nome\":\"Isabella\",\"cpf\":\"0072233230\",\"email\":\"washington.menendes@bol.com.br\",\"valor\":2524.00,\"parcelas\":49,\"seguro\":true},{\"id\":153,\"nome\":\"Kaique\",\"cpf\":\"6110311367\",\"email\":\"paula.barreto@hotmail.com\",\"valor\":2103.00,\"parcelas\":30,\"seguro\":true},{\"id\":154,\"nome\":\"Heitor\",\"cpf\":\"7464607307\",\"email\":\"eduardo.lopes@hotmail.com\",\"valor\":2069.00,\"parcelas\":49,\"seguro\":true},{\"id\":155,\"nome\":\"Ígor\",\"cpf\":\"1725674112\",\"email\":\"enzogabriel.bentes@live.com\",\"valor\":2196.00,\"parcelas\":34,\"seguro\":true},{\"id\":156,\"nome\":\"Louise\",\"cpf\":\"7025774356\",\"email\":\"sara.chaves@yahoo.com\",\"valor\":2905.00,\"parcelas\":49,\"seguro\":true},{\"id\":157,\"nome\":\"Isis\",\"cpf\":\"2780774073\",\"email\":\"allana.diegues@live.com\",\"valor\":2393.00,\"parcelas\":36,\"seguro\":true},{\"id\":158,\"nome\":\"Yango\",\"cpf\":\"2376230668\",\"email\":\"theo.damota@bol.com.br\",\"valor\":2247.00,\"parcelas\":33,\"seguro\":true},{\"id\":159,\"nome\":\"João\",\"cpf\":\"7732481170\",\"email\":\"pietro.damata@yahoo.com\",\"valor\":2341.00,\"parcelas\":49,\"seguro\":true},{\"id\":160,\"nome\":\"Isabela\",\"cpf\":\"6335741816\",\"email\":\"mariaalice.siqueira@bol.com.br\",\"valor\":2179.00,\"parcelas\":33,\"seguro\":true},{\"id\":161,\"nome\":\"Juliana\",\"cpf\":\"2874525536\",\"email\":\"maria.leiria@live.com\",\"valor\":2133.00,\"parcelas\":49,\"seguro\":true},{\"id\":162,\"nome\":\"Nicolas\",\"cpf\":\"3313241535\",\"email\":\"daniel.marins@bol.com.br\",\"valor\":2557.00,\"parcelas\":32,\"seguro\":true},{\"id\":163,\"nome\":\"Paula\",\"cpf\":\"5267674650\",\"email\":\"enzomiguel.sais@bol.com.br\",\"valor\":2310.00,\"parcelas\":30,\"seguro\":true},{\"id\":164,\"nome\":\"Erick\",\"cpf\":\"3446455862\",\"email\":\"marcelo.castanho@yahoo.com\",\"valor\":2510.00,\"parcelas\":2,\"seguro\":true},{\"id\":165,\"nome\":\"Giovanna\",\"cpf\":\"2023627806\",\"email\":\"camila.madeira@yahoo.com\",\"valor\":2189.00,\"parcelas\":39,\"seguro\":true},{\"id\":166,\"nome\":\"Davi Lucca\",\"cpf\":\"5046711433\",\"email\":\"isabelly.munhoz@bol.com.br\",\"valor\":2551.00,\"parcelas\":32,\"seguro\":true},{\"id\":167,\"nome\":\"Nathan\",\"cpf\":\"1343274662\",\"email\":\"luizmiguel.longuinho@gmail.com\",\"valor\":2664.00,\"parcelas\":30,\"seguro\":true},{\"id\":168,\"nome\":\"Tiago\",\"cpf\":\"3430823025\",\"email\":\"alice.macedo@gmail.com\",\"valor\":2732.00,\"parcelas\":35,\"seguro\":true},{\"id\":169,\"nome\":\"Vitória\",\"cpf\":\"0055024438\",\"email\":\"valentina.bentes@gmail.com\",\"valor\":2120.00,\"parcelas\":38,\"seguro\":true},{\"id\":170,\"nome\":\"Alice\",\"cpf\":\"5402104206\",\"email\":\"roberta.cruz@bol.com.br\",\"valor\":2527.00,\"parcelas\":48,\"seguro\":true},{\"id\":171,\"nome\":\"Isabelly\",\"cpf\":\"1308706254\",\"email\":\"enzomiguel.deborba@hotmail.com\",\"valor\":2015.00,\"parcelas\":34,\"seguro\":true},{\"id\":172,\"nome\":\"João Lucas\",\"cpf\":\"7881034104\",\"email\":\"carolina.diegues@bol.com.br\",\"valor\":2962.00,\"parcelas\":34,\"seguro\":true},{\"id\":173,\"nome\":\"Antônio\",\"cpf\":\"2058266748\",\"email\":\"fabricio.matoso@gmail.com\",\"valor\":2610.00,\"parcelas\":30,\"seguro\":true},{\"id\":174,\"nome\":\"Sara\",\"cpf\":\"1804173087\",\"email\":\"murilo.domingues@gmail.com\",\"valor\":2469.00,\"parcelas\":39,\"seguro\":true},{\"id\":175,\"nome\":\"Kléber\",\"cpf\":\"4022150123\",\"email\":\"rafael.barbosa@live.com\",\"valor\":2101.00,\"parcelas\":36,\"seguro\":true},{\"id\":176,\"nome\":\"Suélen\",\"cpf\":\"0563372733\",\"email\":\"bryan.pires@bol.com.br\",\"valor\":2594.00,\"parcelas\":39,\"seguro\":true},{\"id\":177,\"nome\":\"Francisca\",\"cpf\":\"5360287483\",\"email\":\"aline.antena@yahoo.com\",\"valor\":2444.00,\"parcelas\":30,\"seguro\":true},{\"id\":178,\"nome\":\"Catarina\",\"cpf\":\"5884885305\",\"email\":\"mariahelena.carneiro@bol.com.br\",\"valor\":2765.00,\"parcelas\":37,\"seguro\":true},{\"id\":179,\"nome\":\"Murilo\",\"cpf\":\"6175681747\",\"email\":\"eduarda.danobrega@yahoo.com\",\"valor\":2207.00,\"parcelas\":35,\"seguro\":true},{\"id\":180,\"nome\":\"Júlia\",\"cpf\":\"0118736334\",\"email\":\"livia.meira@live.com\",\"valor\":2676.00,\"parcelas\":35,\"seguro\":true},{\"id\":181,\"nome\":\"João Pedro\",\"cpf\":\"0145744070\",\"email\":\"luna.deborba@bol.com.br\",\"valor\":2539.00,\"parcelas\":32,\"seguro\":true},{\"id\":182,\"nome\":\"Roberto\",\"cpf\":\"7868117844\",\"email\":\"gubio.fernandes@yahoo.com\",\"valor\":2110.00,\"parcelas\":36,\"seguro\":true},{\"id\":183,\"nome\":\"Ana Sophia\",\"cpf\":\"2062524731\",\"email\":\"mariasophia.campos@gmail.com\",\"valor\":2297.00,\"parcelas\":33,\"seguro\":true},{\"id\":184,\"nome\":\"Rafaela\",\"cpf\":\"653.455.785-60\",\"email\":\"analivia.monteira@bol.com.br\",\"valor\":2276.00,\"parcelas\":39,\"seguro\":true},{\"id\":185,\"nome\":\"André\",\"cpf\":\"4013075455\",\"email\":\"pedro.coutinho@live.com\",\"valor\":2577.00,\"parcelas\":32,\"seguro\":true},{\"id\":186,\"nome\":\"André\",\"cpf\":\"808.353.785-41\",\"email\":\"lavinia.fernandes@hotmail.com\",\"valor\":2358.00,\"parcelas\":34,\"seguro\":true},{\"id\":187,\"nome\":\"Mathias\",\"cpf\":\"2034062583\",\"email\":\"ian.carneiro@bol.com.br\",\"valor\":2600.00,\"parcelas\":37,\"seguro\":true},{\"id\":188,\"nome\":\"Lucas Gabriel\",\"cpf\":\"1073575580\",\"email\":\"luizotavio.coutinho@bol.com.br\",\"valor\":2691.00,\"parcelas\":37,\"seguro\":true},{\"id\":189,\"nome\":\"Louise\",\"cpf\":\"031.947.852-55\",\"email\":\"anabeatriz.delara@hotmail.com\",\"valor\":2250.00,\"parcelas\":39,\"seguro\":true},{\"id\":192,\"nome\":\"Maria Valentina\",\"cpf\":\"2827414346\",\"email\":\"joaoluca.daluz@yahoo.com\",\"valor\":2566.00,\"parcelas\":32,\"seguro\":true},{\"id\":193,\"nome\":\"Fabrício\",\"cpf\":\"7312174141\",\"email\":\"carloseduardo.coqueiro@live.com\",\"valor\":2895.00,\"parcelas\":31,\"seguro\":true},{\"id\":195,\"nome\":\"Maria Isis\",\"cpf\":\"5434075178\",\"email\":\"bento.roriz@live.com\",\"valor\":2588.00,\"parcelas\":49,\"seguro\":true},{\"id\":196,\"nome\":\"Frederico\",\"cpf\":\"7748421133\",\"email\":\"celia.dapenha@yahoo.com\",\"valor\":2048.00,\"parcelas\":30,\"seguro\":true},{\"id\":197,\"nome\":\"Vicente\",\"cpf\":\"8462668814\",\"email\":\"bianca.fernandes@live.com\",\"valor\":2946.00,\"parcelas\":2,\"seguro\":true},{\"id\":199,\"nome\":\"Larissa\",\"cpf\":\"6406306844\",\"email\":\"bento.pinto@gmail.com\",\"valor\":999.00,\"parcelas\":38,\"seguro\":true},{\"id\":200,\"nome\":\"Gabriel\",\"cpf\":\"6400828771\",\"email\":\"joana.matoso@hotmail.com\",\"valor\":2685.00,\"parcelas\":48,\"seguro\":true},{\"id\":202,\"nome\":\"Gabriela\",\"cpf\":\"6217705013\",\"email\":\"talita.regueira@yahoo.com\",\"valor\":10000.00,\"parcelas\":30,\"seguro\":true},{\"id\":204,\"nome\":\"Bianca\",\"cpf\":\"6786352677\",\"email\":\"joana.ramos@gmail.com\",\"valor\":40000.00,\"parcelas\":37,\"seguro\":true},{\"id\":206,\"nome\":\"Calebe\",\"cpf\":\"3234874615\",\"email\":\"mathias.leiria@gmail.com\",\"valor\":2527.00,\"parcelas\":36,\"seguro\":true},{\"id\":207,\"nome\":\"Kaique\",\"cpf\":\"1142548823\",\"email\":\"francisca.veloso@live.com\",\"valor\":2400.00,\"parcelas\":37,\"seguro\":true},{\"id\":208,\"nome\":\"Ian\",\"cpf\":\"375.076.033-08\",\"email\":\"davi.alvares@live.com\",\"valor\":2156.00,\"parcelas\":38,\"seguro\":true},{\"id\":209,\"nome\":\"Arthur Henrique\",\"cpf\":\"5763130184\",\"email\":\"luiza.ribeiro@hotmail.com\",\"valor\":2781.00,\"parcelas\":35,\"seguro\":true},{\"id\":210,\"nome\":\"Eduardo\",\"cpf\":\"5855154564\",\"email\":\"gael.bittencourt@yahoo.com\",\"valor\":2162.00,\"parcelas\":32,\"seguro\":true},{\"id\":211,\"nome\":\"Carolina\",\"cpf\":\"558.010.189-59\",\"email\":\"nicole.sa@live.com\",\"valor\":2003.00,\"parcelas\":30,\"seguro\":true},{\"id\":212,\"nome\":\"Gabrielly\",\"cpf\":\"4656704730\",\"email\":\"marcia.guedes@hotmail.com\",\"valor\":2049.00,\"parcelas\":36,\"seguro\":true},{\"id\":214,\"nome\":\"Carolina\",\"cpf\":\"6384501804\",\"email\":\"alicia.damota@hotmail.com\",\"valor\":2764.00,\"parcelas\":34,\"seguro\":true},{\"id\":215,\"nome\":\"Maria Helena\",\"cpf\":\"6638501747\",\"email\":\"anaclara.lima@gmail.com\",\"valor\":2593.00,\"parcelas\":32,\"seguro\":true},{\"id\":216,\"nome\":\"Júlio\",\"cpf\":\"1211430767\",\"email\":\"arthur.teles@live.com\",\"valor\":2572.00,\"parcelas\":31,\"seguro\":true},{\"id\":219,\"nome\":\"Laís\",\"cpf\":\"4271263054\",\"email\":\"marialuiza.monteira@yahoo.com\",\"valor\":2179.00,\"parcelas\":33,\"seguro\":true},{\"id\":220,\"nome\":\"João Felipe\",\"cpf\":\"4472164776\",\"email\":\"adriana.ribas@gmail.com\",\"valor\":2012.00,\"parcelas\":31,\"seguro\":true},{\"id\":222,\"nome\":\"Morgana\",\"cpf\":\"8472367762\",\"email\":\"morgana.arriaga@bol.com.br\",\"valor\":2105.00,\"parcelas\":49,\"seguro\":true},{\"id\":223,\"nome\":\"Marcia\",\"cpf\":\"0016666263\",\"email\":\"celia.longuinho@yahoo.com\",\"valor\":2861.00,\"parcelas\":32,\"seguro\":true},{\"id\":224,\"nome\":\"Giovanna\",\"cpf\":\"4033243878\",\"email\":\"norberto.roriz@live.com\",\"valor\":2864.00,\"parcelas\":2,\"seguro\":true},{\"id\":226,\"nome\":\"Roberta\",\"cpf\":\"6887622386\",\"email\":\"rafaela.reis@live.com\",\"valor\":999.00,\"parcelas\":37,\"seguro\":true},{\"id\":227,\"nome\":\"Liz\",\"cpf\":\"3236183627\",\"email\":\"stella.macedo@bol.com.br\",\"valor\":2137.00,\"parcelas\":48,\"seguro\":true},{\"id\":229,\"nome\":\"Vinicius\",\"cpf\":\"2887176360\",\"email\":\"melissa.regueira@hotmail.com\",\"valor\":10000.00,\"parcelas\":37,\"seguro\":true},{\"id\":231,\"nome\":\"Pérola\",\"cpf\":\"0336318068\",\"email\":\"yango.negrao@gmail.com\",\"valor\":40000.00,\"parcelas\":37,\"seguro\":true},{\"id\":233,\"nome\":\"Pietro\",\"cpf\":\"1830072275\",\"email\":\"laura.daterra@gmail.com\",\"valor\":2832.00,\"parcelas\":35,\"seguro\":true},{\"id\":234,\"nome\":\"Gúbio\",\"cpf\":\"4172215444\",\"email\":\"felicia.oliveira@gmail.com\",\"valor\":2865.00,\"parcelas\":39,\"seguro\":true},{\"id\":235,\"nome\":\"Morgana\",\"cpf\":\"126.086.140-54\",\"email\":\"giulia.camacho@live.com\",\"valor\":2326.00,\"parcelas\":31,\"seguro\":true},{\"id\":236,\"nome\":\"Ruan\",\"cpf\":\"3646774845\",\"email\":\"agatha.brum@gmail.com\",\"valor\":2445.00,\"parcelas\":33,\"seguro\":true},{\"id\":238,\"nome\":\"Heloísa\",\"cpf\":\"2768610100\",\"email\":\"aline.morais@gmail.com\",\"valor\":2912.00,\"parcelas\":49,\"seguro\":true},{\"id\":239,\"nome\":\"Juliana\",\"cpf\":\"5475332534\",\"email\":\"pietro.paiva@yahoo.com\",\"valor\":2665.00,\"parcelas\":38,\"seguro\":true},{\"id\":240,\"nome\":\"Arthur\",\"cpf\":\"0674804272\",\"email\":\"cesar.farias@bol.com.br\",\"valor\":2923.00,\"parcelas\":2,\"seguro\":true},{\"id\":242,\"nome\":\"Beatriz\",\"cpf\":\"5467127174\",\"email\":\"enrico.sais@yahoo.com\",\"valor\":999.00,\"parcelas\":33,\"seguro\":true},{\"id\":243,\"nome\":\"Vinícius\",\"cpf\":\"1768035835\",\"email\":\"luan.rego@bol.com.br\",\"valor\":2429.00,\"parcelas\":48,\"seguro\":true},{\"id\":245,\"nome\":\"Hélio\",\"cpf\":\"3127366263\",\"email\":\"leonardo.coutinho@hotmail.com\",\"valor\":10000.00,\"parcelas\":31,\"seguro\":true},{\"id\":247,\"nome\":\"Víctor\",\"cpf\":\"8621341801\",\"email\":\"jose.dasilveira@gmail.com\",\"valor\":40000.00,\"parcelas\":38,\"seguro\":true},{\"id\":249,\"nome\":\"Isabelly\",\"cpf\":\"7454054714\",\"email\":\"mariasophia.dapaz@live.com\",\"valor\":2794.00,\"parcelas\":39,\"seguro\":true},{\"id\":250,\"nome\":\"Arthur Henrique\",\"cpf\":\"1170750533\",\"email\":\"vinicius.carvalho@gmail.com\",\"valor\":2580.00,\"parcelas\":35,\"seguro\":true},{\"id\":251,\"nome\":\"Mirella\",\"cpf\":\"4354388648\",\"email\":\"francisco.ornelas@bol.com.br\",\"valor\":2411.00,\"parcelas\":32,\"seguro\":true},{\"id\":252,\"nome\":\"Cauã\",\"cpf\":\"4604655716\",\"email\":\"benicio.arantes@hotmail.com\",\"valor\":2795.00,\"parcelas\":35,\"seguro\":true},{\"id\":253,\"nome\":\"Antonella\",\"cpf\":\"3813846683\",\"email\":\"nubia.martim@live.com\",\"valor\":2405.00,\"parcelas\":35,\"seguro\":true},{\"id\":254,\"nome\":\"Clara\",\"cpf\":\"3308445078\",\"email\":\"alice.jesus@yahoo.com\",\"valor\":2825.00,\"parcelas\":36,\"seguro\":true},{\"id\":255,\"nome\":\"Nathan\",\"cpf\":\"5014150416\",\"email\":\"heloisa.rezende@live.com\",\"valor\":2970.00,\"parcelas\":31,\"seguro\":true},{\"id\":257,\"nome\":\"Roberta\",\"cpf\":\"4441520303\",\"email\":\"luiz.gomes@yahoo.com\",\"valor\":2117.00,\"parcelas\":32,\"seguro\":true},{\"id\":259,\"nome\":\"Bárbara\",\"cpf\":\"6134431228\",\"email\":\"lavinia.crespo@hotmail.com\",\"valor\":2649.00,\"parcelas\":49,\"seguro\":true},{\"id\":261,\"nome\":\"Ofélia\",\"cpf\":\"3676865458\",\"email\":\"fabio.bernardes@yahoo.com\",\"valor\":2458.00,\"parcelas\":2,\"seguro\":true},{\"id\":263,\"nome\":\"Eduarda\",\"cpf\":\"2378281227\",\"email\":\"antonio.alves@gmail.com\",\"valor\":999.00,\"parcelas\":38,\"seguro\":true},{\"id\":264,\"nome\":\"Laura\",\"cpf\":\"6104686137\",\"email\":\"tiago.correa@hotmail.com\",\"valor\":2115.00,\"parcelas\":48,\"seguro\":true},{\"id\":266,\"nome\":\"Sílvia\",\"cpf\":\"0885683435\",\"email\":\"mariaflor.melo@hotmail.com\",\"valor\":10000.00,\"parcelas\":36,\"seguro\":true},{\"id\":268,\"nome\":\"Isabella\",\"cpf\":\"7217673201\",\"email\":\"alessandra.delara@live.com\",\"valor\":40000.00,\"parcelas\":30,\"seguro\":true},{\"id\":270,\"nome\":\"Ana Clara\",\"cpf\":\"1260260331\",\"email\":\"dalila.fernandes@hotmail.com\",\"valor\":2198.00,\"parcelas\":37,\"seguro\":true},{\"id\":272,\"nome\":\"Henrique\",\"cpf\":\"1256182075\",\"email\":\"livia.junqueira@hotmail.com\",\"valor\":2477.00,\"parcelas\":34,\"seguro\":true},{\"id\":274,\"nome\":\"Júlia\",\"cpf\":\"6652678375\",\"email\":\"barbara.ferraco@bol.com.br\",\"valor\":2642.00,\"parcelas\":49,\"seguro\":true},{\"id\":278,\"nome\":\"Guilherme\",\"cpf\":\"8313843828\",\"email\":\"olivia.almada@yahoo.com\",\"valor\":999.00,\"parcelas\":31,\"seguro\":true},{\"id\":279,\"nome\":\"Fábio\",\"cpf\":\"2013321477\",\"email\":\"vinicius.amoreira@gmail.com\",\"valor\":2328.00,\"parcelas\":48,\"seguro\":true},{\"id\":281,\"nome\":\"Isaac\",\"cpf\":\"5048640338\",\"email\":\"gael.dafontoura@gmail.com\",\"valor\":10000.00,\"parcelas\":34,\"seguro\":true},{\"id\":283,\"nome\":\"Júlio\",\"cpf\":\"4754455581\",\"email\":\"adriana.sais@hotmail.com\",\"valor\":40000.00,\"parcelas\":35,\"seguro\":true},{\"id\":285,\"nome\":\"Ofélia\",\"cpf\":\"2233730306\",\"email\":\"isaac.martim@bol.com.br\",\"valor\":2726.00,\"parcelas\":35,\"seguro\":true},{\"id\":287,\"nome\":\"Fabrício\",\"cpf\":\"8514402780\",\"email\":\"luan.ambrosio@live.com\",\"valor\":2198.00,\"parcelas\":30,\"seguro\":true},{\"id\":289,\"nome\":\"Pedro\",\"cpf\":\"8551727204\",\"email\":\"pietro.souza@hotmail.com\",\"valor\":2660.00,\"parcelas\":49,\"seguro\":true},{\"id\":293,\"nome\":\"Olívia\",\"cpf\":\"3382237601\",\"email\":\"lucca.lessa@live.com\",\"valor\":999.00,\"parcelas\":33,\"seguro\":true},{\"id\":296,\"nome\":\"Júlia\",\"cpf\":\"8653217808\",\"email\":\"olivia.saraiva@hotmail.com\",\"valor\":10000.00,\"parcelas\":34,\"seguro\":true},{\"id\":298,\"nome\":\"Salvador\",\"cpf\":\"3268158002\",\"email\":\"ryan.dasneves@live.com\",\"valor\":40000.00,\"parcelas\":37,\"seguro\":true},{\"id\":300,\"nome\":\"Márcio\",\"cpf\":\"2360025206\",\"email\":\"isaac.arantes@bol.com.br\",\"valor\":2688.00,\"parcelas\":38,\"seguro\":true},{\"id\":301,\"nome\":\"Pedro\",\"cpf\":\"395.215.208-03\",\"email\":\"arthur.goncalves@bol.com.br\",\"valor\":2389.00,\"parcelas\":31,\"seguro\":true},{\"id\":302,\"nome\":\"Núbia\",\"cpf\":\"3364820032\",\"email\":\"igor.geraldes@bol.com.br\",\"valor\":2991.00,\"parcelas\":38,\"seguro\":true},{\"id\":304,\"nome\":\"Bárbara\",\"cpf\":\"7825367512\",\"email\":\"kaue.leiria@hotmail.com\",\"valor\":2672.00,\"parcelas\":49,\"seguro\":true},{\"id\":308,\"nome\":\"Emilly\",\"cpf\":\"5611366501\",\"email\":\"isabela.modesto@live.com\",\"valor\":999.00,\"parcelas\":37,\"seguro\":true},{\"id\":310,\"nome\":\"Margarida\",\"cpf\":\"289.882.826-56\",\"email\":\"felicia.peres@gmail.com\",\"valor\":2434.00,\"parcelas\":32,\"seguro\":true},{\"id\":311,\"nome\":\"Mathias\",\"cpf\":\"8107162723\",\"email\":\"vinicius.roseira@bol.com.br\",\"valor\":10000.00,\"parcelas\":39,\"seguro\":true},{\"id\":313,\"nome\":\"José\",\"cpf\":\"0728733557\",\"email\":\"ofelia.dias@yahoo.com\",\"valor\":40000.00,\"parcelas\":32,\"seguro\":true},{\"id\":315,\"nome\":\"João Samuel\",\"cpf\":\"5238481657\",\"email\":\"deneval.damota@gmail.com\",\"valor\":2110.00,\"parcelas\":32,\"seguro\":true},{\"id\":317,\"nome\":\"Tomás\",\"cpf\":\"3068531041\",\"email\":\"daviludmer.daluz@hotmail.com\",\"valor\":2076.00,\"parcelas\":39,\"seguro\":true},{\"id\":319,\"nome\":\"Suélen\",\"cpf\":\"2256056536\",\"email\":\"cesar.costa@hotmail.com\",\"valor\":2788.00,\"parcelas\":49,\"seguro\":true},{\"id\":323,\"nome\":\"Stella\",\"cpf\":\"6515604700\",\"email\":\"samuel.damaia@bol.com.br\",\"valor\":999.00,\"parcelas\":38,\"seguro\":true},{\"id\":325,\"nome\":\"Matheus\",\"cpf\":\"634.883.825-33\",\"email\":\"salvador.laranjeira@gmail.com\",\"valor\":2354.00,\"parcelas\":33,\"seguro\":true},{\"id\":328,\"nome\":\"Kaique\",\"cpf\":\"1236513513\",\"email\":\"stella.godinho@hotmail.com\",\"valor\":40000.00,\"parcelas\":31,\"seguro\":true},{\"id\":330,\"nome\":\"Arthur\",\"cpf\":\"0654481531\",\"email\":\"gustavo.hermingues@bol.com.br\",\"valor\":2016.00,\"parcelas\":32,\"seguro\":true},{\"id\":332,\"nome\":\"Thiago\",\"cpf\":\"2883184847\",\"email\":\"ayla.lopes@yahoo.com\",\"valor\":2796.00,\"parcelas\":49,\"seguro\":true},{\"id\":336,\"nome\":\"Yango\",\"cpf\":\"8466161411\",\"email\":\"patricia.vieira@hotmail.com\",\"valor\":999.00,\"parcelas\":30,\"seguro\":true},{\"id\":338,\"nome\":\"Sophia\",\"cpf\":\"923.974.681-32\",\"email\":\"pedrotobias.bentes@gmail.com\",\"valor\":2200.00,\"parcelas\":31,\"seguro\":true},{\"id\":345,\"nome\":\"João Guilherme\",\"cpf\":\"3577331558\",\"email\":\"joaopedro.solimoes@gmail.com\",\"valor\":2539.00,\"parcelas\":39,\"seguro\":true}]"
	at org.hamcrest.MatcherAssert.assertThat(MatcherAssert.java:18)
	at org.hamcrest.MatcherAssert.assertThat(MatcherAssert.java:6)
	at tests.Simulacoes.TestGetSimulacoes.deveValidarSchema(TestGetSimulacoes.java:42)
	at java.base/jdk.internal.reflect.DirectMethodHandleAccessor.invoke(DirectMethodHandleAccessor.java:104)
	at java.base/java.lang.reflect.Method.invoke(Method.java:578)
	at org.junit.platform.commons.util.ReflectionUtils.invokeMethod(ReflectionUtils.java:727)
	at org.junit.jupiter.engine.execution.MethodInvocation.proceed(MethodInvocation.java:60)
	at org.junit.jupiter.engine.execution.InvocationInterceptorChain$ValidatingInvocation.proceed(InvocationInterceptorChain.java:131)
	at org.junit.jupiter.api.extension.InvocationInterceptor.interceptTestMethod(InvocationInterceptor.java:118)
	at org.junit.jupiter.engine.execution.InterceptingExecutableInvoker$ReflectiveInterceptorCall.lambda$ofVoidMethod$0(InterceptingExecutableInvoker.java:103)
	at org.junit.jupiter.engine.execution.InterceptingExecutableInvoker.lambda$invoke$0(InterceptingExecutableInvoker.java:93)
	at org.junit.jupiter.engine.execution.InvocationInterceptorChain$InterceptedInvocation.proceed(InvocationInterceptorChain.java:106)
	at org.junit.jupiter.engine.extension.TimeoutExtension.intercept(TimeoutExtension.java:156)
	at org.junit.jupiter.engine.extension.TimeoutExtension.interceptTestableMethod(TimeoutExtension.java:147)
	at org.junit.jupiter.engine.extension.TimeoutExtension.interceptTestMethod(TimeoutExtension.java:86)
	at org.junit.jupiter.engine.execution.InterceptingExecutableInvoker$ReflectiveInterceptorCall.lambda$ofVoidMethod$0(InterceptingExecutableInvoker.java:103)
	at org.junit.jupiter.engine.execution.InterceptingExecutableInvoker.lambda$invoke$0(InterceptingExecutableInvoker.java:93)
	at org.junit.jupiter.engine.execution.InvocationInterceptorChain$InterceptedInvocation.proceed(InvocationInterceptorChain.java:106)
	at org.junit.jupiter.engine.execution.InvocationInterceptorChain.proceed(InvocationInterceptorChain.java:64)
	at org.junit.jupiter.engine.execution.InvocationInterceptorChain.chainAndInvoke(InvocationInterceptorChain.java:45)
	at org.junit.jupiter.engine.execution.InvocationInterceptorChain.invoke(InvocationInterceptorChain.java:37)
	at org.junit.jupiter.engine.execution.InterceptingExecutableInvoker.invoke(InterceptingExecutableInvoker.java:92)
	at org.junit.jupiter.engine.execution.InterceptingExecutableInvoker.invoke(InterceptingExecutableInvoker.java:86)
	at org.junit.jupiter.engine.descriptor.TestMethodTestDescriptor.lambda$invokeTestMethod$7(TestMethodTestDescriptor.java:217)
	at org.junit.platform.engine.support.hierarchical.ThrowableCollector.execute(ThrowableCollector.java:73)
	at org.junit.jupiter.engine.descriptor.TestMethodTestDescriptor.invokeTestMethod(TestMethodTestDescriptor.java:213)
	at org.junit.jupiter.engine.descriptor.TestMethodTestDescriptor.execute(TestMethodTestDescriptor.java:138)
	at org.junit.jupiter.engine.descriptor.TestMethodTestDescriptor.execute(TestMethodTestDescriptor.java:68)
	at org.junit.platform.engine.support.hierarchical.NodeTestTask.lambda$executeRecursively$6(NodeTestTask.java:151)
	at org.junit.platform.engine.support.hierarchical.ThrowableCollector.execute(ThrowableCollector.java:73)
	at org.junit.platform.engine.support.hierarchical.NodeTestTask.lambda$executeRecursively$8(NodeTestTask.java:141)
	at org.junit.platform.engine.support.hierarchical.Node.around(Node.java:137)
	at org.junit.platform.engine.support.hierarchical.NodeTestTask.lambda$executeRecursively$9(NodeTestTask.java:139)
	at org.junit.platform.engine.support.hierarchical.ThrowableCollector.execute(ThrowableCollector.java:73)
	at org.junit.platform.engine.support.hierarchical.NodeTestTask.executeRecursively(NodeTestTask.java:138)
	at org.junit.platform.engine.support.hierarchical.NodeTestTask.execute(NodeTestTask.java:95)
	at java.base/java.util.ArrayList.forEach(ArrayList.java:1511)
	at org.junit.platform.engine.support.hierarchical.SameThreadHierarchicalTestExecutorService.invokeAll(SameThreadHierarchicalTestExecutorService.java:41)
	at org.junit.platform.engine.support.hierarchical.NodeTestTask.lambda$executeRecursively$6(NodeTestTask.java:155)
	at org.junit.platform.engine.support.hierarchical.ThrowableCollector.execute(ThrowableCollector.java:73)
	at org.junit.platform.engine.support.hierarchical.NodeTestTask.lambda$executeRecursively$8(NodeTestTask.java:141)
	at org.junit.platform.engine.support.hierarchical.Node.around(Node.java:137)
	at org.junit.platform.engine.support.hierarchical.NodeTestTask.lambda$executeRecursively$9(NodeTestTask.java:139)
	at org.junit.platform.engine.support.hierarchical.ThrowableCollector.execute(ThrowableCollector.java:73)
	at org.junit.platform.engine.support.hierarchical.NodeTestTask.executeRecursively(NodeTestTask.java:138)
	at org.junit.platform.engine.support.hierarchical.NodeTestTask.execute(NodeTestTask.java:95)
	at java.base/java.util.ArrayList.forEach(ArrayList.java:1511)
	at org.junit.platform.engine.support.hierarchical.SameThreadHierarchicalTestExecutorService.invokeAll(SameThreadHierarchicalTestExecutorService.java:41)
	at org.junit.platform.engine.support.hierarchical.NodeTestTask.lambda$executeRecursively$6(NodeTestTask.java:155)
	at org.junit.platform.engine.support.hierarchical.ThrowableCollector.execute(ThrowableCollector.java:73)
	at org.junit.platform.engine.support.hierarchical.NodeTestTask.lambda$executeRecursively$8(NodeTestTask.java:141)
	at org.junit.platform.engine.support.hierarchical.Node.around(Node.java:137)
	at org.junit.platform.engine.support.hierarchical.NodeTestTask.lambda$executeRecursively$9(NodeTestTask.java:139)
	at org.junit.platform.engine.support.hierarchical.ThrowableCollector.execute(ThrowableCollector.java:73)
	at org.junit.platform.engine.support.hierarchical.NodeTestTask.executeRecursively(NodeTestTask.java:138)
	at org.junit.platform.engine.support.hierarchical.NodeTestTask.execute(NodeTestTask.java:95)
	at org.junit.platform.engine.support.hierarchical.SameThreadHierarchicalTestExecutorService.submit(SameThreadHierarchicalTestExecutorService.java:35)
	at org.junit.platform.engine.support.hierarchical.HierarchicalTestExecutor.execute(HierarchicalTestExecutor.java:57)
	at org.junit.platform.engine.support.hierarchical.HierarchicalTestEngine.execute(HierarchicalTestEngine.java:54)
	at org.junit.platform.launcher.core.EngineExecutionOrchestrator.execute(EngineExecutionOrchestrator.java:107)
	at org.junit.platform.launcher.core.EngineExecutionOrchestrator.execute(EngineExecutionOrchestrator.java:88)
	at org.junit.platform.launcher.core.EngineExecutionOrchestrator.lambda$execute$0(EngineExecutionOrchestrator.java:54)
	at org.junit.platform.launcher.core.EngineExecutionOrchestrator.withInterceptedStreams(EngineExecutionOrchestrator.java:67)
	at org.junit.platform.launcher.core.EngineExecutionOrchestrator.execute(EngineExecutionOrchestrator.java:52)
	at org.junit.platform.launcher.core.DefaultLauncher.execute(DefaultLauncher.java:114)
	at org.junit.platform.launcher.core.DefaultLauncher.execute(DefaultLauncher.java:86)
	at org.junit.platform.launcher.core.DefaultLauncherSession$DelegatingLauncher.execute(DefaultLauncherSession.java:86)
	at org.apache.maven.surefire.junitplatform.LazyLauncher.execute(LazyLauncher.java:55)
	at org.apache.maven.surefire.junitplatform.JUnitPlatformProvider.execute(JUnitPlatformProvider.java:223)
	at org.apache.maven.surefire.junitplatform.JUnitPlatformProvider.invokeAllTests(JUnitPlatformProvider.java:175)
	at org.apache.maven.surefire.junitplatform.JUnitPlatformProvider.invoke(JUnitPlatformProvider.java:139)
	at org.apache.maven.surefire.booter.ForkedBooter.runSuitesInProcess(ForkedBooter.java:456)
	at org.apache.maven.surefire.booter.ForkedBooter.execute(ForkedBooter.java:169)
	at org.apache.maven.surefire.booter.ForkedBooter.run(ForkedBooter.java:595)
	at org.apache.maven.surefire.booter.ForkedBooter.main(ForkedBooter.java:581)
]]></failure>
  </testcase>
</testsuite>