<?xml version="1.0" encoding="UTF-8"?>
<testsuite xmlns:xsi="http://www.w3.org/2001/XMLSchema-instance" xsi:noNamespaceSchemaLocation="https://maven.apache.org/surefire/maven-surefire-plugin/xsd/surefire-test-report-3.0.xsd" version="3.0" name="tests.Simulacoes.TestDeleteSimulacoes" time="2.444" tests="21" errors="0" skipped="0" failures="8">
  <properties>
    <property name="java.specification.version" value="19"/>
    <property name="sun.cpu.isalist" value="amd64"/>
    <property name="sun.jnu.encoding" value="Cp1252"/>
    <property name="java.class.path" value="C:\Users\ignacio\IdeaProjects\challengeignacio\target\test-classes;C:\Users\ignacio\IdeaProjects\challengeignacio\target\classes;C:\Users\ignacio\.m2\repository\org\junit\jupiter\junit-jupiter-engine\5.9.0\junit-jupiter-engine-5.9.0.jar;C:\Users\ignacio\.m2\repository\org\junit\platform\junit-platform-engine\1.9.0\junit-platform-engine-1.9.0.jar;C:\Users\ignacio\.m2\repository\org\opentest4j\opentest4j\1.2.0\opentest4j-1.2.0.jar;C:\Users\ignacio\.m2\repository\org\junit\platform\junit-platform-commons\1.9.0\junit-platform-commons-1.9.0.jar;C:\Users\ignacio\.m2\repository\org\junit\jupiter\junit-jupiter-api\5.9.0\junit-jupiter-api-5.9.0.jar;C:\Users\ignacio\.m2\repository\org\apiguardian\apiguardian-api\1.1.2\apiguardian-api-1.1.2.jar;C:\Users\ignacio\.m2\repository\io\rest-assured\rest-assured\5.1.1\rest-assured-5.1.1.jar;C:\Users\ignacio\.m2\repository\org\apache\groovy\groovy\4.0.1\groovy-4.0.1.jar;C:\Users\ignacio\.m2\repository\org\apache\groovy\groovy-xml\4.0.1\groovy-xml-4.0.1.jar;C:\Users\ignacio\.m2\repository\org\apache\httpcomponents\httpclient\4.5.13\httpclient-4.5.13.jar;C:\Users\ignacio\.m2\repository\org\apache\httpcomponents\httpcore\4.4.13\httpcore-4.4.13.jar;C:\Users\ignacio\.m2\repository\commons-logging\commons-logging\1.2\commons-logging-1.2.jar;C:\Users\ignacio\.m2\repository\commons-codec\commons-codec\1.11\commons-codec-1.11.jar;C:\Users\ignacio\.m2\repository\org\apache\httpcomponents\httpmime\4.5.13\httpmime-4.5.13.jar;C:\Users\ignacio\.m2\repository\org\hamcrest\hamcrest\2.1\hamcrest-2.1.jar;C:\Users\ignacio\.m2\repository\org\ccil\cowan\tagsoup\tagsoup\1.2.1\tagsoup-1.2.1.jar;C:\Users\ignacio\.m2\repository\io\rest-assured\json-path\5.1.1\json-path-5.1.1.jar;C:\Users\ignacio\.m2\repository\org\apache\groovy\groovy-json\4.0.1\groovy-json-4.0.1.jar;C:\Users\ignacio\.m2\repository\io\rest-assured\rest-assured-common\5.1.1\rest-assured-common-5.1.1.jar;C:\Users\ignacio\.m2\repository\io\rest-assured\xml-path\5.1.1\xml-path-5.1.1.jar;C:\Users\ignacio\.m2\repository\com\github\tomakehurst\wiremock-jre8\2.33.2\wiremock-jre8-2.33.2.jar;C:\Users\ignacio\.m2\repository\org\eclipse\jetty\jetty-server\9.4.46.v20220331\jetty-server-9.4.46.v20220331.jar;C:\Users\ignacio\.m2\repository\javax\servlet\javax.servlet-api\3.1.0\javax.servlet-api-3.1.0.jar;C:\Users\ignacio\.m2\repository\org\eclipse\jetty\jetty-http\9.4.46.v20220331\jetty-http-9.4.46.v20220331.jar;C:\Users\ignacio\.m2\repository\org\eclipse\jetty\jetty-io\9.4.46.v20220331\jetty-io-9.4.46.v20220331.jar;C:\Users\ignacio\.m2\repository\org\eclipse\jetty\jetty-servlet\9.4.46.v20220331\jetty-servlet-9.4.46.v20220331.jar;C:\Users\ignacio\.m2\repository\org\eclipse\jetty\jetty-security\9.4.46.v20220331\jetty-security-9.4.46.v20220331.jar;C:\Users\ignacio\.m2\repository\org\eclipse\jetty\jetty-util-ajax\9.4.46.v20220331\jetty-util-ajax-9.4.46.v20220331.jar;C:\Users\ignacio\.m2\repository\org\eclipse\jetty\jetty-servlets\9.4.46.v20220331\jetty-servlets-9.4.46.v20220331.jar;C:\Users\ignacio\.m2\repository\org\eclipse\jetty\jetty-continuation\9.4.46.v20220331\jetty-continuation-9.4.46.v20220331.jar;C:\Users\ignacio\.m2\repository\org\eclipse\jetty\jetty-util\9.4.46.v20220331\jetty-util-9.4.46.v20220331.jar;C:\Users\ignacio\.m2\repository\org\eclipse\jetty\jetty-webapp\9.4.46.v20220331\jetty-webapp-9.4.46.v20220331.jar;C:\Users\ignacio\.m2\repository\org\eclipse\jetty\jetty-xml\9.4.46.v20220331\jetty-xml-9.4.46.v20220331.jar;C:\Users\ignacio\.m2\repository\org\eclipse\jetty\jetty-proxy\9.4.46.v20220331\jetty-proxy-9.4.46.v20220331.jar;C:\Users\ignacio\.m2\repository\org\eclipse\jetty\jetty-client\9.4.46.v20220331\jetty-client-9.4.46.v20220331.jar;C:\Users\ignacio\.m2\repository\org\eclipse\jetty\http2\http2-server\9.4.46.v20220331\http2-server-9.4.46.v20220331.jar;C:\Users\ignacio\.m2\repository\org\eclipse\jetty\http2\http2-common\9.4.46.v20220331\http2-common-9.4.46.v20220331.jar;C:\Users\ignacio\.m2\repository\org\eclipse\jetty\http2\http2-hpack\9.4.46.v20220331\http2-hpack-9.4.46.v20220331.jar;C:\Users\ignacio\.m2\repository\org\eclipse\jetty\jetty-alpn-server\9.4.46.v20220331\jetty-alpn-server-9.4.46.v20220331.jar;C:\Users\ignacio\.m2\repository\org\eclipse\jetty\jetty-alpn-java-server\9.4.46.v20220331\jetty-alpn-java-server-9.4.46.v20220331.jar;C:\Users\ignacio\.m2\repository\org\eclipse\jetty\jetty-alpn-openjdk8-server\9.4.46.v20220331\jetty-alpn-openjdk8-server-9.4.46.v20220331.jar;C:\Users\ignacio\.m2\repository\org\eclipse\jetty\jetty-alpn-java-client\9.4.46.v20220331\jetty-alpn-java-client-9.4.46.v20220331.jar;C:\Users\ignacio\.m2\repository\org\eclipse\jetty\jetty-alpn-client\9.4.46.v20220331\jetty-alpn-client-9.4.46.v20220331.jar;C:\Users\ignacio\.m2\repository\org\eclipse\jetty\jetty-alpn-openjdk8-client\9.4.46.v20220331\jetty-alpn-openjdk8-client-9.4.46.v20220331.jar;C:\Users\ignacio\.m2\repository\com\google\guava\guava\31.1-jre\guava-31.1-jre.jar;C:\Users\ignacio\.m2\repository\com\google\guava\failureaccess\1.0.1\failureaccess-1.0.1.jar;C:\Users\ignacio\.m2\repository\com\google\guava\listenablefuture\9999.0-empty-to-avoid-conflict-with-guava\listenablefuture-9999.0-empty-to-avoid-conflict-with-guava.jar;C:\Users\ignacio\.m2\repository\com\google\code\findbugs\jsr305\3.0.2\jsr305-3.0.2.jar;C:\Users\ignacio\.m2\repository\org\checkerframework\checker-qual\3.12.0\checker-qual-3.12.0.jar;C:\Users\ignacio\.m2\repository\com\google\errorprone\error_prone_annotations\2.11.0\error_prone_annotations-2.11.0.jar;C:\Users\ignacio\.m2\repository\com\google\j2objc\j2objc-annotations\1.3\j2objc-annotations-1.3.jar;C:\Users\ignacio\.m2\repository\com\fasterxml\jackson\core\jackson-annotations\2.13.2\jackson-annotations-2.13.2.jar;C:\Users\ignacio\.m2\repository\org\apache\httpcomponents\client5\httpclient5\5.1.3\httpclient5-5.1.3.jar;C:\Users\ignacio\.m2\repository\org\apache\httpcomponents\core5\httpcore5\5.1.3\httpcore5-5.1.3.jar;C:\Users\ignacio\.m2\repository\org\apache\httpcomponents\core5\httpcore5-h2\5.1.3\httpcore5-h2-5.1.3.jar;C:\Users\ignacio\.m2\repository\org\xmlunit\xmlunit-core\2.9.0\xmlunit-core-2.9.0.jar;C:\Users\ignacio\.m2\repository\jakarta\xml\bind\jakarta.xml.bind-api\2.3.3\jakarta.xml.bind-api-2.3.3.jar;C:\Users\ignacio\.m2\repository\jakarta\activation\jakarta.activation-api\1.2.2\jakarta.activation-api-1.2.2.jar;C:\Users\ignacio\.m2\repository\org\xmlunit\xmlunit-legacy\2.9.0\xmlunit-legacy-2.9.0.jar;C:\Users\ignacio\.m2\repository\org\xmlunit\xmlunit-placeholders\2.9.0\xmlunit-placeholders-2.9.0.jar;C:\Users\ignacio\.m2\repository\net\javacrumbs\json-unit\json-unit-core\2.33.0\json-unit-core-2.33.0.jar;C:\Users\ignacio\.m2\repository\org\hamcrest\hamcrest-core\2.2\hamcrest-core-2.2.jar;C:\Users\ignacio\.m2\repository\com\jayway\jsonpath\json-path\2.7.0\json-path-2.7.0.jar;C:\Users\ignacio\.m2\repository\net\minidev\json-smart\2.4.7\json-smart-2.4.7.jar;C:\Users\ignacio\.m2\repository\net\minidev\accessors-smart\2.4.7\accessors-smart-2.4.7.jar;C:\Users\ignacio\.m2\repository\org\ow2\asm\asm\9.3\asm-9.3.jar;C:\Users\ignacio\.m2\repository\net\sf\jopt-simple\jopt-simple\5.0.4\jopt-simple-5.0.4.jar;C:\Users\ignacio\.m2\repository\org\apache\commons\commons-lang3\3.12.0\commons-lang3-3.12.0.jar;C:\Users\ignacio\.m2\repository\com\github\jknack\handlebars\4.3.0\handlebars-4.3.0.jar;C:\Users\ignacio\.m2\repository\com\github\jknack\handlebars-helpers\4.3.0\handlebars-helpers-4.3.0.jar;C:\Users\ignacio\.m2\repository\commons-fileupload\commons-fileupload\1.4\commons-fileupload-1.4.jar;C:\Users\ignacio\.m2\repository\commons-io\commons-io\2.11.0\commons-io-2.11.0.jar;C:\Users\ignacio\.m2\repository\io\rest-assured\json-schema-validator\5.1.1\json-schema-validator-5.1.1.jar;C:\Users\ignacio\.m2\repository\com\github\java-json-tools\json-schema-validator\2.2.14\json-schema-validator-2.2.14.jar;C:\Users\ignacio\.m2\repository\com\github\java-json-tools\jackson-coreutils-equivalence\1.0\jackson-coreutils-equivalence-1.0.jar;C:\Users\ignacio\.m2\repository\com\github\java-json-tools\jackson-coreutils\2.0\jackson-coreutils-2.0.jar;C:\Users\ignacio\.m2\repository\com\github\java-json-tools\msg-simple\1.2\msg-simple-1.2.jar;C:\Users\ignacio\.m2\repository\com\github\java-json-tools\btf\1.3\btf-1.3.jar;C:\Users\ignacio\.m2\repository\com\github\java-json-tools\json-schema-core\1.2.14\json-schema-core-1.2.14.jar;C:\Users\ignacio\.m2\repository\com\github\java-json-tools\uri-template\0.10\uri-template-0.10.jar;C:\Users\ignacio\.m2\repository\org\mozilla\rhino\1.7.7.2\rhino-1.7.7.2.jar;C:\Users\ignacio\.m2\repository\com\sun\mail\mailapi\1.6.2\mailapi-1.6.2.jar;C:\Users\ignacio\.m2\repository\joda-time\joda-time\2.10.5\joda-time-2.10.5.jar;C:\Users\ignacio\.m2\repository\com\googlecode\libphonenumber\libphonenumber\8.11.1\libphonenumber-8.11.1.jar;C:\Users\ignacio\.m2\repository\com\fasterxml\jackson\core\jackson-core\2.13.3\jackson-core-2.13.3.jar;C:\Users\ignacio\.m2\repository\com\fasterxml\jackson\core\jackson-databind\2.13.3\jackson-databind-2.13.3.jar;C:\Users\ignacio\.m2\repository\com\github\javafaker\javafaker\1.0.2\javafaker-1.0.2.jar;C:\Users\ignacio\.m2\repository\org\yaml\snakeyaml\1.23\snakeyaml-1.23-android.jar;C:\Users\ignacio\.m2\repository\com\github\mifmif\generex\1.0.2\generex-1.0.2.jar;C:\Users\ignacio\.m2\repository\dk\brics\automaton\automaton\1.11-8\automaton-1.11-8.jar;C:\Users\ignacio\.m2\repository\org\projectlombok\lombok\1.18.24\lombok-1.18.24.jar;C:\Users\ignacio\.m2\repository\io\qameta\allure\allure-junit5\2.18.1\allure-junit5-2.18.1.jar;C:\Users\ignacio\.m2\repository\io\qameta\allure\allure-junit-platform\2.18.1\allure-junit-platform-2.18.1.jar;C:\Users\ignacio\.m2\repository\io\qameta\allure\allure-java-commons\2.18.1\allure-java-commons-2.18.1.jar;C:\Users\ignacio\.m2\repository\io\qameta\allure\allure-model\2.18.1\allure-model-2.18.1.jar;C:\Users\ignacio\.m2\repository\io\qameta\allure\allure-test-filter\2.18.1\allure-test-filter-2.18.1.jar;C:\Users\ignacio\.m2\repository\org\junit\platform\junit-platform-launcher\1.8.2\junit-platform-launcher-1.8.2.jar;C:\Users\ignacio\.m2\repository\org\slf4j\slf4j-api\1.7.36\slf4j-api-1.7.36.jar;C:\Users\ignacio\.m2\repository\org\slf4j\slf4j-simple\1.7.36\slf4j-simple-1.7.36.jar;"/>
    <property name="java.vm.vendor" value="Oracle Corporation"/>
    <property name="sun.arch.data.model" value="64"/>
    <property name="user.variant" value=""/>
    <property name="java.vendor.url" value="https://java.oracle.com/"/>
    <property name="user.timezone" value="America/Sao_Paulo"/>
    <property name="os.name" value="Windows 10"/>
    <property name="java.vm.specification.version" value="19"/>
    <property name="sun.java.launcher" value="SUN_STANDARD"/>
    <property name="user.country" value="BR"/>
    <property name="sun.boot.library.path" value="C:\Program Files\Java\jdk-19\bin"/>
    <property name="sun.java.command" value="C:\Users\ignacio\AppData\Local\Temp\surefire12742228965454378841\surefirebooter-20221209105727494_3.jar C:\Users\ignacio\AppData\Local\Temp\surefire12742228965454378841 2022-12-09T10-57-27_325-jvmRun1 surefire-20221209105727494_1tmp surefire_0-20221209105727494_2tmp"/>
    <property name="jdk.debug" value="release"/>
    <property name="surefire.test.class.path" value="C:\Users\ignacio\IdeaProjects\challengeignacio\target\test-classes;C:\Users\ignacio\IdeaProjects\challengeignacio\target\classes;C:\Users\ignacio\.m2\repository\org\junit\jupiter\junit-jupiter-engine\5.9.0\junit-jupiter-engine-5.9.0.jar;C:\Users\ignacio\.m2\repository\org\junit\platform\junit-platform-engine\1.9.0\junit-platform-engine-1.9.0.jar;C:\Users\ignacio\.m2\repository\org\opentest4j\opentest4j\1.2.0\opentest4j-1.2.0.jar;C:\Users\ignacio\.m2\repository\org\junit\platform\junit-platform-commons\1.9.0\junit-platform-commons-1.9.0.jar;C:\Users\ignacio\.m2\repository\org\junit\jupiter\junit-jupiter-api\5.9.0\junit-jupiter-api-5.9.0.jar;C:\Users\ignacio\.m2\repository\org\apiguardian\apiguardian-api\1.1.2\apiguardian-api-1.1.2.jar;C:\Users\ignacio\.m2\repository\io\rest-assured\rest-assured\5.1.1\rest-assured-5.1.1.jar;C:\Users\ignacio\.m2\repository\org\apache\groovy\groovy\4.0.1\groovy-4.0.1.jar;C:\Users\ignacio\.m2\repository\org\apache\groovy\groovy-xml\4.0.1\groovy-xml-4.0.1.jar;C:\Users\ignacio\.m2\repository\org\apache\httpcomponents\httpclient\4.5.13\httpclient-4.5.13.jar;C:\Users\ignacio\.m2\repository\org\apache\httpcomponents\httpcore\4.4.13\httpcore-4.4.13.jar;C:\Users\ignacio\.m2\repository\commons-logging\commons-logging\1.2\commons-logging-1.2.jar;C:\Users\ignacio\.m2\repository\commons-codec\commons-codec\1.11\commons-codec-1.11.jar;C:\Users\ignacio\.m2\repository\org\apache\httpcomponents\httpmime\4.5.13\httpmime-4.5.13.jar;C:\Users\ignacio\.m2\repository\org\hamcrest\hamcrest\2.1\hamcrest-2.1.jar;C:\Users\ignacio\.m2\repository\org\ccil\cowan\tagsoup\tagsoup\1.2.1\tagsoup-1.2.1.jar;C:\Users\ignacio\.m2\repository\io\rest-assured\json-path\5.1.1\json-path-5.1.1.jar;C:\Users\ignacio\.m2\repository\org\apache\groovy\groovy-json\4.0.1\groovy-json-4.0.1.jar;C:\Users\ignacio\.m2\repository\io\rest-assured\rest-assured-common\5.1.1\rest-assured-common-5.1.1.jar;C:\Users\ignacio\.m2\repository\io\rest-assured\xml-path\5.1.1\xml-path-5.1.1.jar;C:\Users\ignacio\.m2\repository\com\github\tomakehurst\wiremock-jre8\2.33.2\wiremock-jre8-2.33.2.jar;C:\Users\ignacio\.m2\repository\org\eclipse\jetty\jetty-server\9.4.46.v20220331\jetty-server-9.4.46.v20220331.jar;C:\Users\ignacio\.m2\repository\javax\servlet\javax.servlet-api\3.1.0\javax.servlet-api-3.1.0.jar;C:\Users\ignacio\.m2\repository\org\eclipse\jetty\jetty-http\9.4.46.v20220331\jetty-http-9.4.46.v20220331.jar;C:\Users\ignacio\.m2\repository\org\eclipse\jetty\jetty-io\9.4.46.v20220331\jetty-io-9.4.46.v20220331.jar;C:\Users\ignacio\.m2\repository\org\eclipse\jetty\jetty-servlet\9.4.46.v20220331\jetty-servlet-9.4.46.v20220331.jar;C:\Users\ignacio\.m2\repository\org\eclipse\jetty\jetty-security\9.4.46.v20220331\jetty-security-9.4.46.v20220331.jar;C:\Users\ignacio\.m2\repository\org\eclipse\jetty\jetty-util-ajax\9.4.46.v20220331\jetty-util-ajax-9.4.46.v20220331.jar;C:\Users\ignacio\.m2\repository\org\eclipse\jetty\jetty-servlets\9.4.46.v20220331\jetty-servlets-9.4.46.v20220331.jar;C:\Users\ignacio\.m2\repository\org\eclipse\jetty\jetty-continuation\9.4.46.v20220331\jetty-continuation-9.4.46.v20220331.jar;C:\Users\ignacio\.m2\repository\org\eclipse\jetty\jetty-util\9.4.46.v20220331\jetty-util-9.4.46.v20220331.jar;C:\Users\ignacio\.m2\repository\org\eclipse\jetty\jetty-webapp\9.4.46.v20220331\jetty-webapp-9.4.46.v20220331.jar;C:\Users\ignacio\.m2\repository\org\eclipse\jetty\jetty-xml\9.4.46.v20220331\jetty-xml-9.4.46.v20220331.jar;C:\Users\ignacio\.m2\repository\org\eclipse\jetty\jetty-proxy\9.4.46.v20220331\jetty-proxy-9.4.46.v20220331.jar;C:\Users\ignacio\.m2\repository\org\eclipse\jetty\jetty-client\9.4.46.v20220331\jetty-client-9.4.46.v20220331.jar;C:\Users\ignacio\.m2\repository\org\eclipse\jetty\http2\http2-server\9.4.46.v20220331\http2-server-9.4.46.v20220331.jar;C:\Users\ignacio\.m2\repository\org\eclipse\jetty\http2\http2-common\9.4.46.v20220331\http2-common-9.4.46.v20220331.jar;C:\Users\ignacio\.m2\repository\org\eclipse\jetty\http2\http2-hpack\9.4.46.v20220331\http2-hpack-9.4.46.v20220331.jar;C:\Users\ignacio\.m2\repository\org\eclipse\jetty\jetty-alpn-server\9.4.46.v20220331\jetty-alpn-server-9.4.46.v20220331.jar;C:\Users\ignacio\.m2\repository\org\eclipse\jetty\jetty-alpn-java-server\9.4.46.v20220331\jetty-alpn-java-server-9.4.46.v20220331.jar;C:\Users\ignacio\.m2\repository\org\eclipse\jetty\jetty-alpn-openjdk8-server\9.4.46.v20220331\jetty-alpn-openjdk8-server-9.4.46.v20220331.jar;C:\Users\ignacio\.m2\repository\org\eclipse\jetty\jetty-alpn-java-client\9.4.46.v20220331\jetty-alpn-java-client-9.4.46.v20220331.jar;C:\Users\ignacio\.m2\repository\org\eclipse\jetty\jetty-alpn-client\9.4.46.v20220331\jetty-alpn-client-9.4.46.v20220331.jar;C:\Users\ignacio\.m2\repository\org\eclipse\jetty\jetty-alpn-openjdk8-client\9.4.46.v20220331\jetty-alpn-openjdk8-client-9.4.46.v20220331.jar;C:\Users\ignacio\.m2\repository\com\google\guava\guava\31.1-jre\guava-31.1-jre.jar;C:\Users\ignacio\.m2\repository\com\google\guava\failureaccess\1.0.1\failureaccess-1.0.1.jar;C:\Users\ignacio\.m2\repository\com\google\guava\listenablefuture\9999.0-empty-to-avoid-conflict-with-guava\listenablefuture-9999.0-empty-to-avoid-conflict-with-guava.jar;C:\Users\ignacio\.m2\repository\com\google\code\findbugs\jsr305\3.0.2\jsr305-3.0.2.jar;C:\Users\ignacio\.m2\repository\org\checkerframework\checker-qual\3.12.0\checker-qual-3.12.0.jar;C:\Users\ignacio\.m2\repository\com\google\errorprone\error_prone_annotations\2.11.0\error_prone_annotations-2.11.0.jar;C:\Users\ignacio\.m2\repository\com\google\j2objc\j2objc-annotations\1.3\j2objc-annotations-1.3.jar;C:\Users\ignacio\.m2\repository\com\fasterxml\jackson\core\jackson-annotations\2.13.2\jackson-annotations-2.13.2.jar;C:\Users\ignacio\.m2\repository\org\apache\httpcomponents\client5\httpclient5\5.1.3\httpclient5-5.1.3.jar;C:\Users\ignacio\.m2\repository\org\apache\httpcomponents\core5\httpcore5\5.1.3\httpcore5-5.1.3.jar;C:\Users\ignacio\.m2\repository\org\apache\httpcomponents\core5\httpcore5-h2\5.1.3\httpcore5-h2-5.1.3.jar;C:\Users\ignacio\.m2\repository\org\xmlunit\xmlunit-core\2.9.0\xmlunit-core-2.9.0.jar;C:\Users\ignacio\.m2\repository\jakarta\xml\bind\jakarta.xml.bind-api\2.3.3\jakarta.xml.bind-api-2.3.3.jar;C:\Users\ignacio\.m2\repository\jakarta\activation\jakarta.activation-api\1.2.2\jakarta.activation-api-1.2.2.jar;C:\Users\ignacio\.m2\repository\org\xmlunit\xmlunit-legacy\2.9.0\xmlunit-legacy-2.9.0.jar;C:\Users\ignacio\.m2\repository\org\xmlunit\xmlunit-placeholders\2.9.0\xmlunit-placeholders-2.9.0.jar;C:\Users\ignacio\.m2\repository\net\javacrumbs\json-unit\json-unit-core\2.33.0\json-unit-core-2.33.0.jar;C:\Users\ignacio\.m2\repository\org\hamcrest\hamcrest-core\2.2\hamcrest-core-2.2.jar;C:\Users\ignacio\.m2\repository\com\jayway\jsonpath\json-path\2.7.0\json-path-2.7.0.jar;C:\Users\ignacio\.m2\repository\net\minidev\json-smart\2.4.7\json-smart-2.4.7.jar;C:\Users\ignacio\.m2\repository\net\minidev\accessors-smart\2.4.7\accessors-smart-2.4.7.jar;C:\Users\ignacio\.m2\repository\org\ow2\asm\asm\9.3\asm-9.3.jar;C:\Users\ignacio\.m2\repository\net\sf\jopt-simple\jopt-simple\5.0.4\jopt-simple-5.0.4.jar;C:\Users\ignacio\.m2\repository\org\apache\commons\commons-lang3\3.12.0\commons-lang3-3.12.0.jar;C:\Users\ignacio\.m2\repository\com\github\jknack\handlebars\4.3.0\handlebars-4.3.0.jar;C:\Users\ignacio\.m2\repository\com\github\jknack\handlebars-helpers\4.3.0\handlebars-helpers-4.3.0.jar;C:\Users\ignacio\.m2\repository\commons-fileupload\commons-fileupload\1.4\commons-fileupload-1.4.jar;C:\Users\ignacio\.m2\repository\commons-io\commons-io\2.11.0\commons-io-2.11.0.jar;C:\Users\ignacio\.m2\repository\io\rest-assured\json-schema-validator\5.1.1\json-schema-validator-5.1.1.jar;C:\Users\ignacio\.m2\repository\com\github\java-json-tools\json-schema-validator\2.2.14\json-schema-validator-2.2.14.jar;C:\Users\ignacio\.m2\repository\com\github\java-json-tools\jackson-coreutils-equivalence\1.0\jackson-coreutils-equivalence-1.0.jar;C:\Users\ignacio\.m2\repository\com\github\java-json-tools\jackson-coreutils\2.0\jackson-coreutils-2.0.jar;C:\Users\ignacio\.m2\repository\com\github\java-json-tools\msg-simple\1.2\msg-simple-1.2.jar;C:\Users\ignacio\.m2\repository\com\github\java-json-tools\btf\1.3\btf-1.3.jar;C:\Users\ignacio\.m2\repository\com\github\java-json-tools\json-schema-core\1.2.14\json-schema-core-1.2.14.jar;C:\Users\ignacio\.m2\repository\com\github\java-json-tools\uri-template\0.10\uri-template-0.10.jar;C:\Users\ignacio\.m2\repository\org\mozilla\rhino\1.7.7.2\rhino-1.7.7.2.jar;C:\Users\ignacio\.m2\repository\com\sun\mail\mailapi\1.6.2\mailapi-1.6.2.jar;C:\Users\ignacio\.m2\repository\joda-time\joda-time\2.10.5\joda-time-2.10.5.jar;C:\Users\ignacio\.m2\repository\com\googlecode\libphonenumber\libphonenumber\8.11.1\libphonenumber-8.11.1.jar;C:\Users\ignacio\.m2\repository\com\fasterxml\jackson\core\jackson-core\2.13.3\jackson-core-2.13.3.jar;C:\Users\ignacio\.m2\repository\com\fasterxml\jackson\core\jackson-databind\2.13.3\jackson-databind-2.13.3.jar;C:\Users\ignacio\.m2\repository\com\github\javafaker\javafaker\1.0.2\javafaker-1.0.2.jar;C:\Users\ignacio\.m2\repository\org\yaml\snakeyaml\1.23\snakeyaml-1.23-android.jar;C:\Users\ignacio\.m2\repository\com\github\mifmif\generex\1.0.2\generex-1.0.2.jar;C:\Users\ignacio\.m2\repository\dk\brics\automaton\automaton\1.11-8\automaton-1.11-8.jar;C:\Users\ignacio\.m2\repository\org\projectlombok\lombok\1.18.24\lombok-1.18.24.jar;C:\Users\ignacio\.m2\repository\io\qameta\allure\allure-junit5\2.18.1\allure-junit5-2.18.1.jar;C:\Users\ignacio\.m2\repository\io\qameta\allure\allure-junit-platform\2.18.1\allure-junit-platform-2.18.1.jar;C:\Users\ignacio\.m2\repository\io\qameta\allure\allure-java-commons\2.18.1\allure-java-commons-2.18.1.jar;C:\Users\ignacio\.m2\repository\io\qameta\allure\allure-model\2.18.1\allure-model-2.18.1.jar;C:\Users\ignacio\.m2\repository\io\qameta\allure\allure-test-filter\2.18.1\allure-test-filter-2.18.1.jar;C:\Users\ignacio\.m2\repository\org\junit\platform\junit-platform-launcher\1.8.2\junit-platform-launcher-1.8.2.jar;C:\Users\ignacio\.m2\repository\org\slf4j\slf4j-api\1.7.36\slf4j-api-1.7.36.jar;C:\Users\ignacio\.m2\repository\org\slf4j\slf4j-simple\1.7.36\slf4j-simple-1.7.36.jar;"/>
    <property name="allure.results.directory" value="C:\Users\ignacio\IdeaProjects\challengeignacio\target/allure-results"/>
    <property name="sun.cpu.endian" value="little"/>
    <property name="user.home" value="C:\Users\ignacio"/>
    <property name="user.language" value="pt"/>
    <property name="java.specification.vendor" value="Oracle Corporation"/>
    <property name="java.version.date" value="2022-09-20"/>
    <property name="java.home" value="C:\Program Files\Java\jdk-19"/>
    <property name="file.separator" value="\"/>
    <property name="basedir" value="C:\Users\ignacio\IdeaProjects\challengeignacio"/>
    <property name="java.vm.compressedOopsMode" value="Zero based"/>
    <property name="line.separator" value="&#10;"/>
    <property name="java.vm.specification.vendor" value="Oracle Corporation"/>
    <property name="java.specification.name" value="Java Platform API Specification"/>
    <property name="surefire.real.class.path" value="C:\Users\ignacio\AppData\Local\Temp\surefire12742228965454378841\surefirebooter-20221209105727494_3.jar"/>
    <property name="user.script" value=""/>
    <property name="sun.management.compiler" value="HotSpot 64-Bit Tiered Compilers"/>
    <property name="org.eclipse.jetty.http.HttpGenerator.STRICT" value="true"/>
    <property name="java.runtime.version" value="19+36-2238"/>
    <property name="user.name" value="ignacio"/>
    <property name="stdout.encoding" value="Cp1252"/>
    <property name="path.separator" value=";"/>
    <property name="os.version" value="10.0"/>
    <property name="java.runtime.name" value="Java(TM) SE Runtime Environment"/>
    <property name="file.encoding" value="UTF-8"/>
    <property name="java.vm.name" value="Java HotSpot(TM) 64-Bit Server VM"/>
    <property name="localRepository" value="C:\Users\ignacio\.m2\repository"/>
    <property name="javax.xml.xpath.XPathFactory:http://java.sun.com/jaxp/xpath/dom" value="com.sun.org.apache.xpath.internal.jaxp.XPathFactoryImpl"/>
    <property name="java.vendor.url.bug" value="https://bugreport.java.com/bugreport/"/>
    <property name="jetty.git.hash" value="bc17a0369a11ecf40bb92c839b9ef0a8ac50ea18"/>
    <property name="java.io.tmpdir" value="C:\Users\ignacio\AppData\Local\Temp\"/>
    <property name="java.version" value="19"/>
    <property name="user.dir" value="C:\Users\ignacio\IdeaProjects\challengeignacio"/>
    <property name="os.arch" value="amd64"/>
    <property name="java.vm.specification.name" value="Java Virtual Machine Specification"/>
    <property name="env" value="local"/>
    <property name="sun.os.patch.level" value=""/>
    <property name="native.encoding" value="Cp1252"/>
    <property name="java.library.path" value="C:\Program Files\Java\jdk-19\bin;C:\Windows\Sun\Java\bin;C:\Windows\system32;C:\Windows;C:\Program Files\Alacritty\;C:\Program Files\Common Files\Oracle\Java\javapath;E:\CUDA\bin;E:\CUDA\libnvvp;C:\Windows\system32;C:\Windows;C:\Windows\System32\Wbem;C:\Windows\System32\WindowsPowerShell\v1.0\;C:\Windows\System32\OpenSSH\;C:\Program Files\Git\cmd;C:\Program Files (x86)\NVIDIA Corporation\PhysX\Common;C:\Program Files\NVIDIA Corporation\NVIDIA NvDLISR;C:\Program Files\NVIDIA Corporation\Nsight Compute 2022.3.0\;C:\Program Files\Java\jdk-19\bin;C:\Program Files\apache-maven-3.8.6\bin;C:\Program Files\dotnet\;C:\Users\ignacio\scoop\apps\allure\2.20.1\bin;;C:\Program Files\Docker\Docker\resources\bin;C:\Users\ignacio\scoop\shims;C:\Users\ignacio\AppData\Local\Programs\Python\Python310\Scripts\;C:\Users\ignacio\AppData\Local\Programs\Python\Python310\;C:\Users\ignacio\AppData\Local\Programs\Python\Launcher\;C:\Users\ignacio\AppData\Local\Microsoft\WindowsApps;C:\Users\ignacio\AppData\Local\Programs\Microsoft VS Code\bin;C:\Program Files\JetBrains\IntelliJ IDEA Community Edition 2022.2.3\bin;C:\Python27;;."/>
    <property name="junit.jupiter.extensions.autodetection.enabled" value="true"/>
    <property name="java.vm.info" value="mixed mode, sharing"/>
    <property name="stderr.encoding" value="Cp1252"/>
    <property name="java.vendor" value="Oracle Corporation"/>
    <property name="java.vm.version" value="19+36-2238"/>
    <property name="sun.io.unicode.encoding" value="UnicodeLittle"/>
    <property name="javax.xml.transform.TransformerFactory" value="com.sun.org.apache.xalan.internal.xsltc.trax.TransformerFactoryImpl"/>
    <property name="java.class.version" value="63.0"/>
  </properties>
  <testcase name="deveRecusarPutCpfSemRestricao" classname="tests.Restricoes.TestPutRestricoes" time="0.313">
    <system-err><![CDATA[[ForkJoinPool-1-worker-4] INFO org.eclipse.jetty.util.log - Logging initialized @2175ms to org.eclipse.jetty.util.log.Slf4jLog
[ForkJoinPool-1-worker-2] INFO org.eclipse.jetty.server.Server - jetty-9.4.46.v20220331; built: 2022-03-31T16:38:08.030Z; git: bc17a0369a11ecf40bb92c839b9ef0a8ac50ea18; jvm 19+36-2238
[ForkJoinPool-1-worker-5] INFO org.eclipse.jetty.server.Server - jetty-9.4.46.v20220331; built: 2022-03-31T16:38:08.030Z; git: bc17a0369a11ecf40bb92c839b9ef0a8ac50ea18; jvm 19+36-2238
[ForkJoinPool-1-worker-3] INFO org.eclipse.jetty.server.Server - jetty-9.4.46.v20220331; built: 2022-03-31T16:38:08.030Z; git: bc17a0369a11ecf40bb92c839b9ef0a8ac50ea18; jvm 19+36-2238
[ForkJoinPool-1-worker-4] INFO org.eclipse.jetty.server.Server - jetty-9.4.46.v20220331; built: 2022-03-31T16:38:08.030Z; git: bc17a0369a11ecf40bb92c839b9ef0a8ac50ea18; jvm 19+36-2238
[ForkJoinPool-1-worker-4] INFO org.eclipse.jetty.server.handler.ContextHandler - Started o.e.j.s.ServletContextHandler@57321d26{/__admin,null,AVAILABLE}
[ForkJoinPool-1-worker-3] INFO org.eclipse.jetty.server.handler.ContextHandler - Started o.e.j.s.ServletContextHandler@1d3e971c{/__admin,null,AVAILABLE}
[ForkJoinPool-1-worker-2] INFO org.eclipse.jetty.server.handler.ContextHandler - Started o.e.j.s.ServletContextHandler@4d8510ea{/__admin,null,AVAILABLE}
[ForkJoinPool-1-worker-5] INFO org.eclipse.jetty.server.handler.ContextHandler - Started o.e.j.s.ServletContextHandler@6532e9a0{/__admin,null,AVAILABLE}
[ForkJoinPool-1-worker-4] INFO org.eclipse.jetty.server.handler.ContextHandler.ROOT - RequestHandlerClass from context returned com.github.tomakehurst.wiremock.http.StubRequestHandler. Normalized mapped under returned 'null'
[ForkJoinPool-1-worker-3] INFO org.eclipse.jetty.server.handler.ContextHandler.ROOT - RequestHandlerClass from context returned com.github.tomakehurst.wiremock.http.StubRequestHandler. Normalized mapped under returned 'null'
[ForkJoinPool-1-worker-5] INFO org.eclipse.jetty.server.handler.ContextHandler.ROOT - RequestHandlerClass from context returned com.github.tomakehurst.wiremock.http.StubRequestHandler. Normalized mapped under returned 'null'
[ForkJoinPool-1-worker-2] INFO org.eclipse.jetty.server.handler.ContextHandler.ROOT - RequestHandlerClass from context returned com.github.tomakehurst.wiremock.http.StubRequestHandler. Normalized mapped under returned 'null'
[ForkJoinPool-1-worker-3] INFO org.eclipse.jetty.server.handler.ContextHandler - Started o.e.j.s.ServletContextHandler@222149d9{/,null,AVAILABLE}
[ForkJoinPool-1-worker-2] INFO org.eclipse.jetty.server.handler.ContextHandler - Started o.e.j.s.ServletContextHandler@615000d0{/,null,AVAILABLE}
[ForkJoinPool-1-worker-5] INFO org.eclipse.jetty.server.handler.ContextHandler - Started o.e.j.s.ServletContextHandler@767dd7e{/,null,AVAILABLE}
[ForkJoinPool-1-worker-4] INFO org.eclipse.jetty.server.handler.ContextHandler - Started o.e.j.s.ServletContextHandler@4e87d160{/,null,AVAILABLE}
[ForkJoinPool-1-worker-5] INFO org.eclipse.jetty.server.AbstractConnector - Started NetworkTrafficServerConnector@1d5c32a7{HTTP/1.1, (http/1.1, h2c)}{0.0.0.0:9000}
[ForkJoinPool-1-worker-3] INFO org.eclipse.jetty.server.AbstractConnector - Started NetworkTrafficServerConnector@be60f67{HTTP/1.1, (http/1.1, h2c)}{0.0.0.0:9400}
[ForkJoinPool-1-worker-4] INFO org.eclipse.jetty.server.AbstractConnector - Started NetworkTrafficServerConnector@3e9f7952{HTTP/1.1, (http/1.1, h2c)}{0.0.0.0:9200}
[ForkJoinPool-1-worker-5] INFO org.eclipse.jetty.server.Server - Started @2617ms
[ForkJoinPool-1-worker-4] INFO org.eclipse.jetty.server.Server - Started @2617ms
[ForkJoinPool-1-worker-2] INFO org.eclipse.jetty.server.AbstractConnector - Started NetworkTrafficServerConnector@7da3a2c3{HTTP/1.1, (http/1.1, h2c)}{0.0.0.0:9600}
[ForkJoinPool-1-worker-3] INFO org.eclipse.jetty.server.Server - Started @2617ms
[ForkJoinPool-1-worker-2] INFO org.eclipse.jetty.server.Server - Started @2617ms
]]></system-err>
  </testcase>
  <testcase name="deveRecusarPutCpfRestricao" classname="tests.Restricoes.TestPutRestricoes" time="0.023"/>
  <testcase name="deveRecusarPutRaiz" classname="tests.Restricoes.TestPutRestricoes" time="0.622"/>
  <testcase name="deveFalharDeleteRaiz" classname="tests.Simulacoes.TestDeleteSimulacoes" time="0.985"/>
  <testcase name="deveDeletarSimulacao" classname="tests.Simulacoes.TestDeleteSimulacoes" time="1.267">
    <failure message="simulacao (1 failure)&#10;	java.lang.AssertionError: &#10;Expected: is &lt;204&gt;&#10;     but: was &lt;200&gt;" type="org.opentest4j.MultipleFailuresError"><![CDATA[org.opentest4j.MultipleFailuresError: 
simulacao (1 failure)
	java.lang.AssertionError: 
Expected: is <204>
     but: was <200>
	at org.junit.jupiter.api.AssertAll.assertAll(AssertAll.java:80)
	at org.junit.jupiter.api.AssertAll.assertAll(AssertAll.java:44)
	at org.junit.jupiter.api.Assertions.assertAll(Assertions.java:2928)
	at tests.Simulacoes.TestDeleteSimulacoes.deveDeletarSimulacao(TestDeleteSimulacoes.java:26)
	at java.base/jdk.internal.reflect.DirectMethodHandleAccessor.invoke(DirectMethodHandleAccessor.java:104)
	at java.base/java.lang.reflect.Method.invoke(Method.java:578)
	at org.junit.platform.commons.util.ReflectionUtils.invokeMethod(ReflectionUtils.java:727)
	at org.junit.jupiter.engine.execution.MethodInvocation.proceed(MethodInvocation.java:60)
	at org.junit.jupiter.engine.execution.InvocationInterceptorChain$ValidatingInvocation.proceed(InvocationInterceptorChain.java:131)
	at org.junit.jupiter.api.extension.InvocationInterceptor.interceptTestMethod(InvocationInterceptor.java:118)
	at org.junit.jupiter.engine.execution.InterceptingExecutableInvoker$ReflectiveInterceptorCall.lambda$ofVoidMethod$0(InterceptingExecutableInvoker.java:103)
	at org.junit.jupiter.engine.execution.InterceptingExecutableInvoker.lambda$invoke$0(InterceptingExecutableInvoker.java:93)
	at org.junit.jupiter.engine.execution.InvocationInterceptorChain$InterceptedInvocation.proceed(InvocationInterceptorChain.java:106)
	at org.junit.jupiter.engine.extension.TimeoutExtension.intercept(TimeoutExtension.java:156)
	at org.junit.jupiter.engine.extension.TimeoutExtension.interceptTestableMethod(TimeoutExtension.java:147)
	at org.junit.jupiter.engine.extension.TimeoutExtension.interceptTestMethod(TimeoutExtension.java:86)
	at org.junit.jupiter.engine.execution.InterceptingExecutableInvoker$ReflectiveInterceptorCall.lambda$ofVoidMethod$0(InterceptingExecutableInvoker.java:103)
	at org.junit.jupiter.engine.execution.InterceptingExecutableInvoker.lambda$invoke$0(InterceptingExecutableInvoker.java:93)
	at org.junit.jupiter.engine.execution.InvocationInterceptorChain$InterceptedInvocation.proceed(InvocationInterceptorChain.java:106)
	at org.junit.jupiter.engine.execution.InvocationInterceptorChain.proceed(InvocationInterceptorChain.java:64)
	at org.junit.jupiter.engine.execution.InvocationInterceptorChain.chainAndInvoke(InvocationInterceptorChain.java:45)
	at org.junit.jupiter.engine.execution.InvocationInterceptorChain.invoke(InvocationInterceptorChain.java:37)
	at org.junit.jupiter.engine.execution.InterceptingExecutableInvoker.invoke(InterceptingExecutableInvoker.java:92)
	at org.junit.jupiter.engine.execution.InterceptingExecutableInvoker.invoke(InterceptingExecutableInvoker.java:86)
	at org.junit.jupiter.engine.descriptor.TestMethodTestDescriptor.lambda$invokeTestMethod$7(TestMethodTestDescriptor.java:217)
	at org.junit.platform.engine.support.hierarchical.ThrowableCollector.execute(ThrowableCollector.java:73)
	at org.junit.jupiter.engine.descriptor.TestMethodTestDescriptor.invokeTestMethod(TestMethodTestDescriptor.java:213)
	at org.junit.jupiter.engine.descriptor.TestMethodTestDescriptor.execute(TestMethodTestDescriptor.java:138)
	at org.junit.jupiter.engine.descriptor.TestMethodTestDescriptor.execute(TestMethodTestDescriptor.java:68)
	at org.junit.platform.engine.support.hierarchical.NodeTestTask.lambda$executeRecursively$6(NodeTestTask.java:151)
	at org.junit.platform.engine.support.hierarchical.ThrowableCollector.execute(ThrowableCollector.java:73)
	at org.junit.platform.engine.support.hierarchical.NodeTestTask.lambda$executeRecursively$8(NodeTestTask.java:141)
	at org.junit.platform.engine.support.hierarchical.Node.around(Node.java:137)
	at org.junit.platform.engine.support.hierarchical.NodeTestTask.lambda$executeRecursively$9(NodeTestTask.java:139)
	at org.junit.platform.engine.support.hierarchical.ThrowableCollector.execute(ThrowableCollector.java:73)
	at org.junit.platform.engine.support.hierarchical.NodeTestTask.executeRecursively(NodeTestTask.java:138)
	at org.junit.platform.engine.support.hierarchical.NodeTestTask.execute(NodeTestTask.java:95)
	at org.junit.platform.engine.support.hierarchical.ForkJoinPoolHierarchicalTestExecutorService$ExclusiveTask.compute(ForkJoinPoolHierarchicalTestExecutorService.java:185)
	at java.base/java.util.concurrent.RecursiveAction.exec(RecursiveAction.java:194)
	at java.base/java.util.concurrent.ForkJoinTask.doExec(ForkJoinTask.java:387)
	at java.base/java.util.concurrent.ForkJoinPool$WorkQueue.topLevelExec(ForkJoinPool.java:1311)
	at java.base/java.util.concurrent.ForkJoinPool.scan(ForkJoinPool.java:1840)
	at java.base/java.util.concurrent.ForkJoinPool.runWorker(ForkJoinPool.java:1806)
	at java.base/java.util.concurrent.ForkJoinWorkerThread.run(ForkJoinWorkerThread.java:177)
	Suppressed: java.lang.AssertionError: 
Expected: is <204>
     but: was <200>
		at org.hamcrest.MatcherAssert.assertThat(MatcherAssert.java:18)
		at org.hamcrest.MatcherAssert.assertThat(MatcherAssert.java:6)
		at tests.Simulacoes.TestDeleteSimulacoes.lambda$deveDeletarSimulacao$1(TestDeleteSimulacoes.java:28)
		at org.junit.jupiter.api.AssertAll.lambda$assertAll$0(AssertAll.java:68)
		at java.base/java.util.stream.ReferencePipeline$3$1.accept(ReferencePipeline.java:197)
		at java.base/java.util.Spliterators$ArraySpliterator.forEachRemaining(Spliterators.java:1006)
		at java.base/java.util.stream.AbstractPipeline.copyInto(AbstractPipeline.java:509)
		at java.base/java.util.stream.AbstractPipeline.wrapAndCopyInto(AbstractPipeline.java:499)
		at java.base/java.util.stream.ReduceOps$ReduceOp.evaluateSequential(ReduceOps.java:921)
		at java.base/java.util.stream.AbstractPipeline.evaluate(AbstractPipeline.java:234)
		at java.base/java.util.stream.ReferencePipeline.collect(ReferencePipeline.java:682)
		at org.junit.jupiter.api.AssertAll.assertAll(AssertAll.java:77)
		... 43 more
]]></failure>
  </testcase>
  <testcase name="deveFalharDeleteSimulacao" classname="tests.Simulacoes.TestDeleteSimulacoes" time="0.662">
    <failure message="simulacao (2 failures)&#10;	java.lang.IllegalStateException: Cannot determine which path implementation to use because the content-type text/plain;charset=UTF-8 doesn&apos;t map to a path implementation.&#10;	java.lang.AssertionError: &#10;Expected: is &lt;404&gt;&#10;     but: was &lt;200&gt;" type="org.opentest4j.MultipleFailuresError"><![CDATA[org.opentest4j.MultipleFailuresError: 
simulacao (2 failures)
	java.lang.IllegalStateException: Cannot determine which path implementation to use because the content-type text/plain;charset=UTF-8 doesn't map to a path implementation.
	java.lang.AssertionError: 
Expected: is <404>
     but: was <200>
	at org.junit.jupiter.api.AssertAll.assertAll(AssertAll.java:80)
	at org.junit.jupiter.api.AssertAll.assertAll(AssertAll.java:44)
	at org.junit.jupiter.api.Assertions.assertAll(Assertions.java:2928)
	at tests.Simulacoes.TestDeleteSimulacoes.deveFalharDeleteSimulacao(TestDeleteSimulacoes.java:38)
	at java.base/jdk.internal.reflect.DirectMethodHandleAccessor.invoke(DirectMethodHandleAccessor.java:104)
	at java.base/java.lang.reflect.Method.invoke(Method.java:578)
	at org.junit.platform.commons.util.ReflectionUtils.invokeMethod(ReflectionUtils.java:727)
	at org.junit.jupiter.engine.execution.MethodInvocation.proceed(MethodInvocation.java:60)
	at org.junit.jupiter.engine.execution.InvocationInterceptorChain$ValidatingInvocation.proceed(InvocationInterceptorChain.java:131)
	at org.junit.jupiter.api.extension.InvocationInterceptor.interceptTestMethod(InvocationInterceptor.java:118)
	at org.junit.jupiter.engine.execution.InterceptingExecutableInvoker$ReflectiveInterceptorCall.lambda$ofVoidMethod$0(InterceptingExecutableInvoker.java:103)
	at org.junit.jupiter.engine.execution.InterceptingExecutableInvoker.lambda$invoke$0(InterceptingExecutableInvoker.java:93)
	at org.junit.jupiter.engine.execution.InvocationInterceptorChain$InterceptedInvocation.proceed(InvocationInterceptorChain.java:106)
	at org.junit.jupiter.engine.extension.TimeoutExtension.intercept(TimeoutExtension.java:156)
	at org.junit.jupiter.engine.extension.TimeoutExtension.interceptTestableMethod(TimeoutExtension.java:147)
	at org.junit.jupiter.engine.extension.TimeoutExtension.interceptTestMethod(TimeoutExtension.java:86)
	at org.junit.jupiter.engine.execution.InterceptingExecutableInvoker$ReflectiveInterceptorCall.lambda$ofVoidMethod$0(InterceptingExecutableInvoker.java:103)
	at org.junit.jupiter.engine.execution.InterceptingExecutableInvoker.lambda$invoke$0(InterceptingExecutableInvoker.java:93)
	at org.junit.jupiter.engine.execution.InvocationInterceptorChain$InterceptedInvocation.proceed(InvocationInterceptorChain.java:106)
	at org.junit.jupiter.engine.execution.InvocationInterceptorChain.proceed(InvocationInterceptorChain.java:64)
	at org.junit.jupiter.engine.execution.InvocationInterceptorChain.chainAndInvoke(InvocationInterceptorChain.java:45)
	at org.junit.jupiter.engine.execution.InvocationInterceptorChain.invoke(InvocationInterceptorChain.java:37)
	at org.junit.jupiter.engine.execution.InterceptingExecutableInvoker.invoke(InterceptingExecutableInvoker.java:92)
	at org.junit.jupiter.engine.execution.InterceptingExecutableInvoker.invoke(InterceptingExecutableInvoker.java:86)
	at org.junit.jupiter.engine.descriptor.TestMethodTestDescriptor.lambda$invokeTestMethod$7(TestMethodTestDescriptor.java:217)
	at org.junit.platform.engine.support.hierarchical.ThrowableCollector.execute(ThrowableCollector.java:73)
	at org.junit.jupiter.engine.descriptor.TestMethodTestDescriptor.invokeTestMethod(TestMethodTestDescriptor.java:213)
	at org.junit.jupiter.engine.descriptor.TestMethodTestDescriptor.execute(TestMethodTestDescriptor.java:138)
	at org.junit.jupiter.engine.descriptor.TestMethodTestDescriptor.execute(TestMethodTestDescriptor.java:68)
	at org.junit.platform.engine.support.hierarchical.NodeTestTask.lambda$executeRecursively$6(NodeTestTask.java:151)
	at org.junit.platform.engine.support.hierarchical.ThrowableCollector.execute(ThrowableCollector.java:73)
	at org.junit.platform.engine.support.hierarchical.NodeTestTask.lambda$executeRecursively$8(NodeTestTask.java:141)
	at org.junit.platform.engine.support.hierarchical.Node.around(Node.java:137)
	at org.junit.platform.engine.support.hierarchical.NodeTestTask.lambda$executeRecursively$9(NodeTestTask.java:139)
	at org.junit.platform.engine.support.hierarchical.ThrowableCollector.execute(ThrowableCollector.java:73)
	at org.junit.platform.engine.support.hierarchical.NodeTestTask.executeRecursively(NodeTestTask.java:138)
	at org.junit.platform.engine.support.hierarchical.NodeTestTask.execute(NodeTestTask.java:95)
	at org.junit.platform.engine.support.hierarchical.ForkJoinPoolHierarchicalTestExecutorService$ExclusiveTask.compute(ForkJoinPoolHierarchicalTestExecutorService.java:185)
	at java.base/java.util.concurrent.RecursiveAction.exec(RecursiveAction.java:194)
	at java.base/java.util.concurrent.ForkJoinTask.doExec(ForkJoinTask.java:387)
	at java.base/java.util.concurrent.ForkJoinPool$WorkQueue.tryRemoveAndExec(ForkJoinPool.java:1350)
	at java.base/java.util.concurrent.ForkJoinTask.awaitDone(ForkJoinTask.java:422)
	at java.base/java.util.concurrent.ForkJoinTask.join(ForkJoinTask.java:651)
	at org.junit.platform.engine.support.hierarchical.ForkJoinPoolHierarchicalTestExecutorService.joinConcurrentTasksInReverseOrderToEnableWorkStealing(ForkJoinPoolHierarchicalTestExecutorService.java:162)
	at org.junit.platform.engine.support.hierarchical.ForkJoinPoolHierarchicalTestExecutorService.invokeAll(ForkJoinPoolHierarchicalTestExecutorService.java:136)
	at org.junit.platform.engine.support.hierarchical.NodeTestTask.lambda$executeRecursively$6(NodeTestTask.java:155)
	at org.junit.platform.engine.support.hierarchical.ThrowableCollector.execute(ThrowableCollector.java:73)
	at org.junit.platform.engine.support.hierarchical.NodeTestTask.lambda$executeRecursively$8(NodeTestTask.java:141)
	at org.junit.platform.engine.support.hierarchical.Node.around(Node.java:137)
	at org.junit.platform.engine.support.hierarchical.NodeTestTask.lambda$executeRecursively$9(NodeTestTask.java:139)
	at org.junit.platform.engine.support.hierarchical.ThrowableCollector.execute(ThrowableCollector.java:73)
	at org.junit.platform.engine.support.hierarchical.NodeTestTask.executeRecursively(NodeTestTask.java:138)
	at org.junit.platform.engine.support.hierarchical.NodeTestTask.execute(NodeTestTask.java:95)
	at org.junit.platform.engine.support.hierarchical.ForkJoinPoolHierarchicalTestExecutorService$ExclusiveTask.compute(ForkJoinPoolHierarchicalTestExecutorService.java:185)
	at java.base/java.util.concurrent.RecursiveAction.exec(RecursiveAction.java:194)
	at java.base/java.util.concurrent.ForkJoinTask.doExec(ForkJoinTask.java:387)
	at java.base/java.util.concurrent.ForkJoinPool$WorkQueue.topLevelExec(ForkJoinPool.java:1311)
	at java.base/java.util.concurrent.ForkJoinPool.scan(ForkJoinPool.java:1840)
	at java.base/java.util.concurrent.ForkJoinPool.runWorker(ForkJoinPool.java:1806)
	at java.base/java.util.concurrent.ForkJoinWorkerThread.run(ForkJoinWorkerThread.java:177)
	Suppressed: java.lang.IllegalStateException: Cannot determine which path implementation to use because the content-type text/plain;charset=UTF-8 doesn't map to a path implementation.
		at java.base/jdk.internal.reflect.DirectConstructorHandleAccessor.newInstance(DirectConstructorHandleAccessor.java:67)
		at java.base/java.lang.reflect.Constructor.newInstanceWithCaller(Constructor.java:500)
		at java.base/java.lang.reflect.Constructor.newInstance(Constructor.java:484)
		at org.codehaus.groovy.reflection.CachedConstructor.invoke(CachedConstructor.java:73)
		at org.codehaus.groovy.reflection.CachedConstructor.doConstructorInvoke(CachedConstructor.java:60)
		at org.codehaus.groovy.runtime.callsite.ConstructorSite$ConstructorSiteNoUnwrap.callConstructor(ConstructorSite.java:86)
		at org.codehaus.groovy.runtime.callsite.CallSiteArray.defaultCallConstructor(CallSiteArray.java:58)
		at org.codehaus.groovy.runtime.callsite.AbstractCallSite.callConstructor(AbstractCallSite.java:263)
		at org.codehaus.groovy.runtime.callsite.AbstractCallSite.callConstructor(AbstractCallSite.java:277)
		at io.restassured.internal.RestAssuredResponseOptionsGroovyImpl.path(RestAssuredResponseOptionsGroovyImpl.groovy:416)
		at io.restassured.internal.RestAssuredResponseOptionsImpl.path(RestAssuredResponseOptionsImpl.java:230)
		at tests.Simulacoes.TestDeleteSimulacoes.lambda$deveFalharDeleteSimulacao$2(TestDeleteSimulacoes.java:39)
		at org.junit.jupiter.api.AssertAll.lambda$assertAll$0(AssertAll.java:68)
		at java.base/java.util.stream.ReferencePipeline$3$1.accept(ReferencePipeline.java:197)
		at java.base/java.util.Spliterators$ArraySpliterator.forEachRemaining(Spliterators.java:1006)
		at java.base/java.util.stream.AbstractPipeline.copyInto(AbstractPipeline.java:509)
		at java.base/java.util.stream.AbstractPipeline.wrapAndCopyInto(AbstractPipeline.java:499)
		at java.base/java.util.stream.ReduceOps$ReduceOp.evaluateSequential(ReduceOps.java:921)
		at java.base/java.util.stream.AbstractPipeline.evaluate(AbstractPipeline.java:234)
		at java.base/java.util.stream.ReferencePipeline.collect(ReferencePipeline.java:682)
		at org.junit.jupiter.api.AssertAll.assertAll(AssertAll.java:77)
		... 59 more
	Suppressed: java.lang.AssertionError: 
Expected: is <404>
     but: was <200>
		at org.hamcrest.MatcherAssert.assertThat(MatcherAssert.java:18)
		at org.hamcrest.MatcherAssert.assertThat(MatcherAssert.java:6)
		at tests.Simulacoes.TestDeleteSimulacoes.lambda$deveFalharDeleteSimulacao$3(TestDeleteSimulacoes.java:40)
		at org.junit.jupiter.api.AssertAll.lambda$assertAll$0(AssertAll.java:68)
		at java.base/java.util.stream.ReferencePipeline$3$1.accept(ReferencePipeline.java:197)
		at java.base/java.util.Spliterators$ArraySpliterator.forEachRemaining(Spliterators.java:1006)
		at java.base/java.util.stream.AbstractPipeline.copyInto(AbstractPipeline.java:509)
		at java.base/java.util.stream.AbstractPipeline.wrapAndCopyInto(AbstractPipeline.java:499)
		at java.base/java.util.stream.ReduceOps$ReduceOp.evaluateSequential(ReduceOps.java:921)
		at java.base/java.util.stream.AbstractPipeline.evaluate(AbstractPipeline.java:234)
		at java.base/java.util.stream.ReferencePipeline.collect(ReferencePipeline.java:682)
		at org.junit.jupiter.api.AssertAll.assertAll(AssertAll.java:77)
		... 59 more
]]></failure>
  </testcase>
  <testcase name="deveFalharValorAlto" classname="tests.Simulacoes.TestPostSimulacoes" time="0.115"/>
  <testcase name="deveCadastrarValorMenorQueOMaximo" classname="tests.Simulacoes.TestPostSimulacoes" time="0.649"/>
  <testcase name="deveRecusarDeleteCpfSemRestricao" classname="tests.Restricoes.TestDeleteRestricoes" time="0.314"/>
  <testcase name="deveRecusarDeleteCpfRestricao" classname="tests.Restricoes.TestDeleteRestricoes" time="0.022"/>
  <testcase name="deveRecusarDeleteRaiz" classname="tests.Restricoes.TestDeleteRestricoes" time="0.621"/>
  <testcase name="deveValidarSchemaSimulacaoEditada" classname="tests.Simulacoes.TestPutSimulacoes" time="1.284">
    <failure message="&#10;Expected: The content to match the given JSON schema.&#10;warning: the following keywords are unknown and will be ignored: [$id, examples]&#10;    level: &quot;warning&quot;&#10;    schema: {&quot;loadingURI&quot;:&quot;#&quot;,&quot;pointer&quot;:&quot;&quot;}&#10;    domain: &quot;syntax&quot;&#10;    ignored: [&quot;$id&quot;,&quot;examples&quot;]&#10;warning: the following keywords are unknown and will be ignored: [examples]&#10;    level: &quot;warning&quot;&#10;    schema: {&quot;loadingURI&quot;:&quot;#&quot;,&quot;pointer&quot;:&quot;/properties/cpf&quot;}&#10;    domain: &quot;syntax&quot;&#10;    ignored: [&quot;examples&quot;]&#10;warning: the following keywords are unknown and will be ignored: [examples]&#10;    level: &quot;warning&quot;&#10;    schema: {&quot;loadingURI&quot;:&quot;#&quot;,&quot;pointer&quot;:&quot;/properties/email&quot;}&#10;    domain: &quot;syntax&quot;&#10;    ignored: [&quot;examples&quot;]&#10;warning: the following keywords are unknown and will be ignored: [examples]&#10;    level: &quot;warning&quot;&#10;    schema: {&quot;loadingURI&quot;:&quot;#&quot;,&quot;pointer&quot;:&quot;/properties/nome&quot;}&#10;    domain: &quot;syntax&quot;&#10;    ignored: [&quot;examples&quot;]&#10;warning: the following keywords are unknown and will be ignored: [examples]&#10;    level: &quot;warning&quot;&#10;    schema: {&quot;loadingURI&quot;:&quot;#&quot;,&quot;pointer&quot;:&quot;/properties/parcelas&quot;}&#10;    domain: &quot;syntax&quot;&#10;    ignored: [&quot;examples&quot;]&#10;warning: the following keywords are unknown and will be ignored: [examples]&#10;    level: &quot;warning&quot;&#10;    schema: {&quot;loadingURI&quot;:&quot;#&quot;,&quot;pointer&quot;:&quot;/properties/seguro&quot;}&#10;    domain: &quot;syntax&quot;&#10;    ignored: [&quot;examples&quot;]&#10;warning: the following keywords are unknown and will be ignored: [examples]&#10;    level: &quot;warning&quot;&#10;    schema: {&quot;loadingURI&quot;:&quot;#&quot;,&quot;pointer&quot;:&quot;/properties/valor&quot;}&#10;    domain: &quot;syntax&quot;&#10;    ignored: [&quot;examples&quot;]&#10;warning: the following keywords are unknown and will be ignored: [examples]&#10;    level: &quot;warning&quot;&#10;    schema: {&quot;loadingURI&quot;:&quot;#&quot;,&quot;pointer&quot;:&quot;/properties/cpf&quot;}&#10;    domain: &quot;syntax&quot;&#10;    ignored: [&quot;examples&quot;]&#10;error: instance type (string) does not match any allowed primitive type (allowed: [&quot;integer&quot;])&#10;    level: &quot;error&quot;&#10;    schema: {&quot;loadingURI&quot;:&quot;#&quot;,&quot;pointer&quot;:&quot;/properties/cpf&quot;}&#10;    instance: {&quot;pointer&quot;:&quot;/cpf&quot;}&#10;    domain: &quot;validation&quot;&#10;    keyword: &quot;type&quot;&#10;    found: &quot;string&quot;&#10;    expected: [&quot;integer&quot;]&#10;warning: the following keywords are unknown and will be ignored: [examples]&#10;    level: &quot;warning&quot;&#10;    schema: {&quot;loadingURI&quot;:&quot;#&quot;,&quot;pointer&quot;:&quot;/properties/email&quot;}&#10;    domain: &quot;syntax&quot;&#10;    ignored: [&quot;examples&quot;]&#10;warning: the following keywords are unknown and will be ignored: [examples]&#10;    level: &quot;warning&quot;&#10;    schema: {&quot;loadingURI&quot;:&quot;#&quot;,&quot;pointer&quot;:&quot;/properties/nome&quot;}&#10;    domain: &quot;syntax&quot;&#10;    ignored: [&quot;examples&quot;]&#10;warning: the following keywords are unknown and will be ignored: [examples]&#10;    level: &quot;warning&quot;&#10;    schema: {&quot;loadingURI&quot;:&quot;#&quot;,&quot;pointer&quot;:&quot;/properties/parcelas&quot;}&#10;    domain: &quot;syntax&quot;&#10;    ignored: [&quot;examples&quot;]&#10;warning: the following keywords are unknown and will be ignored: [examples]&#10;    level: &quot;warning&quot;&#10;    schema: {&quot;loadingURI&quot;:&quot;#&quot;,&quot;pointer&quot;:&quot;/properties/seguro&quot;}&#10;    domain: &quot;syntax&quot;&#10;    ignored: [&quot;examples&quot;]&#10;warning: the following keywords are unknown and will be ignored: [examples]&#10;    level: &quot;warning&quot;&#10;    schema: {&quot;loadingURI&quot;:&quot;#&quot;,&quot;pointer&quot;:&quot;/properties/valor&quot;}&#10;    domain: &quot;syntax&quot;&#10;    ignored: [&quot;examples&quot;]&#10;error: instance type (number) does not match any allowed primitive type (allowed: [&quot;integer&quot;])&#10;    level: &quot;error&quot;&#10;    schema: {&quot;loadingURI&quot;:&quot;#&quot;,&quot;pointer&quot;:&quot;/properties/valor&quot;}&#10;    instance: {&quot;pointer&quot;:&quot;/valor&quot;}&#10;    domain: &quot;validation&quot;&#10;    keyword: &quot;type&quot;&#10;    found: &quot;number&quot;&#10;    expected: [&quot;integer&quot;]&#10;&#10;     but: was &quot;{\&quot;id\&quot;:482,\&quot;nome\&quot;:\&quot;Emanuelly\&quot;,\&quot;cpf\&quot;:\&quot;99865758732\&quot;,\&quot;email\&quot;:\&quot;silvia.aparicio@gmail.com\&quot;,\&quot;valor\&quot;:2583.00,\&quot;parcelas\&quot;:28,\&quot;seguro\&quot;:true}&quot;" type="java.lang.AssertionError"><![CDATA[java.lang.AssertionError: 

Expected: The content to match the given JSON schema.
warning: the following keywords are unknown and will be ignored: [$id, examples]
    level: "warning"
    schema: {"loadingURI":"#","pointer":""}
    domain: "syntax"
    ignored: ["$id","examples"]
warning: the following keywords are unknown and will be ignored: [examples]
    level: "warning"
    schema: {"loadingURI":"#","pointer":"/properties/cpf"}
    domain: "syntax"
    ignored: ["examples"]
warning: the following keywords are unknown and will be ignored: [examples]
    level: "warning"
    schema: {"loadingURI":"#","pointer":"/properties/email"}
    domain: "syntax"
    ignored: ["examples"]
warning: the following keywords are unknown and will be ignored: [examples]
    level: "warning"
    schema: {"loadingURI":"#","pointer":"/properties/nome"}
    domain: "syntax"
    ignored: ["examples"]
warning: the following keywords are unknown and will be ignored: [examples]
    level: "warning"
    schema: {"loadingURI":"#","pointer":"/properties/parcelas"}
    domain: "syntax"
    ignored: ["examples"]
warning: the following keywords are unknown and will be ignored: [examples]
    level: "warning"
    schema: {"loadingURI":"#","pointer":"/properties/seguro"}
    domain: "syntax"
    ignored: ["examples"]
warning: the following keywords are unknown and will be ignored: [examples]
    level: "warning"
    schema: {"loadingURI":"#","pointer":"/properties/valor"}
    domain: "syntax"
    ignored: ["examples"]
warning: the following keywords are unknown and will be ignored: [examples]
    level: "warning"
    schema: {"loadingURI":"#","pointer":"/properties/cpf"}
    domain: "syntax"
    ignored: ["examples"]
error: instance type (string) does not match any allowed primitive type (allowed: ["integer"])
    level: "error"
    schema: {"loadingURI":"#","pointer":"/properties/cpf"}
    instance: {"pointer":"/cpf"}
    domain: "validation"
    keyword: "type"
    found: "string"
    expected: ["integer"]
warning: the following keywords are unknown and will be ignored: [examples]
    level: "warning"
    schema: {"loadingURI":"#","pointer":"/properties/email"}
    domain: "syntax"
    ignored: ["examples"]
warning: the following keywords are unknown and will be ignored: [examples]
    level: "warning"
    schema: {"loadingURI":"#","pointer":"/properties/nome"}
    domain: "syntax"
    ignored: ["examples"]
warning: the following keywords are unknown and will be ignored: [examples]
    level: "warning"
    schema: {"loadingURI":"#","pointer":"/properties/parcelas"}
    domain: "syntax"
    ignored: ["examples"]
warning: the following keywords are unknown and will be ignored: [examples]
    level: "warning"
    schema: {"loadingURI":"#","pointer":"/properties/seguro"}
    domain: "syntax"
    ignored: ["examples"]
warning: the following keywords are unknown and will be ignored: [examples]
    level: "warning"
    schema: {"loadingURI":"#","pointer":"/properties/valor"}
    domain: "syntax"
    ignored: ["examples"]
error: instance type (number) does not match any allowed primitive type (allowed: ["integer"])
    level: "error"
    schema: {"loadingURI":"#","pointer":"/properties/valor"}
    instance: {"pointer":"/valor"}
    domain: "validation"
    keyword: "type"
    found: "number"
    expected: ["integer"]

     but: was "{\"id\":482,\"nome\":\"Emanuelly\",\"cpf\":\"99865758732\",\"email\":\"silvia.aparicio@gmail.com\",\"valor\":2583.00,\"parcelas\":28,\"seguro\":true}"
	at org.hamcrest.MatcherAssert.assertThat(MatcherAssert.java:18)
	at org.hamcrest.MatcherAssert.assertThat(MatcherAssert.java:6)
	at tests.Simulacoes.TestPutSimulacoes.deveValidarSchemaSimulacaoEditada(TestPutSimulacoes.java:203)
	at java.base/jdk.internal.reflect.DirectMethodHandleAccessor.invoke(DirectMethodHandleAccessor.java:104)
	at java.base/java.lang.reflect.Method.invoke(Method.java:578)
	at org.junit.platform.commons.util.ReflectionUtils.invokeMethod(ReflectionUtils.java:727)
	at org.junit.jupiter.engine.execution.MethodInvocation.proceed(MethodInvocation.java:60)
	at org.junit.jupiter.engine.execution.InvocationInterceptorChain$ValidatingInvocation.proceed(InvocationInterceptorChain.java:131)
	at org.junit.jupiter.api.extension.InvocationInterceptor.interceptTestMethod(InvocationInterceptor.java:118)
	at org.junit.jupiter.engine.execution.InterceptingExecutableInvoker$ReflectiveInterceptorCall.lambda$ofVoidMethod$0(InterceptingExecutableInvoker.java:103)
	at org.junit.jupiter.engine.execution.InterceptingExecutableInvoker.lambda$invoke$0(InterceptingExecutableInvoker.java:93)
	at org.junit.jupiter.engine.execution.InvocationInterceptorChain$InterceptedInvocation.proceed(InvocationInterceptorChain.java:106)
	at org.junit.jupiter.engine.extension.TimeoutExtension.intercept(TimeoutExtension.java:156)
	at org.junit.jupiter.engine.extension.TimeoutExtension.interceptTestableMethod(TimeoutExtension.java:147)
	at org.junit.jupiter.engine.extension.TimeoutExtension.interceptTestMethod(TimeoutExtension.java:86)
	at org.junit.jupiter.engine.execution.InterceptingExecutableInvoker$ReflectiveInterceptorCall.lambda$ofVoidMethod$0(InterceptingExecutableInvoker.java:103)
	at org.junit.jupiter.engine.execution.InterceptingExecutableInvoker.lambda$invoke$0(InterceptingExecutableInvoker.java:93)
	at org.junit.jupiter.engine.execution.InvocationInterceptorChain$InterceptedInvocation.proceed(InvocationInterceptorChain.java:106)
	at org.junit.jupiter.engine.execution.InvocationInterceptorChain.proceed(InvocationInterceptorChain.java:64)
	at org.junit.jupiter.engine.execution.InvocationInterceptorChain.chainAndInvoke(InvocationInterceptorChain.java:45)
	at org.junit.jupiter.engine.execution.InvocationInterceptorChain.invoke(InvocationInterceptorChain.java:37)
	at org.junit.jupiter.engine.execution.InterceptingExecutableInvoker.invoke(InterceptingExecutableInvoker.java:92)
	at org.junit.jupiter.engine.execution.InterceptingExecutableInvoker.invoke(InterceptingExecutableInvoker.java:86)
	at org.junit.jupiter.engine.descriptor.TestMethodTestDescriptor.lambda$invokeTestMethod$7(TestMethodTestDescriptor.java:217)
	at org.junit.platform.engine.support.hierarchical.ThrowableCollector.execute(ThrowableCollector.java:73)
	at org.junit.jupiter.engine.descriptor.TestMethodTestDescriptor.invokeTestMethod(TestMethodTestDescriptor.java:213)
	at org.junit.jupiter.engine.descriptor.TestMethodTestDescriptor.execute(TestMethodTestDescriptor.java:138)
	at org.junit.jupiter.engine.descriptor.TestMethodTestDescriptor.execute(TestMethodTestDescriptor.java:68)
	at org.junit.platform.engine.support.hierarchical.NodeTestTask.lambda$executeRecursively$6(NodeTestTask.java:151)
	at org.junit.platform.engine.support.hierarchical.ThrowableCollector.execute(ThrowableCollector.java:73)
	at org.junit.platform.engine.support.hierarchical.NodeTestTask.lambda$executeRecursively$8(NodeTestTask.java:141)
	at org.junit.platform.engine.support.hierarchical.Node.around(Node.java:137)
	at org.junit.platform.engine.support.hierarchical.NodeTestTask.lambda$executeRecursively$9(NodeTestTask.java:139)
	at org.junit.platform.engine.support.hierarchical.ThrowableCollector.execute(ThrowableCollector.java:73)
	at org.junit.platform.engine.support.hierarchical.NodeTestTask.executeRecursively(NodeTestTask.java:138)
	at org.junit.platform.engine.support.hierarchical.NodeTestTask.execute(NodeTestTask.java:95)
	at org.junit.platform.engine.support.hierarchical.ForkJoinPoolHierarchicalTestExecutorService$ExclusiveTask.compute(ForkJoinPoolHierarchicalTestExecutorService.java:185)
	at java.base/java.util.concurrent.RecursiveAction.exec(RecursiveAction.java:194)
	at java.base/java.util.concurrent.ForkJoinTask.doExec(ForkJoinTask.java:387)
	at java.base/java.util.concurrent.ForkJoinPool$WorkQueue.tryRemoveAndExec(ForkJoinPool.java:1350)
	at java.base/java.util.concurrent.ForkJoinTask.awaitDone(ForkJoinTask.java:422)
	at java.base/java.util.concurrent.ForkJoinTask.join(ForkJoinTask.java:651)
	at org.junit.platform.engine.support.hierarchical.ForkJoinPoolHierarchicalTestExecutorService.joinConcurrentTasksInReverseOrderToEnableWorkStealing(ForkJoinPoolHierarchicalTestExecutorService.java:162)
	at org.junit.platform.engine.support.hierarchical.ForkJoinPoolHierarchicalTestExecutorService.invokeAll(ForkJoinPoolHierarchicalTestExecutorService.java:136)
	at org.junit.platform.engine.support.hierarchical.NodeTestTask.lambda$executeRecursively$6(NodeTestTask.java:155)
	at org.junit.platform.engine.support.hierarchical.ThrowableCollector.execute(ThrowableCollector.java:73)
	at org.junit.platform.engine.support.hierarchical.NodeTestTask.lambda$executeRecursively$8(NodeTestTask.java:141)
	at org.junit.platform.engine.support.hierarchical.Node.around(Node.java:137)
	at org.junit.platform.engine.support.hierarchical.NodeTestTask.lambda$executeRecursively$9(NodeTestTask.java:139)
	at org.junit.platform.engine.support.hierarchical.ThrowableCollector.execute(ThrowableCollector.java:73)
	at org.junit.platform.engine.support.hierarchical.NodeTestTask.executeRecursively(NodeTestTask.java:138)
	at org.junit.platform.engine.support.hierarchical.NodeTestTask.execute(NodeTestTask.java:95)
	at org.junit.platform.engine.support.hierarchical.ForkJoinPoolHierarchicalTestExecutorService$ExclusiveTask.compute(ForkJoinPoolHierarchicalTestExecutorService.java:185)
	at java.base/java.util.concurrent.RecursiveAction.exec(RecursiveAction.java:194)
	at java.base/java.util.concurrent.ForkJoinTask.doExec(ForkJoinTask.java:387)
	at java.base/java.util.concurrent.ForkJoinPool$WorkQueue.tryRemoveAndExec(ForkJoinPool.java:1350)
	at java.base/java.util.concurrent.ForkJoinTask.awaitDone(ForkJoinTask.java:422)
	at java.base/java.util.concurrent.ForkJoinTask.join(ForkJoinTask.java:651)
	at org.junit.platform.engine.support.hierarchical.ForkJoinPoolHierarchicalTestExecutorService.joinConcurrentTasksInReverseOrderToEnableWorkStealing(ForkJoinPoolHierarchicalTestExecutorService.java:162)
	at org.junit.platform.engine.support.hierarchical.ForkJoinPoolHierarchicalTestExecutorService.invokeAll(ForkJoinPoolHierarchicalTestExecutorService.java:136)
	at org.junit.platform.engine.support.hierarchical.NodeTestTask.lambda$executeRecursively$6(NodeTestTask.java:155)
	at org.junit.platform.engine.support.hierarchical.ThrowableCollector.execute(ThrowableCollector.java:73)
	at org.junit.platform.engine.support.hierarchical.NodeTestTask.lambda$executeRecursively$8(NodeTestTask.java:141)
	at org.junit.platform.engine.support.hierarchical.Node.around(Node.java:137)
	at org.junit.platform.engine.support.hierarchical.NodeTestTask.lambda$executeRecursively$9(NodeTestTask.java:139)
	at org.junit.platform.engine.support.hierarchical.ThrowableCollector.execute(ThrowableCollector.java:73)
	at org.junit.platform.engine.support.hierarchical.NodeTestTask.executeRecursively(NodeTestTask.java:138)
	at org.junit.platform.engine.support.hierarchical.NodeTestTask.execute(NodeTestTask.java:95)
	at org.junit.platform.engine.support.hierarchical.ForkJoinPoolHierarchicalTestExecutorService$ExclusiveTask.compute(ForkJoinPoolHierarchicalTestExecutorService.java:185)
	at java.base/java.util.concurrent.RecursiveAction.exec(RecursiveAction.java:194)
	at java.base/java.util.concurrent.ForkJoinTask.doExec(ForkJoinTask.java:387)
	at java.base/java.util.concurrent.ForkJoinPool$WorkQueue.topLevelExec(ForkJoinPool.java:1311)
	at java.base/java.util.concurrent.ForkJoinPool.scan(ForkJoinPool.java:1840)
	at java.base/java.util.concurrent.ForkJoinPool.runWorker(ForkJoinPool.java:1806)
	at java.base/java.util.concurrent.ForkJoinWorkerThread.run(ForkJoinWorkerThread.java:177)
]]></failure>
  </testcase>
  <testcase name="deveFalharPutSimulacaoInexistente" classname="tests.Simulacoes.TestPutSimulacoes" time="0.348">
    <failure message="simulacao (1 failure)&#10;	java.lang.AssertionError: &#10;Expected: &quot;CPF não encontrado&quot;&#10;     but: was &quot;CPF 00203100868 não encontrado&quot;" type="org.opentest4j.MultipleFailuresError"><![CDATA[org.opentest4j.MultipleFailuresError: 
simulacao (1 failure)
	java.lang.AssertionError: 
Expected: "CPF não encontrado"
     but: was "CPF 00203100868 não encontrado"
	at org.junit.jupiter.api.AssertAll.assertAll(AssertAll.java:80)
	at org.junit.jupiter.api.AssertAll.assertAll(AssertAll.java:44)
	at org.junit.jupiter.api.Assertions.assertAll(Assertions.java:2928)
	at tests.Simulacoes.TestPutSimulacoes.deveFalharPutSimulacaoInexistente(TestPutSimulacoes.java:52)
	at java.base/jdk.internal.reflect.DirectMethodHandleAccessor.invoke(DirectMethodHandleAccessor.java:104)
	at java.base/java.lang.reflect.Method.invoke(Method.java:578)
	at org.junit.platform.commons.util.ReflectionUtils.invokeMethod(ReflectionUtils.java:727)
	at org.junit.jupiter.engine.execution.MethodInvocation.proceed(MethodInvocation.java:60)
	at org.junit.jupiter.engine.execution.InvocationInterceptorChain$ValidatingInvocation.proceed(InvocationInterceptorChain.java:131)
	at org.junit.jupiter.api.extension.InvocationInterceptor.interceptTestMethod(InvocationInterceptor.java:118)
	at org.junit.jupiter.engine.execution.InterceptingExecutableInvoker$ReflectiveInterceptorCall.lambda$ofVoidMethod$0(InterceptingExecutableInvoker.java:103)
	at org.junit.jupiter.engine.execution.InterceptingExecutableInvoker.lambda$invoke$0(InterceptingExecutableInvoker.java:93)
	at org.junit.jupiter.engine.execution.InvocationInterceptorChain$InterceptedInvocation.proceed(InvocationInterceptorChain.java:106)
	at org.junit.jupiter.engine.extension.TimeoutExtension.intercept(TimeoutExtension.java:156)
	at org.junit.jupiter.engine.extension.TimeoutExtension.interceptTestableMethod(TimeoutExtension.java:147)
	at org.junit.jupiter.engine.extension.TimeoutExtension.interceptTestMethod(TimeoutExtension.java:86)
	at org.junit.jupiter.engine.execution.InterceptingExecutableInvoker$ReflectiveInterceptorCall.lambda$ofVoidMethod$0(InterceptingExecutableInvoker.java:103)
	at org.junit.jupiter.engine.execution.InterceptingExecutableInvoker.lambda$invoke$0(InterceptingExecutableInvoker.java:93)
	at org.junit.jupiter.engine.execution.InvocationInterceptorChain$InterceptedInvocation.proceed(InvocationInterceptorChain.java:106)
	at org.junit.jupiter.engine.execution.InvocationInterceptorChain.proceed(InvocationInterceptorChain.java:64)
	at org.junit.jupiter.engine.execution.InvocationInterceptorChain.chainAndInvoke(InvocationInterceptorChain.java:45)
	at org.junit.jupiter.engine.execution.InvocationInterceptorChain.invoke(InvocationInterceptorChain.java:37)
	at org.junit.jupiter.engine.execution.InterceptingExecutableInvoker.invoke(InterceptingExecutableInvoker.java:92)
	at org.junit.jupiter.engine.execution.InterceptingExecutableInvoker.invoke(InterceptingExecutableInvoker.java:86)
	at org.junit.jupiter.engine.descriptor.TestMethodTestDescriptor.lambda$invokeTestMethod$7(TestMethodTestDescriptor.java:217)
	at org.junit.platform.engine.support.hierarchical.ThrowableCollector.execute(ThrowableCollector.java:73)
	at org.junit.jupiter.engine.descriptor.TestMethodTestDescriptor.invokeTestMethod(TestMethodTestDescriptor.java:213)
	at org.junit.jupiter.engine.descriptor.TestMethodTestDescriptor.execute(TestMethodTestDescriptor.java:138)
	at org.junit.jupiter.engine.descriptor.TestMethodTestDescriptor.execute(TestMethodTestDescriptor.java:68)
	at org.junit.platform.engine.support.hierarchical.NodeTestTask.lambda$executeRecursively$6(NodeTestTask.java:151)
	at org.junit.platform.engine.support.hierarchical.ThrowableCollector.execute(ThrowableCollector.java:73)
	at org.junit.platform.engine.support.hierarchical.NodeTestTask.lambda$executeRecursively$8(NodeTestTask.java:141)
	at org.junit.platform.engine.support.hierarchical.Node.around(Node.java:137)
	at org.junit.platform.engine.support.hierarchical.NodeTestTask.lambda$executeRecursively$9(NodeTestTask.java:139)
	at org.junit.platform.engine.support.hierarchical.ThrowableCollector.execute(ThrowableCollector.java:73)
	at org.junit.platform.engine.support.hierarchical.NodeTestTask.executeRecursively(NodeTestTask.java:138)
	at org.junit.platform.engine.support.hierarchical.NodeTestTask.execute(NodeTestTask.java:95)
	at org.junit.platform.engine.support.hierarchical.ForkJoinPoolHierarchicalTestExecutorService$ExclusiveTask.compute(ForkJoinPoolHierarchicalTestExecutorService.java:185)
	at java.base/java.util.concurrent.RecursiveAction.exec(RecursiveAction.java:194)
	at java.base/java.util.concurrent.ForkJoinTask.doExec(ForkJoinTask.java:387)
	at java.base/java.util.concurrent.ForkJoinPool$WorkQueue.tryRemoveAndExec(ForkJoinPool.java:1350)
	at java.base/java.util.concurrent.ForkJoinTask.awaitDone(ForkJoinTask.java:422)
	at java.base/java.util.concurrent.ForkJoinTask.join(ForkJoinTask.java:651)
	at org.junit.platform.engine.support.hierarchical.ForkJoinPoolHierarchicalTestExecutorService.joinConcurrentTasksInReverseOrderToEnableWorkStealing(ForkJoinPoolHierarchicalTestExecutorService.java:162)
	at org.junit.platform.engine.support.hierarchical.ForkJoinPoolHierarchicalTestExecutorService.invokeAll(ForkJoinPoolHierarchicalTestExecutorService.java:136)
	at org.junit.platform.engine.support.hierarchical.NodeTestTask.lambda$executeRecursively$6(NodeTestTask.java:155)
	at org.junit.platform.engine.support.hierarchical.ThrowableCollector.execute(ThrowableCollector.java:73)
	at org.junit.platform.engine.support.hierarchical.NodeTestTask.lambda$executeRecursively$8(NodeTestTask.java:141)
	at org.junit.platform.engine.support.hierarchical.Node.around(Node.java:137)
	at org.junit.platform.engine.support.hierarchical.NodeTestTask.lambda$executeRecursively$9(NodeTestTask.java:139)
	at org.junit.platform.engine.support.hierarchical.ThrowableCollector.execute(ThrowableCollector.java:73)
	at org.junit.platform.engine.support.hierarchical.NodeTestTask.executeRecursively(NodeTestTask.java:138)
	at org.junit.platform.engine.support.hierarchical.NodeTestTask.execute(NodeTestTask.java:95)
	at org.junit.platform.engine.support.hierarchical.ForkJoinPoolHierarchicalTestExecutorService$ExclusiveTask.compute(ForkJoinPoolHierarchicalTestExecutorService.java:185)
	at java.base/java.util.concurrent.RecursiveAction.exec(RecursiveAction.java:194)
	at java.base/java.util.concurrent.ForkJoinTask.doExec(ForkJoinTask.java:387)
	at java.base/java.util.concurrent.ForkJoinPool$WorkQueue.tryRemoveAndExec(ForkJoinPool.java:1350)
	at java.base/java.util.concurrent.ForkJoinTask.awaitDone(ForkJoinTask.java:422)
	at java.base/java.util.concurrent.ForkJoinTask.join(ForkJoinTask.java:651)
	at org.junit.platform.engine.support.hierarchical.ForkJoinPoolHierarchicalTestExecutorService.joinConcurrentTasksInReverseOrderToEnableWorkStealing(ForkJoinPoolHierarchicalTestExecutorService.java:162)
	at org.junit.platform.engine.support.hierarchical.ForkJoinPoolHierarchicalTestExecutorService.invokeAll(ForkJoinPoolHierarchicalTestExecutorService.java:136)
	at org.junit.platform.engine.support.hierarchical.NodeTestTask.lambda$executeRecursively$6(NodeTestTask.java:155)
	at org.junit.platform.engine.support.hierarchical.ThrowableCollector.execute(ThrowableCollector.java:73)
	at org.junit.platform.engine.support.hierarchical.NodeTestTask.lambda$executeRecursively$8(NodeTestTask.java:141)
	at org.junit.platform.engine.support.hierarchical.Node.around(Node.java:137)
	at org.junit.platform.engine.support.hierarchical.NodeTestTask.lambda$executeRecursively$9(NodeTestTask.java:139)
	at org.junit.platform.engine.support.hierarchical.ThrowableCollector.execute(ThrowableCollector.java:73)
	at org.junit.platform.engine.support.hierarchical.NodeTestTask.executeRecursively(NodeTestTask.java:138)
	at org.junit.platform.engine.support.hierarchical.NodeTestTask.execute(NodeTestTask.java:95)
	at org.junit.platform.engine.support.hierarchical.ForkJoinPoolHierarchicalTestExecutorService$ExclusiveTask.compute(ForkJoinPoolHierarchicalTestExecutorService.java:185)
	at java.base/java.util.concurrent.RecursiveAction.exec(RecursiveAction.java:194)
	at java.base/java.util.concurrent.ForkJoinTask.doExec(ForkJoinTask.java:387)
	at java.base/java.util.concurrent.ForkJoinPool$WorkQueue.topLevelExec(ForkJoinPool.java:1311)
	at java.base/java.util.concurrent.ForkJoinPool.scan(ForkJoinPool.java:1840)
	at java.base/java.util.concurrent.ForkJoinPool.runWorker(ForkJoinPool.java:1806)
	at java.base/java.util.concurrent.ForkJoinWorkerThread.run(ForkJoinWorkerThread.java:177)
	Suppressed: java.lang.AssertionError: 
Expected: "CPF não encontrado"
     but: was "CPF 00203100868 não encontrado"
		at org.hamcrest.MatcherAssert.assertThat(MatcherAssert.java:18)
		at org.hamcrest.MatcherAssert.assertThat(MatcherAssert.java:6)
		at tests.Simulacoes.TestPutSimulacoes.lambda$deveFalharPutSimulacaoInexistente$7(TestPutSimulacoes.java:53)
		at org.junit.jupiter.api.AssertAll.lambda$assertAll$0(AssertAll.java:68)
		at java.base/java.util.stream.ReferencePipeline$3$1.accept(ReferencePipeline.java:197)
		at java.base/java.util.Spliterators$ArraySpliterator.forEachRemaining(Spliterators.java:1006)
		at java.base/java.util.stream.AbstractPipeline.copyInto(AbstractPipeline.java:509)
		at java.base/java.util.stream.AbstractPipeline.wrapAndCopyInto(AbstractPipeline.java:499)
		at java.base/java.util.stream.ReduceOps$ReduceOp.evaluateSequential(ReduceOps.java:921)
		at java.base/java.util.stream.AbstractPipeline.evaluate(AbstractPipeline.java:234)
		at java.base/java.util.stream.ReferencePipeline.collect(ReferencePipeline.java:682)
		at org.junit.jupiter.api.AssertAll.assertAll(AssertAll.java:77)
		... 75 more
]]></failure>
  </testcase>
  <testcase name="deveValidarSchemaRaiz200" classname="tests.Simulacoes.TestGetSimulacoes" time="0.464">
    <failure message="&#10;Expected: The content to match the given JSON schema.&#10;warning: the following keywords are unknown and will be ignored: [$id, examples]&#10;    level: &quot;warning&quot;&#10;    schema: {&quot;loadingURI&quot;:&quot;#&quot;,&quot;pointer&quot;:&quot;&quot;}&#10;    domain: &quot;syntax&quot;&#10;    ignored: [&quot;$id&quot;,&quot;examples&quot;]&#10;warning: the following keywords are unknown and will be ignored: [examples]&#10;    level: &quot;warning&quot;&#10;    schema: {&quot;loadingURI&quot;:&quot;#&quot;,&quot;pointer&quot;:&quot;/items&quot;}&#10;    domain: &quot;syntax&quot;&#10;    ignored: [&quot;examples&quot;]&#10;warning: the following keywords are unknown and will be ignored: [examples]&#10;    level: &quot;warning&quot;&#10;    schema: {&quot;loadingURI&quot;:&quot;#&quot;,&quot;pointer&quot;:&quot;/items/properties/cpf&quot;}&#10;    domain: &quot;syntax&quot;&#10;    ignored: [&quot;examples&quot;]&#10;warning: the following keywords are unknown and will be ignored: [examples]&#10;    level: &quot;warning&quot;&#10;    schema: {&quot;loadingURI&quot;:&quot;#&quot;,&quot;pointer&quot;:&quot;/items/properties/email&quot;}&#10;    domain: &quot;syntax&quot;&#10;    ignored: [&quot;examples&quot;]&#10;warning: the following keywords are unknown and will be ignored: [examples]&#10;    level: &quot;warning&quot;&#10;    schema: {&quot;loadingURI&quot;:&quot;#&quot;,&quot;pointer&quot;:&quot;/items/properties/id&quot;}&#10;    domain: &quot;syntax&quot;&#10;    ignored: [&quot;examples&quot;]&#10;warning: the following keywords are unknown and will be ignored: [examples]&#10;    level: &quot;warning&quot;&#10;    schema: {&quot;loadingURI&quot;:&quot;#&quot;,&quot;pointer&quot;:&quot;/items/properties/nome&quot;}&#10;    domain: &quot;syntax&quot;&#10;    ignored: [&quot;examples&quot;]&#10;warning: the following keywords are unknown and will be ignored: [examples]&#10;    level: &quot;warning&quot;&#10;    schema: {&quot;loadingURI&quot;:&quot;#&quot;,&quot;pointer&quot;:&quot;/items/properties/parcelas&quot;}&#10;    domain: &quot;syntax&quot;&#10;    ignored: [&quot;examples&quot;]&#10;warning: the following keywords are unknown and will be ignored: [examples]&#10;    level: &quot;warning&quot;&#10;    schema: {&quot;loadingURI&quot;:&quot;#&quot;,&quot;pointer&quot;:&quot;/items/properties/seguro&quot;}&#10;    domain: &quot;syntax&quot;&#10;    ignored: [&quot;examples&quot;]&#10;warning: the following keywords are unknown and will be ignored: [examples]&#10;    level: &quot;warning&quot;&#10;    schema: {&quot;loadingURI&quot;:&quot;#&quot;,&quot;pointer&quot;:&quot;/items/properties/valor&quot;}&#10;    domain: &quot;syntax&quot;&#10;    ignored: [&quot;examples&quot;]&#10;warning: the following keywords are unknown and will be ignored: [examples]&#10;    level: &quot;warning&quot;&#10;    schema: {&quot;loadingURI&quot;:&quot;#&quot;,&quot;pointer&quot;:&quot;/items&quot;}&#10;    domain: &quot;syntax&quot;&#10;    ignored: [&quot;examples&quot;]&#10;warning: the following keywords are unknown and will be ignored: [examples]&#10;    level: &quot;warning&quot;&#10;    schema: {&quot;loadingURI&quot;:&quot;#&quot;,&quot;pointer&quot;:&quot;/items/properties/cpf&quot;}&#10;    domain: &quot;syntax&quot;&#10;    ignored: [&quot;examples&quot;]&#10;warning: the following keywords are unknown and will be ignored: [examples]&#10;    level: &quot;warning&quot;&#10;    schema: {&quot;loadingURI&quot;:&quot;#&quot;,&quot;pointer&quot;:&quot;/items/properties/email&quot;}&#10;    domain: &quot;syntax&quot;&#10;    ignored: [&quot;examples&quot;]&#10;warning: the following keywords are unknown and will be ignored: [examples]&#10;    level: &quot;warning&quot;&#10;    schema: {&quot;loadingURI&quot;:&quot;#&quot;,&quot;pointer&quot;:&quot;/items/properties/id&quot;}&#10;    domain: &quot;syntax&quot;&#10;    ignored: [&quot;examples&quot;]&#10;warning: the following keywords are unknown and will be ignored: [examples]&#10;    level: &quot;warning&quot;&#10;    schema: {&quot;loadingURI&quot;:&quot;#&quot;,&quot;pointer&quot;:&quot;/items/properties/nome&quot;}&#10;    domain: &quot;syntax&quot;&#10;    ignored: [&quot;examples&quot;]&#10;warning: the following keywords are unknown and will be ignored: [examples]&#10;    level: &quot;warning&quot;&#10;    schema: {&quot;loadingURI&quot;:&quot;#&quot;,&quot;pointer&quot;:&quot;/items/properties/parcelas&quot;}&#10;    domain: &quot;syntax&quot;&#10;    ignored: [&quot;examples&quot;]&#10;warning: the following keywords are unknown and will be ignored: [examples]&#10;    level: &quot;warning&quot;&#10;    schema: {&quot;loadingURI&quot;:&quot;#&quot;,&quot;pointer&quot;:&quot;/items/properties/seguro&quot;}&#10;    domain: &quot;syntax&quot;&#10;    ignored: [&quot;examples&quot;]&#10;warning: the following keywords are unknown and will be ignored: [examples]&#10;    level: &quot;warning&quot;&#10;    schema: {&quot;loadingURI&quot;:&quot;#&quot;,&quot;pointer&quot;:&quot;/items/properties/valor&quot;}&#10;    domain: &quot;syntax&quot;&#10;    ignored: [&quot;examples&quot;]&#10;warning: the following keywords are unknown and will be ignored: [examples]&#10;    level: &quot;warning&quot;&#10;    schema: {&quot;loadingURI&quot;:&quot;#&quot;,&quot;pointer&quot;:&quot;/items/properties/cpf&quot;}&#10;    domain: &quot;syntax&quot;&#10;    ignored: [&quot;examples&quot;]&#10;error: instance type (string) does not match any allowed primitive type (allowed: [&quot;integer&quot;])&#10;    level: &quot;error&quot;&#10;    schema: {&quot;loadingURI&quot;:&quot;#&quot;,&quot;pointer&quot;:&quot;/items/properties/cpf&quot;}&#10;    instance: {&quot;pointer&quot;:&quot;/0/cpf&quot;}&#10;    domain: &quot;validation&quot;&#10;    keyword: &quot;type&quot;&#10;    found: &quot;string&quot;&#10;    expected: [&quot;integer&quot;]&#10;warning: the following keywords are unknown and will be ignored: [examples]&#10;    level: &quot;warning&quot;&#10;    schema: {&quot;loadingURI&quot;:&quot;#&quot;,&quot;pointer&quot;:&quot;/items/properties/email&quot;}&#10;    domain: &quot;syntax&quot;&#10;    ignored: [&quot;examples&quot;]&#10;warning: the following keywords are unknown and will be ignored: [examples]&#10;    level: &quot;warning&quot;&#10;    schema: {&quot;loadingURI&quot;:&quot;#&quot;,&quot;pointer&quot;:&quot;/items/properties/id&quot;}&#10;    domain: &quot;syntax&quot;&#10;    ignored: [&quot;examples&quot;]&#10;warning: the following keywords are unknown and will be ignored: [examples]&#10;    level: &quot;warning&quot;&#10;    schema: {&quot;loadingURI&quot;:&quot;#&quot;,&quot;pointer&quot;:&quot;/items/properties/nome&quot;}&#10;    domain: &quot;syntax&quot;&#10;    ignored: [&quot;examples&quot;]&#10;warning: the following keywords are unknown and will be ignored: [examples]&#10;    level: &quot;warning&quot;&#10;    schema: {&quot;loadingURI&quot;:&quot;#&quot;,&quot;pointer&quot;:&quot;/items/properties/parcelas&quot;}&#10;    domain: &quot;syntax&quot;&#10;    ignored: [&quot;examples&quot;]&#10;warning: the following keywords are unknown and will be ignored: [examples]&#10;    level: &quot;warning&quot;&#10;    schema: {&quot;loadingURI&quot;:&quot;#&quot;,&quot;pointer&quot;:&quot;/items/properties/seguro&quot;}&#10;    domain: &quot;syntax&quot;&#10;    ignored: [&quot;examples&quot;]&#10;warning: the following keywords are unknown and will be ignored: [examples]&#10;    level: &quot;warning&quot;&#10;    schema: {&quot;loadingURI&quot;:&quot;#&quot;,&quot;pointer&quot;:&quot;/items/properties/valor&quot;}&#10;    domain: &quot;syntax&quot;&#10;    ignored: [&quot;examples&quot;]&#10;error: instance type (number) does not match any allowed primitive type (allowed: [&quot;integer&quot;])&#10;    level: &quot;error&quot;&#10;    schema: {&quot;loadingURI&quot;:&quot;#&quot;,&quot;pointer&quot;:&quot;/items/properties/valor&quot;}&#10;    instance: {&quot;pointer&quot;:&quot;/0/valor&quot;}&#10;    domain: &quot;validation&quot;&#10;    keyword: &quot;type&quot;&#10;    found: &quot;number&quot;&#10;    expected: [&quot;integer&quot;]&#10;warning: the following keywords are unknown and will be ignored: [examples]&#10;    level: &quot;warning&quot;&#10;    schema: {&quot;loadingURI&quot;:&quot;#&quot;,&quot;pointer&quot;:&quot;/items&quot;}&#10;    domain: &quot;syntax&quot;&#10;    ignored: [&quot;examples&quot;]&#10;warning: the following keywords are unknown and will be ignored: [examples]&#10;    level: &quot;warning&quot;&#10;    schema: {&quot;loadingURI&quot;:&quot;#&quot;,&quot;pointer&quot;:&quot;/items/properties/cpf&quot;}&#10;    domain: &quot;syntax&quot;&#10;    ignored: [&quot;examples&quot;]&#10;warning: the following keywords are unknown and will be ignored: [examples]&#10;    level: &quot;warning&quot;&#10;    schema: {&quot;loadingURI&quot;:&quot;#&quot;,&quot;pointer&quot;:&quot;/items/properties/email&quot;}&#10;    domain: &quot;syntax&quot;&#10;    ignored: [&quot;examples&quot;]&#10;warning: the following keywords are unknown and will be ignored: [examples]&#10;    level: &quot;warning&quot;&#10;    schema: {&quot;loadingURI&quot;:&quot;#&quot;,&quot;pointer&quot;:&quot;/items/properties/id&quot;}&#10;    domain: &quot;syntax&quot;&#10;    ignored: [&quot;examples&quot;]&#10;warning: the following keywords are unknown and will be ignored: [examples]&#10;    level: &quot;warning&quot;&#10;    schema: {&quot;loadingURI&quot;:&quot;#&quot;,&quot;pointer&quot;:&quot;/items/properties/nome&quot;}&#10;    domain: &quot;syntax&quot;&#10;    ignored: [&quot;examples&quot;]&#10;warning: the following keywords are unknown and will be ignored: [examples]&#10;    level: &quot;warning&quot;&#10;    schema: {&quot;loadingURI&quot;:&quot;#&quot;,&quot;pointer&quot;:&quot;/items/properties/parcelas&quot;}&#10;    domain: &quot;syntax&quot;&#10;    ignored: [&quot;examples&quot;]&#10;warning: the following keywords are unknown and will be ignored: [examples]&#10;    level: &quot;warning&quot;&#10;    schema: {&quot;loadingURI&quot;:&quot;#&quot;,&quot;pointer&quot;:&quot;/items/properties/seguro&quot;}&#10;    domain: &quot;syntax&quot;&#10;    ignored: [&quot;examples&quot;]&#10;warning: the following keywords are unknown and will be ignored: [examples]&#10;    level: &quot;warning&quot;&#10;    schema: {&quot;loadingURI&quot;:&quot;#&quot;,&quot;pointer&quot;:&quot;/items/properties/valor&quot;}&#10;    domain: &quot;syntax&quot;&#10;    ignored: [&quot;examples&quot;]&#10;warning: the following keywords are unknown and will be ignored: [examples]&#10;    level: &quot;warning&quot;&#10;    schema: {&quot;loadingURI&quot;:&quot;#&quot;,&quot;pointer&quot;:&quot;/items&quot;}&#10;    domain: &quot;syntax&quot;&#10;    ignored: [&quot;examples&quot;]&#10;warning: the following keywords are unknown and will be ignored: [examples]&#10;    level: &quot;warning&quot;&#10;    schema: {&quot;loadingURI&quot;:&quot;#&quot;,&quot;pointer&quot;:&quot;/items/properties/cpf&quot;}&#10;    domain: &quot;syntax&quot;&#10;    ignored: [&quot;examples&quot;]&#10;warning: the following keywords are unknown and will be ignored: [examples]&#10;    level: &quot;warning&quot;&#10;    schema: {&quot;loadingURI&quot;:&quot;#&quot;,&quot;pointer&quot;:&quot;/items/properties/email&quot;}&#10;    domain: &quot;syntax&quot;&#10;    ignored: [&quot;examples&quot;]&#10;warning: the following keywords are unknown and will be ignored: [examples]&#10;    level: &quot;warning&quot;&#10;    schema: {&quot;loadingURI&quot;:&quot;#&quot;,&quot;pointer&quot;:&quot;/items/properties/id&quot;}&#10;    domain: &quot;syntax&quot;&#10;    ignored: [&quot;examples&quot;]&#10;warning: the following keywords are unknown and will be ignored: [examples]&#10;    level: &quot;warning&quot;&#10;    schema: {&quot;loadingURI&quot;:&quot;#&quot;,&quot;pointer&quot;:&quot;/items/properties/nome&quot;}&#10;    domain: &quot;syntax&quot;&#10;    ignored: [&quot;examples&quot;]&#10;warning: the following keywords are unknown and will be ignored: [examples]&#10;    level: &quot;warning&quot;&#10;    schema: {&quot;loadingURI&quot;:&quot;#&quot;,&quot;pointer&quot;:&quot;/items/properties/parcelas&quot;}&#10;    domain: &quot;syntax&quot;&#10;    ignored: [&quot;examples&quot;]&#10;warning: the following keywords are unknown and will be ignored: [examples]&#10;    level: &quot;warning&quot;&#10;    schema: {&quot;loadingURI&quot;:&quot;#&quot;,&quot;pointer&quot;:&quot;/items/properties/seguro&quot;}&#10;    domain: &quot;syntax&quot;&#10;    ignored: [&quot;examples&quot;]&#10;warning: the following keywords are unknown and will be ignored: [examples]&#10;    level: &quot;warning&quot;&#10;    schema: {&quot;loadingURI&quot;:&quot;#&quot;,&quot;pointer&quot;:&quot;/items/properties/valor&quot;}&#10;    domain: &quot;syntax&quot;&#10;    ignored: [&quot;examples&quot;]&#10;warning: the following keywords are unknown and will be ignored: [examples]&#10;    level: &quot;warning&quot;&#10;    schema: {&quot;loadingURI&quot;:&quot;#&quot;,&quot;pointer&quot;:&quot;/items&quot;}&#10;    domain: &quot;syntax&quot;&#10;    ignored: [&quot;examples&quot;]&#10;warning: the following keywords are unknown and will be ignored: [examples]&#10;    level: &quot;warning&quot;&#10;    schema: {&quot;loadingURI&quot;:&quot;#&quot;,&quot;pointer&quot;:&quot;/items/properties/cpf&quot;}&#10;    domain: &quot;syntax&quot;&#10;    ignored: [&quot;examples&quot;]&#10;warning: the following keywords are unknown and will be ignored: [examples]&#10;    level: &quot;warning&quot;&#10;    schema: {&quot;loadingURI&quot;:&quot;#&quot;,&quot;pointer&quot;:&quot;/items/properties/email&quot;}&#10;    domain: &quot;syntax&quot;&#10;    ignored: [&quot;examples&quot;]&#10;warning: the following keywords are unknown and will be ignored: [examples]&#10;    level: &quot;warning&quot;&#10;    schema: {&quot;loadingURI&quot;:&quot;#&quot;,&quot;pointer&quot;:&quot;/items/properties/id&quot;}&#10;    domain: &quot;syntax&quot;&#10;    ignored: [&quot;examples&quot;]&#10;warning: the following keywords are unknown and will be ignored: [examples]&#10;    level: &quot;warning&quot;&#10;    schema: {&quot;loadingURI&quot;:&quot;#&quot;,&quot;pointer&quot;:&quot;/items/properties/nome&quot;}&#10;    domain: &quot;syntax&quot;&#10;    ignored: [&quot;examples&quot;]&#10;warning: the following keywords are unknown and will be ignored: [examples]&#10;    level: &quot;warning&quot;&#10;    schema: {&quot;loadingURI&quot;:&quot;#&quot;,&quot;pointer&quot;:&quot;/items/properties/parcelas&quot;}&#10;    domain: &quot;syntax&quot;&#10;    ignored: [&quot;examples&quot;]&#10;warning: the following keywords are unknown and will be ignored: [examples]&#10;    level: &quot;warning&quot;&#10;    schema: {&quot;loadingURI&quot;:&quot;#&quot;,&quot;pointer&quot;:&quot;/items/properties/seguro&quot;}&#10;    domain: &quot;syntax&quot;&#10;    ignored: [&quot;examples&quot;]&#10;warning: the following keywords are unknown and will be ignored: [examples]&#10;    level: &quot;warning&quot;&#10;    schema: {&quot;loadingURI&quot;:&quot;#&quot;,&quot;pointer&quot;:&quot;/items/properties/valor&quot;}&#10;    domain: &quot;syntax&quot;&#10;    ignored: [&quot;examples&quot;]&#10;warning: the following keywords are unknown and will be ignored: [examples]&#10;    level: &quot;warning&quot;&#10;    schema: {&quot;loadingURI&quot;:&quot;#&quot;,&quot;pointer&quot;:&quot;/items&quot;}&#10;    domain: &quot;syntax&quot;&#10;    ignored: [&quot;examples&quot;]&#10;warning: the following keywords are unknown and will be ignored: [examples]&#10;    level: &quot;warning&quot;&#10;    schema: {&quot;loadingURI&quot;:&quot;#&quot;,&quot;pointer&quot;:&quot;/items/properties/cpf&quot;}&#10;    domain: &quot;syntax&quot;&#10;    ignored: [&quot;examples&quot;]&#10;warning: the following keywords are unknown and will be ignored: [examples]&#10;    level: &quot;warning&quot;&#10;    schema: {&quot;loadingURI&quot;:&quot;#&quot;,&quot;pointer&quot;:&quot;/items/properties/email&quot;}&#10;    domain: &quot;syntax&quot;&#10;    ignored: [&quot;examples&quot;]&#10;warning: the following keywords are unknown and will be ignored: [examples]&#10;    level: &quot;warning&quot;&#10;    schema: {&quot;loadingURI&quot;:&quot;#&quot;,&quot;pointer&quot;:&quot;/items/properties/id&quot;}&#10;    domain: &quot;syntax&quot;&#10;    ignored: [&quot;examples&quot;]&#10;warning: the following keywords are unknown and will be ignored: [examples]&#10;    level: &quot;warning&quot;&#10;    schema: {&quot;loadingURI&quot;:&quot;#&quot;,&quot;pointer&quot;:&quot;/items/properties/nome&quot;}&#10;    domain: &quot;syntax&quot;&#10;    ignored: [&quot;examples&quot;]&#10;warning: the following keywords are unknown and will be ignored: [examples]&#10;    level: &quot;warning&quot;&#10;    schema: {&quot;loadingURI&quot;:&quot;#&quot;,&quot;pointer&quot;:&quot;/items/properties/parcelas&quot;}&#10;    domain: &quot;syntax&quot;&#10;    ignored: [&quot;examples&quot;]&#10;warning: the following keywords are unknown and will be ignored: [examples]&#10;    level: &quot;warning&quot;&#10;    schema: {&quot;loadingURI&quot;:&quot;#&quot;,&quot;pointer&quot;:&quot;/items/properties/seguro&quot;}&#10;    domain: &quot;syntax&quot;&#10;    ignored: [&quot;examples&quot;]&#10;warning: the following keywords are unknown and will be ignored: [examples]&#10;    level: &quot;warning&quot;&#10;    schema: {&quot;loadingURI&quot;:&quot;#&quot;,&quot;pointer&quot;:&quot;/items/properties/valor&quot;}&#10;    domain: &quot;syntax&quot;&#10;    ignored: [&quot;examples&quot;]&#10;warning: the following keywords are unknown and will be ignored: [examples]&#10;    level: &quot;warning&quot;&#10;    schema: {&quot;loadingURI&quot;:&quot;#&quot;,&quot;pointer&quot;:&quot;/items&quot;}&#10;    domain: &quot;syntax&quot;&#10;    ignored: [&quot;examples&quot;]&#10;warning: the following keywords are unknown and will be ignored: [examples]&#10;    level: &quot;warning&quot;&#10;    schema: {&quot;loadingURI&quot;:&quot;#&quot;,&quot;pointer&quot;:&quot;/items/properties/cpf&quot;}&#10;    domain: &quot;syntax&quot;&#10;    ignored: [&quot;examples&quot;]&#10;warning: the following keywords are unknown and will be ignored: [examples]&#10;    level: &quot;warning&quot;&#10;    schema: {&quot;loadingURI&quot;:&quot;#&quot;,&quot;pointer&quot;:&quot;/items/properties/email&quot;}&#10;    domain: &quot;syntax&quot;&#10;    ignored: [&quot;examples&quot;]&#10;warning: the following keywords are unknown and will be ignored: [examples]&#10;    level: &quot;warning&quot;&#10;    schema: {&quot;loadingURI&quot;:&quot;#&quot;,&quot;pointer&quot;:&quot;/items/properties/id&quot;}&#10;    domain: &quot;syntax&quot;&#10;    ignored: [&quot;examples&quot;]&#10;warning: the following keywords are unknown and will be ignored: [examples]&#10;    level: &quot;warning&quot;&#10;    schema: {&quot;loadingURI&quot;:&quot;#&quot;,&quot;pointer&quot;:&quot;/items/properties/nome&quot;}&#10;    domain: &quot;syntax&quot;&#10;    ignored: [&quot;examples&quot;]&#10;warning: the following keywords are unknown and will be ignored: [examples]&#10;    level: &quot;warning&quot;&#10;    schema: {&quot;loadingURI&quot;:&quot;#&quot;,&quot;pointer&quot;:&quot;/items/properties/parcelas&quot;}&#10;    domain: &quot;syntax&quot;&#10;    ignored: [&quot;examples&quot;]&#10;warning: the following keywords are unknown and will be ignored: [examples]&#10;    level: &quot;warning&quot;&#10;    schema: {&quot;loadingURI&quot;:&quot;#&quot;,&quot;pointer&quot;:&quot;/items/properties/seguro&quot;}&#10;    domain: &quot;syntax&quot;&#10;    ignored: [&quot;examples&quot;]&#10;warning: the following keywords are unknown and will be ignored: [examples]&#10;    level: &quot;warning&quot;&#10;    schema: {&quot;loadingURI&quot;:&quot;#&quot;,&quot;pointer&quot;:&quot;/items/properties/valor&quot;}&#10;    domain: &quot;syntax&quot;&#10;    ignored: [&quot;examples&quot;]&#10;warning: the following keywords are unknown and will be ignored: [examples]&#10;    level: &quot;warning&quot;&#10;    schema: {&quot;loadingURI&quot;:&quot;#&quot;,&quot;pointer&quot;:&quot;/items&quot;}&#10;    domain: &quot;syntax&quot;&#10;    ignored: [&quot;examples&quot;]&#10;warning: the following keywords are unknown and will be ignored: [examples]&#10;    level: &quot;warning&quot;&#10;    schema: {&quot;loadingURI&quot;:&quot;#&quot;,&quot;pointer&quot;:&quot;/items/properties/cpf&quot;}&#10;    domain: &quot;syntax&quot;&#10;    ignored: [&quot;examples&quot;]&#10;warning: the following keywords are unknown and will be ignored: [examples]&#10;    level: &quot;warning&quot;&#10;    schema: {&quot;loadingURI&quot;:&quot;#&quot;,&quot;pointer&quot;:&quot;/items/properties/email&quot;}&#10;    domain: &quot;syntax&quot;&#10;    ignored: [&quot;examples&quot;]&#10;warning: the following keywords are unknown and will be ignored: [examples]&#10;    level: &quot;warning&quot;&#10;    schema: {&quot;loadingURI&quot;:&quot;#&quot;,&quot;pointer&quot;:&quot;/items/properties/id&quot;}&#10;    domain: &quot;syntax&quot;&#10;    ignored: [&quot;examples&quot;]&#10;warning: the following keywords are unknown and will be ignored: [examples]&#10;    level: &quot;warning&quot;&#10;    schema: {&quot;loadingURI&quot;:&quot;#&quot;,&quot;pointer&quot;:&quot;/items/properties/nome&quot;}&#10;    domain: &quot;syntax&quot;&#10;    ignored: [&quot;examples&quot;]&#10;warning: the following keywords are unknown and will be ignored: [examples]&#10;    level: &quot;warning&quot;&#10;    schema: {&quot;loadingURI&quot;:&quot;#&quot;,&quot;pointer&quot;:&quot;/items/properties/parcelas&quot;}&#10;    domain: &quot;syntax&quot;&#10;    ignored: [&quot;examples&quot;]&#10;warning: the following keywords are unknown and will be ignored: [examples]&#10;    level: &quot;warning&quot;&#10;    schema: {&quot;loadingURI&quot;:&quot;#&quot;,&quot;pointer&quot;:&quot;/items/properties/seguro&quot;}&#10;    domain: &quot;syntax&quot;&#10;    ignored: [&quot;examples&quot;]&#10;warning: the following keywords are unknown and will be ignored: [examples]&#10;    level: &quot;warning&quot;&#10;    schema: {&quot;loadingURI&quot;:&quot;#&quot;,&quot;pointer&quot;:&quot;/items/properties/valor&quot;}&#10;    domain: &quot;syntax&quot;&#10;    ignored: [&quot;examples&quot;]&#10;warning: the following keywords are unknown and will be ignored: [examples]&#10;    level: &quot;warning&quot;&#10;    schema: {&quot;loadingURI&quot;:&quot;#&quot;,&quot;pointer&quot;:&quot;/items&quot;}&#10;    domain: &quot;syntax&quot;&#10;    ignored: [&quot;examples&quot;]&#10;warning: the following keywords are unknown and will be ignored: [examples]&#10;    level: &quot;warning&quot;&#10;    schema: {&quot;loadingURI&quot;:&quot;#&quot;,&quot;pointer&quot;:&quot;/items/properties/cpf&quot;}&#10;    domain: &quot;syntax&quot;&#10;    ignored: [&quot;examples&quot;]&#10;warning: the following keywords are unknown and will be ignored: [examples]&#10;    level: &quot;warning&quot;&#10;    schema: {&quot;loadingURI&quot;:&quot;#&quot;,&quot;pointer&quot;:&quot;/items/properties/email&quot;}&#10;    domain: &quot;syntax&quot;&#10;    ignored: [&quot;examples&quot;]&#10;warning: the following keywords are unknown and will be ignored: [examples]&#10;    level: &quot;warning&quot;&#10;    schema: {&quot;loadingURI&quot;:&quot;#&quot;,&quot;pointer&quot;:&quot;/items/properties/id&quot;}&#10;    domain: &quot;syntax&quot;&#10;    ignored: [&quot;examples&quot;]&#10;warning: the following keywords are unknown and will be ignored: [examples]&#10;    level: &quot;warning&quot;&#10;    schema: {&quot;loadingURI&quot;:&quot;#&quot;,&quot;pointer&quot;:&quot;/items/properties/nome&quot;}&#10;    domain: &quot;syntax&quot;&#10;    ignored: [&quot;examples&quot;]&#10;warning: the following keywords are unknown and will be ignored: [examples]&#10;    level: &quot;warning&quot;&#10;    schema: {&quot;loadingURI&quot;:&quot;#&quot;,&quot;pointer&quot;:&quot;/items/properties/parcelas&quot;}&#10;    domain: &quot;syntax&quot;&#10;    ignored: [&quot;examples&quot;]&#10;warning: the following keywords are unknown and will be ignored: [examples]&#10;    level: &quot;warning&quot;&#10;    schema: {&quot;loadingURI&quot;:&quot;#&quot;,&quot;pointer&quot;:&quot;/items/properties/seguro&quot;}&#10;    domain: &quot;syntax&quot;&#10;    ignored: [&quot;examples&quot;]&#10;warning: the following keywords are unknown and will be ignored: [examples]&#10;    level: &quot;warning&quot;&#10;    schema: {&quot;loadingURI&quot;:&quot;#&quot;,&quot;pointer&quot;:&quot;/items/properties/valor&quot;}&#10;    domain: &quot;syntax&quot;&#10;    ignored: [&quot;examples&quot;]&#10;warning: the following keywords are unknown and will be ignored: [examples]&#10;    level: &quot;warning&quot;&#10;    schema: {&quot;loadingURI&quot;:&quot;#&quot;,&quot;pointer&quot;:&quot;/items&quot;}&#10;    domain: &quot;syntax&quot;&#10;    ignored: [&quot;examples&quot;]&#10;warning: the following keywords are unknown and will be ignored: [examples]&#10;    level: &quot;warning&quot;&#10;    schema: {&quot;loadingURI&quot;:&quot;#&quot;,&quot;pointer&quot;:&quot;/items/properties/cpf&quot;}&#10;    domain: &quot;syntax&quot;&#10;    ignored: [&quot;examples&quot;]&#10;warning: the following keywords are unknown and will be ignored: [examples]&#10;    level: &quot;warning&quot;&#10;    schema: {&quot;loadingURI&quot;:&quot;#&quot;,&quot;pointer&quot;:&quot;/items/properties/email&quot;}&#10;    domain: &quot;syntax&quot;&#10;    ignored: [&quot;examples&quot;]&#10;warning: the following keywords are unknown and will be ignored: [examples]&#10;    level: &quot;warning&quot;&#10;    schema: {&quot;loadingURI&quot;:&quot;#&quot;,&quot;pointer&quot;:&quot;/items/properties/id&quot;}&#10;    domain: &quot;syntax&quot;&#10;    ignored: [&quot;examples&quot;]&#10;warning: the following keywords are unknown and will be ignored: [examples]&#10;    level: &quot;warning&quot;&#10;    schema: {&quot;loadingURI&quot;:&quot;#&quot;,&quot;pointer&quot;:&quot;/items/properties/nome&quot;}&#10;    domain: &quot;syntax&quot;&#10;    ignored: [&quot;examples&quot;]&#10;warning: the following keywords are unknown and will be ignored: [examples]&#10;    level: &quot;warning&quot;&#10;    schema: {&quot;loadingURI&quot;:&quot;#&quot;,&quot;pointer&quot;:&quot;/items/properties/parcelas&quot;}&#10;    domain: &quot;syntax&quot;&#10;    ignored: [&quot;examples&quot;]&#10;warning: the following keywords are unknown and will be ignored: [examples]&#10;    level: &quot;warning&quot;&#10;    schema: {&quot;loadingURI&quot;:&quot;#&quot;,&quot;pointer&quot;:&quot;/items/properties/seguro&quot;}&#10;    domain: &quot;syntax&quot;&#10;    ignored: [&quot;examples&quot;]&#10;warning: the following keywords are unknown and will be ignored: [examples]&#10;    level: &quot;warning&quot;&#10;    schema: {&quot;loadingURI&quot;:&quot;#&quot;,&quot;pointer&quot;:&quot;/items/properties/valor&quot;}&#10;    domain: &quot;syntax&quot;&#10;    ignored: [&quot;examples&quot;]&#10;warning: the following keywords are unknown and will be ignored: [examples]&#10;    level: &quot;warning&quot;&#10;    schema: {&quot;loadingURI&quot;:&quot;#&quot;,&quot;pointer&quot;:&quot;/items&quot;}&#10;    domain: &quot;syntax&quot;&#10;    ignored: [&quot;examples&quot;]&#10;warning: the following keywords are unknown and will be ignored: [examples]&#10;    level: &quot;warning&quot;&#10;    schema: {&quot;loadingURI&quot;:&quot;#&quot;,&quot;pointer&quot;:&quot;/items/properties/cpf&quot;}&#10;    domain: &quot;syntax&quot;&#10;    ignored: [&quot;examples&quot;]&#10;warning: the following keywords are unknown and will be ignored: [examples]&#10;    level: &quot;warning&quot;&#10;    schema: {&quot;loadingURI&quot;:&quot;#&quot;,&quot;pointer&quot;:&quot;/items/properties/email&quot;}&#10;    domain: &quot;syntax&quot;&#10;    ignored: [&quot;examples&quot;]&#10;warning: the following keywords are unknown and will be ignored: [examples]&#10;    level: &quot;warning&quot;&#10;    schema: {&quot;loadingURI&quot;:&quot;#&quot;,&quot;pointer&quot;:&quot;/items/properties/id&quot;}&#10;    domain: &quot;syntax&quot;&#10;    ignored: [&quot;examples&quot;]&#10;warning: the following keywords are unknown and will be ignored: [examples]&#10;    level: &quot;warning&quot;&#10;    schema: {&quot;loadingURI&quot;:&quot;#&quot;,&quot;pointer&quot;:&quot;/items/properties/nome&quot;}&#10;    domain: &quot;syntax&quot;&#10;    ignored: [&quot;examples&quot;]&#10;warning: the following keywords are unknown and will be ignored: [examples]&#10;    level: &quot;warning&quot;&#10;    schema: {&quot;loadingURI&quot;:&quot;#&quot;,&quot;pointer&quot;:&quot;/items/properties/parcelas&quot;}&#10;    domain: &quot;syntax&quot;&#10;    ignored: [&quot;examples&quot;]&#10;warning: the following keywords are unknown and will be ignored: [examples]&#10;    level: &quot;warning&quot;&#10;    schema: {&quot;loadingURI&quot;:&quot;#&quot;,&quot;pointer&quot;:&quot;/items/properties/seguro&quot;}&#10;    domain: &quot;syntax&quot;&#10;    ignored: [&quot;examples&quot;]&#10;warning: the following keywords are unknown and will be ignored: [examples]&#10;    level: &quot;warning&quot;&#10;    schema: {&quot;loadingURI&quot;:&quot;#&quot;,&quot;pointer&quot;:&quot;/items/properties/valor&quot;}&#10;    domain: &quot;syntax&quot;&#10;    ignored: [&quot;examples&quot;]&#10;warning: the following keywords are unknown and will be ignored: [examples]&#10;    level: &quot;warning&quot;&#10;    schema: {&quot;loadingURI&quot;:&quot;#&quot;,&quot;pointer&quot;:&quot;/items&quot;}&#10;    domain: &quot;syntax&quot;&#10;    ignored: [&quot;examples&quot;]&#10;warning: the following keywords are unknown and will be ignored: [examples]&#10;    level: &quot;warning&quot;&#10;    schema: {&quot;loadingURI&quot;:&quot;#&quot;,&quot;pointer&quot;:&quot;/items/properties/cpf&quot;}&#10;    domain: &quot;syntax&quot;&#10;    ignored: [&quot;examples&quot;]&#10;warning: the following keywords are unknown and will be ignored: [examples]&#10;    level: &quot;warning&quot;&#10;    schema: {&quot;loadingURI&quot;:&quot;#&quot;,&quot;pointer&quot;:&quot;/items/properties/email&quot;}&#10;    domain: &quot;syntax&quot;&#10;    ignored: [&quot;examples&quot;]&#10;warning: the following keywords are unknown and will be ignored: [examples]&#10;    level: &quot;warning&quot;&#10;    schema: {&quot;loadingURI&quot;:&quot;#&quot;,&quot;pointer&quot;:&quot;/items/properties/id&quot;}&#10;    domain: &quot;syntax&quot;&#10;    ignored: [&quot;examples&quot;]&#10;warning: the following keywords are unknown and will be ignored: [examples]&#10;    level: &quot;warning&quot;&#10;    schema: {&quot;loadingURI&quot;:&quot;#&quot;,&quot;pointer&quot;:&quot;/items/properties/nome&quot;}&#10;    domain: &quot;syntax&quot;&#10;    ignored: [&quot;examples&quot;]&#10;warning: the following keywords are unknown and will be ignored: [examples]&#10;    level: &quot;warning&quot;&#10;    schema: {&quot;loadingURI&quot;:&quot;#&quot;,&quot;pointer&quot;:&quot;/items/properties/parcelas&quot;}&#10;    domain: &quot;syntax&quot;&#10;    ignored: [&quot;examples&quot;]&#10;warning: the following keywords are unknown and will be ignored: [examples]&#10;    level: &quot;warning&quot;&#10;    schema: {&quot;loadingURI&quot;:&quot;#&quot;,&quot;pointer&quot;:&quot;/items/properties/seguro&quot;}&#10;    domain: &quot;syntax&quot;&#10;    ignored: [&quot;examples&quot;]&#10;warning: the following keywords are unknown and will be ignored: [examples]&#10;    level: &quot;warning&quot;&#10;    schema: {&quot;loadingURI&quot;:&quot;#&quot;,&quot;pointer&quot;:&quot;/items/properties/valor&quot;}&#10;    domain: &quot;syntax&quot;&#10;    ignored: [&quot;examples&quot;]&#10;warning: the following keywords are unknown and will be ignored: [examples]&#10;    level: &quot;warning&quot;&#10;    schema: {&quot;loadingURI&quot;:&quot;#&quot;,&quot;pointer&quot;:&quot;/items&quot;}&#10;    domain: &quot;syntax&quot;&#10;    ignored: [&quot;examples&quot;]&#10;warning: the following keywords are unknown and will be ignored: [examples]&#10;    level: &quot;warning&quot;&#10;    schema: {&quot;loadingURI&quot;:&quot;#&quot;,&quot;pointer&quot;:&quot;/items/properties/cpf&quot;}&#10;    domain: &quot;syntax&quot;&#10;    ignored: [&quot;examples&quot;]&#10;warning: the following keywords are unknown and will be ignored: [examples]&#10;    level: &quot;warning&quot;&#10;    schema: {&quot;loadingURI&quot;:&quot;#&quot;,&quot;pointer&quot;:&quot;/items/properties/email&quot;}&#10;    domain: &quot;syntax&quot;&#10;    ignored: [&quot;examples&quot;]&#10;warning: the following keywords are unknown and will be ignored: [examples]&#10;    level: &quot;warning&quot;&#10;    schema: {&quot;loadingURI&quot;:&quot;#&quot;,&quot;pointer&quot;:&quot;/items/properties/id&quot;}&#10;    domain: &quot;syntax&quot;&#10;    ignored: [&quot;examples&quot;]&#10;warning: the following keywords are unknown and will be ignored: [examples]&#10;    level: &quot;warning&quot;&#10;    schema: {&quot;loadingURI&quot;:&quot;#&quot;,&quot;pointer&quot;:&quot;/items/properties/nome&quot;}&#10;    domain: &quot;syntax&quot;&#10;    ignored: [&quot;examples&quot;]&#10;warning: the following keywords are unknown and will be ignored: [examples]&#10;    level: &quot;warning&quot;&#10;    schema: {&quot;loadingURI&quot;:&quot;#&quot;,&quot;pointer&quot;:&quot;/items/properties/parcelas&quot;}&#10;    domain: &quot;syntax&quot;&#10;    ignored: [&quot;examples&quot;]&#10;warning: the following keywords are unknown and will be ignored: [examples]&#10;    level: &quot;warning&quot;&#10;    schema: {&quot;loadingURI&quot;:&quot;#&quot;,&quot;pointer&quot;:&quot;/items/properties/seguro&quot;}&#10;    domain: &quot;syntax&quot;&#10;    ignored: [&quot;examples&quot;]&#10;warning: the following keywords are unknown and will be ignored: [examples]&#10;    level: &quot;warning&quot;&#10;    schema: {&quot;loadingURI&quot;:&quot;#&quot;,&quot;pointer&quot;:&quot;/items/properties/valor&quot;}&#10;    domain: &quot;syntax&quot;&#10;    ignored: [&quot;examples&quot;]&#10;warning: the following keywords are unknown and will be ignored: [examples]&#10;    level: &quot;warning&quot;&#10;    schema: {&quot;loadingURI&quot;:&quot;#&quot;,&quot;pointer&quot;:&quot;/items&quot;}&#10;    domain: &quot;syntax&quot;&#10;    ignored: [&quot;examples&quot;]&#10;warning: the following keywords are unknown and will be ignored: [examples]&#10;    level: &quot;warning&quot;&#10;    schema: {&quot;loadingURI&quot;:&quot;#&quot;,&quot;pointer&quot;:&quot;/items/properties/cpf&quot;}&#10;    domain: &quot;syntax&quot;&#10;    ignored: [&quot;examples&quot;]&#10;warning: the following keywords are unknown and will be ignored: [examples]&#10;    level: &quot;warning&quot;&#10;    schema: {&quot;loadingURI&quot;:&quot;#&quot;,&quot;pointer&quot;:&quot;/items/properties/email&quot;}&#10;    domain: &quot;syntax&quot;&#10;    ignored: [&quot;examples&quot;]&#10;warning: the following keywords are unknown and will be ignored: [examples]&#10;    level: &quot;warning&quot;&#10;    schema: {&quot;loadingURI&quot;:&quot;#&quot;,&quot;pointer&quot;:&quot;/items/properties/id&quot;}&#10;    domain: &quot;syntax&quot;&#10;    ignored: [&quot;examples&quot;]&#10;warning: the following keywords are unknown and will be ignored: [examples]&#10;    level: &quot;warning&quot;&#10;    schema: {&quot;loadingURI&quot;:&quot;#&quot;,&quot;pointer&quot;:&quot;/items/properties/nome&quot;}&#10;    domain: &quot;syntax&quot;&#10;    ignored: [&quot;examples&quot;]&#10;warning: the following keywords are unknown and will be ignored: [examples]&#10;    level: &quot;warning&quot;&#10;    schema: {&quot;loadingURI&quot;:&quot;#&quot;,&quot;pointer&quot;:&quot;/items/properties/parcelas&quot;}&#10;    domain: &quot;syntax&quot;&#10;    ignored: [&quot;examples&quot;]&#10;warning: the following keywords are unknown and will be ignored: [examples]&#10;    level: &quot;warning&quot;&#10;    schema: {&quot;loadingURI&quot;:&quot;#&quot;,&quot;pointer&quot;:&quot;/items/properties/seguro&quot;}&#10;    domain: &quot;syntax&quot;&#10;    ignored: [&quot;examples&quot;]&#10;warning: the following keywords are unknown and will be ignored: [examples]&#10;    level: &quot;warning&quot;&#10;    schema: {&quot;loadingURI&quot;:&quot;#&quot;,&quot;pointer&quot;:&quot;/items/properties/valor&quot;}&#10;    domain: &quot;syntax&quot;&#10;    ignored: [&quot;examples&quot;]&#10;warning: the following keywords are unknown and will be ignored: [examples]&#10;    level: &quot;warning&quot;&#10;    schema: {&quot;loadingURI&quot;:&quot;#&quot;,&quot;pointer&quot;:&quot;/items&quot;}&#10;    domain: &quot;syntax&quot;&#10;    ignored: [&quot;examples&quot;]&#10;warning: the following keywords are unknown and will be ignored: [examples]&#10;    level: &quot;warning&quot;&#10;    schema: {&quot;loadingURI&quot;:&quot;#&quot;,&quot;pointer&quot;:&quot;/items/properties/cpf&quot;}&#10;    domain: &quot;syntax&quot;&#10;    ignored: [&quot;examples&quot;]&#10;warning: the following keywords are unknown and will be ignored: [examples]&#10;    level: &quot;warning&quot;&#10;    schema: {&quot;loadingURI&quot;:&quot;#&quot;,&quot;pointer&quot;:&quot;/items/properties/email&quot;}&#10;    domain: &quot;syntax&quot;&#10;    ignored: [&quot;examples&quot;]&#10;warning: the following keywords are unknown and will be ignored: [examples]&#10;    level: &quot;warning&quot;&#10;    schema: {&quot;loadingURI&quot;:&quot;#&quot;,&quot;pointer&quot;:&quot;/items/properties/id&quot;}&#10;    domain: &quot;syntax&quot;&#10;    ignored: [&quot;examples&quot;]&#10;warning: the following keywords are unknown and will be ignored: [examples]&#10;    level: &quot;warning&quot;&#10;    schema: {&quot;loadingURI&quot;:&quot;#&quot;,&quot;pointer&quot;:&quot;/items/properties/nome&quot;}&#10;    domain: &quot;syntax&quot;&#10;    ignored: [&quot;examples&quot;]&#10;warning: the following keywords are unknown and will be ignored: [examples]&#10;    level: &quot;warning&quot;&#10;    schema: {&quot;loadingURI&quot;:&quot;#&quot;,&quot;pointer&quot;:&quot;/items/properties/parcelas&quot;}&#10;    domain: &quot;syntax&quot;&#10;    ignored: [&quot;examples&quot;]&#10;warning: the following keywords are unknown and will be ignored: [examples]&#10;    level: &quot;warning&quot;&#10;    schema: {&quot;loadingURI&quot;:&quot;#&quot;,&quot;pointer&quot;:&quot;/items/properties/seguro&quot;}&#10;    domain: &quot;syntax&quot;&#10;    ignored: [&quot;examples&quot;]&#10;warning: the following keywords are unknown and will be ignored: [examples]&#10;    level: &quot;warning&quot;&#10;    schema: {&quot;loadingURI&quot;:&quot;#&quot;,&quot;pointer&quot;:&quot;/items/properties/valor&quot;}&#10;    domain: &quot;syntax&quot;&#10;    ignored: [&quot;examples&quot;]&#10;warning: the following keywords are unknown and will be ignored: [examples]&#10;    level: &quot;warning&quot;&#10;    schema: {&quot;loadingURI&quot;:&quot;#&quot;,&quot;pointer&quot;:&quot;/items&quot;}&#10;    domain: &quot;syntax&quot;&#10;    ignored: [&quot;examples&quot;]&#10;warning: the following keywords are unknown and will be ignored: [examples]&#10;    level: &quot;warning&quot;&#10;    schema: {&quot;loadingURI&quot;:&quot;#&quot;,&quot;pointer&quot;:&quot;/items/properties/cpf&quot;}&#10;    domain: &quot;syntax&quot;&#10;    ignored: [&quot;examples&quot;]&#10;warning: the following keywords are unknown and will be ignored: [examples]&#10;    level: &quot;warning&quot;&#10;    schema: {&quot;loadingURI&quot;:&quot;#&quot;,&quot;pointer&quot;:&quot;/items/properties/email&quot;}&#10;    domain: &quot;syntax&quot;&#10;    ignored: [&quot;examples&quot;]&#10;warning: the following keywords are unknown and will be ignored: [examples]&#10;    level: &quot;warning&quot;&#10;    schema: {&quot;loadingURI&quot;:&quot;#&quot;,&quot;pointer&quot;:&quot;/items/properties/id&quot;}&#10;    domain: &quot;syntax&quot;&#10;    ignored: [&quot;examples&quot;]&#10;warning: the following keywords are unknown and will be ignored: [examples]&#10;    level: &quot;warning&quot;&#10;    schema: {&quot;loadingURI&quot;:&quot;#&quot;,&quot;pointer&quot;:&quot;/items/properties/nome&quot;}&#10;    domain: &quot;syntax&quot;&#10;    ignored: [&quot;examples&quot;]&#10;warning: the following keywords are unknown and will be ignored: [examples]&#10;    level: &quot;warning&quot;&#10;    schema: {&quot;loadingURI&quot;:&quot;#&quot;,&quot;pointer&quot;:&quot;/items/properties/parcelas&quot;}&#10;    domain: &quot;syntax&quot;&#10;    ignored: [&quot;examples&quot;]&#10;warning: the following keywords are unknown and will be ignored: [examples]&#10;    level: &quot;warning&quot;&#10;    schema: {&quot;loadingURI&quot;:&quot;#&quot;,&quot;pointer&quot;:&quot;/items/properties/seguro&quot;}&#10;    domain: &quot;syntax&quot;&#10;    ignored: [&quot;examples&quot;]&#10;warning: the following keywords are unknown and will be ignored: [examples]&#10;    level: &quot;warning&quot;&#10;    schema: {&quot;loadingURI&quot;:&quot;#&quot;,&quot;pointer&quot;:&quot;/items/properties/valor&quot;}&#10;    domain: &quot;syntax&quot;&#10;    ignored: [&quot;examples&quot;]&#10;warning: the following keywords are unknown and will be ignored: [examples]&#10;    level: &quot;warning&quot;&#10;    schema: {&quot;loadingURI&quot;:&quot;#&quot;,&quot;pointer&quot;:&quot;/items&quot;}&#10;    domain: &quot;syntax&quot;&#10;    ignored: [&quot;examples&quot;]&#10;warning: the following keywords are unknown and will be ignored: [examples]&#10;    level: &quot;warning&quot;&#10;    schema: {&quot;loadingURI&quot;:&quot;#&quot;,&quot;pointer&quot;:&quot;/items/properties/cpf&quot;}&#10;    domain: &quot;syntax&quot;&#10;    ignored: [&quot;examples&quot;]&#10;warning: the following keywords are unknown and will be ignored: [examples]&#10;    level: &quot;warning&quot;&#10;    schema: {&quot;loadingURI&quot;:&quot;#&quot;,&quot;pointer&quot;:&quot;/items/properties/email&quot;}&#10;    domain: &quot;syntax&quot;&#10;    ignored: [&quot;examples&quot;]&#10;warning: the following keywords are unknown and will be ignored: [examples]&#10;    level: &quot;warning&quot;&#10;    schema: {&quot;loadingURI&quot;:&quot;#&quot;,&quot;pointer&quot;:&quot;/items/properties/id&quot;}&#10;    domain: &quot;syntax&quot;&#10;    ignored: [&quot;examples&quot;]&#10;warning: the following keywords are unknown and will be ignored: [examples]&#10;    level: &quot;warning&quot;&#10;    schema: {&quot;loadingURI&quot;:&quot;#&quot;,&quot;pointer&quot;:&quot;/items/properties/nome&quot;}&#10;    domain: &quot;syntax&quot;&#10;    ignored: [&quot;examples&quot;]&#10;warning: the following keywords are unknown and will be ignored: [examples]&#10;    level: &quot;warning&quot;&#10;    schema: {&quot;loadingURI&quot;:&quot;#&quot;,&quot;pointer&quot;:&quot;/items/properties/parcelas&quot;}&#10;    domain: &quot;syntax&quot;&#10;    ignored: [&quot;examples&quot;]&#10;warning: the following keywords are unknown and will be ignored: [examples]&#10;    level: &quot;warning&quot;&#10;    schema: {&quot;loadingURI&quot;:&quot;#&quot;,&quot;pointer&quot;:&quot;/items/properties/seguro&quot;}&#10;    domain: &quot;syntax&quot;&#10;    ignored: [&quot;examples&quot;]&#10;warning: the following keywords are unknown and will be ignored: [examples]&#10;    level: &quot;warning&quot;&#10;    schema: {&quot;loadingURI&quot;:&quot;#&quot;,&quot;pointer&quot;:&quot;/items/properties/valor&quot;}&#10;    domain: &quot;syntax&quot;&#10;    ignored: [&quot;examples&quot;]&#10;warning: the following keywords are unknown and will be ignored: [examples]&#10;    level: &quot;warning&quot;&#10;    schema: {&quot;loadingURI&quot;:&quot;#&quot;,&quot;pointer&quot;:&quot;/items&quot;}&#10;    domain: &quot;syntax&quot;&#10;    ignored: [&quot;examples&quot;]&#10;warning: the following keywords are unknown and will be ignored: [examples]&#10;    level: &quot;warning&quot;&#10;    schema: {&quot;loadingURI&quot;:&quot;#&quot;,&quot;pointer&quot;:&quot;/items/properties/cpf&quot;}&#10;    domain: &quot;syntax&quot;&#10;    ignored: [&quot;examples&quot;]&#10;warning: the following keywords are unknown and will be ignored: [examples]&#10;    level: &quot;warning&quot;&#10;    schema: {&quot;loadingURI&quot;:&quot;#&quot;,&quot;pointer&quot;:&quot;/items/properties/email&quot;}&#10;    domain: &quot;syntax&quot;&#10;    ignored: [&quot;examples&quot;]&#10;warning: the following keywords are unknown and will be ignored: [examples]&#10;    level: &quot;warning&quot;&#10;    schema: {&quot;loadingURI&quot;:&quot;#&quot;,&quot;pointer&quot;:&quot;/items/properties/id&quot;}&#10;    domain: &quot;syntax&quot;&#10;    ignored: [&quot;examples&quot;]&#10;warning: the following keywords are unknown and will be ignored: [examples]&#10;    level: &quot;warning&quot;&#10;    schema: {&quot;loadingURI&quot;:&quot;#&quot;,&quot;pointer&quot;:&quot;/items/properties/nome&quot;}&#10;    domain: &quot;syntax&quot;&#10;    ignored: [&quot;examples&quot;]&#10;warning: the following keywords are unknown and will be ignored: [examples]&#10;    level: &quot;warning&quot;&#10;    schema: {&quot;loadingURI&quot;:&quot;#&quot;,&quot;pointer&quot;:&quot;/items/properties/parcelas&quot;}&#10;    domain: &quot;syntax&quot;&#10;    ignored: [&quot;examples&quot;]&#10;warning: the following keywords are unknown and will be ignored: [examples]&#10;    level: &quot;warning&quot;&#10;    schema: {&quot;loadingURI&quot;:&quot;#&quot;,&quot;pointer&quot;:&quot;/items/properties/seguro&quot;}&#10;    domain: &quot;syntax&quot;&#10;    ignored: [&quot;examples&quot;]&#10;warning: the following keywords are unknown and will be ignored: [examples]&#10;    level: &quot;warning&quot;&#10;    schema: {&quot;loadingURI&quot;:&quot;#&quot;,&quot;pointer&quot;:&quot;/items/properties/valor&quot;}&#10;    domain: &quot;syntax&quot;&#10;    ignored: [&quot;examples&quot;]&#10;warning: the following keywords are unknown and will be ignored: [examples]&#10;    level: &quot;warning&quot;&#10;    schema: {&quot;loadingURI&quot;:&quot;#&quot;,&quot;pointer&quot;:&quot;/items&quot;}&#10;    domain: &quot;syntax&quot;&#10;    ignored: [&quot;examples&quot;]&#10;warning: the following keywords are unknown and will be ignored: [examples]&#10;    level: &quot;warning&quot;&#10;    schema: {&quot;loadingURI&quot;:&quot;#&quot;,&quot;pointer&quot;:&quot;/items/properties/cpf&quot;}&#10;    domain: &quot;syntax&quot;&#10;    ignored: [&quot;examples&quot;]&#10;warning: the following keywords are unknown and will be ignored: [examples]&#10;    level: &quot;warning&quot;&#10;    schema: {&quot;loadingURI&quot;:&quot;#&quot;,&quot;pointer&quot;:&quot;/items/properties/email&quot;}&#10;    domain: &quot;syntax&quot;&#10;    ignored: [&quot;examples&quot;]&#10;warning: the following keywords are unknown and will be ignored: [examples]&#10;    level: &quot;warning&quot;&#10;    schema: {&quot;loadingURI&quot;:&quot;#&quot;,&quot;pointer&quot;:&quot;/items/properties/id&quot;}&#10;    domain: &quot;syntax&quot;&#10;    ignored: [&quot;examples&quot;]&#10;warning: the following keywords are unknown and will be ignored: [examples]&#10;    level: &quot;warning&quot;&#10;    schema: {&quot;loadingURI&quot;:&quot;#&quot;,&quot;pointer&quot;:&quot;/items/properties/nome&quot;}&#10;    domain: &quot;syntax&quot;&#10;    ignored: [&quot;examples&quot;]&#10;warning: the following keywords are unknown and will be ignored: [examples]&#10;    level: &quot;warning&quot;&#10;    schema: {&quot;loadingURI&quot;:&quot;#&quot;,&quot;pointer&quot;:&quot;/items/properties/parcelas&quot;}&#10;    domain: &quot;syntax&quot;&#10;    ignored: [&quot;examples&quot;]&#10;warning: the following keywords are unknown and will be ignored: [examples]&#10;    level: &quot;warning&quot;&#10;    schema: {&quot;loadingURI&quot;:&quot;#&quot;,&quot;pointer&quot;:&quot;/items/properties/seguro&quot;}&#10;    domain: &quot;syntax&quot;&#10;    ignored: [&quot;examples&quot;]&#10;warning: the following keywords are unknown and will be ignored: [examples]&#10;    level: &quot;warning&quot;&#10;    schema: {&quot;loadingURI&quot;:&quot;#&quot;,&quot;pointer&quot;:&quot;/items/properties/valor&quot;}&#10;    domain: &quot;syntax&quot;&#10;    ignored: [&quot;examples&quot;]&#10;warning: the following keywords are unknown and will be ignored: [examples]&#10;    level: &quot;warning&quot;&#10;    schema: {&quot;loadingURI&quot;:&quot;#&quot;,&quot;pointer&quot;:&quot;/items&quot;}&#10;    domain: &quot;syntax&quot;&#10;    ignored: [&quot;examples&quot;]&#10;warning: the following keywords are unknown and will be ignored: [examples]&#10;    level: &quot;warning&quot;&#10;    schema: {&quot;loadingURI&quot;:&quot;#&quot;,&quot;pointer&quot;:&quot;/items/properties/cpf&quot;}&#10;    domain: &quot;syntax&quot;&#10;    ignored: [&quot;examples&quot;]&#10;warning: the following keywords are unknown and will be ignored: [examples]&#10;    level: &quot;warning&quot;&#10;    schema: {&quot;loadingURI&quot;:&quot;#&quot;,&quot;pointer&quot;:&quot;/items/properties/email&quot;}&#10;    domain: &quot;syntax&quot;&#10;    ignored: [&quot;examples&quot;]&#10;warning: the following keywords are unknown and will be ignored: [examples]&#10;    level: &quot;warning&quot;&#10;    schema: {&quot;loadingURI&quot;:&quot;#&quot;,&quot;pointer&quot;:&quot;/items/properties/id&quot;}&#10;    domain: &quot;syntax&quot;&#10;    ignored: [&quot;examples&quot;]&#10;warning: the following keywords are unknown and will be ignored: [examples]&#10;    level: &quot;warning&quot;&#10;    schema: {&quot;loadingURI&quot;:&quot;#&quot;,&quot;pointer&quot;:&quot;/items/properties/nome&quot;}&#10;    domain: &quot;syntax&quot;&#10;    ignored: [&quot;examples&quot;]&#10;warning: the following keywords are unknown and will be ignored: [examples]&#10;    level: &quot;warning&quot;&#10;    schema: {&quot;loadingURI&quot;:&quot;#&quot;,&quot;pointer&quot;:&quot;/items/properties/parcelas&quot;}&#10;    domain: &quot;syntax&quot;&#10;    ignored: [&quot;examples&quot;]&#10;warning: the following keywords are unknown and will be ignored: [examples]&#10;    level: &quot;warning&quot;&#10;    schema: {&quot;loadingURI&quot;:&quot;#&quot;,&quot;pointer&quot;:&quot;/items/properties/seguro&quot;}&#10;    domain: &quot;syntax&quot;&#10;    ignored: [&quot;examples&quot;]&#10;warning: the following keywords are unknown and will be ignored: [examples]&#10;    level: &quot;warning&quot;&#10;    schema: {&quot;loadingURI&quot;:&quot;#&quot;,&quot;pointer&quot;:&quot;/items/properties/valor&quot;}&#10;    domain: &quot;syntax&quot;&#10;    ignored: [&quot;examples&quot;]&#10;warning: the following keywords are unknown and will be ignored: [examples]&#10;    level: &quot;warning&quot;&#10;    schema: {&quot;loadingURI&quot;:&quot;#&quot;,&quot;pointer&quot;:&quot;/items&quot;}&#10;    domain: &quot;syntax&quot;&#10;    ignored: [&quot;examples&quot;]&#10;warning: the following keywords are unknown and will be ignored: [examples]&#10;    level: &quot;warning&quot;&#10;    schema: {&quot;loadingURI&quot;:&quot;#&quot;,&quot;pointer&quot;:&quot;/items/properties/cpf&quot;}&#10;    domain: &quot;syntax&quot;&#10;    ignored: [&quot;examples&quot;]&#10;warning: the following keywords are unknown and will be ignored: [examples]&#10;    level: &quot;warning&quot;&#10;    schema: {&quot;loadingURI&quot;:&quot;#&quot;,&quot;pointer&quot;:&quot;/items/properties/email&quot;}&#10;    domain: &quot;syntax&quot;&#10;    ignored: [&quot;examples&quot;]&#10;warning: the following keywords are unknown and will be ignored: [examples]&#10;    level: &quot;warning&quot;&#10;    schema: {&quot;loadingURI&quot;:&quot;#&quot;,&quot;pointer&quot;:&quot;/items/properties/id&quot;}&#10;    domain: &quot;syntax&quot;&#10;    ignored: [&quot;examples&quot;]&#10;warning: the following keywords are unknown and will be ignored: [examples]&#10;    level: &quot;warning&quot;&#10;    schema: {&quot;loadingURI&quot;:&quot;#&quot;,&quot;pointer&quot;:&quot;/items/properties/nome&quot;}&#10;    domain: &quot;syntax&quot;&#10;    ignored: [&quot;examples&quot;]&#10;warning: the following keywords are unknown and will be ignored: [examples]&#10;    level: &quot;warning&quot;&#10;    schema: {&quot;loadingURI&quot;:&quot;#&quot;,&quot;pointer&quot;:&quot;/items/properties/parcelas&quot;}&#10;    domain: &quot;syntax&quot;&#10;    ignored: [&quot;examples&quot;]&#10;warning: the following keywords are unknown and will be ignored: [examples]&#10;    level: &quot;warning&quot;&#10;    schema: {&quot;loadingURI&quot;:&quot;#&quot;,&quot;pointer&quot;:&quot;/items/properties/seguro&quot;}&#10;    domain: &quot;syntax&quot;&#10;    ignored: [&quot;examples&quot;]&#10;warning: the following keywords are unknown and will be ignored: [examples]&#10;    level: &quot;warning&quot;&#10;    schema: {&quot;loadingURI&quot;:&quot;#&quot;,&quot;pointer&quot;:&quot;/items/properties/valor&quot;}&#10;    domain: &quot;syntax&quot;&#10;    ignored: [&quot;examples&quot;]&#10;warning: the following keywords are unknown and will be ignored: [examples]&#10;    level: &quot;warning&quot;&#10;    schema: {&quot;loadingURI&quot;:&quot;#&quot;,&quot;pointer&quot;:&quot;/items&quot;}&#10;    domain: &quot;syntax&quot;&#10;    ignored: [&quot;examples&quot;]&#10;warning: the following keywords are unknown and will be ignored: [examples]&#10;    level: &quot;warning&quot;&#10;    schema: {&quot;loadingURI&quot;:&quot;#&quot;,&quot;pointer&quot;:&quot;/items/properties/cpf&quot;}&#10;    domain: &quot;syntax&quot;&#10;    ignored: [&quot;examples&quot;]&#10;warning: the following keywords are unknown and will be ignored: [examples]&#10;    level: &quot;warning&quot;&#10;    schema: {&quot;loadingURI&quot;:&quot;#&quot;,&quot;pointer&quot;:&quot;/items/properties/email&quot;}&#10;    domain: &quot;syntax&quot;&#10;    ignored: [&quot;examples&quot;]&#10;warning: the following keywords are unknown and will be ignored: [examples]&#10;    level: &quot;warning&quot;&#10;    schema: {&quot;loadingURI&quot;:&quot;#&quot;,&quot;pointer&quot;:&quot;/items/properties/id&quot;}&#10;    domain: &quot;syntax&quot;&#10;    ignored: [&quot;examples&quot;]&#10;warning: the following keywords are unknown and will be ignored: [examples]&#10;    level: &quot;warning&quot;&#10;    schema: {&quot;loadingURI&quot;:&quot;#&quot;,&quot;pointer&quot;:&quot;/items/properties/nome&quot;}&#10;    domain: &quot;syntax&quot;&#10;    ignored: [&quot;examples&quot;]&#10;warning: the following keywords are unknown and will be ignored: [examples]&#10;    level: &quot;warning&quot;&#10;    schema: {&quot;loadingURI&quot;:&quot;#&quot;,&quot;pointer&quot;:&quot;/items/properties/parcelas&quot;}&#10;    domain: &quot;syntax&quot;&#10;    ignored: [&quot;examples&quot;]&#10;warning: the following keywords are unknown and will be ignored: [examples]&#10;    level: &quot;warning&quot;&#10;    schema: {&quot;loadingURI&quot;:&quot;#&quot;,&quot;pointer&quot;:&quot;/items/properties/seguro&quot;}&#10;    domain: &quot;syntax&quot;&#10;    ignored: [&quot;examples&quot;]&#10;warning: the following keywords are unknown and will be ignored: [examples]&#10;    level: &quot;warning&quot;&#10;    schema: {&quot;loadingURI&quot;:&quot;#&quot;,&quot;pointer&quot;:&quot;/items/properties/valor&quot;}&#10;    domain: &quot;syntax&quot;&#10;    ignored: [&quot;examples&quot;]&#10;warning: the following keywords are unknown and will be ignored: [examples]&#10;    level: &quot;warning&quot;&#10;    schema: {&quot;loadingURI&quot;:&quot;#&quot;,&quot;pointer&quot;:&quot;/items&quot;}&#10;    domain: &quot;syntax&quot;&#10;    ignored: [&quot;examples&quot;]&#10;warning: the following keywords are unknown and will be ignored: [examples]&#10;    level: &quot;warning&quot;&#10;    schema: {&quot;loadingURI&quot;:&quot;#&quot;,&quot;pointer&quot;:&quot;/items/properties/cpf&quot;}&#10;    domain: &quot;syntax&quot;&#10;    ignored: [&quot;examples&quot;]&#10;warning: the following keywords are unknown and will be ignored: [examples]&#10;    level: &quot;warning&quot;&#10;    schema: {&quot;loadingURI&quot;:&quot;#&quot;,&quot;pointer&quot;:&quot;/items/properties/email&quot;}&#10;    domain: &quot;syntax&quot;&#10;    ignored: [&quot;examples&quot;]&#10;warning: the following keywords are unknown and will be ignored: [examples]&#10;    level: &quot;warning&quot;&#10;    schema: {&quot;loadingURI&quot;:&quot;#&quot;,&quot;pointer&quot;:&quot;/items/properties/id&quot;}&#10;    domain: &quot;syntax&quot;&#10;    ignored: [&quot;examples&quot;]&#10;warning: the following keywords are unknown and will be ignored: [examples]&#10;    level: &quot;warning&quot;&#10;    schema: {&quot;loadingURI&quot;:&quot;#&quot;,&quot;pointer&quot;:&quot;/items/properties/nome&quot;}&#10;    domain: &quot;syntax&quot;&#10;    ignored: [&quot;examples&quot;]&#10;warning: the following keywords are unknown and will be ignored: [examples]&#10;    level: &quot;warning&quot;&#10;    schema: {&quot;loadingURI&quot;:&quot;#&quot;,&quot;pointer&quot;:&quot;/items/properties/parcelas&quot;}&#10;    domain: &quot;syntax&quot;&#10;    ignored: [&quot;examples&quot;]&#10;warning: the following keywords are unknown and will be ignored: [examples]&#10;    level: &quot;warning&quot;&#10;    schema: {&quot;loadingURI&quot;:&quot;#&quot;,&quot;pointer&quot;:&quot;/items/properties/seguro&quot;}&#10;    domain: &quot;syntax&quot;&#10;    ignored: [&quot;examples&quot;]&#10;warning: the following keywords are unknown and will be ignored: [examples]&#10;    level: &quot;warning&quot;&#10;    schema: {&quot;loadingURI&quot;:&quot;#&quot;,&quot;pointer&quot;:&quot;/items/properties/valor&quot;}&#10;    domain: &quot;syntax&quot;&#10;    ignored: [&quot;examples&quot;]&#10;warning: the following keywords are unknown and will be ignored: [examples]&#10;    level: &quot;warning&quot;&#10;    schema: {&quot;loadingURI&quot;:&quot;#&quot;,&quot;pointer&quot;:&quot;/items&quot;}&#10;    domain: &quot;syntax&quot;&#10;    ignored: [&quot;examples&quot;]&#10;warning: the following keywords are unknown and will be ignored: [examples]&#10;    level: &quot;warning&quot;&#10;    schema: {&quot;loadingURI&quot;:&quot;#&quot;,&quot;pointer&quot;:&quot;/items/properties/cpf&quot;}&#10;    domain: &quot;syntax&quot;&#10;    ignored: [&quot;examples&quot;]&#10;warning: the following keywords are unknown and will be ignored: [examples]&#10;    level: &quot;warning&quot;&#10;    schema: {&quot;loadingURI&quot;:&quot;#&quot;,&quot;pointer&quot;:&quot;/items/properties/email&quot;}&#10;    domain: &quot;syntax&quot;&#10;    ignored: [&quot;examples&quot;]&#10;warning: the following keywords are unknown and will be ignored: [examples]&#10;    level: &quot;warning&quot;&#10;    schema: {&quot;loadingURI&quot;:&quot;#&quot;,&quot;pointer&quot;:&quot;/items/properties/id&quot;}&#10;    domain: &quot;syntax&quot;&#10;    ignored: [&quot;examples&quot;]&#10;warning: the following keywords are unknown and will be ignored: [examples]&#10;    level: &quot;warning&quot;&#10;    schema: {&quot;loadingURI&quot;:&quot;#&quot;,&quot;pointer&quot;:&quot;/items/properties/nome&quot;}&#10;    domain: &quot;syntax&quot;&#10;    ignored: [&quot;examples&quot;]&#10;warning: the following keywords are unknown and will be ignored: [examples]&#10;    level: &quot;warning&quot;&#10;    schema: {&quot;loadingURI&quot;:&quot;#&quot;,&quot;pointer&quot;:&quot;/items/properties/parcelas&quot;}&#10;    domain: &quot;syntax&quot;&#10;    ignored: [&quot;examples&quot;]&#10;warning: the following keywords are unknown and will be ignored: [examples]&#10;    level: &quot;warning&quot;&#10;    schema: {&quot;loadingURI&quot;:&quot;#&quot;,&quot;pointer&quot;:&quot;/items/properties/seguro&quot;}&#10;    domain: &quot;syntax&quot;&#10;    ignored: [&quot;examples&quot;]&#10;warning: the following keywords are unknown and will be ignored: [examples]&#10;    level: &quot;warning&quot;&#10;    schema: {&quot;loadingURI&quot;:&quot;#&quot;,&quot;pointer&quot;:&quot;/items/properties/valor&quot;}&#10;    domain: &quot;syntax&quot;&#10;    ignored: [&quot;examples&quot;]&#10;warning: the following keywords are unknown and will be ignored: [examples]&#10;    level: &quot;warning&quot;&#10;    schema: {&quot;loadingURI&quot;:&quot;#&quot;,&quot;pointer&quot;:&quot;/items&quot;}&#10;    domain: &quot;syntax&quot;&#10;    ignored: [&quot;examples&quot;]&#10;warning: the following keywords are unknown and will be ignored: [examples]&#10;    level: &quot;warning&quot;&#10;    schema: {&quot;loadingURI&quot;:&quot;#&quot;,&quot;pointer&quot;:&quot;/items/properties/cpf&quot;}&#10;    domain: &quot;syntax&quot;&#10;    ignored: [&quot;examples&quot;]&#10;warning: the following keywords are unknown and will be ignored: [examples]&#10;    level: &quot;warning&quot;&#10;    schema: {&quot;loadingURI&quot;:&quot;#&quot;,&quot;pointer&quot;:&quot;/items/properties/email&quot;}&#10;    domain: &quot;syntax&quot;&#10;    ignored: [&quot;examples&quot;]&#10;warning: the following keywords are unknown and will be ignored: [examples]&#10;    level: &quot;warning&quot;&#10;    schema: {&quot;loadingURI&quot;:&quot;#&quot;,&quot;pointer&quot;:&quot;/items/properties/id&quot;}&#10;    domain: &quot;syntax&quot;&#10;    ignored: [&quot;examples&quot;]&#10;warning: the following keywords are unknown and will be ignored: [examples]&#10;    level: &quot;warning&quot;&#10;    schema: {&quot;loadingURI&quot;:&quot;#&quot;,&quot;pointer&quot;:&quot;/items/properties/nome&quot;}&#10;    domain: &quot;syntax&quot;&#10;    ignored: [&quot;examples&quot;]&#10;warning: the following keywords are unknown and will be ignored: [examples]&#10;    level: &quot;warning&quot;&#10;    schema: {&quot;loadingURI&quot;:&quot;#&quot;,&quot;pointer&quot;:&quot;/items/properties/parcelas&quot;}&#10;    domain: &quot;syntax&quot;&#10;    ignored: [&quot;examples&quot;]&#10;warning: the following keywords are unknown and will be ignored: [examples]&#10;    level: &quot;warning&quot;&#10;    schema: {&quot;loadingURI&quot;:&quot;#&quot;,&quot;pointer&quot;:&quot;/items/properties/seguro&quot;}&#10;    domain: &quot;syntax&quot;&#10;    ignored: [&quot;examples&quot;]&#10;warning: the following keywords are unknown and will be ignored: [examples]&#10;    level: &quot;warning&quot;&#10;    schema: {&quot;loadingURI&quot;:&quot;#&quot;,&quot;pointer&quot;:&quot;/items/properties/valor&quot;}&#10;    domain: &quot;syntax&quot;&#10;    ignored: [&quot;examples&quot;]&#10;warning: the following keywords are unknown and will be ignored: [examples]&#10;    level: &quot;warning&quot;&#10;    schema: {&quot;loadingURI&quot;:&quot;#&quot;,&quot;pointer&quot;:&quot;/items&quot;}&#10;    domain: &quot;syntax&quot;&#10;    ignored: [&quot;examples&quot;]&#10;warning: the following keywords are unknown and will be ignored: [examples]&#10;    level: &quot;warning&quot;&#10;    schema: {&quot;loadingURI&quot;:&quot;#&quot;,&quot;pointer&quot;:&quot;/items/properties/cpf&quot;}&#10;    domain: &quot;syntax&quot;&#10;    ignored: [&quot;examples&quot;]&#10;warning: the following keywords are unknown and will be ignored: [examples]&#10;    level: &quot;warning&quot;&#10;    schema: {&quot;loadingURI&quot;:&quot;#&quot;,&quot;pointer&quot;:&quot;/items/properties/email&quot;}&#10;    domain: &quot;syntax&quot;&#10;    ignored: [&quot;examples&quot;]&#10;warning: the following keywords are unknown and will be ignored: [examples]&#10;    level: &quot;warning&quot;&#10;    schema: {&quot;loadingURI&quot;:&quot;#&quot;,&quot;pointer&quot;:&quot;/items/properties/id&quot;}&#10;    domain: &quot;syntax&quot;&#10;    ignored: [&quot;examples&quot;]&#10;warning: the following keywords are unknown and will be ignored: [examples]&#10;    level: &quot;warning&quot;&#10;    schema: {&quot;loadingURI&quot;:&quot;#&quot;,&quot;pointer&quot;:&quot;/items/properties/nome&quot;}&#10;    domain: &quot;syntax&quot;&#10;    ignored: [&quot;examples&quot;]&#10;warning: the following keywords are unknown and will be ignored: [examples]&#10;    level: &quot;warning&quot;&#10;    schema: {&quot;loadingURI&quot;:&quot;#&quot;,&quot;pointer&quot;:&quot;/items/properties/parcelas&quot;}&#10;    domain: &quot;syntax&quot;&#10;    ignored: [&quot;examples&quot;]&#10;warning: the following keywords are unknown and will be ignored: [examples]&#10;    level: &quot;warning&quot;&#10;    schema: {&quot;loadingURI&quot;:&quot;#&quot;,&quot;pointer&quot;:&quot;/items/properties/seguro&quot;}&#10;    domain: &quot;syntax&quot;&#10;    ignored: [&quot;examples&quot;]&#10;warning: the following keywords are unknown and will be ignored: [examples]&#10;    level: &quot;warning&quot;&#10;    schema: {&quot;loadingURI&quot;:&quot;#&quot;,&quot;pointer&quot;:&quot;/items/properties/valor&quot;}&#10;    domain: &quot;syntax&quot;&#10;    ignored: [&quot;examples&quot;]&#10;warning: the following keywords are unknown and will be ignored: [examples]&#10;    level: &quot;warning&quot;&#10;    schema: {&quot;loadingURI&quot;:&quot;#&quot;,&quot;pointer&quot;:&quot;/items&quot;}&#10;    domain: &quot;syntax&quot;&#10;    ignored: [&quot;examples&quot;]&#10;warning: the following keywords are unknown and will be ignored: [examples]&#10;    level: &quot;warning&quot;&#10;    schema: {&quot;loadingURI&quot;:&quot;#&quot;,&quot;pointer&quot;:&quot;/items/properties/cpf&quot;}&#10;    domain: &quot;syntax&quot;&#10;    ignored: [&quot;examples&quot;]&#10;warning: the following keywords are unknown and will be ignored: [examples]&#10;    level: &quot;warning&quot;&#10;    schema: {&quot;loadingURI&quot;:&quot;#&quot;,&quot;pointer&quot;:&quot;/items/properties/email&quot;}&#10;    domain: &quot;syntax&quot;&#10;    ignored: [&quot;examples&quot;]&#10;warning: the following keywords are unknown and will be ignored: [examples]&#10;    level: &quot;warning&quot;&#10;    schema: {&quot;loadingURI&quot;:&quot;#&quot;,&quot;pointer&quot;:&quot;/items/properties/id&quot;}&#10;    domain: &quot;syntax&quot;&#10;    ignored: [&quot;examples&quot;]&#10;warning: the following keywords are unknown and will be ignored: [examples]&#10;    level: &quot;warning&quot;&#10;    schema: {&quot;loadingURI&quot;:&quot;#&quot;,&quot;pointer&quot;:&quot;/items/properties/nome&quot;}&#10;    domain: &quot;syntax&quot;&#10;    ignored: [&quot;examples&quot;]&#10;warning: the following keywords are unknown and will be ignored: [examples]&#10;    level: &quot;warning&quot;&#10;    schema: {&quot;loadingURI&quot;:&quot;#&quot;,&quot;pointer&quot;:&quot;/items/properties/parcelas&quot;}&#10;    domain: &quot;syntax&quot;&#10;    ignored: [&quot;examples&quot;]&#10;warning: the following keywords are unknown and will be ignored: [examples]&#10;    level: &quot;warning&quot;&#10;    schema: {&quot;loadingURI&quot;:&quot;#&quot;,&quot;pointer&quot;:&quot;/items/properties/seguro&quot;}&#10;    domain: &quot;syntax&quot;&#10;    ignored: [&quot;examples&quot;]&#10;warning: the following keywords are unknown and will be ignored: [examples]&#10;    level: &quot;warning&quot;&#10;    schema: {&quot;loadingURI&quot;:&quot;#&quot;,&quot;pointer&quot;:&quot;/items/properties/valor&quot;}&#10;    domain: &quot;syntax&quot;&#10;    ignored: [&quot;examples&quot;]&#10;warning: the following keywords are unknown and will be ignored: [examples]&#10;    level: &quot;warning&quot;&#10;    schema: {&quot;loadingURI&quot;:&quot;#&quot;,&quot;pointer&quot;:&quot;/items&quot;}&#10;    domain: &quot;syntax&quot;&#10;    ignored: [&quot;examples&quot;]&#10;warning: the following keywords are unknown and will be ignored: [examples]&#10;    level: &quot;warning&quot;&#10;    schema: {&quot;loadingURI&quot;:&quot;#&quot;,&quot;pointer&quot;:&quot;/items/properties/cpf&quot;}&#10;    domain: &quot;syntax&quot;&#10;    ignored: [&quot;examples&quot;]&#10;warning: the following keywords are unknown and will be ignored: [examples]&#10;    level: &quot;warning&quot;&#10;    schema: {&quot;loadingURI&quot;:&quot;#&quot;,&quot;pointer&quot;:&quot;/items/properties/email&quot;}&#10;    domain: &quot;syntax&quot;&#10;    ignored: [&quot;examples&quot;]&#10;warning: the following keywords are unknown and will be ignored: [examples]&#10;    level: &quot;warning&quot;&#10;    schema: {&quot;loadingURI&quot;:&quot;#&quot;,&quot;pointer&quot;:&quot;/items/properties/id&quot;}&#10;    domain: &quot;syntax&quot;&#10;    ignored: [&quot;examples&quot;]&#10;warning: the following keywords are unknown and will be ignored: [examples]&#10;    level: &quot;warning&quot;&#10;    schema: {&quot;loadingURI&quot;:&quot;#&quot;,&quot;pointer&quot;:&quot;/items/properties/nome&quot;}&#10;    domain: &quot;syntax&quot;&#10;    ignored: [&quot;examples&quot;]&#10;warning: the following keywords are unknown and will be ignored: [examples]&#10;    level: &quot;warning&quot;&#10;    schema: {&quot;loadingURI&quot;:&quot;#&quot;,&quot;pointer&quot;:&quot;/items/properties/parcelas&quot;}&#10;    domain: &quot;syntax&quot;&#10;    ignored: [&quot;examples&quot;]&#10;warning: the following keywords are unknown and will be ignored: [examples]&#10;    level: &quot;warning&quot;&#10;    schema: {&quot;loadingURI&quot;:&quot;#&quot;,&quot;pointer&quot;:&quot;/items/properties/seguro&quot;}&#10;    domain: &quot;syntax&quot;&#10;    ignored: [&quot;examples&quot;]&#10;warning: the following keywords are unknown and will be ignored: [examples]&#10;    level: &quot;warning&quot;&#10;    schema: {&quot;loadingURI&quot;:&quot;#&quot;,&quot;pointer&quot;:&quot;/items/properties/valor&quot;}&#10;    domain: &quot;syntax&quot;&#10;    ignored: [&quot;examples&quot;]&#10;warning: the following keywords are unknown and will be ignored: [examples]&#10;    level: &quot;warning&quot;&#10;    schema: {&quot;loadingURI&quot;:&quot;#&quot;,&quot;pointer&quot;:&quot;/items&quot;}&#10;    domain: &quot;syntax&quot;&#10;    ignored: [&quot;examples&quot;]&#10;warning: the following keywords are unknown and will be ignored: [examples]&#10;    level: &quot;warning&quot;&#10;    schema: {&quot;loadingURI&quot;:&quot;#&quot;,&quot;pointer&quot;:&quot;/items/properties/cpf&quot;}&#10;    domain: &quot;syntax&quot;&#10;    ignored: [&quot;examples&quot;]&#10;warning: the following keywords are unknown and will be ignored: [examples]&#10;    level: &quot;warning&quot;&#10;    schema: {&quot;loadingURI&quot;:&quot;#&quot;,&quot;pointer&quot;:&quot;/items/properties/email&quot;}&#10;    domain: &quot;syntax&quot;&#10;    ignored: [&quot;examples&quot;]&#10;warning: the following keywords are unknown and will be ignored: [examples]&#10;    level: &quot;warning&quot;&#10;    schema: {&quot;loadingURI&quot;:&quot;#&quot;,&quot;pointer&quot;:&quot;/items/properties/id&quot;}&#10;    domain: &quot;syntax&quot;&#10;    ignored: [&quot;examples&quot;]&#10;warning: the following keywords are unknown and will be ignored: [examples]&#10;    level: &quot;warning&quot;&#10;    schema: {&quot;loadingURI&quot;:&quot;#&quot;,&quot;pointer&quot;:&quot;/items/properties/nome&quot;}&#10;    domain: &quot;syntax&quot;&#10;    ignored: [&quot;examples&quot;]&#10;warning: the following keywords are unknown and will be ignored: [examples]&#10;    level: &quot;warning&quot;&#10;    schema: {&quot;loadingURI&quot;:&quot;#&quot;,&quot;pointer&quot;:&quot;/items/properties/parcelas&quot;}&#10;    domain: &quot;syntax&quot;&#10;    ignored: [&quot;examples&quot;]&#10;warning: the following keywords are unknown and will be ignored: [examples]&#10;    level: &quot;warning&quot;&#10;    schema: {&quot;loadingURI&quot;:&quot;#&quot;,&quot;pointer&quot;:&quot;/items/properties/seguro&quot;}&#10;    domain: &quot;syntax&quot;&#10;    ignored: [&quot;examples&quot;]&#10;warning: the following keywords are unknown and will be ignored: [examples]&#10;    level: &quot;warning&quot;&#10;    schema: {&quot;loadingURI&quot;:&quot;#&quot;,&quot;pointer&quot;:&quot;/items/properties/valor&quot;}&#10;    domain: &quot;syntax&quot;&#10;    ignored: [&quot;examples&quot;]&#10;warning: the following keywords are unknown and will be ignored: [examples]&#10;    level: &quot;warning&quot;&#10;    schema: {&quot;loadingURI&quot;:&quot;#&quot;,&quot;pointer&quot;:&quot;/items&quot;}&#10;    domain: &quot;syntax&quot;&#10;    ignored: [&quot;examples&quot;]&#10;warning: the following keywords are unknown and will be ignored: [examples]&#10;    level: &quot;warning&quot;&#10;    schema: {&quot;loadingURI&quot;:&quot;#&quot;,&quot;pointer&quot;:&quot;/items/properties/cpf&quot;}&#10;    domain: &quot;syntax&quot;&#10;    ignored: [&quot;examples&quot;]&#10;warning: the following keywords are unknown and will be ignored: [examples]&#10;    level: &quot;warning&quot;&#10;    schema: {&quot;loadingURI&quot;:&quot;#&quot;,&quot;pointer&quot;:&quot;/items/properties/email&quot;}&#10;    domain: &quot;syntax&quot;&#10;    ignored: [&quot;examples&quot;]&#10;warning: the following keywords are unknown and will be ignored: [examples]&#10;    level: &quot;warning&quot;&#10;    schema: {&quot;loadingURI&quot;:&quot;#&quot;,&quot;pointer&quot;:&quot;/items/properties/id&quot;}&#10;    domain: &quot;syntax&quot;&#10;    ignored: [&quot;examples&quot;]&#10;warning: the following keywords are unknown and will be ignored: [examples]&#10;    level: &quot;warning&quot;&#10;    schema: {&quot;loadingURI&quot;:&quot;#&quot;,&quot;pointer&quot;:&quot;/items/properties/nome&quot;}&#10;    domain: &quot;syntax&quot;&#10;    ignored: [&quot;examples&quot;]&#10;warning: the following keywords are unknown and will be ignored: [examples]&#10;    level: &quot;warning&quot;&#10;    schema: {&quot;loadingURI&quot;:&quot;#&quot;,&quot;pointer&quot;:&quot;/items/properties/parcelas&quot;}&#10;    domain: &quot;syntax&quot;&#10;    ignored: [&quot;examples&quot;]&#10;warning: the following keywords are unknown and will be ignored: [examples]&#10;    level: &quot;warning&quot;&#10;    schema: {&quot;loadingURI&quot;:&quot;#&quot;,&quot;pointer&quot;:&quot;/items/properties/seguro&quot;}&#10;    domain: &quot;syntax&quot;&#10;    ignored: [&quot;examples&quot;]&#10;warning: the following keywords are unknown and will be ignored: [examples]&#10;    level: &quot;warning&quot;&#10;    schema: {&quot;loadingURI&quot;:&quot;#&quot;,&quot;pointer&quot;:&quot;/items/properties/valor&quot;}&#10;    domain: &quot;syntax&quot;&#10;    ignored: [&quot;examples&quot;]&#10;warning: the following keywords are unknown and will be ignored: [examples]&#10;    level: &quot;warning&quot;&#10;    schema: {&quot;loadingURI&quot;:&quot;#&quot;,&quot;pointer&quot;:&quot;/items&quot;}&#10;    domain: &quot;syntax&quot;&#10;    ignored: [&quot;examples&quot;]&#10;warning: the following keywords are unknown and will be ignored: [examples]&#10;    level: &quot;warning&quot;&#10;    schema: {&quot;loadingURI&quot;:&quot;#&quot;,&quot;pointer&quot;:&quot;/items/properties/cpf&quot;}&#10;    domain: &quot;syntax&quot;&#10;    ignored: [&quot;examples&quot;]&#10;warning: the following keywords are unknown and will be ignored: [examples]&#10;    level: &quot;warning&quot;&#10;    schema: {&quot;loadingURI&quot;:&quot;#&quot;,&quot;pointer&quot;:&quot;/items/properties/email&quot;}&#10;    domain: &quot;syntax&quot;&#10;    ignored: [&quot;examples&quot;]&#10;warning: the following keywords are unknown and will be ignored: [examples]&#10;    level: &quot;warning&quot;&#10;    schema: {&quot;loadingURI&quot;:&quot;#&quot;,&quot;pointer&quot;:&quot;/items/properties/id&quot;}&#10;    domain: &quot;syntax&quot;&#10;    ignored: [&quot;examples&quot;]&#10;warning: the following keywords are unknown and will be ignored: [examples]&#10;    level: &quot;warning&quot;&#10;    schema: {&quot;loadingURI&quot;:&quot;#&quot;,&quot;pointer&quot;:&quot;/items/properties/nome&quot;}&#10;    domain: &quot;syntax&quot;&#10;    ignored: [&quot;examples&quot;]&#10;warning: the following keywords are unknown and will be ignored: [examples]&#10;    level: &quot;warning&quot;&#10;    schema: {&quot;loadingURI&quot;:&quot;#&quot;,&quot;pointer&quot;:&quot;/items/properties/parcelas&quot;}&#10;    domain: &quot;syntax&quot;&#10;    ignored: [&quot;examples&quot;]&#10;warning: the following keywords are unknown and will be ignored: [examples]&#10;    level: &quot;warning&quot;&#10;    schema: {&quot;loadingURI&quot;:&quot;#&quot;,&quot;pointer&quot;:&quot;/items/properties/seguro&quot;}&#10;    domain: &quot;syntax&quot;&#10;    ignored: [&quot;examples&quot;]&#10;warning: the following keywords are unknown and will be ignored: [examples]&#10;    level: &quot;warning&quot;&#10;    schema: {&quot;loadingURI&quot;:&quot;#&quot;,&quot;pointer&quot;:&quot;/items/properties/valor&quot;}&#10;    domain: &quot;syntax&quot;&#10;    ignored: [&quot;examples&quot;]&#10;warning: the following keywords are unknown and will be ignored: [examples]&#10;    level: &quot;warning&quot;&#10;    schema: {&quot;loadingURI&quot;:&quot;#&quot;,&quot;pointer&quot;:&quot;/items&quot;}&#10;    domain: &quot;syntax&quot;&#10;    ignored: [&quot;examples&quot;]&#10;warning: the following keywords are unknown and will be ignored: [examples]&#10;    level: &quot;warning&quot;&#10;    schema: {&quot;loadingURI&quot;:&quot;#&quot;,&quot;pointer&quot;:&quot;/items/properties/cpf&quot;}&#10;    domain: &quot;syntax&quot;&#10;    ignored: [&quot;examples&quot;]&#10;warning: the following keywords are unknown and will be ignored: [examples]&#10;    level: &quot;warning&quot;&#10;    schema: {&quot;loadingURI&quot;:&quot;#&quot;,&quot;pointer&quot;:&quot;/items/properties/email&quot;}&#10;    domain: &quot;syntax&quot;&#10;    ignored: [&quot;examples&quot;]&#10;warning: the following keywords are unknown and will be ignored: [examples]&#10;    level: &quot;warning&quot;&#10;    schema: {&quot;loadingURI&quot;:&quot;#&quot;,&quot;pointer&quot;:&quot;/items/properties/id&quot;}&#10;    domain: &quot;syntax&quot;&#10;    ignored: [&quot;examples&quot;]&#10;warning: the following keywords are unknown and will be ignored: [examples]&#10;    level: &quot;warning&quot;&#10;    schema: {&quot;loadingURI&quot;:&quot;#&quot;,&quot;pointer&quot;:&quot;/items/properties/nome&quot;}&#10;    domain: &quot;syntax&quot;&#10;    ignored: [&quot;examples&quot;]&#10;warning: the following keywords are unknown and will be ignored: [examples]&#10;    level: &quot;warning&quot;&#10;    schema: {&quot;loadingURI&quot;:&quot;#&quot;,&quot;pointer&quot;:&quot;/items/properties/parcelas&quot;}&#10;    domain: &quot;syntax&quot;&#10;    ignored: [&quot;examples&quot;]&#10;warning: the following keywords are unknown and will be ignored: [examples]&#10;    level: &quot;warning&quot;&#10;    schema: {&quot;loadingURI&quot;:&quot;#&quot;,&quot;pointer&quot;:&quot;/items/properties/seguro&quot;}&#10;    domain: &quot;syntax&quot;&#10;    ignored: [&quot;examples&quot;]&#10;warning: the following keywords are unknown and will be ignored: [examples]&#10;    level: &quot;warning&quot;&#10;    schema: {&quot;loadingURI&quot;:&quot;#&quot;,&quot;pointer&quot;:&quot;/items/properties/valor&quot;}&#10;    domain: &quot;syntax&quot;&#10;    ignored: [&quot;examples&quot;]&#10;warning: the following keywords are unknown and will be ignored: [examples]&#10;    level: &quot;warning&quot;&#10;    schema: {&quot;loadingURI&quot;:&quot;#&quot;,&quot;pointer&quot;:&quot;/items&quot;}&#10;    domain: &quot;syntax&quot;&#10;    ignored: [&quot;examples&quot;]&#10;warning: the following keywords are unknown and will be ignored: [examples]&#10;    level: &quot;warning&quot;&#10;    schema: {&quot;loadingURI&quot;:&quot;#&quot;,&quot;pointer&quot;:&quot;/items/properties/cpf&quot;}&#10;    domain: &quot;syntax&quot;&#10;    ignored: [&quot;examples&quot;]&#10;warning: the following keywords are unknown and will be ignored: [examples]&#10;    level: &quot;warning&quot;&#10;    schema: {&quot;loadingURI&quot;:&quot;#&quot;,&quot;pointer&quot;:&quot;/items/properties/email&quot;}&#10;    domain: &quot;syntax&quot;&#10;    ignored: [&quot;examples&quot;]&#10;warning: the following keywords are unknown and will be ignored: [examples]&#10;    level: &quot;warning&quot;&#10;    schema: {&quot;loadingURI&quot;:&quot;#&quot;,&quot;pointer&quot;:&quot;/items/properties/id&quot;}&#10;    domain: &quot;syntax&quot;&#10;    ignored: [&quot;examples&quot;]&#10;warning: the following keywords are unknown and will be ignored: [examples]&#10;    level: &quot;warning&quot;&#10;    schema: {&quot;loadingURI&quot;:&quot;#&quot;,&quot;pointer&quot;:&quot;/items/properties/nome&quot;}&#10;    domain: &quot;syntax&quot;&#10;    ignored: [&quot;examples&quot;]&#10;warning: the following keywords are unknown and will be ignored: [examples]&#10;    level: &quot;warning&quot;&#10;    schema: {&quot;loadingURI&quot;:&quot;#&quot;,&quot;pointer&quot;:&quot;/items/properties/parcelas&quot;}&#10;    domain: &quot;syntax&quot;&#10;    ignored: [&quot;examples&quot;]&#10;warning: the following keywords are unknown and will be ignored: [examples]&#10;    level: &quot;warning&quot;&#10;    schema: {&quot;loadingURI&quot;:&quot;#&quot;,&quot;pointer&quot;:&quot;/items/properties/seguro&quot;}&#10;    domain: &quot;syntax&quot;&#10;    ignored: [&quot;examples&quot;]&#10;warning: the following keywords are unknown and will be ignored: [examples]&#10;    level: &quot;warning&quot;&#10;    schema: {&quot;loadingURI&quot;:&quot;#&quot;,&quot;pointer&quot;:&quot;/items/properties/valor&quot;}&#10;    domain: &quot;syntax&quot;&#10;    ignored: [&quot;examples&quot;]&#10;warning: the following keywords are unknown and will be ignored: [examples]&#10;    level: &quot;warning&quot;&#10;    schema: {&quot;loadingURI&quot;:&quot;#&quot;,&quot;pointer&quot;:&quot;/items&quot;}&#10;    domain: &quot;syntax&quot;&#10;    ignored: [&quot;examples&quot;]&#10;warning: the following keywords are unknown and will be ignored: [examples]&#10;    level: &quot;warning&quot;&#10;    schema: {&quot;loadingURI&quot;:&quot;#&quot;,&quot;pointer&quot;:&quot;/items/properties/cpf&quot;}&#10;    domain: &quot;syntax&quot;&#10;    ignored: [&quot;examples&quot;]&#10;warning: the following keywords are unknown and will be ignored: [examples]&#10;    level: &quot;warning&quot;&#10;    schema: {&quot;loadingURI&quot;:&quot;#&quot;,&quot;pointer&quot;:&quot;/items/properties/email&quot;}&#10;    domain: &quot;syntax&quot;&#10;    ignored: [&quot;examples&quot;]&#10;warning: the following keywords are unknown and will be ignored: [examples]&#10;    level: &quot;warning&quot;&#10;    schema: {&quot;loadingURI&quot;:&quot;#&quot;,&quot;pointer&quot;:&quot;/items/properties/id&quot;}&#10;    domain: &quot;syntax&quot;&#10;    ignored: [&quot;examples&quot;]&#10;warning: the following keywords are unknown and will be ignored: [examples]&#10;    level: &quot;warning&quot;&#10;    schema: {&quot;loadingURI&quot;:&quot;#&quot;,&quot;pointer&quot;:&quot;/items/properties/nome&quot;}&#10;    domain: &quot;syntax&quot;&#10;    ignored: [&quot;examples&quot;]&#10;warning: the following keywords are unknown and will be ignored: [examples]&#10;    level: &quot;warning&quot;&#10;    schema: {&quot;loadingURI&quot;:&quot;#&quot;,&quot;pointer&quot;:&quot;/items/properties/parcelas&quot;}&#10;    domain: &quot;syntax&quot;&#10;    ignored: [&quot;examples&quot;]&#10;warning: the following keywords are unknown and will be ignored: [examples]&#10;    level: &quot;warning&quot;&#10;    schema: {&quot;loadingURI&quot;:&quot;#&quot;,&quot;pointer&quot;:&quot;/items/properties/seguro&quot;}&#10;    domain: &quot;syntax&quot;&#10;    ignored: [&quot;examples&quot;]&#10;warning: the following keywords are unknown and will be ignored: [examples]&#10;    level: &quot;warning&quot;&#10;    schema: {&quot;loadingURI&quot;:&quot;#&quot;,&quot;pointer&quot;:&quot;/items/properties/valor&quot;}&#10;    domain: &quot;syntax&quot;&#10;    ignored: [&quot;examples&quot;]&#10;warning: the following keywords are unknown and will be ignored: [examples]&#10;    level: &quot;warning&quot;&#10;    schema: {&quot;loadingURI&quot;:&quot;#&quot;,&quot;pointer&quot;:&quot;/items&quot;}&#10;    domain: &quot;syntax&quot;&#10;    ignored: [&quot;examples&quot;]&#10;warning: the following keywords are unknown and will be ignored: [examples]&#10;    level: &quot;warning&quot;&#10;    schema: {&quot;loadingURI&quot;:&quot;#&quot;,&quot;pointer&quot;:&quot;/items/properties/cpf&quot;}&#10;    domain: &quot;syntax&quot;&#10;    ignored: [&quot;examples&quot;]&#10;warning: the following keywords are unknown and will be ignored: [examples]&#10;    level: &quot;warning&quot;&#10;    schema: {&quot;loadingURI&quot;:&quot;#&quot;,&quot;pointer&quot;:&quot;/items/properties/email&quot;}&#10;    domain: &quot;syntax&quot;&#10;    ignored: [&quot;examples&quot;]&#10;warning: the following keywords are unknown and will be ignored: [examples]&#10;    level: &quot;warning&quot;&#10;    schema: {&quot;loadingURI&quot;:&quot;#&quot;,&quot;pointer&quot;:&quot;/items/properties/id&quot;}&#10;    domain: &quot;syntax&quot;&#10;    ignored: [&quot;examples&quot;]&#10;warning: the following keywords are unknown and will be ignored: [examples]&#10;    level: &quot;warning&quot;&#10;    schema: {&quot;loadingURI&quot;:&quot;#&quot;,&quot;pointer&quot;:&quot;/items/properties/nome&quot;}&#10;    domain: &quot;syntax&quot;&#10;    ignored: [&quot;examples&quot;]&#10;warning: the following keywords are unknown and will be ignored: [examples]&#10;    level: &quot;warning&quot;&#10;    schema: {&quot;loadingURI&quot;:&quot;#&quot;,&quot;pointer&quot;:&quot;/items/properties/parcelas&quot;}&#10;    domain: &quot;syntax&quot;&#10;    ignored: [&quot;examples&quot;]&#10;warning: the following keywords are unknown and will be ignored: [examples]&#10;    level: &quot;warning&quot;&#10;    schema: {&quot;loadingURI&quot;:&quot;#&quot;,&quot;pointer&quot;:&quot;/items/properties/seguro&quot;}&#10;    domain: &quot;syntax&quot;&#10;    ignored: [&quot;examples&quot;]&#10;warning: the following keywords are unknown and will be ignored: [examples]&#10;    level: &quot;warning&quot;&#10;    schema: {&quot;loadingURI&quot;:&quot;#&quot;,&quot;pointer&quot;:&quot;/items/properties/valor&quot;}&#10;    domain: &quot;syntax&quot;&#10;    ignored: [&quot;examples&quot;]&#10;warning: the following keywords are unknown and will be ignored: [examples]&#10;    level: &quot;warning&quot;&#10;    schema: {&quot;loadingURI&quot;:&quot;#&quot;,&quot;pointer&quot;:&quot;/items&quot;}&#10;    domain: &quot;syntax&quot;&#10;    ignored: [&quot;examples&quot;]&#10;warning: the following keywords are unknown and will be ignored: [examples]&#10;    level: &quot;warning&quot;&#10;    schema: {&quot;loadingURI&quot;:&quot;#&quot;,&quot;pointer&quot;:&quot;/items/properties/cpf&quot;}&#10;    domain: &quot;syntax&quot;&#10;    ignored: [&quot;examples&quot;]&#10;warning: the following keywords are unknown and will be ignored: [examples]&#10;    level: &quot;warning&quot;&#10;    schema: {&quot;loadingURI&quot;:&quot;#&quot;,&quot;pointer&quot;:&quot;/items/properties/email&quot;}&#10;    domain: &quot;syntax&quot;&#10;    ignored: [&quot;examples&quot;]&#10;warning: the following keywords are unknown and will be ignored: [examples]&#10;    level: &quot;warning&quot;&#10;    schema: {&quot;loadingURI&quot;:&quot;#&quot;,&quot;pointer&quot;:&quot;/items/properties/id&quot;}&#10;    domain: &quot;syntax&quot;&#10;    ignored: [&quot;examples&quot;]&#10;warning: the following keywords are unknown and will be ignored: [examples]&#10;    level: &quot;warning&quot;&#10;    schema: {&quot;loadingURI&quot;:&quot;#&quot;,&quot;pointer&quot;:&quot;/items/properties/nome&quot;}&#10;    domain: &quot;syntax&quot;&#10;    ignored: [&quot;examples&quot;]&#10;warning: the following keywords are unknown and will be ignored: [examples]&#10;    level: &quot;warning&quot;&#10;    schema: {&quot;loadingURI&quot;:&quot;#&quot;,&quot;pointer&quot;:&quot;/items/properties/parcelas&quot;}&#10;    domain: &quot;syntax&quot;&#10;    ignored: [&quot;examples&quot;]&#10;warning: the following keywords are unknown and will be ignored: [examples]&#10;    level: &quot;warning&quot;&#10;    schema: {&quot;loadingURI&quot;:&quot;#&quot;,&quot;pointer&quot;:&quot;/items/properties/seguro&quot;}&#10;    domain: &quot;syntax&quot;&#10;    ignored: [&quot;examples&quot;]&#10;warning: the following keywords are unknown and will be ignored: [examples]&#10;    level: &quot;warning&quot;&#10;    schema: {&quot;loadingURI&quot;:&quot;#&quot;,&quot;pointer&quot;:&quot;/items/properties/valor&quot;}&#10;    domain: &quot;syntax&quot;&#10;    ignored: [&quot;examples&quot;]&#10;warning: the following keywords are unknown and will be ignored: [examples]&#10;    level: &quot;warning&quot;&#10;    schema: {&quot;loadingURI&quot;:&quot;#&quot;,&quot;pointer&quot;:&quot;/items&quot;}&#10;    domain: &quot;syntax&quot;&#10;    ignored: [&quot;examples&quot;]&#10;warning: the following keywords are unknown and will be ignored: [examples]&#10;    level: &quot;warning&quot;&#10;    schema: {&quot;loadingURI&quot;:&quot;#&quot;,&quot;pointer&quot;:&quot;/items/properties/cpf&quot;}&#10;    domain: &quot;syntax&quot;&#10;    ignored: [&quot;examples&quot;]&#10;warning: the following keywords are unknown and will be ignored: [examples]&#10;    level: &quot;warning&quot;&#10;    schema: {&quot;loadingURI&quot;:&quot;#&quot;,&quot;pointer&quot;:&quot;/items/properties/email&quot;}&#10;    domain: &quot;syntax&quot;&#10;    ignored: [&quot;examples&quot;]&#10;warning: the following keywords are unknown and will be ignored: [examples]&#10;    level: &quot;warning&quot;&#10;    schema: {&quot;loadingURI&quot;:&quot;#&quot;,&quot;pointer&quot;:&quot;/items/properties/id&quot;}&#10;    domain: &quot;syntax&quot;&#10;    ignored: [&quot;examples&quot;]&#10;warning: the following keywords are unknown and will be ignored: [examples]&#10;    level: &quot;warning&quot;&#10;    schema: {&quot;loadingURI&quot;:&quot;#&quot;,&quot;pointer&quot;:&quot;/items/properties/nome&quot;}&#10;    domain: &quot;syntax&quot;&#10;    ignored: [&quot;examples&quot;]&#10;warning: the following keywords are unknown and will be ignored: [examples]&#10;    level: &quot;warning&quot;&#10;    schema: {&quot;loadingURI&quot;:&quot;#&quot;,&quot;pointer&quot;:&quot;/items/properties/parcelas&quot;}&#10;    domain: &quot;syntax&quot;&#10;    ignored: [&quot;examples&quot;]&#10;warning: the following keywords are unknown and will be ignored: [examples]&#10;    level: &quot;warning&quot;&#10;    schema: {&quot;loadingURI&quot;:&quot;#&quot;,&quot;pointer&quot;:&quot;/items/properties/seguro&quot;}&#10;    domain: &quot;syntax&quot;&#10;    ignored: [&quot;examples&quot;]&#10;warning: the following keywords are unknown and will be ignored: [examples]&#10;    level: &quot;warning&quot;&#10;    schema: {&quot;loadingURI&quot;:&quot;#&quot;,&quot;pointer&quot;:&quot;/items/properties/valor&quot;}&#10;    domain: &quot;syntax&quot;&#10;    ignored: [&quot;examples&quot;]&#10;warning: the following keywords are unknown and will be ignored: [examples]&#10;    level: &quot;warning&quot;&#10;    schema: {&quot;loadingURI&quot;:&quot;#&quot;,&quot;pointer&quot;:&quot;/items&quot;}&#10;    domain: &quot;syntax&quot;&#10;    ignored: [&quot;examples&quot;]&#10;warning: the following keywords are unknown and will be ignored: [examples]&#10;    level: &quot;warning&quot;&#10;    schema: {&quot;loadingURI&quot;:&quot;#&quot;,&quot;pointer&quot;:&quot;/items/properties/cpf&quot;}&#10;    domain: &quot;syntax&quot;&#10;    ignored: [&quot;examples&quot;]&#10;warning: the following keywords are unknown and will be ignored: [examples]&#10;    level: &quot;warning&quot;&#10;    schema: {&quot;loadingURI&quot;:&quot;#&quot;,&quot;pointer&quot;:&quot;/items/properties/email&quot;}&#10;    domain: &quot;syntax&quot;&#10;    ignored: [&quot;examples&quot;]&#10;warning: the following keywords are unknown and will be ignored: [examples]&#10;    level: &quot;warning&quot;&#10;    schema: {&quot;loadingURI&quot;:&quot;#&quot;,&quot;pointer&quot;:&quot;/items/properties/id&quot;}&#10;    domain: &quot;syntax&quot;&#10;    ignored: [&quot;examples&quot;]&#10;warning: the following keywords are unknown and will be ignored: [examples]&#10;    level: &quot;warning&quot;&#10;    schema: {&quot;loadingURI&quot;:&quot;#&quot;,&quot;pointer&quot;:&quot;/items/properties/nome&quot;}&#10;    domain: &quot;syntax&quot;&#10;    ignored: [&quot;examples&quot;]&#10;warning: the following keywords are unknown and will be ignored: [examples]&#10;    level: &quot;warning&quot;&#10;    schema: {&quot;loadingURI&quot;:&quot;#&quot;,&quot;pointer&quot;:&quot;/items/properties/parcelas&quot;}&#10;    domain: &quot;syntax&quot;&#10;    ignored: [&quot;examples&quot;]&#10;warning: the following keywords are unknown and will be ignored: [examples]&#10;    level: &quot;warning&quot;&#10;    schema: {&quot;loadingURI&quot;:&quot;#&quot;,&quot;pointer&quot;:&quot;/items/properties/seguro&quot;}&#10;    domain: &quot;syntax&quot;&#10;    ignored: [&quot;examples&quot;]&#10;warning: the following keywords are unknown and will be ignored: [examples]&#10;    level: &quot;warning&quot;&#10;    schema: {&quot;loadingURI&quot;:&quot;#&quot;,&quot;pointer&quot;:&quot;/items/properties/valor&quot;}&#10;    domain: &quot;syntax&quot;&#10;    ignored: [&quot;examples&quot;]&#10;warning: the following keywords are unknown and will be ignored: [examples]&#10;    level: &quot;warning&quot;&#10;    schema: {&quot;loadingURI&quot;:&quot;#&quot;,&quot;pointer&quot;:&quot;/items&quot;}&#10;    domain: &quot;syntax&quot;&#10;    ignored: [&quot;examples&quot;]&#10;warning: the following keywords are unknown and will be ignored: [examples]&#10;    level: &quot;warning&quot;&#10;    schema: {&quot;loadingURI&quot;:&quot;#&quot;,&quot;pointer&quot;:&quot;/items/properties/cpf&quot;}&#10;    domain: &quot;syntax&quot;&#10;    ignored: [&quot;examples&quot;]&#10;warning: the following keywords are unknown and will be ignored: [examples]&#10;    level: &quot;warning&quot;&#10;    schema: {&quot;loadingURI&quot;:&quot;#&quot;,&quot;pointer&quot;:&quot;/items/properties/email&quot;}&#10;    domain: &quot;syntax&quot;&#10;    ignored: [&quot;examples&quot;]&#10;warning: the following keywords are unknown and will be ignored: [examples]&#10;    level: &quot;warning&quot;&#10;    schema: {&quot;loadingURI&quot;:&quot;#&quot;,&quot;pointer&quot;:&quot;/items/properties/id&quot;}&#10;    domain: &quot;syntax&quot;&#10;    ignored: [&quot;examples&quot;]&#10;warning: the following keywords are unknown and will be ignored: [examples]&#10;    level: &quot;warning&quot;&#10;    schema: {&quot;loadingURI&quot;:&quot;#&quot;,&quot;pointer&quot;:&quot;/items/properties/nome&quot;}&#10;    domain: &quot;syntax&quot;&#10;    ignored: [&quot;examples&quot;]&#10;warning: the following keywords are unknown and will be ignored: [examples]&#10;    level: &quot;warning&quot;&#10;    schema: {&quot;loadingURI&quot;:&quot;#&quot;,&quot;pointer&quot;:&quot;/items/properties/parcelas&quot;}&#10;    domain: &quot;syntax&quot;&#10;    ignored: [&quot;examples&quot;]&#10;warning: the following keywords are unknown and will be ignored: [examples]&#10;    level: &quot;warning&quot;&#10;    schema: {&quot;loadingURI&quot;:&quot;#&quot;,&quot;pointer&quot;:&quot;/items/properties/seguro&quot;}&#10;    domain: &quot;syntax&quot;&#10;    ignored: [&quot;examples&quot;]&#10;warning: the following keywords are unknown and will be ignored: [examples]&#10;    level: &quot;warning&quot;&#10;    schema: {&quot;loadingURI&quot;:&quot;#&quot;,&quot;pointer&quot;:&quot;/items/properties/valor&quot;}&#10;    domain: &quot;syntax&quot;&#10;    ignored: [&quot;examples&quot;]&#10;warning: the following keywords are unknown and will be ignored: [examples]&#10;    level: &quot;warning&quot;&#10;    schema: {&quot;loadingURI&quot;:&quot;#&quot;,&quot;pointer&quot;:&quot;/items&quot;}&#10;    domain: &quot;syntax&quot;&#10;    ignored: [&quot;examples&quot;]&#10;warning: the following keywords are unknown and will be ignored: [examples]&#10;    level: &quot;warning&quot;&#10;    schema: {&quot;loadingURI&quot;:&quot;#&quot;,&quot;pointer&quot;:&quot;/items/properties/cpf&quot;}&#10;    domain: &quot;syntax&quot;&#10;    ignored: [&quot;examples&quot;]&#10;warning: the following keywords are unknown and will be ignored: [examples]&#10;    level: &quot;warning&quot;&#10;    schema: {&quot;loadingURI&quot;:&quot;#&quot;,&quot;pointer&quot;:&quot;/items/properties/email&quot;}&#10;    domain: &quot;syntax&quot;&#10;    ignored: [&quot;examples&quot;]&#10;warning: the following keywords are unknown and will be ignored: [examples]&#10;    level: &quot;warning&quot;&#10;    schema: {&quot;loadingURI&quot;:&quot;#&quot;,&quot;pointer&quot;:&quot;/items/properties/id&quot;}&#10;    domain: &quot;syntax&quot;&#10;    ignored: [&quot;examples&quot;]&#10;warning: the following keywords are unknown and will be ignored: [examples]&#10;    level: &quot;warning&quot;&#10;    schema: {&quot;loadingURI&quot;:&quot;#&quot;,&quot;pointer&quot;:&quot;/items/properties/nome&quot;}&#10;    domain: &quot;syntax&quot;&#10;    ignored: [&quot;examples&quot;]&#10;warning: the following keywords are unknown and will be ignored: [examples]&#10;    level: &quot;warning&quot;&#10;    schema: {&quot;loadingURI&quot;:&quot;#&quot;,&quot;pointer&quot;:&quot;/items/properties/parcelas&quot;}&#10;    domain: &quot;syntax&quot;&#10;    ignored: [&quot;examples&quot;]&#10;warning: the following keywords are unknown and will be ignored: [examples]&#10;    level: &quot;warning&quot;&#10;    schema: {&quot;loadingURI&quot;:&quot;#&quot;,&quot;pointer&quot;:&quot;/items/properties/seguro&quot;}&#10;    domain: &quot;syntax&quot;&#10;    ignored: [&quot;examples&quot;]&#10;warning: the following keywords are unknown and will be ignored: [examples]&#10;    level: &quot;warning&quot;&#10;    schema: {&quot;loadingURI&quot;:&quot;#&quot;,&quot;pointer&quot;:&quot;/items/properties/valor&quot;}&#10;    domain: &quot;syntax&quot;&#10;    ignored: [&quot;examples&quot;]&#10;warning: the following keywords are unknown and will be ignored: [examples]&#10;    level: &quot;warning&quot;&#10;    schema: {&quot;loadingURI&quot;:&quot;#&quot;,&quot;pointer&quot;:&quot;/items&quot;}&#10;    domain: &quot;syntax&quot;&#10;    ignored: [&quot;examples&quot;]&#10;warning: the following keywords are unknown and will be ignored: [examples]&#10;    level: &quot;warning&quot;&#10;    schema: {&quot;loadingURI&quot;:&quot;#&quot;,&quot;pointer&quot;:&quot;/items/properties/cpf&quot;}&#10;    domain: &quot;syntax&quot;&#10;    ignored: [&quot;examples&quot;]&#10;warning: the following keywords are unknown and will be ignored: [examples]&#10;    level: &quot;warning&quot;&#10;    schema: {&quot;loadingURI&quot;:&quot;#&quot;,&quot;pointer&quot;:&quot;/items/properties/email&quot;}&#10;    domain: &quot;syntax&quot;&#10;    ignored: [&quot;examples&quot;]&#10;warning: the following keywords are unknown and will be ignored: [examples]&#10;    level: &quot;warning&quot;&#10;    schema: {&quot;loadingURI&quot;:&quot;#&quot;,&quot;pointer&quot;:&quot;/items/properties/id&quot;}&#10;    domain: &quot;syntax&quot;&#10;    ignored: [&quot;examples&quot;]&#10;warning: the following keywords are unknown and will be ignored: [examples]&#10;    level: &quot;warning&quot;&#10;    schema: {&quot;loadingURI&quot;:&quot;#&quot;,&quot;pointer&quot;:&quot;/items/properties/nome&quot;}&#10;    domain: &quot;syntax&quot;&#10;    ignored: [&quot;examples&quot;]&#10;warning: the following keywords are unknown and will be ignored: [examples]&#10;    level: &quot;warning&quot;&#10;    schema: {&quot;loadingURI&quot;:&quot;#&quot;,&quot;pointer&quot;:&quot;/items/properties/parcelas&quot;}&#10;    domain: &quot;syntax&quot;&#10;    ignored: [&quot;examples&quot;]&#10;warning: the following keywords are unknown and will be ignored: [examples]&#10;    level: &quot;warning&quot;&#10;    schema: {&quot;loadingURI&quot;:&quot;#&quot;,&quot;pointer&quot;:&quot;/items/properties/seguro&quot;}&#10;    domain: &quot;syntax&quot;&#10;    ignored: [&quot;examples&quot;]&#10;warning: the following keywords are unknown and will be ignored: [examples]&#10;    level: &quot;warning&quot;&#10;    schema: {&quot;loadingURI&quot;:&quot;#&quot;,&quot;pointer&quot;:&quot;/items/properties/valor&quot;}&#10;    domain: &quot;syntax&quot;&#10;    ignored: [&quot;examples&quot;]&#10;warning: the following keywords are unknown and will be ignored: [examples]&#10;    level: &quot;warning&quot;&#10;    schema: {&quot;loadingURI&quot;:&quot;#&quot;,&quot;pointer&quot;:&quot;/items&quot;}&#10;    domain: &quot;syntax&quot;&#10;    ignored: [&quot;examples&quot;]&#10;warning: the following keywords are unknown and will be ignored: [examples]&#10;    level: &quot;warning&quot;&#10;    schema: {&quot;loadingURI&quot;:&quot;#&quot;,&quot;pointer&quot;:&quot;/items/properties/cpf&quot;}&#10;    domain: &quot;syntax&quot;&#10;    ignored: [&quot;examples&quot;]&#10;warning: the following keywords are unknown and will be ignored: [examples]&#10;    level: &quot;warning&quot;&#10;    schema: {&quot;loadingURI&quot;:&quot;#&quot;,&quot;pointer&quot;:&quot;/items/properties/email&quot;}&#10;    domain: &quot;syntax&quot;&#10;    ignored: [&quot;examples&quot;]&#10;warning: the following keywords are unknown and will be ignored: [examples]&#10;    level: &quot;warning&quot;&#10;    schema: {&quot;loadingURI&quot;:&quot;#&quot;,&quot;pointer&quot;:&quot;/items/properties/id&quot;}&#10;    domain: &quot;syntax&quot;&#10;    ignored: [&quot;examples&quot;]&#10;warning: the following keywords are unknown and will be ignored: [examples]&#10;    level: &quot;warning&quot;&#10;    schema: {&quot;loadingURI&quot;:&quot;#&quot;,&quot;pointer&quot;:&quot;/items/properties/nome&quot;}&#10;    domain: &quot;syntax&quot;&#10;    ignored: [&quot;examples&quot;]&#10;warning: the following keywords are unknown and will be ignored: [examples]&#10;    level: &quot;warning&quot;&#10;    schema: {&quot;loadingURI&quot;:&quot;#&quot;,&quot;pointer&quot;:&quot;/items/properties/parcelas&quot;}&#10;    domain: &quot;syntax&quot;&#10;    ignored: [&quot;examples&quot;]&#10;warning: the following keywords are unknown and will be ignored: [examples]&#10;    level: &quot;warning&quot;&#10;    schema: {&quot;loadingURI&quot;:&quot;#&quot;,&quot;pointer&quot;:&quot;/items/properties/seguro&quot;}&#10;    domain: &quot;syntax&quot;&#10;    ignored: [&quot;examples&quot;]&#10;warning: the following keywords are unknown and will be ignored: [examples]&#10;    level: &quot;warning&quot;&#10;    schema: {&quot;loadingURI&quot;:&quot;#&quot;,&quot;pointer&quot;:&quot;/items/properties/valor&quot;}&#10;    domain: &quot;syntax&quot;&#10;    ignored: [&quot;examples&quot;]&#10;warning: the following keywords are unknown and will be ignored: [examples]&#10;    level: &quot;warning&quot;&#10;    schema: {&quot;loadingURI&quot;:&quot;#&quot;,&quot;pointer&quot;:&quot;/items&quot;}&#10;    domain: &quot;syntax&quot;&#10;    ignored: [&quot;examples&quot;]&#10;warning: the following keywords are unknown and will be ignored: [examples]&#10;    level: &quot;warning&quot;&#10;    schema: {&quot;loadingURI&quot;:&quot;#&quot;,&quot;pointer&quot;:&quot;/items/properties/cpf&quot;}&#10;    domain: &quot;syntax&quot;&#10;    ignored: [&quot;examples&quot;]&#10;warning: the following keywords are unknown and will be ignored: [examples]&#10;    level: &quot;warning&quot;&#10;    schema: {&quot;loadingURI&quot;:&quot;#&quot;,&quot;pointer&quot;:&quot;/items/properties/email&quot;}&#10;    domain: &quot;syntax&quot;&#10;    ignored: [&quot;examples&quot;]&#10;warning: the following keywords are unknown and will be ignored: [examples]&#10;    level: &quot;warning&quot;&#10;    schema: {&quot;loadingURI&quot;:&quot;#&quot;,&quot;pointer&quot;:&quot;/items/properties/id&quot;}&#10;    domain: &quot;syntax&quot;&#10;    ignored: [&quot;examples&quot;]&#10;warning: the following keywords are unknown and will be ignored: [examples]&#10;    level: &quot;warning&quot;&#10;    schema: {&quot;loadingURI&quot;:&quot;#&quot;,&quot;pointer&quot;:&quot;/items/properties/nome&quot;}&#10;    domain: &quot;syntax&quot;&#10;    ignored: [&quot;examples&quot;]&#10;warning: the following keywords are unknown and will be ignored: [examples]&#10;    level: &quot;warning&quot;&#10;    schema: {&quot;loadingURI&quot;:&quot;#&quot;,&quot;pointer&quot;:&quot;/items/properties/parcelas&quot;}&#10;    domain: &quot;syntax&quot;&#10;    ignored: [&quot;examples&quot;]&#10;warning: the following keywords are unknown and will be ignored: [examples]&#10;    level: &quot;warning&quot;&#10;    schema: {&quot;loadingURI&quot;:&quot;#&quot;,&quot;pointer&quot;:&quot;/items/properties/seguro&quot;}&#10;    domain: &quot;syntax&quot;&#10;    ignored: [&quot;examples&quot;]&#10;warning: the following keywords are unknown and will be ignored: [examples]&#10;    level: &quot;warning&quot;&#10;    schema: {&quot;loadingURI&quot;:&quot;#&quot;,&quot;pointer&quot;:&quot;/items/properties/valor&quot;}&#10;    domain: &quot;syntax&quot;&#10;    ignored: [&quot;examples&quot;]&#10;warning: the following keywords are unknown and will be ignored: [examples]&#10;    level: &quot;warning&quot;&#10;    schema: {&quot;loadingURI&quot;:&quot;#&quot;,&quot;pointer&quot;:&quot;/items&quot;}&#10;    domain: &quot;syntax&quot;&#10;    ignored: [&quot;examples&quot;]&#10;warning: the following keywords are unknown and will be ignored: [examples]&#10;    level: &quot;warning&quot;&#10;    schema: {&quot;loadingURI&quot;:&quot;#&quot;,&quot;pointer&quot;:&quot;/items/properties/cpf&quot;}&#10;    domain: &quot;syntax&quot;&#10;    ignored: [&quot;examples&quot;]&#10;warning: the following keywords are unknown and will be ignored: [examples]&#10;    level: &quot;warning&quot;&#10;    schema: {&quot;loadingURI&quot;:&quot;#&quot;,&quot;pointer&quot;:&quot;/items/properties/email&quot;}&#10;    domain: &quot;syntax&quot;&#10;    ignored: [&quot;examples&quot;]&#10;warning: the following keywords are unknown and will be ignored: [examples]&#10;    level: &quot;warning&quot;&#10;    schema: {&quot;loadingURI&quot;:&quot;#&quot;,&quot;pointer&quot;:&quot;/items/properties/id&quot;}&#10;    domain: &quot;syntax&quot;&#10;    ignored: [&quot;examples&quot;]&#10;warning: the following keywords are unknown and will be ignored: [examples]&#10;    level: &quot;warning&quot;&#10;    schema: {&quot;loadingURI&quot;:&quot;#&quot;,&quot;pointer&quot;:&quot;/items/properties/nome&quot;}&#10;    domain: &quot;syntax&quot;&#10;    ignored: [&quot;examples&quot;]&#10;warning: the following keywords are unknown and will be ignored: [examples]&#10;    level: &quot;warning&quot;&#10;    schema: {&quot;loadingURI&quot;:&quot;#&quot;,&quot;pointer&quot;:&quot;/items/properties/parcelas&quot;}&#10;    domain: &quot;syntax&quot;&#10;    ignored: [&quot;examples&quot;]&#10;warning: the following keywords are unknown and will be ignored: [examples]&#10;    level: &quot;warning&quot;&#10;    schema: {&quot;loadingURI&quot;:&quot;#&quot;,&quot;pointer&quot;:&quot;/items/properties/seguro&quot;}&#10;    domain: &quot;syntax&quot;&#10;    ignored: [&quot;examples&quot;]&#10;warning: the following keywords are unknown and will be ignored: [examples]&#10;    level: &quot;warning&quot;&#10;    schema: {&quot;loadingURI&quot;:&quot;#&quot;,&quot;pointer&quot;:&quot;/items/properties/valor&quot;}&#10;    domain: &quot;syntax&quot;&#10;    ignored: [&quot;examples&quot;]&#10;warning: the following keywords are unknown and will be ignored: [examples]&#10;    level: &quot;warning&quot;&#10;    schema: {&quot;loadingURI&quot;:&quot;#&quot;,&quot;pointer&quot;:&quot;/items&quot;}&#10;    domain: &quot;syntax&quot;&#10;    ignored: [&quot;examples&quot;]&#10;warning: the following keywords are unknown and will be ignored: [examples]&#10;    level: &quot;warning&quot;&#10;    schema: {&quot;loadingURI&quot;:&quot;#&quot;,&quot;pointer&quot;:&quot;/items/properties/cpf&quot;}&#10;    domain: &quot;syntax&quot;&#10;    ignored: [&quot;examples&quot;]&#10;warning: the following keywords are unknown and will be ignored: [examples]&#10;    level: &quot;warning&quot;&#10;    schema: {&quot;loadingURI&quot;:&quot;#&quot;,&quot;pointer&quot;:&quot;/items/properties/email&quot;}&#10;    domain: &quot;syntax&quot;&#10;    ignored: [&quot;examples&quot;]&#10;warning: the following keywords are unknown and will be ignored: [examples]&#10;    level: &quot;warning&quot;&#10;    schema: {&quot;loadingURI&quot;:&quot;#&quot;,&quot;pointer&quot;:&quot;/items/properties/id&quot;}&#10;    domain: &quot;syntax&quot;&#10;    ignored: [&quot;examples&quot;]&#10;warning: the following keywords are unknown and will be ignored: [examples]&#10;    level: &quot;warning&quot;&#10;    schema: {&quot;loadingURI&quot;:&quot;#&quot;,&quot;pointer&quot;:&quot;/items/properties/nome&quot;}&#10;    domain: &quot;syntax&quot;&#10;    ignored: [&quot;examples&quot;]&#10;warning: the following keywords are unknown and will be ignored: [examples]&#10;    level: &quot;warning&quot;&#10;    schema: {&quot;loadingURI&quot;:&quot;#&quot;,&quot;pointer&quot;:&quot;/items/properties/parcelas&quot;}&#10;    domain: &quot;syntax&quot;&#10;    ignored: [&quot;examples&quot;]&#10;warning: the following keywords are unknown and will be ignored: [examples]&#10;    level: &quot;warning&quot;&#10;    schema: {&quot;loadingURI&quot;:&quot;#&quot;,&quot;pointer&quot;:&quot;/items/properties/seguro&quot;}&#10;    domain: &quot;syntax&quot;&#10;    ignored: [&quot;examples&quot;]&#10;warning: the following keywords are unknown and will be ignored: [examples]&#10;    level: &quot;warning&quot;&#10;    schema: {&quot;loadingURI&quot;:&quot;#&quot;,&quot;pointer&quot;:&quot;/items/properties/valor&quot;}&#10;    domain: &quot;syntax&quot;&#10;    ignored: [&quot;examples&quot;]&#10;warning: the following keywords are unknown and will be ignored: [examples]&#10;    level: &quot;warning&quot;&#10;    schema: {&quot;loadingURI&quot;:&quot;#&quot;,&quot;pointer&quot;:&quot;/items&quot;}&#10;    domain: &quot;syntax&quot;&#10;    ignored: [&quot;examples&quot;]&#10;warning: the following keywords are unknown and will be ignored: [examples]&#10;    level: &quot;warning&quot;&#10;    schema: {&quot;loadingURI&quot;:&quot;#&quot;,&quot;pointer&quot;:&quot;/items/properties/cpf&quot;}&#10;    domain: &quot;syntax&quot;&#10;    ignored: [&quot;examples&quot;]&#10;warning: the following keywords are unknown and will be ignored: [examples]&#10;    level: &quot;warning&quot;&#10;    schema: {&quot;loadingURI&quot;:&quot;#&quot;,&quot;pointer&quot;:&quot;/items/properties/email&quot;}&#10;    domain: &quot;syntax&quot;&#10;    ignored: [&quot;examples&quot;]&#10;warning: the following keywords are unknown and will be ignored: [examples]&#10;    level: &quot;warning&quot;&#10;    schema: {&quot;loadingURI&quot;:&quot;#&quot;,&quot;pointer&quot;:&quot;/items/properties/id&quot;}&#10;    domain: &quot;syntax&quot;&#10;    ignored: [&quot;examples&quot;]&#10;warning: the following keywords are unknown and will be ignored: [examples]&#10;    level: &quot;warning&quot;&#10;    schema: {&quot;loadingURI&quot;:&quot;#&quot;,&quot;pointer&quot;:&quot;/items/properties/nome&quot;}&#10;    domain: &quot;syntax&quot;&#10;    ignored: [&quot;examples&quot;]&#10;warning: the following keywords are unknown and will be ignored: [examples]&#10;    level: &quot;warning&quot;&#10;    schema: {&quot;loadingURI&quot;:&quot;#&quot;,&quot;pointer&quot;:&quot;/items/properties/parcelas&quot;}&#10;    domain: &quot;syntax&quot;&#10;    ignored: [&quot;examples&quot;]&#10;warning: the following keywords are unknown and will be ignored: [examples]&#10;    level: &quot;warning&quot;&#10;    schema: {&quot;loadingURI&quot;:&quot;#&quot;,&quot;pointer&quot;:&quot;/items/properties/seguro&quot;}&#10;    domain: &quot;syntax&quot;&#10;    ignored: [&quot;examples&quot;]&#10;warning: the following keywords are unknown and will be ignored: [examples]&#10;    level: &quot;warning&quot;&#10;    schema: {&quot;loadingURI&quot;:&quot;#&quot;,&quot;pointer&quot;:&quot;/items/properties/valor&quot;}&#10;    domain: &quot;syntax&quot;&#10;    ignored: [&quot;examples&quot;]&#10;warning: the following keywords are unknown and will be ignored: [examples]&#10;    level: &quot;warning&quot;&#10;    schema: {&quot;loadingURI&quot;:&quot;#&quot;,&quot;pointer&quot;:&quot;/items&quot;}&#10;    domain: &quot;syntax&quot;&#10;    ignored: [&quot;examples&quot;]&#10;warning: the following keywords are unknown and will be ignored: [examples]&#10;    level: &quot;warning&quot;&#10;    schema: {&quot;loadingURI&quot;:&quot;#&quot;,&quot;pointer&quot;:&quot;/items/properties/cpf&quot;}&#10;    domain: &quot;syntax&quot;&#10;    ignored: [&quot;examples&quot;]&#10;warning: the following keywords are unknown and will be ignored: [examples]&#10;    level: &quot;warning&quot;&#10;    schema: {&quot;loadingURI&quot;:&quot;#&quot;,&quot;pointer&quot;:&quot;/items/properties/email&quot;}&#10;    domain: &quot;syntax&quot;&#10;    ignored: [&quot;examples&quot;]&#10;warning: the following keywords are unknown and will be ignored: [examples]&#10;    level: &quot;warning&quot;&#10;    schema: {&quot;loadingURI&quot;:&quot;#&quot;,&quot;pointer&quot;:&quot;/items/properties/id&quot;}&#10;    domain: &quot;syntax&quot;&#10;    ignored: [&quot;examples&quot;]&#10;warning: the following keywords are unknown and will be ignored: [examples]&#10;    level: &quot;warning&quot;&#10;    schema: {&quot;loadingURI&quot;:&quot;#&quot;,&quot;pointer&quot;:&quot;/items/properties/nome&quot;}&#10;    domain: &quot;syntax&quot;&#10;    ignored: [&quot;examples&quot;]&#10;warning: the following keywords are unknown and will be ignored: [examples]&#10;    level: &quot;warning&quot;&#10;    schema: {&quot;loadingURI&quot;:&quot;#&quot;,&quot;pointer&quot;:&quot;/items/properties/parcelas&quot;}&#10;    domain: &quot;syntax&quot;&#10;    ignored: [&quot;examples&quot;]&#10;warning: the following keywords are unknown and will be ignored: [examples]&#10;    level: &quot;warning&quot;&#10;    schema: {&quot;loadingURI&quot;:&quot;#&quot;,&quot;pointer&quot;:&quot;/items/properties/seguro&quot;}&#10;    domain: &quot;syntax&quot;&#10;    ignored: [&quot;examples&quot;]&#10;warning: the following keywords are unknown and will be ignored: [examples]&#10;    level: &quot;warning&quot;&#10;    schema: {&quot;loadingURI&quot;:&quot;#&quot;,&quot;pointer&quot;:&quot;/items/properties/valor&quot;}&#10;    domain: &quot;syntax&quot;&#10;    ignored: [&quot;examples&quot;]&#10;warning: the following keywords are unknown and will be ignored: [examples]&#10;    level: &quot;warning&quot;&#10;    schema: {&quot;loadingURI&quot;:&quot;#&quot;,&quot;pointer&quot;:&quot;/items&quot;}&#10;    domain: &quot;syntax&quot;&#10;    ignored: [&quot;examples&quot;]&#10;warning: the following keywords are unknown and will be ignored: [examples]&#10;    level: &quot;warning&quot;&#10;    schema: {&quot;loadingURI&quot;:&quot;#&quot;,&quot;pointer&quot;:&quot;/items/properties/cpf&quot;}&#10;    domain: &quot;syntax&quot;&#10;    ignored: [&quot;examples&quot;]&#10;warning: the following keywords are unknown and will be ignored: [examples]&#10;    level: &quot;warning&quot;&#10;    schema: {&quot;loadingURI&quot;:&quot;#&quot;,&quot;pointer&quot;:&quot;/items/properties/email&quot;}&#10;    domain: &quot;syntax&quot;&#10;    ignored: [&quot;examples&quot;]&#10;warning: the following keywords are unknown and will be ignored: [examples]&#10;    level: &quot;warning&quot;&#10;    schema: {&quot;loadingURI&quot;:&quot;#&quot;,&quot;pointer&quot;:&quot;/items/properties/id&quot;}&#10;    domain: &quot;syntax&quot;&#10;    ignored: [&quot;examples&quot;]&#10;warning: the following keywords are unknown and will be ignored: [examples]&#10;    level: &quot;warning&quot;&#10;    schema: {&quot;loadingURI&quot;:&quot;#&quot;,&quot;pointer&quot;:&quot;/items/properties/nome&quot;}&#10;    domain: &quot;syntax&quot;&#10;    ignored: [&quot;examples&quot;]&#10;warning: the following keywords are unknown and will be ignored: [examples]&#10;    level: &quot;warning&quot;&#10;    schema: {&quot;loadingURI&quot;:&quot;#&quot;,&quot;pointer&quot;:&quot;/items/properties/parcelas&quot;}&#10;    domain: &quot;syntax&quot;&#10;    ignored: [&quot;examples&quot;]&#10;warning: the following keywords are unknown and will be ignored: [examples]&#10;    level: &quot;warning&quot;&#10;    schema: {&quot;loadingURI&quot;:&quot;#&quot;,&quot;pointer&quot;:&quot;/items/properties/seguro&quot;}&#10;    domain: &quot;syntax&quot;&#10;    ignored: [&quot;examples&quot;]&#10;warning: the following keywords are unknown and will be ignored: [examples]&#10;    level: &quot;warning&quot;&#10;    schema: {&quot;loadingURI&quot;:&quot;#&quot;,&quot;pointer&quot;:&quot;/items/properties/valor&quot;}&#10;    domain: &quot;syntax&quot;&#10;    ignored: [&quot;examples&quot;]&#10;warning: the following keywords are unknown and will be ignored: [examples]&#10;    level: &quot;warning&quot;&#10;    schema: {&quot;loadingURI&quot;:&quot;#&quot;,&quot;pointer&quot;:&quot;/items&quot;}&#10;    domain: &quot;syntax&quot;&#10;    ignored: [&quot;examples&quot;]&#10;warning: the following keywords are unknown and will be ignored: [examples]&#10;    level: &quot;warning&quot;&#10;    schema: {&quot;loadingURI&quot;:&quot;#&quot;,&quot;pointer&quot;:&quot;/items/properties/cpf&quot;}&#10;    domain: &quot;syntax&quot;&#10;    ignored: [&quot;examples&quot;]&#10;warning: the following keywords are unknown and will be ignored: [examples]&#10;    level: &quot;warning&quot;&#10;    schema: {&quot;loadingURI&quot;:&quot;#&quot;,&quot;pointer&quot;:&quot;/items/properties/email&quot;}&#10;    domain: &quot;syntax&quot;&#10;    ignored: [&quot;examples&quot;]&#10;warning: the following keywords are unknown and will be ignored: [examples]&#10;    level: &quot;warning&quot;&#10;    schema: {&quot;loadingURI&quot;:&quot;#&quot;,&quot;pointer&quot;:&quot;/items/properties/id&quot;}&#10;    domain: &quot;syntax&quot;&#10;    ignored: [&quot;examples&quot;]&#10;warning: the following keywords are unknown and will be ignored: [examples]&#10;    level: &quot;warning&quot;&#10;    schema: {&quot;loadingURI&quot;:&quot;#&quot;,&quot;pointer&quot;:&quot;/items/properties/nome&quot;}&#10;    domain: &quot;syntax&quot;&#10;    ignored: [&quot;examples&quot;]&#10;warning: the following keywords are unknown and will be ignored: [examples]&#10;    level: &quot;warning&quot;&#10;    schema: {&quot;loadingURI&quot;:&quot;#&quot;,&quot;pointer&quot;:&quot;/items/properties/parcelas&quot;}&#10;    domain: &quot;syntax&quot;&#10;    ignored: [&quot;examples&quot;]&#10;warning: the following keywords are unknown and will be ignored: [examples]&#10;    level: &quot;warning&quot;&#10;    schema: {&quot;loadingURI&quot;:&quot;#&quot;,&quot;pointer&quot;:&quot;/items/properties/seguro&quot;}&#10;    domain: &quot;syntax&quot;&#10;    ignored: [&quot;examples&quot;]&#10;warning: the following keywords are unknown and will be ignored: [examples]&#10;    level: &quot;warning&quot;&#10;    schema: {&quot;loadingURI&quot;:&quot;#&quot;,&quot;pointer&quot;:&quot;/items/properties/valor&quot;}&#10;    domain: &quot;syntax&quot;&#10;    ignored: [&quot;examples&quot;]&#10;warning: the following keywords are unknown and will be ignored: [examples]&#10;    level: &quot;warning&quot;&#10;    schema: {&quot;loadingURI&quot;:&quot;#&quot;,&quot;pointer&quot;:&quot;/items&quot;}&#10;    domain: &quot;syntax&quot;&#10;    ignored: [&quot;examples&quot;]&#10;warning: the following keywords are unknown and will be ignored: [examples]&#10;    level: &quot;warning&quot;&#10;    schema: {&quot;loadingURI&quot;:&quot;#&quot;,&quot;pointer&quot;:&quot;/items/properties/cpf&quot;}&#10;    domain: &quot;syntax&quot;&#10;    ignored: [&quot;examples&quot;]&#10;warning: the following keywords are unknown and will be ignored: [examples]&#10;    level: &quot;warning&quot;&#10;    schema: {&quot;loadingURI&quot;:&quot;#&quot;,&quot;pointer&quot;:&quot;/items/properties/email&quot;}&#10;    domain: &quot;syntax&quot;&#10;    ignored: [&quot;examples&quot;]&#10;warning: the following keywords are unknown and will be ignored: [examples]&#10;    level: &quot;warning&quot;&#10;    schema: {&quot;loadingURI&quot;:&quot;#&quot;,&quot;pointer&quot;:&quot;/items/properties/id&quot;}&#10;    domain: &quot;syntax&quot;&#10;    ignored: [&quot;examples&quot;]&#10;warning: the following keywords are unknown and will be ignored: [examples]&#10;    level: &quot;warning&quot;&#10;    schema: {&quot;loadingURI&quot;:&quot;#&quot;,&quot;pointer&quot;:&quot;/items/properties/nome&quot;}&#10;    domain: &quot;syntax&quot;&#10;    ignored: [&quot;examples&quot;]&#10;warning: the following keywords are unknown and will be ignored: [examples]&#10;    level: &quot;warning&quot;&#10;    schema: {&quot;loadingURI&quot;:&quot;#&quot;,&quot;pointer&quot;:&quot;/items/properties/parcelas&quot;}&#10;    domain: &quot;syntax&quot;&#10;    ignored: [&quot;examples&quot;]&#10;warning: the following keywords are unknown and will be ignored: [examples]&#10;    level: &quot;warning&quot;&#10;    schema: {&quot;loadingURI&quot;:&quot;#&quot;,&quot;pointer&quot;:&quot;/items/properties/seguro&quot;}&#10;    domain: &quot;syntax&quot;&#10;    ignored: [&quot;examples&quot;]&#10;warning: the following keywords are unknown and will be ignored: [examples]&#10;    level: &quot;warning&quot;&#10;    schema: {&quot;loadingURI&quot;:&quot;#&quot;,&quot;pointer&quot;:&quot;/items/properties/valor&quot;}&#10;    domain: &quot;syntax&quot;&#10;    ignored: [&quot;examples&quot;]&#10;warning: the following keywords are unknown and will be ignored: [examples]&#10;    level: &quot;warning&quot;&#10;    schema: {&quot;loadingURI&quot;:&quot;#&quot;,&quot;pointer&quot;:&quot;/items&quot;}&#10;    domain: &quot;syntax&quot;&#10;    ignored: [&quot;examples&quot;]&#10;warning: the following keywords are unknown and will be ignored: [examples]&#10;    level: &quot;warning&quot;&#10;    schema: {&quot;loadingURI&quot;:&quot;#&quot;,&quot;pointer&quot;:&quot;/items/properties/cpf&quot;}&#10;    domain: &quot;syntax&quot;&#10;    ignored: [&quot;examples&quot;]&#10;warning: the following keywords are unknown and will be ignored: [examples]&#10;    level: &quot;warning&quot;&#10;    schema: {&quot;loadingURI&quot;:&quot;#&quot;,&quot;pointer&quot;:&quot;/items/properties/email&quot;}&#10;    domain: &quot;syntax&quot;&#10;    ignored: [&quot;examples&quot;]&#10;warning: the following keywords are unknown and will be ignored: [examples]&#10;    level: &quot;warning&quot;&#10;    schema: {&quot;loadingURI&quot;:&quot;#&quot;,&quot;pointer&quot;:&quot;/items/properties/id&quot;}&#10;    domain: &quot;syntax&quot;&#10;    ignored: [&quot;examples&quot;]&#10;warning: the following keywords are unknown and will be ignored: [examples]&#10;    level: &quot;warning&quot;&#10;    schema: {&quot;loadingURI&quot;:&quot;#&quot;,&quot;pointer&quot;:&quot;/items/properties/nome&quot;}&#10;    domain: &quot;syntax&quot;&#10;    ignored: [&quot;examples&quot;]&#10;warning: the following keywords are unknown and will be ignored: [examples]&#10;    level: &quot;warning&quot;&#10;    schema: {&quot;loadingURI&quot;:&quot;#&quot;,&quot;pointer&quot;:&quot;/items/properties/parcelas&quot;}&#10;    domain: &quot;syntax&quot;&#10;    ignored: [&quot;examples&quot;]&#10;warning: the following keywords are unknown and will be ignored: [examples]&#10;    level: &quot;warning&quot;&#10;    schema: {&quot;loadingURI&quot;:&quot;#&quot;,&quot;pointer&quot;:&quot;/items/properties/seguro&quot;}&#10;    domain: &quot;syntax&quot;&#10;    ignored: [&quot;examples&quot;]&#10;warning: the following keywords are unknown and will be ignored: [examples]&#10;    level: &quot;warning&quot;&#10;    schema: {&quot;loadingURI&quot;:&quot;#&quot;,&quot;pointer&quot;:&quot;/items/properties/valor&quot;}&#10;    domain: &quot;syntax&quot;&#10;    ignored: [&quot;examples&quot;]&#10;warning: the following keywords are unknown and will be ignored: [examples]&#10;    level: &quot;warning&quot;&#10;    schema: {&quot;loadingURI&quot;:&quot;#&quot;,&quot;pointer&quot;:&quot;/items&quot;}&#10;    domain: &quot;syntax&quot;&#10;    ignored: [&quot;examples&quot;]&#10;warning: the following keywords are unknown and will be ignored: [examples]&#10;    level: &quot;warning&quot;&#10;    schema: {&quot;loadingURI&quot;:&quot;#&quot;,&quot;pointer&quot;:&quot;/items/properties/cpf&quot;}&#10;    domain: &quot;syntax&quot;&#10;    ignored: [&quot;examples&quot;]&#10;warning: the following keywords are unknown and will be ignored: [examples]&#10;    level: &quot;warning&quot;&#10;    schema: {&quot;loadingURI&quot;:&quot;#&quot;,&quot;pointer&quot;:&quot;/items/properties/email&quot;}&#10;    domain: &quot;syntax&quot;&#10;    ignored: [&quot;examples&quot;]&#10;warning: the following keywords are unknown and will be ignored: [examples]&#10;    level: &quot;warning&quot;&#10;    schema: {&quot;loadingURI&quot;:&quot;#&quot;,&quot;pointer&quot;:&quot;/items/properties/id&quot;}&#10;    domain: &quot;syntax&quot;&#10;    ignored: [&quot;examples&quot;]&#10;warning: the following keywords are unknown and will be ignored: [examples]&#10;    level: &quot;warning&quot;&#10;    schema: {&quot;loadingURI&quot;:&quot;#&quot;,&quot;pointer&quot;:&quot;/items/properties/nome&quot;}&#10;    domain: &quot;syntax&quot;&#10;    ignored: [&quot;examples&quot;]&#10;warning: the following keywords are unknown and will be ignored: [examples]&#10;    level: &quot;warning&quot;&#10;    schema: {&quot;loadingURI&quot;:&quot;#&quot;,&quot;pointer&quot;:&quot;/items/properties/parcelas&quot;}&#10;    domain: &quot;syntax&quot;&#10;    ignored: [&quot;examples&quot;]&#10;warning: the following keywords are unknown and will be ignored: [examples]&#10;    level: &quot;warning&quot;&#10;    schema: {&quot;loadingURI&quot;:&quot;#&quot;,&quot;pointer&quot;:&quot;/items/properties/seguro&quot;}&#10;    domain: &quot;syntax&quot;&#10;    ignored: [&quot;examples&quot;]&#10;warning: the following keywords are unknown and will be ignored: [examples]&#10;    level: &quot;warning&quot;&#10;    schema: {&quot;loadingURI&quot;:&quot;#&quot;,&quot;pointer&quot;:&quot;/items/properties/valor&quot;}&#10;    domain: &quot;syntax&quot;&#10;    ignored: [&quot;examples&quot;]&#10;warning: the following keywords are unknown and will be ignored: [examples]&#10;    level: &quot;warning&quot;&#10;    schema: {&quot;loadingURI&quot;:&quot;#&quot;,&quot;pointer&quot;:&quot;/items&quot;}&#10;    domain: &quot;syntax&quot;&#10;    ignored: [&quot;examples&quot;]&#10;warning: the following keywords are unknown and will be ignored: [examples]&#10;    level: &quot;warning&quot;&#10;    schema: {&quot;loadingURI&quot;:&quot;#&quot;,&quot;pointer&quot;:&quot;/items/properties/cpf&quot;}&#10;    domain: &quot;syntax&quot;&#10;    ignored: [&quot;examples&quot;]&#10;warning: the following keywords are unknown and will be ignored: [examples]&#10;    level: &quot;warning&quot;&#10;    schema: {&quot;loadingURI&quot;:&quot;#&quot;,&quot;pointer&quot;:&quot;/items/properties/email&quot;}&#10;    domain: &quot;syntax&quot;&#10;    ignored: [&quot;examples&quot;]&#10;warning: the following keywords are unknown and will be ignored: [examples]&#10;    level: &quot;warning&quot;&#10;    schema: {&quot;loadingURI&quot;:&quot;#&quot;,&quot;pointer&quot;:&quot;/items/properties/id&quot;}&#10;    domain: &quot;syntax&quot;&#10;    ignored: [&quot;examples&quot;]&#10;warning: the following keywords are unknown and will be ignored: [examples]&#10;    level: &quot;warning&quot;&#10;    schema: {&quot;loadingURI&quot;:&quot;#&quot;,&quot;pointer&quot;:&quot;/items/properties/nome&quot;}&#10;    domain: &quot;syntax&quot;&#10;    ignored: [&quot;examples&quot;]&#10;warning: the following keywords are unknown and will be ignored: [examples]&#10;    level: &quot;warning&quot;&#10;    schema: {&quot;loadingURI&quot;:&quot;#&quot;,&quot;pointer&quot;:&quot;/items/properties/parcelas&quot;}&#10;    domain: &quot;syntax&quot;&#10;    ignored: [&quot;examples&quot;]&#10;warning: the following keywords are unknown and will be ignored: [examples]&#10;    level: &quot;warning&quot;&#10;    schema: {&quot;loadingURI&quot;:&quot;#&quot;,&quot;pointer&quot;:&quot;/items/properties/seguro&quot;}&#10;    domain: &quot;syntax&quot;&#10;    ignored: [&quot;examples&quot;]&#10;warning: the following keywords are unknown and will be ignored: [examples]&#10;    level: &quot;warning&quot;&#10;    schema: {&quot;loadingURI&quot;:&quot;#&quot;,&quot;pointer&quot;:&quot;/items/properties/valor&quot;}&#10;    domain: &quot;syntax&quot;&#10;    ignored: [&quot;examples&quot;]&#10;warning: the following keywords are unknown and will be ignored: [examples]&#10;    level: &quot;warning&quot;&#10;    schema: {&quot;loadingURI&quot;:&quot;#&quot;,&quot;pointer&quot;:&quot;/items&quot;}&#10;    domain: &quot;syntax&quot;&#10;    ignored: [&quot;examples&quot;]&#10;warning: the following keywords are unknown and will be ignored: [examples]&#10;    level: &quot;warning&quot;&#10;    schema: {&quot;loadingURI&quot;:&quot;#&quot;,&quot;pointer&quot;:&quot;/items/properties/cpf&quot;}&#10;    domain: &quot;syntax&quot;&#10;    ignored: [&quot;examples&quot;]&#10;warning: the following keywords are unknown and will be ignored: [examples]&#10;    level: &quot;warning&quot;&#10;    schema: {&quot;loadingURI&quot;:&quot;#&quot;,&quot;pointer&quot;:&quot;/items/properties/email&quot;}&#10;    domain: &quot;syntax&quot;&#10;    ignored: [&quot;examples&quot;]&#10;warning: the following keywords are unknown and will be ignored: [examples]&#10;    level: &quot;warning&quot;&#10;    schema: {&quot;loadingURI&quot;:&quot;#&quot;,&quot;pointer&quot;:&quot;/items/properties/id&quot;}&#10;    domain: &quot;syntax&quot;&#10;    ignored: [&quot;examples&quot;]&#10;warning: the following keywords are unknown and will be ignored: [examples]&#10;    level: &quot;warning&quot;&#10;    schema: {&quot;loadingURI&quot;:&quot;#&quot;,&quot;pointer&quot;:&quot;/items/properties/nome&quot;}&#10;    domain: &quot;syntax&quot;&#10;    ignored: [&quot;examples&quot;]&#10;warning: the following keywords are unknown and will be ignored: [examples]&#10;    level: &quot;warning&quot;&#10;    schema: {&quot;loadingURI&quot;:&quot;#&quot;,&quot;pointer&quot;:&quot;/items/properties/parcelas&quot;}&#10;    domain: &quot;syntax&quot;&#10;    ignored: [&quot;examples&quot;]&#10;warning: the following keywords are unknown and will be ignored: [examples]&#10;    level: &quot;warning&quot;&#10;    schema: {&quot;loadingURI&quot;:&quot;#&quot;,&quot;pointer&quot;:&quot;/items/properties/seguro&quot;}&#10;    domain: &quot;syntax&quot;&#10;    ignored: [&quot;examples&quot;]&#10;warning: the following keywords are unknown and will be ignored: [examples]&#10;    level: &quot;warning&quot;&#10;    schema: {&quot;loadingURI&quot;:&quot;#&quot;,&quot;pointer&quot;:&quot;/items/properties/valor&quot;}&#10;    domain: &quot;syntax&quot;&#10;    ignored: [&quot;examples&quot;]&#10;warning: the following keywords are unknown and will be ignored: [examples]&#10;    level: &quot;warning&quot;&#10;    schema: {&quot;loadingURI&quot;:&quot;#&quot;,&quot;pointer&quot;:&quot;/items&quot;}&#10;    domain: &quot;syntax&quot;&#10;    ignored: [&quot;examples&quot;]&#10;warning: the following keywords are unknown and will be ignored: [examples]&#10;    level: &quot;warning&quot;&#10;    schema: {&quot;loadingURI&quot;:&quot;#&quot;,&quot;pointer&quot;:&quot;/items/properties/cpf&quot;}&#10;    domain: &quot;syntax&quot;&#10;    ignored: [&quot;examples&quot;]&#10;warning: the following keywords are unknown and will be ignored: [examples]&#10;    level: &quot;warning&quot;&#10;    schema: {&quot;loadingURI&quot;:&quot;#&quot;,&quot;pointer&quot;:&quot;/items/properties/email&quot;}&#10;    domain: &quot;syntax&quot;&#10;    ignored: [&quot;examples&quot;]&#10;warning: the following keywords are unknown and will be ignored: [examples]&#10;    level: &quot;warning&quot;&#10;    schema: {&quot;loadingURI&quot;:&quot;#&quot;,&quot;pointer&quot;:&quot;/items/properties/id&quot;}&#10;    domain: &quot;syntax&quot;&#10;    ignored: [&quot;examples&quot;]&#10;warning: the following keywords are unknown and will be ignored: [examples]&#10;    level: &quot;warning&quot;&#10;    schema: {&quot;loadingURI&quot;:&quot;#&quot;,&quot;pointer&quot;:&quot;/items/properties/nome&quot;}&#10;    domain: &quot;syntax&quot;&#10;    ignored: [&quot;examples&quot;]&#10;warning: the following keywords are unknown and will be ignored: [examples]&#10;    level: &quot;warning&quot;&#10;    schema: {&quot;loadingURI&quot;:&quot;#&quot;,&quot;pointer&quot;:&quot;/items/properties/parcelas&quot;}&#10;    domain: &quot;syntax&quot;&#10;    ignored: [&quot;examples&quot;]&#10;warning: the following keywords are unknown and will be ignored: [examples]&#10;    level: &quot;warning&quot;&#10;    schema: {&quot;loadingURI&quot;:&quot;#&quot;,&quot;pointer&quot;:&quot;/items/properties/seguro&quot;}&#10;    domain: &quot;syntax&quot;&#10;    ignored: [&quot;examples&quot;]&#10;warning: the following keywords are unknown and will be ignored: [examples]&#10;    level: &quot;warning&quot;&#10;    schema: {&quot;loadingURI&quot;:&quot;#&quot;,&quot;pointer&quot;:&quot;/items/properties/valor&quot;}&#10;    domain: &quot;syntax&quot;&#10;    ignored: [&quot;examples&quot;]&#10;warning: the following keywords are unknown and will be ignored: [examples]&#10;    level: &quot;warning&quot;&#10;    schema: {&quot;loadingURI&quot;:&quot;#&quot;,&quot;pointer&quot;:&quot;/items&quot;}&#10;    domain: &quot;syntax&quot;&#10;    ignored: [&quot;examples&quot;]&#10;warning: the following keywords are unknown and will be ignored: [examples]&#10;    level: &quot;warning&quot;&#10;    schema: {&quot;loadingURI&quot;:&quot;#&quot;,&quot;pointer&quot;:&quot;/items/properties/cpf&quot;}&#10;    domain: &quot;syntax&quot;&#10;    ignored: [&quot;examples&quot;]&#10;warning: the following keywords are unknown and will be ignored: [examples]&#10;    level: &quot;warning&quot;&#10;    schema: {&quot;loadingURI&quot;:&quot;#&quot;,&quot;pointer&quot;:&quot;/items/properties/email&quot;}&#10;    domain: &quot;syntax&quot;&#10;    ignored: [&quot;examples&quot;]&#10;warning: the following keywords are unknown and will be ignored: [examples]&#10;    level: &quot;warning&quot;&#10;    schema: {&quot;loadingURI&quot;:&quot;#&quot;,&quot;pointer&quot;:&quot;/items/properties/id&quot;}&#10;    domain: &quot;syntax&quot;&#10;    ignored: [&quot;examples&quot;]&#10;warning: the following keywords are unknown and will be ignored: [examples]&#10;    level: &quot;warning&quot;&#10;    schema: {&quot;loadingURI&quot;:&quot;#&quot;,&quot;pointer&quot;:&quot;/items/properties/nome&quot;}&#10;    domain: &quot;syntax&quot;&#10;    ignored: [&quot;examples&quot;]&#10;warning: the following keywords are unknown and will be ignored: [examples]&#10;    level: &quot;warning&quot;&#10;    schema: {&quot;loadingURI&quot;:&quot;#&quot;,&quot;pointer&quot;:&quot;/items/properties/parcelas&quot;}&#10;    domain: &quot;syntax&quot;&#10;    ignored: [&quot;examples&quot;]&#10;warning: the following keywords are unknown and will be ignored: [examples]&#10;    level: &quot;warning&quot;&#10;    schema: {&quot;loadingURI&quot;:&quot;#&quot;,&quot;pointer&quot;:&quot;/items/properties/seguro&quot;}&#10;    domain: &quot;syntax&quot;&#10;    ignored: [&quot;examples&quot;]&#10;warning: the following keywords are unknown and will be ignored: [examples]&#10;    level: &quot;warning&quot;&#10;    schema: {&quot;loadingURI&quot;:&quot;#&quot;,&quot;pointer&quot;:&quot;/items/properties/valor&quot;}&#10;    domain: &quot;syntax&quot;&#10;    ignored: [&quot;examples&quot;]&#10;warning: the following keywords are unknown and will be ignored: [examples]&#10;    level: &quot;warning&quot;&#10;    schema: {&quot;loadingURI&quot;:&quot;#&quot;,&quot;pointer&quot;:&quot;/items&quot;}&#10;    domain: &quot;syntax&quot;&#10;    ignored: [&quot;examples&quot;]&#10;warning: the following keywords are unknown and will be ignored: [examples]&#10;    level: &quot;warning&quot;&#10;    schema: {&quot;loadingURI&quot;:&quot;#&quot;,&quot;pointer&quot;:&quot;/items/properties/cpf&quot;}&#10;    domain: &quot;syntax&quot;&#10;    ignored: [&quot;examples&quot;]&#10;warning: the following keywords are unknown and will be ignored: [examples]&#10;    level: &quot;warning&quot;&#10;    schema: {&quot;loadingURI&quot;:&quot;#&quot;,&quot;pointer&quot;:&quot;/items/properties/email&quot;}&#10;    domain: &quot;syntax&quot;&#10;    ignored: [&quot;examples&quot;]&#10;warning: the following keywords are unknown and will be ignored: [examples]&#10;    level: &quot;warning&quot;&#10;    schema: {&quot;loadingURI&quot;:&quot;#&quot;,&quot;pointer&quot;:&quot;/items/properties/id&quot;}&#10;    domain: &quot;syntax&quot;&#10;    ignored: [&quot;examples&quot;]&#10;warning: the following keywords are unknown and will be ignored: [examples]&#10;    level: &quot;warning&quot;&#10;    schema: {&quot;loadingURI&quot;:&quot;#&quot;,&quot;pointer&quot;:&quot;/items/properties/nome&quot;}&#10;    domain: &quot;syntax&quot;&#10;    ignored: [&quot;examples&quot;]&#10;warning: the following keywords are unknown and will be ignored: [examples]&#10;    level: &quot;warning&quot;&#10;    schema: {&quot;loadingURI&quot;:&quot;#&quot;,&quot;pointer&quot;:&quot;/items/properties/parcelas&quot;}&#10;    domain: &quot;syntax&quot;&#10;    ignored: [&quot;examples&quot;]&#10;warning: the following keywords are unknown and will be ignored: [examples]&#10;    level: &quot;warning&quot;&#10;    schema: {&quot;loadingURI&quot;:&quot;#&quot;,&quot;pointer&quot;:&quot;/items/properties/seguro&quot;}&#10;    domain: &quot;syntax&quot;&#10;    ignored: [&quot;examples&quot;]&#10;warning: the following keywords are unknown and will be ignored: [examples]&#10;    level: &quot;warning&quot;&#10;    schema: {&quot;loadingURI&quot;:&quot;#&quot;,&quot;pointer&quot;:&quot;/items/properties/valor&quot;}&#10;    domain: &quot;syntax&quot;&#10;    ignored: [&quot;examples&quot;]&#10;warning: the following keywords are unknown and will be ignored: [examples]&#10;    level: &quot;warning&quot;&#10;    schema: {&quot;loadingURI&quot;:&quot;#&quot;,&quot;pointer&quot;:&quot;/items&quot;}&#10;    domain: &quot;syntax&quot;&#10;    ignored: [&quot;examples&quot;]&#10;warning: the following keywords are unknown and will be ignored: [examples]&#10;    level: &quot;warning&quot;&#10;    schema: {&quot;loadingURI&quot;:&quot;#&quot;,&quot;pointer&quot;:&quot;/items/properties/cpf&quot;}&#10;    domain: &quot;syntax&quot;&#10;    ignored: [&quot;examples&quot;]&#10;warning: the following keywords are unknown and will be ignored: [examples]&#10;    level: &quot;warning&quot;&#10;    schema: {&quot;loadingURI&quot;:&quot;#&quot;,&quot;pointer&quot;:&quot;/items/properties/email&quot;}&#10;    domain: &quot;syntax&quot;&#10;    ignored: [&quot;examples&quot;]&#10;warning: the following keywords are unknown and will be ignored: [examples]&#10;    level: &quot;warning&quot;&#10;    schema: {&quot;loadingURI&quot;:&quot;#&quot;,&quot;pointer&quot;:&quot;/items/properties/id&quot;}&#10;    domain: &quot;syntax&quot;&#10;    ignored: [&quot;examples&quot;]&#10;warning: the following keywords are unknown and will be ignored: [examples]&#10;    level: &quot;warning&quot;&#10;    schema: {&quot;loadingURI&quot;:&quot;#&quot;,&quot;pointer&quot;:&quot;/items/properties/nome&quot;}&#10;    domain: &quot;syntax&quot;&#10;    ignored: [&quot;examples&quot;]&#10;warning: the following keywords are unknown and will be ignored: [examples]&#10;    level: &quot;warning&quot;&#10;    schema: {&quot;loadingURI&quot;:&quot;#&quot;,&quot;pointer&quot;:&quot;/items/properties/parcelas&quot;}&#10;    domain: &quot;syntax&quot;&#10;    ignored: [&quot;examples&quot;]&#10;warning: the following keywords are unknown and will be ignored: [examples]&#10;    level: &quot;warning&quot;&#10;    schema: {&quot;loadingURI&quot;:&quot;#&quot;,&quot;pointer&quot;:&quot;/items/properties/seguro&quot;}&#10;    domain: &quot;syntax&quot;&#10;    ignored: [&quot;examples&quot;]&#10;warning: the following keywords are unknown and will be ignored: [examples]&#10;    level: &quot;warning&quot;&#10;    schema: {&quot;loadingURI&quot;:&quot;#&quot;,&quot;pointer&quot;:&quot;/items/properties/valor&quot;}&#10;    domain: &quot;syntax&quot;&#10;    ignored: [&quot;examples&quot;]&#10;warning: the following keywords are unknown and will be ignored: [examples]&#10;    level: &quot;warning&quot;&#10;    schema: {&quot;loadingURI&quot;:&quot;#&quot;,&quot;pointer&quot;:&quot;/items&quot;}&#10;    domain: &quot;syntax&quot;&#10;    ignored: [&quot;examples&quot;]&#10;warning: the following keywords are unknown and will be ignored: [examples]&#10;    level: &quot;warning&quot;&#10;    schema: {&quot;loadingURI&quot;:&quot;#&quot;,&quot;pointer&quot;:&quot;/items/properties/cpf&quot;}&#10;    domain: &quot;syntax&quot;&#10;    ignored: [&quot;examples&quot;]&#10;warning: the following keywords are unknown and will be ignored: [examples]&#10;    level: &quot;warning&quot;&#10;    schema: {&quot;loadingURI&quot;:&quot;#&quot;,&quot;pointer&quot;:&quot;/items/properties/email&quot;}&#10;    domain: &quot;syntax&quot;&#10;    ignored: [&quot;examples&quot;]&#10;warning: the following keywords are unknown and will be ignored: [examples]&#10;    level: &quot;warning&quot;&#10;    schema: {&quot;loadingURI&quot;:&quot;#&quot;,&quot;pointer&quot;:&quot;/items/properties/id&quot;}&#10;    domain: &quot;syntax&quot;&#10;    ignored: [&quot;examples&quot;]&#10;warning: the following keywords are unknown and will be ignored: [examples]&#10;    level: &quot;warning&quot;&#10;    schema: {&quot;loadingURI&quot;:&quot;#&quot;,&quot;pointer&quot;:&quot;/items/properties/nome&quot;}&#10;    domain: &quot;syntax&quot;&#10;    ignored: [&quot;examples&quot;]&#10;warning: the following keywords are unknown and will be ignored: [examples]&#10;    level: &quot;warning&quot;&#10;    schema: {&quot;loadingURI&quot;:&quot;#&quot;,&quot;pointer&quot;:&quot;/items/properties/parcelas&quot;}&#10;    domain: &quot;syntax&quot;&#10;    ignored: [&quot;examples&quot;]&#10;warning: the following keywords are unknown and will be ignored: [examples]&#10;    level: &quot;warning&quot;&#10;    schema: {&quot;loadingURI&quot;:&quot;#&quot;,&quot;pointer&quot;:&quot;/items/properties/seguro&quot;}&#10;    domain: &quot;syntax&quot;&#10;    ignored: [&quot;examples&quot;]&#10;warning: the following keywords are unknown and will be ignored: [examples]&#10;    level: &quot;warning&quot;&#10;    schema: {&quot;loadingURI&quot;:&quot;#&quot;,&quot;pointer&quot;:&quot;/items/properties/valor&quot;}&#10;    domain: &quot;syntax&quot;&#10;    ignored: [&quot;examples&quot;]&#10;warning: the following keywords are unknown and will be ignored: [examples]&#10;    level: &quot;warning&quot;&#10;    schema: {&quot;loadingURI&quot;:&quot;#&quot;,&quot;pointer&quot;:&quot;/items&quot;}&#10;    domain: &quot;syntax&quot;&#10;    ignored: [&quot;examples&quot;]&#10;warning: the following keywords are unknown and will be ignored: [examples]&#10;    level: &quot;warning&quot;&#10;    schema: {&quot;loadingURI&quot;:&quot;#&quot;,&quot;pointer&quot;:&quot;/items/properties/cpf&quot;}&#10;    domain: &quot;syntax&quot;&#10;    ignored: [&quot;examples&quot;]&#10;warning: the following keywords are unknown and will be ignored: [examples]&#10;    level: &quot;warning&quot;&#10;    schema: {&quot;loadingURI&quot;:&quot;#&quot;,&quot;pointer&quot;:&quot;/items/properties/email&quot;}&#10;    domain: &quot;syntax&quot;&#10;    ignored: [&quot;examples&quot;]&#10;warning: the following keywords are unknown and will be ignored: [examples]&#10;    level: &quot;warning&quot;&#10;    schema: {&quot;loadingURI&quot;:&quot;#&quot;,&quot;pointer&quot;:&quot;/items/properties/id&quot;}&#10;    domain: &quot;syntax&quot;&#10;    ignored: [&quot;examples&quot;]&#10;warning: the following keywords are unknown and will be ignored: [examples]&#10;    level: &quot;warning&quot;&#10;    schema: {&quot;loadingURI&quot;:&quot;#&quot;,&quot;pointer&quot;:&quot;/items/properties/nome&quot;}&#10;    domain: &quot;syntax&quot;&#10;    ignored: [&quot;examples&quot;]&#10;warning: the following keywords are unknown and will be ignored: [examples]&#10;    level: &quot;warning&quot;&#10;    schema: {&quot;loadingURI&quot;:&quot;#&quot;,&quot;pointer&quot;:&quot;/items/properties/parcelas&quot;}&#10;    domain: &quot;syntax&quot;&#10;    ignored: [&quot;examples&quot;]&#10;warning: the following keywords are unknown and will be ignored: [examples]&#10;    level: &quot;warning&quot;&#10;    schema: {&quot;loadingURI&quot;:&quot;#&quot;,&quot;pointer&quot;:&quot;/items/properties/seguro&quot;}&#10;    domain: &quot;syntax&quot;&#10;    ignored: [&quot;examples&quot;]&#10;warning: the following keywords are unknown and will be ignored: [examples]&#10;    level: &quot;warning&quot;&#10;    schema: {&quot;loadingURI&quot;:&quot;#&quot;,&quot;pointer&quot;:&quot;/items/properties/valor&quot;}&#10;    domain: &quot;syntax&quot;&#10;    ignored: [&quot;examples&quot;]&#10;warning: the following keywords are unknown and will be ignored: [examples]&#10;    level: &quot;warning&quot;&#10;    schema: {&quot;loadingURI&quot;:&quot;#&quot;,&quot;pointer&quot;:&quot;/items&quot;}&#10;    domain: &quot;syntax&quot;&#10;    ignored: [&quot;examples&quot;]&#10;warning: the following keywords are unknown and will be ignored: [examples]&#10;    level: &quot;warning&quot;&#10;    schema: {&quot;loadingURI&quot;:&quot;#&quot;,&quot;pointer&quot;:&quot;/items/properties/cpf&quot;}&#10;    domain: &quot;syntax&quot;&#10;    ignored: [&quot;examples&quot;]&#10;warning: the following keywords are unknown and will be ignored: [examples]&#10;    level: &quot;warning&quot;&#10;    schema: {&quot;loadingURI&quot;:&quot;#&quot;,&quot;pointer&quot;:&quot;/items/properties/email&quot;}&#10;    domain: &quot;syntax&quot;&#10;    ignored: [&quot;examples&quot;]&#10;warning: the following keywords are unknown and will be ignored: [examples]&#10;    level: &quot;warning&quot;&#10;    schema: {&quot;loadingURI&quot;:&quot;#&quot;,&quot;pointer&quot;:&quot;/items/properties/id&quot;}&#10;    domain: &quot;syntax&quot;&#10;    ignored: [&quot;examples&quot;]&#10;warning: the following keywords are unknown and will be ignored: [examples]&#10;    level: &quot;warning&quot;&#10;    schema: {&quot;loadingURI&quot;:&quot;#&quot;,&quot;pointer&quot;:&quot;/items/properties/nome&quot;}&#10;    domain: &quot;syntax&quot;&#10;    ignored: [&quot;examples&quot;]&#10;warning: the following keywords are unknown and will be ignored: [examples]&#10;    level: &quot;warning&quot;&#10;    schema: {&quot;loadingURI&quot;:&quot;#&quot;,&quot;pointer&quot;:&quot;/items/properties/parcelas&quot;}&#10;    domain: &quot;syntax&quot;&#10;    ignored: [&quot;examples&quot;]&#10;warning: the following keywords are unknown and will be ignored: [examples]&#10;    level: &quot;warning&quot;&#10;    schema: {&quot;loadingURI&quot;:&quot;#&quot;,&quot;pointer&quot;:&quot;/items/properties/seguro&quot;}&#10;    domain: &quot;syntax&quot;&#10;    ignored: [&quot;examples&quot;]&#10;warning: the following keywords are unknown and will be ignored: [examples]&#10;    level: &quot;warning&quot;&#10;    schema: {&quot;loadingURI&quot;:&quot;#&quot;,&quot;pointer&quot;:&quot;/items/properties/valor&quot;}&#10;    domain: &quot;syntax&quot;&#10;    ignored: [&quot;examples&quot;]&#10;warning: the following keywords are unknown and will be ignored: [examples]&#10;    level: &quot;warning&quot;&#10;    schema: {&quot;loadingURI&quot;:&quot;#&quot;,&quot;pointer&quot;:&quot;/items&quot;}&#10;    domain: &quot;syntax&quot;&#10;    ignored: [&quot;examples&quot;]&#10;warning: the following keywords are unknown and will be ignored: [examples]&#10;    level: &quot;warning&quot;&#10;    schema: {&quot;loadingURI&quot;:&quot;#&quot;,&quot;pointer&quot;:&quot;/items/properties/cpf&quot;}&#10;    domain: &quot;syntax&quot;&#10;    ignored: [&quot;examples&quot;]&#10;warning: the following keywords are unknown and will be ignored: [examples]&#10;    level: &quot;warning&quot;&#10;    schema: {&quot;loadingURI&quot;:&quot;#&quot;,&quot;pointer&quot;:&quot;/items/properties/email&quot;}&#10;    domain: &quot;syntax&quot;&#10;    ignored: [&quot;examples&quot;]&#10;warning: the following keywords are unknown and will be ignored: [examples]&#10;    level: &quot;warning&quot;&#10;    schema: {&quot;loadingURI&quot;:&quot;#&quot;,&quot;pointer&quot;:&quot;/items/properties/id&quot;}&#10;    domain: &quot;syntax&quot;&#10;    ignored: [&quot;examples&quot;]&#10;warning: the following keywords are unknown and will be ignored: [examples]&#10;    level: &quot;warning&quot;&#10;    schema: {&quot;loadingURI&quot;:&quot;#&quot;,&quot;pointer&quot;:&quot;/items/properties/nome&quot;}&#10;    domain: &quot;syntax&quot;&#10;    ignored: [&quot;examples&quot;]&#10;warning: the following keywords are unknown and will be ignored: [examples]&#10;    level: &quot;warning&quot;&#10;    schema: {&quot;loadingURI&quot;:&quot;#&quot;,&quot;pointer&quot;:&quot;/items/properties/parcelas&quot;}&#10;    domain: &quot;syntax&quot;&#10;    ignored: [&quot;examples&quot;]&#10;warning: the following keywords are unknown and will be ignored: [examples]&#10;    level: &quot;warning&quot;&#10;    schema: {&quot;loadingURI&quot;:&quot;#&quot;,&quot;pointer&quot;:&quot;/items/properties/seguro&quot;}&#10;    domain: &quot;syntax&quot;&#10;    ignored: [&quot;examples&quot;]&#10;warning: the following keywords are unknown and will be ignored: [examples]&#10;    level: &quot;warning&quot;&#10;    schema: {&quot;loadingURI&quot;:&quot;#&quot;,&quot;pointer&quot;:&quot;/items/properties/valor&quot;}&#10;    domain: &quot;syntax&quot;&#10;    ignored: [&quot;examples&quot;]&#10;warning: the following keywords are unknown and will be ignored: [examples]&#10;    level: &quot;warning&quot;&#10;    schema: {&quot;loadingURI&quot;:&quot;#&quot;,&quot;pointer&quot;:&quot;/items&quot;}&#10;    domain: &quot;syntax&quot;&#10;    ignored: [&quot;examples&quot;]&#10;warning: the following keywords are unknown and will be ignored: [examples]&#10;    level: &quot;warning&quot;&#10;    schema: {&quot;loadingURI&quot;:&quot;#&quot;,&quot;pointer&quot;:&quot;/items/properties/cpf&quot;}&#10;    domain: &quot;syntax&quot;&#10;    ignored: [&quot;examples&quot;]&#10;warning: the following keywords are unknown and will be ignored: [examples]&#10;    level: &quot;warning&quot;&#10;    schema: {&quot;loadingURI&quot;:&quot;#&quot;,&quot;pointer&quot;:&quot;/items/properties/email&quot;}&#10;    domain: &quot;syntax&quot;&#10;    ignored: [&quot;examples&quot;]&#10;warning: the following keywords are unknown and will be ignored: [examples]&#10;    level: &quot;warning&quot;&#10;    schema: {&quot;loadingURI&quot;:&quot;#&quot;,&quot;pointer&quot;:&quot;/items/properties/id&quot;}&#10;    domain: &quot;syntax&quot;&#10;    ignored: [&quot;examples&quot;]&#10;warning: the following keywords are unknown and will be ignored: [examples]&#10;    level: &quot;warning&quot;&#10;    schema: {&quot;loadingURI&quot;:&quot;#&quot;,&quot;pointer&quot;:&quot;/items/properties/nome&quot;}&#10;    domain: &quot;syntax&quot;&#10;    ignored: [&quot;examples&quot;]&#10;warning: the following keywords are unknown and will be ignored: [examples]&#10;    level: &quot;warning&quot;&#10;    schema: {&quot;loadingURI&quot;:&quot;#&quot;,&quot;pointer&quot;:&quot;/items/properties/parcelas&quot;}&#10;    domain: &quot;syntax&quot;&#10;    ignored: [&quot;examples&quot;]&#10;warning: the following keywords are unknown and will be ignored: [examples]&#10;    level: &quot;warning&quot;&#10;    schema: {&quot;loadingURI&quot;:&quot;#&quot;,&quot;pointer&quot;:&quot;/items/properties/seguro&quot;}&#10;    domain: &quot;syntax&quot;&#10;    ignored: [&quot;examples&quot;]&#10;warning: the following keywords are unknown and will be ignored: [examples]&#10;    level: &quot;warning&quot;&#10;    schema: {&quot;loadingURI&quot;:&quot;#&quot;,&quot;pointer&quot;:&quot;/items/properties/valor&quot;}&#10;    domain: &quot;syntax&quot;&#10;    ignored: [&quot;examples&quot;]&#10;warning: the following keywords are unknown and will be ignored: [examples]&#10;    level: &quot;warning&quot;&#10;    schema: {&quot;loadingURI&quot;:&quot;#&quot;,&quot;pointer&quot;:&quot;/items&quot;}&#10;    domain: &quot;syntax&quot;&#10;    ignored: [&quot;examples&quot;]&#10;warning: the following keywords are unknown and will be ignored: [examples]&#10;    level: &quot;warning&quot;&#10;    schema: {&quot;loadingURI&quot;:&quot;#&quot;,&quot;pointer&quot;:&quot;/items/properties/cpf&quot;}&#10;    domain: &quot;syntax&quot;&#10;    ignored: [&quot;examples&quot;]&#10;warning: the following keywords are unknown and will be ignored: [examples]&#10;    level: &quot;warning&quot;&#10;    schema: {&quot;loadingURI&quot;:&quot;#&quot;,&quot;pointer&quot;:&quot;/items/properties/email&quot;}&#10;    domain: &quot;syntax&quot;&#10;    ignored: [&quot;examples&quot;]&#10;warning: the following keywords are unknown and will be ignored: [examples]&#10;    level: &quot;warning&quot;&#10;    schema: {&quot;loadingURI&quot;:&quot;#&quot;,&quot;pointer&quot;:&quot;/items/properties/id&quot;}&#10;    domain: &quot;syntax&quot;&#10;    ignored: [&quot;examples&quot;]&#10;warning: the following keywords are unknown and will be ignored: [examples]&#10;    level: &quot;warning&quot;&#10;    schema: {&quot;loadingURI&quot;:&quot;#&quot;,&quot;pointer&quot;:&quot;/items/properties/nome&quot;}&#10;    domain: &quot;syntax&quot;&#10;    ignored: [&quot;examples&quot;]&#10;warning: the following keywords are unknown and will be ignored: [examples]&#10;    level: &quot;warning&quot;&#10;    schema: {&quot;loadingURI&quot;:&quot;#&quot;,&quot;pointer&quot;:&quot;/items/properties/parcelas&quot;}&#10;    domain: &quot;syntax&quot;&#10;    ignored: [&quot;examples&quot;]&#10;warning: the following keywords are unknown and will be ignored: [examples]&#10;    level: &quot;warning&quot;&#10;    schema: {&quot;loadingURI&quot;:&quot;#&quot;,&quot;pointer&quot;:&quot;/items/properties/seguro&quot;}&#10;    domain: &quot;syntax&quot;&#10;    ignored: [&quot;examples&quot;]&#10;warning: the following keywords are unknown and will be ignored: [examples]&#10;    level: &quot;warning&quot;&#10;    schema: {&quot;loadingURI&quot;:&quot;#&quot;,&quot;pointer&quot;:&quot;/items/properties/valor&quot;}&#10;    domain: &quot;syntax&quot;&#10;    ignored: [&quot;examples&quot;]&#10;warning: the following keywords are unknown and will be ignored: [examples]&#10;    level: &quot;warning&quot;&#10;    schema: {&quot;loadingURI&quot;:&quot;#&quot;,&quot;pointer&quot;:&quot;/items&quot;}&#10;    domain: &quot;syntax&quot;&#10;    ignored: [&quot;examples&quot;]&#10;warning: the following keywords are unknown and will be ignored: [examples]&#10;    level: &quot;warning&quot;&#10;    schema: {&quot;loadingURI&quot;:&quot;#&quot;,&quot;pointer&quot;:&quot;/items/properties/cpf&quot;}&#10;    domain: &quot;syntax&quot;&#10;    ignored: [&quot;examples&quot;]&#10;warning: the following keywords are unknown and will be ignored: [examples]&#10;    level: &quot;warning&quot;&#10;    schema: {&quot;loadingURI&quot;:&quot;#&quot;,&quot;pointer&quot;:&quot;/items/properties/email&quot;}&#10;    domain: &quot;syntax&quot;&#10;    ignored: [&quot;examples&quot;]&#10;warning: the following keywords are unknown and will be ignored: [examples]&#10;    level: &quot;warning&quot;&#10;    schema: {&quot;loadingURI&quot;:&quot;#&quot;,&quot;pointer&quot;:&quot;/items/properties/id&quot;}&#10;    domain: &quot;syntax&quot;&#10;    ignored: [&quot;examples&quot;]&#10;warning: the following keywords are unknown and will be ignored: [examples]&#10;    level: &quot;warning&quot;&#10;    schema: {&quot;loadingURI&quot;:&quot;#&quot;,&quot;pointer&quot;:&quot;/items/properties/nome&quot;}&#10;    domain: &quot;syntax&quot;&#10;    ignored: [&quot;examples&quot;]&#10;warning: the following keywords are unknown and will be ignored: [examples]&#10;    level: &quot;warning&quot;&#10;    schema: {&quot;loadingURI&quot;:&quot;#&quot;,&quot;pointer&quot;:&quot;/items/properties/parcelas&quot;}&#10;    domain: &quot;syntax&quot;&#10;    ignored: [&quot;examples&quot;]&#10;warning: the following keywords are unknown and will be ignored: [examples]&#10;    level: &quot;warning&quot;&#10;    schema: {&quot;loadingURI&quot;:&quot;#&quot;,&quot;pointer&quot;:&quot;/items/properties/seguro&quot;}&#10;    domain: &quot;syntax&quot;&#10;    ignored: [&quot;examples&quot;]&#10;warning: the following keywords are unknown and will be ignored: [examples]&#10;    level: &quot;warning&quot;&#10;    schema: {&quot;loadingURI&quot;:&quot;#&quot;,&quot;pointer&quot;:&quot;/items/properties/valor&quot;}&#10;    domain: &quot;syntax&quot;&#10;    ignored: [&quot;examples&quot;]&#10;warning: the following keywords are unknown and will be ignored: [examples]&#10;    level: &quot;warning&quot;&#10;    schema: {&quot;loadingURI&quot;:&quot;#&quot;,&quot;pointer&quot;:&quot;/items&quot;}&#10;    domain: &quot;syntax&quot;&#10;    ignored: [&quot;examples&quot;]&#10;warning: the following keywords are unknown and will be ignored: [examples]&#10;    level: &quot;warning&quot;&#10;    schema: {&quot;loadingURI&quot;:&quot;#&quot;,&quot;pointer&quot;:&quot;/items/properties/cpf&quot;}&#10;    domain: &quot;syntax&quot;&#10;    ignored: [&quot;examples&quot;]&#10;warning: the following keywords are unknown and will be ignored: [examples]&#10;    level: &quot;warning&quot;&#10;    schema: {&quot;loadingURI&quot;:&quot;#&quot;,&quot;pointer&quot;:&quot;/items/properties/email&quot;}&#10;    domain: &quot;syntax&quot;&#10;    ignored: [&quot;examples&quot;]&#10;warning: the following keywords are unknown and will be ignored: [examples]&#10;    level: &quot;warning&quot;&#10;    schema: {&quot;loadingURI&quot;:&quot;#&quot;,&quot;pointer&quot;:&quot;/items/properties/id&quot;}&#10;    domain: &quot;syntax&quot;&#10;    ignored: [&quot;examples&quot;]&#10;warning: the following keywords are unknown and will be ignored: [examples]&#10;    level: &quot;warning&quot;&#10;    schema: {&quot;loadingURI&quot;:&quot;#&quot;,&quot;pointer&quot;:&quot;/items/properties/nome&quot;}&#10;    domain: &quot;syntax&quot;&#10;    ignored: [&quot;examples&quot;]&#10;warning: the following keywords are unknown and will be ignored: [examples]&#10;    level: &quot;warning&quot;&#10;    schema: {&quot;loadingURI&quot;:&quot;#&quot;,&quot;pointer&quot;:&quot;/items/properties/parcelas&quot;}&#10;    domain: &quot;syntax&quot;&#10;    ignored: [&quot;examples&quot;]&#10;warning: the following keywords are unknown and will be ignored: [examples]&#10;    level: &quot;warning&quot;&#10;    schema: {&quot;loadingURI&quot;:&quot;#&quot;,&quot;pointer&quot;:&quot;/items/properties/seguro&quot;}&#10;    domain: &quot;syntax&quot;&#10;    ignored: [&quot;examples&quot;]&#10;warning: the following keywords are unknown and will be ignored: [examples]&#10;    level: &quot;warning&quot;&#10;    schema: {&quot;loadingURI&quot;:&quot;#&quot;,&quot;pointer&quot;:&quot;/items/properties/valor&quot;}&#10;    domain: &quot;syntax&quot;&#10;    ignored: [&quot;examples&quot;]&#10;warning: the following keywords are unknown and will be ignored: [examples]&#10;    level: &quot;warning&quot;&#10;    schema: {&quot;loadingURI&quot;:&quot;#&quot;,&quot;pointer&quot;:&quot;/items&quot;}&#10;    domain: &quot;syntax&quot;&#10;    ignored: [&quot;examples&quot;]&#10;warning: the following keywords are unknown and will be ignored: [examples]&#10;    level: &quot;warning&quot;&#10;    schema: {&quot;loadingURI&quot;:&quot;#&quot;,&quot;pointer&quot;:&quot;/items/properties/cpf&quot;}&#10;    domain: &quot;syntax&quot;&#10;    ignored: [&quot;examples&quot;]&#10;warning: the following keywords are unknown and will be ignored: [examples]&#10;    level: &quot;warning&quot;&#10;    schema: {&quot;loadingURI&quot;:&quot;#&quot;,&quot;pointer&quot;:&quot;/items/properties/email&quot;}&#10;    domain: &quot;syntax&quot;&#10;    ignored: [&quot;examples&quot;]&#10;warning: the following keywords are unknown and will be ignored: [examples]&#10;    level: &quot;warning&quot;&#10;    schema: {&quot;loadingURI&quot;:&quot;#&quot;,&quot;pointer&quot;:&quot;/items/properties/id&quot;}&#10;    domain: &quot;syntax&quot;&#10;    ignored: [&quot;examples&quot;]&#10;warning: the following keywords are unknown and will be ignored: [examples]&#10;    level: &quot;warning&quot;&#10;    schema: {&quot;loadingURI&quot;:&quot;#&quot;,&quot;pointer&quot;:&quot;/items/properties/nome&quot;}&#10;    domain: &quot;syntax&quot;&#10;    ignored: [&quot;examples&quot;]&#10;warning: the following keywords are unknown and will be ignored: [examples]&#10;    level: &quot;warning&quot;&#10;    schema: {&quot;loadingURI&quot;:&quot;#&quot;,&quot;pointer&quot;:&quot;/items/properties/parcelas&quot;}&#10;    domain: &quot;syntax&quot;&#10;    ignored: [&quot;examples&quot;]&#10;warning: the following keywords are unknown and will be ignored: [examples]&#10;    level: &quot;warning&quot;&#10;    schema: {&quot;loadingURI&quot;:&quot;#&quot;,&quot;pointer&quot;:&quot;/items/properties/seguro&quot;}&#10;    domain: &quot;syntax&quot;&#10;    ignored: [&quot;examples&quot;]&#10;warning: the following keywords are unknown and will be ignored: [examples]&#10;    level: &quot;warning&quot;&#10;    schema: {&quot;loadingURI&quot;:&quot;#&quot;,&quot;pointer&quot;:&quot;/items/properties/valor&quot;}&#10;    domain: &quot;syntax&quot;&#10;    ignored: [&quot;examples&quot;]&#10;warning: the following keywords are unknown and will be ignored: [examples]&#10;    level: &quot;warning&quot;&#10;    schema: {&quot;loadingURI&quot;:&quot;#&quot;,&quot;pointer&quot;:&quot;/items&quot;}&#10;    domain: &quot;syntax&quot;&#10;    ignored: [&quot;examples&quot;]&#10;warning: the following keywords are unknown and will be ignored: [examples]&#10;    level: &quot;warning&quot;&#10;    schema: {&quot;loadingURI&quot;:&quot;#&quot;,&quot;pointer&quot;:&quot;/items/properties/cpf&quot;}&#10;    domain: &quot;syntax&quot;&#10;    ignored: [&quot;examples&quot;]&#10;warning: the following keywords are unknown and will be ignored: [examples]&#10;    level: &quot;warning&quot;&#10;    schema: {&quot;loadingURI&quot;:&quot;#&quot;,&quot;pointer&quot;:&quot;/items/properties/email&quot;}&#10;    domain: &quot;syntax&quot;&#10;    ignored: [&quot;examples&quot;]&#10;warning: the following keywords are unknown and will be ignored: [examples]&#10;    level: &quot;warning&quot;&#10;    schema: {&quot;loadingURI&quot;:&quot;#&quot;,&quot;pointer&quot;:&quot;/items/properties/id&quot;}&#10;    domain: &quot;syntax&quot;&#10;    ignored: [&quot;examples&quot;]&#10;warning: the following keywords are unknown and will be ignored: [examples]&#10;    level: &quot;warning&quot;&#10;    schema: {&quot;loadingURI&quot;:&quot;#&quot;,&quot;pointer&quot;:&quot;/items/properties/nome&quot;}&#10;    domain: &quot;syntax&quot;&#10;    ignored: [&quot;examples&quot;]&#10;warning: the following keywords are unknown and will be ignored: [examples]&#10;    level: &quot;warning&quot;&#10;    schema: {&quot;loadingURI&quot;:&quot;#&quot;,&quot;pointer&quot;:&quot;/items/properties/parcelas&quot;}&#10;    domain: &quot;syntax&quot;&#10;    ignored: [&quot;examples&quot;]&#10;warning: the following keywords are unknown and will be ignored: [examples]&#10;    level: &quot;warning&quot;&#10;    schema: {&quot;loadingURI&quot;:&quot;#&quot;,&quot;pointer&quot;:&quot;/items/properties/seguro&quot;}&#10;    domain: &quot;syntax&quot;&#10;    ignored: [&quot;examples&quot;]&#10;warning: the following keywords are unknown and will be ignored: [examples]&#10;    level: &quot;warning&quot;&#10;    schema: {&quot;loadingURI&quot;:&quot;#&quot;,&quot;pointer&quot;:&quot;/items/properties/valor&quot;}&#10;    domain: &quot;syntax&quot;&#10;    ignored: [&quot;examples&quot;]&#10;warning: the following keywords are unknown and will be ignored: [examples]&#10;    level: &quot;warning&quot;&#10;    schema: {&quot;loadingURI&quot;:&quot;#&quot;,&quot;pointer&quot;:&quot;/items&quot;}&#10;    domain: &quot;syntax&quot;&#10;    ignored: [&quot;examples&quot;]&#10;warning: the following keywords are unknown and will be ignored: [examples]&#10;    level: &quot;warning&quot;&#10;    schema: {&quot;loadingURI&quot;:&quot;#&quot;,&quot;pointer&quot;:&quot;/items/properties/cpf&quot;}&#10;    domain: &quot;syntax&quot;&#10;    ignored: [&quot;examples&quot;]&#10;warning: the following keywords are unknown and will be ignored: [examples]&#10;    level: &quot;warning&quot;&#10;    schema: {&quot;loadingURI&quot;:&quot;#&quot;,&quot;pointer&quot;:&quot;/items/properties/email&quot;}&#10;    domain: &quot;syntax&quot;&#10;    ignored: [&quot;examples&quot;]&#10;warning: the following keywords are unknown and will be ignored: [examples]&#10;    level: &quot;warning&quot;&#10;    schema: {&quot;loadingURI&quot;:&quot;#&quot;,&quot;pointer&quot;:&quot;/items/properties/id&quot;}&#10;    domain: &quot;syntax&quot;&#10;    ignored: [&quot;examples&quot;]&#10;warning: the following keywords are unknown and will be ignored: [examples]&#10;    level: &quot;warning&quot;&#10;    schema: {&quot;loadingURI&quot;:&quot;#&quot;,&quot;pointer&quot;:&quot;/items/properties/nome&quot;}&#10;    domain: &quot;syntax&quot;&#10;    ignored: [&quot;examples&quot;]&#10;warning: the following keywords are unknown and will be ignored: [examples]&#10;    level: &quot;warning&quot;&#10;    schema: {&quot;loadingURI&quot;:&quot;#&quot;,&quot;pointer&quot;:&quot;/items/properties/parcelas&quot;}&#10;    domain: &quot;syntax&quot;&#10;    ignored: [&quot;examples&quot;]&#10;warning: the following keywords are unknown and will be ignored: [examples]&#10;    level: &quot;warning&quot;&#10;    schema: {&quot;loadingURI&quot;:&quot;#&quot;,&quot;pointer&quot;:&quot;/items/properties/seguro&quot;}&#10;    domain: &quot;syntax&quot;&#10;    ignored: [&quot;examples&quot;]&#10;warning: the following keywords are unknown and will be ignored: [examples]&#10;    level: &quot;warning&quot;&#10;    schema: {&quot;loadingURI&quot;:&quot;#&quot;,&quot;pointer&quot;:&quot;/items/properties/valor&quot;}&#10;    domain: &quot;syntax&quot;&#10;    ignored: [&quot;examples&quot;]&#10;warning: the following keywords are unknown and will be ignored: [examples]&#10;    level: &quot;warning&quot;&#10;    schema: {&quot;loadingURI&quot;:&quot;#&quot;,&quot;pointer&quot;:&quot;/items&quot;}&#10;    domain: &quot;syntax&quot;&#10;    ignored: [&quot;examples&quot;]&#10;warning: the following keywords are unknown and will be ignored: [examples]&#10;    level: &quot;warning&quot;&#10;    schema: {&quot;loadingURI&quot;:&quot;#&quot;,&quot;pointer&quot;:&quot;/items/properties/cpf&quot;}&#10;    domain: &quot;syntax&quot;&#10;    ignored: [&quot;examples&quot;]&#10;warning: the following keywords are unknown and will be ignored: [examples]&#10;    level: &quot;warning&quot;&#10;    schema: {&quot;loadingURI&quot;:&quot;#&quot;,&quot;pointer&quot;:&quot;/items/properties/email&quot;}&#10;    domain: &quot;syntax&quot;&#10;    ignored: [&quot;examples&quot;]&#10;warning: the following keywords are unknown and will be ignored: [examples]&#10;    level: &quot;warning&quot;&#10;    schema: {&quot;loadingURI&quot;:&quot;#&quot;,&quot;pointer&quot;:&quot;/items/properties/id&quot;}&#10;    domain: &quot;syntax&quot;&#10;    ignored: [&quot;examples&quot;]&#10;warning: the following keywords are unknown and will be ignored: [examples]&#10;    level: &quot;warning&quot;&#10;    schema: {&quot;loadingURI&quot;:&quot;#&quot;,&quot;pointer&quot;:&quot;/items/properties/nome&quot;}&#10;    domain: &quot;syntax&quot;&#10;    ignored: [&quot;examples&quot;]&#10;warning: the following keywords are unknown and will be ignored: [examples]&#10;    level: &quot;warning&quot;&#10;    schema: {&quot;loadingURI&quot;:&quot;#&quot;,&quot;pointer&quot;:&quot;/items/properties/parcelas&quot;}&#10;    domain: &quot;syntax&quot;&#10;    ignored: [&quot;examples&quot;]&#10;warning: the following keywords are unknown and will be ignored: [examples]&#10;    level: &quot;warning&quot;&#10;    schema: {&quot;loadingURI&quot;:&quot;#&quot;,&quot;pointer&quot;:&quot;/items/properties/seguro&quot;}&#10;    domain: &quot;syntax&quot;&#10;    ignored: [&quot;examples&quot;]&#10;warning: the following keywords are unknown and will be ignored: [examples]&#10;    level: &quot;warning&quot;&#10;    schema: {&quot;loadingURI&quot;:&quot;#&quot;,&quot;pointer&quot;:&quot;/items/properties/valor&quot;}&#10;    domain: &quot;syntax&quot;&#10;    ignored: [&quot;examples&quot;]&#10;warning: the following keywords are unknown and will be ignored: [examples]&#10;    level: &quot;warning&quot;&#10;    schema: {&quot;loadingURI&quot;:&quot;#&quot;,&quot;pointer&quot;:&quot;/items&quot;}&#10;    domain: &quot;syntax&quot;&#10;    ignored: [&quot;examples&quot;]&#10;warning: the following keywords are unknown and will be ignored: [examples]&#10;    level: &quot;warning&quot;&#10;    schema: {&quot;loadingURI&quot;:&quot;#&quot;,&quot;pointer&quot;:&quot;/items/properties/cpf&quot;}&#10;    domain: &quot;syntax&quot;&#10;    ignored: [&quot;examples&quot;]&#10;warning: the following keywords are unknown and will be ignored: [examples]&#10;    level: &quot;warning&quot;&#10;    schema: {&quot;loadingURI&quot;:&quot;#&quot;,&quot;pointer&quot;:&quot;/items/properties/email&quot;}&#10;    domain: &quot;syntax&quot;&#10;    ignored: [&quot;examples&quot;]&#10;warning: the following keywords are unknown and will be ignored: [examples]&#10;    level: &quot;warning&quot;&#10;    schema: {&quot;loadingURI&quot;:&quot;#&quot;,&quot;pointer&quot;:&quot;/items/properties/id&quot;}&#10;    domain: &quot;syntax&quot;&#10;    ignored: [&quot;examples&quot;]&#10;warning: the following keywords are unknown and will be ignored: [examples]&#10;    level: &quot;warning&quot;&#10;    schema: {&quot;loadingURI&quot;:&quot;#&quot;,&quot;pointer&quot;:&quot;/items/properties/nome&quot;}&#10;    domain: &quot;syntax&quot;&#10;    ignored: [&quot;examples&quot;]&#10;warning: the following keywords are unknown and will be ignored: [examples]&#10;    level: &quot;warning&quot;&#10;    schema: {&quot;loadingURI&quot;:&quot;#&quot;,&quot;pointer&quot;:&quot;/items/properties/parcelas&quot;}&#10;    domain: &quot;syntax&quot;&#10;    ignored: [&quot;examples&quot;]&#10;warning: the following keywords are unknown and will be ignored: [examples]&#10;    level: &quot;warning&quot;&#10;    schema: {&quot;loadingURI&quot;:&quot;#&quot;,&quot;pointer&quot;:&quot;/items/properties/seguro&quot;}&#10;    domain: &quot;syntax&quot;&#10;    ignored: [&quot;examples&quot;]&#10;warning: the following keywords are unknown and will be ignored: [examples]&#10;    level: &quot;warning&quot;&#10;    schema: {&quot;loadingURI&quot;:&quot;#&quot;,&quot;pointer&quot;:&quot;/items/properties/valor&quot;}&#10;    domain: &quot;syntax&quot;&#10;    ignored: [&quot;examples&quot;]&#10;warning: the following keywords are unknown and will be ignored: [examples]&#10;    level: &quot;warning&quot;&#10;    schema: {&quot;loadingURI&quot;:&quot;#&quot;,&quot;pointer&quot;:&quot;/items&quot;}&#10;    domain: &quot;syntax&quot;&#10;    ignored: [&quot;examples&quot;]&#10;warning: the following keywords are unknown and will be ignored: [examples]&#10;    level: &quot;warning&quot;&#10;    schema: {&quot;loadingURI&quot;:&quot;#&quot;,&quot;pointer&quot;:&quot;/items/properties/cpf&quot;}&#10;    domain: &quot;syntax&quot;&#10;    ignored: [&quot;examples&quot;]&#10;warning: the following keywords are unknown and will be ignored: [examples]&#10;    level: &quot;warning&quot;&#10;    schema: {&quot;loadingURI&quot;:&quot;#&quot;,&quot;pointer&quot;:&quot;/items/properties/email&quot;}&#10;    domain: &quot;syntax&quot;&#10;    ignored: [&quot;examples&quot;]&#10;warning: the following keywords are unknown and will be ignored: [examples]&#10;    level: &quot;warning&quot;&#10;    schema: {&quot;loadingURI&quot;:&quot;#&quot;,&quot;pointer&quot;:&quot;/items/properties/id&quot;}&#10;    domain: &quot;syntax&quot;&#10;    ignored: [&quot;examples&quot;]&#10;warning: the following keywords are unknown and will be ignored: [examples]&#10;    level: &quot;warning&quot;&#10;    schema: {&quot;loadingURI&quot;:&quot;#&quot;,&quot;pointer&quot;:&quot;/items/properties/nome&quot;}&#10;    domain: &quot;syntax&quot;&#10;    ignored: [&quot;examples&quot;]&#10;warning: the following keywords are unknown and will be ignored: [examples]&#10;    level: &quot;warning&quot;&#10;    schema: {&quot;loadingURI&quot;:&quot;#&quot;,&quot;pointer&quot;:&quot;/items/properties/parcelas&quot;}&#10;    domain: &quot;syntax&quot;&#10;    ignored: [&quot;examples&quot;]&#10;warning: the following keywords are unknown and will be ignored: [examples]&#10;    level: &quot;warning&quot;&#10;    schema: {&quot;loadingURI&quot;:&quot;#&quot;,&quot;pointer&quot;:&quot;/items/properties/seguro&quot;}&#10;    domain: &quot;syntax&quot;&#10;    ignored: [&quot;examples&quot;]&#10;warning: the following keywords are unknown and will be ignored: [examples]&#10;    level: &quot;warning&quot;&#10;    schema: {&quot;loadingURI&quot;:&quot;#&quot;,&quot;pointer&quot;:&quot;/items/properties/valor&quot;}&#10;    domain: &quot;syntax&quot;&#10;    ignored: [&quot;examples&quot;]&#10;warning: the following keywords are unknown and will be ignored: [examples]&#10;    level: &quot;warning&quot;&#10;    schema: {&quot;loadingURI&quot;:&quot;#&quot;,&quot;pointer&quot;:&quot;/items&quot;}&#10;    domain: &quot;syntax&quot;&#10;    ignored: [&quot;examples&quot;]&#10;warning: the following keywords are unknown and will be ignored: [examples]&#10;    level: &quot;warning&quot;&#10;    schema: {&quot;loadingURI&quot;:&quot;#&quot;,&quot;pointer&quot;:&quot;/items/properties/cpf&quot;}&#10;    domain: &quot;syntax&quot;&#10;    ignored: [&quot;examples&quot;]&#10;warning: the following keywords are unknown and will be ignored: [examples]&#10;    level: &quot;warning&quot;&#10;    schema: {&quot;loadingURI&quot;:&quot;#&quot;,&quot;pointer&quot;:&quot;/items/properties/email&quot;}&#10;    domain: &quot;syntax&quot;&#10;    ignored: [&quot;examples&quot;]&#10;warning: the following keywords are unknown and will be ignored: [examples]&#10;    level: &quot;warning&quot;&#10;    schema: {&quot;loadingURI&quot;:&quot;#&quot;,&quot;pointer&quot;:&quot;/items/properties/id&quot;}&#10;    domain: &quot;syntax&quot;&#10;    ignored: [&quot;examples&quot;]&#10;warning: the following keywords are unknown and will be ignored: [examples]&#10;    level: &quot;warning&quot;&#10;    schema: {&quot;loadingURI&quot;:&quot;#&quot;,&quot;pointer&quot;:&quot;/items/properties/nome&quot;}&#10;    domain: &quot;syntax&quot;&#10;    ignored: [&quot;examples&quot;]&#10;warning: the following keywords are unknown and will be ignored: [examples]&#10;    level: &quot;warning&quot;&#10;    schema: {&quot;loadingURI&quot;:&quot;#&quot;,&quot;pointer&quot;:&quot;/items/properties/parcelas&quot;}&#10;    domain: &quot;syntax&quot;&#10;    ignored: [&quot;examples&quot;]&#10;warning: the following keywords are unknown and will be ignored: [examples]&#10;    level: &quot;warning&quot;&#10;    schema: {&quot;loadingURI&quot;:&quot;#&quot;,&quot;pointer&quot;:&quot;/items/properties/seguro&quot;}&#10;    domain: &quot;syntax&quot;&#10;    ignored: [&quot;examples&quot;]&#10;warning: the following keywords are unknown and will be ignored: [examples]&#10;    level: &quot;warning&quot;&#10;    schema: {&quot;loadingURI&quot;:&quot;#&quot;,&quot;pointer&quot;:&quot;/items/properties/valor&quot;}&#10;    domain: &quot;syntax&quot;&#10;    ignored: [&quot;examples&quot;]&#10;warning: the following keywords are unknown and will be ignored: [examples]&#10;    level: &quot;warning&quot;&#10;    schema: {&quot;loadingURI&quot;:&quot;#&quot;,&quot;pointer&quot;:&quot;/items&quot;}&#10;    domain: &quot;syntax&quot;&#10;    ignored: [&quot;examples&quot;]&#10;warning: the following keywords are unknown and will be ignored: [examples]&#10;    level: &quot;warning&quot;&#10;    schema: {&quot;loadingURI&quot;:&quot;#&quot;,&quot;pointer&quot;:&quot;/items/properties/cpf&quot;}&#10;    domain: &quot;syntax&quot;&#10;    ignored: [&quot;examples&quot;]&#10;warning: the following keywords are unknown and will be ignored: [examples]&#10;    level: &quot;warning&quot;&#10;    schema: {&quot;loadingURI&quot;:&quot;#&quot;,&quot;pointer&quot;:&quot;/items/properties/email&quot;}&#10;    domain: &quot;syntax&quot;&#10;    ignored: [&quot;examples&quot;]&#10;warning: the following keywords are unknown and will be ignored: [examples]&#10;    level: &quot;warning&quot;&#10;    schema: {&quot;loadingURI&quot;:&quot;#&quot;,&quot;pointer&quot;:&quot;/items/properties/id&quot;}&#10;    domain: &quot;syntax&quot;&#10;    ignored: [&quot;examples&quot;]&#10;warning: the following keywords are unknown and will be ignored: [examples]&#10;    level: &quot;warning&quot;&#10;    schema: {&quot;loadingURI&quot;:&quot;#&quot;,&quot;pointer&quot;:&quot;/items/properties/nome&quot;}&#10;    domain: &quot;syntax&quot;&#10;    ignored: [&quot;examples&quot;]&#10;warning: the following keywords are unknown and will be ignored: [examples]&#10;    level: &quot;warning&quot;&#10;    schema: {&quot;loadingURI&quot;:&quot;#&quot;,&quot;pointer&quot;:&quot;/items/properties/parcelas&quot;}&#10;    domain: &quot;syntax&quot;&#10;    ignored: [&quot;examples&quot;]&#10;warning: the following keywords are unknown and will be ignored: [examples]&#10;    level: &quot;warning&quot;&#10;    schema: {&quot;loadingURI&quot;:&quot;#&quot;,&quot;pointer&quot;:&quot;/items/properties/seguro&quot;}&#10;    domain: &quot;syntax&quot;&#10;    ignored: [&quot;examples&quot;]&#10;warning: the following keywords are unknown and will be ignored: [examples]&#10;    level: &quot;warning&quot;&#10;    schema: {&quot;loadingURI&quot;:&quot;#&quot;,&quot;pointer&quot;:&quot;/items/properties/valor&quot;}&#10;    domain: &quot;syntax&quot;&#10;    ignored: [&quot;examples&quot;]&#10;warning: the following keywords are unknown and will be ignored: [examples]&#10;    level: &quot;warning&quot;&#10;    schema: {&quot;loadingURI&quot;:&quot;#&quot;,&quot;pointer&quot;:&quot;/items&quot;}&#10;    domain: &quot;syntax&quot;&#10;    ignored: [&quot;examples&quot;]&#10;warning: the following keywords are unknown and will be ignored: [examples]&#10;    level: &quot;warning&quot;&#10;    schema: {&quot;loadingURI&quot;:&quot;#&quot;,&quot;pointer&quot;:&quot;/items/properties/cpf&quot;}&#10;    domain: &quot;syntax&quot;&#10;    ignored: [&quot;examples&quot;]&#10;warning: the following keywords are unknown and will be ignored: [examples]&#10;    level: &quot;warning&quot;&#10;    schema: {&quot;loadingURI&quot;:&quot;#&quot;,&quot;pointer&quot;:&quot;/items/properties/email&quot;}&#10;    domain: &quot;syntax&quot;&#10;    ignored: [&quot;examples&quot;]&#10;warning: the following keywords are unknown and will be ignored: [examples]&#10;    level: &quot;warning&quot;&#10;    schema: {&quot;loadingURI&quot;:&quot;#&quot;,&quot;pointer&quot;:&quot;/items/properties/id&quot;}&#10;    domain: &quot;syntax&quot;&#10;    ignored: [&quot;examples&quot;]&#10;warning: the following keywords are unknown and will be ignored: [examples]&#10;    level: &quot;warning&quot;&#10;    schema: {&quot;loadingURI&quot;:&quot;#&quot;,&quot;pointer&quot;:&quot;/items/properties/nome&quot;}&#10;    domain: &quot;syntax&quot;&#10;    ignored: [&quot;examples&quot;]&#10;warning: the following keywords are unknown and will be ignored: [examples]&#10;    level: &quot;warning&quot;&#10;    schema: {&quot;loadingURI&quot;:&quot;#&quot;,&quot;pointer&quot;:&quot;/items/properties/parcelas&quot;}&#10;    domain: &quot;syntax&quot;&#10;    ignored: [&quot;examples&quot;]&#10;warning: the following keywords are unknown and will be ignored: [examples]&#10;    level: &quot;warning&quot;&#10;    schema: {&quot;loadingURI&quot;:&quot;#&quot;,&quot;pointer&quot;:&quot;/items/properties/seguro&quot;}&#10;    domain: &quot;syntax&quot;&#10;    ignored: [&quot;examples&quot;]&#10;warning: the following keywords are unknown and will be ignored: [examples]&#10;    level: &quot;warning&quot;&#10;    schema: {&quot;loadingURI&quot;:&quot;#&quot;,&quot;pointer&quot;:&quot;/items/properties/valor&quot;}&#10;    domain: &quot;syntax&quot;&#10;    ignored: [&quot;examples&quot;]&#10;warning: the following keywords are unknown and will be ignored: [examples]&#10;    level: &quot;warning&quot;&#10;    schema: {&quot;loadingURI&quot;:&quot;#&quot;,&quot;pointer&quot;:&quot;/items&quot;}&#10;    domain: &quot;syntax&quot;&#10;    ignored: [&quot;examples&quot;]&#10;warning: the following keywords are unknown and will be ignored: [examples]&#10;    level: &quot;warning&quot;&#10;    schema: {&quot;loadingURI&quot;:&quot;#&quot;,&quot;pointer&quot;:&quot;/items/properties/cpf&quot;}&#10;    domain: &quot;syntax&quot;&#10;    ignored: [&quot;examples&quot;]&#10;warning: the following keywords are unknown and will be ignored: [examples]&#10;    level: &quot;warning&quot;&#10;    schema: {&quot;loadingURI&quot;:&quot;#&quot;,&quot;pointer&quot;:&quot;/items/properties/email&quot;}&#10;    domain: &quot;syntax&quot;&#10;    ignored: [&quot;examples&quot;]&#10;warning: the following keywords are unknown and will be ignored: [examples]&#10;    level: &quot;warning&quot;&#10;    schema: {&quot;loadingURI&quot;:&quot;#&quot;,&quot;pointer&quot;:&quot;/items/properties/id&quot;}&#10;    domain: &quot;syntax&quot;&#10;    ignored: [&quot;examples&quot;]&#10;warning: the following keywords are unknown and will be ignored: [examples]&#10;    level: &quot;warning&quot;&#10;    schema: {&quot;loadingURI&quot;:&quot;#&quot;,&quot;pointer&quot;:&quot;/items/properties/nome&quot;}&#10;    domain: &quot;syntax&quot;&#10;    ignored: [&quot;examples&quot;]&#10;warning: the following keywords are unknown and will be ignored: [examples]&#10;    level: &quot;warning&quot;&#10;    schema: {&quot;loadingURI&quot;:&quot;#&quot;,&quot;pointer&quot;:&quot;/items/properties/parcelas&quot;}&#10;    domain: &quot;syntax&quot;&#10;    ignored: [&quot;examples&quot;]&#10;warning: the following keywords are unknown and will be ignored: [examples]&#10;    level: &quot;warning&quot;&#10;    schema: {&quot;loadingURI&quot;:&quot;#&quot;,&quot;pointer&quot;:&quot;/items/properties/seguro&quot;}&#10;    domain: &quot;syntax&quot;&#10;    ignored: [&quot;examples&quot;]&#10;warning: the following keywords are unknown and will be ignored: [examples]&#10;    level: &quot;warning&quot;&#10;    schema: {&quot;loadingURI&quot;:&quot;#&quot;,&quot;pointer&quot;:&quot;/items/properties/valor&quot;}&#10;    domain: &quot;syntax&quot;&#10;    ignored: [&quot;examples&quot;]&#10;warning: the following keywords are unknown and will be ignored: [examples]&#10;    level: &quot;warning&quot;&#10;    schema: {&quot;loadingURI&quot;:&quot;#&quot;,&quot;pointer&quot;:&quot;/items&quot;}&#10;    domain: &quot;syntax&quot;&#10;    ignored: [&quot;examples&quot;]&#10;warning: the following keywords are unknown and will be ignored: [examples]&#10;    level: &quot;warning&quot;&#10;    schema: {&quot;loadingURI&quot;:&quot;#&quot;,&quot;pointer&quot;:&quot;/items/properties/cpf&quot;}&#10;    domain: &quot;syntax&quot;&#10;    ignored: [&quot;examples&quot;]&#10;warning: the following keywords are unknown and will be ignored: [examples]&#10;    level: &quot;warning&quot;&#10;    schema: {&quot;loadingURI&quot;:&quot;#&quot;,&quot;pointer&quot;:&quot;/items/properties/email&quot;}&#10;    domain: &quot;syntax&quot;&#10;    ignored: [&quot;examples&quot;]&#10;warning: the following keywords are unknown and will be ignored: [examples]&#10;    level: &quot;warning&quot;&#10;    schema: {&quot;loadingURI&quot;:&quot;#&quot;,&quot;pointer&quot;:&quot;/items/properties/id&quot;}&#10;    domain: &quot;syntax&quot;&#10;    ignored: [&quot;examples&quot;]&#10;warning: the following keywords are unknown and will be ignored: [examples]&#10;    level: &quot;warning&quot;&#10;    schema: {&quot;loadingURI&quot;:&quot;#&quot;,&quot;pointer&quot;:&quot;/items/properties/nome&quot;}&#10;    domain: &quot;syntax&quot;&#10;    ignored: [&quot;examples&quot;]&#10;warning: the following keywords are unknown and will be ignored: [examples]&#10;    level: &quot;warning&quot;&#10;    schema: {&quot;loadingURI&quot;:&quot;#&quot;,&quot;pointer&quot;:&quot;/items/properties/parcelas&quot;}&#10;    domain: &quot;syntax&quot;&#10;    ignored: [&quot;examples&quot;]&#10;warning: the following keywords are unknown and will be ignored: [examples]&#10;    level: &quot;warning&quot;&#10;    schema: {&quot;loadingURI&quot;:&quot;#&quot;,&quot;pointer&quot;:&quot;/items/properties/seguro&quot;}&#10;    domain: &quot;syntax&quot;&#10;    ignored: [&quot;examples&quot;]&#10;warning: the following keywords are unknown and will be ignored: [examples]&#10;    level: &quot;warning&quot;&#10;    schema: {&quot;loadingURI&quot;:&quot;#&quot;,&quot;pointer&quot;:&quot;/items/properties/valor&quot;}&#10;    domain: &quot;syntax&quot;&#10;    ignored: [&quot;examples&quot;]&#10;warning: the following keywords are unknown and will be ignored: [examples]&#10;    level: &quot;warning&quot;&#10;    schema: {&quot;loadingURI&quot;:&quot;#&quot;,&quot;pointer&quot;:&quot;/items&quot;}&#10;    domain: &quot;syntax&quot;&#10;    ignored: [&quot;examples&quot;]&#10;warning: the following keywords are unknown and will be ignored: [examples]&#10;    level: &quot;warning&quot;&#10;    schema: {&quot;loadingURI&quot;:&quot;#&quot;,&quot;pointer&quot;:&quot;/items/properties/cpf&quot;}&#10;    domain: &quot;syntax&quot;&#10;    ignored: [&quot;examples&quot;]&#10;warning: the following keywords are unknown and will be ignored: [examples]&#10;    level: &quot;warning&quot;&#10;    schema: {&quot;loadingURI&quot;:&quot;#&quot;,&quot;pointer&quot;:&quot;/items/properties/email&quot;}&#10;    domain: &quot;syntax&quot;&#10;    ignored: [&quot;examples&quot;]&#10;warning: the following keywords are unknown and will be ignored: [examples]&#10;    level: &quot;warning&quot;&#10;    schema: {&quot;loadingURI&quot;:&quot;#&quot;,&quot;pointer&quot;:&quot;/items/properties/id&quot;}&#10;    domain: &quot;syntax&quot;&#10;    ignored: [&quot;examples&quot;]&#10;warning: the following keywords are unknown and will be ignored: [examples]&#10;    level: &quot;warning&quot;&#10;    schema: {&quot;loadingURI&quot;:&quot;#&quot;,&quot;pointer&quot;:&quot;/items/properties/nome&quot;}&#10;    domain: &quot;syntax&quot;&#10;    ignored: [&quot;examples&quot;]&#10;warning: the following keywords are unknown and will be ignored: [examples]&#10;    level: &quot;warning&quot;&#10;    schema: {&quot;loadingURI&quot;:&quot;#&quot;,&quot;pointer&quot;:&quot;/items/properties/parcelas&quot;}&#10;    domain: &quot;syntax&quot;&#10;    ignored: [&quot;examples&quot;]&#10;warning: the following keywords are unknown and will be ignored: [examples]&#10;    level: &quot;warning&quot;&#10;    schema: {&quot;loadingURI&quot;:&quot;#&quot;,&quot;pointer&quot;:&quot;/items/properties/seguro&quot;}&#10;    domain: &quot;syntax&quot;&#10;    ignored: [&quot;examples&quot;]&#10;warning: the following keywords are unknown and will be ignored: [examples]&#10;    level: &quot;warning&quot;&#10;    schema: {&quot;loadingURI&quot;:&quot;#&quot;,&quot;pointer&quot;:&quot;/items/properties/valor&quot;}&#10;    domain: &quot;syntax&quot;&#10;    ignored: [&quot;examples&quot;]&#10;warning: the following keywords are unknown and will be ignored: [examples]&#10;    level: &quot;warning&quot;&#10;    schema: {&quot;loadingURI&quot;:&quot;#&quot;,&quot;pointer&quot;:&quot;/items&quot;}&#10;    domain: &quot;syntax&quot;&#10;    ignored: [&quot;examples&quot;]&#10;warning: the following keywords are unknown and will be ignored: [examples]&#10;    level: &quot;warning&quot;&#10;    schema: {&quot;loadingURI&quot;:&quot;#&quot;,&quot;pointer&quot;:&quot;/items/properties/cpf&quot;}&#10;    domain: &quot;syntax&quot;&#10;    ignored: [&quot;examples&quot;]&#10;warning: the following keywords are unknown and will be ignored: [examples]&#10;    level: &quot;warning&quot;&#10;    schema: {&quot;loadingURI&quot;:&quot;#&quot;,&quot;pointer&quot;:&quot;/items/properties/email&quot;}&#10;    domain: &quot;syntax&quot;&#10;    ignored: [&quot;examples&quot;]&#10;warning: the following keywords are unknown and will be ignored: [examples]&#10;    level: &quot;warning&quot;&#10;    schema: {&quot;loadingURI&quot;:&quot;#&quot;,&quot;pointer&quot;:&quot;/items/properties/id&quot;}&#10;    domain: &quot;syntax&quot;&#10;    ignored: [&quot;examples&quot;]&#10;warning: the following keywords are unknown and will be ignored: [examples]&#10;    level: &quot;warning&quot;&#10;    schema: {&quot;loadingURI&quot;:&quot;#&quot;,&quot;pointer&quot;:&quot;/items/properties/nome&quot;}&#10;    domain: &quot;syntax&quot;&#10;    ignored: [&quot;examples&quot;]&#10;warning: the following keywords are unknown and will be ignored: [examples]&#10;    level: &quot;warning&quot;&#10;    schema: {&quot;loadingURI&quot;:&quot;#&quot;,&quot;pointer&quot;:&quot;/items/properties/parcelas&quot;}&#10;    domain: &quot;syntax&quot;&#10;    ignored: [&quot;examples&quot;]&#10;warning: the following keywords are unknown and will be ignored: [examples]&#10;    level: &quot;warning&quot;&#10;    schema: {&quot;loadingURI&quot;:&quot;#&quot;,&quot;pointer&quot;:&quot;/items/properties/seguro&quot;}&#10;    domain: &quot;syntax&quot;&#10;    ignored: [&quot;examples&quot;]&#10;warning: the following keywords are unknown and will be ignored: [examples]&#10;    level: &quot;warning&quot;&#10;    schema: {&quot;loadingURI&quot;:&quot;#&quot;,&quot;pointer&quot;:&quot;/items/properties/valor&quot;}&#10;    domain: &quot;syntax&quot;&#10;    ignored: [&quot;examples&quot;]&#10;warning: the following keywords are unknown and will be ignored: [examples]&#10;    level: &quot;warning&quot;&#10;    schema: {&quot;loadingURI&quot;:&quot;#&quot;,&quot;pointer&quot;:&quot;/items&quot;}&#10;    domain: &quot;syntax&quot;&#10;    ignored: [&quot;examples&quot;]&#10;warning: the following keywords are unknown and will be ignored: [examples]&#10;    level: &quot;warning&quot;&#10;    schema: {&quot;loadingURI&quot;:&quot;#&quot;,&quot;pointer&quot;:&quot;/items/properties/cpf&quot;}&#10;    domain: &quot;syntax&quot;&#10;    ignored: [&quot;examples&quot;]&#10;warning: the following keywords are unknown and will be ignored: [examples]&#10;    level: &quot;warning&quot;&#10;    schema: {&quot;loadingURI&quot;:&quot;#&quot;,&quot;pointer&quot;:&quot;/items/properties/email&quot;}&#10;    domain: &quot;syntax&quot;&#10;    ignored: [&quot;examples&quot;]&#10;warning: the following keywords are unknown and will be ignored: [examples]&#10;    level: &quot;warning&quot;&#10;    schema: {&quot;loadingURI&quot;:&quot;#&quot;,&quot;pointer&quot;:&quot;/items/properties/id&quot;}&#10;    domain: &quot;syntax&quot;&#10;    ignored: [&quot;examples&quot;]&#10;warning: the following keywords are unknown and will be ignored: [examples]&#10;    level: &quot;warning&quot;&#10;    schema: {&quot;loadingURI&quot;:&quot;#&quot;,&quot;pointer&quot;:&quot;/items/properties/nome&quot;}&#10;    domain: &quot;syntax&quot;&#10;    ignored: [&quot;examples&quot;]&#10;warning: the following keywords are unknown and will be ignored: [examples]&#10;    level: &quot;warning&quot;&#10;    schema: {&quot;loadingURI&quot;:&quot;#&quot;,&quot;pointer&quot;:&quot;/items/properties/parcelas&quot;}&#10;    domain: &quot;syntax&quot;&#10;    ignored: [&quot;examples&quot;]&#10;warning: the following keywords are unknown and will be ignored: [examples]&#10;    level: &quot;warning&quot;&#10;    schema: {&quot;loadingURI&quot;:&quot;#&quot;,&quot;pointer&quot;:&quot;/items/properties/seguro&quot;}&#10;    domain: &quot;syntax&quot;&#10;    ignored: [&quot;examples&quot;]&#10;warning: the following keywords are unknown and will be ignored: [examples]&#10;    level: &quot;warning&quot;&#10;    schema: {&quot;loadingURI&quot;:&quot;#&quot;,&quot;pointer&quot;:&quot;/items/properties/valor&quot;}&#10;    domain: &quot;syntax&quot;&#10;    ignored: [&quot;examples&quot;]&#10;warning: the following keywords are unknown and will be ignored: [examples]&#10;    level: &quot;warning&quot;&#10;    schema: {&quot;loadingURI&quot;:&quot;#&quot;,&quot;pointer&quot;:&quot;/items&quot;}&#10;    domain: &quot;syntax&quot;&#10;    ignored: [&quot;examples&quot;]&#10;warning: the following keywords are unknown and will be ignored: [examples]&#10;    level: &quot;warning&quot;&#10;    schema: {&quot;loadingURI&quot;:&quot;#&quot;,&quot;pointer&quot;:&quot;/items/properties/cpf&quot;}&#10;    domain: &quot;syntax&quot;&#10;    ignored: [&quot;examples&quot;]&#10;warning: the following keywords are unknown and will be ignored: [examples]&#10;    level: &quot;warning&quot;&#10;    schema: {&quot;loadingURI&quot;:&quot;#&quot;,&quot;pointer&quot;:&quot;/items/properties/email&quot;}&#10;    domain: &quot;syntax&quot;&#10;    ignored: [&quot;examples&quot;]&#10;warning: the following keywords are unknown and will be ignored: [examples]&#10;    level: &quot;warning&quot;&#10;    schema: {&quot;loadingURI&quot;:&quot;#&quot;,&quot;pointer&quot;:&quot;/items/properties/id&quot;}&#10;    domain: &quot;syntax&quot;&#10;    ignored: [&quot;examples&quot;]&#10;warning: the following keywords are unknown and will be ignored: [examples]&#10;    level: &quot;warning&quot;&#10;    schema: {&quot;loadingURI&quot;:&quot;#&quot;,&quot;pointer&quot;:&quot;/items/properties/nome&quot;}&#10;    domain: &quot;syntax&quot;&#10;    ignored: [&quot;examples&quot;]&#10;warning: the following keywords are unknown and will be ignored: [examples]&#10;    level: &quot;warning&quot;&#10;    schema: {&quot;loadingURI&quot;:&quot;#&quot;,&quot;pointer&quot;:&quot;/items/properties/parcelas&quot;}&#10;    domain: &quot;syntax&quot;&#10;    ignored: [&quot;examples&quot;]&#10;warning: the following keywords are unknown and will be ignored: [examples]&#10;    level: &quot;warning&quot;&#10;    schema: {&quot;loadingURI&quot;:&quot;#&quot;,&quot;pointer&quot;:&quot;/items/properties/seguro&quot;}&#10;    domain: &quot;syntax&quot;&#10;    ignored: [&quot;examples&quot;]&#10;warning: the following keywords are unknown and will be ignored: [examples]&#10;    level: &quot;warning&quot;&#10;    schema: {&quot;loadingURI&quot;:&quot;#&quot;,&quot;pointer&quot;:&quot;/items/properties/valor&quot;}&#10;    domain: &quot;syntax&quot;&#10;    ignored: [&quot;examples&quot;]&#10;warning: the following keywords are unknown and will be ignored: [examples]&#10;    level: &quot;warning&quot;&#10;    schema: {&quot;loadingURI&quot;:&quot;#&quot;,&quot;pointer&quot;:&quot;/items&quot;}&#10;    domain: &quot;syntax&quot;&#10;    ignored: [&quot;examples&quot;]&#10;warning: the following keywords are unknown and will be ignored: [examples]&#10;    level: &quot;warning&quot;&#10;    schema: {&quot;loadingURI&quot;:&quot;#&quot;,&quot;pointer&quot;:&quot;/items/properties/cpf&quot;}&#10;    domain: &quot;syntax&quot;&#10;    ignored: [&quot;examples&quot;]&#10;warning: the following keywords are unknown and will be ignored: [examples]&#10;    level: &quot;warning&quot;&#10;    schema: {&quot;loadingURI&quot;:&quot;#&quot;,&quot;pointer&quot;:&quot;/items/properties/email&quot;}&#10;    domain: &quot;syntax&quot;&#10;    ignored: [&quot;examples&quot;]&#10;warning: the following keywords are unknown and will be ignored: [examples]&#10;    level: &quot;warning&quot;&#10;    schema: {&quot;loadingURI&quot;:&quot;#&quot;,&quot;pointer&quot;:&quot;/items/properties/id&quot;}&#10;    domain: &quot;syntax&quot;&#10;    ignored: [&quot;examples&quot;]&#10;warning: the following keywords are unknown and will be ignored: [examples]&#10;    level: &quot;warning&quot;&#10;    schema: {&quot;loadingURI&quot;:&quot;#&quot;,&quot;pointer&quot;:&quot;/items/properties/nome&quot;}&#10;    domain: &quot;syntax&quot;&#10;    ignored: [&quot;examples&quot;]&#10;warning: the following keywords are unknown and will be ignored: [examples]&#10;    level: &quot;warning&quot;&#10;    schema: {&quot;loadingURI&quot;:&quot;#&quot;,&quot;pointer&quot;:&quot;/items/properties/parcelas&quot;}&#10;    domain: &quot;syntax&quot;&#10;    ignored: [&quot;examples&quot;]&#10;warning: the following keywords are unknown and will be ignored: [examples]&#10;    level: &quot;warning&quot;&#10;    schema: {&quot;loadingURI&quot;:&quot;#&quot;,&quot;pointer&quot;:&quot;/items/properties/seguro&quot;}&#10;    domain: &quot;syntax&quot;&#10;    ignored: [&quot;examples&quot;]&#10;warning: the following keywords are unknown and will be ignored: [examples]&#10;    level: &quot;warning&quot;&#10;    schema: {&quot;loadingURI&quot;:&quot;#&quot;,&quot;pointer&quot;:&quot;/items/properties/valor&quot;}&#10;    domain: &quot;syntax&quot;&#10;    ignored: [&quot;examples&quot;]&#10;warning: the following keywords are unknown and will be ignored: [examples]&#10;    level: &quot;warning&quot;&#10;    schema: {&quot;loadingURI&quot;:&quot;#&quot;,&quot;pointer&quot;:&quot;/items&quot;}&#10;    domain: &quot;syntax&quot;&#10;    ignored: [&quot;examples&quot;]&#10;warning: the following keywords are unknown and will be ignored: [examples]&#10;    level: &quot;warning&quot;&#10;    schema: {&quot;loadingURI&quot;:&quot;#&quot;,&quot;pointer&quot;:&quot;/items/properties/cpf&quot;}&#10;    domain: &quot;syntax&quot;&#10;    ignored: [&quot;examples&quot;]&#10;warning: the following keywords are unknown and will be ignored: [examples]&#10;    level: &quot;warning&quot;&#10;    schema: {&quot;loadingURI&quot;:&quot;#&quot;,&quot;pointer&quot;:&quot;/items/properties/email&quot;}&#10;    domain: &quot;syntax&quot;&#10;    ignored: [&quot;examples&quot;]&#10;warning: the following keywords are unknown and will be ignored: [examples]&#10;    level: &quot;warning&quot;&#10;    schema: {&quot;loadingURI&quot;:&quot;#&quot;,&quot;pointer&quot;:&quot;/items/properties/id&quot;}&#10;    domain: &quot;syntax&quot;&#10;    ignored: [&quot;examples&quot;]&#10;warning: the following keywords are unknown and will be ignored: [examples]&#10;    level: &quot;warning&quot;&#10;    schema: {&quot;loadingURI&quot;:&quot;#&quot;,&quot;pointer&quot;:&quot;/items/properties/nome&quot;}&#10;    domain: &quot;syntax&quot;&#10;    ignored: [&quot;examples&quot;]&#10;warning: the following keywords are unknown and will be ignored: [examples]&#10;    level: &quot;warning&quot;&#10;    schema: {&quot;loadingURI&quot;:&quot;#&quot;,&quot;pointer&quot;:&quot;/items/properties/parcelas&quot;}&#10;    domain: &quot;syntax&quot;&#10;    ignored: [&quot;examples&quot;]&#10;warning: the following keywords are unknown and will be ignored: [examples]&#10;    level: &quot;warning&quot;&#10;    schema: {&quot;loadingURI&quot;:&quot;#&quot;,&quot;pointer&quot;:&quot;/items/properties/seguro&quot;}&#10;    domain: &quot;syntax&quot;&#10;    ignored: [&quot;examples&quot;]&#10;warning: the following keywords are unknown and will be ignored: [examples]&#10;    level: &quot;warning&quot;&#10;    schema: {&quot;loadingURI&quot;:&quot;#&quot;,&quot;pointer&quot;:&quot;/items/properties/valor&quot;}&#10;    domain: &quot;syntax&quot;&#10;    ignored: [&quot;examples&quot;]&#10;warning: the following keywords are unknown and will be ignored: [examples]&#10;    level: &quot;warning&quot;&#10;    schema: {&quot;loadingURI&quot;:&quot;#&quot;,&quot;pointer&quot;:&quot;/items&quot;}&#10;    domain: &quot;syntax&quot;&#10;    ignored: [&quot;examples&quot;]&#10;warning: the following keywords are unknown and will be ignored: [examples]&#10;    level: &quot;warning&quot;&#10;    schema: {&quot;loadingURI&quot;:&quot;#&quot;,&quot;pointer&quot;:&quot;/items/properties/cpf&quot;}&#10;    domain: &quot;syntax&quot;&#10;    ignored: [&quot;examples&quot;]&#10;warning: the following keywords are unknown and will be ignored: [examples]&#10;    level: &quot;warning&quot;&#10;    schema: {&quot;loadingURI&quot;:&quot;#&quot;,&quot;pointer&quot;:&quot;/items/properties/email&quot;}&#10;    domain: &quot;syntax&quot;&#10;    ignored: [&quot;examples&quot;]&#10;warning: the following keywords are unknown and will be ignored: [examples]&#10;    level: &quot;warning&quot;&#10;    schema: {&quot;loadingURI&quot;:&quot;#&quot;,&quot;pointer&quot;:&quot;/items/properties/id&quot;}&#10;    domain: &quot;syntax&quot;&#10;    ignored: [&quot;examples&quot;]&#10;warning: the following keywords are unknown and will be ignored: [examples]&#10;    level: &quot;warning&quot;&#10;    schema: {&quot;loadingURI&quot;:&quot;#&quot;,&quot;pointer&quot;:&quot;/items/properties/nome&quot;}&#10;    domain: &quot;syntax&quot;&#10;    ignored: [&quot;examples&quot;]&#10;warning: the following keywords are unknown and will be ignored: [examples]&#10;    level: &quot;warning&quot;&#10;    schema: {&quot;loadingURI&quot;:&quot;#&quot;,&quot;pointer&quot;:&quot;/items/properties/parcelas&quot;}&#10;    domain: &quot;syntax&quot;&#10;    ignored: [&quot;examples&quot;]&#10;warning: the following keywords are unknown and will be ignored: [examples]&#10;    level: &quot;warning&quot;&#10;    schema: {&quot;loadingURI&quot;:&quot;#&quot;,&quot;pointer&quot;:&quot;/items/properties/seguro&quot;}&#10;    domain: &quot;syntax&quot;&#10;    ignored: [&quot;examples&quot;]&#10;warning: the following keywords are unknown and will be ignored: [examples]&#10;    level: &quot;warning&quot;&#10;    schema: {&quot;loadingURI&quot;:&quot;#&quot;,&quot;pointer&quot;:&quot;/items/properties/valor&quot;}&#10;    domain: &quot;syntax&quot;&#10;    ignored: [&quot;examples&quot;]&#10;warning: the following keywords are unknown and will be ignored: [examples]&#10;    level: &quot;warning&quot;&#10;    schema: {&quot;loadingURI&quot;:&quot;#&quot;,&quot;pointer&quot;:&quot;/items&quot;}&#10;    domain: &quot;syntax&quot;&#10;    ignored: [&quot;examples&quot;]&#10;warning: the following keywords are unknown and will be ignored: [examples]&#10;    level: &quot;warning&quot;&#10;    schema: {&quot;loadingURI&quot;:&quot;#&quot;,&quot;pointer&quot;:&quot;/items/properties/cpf&quot;}&#10;    domain: &quot;syntax&quot;&#10;    ignored: [&quot;examples&quot;]&#10;warning: the following keywords are unknown and will be ignored: [examples]&#10;    level: &quot;warning&quot;&#10;    schema: {&quot;loadingURI&quot;:&quot;#&quot;,&quot;pointer&quot;:&quot;/items/properties/email&quot;}&#10;    domain: &quot;syntax&quot;&#10;    ignored: [&quot;examples&quot;]&#10;warning: the following keywords are unknown and will be ignored: [examples]&#10;    level: &quot;warning&quot;&#10;    schema: {&quot;loadingURI&quot;:&quot;#&quot;,&quot;pointer&quot;:&quot;/items/properties/id&quot;}&#10;    domain: &quot;syntax&quot;&#10;    ignored: [&quot;examples&quot;]&#10;warning: the following keywords are unknown and will be ignored: [examples]&#10;    level: &quot;warning&quot;&#10;    schema: {&quot;loadingURI&quot;:&quot;#&quot;,&quot;pointer&quot;:&quot;/items/properties/nome&quot;}&#10;    domain: &quot;syntax&quot;&#10;    ignored: [&quot;examples&quot;]&#10;warning: the following keywords are unknown and will be ignored: [examples]&#10;    level: &quot;warning&quot;&#10;    schema: {&quot;loadingURI&quot;:&quot;#&quot;,&quot;pointer&quot;:&quot;/items/properties/parcelas&quot;}&#10;    domain: &quot;syntax&quot;&#10;    ignored: [&quot;examples&quot;]&#10;warning: the following keywords are unknown and will be ignored: [examples]&#10;    level: &quot;warning&quot;&#10;    schema: {&quot;loadingURI&quot;:&quot;#&quot;,&quot;pointer&quot;:&quot;/items/properties/seguro&quot;}&#10;    domain: &quot;syntax&quot;&#10;    ignored: [&quot;examples&quot;]&#10;warning: the following keywords are unknown and will be ignored: [examples]&#10;    level: &quot;warning&quot;&#10;    schema: {&quot;loadingURI&quot;:&quot;#&quot;,&quot;pointer&quot;:&quot;/items/properties/valor&quot;}&#10;    domain: &quot;syntax&quot;&#10;    ignored: [&quot;examples&quot;]&#10;warning: the following keywords are unknown and will be ignored: [examples]&#10;    level: &quot;warning&quot;&#10;    schema: {&quot;loadingURI&quot;:&quot;#&quot;,&quot;pointer&quot;:&quot;/items&quot;}&#10;    domain: &quot;syntax&quot;&#10;    ignored: [&quot;examples&quot;]&#10;warning: the following keywords are unknown and will be ignored: [examples]&#10;    level: &quot;warning&quot;&#10;    schema: {&quot;loadingURI&quot;:&quot;#&quot;,&quot;pointer&quot;:&quot;/items/properties/cpf&quot;}&#10;    domain: &quot;syntax&quot;&#10;    ignored: [&quot;examples&quot;]&#10;warning: the following keywords are unknown and will be ignored: [examples]&#10;    level: &quot;warning&quot;&#10;    schema: {&quot;loadingURI&quot;:&quot;#&quot;,&quot;pointer&quot;:&quot;/items/properties/email&quot;}&#10;    domain: &quot;syntax&quot;&#10;    ignored: [&quot;examples&quot;]&#10;warning: the following keywords are unknown and will be ignored: [examples]&#10;    level: &quot;warning&quot;&#10;    schema: {&quot;loadingURI&quot;:&quot;#&quot;,&quot;pointer&quot;:&quot;/items/properties/id&quot;}&#10;    domain: &quot;syntax&quot;&#10;    ignored: [&quot;examples&quot;]&#10;warning: the following keywords are unknown and will be ignored: [examples]&#10;    level: &quot;warning&quot;&#10;    schema: {&quot;loadingURI&quot;:&quot;#&quot;,&quot;pointer&quot;:&quot;/items/properties/nome&quot;}&#10;    domain: &quot;syntax&quot;&#10;    ignored: [&quot;examples&quot;]&#10;warning: the following keywords are unknown and will be ignored: [examples]&#10;    level: &quot;warning&quot;&#10;    schema: {&quot;loadingURI&quot;:&quot;#&quot;,&quot;pointer&quot;:&quot;/items/properties/parcelas&quot;}&#10;    domain: &quot;syntax&quot;&#10;    ignored: [&quot;examples&quot;]&#10;warning: the following keywords are unknown and will be ignored: [examples]&#10;    level: &quot;warning&quot;&#10;    schema: {&quot;loadingURI&quot;:&quot;#&quot;,&quot;pointer&quot;:&quot;/items/properties/seguro&quot;}&#10;    domain: &quot;syntax&quot;&#10;    ignored: [&quot;examples&quot;]&#10;warning: the following keywords are unknown and will be ignored: [examples]&#10;    level: &quot;warning&quot;&#10;    schema: {&quot;loadingURI&quot;:&quot;#&quot;,&quot;pointer&quot;:&quot;/items/properties/valor&quot;}&#10;    domain: &quot;syntax&quot;&#10;    ignored: [&quot;examples&quot;]&#10;warning: the following keywords are unknown and will be ignored: [examples]&#10;    level: &quot;warning&quot;&#10;    schema: {&quot;loadingURI&quot;:&quot;#&quot;,&quot;pointer&quot;:&quot;/items&quot;}&#10;    domain: &quot;syntax&quot;&#10;    ignored: [&quot;examples&quot;]&#10;warning: the following keywords are unknown and will be ignored: [examples]&#10;    level: &quot;warning&quot;&#10;    schema: {&quot;loadingURI&quot;:&quot;#&quot;,&quot;pointer&quot;:&quot;/items/properties/cpf&quot;}&#10;    domain: &quot;syntax&quot;&#10;    ignored: [&quot;examples&quot;]&#10;warning: the following keywords are unknown and will be ignored: [examples]&#10;    level: &quot;warning&quot;&#10;    schema: {&quot;loadingURI&quot;:&quot;#&quot;,&quot;pointer&quot;:&quot;/items/properties/email&quot;}&#10;    domain: &quot;syntax&quot;&#10;    ignored: [&quot;examples&quot;]&#10;warning: the following keywords are unknown and will be ignored: [examples]&#10;    level: &quot;warning&quot;&#10;    schema: {&quot;loadingURI&quot;:&quot;#&quot;,&quot;pointer&quot;:&quot;/items/properties/id&quot;}&#10;    domain: &quot;syntax&quot;&#10;    ignored: [&quot;examples&quot;]&#10;warning: the following keywords are unknown and will be ignored: [examples]&#10;    level: &quot;warning&quot;&#10;    schema: {&quot;loadingURI&quot;:&quot;#&quot;,&quot;pointer&quot;:&quot;/items/properties/nome&quot;}&#10;    domain: &quot;syntax&quot;&#10;    ignored: [&quot;examples&quot;]&#10;warning: the following keywords are unknown and will be ignored: [examples]&#10;    level: &quot;warning&quot;&#10;    schema: {&quot;loadingURI&quot;:&quot;#&quot;,&quot;pointer&quot;:&quot;/items/properties/parcelas&quot;}&#10;    domain: &quot;syntax&quot;&#10;    ignored: [&quot;examples&quot;]&#10;warning: the following keywords are unknown and will be ignored: [examples]&#10;    level: &quot;warning&quot;&#10;    schema: {&quot;loadingURI&quot;:&quot;#&quot;,&quot;pointer&quot;:&quot;/items/properties/seguro&quot;}&#10;    domain: &quot;syntax&quot;&#10;    ignored: [&quot;examples&quot;]&#10;warning: the following keywords are unknown and will be ignored: [examples]&#10;    level: &quot;warning&quot;&#10;    schema: {&quot;loadingURI&quot;:&quot;#&quot;,&quot;pointer&quot;:&quot;/items/properties/valor&quot;}&#10;    domain: &quot;syntax&quot;&#10;    ignored: [&quot;examples&quot;]&#10;warning: the following keywords are unknown and will be ignored: [examples]&#10;    level: &quot;warning&quot;&#10;    schema: {&quot;loadingURI&quot;:&quot;#&quot;,&quot;pointer&quot;:&quot;/items&quot;}&#10;    domain: &quot;syntax&quot;&#10;    ignored: [&quot;examples&quot;]&#10;warning: the following keywords are unknown and will be ignored: [examples]&#10;    level: &quot;warning&quot;&#10;    schema: {&quot;loadingURI&quot;:&quot;#&quot;,&quot;pointer&quot;:&quot;/items/properties/cpf&quot;}&#10;    domain: &quot;syntax&quot;&#10;    ignored: [&quot;examples&quot;]&#10;warning: the following keywords are unknown and will be ignored: [examples]&#10;    level: &quot;warning&quot;&#10;    schema: {&quot;loadingURI&quot;:&quot;#&quot;,&quot;pointer&quot;:&quot;/items/properties/email&quot;}&#10;    domain: &quot;syntax&quot;&#10;    ignored: [&quot;examples&quot;]&#10;warning: the following keywords are unknown and will be ignored: [examples]&#10;    level: &quot;warning&quot;&#10;    schema: {&quot;loadingURI&quot;:&quot;#&quot;,&quot;pointer&quot;:&quot;/items/properties/id&quot;}&#10;    domain: &quot;syntax&quot;&#10;    ignored: [&quot;examples&quot;]&#10;warning: the following keywords are unknown and will be ignored: [examples]&#10;    level: &quot;warning&quot;&#10;    schema: {&quot;loadingURI&quot;:&quot;#&quot;,&quot;pointer&quot;:&quot;/items/properties/nome&quot;}&#10;    domain: &quot;syntax&quot;&#10;    ignored: [&quot;examples&quot;]&#10;warning: the following keywords are unknown and will be ignored: [examples]&#10;    level: &quot;warning&quot;&#10;    schema: {&quot;loadingURI&quot;:&quot;#&quot;,&quot;pointer&quot;:&quot;/items/properties/parcelas&quot;}&#10;    domain: &quot;syntax&quot;&#10;    ignored: [&quot;examples&quot;]&#10;warning: the following keywords are unknown and will be ignored: [examples]&#10;    level: &quot;warning&quot;&#10;    schema: {&quot;loadingURI&quot;:&quot;#&quot;,&quot;pointer&quot;:&quot;/items/properties/seguro&quot;}&#10;    domain: &quot;syntax&quot;&#10;    ignored: [&quot;examples&quot;]&#10;warning: the following keywords are unknown and will be ignored: [examples]&#10;    level: &quot;warning&quot;&#10;    schema: {&quot;loadingURI&quot;:&quot;#&quot;,&quot;pointer&quot;:&quot;/items/properties/valor&quot;}&#10;    domain: &quot;syntax&quot;&#10;    ignored: [&quot;examples&quot;]&#10;warning: the following keywords are unknown and will be ignored: [examples]&#10;    level: &quot;warning&quot;&#10;    schema: {&quot;loadingURI&quot;:&quot;#&quot;,&quot;pointer&quot;:&quot;/items&quot;}&#10;    domain: &quot;syntax&quot;&#10;    ignored: [&quot;examples&quot;]&#10;warning: the following keywords are unknown and will be ignored: [examples]&#10;    level: &quot;warning&quot;&#10;    schema: {&quot;loadingURI&quot;:&quot;#&quot;,&quot;pointer&quot;:&quot;/items/properties/cpf&quot;}&#10;    domain: &quot;syntax&quot;&#10;    ignored: [&quot;examples&quot;]&#10;warning: the following keywords are unknown and will be ignored: [examples]&#10;    level: &quot;warning&quot;&#10;    schema: {&quot;loadingURI&quot;:&quot;#&quot;,&quot;pointer&quot;:&quot;/items/properties/email&quot;}&#10;    domain: &quot;syntax&quot;&#10;    ignored: [&quot;examples&quot;]&#10;warning: the following keywords are unknown and will be ignored: [examples]&#10;    level: &quot;warning&quot;&#10;    schema: {&quot;loadingURI&quot;:&quot;#&quot;,&quot;pointer&quot;:&quot;/items/properties/id&quot;}&#10;    domain: &quot;syntax&quot;&#10;    ignored: [&quot;examples&quot;]&#10;warning: the following keywords are unknown and will be ignored: [examples]&#10;    level: &quot;warning&quot;&#10;    schema: {&quot;loadingURI&quot;:&quot;#&quot;,&quot;pointer&quot;:&quot;/items/properties/nome&quot;}&#10;    domain: &quot;syntax&quot;&#10;    ignored: [&quot;examples&quot;]&#10;warning: the following keywords are unknown and will be ignored: [examples]&#10;    level: &quot;warning&quot;&#10;    schema: {&quot;loadingURI&quot;:&quot;#&quot;,&quot;pointer&quot;:&quot;/items/properties/parcelas&quot;}&#10;    domain: &quot;syntax&quot;&#10;    ignored: [&quot;examples&quot;]&#10;warning: the following keywords are unknown and will be ignored: [examples]&#10;    level: &quot;warning&quot;&#10;    schema: {&quot;loadingURI&quot;:&quot;#&quot;,&quot;pointer&quot;:&quot;/items/properties/seguro&quot;}&#10;    domain: &quot;syntax&quot;&#10;    ignored: [&quot;examples&quot;]&#10;warning: the following keywords are unknown and will be ignored: [examples]&#10;    level: &quot;warning&quot;&#10;    schema: {&quot;loadingURI&quot;:&quot;#&quot;,&quot;pointer&quot;:&quot;/items/properties/valor&quot;}&#10;    domain: &quot;syntax&quot;&#10;    ignored: [&quot;examples&quot;]&#10;warning: the following keywords are unknown and will be ignored: [examples]&#10;    level: &quot;warning&quot;&#10;    schema: {&quot;loadingURI&quot;:&quot;#&quot;,&quot;pointer&quot;:&quot;/items&quot;}&#10;    domain: &quot;syntax&quot;&#10;    ignored: [&quot;examples&quot;]&#10;warning: the following keywords are unknown and will be ignored: [examples]&#10;    level: &quot;warning&quot;&#10;    schema: {&quot;loadingURI&quot;:&quot;#&quot;,&quot;pointer&quot;:&quot;/items/properties/cpf&quot;}&#10;    domain: &quot;syntax&quot;&#10;    ignored: [&quot;examples&quot;]&#10;warning: the following keywords are unknown and will be ignored: [examples]&#10;    level: &quot;warning&quot;&#10;    schema: {&quot;loadingURI&quot;:&quot;#&quot;,&quot;pointer&quot;:&quot;/items/properties/email&quot;}&#10;    domain: &quot;syntax&quot;&#10;    ignored: [&quot;examples&quot;]&#10;warning: the following keywords are unknown and will be ignored: [examples]&#10;    level: &quot;warning&quot;&#10;    schema: {&quot;loadingURI&quot;:&quot;#&quot;,&quot;pointer&quot;:&quot;/items/properties/id&quot;}&#10;    domain: &quot;syntax&quot;&#10;    ignored: [&quot;examples&quot;]&#10;warning: the following keywords are unknown and will be ignored: [examples]&#10;    level: &quot;warning&quot;&#10;    schema: {&quot;loadingURI&quot;:&quot;#&quot;,&quot;pointer&quot;:&quot;/items/properties/nome&quot;}&#10;    domain: &quot;syntax&quot;&#10;    ignored: [&quot;examples&quot;]&#10;warning: the following keywords are unknown and will be ignored: [examples]&#10;    level: &quot;warning&quot;&#10;    schema: {&quot;loadingURI&quot;:&quot;#&quot;,&quot;pointer&quot;:&quot;/items/properties/parcelas&quot;}&#10;    domain: &quot;syntax&quot;&#10;    ignored: [&quot;examples&quot;]&#10;warning: the following keywords are unknown and will be ignored: [examples]&#10;    level: &quot;warning&quot;&#10;    schema: {&quot;loadingURI&quot;:&quot;#&quot;,&quot;pointer&quot;:&quot;/items/properties/seguro&quot;}&#10;    domain: &quot;syntax&quot;&#10;    ignored: [&quot;examples&quot;]&#10;warning: the following keywords are unknown and will be ignored: [examples]&#10;    level: &quot;warning&quot;&#10;    schema: {&quot;loadingURI&quot;:&quot;#&quot;,&quot;pointer&quot;:&quot;/items/properties/valor&quot;}&#10;    domain: &quot;syntax&quot;&#10;    ignored: [&quot;examples&quot;]&#10;warning: the following keywords are unknown and will be ignored: [examples]&#10;    level: &quot;warning&quot;&#10;    schema: {&quot;loadingURI&quot;:&quot;#&quot;,&quot;pointer&quot;:&quot;/items&quot;}&#10;    domain: &quot;syntax&quot;&#10;    ignored: [&quot;examples&quot;]&#10;warning: the following keywords are unknown and will be ignored: [examples]&#10;    level: &quot;warning&quot;&#10;    schema: {&quot;loadingURI&quot;:&quot;#&quot;,&quot;pointer&quot;:&quot;/items/properties/cpf&quot;}&#10;    domain: &quot;syntax&quot;&#10;    ignored: [&quot;examples&quot;]&#10;warning: the following keywords are unknown and will be ignored: [examples]&#10;    level: &quot;warning&quot;&#10;    schema: {&quot;loadingURI&quot;:&quot;#&quot;,&quot;pointer&quot;:&quot;/items/properties/email&quot;}&#10;    domain: &quot;syntax&quot;&#10;    ignored: [&quot;examples&quot;]&#10;warning: the following keywords are unknown and will be ignored: [examples]&#10;    level: &quot;warning&quot;&#10;    schema: {&quot;loadingURI&quot;:&quot;#&quot;,&quot;pointer&quot;:&quot;/items/properties/id&quot;}&#10;    domain: &quot;syntax&quot;&#10;    ignored: [&quot;examples&quot;]&#10;warning: the following keywords are unknown and will be ignored: [examples]&#10;    level: &quot;warning&quot;&#10;    schema: {&quot;loadingURI&quot;:&quot;#&quot;,&quot;pointer&quot;:&quot;/items/properties/nome&quot;}&#10;    domain: &quot;syntax&quot;&#10;    ignored: [&quot;examples&quot;]&#10;warning: the following keywords are unknown and will be ignored: [examples]&#10;    level: &quot;warning&quot;&#10;    schema: {&quot;loadingURI&quot;:&quot;#&quot;,&quot;pointer&quot;:&quot;/items/properties/parcelas&quot;}&#10;    domain: &quot;syntax&quot;&#10;    ignored: [&quot;examples&quot;]&#10;warning: the following keywords are unknown and will be ignored: [examples]&#10;    level: &quot;warning&quot;&#10;    schema: {&quot;loadingURI&quot;:&quot;#&quot;,&quot;pointer&quot;:&quot;/items/properties/seguro&quot;}&#10;    domain: &quot;syntax&quot;&#10;    ignored: [&quot;examples&quot;]&#10;warning: the following keywords are unknown and will be ignored: [examples]&#10;    level: &quot;warning&quot;&#10;    schema: {&quot;loadingURI&quot;:&quot;#&quot;,&quot;pointer&quot;:&quot;/items/properties/valor&quot;}&#10;    domain: &quot;syntax&quot;&#10;    ignored: [&quot;examples&quot;]&#10;warning: the following keywords are unknown and will be ignored: [examples]&#10;    level: &quot;warning&quot;&#10;    schema: {&quot;loadingURI&quot;:&quot;#&quot;,&quot;pointer&quot;:&quot;/items&quot;}&#10;    domain: &quot;syntax&quot;&#10;    ignored: [&quot;examples&quot;]&#10;warning: the following keywords are unknown and will be ignored: [examples]&#10;    level: &quot;warning&quot;&#10;    schema: {&quot;loadingURI&quot;:&quot;#&quot;,&quot;pointer&quot;:&quot;/items/properties/cpf&quot;}&#10;    domain: &quot;syntax&quot;&#10;    ignored: [&quot;examples&quot;]&#10;warning: the following keywords are unknown and will be ignored: [examples]&#10;    level: &quot;warning&quot;&#10;    schema: {&quot;loadingURI&quot;:&quot;#&quot;,&quot;pointer&quot;:&quot;/items/properties/email&quot;}&#10;    domain: &quot;syntax&quot;&#10;    ignored: [&quot;examples&quot;]&#10;warning: the following keywords are unknown and will be ignored: [examples]&#10;    level: &quot;warning&quot;&#10;    schema: {&quot;loadingURI&quot;:&quot;#&quot;,&quot;pointer&quot;:&quot;/items/properties/id&quot;}&#10;    domain: &quot;syntax&quot;&#10;    ignored: [&quot;examples&quot;]&#10;warning: the following keywords are unknown and will be ignored: [examples]&#10;    level: &quot;warning&quot;&#10;    schema: {&quot;loadingURI&quot;:&quot;#&quot;,&quot;pointer&quot;:&quot;/items/properties/nome&quot;}&#10;    domain: &quot;syntax&quot;&#10;    ignored: [&quot;examples&quot;]&#10;warning: the following keywords are unknown and will be ignored: [examples]&#10;    level: &quot;warning&quot;&#10;    schema: {&quot;loadingURI&quot;:&quot;#&quot;,&quot;pointer&quot;:&quot;/items/properties/parcelas&quot;}&#10;    domain: &quot;syntax&quot;&#10;    ignored: [&quot;examples&quot;]&#10;warning: the following keywords are unknown and will be ignored: [examples]&#10;    level: &quot;warning&quot;&#10;    schema: {&quot;loadingURI&quot;:&quot;#&quot;,&quot;pointer&quot;:&quot;/items/properties/seguro&quot;}&#10;    domain: &quot;syntax&quot;&#10;    ignored: [&quot;examples&quot;]&#10;warning: the following keywords are unknown and will be ignored: [examples]&#10;    level: &quot;warning&quot;&#10;    schema: {&quot;loadingURI&quot;:&quot;#&quot;,&quot;pointer&quot;:&quot;/items/properties/valor&quot;}&#10;    domain: &quot;syntax&quot;&#10;    ignored: [&quot;examples&quot;]&#10;warning: the following keywords are unknown and will be ignored: [examples]&#10;    level: &quot;warning&quot;&#10;    schema: {&quot;loadingURI&quot;:&quot;#&quot;,&quot;pointer&quot;:&quot;/items&quot;}&#10;    domain: &quot;syntax&quot;&#10;    ignored: [&quot;examples&quot;]&#10;warning: the following keywords are unknown and will be ignored: [examples]&#10;    level: &quot;warning&quot;&#10;    schema: {&quot;loadingURI&quot;:&quot;#&quot;,&quot;pointer&quot;:&quot;/items/properties/cpf&quot;}&#10;    domain: &quot;syntax&quot;&#10;    ignored: [&quot;examples&quot;]&#10;warning: the following keywords are unknown and will be ignored: [examples]&#10;    level: &quot;warning&quot;&#10;    schema: {&quot;loadingURI&quot;:&quot;#&quot;,&quot;pointer&quot;:&quot;/items/properties/email&quot;}&#10;    domain: &quot;syntax&quot;&#10;    ignored: [&quot;examples&quot;]&#10;warning: the following keywords are unknown and will be ignored: [examples]&#10;    level: &quot;warning&quot;&#10;    schema: {&quot;loadingURI&quot;:&quot;#&quot;,&quot;pointer&quot;:&quot;/items/properties/id&quot;}&#10;    domain: &quot;syntax&quot;&#10;    ignored: [&quot;examples&quot;]&#10;warning: the following keywords are unknown and will be ignored: [examples]&#10;    level: &quot;warning&quot;&#10;    schema: {&quot;loadingURI&quot;:&quot;#&quot;,&quot;pointer&quot;:&quot;/items/properties/nome&quot;}&#10;    domain: &quot;syntax&quot;&#10;    ignored: [&quot;examples&quot;]&#10;warning: the following keywords are unknown and will be ignored: [examples]&#10;    level: &quot;warning&quot;&#10;    schema: {&quot;loadingURI&quot;:&quot;#&quot;,&quot;pointer&quot;:&quot;/items/properties/parcelas&quot;}&#10;    domain: &quot;syntax&quot;&#10;    ignored: [&quot;examples&quot;]&#10;warning: the following keywords are unknown and will be ignored: [examples]&#10;    level: &quot;warning&quot;&#10;    schema: {&quot;loadingURI&quot;:&quot;#&quot;,&quot;pointer&quot;:&quot;/items/properties/seguro&quot;}&#10;    domain: &quot;syntax&quot;&#10;    ignored: [&quot;examples&quot;]&#10;warning: the following keywords are unknown and will be ignored: [examples]&#10;    level: &quot;warning&quot;&#10;    schema: {&quot;loadingURI&quot;:&quot;#&quot;,&quot;pointer&quot;:&quot;/items/properties/valor&quot;}&#10;    domain: &quot;syntax&quot;&#10;    ignored: [&quot;examples&quot;]&#10;warning: the following keywords are unknown and will be ignored: [examples]&#10;    level: &quot;warning&quot;&#10;    schema: {&quot;loadingURI&quot;:&quot;#&quot;,&quot;pointer&quot;:&quot;/items&quot;}&#10;    domain: &quot;syntax&quot;&#10;    ignored: [&quot;examples&quot;]&#10;warning: the following keywords are unknown and will be ignored: [examples]&#10;    level: &quot;warning&quot;&#10;    schema: {&quot;loadingURI&quot;:&quot;#&quot;,&quot;pointer&quot;:&quot;/items/properties/cpf&quot;}&#10;    domain: &quot;syntax&quot;&#10;    ignored: [&quot;examples&quot;]&#10;warning: the following keywords are unknown and will be ignored: [examples]&#10;    level: &quot;warning&quot;&#10;    schema: {&quot;loadingURI&quot;:&quot;#&quot;,&quot;pointer&quot;:&quot;/items/properties/email&quot;}&#10;    domain: &quot;syntax&quot;&#10;    ignored: [&quot;examples&quot;]&#10;warning: the following keywords are unknown and will be ignored: [examples]&#10;    level: &quot;warning&quot;&#10;    schema: {&quot;loadingURI&quot;:&quot;#&quot;,&quot;pointer&quot;:&quot;/items/properties/id&quot;}&#10;    domain: &quot;syntax&quot;&#10;    ignored: [&quot;examples&quot;]&#10;warning: the following keywords are unknown and will be ignored: [examples]&#10;    level: &quot;warning&quot;&#10;    schema: {&quot;loadingURI&quot;:&quot;#&quot;,&quot;pointer&quot;:&quot;/items/properties/nome&quot;}&#10;    domain: &quot;syntax&quot;&#10;    ignored: [&quot;examples&quot;]&#10;warning: the following keywords are unknown and will be ignored: [examples]&#10;    level: &quot;warning&quot;&#10;    schema: {&quot;loadingURI&quot;:&quot;#&quot;,&quot;pointer&quot;:&quot;/items/properties/parcelas&quot;}&#10;    domain: &quot;syntax&quot;&#10;    ignored: [&quot;examples&quot;]&#10;warning: the following keywords are unknown and will be ignored: [examples]&#10;    level: &quot;warning&quot;&#10;    schema: {&quot;loadingURI&quot;:&quot;#&quot;,&quot;pointer&quot;:&quot;/items/properties/seguro&quot;}&#10;    domain: &quot;syntax&quot;&#10;    ignored: [&quot;examples&quot;]&#10;warning: the following keywords are unknown and will be ignored: [examples]&#10;    level: &quot;warning&quot;&#10;    schema: {&quot;loadingURI&quot;:&quot;#&quot;,&quot;pointer&quot;:&quot;/items/properties/valor&quot;}&#10;    domain: &quot;syntax&quot;&#10;    ignored: [&quot;examples&quot;]&#10;warning: the following keywords are unknown and will be ignored: [examples]&#10;    level: &quot;warning&quot;&#10;    schema: {&quot;loadingURI&quot;:&quot;#&quot;,&quot;pointer&quot;:&quot;/items&quot;}&#10;    domain: &quot;syntax&quot;&#10;    ignored: [&quot;examples&quot;]&#10;warning: the following keywords are unknown and will be ignored: [examples]&#10;    level: &quot;warning&quot;&#10;    schema: {&quot;loadingURI&quot;:&quot;#&quot;,&quot;pointer&quot;:&quot;/items/properties/cpf&quot;}&#10;    domain: &quot;syntax&quot;&#10;    ignored: [&quot;examples&quot;]&#10;warning: the following keywords are unknown and will be ignored: [examples]&#10;    level: &quot;warning&quot;&#10;    schema: {&quot;loadingURI&quot;:&quot;#&quot;,&quot;pointer&quot;:&quot;/items/properties/email&quot;}&#10;    domain: &quot;syntax&quot;&#10;    ignored: [&quot;examples&quot;]&#10;warning: the following keywords are unknown and will be ignored: [examples]&#10;    level: &quot;warning&quot;&#10;    schema: {&quot;loadingURI&quot;:&quot;#&quot;,&quot;pointer&quot;:&quot;/items/properties/id&quot;}&#10;    domain: &quot;syntax&quot;&#10;    ignored: [&quot;examples&quot;]&#10;warning: the following keywords are unknown and will be ignored: [examples]&#10;    level: &quot;warning&quot;&#10;    schema: {&quot;loadingURI&quot;:&quot;#&quot;,&quot;pointer&quot;:&quot;/items/properties/nome&quot;}&#10;    domain: &quot;syntax&quot;&#10;    ignored: [&quot;examples&quot;]&#10;warning: the following keywords are unknown and will be ignored: [examples]&#10;    level: &quot;warning&quot;&#10;    schema: {&quot;loadingURI&quot;:&quot;#&quot;,&quot;pointer&quot;:&quot;/items/properties/parcelas&quot;}&#10;    domain: &quot;syntax&quot;&#10;    ignored: [&quot;examples&quot;]&#10;warning: the following keywords are unknown and will be ignored: [examples]&#10;    level: &quot;warning&quot;&#10;    schema: {&quot;loadingURI&quot;:&quot;#&quot;,&quot;pointer&quot;:&quot;/items/properties/seguro&quot;}&#10;    domain: &quot;syntax&quot;&#10;    ignored: [&quot;examples&quot;]&#10;warning: the following keywords are unknown and will be ignored: [examples]&#10;    level: &quot;warning&quot;&#10;    schema: {&quot;loadingURI&quot;:&quot;#&quot;,&quot;pointer&quot;:&quot;/items/properties/valor&quot;}&#10;    domain: &quot;syntax&quot;&#10;    ignored: [&quot;examples&quot;]&#10;warning: the following keywords are unknown and will be ignored: [examples]&#10;    level: &quot;warning&quot;&#10;    schema: {&quot;loadingURI&quot;:&quot;#&quot;,&quot;pointer&quot;:&quot;/items&quot;}&#10;    domain: &quot;syntax&quot;&#10;    ignored: [&quot;examples&quot;]&#10;warning: the following keywords are unknown and will be ignored: [examples]&#10;    level: &quot;warning&quot;&#10;    schema: {&quot;loadingURI&quot;:&quot;#&quot;,&quot;pointer&quot;:&quot;/items/properties/cpf&quot;}&#10;    domain: &quot;syntax&quot;&#10;    ignored: [&quot;examples&quot;]&#10;warning: the following keywords are unknown and will be ignored: [examples]&#10;    level: &quot;warning&quot;&#10;    schema: {&quot;loadingURI&quot;:&quot;#&quot;,&quot;pointer&quot;:&quot;/items/properties/email&quot;}&#10;    domain: &quot;syntax&quot;&#10;    ignored: [&quot;examples&quot;]&#10;warning: the following keywords are unknown and will be ignored: [examples]&#10;    level: &quot;warning&quot;&#10;    schema: {&quot;loadingURI&quot;:&quot;#&quot;,&quot;pointer&quot;:&quot;/items/properties/id&quot;}&#10;    domain: &quot;syntax&quot;&#10;    ignored: [&quot;examples&quot;]&#10;warning: the following keywords are unknown and will be ignored: [examples]&#10;    level: &quot;warning&quot;&#10;    schema: {&quot;loadingURI&quot;:&quot;#&quot;,&quot;pointer&quot;:&quot;/items/properties/nome&quot;}&#10;    domain: &quot;syntax&quot;&#10;    ignored: [&quot;examples&quot;]&#10;warning: the following keywords are unknown and will be ignored: [examples]&#10;    level: &quot;warning&quot;&#10;    schema: {&quot;loadingURI&quot;:&quot;#&quot;,&quot;pointer&quot;:&quot;/items/properties/parcelas&quot;}&#10;    domain: &quot;syntax&quot;&#10;    ignored: [&quot;examples&quot;]&#10;warning: the following keywords are unknown and will be ignored: [examples]&#10;    level: &quot;warning&quot;&#10;    schema: {&quot;loadingURI&quot;:&quot;#&quot;,&quot;pointer&quot;:&quot;/items/properties/seguro&quot;}&#10;    domain: &quot;syntax&quot;&#10;    ignored: [&quot;examples&quot;]&#10;warning: the following keywords are unknown and will be ignored: [examples]&#10;    level: &quot;warning&quot;&#10;    schema: {&quot;loadingURI&quot;:&quot;#&quot;,&quot;pointer&quot;:&quot;/items/properties/valor&quot;}&#10;    domain: &quot;syntax&quot;&#10;    ignored: [&quot;examples&quot;]&#10;warning: the following keywords are unknown and will be ignored: [examples]&#10;    level: &quot;warning&quot;&#10;    schema: {&quot;loadingURI&quot;:&quot;#&quot;,&quot;pointer&quot;:&quot;/items&quot;}&#10;    domain: &quot;syntax&quot;&#10;    ignored: [&quot;examples&quot;]&#10;warning: the following keywords are unknown and will be ignored: [examples]&#10;    level: &quot;warning&quot;&#10;    schema: {&quot;loadingURI&quot;:&quot;#&quot;,&quot;pointer&quot;:&quot;/items/properties/cpf&quot;}&#10;    domain: &quot;syntax&quot;&#10;    ignored: [&quot;examples&quot;]&#10;warning: the following keywords are unknown and will be ignored: [examples]&#10;    level: &quot;warning&quot;&#10;    schema: {&quot;loadingURI&quot;:&quot;#&quot;,&quot;pointer&quot;:&quot;/items/properties/email&quot;}&#10;    domain: &quot;syntax&quot;&#10;    ignored: [&quot;examples&quot;]&#10;warning: the following keywords are unknown and will be ignored: [examples]&#10;    level: &quot;warning&quot;&#10;    schema: {&quot;loadingURI&quot;:&quot;#&quot;,&quot;pointer&quot;:&quot;/items/properties/id&quot;}&#10;    domain: &quot;syntax&quot;&#10;    ignored: [&quot;examples&quot;]&#10;warning: the following keywords are unknown and will be ignored: [examples]&#10;    level: &quot;warning&quot;&#10;    schema: {&quot;loadingURI&quot;:&quot;#&quot;,&quot;pointer&quot;:&quot;/items/properties/nome&quot;}&#10;    domain: &quot;syntax&quot;&#10;    ignored: [&quot;examples&quot;]&#10;warning: the following keywords are unknown and will be ignored: [examples]&#10;    level: &quot;warning&quot;&#10;    schema: {&quot;loadingURI&quot;:&quot;#&quot;,&quot;pointer&quot;:&quot;/items/properties/parcelas&quot;}&#10;    domain: &quot;syntax&quot;&#10;    ignored: [&quot;examples&quot;]&#10;warning: the following keywords are unknown and will be ignored: [examples]&#10;    level: &quot;warning&quot;&#10;    schema: {&quot;loadingURI&quot;:&quot;#&quot;,&quot;pointer&quot;:&quot;/items/properties/seguro&quot;}&#10;    domain: &quot;syntax&quot;&#10;    ignored: [&quot;examples&quot;]&#10;warning: the following keywords are unknown and will be ignored: [examples]&#10;    level: &quot;warning&quot;&#10;    schema: {&quot;loadingURI&quot;:&quot;#&quot;,&quot;pointer&quot;:&quot;/items/properties/valor&quot;}&#10;    domain: &quot;syntax&quot;&#10;    ignored: [&quot;examples&quot;]&#10;warning: the following keywords are unknown and will be ignored: [examples]&#10;    level: &quot;warning&quot;&#10;    schema: {&quot;loadingURI&quot;:&quot;#&quot;,&quot;pointer&quot;:&quot;/items&quot;}&#10;    domain: &quot;syntax&quot;&#10;    ignored: [&quot;examples&quot;]&#10;warning: the following keywords are unknown and will be ignored: [examples]&#10;    level: &quot;warning&quot;&#10;    schema: {&quot;loadingURI&quot;:&quot;#&quot;,&quot;pointer&quot;:&quot;/items/properties/cpf&quot;}&#10;    domain: &quot;syntax&quot;&#10;    ignored: [&quot;examples&quot;]&#10;warning: the following keywords are unknown and will be ignored: [examples]&#10;    level: &quot;warning&quot;&#10;    schema: {&quot;loadingURI&quot;:&quot;#&quot;,&quot;pointer&quot;:&quot;/items/properties/email&quot;}&#10;    domain: &quot;syntax&quot;&#10;    ignored: [&quot;examples&quot;]&#10;warning: the following keywords are unknown and will be ignored: [examples]&#10;    level: &quot;warning&quot;&#10;    schema: {&quot;loadingURI&quot;:&quot;#&quot;,&quot;pointer&quot;:&quot;/items/properties/id&quot;}&#10;    domain: &quot;syntax&quot;&#10;    ignored: [&quot;examples&quot;]&#10;warning: the following keywords are unknown and will be ignored: [examples]&#10;    level: &quot;warning&quot;&#10;    schema: {&quot;loadingURI&quot;:&quot;#&quot;,&quot;pointer&quot;:&quot;/items/properties/nome&quot;}&#10;    domain: &quot;syntax&quot;&#10;    ignored: [&quot;examples&quot;]&#10;warning: the following keywords are unknown and will be ignored: [examples]&#10;    level: &quot;warning&quot;&#10;    schema: {&quot;loadingURI&quot;:&quot;#&quot;,&quot;pointer&quot;:&quot;/items/properties/parcelas&quot;}&#10;    domain: &quot;syntax&quot;&#10;    ignored: [&quot;examples&quot;]&#10;warning: the following keywords are unknown and will be ignored: [examples]&#10;    level: &quot;warning&quot;&#10;    schema: {&quot;loadingURI&quot;:&quot;#&quot;,&quot;pointer&quot;:&quot;/items/properties/seguro&quot;}&#10;    domain: &quot;syntax&quot;&#10;    ignored: [&quot;examples&quot;]&#10;warning: the following keywords are unknown and will be ignored: [examples]&#10;    level: &quot;warning&quot;&#10;    schema: {&quot;loadingURI&quot;:&quot;#&quot;,&quot;pointer&quot;:&quot;/items/properties/valor&quot;}&#10;    domain: &quot;syntax&quot;&#10;    ignored: [&quot;examples&quot;]&#10;warning: the following keywords are unknown and will be ignored: [examples]&#10;    level: &quot;warning&quot;&#10;    schema: {&quot;loadingURI&quot;:&quot;#&quot;,&quot;pointer&quot;:&quot;/items&quot;}&#10;    domain: &quot;syntax&quot;&#10;    ignored: [&quot;examples&quot;]&#10;warning: the following keywords are unknown and will be ignored: [examples]&#10;    level: &quot;warning&quot;&#10;    schema: {&quot;loadingURI&quot;:&quot;#&quot;,&quot;pointer&quot;:&quot;/items/properties/cpf&quot;}&#10;    domain: &quot;syntax&quot;&#10;    ignored: [&quot;examples&quot;]&#10;warning: the following keywords are unknown and will be ignored: [examples]&#10;    level: &quot;warning&quot;&#10;    schema: {&quot;loadingURI&quot;:&quot;#&quot;,&quot;pointer&quot;:&quot;/items/properties/email&quot;}&#10;    domain: &quot;syntax&quot;&#10;    ignored: [&quot;examples&quot;]&#10;warning: the following keywords are unknown and will be ignored: [examples]&#10;    level: &quot;warning&quot;&#10;    schema: {&quot;loadingURI&quot;:&quot;#&quot;,&quot;pointer&quot;:&quot;/items/properties/id&quot;}&#10;    domain: &quot;syntax&quot;&#10;    ignored: [&quot;examples&quot;]&#10;warning: the following keywords are unknown and will be ignored: [examples]&#10;    level: &quot;warning&quot;&#10;    schema: {&quot;loadingURI&quot;:&quot;#&quot;,&quot;pointer&quot;:&quot;/items/properties/nome&quot;}&#10;    domain: &quot;syntax&quot;&#10;    ignored: [&quot;examples&quot;]&#10;warning: the following keywords are unknown and will be ignored: [examples]&#10;    level: &quot;warning&quot;&#10;    schema: {&quot;loadingURI&quot;:&quot;#&quot;,&quot;pointer&quot;:&quot;/items/properties/parcelas&quot;}&#10;    domain: &quot;syntax&quot;&#10;    ignored: [&quot;examples&quot;]&#10;warning: the following keywords are unknown and will be ignored: [examples]&#10;    level: &quot;warning&quot;&#10;    schema: {&quot;loadingURI&quot;:&quot;#&quot;,&quot;pointer&quot;:&quot;/items/properties/seguro&quot;}&#10;    domain: &quot;syntax&quot;&#10;    ignored: [&quot;examples&quot;]&#10;warning: the following keywords are unknown and will be ignored: [examples]&#10;    level: &quot;warning&quot;&#10;    schema: {&quot;loadingURI&quot;:&quot;#&quot;,&quot;pointer&quot;:&quot;/items/properties/valor&quot;}&#10;    domain: &quot;syntax&quot;&#10;    ignored: [&quot;examples&quot;]&#10;warning: the following keywords are unknown and will be ignored: [examples]&#10;    level: &quot;warning&quot;&#10;    schema: {&quot;loadingURI&quot;:&quot;#&quot;,&quot;pointer&quot;:&quot;/items&quot;}&#10;    domain: &quot;syntax&quot;&#10;    ignored: [&quot;examples&quot;]&#10;warning: the following keywords are unknown and will be ignored: [examples]&#10;    level: &quot;warning&quot;&#10;    schema: {&quot;loadingURI&quot;:&quot;#&quot;,&quot;pointer&quot;:&quot;/items/properties/cpf&quot;}&#10;    domain: &quot;syntax&quot;&#10;    ignored: [&quot;examples&quot;]&#10;warning: the following keywords are unknown and will be ignored: [examples]&#10;    level: &quot;warning&quot;&#10;    schema: {&quot;loadingURI&quot;:&quot;#&quot;,&quot;pointer&quot;:&quot;/items/properties/email&quot;}&#10;    domain: &quot;syntax&quot;&#10;    ignored: [&quot;examples&quot;]&#10;warning: the following keywords are unknown and will be ignored: [examples]&#10;    level: &quot;warning&quot;&#10;    schema: {&quot;loadingURI&quot;:&quot;#&quot;,&quot;pointer&quot;:&quot;/items/properties/id&quot;}&#10;    domain: &quot;syntax&quot;&#10;    ignored: [&quot;examples&quot;]&#10;warning: the following keywords are unknown and will be ignored: [examples]&#10;    level: &quot;warning&quot;&#10;    schema: {&quot;loadingURI&quot;:&quot;#&quot;,&quot;pointer&quot;:&quot;/items/properties/nome&quot;}&#10;    domain: &quot;syntax&quot;&#10;    ignored: [&quot;examples&quot;]&#10;warning: the following keywords are unknown and will be ignored: [examples]&#10;    level: &quot;warning&quot;&#10;    schema: {&quot;loadingURI&quot;:&quot;#&quot;,&quot;pointer&quot;:&quot;/items/properties/parcelas&quot;}&#10;    domain: &quot;syntax&quot;&#10;    ignored: [&quot;examples&quot;]&#10;warning: the following keywords are unknown and will be ignored: [examples]&#10;    level: &quot;warning&quot;&#10;    schema: {&quot;loadingURI&quot;:&quot;#&quot;,&quot;pointer&quot;:&quot;/items/properties/seguro&quot;}&#10;    domain: &quot;syntax&quot;&#10;    ignored: [&quot;examples&quot;]&#10;warning: the following keywords are unknown and will be ignored: [examples]&#10;    level: &quot;warning&quot;&#10;    schema: {&quot;loadingURI&quot;:&quot;#&quot;,&quot;pointer&quot;:&quot;/items/properties/valor&quot;}&#10;    domain: &quot;syntax&quot;&#10;    ignored: [&quot;examples&quot;]&#10;warning: the following keywords are unknown and will be ignored: [examples]&#10;    level: &quot;warning&quot;&#10;    schema: {&quot;loadingURI&quot;:&quot;#&quot;,&quot;pointer&quot;:&quot;/items&quot;}&#10;    domain: &quot;syntax&quot;&#10;    ignored: [&quot;examples&quot;]&#10;warning: the following keywords are unknown and will be ignored: [examples]&#10;    level: &quot;warning&quot;&#10;    schema: {&quot;loadingURI&quot;:&quot;#&quot;,&quot;pointer&quot;:&quot;/items/properties/cpf&quot;}&#10;    domain: &quot;syntax&quot;&#10;    ignored: [&quot;examples&quot;]&#10;warning: the following keywords are unknown and will be ignored: [examples]&#10;    level: &quot;warning&quot;&#10;    schema: {&quot;loadingURI&quot;:&quot;#&quot;,&quot;pointer&quot;:&quot;/items/properties/email&quot;}&#10;    domain: &quot;syntax&quot;&#10;    ignored: [&quot;examples&quot;]&#10;warning: the following keywords are unknown and will be ignored: [examples]&#10;    level: &quot;warning&quot;&#10;    schema: {&quot;loadingURI&quot;:&quot;#&quot;,&quot;pointer&quot;:&quot;/items/properties/id&quot;}&#10;    domain: &quot;syntax&quot;&#10;    ignored: [&quot;examples&quot;]&#10;warning: the following keywords are unknown and will be ignored: [examples]&#10;    level: &quot;warning&quot;&#10;    schema: {&quot;loadingURI&quot;:&quot;#&quot;,&quot;pointer&quot;:&quot;/items/properties/nome&quot;}&#10;    domain: &quot;syntax&quot;&#10;    ignored: [&quot;examples&quot;]&#10;warning: the following keywords are unknown and will be ignored: [examples]&#10;    level: &quot;warning&quot;&#10;    schema: {&quot;loadingURI&quot;:&quot;#&quot;,&quot;pointer&quot;:&quot;/items/properties/parcelas&quot;}&#10;    domain: &quot;syntax&quot;&#10;    ignored: [&quot;examples&quot;]&#10;warning: the following keywords are unknown and will be ignored: [examples]&#10;    level: &quot;warning&quot;&#10;    schema: {&quot;loadingURI&quot;:&quot;#&quot;,&quot;pointer&quot;:&quot;/items/properties/seguro&quot;}&#10;    domain: &quot;syntax&quot;&#10;    ignored: [&quot;examples&quot;]&#10;warning: the following keywords are unknown and will be ignored: [examples]&#10;    level: &quot;warning&quot;&#10;    schema: {&quot;loadingURI&quot;:&quot;#&quot;,&quot;pointer&quot;:&quot;/items/properties/valor&quot;}&#10;    domain: &quot;syntax&quot;&#10;    ignored: [&quot;examples&quot;]&#10;warning: the following keywords are unknown and will be ignored: [examples]&#10;    level: &quot;warning&quot;&#10;    schema: {&quot;loadingURI&quot;:&quot;#&quot;,&quot;pointer&quot;:&quot;/items&quot;}&#10;    domain: &quot;syntax&quot;&#10;    ignored: [&quot;examples&quot;]&#10;warning: the following keywords are unknown and will be ignored: [examples]&#10;    level: &quot;warning&quot;&#10;    schema: {&quot;loadingURI&quot;:&quot;#&quot;,&quot;pointer&quot;:&quot;/items/properties/cpf&quot;}&#10;    domain: &quot;syntax&quot;&#10;    ignored: [&quot;examples&quot;]&#10;warning: the following keywords are unknown and will be ignored: [examples]&#10;    level: &quot;warning&quot;&#10;    schema: {&quot;loadingURI&quot;:&quot;#&quot;,&quot;pointer&quot;:&quot;/items/properties/email&quot;}&#10;    domain: &quot;syntax&quot;&#10;    ignored: [&quot;examples&quot;]&#10;warning: the following keywords are unknown and will be ignored: [examples]&#10;    level: &quot;warning&quot;&#10;    schema: {&quot;loadingURI&quot;:&quot;#&quot;,&quot;pointer&quot;:&quot;/items/properties/id&quot;}&#10;    domain: &quot;syntax&quot;&#10;    ignored: [&quot;examples&quot;]&#10;warning: the following keywords are unknown and will be ignored: [examples]&#10;    level: &quot;warning&quot;&#10;    schema: {&quot;loadingURI&quot;:&quot;#&quot;,&quot;pointer&quot;:&quot;/items/properties/nome&quot;}&#10;    domain: &quot;syntax&quot;&#10;    ignored: [&quot;examples&quot;]&#10;warning: the following keywords are unknown and will be ignored: [examples]&#10;    level: &quot;warning&quot;&#10;    schema: {&quot;loadingURI&quot;:&quot;#&quot;,&quot;pointer&quot;:&quot;/items/properties/parcelas&quot;}&#10;    domain: &quot;syntax&quot;&#10;    ignored: [&quot;examples&quot;]&#10;warning: the following keywords are unknown and will be ignored: [examples]&#10;    level: &quot;warning&quot;&#10;    schema: {&quot;loadingURI&quot;:&quot;#&quot;,&quot;pointer&quot;:&quot;/items/properties/seguro&quot;}&#10;    domain: &quot;syntax&quot;&#10;    ignored: [&quot;examples&quot;]&#10;warning: the following keywords are unknown and will be ignored: [examples]&#10;    level: &quot;warning&quot;&#10;    schema: {&quot;loadingURI&quot;:&quot;#&quot;,&quot;pointer&quot;:&quot;/items/properties/valor&quot;}&#10;    domain: &quot;syntax&quot;&#10;    ignored: [&quot;examples&quot;]&#10;warning: the following keywords are unknown and will be ignored: [examples]&#10;    level: &quot;warning&quot;&#10;    schema: {&quot;loadingURI&quot;:&quot;#&quot;,&quot;pointer&quot;:&quot;/items&quot;}&#10;    domain: &quot;syntax&quot;&#10;    ignored: [&quot;examples&quot;]&#10;warning: the following keywords are unknown and will be ignored: [examples]&#10;    level: &quot;warning&quot;&#10;    schema: {&quot;loadingURI&quot;:&quot;#&quot;,&quot;pointer&quot;:&quot;/items/properties/cpf&quot;}&#10;    domain: &quot;syntax&quot;&#10;    ignored: [&quot;examples&quot;]&#10;warning: the following keywords are unknown and will be ignored: [examples]&#10;    level: &quot;warning&quot;&#10;    schema: {&quot;loadingURI&quot;:&quot;#&quot;,&quot;pointer&quot;:&quot;/items/properties/email&quot;}&#10;    domain: &quot;syntax&quot;&#10;    ignored: [&quot;examples&quot;]&#10;warning: the following keywords are unknown and will be ignored: [examples]&#10;    level: &quot;warning&quot;&#10;    schema: {&quot;loadingURI&quot;:&quot;#&quot;,&quot;pointer&quot;:&quot;/items/properties/id&quot;}&#10;    domain: &quot;syntax&quot;&#10;    ignored: [&quot;examples&quot;]&#10;warning: the following keywords are unknown and will be ignored: [examples]&#10;    level: &quot;warning&quot;&#10;    schema: {&quot;loadingURI&quot;:&quot;#&quot;,&quot;pointer&quot;:&quot;/items/properties/nome&quot;}&#10;    domain: &quot;syntax&quot;&#10;    ignored: [&quot;examples&quot;]&#10;warning: the following keywords are unknown and will be ignored: [examples]&#10;    level: &quot;warning&quot;&#10;    schema: {&quot;loadingURI&quot;:&quot;#&quot;,&quot;pointer&quot;:&quot;/items/properties/parcelas&quot;}&#10;    domain: &quot;syntax&quot;&#10;    ignored: [&quot;examples&quot;]&#10;warning: the following keywords are unknown and will be ignored: [examples]&#10;    level: &quot;warning&quot;&#10;    schema: {&quot;loadingURI&quot;:&quot;#&quot;,&quot;pointer&quot;:&quot;/items/properties/seguro&quot;}&#10;    domain: &quot;syntax&quot;&#10;    ignored: [&quot;examples&quot;]&#10;warning: the following keywords are unknown and will be ignored: [examples]&#10;    level: &quot;warning&quot;&#10;    schema: {&quot;loadingURI&quot;:&quot;#&quot;,&quot;pointer&quot;:&quot;/items/properties/valor&quot;}&#10;    domain: &quot;syntax&quot;&#10;    ignored: [&quot;examples&quot;]&#10;warning: the following keywords are unknown and will be ignored: [examples]&#10;    level: &quot;warning&quot;&#10;    schema: {&quot;loadingURI&quot;:&quot;#&quot;,&quot;pointer&quot;:&quot;/items&quot;}&#10;    domain: &quot;syntax&quot;&#10;    ignored: [&quot;examples&quot;]&#10;warning: the following keywords are unknown and will be ignored: [examples]&#10;    level: &quot;warning&quot;&#10;    schema: {&quot;loadingURI&quot;:&quot;#&quot;,&quot;pointer&quot;:&quot;/items/properties/cpf&quot;}&#10;    domain: &quot;syntax&quot;&#10;    ignored: [&quot;examples&quot;]&#10;warning: the following keywords are unknown and will be ignored: [examples]&#10;    level: &quot;warning&quot;&#10;    schema: {&quot;loadingURI&quot;:&quot;#&quot;,&quot;pointer&quot;:&quot;/items/properties/email&quot;}&#10;    domain: &quot;syntax&quot;&#10;    ignored: [&quot;examples&quot;]&#10;warning: the following keywords are unknown and will be ignored: [examples]&#10;    level: &quot;warning&quot;&#10;    schema: {&quot;loadingURI&quot;:&quot;#&quot;,&quot;pointer&quot;:&quot;/items/properties/id&quot;}&#10;    domain: &quot;syntax&quot;&#10;    ignored: [&quot;examples&quot;]&#10;warning: the following keywords are unknown and will be ignored: [examples]&#10;    level: &quot;warning&quot;&#10;    schema: {&quot;loadingURI&quot;:&quot;#&quot;,&quot;pointer&quot;:&quot;/items/properties/nome&quot;}&#10;    domain: &quot;syntax&quot;&#10;    ignored: [&quot;examples&quot;]&#10;warning: the following keywords are unknown and will be ignored: [examples]&#10;    level: &quot;warning&quot;&#10;    schema: {&quot;loadingURI&quot;:&quot;#&quot;,&quot;pointer&quot;:&quot;/items/properties/parcelas&quot;}&#10;    domain: &quot;syntax&quot;&#10;    ignored: [&quot;examples&quot;]&#10;warning: the following keywords are unknown and will be ignored: [examples]&#10;    level: &quot;warning&quot;&#10;    schema: {&quot;loadingURI&quot;:&quot;#&quot;,&quot;pointer&quot;:&quot;/items/properties/seguro&quot;}&#10;    domain: &quot;syntax&quot;&#10;    ignored: [&quot;examples&quot;]&#10;warning: the following keywords are unknown and will be ignored: [examples]&#10;    level: &quot;warning&quot;&#10;    schema: {&quot;loadingURI&quot;:&quot;#&quot;,&quot;pointer&quot;:&quot;/items/properties/valor&quot;}&#10;    domain: &quot;syntax&quot;&#10;    ignored: [&quot;examples&quot;]&#10;warning: the following keywords are unknown and will be ignored: [examples]&#10;    level: &quot;warning&quot;&#10;    schema: {&quot;loadingURI&quot;:&quot;#&quot;,&quot;pointer&quot;:&quot;/items&quot;}&#10;    domain: &quot;syntax&quot;&#10;    ignored: [&quot;examples&quot;]&#10;warning: the following keywords are unknown and will be ignored: [examples]&#10;    level: &quot;warning&quot;&#10;    schema: {&quot;loadingURI&quot;:&quot;#&quot;,&quot;pointer&quot;:&quot;/items/properties/cpf&quot;}&#10;    domain: &quot;syntax&quot;&#10;    ignored: [&quot;examples&quot;]&#10;warning: the following keywords are unknown and will be ignored: [examples]&#10;    level: &quot;warning&quot;&#10;    schema: {&quot;loadingURI&quot;:&quot;#&quot;,&quot;pointer&quot;:&quot;/items/properties/email&quot;}&#10;    domain: &quot;syntax&quot;&#10;    ignored: [&quot;examples&quot;]&#10;warning: the following keywords are unknown and will be ignored: [examples]&#10;    level: &quot;warning&quot;&#10;    schema: {&quot;loadingURI&quot;:&quot;#&quot;,&quot;pointer&quot;:&quot;/items/properties/id&quot;}&#10;    domain: &quot;syntax&quot;&#10;    ignored: [&quot;examples&quot;]&#10;warning: the following keywords are unknown and will be ignored: [examples]&#10;    level: &quot;warning&quot;&#10;    schema: {&quot;loadingURI&quot;:&quot;#&quot;,&quot;pointer&quot;:&quot;/items/properties/nome&quot;}&#10;    domain: &quot;syntax&quot;&#10;    ignored: [&quot;examples&quot;]&#10;warning: the following keywords are unknown and will be ignored: [examples]&#10;    level: &quot;warning&quot;&#10;    schema: {&quot;loadingURI&quot;:&quot;#&quot;,&quot;pointer&quot;:&quot;/items/properties/parcelas&quot;}&#10;    domain: &quot;syntax&quot;&#10;    ignored: [&quot;examples&quot;]&#10;warning: the following keywords are unknown and will be ignored: [examples]&#10;    level: &quot;warning&quot;&#10;    schema: {&quot;loadingURI&quot;:&quot;#&quot;,&quot;pointer&quot;:&quot;/items/properties/seguro&quot;}&#10;    domain: &quot;syntax&quot;&#10;    ignored: [&quot;examples&quot;]&#10;warning: the following keywords are unknown and will be ignored: [examples]&#10;    level: &quot;warning&quot;&#10;    schema: {&quot;loadingURI&quot;:&quot;#&quot;,&quot;pointer&quot;:&quot;/items/properties/valor&quot;}&#10;    domain: &quot;syntax&quot;&#10;    ignored: [&quot;examples&quot;]&#10;warning: the following keywords are unknown and will be ignored: [examples]&#10;    level: &quot;warning&quot;&#10;    schema: {&quot;loadingURI&quot;:&quot;#&quot;,&quot;pointer&quot;:&quot;/items&quot;}&#10;    domain: &quot;syntax&quot;&#10;    ignored: [&quot;examples&quot;]&#10;warning: the following keywords are unknown and will be ignored: [examples]&#10;    level: &quot;warning&quot;&#10;    schema: {&quot;loadingURI&quot;:&quot;#&quot;,&quot;pointer&quot;:&quot;/items/properties/cpf&quot;}&#10;    domain: &quot;syntax&quot;&#10;    ignored: [&quot;examples&quot;]&#10;warning: the following keywords are unknown and will be ignored: [examples]&#10;    level: &quot;warning&quot;&#10;    schema: {&quot;loadingURI&quot;:&quot;#&quot;,&quot;pointer&quot;:&quot;/items/properties/email&quot;}&#10;    domain: &quot;syntax&quot;&#10;    ignored: [&quot;examples&quot;]&#10;warning: the following keywords are unknown and will be ignored: [examples]&#10;    level: &quot;warning&quot;&#10;    schema: {&quot;loadingURI&quot;:&quot;#&quot;,&quot;pointer&quot;:&quot;/items/properties/id&quot;}&#10;    domain: &quot;syntax&quot;&#10;    ignored: [&quot;examples&quot;]&#10;warning: the following keywords are unknown and will be ignored: [examples]&#10;    level: &quot;warning&quot;&#10;    schema: {&quot;loadingURI&quot;:&quot;#&quot;,&quot;pointer&quot;:&quot;/items/properties/nome&quot;}&#10;    domain: &quot;syntax&quot;&#10;    ignored: [&quot;examples&quot;]&#10;warning: the following keywords are unknown and will be ignored: [examples]&#10;    level: &quot;warning&quot;&#10;    schema: {&quot;loadingURI&quot;:&quot;#&quot;,&quot;pointer&quot;:&quot;/items/properties/parcelas&quot;}&#10;    domain: &quot;syntax&quot;&#10;    ignored: [&quot;examples&quot;]&#10;warning: the following keywords are unknown and will be ignored: [examples]&#10;    level: &quot;warning&quot;&#10;    schema: {&quot;loadingURI&quot;:&quot;#&quot;,&quot;pointer&quot;:&quot;/items/properties/seguro&quot;}&#10;    domain: &quot;syntax&quot;&#10;    ignored: [&quot;examples&quot;]&#10;warning: the following keywords are unknown and will be ignored: [examples]&#10;    level: &quot;warning&quot;&#10;    schema: {&quot;loadingURI&quot;:&quot;#&quot;,&quot;pointer&quot;:&quot;/items/properties/valor&quot;}&#10;    domain: &quot;syntax&quot;&#10;    ignored: [&quot;examples&quot;]&#10;warning: the following keywords are unknown and will be ignored: [examples]&#10;    level: &quot;warning&quot;&#10;    schema: {&quot;loadingURI&quot;:&quot;#&quot;,&quot;pointer&quot;:&quot;/items&quot;}&#10;    domain: &quot;syntax&quot;&#10;    ignored: [&quot;examples&quot;]&#10;warning: the following keywords are unknown and will be ignored: [examples]&#10;    level: &quot;warning&quot;&#10;    schema: {&quot;loadingURI&quot;:&quot;#&quot;,&quot;pointer&quot;:&quot;/items/properties/cpf&quot;}&#10;    domain: &quot;syntax&quot;&#10;    ignored: [&quot;examples&quot;]&#10;warning: the following keywords are unknown and will be ignored: [examples]&#10;    level: &quot;warning&quot;&#10;    schema: {&quot;loadingURI&quot;:&quot;#&quot;,&quot;pointer&quot;:&quot;/items/properties/email&quot;}&#10;    domain: &quot;syntax&quot;&#10;    ignored: [&quot;examples&quot;]&#10;warning: the following keywords are unknown and will be ignored: [examples]&#10;    level: &quot;warning&quot;&#10;    schema: {&quot;loadingURI&quot;:&quot;#&quot;,&quot;pointer&quot;:&quot;/items/properties/id&quot;}&#10;    domain: &quot;syntax&quot;&#10;    ignored: [&quot;examples&quot;]&#10;warning: the following keywords are unknown and will be ignored: [examples]&#10;    level: &quot;warning&quot;&#10;    schema: {&quot;loadingURI&quot;:&quot;#&quot;,&quot;pointer&quot;:&quot;/items/properties/nome&quot;}&#10;    domain: &quot;syntax&quot;&#10;    ignored: [&quot;examples&quot;]&#10;warning: the following keywords are unknown and will be ignored: [examples]&#10;    level: &quot;warning&quot;&#10;    schema: {&quot;loadingURI&quot;:&quot;#&quot;,&quot;pointer&quot;:&quot;/items/properties/parcelas&quot;}&#10;    domain: &quot;syntax&quot;&#10;    ignored: [&quot;examples&quot;]&#10;warning: the following keywords are unknown and will be ignored: [examples]&#10;    level: &quot;warning&quot;&#10;    schema: {&quot;loadingURI&quot;:&quot;#&quot;,&quot;pointer&quot;:&quot;/items/properties/seguro&quot;}&#10;    domain: &quot;syntax&quot;&#10;    ignored: [&quot;examples&quot;]&#10;warning: the following keywords are unknown and will be ignored: [examples]&#10;    level: &quot;warning&quot;&#10;    schema: {&quot;loadingURI&quot;:&quot;#&quot;,&quot;pointer&quot;:&quot;/items/properties/valor&quot;}&#10;    domain: &quot;syntax&quot;&#10;    ignored: [&quot;examples&quot;]&#10;warning: the following keywords are unknown and will be ignored: [examples]&#10;    level: &quot;warning&quot;&#10;    schema: {&quot;loadingURI&quot;:&quot;#&quot;,&quot;pointer&quot;:&quot;/items&quot;}&#10;    domain: &quot;syntax&quot;&#10;    ignored: [&quot;examples&quot;]&#10;warning: the following keywords are unknown and will be ignored: [examples]&#10;    level: &quot;warning&quot;&#10;    schema: {&quot;loadingURI&quot;:&quot;#&quot;,&quot;pointer&quot;:&quot;/items/properties/cpf&quot;}&#10;    domain: &quot;syntax&quot;&#10;    ignored: [&quot;examples&quot;]&#10;warning: the following keywords are unknown and will be ignored: [examples]&#10;    level: &quot;warning&quot;&#10;    schema: {&quot;loadingURI&quot;:&quot;#&quot;,&quot;pointer&quot;:&quot;/items/properties/email&quot;}&#10;    domain: &quot;syntax&quot;&#10;    ignored: [&quot;examples&quot;]&#10;warning: the following keywords are unknown and will be ignored: [examples]&#10;    level: &quot;warning&quot;&#10;    schema: {&quot;loadingURI&quot;:&quot;#&quot;,&quot;pointer&quot;:&quot;/items/properties/id&quot;}&#10;    domain: &quot;syntax&quot;&#10;    ignored: [&quot;examples&quot;]&#10;warning: the following keywords are unknown and will be ignored: [examples]&#10;    level: &quot;warning&quot;&#10;    schema: {&quot;loadingURI&quot;:&quot;#&quot;,&quot;pointer&quot;:&quot;/items/properties/nome&quot;}&#10;    domain: &quot;syntax&quot;&#10;    ignored: [&quot;examples&quot;]&#10;warning: the following keywords are unknown and will be ignored: [examples]&#10;    level: &quot;warning&quot;&#10;    schema: {&quot;loadingURI&quot;:&quot;#&quot;,&quot;pointer&quot;:&quot;/items/properties/parcelas&quot;}&#10;    domain: &quot;syntax&quot;&#10;    ignored: [&quot;examples&quot;]&#10;warning: the following keywords are unknown and will be ignored: [examples]&#10;    level: &quot;warning&quot;&#10;    schema: {&quot;loadingURI&quot;:&quot;#&quot;,&quot;pointer&quot;:&quot;/items/properties/seguro&quot;}&#10;    domain: &quot;syntax&quot;&#10;    ignored: [&quot;examples&quot;]&#10;warning: the following keywords are unknown and will be ignored: [examples]&#10;    level: &quot;warning&quot;&#10;    schema: {&quot;loadingURI&quot;:&quot;#&quot;,&quot;pointer&quot;:&quot;/items/properties/valor&quot;}&#10;    domain: &quot;syntax&quot;&#10;    ignored: [&quot;examples&quot;]&#10;warning: the following keywords are unknown and will be ignored: [examples]&#10;    level: &quot;warning&quot;&#10;    schema: {&quot;loadingURI&quot;:&quot;#&quot;,&quot;pointer&quot;:&quot;/items&quot;}&#10;    domain: &quot;syntax&quot;&#10;    ignored: [&quot;examples&quot;]&#10;warning: the following keywords are unknown and will be ignored: [examples]&#10;    level: &quot;warning&quot;&#10;    schema: {&quot;loadingURI&quot;:&quot;#&quot;,&quot;pointer&quot;:&quot;/items/properties/cpf&quot;}&#10;    domain: &quot;syntax&quot;&#10;    ignored: [&quot;examples&quot;]&#10;warning: the following keywords are unknown and will be ignored: [examples]&#10;    level: &quot;warning&quot;&#10;    schema: {&quot;loadingURI&quot;:&quot;#&quot;,&quot;pointer&quot;:&quot;/items/properties/email&quot;}&#10;    domain: &quot;syntax&quot;&#10;    ignored: [&quot;examples&quot;]&#10;warning: the following keywords are unknown and will be ignored: [examples]&#10;    level: &quot;warning&quot;&#10;    schema: {&quot;loadingURI&quot;:&quot;#&quot;,&quot;pointer&quot;:&quot;/items/properties/id&quot;}&#10;    domain: &quot;syntax&quot;&#10;    ignored: [&quot;examples&quot;]&#10;warning: the following keywords are unknown and will be ignored: [examples]&#10;    level: &quot;warning&quot;&#10;    schema: {&quot;loadingURI&quot;:&quot;#&quot;,&quot;pointer&quot;:&quot;/items/properties/nome&quot;}&#10;    domain: &quot;syntax&quot;&#10;    ignored: [&quot;examples&quot;]&#10;warning: the following keywords are unknown and will be ignored: [examples]&#10;    level: &quot;warning&quot;&#10;    schema: {&quot;loadingURI&quot;:&quot;#&quot;,&quot;pointer&quot;:&quot;/items/properties/parcelas&quot;}&#10;    domain: &quot;syntax&quot;&#10;    ignored: [&quot;examples&quot;]&#10;warning: the following keywords are unknown and will be ignored: [examples]&#10;    level: &quot;warning&quot;&#10;    schema: {&quot;loadingURI&quot;:&quot;#&quot;,&quot;pointer&quot;:&quot;/items/properties/seguro&quot;}&#10;    domain: &quot;syntax&quot;&#10;    ignored: [&quot;examples&quot;]&#10;warning: the following keywords are unknown and will be ignored: [examples]&#10;    level: &quot;warning&quot;&#10;    schema: {&quot;loadingURI&quot;:&quot;#&quot;,&quot;pointer&quot;:&quot;/items/properties/valor&quot;}&#10;    domain: &quot;syntax&quot;&#10;    ignored: [&quot;examples&quot;]&#10;warning: the following keywords are unknown and will be ignored: [examples]&#10;    level: &quot;warning&quot;&#10;    schema: {&quot;loadingURI&quot;:&quot;#&quot;,&quot;pointer&quot;:&quot;/items&quot;}&#10;    domain: &quot;syntax&quot;&#10;    ignored: [&quot;examples&quot;]&#10;warning: the following keywords are unknown and will be ignored: [examples]&#10;    level: &quot;warning&quot;&#10;    schema: {&quot;loadingURI&quot;:&quot;#&quot;,&quot;pointer&quot;:&quot;/items/properties/cpf&quot;}&#10;    domain: &quot;syntax&quot;&#10;    ignored: [&quot;examples&quot;]&#10;warning: the following keywords are unknown and will be ignored: [examples]&#10;    level: &quot;warning&quot;&#10;    schema: {&quot;loadingURI&quot;:&quot;#&quot;,&quot;pointer&quot;:&quot;/items/properties/email&quot;}&#10;    domain: &quot;syntax&quot;&#10;    ignored: [&quot;examples&quot;]&#10;warning: the following keywords are unknown and will be ignored: [examples]&#10;    level: &quot;warning&quot;&#10;    schema: {&quot;loadingURI&quot;:&quot;#&quot;,&quot;pointer&quot;:&quot;/items/properties/id&quot;}&#10;    domain: &quot;syntax&quot;&#10;    ignored: [&quot;examples&quot;]&#10;warning: the following keywords are unknown and will be ignored: [examples]&#10;    level: &quot;warning&quot;&#10;    schema: {&quot;loadingURI&quot;:&quot;#&quot;,&quot;pointer&quot;:&quot;/items/properties/nome&quot;}&#10;    domain: &quot;syntax&quot;&#10;    ignored: [&quot;examples&quot;]&#10;warning: the following keywords are unknown and will be ignored: [examples]&#10;    level: &quot;warning&quot;&#10;    schema: {&quot;loadingURI&quot;:&quot;#&quot;,&quot;pointer&quot;:&quot;/items/properties/parcelas&quot;}&#10;    domain: &quot;syntax&quot;&#10;    ignored: [&quot;examples&quot;]&#10;warning: the following keywords are unknown and will be ignored: [examples]&#10;    level: &quot;warning&quot;&#10;    schema: {&quot;loadingURI&quot;:&quot;#&quot;,&quot;pointer&quot;:&quot;/items/properties/seguro&quot;}&#10;    domain: &quot;syntax&quot;&#10;    ignored: [&quot;examples&quot;]&#10;warning: the following keywords are unknown and will be ignored: [examples]&#10;    level: &quot;warning&quot;&#10;    schema: {&quot;loadingURI&quot;:&quot;#&quot;,&quot;pointer&quot;:&quot;/items/properties/valor&quot;}&#10;    domain: &quot;syntax&quot;&#10;    ignored: [&quot;examples&quot;]&#10;warning: the following keywords are unknown and will be ignored: [examples]&#10;    level: &quot;warning&quot;&#10;    schema: {&quot;loadingURI&quot;:&quot;#&quot;,&quot;pointer&quot;:&quot;/items&quot;}&#10;    domain: &quot;syntax&quot;&#10;    ignored: [&quot;examples&quot;]&#10;warning: the following keywords are unknown and will be ignored: [examples]&#10;    level: &quot;warning&quot;&#10;    schema: {&quot;loadingURI&quot;:&quot;#&quot;,&quot;pointer&quot;:&quot;/items/properties/cpf&quot;}&#10;    domain: &quot;syntax&quot;&#10;    ignored: [&quot;examples&quot;]&#10;warning: the following keywords are unknown and will be ignored: [examples]&#10;    level: &quot;warning&quot;&#10;    schema: {&quot;loadingURI&quot;:&quot;#&quot;,&quot;pointer&quot;:&quot;/items/properties/email&quot;}&#10;    domain: &quot;syntax&quot;&#10;    ignored: [&quot;examples&quot;]&#10;warning: the following keywords are unknown and will be ignored: [examples]&#10;    level: &quot;warning&quot;&#10;    schema: {&quot;loadingURI&quot;:&quot;#&quot;,&quot;pointer&quot;:&quot;/items/properties/id&quot;}&#10;    domain: &quot;syntax&quot;&#10;    ignored: [&quot;examples&quot;]&#10;warning: the following keywords are unknown and will be ignored: [examples]&#10;    level: &quot;warning&quot;&#10;    schema: {&quot;loadingURI&quot;:&quot;#&quot;,&quot;pointer&quot;:&quot;/items/properties/nome&quot;}&#10;    domain: &quot;syntax&quot;&#10;    ignored: [&quot;examples&quot;]&#10;warning: the following keywords are unknown and will be ignored: [examples]&#10;    level: &quot;warning&quot;&#10;    schema: {&quot;loadingURI&quot;:&quot;#&quot;,&quot;pointer&quot;:&quot;/items/properties/parcelas&quot;}&#10;    domain: &quot;syntax&quot;&#10;    ignored: [&quot;examples&quot;]&#10;warning: the following keywords are unknown and will be ignored: [examples]&#10;    level: &quot;warning&quot;&#10;    schema: {&quot;loadingURI&quot;:&quot;#&quot;,&quot;pointer&quot;:&quot;/items/properties/seguro&quot;}&#10;    domain: &quot;syntax&quot;&#10;    ignored: [&quot;examples&quot;]&#10;warning: the following keywords are unknown and will be ignored: [examples]&#10;    level: &quot;warning&quot;&#10;    schema: {&quot;loadingURI&quot;:&quot;#&quot;,&quot;pointer&quot;:&quot;/items/properties/valor&quot;}&#10;    domain: &quot;syntax&quot;&#10;    ignored: [&quot;examples&quot;]&#10;warning: the following keywords are unknown and will be ignored: [examples]&#10;    level: &quot;warning&quot;&#10;    schema: {&quot;loadingURI&quot;:&quot;#&quot;,&quot;pointer&quot;:&quot;/items&quot;}&#10;    domain: &quot;syntax&quot;&#10;    ignored: [&quot;examples&quot;]&#10;warning: the following keywords are unknown and will be ignored: [examples]&#10;    level: &quot;warning&quot;&#10;    schema: {&quot;loadingURI&quot;:&quot;#&quot;,&quot;pointer&quot;:&quot;/items/properties/cpf&quot;}&#10;    domain: &quot;syntax&quot;&#10;    ignored: [&quot;examples&quot;]&#10;warning: the following keywords are unknown and will be ignored: [examples]&#10;    level: &quot;warning&quot;&#10;    schema: {&quot;loadingURI&quot;:&quot;#&quot;,&quot;pointer&quot;:&quot;/items/properties/email&quot;}&#10;    domain: &quot;syntax&quot;&#10;    ignored: [&quot;examples&quot;]&#10;warning: the following keywords are unknown and will be ignored: [examples]&#10;    level: &quot;warning&quot;&#10;    schema: {&quot;loadingURI&quot;:&quot;#&quot;,&quot;pointer&quot;:&quot;/items/properties/id&quot;}&#10;    domain: &quot;syntax&quot;&#10;    ignored: [&quot;examples&quot;]&#10;warning: the following keywords are unknown and will be ignored: [examples]&#10;    level: &quot;warning&quot;&#10;    schema: {&quot;loadingURI&quot;:&quot;#&quot;,&quot;pointer&quot;:&quot;/items/properties/nome&quot;}&#10;    domain: &quot;syntax&quot;&#10;    ignored: [&quot;examples&quot;]&#10;warning: the following keywords are unknown and will be ignored: [examples]&#10;    level: &quot;warning&quot;&#10;    schema: {&quot;loadingURI&quot;:&quot;#&quot;,&quot;pointer&quot;:&quot;/items/properties/parcelas&quot;}&#10;    domain: &quot;syntax&quot;&#10;    ignored: [&quot;examples&quot;]&#10;warning: the following keywords are unknown and will be ignored: [examples]&#10;    level: &quot;warning&quot;&#10;    schema: {&quot;loadingURI&quot;:&quot;#&quot;,&quot;pointer&quot;:&quot;/items/properties/seguro&quot;}&#10;    domain: &quot;syntax&quot;&#10;    ignored: [&quot;examples&quot;]&#10;warning: the following keywords are unknown and will be ignored: [examples]&#10;    level: &quot;warning&quot;&#10;    schema: {&quot;loadingURI&quot;:&quot;#&quot;,&quot;pointer&quot;:&quot;/items/properties/valor&quot;}&#10;    domain: &quot;syntax&quot;&#10;    ignored: [&quot;examples&quot;]&#10;warning: the following keywords are unknown and will be ignored: [examples]&#10;    level: &quot;warning&quot;&#10;    schema: {&quot;loadingURI&quot;:&quot;#&quot;,&quot;pointer&quot;:&quot;/items&quot;}&#10;    domain: &quot;syntax&quot;&#10;    ignored: [&quot;examples&quot;]&#10;warning: the following keywords are unknown and will be ignored: [examples]&#10;    level: &quot;warning&quot;&#10;    schema: {&quot;loadingURI&quot;:&quot;#&quot;,&quot;pointer&quot;:&quot;/items/properties/cpf&quot;}&#10;    domain: &quot;syntax&quot;&#10;    ignored: [&quot;examples&quot;]&#10;warning: the following keywords are unknown and will be ignored: [examples]&#10;    level: &quot;warning&quot;&#10;    schema: {&quot;loadingURI&quot;:&quot;#&quot;,&quot;pointer&quot;:&quot;/items/properties/email&quot;}&#10;    domain: &quot;syntax&quot;&#10;    ignored: [&quot;examples&quot;]&#10;warning: the following keywords are unknown and will be ignored: [examples]&#10;    level: &quot;warning&quot;&#10;    schema: {&quot;loadingURI&quot;:&quot;#&quot;,&quot;pointer&quot;:&quot;/items/properties/id&quot;}&#10;    domain: &quot;syntax&quot;&#10;    ignored: [&quot;examples&quot;]&#10;warning: the following keywords are unknown and will be ignored: [examples]&#10;    level: &quot;warning&quot;&#10;    schema: {&quot;loadingURI&quot;:&quot;#&quot;,&quot;pointer&quot;:&quot;/items/properties/nome&quot;}&#10;    domain: &quot;syntax&quot;&#10;    ignored: [&quot;examples&quot;]&#10;warning: the following keywords are unknown and will be ignored: [examples]&#10;    level: &quot;warning&quot;&#10;    schema: {&quot;loadingURI&quot;:&quot;#&quot;,&quot;pointer&quot;:&quot;/items/properties/parcelas&quot;}&#10;    domain: &quot;syntax&quot;&#10;    ignored: [&quot;examples&quot;]&#10;warning: the following keywords are unknown and will be ignored: [examples]&#10;    level: &quot;warning&quot;&#10;    schema: {&quot;loadingURI&quot;:&quot;#&quot;,&quot;pointer&quot;:&quot;/items/properties/seguro&quot;}&#10;    domain: &quot;syntax&quot;&#10;    ignored: [&quot;examples&quot;]&#10;warning: the following keywords are unknown and will be ignored: [examples]&#10;    level: &quot;warning&quot;&#10;    schema: {&quot;loadingURI&quot;:&quot;#&quot;,&quot;pointer&quot;:&quot;/items/properties/valor&quot;}&#10;    domain: &quot;syntax&quot;&#10;    ignored: [&quot;examples&quot;]&#10;warning: the following keywords are unknown and will be ignored: [examples]&#10;    level: &quot;warning&quot;&#10;    schema: {&quot;loadingURI&quot;:&quot;#&quot;,&quot;pointer&quot;:&quot;/items&quot;}&#10;    domain: &quot;syntax&quot;&#10;    ignored: [&quot;examples&quot;]&#10;warning: the following keywords are unknown and will be ignored: [examples]&#10;    level: &quot;warning&quot;&#10;    schema: {&quot;loadingURI&quot;:&quot;#&quot;,&quot;pointer&quot;:&quot;/items/properties/cpf&quot;}&#10;    domain: &quot;syntax&quot;&#10;    ignored: [&quot;examples&quot;]&#10;warning: the following keywords are unknown and will be ignored: [examples]&#10;    level: &quot;warning&quot;&#10;    schema: {&quot;loadingURI&quot;:&quot;#&quot;,&quot;pointer&quot;:&quot;/items/properties/email&quot;}&#10;    domain: &quot;syntax&quot;&#10;    ignored: [&quot;examples&quot;]&#10;warning: the following keywords are unknown and will be ignored: [examples]&#10;    level: &quot;warning&quot;&#10;    schema: {&quot;loadingURI&quot;:&quot;#&quot;,&quot;pointer&quot;:&quot;/items/properties/id&quot;}&#10;    domain: &quot;syntax&quot;&#10;    ignored: [&quot;examples&quot;]&#10;warning: the following keywords are unknown and will be ignored: [examples]&#10;    level: &quot;warning&quot;&#10;    schema: {&quot;loadingURI&quot;:&quot;#&quot;,&quot;pointer&quot;:&quot;/items/properties/nome&quot;}&#10;    domain: &quot;syntax&quot;&#10;    ignored: [&quot;examples&quot;]&#10;warning: the following keywords are unknown and will be ignored: [examples]&#10;    level: &quot;warning&quot;&#10;    schema: {&quot;loadingURI&quot;:&quot;#&quot;,&quot;pointer&quot;:&quot;/items/properties/parcelas&quot;}&#10;    domain: &quot;syntax&quot;&#10;    ignored: [&quot;examples&quot;]&#10;warning: the following keywords are unknown and will be ignored: [examples]&#10;    level: &quot;warning&quot;&#10;    schema: {&quot;loadingURI&quot;:&quot;#&quot;,&quot;pointer&quot;:&quot;/items/properties/seguro&quot;}&#10;    domain: &quot;syntax&quot;&#10;    ignored: [&quot;examples&quot;]&#10;warning: the following keywords are unknown and will be ignored: [examples]&#10;    level: &quot;warning&quot;&#10;    schema: {&quot;loadingURI&quot;:&quot;#&quot;,&quot;pointer&quot;:&quot;/items/properties/valor&quot;}&#10;    domain: &quot;syntax&quot;&#10;    ignored: [&quot;examples&quot;]&#10;warning: the following keywords are unknown and will be ignored: [examples]&#10;    level: &quot;warning&quot;&#10;    schema: {&quot;loadingURI&quot;:&quot;#&quot;,&quot;pointer&quot;:&quot;/items&quot;}&#10;    domain: &quot;syntax&quot;&#10;    ignored: [&quot;examples&quot;]&#10;warning: the following keywords are unknown and will be ignored: [examples]&#10;    level: &quot;warning&quot;&#10;    schema: {&quot;loadingURI&quot;:&quot;#&quot;,&quot;pointer&quot;:&quot;/items/properties/cpf&quot;}&#10;    domain: &quot;syntax&quot;&#10;    ignored: [&quot;examples&quot;]&#10;warning: the following keywords are unknown and will be ignored: [examples]&#10;    level: &quot;warning&quot;&#10;    schema: {&quot;loadingURI&quot;:&quot;#&quot;,&quot;pointer&quot;:&quot;/items/properties/email&quot;}&#10;    domain: &quot;syntax&quot;&#10;    ignored: [&quot;examples&quot;]&#10;warning: the following keywords are unknown and will be ignored: [examples]&#10;    level: &quot;warning&quot;&#10;    schema: {&quot;loadingURI&quot;:&quot;#&quot;,&quot;pointer&quot;:&quot;/items/properties/id&quot;}&#10;    domain: &quot;syntax&quot;&#10;    ignored: [&quot;examples&quot;]&#10;warning: the following keywords are unknown and will be ignored: [examples]&#10;    level: &quot;warning&quot;&#10;    schema: {&quot;loadingURI&quot;:&quot;#&quot;,&quot;pointer&quot;:&quot;/items/properties/nome&quot;}&#10;    domain: &quot;syntax&quot;&#10;    ignored: [&quot;examples&quot;]&#10;warning: the following keywords are unknown and will be ignored: [examples]&#10;    level: &quot;warning&quot;&#10;    schema: {&quot;loadingURI&quot;:&quot;#&quot;,&quot;pointer&quot;:&quot;/items/properties/parcelas&quot;}&#10;    domain: &quot;syntax&quot;&#10;    ignored: [&quot;examples&quot;]&#10;warning: the following keywords are unknown and will be ignored: [examples]&#10;    level: &quot;warning&quot;&#10;    schema: {&quot;loadingURI&quot;:&quot;#&quot;,&quot;pointer&quot;:&quot;/items/properties/seguro&quot;}&#10;    domain: &quot;syntax&quot;&#10;    ignored: [&quot;examples&quot;]&#10;warning: the following keywords are unknown and will be ignored: [examples]&#10;    level: &quot;warning&quot;&#10;    schema: {&quot;loadingURI&quot;:&quot;#&quot;,&quot;pointer&quot;:&quot;/items/properties/valor&quot;}&#10;    domain: &quot;syntax&quot;&#10;    ignored: [&quot;examples&quot;]&#10;warning: the following keywords are unknown and will be ignored: [examples]&#10;    level: &quot;warning&quot;&#10;    schema: {&quot;loadingURI&quot;:&quot;#&quot;,&quot;pointer&quot;:&quot;/items&quot;}&#10;    domain: &quot;syntax&quot;&#10;    ignored: [&quot;examples&quot;]&#10;warning: the following keywords are unknown and will be ignored: [examples]&#10;    level: &quot;warning&quot;&#10;    schema: {&quot;loadingURI&quot;:&quot;#&quot;,&quot;pointer&quot;:&quot;/items/properties/cpf&quot;}&#10;    domain: &quot;syntax&quot;&#10;    ignored: [&quot;examples&quot;]&#10;warning: the following keywords are unknown and will be ignored: [examples]&#10;    level: &quot;warning&quot;&#10;    schema: {&quot;loadingURI&quot;:&quot;#&quot;,&quot;pointer&quot;:&quot;/items/properties/email&quot;}&#10;    domain: &quot;syntax&quot;&#10;    ignored: [&quot;examples&quot;]&#10;warning: the following keywords are unknown and will be ignored: [examples]&#10;    level: &quot;warning&quot;&#10;    schema: {&quot;loadingURI&quot;:&quot;#&quot;,&quot;pointer&quot;:&quot;/items/properties/id&quot;}&#10;    domain: &quot;syntax&quot;&#10;    ignored: [&quot;examples&quot;]&#10;warning: the following keywords are unknown and will be ignored: [examples]&#10;    level: &quot;warning&quot;&#10;    schema: {&quot;loadingURI&quot;:&quot;#&quot;,&quot;pointer&quot;:&quot;/items/properties/nome&quot;}&#10;    domain: &quot;syntax&quot;&#10;    ignored: [&quot;examples&quot;]&#10;warning: the following keywords are unknown and will be ignored: [examples]&#10;    level: &quot;warning&quot;&#10;    schema: {&quot;loadingURI&quot;:&quot;#&quot;,&quot;pointer&quot;:&quot;/items/properties/parcelas&quot;}&#10;    domain: &quot;syntax&quot;&#10;    ignored: [&quot;examples&quot;]&#10;warning: the following keywords are unknown and will be ignored: [examples]&#10;    level: &quot;warning&quot;&#10;    schema: {&quot;loadingURI&quot;:&quot;#&quot;,&quot;pointer&quot;:&quot;/items/properties/seguro&quot;}&#10;    domain: &quot;syntax&quot;&#10;    ignored: [&quot;examples&quot;]&#10;warning: the following keywords are unknown and will be ignored: [examples]&#10;    level: &quot;warning&quot;&#10;    schema: {&quot;loadingURI&quot;:&quot;#&quot;,&quot;pointer&quot;:&quot;/items/properties/valor&quot;}&#10;    domain: &quot;syntax&quot;&#10;    ignored: [&quot;examples&quot;]&#10;warning: the following keywords are unknown and will be ignored: [examples]&#10;    level: &quot;warning&quot;&#10;    schema: {&quot;loadingURI&quot;:&quot;#&quot;,&quot;pointer&quot;:&quot;/items&quot;}&#10;    domain: &quot;syntax&quot;&#10;    ignored: [&quot;examples&quot;]&#10;warning: the following keywords are unknown and will be ignored: [examples]&#10;    level: &quot;warning&quot;&#10;    schema: {&quot;loadingURI&quot;:&quot;#&quot;,&quot;pointer&quot;:&quot;/items/properties/cpf&quot;}&#10;    domain: &quot;syntax&quot;&#10;    ignored: [&quot;examples&quot;]&#10;warning: the following keywords are unknown and will be ignored: [examples]&#10;    level: &quot;warning&quot;&#10;    schema: {&quot;loadingURI&quot;:&quot;#&quot;,&quot;pointer&quot;:&quot;/items/properties/email&quot;}&#10;    domain: &quot;syntax&quot;&#10;    ignored: [&quot;examples&quot;]&#10;warning: the following keywords are unknown and will be ignored: [examples]&#10;    level: &quot;warning&quot;&#10;    schema: {&quot;loadingURI&quot;:&quot;#&quot;,&quot;pointer&quot;:&quot;/items/properties/id&quot;}&#10;    domain: &quot;syntax&quot;&#10;    ignored: [&quot;examples&quot;]&#10;warning: the following keywords are unknown and will be ignored: [examples]&#10;    level: &quot;warning&quot;&#10;    schema: {&quot;loadingURI&quot;:&quot;#&quot;,&quot;pointer&quot;:&quot;/items/properties/nome&quot;}&#10;    domain: &quot;syntax&quot;&#10;    ignored: [&quot;examples&quot;]&#10;warning: the following keywords are unknown and will be ignored: [examples]&#10;    level: &quot;warning&quot;&#10;    schema: {&quot;loadingURI&quot;:&quot;#&quot;,&quot;pointer&quot;:&quot;/items/properties/parcelas&quot;}&#10;    domain: &quot;syntax&quot;&#10;    ignored: [&quot;examples&quot;]&#10;warning: the following keywords are unknown and will be ignored: [examples]&#10;    level: &quot;warning&quot;&#10;    schema: {&quot;loadingURI&quot;:&quot;#&quot;,&quot;pointer&quot;:&quot;/items/properties/seguro&quot;}&#10;    domain: &quot;syntax&quot;&#10;    ignored: [&quot;examples&quot;]&#10;warning: the following keywords are unknown and will be ignored: [examples]&#10;    level: &quot;warning&quot;&#10;    schema: {&quot;loadingURI&quot;:&quot;#&quot;,&quot;pointer&quot;:&quot;/items/properties/valor&quot;}&#10;    domain: &quot;syntax&quot;&#10;    ignored: [&quot;examples&quot;]&#10;warning: the following keywords are unknown and will be ignored: [examples]&#10;    level: &quot;warning&quot;&#10;    schema: {&quot;loadingURI&quot;:&quot;#&quot;,&quot;pointer&quot;:&quot;/items&quot;}&#10;    domain: &quot;syntax&quot;&#10;    ignored: [&quot;examples&quot;]&#10;warning: the following keywords are unknown and will be ignored: [examples]&#10;    level: &quot;warning&quot;&#10;    schema: {&quot;loadingURI&quot;:&quot;#&quot;,&quot;pointer&quot;:&quot;/items/properties/cpf&quot;}&#10;    domain: &quot;syntax&quot;&#10;    ignored: [&quot;examples&quot;]&#10;warning: the following keywords are unknown and will be ignored: [examples]&#10;    level: &quot;warning&quot;&#10;    schema: {&quot;loadingURI&quot;:&quot;#&quot;,&quot;pointer&quot;:&quot;/items/properties/email&quot;}&#10;    domain: &quot;syntax&quot;&#10;    ignored: [&quot;examples&quot;]&#10;warning: the following keywords are unknown and will be ignored: [examples]&#10;    level: &quot;warning&quot;&#10;    schema: {&quot;loadingURI&quot;:&quot;#&quot;,&quot;pointer&quot;:&quot;/items/properties/id&quot;}&#10;    domain: &quot;syntax&quot;&#10;    ignored: [&quot;examples&quot;]&#10;warning: the following keywords are unknown and will be ignored: [examples]&#10;    level: &quot;warning&quot;&#10;    schema: {&quot;loadingURI&quot;:&quot;#&quot;,&quot;pointer&quot;:&quot;/items/properties/nome&quot;}&#10;    domain: &quot;syntax&quot;&#10;    ignored: [&quot;examples&quot;]&#10;warning: the following keywords are unknown and will be ignored: [examples]&#10;    level: &quot;warning&quot;&#10;    schema: {&quot;loadingURI&quot;:&quot;#&quot;,&quot;pointer&quot;:&quot;/items/properties/parcelas&quot;}&#10;    domain: &quot;syntax&quot;&#10;    ignored: [&quot;examples&quot;]&#10;warning: the following keywords are unknown and will be ignored: [examples]&#10;    level: &quot;warning&quot;&#10;    schema: {&quot;loadingURI&quot;:&quot;#&quot;,&quot;pointer&quot;:&quot;/items/properties/seguro&quot;}&#10;    domain: &quot;syntax&quot;&#10;    ignored: [&quot;examples&quot;]&#10;warning: the following keywords are unknown and will be ignored: [examples]&#10;    level: &quot;warning&quot;&#10;    schema: {&quot;loadingURI&quot;:&quot;#&quot;,&quot;pointer&quot;:&quot;/items/properties/valor&quot;}&#10;    domain: &quot;syntax&quot;&#10;    ignored: [&quot;examples&quot;]&#10;warning: the following keywords are unknown and will be ignored: [examples]&#10;    level: &quot;warning&quot;&#10;    schema: {&quot;loadingURI&quot;:&quot;#&quot;,&quot;pointer&quot;:&quot;/items&quot;}&#10;    domain: &quot;syntax&quot;&#10;    ignored: [&quot;examples&quot;]&#10;warning: the following keywords are unknown and will be ignored: [examples]&#10;    level: &quot;warning&quot;&#10;    schema: {&quot;loadingURI&quot;:&quot;#&quot;,&quot;pointer&quot;:&quot;/items/properties/cpf&quot;}&#10;    domain: &quot;syntax&quot;&#10;    ignored: [&quot;examples&quot;]&#10;warning: the following keywords are unknown and will be ignored: [examples]&#10;    level: &quot;warning&quot;&#10;    schema: {&quot;loadingURI&quot;:&quot;#&quot;,&quot;pointer&quot;:&quot;/items/properties/email&quot;}&#10;    domain: &quot;syntax&quot;&#10;    ignored: [&quot;examples&quot;]&#10;warning: the following keywords are unknown and will be ignored: [examples]&#10;    level: &quot;warning&quot;&#10;    schema: {&quot;loadingURI&quot;:&quot;#&quot;,&quot;pointer&quot;:&quot;/items/properties/id&quot;}&#10;    domain: &quot;syntax&quot;&#10;    ignored: [&quot;examples&quot;]&#10;warning: the following keywords are unknown and will be ignored: [examples]&#10;    level: &quot;warning&quot;&#10;    schema: {&quot;loadingURI&quot;:&quot;#&quot;,&quot;pointer&quot;:&quot;/items/properties/nome&quot;}&#10;    domain: &quot;syntax&quot;&#10;    ignored: [&quot;examples&quot;]&#10;warning: the following keywords are unknown and will be ignored: [examples]&#10;    level: &quot;warning&quot;&#10;    schema: {&quot;loadingURI&quot;:&quot;#&quot;,&quot;pointer&quot;:&quot;/items/properties/parcelas&quot;}&#10;    domain: &quot;syntax&quot;&#10;    ignored: [&quot;examples&quot;]&#10;warning: the following keywords are unknown and will be ignored: [examples]&#10;    level: &quot;warning&quot;&#10;    schema: {&quot;loadingURI&quot;:&quot;#&quot;,&quot;pointer&quot;:&quot;/items/properties/seguro&quot;}&#10;    domain: &quot;syntax&quot;&#10;    ignored: [&quot;examples&quot;]&#10;warning: the following keywords are unknown and will be ignored: [examples]&#10;    level: &quot;warning&quot;&#10;    schema: {&quot;loadingURI&quot;:&quot;#&quot;,&quot;pointer&quot;:&quot;/items/properties/valor&quot;}&#10;    domain: &quot;syntax&quot;&#10;    ignored: [&quot;examples&quot;]&#10;warning: the following keywords are unknown and will be ignored: [examples]&#10;    level: &quot;warning&quot;&#10;    schema: {&quot;loadingURI&quot;:&quot;#&quot;,&quot;pointer&quot;:&quot;/items&quot;}&#10;    domain: &quot;syntax&quot;&#10;    ignored: [&quot;examples&quot;]&#10;warning: the following keywords are unknown and will be ignored: [examples]&#10;    level: &quot;warning&quot;&#10;    schema: {&quot;loadingURI&quot;:&quot;#&quot;,&quot;pointer&quot;:&quot;/items/properties/cpf&quot;}&#10;    domain: &quot;syntax&quot;&#10;    ignored: [&quot;examples&quot;]&#10;warning: the following keywords are unknown and will be ignored: [examples]&#10;    level: &quot;warning&quot;&#10;    schema: {&quot;loadingURI&quot;:&quot;#&quot;,&quot;pointer&quot;:&quot;/items/properties/email&quot;}&#10;    domain: &quot;syntax&quot;&#10;    ignored: [&quot;examples&quot;]&#10;warning: the following keywords are unknown and will be ignored: [examples]&#10;    level: &quot;warning&quot;&#10;    schema: {&quot;loadingURI&quot;:&quot;#&quot;,&quot;pointer&quot;:&quot;/items/properties/id&quot;}&#10;    domain: &quot;syntax&quot;&#10;    ignored: [&quot;examples&quot;]&#10;warning: the following keywords are unknown and will be ignored: [examples]&#10;    level: &quot;warning&quot;&#10;    schema: {&quot;loadingURI&quot;:&quot;#&quot;,&quot;pointer&quot;:&quot;/items/properties/nome&quot;}&#10;    domain: &quot;syntax&quot;&#10;    ignored: [&quot;examples&quot;]&#10;warning: the following keywords are unknown and will be ignored: [examples]&#10;    level: &quot;warning&quot;&#10;    schema: {&quot;loadingURI&quot;:&quot;#&quot;,&quot;pointer&quot;:&quot;/items/properties/parcelas&quot;}&#10;    domain: &quot;syntax&quot;&#10;    ignored: [&quot;examples&quot;]&#10;warning: the following keywords are unknown and will be ignored: [examples]&#10;    level: &quot;warning&quot;&#10;    schema: {&quot;loadingURI&quot;:&quot;#&quot;,&quot;pointer&quot;:&quot;/items/properties/seguro&quot;}&#10;    domain: &quot;syntax&quot;&#10;    ignored: [&quot;examples&quot;]&#10;warning: the following keywords are unknown and will be ignored: [examples]&#10;    level: &quot;warning&quot;&#10;    schema: {&quot;loadingURI&quot;:&quot;#&quot;,&quot;pointer&quot;:&quot;/items/properties/valor&quot;}&#10;    domain: &quot;syntax&quot;&#10;    ignored: [&quot;examples&quot;]&#10;warning: the following keywords are unknown and will be ignored: [examples]&#10;    level: &quot;warning&quot;&#10;    schema: {&quot;loadingURI&quot;:&quot;#&quot;,&quot;pointer&quot;:&quot;/items&quot;}&#10;    domain: &quot;syntax&quot;&#10;    ignored: [&quot;examples&quot;]&#10;warning: the following keywords are unknown and will be ignored: [examples]&#10;    level: &quot;warning&quot;&#10;    schema: {&quot;loadingURI&quot;:&quot;#&quot;,&quot;pointer&quot;:&quot;/items/properties/cpf&quot;}&#10;    domain: &quot;syntax&quot;&#10;    ignored: [&quot;examples&quot;]&#10;warning: the following keywords are unknown and will be ignored: [examples]&#10;    level: &quot;warning&quot;&#10;    schema: {&quot;loadingURI&quot;:&quot;#&quot;,&quot;pointer&quot;:&quot;/items/properties/email&quot;}&#10;    domain: &quot;syntax&quot;&#10;    ignored: [&quot;examples&quot;]&#10;warning: the following keywords are unknown and will be ignored: [examples]&#10;    level: &quot;warning&quot;&#10;    schema: {&quot;loadingURI&quot;:&quot;#&quot;,&quot;pointer&quot;:&quot;/items/properties/id&quot;}&#10;    domain: &quot;syntax&quot;&#10;    ignored: [&quot;examples&quot;]&#10;warning: the following keywords are unknown and will be ignored: [examples]&#10;    level: &quot;warning&quot;&#10;    schema: {&quot;loadingURI&quot;:&quot;#&quot;,&quot;pointer&quot;:&quot;/items/properties/nome&quot;}&#10;    domain: &quot;syntax&quot;&#10;    ignored: [&quot;examples&quot;]&#10;warning: the following keywords are unknown and will be ignored: [examples]&#10;    level: &quot;warning&quot;&#10;    schema: {&quot;loadingURI&quot;:&quot;#&quot;,&quot;pointer&quot;:&quot;/items/properties/parcelas&quot;}&#10;    domain: &quot;syntax&quot;&#10;    ignored: [&quot;examples&quot;]&#10;warning: the following keywords are unknown and will be ignored: [examples]&#10;    level: &quot;warning&quot;&#10;    schema: {&quot;loadingURI&quot;:&quot;#&quot;,&quot;pointer&quot;:&quot;/items/properties/seguro&quot;}&#10;    domain: &quot;syntax&quot;&#10;    ignored: [&quot;examples&quot;]&#10;warning: the following keywords are unknown and will be ignored: [examples]&#10;    level: &quot;warning&quot;&#10;    schema: {&quot;loadingURI&quot;:&quot;#&quot;,&quot;pointer&quot;:&quot;/items/properties/valor&quot;}&#10;    domain: &quot;syntax&quot;&#10;    ignored: [&quot;examples&quot;]&#10;warning: the following keywords are unknown and will be ignored: [examples]&#10;    level: &quot;warning&quot;&#10;    schema: {&quot;loadingURI&quot;:&quot;#&quot;,&quot;pointer&quot;:&quot;/items&quot;}&#10;    domain: &quot;syntax&quot;&#10;    ignored: [&quot;examples&quot;]&#10;warning: the following keywords are unknown and will be ignored: [examples]&#10;    level: &quot;warning&quot;&#10;    schema: {&quot;loadingURI&quot;:&quot;#&quot;,&quot;pointer&quot;:&quot;/items/properties/cpf&quot;}&#10;    domain: &quot;syntax&quot;&#10;    ignored: [&quot;examples&quot;]&#10;warning: the following keywords are unknown and will be ignored: [examples]&#10;    level: &quot;warning&quot;&#10;    schema: {&quot;loadingURI&quot;:&quot;#&quot;,&quot;pointer&quot;:&quot;/items/properties/email&quot;}&#10;    domain: &quot;syntax&quot;&#10;    ignored: [&quot;examples&quot;]&#10;warning: the following keywords are unknown and will be ignored: [examples]&#10;    level: &quot;warning&quot;&#10;    schema: {&quot;loadingURI&quot;:&quot;#&quot;,&quot;pointer&quot;:&quot;/items/properties/id&quot;}&#10;    domain: &quot;syntax&quot;&#10;    ignored: [&quot;examples&quot;]&#10;warning: the following keywords are unknown and will be ignored: [examples]&#10;    level: &quot;warning&quot;&#10;    schema: {&quot;loadingURI&quot;:&quot;#&quot;,&quot;pointer&quot;:&quot;/items/properties/nome&quot;}&#10;    domain: &quot;syntax&quot;&#10;    ignored: [&quot;examples&quot;]&#10;warning: the following keywords are unknown and will be ignored: [examples]&#10;    level: &quot;warning&quot;&#10;    schema: {&quot;loadingURI&quot;:&quot;#&quot;,&quot;pointer&quot;:&quot;/items/properties/parcelas&quot;}&#10;    domain: &quot;syntax&quot;&#10;    ignored: [&quot;examples&quot;]&#10;warning: the following keywords are unknown and will be ignored: [examples]&#10;    level: &quot;warning&quot;&#10;    schema: {&quot;loadingURI&quot;:&quot;#&quot;,&quot;pointer&quot;:&quot;/items/properties/seguro&quot;}&#10;    domain: &quot;syntax&quot;&#10;    ignored: [&quot;examples&quot;]&#10;warning: the following keywords are unknown and will be ignored: [examples]&#10;    level: &quot;warning&quot;&#10;    schema: {&quot;loadingURI&quot;:&quot;#&quot;,&quot;pointer&quot;:&quot;/items/properties/valor&quot;}&#10;    domain: &quot;syntax&quot;&#10;    ignored: [&quot;examples&quot;]&#10;warning: the following keywords are unknown and will be ignored: [examples]&#10;    level: &quot;warning&quot;&#10;    schema: {&quot;loadingURI&quot;:&quot;#&quot;,&quot;pointer&quot;:&quot;/items&quot;}&#10;    domain: &quot;syntax&quot;&#10;    ignored: [&quot;examples&quot;]&#10;warning: the following keywords are unknown and will be ignored: [examples]&#10;    level: &quot;warning&quot;&#10;    schema: {&quot;loadingURI&quot;:&quot;#&quot;,&quot;pointer&quot;:&quot;/items/properties/cpf&quot;}&#10;    domain: &quot;syntax&quot;&#10;    ignored: [&quot;examples&quot;]&#10;warning: the following keywords are unknown and will be ignored: [examples]&#10;    level: &quot;warning&quot;&#10;    schema: {&quot;loadingURI&quot;:&quot;#&quot;,&quot;pointer&quot;:&quot;/items/properties/email&quot;}&#10;    domain: &quot;syntax&quot;&#10;    ignored: [&quot;examples&quot;]&#10;warning: the following keywords are unknown and will be ignored: [examples]&#10;    level: &quot;warning&quot;&#10;    schema: {&quot;loadingURI&quot;:&quot;#&quot;,&quot;pointer&quot;:&quot;/items/properties/id&quot;}&#10;    domain: &quot;syntax&quot;&#10;    ignored: [&quot;examples&quot;]&#10;warning: the following keywords are unknown and will be ignored: [examples]&#10;    level: &quot;warning&quot;&#10;    schema: {&quot;loadingURI&quot;:&quot;#&quot;,&quot;pointer&quot;:&quot;/items/properties/nome&quot;}&#10;    domain: &quot;syntax&quot;&#10;    ignored: [&quot;examples&quot;]&#10;warning: the following keywords are unknown and will be ignored: [examples]&#10;    level: &quot;warning&quot;&#10;    schema: {&quot;loadingURI&quot;:&quot;#&quot;,&quot;pointer&quot;:&quot;/items/properties/parcelas&quot;}&#10;    domain: &quot;syntax&quot;&#10;    ignored: [&quot;examples&quot;]&#10;warning: the following keywords are unknown and will be ignored: [examples]&#10;    level: &quot;warning&quot;&#10;    schema: {&quot;loadingURI&quot;:&quot;#&quot;,&quot;pointer&quot;:&quot;/items/properties/seguro&quot;}&#10;    domain: &quot;syntax&quot;&#10;    ignored: [&quot;examples&quot;]&#10;warning: the following keywords are unknown and will be ignored: [examples]&#10;    level: &quot;warning&quot;&#10;    schema: {&quot;loadingURI&quot;:&quot;#&quot;,&quot;pointer&quot;:&quot;/items/properties/valor&quot;}&#10;    domain: &quot;syntax&quot;&#10;    ignored: [&quot;examples&quot;]&#10;warning: the following keywords are unknown and will be ignored: [examples]&#10;    level: &quot;warning&quot;&#10;    schema: {&quot;loadingURI&quot;:&quot;#&quot;,&quot;pointer&quot;:&quot;/items&quot;}&#10;    domain: &quot;syntax&quot;&#10;    ignored: [&quot;examples&quot;]&#10;warning: the following keywords are unknown and will be ignored: [examples]&#10;    level: &quot;warning&quot;&#10;    schema: {&quot;loadingURI&quot;:&quot;#&quot;,&quot;pointer&quot;:&quot;/items/properties/cpf&quot;}&#10;    domain: &quot;syntax&quot;&#10;    ignored: [&quot;examples&quot;]&#10;warning: the following keywords are unknown and will be ignored: [examples]&#10;    level: &quot;warning&quot;&#10;    schema: {&quot;loadingURI&quot;:&quot;#&quot;,&quot;pointer&quot;:&quot;/items/properties/email&quot;}&#10;    domain: &quot;syntax&quot;&#10;    ignored: [&quot;examples&quot;]&#10;warning: the following keywords are unknown and will be ignored: [examples]&#10;    level: &quot;warning&quot;&#10;    schema: {&quot;loadingURI&quot;:&quot;#&quot;,&quot;pointer&quot;:&quot;/items/properties/id&quot;}&#10;    domain: &quot;syntax&quot;&#10;    ignored: [&quot;examples&quot;]&#10;warning: the following keywords are unknown and will be ignored: [examples]&#10;    level: &quot;warning&quot;&#10;    schema: {&quot;loadingURI&quot;:&quot;#&quot;,&quot;pointer&quot;:&quot;/items/properties/nome&quot;}&#10;    domain: &quot;syntax&quot;&#10;    ignored: [&quot;examples&quot;]&#10;warning: the following keywords are unknown and will be ignored: [examples]&#10;    level: &quot;warning&quot;&#10;    schema: {&quot;loadingURI&quot;:&quot;#&quot;,&quot;pointer&quot;:&quot;/items/properties/parcelas&quot;}&#10;    domain: &quot;syntax&quot;&#10;    ignored: [&quot;examples&quot;]&#10;warning: the following keywords are unknown and will be ignored: [examples]&#10;    level: &quot;warning&quot;&#10;    schema: {&quot;loadingURI&quot;:&quot;#&quot;,&quot;pointer&quot;:&quot;/items/properties/seguro&quot;}&#10;    domain: &quot;syntax&quot;&#10;    ignored: [&quot;examples&quot;]&#10;warning: the following keywords are unknown and will be ignored: [examples]&#10;    level: &quot;warning&quot;&#10;    schema: {&quot;loadingURI&quot;:&quot;#&quot;,&quot;pointer&quot;:&quot;/items/properties/valor&quot;}&#10;    domain: &quot;syntax&quot;&#10;    ignored: [&quot;examples&quot;]&#10;warning: the following keywords are unknown and will be ignored: [examples]&#10;    level: &quot;warning&quot;&#10;    schema: {&quot;loadingURI&quot;:&quot;#&quot;,&quot;pointer&quot;:&quot;/items&quot;}&#10;    domain: &quot;syntax&quot;&#10;    ignored: [&quot;examples&quot;]&#10;warning: the following keywords are unknown and will be ignored: [examples]&#10;    level: &quot;warning&quot;&#10;    schema: {&quot;loadingURI&quot;:&quot;#&quot;,&quot;pointer&quot;:&quot;/items/properties/cpf&quot;}&#10;    domain: &quot;syntax&quot;&#10;    ignored: [&quot;examples&quot;]&#10;warning: the following keywords are unknown and will be ignored: [examples]&#10;    level: &quot;warning&quot;&#10;    schema: {&quot;loadingURI&quot;:&quot;#&quot;,&quot;pointer&quot;:&quot;/items/properties/email&quot;}&#10;    domain: &quot;syntax&quot;&#10;    ignored: [&quot;examples&quot;]&#10;warning: the following keywords are unknown and will be ignored: [examples]&#10;    level: &quot;warning&quot;&#10;    schema: {&quot;loadingURI&quot;:&quot;#&quot;,&quot;pointer&quot;:&quot;/items/properties/id&quot;}&#10;    domain: &quot;syntax&quot;&#10;    ignored: [&quot;examples&quot;]&#10;warning: the following keywords are unknown and will be ignored: [examples]&#10;    level: &quot;warning&quot;&#10;    schema: {&quot;loadingURI&quot;:&quot;#&quot;,&quot;pointer&quot;:&quot;/items/properties/nome&quot;}&#10;    domain: &quot;syntax&quot;&#10;    ignored: [&quot;examples&quot;]&#10;warning: the following keywords are unknown and will be ignored: [examples]&#10;    level: &quot;warning&quot;&#10;    schema: {&quot;loadingURI&quot;:&quot;#&quot;,&quot;pointer&quot;:&quot;/items/properties/parcelas&quot;}&#10;    domain: &quot;syntax&quot;&#10;    ignored: [&quot;examples&quot;]&#10;warning: the following keywords are unknown and will be ignored: [examples]&#10;    level: &quot;warning&quot;&#10;    schema: {&quot;loadingURI&quot;:&quot;#&quot;,&quot;pointer&quot;:&quot;/items/properties/seguro&quot;}&#10;    domain: &quot;syntax&quot;&#10;    ignored: [&quot;examples&quot;]&#10;warning: the following keywords are unknown and will be ignored: [examples]&#10;    level: &quot;warning&quot;&#10;    schema: {&quot;loadingURI&quot;:&quot;#&quot;,&quot;pointer&quot;:&quot;/items/properties/valor&quot;}&#10;    domain: &quot;syntax&quot;&#10;    ignored: [&quot;examples&quot;]&#10;warning: the following keywords are unknown and will be ignored: [examples]&#10;    level: &quot;warning&quot;&#10;    schema: {&quot;loadingURI&quot;:&quot;#&quot;,&quot;pointer&quot;:&quot;/items&quot;}&#10;    domain: &quot;syntax&quot;&#10;    ignored: [&quot;examples&quot;]&#10;warning: the following keywords are unknown and will be ignored: [examples]&#10;    level: &quot;warning&quot;&#10;    schema: {&quot;loadingURI&quot;:&quot;#&quot;,&quot;pointer&quot;:&quot;/items/properties/cpf&quot;}&#10;    domain: &quot;syntax&quot;&#10;    ignored: [&quot;examples&quot;]&#10;warning: the following keywords are unknown and will be ignored: [examples]&#10;    level: &quot;warning&quot;&#10;    schema: {&quot;loadingURI&quot;:&quot;#&quot;,&quot;pointer&quot;:&quot;/items/properties/email&quot;}&#10;    domain: &quot;syntax&quot;&#10;    ignored: [&quot;examples&quot;]&#10;warning: the following keywords are unknown and will be ignored: [examples]&#10;    level: &quot;warning&quot;&#10;    schema: {&quot;loadingURI&quot;:&quot;#&quot;,&quot;pointer&quot;:&quot;/items/properties/id&quot;}&#10;    domain: &quot;syntax&quot;&#10;    ignored: [&quot;examples&quot;]&#10;warning: the following keywords are unknown and will be ignored: [examples]&#10;    level: &quot;warning&quot;&#10;    schema: {&quot;loadingURI&quot;:&quot;#&quot;,&quot;pointer&quot;:&quot;/items/properties/nome&quot;}&#10;    domain: &quot;syntax&quot;&#10;    ignored: [&quot;examples&quot;]&#10;warning: the following keywords are unknown and will be ignored: [examples]&#10;    level: &quot;warning&quot;&#10;    schema: {&quot;loadingURI&quot;:&quot;#&quot;,&quot;pointer&quot;:&quot;/items/properties/parcelas&quot;}&#10;    domain: &quot;syntax&quot;&#10;    ignored: [&quot;examples&quot;]&#10;warning: the following keywords are unknown and will be ignored: [examples]&#10;    level: &quot;warning&quot;&#10;    schema: {&quot;loadingURI&quot;:&quot;#&quot;,&quot;pointer&quot;:&quot;/items/properties/seguro&quot;}&#10;    domain: &quot;syntax&quot;&#10;    ignored: [&quot;examples&quot;]&#10;warning: the following keywords are unknown and will be ignored: [examples]&#10;    level: &quot;warning&quot;&#10;    schema: {&quot;loadingURI&quot;:&quot;#&quot;,&quot;pointer&quot;:&quot;/items/properties/valor&quot;}&#10;    domain: &quot;syntax&quot;&#10;    ignored: [&quot;examples&quot;]&#10;warning: the following keywords are unknown and will be ignored: [examples]&#10;    level: &quot;warning&quot;&#10;    schema: {&quot;loadingURI&quot;:&quot;#&quot;,&quot;pointer&quot;:&quot;/items&quot;}&#10;    domain: &quot;syntax&quot;&#10;    ignored: [&quot;examples&quot;]&#10;warning: the following keywords are unknown and will be ignored: [examples]&#10;    level: &quot;warning&quot;&#10;    schema: {&quot;loadingURI&quot;:&quot;#&quot;,&quot;pointer&quot;:&quot;/items/properties/cpf&quot;}&#10;    domain: &quot;syntax&quot;&#10;    ignored: [&quot;examples&quot;]&#10;warning: the following keywords are unknown and will be ignored: [examples]&#10;    level: &quot;warning&quot;&#10;    schema: {&quot;loadingURI&quot;:&quot;#&quot;,&quot;pointer&quot;:&quot;/items/properties/email&quot;}&#10;    domain: &quot;syntax&quot;&#10;    ignored: [&quot;examples&quot;]&#10;warning: the following keywords are unknown and will be ignored: [examples]&#10;    level: &quot;warning&quot;&#10;    schema: {&quot;loadingURI&quot;:&quot;#&quot;,&quot;pointer&quot;:&quot;/items/properties/id&quot;}&#10;    domain: &quot;syntax&quot;&#10;    ignored: [&quot;examples&quot;]&#10;warning: the following keywords are unknown and will be ignored: [examples]&#10;    level: &quot;warning&quot;&#10;    schema: {&quot;loadingURI&quot;:&quot;#&quot;,&quot;pointer&quot;:&quot;/items/properties/nome&quot;}&#10;    domain: &quot;syntax&quot;&#10;    ignored: [&quot;examples&quot;]&#10;warning: the following keywords are unknown and will be ignored: [examples]&#10;    level: &quot;warning&quot;&#10;    schema: {&quot;loadingURI&quot;:&quot;#&quot;,&quot;pointer&quot;:&quot;/items/properties/parcelas&quot;}&#10;    domain: &quot;syntax&quot;&#10;    ignored: [&quot;examples&quot;]&#10;warning: the following keywords are unknown and will be ignored: [examples]&#10;    level: &quot;warning&quot;&#10;    schema: {&quot;loadingURI&quot;:&quot;#&quot;,&quot;pointer&quot;:&quot;/items/properties/seguro&quot;}&#10;    domain: &quot;syntax&quot;&#10;    ignored: [&quot;examples&quot;]&#10;warning: the following keywords are unknown and will be ignored: [examples]&#10;    level: &quot;warning&quot;&#10;    schema: {&quot;loadingURI&quot;:&quot;#&quot;,&quot;pointer&quot;:&quot;/items/properties/valor&quot;}&#10;    domain: &quot;syntax&quot;&#10;    ignored: [&quot;examples&quot;]&#10;warning: the following keywords are unknown and will be ignored: [examples]&#10;    level: &quot;warning&quot;&#10;    schema: {&quot;loadingURI&quot;:&quot;#&quot;,&quot;pointer&quot;:&quot;/items&quot;}&#10;    domain: &quot;syntax&quot;&#10;    ignored: [&quot;examples&quot;]&#10;warning: the following keywords are unknown and will be ignored: [examples]&#10;    level: &quot;warning&quot;&#10;    schema: {&quot;loadingURI&quot;:&quot;#&quot;,&quot;pointer&quot;:&quot;/items/properties/cpf&quot;}&#10;    domain: &quot;syntax&quot;&#10;    ignored: [&quot;examples&quot;]&#10;warning: the following keywords are unknown and will be ignored: [examples]&#10;    level: &quot;warning&quot;&#10;    schema: {&quot;loadingURI&quot;:&quot;#&quot;,&quot;pointer&quot;:&quot;/items/properties/email&quot;}&#10;    domain: &quot;syntax&quot;&#10;    ignored: [&quot;examples&quot;]&#10;warning: the following keywords are unknown and will be ignored: [examples]&#10;    level: &quot;warning&quot;&#10;    schema: {&quot;loadingURI&quot;:&quot;#&quot;,&quot;pointer&quot;:&quot;/items/properties/id&quot;}&#10;    domain: &quot;syntax&quot;&#10;    ignored: [&quot;examples&quot;]&#10;warning: the following keywords are unknown and will be ignored: [examples]&#10;    level: &quot;warning&quot;&#10;    schema: {&quot;loadingURI&quot;:&quot;#&quot;,&quot;pointer&quot;:&quot;/items/properties/nome&quot;}&#10;    domain: &quot;syntax&quot;&#10;    ignored: [&quot;examples&quot;]&#10;warning: the following keywords are unknown and will be ignored: [examples]&#10;    level: &quot;warning&quot;&#10;    schema: {&quot;loadingURI&quot;:&quot;#&quot;,&quot;pointer&quot;:&quot;/items/properties/parcelas&quot;}&#10;    domain: &quot;syntax&quot;&#10;    ignored: [&quot;examples&quot;]&#10;warning: the following keywords are unknown and will be ignored: [examples]&#10;    level: &quot;warning&quot;&#10;    schema: {&quot;loadingURI&quot;:&quot;#&quot;,&quot;pointer&quot;:&quot;/items/properties/seguro&quot;}&#10;    domain: &quot;syntax&quot;&#10;    ignored: [&quot;examples&quot;]&#10;warning: the following keywords are unknown and will be ignored: [examples]&#10;    level: &quot;warning&quot;&#10;    schema: {&quot;loadingURI&quot;:&quot;#&quot;,&quot;pointer&quot;:&quot;/items/properties/valor&quot;}&#10;    domain: &quot;syntax&quot;&#10;    ignored: [&quot;examples&quot;]&#10;warning: the following keywords are unknown and will be ignored: [examples]&#10;    level: &quot;warning&quot;&#10;    schema: {&quot;loadingURI&quot;:&quot;#&quot;,&quot;pointer&quot;:&quot;/items&quot;}&#10;    domain: &quot;syntax&quot;&#10;    ignored: [&quot;examples&quot;]&#10;warning: the following keywords are unknown and will be ignored: [examples]&#10;    level: &quot;warning&quot;&#10;    schema: {&quot;loadingURI&quot;:&quot;#&quot;,&quot;pointer&quot;:&quot;/items/properties/cpf&quot;}&#10;    domain: &quot;syntax&quot;&#10;    ignored: [&quot;examples&quot;]&#10;warning: the following keywords are unknown and will be ignored: [examples]&#10;    level: &quot;warning&quot;&#10;    schema: {&quot;loadingURI&quot;:&quot;#&quot;,&quot;pointer&quot;:&quot;/items/properties/email&quot;}&#10;    domain: &quot;syntax&quot;&#10;    ignored: [&quot;examples&quot;]&#10;warning: the following keywords are unknown and will be ignored: [examples]&#10;    level: &quot;warning&quot;&#10;    schema: {&quot;loadingURI&quot;:&quot;#&quot;,&quot;pointer&quot;:&quot;/items/properties/id&quot;}&#10;    domain: &quot;syntax&quot;&#10;    ignored: [&quot;examples&quot;]&#10;warning: the following keywords are unknown and will be ignored: [examples]&#10;    level: &quot;warning&quot;&#10;    schema: {&quot;loadingURI&quot;:&quot;#&quot;,&quot;pointer&quot;:&quot;/items/properties/nome&quot;}&#10;    domain: &quot;syntax&quot;&#10;    ignored: [&quot;examples&quot;]&#10;warning: the following keywords are unknown and will be ignored: [examples]&#10;    level: &quot;warning&quot;&#10;    schema: {&quot;loadingURI&quot;:&quot;#&quot;,&quot;pointer&quot;:&quot;/items/properties/parcelas&quot;}&#10;    domain: &quot;syntax&quot;&#10;    ignored: [&quot;examples&quot;]&#10;warning: the following keywords are unknown and will be ignored: [examples]&#10;    level: &quot;warning&quot;&#10;    schema: {&quot;loadingURI&quot;:&quot;#&quot;,&quot;pointer&quot;:&quot;/items/properties/seguro&quot;}&#10;    domain: &quot;syntax&quot;&#10;    ignored: [&quot;examples&quot;]&#10;warning: the following keywords are unknown and will be ignored: [examples]&#10;    level: &quot;warning&quot;&#10;    schema: {&quot;loadingURI&quot;:&quot;#&quot;,&quot;pointer&quot;:&quot;/items/properties/valor&quot;}&#10;    domain: &quot;syntax&quot;&#10;    ignored: [&quot;examples&quot;]&#10;warning: the following keywords are unknown and will be ignored: [examples]&#10;    level: &quot;warning&quot;&#10;    schema: {&quot;loadingURI&quot;:&quot;#&quot;,&quot;pointer&quot;:&quot;/items&quot;}&#10;    domain: &quot;syntax&quot;&#10;    ignored: [&quot;examples&quot;]&#10;warning: the following keywords are unknown and will be ignored: [examples]&#10;    level: &quot;warning&quot;&#10;    schema: {&quot;loadingURI&quot;:&quot;#&quot;,&quot;pointer&quot;:&quot;/items/properties/cpf&quot;}&#10;    domain: &quot;syntax&quot;&#10;    ignored: [&quot;examples&quot;]&#10;warning: the following keywords are unknown and will be ignored: [examples]&#10;    level: &quot;warning&quot;&#10;    schema: {&quot;loadingURI&quot;:&quot;#&quot;,&quot;pointer&quot;:&quot;/items/properties/email&quot;}&#10;    domain: &quot;syntax&quot;&#10;    ignored: [&quot;examples&quot;]&#10;warning: the following keywords are unknown and will be ignored: [examples]&#10;    level: &quot;warning&quot;&#10;    schema: {&quot;loadingURI&quot;:&quot;#&quot;,&quot;pointer&quot;:&quot;/items/properties/id&quot;}&#10;    domain: &quot;syntax&quot;&#10;    ignored: [&quot;examples&quot;]&#10;warning: the following keywords are unknown and will be ignored: [examples]&#10;    level: &quot;warning&quot;&#10;    schema: {&quot;loadingURI&quot;:&quot;#&quot;,&quot;pointer&quot;:&quot;/items/properties/nome&quot;}&#10;    domain: &quot;syntax&quot;&#10;    ignored: [&quot;examples&quot;]&#10;warning: the following keywords are unknown and will be ignored: [examples]&#10;    level: &quot;warning&quot;&#10;    schema: {&quot;loadingURI&quot;:&quot;#&quot;,&quot;pointer&quot;:&quot;/items/properties/parcelas&quot;}&#10;    domain: &quot;syntax&quot;&#10;    ignored: [&quot;examples&quot;]&#10;warning: the following keywords are unknown and will be ignored: [examples]&#10;    level: &quot;warning&quot;&#10;    schema: {&quot;loadingURI&quot;:&quot;#&quot;,&quot;pointer&quot;:&quot;/items/properties/seguro&quot;}&#10;    domain: &quot;syntax&quot;&#10;    ignored: [&quot;examples&quot;]&#10;warning: the following keywords are unknown and will be ignored: [examples]&#10;    level: &quot;warning&quot;&#10;    schema: {&quot;loadingURI&quot;:&quot;#&quot;,&quot;pointer&quot;:&quot;/items/properties/valor&quot;}&#10;    domain: &quot;syntax&quot;&#10;    ignored: [&quot;examples&quot;]&#10;warning: the following keywords are unknown and will be ignored: [examples]&#10;    level: &quot;warning&quot;&#10;    schema: {&quot;loadingURI&quot;:&quot;#&quot;,&quot;pointer&quot;:&quot;/items&quot;}&#10;    domain: &quot;syntax&quot;&#10;    ignored: [&quot;examples&quot;]&#10;warning: the following keywords are unknown and will be ignored: [examples]&#10;    level: &quot;warning&quot;&#10;    schema: {&quot;loadingURI&quot;:&quot;#&quot;,&quot;pointer&quot;:&quot;/items/properties/cpf&quot;}&#10;    domain: &quot;syntax&quot;&#10;    ignored: [&quot;examples&quot;]&#10;warning: the following keywords are unknown and will be ignored: [examples]&#10;    level: &quot;warning&quot;&#10;    schema: {&quot;loadingURI&quot;:&quot;#&quot;,&quot;pointer&quot;:&quot;/items/properties/email&quot;}&#10;    domain: &quot;syntax&quot;&#10;    ignored: [&quot;examples&quot;]&#10;warning: the following keywords are unknown and will be ignored: [examples]&#10;    level: &quot;warning&quot;&#10;    schema: {&quot;loadingURI&quot;:&quot;#&quot;,&quot;pointer&quot;:&quot;/items/properties/id&quot;}&#10;    domain: &quot;syntax&quot;&#10;    ignored: [&quot;examples&quot;]&#10;warning: the following keywords are unknown and will be ignored: [examples]&#10;    level: &quot;warning&quot;&#10;    schema: {&quot;loadingURI&quot;:&quot;#&quot;,&quot;pointer&quot;:&quot;/items/properties/nome&quot;}&#10;    domain: &quot;syntax&quot;&#10;    ignored: [&quot;examples&quot;]&#10;warning: the following keywords are unknown and will be ignored: [examples]&#10;    level: &quot;warning&quot;&#10;    schema: {&quot;loadingURI&quot;:&quot;#&quot;,&quot;pointer&quot;:&quot;/items/properties/parcelas&quot;}&#10;    domain: &quot;syntax&quot;&#10;    ignored: [&quot;examples&quot;]&#10;warning: the following keywords are unknown and will be ignored: [examples]&#10;    level: &quot;warning&quot;&#10;    schema: {&quot;loadingURI&quot;:&quot;#&quot;,&quot;pointer&quot;:&quot;/items/properties/seguro&quot;}&#10;    domain: &quot;syntax&quot;&#10;    ignored: [&quot;examples&quot;]&#10;warning: the following keywords are unknown and will be ignored: [examples]&#10;    level: &quot;warning&quot;&#10;    schema: {&quot;loadingURI&quot;:&quot;#&quot;,&quot;pointer&quot;:&quot;/items/properties/valor&quot;}&#10;    domain: &quot;syntax&quot;&#10;    ignored: [&quot;examples&quot;]&#10;warning: the following keywords are unknown and will be ignored: [examples]&#10;    level: &quot;warning&quot;&#10;    schema: {&quot;loadingURI&quot;:&quot;#&quot;,&quot;pointer&quot;:&quot;/items&quot;}&#10;    domain: &quot;syntax&quot;&#10;    ignored: [&quot;examples&quot;]&#10;warning: the following keywords are unknown and will be ignored: [examples]&#10;    level: &quot;warning&quot;&#10;    schema: {&quot;loadingURI&quot;:&quot;#&quot;,&quot;pointer&quot;:&quot;/items/properties/cpf&quot;}&#10;    domain: &quot;syntax&quot;&#10;    ignored: [&quot;examples&quot;]&#10;warning: the following keywords are unknown and will be ignored: [examples]&#10;    level: &quot;warning&quot;&#10;    schema: {&quot;loadingURI&quot;:&quot;#&quot;,&quot;pointer&quot;:&quot;/items/properties/email&quot;}&#10;    domain: &quot;syntax&quot;&#10;    ignored: [&quot;examples&quot;]&#10;warning: the following keywords are unknown and will be ignored: [examples]&#10;    level: &quot;warning&quot;&#10;    schema: {&quot;loadingURI&quot;:&quot;#&quot;,&quot;pointer&quot;:&quot;/items/properties/id&quot;}&#10;    domain: &quot;syntax&quot;&#10;    ignored: [&quot;examples&quot;]&#10;warning: the following keywords are unknown and will be ignored: [examples]&#10;    level: &quot;warning&quot;&#10;    schema: {&quot;loadingURI&quot;:&quot;#&quot;,&quot;pointer&quot;:&quot;/items/properties/nome&quot;}&#10;    domain: &quot;syntax&quot;&#10;    ignored: [&quot;examples&quot;]&#10;warning: the following keywords are unknown and will be ignored: [examples]&#10;    level: &quot;warning&quot;&#10;    schema: {&quot;loadingURI&quot;:&quot;#&quot;,&quot;pointer&quot;:&quot;/items/properties/parcelas&quot;}&#10;    domain: &quot;syntax&quot;&#10;    ignored: [&quot;examples&quot;]&#10;warning: the following keywords are unknown and will be ignored: [examples]&#10;    level: &quot;warning&quot;&#10;    schema: {&quot;loadingURI&quot;:&quot;#&quot;,&quot;pointer&quot;:&quot;/items/properties/seguro&quot;}&#10;    domain: &quot;syntax&quot;&#10;    ignored: [&quot;examples&quot;]&#10;warning: the following keywords are unknown and will be ignored: [examples]&#10;    level: &quot;warning&quot;&#10;    schema: {&quot;loadingURI&quot;:&quot;#&quot;,&quot;pointer&quot;:&quot;/items/properties/valor&quot;}&#10;    domain: &quot;syntax&quot;&#10;    ignored: [&quot;examples&quot;]&#10;warning: the following keywords are unknown and will be ignored: [examples]&#10;    level: &quot;warning&quot;&#10;    schema: {&quot;loadingURI&quot;:&quot;#&quot;,&quot;pointer&quot;:&quot;/items&quot;}&#10;    domain: &quot;syntax&quot;&#10;    ignored: [&quot;examples&quot;]&#10;warning: the following keywords are unknown and will be ignored: [examples]&#10;    level: &quot;warning&quot;&#10;    schema: {&quot;loadingURI&quot;:&quot;#&quot;,&quot;pointer&quot;:&quot;/items/properties/cpf&quot;}&#10;    domain: &quot;syntax&quot;&#10;    ignored: [&quot;examples&quot;]&#10;warning: the following keywords are unknown and will be ignored: [examples]&#10;    level: &quot;warning&quot;&#10;    schema: {&quot;loadingURI&quot;:&quot;#&quot;,&quot;pointer&quot;:&quot;/items/properties/email&quot;}&#10;    domain: &quot;syntax&quot;&#10;    ignored: [&quot;examples&quot;]&#10;warning: the following keywords are unknown and will be ignored: [examples]&#10;    level: &quot;warning&quot;&#10;    schema: {&quot;loadingURI&quot;:&quot;#&quot;,&quot;pointer&quot;:&quot;/items/properties/id&quot;}&#10;    domain: &quot;syntax&quot;&#10;    ignored: [&quot;examples&quot;]&#10;warning: the following keywords are unknown and will be ignored: [examples]&#10;    level: &quot;warning&quot;&#10;    schema: {&quot;loadingURI&quot;:&quot;#&quot;,&quot;pointer&quot;:&quot;/items/properties/nome&quot;}&#10;    domain: &quot;syntax&quot;&#10;    ignored: [&quot;examples&quot;]&#10;warning: the following keywords are unknown and will be ignored: [examples]&#10;    level: &quot;warning&quot;&#10;    schema: {&quot;loadingURI&quot;:&quot;#&quot;,&quot;pointer&quot;:&quot;/items/properties/parcelas&quot;}&#10;    domain: &quot;syntax&quot;&#10;    ignored: [&quot;examples&quot;]&#10;warning: the following keywords are unknown and will be ignored: [examples]&#10;    level: &quot;warning&quot;&#10;    schema: {&quot;loadingURI&quot;:&quot;#&quot;,&quot;pointer&quot;:&quot;/items/properties/seguro&quot;}&#10;    domain: &quot;syntax&quot;&#10;    ignored: [&quot;examples&quot;]&#10;warning: the following keywords are unknown and will be ignored: [examples]&#10;    level: &quot;warning&quot;&#10;    schema: {&quot;loadingURI&quot;:&quot;#&quot;,&quot;pointer&quot;:&quot;/items/properties/valor&quot;}&#10;    domain: &quot;syntax&quot;&#10;    ignored: [&quot;examples&quot;]&#10;warning: the following keywords are unknown and will be ignored: [examples]&#10;    level: &quot;warning&quot;&#10;    schema: {&quot;loadingURI&quot;:&quot;#&quot;,&quot;pointer&quot;:&quot;/items&quot;}&#10;    domain: &quot;syntax&quot;&#10;    ignored: [&quot;examples&quot;]&#10;warning: the following keywords are unknown and will be ignored: [examples]&#10;    level: &quot;warning&quot;&#10;    schema: {&quot;loadingURI&quot;:&quot;#&quot;,&quot;pointer&quot;:&quot;/items/properties/cpf&quot;}&#10;    domain: &quot;syntax&quot;&#10;    ignored: [&quot;examples&quot;]&#10;warning: the following keywords are unknown and will be ignored: [examples]&#10;    level: &quot;warning&quot;&#10;    schema: {&quot;loadingURI&quot;:&quot;#&quot;,&quot;pointer&quot;:&quot;/items/properties/email&quot;}&#10;    domain: &quot;syntax&quot;&#10;    ignored: [&quot;examples&quot;]&#10;warning: the following keywords are unknown and will be ignored: [examples]&#10;    level: &quot;warning&quot;&#10;    schema: {&quot;loadingURI&quot;:&quot;#&quot;,&quot;pointer&quot;:&quot;/items/properties/id&quot;}&#10;    domain: &quot;syntax&quot;&#10;    ignored: [&quot;examples&quot;]&#10;warning: the following keywords are unknown and will be ignored: [examples]&#10;    level: &quot;warning&quot;&#10;    schema: {&quot;loadingURI&quot;:&quot;#&quot;,&quot;pointer&quot;:&quot;/items/properties/nome&quot;}&#10;    domain: &quot;syntax&quot;&#10;    ignored: [&quot;examples&quot;]&#10;warning: the following keywords are unknown and will be ignored: [examples]&#10;    level: &quot;warning&quot;&#10;    schema: {&quot;loadingURI&quot;:&quot;#&quot;,&quot;pointer&quot;:&quot;/items/properties/parcelas&quot;}&#10;    domain: &quot;syntax&quot;&#10;    ignored: [&quot;examples&quot;]&#10;warning: the following keywords are unknown and will be ignored: [examples]&#10;    level: &quot;warning&quot;&#10;    schema: {&quot;loadingURI&quot;:&quot;#&quot;,&quot;pointer&quot;:&quot;/items/properties/seguro&quot;}&#10;    domain: &quot;syntax&quot;&#10;    ignored: [&quot;examples&quot;]&#10;warning: the following keywords are unknown and will be ignored: [examples]&#10;    level: &quot;warning&quot;&#10;    schema: {&quot;loadingURI&quot;:&quot;#&quot;,&quot;pointer&quot;:&quot;/items/properties/valor&quot;}&#10;    domain: &quot;syntax&quot;&#10;    ignored: [&quot;examples&quot;]&#10;warning: the following keywords are unknown and will be ignored: [examples]&#10;    level: &quot;warning&quot;&#10;    schema: {&quot;loadingURI&quot;:&quot;#&quot;,&quot;pointer&quot;:&quot;/items&quot;}&#10;    domain: &quot;syntax&quot;&#10;    ignored: [&quot;examples&quot;]&#10;warning: the following keywords are unknown and will be ignored: [examples]&#10;    level: &quot;warning&quot;&#10;    schema: {&quot;loadingURI&quot;:&quot;#&quot;,&quot;pointer&quot;:&quot;/items/properties/cpf&quot;}&#10;    domain: &quot;syntax&quot;&#10;    ignored: [&quot;examples&quot;]&#10;warning: the following keywords are unknown and will be ignored: [examples]&#10;    level: &quot;warning&quot;&#10;    schema: {&quot;loadingURI&quot;:&quot;#&quot;,&quot;pointer&quot;:&quot;/items/properties/email&quot;}&#10;    domain: &quot;syntax&quot;&#10;    ignored: [&quot;examples&quot;]&#10;warning: the following keywords are unknown and will be ignored: [examples]&#10;    level: &quot;warning&quot;&#10;    schema: {&quot;loadingURI&quot;:&quot;#&quot;,&quot;pointer&quot;:&quot;/items/properties/id&quot;}&#10;    domain: &quot;syntax&quot;&#10;    ignored: [&quot;examples&quot;]&#10;warning: the following keywords are unknown and will be ignored: [examples]&#10;    level: &quot;warning&quot;&#10;    schema: {&quot;loadingURI&quot;:&quot;#&quot;,&quot;pointer&quot;:&quot;/items/properties/nome&quot;}&#10;    domain: &quot;syntax&quot;&#10;    ignored: [&quot;examples&quot;]&#10;warning: the following keywords are unknown and will be ignored: [examples]&#10;    level: &quot;warning&quot;&#10;    schema: {&quot;loadingURI&quot;:&quot;#&quot;,&quot;pointer&quot;:&quot;/items/properties/parcelas&quot;}&#10;    domain: &quot;syntax&quot;&#10;    ignored: [&quot;examples&quot;]&#10;warning: the following keywords are unknown and will be ignored: [examples]&#10;    level: &quot;warning&quot;&#10;    schema: {&quot;loadingURI&quot;:&quot;#&quot;,&quot;pointer&quot;:&quot;/items/properties/seguro&quot;}&#10;    domain: &quot;syntax&quot;&#10;    ignored: [&quot;examples&quot;]&#10;warning: the following keywords are unknown and will be ignored: [examples]&#10;    level: &quot;warning&quot;&#10;    schema: {&quot;loadingURI&quot;:&quot;#&quot;,&quot;pointer&quot;:&quot;/items/properties/valor&quot;}&#10;    domain: &quot;syntax&quot;&#10;    ignored: [&quot;examples&quot;]&#10;warning: the following keywords are unknown and will be ignored: [examples]&#10;    level: &quot;warning&quot;&#10;    schema: {&quot;loadingURI&quot;:&quot;#&quot;,&quot;pointer&quot;:&quot;/items&quot;}&#10;    domain: &quot;syntax&quot;&#10;    ignored: [&quot;examples&quot;]&#10;warning: the following keywords are unknown and will be ignored: [examples]&#10;    level: &quot;warning&quot;&#10;    schema: {&quot;loadingURI&quot;:&quot;#&quot;,&quot;pointer&quot;:&quot;/items/properties/cpf&quot;}&#10;    domain: &quot;syntax&quot;&#10;    ignored: [&quot;examples&quot;]&#10;warning: the following keywords are unknown and will be ignored: [examples]&#10;    level: &quot;warning&quot;&#10;    schema: {&quot;loadingURI&quot;:&quot;#&quot;,&quot;pointer&quot;:&quot;/items/properties/email&quot;}&#10;    domain: &quot;syntax&quot;&#10;    ignored: [&quot;examples&quot;]&#10;warning: the following keywords are unknown and will be ignored: [examples]&#10;    level: &quot;warning&quot;&#10;    schema: {&quot;loadingURI&quot;:&quot;#&quot;,&quot;pointer&quot;:&quot;/items/properties/id&quot;}&#10;    domain: &quot;syntax&quot;&#10;    ignored: [&quot;examples&quot;]&#10;warning: the following keywords are unknown and will be ignored: [examples]&#10;    level: &quot;warning&quot;&#10;    schema: {&quot;loadingURI&quot;:&quot;#&quot;,&quot;pointer&quot;:&quot;/items/properties/nome&quot;}&#10;    domain: &quot;syntax&quot;&#10;    ignored: [&quot;examples&quot;]&#10;warning: the following keywords are unknown and will be ignored: [examples]&#10;    level: &quot;warning&quot;&#10;    schema: {&quot;loadingURI&quot;:&quot;#&quot;,&quot;pointer&quot;:&quot;/items/properties/parcelas&quot;}&#10;    domain: &quot;syntax&quot;&#10;    ignored: [&quot;examples&quot;]&#10;warning: the following keywords are unknown and will be ignored: [examples]&#10;    level: &quot;warning&quot;&#10;    schema: {&quot;loadingURI&quot;:&quot;#&quot;,&quot;pointer&quot;:&quot;/items/properties/seguro&quot;}&#10;    domain: &quot;syntax&quot;&#10;    ignored: [&quot;examples&quot;]&#10;warning: the following keywords are unknown and will be ignored: [examples]&#10;    level: &quot;warning&quot;&#10;    schema: {&quot;loadingURI&quot;:&quot;#&quot;,&quot;pointer&quot;:&quot;/items/properties/valor&quot;}&#10;    domain: &quot;syntax&quot;&#10;    ignored: [&quot;examples&quot;]&#10;warning: the following keywords are unknown and will be ignored: [examples]&#10;    level: &quot;warning&quot;&#10;    schema: {&quot;loadingURI&quot;:&quot;#&quot;,&quot;pointer&quot;:&quot;/items&quot;}&#10;    domain: &quot;syntax&quot;&#10;    ignored: [&quot;examples&quot;]&#10;warning: the following keywords are unknown and will be ignored: [examples]&#10;    level: &quot;warning&quot;&#10;    schema: {&quot;loadingURI&quot;:&quot;#&quot;,&quot;pointer&quot;:&quot;/items/properties/cpf&quot;}&#10;    domain: &quot;syntax&quot;&#10;    ignored: [&quot;examples&quot;]&#10;warning: the following keywords are unknown and will be ignored: [examples]&#10;    level: &quot;warning&quot;&#10;    schema: {&quot;loadingURI&quot;:&quot;#&quot;,&quot;pointer&quot;:&quot;/items/properties/email&quot;}&#10;    domain: &quot;syntax&quot;&#10;    ignored: [&quot;examples&quot;]&#10;warning: the following keywords are unknown and will be ignored: [examples]&#10;    level: &quot;warning&quot;&#10;    schema: {&quot;loadingURI&quot;:&quot;#&quot;,&quot;pointer&quot;:&quot;/items/properties/id&quot;}&#10;    domain: &quot;syntax&quot;&#10;    ignored: [&quot;examples&quot;]&#10;warning: the following keywords are unknown and will be ignored: [examples]&#10;    level: &quot;warning&quot;&#10;    schema: {&quot;loadingURI&quot;:&quot;#&quot;,&quot;pointer&quot;:&quot;/items/properties/nome&quot;}&#10;    domain: &quot;syntax&quot;&#10;    ignored: [&quot;examples&quot;]&#10;warning: the following keywords are unknown and will be ignored: [examples]&#10;    level: &quot;warning&quot;&#10;    schema: {&quot;loadingURI&quot;:&quot;#&quot;,&quot;pointer&quot;:&quot;/items/properties/parcelas&quot;}&#10;    domain: &quot;syntax&quot;&#10;    ignored: [&quot;examples&quot;]&#10;warning: the following keywords are unknown and will be ignored: [examples]&#10;    level: &quot;warning&quot;&#10;    schema: {&quot;loadingURI&quot;:&quot;#&quot;,&quot;pointer&quot;:&quot;/items/properties/seguro&quot;}&#10;    domain: &quot;syntax&quot;&#10;    ignored: [&quot;examples&quot;]&#10;warning: the following keywords are unknown and will be ignored: [examples]&#10;    level: &quot;warning&quot;&#10;    schema: {&quot;loadingURI&quot;:&quot;#&quot;,&quot;pointer&quot;:&quot;/items/properties/valor&quot;}&#10;    domain: &quot;syntax&quot;&#10;    ignored: [&quot;examples&quot;]&#10;warning: the following keywords are unknown and will be ignored: [examples]&#10;    level: &quot;warning&quot;&#10;    schema: {&quot;loadingURI&quot;:&quot;#&quot;,&quot;pointer&quot;:&quot;/items&quot;}&#10;    domain: &quot;syntax&quot;&#10;    ignored: [&quot;examples&quot;]&#10;warning: the following keywords are unknown and will be ignored: [examples]&#10;    level: &quot;warning&quot;&#10;    schema: {&quot;loadingURI&quot;:&quot;#&quot;,&quot;pointer&quot;:&quot;/items/properties/cpf&quot;}&#10;    domain: &quot;syntax&quot;&#10;    ignored: [&quot;examples&quot;]&#10;warning: the following keywords are unknown and will be ignored: [examples]&#10;    level: &quot;warning&quot;&#10;    schema: {&quot;loadingURI&quot;:&quot;#&quot;,&quot;pointer&quot;:&quot;/items/properties/email&quot;}&#10;    domain: &quot;syntax&quot;&#10;    ignored: [&quot;examples&quot;]&#10;warning: the following keywords are unknown and will be ignored: [examples]&#10;    level: &quot;warning&quot;&#10;    schema: {&quot;loadingURI&quot;:&quot;#&quot;,&quot;pointer&quot;:&quot;/items/properties/id&quot;}&#10;    domain: &quot;syntax&quot;&#10;    ignored: [&quot;examples&quot;]&#10;warning: the following keywords are unknown and will be ignored: [examples]&#10;    level: &quot;warning&quot;&#10;    schema: {&quot;loadingURI&quot;:&quot;#&quot;,&quot;pointer&quot;:&quot;/items/properties/nome&quot;}&#10;    domain: &quot;syntax&quot;&#10;    ignored: [&quot;examples&quot;]&#10;warning: the following keywords are unknown and will be ignored: [examples]&#10;    level: &quot;warning&quot;&#10;    schema: {&quot;loadingURI&quot;:&quot;#&quot;,&quot;pointer&quot;:&quot;/items/properties/parcelas&quot;}&#10;    domain: &quot;syntax&quot;&#10;    ignored: [&quot;examples&quot;]&#10;warning: the following keywords are unknown and will be ignored: [examples]&#10;    level: &quot;warning&quot;&#10;    schema: {&quot;loadingURI&quot;:&quot;#&quot;,&quot;pointer&quot;:&quot;/items/properties/seguro&quot;}&#10;    domain: &quot;syntax&quot;&#10;    ignored: [&quot;examples&quot;]&#10;warning: the following keywords are unknown and will be ignored: [examples]&#10;    level: &quot;warning&quot;&#10;    schema: {&quot;loadingURI&quot;:&quot;#&quot;,&quot;pointer&quot;:&quot;/items/properties/valor&quot;}&#10;    domain: &quot;syntax&quot;&#10;    ignored: [&quot;examples&quot;]&#10;warning: the following keywords are unknown and will be ignored: [examples]&#10;    level: &quot;warning&quot;&#10;    schema: {&quot;loadingURI&quot;:&quot;#&quot;,&quot;pointer&quot;:&quot;/items&quot;}&#10;    domain: &quot;syntax&quot;&#10;    ignored: [&quot;examples&quot;]&#10;warning: the following keywords are unknown and will be ignored: [examples]&#10;    level: &quot;warning&quot;&#10;    schema: {&quot;loadingURI&quot;:&quot;#&quot;,&quot;pointer&quot;:&quot;/items/properties/cpf&quot;}&#10;    domain: &quot;syntax&quot;&#10;    ignored: [&quot;examples&quot;]&#10;warning: the following keywords are unknown and will be ignored: [examples]&#10;    level: &quot;warning&quot;&#10;    schema: {&quot;loadingURI&quot;:&quot;#&quot;,&quot;pointer&quot;:&quot;/items/properties/email&quot;}&#10;    domain: &quot;syntax&quot;&#10;    ignored: [&quot;examples&quot;]&#10;warning: the following keywords are unknown and will be ignored: [examples]&#10;    level: &quot;warning&quot;&#10;    schema: {&quot;loadingURI&quot;:&quot;#&quot;,&quot;pointer&quot;:&quot;/items/properties/id&quot;}&#10;    domain: &quot;syntax&quot;&#10;    ignored: [&quot;examples&quot;]&#10;warning: the following keywords are unknown and will be ignored: [examples]&#10;    level: &quot;warning&quot;&#10;    schema: {&quot;loadingURI&quot;:&quot;#&quot;,&quot;pointer&quot;:&quot;/items/properties/nome&quot;}&#10;    domain: &quot;syntax&quot;&#10;    ignored: [&quot;examples&quot;]&#10;warning: the following keywords are unknown and will be ignored: [examples]&#10;    level: &quot;warning&quot;&#10;    schema: {&quot;loadingURI&quot;:&quot;#&quot;,&quot;pointer&quot;:&quot;/items/properties/parcelas&quot;}&#10;    domain: &quot;syntax&quot;&#10;    ignored: [&quot;examples&quot;]&#10;warning: the following keywords are unknown and will be ignored: [examples]&#10;    level: &quot;warning&quot;&#10;    schema: {&quot;loadingURI&quot;:&quot;#&quot;,&quot;pointer&quot;:&quot;/items/properties/seguro&quot;}&#10;    domain: &quot;syntax&quot;&#10;    ignored: [&quot;examples&quot;]&#10;warning: the following keywords are unknown and will be ignored: [examples]&#10;    level: &quot;warning&quot;&#10;    schema: {&quot;loadingURI&quot;:&quot;#&quot;,&quot;pointer&quot;:&quot;/items/properties/valor&quot;}&#10;    domain: &quot;syntax&quot;&#10;    ignored: [&quot;examples&quot;]&#10;warning: the following keywords are unknown and will be ignored: [examples]&#10;    level: &quot;warning&quot;&#10;    schema: {&quot;loadingURI&quot;:&quot;#&quot;,&quot;pointer&quot;:&quot;/items&quot;}&#10;    domain: &quot;syntax&quot;&#10;    ignored: [&quot;examples&quot;]&#10;warning: the following keywords are unknown and will be ignored: [examples]&#10;    level: &quot;warning&quot;&#10;    schema: {&quot;loadingURI&quot;:&quot;#&quot;,&quot;pointer&quot;:&quot;/items/properties/cpf&quot;}&#10;    domain: &quot;syntax&quot;&#10;    ignored: [&quot;examples&quot;]&#10;warning: the following keywords are unknown and will be ignored: [examples]&#10;    level: &quot;warning&quot;&#10;    schema: {&quot;loadingURI&quot;:&quot;#&quot;,&quot;pointer&quot;:&quot;/items/properties/email&quot;}&#10;    domain: &quot;syntax&quot;&#10;    ignored: [&quot;examples&quot;]&#10;warning: the following keywords are unknown and will be ignored: [examples]&#10;    level: &quot;warning&quot;&#10;    schema: {&quot;loadingURI&quot;:&quot;#&quot;,&quot;pointer&quot;:&quot;/items/properties/id&quot;}&#10;    domain: &quot;syntax&quot;&#10;    ignored: [&quot;examples&quot;]&#10;warning: the following keywords are unknown and will be ignored: [examples]&#10;    level: &quot;warning&quot;&#10;    schema: {&quot;loadingURI&quot;:&quot;#&quot;,&quot;pointer&quot;:&quot;/items/properties/nome&quot;}&#10;    domain: &quot;syntax&quot;&#10;    ignored: [&quot;examples&quot;]&#10;warning: the following keywords are unknown and will be ignored: [examples]&#10;    level: &quot;warning&quot;&#10;    schema: {&quot;loadingURI&quot;:&quot;#&quot;,&quot;pointer&quot;:&quot;/items/properties/parcelas&quot;}&#10;    domain: &quot;syntax&quot;&#10;    ignored: [&quot;examples&quot;]&#10;warning: the following keywords are unknown and will be ignored: [examples]&#10;    level: &quot;warning&quot;&#10;    schema: {&quot;loadingURI&quot;:&quot;#&quot;,&quot;pointer&quot;:&quot;/items/properties/seguro&quot;}&#10;    domain: &quot;syntax&quot;&#10;    ignored: [&quot;examples&quot;]&#10;warning: the following keywords are unknown and will be ignored: [examples]&#10;    level: &quot;warning&quot;&#10;    schema: {&quot;loadingURI&quot;:&quot;#&quot;,&quot;pointer&quot;:&quot;/items/properties/valor&quot;}&#10;    domain: &quot;syntax&quot;&#10;    ignored: [&quot;examples&quot;]&#10;warning: the following keywords are unknown and will be ignored: [examples]&#10;    level: &quot;warning&quot;&#10;    schema: {&quot;loadingURI&quot;:&quot;#&quot;,&quot;pointer&quot;:&quot;/items&quot;}&#10;    domain: &quot;syntax&quot;&#10;    ignored: [&quot;examples&quot;]&#10;warning: the following keywords are unknown and will be ignored: [examples]&#10;    level: &quot;warning&quot;&#10;    schema: {&quot;loadingURI&quot;:&quot;#&quot;,&quot;pointer&quot;:&quot;/items/properties/cpf&quot;}&#10;    domain: &quot;syntax&quot;&#10;    ignored: [&quot;examples&quot;]&#10;warning: the following keywords are unknown and will be ignored: [examples]&#10;    level: &quot;warning&quot;&#10;    schema: {&quot;loadingURI&quot;:&quot;#&quot;,&quot;pointer&quot;:&quot;/items/properties/email&quot;}&#10;    domain: &quot;syntax&quot;&#10;    ignored: [&quot;examples&quot;]&#10;warning: the following keywords are unknown and will be ignored: [examples]&#10;    level: &quot;warning&quot;&#10;    schema: {&quot;loadingURI&quot;:&quot;#&quot;,&quot;pointer&quot;:&quot;/items/properties/id&quot;}&#10;    domain: &quot;syntax&quot;&#10;    ignored: [&quot;examples&quot;]&#10;warning: the following keywords are unknown and will be ignored: [examples]&#10;    level: &quot;warning&quot;&#10;    schema: {&quot;loadingURI&quot;:&quot;#&quot;,&quot;pointer&quot;:&quot;/items/properties/nome&quot;}&#10;    domain: &quot;syntax&quot;&#10;    ignored: [&quot;examples&quot;]&#10;warning: the following keywords are unknown and will be ignored: [examples]&#10;    level: &quot;warning&quot;&#10;    schema: {&quot;loadingURI&quot;:&quot;#&quot;,&quot;pointer&quot;:&quot;/items/properties/parcelas&quot;}&#10;    domain: &quot;syntax&quot;&#10;    ignored: [&quot;examples&quot;]&#10;warning: the following keywords are unknown and will be ignored: [examples]&#10;    level: &quot;warning&quot;&#10;    schema: {&quot;loadingURI&quot;:&quot;#&quot;,&quot;pointer&quot;:&quot;/items/properties/seguro&quot;}&#10;    domain: &quot;syntax&quot;&#10;    ignored: [&quot;examples&quot;]&#10;warning: the following keywords are unknown and will be ignored: [examples]&#10;    level: &quot;warning&quot;&#10;    schema: {&quot;loadingURI&quot;:&quot;#&quot;,&quot;pointer&quot;:&quot;/items/properties/valor&quot;}&#10;    domain: &quot;syntax&quot;&#10;    ignored: [&quot;examples&quot;]&#10;warning: the following keywords are unknown and will be ignored: [examples]&#10;    level: &quot;warning&quot;&#10;    schema: {&quot;loadingURI&quot;:&quot;#&quot;,&quot;pointer&quot;:&quot;/items&quot;}&#10;    domain: &quot;syntax&quot;&#10;    ignored: [&quot;examples&quot;]&#10;warning: the following keywords are unknown and will be ignored: [examples]&#10;    level: &quot;warning&quot;&#10;    schema: {&quot;loadingURI&quot;:&quot;#&quot;,&quot;pointer&quot;:&quot;/items/properties/cpf&quot;}&#10;    domain: &quot;syntax&quot;&#10;    ignored: [&quot;examples&quot;]&#10;warning: the following keywords are unknown and will be ignored: [examples]&#10;    level: &quot;warning&quot;&#10;    schema: {&quot;loadingURI&quot;:&quot;#&quot;,&quot;pointer&quot;:&quot;/items/properties/email&quot;}&#10;    domain: &quot;syntax&quot;&#10;    ignored: [&quot;examples&quot;]&#10;warning: the following keywords are unknown and will be ignored: [examples]&#10;    level: &quot;warning&quot;&#10;    schema: {&quot;loadingURI&quot;:&quot;#&quot;,&quot;pointer&quot;:&quot;/items/properties/id&quot;}&#10;    domain: &quot;syntax&quot;&#10;    ignored: [&quot;examples&quot;]&#10;warning: the following keywords are unknown and will be ignored: [examples]&#10;    level: &quot;warning&quot;&#10;    schema: {&quot;loadingURI&quot;:&quot;#&quot;,&quot;pointer&quot;:&quot;/items/properties/nome&quot;}&#10;    domain: &quot;syntax&quot;&#10;    ignored: [&quot;examples&quot;]&#10;warning: the following keywords are unknown and will be ignored: [examples]&#10;    level: &quot;warning&quot;&#10;    schema: {&quot;loadingURI&quot;:&quot;#&quot;,&quot;pointer&quot;:&quot;/items/properties/parcelas&quot;}&#10;    domain: &quot;syntax&quot;&#10;    ignored: [&quot;examples&quot;]&#10;warning: the following keywords are unknown and will be ignored: [examples]&#10;    level: &quot;warning&quot;&#10;    schema: {&quot;loadingURI&quot;:&quot;#&quot;,&quot;pointer&quot;:&quot;/items/properties/seguro&quot;}&#10;    domain: &quot;syntax&quot;&#10;    ignored: [&quot;examples&quot;]&#10;warning: the following keywords are unknown and will be ignored: [examples]&#10;    level: &quot;warning&quot;&#10;    schema: {&quot;loadingURI&quot;:&quot;#&quot;,&quot;pointer&quot;:&quot;/items/properties/valor&quot;}&#10;    domain: &quot;syntax&quot;&#10;    ignored: [&quot;examples&quot;]&#10;warning: the following keywords are unknown and will be ignored: [examples]&#10;    level: &quot;warning&quot;&#10;    schema: {&quot;loadingURI&quot;:&quot;#&quot;,&quot;pointer&quot;:&quot;/items&quot;}&#10;    domain: &quot;syntax&quot;&#10;    ignored: [&quot;examples&quot;]&#10;warning: the following keywords are unknown and will be ignored: [examples]&#10;    level: &quot;warning&quot;&#10;    schema: {&quot;loadingURI&quot;:&quot;#&quot;,&quot;pointer&quot;:&quot;/items/properties/cpf&quot;}&#10;    domain: &quot;syntax&quot;&#10;    ignored: [&quot;examples&quot;]&#10;warning: the following keywords are unknown and will be ignored: [examples]&#10;    level: &quot;warning&quot;&#10;    schema: {&quot;loadingURI&quot;:&quot;#&quot;,&quot;pointer&quot;:&quot;/items/properties/email&quot;}&#10;    domain: &quot;syntax&quot;&#10;    ignored: [&quot;examples&quot;]&#10;warning: the following keywords are unknown and will be ignored: [examples]&#10;    level: &quot;warning&quot;&#10;    schema: {&quot;loadingURI&quot;:&quot;#&quot;,&quot;pointer&quot;:&quot;/items/properties/id&quot;}&#10;    domain: &quot;syntax&quot;&#10;    ignored: [&quot;examples&quot;]&#10;warning: the following keywords are unknown and will be ignored: [examples]&#10;    level: &quot;warning&quot;&#10;    schema: {&quot;loadingURI&quot;:&quot;#&quot;,&quot;pointer&quot;:&quot;/items/properties/nome&quot;}&#10;    domain: &quot;syntax&quot;&#10;    ignored: [&quot;examples&quot;]&#10;warning: the following keywords are unknown and will be ignored: [examples]&#10;    level: &quot;warning&quot;&#10;    schema: {&quot;loadingURI&quot;:&quot;#&quot;,&quot;pointer&quot;:&quot;/items/properties/parcelas&quot;}&#10;    domain: &quot;syntax&quot;&#10;    ignored: [&quot;examples&quot;]&#10;warning: the following keywords are unknown and will be ignored: [examples]&#10;    level: &quot;warning&quot;&#10;    schema: {&quot;loadingURI&quot;:&quot;#&quot;,&quot;pointer&quot;:&quot;/items/properties/seguro&quot;}&#10;    domain: &quot;syntax&quot;&#10;    ignored: [&quot;examples&quot;]&#10;warning: the following keywords are unknown and will be ignored: [examples]&#10;    level: &quot;warning&quot;&#10;    schema: {&quot;loadingURI&quot;:&quot;#&quot;,&quot;pointer&quot;:&quot;/items/properties/valor&quot;}&#10;    domain: &quot;syntax&quot;&#10;    ignored: [&quot;examples&quot;]&#10;warning: the following keywords are unknown and will be ignored: [examples]&#10;    level: &quot;warning&quot;&#10;    schema: {&quot;loadingURI&quot;:&quot;#&quot;,&quot;pointer&quot;:&quot;/items&quot;}&#10;    domain: &quot;syntax&quot;&#10;    ignored: [&quot;examples&quot;]&#10;warning: the following keywords are unknown and will be ignored: [examples]&#10;    level: &quot;warning&quot;&#10;    schema: {&quot;loadingURI&quot;:&quot;#&quot;,&quot;pointer&quot;:&quot;/items/properties/cpf&quot;}&#10;    domain: &quot;syntax&quot;&#10;    ignored: [&quot;examples&quot;]&#10;warning: the following keywords are unknown and will be ignored: [examples]&#10;    level: &quot;warning&quot;&#10;    schema: {&quot;loadingURI&quot;:&quot;#&quot;,&quot;pointer&quot;:&quot;/items/properties/email&quot;}&#10;    domain: &quot;syntax&quot;&#10;    ignored: [&quot;examples&quot;]&#10;warning: the following keywords are unknown and will be ignored: [examples]&#10;    level: &quot;warning&quot;&#10;    schema: {&quot;loadingURI&quot;:&quot;#&quot;,&quot;pointer&quot;:&quot;/items/properties/id&quot;}&#10;    domain: &quot;syntax&quot;&#10;    ignored: [&quot;examples&quot;]&#10;warning: the following keywords are unknown and will be ignored: [examples]&#10;    level: &quot;warning&quot;&#10;    schema: {&quot;loadingURI&quot;:&quot;#&quot;,&quot;pointer&quot;:&quot;/items/properties/nome&quot;}&#10;    domain: &quot;syntax&quot;&#10;    ignored: [&quot;examples&quot;]&#10;warning: the following keywords are unknown and will be ignored: [examples]&#10;    level: &quot;warning&quot;&#10;    schema: {&quot;loadingURI&quot;:&quot;#&quot;,&quot;pointer&quot;:&quot;/items/properties/parcelas&quot;}&#10;    domain: &quot;syntax&quot;&#10;    ignored: [&quot;examples&quot;]&#10;warning: the following keywords are unknown and will be ignored: [examples]&#10;    level: &quot;warning&quot;&#10;    schema: {&quot;loadingURI&quot;:&quot;#&quot;,&quot;pointer&quot;:&quot;/items/properties/seguro&quot;}&#10;    domain: &quot;syntax&quot;&#10;    ignored: [&quot;examples&quot;]&#10;warning: the following keywords are unknown and will be ignored: [examples]&#10;    level: &quot;warning&quot;&#10;    schema: {&quot;loadingURI&quot;:&quot;#&quot;,&quot;pointer&quot;:&quot;/items/properties/valor&quot;}&#10;    domain: &quot;syntax&quot;&#10;    ignored: [&quot;examples&quot;]&#10;warning: the following keywords are unknown and will be ignored: [examples]&#10;    level: &quot;warning&quot;&#10;    schema: {&quot;loadingURI&quot;:&quot;#&quot;,&quot;pointer&quot;:&quot;/items&quot;}&#10;    domain: &quot;syntax&quot;&#10;    ignored: [&quot;examples&quot;]&#10;warning: the following keywords are unknown and will be ignored: [examples]&#10;    level: &quot;warning&quot;&#10;    schema: {&quot;loadingURI&quot;:&quot;#&quot;,&quot;pointer&quot;:&quot;/items/properties/cpf&quot;}&#10;    domain: &quot;syntax&quot;&#10;    ignored: [&quot;examples&quot;]&#10;warning: the following keywords are unknown and will be ignored: [examples]&#10;    level: &quot;warning&quot;&#10;    schema: {&quot;loadingURI&quot;:&quot;#&quot;,&quot;pointer&quot;:&quot;/items/properties/email&quot;}&#10;    domain: &quot;syntax&quot;&#10;    ignored: [&quot;examples&quot;]&#10;warning: the following keywords are unknown and will be ignored: [examples]&#10;    level: &quot;warning&quot;&#10;    schema: {&quot;loadingURI&quot;:&quot;#&quot;,&quot;pointer&quot;:&quot;/items/properties/id&quot;}&#10;    domain: &quot;syntax&quot;&#10;    ignored: [&quot;examples&quot;]&#10;warning: the following keywords are unknown and will be ignored: [examples]&#10;    level: &quot;warning&quot;&#10;    schema: {&quot;loadingURI&quot;:&quot;#&quot;,&quot;pointer&quot;:&quot;/items/properties/nome&quot;}&#10;    domain: &quot;syntax&quot;&#10;    ignored: [&quot;examples&quot;]&#10;warning: the following keywords are unknown and will be ignored: [examples]&#10;    level: &quot;warning&quot;&#10;    schema: {&quot;loadingURI&quot;:&quot;#&quot;,&quot;pointer&quot;:&quot;/items/properties/parcelas&quot;}&#10;    domain: &quot;syntax&quot;&#10;    ignored: [&quot;examples&quot;]&#10;warning: the following keywords are unknown and will be ignored: [examples]&#10;    level: &quot;warning&quot;&#10;    schema: {&quot;loadingURI&quot;:&quot;#&quot;,&quot;pointer&quot;:&quot;/items/properties/seguro&quot;}&#10;    domain: &quot;syntax&quot;&#10;    ignored: [&quot;examples&quot;]&#10;warning: the following keywords are unknown and will be ignored: [examples]&#10;    level: &quot;warning&quot;&#10;    schema: {&quot;loadingURI&quot;:&quot;#&quot;,&quot;pointer&quot;:&quot;/items/properties/valor&quot;}&#10;    domain: &quot;syntax&quot;&#10;    ignored: [&quot;examples&quot;]&#10;warning: the following keywords are unknown and will be ignored: [examples]&#10;    level: &quot;warning&quot;&#10;    schema: {&quot;loadingURI&quot;:&quot;#&quot;,&quot;pointer&quot;:&quot;/items&quot;}&#10;    domain: &quot;syntax&quot;&#10;    ignored: [&quot;examples&quot;]&#10;warning: the following keywords are unknown and will be ignored: [examples]&#10;    level: &quot;warning&quot;&#10;    schema: {&quot;loadingURI&quot;:&quot;#&quot;,&quot;pointer&quot;:&quot;/items/properties/cpf&quot;}&#10;    domain: &quot;syntax&quot;&#10;    ignored: [&quot;examples&quot;]&#10;warning: the following keywords are unknown and will be ignored: [examples]&#10;    level: &quot;warning&quot;&#10;    schema: {&quot;loadingURI&quot;:&quot;#&quot;,&quot;pointer&quot;:&quot;/items/properties/email&quot;}&#10;    domain: &quot;syntax&quot;&#10;    ignored: [&quot;examples&quot;]&#10;warning: the following keywords are unknown and will be ignored: [examples]&#10;    level: &quot;warning&quot;&#10;    schema: {&quot;loadingURI&quot;:&quot;#&quot;,&quot;pointer&quot;:&quot;/items/properties/id&quot;}&#10;    domain: &quot;syntax&quot;&#10;    ignored: [&quot;examples&quot;]&#10;warning: the following keywords are unknown and will be ignored: [examples]&#10;    level: &quot;warning&quot;&#10;    schema: {&quot;loadingURI&quot;:&quot;#&quot;,&quot;pointer&quot;:&quot;/items/properties/nome&quot;}&#10;    domain: &quot;syntax&quot;&#10;    ignored: [&quot;examples&quot;]&#10;warning: the following keywords are unknown and will be ignored: [examples]&#10;    level: &quot;warning&quot;&#10;    schema: {&quot;loadingURI&quot;:&quot;#&quot;,&quot;pointer&quot;:&quot;/items/properties/parcelas&quot;}&#10;    domain: &quot;syntax&quot;&#10;    ignored: [&quot;examples&quot;]&#10;warning: the following keywords are unknown and will be ignored: [examples]&#10;    level: &quot;warning&quot;&#10;    schema: {&quot;loadingURI&quot;:&quot;#&quot;,&quot;pointer&quot;:&quot;/items/properties/seguro&quot;}&#10;    domain: &quot;syntax&quot;&#10;    ignored: [&quot;examples&quot;]&#10;warning: the following keywords are unknown and will be ignored: [examples]&#10;    level: &quot;warning&quot;&#10;    schema: {&quot;loadingURI&quot;:&quot;#&quot;,&quot;pointer&quot;:&quot;/items/properties/valor&quot;}&#10;    domain: &quot;syntax&quot;&#10;    ignored: [&quot;examples&quot;]&#10;warning: the following keywords are unknown and will be ignored: [examples]&#10;    level: &quot;warning&quot;&#10;    schema: {&quot;loadingURI&quot;:&quot;#&quot;,&quot;pointer&quot;:&quot;/items&quot;}&#10;    domain: &quot;syntax&quot;&#10;    ignored: [&quot;examples&quot;]&#10;warning: the following keywords are unknown and will be ignored: [examples]&#10;    level: &quot;warning&quot;&#10;    schema: {&quot;loadingURI&quot;:&quot;#&quot;,&quot;pointer&quot;:&quot;/items/properties/cpf&quot;}&#10;    domain: &quot;syntax&quot;&#10;    ignored: [&quot;examples&quot;]&#10;warning: the following keywords are unknown and will be ignored: [examples]&#10;    level: &quot;warning&quot;&#10;    schema: {&quot;loadingURI&quot;:&quot;#&quot;,&quot;pointer&quot;:&quot;/items/properties/email&quot;}&#10;    domain: &quot;syntax&quot;&#10;    ignored: [&quot;examples&quot;]&#10;warning: the following keywords are unknown and will be ignored: [examples]&#10;    level: &quot;warning&quot;&#10;    schema: {&quot;loadingURI&quot;:&quot;#&quot;,&quot;pointer&quot;:&quot;/items/properties/id&quot;}&#10;    domain: &quot;syntax&quot;&#10;    ignored: [&quot;examples&quot;]&#10;warning: the following keywords are unknown and will be ignored: [examples]&#10;    level: &quot;warning&quot;&#10;    schema: {&quot;loadingURI&quot;:&quot;#&quot;,&quot;pointer&quot;:&quot;/items/properties/nome&quot;}&#10;    domain: &quot;syntax&quot;&#10;    ignored: [&quot;examples&quot;]&#10;warning: the following keywords are unknown and will be ignored: [examples]&#10;    level: &quot;warning&quot;&#10;    schema: {&quot;loadingURI&quot;:&quot;#&quot;,&quot;pointer&quot;:&quot;/items/properties/parcelas&quot;}&#10;    domain: &quot;syntax&quot;&#10;    ignored: [&quot;examples&quot;]&#10;warning: the following keywords are unknown and will be ignored: [examples]&#10;    level: &quot;warning&quot;&#10;    schema: {&quot;loadingURI&quot;:&quot;#&quot;,&quot;pointer&quot;:&quot;/items/properties/seguro&quot;}&#10;    domain: &quot;syntax&quot;&#10;    ignored: [&quot;examples&quot;]&#10;warning: the following keywords are unknown and will be ignored: [examples]&#10;    level: &quot;warning&quot;&#10;    schema: {&quot;loadingURI&quot;:&quot;#&quot;,&quot;pointer&quot;:&quot;/items/properties/valor&quot;}&#10;    domain: &quot;syntax&quot;&#10;    ignored: [&quot;examples&quot;]&#10;warning: the following keywords are unknown and will be ignored: [examples]&#10;    level: &quot;warning&quot;&#10;    schema: {&quot;loadingURI&quot;:&quot;#&quot;,&quot;pointer&quot;:&quot;/items&quot;}&#10;    domain: &quot;syntax&quot;&#10;    ignored: [&quot;examples&quot;]&#10;warning: the following keywords are unknown and will be ignored: [examples]&#10;    level: &quot;warning&quot;&#10;    schema: {&quot;loadingURI&quot;:&quot;#&quot;,&quot;pointer&quot;:&quot;/items/properties/cpf&quot;}&#10;    domain: &quot;syntax&quot;&#10;    ignored: [&quot;examples&quot;]&#10;warning: the following keywords are unknown and will be ignored: [examples]&#10;    level: &quot;warning&quot;&#10;    schema: {&quot;loadingURI&quot;:&quot;#&quot;,&quot;pointer&quot;:&quot;/items/properties/email&quot;}&#10;    domain: &quot;syntax&quot;&#10;    ignored: [&quot;examples&quot;]&#10;warning: the following keywords are unknown and will be ignored: [examples]&#10;    level: &quot;warning&quot;&#10;    schema: {&quot;loadingURI&quot;:&quot;#&quot;,&quot;pointer&quot;:&quot;/items/properties/id&quot;}&#10;    domain: &quot;syntax&quot;&#10;    ignored: [&quot;examples&quot;]&#10;warning: the following keywords are unknown and will be ignored: [examples]&#10;    level: &quot;warning&quot;&#10;    schema: {&quot;loadingURI&quot;:&quot;#&quot;,&quot;pointer&quot;:&quot;/items/properties/nome&quot;}&#10;    domain: &quot;syntax&quot;&#10;    ignored: [&quot;examples&quot;]&#10;warning: the following keywords are unknown and will be ignored: [examples]&#10;    level: &quot;warning&quot;&#10;    schema: {&quot;loadingURI&quot;:&quot;#&quot;,&quot;pointer&quot;:&quot;/items/properties/parcelas&quot;}&#10;    domain: &quot;syntax&quot;&#10;    ignored: [&quot;examples&quot;]&#10;warning: the following keywords are unknown and will be ignored: [examples]&#10;    level: &quot;warning&quot;&#10;    schema: {&quot;loadingURI&quot;:&quot;#&quot;,&quot;pointer&quot;:&quot;/items/properties/seguro&quot;}&#10;    domain: &quot;syntax&quot;&#10;    ignored: [&quot;examples&quot;]&#10;warning: the following keywords are unknown and will be ignored: [examples]&#10;    level: &quot;warning&quot;&#10;    schema: {&quot;loadingURI&quot;:&quot;#&quot;,&quot;pointer&quot;:&quot;/items/properties/valor&quot;}&#10;    domain: &quot;syntax&quot;&#10;    ignored: [&quot;examples&quot;]&#10;warning: the following keywords are unknown and will be ignored: [examples]&#10;    level: &quot;warning&quot;&#10;    schema: {&quot;loadingURI&quot;:&quot;#&quot;,&quot;pointer&quot;:&quot;/items&quot;}&#10;    domain: &quot;syntax&quot;&#10;    ignored: [&quot;examples&quot;]&#10;warning: the following keywords are unknown and will be ignored: [examples]&#10;    level: &quot;warning&quot;&#10;    schema: {&quot;loadingURI&quot;:&quot;#&quot;,&quot;pointer&quot;:&quot;/items/properties/cpf&quot;}&#10;    domain: &quot;syntax&quot;&#10;    ignored: [&quot;examples&quot;]&#10;warning: the following keywords are unknown and will be ignored: [examples]&#10;    level: &quot;warning&quot;&#10;    schema: {&quot;loadingURI&quot;:&quot;#&quot;,&quot;pointer&quot;:&quot;/items/properties/email&quot;}&#10;    domain: &quot;syntax&quot;&#10;    ignored: [&quot;examples&quot;]&#10;warning: the following keywords are unknown and will be ignored: [examples]&#10;    level: &quot;warning&quot;&#10;    schema: {&quot;loadingURI&quot;:&quot;#&quot;,&quot;pointer&quot;:&quot;/items/properties/id&quot;}&#10;    domain: &quot;syntax&quot;&#10;    ignored: [&quot;examples&quot;]&#10;warning: the following keywords are unknown and will be ignored: [examples]&#10;    level: &quot;warning&quot;&#10;    schema: {&quot;loadingURI&quot;:&quot;#&quot;,&quot;pointer&quot;:&quot;/items/properties/nome&quot;}&#10;    domain: &quot;syntax&quot;&#10;    ignored: [&quot;examples&quot;]&#10;warning: the following keywords are unknown and will be ignored: [examples]&#10;    level: &quot;warning&quot;&#10;    schema: {&quot;loadingURI&quot;:&quot;#&quot;,&quot;pointer&quot;:&quot;/items/properties/parcelas&quot;}&#10;    domain: &quot;syntax&quot;&#10;    ignored: [&quot;examples&quot;]&#10;warning: the following keywords are unknown and will be ignored: [examples]&#10;    level: &quot;warning&quot;&#10;    schema: {&quot;loadingURI&quot;:&quot;#&quot;,&quot;pointer&quot;:&quot;/items/properties/seguro&quot;}&#10;    domain: &quot;syntax&quot;&#10;    ignored: [&quot;examples&quot;]&#10;warning: the following keywords are unknown and will be ignored: [examples]&#10;    level: &quot;warning&quot;&#10;    schema: {&quot;loadingURI&quot;:&quot;#&quot;,&quot;pointer&quot;:&quot;/items/properties/valor&quot;}&#10;    domain: &quot;syntax&quot;&#10;    ignored: [&quot;examples&quot;]&#10;warning: the following keywords are unknown and will be ignored: [examples]&#10;    level: &quot;warning&quot;&#10;    schema: {&quot;loadingURI&quot;:&quot;#&quot;,&quot;pointer&quot;:&quot;/items&quot;}&#10;    domain: &quot;syntax&quot;&#10;    ignored: [&quot;examples&quot;]&#10;warning: the following keywords are unknown and will be ignored: [examples]&#10;    level: &quot;warning&quot;&#10;    schema: {&quot;loadingURI&quot;:&quot;#&quot;,&quot;pointer&quot;:&quot;/items/properties/cpf&quot;}&#10;    domain: &quot;syntax&quot;&#10;    ignored: [&quot;examples&quot;]&#10;warning: the following keywords are unknown and will be ignored: [examples]&#10;    level: &quot;warning&quot;&#10;    schema: {&quot;loadingURI&quot;:&quot;#&quot;,&quot;pointer&quot;:&quot;/items/properties/email&quot;}&#10;    domain: &quot;syntax&quot;&#10;    ignored: [&quot;examples&quot;]&#10;warning: the following keywords are unknown and will be ignored: [examples]&#10;    level: &quot;warning&quot;&#10;    schema: {&quot;loadingURI&quot;:&quot;#&quot;,&quot;pointer&quot;:&quot;/items/properties/id&quot;}&#10;    domain: &quot;syntax&quot;&#10;    ignored: [&quot;examples&quot;]&#10;warning: the following keywords are unknown and will be ignored: [examples]&#10;    level: &quot;warning&quot;&#10;    schema: {&quot;loadingURI&quot;:&quot;#&quot;,&quot;pointer&quot;:&quot;/items/properties/nome&quot;}&#10;    domain: &quot;syntax&quot;&#10;    ignored: [&quot;examples&quot;]&#10;warning: the following keywords are unknown and will be ignored: [examples]&#10;    level: &quot;warning&quot;&#10;    schema: {&quot;loadingURI&quot;:&quot;#&quot;,&quot;pointer&quot;:&quot;/items/properties/parcelas&quot;}&#10;    domain: &quot;syntax&quot;&#10;    ignored: [&quot;examples&quot;]&#10;warning: the following keywords are unknown and will be ignored: [examples]&#10;    level: &quot;warning&quot;&#10;    schema: {&quot;loadingURI&quot;:&quot;#&quot;,&quot;pointer&quot;:&quot;/items/properties/seguro&quot;}&#10;    domain: &quot;syntax&quot;&#10;    ignored: [&quot;examples&quot;]&#10;warning: the following keywords are unknown and will be ignored: [examples]&#10;    level: &quot;warning&quot;&#10;    schema: {&quot;loadingURI&quot;:&quot;#&quot;,&quot;pointer&quot;:&quot;/items/properties/valor&quot;}&#10;    domain: &quot;syntax&quot;&#10;    ignored: [&quot;examples&quot;]&#10;warning: the following keywords are unknown and will be ignored: [examples]&#10;    level: &quot;warning&quot;&#10;    schema: {&quot;loadingURI&quot;:&quot;#&quot;,&quot;pointer&quot;:&quot;/items&quot;}&#10;    domain: &quot;syntax&quot;&#10;    ignored: [&quot;examples&quot;]&#10;warning: the following keywords are unknown and will be ignored: [examples]&#10;    level: &quot;warning&quot;&#10;    schema: {&quot;loadingURI&quot;:&quot;#&quot;,&quot;pointer&quot;:&quot;/items/properties/cpf&quot;}&#10;    domain: &quot;syntax&quot;&#10;    ignored: [&quot;examples&quot;]&#10;warning: the following keywords are unknown and will be ignored: [examples]&#10;    level: &quot;warning&quot;&#10;    schema: {&quot;loadingURI&quot;:&quot;#&quot;,&quot;pointer&quot;:&quot;/items/properties/email&quot;}&#10;    domain: &quot;syntax&quot;&#10;    ignored: [&quot;examples&quot;]&#10;warning: the following keywords are unknown and will be ignored: [examples]&#10;    level: &quot;warning&quot;&#10;    schema: {&quot;loadingURI&quot;:&quot;#&quot;,&quot;pointer&quot;:&quot;/items/properties/id&quot;}&#10;    domain: &quot;syntax&quot;&#10;    ignored: [&quot;examples&quot;]&#10;warning: the following keywords are unknown and will be ignored: [examples]&#10;    level: &quot;warning&quot;&#10;    schema: {&quot;loadingURI&quot;:&quot;#&quot;,&quot;pointer&quot;:&quot;/items/properties/nome&quot;}&#10;    domain: &quot;syntax&quot;&#10;    ignored: [&quot;examples&quot;]&#10;warning: the following keywords are unknown and will be ignored: [examples]&#10;    level: &quot;warning&quot;&#10;    schema: {&quot;loadingURI&quot;:&quot;#&quot;,&quot;pointer&quot;:&quot;/items/properties/parcelas&quot;}&#10;    domain: &quot;syntax&quot;&#10;    ignored: [&quot;examples&quot;]&#10;warning: the following keywords are unknown and will be ignored: [examples]&#10;    level: &quot;warning&quot;&#10;    schema: {&quot;loadingURI&quot;:&quot;#&quot;,&quot;pointer&quot;:&quot;/items/properties/seguro&quot;}&#10;    domain: &quot;syntax&quot;&#10;    ignored: [&quot;examples&quot;]&#10;warning: the following keywords are unknown and will be ignored: [examples]&#10;    level: &quot;warning&quot;&#10;    schema: {&quot;loadingURI&quot;:&quot;#&quot;,&quot;pointer&quot;:&quot;/items/properties/valor&quot;}&#10;    domain: &quot;syntax&quot;&#10;    ignored: [&quot;examples&quot;]&#10;warning: the following keywords are unknown and will be ignored: [examples]&#10;    level: &quot;warning&quot;&#10;    schema: {&quot;loadingURI&quot;:&quot;#&quot;,&quot;pointer&quot;:&quot;/items&quot;}&#10;    domain: &quot;syntax&quot;&#10;    ignored: [&quot;examples&quot;]&#10;warning: the following keywords are unknown and will be ignored: [examples]&#10;    level: &quot;warning&quot;&#10;    schema: {&quot;loadingURI&quot;:&quot;#&quot;,&quot;pointer&quot;:&quot;/items/properties/cpf&quot;}&#10;    domain: &quot;syntax&quot;&#10;    ignored: [&quot;examples&quot;]&#10;warning: the following keywords are unknown and will be ignored: [examples]&#10;    level: &quot;warning&quot;&#10;    schema: {&quot;loadingURI&quot;:&quot;#&quot;,&quot;pointer&quot;:&quot;/items/properties/email&quot;}&#10;    domain: &quot;syntax&quot;&#10;    ignored: [&quot;examples&quot;]&#10;warning: the following keywords are unknown and will be ignored: [examples]&#10;    level: &quot;warning&quot;&#10;    schema: {&quot;loadingURI&quot;:&quot;#&quot;,&quot;pointer&quot;:&quot;/items/properties/id&quot;}&#10;    domain: &quot;syntax&quot;&#10;    ignored: [&quot;examples&quot;]&#10;warning: the following keywords are unknown and will be ignored: [examples]&#10;    level: &quot;warning&quot;&#10;    schema: {&quot;loadingURI&quot;:&quot;#&quot;,&quot;pointer&quot;:&quot;/items/properties/nome&quot;}&#10;    domain: &quot;syntax&quot;&#10;    ignored: [&quot;examples&quot;]&#10;warning: the following keywords are unknown and will be ignored: [examples]&#10;    level: &quot;warning&quot;&#10;    schema: {&quot;loadingURI&quot;:&quot;#&quot;,&quot;pointer&quot;:&quot;/items/properties/parcelas&quot;}&#10;    domain: &quot;syntax&quot;&#10;    ignored: [&quot;examples&quot;]&#10;warning: the following keywords are unknown and will be ignored: [examples]&#10;    level: &quot;warning&quot;&#10;    schema: {&quot;loadingURI&quot;:&quot;#&quot;,&quot;pointer&quot;:&quot;/items/properties/seguro&quot;}&#10;    domain: &quot;syntax&quot;&#10;    ignored: [&quot;examples&quot;]&#10;warning: the following keywords are unknown and will be ignored: [examples]&#10;    level: &quot;warning&quot;&#10;    schema: {&quot;loadingURI&quot;:&quot;#&quot;,&quot;pointer&quot;:&quot;/items/properties/valor&quot;}&#10;    domain: &quot;syntax&quot;&#10;    ignored: [&quot;examples&quot;]&#10;warning: the following keywords are unknown and will be ignored: [examples]&#10;    level: &quot;warning&quot;&#10;    schema: {&quot;loadingURI&quot;:&quot;#&quot;,&quot;pointer&quot;:&quot;/items&quot;}&#10;    domain: &quot;syntax&quot;&#10;    ignored: [&quot;examples&quot;]&#10;warning: the following keywords are unknown and will be ignored: [examples]&#10;    level: &quot;warning&quot;&#10;    schema: {&quot;loadingURI&quot;:&quot;#&quot;,&quot;pointer&quot;:&quot;/items/properties/cpf&quot;}&#10;    domain: &quot;syntax&quot;&#10;    ignored: [&quot;examples&quot;]&#10;warning: the following keywords are unknown and will be ignored: [examples]&#10;    level: &quot;warning&quot;&#10;    schema: {&quot;loadingURI&quot;:&quot;#&quot;,&quot;pointer&quot;:&quot;/items/properties/email&quot;}&#10;    domain: &quot;syntax&quot;&#10;    ignored: [&quot;examples&quot;]&#10;warning: the following keywords are unknown and will be ignored: [examples]&#10;    level: &quot;warning&quot;&#10;    schema: {&quot;loadingURI&quot;:&quot;#&quot;,&quot;pointer&quot;:&quot;/items/properties/id&quot;}&#10;    domain: &quot;syntax&quot;&#10;    ignored: [&quot;examples&quot;]&#10;warning: the following keywords are unknown and will be ignored: [examples]&#10;    level: &quot;warning&quot;&#10;    schema: {&quot;loadingURI&quot;:&quot;#&quot;,&quot;pointer&quot;:&quot;/items/properties/nome&quot;}&#10;    domain: &quot;syntax&quot;&#10;    ignored: [&quot;examples&quot;]&#10;warning: the following keywords are unknown and will be ignored: [examples]&#10;    level: &quot;warning&quot;&#10;    schema: {&quot;loadingURI&quot;:&quot;#&quot;,&quot;pointer&quot;:&quot;/items/properties/parcelas&quot;}&#10;    domain: &quot;syntax&quot;&#10;    ignored: [&quot;examples&quot;]&#10;warning: the following keywords are unknown and will be ignored: [examples]&#10;    level: &quot;warning&quot;&#10;    schema: {&quot;loadingURI&quot;:&quot;#&quot;,&quot;pointer&quot;:&quot;/items/properties/seguro&quot;}&#10;    domain: &quot;syntax&quot;&#10;    ignored: [&quot;examples&quot;]&#10;warning: the following keywords are unknown and will be ignored: [examples]&#10;    level: &quot;warning&quot;&#10;    schema: {&quot;loadingURI&quot;:&quot;#&quot;,&quot;pointer&quot;:&quot;/items/properties/valor&quot;}&#10;    domain: &quot;syntax&quot;&#10;    ignored: [&quot;examples&quot;]&#10;warning: the following keywords are unknown and will be ignored: [examples]&#10;    level: &quot;warning&quot;&#10;    schema: {&quot;loadingURI&quot;:&quot;#&quot;,&quot;pointer&quot;:&quot;/items&quot;}&#10;    domain: &quot;syntax&quot;&#10;    ignored: [&quot;examples&quot;]&#10;warning: the following keywords are unknown and will be ignored: [examples]&#10;    level: &quot;warning&quot;&#10;    schema: {&quot;loadingURI&quot;:&quot;#&quot;,&quot;pointer&quot;:&quot;/items/properties/cpf&quot;}&#10;    domain: &quot;syntax&quot;&#10;    ignored: [&quot;examples&quot;]&#10;warning: the following keywords are unknown and will be ignored: [examples]&#10;    level: &quot;warning&quot;&#10;    schema: {&quot;loadingURI&quot;:&quot;#&quot;,&quot;pointer&quot;:&quot;/items/properties/email&quot;}&#10;    domain: &quot;syntax&quot;&#10;    ignored: [&quot;examples&quot;]&#10;warning: the following keywords are unknown and will be ignored: [examples]&#10;    level: &quot;warning&quot;&#10;    schema: {&quot;loadingURI&quot;:&quot;#&quot;,&quot;pointer&quot;:&quot;/items/properties/id&quot;}&#10;    domain: &quot;syntax&quot;&#10;    ignored: [&quot;examples&quot;]&#10;warning: the following keywords are unknown and will be ignored: [examples]&#10;    level: &quot;warning&quot;&#10;    schema: {&quot;loadingURI&quot;:&quot;#&quot;,&quot;pointer&quot;:&quot;/items/properties/nome&quot;}&#10;    domain: &quot;syntax&quot;&#10;    ignored: [&quot;examples&quot;]&#10;warning: the following keywords are unknown and will be ignored: [examples]&#10;    level: &quot;warning&quot;&#10;    schema: {&quot;loadingURI&quot;:&quot;#&quot;,&quot;pointer&quot;:&quot;/items/properties/parcelas&quot;}&#10;    domain: &quot;syntax&quot;&#10;    ignored: [&quot;examples&quot;]&#10;warning: the following keywords are unknown and will be ignored: [examples]&#10;    level: &quot;warning&quot;&#10;    schema: {&quot;loadingURI&quot;:&quot;#&quot;,&quot;pointer&quot;:&quot;/items/properties/seguro&quot;}&#10;    domain: &quot;syntax&quot;&#10;    ignored: [&quot;examples&quot;]&#10;warning: the following keywords are unknown and will be ignored: [examples]&#10;    level: &quot;warning&quot;&#10;    schema: {&quot;loadingURI&quot;:&quot;#&quot;,&quot;pointer&quot;:&quot;/items/properties/valor&quot;}&#10;    domain: &quot;syntax&quot;&#10;    ignored: [&quot;examples&quot;]&#10;warning: the following keywords are unknown and will be ignored: [examples]&#10;    level: &quot;warning&quot;&#10;    schema: {&quot;loadingURI&quot;:&quot;#&quot;,&quot;pointer&quot;:&quot;/items&quot;}&#10;    domain: &quot;syntax&quot;&#10;    ignored: [&quot;examples&quot;]&#10;warning: the following keywords are unknown and will be ignored: [examples]&#10;    level: &quot;warning&quot;&#10;    schema: {&quot;loadingURI&quot;:&quot;#&quot;,&quot;pointer&quot;:&quot;/items/properties/cpf&quot;}&#10;    domain: &quot;syntax&quot;&#10;    ignored: [&quot;examples&quot;]&#10;warning: the following keywords are unknown and will be ignored: [examples]&#10;    level: &quot;warning&quot;&#10;    schema: {&quot;loadingURI&quot;:&quot;#&quot;,&quot;pointer&quot;:&quot;/items/properties/email&quot;}&#10;    domain: &quot;syntax&quot;&#10;    ignored: [&quot;examples&quot;]&#10;warning: the following keywords are unknown and will be ignored: [examples]&#10;    level: &quot;warning&quot;&#10;    schema: {&quot;loadingURI&quot;:&quot;#&quot;,&quot;pointer&quot;:&quot;/items/properties/id&quot;}&#10;    domain: &quot;syntax&quot;&#10;    ignored: [&quot;examples&quot;]&#10;warning: the following keywords are unknown and will be ignored: [examples]&#10;    level: &quot;warning&quot;&#10;    schema: {&quot;loadingURI&quot;:&quot;#&quot;,&quot;pointer&quot;:&quot;/items/properties/nome&quot;}&#10;    domain: &quot;syntax&quot;&#10;    ignored: [&quot;examples&quot;]&#10;warning: the following keywords are unknown and will be ignored: [examples]&#10;    level: &quot;warning&quot;&#10;    schema: {&quot;loadingURI&quot;:&quot;#&quot;,&quot;pointer&quot;:&quot;/items/properties/parcelas&quot;}&#10;    domain: &quot;syntax&quot;&#10;    ignored: [&quot;examples&quot;]&#10;warning: the following keywords are unknown and will be ignored: [examples]&#10;    level: &quot;warning&quot;&#10;    schema: {&quot;loadingURI&quot;:&quot;#&quot;,&quot;pointer&quot;:&quot;/items/properties/seguro&quot;}&#10;    domain: &quot;syntax&quot;&#10;    ignored: [&quot;examples&quot;]&#10;warning: the following keywords are unknown and will be ignored: [examples]&#10;    level: &quot;warning&quot;&#10;    schema: {&quot;loadingURI&quot;:&quot;#&quot;,&quot;pointer&quot;:&quot;/items/properties/valor&quot;}&#10;    domain: &quot;syntax&quot;&#10;    ignored: [&quot;examples&quot;]&#10;warning: the following keywords are unknown and will be ignored: [examples]&#10;    level: &quot;warning&quot;&#10;    schema: {&quot;loadingURI&quot;:&quot;#&quot;,&quot;pointer&quot;:&quot;/items&quot;}&#10;    domain: &quot;syntax&quot;&#10;    ignored: [&quot;examples&quot;]&#10;warning: the following keywords are unknown and will be ignored: [examples]&#10;    level: &quot;warning&quot;&#10;    schema: {&quot;loadingURI&quot;:&quot;#&quot;,&quot;pointer&quot;:&quot;/items/properties/cpf&quot;}&#10;    domain: &quot;syntax&quot;&#10;    ignored: [&quot;examples&quot;]&#10;warning: the following keywords are unknown and will be ignored: [examples]&#10;    level: &quot;warning&quot;&#10;    schema: {&quot;loadingURI&quot;:&quot;#&quot;,&quot;pointer&quot;:&quot;/items/properties/email&quot;}&#10;    domain: &quot;syntax&quot;&#10;    ignored: [&quot;examples&quot;]&#10;warning: the following keywords are unknown and will be ignored: [examples]&#10;    level: &quot;warning&quot;&#10;    schema: {&quot;loadingURI&quot;:&quot;#&quot;,&quot;pointer&quot;:&quot;/items/properties/id&quot;}&#10;    domain: &quot;syntax&quot;&#10;    ignored: [&quot;examples&quot;]&#10;warning: the following keywords are unknown and will be ignored: [examples]&#10;    level: &quot;warning&quot;&#10;    schema: {&quot;loadingURI&quot;:&quot;#&quot;,&quot;pointer&quot;:&quot;/items/properties/nome&quot;}&#10;    domain: &quot;syntax&quot;&#10;    ignored: [&quot;examples&quot;]&#10;warning: the following keywords are unknown and will be ignored: [examples]&#10;    level: &quot;warning&quot;&#10;    schema: {&quot;loadingURI&quot;:&quot;#&quot;,&quot;pointer&quot;:&quot;/items/properties/parcelas&quot;}&#10;    domain: &quot;syntax&quot;&#10;    ignored: [&quot;examples&quot;]&#10;warning: the following keywords are unknown and will be ignored: [examples]&#10;    level: &quot;warning&quot;&#10;    schema: {&quot;loadingURI&quot;:&quot;#&quot;,&quot;pointer&quot;:&quot;/items/properties/seguro&quot;}&#10;    domain: &quot;syntax&quot;&#10;    ignored: [&quot;examples&quot;]&#10;warning: the following keywords are unknown and will be ignored: [examples]&#10;    level: &quot;warning&quot;&#10;    schema: {&quot;loadingURI&quot;:&quot;#&quot;,&quot;pointer&quot;:&quot;/items/properties/valor&quot;}&#10;    domain: &quot;syntax&quot;&#10;    ignored: [&quot;examples&quot;]&#10;warning: the following keywords are unknown and will be ignored: [examples]&#10;    level: &quot;warning&quot;&#10;    schema: {&quot;loadingURI&quot;:&quot;#&quot;,&quot;pointer&quot;:&quot;/items&quot;}&#10;    domain: &quot;syntax&quot;&#10;    ignored: [&quot;examples&quot;]&#10;warning: the following keywords are unknown and will be ignored: [examples]&#10;    level: &quot;warning&quot;&#10;    schema: {&quot;loadingURI&quot;:&quot;#&quot;,&quot;pointer&quot;:&quot;/items/properties/cpf&quot;}&#10;    domain: &quot;syntax&quot;&#10;    ignored: [&quot;examples&quot;]&#10;warning: the following keywords are unknown and will be ignored: [examples]&#10;    level: &quot;warning&quot;&#10;    schema: {&quot;loadingURI&quot;:&quot;#&quot;,&quot;pointer&quot;:&quot;/items/properties/email&quot;}&#10;    domain: &quot;syntax&quot;&#10;    ignored: [&quot;examples&quot;]&#10;warning: the following keywords are unknown and will be ignored: [examples]&#10;    level: &quot;warning&quot;&#10;    schema: {&quot;loadingURI&quot;:&quot;#&quot;,&quot;pointer&quot;:&quot;/items/properties/id&quot;}&#10;    domain: &quot;syntax&quot;&#10;    ignored: [&quot;examples&quot;]&#10;warning: the following keywords are unknown and will be ignored: [examples]&#10;    level: &quot;warning&quot;&#10;    schema: {&quot;loadingURI&quot;:&quot;#&quot;,&quot;pointer&quot;:&quot;/items/properties/nome&quot;}&#10;    domain: &quot;syntax&quot;&#10;    ignored: [&quot;examples&quot;]&#10;warning: the following keywords are unknown and will be ignored: [examples]&#10;    level: &quot;warning&quot;&#10;    schema: {&quot;loadingURI&quot;:&quot;#&quot;,&quot;pointer&quot;:&quot;/items/properties/parcelas&quot;}&#10;    domain: &quot;syntax&quot;&#10;    ignored: [&quot;examples&quot;]&#10;warning: the following keywords are unknown and will be ignored: [examples]&#10;    level: &quot;warning&quot;&#10;    schema: {&quot;loadingURI&quot;:&quot;#&quot;,&quot;pointer&quot;:&quot;/items/properties/seguro&quot;}&#10;    domain: &quot;syntax&quot;&#10;    ignored: [&quot;examples&quot;]&#10;warning: the following keywords are unknown and will be ignored: [examples]&#10;    level: &quot;warning&quot;&#10;    schema: {&quot;loadingURI&quot;:&quot;#&quot;,&quot;pointer&quot;:&quot;/items/properties/valor&quot;}&#10;    domain: &quot;syntax&quot;&#10;    ignored: [&quot;examples&quot;]&#10;warning: the following keywords are unknown and will be ignored: [examples]&#10;    level: &quot;warning&quot;&#10;    schema: {&quot;loadingURI&quot;:&quot;#&quot;,&quot;pointer&quot;:&quot;/items&quot;}&#10;    domain: &quot;syntax&quot;&#10;    ignored: [&quot;examples&quot;]&#10;warning: the following keywords are unknown and will be ignored: [examples]&#10;    level: &quot;warning&quot;&#10;    schema: {&quot;loadingURI&quot;:&quot;#&quot;,&quot;pointer&quot;:&quot;/items/properties/cpf&quot;}&#10;    domain: &quot;syntax&quot;&#10;    ignored: [&quot;examples&quot;]&#10;warning: the following keywords are unknown and will be ignored: [examples]&#10;    level: &quot;warning&quot;&#10;    schema: {&quot;loadingURI&quot;:&quot;#&quot;,&quot;pointer&quot;:&quot;/items/properties/email&quot;}&#10;    domain: &quot;syntax&quot;&#10;    ignored: [&quot;examples&quot;]&#10;warning: the following keywords are unknown and will be ignored: [examples]&#10;    level: &quot;warning&quot;&#10;    schema: {&quot;loadingURI&quot;:&quot;#&quot;,&quot;pointer&quot;:&quot;/items/properties/id&quot;}&#10;    domain: &quot;syntax&quot;&#10;    ignored: [&quot;examples&quot;]&#10;warning: the following keywords are unknown and will be ignored: [examples]&#10;    level: &quot;warning&quot;&#10;    schema: {&quot;loadingURI&quot;:&quot;#&quot;,&quot;pointer&quot;:&quot;/items/properties/nome&quot;}&#10;    domain: &quot;syntax&quot;&#10;    ignored: [&quot;examples&quot;]&#10;warning: the following keywords are unknown and will be ignored: [examples]&#10;    level: &quot;warning&quot;&#10;    schema: {&quot;loadingURI&quot;:&quot;#&quot;,&quot;pointer&quot;:&quot;/items/properties/parcelas&quot;}&#10;    domain: &quot;syntax&quot;&#10;    ignored: [&quot;examples&quot;]&#10;warning: the following keywords are unknown and will be ignored: [examples]&#10;    level: &quot;warning&quot;&#10;    schema: {&quot;loadingURI&quot;:&quot;#&quot;,&quot;pointer&quot;:&quot;/items/properties/seguro&quot;}&#10;    domain: &quot;syntax&quot;&#10;    ignored: [&quot;examples&quot;]&#10;warning: the following keywords are unknown and will be ignored: [examples]&#10;    level: &quot;warning&quot;&#10;    schema: {&quot;loadingURI&quot;:&quot;#&quot;,&quot;pointer&quot;:&quot;/items/properties/valor&quot;}&#10;    domain: &quot;syntax&quot;&#10;    ignored: [&quot;examples&quot;]&#10;warning: the following keywords are unknown and will be ignored: [examples]&#10;    level: &quot;warning&quot;&#10;    schema: {&quot;loadingURI&quot;:&quot;#&quot;,&quot;pointer&quot;:&quot;/items&quot;}&#10;    domain: &quot;syntax&quot;&#10;    ignored: [&quot;examples&quot;]&#10;warning: the following keywords are unknown and will be ignored: [examples]&#10;    level: &quot;warning&quot;&#10;    schema: {&quot;loadingURI&quot;:&quot;#&quot;,&quot;pointer&quot;:&quot;/items/properties/cpf&quot;}&#10;    domain: &quot;syntax&quot;&#10;    ignored: [&quot;examples&quot;]&#10;warning: the following keywords are unknown and will be ignored: [examples]&#10;    level: &quot;warning&quot;&#10;    schema: {&quot;loadingURI&quot;:&quot;#&quot;,&quot;pointer&quot;:&quot;/items/properties/email&quot;}&#10;    domain: &quot;syntax&quot;&#10;    ignored: [&quot;examples&quot;]&#10;warning: the following keywords are unknown and will be ignored: [examples]&#10;    level: &quot;warning&quot;&#10;    schema: {&quot;loadingURI&quot;:&quot;#&quot;,&quot;pointer&quot;:&quot;/items/properties/id&quot;}&#10;    domain: &quot;syntax&quot;&#10;    ignored: [&quot;examples&quot;]&#10;warning: the following keywords are unknown and will be ignored: [examples]&#10;    level: &quot;warning&quot;&#10;    schema: {&quot;loadingURI&quot;:&quot;#&quot;,&quot;pointer&quot;:&quot;/items/properties/nome&quot;}&#10;    domain: &quot;syntax&quot;&#10;    ignored: [&quot;examples&quot;]&#10;warning: the following keywords are unknown and will be ignored: [examples]&#10;    level: &quot;warning&quot;&#10;    schema: {&quot;loadingURI&quot;:&quot;#&quot;,&quot;pointer&quot;:&quot;/items/properties/parcelas&quot;}&#10;    domain: &quot;syntax&quot;&#10;    ignored: [&quot;examples&quot;]&#10;warning: the following keywords are unknown and will be ignored: [examples]&#10;    level: &quot;warning&quot;&#10;    schema: {&quot;loadingURI&quot;:&quot;#&quot;,&quot;pointer&quot;:&quot;/items/properties/seguro&quot;}&#10;    domain: &quot;syntax&quot;&#10;    ignored: [&quot;examples&quot;]&#10;warning: the following keywords are unknown and will be ignored: [examples]&#10;    level: &quot;warning&quot;&#10;    schema: {&quot;loadingURI&quot;:&quot;#&quot;,&quot;pointer&quot;:&quot;/items/properties/valor&quot;}&#10;    domain: &quot;syntax&quot;&#10;    ignored: [&quot;examples&quot;]&#10;warning: the following keywords are unknown and will be ignored: [examples]&#10;    level: &quot;warning&quot;&#10;    schema: {&quot;loadingURI&quot;:&quot;#&quot;,&quot;pointer&quot;:&quot;/items&quot;}&#10;    domain: &quot;syntax&quot;&#10;    ignored: [&quot;examples&quot;]&#10;warning: the following keywords are unknown and will be ignored: [examples]&#10;    level: &quot;warning&quot;&#10;    schema: {&quot;loadingURI&quot;:&quot;#&quot;,&quot;pointer&quot;:&quot;/items/properties/cpf&quot;}&#10;    domain: &quot;syntax&quot;&#10;    ignored: [&quot;examples&quot;]&#10;warning: the following keywords are unknown and will be ignored: [examples]&#10;    level: &quot;warning&quot;&#10;    schema: {&quot;loadingURI&quot;:&quot;#&quot;,&quot;pointer&quot;:&quot;/items/properties/email&quot;}&#10;    domain: &quot;syntax&quot;&#10;    ignored: [&quot;examples&quot;]&#10;warning: the following keywords are unknown and will be ignored: [examples]&#10;    level: &quot;warning&quot;&#10;    schema: {&quot;loadingURI&quot;:&quot;#&quot;,&quot;pointer&quot;:&quot;/items/properties/id&quot;}&#10;    domain: &quot;syntax&quot;&#10;    ignored: [&quot;examples&quot;]&#10;warning: the following keywords are unknown and will be ignored: [examples]&#10;    level: &quot;warning&quot;&#10;    schema: {&quot;loadingURI&quot;:&quot;#&quot;,&quot;pointer&quot;:&quot;/items/properties/nome&quot;}&#10;    domain: &quot;syntax&quot;&#10;    ignored: [&quot;examples&quot;]&#10;warning: the following keywords are unknown and will be ignored: [examples]&#10;    level: &quot;warning&quot;&#10;    schema: {&quot;loadingURI&quot;:&quot;#&quot;,&quot;pointer&quot;:&quot;/items/properties/parcelas&quot;}&#10;    domain: &quot;syntax&quot;&#10;    ignored: [&quot;examples&quot;]&#10;warning: the following keywords are unknown and will be ignored: [examples]&#10;    level: &quot;warning&quot;&#10;    schema: {&quot;loadingURI&quot;:&quot;#&quot;,&quot;pointer&quot;:&quot;/items/properties/seguro&quot;}&#10;    domain: &quot;syntax&quot;&#10;    ignored: [&quot;examples&quot;]&#10;warning: the following keywords are unknown and will be ignored: [examples]&#10;    level: &quot;warning&quot;&#10;    schema: {&quot;loadingURI&quot;:&quot;#&quot;,&quot;pointer&quot;:&quot;/items/properties/valor&quot;}&#10;    domain: &quot;syntax&quot;&#10;    ignored: [&quot;examples&quot;]&#10;warning: the following keywords are unknown and will be ignored: [examples]&#10;    level: &quot;warning&quot;&#10;    schema: {&quot;loadingURI&quot;:&quot;#&quot;,&quot;pointer&quot;:&quot;/items&quot;}&#10;    domain: &quot;syntax&quot;&#10;    ignored: [&quot;examples&quot;]&#10;warning: the following keywords are unknown and will be ignored: [examples]&#10;    level: &quot;warning&quot;&#10;    schema: {&quot;loadingURI&quot;:&quot;#&quot;,&quot;pointer&quot;:&quot;/items/properties/cpf&quot;}&#10;    domain: &quot;syntax&quot;&#10;    ignored: [&quot;examples&quot;]&#10;warning: the following keywords are unknown and will be ignored: [examples]&#10;    level: &quot;warning&quot;&#10;    schema: {&quot;loadingURI&quot;:&quot;#&quot;,&quot;pointer&quot;:&quot;/items/properties/email&quot;}&#10;    domain: &quot;syntax&quot;&#10;    ignored: [&quot;examples&quot;]&#10;warning: the following keywords are unknown and will be ignored: [examples]&#10;    level: &quot;warning&quot;&#10;    schema: {&quot;loadingURI&quot;:&quot;#&quot;,&quot;pointer&quot;:&quot;/items/properties/id&quot;}&#10;    domain: &quot;syntax&quot;&#10;    ignored: [&quot;examples&quot;]&#10;warning: the following keywords are unknown and will be ignored: [examples]&#10;    level: &quot;warning&quot;&#10;    schema: {&quot;loadingURI&quot;:&quot;#&quot;,&quot;pointer&quot;:&quot;/items/properties/nome&quot;}&#10;    domain: &quot;syntax&quot;&#10;    ignored: [&quot;examples&quot;]&#10;warning: the following keywords are unknown and will be ignored: [examples]&#10;    level: &quot;warning&quot;&#10;    schema: {&quot;loadingURI&quot;:&quot;#&quot;,&quot;pointer&quot;:&quot;/items/properties/parcelas&quot;}&#10;    domain: &quot;syntax&quot;&#10;    ignored: [&quot;examples&quot;]&#10;warning: the following keywords are unknown and will be ignored: [examples]&#10;    level: &quot;warning&quot;&#10;    schema: {&quot;loadingURI&quot;:&quot;#&quot;,&quot;pointer&quot;:&quot;/items/properties/seguro&quot;}&#10;    domain: &quot;syntax&quot;&#10;    ignored: [&quot;examples&quot;]&#10;warning: the following keywords are unknown and will be ignored: [examples]&#10;    level: &quot;warning&quot;&#10;    schema: {&quot;loadingURI&quot;:&quot;#&quot;,&quot;pointer&quot;:&quot;/items/properties/valor&quot;}&#10;    domain: &quot;syntax&quot;&#10;    ignored: [&quot;examples&quot;]&#10;warning: the following keywords are unknown and will be ignored: [examples]&#10;    level: &quot;warning&quot;&#10;    schema: {&quot;loadingURI&quot;:&quot;#&quot;,&quot;pointer&quot;:&quot;/items&quot;}&#10;    domain: &quot;syntax&quot;&#10;    ignored: [&quot;examples&quot;]&#10;warning: the following keywords are unknown and will be ignored: [examples]&#10;    level: &quot;warning&quot;&#10;    schema: {&quot;loadingURI&quot;:&quot;#&quot;,&quot;pointer&quot;:&quot;/items/properties/cpf&quot;}&#10;    domain: &quot;syntax&quot;&#10;    ignored: [&quot;examples&quot;]&#10;warning: the following keywords are unknown and will be ignored: [examples]&#10;    level: &quot;warning&quot;&#10;    schema: {&quot;loadingURI&quot;:&quot;#&quot;,&quot;pointer&quot;:&quot;/items/properties/email&quot;}&#10;    domain: &quot;syntax&quot;&#10;    ignored: [&quot;examples&quot;]&#10;warning: the following keywords are unknown and will be ignored: [examples]&#10;    level: &quot;warning&quot;&#10;    schema: {&quot;loadingURI&quot;:&quot;#&quot;,&quot;pointer&quot;:&quot;/items/properties/id&quot;}&#10;    domain: &quot;syntax&quot;&#10;    ignored: [&quot;examples&quot;]&#10;warning: the following keywords are unknown and will be ignored: [examples]&#10;    level: &quot;warning&quot;&#10;    schema: {&quot;loadingURI&quot;:&quot;#&quot;,&quot;pointer&quot;:&quot;/items/properties/nome&quot;}&#10;    domain: &quot;syntax&quot;&#10;    ignored: [&quot;examples&quot;]&#10;warning: the following keywords are unknown and will be ignored: [examples]&#10;    level: &quot;warning&quot;&#10;    schema: {&quot;loadingURI&quot;:&quot;#&quot;,&quot;pointer&quot;:&quot;/items/properties/parcelas&quot;}&#10;    domain: &quot;syntax&quot;&#10;    ignored: [&quot;examples&quot;]&#10;warning: the following keywords are unknown and will be ignored: [examples]&#10;    level: &quot;warning&quot;&#10;    schema: {&quot;loadingURI&quot;:&quot;#&quot;,&quot;pointer&quot;:&quot;/items/properties/seguro&quot;}&#10;    domain: &quot;syntax&quot;&#10;    ignored: [&quot;examples&quot;]&#10;warning: the following keywords are unknown and will be ignored: [examples]&#10;    level: &quot;warning&quot;&#10;    schema: {&quot;loadingURI&quot;:&quot;#&quot;,&quot;pointer&quot;:&quot;/items/properties/valor&quot;}&#10;    domain: &quot;syntax&quot;&#10;    ignored: [&quot;examples&quot;]&#10;warning: the following keywords are unknown and will be ignored: [examples]&#10;    level: &quot;warning&quot;&#10;    schema: {&quot;loadingURI&quot;:&quot;#&quot;,&quot;pointer&quot;:&quot;/items&quot;}&#10;    domain: &quot;syntax&quot;&#10;    ignored: [&quot;examples&quot;]&#10;warning: the following keywords are unknown and will be ignored: [examples]&#10;    level: &quot;warning&quot;&#10;    schema: {&quot;loadingURI&quot;:&quot;#&quot;,&quot;pointer&quot;:&quot;/items/properties/cpf&quot;}&#10;    domain: &quot;syntax&quot;&#10;    ignored: [&quot;examples&quot;]&#10;warning: the following keywords are unknown and will be ignored: [examples]&#10;    level: &quot;warning&quot;&#10;    schema: {&quot;loadingURI&quot;:&quot;#&quot;,&quot;pointer&quot;:&quot;/items/properties/email&quot;}&#10;    domain: &quot;syntax&quot;&#10;    ignored: [&quot;examples&quot;]&#10;warning: the following keywords are unknown and will be ignored: [examples]&#10;    level: &quot;warning&quot;&#10;    schema: {&quot;loadingURI&quot;:&quot;#&quot;,&quot;pointer&quot;:&quot;/items/properties/id&quot;}&#10;    domain: &quot;syntax&quot;&#10;    ignored: [&quot;examples&quot;]&#10;warning: the following keywords are unknown and will be ignored: [examples]&#10;    level: &quot;warning&quot;&#10;    schema: {&quot;loadingURI&quot;:&quot;#&quot;,&quot;pointer&quot;:&quot;/items/properties/nome&quot;}&#10;    domain: &quot;syntax&quot;&#10;    ignored: [&quot;examples&quot;]&#10;warning: the following keywords are unknown and will be ignored: [examples]&#10;    level: &quot;warning&quot;&#10;    schema: {&quot;loadingURI&quot;:&quot;#&quot;,&quot;pointer&quot;:&quot;/items/properties/parcelas&quot;}&#10;    domain: &quot;syntax&quot;&#10;    ignored: [&quot;examples&quot;]&#10;warning: the following keywords are unknown and will be ignored: [examples]&#10;    level: &quot;warning&quot;&#10;    schema: {&quot;loadingURI&quot;:&quot;#&quot;,&quot;pointer&quot;:&quot;/items/properties/seguro&quot;}&#10;    domain: &quot;syntax&quot;&#10;    ignored: [&quot;examples&quot;]&#10;warning: the following keywords are unknown and will be ignored: [examples]&#10;    level: &quot;warning&quot;&#10;    schema: {&quot;loadingURI&quot;:&quot;#&quot;,&quot;pointer&quot;:&quot;/items/properties/valor&quot;}&#10;    domain: &quot;syntax&quot;&#10;    ignored: [&quot;examples&quot;]&#10;warning: the following keywords are unknown and will be ignored: [examples]&#10;    level: &quot;warning&quot;&#10;    schema: {&quot;loadingURI&quot;:&quot;#&quot;,&quot;pointer&quot;:&quot;/items&quot;}&#10;    domain: &quot;syntax&quot;&#10;    ignored: [&quot;examples&quot;]&#10;warning: the following keywords are unknown and will be ignored: [examples]&#10;    level: &quot;warning&quot;&#10;    schema: {&quot;loadingURI&quot;:&quot;#&quot;,&quot;pointer&quot;:&quot;/items/properties/cpf&quot;}&#10;    domain: &quot;syntax&quot;&#10;    ignored: [&quot;examples&quot;]&#10;warning: the following keywords are unknown and will be ignored: [examples]&#10;    level: &quot;warning&quot;&#10;    schema: {&quot;loadingURI&quot;:&quot;#&quot;,&quot;pointer&quot;:&quot;/items/properties/email&quot;}&#10;    domain: &quot;syntax&quot;&#10;    ignored: [&quot;examples&quot;]&#10;warning: the following keywords are unknown and will be ignored: [examples]&#10;    level: &quot;warning&quot;&#10;    schema: {&quot;loadingURI&quot;:&quot;#&quot;,&quot;pointer&quot;:&quot;/items/properties/id&quot;}&#10;    domain: &quot;syntax&quot;&#10;    ignored: [&quot;examples&quot;]&#10;warning: the following keywords are unknown and will be ignored: [examples]&#10;    level: &quot;warning&quot;&#10;    schema: {&quot;loadingURI&quot;:&quot;#&quot;,&quot;pointer&quot;:&quot;/items/properties/nome&quot;}&#10;    domain: &quot;syntax&quot;&#10;    ignored: [&quot;examples&quot;]&#10;warning: the following keywords are unknown and will be ignored: [examples]&#10;    level: &quot;warning&quot;&#10;    schema: {&quot;loadingURI&quot;:&quot;#&quot;,&quot;pointer&quot;:&quot;/items/properties/parcelas&quot;}&#10;    domain: &quot;syntax&quot;&#10;    ignored: [&quot;examples&quot;]&#10;warning: the following keywords are unknown and will be ignored: [examples]&#10;    level: &quot;warning&quot;&#10;    schema: {&quot;loadingURI&quot;:&quot;#&quot;,&quot;pointer&quot;:&quot;/items/properties/seguro&quot;}&#10;    domain: &quot;syntax&quot;&#10;    ignored: [&quot;examples&quot;]&#10;warning: the following keywords are unknown and will be ignored: [examples]&#10;    level: &quot;warning&quot;&#10;    schema: {&quot;loadingURI&quot;:&quot;#&quot;,&quot;pointer&quot;:&quot;/items/properties/valor&quot;}&#10;    domain: &quot;syntax&quot;&#10;    ignored: [&quot;examples&quot;]&#10;warning: the following keywords are unknown and will be ignored: [examples]&#10;    level: &quot;warning&quot;&#10;    schema: {&quot;loadingURI&quot;:&quot;#&quot;,&quot;pointer&quot;:&quot;/items&quot;}&#10;    domain: &quot;syntax&quot;&#10;    ignored: [&quot;examples&quot;]&#10;warning: the following keywords are unknown and will be ignored: [examples]&#10;    level: &quot;warning&quot;&#10;    schema: {&quot;loadingURI&quot;:&quot;#&quot;,&quot;pointer&quot;:&quot;/items/properties/cpf&quot;}&#10;    domain: &quot;syntax&quot;&#10;    ignored: [&quot;examples&quot;]&#10;warning: the following keywords are unknown and will be ignored: [examples]&#10;    level: &quot;warning&quot;&#10;    schema: {&quot;loadingURI&quot;:&quot;#&quot;,&quot;pointer&quot;:&quot;/items/properties/email&quot;}&#10;    domain: &quot;syntax&quot;&#10;    ignored: [&quot;examples&quot;]&#10;warning: the following keywords are unknown and will be ignored: [examples]&#10;    level: &quot;warning&quot;&#10;    schema: {&quot;loadingURI&quot;:&quot;#&quot;,&quot;pointer&quot;:&quot;/items/properties/id&quot;}&#10;    domain: &quot;syntax&quot;&#10;    ignored: [&quot;examples&quot;]&#10;warning: the following keywords are unknown and will be ignored: [examples]&#10;    level: &quot;warning&quot;&#10;    schema: {&quot;loadingURI&quot;:&quot;#&quot;,&quot;pointer&quot;:&quot;/items/properties/nome&quot;}&#10;    domain: &quot;syntax&quot;&#10;    ignored: [&quot;examples&quot;]&#10;warning: the following keywords are unknown and will be ignored: [examples]&#10;    level: &quot;warning&quot;&#10;    schema: {&quot;loadingURI&quot;:&quot;#&quot;,&quot;pointer&quot;:&quot;/items/properties/parcelas&quot;}&#10;    domain: &quot;syntax&quot;&#10;    ignored: [&quot;examples&quot;]&#10;warning: the following keywords are unknown and will be ignored: [examples]&#10;    level: &quot;warning&quot;&#10;    schema: {&quot;loadingURI&quot;:&quot;#&quot;,&quot;pointer&quot;:&quot;/items/properties/seguro&quot;}&#10;    domain: &quot;syntax&quot;&#10;    ignored: [&quot;examples&quot;]&#10;warning: the following keywords are unknown and will be ignored: [examples]&#10;    level: &quot;warning&quot;&#10;    schema: {&quot;loadingURI&quot;:&quot;#&quot;,&quot;pointer&quot;:&quot;/items/properties/valor&quot;}&#10;    domain: &quot;syntax&quot;&#10;    ignored: [&quot;examples&quot;]&#10;warning: the following keywords are unknown and will be ignored: [examples]&#10;    level: &quot;warning&quot;&#10;    schema: {&quot;loadingURI&quot;:&quot;#&quot;,&quot;pointer&quot;:&quot;/items&quot;}&#10;    domain: &quot;syntax&quot;&#10;    ignored: [&quot;examples&quot;]&#10;warning: the following keywords are unknown and will be ignored: [examples]&#10;    level: &quot;warning&quot;&#10;    schema: {&quot;loadingURI&quot;:&quot;#&quot;,&quot;pointer&quot;:&quot;/items/properties/cpf&quot;}&#10;    domain: &quot;syntax&quot;&#10;    ignored: [&quot;examples&quot;]&#10;warning: the following keywords are unknown and will be ignored: [examples]&#10;    level: &quot;warning&quot;&#10;    schema: {&quot;loadingURI&quot;:&quot;#&quot;,&quot;pointer&quot;:&quot;/items/properties/email&quot;}&#10;    domain: &quot;syntax&quot;&#10;    ignored: [&quot;examples&quot;]&#10;warning: the following keywords are unknown and will be ignored: [examples]&#10;    level: &quot;warning&quot;&#10;    schema: {&quot;loadingURI&quot;:&quot;#&quot;,&quot;pointer&quot;:&quot;/items/properties/id&quot;}&#10;    domain: &quot;syntax&quot;&#10;    ignored: [&quot;examples&quot;]&#10;warning: the following keywords are unknown and will be ignored: [examples]&#10;    level: &quot;warning&quot;&#10;    schema: {&quot;loadingURI&quot;:&quot;#&quot;,&quot;pointer&quot;:&quot;/items/properties/nome&quot;}&#10;    domain: &quot;syntax&quot;&#10;    ignored: [&quot;examples&quot;]&#10;warning: the following keywords are unknown and will be ignored: [examples]&#10;    level: &quot;warning&quot;&#10;    schema: {&quot;loadingURI&quot;:&quot;#&quot;,&quot;pointer&quot;:&quot;/items/properties/parcelas&quot;}&#10;    domain: &quot;syntax&quot;&#10;    ignored: [&quot;examples&quot;]&#10;warning: the following keywords are unknown and will be ignored: [examples]&#10;    level: &quot;warning&quot;&#10;    schema: {&quot;loadingURI&quot;:&quot;#&quot;,&quot;pointer&quot;:&quot;/items/properties/seguro&quot;}&#10;    domain: &quot;syntax&quot;&#10;    ignored: [&quot;examples&quot;]&#10;warning: the following keywords are unknown and will be ignored: [examples]&#10;    level: &quot;warning&quot;&#10;    schema: {&quot;loadingURI&quot;:&quot;#&quot;,&quot;pointer&quot;:&quot;/items/properties/valor&quot;}&#10;    domain: &quot;syntax&quot;&#10;    ignored: [&quot;examples&quot;]&#10;warning: the following keywords are unknown and will be ignored: [examples]&#10;    level: &quot;warning&quot;&#10;    schema: {&quot;loadingURI&quot;:&quot;#&quot;,&quot;pointer&quot;:&quot;/items&quot;}&#10;    domain: &quot;syntax&quot;&#10;    ignored: [&quot;examples&quot;]&#10;warning: the following keywords are unknown and will be ignored: [examples]&#10;    level: &quot;warning&quot;&#10;    schema: {&quot;loadingURI&quot;:&quot;#&quot;,&quot;pointer&quot;:&quot;/items/properties/cpf&quot;}&#10;    domain: &quot;syntax&quot;&#10;    ignored: [&quot;examples&quot;]&#10;warning: the following keywords are unknown and will be ignored: [examples]&#10;    level: &quot;warning&quot;&#10;    schema: {&quot;loadingURI&quot;:&quot;#&quot;,&quot;pointer&quot;:&quot;/items/properties/email&quot;}&#10;    domain: &quot;syntax&quot;&#10;    ignored: [&quot;examples&quot;]&#10;warning: the following keywords are unknown and will be ignored: [examples]&#10;    level: &quot;warning&quot;&#10;    schema: {&quot;loadingURI&quot;:&quot;#&quot;,&quot;pointer&quot;:&quot;/items/properties/id&quot;}&#10;    domain: &quot;syntax&quot;&#10;    ignored: [&quot;examples&quot;]&#10;warning: the following keywords are unknown and will be ignored: [examples]&#10;    level: &quot;warning&quot;&#10;    schema: {&quot;loadingURI&quot;:&quot;#&quot;,&quot;pointer&quot;:&quot;/items/properties/nome&quot;}&#10;    domain: &quot;syntax&quot;&#10;    ignored: [&quot;examples&quot;]&#10;warning: the following keywords are unknown and will be ignored: [examples]&#10;    level: &quot;warning&quot;&#10;    schema: {&quot;loadingURI&quot;:&quot;#&quot;,&quot;pointer&quot;:&quot;/items/properties/parcelas&quot;}&#10;    domain: &quot;syntax&quot;&#10;    ignored: [&quot;examples&quot;]&#10;warning: the following keywords are unknown and will be ignored: [examples]&#10;    level: &quot;warning&quot;&#10;    schema: {&quot;loadingURI&quot;:&quot;#&quot;,&quot;pointer&quot;:&quot;/items/properties/seguro&quot;}&#10;    domain: &quot;syntax&quot;&#10;    ignored: [&quot;examples&quot;]&#10;warning: the following keywords are unknown and will be ignored: [examples]&#10;    level: &quot;warning&quot;&#10;    schema: {&quot;loadingURI&quot;:&quot;#&quot;,&quot;pointer&quot;:&quot;/items/properties/valor&quot;}&#10;    domain: &quot;syntax&quot;&#10;    ignored: [&quot;examples&quot;]&#10;warning: the following keywords are unknown and will be ignored: [examples]&#10;    level: &quot;warning&quot;&#10;    schema: {&quot;loadingURI&quot;:&quot;#&quot;,&quot;pointer&quot;:&quot;/items&quot;}&#10;    domain: &quot;syntax&quot;&#10;    ignored: [&quot;examples&quot;]&#10;warning: the following keywords are unknown and will be ignored: [examples]&#10;    level: &quot;warning&quot;&#10;    schema: {&quot;loadingURI&quot;:&quot;#&quot;,&quot;pointer&quot;:&quot;/items/properties/cpf&quot;}&#10;    domain: &quot;syntax&quot;&#10;    ignored: [&quot;examples&quot;]&#10;warning: the following keywords are unknown and will be ignored: [examples]&#10;    level: &quot;warning&quot;&#10;    schema: {&quot;loadingURI&quot;:&quot;#&quot;,&quot;pointer&quot;:&quot;/items/properties/email&quot;}&#10;    domain: &quot;syntax&quot;&#10;    ignored: [&quot;examples&quot;]&#10;warning: the following keywords are unknown and will be ignored: [examples]&#10;    level: &quot;warning&quot;&#10;    schema: {&quot;loadingURI&quot;:&quot;#&quot;,&quot;pointer&quot;:&quot;/items/properties/id&quot;}&#10;    domain: &quot;syntax&quot;&#10;    ignored: [&quot;examples&quot;]&#10;warning: the following keywords are unknown and will be ignored: [examples]&#10;    level: &quot;warning&quot;&#10;    schema: {&quot;loadingURI&quot;:&quot;#&quot;,&quot;pointer&quot;:&quot;/items/properties/nome&quot;}&#10;    domain: &quot;syntax&quot;&#10;    ignored: [&quot;examples&quot;]&#10;warning: the following keywords are unknown and will be ignored: [examples]&#10;    level: &quot;warning&quot;&#10;    schema: {&quot;loadingURI&quot;:&quot;#&quot;,&quot;pointer&quot;:&quot;/items/properties/parcelas&quot;}&#10;    domain: &quot;syntax&quot;&#10;    ignored: [&quot;examples&quot;]&#10;warning: the following keywords are unknown and will be ignored: [examples]&#10;    level: &quot;warning&quot;&#10;    schema: {&quot;loadingURI&quot;:&quot;#&quot;,&quot;pointer&quot;:&quot;/items/properties/seguro&quot;}&#10;    domain: &quot;syntax&quot;&#10;    ignored: [&quot;examples&quot;]&#10;warning: the following keywords are unknown and will be ignored: [examples]&#10;    level: &quot;warning&quot;&#10;    schema: {&quot;loadingURI&quot;:&quot;#&quot;,&quot;pointer&quot;:&quot;/items/properties/valor&quot;}&#10;    domain: &quot;syntax&quot;&#10;    ignored: [&quot;examples&quot;]&#10;warning: the following keywords are unknown and will be ignored: [examples]&#10;    level: &quot;warning&quot;&#10;    schema: {&quot;loadingURI&quot;:&quot;#&quot;,&quot;pointer&quot;:&quot;/items&quot;}&#10;    domain: &quot;syntax&quot;&#10;    ignored: [&quot;examples&quot;]&#10;warning: the following keywords are unknown and will be ignored: [examples]&#10;    level: &quot;warning&quot;&#10;    schema: {&quot;loadingURI&quot;:&quot;#&quot;,&quot;pointer&quot;:&quot;/items/properties/cpf&quot;}&#10;    domain: &quot;syntax&quot;&#10;    ignored: [&quot;examples&quot;]&#10;warning: the following keywords are unknown and will be ignored: [examples]&#10;    level: &quot;warning&quot;&#10;    schema: {&quot;loadingURI&quot;:&quot;#&quot;,&quot;pointer&quot;:&quot;/items/properties/email&quot;}&#10;    domain: &quot;syntax&quot;&#10;    ignored: [&quot;examples&quot;]&#10;warning: the following keywords are unknown and will be ignored: [examples]&#10;    level: &quot;warning&quot;&#10;    schema: {&quot;loadingURI&quot;:&quot;#&quot;,&quot;pointer&quot;:&quot;/items/properties/id&quot;}&#10;    domain: &quot;syntax&quot;&#10;    ignored: [&quot;examples&quot;]&#10;warning: the following keywords are unknown and will be ignored: [examples]&#10;    level: &quot;warning&quot;&#10;    schema: {&quot;loadingURI&quot;:&quot;#&quot;,&quot;pointer&quot;:&quot;/items/properties/nome&quot;}&#10;    domain: &quot;syntax&quot;&#10;    ignored: [&quot;examples&quot;]&#10;warning: the following keywords are unknown and will be ignored: [examples]&#10;    level: &quot;warning&quot;&#10;    schema: {&quot;loadingURI&quot;:&quot;#&quot;,&quot;pointer&quot;:&quot;/items/properties/parcelas&quot;}&#10;    domain: &quot;syntax&quot;&#10;    ignored: [&quot;examples&quot;]&#10;warning: the following keywords are unknown and will be ignored: [examples]&#10;    level: &quot;warning&quot;&#10;    schema: {&quot;loadingURI&quot;:&quot;#&quot;,&quot;pointer&quot;:&quot;/items/properties/seguro&quot;}&#10;    domain: &quot;syntax&quot;&#10;    ignored: [&quot;examples&quot;]&#10;warning: the following keywords are unknown and will be ignored: [examples]&#10;    level: &quot;warning&quot;&#10;    schema: {&quot;loadingURI&quot;:&quot;#&quot;,&quot;pointer&quot;:&quot;/items/properties/valor&quot;}&#10;    domain: &quot;syntax&quot;&#10;    ignored: [&quot;examples&quot;]&#10;warning: the following keywords are unknown and will be ignored: [examples]&#10;    level: &quot;warning&quot;&#10;    schema: {&quot;loadingURI&quot;:&quot;#&quot;,&quot;pointer&quot;:&quot;/items&quot;}&#10;    domain: &quot;syntax&quot;&#10;    ignored: [&quot;examples&quot;]&#10;warning: the following keywords are unknown and will be ignored: [examples]&#10;    level: &quot;warning&quot;&#10;    schema: {&quot;loadingURI&quot;:&quot;#&quot;,&quot;pointer&quot;:&quot;/items/properties/cpf&quot;}&#10;    domain: &quot;syntax&quot;&#10;    ignored: [&quot;examples&quot;]&#10;warning: the following keywords are unknown and will be ignored: [examples]&#10;    level: &quot;warning&quot;&#10;    schema: {&quot;loadingURI&quot;:&quot;#&quot;,&quot;pointer&quot;:&quot;/items/properties/email&quot;}&#10;    domain: &quot;syntax&quot;&#10;    ignored: [&quot;examples&quot;]&#10;warning: the following keywords are unknown and will be ignored: [examples]&#10;    level: &quot;warning&quot;&#10;    schema: {&quot;loadingURI&quot;:&quot;#&quot;,&quot;pointer&quot;:&quot;/items/properties/id&quot;}&#10;    domain: &quot;syntax&quot;&#10;    ignored: [&quot;examples&quot;]&#10;warning: the following keywords are unknown and will be ignored: [examples]&#10;    level: &quot;warning&quot;&#10;    schema: {&quot;loadingURI&quot;:&quot;#&quot;,&quot;pointer&quot;:&quot;/items/properties/nome&quot;}&#10;    domain: &quot;syntax&quot;&#10;    ignored: [&quot;examples&quot;]&#10;warning: the following keywords are unknown and will be ignored: [examples]&#10;    level: &quot;warning&quot;&#10;    schema: {&quot;loadingURI&quot;:&quot;#&quot;,&quot;pointer&quot;:&quot;/items/properties/parcelas&quot;}&#10;    domain: &quot;syntax&quot;&#10;    ignored: [&quot;examples&quot;]&#10;warning: the following keywords are unknown and will be ignored: [examples]&#10;    level: &quot;warning&quot;&#10;    schema: {&quot;loadingURI&quot;:&quot;#&quot;,&quot;pointer&quot;:&quot;/items/properties/seguro&quot;}&#10;    domain: &quot;syntax&quot;&#10;    ignored: [&quot;examples&quot;]&#10;warning: the following keywords are unknown and will be ignored: [examples]&#10;    level: &quot;warning&quot;&#10;    schema: {&quot;loadingURI&quot;:&quot;#&quot;,&quot;pointer&quot;:&quot;/items/properties/valor&quot;}&#10;    domain: &quot;syntax&quot;&#10;    ignored: [&quot;examples&quot;]&#10;warning: the following keywords are unknown and will be ignored: [examples]&#10;    level: &quot;warning&quot;&#10;    schema: {&quot;loadingURI&quot;:&quot;#&quot;,&quot;pointer&quot;:&quot;/items&quot;}&#10;    domain: &quot;syntax&quot;&#10;    ignored: [&quot;examples&quot;]&#10;warning: the following keywords are unknown and will be ignored: [examples]&#10;    level: &quot;warning&quot;&#10;    schema: {&quot;loadingURI&quot;:&quot;#&quot;,&quot;pointer&quot;:&quot;/items/properties/cpf&quot;}&#10;    domain: &quot;syntax&quot;&#10;    ignored: [&quot;examples&quot;]&#10;warning: the following keywords are unknown and will be ignored: [examples]&#10;    level: &quot;warning&quot;&#10;    schema: {&quot;loadingURI&quot;:&quot;#&quot;,&quot;pointer&quot;:&quot;/items/properties/email&quot;}&#10;    domain: &quot;syntax&quot;&#10;    ignored: [&quot;examples&quot;]&#10;warning: the following keywords are unknown and will be ignored: [examples]&#10;    level: &quot;warning&quot;&#10;    schema: {&quot;loadingURI&quot;:&quot;#&quot;,&quot;pointer&quot;:&quot;/items/properties/id&quot;}&#10;    domain: &quot;syntax&quot;&#10;    ignored: [&quot;examples&quot;]&#10;warning: the following keywords are unknown and will be ignored: [examples]&#10;    level: &quot;warning&quot;&#10;    schema: {&quot;loadingURI&quot;:&quot;#&quot;,&quot;pointer&quot;:&quot;/items/properties/nome&quot;}&#10;    domain: &quot;syntax&quot;&#10;    ignored: [&quot;examples&quot;]&#10;warning: the following keywords are unknown and will be ignored: [examples]&#10;    level: &quot;warning&quot;&#10;    schema: {&quot;loadingURI&quot;:&quot;#&quot;,&quot;pointer&quot;:&quot;/items/properties/parcelas&quot;}&#10;    domain: &quot;syntax&quot;&#10;    ignored: [&quot;examples&quot;]&#10;warning: the following keywords are unknown and will be ignored: [examples]&#10;    level: &quot;warning&quot;&#10;    schema: {&quot;loadingURI&quot;:&quot;#&quot;,&quot;pointer&quot;:&quot;/items/properties/seguro&quot;}&#10;    domain: &quot;syntax&quot;&#10;    ignored: [&quot;examples&quot;]&#10;warning: the following keywords are unknown and will be ignored: [examples]&#10;    level: &quot;warning&quot;&#10;    schema: {&quot;loadingURI&quot;:&quot;#&quot;,&quot;pointer&quot;:&quot;/items/properties/valor&quot;}&#10;    domain: &quot;syntax&quot;&#10;    ignored: [&quot;examples&quot;]&#10;warning: the following keywords are unknown and will be ignored: [examples]&#10;    level: &quot;warning&quot;&#10;    schema: {&quot;loadingURI&quot;:&quot;#&quot;,&quot;pointer&quot;:&quot;/items&quot;}&#10;    domain: &quot;syntax&quot;&#10;    ignored: [&quot;examples&quot;]&#10;warning: the following keywords are unknown and will be ignored: [examples]&#10;    level: &quot;warning&quot;&#10;    schema: {&quot;loadingURI&quot;:&quot;#&quot;,&quot;pointer&quot;:&quot;/items/properties/cpf&quot;}&#10;    domain: &quot;syntax&quot;&#10;    ignored: [&quot;examples&quot;]&#10;warning: the following keywords are unknown and will be ignored: [examples]&#10;    level: &quot;warning&quot;&#10;    schema: {&quot;loadingURI&quot;:&quot;#&quot;,&quot;pointer&quot;:&quot;/items/properties/email&quot;}&#10;    domain: &quot;syntax&quot;&#10;    ignored: [&quot;examples&quot;]&#10;warning: the following keywords are unknown and will be ignored: [examples]&#10;    level: &quot;warning&quot;&#10;    schema: {&quot;loadingURI&quot;:&quot;#&quot;,&quot;pointer&quot;:&quot;/items/properties/id&quot;}&#10;    domain: &quot;syntax&quot;&#10;    ignored: [&quot;examples&quot;]&#10;warning: the following keywords are unknown and will be ignored: [examples]&#10;    level: &quot;warning&quot;&#10;    schema: {&quot;loadingURI&quot;:&quot;#&quot;,&quot;pointer&quot;:&quot;/items/properties/nome&quot;}&#10;    domain: &quot;syntax&quot;&#10;    ignored: [&quot;examples&quot;]&#10;warning: the following keywords are unknown and will be ignored: [examples]&#10;    level: &quot;warning&quot;&#10;    schema: {&quot;loadingURI&quot;:&quot;#&quot;,&quot;pointer&quot;:&quot;/items/properties/parcelas&quot;}&#10;    domain: &quot;syntax&quot;&#10;    ignored: [&quot;examples&quot;]&#10;warning: the following keywords are unknown and will be ignored: [examples]&#10;    level: &quot;warning&quot;&#10;    schema: {&quot;loadingURI&quot;:&quot;#&quot;,&quot;pointer&quot;:&quot;/items/properties/seguro&quot;}&#10;    domain: &quot;syntax&quot;&#10;    ignored: [&quot;examples&quot;]&#10;warning: the following keywords are unknown and will be ignored: [examples]&#10;    level: &quot;warning&quot;&#10;    schema: {&quot;loadingURI&quot;:&quot;#&quot;,&quot;pointer&quot;:&quot;/items/properties/valor&quot;}&#10;    domain: &quot;syntax&quot;&#10;    ignored: [&quot;examples&quot;]&#10;warning: the following keywords are unknown and will be ignored: [examples]&#10;    level: &quot;warning&quot;&#10;    schema: {&quot;loadingURI&quot;:&quot;#&quot;,&quot;pointer&quot;:&quot;/items&quot;}&#10;    domain: &quot;syntax&quot;&#10;    ignored: [&quot;examples&quot;]&#10;warning: the following keywords are unknown and will be ignored: [examples]&#10;    level: &quot;warning&quot;&#10;    schema: {&quot;loadingURI&quot;:&quot;#&quot;,&quot;pointer&quot;:&quot;/items/properties/cpf&quot;}&#10;    domain: &quot;syntax&quot;&#10;    ignored: [&quot;examples&quot;]&#10;warning: the following keywords are unknown and will be ignored: [examples]&#10;    level: &quot;warning&quot;&#10;    schema: {&quot;loadingURI&quot;:&quot;#&quot;,&quot;pointer&quot;:&quot;/items/properties/email&quot;}&#10;    domain: &quot;syntax&quot;&#10;    ignored: [&quot;examples&quot;]&#10;warning: the following keywords are unknown and will be ignored: [examples]&#10;    level: &quot;warning&quot;&#10;    schema: {&quot;loadingURI&quot;:&quot;#&quot;,&quot;pointer&quot;:&quot;/items/properties/id&quot;}&#10;    domain: &quot;syntax&quot;&#10;    ignored: [&quot;examples&quot;]&#10;warning: the following keywords are unknown and will be ignored: [examples]&#10;    level: &quot;warning&quot;&#10;    schema: {&quot;loadingURI&quot;:&quot;#&quot;,&quot;pointer&quot;:&quot;/items/properties/nome&quot;}&#10;    domain: &quot;syntax&quot;&#10;    ignored: [&quot;examples&quot;]&#10;warning: the following keywords are unknown and will be ignored: [examples]&#10;    level: &quot;warning&quot;&#10;    schema: {&quot;loadingURI&quot;:&quot;#&quot;,&quot;pointer&quot;:&quot;/items/properties/parcelas&quot;}&#10;    domain: &quot;syntax&quot;&#10;    ignored: [&quot;examples&quot;]&#10;warning: the following keywords are unknown and will be ignored: [examples]&#10;    level: &quot;warning&quot;&#10;    schema: {&quot;loadingURI&quot;:&quot;#&quot;,&quot;pointer&quot;:&quot;/items/properties/seguro&quot;}&#10;    domain: &quot;syntax&quot;&#10;    ignored: [&quot;examples&quot;]&#10;warning: the following keywords are unknown and will be ignored: [examples]&#10;    level: &quot;warning&quot;&#10;    schema: {&quot;loadingURI&quot;:&quot;#&quot;,&quot;pointer&quot;:&quot;/items/properties/valor&quot;}&#10;    domain: &quot;syntax&quot;&#10;    ignored: [&quot;examples&quot;]&#10;warning: the following keywords are unknown and will be ignored: [examples]&#10;    level: &quot;warning&quot;&#10;    schema: {&quot;loadingURI&quot;:&quot;#&quot;,&quot;pointer&quot;:&quot;/items&quot;}&#10;    domain: &quot;syntax&quot;&#10;    ignored: [&quot;examples&quot;]&#10;warning: the following keywords are unknown and will be ignored: [examples]&#10;    level: &quot;warning&quot;&#10;    schema: {&quot;loadingURI&quot;:&quot;#&quot;,&quot;pointer&quot;:&quot;/items/properties/cpf&quot;}&#10;    domain: &quot;syntax&quot;&#10;    ignored: [&quot;examples&quot;]&#10;warning: the following keywords are unknown and will be ignored: [examples]&#10;    level: &quot;warning&quot;&#10;    schema: {&quot;loadingURI&quot;:&quot;#&quot;,&quot;pointer&quot;:&quot;/items/properties/email&quot;}&#10;    domain: &quot;syntax&quot;&#10;    ignored: [&quot;examples&quot;]&#10;warning: the following keywords are unknown and will be ignored: [examples]&#10;    level: &quot;warning&quot;&#10;    schema: {&quot;loadingURI&quot;:&quot;#&quot;,&quot;pointer&quot;:&quot;/items/properties/id&quot;}&#10;    domain: &quot;syntax&quot;&#10;    ignored: [&quot;examples&quot;]&#10;warning: the following keywords are unknown and will be ignored: [examples]&#10;    level: &quot;warning&quot;&#10;    schema: {&quot;loadingURI&quot;:&quot;#&quot;,&quot;pointer&quot;:&quot;/items/properties/nome&quot;}&#10;    domain: &quot;syntax&quot;&#10;    ignored: [&quot;examples&quot;]&#10;warning: the following keywords are unknown and will be ignored: [examples]&#10;    level: &quot;warning&quot;&#10;    schema: {&quot;loadingURI&quot;:&quot;#&quot;,&quot;pointer&quot;:&quot;/items/properties/parcelas&quot;}&#10;    domain: &quot;syntax&quot;&#10;    ignored: [&quot;examples&quot;]&#10;warning: the following keywords are unknown and will be ignored: [examples]&#10;    level: &quot;warning&quot;&#10;    schema: {&quot;loadingURI&quot;:&quot;#&quot;,&quot;pointer&quot;:&quot;/items/properties/seguro&quot;}&#10;    domain: &quot;syntax&quot;&#10;    ignored: [&quot;examples&quot;]&#10;warning: the following keywords are unknown and will be ignored: [examples]&#10;    level: &quot;warning&quot;&#10;    schema: {&quot;loadingURI&quot;:&quot;#&quot;,&quot;pointer&quot;:&quot;/items/properties/valor&quot;}&#10;    domain: &quot;syntax&quot;&#10;    ignored: [&quot;examples&quot;]&#10;warning: the following keywords are unknown and will be ignored: [examples]&#10;    level: &quot;warning&quot;&#10;    schema: {&quot;loadingURI&quot;:&quot;#&quot;,&quot;pointer&quot;:&quot;/items&quot;}&#10;    domain: &quot;syntax&quot;&#10;    ignored: [&quot;examples&quot;]&#10;warning: the following keywords are unknown and will be ignored: [examples]&#10;    level: &quot;warning&quot;&#10;    schema: {&quot;loadingURI&quot;:&quot;#&quot;,&quot;pointer&quot;:&quot;/items/properties/cpf&quot;}&#10;    domain: &quot;syntax&quot;&#10;    ignored: [&quot;examples&quot;]&#10;warning: the following keywords are unknown and will be ignored: [examples]&#10;    level: &quot;warning&quot;&#10;    schema: {&quot;loadingURI&quot;:&quot;#&quot;,&quot;pointer&quot;:&quot;/items/properties/email&quot;}&#10;    domain: &quot;syntax&quot;&#10;    ignored: [&quot;examples&quot;]&#10;warning: the following keywords are unknown and will be ignored: [examples]&#10;    level: &quot;warning&quot;&#10;    schema: {&quot;loadingURI&quot;:&quot;#&quot;,&quot;pointer&quot;:&quot;/items/properties/id&quot;}&#10;    domain: &quot;syntax&quot;&#10;    ignored: [&quot;examples&quot;]&#10;warning: the following keywords are unknown and will be ignored: [examples]&#10;    level: &quot;warning&quot;&#10;    schema: {&quot;loadingURI&quot;:&quot;#&quot;,&quot;pointer&quot;:&quot;/items/properties/nome&quot;}&#10;    domain: &quot;syntax&quot;&#10;    ignored: [&quot;examples&quot;]&#10;warning: the following keywords are unknown and will be ignored: [examples]&#10;    level: &quot;warning&quot;&#10;    schema: {&quot;loadingURI&quot;:&quot;#&quot;,&quot;pointer&quot;:&quot;/items/properties/parcelas&quot;}&#10;    domain: &quot;syntax&quot;&#10;    ignored: [&quot;examples&quot;]&#10;warning: the following keywords are unknown and will be ignored: [examples]&#10;    level: &quot;warning&quot;&#10;    schema: {&quot;loadingURI&quot;:&quot;#&quot;,&quot;pointer&quot;:&quot;/items/properties/seguro&quot;}&#10;    domain: &quot;syntax&quot;&#10;    ignored: [&quot;examples&quot;]&#10;warning: the following keywords are unknown and will be ignored: [examples]&#10;    level: &quot;warning&quot;&#10;    schema: {&quot;loadingURI&quot;:&quot;#&quot;,&quot;pointer&quot;:&quot;/items/properties/valor&quot;}&#10;    domain: &quot;syntax&quot;&#10;    ignored: [&quot;examples&quot;]&#10;warning: the following keywords are unknown and will be ignored: [examples]&#10;    level: &quot;warning&quot;&#10;    schema: {&quot;loadingURI&quot;:&quot;#&quot;,&quot;pointer&quot;:&quot;/items&quot;}&#10;    domain: &quot;syntax&quot;&#10;    ignored: [&quot;examples&quot;]&#10;warning: the following keywords are unknown and will be ignored: [examples]&#10;    level: &quot;warning&quot;&#10;    schema: {&quot;loadingURI&quot;:&quot;#&quot;,&quot;pointer&quot;:&quot;/items/properties/cpf&quot;}&#10;    domain: &quot;syntax&quot;&#10;    ignored: [&quot;examples&quot;]&#10;warning: the following keywords are unknown and will be ignored: [examples]&#10;    level: &quot;warning&quot;&#10;    schema: {&quot;loadingURI&quot;:&quot;#&quot;,&quot;pointer&quot;:&quot;/items/properties/email&quot;}&#10;    domain: &quot;syntax&quot;&#10;    ignored: [&quot;examples&quot;]&#10;warning: the following keywords are unknown and will be ignored: [examples]&#10;    level: &quot;warning&quot;&#10;    schema: {&quot;loadingURI&quot;:&quot;#&quot;,&quot;pointer&quot;:&quot;/items/properties/id&quot;}&#10;    domain: &quot;syntax&quot;&#10;    ignored: [&quot;examples&quot;]&#10;warning: the following keywords are unknown and will be ignored: [examples]&#10;    level: &quot;warning&quot;&#10;    schema: {&quot;loadingURI&quot;:&quot;#&quot;,&quot;pointer&quot;:&quot;/items/properties/nome&quot;}&#10;    domain: &quot;syntax&quot;&#10;    ignored: [&quot;examples&quot;]&#10;warning: the following keywords are unknown and will be ignored: [examples]&#10;    level: &quot;warning&quot;&#10;    schema: {&quot;loadingURI&quot;:&quot;#&quot;,&quot;pointer&quot;:&quot;/items/properties/parcelas&quot;}&#10;    domain: &quot;syntax&quot;&#10;    ignored: [&quot;examples&quot;]&#10;warning: the following keywords are unknown and will be ignored: [examples]&#10;    level: &quot;warning&quot;&#10;    schema: {&quot;loadingURI&quot;:&quot;#&quot;,&quot;pointer&quot;:&quot;/items/properties/seguro&quot;}&#10;    domain: &quot;syntax&quot;&#10;    ignored: [&quot;examples&quot;]&#10;warning: the following keywords are unknown and will be ignored: [examples]&#10;    level: &quot;warning&quot;&#10;    schema: {&quot;loadingURI&quot;:&quot;#&quot;,&quot;pointer&quot;:&quot;/items/properties/valor&quot;}&#10;    domain: &quot;syntax&quot;&#10;    ignored: [&quot;examples&quot;]&#10;warning: the following keywords are unknown and will be ignored: [examples]&#10;    level: &quot;warning&quot;&#10;    schema: {&quot;loadingURI&quot;:&quot;#&quot;,&quot;pointer&quot;:&quot;/items&quot;}&#10;    domain: &quot;syntax&quot;&#10;    ignored: [&quot;examples&quot;]&#10;warning: the following keywords are unknown and will be ignored: [examples]&#10;    level: &quot;warning&quot;&#10;    schema: {&quot;loadingURI&quot;:&quot;#&quot;,&quot;pointer&quot;:&quot;/items/properties/cpf&quot;}&#10;    domain: &quot;syntax&quot;&#10;    ignored: [&quot;examples&quot;]&#10;warning: the following keywords are unknown and will be ignored: [examples]&#10;    level: &quot;warning&quot;&#10;    schema: {&quot;loadingURI&quot;:&quot;#&quot;,&quot;pointer&quot;:&quot;/items/properties/email&quot;}&#10;    domain: &quot;syntax&quot;&#10;    ignored: [&quot;examples&quot;]&#10;warning: the following keywords are unknown and will be ignored: [examples]&#10;    level: &quot;warning&quot;&#10;    schema: {&quot;loadingURI&quot;:&quot;#&quot;,&quot;pointer&quot;:&quot;/items/properties/id&quot;}&#10;    domain: &quot;syntax&quot;&#10;    ignored: [&quot;examples&quot;]&#10;warning: the following keywords are unknown and will be ignored: [examples]&#10;    level: &quot;warning&quot;&#10;    schema: {&quot;loadingURI&quot;:&quot;#&quot;,&quot;pointer&quot;:&quot;/items/properties/nome&quot;}&#10;    domain: &quot;syntax&quot;&#10;    ignored: [&quot;examples&quot;]&#10;warning: the following keywords are unknown and will be ignored: [examples]&#10;    level: &quot;warning&quot;&#10;    schema: {&quot;loadingURI&quot;:&quot;#&quot;,&quot;pointer&quot;:&quot;/items/properties/parcelas&quot;}&#10;    domain: &quot;syntax&quot;&#10;    ignored: [&quot;examples&quot;]&#10;warning: the following keywords are unknown and will be ignored: [examples]&#10;    level: &quot;warning&quot;&#10;    schema: {&quot;loadingURI&quot;:&quot;#&quot;,&quot;pointer&quot;:&quot;/items/properties/seguro&quot;}&#10;    domain: &quot;syntax&quot;&#10;    ignored: [&quot;examples&quot;]&#10;warning: the following keywords are unknown and will be ignored: [examples]&#10;    level: &quot;warning&quot;&#10;    schema: {&quot;loadingURI&quot;:&quot;#&quot;,&quot;pointer&quot;:&quot;/items/properties/valor&quot;}&#10;    domain: &quot;syntax&quot;&#10;    ignored: [&quot;examples&quot;]&#10;warning: the following keywords are unknown and will be ignored: [examples]&#10;    level: &quot;warning&quot;&#10;    schema: {&quot;loadingURI&quot;:&quot;#&quot;,&quot;pointer&quot;:&quot;/items&quot;}&#10;    domain: &quot;syntax&quot;&#10;    ignored: [&quot;examples&quot;]&#10;warning: the following keywords are unknown and will be ignored: [examples]&#10;    level: &quot;warning&quot;&#10;    schema: {&quot;loadingURI&quot;:&quot;#&quot;,&quot;pointer&quot;:&quot;/items/properties/cpf&quot;}&#10;    domain: &quot;syntax&quot;&#10;    ignored: [&quot;examples&quot;]&#10;warning: the following keywords are unknown and will be ignored: [examples]&#10;    level: &quot;warning&quot;&#10;    schema: {&quot;loadingURI&quot;:&quot;#&quot;,&quot;pointer&quot;:&quot;/items/properties/email&quot;}&#10;    domain: &quot;syntax&quot;&#10;    ignored: [&quot;examples&quot;]&#10;warning: the following keywords are unknown and will be ignored: [examples]&#10;    level: &quot;warning&quot;&#10;    schema: {&quot;loadingURI&quot;:&quot;#&quot;,&quot;pointer&quot;:&quot;/items/properties/id&quot;}&#10;    domain: &quot;syntax&quot;&#10;    ignored: [&quot;examples&quot;]&#10;warning: the following keywords are unknown and will be ignored: [examples]&#10;    level: &quot;warning&quot;&#10;    schema: {&quot;loadingURI&quot;:&quot;#&quot;,&quot;pointer&quot;:&quot;/items/properties/nome&quot;}&#10;    domain: &quot;syntax&quot;&#10;    ignored: [&quot;examples&quot;]&#10;warning: the following keywords are unknown and will be ignored: [examples]&#10;    level: &quot;warning&quot;&#10;    schema: {&quot;loadingURI&quot;:&quot;#&quot;,&quot;pointer&quot;:&quot;/items/properties/parcelas&quot;}&#10;    domain: &quot;syntax&quot;&#10;    ignored: [&quot;examples&quot;]&#10;warning: the following keywords are unknown and will be ignored: [examples]&#10;    level: &quot;warning&quot;&#10;    schema: {&quot;loadingURI&quot;:&quot;#&quot;,&quot;pointer&quot;:&quot;/items/properties/seguro&quot;}&#10;    domain: &quot;syntax&quot;&#10;    ignored: [&quot;examples&quot;]&#10;warning: the following keywords are unknown and will be ignored: [examples]&#10;    level: &quot;warning&quot;&#10;    schema: {&quot;loadingURI&quot;:&quot;#&quot;,&quot;pointer&quot;:&quot;/items/properties/valor&quot;}&#10;    domain: &quot;syntax&quot;&#10;    ignored: [&quot;examples&quot;]&#10;warning: the following keywords are unknown and will be ignored: [examples]&#10;    level: &quot;warning&quot;&#10;    schema: {&quot;loadingURI&quot;:&quot;#&quot;,&quot;pointer&quot;:&quot;/items&quot;}&#10;    domain: &quot;syntax&quot;&#10;    ignored: [&quot;examples&quot;]&#10;warning: the following keywords are unknown and will be ignored: [examples]&#10;    level: &quot;warning&quot;&#10;    schema: {&quot;loadingURI&quot;:&quot;#&quot;,&quot;pointer&quot;:&quot;/items/properties/cpf&quot;}&#10;    domain: &quot;syntax&quot;&#10;    ignored: [&quot;examples&quot;]&#10;warning: the following keywords are unknown and will be ignored: [examples]&#10;    level: &quot;warning&quot;&#10;    schema: {&quot;loadingURI&quot;:&quot;#&quot;,&quot;pointer&quot;:&quot;/items/properties/email&quot;}&#10;    domain: &quot;syntax&quot;&#10;    ignored: [&quot;examples&quot;]&#10;warning: the following keywords are unknown and will be ignored: [examples]&#10;    level: &quot;warning&quot;&#10;    schema: {&quot;loadingURI&quot;:&quot;#&quot;,&quot;pointer&quot;:&quot;/items/properties/id&quot;}&#10;    domain: &quot;syntax&quot;&#10;    ignored: [&quot;examples&quot;]&#10;warning: the following keywords are unknown and will be ignored: [examples]&#10;    level: &quot;warning&quot;&#10;    schema: {&quot;loadingURI&quot;:&quot;#&quot;,&quot;pointer&quot;:&quot;/items/properties/nome&quot;}&#10;    domain: &quot;syntax&quot;&#10;    ignored: [&quot;examples&quot;]&#10;warning: the following keywords are unknown and will be ignored: [examples]&#10;    level: &quot;warning&quot;&#10;    schema: {&quot;loadingURI&quot;:&quot;#&quot;,&quot;pointer&quot;:&quot;/items/properties/parcelas&quot;}&#10;    domain: &quot;syntax&quot;&#10;    ignored: [&quot;examples&quot;]&#10;warning: the following keywords are unknown and will be ignored: [examples]&#10;    level: &quot;warning&quot;&#10;    schema: {&quot;loadingURI&quot;:&quot;#&quot;,&quot;pointer&quot;:&quot;/items/properties/seguro&quot;}&#10;    domain: &quot;syntax&quot;&#10;    ignored: [&quot;examples&quot;]&#10;warning: the following keywords are unknown and will be ignored: [examples]&#10;    level: &quot;warning&quot;&#10;    schema: {&quot;loadingURI&quot;:&quot;#&quot;,&quot;pointer&quot;:&quot;/items/properties/valor&quot;}&#10;    domain: &quot;syntax&quot;&#10;    ignored: [&quot;examples&quot;]&#10;warning: the following keywords are unknown and will be ignored: [examples]&#10;    level: &quot;warning&quot;&#10;    schema: {&quot;loadingURI&quot;:&quot;#&quot;,&quot;pointer&quot;:&quot;/items&quot;}&#10;    domain: &quot;syntax&quot;&#10;    ignored: [&quot;examples&quot;]&#10;warning: the following keywords are unknown and will be ignored: [examples]&#10;    level: &quot;warning&quot;&#10;    schema: {&quot;loadingURI&quot;:&quot;#&quot;,&quot;pointer&quot;:&quot;/items/properties/cpf&quot;}&#10;    domain: &quot;syntax&quot;&#10;    ignored: [&quot;examples&quot;]&#10;warning: the following keywords are unknown and will be ignored: [examples]&#10;    level: &quot;warning&quot;&#10;    schema: {&quot;loadingURI&quot;:&quot;#&quot;,&quot;pointer&quot;:&quot;/items/properties/email&quot;}&#10;    domain: &quot;syntax&quot;&#10;    ignored: [&quot;examples&quot;]&#10;warning: the following keywords are unknown and will be ignored: [examples]&#10;    level: &quot;warning&quot;&#10;    schema: {&quot;loadingURI&quot;:&quot;#&quot;,&quot;pointer&quot;:&quot;/items/properties/id&quot;}&#10;    domain: &quot;syntax&quot;&#10;    ignored: [&quot;examples&quot;]&#10;warning: the following keywords are unknown and will be ignored: [examples]&#10;    level: &quot;warning&quot;&#10;    schema: {&quot;loadingURI&quot;:&quot;#&quot;,&quot;pointer&quot;:&quot;/items/properties/nome&quot;}&#10;    domain: &quot;syntax&quot;&#10;    ignored: [&quot;examples&quot;]&#10;warning: the following keywords are unknown and will be ignored: [examples]&#10;    level: &quot;warning&quot;&#10;    schema: {&quot;loadingURI&quot;:&quot;#&quot;,&quot;pointer&quot;:&quot;/items/properties/parcelas&quot;}&#10;    domain: &quot;syntax&quot;&#10;    ignored: [&quot;examples&quot;]&#10;warning: the following keywords are unknown and will be ignored: [examples]&#10;    level: &quot;warning&quot;&#10;    schema: {&quot;loadingURI&quot;:&quot;#&quot;,&quot;pointer&quot;:&quot;/items/properties/seguro&quot;}&#10;    domain: &quot;syntax&quot;&#10;    ignored: [&quot;examples&quot;]&#10;warning: the following keywords are unknown and will be ignored: [examples]&#10;    level: &quot;warning&quot;&#10;    schema: {&quot;loadingURI&quot;:&quot;#&quot;,&quot;pointer&quot;:&quot;/items/properties/valor&quot;}&#10;    domain: &quot;syntax&quot;&#10;    ignored: [&quot;examples&quot;]&#10;warning: the following keywords are unknown and will be ignored: [examples]&#10;    level: &quot;warning&quot;&#10;    schema: {&quot;loadingURI&quot;:&quot;#&quot;,&quot;pointer&quot;:&quot;/items&quot;}&#10;    domain: &quot;syntax&quot;&#10;    ignored: [&quot;examples&quot;]&#10;warning: the following keywords are unknown and will be ignored: [examples]&#10;    level: &quot;warning&quot;&#10;    schema: {&quot;loadingURI&quot;:&quot;#&quot;,&quot;pointer&quot;:&quot;/items/properties/cpf&quot;}&#10;    domain: &quot;syntax&quot;&#10;    ignored: [&quot;examples&quot;]&#10;warning: the following keywords are unknown and will be ignored: [examples]&#10;    level: &quot;warning&quot;&#10;    schema: {&quot;loadingURI&quot;:&quot;#&quot;,&quot;pointer&quot;:&quot;/items/properties/email&quot;}&#10;    domain: &quot;syntax&quot;&#10;    ignored: [&quot;examples&quot;]&#10;warning: the following keywords are unknown and will be ignored: [examples]&#10;    level: &quot;warning&quot;&#10;    schema: {&quot;loadingURI&quot;:&quot;#&quot;,&quot;pointer&quot;:&quot;/items/properties/id&quot;}&#10;    domain: &quot;syntax&quot;&#10;    ignored: [&quot;examples&quot;]&#10;warning: the following keywords are unknown and will be ignored: [examples]&#10;    level: &quot;warning&quot;&#10;    schema: {&quot;loadingURI&quot;:&quot;#&quot;,&quot;pointer&quot;:&quot;/items/properties/nome&quot;}&#10;    domain: &quot;syntax&quot;&#10;    ignored: [&quot;examples&quot;]&#10;warning: the following keywords are unknown and will be ignored: [examples]&#10;    level: &quot;warning&quot;&#10;    schema: {&quot;loadingURI&quot;:&quot;#&quot;,&quot;pointer&quot;:&quot;/items/properties/parcelas&quot;}&#10;    domain: &quot;syntax&quot;&#10;    ignored: [&quot;examples&quot;]&#10;warning: the following keywords are unknown and will be ignored: [examples]&#10;    level: &quot;warning&quot;&#10;    schema: {&quot;loadingURI&quot;:&quot;#&quot;,&quot;pointer&quot;:&quot;/items/properties/seguro&quot;}&#10;    domain: &quot;syntax&quot;&#10;    ignored: [&quot;examples&quot;]&#10;warning: the following keywords are unknown and will be ignored: [examples]&#10;    level: &quot;warning&quot;&#10;    schema: {&quot;loadingURI&quot;:&quot;#&quot;,&quot;pointer&quot;:&quot;/items/properties/valor&quot;}&#10;    domain: &quot;syntax&quot;&#10;    ignored: [&quot;examples&quot;]&#10;warning: the following keywords are unknown and will be ignored: [examples]&#10;    level: &quot;warning&quot;&#10;    schema: {&quot;loadingURI&quot;:&quot;#&quot;,&quot;pointer&quot;:&quot;/items&quot;}&#10;    domain: &quot;syntax&quot;&#10;    ignored: [&quot;examples&quot;]&#10;warning: the following keywords are unknown and will be ignored: [examples]&#10;    level: &quot;warning&quot;&#10;    schema: {&quot;loadingURI&quot;:&quot;#&quot;,&quot;pointer&quot;:&quot;/items/properties/cpf&quot;}&#10;    domain: &quot;syntax&quot;&#10;    ignored: [&quot;examples&quot;]&#10;warning: the following keywords are unknown and will be ignored: [examples]&#10;    level: &quot;warning&quot;&#10;    schema: {&quot;loadingURI&quot;:&quot;#&quot;,&quot;pointer&quot;:&quot;/items/properties/email&quot;}&#10;    domain: &quot;syntax&quot;&#10;    ignored: [&quot;examples&quot;]&#10;warning: the following keywords are unknown and will be ignored: [examples]&#10;    level: &quot;warning&quot;&#10;    schema: {&quot;loadingURI&quot;:&quot;#&quot;,&quot;pointer&quot;:&quot;/items/properties/id&quot;}&#10;    domain: &quot;syntax&quot;&#10;    ignored: [&quot;examples&quot;]&#10;warning: the following keywords are unknown and will be ignored: [examples]&#10;    level: &quot;warning&quot;&#10;    schema: {&quot;loadingURI&quot;:&quot;#&quot;,&quot;pointer&quot;:&quot;/items/properties/nome&quot;}&#10;    domain: &quot;syntax&quot;&#10;    ignored: [&quot;examples&quot;]&#10;warning: the following keywords are unknown and will be ignored: [examples]&#10;    level: &quot;warning&quot;&#10;    schema: {&quot;loadingURI&quot;:&quot;#&quot;,&quot;pointer&quot;:&quot;/items/properties/parcelas&quot;}&#10;    domain: &quot;syntax&quot;&#10;    ignored: [&quot;examples&quot;]&#10;warning: the following keywords are unknown and will be ignored: [examples]&#10;    level: &quot;warning&quot;&#10;    schema: {&quot;loadingURI&quot;:&quot;#&quot;,&quot;pointer&quot;:&quot;/items/properties/seguro&quot;}&#10;    domain: &quot;syntax&quot;&#10;    ignored: [&quot;examples&quot;]&#10;warning: the following keywords are unknown and will be ignored: [examples]&#10;    level: &quot;warning&quot;&#10;    schema: {&quot;loadingURI&quot;:&quot;#&quot;,&quot;pointer&quot;:&quot;/items/properties/valor&quot;}&#10;    domain: &quot;syntax&quot;&#10;    ignored: [&quot;examples&quot;]&#10;warning: the following keywords are unknown and will be ignored: [examples]&#10;    level: &quot;warning&quot;&#10;    schema: {&quot;loadingURI&quot;:&quot;#&quot;,&quot;pointer&quot;:&quot;/items&quot;}&#10;    domain: &quot;syntax&quot;&#10;    ignored: [&quot;examples&quot;]&#10;warning: the following keywords are unknown and will be ignored: [examples]&#10;    level: &quot;warning&quot;&#10;    schema: {&quot;loadingURI&quot;:&quot;#&quot;,&quot;pointer&quot;:&quot;/items/properties/cpf&quot;}&#10;    domain: &quot;syntax&quot;&#10;    ignored: [&quot;examples&quot;]&#10;warning: the following keywords are unknown and will be ignored: [examples]&#10;    level: &quot;warning&quot;&#10;    schema: {&quot;loadingURI&quot;:&quot;#&quot;,&quot;pointer&quot;:&quot;/items/properties/email&quot;}&#10;    domain: &quot;syntax&quot;&#10;    ignored: [&quot;examples&quot;]&#10;warning: the following keywords are unknown and will be ignored: [examples]&#10;    level: &quot;warning&quot;&#10;    schema: {&quot;loadingURI&quot;:&quot;#&quot;,&quot;pointer&quot;:&quot;/items/properties/id&quot;}&#10;    domain: &quot;syntax&quot;&#10;    ignored: [&quot;examples&quot;]&#10;warning: the following keywords are unknown and will be ignored: [examples]&#10;    level: &quot;warning&quot;&#10;    schema: {&quot;loadingURI&quot;:&quot;#&quot;,&quot;pointer&quot;:&quot;/items/properties/nome&quot;}&#10;    domain: &quot;syntax&quot;&#10;    ignored: [&quot;examples&quot;]&#10;warning: the following keywords are unknown and will be ignored: [examples]&#10;    level: &quot;warning&quot;&#10;    schema: {&quot;loadingURI&quot;:&quot;#&quot;,&quot;pointer&quot;:&quot;/items/properties/parcelas&quot;}&#10;    domain: &quot;syntax&quot;&#10;    ignored: [&quot;examples&quot;]&#10;warning: the following keywords are unknown and will be ignored: [examples]&#10;    level: &quot;warning&quot;&#10;    schema: {&quot;loadingURI&quot;:&quot;#&quot;,&quot;pointer&quot;:&quot;/items/properties/seguro&quot;}&#10;    domain: &quot;syntax&quot;&#10;    ignored: [&quot;examples&quot;]&#10;warning: the following keywords are unknown and will be ignored: [examples]&#10;    level: &quot;warning&quot;&#10;    schema: {&quot;loadingURI&quot;:&quot;#&quot;,&quot;pointer&quot;:&quot;/items/properties/valor&quot;}&#10;    domain: &quot;syntax&quot;&#10;    ignored: [&quot;examples&quot;]&#10;warning: the following keywords are unknown and will be ignored: [examples]&#10;    level: &quot;warning&quot;&#10;    schema: {&quot;loadingURI&quot;:&quot;#&quot;,&quot;pointer&quot;:&quot;/items&quot;}&#10;    domain: &quot;syntax&quot;&#10;    ignored: [&quot;examples&quot;]&#10;warning: the following keywords are unknown and will be ignored: [examples]&#10;    level: &quot;warning&quot;&#10;    schema: {&quot;loadingURI&quot;:&quot;#&quot;,&quot;pointer&quot;:&quot;/items/properties/cpf&quot;}&#10;    domain: &quot;syntax&quot;&#10;    ignored: [&quot;examples&quot;]&#10;warning: the following keywords are unknown and will be ignored: [examples]&#10;    level: &quot;warning&quot;&#10;    schema: {&quot;loadingURI&quot;:&quot;#&quot;,&quot;pointer&quot;:&quot;/items/properties/email&quot;}&#10;    domain: &quot;syntax&quot;&#10;    ignored: [&quot;examples&quot;]&#10;warning: the following keywords are unknown and will be ignored: [examples]&#10;    level: &quot;warning&quot;&#10;    schema: {&quot;loadingURI&quot;:&quot;#&quot;,&quot;pointer&quot;:&quot;/items/properties/id&quot;}&#10;    domain: &quot;syntax&quot;&#10;    ignored: [&quot;examples&quot;]&#10;warning: the following keywords are unknown and will be ignored: [examples]&#10;    level: &quot;warning&quot;&#10;    schema: {&quot;loadingURI&quot;:&quot;#&quot;,&quot;pointer&quot;:&quot;/items/properties/nome&quot;}&#10;    domain: &quot;syntax&quot;&#10;    ignored: [&quot;examples&quot;]&#10;warning: the following keywords are unknown and will be ignored: [examples]&#10;    level: &quot;warning&quot;&#10;    schema: {&quot;loadingURI&quot;:&quot;#&quot;,&quot;pointer&quot;:&quot;/items/properties/parcelas&quot;}&#10;    domain: &quot;syntax&quot;&#10;    ignored: [&quot;examples&quot;]&#10;warning: the following keywords are unknown and will be ignored: [examples]&#10;    level: &quot;warning&quot;&#10;    schema: {&quot;loadingURI&quot;:&quot;#&quot;,&quot;pointer&quot;:&quot;/items/properties/seguro&quot;}&#10;    domain: &quot;syntax&quot;&#10;    ignored: [&quot;examples&quot;]&#10;warning: the following keywords are unknown and will be ignored: [examples]&#10;    level: &quot;warning&quot;&#10;    schema: {&quot;loadingURI&quot;:&quot;#&quot;,&quot;pointer&quot;:&quot;/items/properties/valor&quot;}&#10;    domain: &quot;syntax&quot;&#10;    ignored: [&quot;examples&quot;]&#10;warning: the following keywords are unknown and will be ignored: [examples]&#10;    level: &quot;warning&quot;&#10;    schema: {&quot;loadingURI&quot;:&quot;#&quot;,&quot;pointer&quot;:&quot;/items&quot;}&#10;    domain: &quot;syntax&quot;&#10;    ignored: [&quot;examples&quot;]&#10;warning: the following keywords are unknown and will be ignored: [examples]&#10;    level: &quot;warning&quot;&#10;    schema: {&quot;loadingURI&quot;:&quot;#&quot;,&quot;pointer&quot;:&quot;/items/properties/cpf&quot;}&#10;    domain: &quot;syntax&quot;&#10;    ignored: [&quot;examples&quot;]&#10;warning: the following keywords are unknown and will be ignored: [examples]&#10;    level: &quot;warning&quot;&#10;    schema: {&quot;loadingURI&quot;:&quot;#&quot;,&quot;pointer&quot;:&quot;/items/properties/email&quot;}&#10;    domain: &quot;syntax&quot;&#10;    ignored: [&quot;examples&quot;]&#10;warning: the following keywords are unknown and will be ignored: [examples]&#10;    level: &quot;warning&quot;&#10;    schema: {&quot;loadingURI&quot;:&quot;#&quot;,&quot;pointer&quot;:&quot;/items/properties/id&quot;}&#10;    domain: &quot;syntax&quot;&#10;    ignored: [&quot;examples&quot;]&#10;warning: the following keywords are unknown and will be ignored: [examples]&#10;    level: &quot;warning&quot;&#10;    schema: {&quot;loadingURI&quot;:&quot;#&quot;,&quot;pointer&quot;:&quot;/items/properties/nome&quot;}&#10;    domain: &quot;syntax&quot;&#10;    ignored: [&quot;examples&quot;]&#10;warning: the following keywords are unknown and will be ignored: [examples]&#10;    level: &quot;warning&quot;&#10;    schema: {&quot;loadingURI&quot;:&quot;#&quot;,&quot;pointer&quot;:&quot;/items/properties/parcelas&quot;}&#10;    domain: &quot;syntax&quot;&#10;    ignored: [&quot;examples&quot;]&#10;warning: the following keywords are unknown and will be ignored: [examples]&#10;    level: &quot;warning&quot;&#10;    schema: {&quot;loadingURI&quot;:&quot;#&quot;,&quot;pointer&quot;:&quot;/items/properties/seguro&quot;}&#10;    domain: &quot;syntax&quot;&#10;    ignored: [&quot;examples&quot;]&#10;warning: the following keywords are unknown and will be ignored: [examples]&#10;    level: &quot;warning&quot;&#10;    schema: {&quot;loadingURI&quot;:&quot;#&quot;,&quot;pointer&quot;:&quot;/items/properties/valor&quot;}&#10;    domain: &quot;syntax&quot;&#10;    ignored: [&quot;examples&quot;]&#10;warning: the following keywords are unknown and will be ignored: [examples]&#10;    level: &quot;warning&quot;&#10;    schema: {&quot;loadingURI&quot;:&quot;#&quot;,&quot;pointer&quot;:&quot;/items&quot;}&#10;    domain: &quot;syntax&quot;&#10;    ignored: [&quot;examples&quot;]&#10;warning: the following keywords are unknown and will be ignored: [examples]&#10;    level: &quot;warning&quot;&#10;    schema: {&quot;loadingURI&quot;:&quot;#&quot;,&quot;pointer&quot;:&quot;/items/properties/cpf&quot;}&#10;    domain: &quot;syntax&quot;&#10;    ignored: [&quot;examples&quot;]&#10;warning: the following keywords are unknown and will be ignored: [examples]&#10;    level: &quot;warning&quot;&#10;    schema: {&quot;loadingURI&quot;:&quot;#&quot;,&quot;pointer&quot;:&quot;/items/properties/email&quot;}&#10;    domain: &quot;syntax&quot;&#10;    ignored: [&quot;examples&quot;]&#10;warning: the following keywords are unknown and will be ignored: [examples]&#10;    level: &quot;warning&quot;&#10;    schema: {&quot;loadingURI&quot;:&quot;#&quot;,&quot;pointer&quot;:&quot;/items/properties/id&quot;}&#10;    domain: &quot;syntax&quot;&#10;    ignored: [&quot;examples&quot;]&#10;warning: the following keywords are unknown and will be ignored: [examples]&#10;    level: &quot;warning&quot;&#10;    schema: {&quot;loadingURI&quot;:&quot;#&quot;,&quot;pointer&quot;:&quot;/items/properties/nome&quot;}&#10;    domain: &quot;syntax&quot;&#10;    ignored: [&quot;examples&quot;]&#10;warning: the following keywords are unknown and will be ignored: [examples]&#10;    level: &quot;warning&quot;&#10;    schema: {&quot;loadingURI&quot;:&quot;#&quot;,&quot;pointer&quot;:&quot;/items/properties/parcelas&quot;}&#10;    domain: &quot;syntax&quot;&#10;    ignored: [&quot;examples&quot;]&#10;warning: the following keywords are unknown and will be ignored: [examples]&#10;    level: &quot;warning&quot;&#10;    schema: {&quot;loadingURI&quot;:&quot;#&quot;,&quot;pointer&quot;:&quot;/items/properties/seguro&quot;}&#10;    domain: &quot;syntax&quot;&#10;    ignored: [&quot;examples&quot;]&#10;warning: the following keywords are unknown and will be ignored: [examples]&#10;    level: &quot;warning&quot;&#10;    schema: {&quot;loadingURI&quot;:&quot;#&quot;,&quot;pointer&quot;:&quot;/items/properties/valor&quot;}&#10;    domain: &quot;syntax&quot;&#10;    ignored: [&quot;examples&quot;]&#10;warning: the following keywords are unknown and will be ignored: [examples]&#10;    level: &quot;warning&quot;&#10;    schema: {&quot;loadingURI&quot;:&quot;#&quot;,&quot;pointer&quot;:&quot;/items&quot;}&#10;    domain: &quot;syntax&quot;&#10;    ignored: [&quot;examples&quot;]&#10;warning: the following keywords are unknown and will be ignored: [examples]&#10;    level: &quot;warning&quot;&#10;    schema: {&quot;loadingURI&quot;:&quot;#&quot;,&quot;pointer&quot;:&quot;/items/properties/cpf&quot;}&#10;    domain: &quot;syntax&quot;&#10;    ignored: [&quot;examples&quot;]&#10;warning: the following keywords are unknown and will be ignored: [examples]&#10;    level: &quot;warning&quot;&#10;    schema: {&quot;loadingURI&quot;:&quot;#&quot;,&quot;pointer&quot;:&quot;/items/properties/email&quot;}&#10;    domain: &quot;syntax&quot;&#10;    ignored: [&quot;examples&quot;]&#10;warning: the following keywords are unknown and will be ignored: [examples]&#10;    level: &quot;warning&quot;&#10;    schema: {&quot;loadingURI&quot;:&quot;#&quot;,&quot;pointer&quot;:&quot;/items/properties/id&quot;}&#10;    domain: &quot;syntax&quot;&#10;    ignored: [&quot;examples&quot;]&#10;warning: the following keywords are unknown and will be ignored: [examples]&#10;    level: &quot;warning&quot;&#10;    schema: {&quot;loadingURI&quot;:&quot;#&quot;,&quot;pointer&quot;:&quot;/items/properties/nome&quot;}&#10;    domain: &quot;syntax&quot;&#10;    ignored: [&quot;examples&quot;]&#10;warning: the following keywords are unknown and will be ignored: [examples]&#10;    level: &quot;warning&quot;&#10;    schema: {&quot;loadingURI&quot;:&quot;#&quot;,&quot;pointer&quot;:&quot;/items/properties/parcelas&quot;}&#10;    domain: &quot;syntax&quot;&#10;    ignored: [&quot;examples&quot;]&#10;warning: the following keywords are unknown and will be ignored: [examples]&#10;    level: &quot;warning&quot;&#10;    schema: {&quot;loadingURI&quot;:&quot;#&quot;,&quot;pointer&quot;:&quot;/items/properties/seguro&quot;}&#10;    domain: &quot;syntax&quot;&#10;    ignored: [&quot;examples&quot;]&#10;warning: the following keywords are unknown and will be ignored: [examples]&#10;    level: &quot;warning&quot;&#10;    schema: {&quot;loadingURI&quot;:&quot;#&quot;,&quot;pointer&quot;:&quot;/items/properties/valor&quot;}&#10;    domain: &quot;syntax&quot;&#10;    ignored: [&quot;examples&quot;]&#10;warning: the following keywords are unknown and will be ignored: [examples]&#10;    level: &quot;warning&quot;&#10;    schema: {&quot;loadingURI&quot;:&quot;#&quot;,&quot;pointer&quot;:&quot;/items&quot;}&#10;    domain: &quot;syntax&quot;&#10;    ignored: [&quot;examples&quot;]&#10;warning: the following keywords are unknown and will be ignored: [examples]&#10;    level: &quot;warning&quot;&#10;    schema: {&quot;loadingURI&quot;:&quot;#&quot;,&quot;pointer&quot;:&quot;/items/properties/cpf&quot;}&#10;    domain: &quot;syntax&quot;&#10;    ignored: [&quot;examples&quot;]&#10;warning: the following keywords are unknown and will be ignored: [examples]&#10;    level: &quot;warning&quot;&#10;    schema: {&quot;loadingURI&quot;:&quot;#&quot;,&quot;pointer&quot;:&quot;/items/properties/email&quot;}&#10;    domain: &quot;syntax&quot;&#10;    ignored: [&quot;examples&quot;]&#10;warning: the following keywords are unknown and will be ignored: [examples]&#10;    level: &quot;warning&quot;&#10;    schema: {&quot;loadingURI&quot;:&quot;#&quot;,&quot;pointer&quot;:&quot;/items/properties/id&quot;}&#10;    domain: &quot;syntax&quot;&#10;    ignored: [&quot;examples&quot;]&#10;warning: the following keywords are unknown and will be ignored: [examples]&#10;    level: &quot;warning&quot;&#10;    schema: {&quot;loadingURI&quot;:&quot;#&quot;,&quot;pointer&quot;:&quot;/items/properties/nome&quot;}&#10;    domain: &quot;syntax&quot;&#10;    ignored: [&quot;examples&quot;]&#10;warning: the following keywords are unknown and will be ignored: [examples]&#10;    level: &quot;warning&quot;&#10;    schema: {&quot;loadingURI&quot;:&quot;#&quot;,&quot;pointer&quot;:&quot;/items/properties/parcelas&quot;}&#10;    domain: &quot;syntax&quot;&#10;    ignored: [&quot;examples&quot;]&#10;warning: the following keywords are unknown and will be ignored: [examples]&#10;    level: &quot;warning&quot;&#10;    schema: {&quot;loadingURI&quot;:&quot;#&quot;,&quot;pointer&quot;:&quot;/items/properties/seguro&quot;}&#10;    domain: &quot;syntax&quot;&#10;    ignored: [&quot;examples&quot;]&#10;warning: the following keywords are unknown and will be ignored: [examples]&#10;    level: &quot;warning&quot;&#10;    schema: {&quot;loadingURI&quot;:&quot;#&quot;,&quot;pointer&quot;:&quot;/items/properties/valor&quot;}&#10;    domain: &quot;syntax&quot;&#10;    ignored: [&quot;examples&quot;]&#10;warning: the following keywords are unknown and will be ignored: [examples]&#10;    level: &quot;warning&quot;&#10;    schema: {&quot;loadingURI&quot;:&quot;#&quot;,&quot;pointer&quot;:&quot;/items&quot;}&#10;    domain: &quot;syntax&quot;&#10;    ignored: [&quot;examples&quot;]&#10;warning: the following keywords are unknown and will be ignored: [examples]&#10;    level: &quot;warning&quot;&#10;    schema: {&quot;loadingURI&quot;:&quot;#&quot;,&quot;pointer&quot;:&quot;/items/properties/cpf&quot;}&#10;    domain: &quot;syntax&quot;&#10;    ignored: [&quot;examples&quot;]&#10;warning: the following keywords are unknown and will be ignored: [examples]&#10;    level: &quot;warning&quot;&#10;    schema: {&quot;loadingURI&quot;:&quot;#&quot;,&quot;pointer&quot;:&quot;/items/properties/email&quot;}&#10;    domain: &quot;syntax&quot;&#10;    ignored: [&quot;examples&quot;]&#10;warning: the following keywords are unknown and will be ignored: [examples]&#10;    level: &quot;warning&quot;&#10;    schema: {&quot;loadingURI&quot;:&quot;#&quot;,&quot;pointer&quot;:&quot;/items/properties/id&quot;}&#10;    domain: &quot;syntax&quot;&#10;    ignored: [&quot;examples&quot;]&#10;warning: the following keywords are unknown and will be ignored: [examples]&#10;    level: &quot;warning&quot;&#10;    schema: {&quot;loadingURI&quot;:&quot;#&quot;,&quot;pointer&quot;:&quot;/items/properties/nome&quot;}&#10;    domain: &quot;syntax&quot;&#10;    ignored: [&quot;examples&quot;]&#10;warning: the following keywords are unknown and will be ignored: [examples]&#10;    level: &quot;warning&quot;&#10;    schema: {&quot;loadingURI&quot;:&quot;#&quot;,&quot;pointer&quot;:&quot;/items/properties/parcelas&quot;}&#10;    domain: &quot;syntax&quot;&#10;    ignored: [&quot;examples&quot;]&#10;warning: the following keywords are unknown and will be ignored: [examples]&#10;    level: &quot;warning&quot;&#10;    schema: {&quot;loadingURI&quot;:&quot;#&quot;,&quot;pointer&quot;:&quot;/items/properties/seguro&quot;}&#10;    domain: &quot;syntax&quot;&#10;    ignored: [&quot;examples&quot;]&#10;warning: the following keywords are unknown and will be ignored: [examples]&#10;    level: &quot;warning&quot;&#10;    schema: {&quot;loadingURI&quot;:&quot;#&quot;,&quot;pointer&quot;:&quot;/items/properties/valor&quot;}&#10;    domain: &quot;syntax&quot;&#10;    ignored: [&quot;examples&quot;]&#10;warning: the following keywords are unknown and will be ignored: [examples]&#10;    level: &quot;warning&quot;&#10;    schema: {&quot;loadingURI&quot;:&quot;#&quot;,&quot;pointer&quot;:&quot;/items&quot;}&#10;    domain: &quot;syntax&quot;&#10;    ignored: [&quot;examples&quot;]&#10;warning: the following keywords are unknown and will be ignored: [examples]&#10;    level: &quot;warning&quot;&#10;    schema: {&quot;loadingURI&quot;:&quot;#&quot;,&quot;pointer&quot;:&quot;/items/properties/cpf&quot;}&#10;    domain: &quot;syntax&quot;&#10;    ignored: [&quot;examples&quot;]&#10;warning: the following keywords are unknown and will be ignored: [examples]&#10;    level: &quot;warning&quot;&#10;    schema: {&quot;loadingURI&quot;:&quot;#&quot;,&quot;pointer&quot;:&quot;/items/properties/email&quot;}&#10;    domain: &quot;syntax&quot;&#10;    ignored: [&quot;examples&quot;]&#10;warning: the following keywords are unknown and will be ignored: [examples]&#10;    level: &quot;warning&quot;&#10;    schema: {&quot;loadingURI&quot;:&quot;#&quot;,&quot;pointer&quot;:&quot;/items/properties/id&quot;}&#10;    domain: &quot;syntax&quot;&#10;    ignored: [&quot;examples&quot;]&#10;warning: the following keywords are unknown and will be ignored: [examples]&#10;    level: &quot;warning&quot;&#10;    schema: {&quot;loadingURI&quot;:&quot;#&quot;,&quot;pointer&quot;:&quot;/items/properties/nome&quot;}&#10;    domain: &quot;syntax&quot;&#10;    ignored: [&quot;examples&quot;]&#10;warning: the following keywords are unknown and will be ignored: [examples]&#10;    level: &quot;warning&quot;&#10;    schema: {&quot;loadingURI&quot;:&quot;#&quot;,&quot;pointer&quot;:&quot;/items/properties/parcelas&quot;}&#10;    domain: &quot;syntax&quot;&#10;    ignored: [&quot;examples&quot;]&#10;warning: the following keywords are unknown and will be ignored: [examples]&#10;    level: &quot;warning&quot;&#10;    schema: {&quot;loadingURI&quot;:&quot;#&quot;,&quot;pointer&quot;:&quot;/items/properties/seguro&quot;}&#10;    domain: &quot;syntax&quot;&#10;    ignored: [&quot;examples&quot;]&#10;warning: the following keywords are unknown and will be ignored: [examples]&#10;    level: &quot;warning&quot;&#10;    schema: {&quot;loadingURI&quot;:&quot;#&quot;,&quot;pointer&quot;:&quot;/items/properties/valor&quot;}&#10;    domain: &quot;syntax&quot;&#10;    ignored: [&quot;examples&quot;]&#10;warning: the following keywords are unknown and will be ignored: [examples]&#10;    level: &quot;warning&quot;&#10;    schema: {&quot;loadingURI&quot;:&quot;#&quot;,&quot;pointer&quot;:&quot;/items&quot;}&#10;    domain: &quot;syntax&quot;&#10;    ignored: [&quot;examples&quot;]&#10;warning: the following keywords are unknown and will be ignored: [examples]&#10;    level: &quot;warning&quot;&#10;    schema: {&quot;loadingURI&quot;:&quot;#&quot;,&quot;pointer&quot;:&quot;/items/properties/cpf&quot;}&#10;    domain: &quot;syntax&quot;&#10;    ignored: [&quot;examples&quot;]&#10;warning: the following keywords are unknown and will be ignored: [examples]&#10;    level: &quot;warning&quot;&#10;    schema: {&quot;loadingURI&quot;:&quot;#&quot;,&quot;pointer&quot;:&quot;/items/properties/email&quot;}&#10;    domain: &quot;syntax&quot;&#10;    ignored: [&quot;examples&quot;]&#10;warning: the following keywords are unknown and will be ignored: [examples]&#10;    level: &quot;warning&quot;&#10;    schema: {&quot;loadingURI&quot;:&quot;#&quot;,&quot;pointer&quot;:&quot;/items/properties/id&quot;}&#10;    domain: &quot;syntax&quot;&#10;    ignored: [&quot;examples&quot;]&#10;warning: the following keywords are unknown and will be ignored: [examples]&#10;    level: &quot;warning&quot;&#10;    schema: {&quot;loadingURI&quot;:&quot;#&quot;,&quot;pointer&quot;:&quot;/items/properties/nome&quot;}&#10;    domain: &quot;syntax&quot;&#10;    ignored: [&quot;examples&quot;]&#10;warning: the following keywords are unknown and will be ignored: [examples]&#10;    level: &quot;warning&quot;&#10;    schema: {&quot;loadingURI&quot;:&quot;#&quot;,&quot;pointer&quot;:&quot;/items/properties/parcelas&quot;}&#10;    domain: &quot;syntax&quot;&#10;    ignored: [&quot;examples&quot;]&#10;warning: the following keywords are unknown and will be ignored: [examples]&#10;    level: &quot;warning&quot;&#10;    schema: {&quot;loadingURI&quot;:&quot;#&quot;,&quot;pointer&quot;:&quot;/items/properties/seguro&quot;}&#10;    domain: &quot;syntax&quot;&#10;    ignored: [&quot;examples&quot;]&#10;warning: the following keywords are unknown and will be ignored: [examples]&#10;    level: &quot;warning&quot;&#10;    schema: {&quot;loadingURI&quot;:&quot;#&quot;,&quot;pointer&quot;:&quot;/items/properties/valor&quot;}&#10;    domain: &quot;syntax&quot;&#10;    ignored: [&quot;examples&quot;]&#10;warning: the following keywords are unknown and will be ignored: [examples]&#10;    level: &quot;warning&quot;&#10;    schema: {&quot;loadingURI&quot;:&quot;#&quot;,&quot;pointer&quot;:&quot;/items&quot;}&#10;    domain: &quot;syntax&quot;&#10;    ignored: [&quot;examples&quot;]&#10;warning: the following keywords are unknown and will be ignored: [examples]&#10;    level: &quot;warning&quot;&#10;    schema: {&quot;loadingURI&quot;:&quot;#&quot;,&quot;pointer&quot;:&quot;/items/properties/cpf&quot;}&#10;    domain: &quot;syntax&quot;&#10;    ignored: [&quot;examples&quot;]&#10;warning: the following keywords are unknown and will be ignored: [examples]&#10;    level: &quot;warning&quot;&#10;    schema: {&quot;loadingURI&quot;:&quot;#&quot;,&quot;pointer&quot;:&quot;/items/properties/email&quot;}&#10;    domain: &quot;syntax&quot;&#10;    ignored: [&quot;examples&quot;]&#10;warning: the following keywords are unknown and will be ignored: [examples]&#10;    level: &quot;warning&quot;&#10;    schema: {&quot;loadingURI&quot;:&quot;#&quot;,&quot;pointer&quot;:&quot;/items/properties/id&quot;}&#10;    domain: &quot;syntax&quot;&#10;    ignored: [&quot;examples&quot;]&#10;warning: the following keywords are unknown and will be ignored: [examples]&#10;    level: &quot;warning&quot;&#10;    schema: {&quot;loadingURI&quot;:&quot;#&quot;,&quot;pointer&quot;:&quot;/items/properties/nome&quot;}&#10;    domain: &quot;syntax&quot;&#10;    ignored: [&quot;examples&quot;]&#10;warning: the following keywords are unknown and will be ignored: [examples]&#10;    level: &quot;warning&quot;&#10;    schema: {&quot;loadingURI&quot;:&quot;#&quot;,&quot;pointer&quot;:&quot;/items/properties/parcelas&quot;}&#10;    domain: &quot;syntax&quot;&#10;    ignored: [&quot;examples&quot;]&#10;warning: the following keywords are unknown and will be ignored: [examples]&#10;    level: &quot;warning&quot;&#10;    schema: {&quot;loadingURI&quot;:&quot;#&quot;,&quot;pointer&quot;:&quot;/items/properties/seguro&quot;}&#10;    domain: &quot;syntax&quot;&#10;    ignored: [&quot;examples&quot;]&#10;warning: the following keywords are unknown and will be ignored: [examples]&#10;    level: &quot;warning&quot;&#10;    schema: {&quot;loadingURI&quot;:&quot;#&quot;,&quot;pointer&quot;:&quot;/items/properties/valor&quot;}&#10;    domain: &quot;syntax&quot;&#10;    ignored: [&quot;examples&quot;]&#10;warning: the following keywords are unknown and will be ignored: [examples]&#10;    level: &quot;warning&quot;&#10;    schema: {&quot;loadingURI&quot;:&quot;#&quot;,&quot;pointer&quot;:&quot;/items&quot;}&#10;    domain: &quot;syntax&quot;&#10;    ignored: [&quot;examples&quot;]&#10;warning: the following keywords are unknown and will be ignored: [examples]&#10;    level: &quot;warning&quot;&#10;    schema: {&quot;loadingURI&quot;:&quot;#&quot;,&quot;pointer&quot;:&quot;/items/properties/cpf&quot;}&#10;    domain: &quot;syntax&quot;&#10;    ignored: [&quot;examples&quot;]&#10;warning: the following keywords are unknown and will be ignored: [examples]&#10;    level: &quot;warning&quot;&#10;    schema: {&quot;loadingURI&quot;:&quot;#&quot;,&quot;pointer&quot;:&quot;/items/properties/email&quot;}&#10;    domain: &quot;syntax&quot;&#10;    ignored: [&quot;examples&quot;]&#10;warning: the following keywords are unknown and will be ignored: [examples]&#10;    level: &quot;warning&quot;&#10;    schema: {&quot;loadingURI&quot;:&quot;#&quot;,&quot;pointer&quot;:&quot;/items/properties/id&quot;}&#10;    domain: &quot;syntax&quot;&#10;    ignored: [&quot;examples&quot;]&#10;warning: the following keywords are unknown and will be ignored: [examples]&#10;    level: &quot;warning&quot;&#10;    schema: {&quot;loadingURI&quot;:&quot;#&quot;,&quot;pointer&quot;:&quot;/items/properties/nome&quot;}&#10;    domain: &quot;syntax&quot;&#10;    ignored: [&quot;examples&quot;]&#10;warning: the following keywords are unknown and will be ignored: [examples]&#10;    level: &quot;warning&quot;&#10;    schema: {&quot;loadingURI&quot;:&quot;#&quot;,&quot;pointer&quot;:&quot;/items/properties/parcelas&quot;}&#10;    domain: &quot;syntax&quot;&#10;    ignored: [&quot;examples&quot;]&#10;warning: the following keywords are unknown and will be ignored: [examples]&#10;    level: &quot;warning&quot;&#10;    schema: {&quot;loadingURI&quot;:&quot;#&quot;,&quot;pointer&quot;:&quot;/items/properties/seguro&quot;}&#10;    domain: &quot;syntax&quot;&#10;    ignored: [&quot;examples&quot;]&#10;warning: the following keywords are unknown and will be ignored: [examples]&#10;    level: &quot;warning&quot;&#10;    schema: {&quot;loadingURI&quot;:&quot;#&quot;,&quot;pointer&quot;:&quot;/items/properties/valor&quot;}&#10;    domain: &quot;syntax&quot;&#10;    ignored: [&quot;examples&quot;]&#10;warning: the following keywords are unknown and will be ignored: [examples]&#10;    level: &quot;warning&quot;&#10;    schema: {&quot;loadingURI&quot;:&quot;#&quot;,&quot;pointer&quot;:&quot;/items&quot;}&#10;    domain: &quot;syntax&quot;&#10;    ignored: [&quot;examples&quot;]&#10;warning: the following keywords are unknown and will be ignored: [examples]&#10;    level: &quot;warning&quot;&#10;    schema: {&quot;loadingURI&quot;:&quot;#&quot;,&quot;pointer&quot;:&quot;/items/properties/cpf&quot;}&#10;    domain: &quot;syntax&quot;&#10;    ignored: [&quot;examples&quot;]&#10;warning: the following keywords are unknown and will be ignored: [examples]&#10;    level: &quot;warning&quot;&#10;    schema: {&quot;loadingURI&quot;:&quot;#&quot;,&quot;pointer&quot;:&quot;/items/properties/email&quot;}&#10;    domain: &quot;syntax&quot;&#10;    ignored: [&quot;examples&quot;]&#10;warning: the following keywords are unknown and will be ignored: [examples]&#10;    level: &quot;warning&quot;&#10;    schema: {&quot;loadingURI&quot;:&quot;#&quot;,&quot;pointer&quot;:&quot;/items/properties/id&quot;}&#10;    domain: &quot;syntax&quot;&#10;    ignored: [&quot;examples&quot;]&#10;warning: the following keywords are unknown and will be ignored: [examples]&#10;    level: &quot;warning&quot;&#10;    schema: {&quot;loadingURI&quot;:&quot;#&quot;,&quot;pointer&quot;:&quot;/items/properties/nome&quot;}&#10;    domain: &quot;syntax&quot;&#10;    ignored: [&quot;examples&quot;]&#10;warning: the following keywords are unknown and will be ignored: [examples]&#10;    level: &quot;warning&quot;&#10;    schema: {&quot;loadingURI&quot;:&quot;#&quot;,&quot;pointer&quot;:&quot;/items/properties/parcelas&quot;}&#10;    domain: &quot;syntax&quot;&#10;    ignored: [&quot;examples&quot;]&#10;warning: the following keywords are unknown and will be ignored: [examples]&#10;    level: &quot;warning&quot;&#10;    schema: {&quot;loadingURI&quot;:&quot;#&quot;,&quot;pointer&quot;:&quot;/items/properties/seguro&quot;}&#10;    domain: &quot;syntax&quot;&#10;    ignored: [&quot;examples&quot;]&#10;warning: the following keywords are unknown and will be ignored: [examples]&#10;    level: &quot;warning&quot;&#10;    schema: {&quot;loadingURI&quot;:&quot;#&quot;,&quot;pointer&quot;:&quot;/items/properties/valor&quot;}&#10;    domain: &quot;syntax&quot;&#10;    ignored: [&quot;examples&quot;]&#10;warning: the following keywords are unknown and will be ignored: [examples]&#10;    level: &quot;warning&quot;&#10;    schema: {&quot;loadingURI&quot;:&quot;#&quot;,&quot;pointer&quot;:&quot;/items&quot;}&#10;    domain: &quot;syntax&quot;&#10;    ignored: [&quot;examples&quot;]&#10;warning: the following keywords are unknown and will be ignored: [examples]&#10;    level: &quot;warning&quot;&#10;    schema: {&quot;loadingURI&quot;:&quot;#&quot;,&quot;pointer&quot;:&quot;/items/properties/cpf&quot;}&#10;    domain: &quot;syntax&quot;&#10;    ignored: [&quot;examples&quot;]&#10;warning: the following keywords are unknown and will be ignored: [examples]&#10;    level: &quot;warning&quot;&#10;    schema: {&quot;loadingURI&quot;:&quot;#&quot;,&quot;pointer&quot;:&quot;/items/properties/email&quot;}&#10;    domain: &quot;syntax&quot;&#10;    ignored: [&quot;examples&quot;]&#10;warning: the following keywords are unknown and will be ignored: [examples]&#10;    level: &quot;warning&quot;&#10;    schema: {&quot;loadingURI&quot;:&quot;#&quot;,&quot;pointer&quot;:&quot;/items/properties/id&quot;}&#10;    domain: &quot;syntax&quot;&#10;    ignored: [&quot;examples&quot;]&#10;warning: the following keywords are unknown and will be ignored: [examples]&#10;    level: &quot;warning&quot;&#10;    schema: {&quot;loadingURI&quot;:&quot;#&quot;,&quot;pointer&quot;:&quot;/items/properties/nome&quot;}&#10;    domain: &quot;syntax&quot;&#10;    ignored: [&quot;examples&quot;]&#10;warning: the following keywords are unknown and will be ignored: [examples]&#10;    level: &quot;warning&quot;&#10;    schema: {&quot;loadingURI&quot;:&quot;#&quot;,&quot;pointer&quot;:&quot;/items/properties/parcelas&quot;}&#10;    domain: &quot;syntax&quot;&#10;    ignored: [&quot;examples&quot;]&#10;warning: the following keywords are unknown and will be ignored: [examples]&#10;    level: &quot;warning&quot;&#10;    schema: {&quot;loadingURI&quot;:&quot;#&quot;,&quot;pointer&quot;:&quot;/items/properties/seguro&quot;}&#10;    domain: &quot;syntax&quot;&#10;    ignored: [&quot;examples&quot;]&#10;warning: the following keywords are unknown and will be ignored: [examples]&#10;    level: &quot;warning&quot;&#10;    schema: {&quot;loadingURI&quot;:&quot;#&quot;,&quot;pointer&quot;:&quot;/items/properties/valor&quot;}&#10;    domain: &quot;syntax&quot;&#10;    ignored: [&quot;examples&quot;]&#10;warning: the following keywords are unknown and will be ignored: [examples]&#10;    level: &quot;warning&quot;&#10;    schema: {&quot;loadingURI&quot;:&quot;#&quot;,&quot;pointer&quot;:&quot;/items&quot;}&#10;    domain: &quot;syntax&quot;&#10;    ignored: [&quot;examples&quot;]&#10;warning: the following keywords are unknown and will be ignored: [examples]&#10;    level: &quot;warning&quot;&#10;    schema: {&quot;loadingURI&quot;:&quot;#&quot;,&quot;pointer&quot;:&quot;/items/properties/cpf&quot;}&#10;    domain: &quot;syntax&quot;&#10;    ignored: [&quot;examples&quot;]&#10;warning: the following keywords are unknown and will be ignored: [examples]&#10;    level: &quot;warning&quot;&#10;    schema: {&quot;loadingURI&quot;:&quot;#&quot;,&quot;pointer&quot;:&quot;/items/properties/email&quot;}&#10;    domain: &quot;syntax&quot;&#10;    ignored: [&quot;examples&quot;]&#10;warning: the following keywords are unknown and will be ignored: [examples]&#10;    level: &quot;warning&quot;&#10;    schema: {&quot;loadingURI&quot;:&quot;#&quot;,&quot;pointer&quot;:&quot;/items/properties/id&quot;}&#10;    domain: &quot;syntax&quot;&#10;    ignored: [&quot;examples&quot;]&#10;warning: the following keywords are unknown and will be ignored: [examples]&#10;    level: &quot;warning&quot;&#10;    schema: {&quot;loadingURI&quot;:&quot;#&quot;,&quot;pointer&quot;:&quot;/items/properties/nome&quot;}&#10;    domain: &quot;syntax&quot;&#10;    ignored: [&quot;examples&quot;]&#10;warning: the following keywords are unknown and will be ignored: [examples]&#10;    level: &quot;warning&quot;&#10;    schema: {&quot;loadingURI&quot;:&quot;#&quot;,&quot;pointer&quot;:&quot;/items/properties/parcelas&quot;}&#10;    domain: &quot;syntax&quot;&#10;    ignored: [&quot;examples&quot;]&#10;warning: the following keywords are unknown and will be ignored: [examples]&#10;    level: &quot;warning&quot;&#10;    schema: {&quot;loadingURI&quot;:&quot;#&quot;,&quot;pointer&quot;:&quot;/items/properties/seguro&quot;}&#10;    domain: &quot;syntax&quot;&#10;    ignored: [&quot;examples&quot;]&#10;warning: the following keywords are unknown and will be ignored: [examples]&#10;    level: &quot;warning&quot;&#10;    schema: {&quot;loadingURI&quot;:&quot;#&quot;,&quot;pointer&quot;:&quot;/items/properties/valor&quot;}&#10;    domain: &quot;syntax&quot;&#10;    ignored: [&quot;examples&quot;]&#10;warning: the following keywords are unknown and will be ignored: [examples]&#10;    level: &quot;warning&quot;&#10;    schema: {&quot;loadingURI&quot;:&quot;#&quot;,&quot;pointer&quot;:&quot;/items&quot;}&#10;    domain: &quot;syntax&quot;&#10;    ignored: [&quot;examples&quot;]&#10;warning: the following keywords are unknown and will be ignored: [examples]&#10;    level: &quot;warning&quot;&#10;    schema: {&quot;loadingURI&quot;:&quot;#&quot;,&quot;pointer&quot;:&quot;/items/properties/cpf&quot;}&#10;    domain: &quot;syntax&quot;&#10;    ignored: [&quot;examples&quot;]&#10;warning: the following keywords are unknown and will be ignored: [examples]&#10;    level: &quot;warning&quot;&#10;    schema: {&quot;loadingURI&quot;:&quot;#&quot;,&quot;pointer&quot;:&quot;/items/properties/email&quot;}&#10;    domain: &quot;syntax&quot;&#10;    ignored: [&quot;examples&quot;]&#10;warning: the following keywords are unknown and will be ignored: [examples]&#10;    level: &quot;warning&quot;&#10;    schema: {&quot;loadingURI&quot;:&quot;#&quot;,&quot;pointer&quot;:&quot;/items/properties/id&quot;}&#10;    domain: &quot;syntax&quot;&#10;    ignored: [&quot;examples&quot;]&#10;warning: the following keywords are unknown and will be ignored: [examples]&#10;    level: &quot;warning&quot;&#10;    schema: {&quot;loadingURI&quot;:&quot;#&quot;,&quot;pointer&quot;:&quot;/items/properties/nome&quot;}&#10;    domain: &quot;syntax&quot;&#10;    ignored: [&quot;examples&quot;]&#10;warning: the following keywords are unknown and will be ignored: [examples]&#10;    level: &quot;warning&quot;&#10;    schema: {&quot;loadingURI&quot;:&quot;#&quot;,&quot;pointer&quot;:&quot;/items/properties/parcelas&quot;}&#10;    domain: &quot;syntax&quot;&#10;    ignored: [&quot;examples&quot;]&#10;warning: the following keywords are unknown and will be ignored: [examples]&#10;    level: &quot;warning&quot;&#10;    schema: {&quot;loadingURI&quot;:&quot;#&quot;,&quot;pointer&quot;:&quot;/items/properties/seguro&quot;}&#10;    domain: &quot;syntax&quot;&#10;    ignored: [&quot;examples&quot;]&#10;warning: the following keywords are unknown and will be ignored: [examples]&#10;    level: &quot;warning&quot;&#10;    schema: {&quot;loadingURI&quot;:&quot;#&quot;,&quot;pointer&quot;:&quot;/items/properties/valor&quot;}&#10;    domain: &quot;syntax&quot;&#10;    ignored: [&quot;examples&quot;]&#10;warning: the following keywords are unknown and will be ignored: [examples]&#10;    level: &quot;warning&quot;&#10;    schema: {&quot;loadingURI&quot;:&quot;#&quot;,&quot;pointer&quot;:&quot;/items&quot;}&#10;    domain: &quot;syntax&quot;&#10;    ignored: [&quot;examples&quot;]&#10;warning: the following keywords are unknown and will be ignored: [examples]&#10;    level: &quot;warning&quot;&#10;    schema: {&quot;loadingURI&quot;:&quot;#&quot;,&quot;pointer&quot;:&quot;/items/properties/cpf&quot;}&#10;    domain: &quot;syntax&quot;&#10;    ignored: [&quot;examples&quot;]&#10;warning: the following keywords are unknown and will be ignored: [examples]&#10;    level: &quot;warning&quot;&#10;    schema: {&quot;loadingURI&quot;:&quot;#&quot;,&quot;pointer&quot;:&quot;/items/properties/email&quot;}&#10;    domain: &quot;syntax&quot;&#10;    ignored: [&quot;examples&quot;]&#10;warning: the following keywords are unknown and will be ignored: [examples]&#10;    level: &quot;warning&quot;&#10;    schema: {&quot;loadingURI&quot;:&quot;#&quot;,&quot;pointer&quot;:&quot;/items/properties/id&quot;}&#10;    domain: &quot;syntax&quot;&#10;    ignored: [&quot;examples&quot;]&#10;warning: the following keywords are unknown and will be ignored: [examples]&#10;    level: &quot;warning&quot;&#10;    schema: {&quot;loadingURI&quot;:&quot;#&quot;,&quot;pointer&quot;:&quot;/items/properties/nome&quot;}&#10;    domain: &quot;syntax&quot;&#10;    ignored: [&quot;examples&quot;]&#10;warning: the following keywords are unknown and will be ignored: [examples]&#10;    level: &quot;warning&quot;&#10;    schema: {&quot;loadingURI&quot;:&quot;#&quot;,&quot;pointer&quot;:&quot;/items/properties/parcelas&quot;}&#10;    domain: &quot;syntax&quot;&#10;    ignored: [&quot;examples&quot;]&#10;warning: the following keywords are unknown and will be ignored: [examples]&#10;    level: &quot;warning&quot;&#10;    schema: {&quot;loadingURI&quot;:&quot;#&quot;,&quot;pointer&quot;:&quot;/items/properties/seguro&quot;}&#10;    domain: &quot;syntax&quot;&#10;    ignored: [&quot;examples&quot;]&#10;warning: the following keywords are unknown and will be ignored: [examples]&#10;    level: &quot;warning&quot;&#10;    schema: {&quot;loadingURI&quot;:&quot;#&quot;,&quot;pointer&quot;:&quot;/items/properties/valor&quot;}&#10;    domain: &quot;syntax&quot;&#10;    ignored: [&quot;examples&quot;]&#10;warning: the following keywords are unknown and will be ignored: [examples]&#10;    level: &quot;warning&quot;&#10;    schema: {&quot;loadingURI&quot;:&quot;#&quot;,&quot;pointer&quot;:&quot;/items&quot;}&#10;    domain: &quot;syntax&quot;&#10;    ignored: [&quot;examples&quot;]&#10;warning: the following keywords are unknown and will be ignored: [examples]&#10;    level: &quot;warning&quot;&#10;    schema: {&quot;loadingURI&quot;:&quot;#&quot;,&quot;pointer&quot;:&quot;/items/properties/cpf&quot;}&#10;    domain: &quot;syntax&quot;&#10;    ignored: [&quot;examples&quot;]&#10;warning: the following keywords are unknown and will be ignored: [examples]&#10;    level: &quot;warning&quot;&#10;    schema: {&quot;loadingURI&quot;:&quot;#&quot;,&quot;pointer&quot;:&quot;/items/properties/email&quot;}&#10;    domain: &quot;syntax&quot;&#10;    ignored: [&quot;examples&quot;]&#10;warning: the following keywords are unknown and will be ignored: [examples]&#10;    level: &quot;warning&quot;&#10;    schema: {&quot;loadingURI&quot;:&quot;#&quot;,&quot;pointer&quot;:&quot;/items/properties/id&quot;}&#10;    domain: &quot;syntax&quot;&#10;    ignored: [&quot;examples&quot;]&#10;warning: the following keywords are unknown and will be ignored: [examples]&#10;    level: &quot;warning&quot;&#10;    schema: {&quot;loadingURI&quot;:&quot;#&quot;,&quot;pointer&quot;:&quot;/items/properties/nome&quot;}&#10;    domain: &quot;syntax&quot;&#10;    ignored: [&quot;examples&quot;]&#10;warning: the following keywords are unknown and will be ignored: [examples]&#10;    level: &quot;warning&quot;&#10;    schema: {&quot;loadingURI&quot;:&quot;#&quot;,&quot;pointer&quot;:&quot;/items/properties/parcelas&quot;}&#10;    domain: &quot;syntax&quot;&#10;    ignored: [&quot;examples&quot;]&#10;warning: the following keywords are unknown and will be ignored: [examples]&#10;    level: &quot;warning&quot;&#10;    schema: {&quot;loadingURI&quot;:&quot;#&quot;,&quot;pointer&quot;:&quot;/items/properties/seguro&quot;}&#10;    domain: &quot;syntax&quot;&#10;    ignored: [&quot;examples&quot;]&#10;warning: the following keywords are unknown and will be ignored: [examples]&#10;    level: &quot;warning&quot;&#10;    schema: {&quot;loadingURI&quot;:&quot;#&quot;,&quot;pointer&quot;:&quot;/items/properties/valor&quot;}&#10;    domain: &quot;syntax&quot;&#10;    ignored: [&quot;examples&quot;]&#10;warning: the following keywords are unknown and will be ignored: [examples]&#10;    level: &quot;warning&quot;&#10;    schema: {&quot;loadingURI&quot;:&quot;#&quot;,&quot;pointer&quot;:&quot;/items&quot;}&#10;    domain: &quot;syntax&quot;&#10;    ignored: [&quot;examples&quot;]&#10;warning: the following keywords are unknown and will be ignored: [examples]&#10;    level: &quot;warning&quot;&#10;    schema: {&quot;loadingURI&quot;:&quot;#&quot;,&quot;pointer&quot;:&quot;/items/properties/cpf&quot;}&#10;    domain: &quot;syntax&quot;&#10;    ignored: [&quot;examples&quot;]&#10;warning: the following keywords are unknown and will be ignored: [examples]&#10;    level: &quot;warning&quot;&#10;    schema: {&quot;loadingURI&quot;:&quot;#&quot;,&quot;pointer&quot;:&quot;/items/properties/email&quot;}&#10;    domain: &quot;syntax&quot;&#10;    ignored: [&quot;examples&quot;]&#10;warning: the following keywords are unknown and will be ignored: [examples]&#10;    level: &quot;warning&quot;&#10;    schema: {&quot;loadingURI&quot;:&quot;#&quot;,&quot;pointer&quot;:&quot;/items/properties/id&quot;}&#10;    domain: &quot;syntax&quot;&#10;    ignored: [&quot;examples&quot;]&#10;warning: the following keywords are unknown and will be ignored: [examples]&#10;    level: &quot;warning&quot;&#10;    schema: {&quot;loadingURI&quot;:&quot;#&quot;,&quot;pointer&quot;:&quot;/items/properties/nome&quot;}&#10;    domain: &quot;syntax&quot;&#10;    ignored: [&quot;examples&quot;]&#10;warning: the following keywords are unknown and will be ignored: [examples]&#10;    level: &quot;warning&quot;&#10;    schema: {&quot;loadingURI&quot;:&quot;#&quot;,&quot;pointer&quot;:&quot;/items/properties/parcelas&quot;}&#10;    domain: &quot;syntax&quot;&#10;    ignored: [&quot;examples&quot;]&#10;warning: the following keywords are unknown and will be ignored: [examples]&#10;    level: &quot;warning&quot;&#10;    schema: {&quot;loadingURI&quot;:&quot;#&quot;,&quot;pointer&quot;:&quot;/items/properties/seguro&quot;}&#10;    domain: &quot;syntax&quot;&#10;    ignored: [&quot;examples&quot;]&#10;warning: the following keywords are unknown and will be ignored: [examples]&#10;    level: &quot;warning&quot;&#10;    schema: {&quot;loadingURI&quot;:&quot;#&quot;,&quot;pointer&quot;:&quot;/items/properties/valor&quot;}&#10;    domain: &quot;syntax&quot;&#10;    ignored: [&quot;examples&quot;]&#10;warning: the following keywords are unknown and will be ignored: [examples]&#10;    level: &quot;warning&quot;&#10;    schema: {&quot;loadingURI&quot;:&quot;#&quot;,&quot;pointer&quot;:&quot;/items&quot;}&#10;    domain: &quot;syntax&quot;&#10;    ignored: [&quot;examples&quot;]&#10;warning: the following keywords are unknown and will be ignored: [examples]&#10;    level: &quot;warning&quot;&#10;    schema: {&quot;loadingURI&quot;:&quot;#&quot;,&quot;pointer&quot;:&quot;/items/properties/cpf&quot;}&#10;    domain: &quot;syntax&quot;&#10;    ignored: [&quot;examples&quot;]&#10;warning: the following keywords are unknown and will be ignored: [examples]&#10;    level: &quot;warning&quot;&#10;    schema: {&quot;loadingURI&quot;:&quot;#&quot;,&quot;pointer&quot;:&quot;/items/properties/email&quot;}&#10;    domain: &quot;syntax&quot;&#10;    ignored: [&quot;examples&quot;]&#10;warning: the following keywords are unknown and will be ignored: [examples]&#10;    level: &quot;warning&quot;&#10;    schema: {&quot;loadingURI&quot;:&quot;#&quot;,&quot;pointer&quot;:&quot;/items/properties/id&quot;}&#10;    domain: &quot;syntax&quot;&#10;    ignored: [&quot;examples&quot;]&#10;warning: the following keywords are unknown and will be ignored: [examples]&#10;    level: &quot;warning&quot;&#10;    schema: {&quot;loadingURI&quot;:&quot;#&quot;,&quot;pointer&quot;:&quot;/items/properties/nome&quot;}&#10;    domain: &quot;syntax&quot;&#10;    ignored: [&quot;examples&quot;]&#10;warning: the following keywords are unknown and will be ignored: [examples]&#10;    level: &quot;warning&quot;&#10;    schema: {&quot;loadingURI&quot;:&quot;#&quot;,&quot;pointer&quot;:&quot;/items/properties/parcelas&quot;}&#10;    domain: &quot;syntax&quot;&#10;    ignored: [&quot;examples&quot;]&#10;warning: the following keywords are unknown and will be ignored: [examples]&#10;    level: &quot;warning&quot;&#10;    schema: {&quot;loadingURI&quot;:&quot;#&quot;,&quot;pointer&quot;:&quot;/items/properties/seguro&quot;}&#10;    domain: &quot;syntax&quot;&#10;    ignored: [&quot;examples&quot;]&#10;warning: the following keywords are unknown and will be ignored: [examples]&#10;    level: &quot;warning&quot;&#10;    schema: {&quot;loadingURI&quot;:&quot;#&quot;,&quot;pointer&quot;:&quot;/items/properties/valor&quot;}&#10;    domain: &quot;syntax&quot;&#10;    ignored: [&quot;examples&quot;]&#10;warning: the following keywords are unknown and will be ignored: [examples]&#10;    level: &quot;warning&quot;&#10;    schema: {&quot;loadingURI&quot;:&quot;#&quot;,&quot;pointer&quot;:&quot;/items&quot;}&#10;    domain: &quot;syntax&quot;&#10;    ignored: [&quot;examples&quot;]&#10;warning: the following keywords are unknown and will be ignored: [examples]&#10;    level: &quot;warning&quot;&#10;    schema: {&quot;loadingURI&quot;:&quot;#&quot;,&quot;pointer&quot;:&quot;/items/properties/cpf&quot;}&#10;    domain: &quot;syntax&quot;&#10;    ignored: [&quot;examples&quot;]&#10;warning: the following keywords are unknown and will be ignored: [examples]&#10;    level: &quot;warning&quot;&#10;    schema: {&quot;loadingURI&quot;:&quot;#&quot;,&quot;pointer&quot;:&quot;/items/properties/email&quot;}&#10;    domain: &quot;syntax&quot;&#10;    ignored: [&quot;examples&quot;]&#10;warning: the following keywords are unknown and will be ignored: [examples]&#10;    level: &quot;warning&quot;&#10;    schema: {&quot;loadingURI&quot;:&quot;#&quot;,&quot;pointer&quot;:&quot;/items/properties/id&quot;}&#10;    domain: &quot;syntax&quot;&#10;    ignored: [&quot;examples&quot;]&#10;warning: the following keywords are unknown and will be ignored: [examples]&#10;    level: &quot;warning&quot;&#10;    schema: {&quot;loadingURI&quot;:&quot;#&quot;,&quot;pointer&quot;:&quot;/items/properties/nome&quot;}&#10;    domain: &quot;syntax&quot;&#10;    ignored: [&quot;examples&quot;]&#10;warning: the following keywords are unknown and will be ignored: [examples]&#10;    level: &quot;warning&quot;&#10;    schema: {&quot;loadingURI&quot;:&quot;#&quot;,&quot;pointer&quot;:&quot;/items/properties/parcelas&quot;}&#10;    domain: &quot;syntax&quot;&#10;    ignored: [&quot;examples&quot;]&#10;warning: the following keywords are unknown and will be ignored: [examples]&#10;    level: &quot;warning&quot;&#10;    schema: {&quot;loadingURI&quot;:&quot;#&quot;,&quot;pointer&quot;:&quot;/items/properties/seguro&quot;}&#10;    domain: &quot;syntax&quot;&#10;    ignored: [&quot;examples&quot;]&#10;warning: the following keywords are unknown and will be ignored: [examples]&#10;    level: &quot;warning&quot;&#10;    schema: {&quot;loadingURI&quot;:&quot;#&quot;,&quot;pointer&quot;:&quot;/items/properties/valor&quot;}&#10;    domain: &quot;syntax&quot;&#10;    ignored: [&quot;examples&quot;]&#10;warning: the following keywords are unknown and will be ignored: [examples]&#10;    level: &quot;warning&quot;&#10;    schema: {&quot;loadingURI&quot;:&quot;#&quot;,&quot;pointer&quot;:&quot;/items&quot;}&#10;    domain: &quot;syntax&quot;&#10;    ignored: [&quot;examples&quot;]&#10;warning: the following keywords are unknown and will be ignored: [examples]&#10;    level: &quot;warning&quot;&#10;    schema: {&quot;loadingURI&quot;:&quot;#&quot;,&quot;pointer&quot;:&quot;/items/properties/cpf&quot;}&#10;    domain: &quot;syntax&quot;&#10;    ignored: [&quot;examples&quot;]&#10;warning: the following keywords are unknown and will be ignored: [examples]&#10;    level: &quot;warning&quot;&#10;    schema: {&quot;loadingURI&quot;:&quot;#&quot;,&quot;pointer&quot;:&quot;/items/properties/email&quot;}&#10;    domain: &quot;syntax&quot;&#10;    ignored: [&quot;examples&quot;]&#10;warning: the following keywords are unknown and will be ignored: [examples]&#10;    level: &quot;warning&quot;&#10;    schema: {&quot;loadingURI&quot;:&quot;#&quot;,&quot;pointer&quot;:&quot;/items/properties/id&quot;}&#10;    domain: &quot;syntax&quot;&#10;    ignored: [&quot;examples&quot;]&#10;warning: the following keywords are unknown and will be ignored: [examples]&#10;    level: &quot;warning&quot;&#10;    schema: {&quot;loadingURI&quot;:&quot;#&quot;,&quot;pointer&quot;:&quot;/items/properties/nome&quot;}&#10;    domain: &quot;syntax&quot;&#10;    ignored: [&quot;examples&quot;]&#10;warning: the following keywords are unknown and will be ignored: [examples]&#10;    level: &quot;warning&quot;&#10;    schema: {&quot;loadingURI&quot;:&quot;#&quot;,&quot;pointer&quot;:&quot;/items/properties/parcelas&quot;}&#10;    domain: &quot;syntax&quot;&#10;    ignored: [&quot;examples&quot;]&#10;warning: the following keywords are unknown and will be ignored: [examples]&#10;    level: &quot;warning&quot;&#10;    schema: {&quot;loadingURI&quot;:&quot;#&quot;,&quot;pointer&quot;:&quot;/items/properties/seguro&quot;}&#10;    domain: &quot;syntax&quot;&#10;    ignored: [&quot;examples&quot;]&#10;warning: the following keywords are unknown and will be ignored: [examples]&#10;    level: &quot;warning&quot;&#10;    schema: {&quot;loadingURI&quot;:&quot;#&quot;,&quot;pointer&quot;:&quot;/items/properties/valor&quot;}&#10;    domain: &quot;syntax&quot;&#10;    ignored: [&quot;examples&quot;]&#10;warning: the following keywords are unknown and will be ignored: [examples]&#10;    level: &quot;warning&quot;&#10;    schema: {&quot;loadingURI&quot;:&quot;#&quot;,&quot;pointer&quot;:&quot;/items&quot;}&#10;    domain: &quot;syntax&quot;&#10;    ignored: [&quot;examples&quot;]&#10;warning: the following keywords are unknown and will be ignored: [examples]&#10;    level: &quot;warning&quot;&#10;    schema: {&quot;loadingURI&quot;:&quot;#&quot;,&quot;pointer&quot;:&quot;/items/properties/cpf&quot;}&#10;    domain: &quot;syntax&quot;&#10;    ignored: [&quot;examples&quot;]&#10;warning: the following keywords are unknown and will be ignored: [examples]&#10;    level: &quot;warning&quot;&#10;    schema: {&quot;loadingURI&quot;:&quot;#&quot;,&quot;pointer&quot;:&quot;/items/properties/email&quot;}&#10;    domain: &quot;syntax&quot;&#10;    ignored: [&quot;examples&quot;]&#10;warning: the following keywords are unknown and will be ignored: [examples]&#10;    level: &quot;warning&quot;&#10;    schema: {&quot;loadingURI&quot;:&quot;#&quot;,&quot;pointer&quot;:&quot;/items/properties/id&quot;}&#10;    domain: &quot;syntax&quot;&#10;    ignored: [&quot;examples&quot;]&#10;warning: the following keywords are unknown and will be ignored: [examples]&#10;    level: &quot;warning&quot;&#10;    schema: {&quot;loadingURI&quot;:&quot;#&quot;,&quot;pointer&quot;:&quot;/items/properties/nome&quot;}&#10;    domain: &quot;syntax&quot;&#10;    ignored: [&quot;examples&quot;]&#10;warning: the following keywords are unknown and will be ignored: [examples]&#10;    level: &quot;warning&quot;&#10;    schema: {&quot;loadingURI&quot;:&quot;#&quot;,&quot;pointer&quot;:&quot;/items/properties/parcelas&quot;}&#10;    domain: &quot;syntax&quot;&#10;    ignored: [&quot;examples&quot;]&#10;warning: the following keywords are unknown and will be ignored: [examples]&#10;    level: &quot;warning&quot;&#10;    schema: {&quot;loadingURI&quot;:&quot;#&quot;,&quot;pointer&quot;:&quot;/items/properties/seguro&quot;}&#10;    domain: &quot;syntax&quot;&#10;    ignored: [&quot;examples&quot;]&#10;warning: the following keywords are unknown and will be ignored: [examples]&#10;    level: &quot;warning&quot;&#10;    schema: {&quot;loadingURI&quot;:&quot;#&quot;,&quot;pointer&quot;:&quot;/items/properties/valor&quot;}&#10;    domain: &quot;syntax&quot;&#10;    ignored: [&quot;examples&quot;]&#10;warning: the following keywords are unknown and will be ignored: [examples]&#10;    level: &quot;warning&quot;&#10;    schema: {&quot;loadingURI&quot;:&quot;#&quot;,&quot;pointer&quot;:&quot;/items&quot;}&#10;    domain: &quot;syntax&quot;&#10;    ignored: [&quot;examples&quot;]&#10;warning: the following keywords are unknown and will be ignored: [examples]&#10;    level: &quot;warning&quot;&#10;    schema: {&quot;loadingURI&quot;:&quot;#&quot;,&quot;pointer&quot;:&quot;/items/properties/cpf&quot;}&#10;    domain: &quot;syntax&quot;&#10;    ignored: [&quot;examples&quot;]&#10;warning: the following keywords are unknown and will be ignored: [examples]&#10;    level: &quot;warning&quot;&#10;    schema: {&quot;loadingURI&quot;:&quot;#&quot;,&quot;pointer&quot;:&quot;/items/properties/email&quot;}&#10;    domain: &quot;syntax&quot;&#10;    ignored: [&quot;examples&quot;]&#10;warning: the following keywords are unknown and will be ignored: [examples]&#10;    level: &quot;warning&quot;&#10;    schema: {&quot;loadingURI&quot;:&quot;#&quot;,&quot;pointer&quot;:&quot;/items/properties/id&quot;}&#10;    domain: &quot;syntax&quot;&#10;    ignored: [&quot;examples&quot;]&#10;warning: the following keywords are unknown and will be ignored: [examples]&#10;    level: &quot;warning&quot;&#10;    schema: {&quot;loadingURI&quot;:&quot;#&quot;,&quot;pointer&quot;:&quot;/items/properties/nome&quot;}&#10;    domain: &quot;syntax&quot;&#10;    ignored: [&quot;examples&quot;]&#10;warning: the following keywords are unknown and will be ignored: [examples]&#10;    level: &quot;warning&quot;&#10;    schema: {&quot;loadingURI&quot;:&quot;#&quot;,&quot;pointer&quot;:&quot;/items/properties/parcelas&quot;}&#10;    domain: &quot;syntax&quot;&#10;    ignored: [&quot;examples&quot;]&#10;warning: the following keywords are unknown and will be ignored: [examples]&#10;    level: &quot;warning&quot;&#10;    schema: {&quot;loadingURI&quot;:&quot;#&quot;,&quot;pointer&quot;:&quot;/items/properties/seguro&quot;}&#10;    domain: &quot;syntax&quot;&#10;    ignored: [&quot;examples&quot;]&#10;warning: the following keywords are unknown and will be ignored: [examples]&#10;    level: &quot;warning&quot;&#10;    schema: {&quot;loadingURI&quot;:&quot;#&quot;,&quot;pointer&quot;:&quot;/items/properties/valor&quot;}&#10;    domain: &quot;syntax&quot;&#10;    ignored: [&quot;examples&quot;]&#10;warning: the following keywords are unknown and will be ignored: [examples]&#10;    level: &quot;warning&quot;&#10;    schema: {&quot;loadingURI&quot;:&quot;#&quot;,&quot;pointer&quot;:&quot;/items&quot;}&#10;    domain: &quot;syntax&quot;&#10;    ignored: [&quot;examples&quot;]&#10;warning: the following keywords are unknown and will be ignored: [examples]&#10;    level: &quot;warning&quot;&#10;    schema: {&quot;loadingURI&quot;:&quot;#&quot;,&quot;pointer&quot;:&quot;/items/properties/cpf&quot;}&#10;    domain: &quot;syntax&quot;&#10;    ignored: [&quot;examples&quot;]&#10;warning: the following keywords are unknown and will be ignored: [examples]&#10;    level: &quot;warning&quot;&#10;    schema: {&quot;loadingURI&quot;:&quot;#&quot;,&quot;pointer&quot;:&quot;/items/properties/email&quot;}&#10;    domain: &quot;syntax&quot;&#10;    ignored: [&quot;examples&quot;]&#10;warning: the following keywords are unknown and will be ignored: [examples]&#10;    level: &quot;warning&quot;&#10;    schema: {&quot;loadingURI&quot;:&quot;#&quot;,&quot;pointer&quot;:&quot;/items/properties/id&quot;}&#10;    domain: &quot;syntax&quot;&#10;    ignored: [&quot;examples&quot;]&#10;warning: the following keywords are unknown and will be ignored: [examples]&#10;    level: &quot;warning&quot;&#10;    schema: {&quot;loadingURI&quot;:&quot;#&quot;,&quot;pointer&quot;:&quot;/items/properties/nome&quot;}&#10;    domain: &quot;syntax&quot;&#10;    ignored: [&quot;examples&quot;]&#10;warning: the following keywords are unknown and will be ignored: [examples]&#10;    level: &quot;warning&quot;&#10;    schema: {&quot;loadingURI&quot;:&quot;#&quot;,&quot;pointer&quot;:&quot;/items/properties/parcelas&quot;}&#10;    domain: &quot;syntax&quot;&#10;    ignored: [&quot;examples&quot;]&#10;warning: the following keywords are unknown and will be ignored: [examples]&#10;    level: &quot;warning&quot;&#10;    schema: {&quot;loadingURI&quot;:&quot;#&quot;,&quot;pointer&quot;:&quot;/items/properties/seguro&quot;}&#10;    domain: &quot;syntax&quot;&#10;    ignored: [&quot;examples&quot;]&#10;warning: the following keywords are unknown and will be ignored: [examples]&#10;    level: &quot;warning&quot;&#10;    schema: {&quot;loadingURI&quot;:&quot;#&quot;,&quot;pointer&quot;:&quot;/items/properties/valor&quot;}&#10;    domain: &quot;syntax&quot;&#10;    ignored: [&quot;examples&quot;]&#10;warning: the following keywords are unknown and will be ignored: [examples]&#10;    level: &quot;warning&quot;&#10;    schema: {&quot;loadingURI&quot;:&quot;#&quot;,&quot;pointer&quot;:&quot;/items&quot;}&#10;    domain: &quot;syntax&quot;&#10;    ignored: [&quot;examples&quot;]&#10;warning: the following keywords are unknown and will be ignored: [examples]&#10;    level: &quot;warning&quot;&#10;    schema: {&quot;loadingURI&quot;:&quot;#&quot;,&quot;pointer&quot;:&quot;/items/properties/cpf&quot;}&#10;    domain: &quot;syntax&quot;&#10;    ignored: [&quot;examples&quot;]&#10;warning: the following keywords are unknown and will be ignored: [examples]&#10;    level: &quot;warning&quot;&#10;    schema: {&quot;loadingURI&quot;:&quot;#&quot;,&quot;pointer&quot;:&quot;/items/properties/email&quot;}&#10;    domain: &quot;syntax&quot;&#10;    ignored: [&quot;examples&quot;]&#10;warning: the following keywords are unknown and will be ignored: [examples]&#10;    level: &quot;warning&quot;&#10;    schema: {&quot;loadingURI&quot;:&quot;#&quot;,&quot;pointer&quot;:&quot;/items/properties/id&quot;}&#10;    domain: &quot;syntax&quot;&#10;    ignored: [&quot;examples&quot;]&#10;warning: the following keywords are unknown and will be ignored: [examples]&#10;    level: &quot;warning&quot;&#10;    schema: {&quot;loadingURI&quot;:&quot;#&quot;,&quot;pointer&quot;:&quot;/items/properties/nome&quot;}&#10;    domain: &quot;syntax&quot;&#10;    ignored: [&quot;examples&quot;]&#10;warning: the following keywords are unknown and will be ignored: [examples]&#10;    level: &quot;warning&quot;&#10;    schema: {&quot;loadingURI&quot;:&quot;#&quot;,&quot;pointer&quot;:&quot;/items/properties/parcelas&quot;}&#10;    domain: &quot;syntax&quot;&#10;    ignored: [&quot;examples&quot;]&#10;warning: the following keywords are unknown and will be ignored: [examples]&#10;    level: &quot;warning&quot;&#10;    schema: {&quot;loadingURI&quot;:&quot;#&quot;,&quot;pointer&quot;:&quot;/items/properties/seguro&quot;}&#10;    domain: &quot;syntax&quot;&#10;    ignored: [&quot;examples&quot;]&#10;warning: the following keywords are unknown and will be ignored: [examples]&#10;    level: &quot;warning&quot;&#10;    schema: {&quot;loadingURI&quot;:&quot;#&quot;,&quot;pointer&quot;:&quot;/items/properties/valor&quot;}&#10;    domain: &quot;syntax&quot;&#10;    ignored: [&quot;examples&quot;]&#10;warning: the following keywords are unknown and will be ignored: [examples]&#10;    level: &quot;warning&quot;&#10;    schema: {&quot;loadingURI&quot;:&quot;#&quot;,&quot;pointer&quot;:&quot;/items&quot;}&#10;    domain: &quot;syntax&quot;&#10;    ignored: [&quot;examples&quot;]&#10;warning: the following keywords are unknown and will be ignored: [examples]&#10;    level: &quot;warning&quot;&#10;    schema: {&quot;loadingURI&quot;:&quot;#&quot;,&quot;pointer&quot;:&quot;/items/properties/cpf&quot;}&#10;    domain: &quot;syntax&quot;&#10;    ignored: [&quot;examples&quot;]&#10;warning: the following keywords are unknown and will be ignored: [examples]&#10;    level: &quot;warning&quot;&#10;    schema: {&quot;loadingURI&quot;:&quot;#&quot;,&quot;pointer&quot;:&quot;/items/properties/email&quot;}&#10;    domain: &quot;syntax&quot;&#10;    ignored: [&quot;examples&quot;]&#10;warning: the following keywords are unknown and will be ignored: [examples]&#10;    level: &quot;warning&quot;&#10;    schema: {&quot;loadingURI&quot;:&quot;#&quot;,&quot;pointer&quot;:&quot;/items/properties/id&quot;}&#10;    domain: &quot;syntax&quot;&#10;    ignored: [&quot;examples&quot;]&#10;warning: the following keywords are unknown and will be ignored: [examples]&#10;    level: &quot;warning&quot;&#10;    schema: {&quot;loadingURI&quot;:&quot;#&quot;,&quot;pointer&quot;:&quot;/items/properties/nome&quot;}&#10;    domain: &quot;syntax&quot;&#10;    ignored: [&quot;examples&quot;]&#10;warning: the following keywords are unknown and will be ignored: [examples]&#10;    level: &quot;warning&quot;&#10;    schema: {&quot;loadingURI&quot;:&quot;#&quot;,&quot;pointer&quot;:&quot;/items/properties/parcelas&quot;}&#10;    domain: &quot;syntax&quot;&#10;    ignored: [&quot;examples&quot;]&#10;warning: the following keywords are unknown and will be ignored: [examples]&#10;    level: &quot;warning&quot;&#10;    schema: {&quot;loadingURI&quot;:&quot;#&quot;,&quot;pointer&quot;:&quot;/items/properties/seguro&quot;}&#10;    domain: &quot;syntax&quot;&#10;    ignored: [&quot;examples&quot;]&#10;warning: the following keywords are unknown and will be ignored: [examples]&#10;    level: &quot;warning&quot;&#10;    schema: {&quot;loadingURI&quot;:&quot;#&quot;,&quot;pointer&quot;:&quot;/items/properties/valor&quot;}&#10;    domain: &quot;syntax&quot;&#10;    ignored: [&quot;examples&quot;]&#10;warning: the following keywords are unknown and will be ignored: [examples]&#10;    level: &quot;warning&quot;&#10;    schema: {&quot;loadingURI&quot;:&quot;#&quot;,&quot;pointer&quot;:&quot;/items&quot;}&#10;    domain: &quot;syntax&quot;&#10;    ignored: [&quot;examples&quot;]&#10;warning: the following keywords are unknown and will be ignored: [examples]&#10;    level: &quot;warning&quot;&#10;    schema: {&quot;loadingURI&quot;:&quot;#&quot;,&quot;pointer&quot;:&quot;/items/properties/cpf&quot;}&#10;    domain: &quot;syntax&quot;&#10;    ignored: [&quot;examples&quot;]&#10;warning: the following keywords are unknown and will be ignored: [examples]&#10;    level: &quot;warning&quot;&#10;    schema: {&quot;loadingURI&quot;:&quot;#&quot;,&quot;pointer&quot;:&quot;/items/properties/email&quot;}&#10;    domain: &quot;syntax&quot;&#10;    ignored: [&quot;examples&quot;]&#10;warning: the following keywords are unknown and will be ignored: [examples]&#10;    level: &quot;warning&quot;&#10;    schema: {&quot;loadingURI&quot;:&quot;#&quot;,&quot;pointer&quot;:&quot;/items/properties/id&quot;}&#10;    domain: &quot;syntax&quot;&#10;    ignored: [&quot;examples&quot;]&#10;warning: the following keywords are unknown and will be ignored: [examples]&#10;    level: &quot;warning&quot;&#10;    schema: {&quot;loadingURI&quot;:&quot;#&quot;,&quot;pointer&quot;:&quot;/items/properties/nome&quot;}&#10;    domain: &quot;syntax&quot;&#10;    ignored: [&quot;examples&quot;]&#10;warning: the following keywords are unknown and will be ignored: [examples]&#10;    level: &quot;warning&quot;&#10;    schema: {&quot;loadingURI&quot;:&quot;#&quot;,&quot;pointer&quot;:&quot;/items/properties/parcelas&quot;}&#10;    domain: &quot;syntax&quot;&#10;    ignored: [&quot;examples&quot;]&#10;warning: the following keywords are unknown and will be ignored: [examples]&#10;    level: &quot;warning&quot;&#10;    schema: {&quot;loadingURI&quot;:&quot;#&quot;,&quot;pointer&quot;:&quot;/items/properties/seguro&quot;}&#10;    domain: &quot;syntax&quot;&#10;    ignored: [&quot;examples&quot;]&#10;warning: the following keywords are unknown and will be ignored: [examples]&#10;    level: &quot;warning&quot;&#10;    schema: {&quot;loadingURI&quot;:&quot;#&quot;,&quot;pointer&quot;:&quot;/items/properties/valor&quot;}&#10;    domain: &quot;syntax&quot;&#10;    ignored: [&quot;examples&quot;]&#10;warning: the following keywords are unknown and will be ignored: [examples]&#10;    level: &quot;warning&quot;&#10;    schema: {&quot;loadingURI&quot;:&quot;#&quot;,&quot;pointer&quot;:&quot;/items&quot;}&#10;    domain: &quot;syntax&quot;&#10;    ignored: [&quot;examples&quot;]&#10;warning: the following keywords are unknown and will be ignored: [examples]&#10;    level: &quot;warning&quot;&#10;    schema: {&quot;loadingURI&quot;:&quot;#&quot;,&quot;pointer&quot;:&quot;/items/properties/cpf&quot;}&#10;    domain: &quot;syntax&quot;&#10;    ignored: [&quot;examples&quot;]&#10;warning: the following keywords are unknown and will be ignored: [examples]&#10;    level: &quot;warning&quot;&#10;    schema: {&quot;loadingURI&quot;:&quot;#&quot;,&quot;pointer&quot;:&quot;/items/properties/email&quot;}&#10;    domain: &quot;syntax&quot;&#10;    ignored: [&quot;examples&quot;]&#10;warning: the following keywords are unknown and will be ignored: [examples]&#10;    level: &quot;warning&quot;&#10;    schema: {&quot;loadingURI&quot;:&quot;#&quot;,&quot;pointer&quot;:&quot;/items/properties/id&quot;}&#10;    domain: &quot;syntax&quot;&#10;    ignored: [&quot;examples&quot;]&#10;warning: the following keywords are unknown and will be ignored: [examples]&#10;    level: &quot;warning&quot;&#10;    schema: {&quot;loadingURI&quot;:&quot;#&quot;,&quot;pointer&quot;:&quot;/items/properties/nome&quot;}&#10;    domain: &quot;syntax&quot;&#10;    ignored: [&quot;examples&quot;]&#10;warning: the following keywords are unknown and will be ignored: [examples]&#10;    level: &quot;warning&quot;&#10;    schema: {&quot;loadingURI&quot;:&quot;#&quot;,&quot;pointer&quot;:&quot;/items/properties/parcelas&quot;}&#10;    domain: &quot;syntax&quot;&#10;    ignored: [&quot;examples&quot;]&#10;warning: the following keywords are unknown and will be ignored: [examples]&#10;    level: &quot;warning&quot;&#10;    schema: {&quot;loadingURI&quot;:&quot;#&quot;,&quot;pointer&quot;:&quot;/items/properties/seguro&quot;}&#10;    domain: &quot;syntax&quot;&#10;    ignored: [&quot;examples&quot;]&#10;warning: the following keywords are unknown and will be ignored: [examples]&#10;    level: &quot;warning&quot;&#10;    schema: {&quot;loadingURI&quot;:&quot;#&quot;,&quot;pointer&quot;:&quot;/items/properties/valor&quot;}&#10;    domain: &quot;syntax&quot;&#10;    ignored: [&quot;examples&quot;]&#10;warning: the following keywords are unknown and will be ignored: [examples]&#10;    level: &quot;warning&quot;&#10;    schema: {&quot;loadingURI&quot;:&quot;#&quot;,&quot;pointer&quot;:&quot;/items&quot;}&#10;    domain: &quot;syntax&quot;&#10;    ignored: [&quot;examples&quot;]&#10;warning: the following keywords are unknown and will be ignored: [examples]&#10;    level: &quot;warning&quot;&#10;    schema: {&quot;loadingURI&quot;:&quot;#&quot;,&quot;pointer&quot;:&quot;/items/properties/cpf&quot;}&#10;    domain: &quot;syntax&quot;&#10;    ignored: [&quot;examples&quot;]&#10;warning: the following keywords are unknown and will be ignored: [examples]&#10;    level: &quot;warning&quot;&#10;    schema: {&quot;loadingURI&quot;:&quot;#&quot;,&quot;pointer&quot;:&quot;/items/properties/email&quot;}&#10;    domain: &quot;syntax&quot;&#10;    ignored: [&quot;examples&quot;]&#10;warning: the following keywords are unknown and will be ignored: [examples]&#10;    level: &quot;warning&quot;&#10;    schema: {&quot;loadingURI&quot;:&quot;#&quot;,&quot;pointer&quot;:&quot;/items/properties/id&quot;}&#10;    domain: &quot;syntax&quot;&#10;    ignored: [&quot;examples&quot;]&#10;warning: the following keywords are unknown and will be ignored: [examples]&#10;    level: &quot;warning&quot;&#10;    schema: {&quot;loadingURI&quot;:&quot;#&quot;,&quot;pointer&quot;:&quot;/items/properties/nome&quot;}&#10;    domain: &quot;syntax&quot;&#10;    ignored: [&quot;examples&quot;]&#10;warning: the following keywords are unknown and will be ignored: [examples]&#10;    level: &quot;warning&quot;&#10;    schema: {&quot;loadingURI&quot;:&quot;#&quot;,&quot;pointer&quot;:&quot;/items/properties/parcelas&quot;}&#10;    domain: &quot;syntax&quot;&#10;    ignored: [&quot;examples&quot;]&#10;warning: the following keywords are unknown and will be ignored: [examples]&#10;    level: &quot;warning&quot;&#10;    schema: {&quot;loadingURI&quot;:&quot;#&quot;,&quot;pointer&quot;:&quot;/items/properties/seguro&quot;}&#10;    domain: &quot;syntax&quot;&#10;    ignored: [&quot;examples&quot;]&#10;warning: the following keywords are unknown and will be ignored: [examples]&#10;    level: &quot;warning&quot;&#10;    schema: {&quot;loadingURI&quot;:&quot;#&quot;,&quot;pointer&quot;:&quot;/items/properties/valor&quot;}&#10;    domain: &quot;syntax&quot;&#10;    ignored: [&quot;examples&quot;]&#10;warning: the following keywords are unknown and will be ignored: [examples]&#10;    level: &quot;warning&quot;&#10;    schema: {&quot;loadingURI&quot;:&quot;#&quot;,&quot;pointer&quot;:&quot;/items&quot;}&#10;    domain: &quot;syntax&quot;&#10;    ignored: [&quot;examples&quot;]&#10;warning: the following keywords are unknown and will be ignored: [examples]&#10;    level: &quot;warning&quot;&#10;    schema: {&quot;loadingURI&quot;:&quot;#&quot;,&quot;pointer&quot;:&quot;/items/properties/cpf&quot;}&#10;    domain: &quot;syntax&quot;&#10;    ignored: [&quot;examples&quot;]&#10;warning: the following keywords are unknown and will be ignored: [examples]&#10;    level: &quot;warning&quot;&#10;    schema: {&quot;loadingURI&quot;:&quot;#&quot;,&quot;pointer&quot;:&quot;/items/properties/email&quot;}&#10;    domain: &quot;syntax&quot;&#10;    ignored: [&quot;examples&quot;]&#10;warning: the following keywords are unknown and will be ignored: [examples]&#10;    level: &quot;warning&quot;&#10;    schema: {&quot;loadingURI&quot;:&quot;#&quot;,&quot;pointer&quot;:&quot;/items/properties/id&quot;}&#10;    domain: &quot;syntax&quot;&#10;    ignored: [&quot;examples&quot;]&#10;warning: the following keywords are unknown and will be ignored: [examples]&#10;    level: &quot;warning&quot;&#10;    schema: {&quot;loadingURI&quot;:&quot;#&quot;,&quot;pointer&quot;:&quot;/items/properties/nome&quot;}&#10;    domain: &quot;syntax&quot;&#10;    ignored: [&quot;examples&quot;]&#10;warning: the following keywords are unknown and will be ignored: [examples]&#10;    level: &quot;warning&quot;&#10;    schema: {&quot;loadingURI&quot;:&quot;#&quot;,&quot;pointer&quot;:&quot;/items/properties/parcelas&quot;}&#10;    domain: &quot;syntax&quot;&#10;    ignored: [&quot;examples&quot;]&#10;warning: the following keywords are unknown and will be ignored: [examples]&#10;    level: &quot;warning&quot;&#10;    schema: {&quot;loadingURI&quot;:&quot;#&quot;,&quot;pointer&quot;:&quot;/items/properties/seguro&quot;}&#10;    domain: &quot;syntax&quot;&#10;    ignored: [&quot;examples&quot;]&#10;warning: the following keywords are unknown and will be ignored: [examples]&#10;    level: &quot;warning&quot;&#10;    schema: {&quot;loadingURI&quot;:&quot;#&quot;,&quot;pointer&quot;:&quot;/items/properties/valor&quot;}&#10;    domain: &quot;syntax&quot;&#10;    ignored: [&quot;examples&quot;]&#10;warning: the following keywords are unknown and will be ignored: [examples]&#10;    level: &quot;warning&quot;&#10;    schema: {&quot;loadingURI&quot;:&quot;#&quot;,&quot;pointer&quot;:&quot;/items&quot;}&#10;    domain: &quot;syntax&quot;&#10;    ignored: [&quot;examples&quot;]&#10;warning: the following keywords are unknown and will be ignored: [examples]&#10;    level: &quot;warning&quot;&#10;    schema: {&quot;loadingURI&quot;:&quot;#&quot;,&quot;pointer&quot;:&quot;/items/properties/cpf&quot;}&#10;    domain: &quot;syntax&quot;&#10;    ignored: [&quot;examples&quot;]&#10;warning: the following keywords are unknown and will be ignored: [examples]&#10;    level: &quot;warning&quot;&#10;    schema: {&quot;loadingURI&quot;:&quot;#&quot;,&quot;pointer&quot;:&quot;/items/properties/email&quot;}&#10;    domain: &quot;syntax&quot;&#10;    ignored: [&quot;examples&quot;]&#10;warning: the following keywords are unknown and will be ignored: [examples]&#10;    level: &quot;warning&quot;&#10;    schema: {&quot;loadingURI&quot;:&quot;#&quot;,&quot;pointer&quot;:&quot;/items/properties/id&quot;}&#10;    domain: &quot;syntax&quot;&#10;    ignored: [&quot;examples&quot;]&#10;warning: the following keywords are unknown and will be ignored: [examples]&#10;    level: &quot;warning&quot;&#10;    schema: {&quot;loadingURI&quot;:&quot;#&quot;,&quot;pointer&quot;:&quot;/items/properties/nome&quot;}&#10;    domain: &quot;syntax&quot;&#10;    ignored: [&quot;examples&quot;]&#10;warning: the following keywords are unknown and will be ignored: [examples]&#10;    level: &quot;warning&quot;&#10;    schema: {&quot;loadingURI&quot;:&quot;#&quot;,&quot;pointer&quot;:&quot;/items/properties/parcelas&quot;}&#10;    domain: &quot;syntax&quot;&#10;    ignored: [&quot;examples&quot;]&#10;warning: the following keywords are unknown and will be ignored: [examples]&#10;    level: &quot;warning&quot;&#10;    schema: {&quot;loadingURI&quot;:&quot;#&quot;,&quot;pointer&quot;:&quot;/items/properties/seguro&quot;}&#10;    domain: &quot;syntax&quot;&#10;    ignored: [&quot;examples&quot;]&#10;warning: the following keywords are unknown and will be ignored: [examples]&#10;    level: &quot;warning&quot;&#10;    schema: {&quot;loadingURI&quot;:&quot;#&quot;,&quot;pointer&quot;:&quot;/items/properties/valor&quot;}&#10;    domain: &quot;syntax&quot;&#10;    ignored: [&quot;examples&quot;]&#10;warning: the following keywords are unknown and will be ignored: [examples]&#10;    level: &quot;warning&quot;&#10;    schema: {&quot;loadingURI&quot;:&quot;#&quot;,&quot;pointer&quot;:&quot;/items&quot;}&#10;    domain: &quot;syntax&quot;&#10;    ignored: [&quot;examples&quot;]&#10;warning: the following keywords are unknown and will be ignored: [examples]&#10;    level: &quot;warning&quot;&#10;    schema: {&quot;loadingURI&quot;:&quot;#&quot;,&quot;pointer&quot;:&quot;/items/properties/cpf&quot;}&#10;    domain: &quot;syntax&quot;&#10;    ignored: [&quot;examples&quot;]&#10;warning: the following keywords are unknown and will be ignored: [examples]&#10;    level: &quot;warning&quot;&#10;    schema: {&quot;loadingURI&quot;:&quot;#&quot;,&quot;pointer&quot;:&quot;/items/properties/email&quot;}&#10;    domain: &quot;syntax&quot;&#10;    ignored: [&quot;examples&quot;]&#10;warning: the following keywords are unknown and will be ignored: [examples]&#10;    level: &quot;warning&quot;&#10;    schema: {&quot;loadingURI&quot;:&quot;#&quot;,&quot;pointer&quot;:&quot;/items/properties/id&quot;}&#10;    domain: &quot;syntax&quot;&#10;    ignored: [&quot;examples&quot;]&#10;warning: the following keywords are unknown and will be ignored: [examples]&#10;    level: &quot;warning&quot;&#10;    schema: {&quot;loadingURI&quot;:&quot;#&quot;,&quot;pointer&quot;:&quot;/items/properties/nome&quot;}&#10;    domain: &quot;syntax&quot;&#10;    ignored: [&quot;examples&quot;]&#10;warning: the following keywords are unknown and will be ignored: [examples]&#10;    level: &quot;warning&quot;&#10;    schema: {&quot;loadingURI&quot;:&quot;#&quot;,&quot;pointer&quot;:&quot;/items/properties/parcelas&quot;}&#10;    domain: &quot;syntax&quot;&#10;    ignored: [&quot;examples&quot;]&#10;warning: the following keywords are unknown and will be ignored: [examples]&#10;    level: &quot;warning&quot;&#10;    schema: {&quot;loadingURI&quot;:&quot;#&quot;,&quot;pointer&quot;:&quot;/items/properties/seguro&quot;}&#10;    domain: &quot;syntax&quot;&#10;    ignored: [&quot;examples&quot;]&#10;warning: the following keywords are unknown and will be ignored: [examples]&#10;    level: &quot;warning&quot;&#10;    schema: {&quot;loadingURI&quot;:&quot;#&quot;,&quot;pointer&quot;:&quot;/items/properties/valor&quot;}&#10;    domain: &quot;syntax&quot;&#10;    ignored: [&quot;examples&quot;]&#10;warning: the following keywords are unknown and will be ignored: [examples]&#10;    level: &quot;warning&quot;&#10;    schema: {&quot;loadingURI&quot;:&quot;#&quot;,&quot;pointer&quot;:&quot;/items&quot;}&#10;    domain: &quot;syntax&quot;&#10;    ignored: [&quot;examples&quot;]&#10;warning: the following keywords are unknown and will be ignored: [examples]&#10;    level: &quot;warning&quot;&#10;    schema: {&quot;loadingURI&quot;:&quot;#&quot;,&quot;pointer&quot;:&quot;/items/properties/cpf&quot;}&#10;    domain: &quot;syntax&quot;&#10;    ignored: [&quot;examples&quot;]&#10;warning: the following keywords are unknown and will be ignored: [examples]&#10;    level: &quot;warning&quot;&#10;    schema: {&quot;loadingURI&quot;:&quot;#&quot;,&quot;pointer&quot;:&quot;/items/properties/email&quot;}&#10;    domain: &quot;syntax&quot;&#10;    ignored: [&quot;examples&quot;]&#10;warning: the following keywords are unknown and will be ignored: [examples]&#10;    level: &quot;warning&quot;&#10;    schema: {&quot;loadingURI&quot;:&quot;#&quot;,&quot;pointer&quot;:&quot;/items/properties/id&quot;}&#10;    domain: &quot;syntax&quot;&#10;    ignored: [&quot;examples&quot;]&#10;warning: the following keywords are unknown and will be ignored: [examples]&#10;    level: &quot;warning&quot;&#10;    schema: {&quot;loadingURI&quot;:&quot;#&quot;,&quot;pointer&quot;:&quot;/items/properties/nome&quot;}&#10;    domain: &quot;syntax&quot;&#10;    ignored: [&quot;examples&quot;]&#10;warning: the following keywords are unknown and will be ignored: [examples]&#10;    level: &quot;warning&quot;&#10;    schema: {&quot;loadingURI&quot;:&quot;#&quot;,&quot;pointer&quot;:&quot;/items/properties/parcelas&quot;}&#10;    domain: &quot;syntax&quot;&#10;    ignored: [&quot;examples&quot;]&#10;warning: the following keywords are unknown and will be ignored: [examples]&#10;    level: &quot;warning&quot;&#10;    schema: {&quot;loadingURI&quot;:&quot;#&quot;,&quot;pointer&quot;:&quot;/items/properties/seguro&quot;}&#10;    domain: &quot;syntax&quot;&#10;    ignored: [&quot;examples&quot;]&#10;warning: the following keywords are unknown and will be ignored: [examples]&#10;    level: &quot;warning&quot;&#10;    schema: {&quot;loadingURI&quot;:&quot;#&quot;,&quot;pointer&quot;:&quot;/items/properties/valor&quot;}&#10;    domain: &quot;syntax&quot;&#10;    ignored: [&quot;examples&quot;]&#10;warning: the following keywords are unknown and will be ignored: [examples]&#10;    level: &quot;warning&quot;&#10;    schema: {&quot;loadingURI&quot;:&quot;#&quot;,&quot;pointer&quot;:&quot;/items&quot;}&#10;    domain: &quot;syntax&quot;&#10;    ignored: [&quot;examples&quot;]&#10;warning: the following keywords are unknown and will be ignored: [examples]&#10;    level: &quot;warning&quot;&#10;    schema: {&quot;loadingURI&quot;:&quot;#&quot;,&quot;pointer&quot;:&quot;/items/properties/cpf&quot;}&#10;    domain: &quot;syntax&quot;&#10;    ignored: [&quot;examples&quot;]&#10;warning: the following keywords are unknown and will be ignored: [examples]&#10;    level: &quot;warning&quot;&#10;    schema: {&quot;loadingURI&quot;:&quot;#&quot;,&quot;pointer&quot;:&quot;/items/properties/email&quot;}&#10;    domain: &quot;syntax&quot;&#10;    ignored: [&quot;examples&quot;]&#10;warning: the following keywords are unknown and will be ignored: [examples]&#10;    level: &quot;warning&quot;&#10;    schema: {&quot;loadingURI&quot;:&quot;#&quot;,&quot;pointer&quot;:&quot;/items/properties/id&quot;}&#10;    domain: &quot;syntax&quot;&#10;    ignored: [&quot;examples&quot;]&#10;warning: the following keywords are unknown and will be ignored: [examples]&#10;    level: &quot;warning&quot;&#10;    schema: {&quot;loadingURI&quot;:&quot;#&quot;,&quot;pointer&quot;:&quot;/items/properties/nome&quot;}&#10;    domain: &quot;syntax&quot;&#10;    ignored: [&quot;examples&quot;]&#10;warning: the following keywords are unknown and will be ignored: [examples]&#10;    level: &quot;warning&quot;&#10;    schema: {&quot;loadingURI&quot;:&quot;#&quot;,&quot;pointer&quot;:&quot;/items/properties/parcelas&quot;}&#10;    domain: &quot;syntax&quot;&#10;    ignored: [&quot;examples&quot;]&#10;warning: the following keywords are unknown and will be ignored: [examples]&#10;    level: &quot;warning&quot;&#10;    schema: {&quot;loadingURI&quot;:&quot;#&quot;,&quot;pointer&quot;:&quot;/items/properties/seguro&quot;}&#10;    domain: &quot;syntax&quot;&#10;    ignored: [&quot;examples&quot;]&#10;warning: the following keywords are unknown and will be ignored: [examples]&#10;    level: &quot;warning&quot;&#10;    schema: {&quot;loadingURI&quot;:&quot;#&quot;,&quot;pointer&quot;:&quot;/items/properties/valor&quot;}&#10;    domain: &quot;syntax&quot;&#10;    ignored: [&quot;examples&quot;]&#10;warning: the following keywords are unknown and will be ignored: [examples]&#10;    level: &quot;warning&quot;&#10;    schema: {&quot;loadingURI&quot;:&quot;#&quot;,&quot;pointer&quot;:&quot;/items&quot;}&#10;    domain: &quot;syntax&quot;&#10;    ignored: [&quot;examples&quot;]&#10;warning: the following keywords are unknown and will be ignored: [examples]&#10;    level: &quot;warning&quot;&#10;    schema: {&quot;loadingURI&quot;:&quot;#&quot;,&quot;pointer&quot;:&quot;/items/properties/cpf&quot;}&#10;    domain: &quot;syntax&quot;&#10;    ignored: [&quot;examples&quot;]&#10;warning: the following keywords are unknown and will be ignored: [examples]&#10;    level: &quot;warning&quot;&#10;    schema: {&quot;loadingURI&quot;:&quot;#&quot;,&quot;pointer&quot;:&quot;/items/properties/email&quot;}&#10;    domain: &quot;syntax&quot;&#10;    ignored: [&quot;examples&quot;]&#10;warning: the following keywords are unknown and will be ignored: [examples]&#10;    level: &quot;warning&quot;&#10;    schema: {&quot;loadingURI&quot;:&quot;#&quot;,&quot;pointer&quot;:&quot;/items/properties/id&quot;}&#10;    domain: &quot;syntax&quot;&#10;    ignored: [&quot;examples&quot;]&#10;warning: the following keywords are unknown and will be ignored: [examples]&#10;    level: &quot;warning&quot;&#10;    schema: {&quot;loadingURI&quot;:&quot;#&quot;,&quot;pointer&quot;:&quot;/items/properties/nome&quot;}&#10;    domain: &quot;syntax&quot;&#10;    ignored: [&quot;examples&quot;]&#10;warning: the following keywords are unknown and will be ignored: [examples]&#10;    level: &quot;warning&quot;&#10;    schema: {&quot;loadingURI&quot;:&quot;#&quot;,&quot;pointer&quot;:&quot;/items/properties/parcelas&quot;}&#10;    domain: &quot;syntax&quot;&#10;    ignored: [&quot;examples&quot;]&#10;warning: the following keywords are unknown and will be ignored: [examples]&#10;    level: &quot;warning&quot;&#10;    schema: {&quot;loadingURI&quot;:&quot;#&quot;,&quot;pointer&quot;:&quot;/items/properties/seguro&quot;}&#10;    domain: &quot;syntax&quot;&#10;    ignored: [&quot;examples&quot;]&#10;warning: the following keywords are unknown and will be ignored: [examples]&#10;    level: &quot;warning&quot;&#10;    schema: {&quot;loadingURI&quot;:&quot;#&quot;,&quot;pointer&quot;:&quot;/items/properties/valor&quot;}&#10;    domain: &quot;syntax&quot;&#10;    ignored: [&quot;examples&quot;]&#10;warning: the following keywords are unknown and will be ignored: [examples]&#10;    level: &quot;warning&quot;&#10;    schema: {&quot;loadingURI&quot;:&quot;#&quot;,&quot;pointer&quot;:&quot;/items&quot;}&#10;    domain: &quot;syntax&quot;&#10;    ignored: [&quot;examples&quot;]&#10;warning: the following keywords are unknown and will be ignored: [examples]&#10;    level: &quot;warning&quot;&#10;    schema: {&quot;loadingURI&quot;:&quot;#&quot;,&quot;pointer&quot;:&quot;/items/properties/cpf&quot;}&#10;    domain: &quot;syntax&quot;&#10;    ignored: [&quot;examples&quot;]&#10;warning: the following keywords are unknown and will be ignored: [examples]&#10;    level: &quot;warning&quot;&#10;    schema: {&quot;loadingURI&quot;:&quot;#&quot;,&quot;pointer&quot;:&quot;/items/properties/email&quot;}&#10;    domain: &quot;syntax&quot;&#10;    ignored: [&quot;examples&quot;]&#10;warning: the following keywords are unknown and will be ignored: [examples]&#10;    level: &quot;warning&quot;&#10;    schema: {&quot;loadingURI&quot;:&quot;#&quot;,&quot;pointer&quot;:&quot;/items/properties/id&quot;}&#10;    domain: &quot;syntax&quot;&#10;    ignored: [&quot;examples&quot;]&#10;warning: the following keywords are unknown and will be ignored: [examples]&#10;    level: &quot;warning&quot;&#10;    schema: {&quot;loadingURI&quot;:&quot;#&quot;,&quot;pointer&quot;:&quot;/items/properties/nome&quot;}&#10;    domain: &quot;syntax&quot;&#10;    ignored: [&quot;examples&quot;]&#10;warning: the following keywords are unknown and will be ignored: [examples]&#10;    level: &quot;warning&quot;&#10;    schema: {&quot;loadingURI&quot;:&quot;#&quot;,&quot;pointer&quot;:&quot;/items/properties/parcelas&quot;}&#10;    domain: &quot;syntax&quot;&#10;    ignored: [&quot;examples&quot;]&#10;warning: the following keywords are unknown and will be ignored: [examples]&#10;    level: &quot;warning&quot;&#10;    schema: {&quot;loadingURI&quot;:&quot;#&quot;,&quot;pointer&quot;:&quot;/items/properties/seguro&quot;}&#10;    domain: &quot;syntax&quot;&#10;    ignored: [&quot;examples&quot;]&#10;warning: the following keywords are unknown and will be ignored: [examples]&#10;    level: &quot;warning&quot;&#10;    schema: {&quot;loadingURI&quot;:&quot;#&quot;,&quot;pointer&quot;:&quot;/items/properties/valor&quot;}&#10;    domain: &quot;syntax&quot;&#10;    ignored: [&quot;examples&quot;]&#10;warning: the following keywords are unknown and will be ignored: [examples]&#10;    level: &quot;warning&quot;&#10;    schema: {&quot;loadingURI&quot;:&quot;#&quot;,&quot;pointer&quot;:&quot;/items&quot;}&#10;    domain: &quot;syntax&quot;&#10;    ignored: [&quot;examples&quot;]&#10;warning: the following keywords are unknown and will be ignored: [examples]&#10;    level: &quot;warning&quot;&#10;    schema: {&quot;loadingURI&quot;:&quot;#&quot;,&quot;pointer&quot;:&quot;/items/properties/cpf&quot;}&#10;    domain: &quot;syntax&quot;&#10;    ignored: [&quot;examples&quot;]&#10;warning: the following keywords are unknown and will be ignored: [examples]&#10;    level: &quot;warning&quot;&#10;    schema: {&quot;loadingURI&quot;:&quot;#&quot;,&quot;pointer&quot;:&quot;/items/properties/email&quot;}&#10;    domain: &quot;syntax&quot;&#10;    ignored: [&quot;examples&quot;]&#10;warning: the following keywords are unknown and will be ignored: [examples]&#10;    level: &quot;warning&quot;&#10;    schema: {&quot;loadingURI&quot;:&quot;#&quot;,&quot;pointer&quot;:&quot;/items/properties/id&quot;}&#10;    domain: &quot;syntax&quot;&#10;    ignored: [&quot;examples&quot;]&#10;warning: the following keywords are unknown and will be ignored: [examples]&#10;    level: &quot;warning&quot;&#10;    schema: {&quot;loadingURI&quot;:&quot;#&quot;,&quot;pointer&quot;:&quot;/items/properties/nome&quot;}&#10;    domain: &quot;syntax&quot;&#10;    ignored: [&quot;examples&quot;]&#10;warning: the following keywords are unknown and will be ignored: [examples]&#10;    level: &quot;warning&quot;&#10;    schema: {&quot;loadingURI&quot;:&quot;#&quot;,&quot;pointer&quot;:&quot;/items/properties/parcelas&quot;}&#10;    domain: &quot;syntax&quot;&#10;    ignored: [&quot;examples&quot;]&#10;warning: the following keywords are unknown and will be ignored: [examples]&#10;    level: &quot;warning&quot;&#10;    schema: {&quot;loadingURI&quot;:&quot;#&quot;,&quot;pointer&quot;:&quot;/items/properties/seguro&quot;}&#10;    domain: &quot;syntax&quot;&#10;    ignored: [&quot;examples&quot;]&#10;warning: the following keywords are unknown and will be ignored: [examples]&#10;    level: &quot;warning&quot;&#10;    schema: {&quot;loadingURI&quot;:&quot;#&quot;,&quot;pointer&quot;:&quot;/items/properties/valor&quot;}&#10;    domain: &quot;syntax&quot;&#10;    ignored: [&quot;examples&quot;]&#10;warning: the following keywords are unknown and will be ignored: [examples]&#10;    level: &quot;warning&quot;&#10;    schema: {&quot;loadingURI&quot;:&quot;#&quot;,&quot;pointer&quot;:&quot;/items&quot;}&#10;    domain: &quot;syntax&quot;&#10;    ignored: [&quot;examples&quot;]&#10;warning: the following keywords are unknown and will be ignored: [examples]&#10;    level: &quot;warning&quot;&#10;    schema: {&quot;loadingURI&quot;:&quot;#&quot;,&quot;pointer&quot;:&quot;/items/properties/cpf&quot;}&#10;    domain: &quot;syntax&quot;&#10;    ignored: [&quot;examples&quot;]&#10;warning: the following keywords are unknown and will be ignored: [examples]&#10;    level: &quot;warning&quot;&#10;    schema: {&quot;loadingURI&quot;:&quot;#&quot;,&quot;pointer&quot;:&quot;/items/properties/email&quot;}&#10;    domain: &quot;syntax&quot;&#10;    ignored: [&quot;examples&quot;]&#10;warning: the following keywords are unknown and will be ignored: [examples]&#10;    level: &quot;warning&quot;&#10;    schema: {&quot;loadingURI&quot;:&quot;#&quot;,&quot;pointer&quot;:&quot;/items/properties/id&quot;}&#10;    domain: &quot;syntax&quot;&#10;    ignored: [&quot;examples&quot;]&#10;warning: the following keywords are unknown and will be ignored: [examples]&#10;    level: &quot;warning&quot;&#10;    schema: {&quot;loadingURI&quot;:&quot;#&quot;,&quot;pointer&quot;:&quot;/items/properties/nome&quot;}&#10;    domain: &quot;syntax&quot;&#10;    ignored: [&quot;examples&quot;]&#10;warning: the following keywords are unknown and will be ignored: [examples]&#10;    level: &quot;warning&quot;&#10;    schema: {&quot;loadingURI&quot;:&quot;#&quot;,&quot;pointer&quot;:&quot;/items/properties/parcelas&quot;}&#10;    domain: &quot;syntax&quot;&#10;    ignored: [&quot;examples&quot;]&#10;warning: the following keywords are unknown and will be ignored: [examples]&#10;    level: &quot;warning&quot;&#10;    schema: {&quot;loadingURI&quot;:&quot;#&quot;,&quot;pointer&quot;:&quot;/items/properties/seguro&quot;}&#10;    domain: &quot;syntax&quot;&#10;    ignored: [&quot;examples&quot;]&#10;warning: the following keywords are unknown and will be ignored: [examples]&#10;    level: &quot;warning&quot;&#10;    schema: {&quot;loadingURI&quot;:&quot;#&quot;,&quot;pointer&quot;:&quot;/items/properties/valor&quot;}&#10;    domain: &quot;syntax&quot;&#10;    ignored: [&quot;examples&quot;]&#10;warning: the following keywords are unknown and will be ignored: [examples]&#10;    level: &quot;warning&quot;&#10;    schema: {&quot;loadingURI&quot;:&quot;#&quot;,&quot;pointer&quot;:&quot;/items&quot;}&#10;    domain: &quot;syntax&quot;&#10;    ignored: [&quot;examples&quot;]&#10;warning: the following keywords are unknown and will be ignored: [examples]&#10;    level: &quot;warning&quot;&#10;    schema: {&quot;loadingURI&quot;:&quot;#&quot;,&quot;pointer&quot;:&quot;/items/properties/cpf&quot;}&#10;    domain: &quot;syntax&quot;&#10;    ignored: [&quot;examples&quot;]&#10;warning: the following keywords are unknown and will be ignored: [examples]&#10;    level: &quot;warning&quot;&#10;    schema: {&quot;loadingURI&quot;:&quot;#&quot;,&quot;pointer&quot;:&quot;/items/properties/email&quot;}&#10;    domain: &quot;syntax&quot;&#10;    ignored: [&quot;examples&quot;]&#10;warning: the following keywords are unknown and will be ignored: [examples]&#10;    level: &quot;warning&quot;&#10;    schema: {&quot;loadingURI&quot;:&quot;#&quot;,&quot;pointer&quot;:&quot;/items/properties/id&quot;}&#10;    domain: &quot;syntax&quot;&#10;    ignored: [&quot;examples&quot;]&#10;warning: the following keywords are unknown and will be ignored: [examples]&#10;    level: &quot;warning&quot;&#10;    schema: {&quot;loadingURI&quot;:&quot;#&quot;,&quot;pointer&quot;:&quot;/items/properties/nome&quot;}&#10;    domain: &quot;syntax&quot;&#10;    ignored: [&quot;examples&quot;]&#10;warning: the following keywords are unknown and will be ignored: [examples]&#10;    level: &quot;warning&quot;&#10;    schema: {&quot;loadingURI&quot;:&quot;#&quot;,&quot;pointer&quot;:&quot;/items/properties/parcelas&quot;}&#10;    domain: &quot;syntax&quot;&#10;    ignored: [&quot;examples&quot;]&#10;warning: the following keywords are unknown and will be ignored: [examples]&#10;    level: &quot;warning&quot;&#10;    schema: {&quot;loadingURI&quot;:&quot;#&quot;,&quot;pointer&quot;:&quot;/items/properties/seguro&quot;}&#10;    domain: &quot;syntax&quot;&#10;    ignored: [&quot;examples&quot;]&#10;warning: the following keywords are unknown and will be ignored: [examples]&#10;    level: &quot;warning&quot;&#10;    schema: {&quot;loadingURI&quot;:&quot;#&quot;,&quot;pointer&quot;:&quot;/items/properties/valor&quot;}&#10;    domain: &quot;syntax&quot;&#10;    ignored: [&quot;examples&quot;]&#10;warning: the following keywords are unknown and will be ignored: [examples]&#10;    level: &quot;warning&quot;&#10;    schema: {&quot;loadingURI&quot;:&quot;#&quot;,&quot;pointer&quot;:&quot;/items&quot;}&#10;    domain: &quot;syntax&quot;&#10;    ignored: [&quot;examples&quot;]&#10;warning: the following keywords are unknown and will be ignored: [examples]&#10;    level: &quot;warning&quot;&#10;    schema: {&quot;loadingURI&quot;:&quot;#&quot;,&quot;pointer&quot;:&quot;/items/properties/cpf&quot;}&#10;    domain: &quot;syntax&quot;&#10;    ignored: [&quot;examples&quot;]&#10;warning: the following keywords are unknown and will be ignored: [examples]&#10;    level: &quot;warning&quot;&#10;    schema: {&quot;loadingURI&quot;:&quot;#&quot;,&quot;pointer&quot;:&quot;/items/properties/email&quot;}&#10;    domain: &quot;syntax&quot;&#10;    ignored: [&quot;examples&quot;]&#10;warning: the following keywords are unknown and will be ignored: [examples]&#10;    level: &quot;warning&quot;&#10;    schema: {&quot;loadingURI&quot;:&quot;#&quot;,&quot;pointer&quot;:&quot;/items/properties/id&quot;}&#10;    domain: &quot;syntax&quot;&#10;    ignored: [&quot;examples&quot;]&#10;warning: the following keywords are unknown and will be ignored: [examples]&#10;    level: &quot;warning&quot;&#10;    schema: {&quot;loadingURI&quot;:&quot;#&quot;,&quot;pointer&quot;:&quot;/items/properties/nome&quot;}&#10;    domain: &quot;syntax&quot;&#10;    ignored: [&quot;examples&quot;]&#10;warning: the following keywords are unknown and will be ignored: [examples]&#10;    level: &quot;warning&quot;&#10;    schema: {&quot;loadingURI&quot;:&quot;#&quot;,&quot;pointer&quot;:&quot;/items/properties/parcelas&quot;}&#10;    domain: &quot;syntax&quot;&#10;    ignored: [&quot;examples&quot;]&#10;warning: the following keywords are unknown and will be ignored: [examples]&#10;    level: &quot;warning&quot;&#10;    schema: {&quot;loadingURI&quot;:&quot;#&quot;,&quot;pointer&quot;:&quot;/items/properties/seguro&quot;}&#10;    domain: &quot;syntax&quot;&#10;    ignored: [&quot;examples&quot;]&#10;warning: the following keywords are unknown and will be ignored: [examples]&#10;    level: &quot;warning&quot;&#10;    schema: {&quot;loadingURI&quot;:&quot;#&quot;,&quot;pointer&quot;:&quot;/items/properties/valor&quot;}&#10;    domain: &quot;syntax&quot;&#10;    ignored: [&quot;examples&quot;]&#10;warning: the following keywords are unknown and will be ignored: [examples]&#10;    level: &quot;warning&quot;&#10;    schema: {&quot;loadingURI&quot;:&quot;#&quot;,&quot;pointer&quot;:&quot;/items&quot;}&#10;    domain: &quot;syntax&quot;&#10;    ignored: [&quot;examples&quot;]&#10;warning: the following keywords are unknown and will be ignored: [examples]&#10;    level: &quot;warning&quot;&#10;    schema: {&quot;loadingURI&quot;:&quot;#&quot;,&quot;pointer&quot;:&quot;/items/properties/cpf&quot;}&#10;    domain: &quot;syntax&quot;&#10;    ignored: [&quot;examples&quot;]&#10;warning: the following keywords are unknown and will be ignored: [examples]&#10;    level: &quot;warning&quot;&#10;    schema: {&quot;loadingURI&quot;:&quot;#&quot;,&quot;pointer&quot;:&quot;/items/properties/email&quot;}&#10;    domain: &quot;syntax&quot;&#10;    ignored: [&quot;examples&quot;]&#10;warning: the following keywords are unknown and will be ignored: [examples]&#10;    level: &quot;warning&quot;&#10;    schema: {&quot;loadingURI&quot;:&quot;#&quot;,&quot;pointer&quot;:&quot;/items/properties/id&quot;}&#10;    domain: &quot;syntax&quot;&#10;    ignored: [&quot;examples&quot;]&#10;warning: the following keywords are unknown and will be ignored: [examples]&#10;    level: &quot;warning&quot;&#10;    schema: {&quot;loadingURI&quot;:&quot;#&quot;,&quot;pointer&quot;:&quot;/items/properties/nome&quot;}&#10;    domain: &quot;syntax&quot;&#10;    ignored: [&quot;examples&quot;]&#10;warning: the following keywords are unknown and will be ignored: [examples]&#10;    level: &quot;warning&quot;&#10;    schema: {&quot;loadingURI&quot;:&quot;#&quot;,&quot;pointer&quot;:&quot;/items/properties/parcelas&quot;}&#10;    domain: &quot;syntax&quot;&#10;    ignored: [&quot;examples&quot;]&#10;warning: the following keywords are unknown and will be ignored: [examples]&#10;    level: &quot;warning&quot;&#10;    schema: {&quot;loadingURI&quot;:&quot;#&quot;,&quot;pointer&quot;:&quot;/items/properties/seguro&quot;}&#10;    domain: &quot;syntax&quot;&#10;    ignored: [&quot;examples&quot;]&#10;warning: the following keywords are unknown and will be ignored: [examples]&#10;    level: &quot;warning&quot;&#10;    schema: {&quot;loadingURI&quot;:&quot;#&quot;,&quot;pointer&quot;:&quot;/items/properties/valor&quot;}&#10;    domain: &quot;syntax&quot;&#10;    ignored: [&quot;examples&quot;]&#10;warning: the following keywords are unknown and will be ignored: [examples]&#10;    level: &quot;warning&quot;&#10;    schema: {&quot;loadingURI&quot;:&quot;#&quot;,&quot;pointer&quot;:&quot;/items&quot;}&#10;    domain: &quot;syntax&quot;&#10;    ignored: [&quot;examples&quot;]&#10;warning: the following keywords are unknown and will be ignored: [examples]&#10;    level: &quot;warning&quot;&#10;    schema: {&quot;loadingURI&quot;:&quot;#&quot;,&quot;pointer&quot;:&quot;/items/properties/cpf&quot;}&#10;    domain: &quot;syntax&quot;&#10;    ignored: [&quot;examples&quot;]&#10;warning: the following keywords are unknown and will be ignored: [examples]&#10;    level: &quot;warning&quot;&#10;    schema: {&quot;loadingURI&quot;:&quot;#&quot;,&quot;pointer&quot;:&quot;/items/properties/email&quot;}&#10;    domain: &quot;syntax&quot;&#10;    ignored: [&quot;examples&quot;]&#10;warning: the following keywords are unknown and will be ignored: [examples]&#10;    level: &quot;warning&quot;&#10;    schema: {&quot;loadingURI&quot;:&quot;#&quot;,&quot;pointer&quot;:&quot;/items/properties/id&quot;}&#10;    domain: &quot;syntax&quot;&#10;    ignored: [&quot;examples&quot;]&#10;warning: the following keywords are unknown and will be ignored: [examples]&#10;    level: &quot;warning&quot;&#10;    schema: {&quot;loadingURI&quot;:&quot;#&quot;,&quot;pointer&quot;:&quot;/items/properties/nome&quot;}&#10;    domain: &quot;syntax&quot;&#10;    ignored: [&quot;examples&quot;]&#10;warning: the following keywords are unknown and will be ignored: [examples]&#10;    level: &quot;warning&quot;&#10;    schema: {&quot;loadingURI&quot;:&quot;#&quot;,&quot;pointer&quot;:&quot;/items/properties/parcelas&quot;}&#10;    domain: &quot;syntax&quot;&#10;    ignored: [&quot;examples&quot;]&#10;warning: the following keywords are unknown and will be ignored: [examples]&#10;    level: &quot;warning&quot;&#10;    schema: {&quot;loadingURI&quot;:&quot;#&quot;,&quot;pointer&quot;:&quot;/items/properties/seguro&quot;}&#10;    domain: &quot;syntax&quot;&#10;    ignored: [&quot;examples&quot;]&#10;warning: the following keywords are unknown and will be ignored: [examples]&#10;    level: &quot;warning&quot;&#10;    schema: {&quot;loadingURI&quot;:&quot;#&quot;,&quot;pointer&quot;:&quot;/items/properties/valor&quot;}&#10;    domain: &quot;syntax&quot;&#10;    ignored: [&quot;examples&quot;]&#10;warning: the following keywords are unknown and will be ignored: [examples]&#10;    level: &quot;warning&quot;&#10;    schema: {&quot;loadingURI&quot;:&quot;#&quot;,&quot;pointer&quot;:&quot;/items&quot;}&#10;    domain: &quot;syntax&quot;&#10;    ignored: [&quot;examples&quot;]&#10;warning: the following keywords are unknown and will be ignored: [examples]&#10;    level: &quot;warning&quot;&#10;    schema: {&quot;loadingURI&quot;:&quot;#&quot;,&quot;pointer&quot;:&quot;/items/properties/cpf&quot;}&#10;    domain: &quot;syntax&quot;&#10;    ignored: [&quot;examples&quot;]&#10;warning: the following keywords are unknown and will be ignored: [examples]&#10;    level: &quot;warning&quot;&#10;    schema: {&quot;loadingURI&quot;:&quot;#&quot;,&quot;pointer&quot;:&quot;/items/properties/email&quot;}&#10;    domain: &quot;syntax&quot;&#10;    ignored: [&quot;examples&quot;]&#10;warning: the following keywords are unknown and will be ignored: [examples]&#10;    level: &quot;warning&quot;&#10;    schema: {&quot;loadingURI&quot;:&quot;#&quot;,&quot;pointer&quot;:&quot;/items/properties/id&quot;}&#10;    domain: &quot;syntax&quot;&#10;    ignored: [&quot;examples&quot;]&#10;warning: the following keywords are unknown and will be ignored: [examples]&#10;    level: &quot;warning&quot;&#10;    schema: {&quot;loadingURI&quot;:&quot;#&quot;,&quot;pointer&quot;:&quot;/items/properties/nome&quot;}&#10;    domain: &quot;syntax&quot;&#10;    ignored: [&quot;examples&quot;]&#10;warning: the following keywords are unknown and will be ignored: [examples]&#10;    level: &quot;warning&quot;&#10;    schema: {&quot;loadingURI&quot;:&quot;#&quot;,&quot;pointer&quot;:&quot;/items/properties/parcelas&quot;}&#10;    domain: &quot;syntax&quot;&#10;    ignored: [&quot;examples&quot;]&#10;warning: the following keywords are unknown and will be ignored: [examples]&#10;    level: &quot;warning&quot;&#10;    schema: {&quot;loadingURI&quot;:&quot;#&quot;,&quot;pointer&quot;:&quot;/items/properties/seguro&quot;}&#10;    domain: &quot;syntax&quot;&#10;    ignored: [&quot;examples&quot;]&#10;warning: the following keywords are unknown and will be ignored: [examples]&#10;    level: &quot;warning&quot;&#10;    schema: {&quot;loadingURI&quot;:&quot;#&quot;,&quot;pointer&quot;:&quot;/items/properties/valor&quot;}&#10;    domain: &quot;syntax&quot;&#10;    ignored: [&quot;examples&quot;]&#10;warning: the following keywords are unknown and will be ignored: [examples]&#10;    level: &quot;warning&quot;&#10;    schema: {&quot;loadingURI&quot;:&quot;#&quot;,&quot;pointer&quot;:&quot;/items&quot;}&#10;    domain: &quot;syntax&quot;&#10;    ignored: [&quot;examples&quot;]&#10;warning: the following keywords are unknown and will be ignored: [examples]&#10;    level: &quot;warning&quot;&#10;    schema: {&quot;loadingURI&quot;:&quot;#&quot;,&quot;pointer&quot;:&quot;/items/properties/cpf&quot;}&#10;    domain: &quot;syntax&quot;&#10;    ignored: [&quot;examples&quot;]&#10;warning: the following keywords are unknown and will be ignored: [examples]&#10;    level: &quot;warning&quot;&#10;    schema: {&quot;loadingURI&quot;:&quot;#&quot;,&quot;pointer&quot;:&quot;/items/properties/email&quot;}&#10;    domain: &quot;syntax&quot;&#10;    ignored: [&quot;examples&quot;]&#10;warning: the following keywords are unknown and will be ignored: [examples]&#10;    level: &quot;warning&quot;&#10;    schema: {&quot;loadingURI&quot;:&quot;#&quot;,&quot;pointer&quot;:&quot;/items/properties/id&quot;}&#10;    domain: &quot;syntax&quot;&#10;    ignored: [&quot;examples&quot;]&#10;warning: the following keywords are unknown and will be ignored: [examples]&#10;    level: &quot;warning&quot;&#10;    schema: {&quot;loadingURI&quot;:&quot;#&quot;,&quot;pointer&quot;:&quot;/items/properties/nome&quot;}&#10;    domain: &quot;syntax&quot;&#10;    ignored: [&quot;examples&quot;]&#10;warning: the following keywords are unknown and will be ignored: [examples]&#10;    level: &quot;warning&quot;&#10;    schema: {&quot;loadingURI&quot;:&quot;#&quot;,&quot;pointer&quot;:&quot;/items/properties/parcelas&quot;}&#10;    domain: &quot;syntax&quot;&#10;    ignored: [&quot;examples&quot;]&#10;warning: the following keywords are unknown and will be ignored: [examples]&#10;    level: &quot;warning&quot;&#10;    schema: {&quot;loadingURI&quot;:&quot;#&quot;,&quot;pointer&quot;:&quot;/items/properties/seguro&quot;}&#10;    domain: &quot;syntax&quot;&#10;    ignored: [&quot;examples&quot;]&#10;warning: the following keywords are unknown and will be ignored: [examples]&#10;    level: &quot;warning&quot;&#10;    schema: {&quot;loadingURI&quot;:&quot;#&quot;,&quot;pointer&quot;:&quot;/items/properties/valor&quot;}&#10;    domain: &quot;syntax&quot;&#10;    ignored: [&quot;examples&quot;]&#10;warning: the following keywords are unknown and will be ignored: [examples]&#10;    level: &quot;warning&quot;&#10;    schema: {&quot;loadingURI&quot;:&quot;#&quot;,&quot;pointer&quot;:&quot;/items&quot;}&#10;    domain: &quot;syntax&quot;&#10;    ignored: [&quot;examples&quot;]&#10;warning: the following keywords are unknown and will be ignored: [examples]&#10;    level: &quot;warning&quot;&#10;    schema: {&quot;loadingURI&quot;:&quot;#&quot;,&quot;pointer&quot;:&quot;/items/properties/cpf&quot;}&#10;    domain: &quot;syntax&quot;&#10;    ignored: [&quot;examples&quot;]&#10;warning: the following keywords are unknown and will be ignored: [examples]&#10;    level: &quot;warning&quot;&#10;    schema: {&quot;loadingURI&quot;:&quot;#&quot;,&quot;pointer&quot;:&quot;/items/properties/email&quot;}&#10;    domain: &quot;syntax&quot;&#10;    ignored: [&quot;examples&quot;]&#10;warning: the following keywords are unknown and will be ignored: [examples]&#10;    level: &quot;warning&quot;&#10;    schema: {&quot;loadingURI&quot;:&quot;#&quot;,&quot;pointer&quot;:&quot;/items/properties/id&quot;}&#10;    domain: &quot;syntax&quot;&#10;    ignored: [&quot;examples&quot;]&#10;warning: the following keywords are unknown and will be ignored: [examples]&#10;    level: &quot;warning&quot;&#10;    schema: {&quot;loadingURI&quot;:&quot;#&quot;,&quot;pointer&quot;:&quot;/items/properties/nome&quot;}&#10;    domain: &quot;syntax&quot;&#10;    ignored: [&quot;examples&quot;]&#10;warning: the following keywords are unknown and will be ignored: [examples]&#10;    level: &quot;warning&quot;&#10;    schema: {&quot;loadingURI&quot;:&quot;#&quot;,&quot;pointer&quot;:&quot;/items/properties/parcelas&quot;}&#10;    domain: &quot;syntax&quot;&#10;    ignored: [&quot;examples&quot;]&#10;warning: the following keywords are unknown and will be ignored: [examples]&#10;    level: &quot;warning&quot;&#10;    schema: {&quot;loadingURI&quot;:&quot;#&quot;,&quot;pointer&quot;:&quot;/items/properties/seguro&quot;}&#10;    domain: &quot;syntax&quot;&#10;    ignored: [&quot;examples&quot;]&#10;warning: the following keywords are unknown and will be ignored: [examples]&#10;    level: &quot;warning&quot;&#10;    schema: {&quot;loadingURI&quot;:&quot;#&quot;,&quot;pointer&quot;:&quot;/items/properties/valor&quot;}&#10;    domain: &quot;syntax&quot;&#10;    ignored: [&quot;examples&quot;]&#10;warning: the following keywords are unknown and will be ignored: [examples]&#10;    level: &quot;warning&quot;&#10;    schema: {&quot;loadingURI&quot;:&quot;#&quot;,&quot;pointer&quot;:&quot;/items&quot;}&#10;    domain: &quot;syntax&quot;&#10;    ignored: [&quot;examples&quot;]&#10;warning: the following keywords are unknown and will be ignored: [examples]&#10;    level: &quot;warning&quot;&#10;    schema: {&quot;loadingURI&quot;:&quot;#&quot;,&quot;pointer&quot;:&quot;/items/properties/cpf&quot;}&#10;    domain: &quot;syntax&quot;&#10;    ignored: [&quot;examples&quot;]&#10;warning: the following keywords are unknown and will be ignored: [examples]&#10;    level: &quot;warning&quot;&#10;    schema: {&quot;loadingURI&quot;:&quot;#&quot;,&quot;pointer&quot;:&quot;/items/properties/email&quot;}&#10;    domain: &quot;syntax&quot;&#10;    ignored: [&quot;examples&quot;]&#10;warning: the following keywords are unknown and will be ignored: [examples]&#10;    level: &quot;warning&quot;&#10;    schema: {&quot;loadingURI&quot;:&quot;#&quot;,&quot;pointer&quot;:&quot;/items/properties/id&quot;}&#10;    domain: &quot;syntax&quot;&#10;    ignored: [&quot;examples&quot;]&#10;warning: the following keywords are unknown and will be ignored: [examples]&#10;    level: &quot;warning&quot;&#10;    schema: {&quot;loadingURI&quot;:&quot;#&quot;,&quot;pointer&quot;:&quot;/items/properties/nome&quot;}&#10;    domain: &quot;syntax&quot;&#10;    ignored: [&quot;examples&quot;]&#10;warning: the following keywords are unknown and will be ignored: [examples]&#10;    level: &quot;warning&quot;&#10;    schema: {&quot;loadingURI&quot;:&quot;#&quot;,&quot;pointer&quot;:&quot;/items/properties/parcelas&quot;}&#10;    domain: &quot;syntax&quot;&#10;    ignored: [&quot;examples&quot;]&#10;warning: the following keywords are unknown and will be ignored: [examples]&#10;    level: &quot;warning&quot;&#10;    schema: {&quot;loadingURI&quot;:&quot;#&quot;,&quot;pointer&quot;:&quot;/items/properties/seguro&quot;}&#10;    domain: &quot;syntax&quot;&#10;    ignored: [&quot;examples&quot;]&#10;warning: the following keywords are unknown and will be ignored: [examples]&#10;    level: &quot;warning&quot;&#10;    schema: {&quot;loadingURI&quot;:&quot;#&quot;,&quot;pointer&quot;:&quot;/items/properties/valor&quot;}&#10;    domain: &quot;syntax&quot;&#10;    ignored: [&quot;examples&quot;]&#10;warning: the following keywords are unknown and will be ignored: [examples]&#10;    level: &quot;warning&quot;&#10;    schema: {&quot;loadingURI&quot;:&quot;#&quot;,&quot;pointer&quot;:&quot;/items&quot;}&#10;    domain: &quot;syntax&quot;&#10;    ignored: [&quot;examples&quot;]&#10;warning: the following keywords are unknown and will be ignored: [examples]&#10;    level: &quot;warning&quot;&#10;    schema: {&quot;loadingURI&quot;:&quot;#&quot;,&quot;pointer&quot;:&quot;/items/properties/cpf&quot;}&#10;    domain: &quot;syntax&quot;&#10;    ignored: [&quot;examples&quot;]&#10;warning: the following keywords are unknown and will be ignored: [examples]&#10;    level: &quot;warning&quot;&#10;    schema: {&quot;loadingURI&quot;:&quot;#&quot;,&quot;pointer&quot;:&quot;/items/properties/email&quot;}&#10;    domain: &quot;syntax&quot;&#10;    ignored: [&quot;examples&quot;]&#10;warning: the following keywords are unknown and will be ignored: [examples]&#10;    level: &quot;warning&quot;&#10;    schema: {&quot;loadingURI&quot;:&quot;#&quot;,&quot;pointer&quot;:&quot;/items/properties/id&quot;}&#10;    domain: &quot;syntax&quot;&#10;    ignored: [&quot;examples&quot;]&#10;warning: the following keywords are unknown and will be ignored: [examples]&#10;    level: &quot;warning&quot;&#10;    schema: {&quot;loadingURI&quot;:&quot;#&quot;,&quot;pointer&quot;:&quot;/items/properties/nome&quot;}&#10;    domain: &quot;syntax&quot;&#10;    ignored: [&quot;examples&quot;]&#10;warning: the following keywords are unknown and will be ignored: [examples]&#10;    level: &quot;warning&quot;&#10;    schema: {&quot;loadingURI&quot;:&quot;#&quot;,&quot;pointer&quot;:&quot;/items/properties/parcelas&quot;}&#10;    domain: &quot;syntax&quot;&#10;    ignored: [&quot;examples&quot;]&#10;warning: the following keywords are unknown and will be ignored: [examples]&#10;    level: &quot;warning&quot;&#10;    schema: {&quot;loadingURI&quot;:&quot;#&quot;,&quot;pointer&quot;:&quot;/items/properties/seguro&quot;}&#10;    domain: &quot;syntax&quot;&#10;    ignored: [&quot;examples&quot;]&#10;warning: the following keywords are unknown and will be ignored: [examples]&#10;    level: &quot;warning&quot;&#10;    schema: {&quot;loadingURI&quot;:&quot;#&quot;,&quot;pointer&quot;:&quot;/items/properties/valor&quot;}&#10;    domain: &quot;syntax&quot;&#10;    ignored: [&quot;examples&quot;]&#10;warning: the following keywords are unknown and will be ignored: [examples]&#10;    level: &quot;warning&quot;&#10;    schema: {&quot;loadingURI&quot;:&quot;#&quot;,&quot;pointer&quot;:&quot;/items&quot;}&#10;    domain: &quot;syntax&quot;&#10;    ignored: [&quot;examples&quot;]&#10;warning: the following keywords are unknown and will be ignored: [examples]&#10;    level: &quot;warning&quot;&#10;    schema: {&quot;loadingURI&quot;:&quot;#&quot;,&quot;pointer&quot;:&quot;/items/properties/cpf&quot;}&#10;    domain: &quot;syntax&quot;&#10;    ignored: [&quot;examples&quot;]&#10;warning: the following keywords are unknown and will be ignored: [examples]&#10;    level: &quot;warning&quot;&#10;    schema: {&quot;loadingURI&quot;:&quot;#&quot;,&quot;pointer&quot;:&quot;/items/properties/email&quot;}&#10;    domain: &quot;syntax&quot;&#10;    ignored: [&quot;examples&quot;]&#10;warning: the following keywords are unknown and will be ignored: [examples]&#10;    level: &quot;warning&quot;&#10;    schema: {&quot;loadingURI&quot;:&quot;#&quot;,&quot;pointer&quot;:&quot;/items/properties/id&quot;}&#10;    domain: &quot;syntax&quot;&#10;    ignored: [&quot;examples&quot;]&#10;warning: the following keywords are unknown and will be ignored: [examples]&#10;    level: &quot;warning&quot;&#10;    schema: {&quot;loadingURI&quot;:&quot;#&quot;,&quot;pointer&quot;:&quot;/items/properties/nome&quot;}&#10;    domain: &quot;syntax&quot;&#10;    ignored: [&quot;examples&quot;]&#10;warning: the following keywords are unknown and will be ignored: [examples]&#10;    level: &quot;warning&quot;&#10;    schema: {&quot;loadingURI&quot;:&quot;#&quot;,&quot;pointer&quot;:&quot;/items/properties/parcelas&quot;}&#10;    domain: &quot;syntax&quot;&#10;    ignored: [&quot;examples&quot;]&#10;warning: the following keywords are unknown and will be ignored: [examples]&#10;    level: &quot;warning&quot;&#10;    schema: {&quot;loadingURI&quot;:&quot;#&quot;,&quot;pointer&quot;:&quot;/items/properties/seguro&quot;}&#10;    domain: &quot;syntax&quot;&#10;    ignored: [&quot;examples&quot;]&#10;warning: the following keywords are unknown and will be ignored: [examples]&#10;    level: &quot;warning&quot;&#10;    schema: {&quot;loadingURI&quot;:&quot;#&quot;,&quot;pointer&quot;:&quot;/items/properties/valor&quot;}&#10;    domain: &quot;syntax&quot;&#10;    ignored: [&quot;examples&quot;]&#10;warning: the following keywords are unknown and will be ignored: [examples]&#10;    level: &quot;warning&quot;&#10;    schema: {&quot;loadingURI&quot;:&quot;#&quot;,&quot;pointer&quot;:&quot;/items&quot;}&#10;    domain: &quot;syntax&quot;&#10;    ignored: [&quot;examples&quot;]&#10;warning: the following keywords are unknown and will be ignored: [examples]&#10;    level: &quot;warning&quot;&#10;    schema: {&quot;loadingURI&quot;:&quot;#&quot;,&quot;pointer&quot;:&quot;/items/properties/cpf&quot;}&#10;    domain: &quot;syntax&quot;&#10;    ignored: [&quot;examples&quot;]&#10;warning: the following keywords are unknown and will be ignored: [examples]&#10;    level: &quot;warning&quot;&#10;    schema: {&quot;loadingURI&quot;:&quot;#&quot;,&quot;pointer&quot;:&quot;/items/properties/email&quot;}&#10;    domain: &quot;syntax&quot;&#10;    ignored: [&quot;examples&quot;]&#10;warning: the following keywords are unknown and will be ignored: [examples]&#10;    level: &quot;warning&quot;&#10;    schema: {&quot;loadingURI&quot;:&quot;#&quot;,&quot;pointer&quot;:&quot;/items/properties/id&quot;}&#10;    domain: &quot;syntax&quot;&#10;    ignored: [&quot;examples&quot;]&#10;warning: the following keywords are unknown and will be ignored: [examples]&#10;    level: &quot;warning&quot;&#10;    schema: {&quot;loadingURI&quot;:&quot;#&quot;,&quot;pointer&quot;:&quot;/items/properties/nome&quot;}&#10;    domain: &quot;syntax&quot;&#10;    ignored: [&quot;examples&quot;]&#10;warning: the following keywords are unknown and will be ignored: [examples]&#10;    level: &quot;warning&quot;&#10;    schema: {&quot;loadingURI&quot;:&quot;#&quot;,&quot;pointer&quot;:&quot;/items/properties/parcelas&quot;}&#10;    domain: &quot;syntax&quot;&#10;    ignored: [&quot;examples&quot;]&#10;warning: the following keywords are unknown and will be ignored: [examples]&#10;    level: &quot;warning&quot;&#10;    schema: {&quot;loadingURI&quot;:&quot;#&quot;,&quot;pointer&quot;:&quot;/items/properties/seguro&quot;}&#10;    domain: &quot;syntax&quot;&#10;    ignored: [&quot;examples&quot;]&#10;warning: the following keywords are unknown and will be ignored: [examples]&#10;    level: &quot;warning&quot;&#10;    schema: {&quot;loadingURI&quot;:&quot;#&quot;,&quot;pointer&quot;:&quot;/items/properties/valor&quot;}&#10;    domain: &quot;syntax&quot;&#10;    ignored: [&quot;examples&quot;]&#10;warning: the following keywords are unknown and will be ignored: [examples]&#10;    level: &quot;warning&quot;&#10;    schema: {&quot;loadingURI&quot;:&quot;#&quot;,&quot;pointer&quot;:&quot;/items&quot;}&#10;    domain: &quot;syntax&quot;&#10;    ignored: [&quot;examples&quot;]&#10;warning: the following keywords are unknown and will be ignored: [examples]&#10;    level: &quot;warning&quot;&#10;    schema: {&quot;loadingURI&quot;:&quot;#&quot;,&quot;pointer&quot;:&quot;/items/properties/cpf&quot;}&#10;    domain: &quot;syntax&quot;&#10;    ignored: [&quot;examples&quot;]&#10;warning: the following keywords are unknown and will be ignored: [examples]&#10;    level: &quot;warning&quot;&#10;    schema: {&quot;loadingURI&quot;:&quot;#&quot;,&quot;pointer&quot;:&quot;/items/properties/email&quot;}&#10;    domain: &quot;syntax&quot;&#10;    ignored: [&quot;examples&quot;]&#10;warning: the following keywords are unknown and will be ignored: [examples]&#10;    level: &quot;warning&quot;&#10;    schema: {&quot;loadingURI&quot;:&quot;#&quot;,&quot;pointer&quot;:&quot;/items/properties/id&quot;}&#10;    domain: &quot;syntax&quot;&#10;    ignored: [&quot;examples&quot;]&#10;warning: the following keywords are unknown and will be ignored: [examples]&#10;    level: &quot;warning&quot;&#10;    schema: {&quot;loadingURI&quot;:&quot;#&quot;,&quot;pointer&quot;:&quot;/items/properties/nome&quot;}&#10;    domain: &quot;syntax&quot;&#10;    ignored: [&quot;examples&quot;]&#10;warning: the following keywords are unknown and will be ignored: [examples]&#10;    level: &quot;warning&quot;&#10;    schema: {&quot;loadingURI&quot;:&quot;#&quot;,&quot;pointer&quot;:&quot;/items/properties/parcelas&quot;}&#10;    domain: &quot;syntax&quot;&#10;    ignored: [&quot;examples&quot;]&#10;warning: the following keywords are unknown and will be ignored: [examples]&#10;    level: &quot;warning&quot;&#10;    schema: {&quot;loadingURI&quot;:&quot;#&quot;,&quot;pointer&quot;:&quot;/items/properties/seguro&quot;}&#10;    domain: &quot;syntax&quot;&#10;    ignored: [&quot;examples&quot;]&#10;warning: the following keywords are unknown and will be ignored: [examples]&#10;    level: &quot;warning&quot;&#10;    schema: {&quot;loadingURI&quot;:&quot;#&quot;,&quot;pointer&quot;:&quot;/items/properties/valor&quot;}&#10;    domain: &quot;syntax&quot;&#10;    ignored: [&quot;examples&quot;]&#10;warning: the following keywords are unknown and will be ignored: [examples]&#10;    level: &quot;warning&quot;&#10;    schema: {&quot;loadingURI&quot;:&quot;#&quot;,&quot;pointer&quot;:&quot;/items&quot;}&#10;    domain: &quot;syntax&quot;&#10;    ignored: [&quot;examples&quot;]&#10;warning: the following keywords are unknown and will be ignored: [examples]&#10;    level: &quot;warning&quot;&#10;    schema: {&quot;loadingURI&quot;:&quot;#&quot;,&quot;pointer&quot;:&quot;/items/properties/cpf&quot;}&#10;    domain: &quot;syntax&quot;&#10;    ignored: [&quot;examples&quot;]&#10;warning: the following keywords are unknown and will be ignored: [examples]&#10;    level: &quot;warning&quot;&#10;    schema: {&quot;loadingURI&quot;:&quot;#&quot;,&quot;pointer&quot;:&quot;/items/properties/email&quot;}&#10;    domain: &quot;syntax&quot;&#10;    ignored: [&quot;examples&quot;]&#10;warning: the following keywords are unknown and will be ignored: [examples]&#10;    level: &quot;warning&quot;&#10;    schema: {&quot;loadingURI&quot;:&quot;#&quot;,&quot;pointer&quot;:&quot;/items/properties/id&quot;}&#10;    domain: &quot;syntax&quot;&#10;    ignored: [&quot;examples&quot;]&#10;warning: the following keywords are unknown and will be ignored: [examples]&#10;    level: &quot;warning&quot;&#10;    schema: {&quot;loadingURI&quot;:&quot;#&quot;,&quot;pointer&quot;:&quot;/items/properties/nome&quot;}&#10;    domain: &quot;syntax&quot;&#10;    ignored: [&quot;examples&quot;]&#10;warning: the following keywords are unknown and will be ignored: [examples]&#10;    level: &quot;warning&quot;&#10;    schema: {&quot;loadingURI&quot;:&quot;#&quot;,&quot;pointer&quot;:&quot;/items/properties/parcelas&quot;}&#10;    domain: &quot;syntax&quot;&#10;    ignored: [&quot;examples&quot;]&#10;warning: the following keywords are unknown and will be ignored: [examples]&#10;    level: &quot;warning&quot;&#10;    schema: {&quot;loadingURI&quot;:&quot;#&quot;,&quot;pointer&quot;:&quot;/items/properties/seguro&quot;}&#10;    domain: &quot;syntax&quot;&#10;    ignored: [&quot;examples&quot;]&#10;warning: the following keywords are unknown and will be ignored: [examples]&#10;    level: &quot;warning&quot;&#10;    schema: {&quot;loadingURI&quot;:&quot;#&quot;,&quot;pointer&quot;:&quot;/items/properties/valor&quot;}&#10;    domain: &quot;syntax&quot;&#10;    ignored: [&quot;examples&quot;]&#10;warning: the following keywords are unknown and will be ignored: [examples]&#10;    level: &quot;warning&quot;&#10;    schema: {&quot;loadingURI&quot;:&quot;#&quot;,&quot;pointer&quot;:&quot;/items&quot;}&#10;    domain: &quot;syntax&quot;&#10;    ignored: [&quot;examples&quot;]&#10;warning: the following keywords are unknown and will be ignored: [examples]&#10;    level: &quot;warning&quot;&#10;    schema: {&quot;loadingURI&quot;:&quot;#&quot;,&quot;pointer&quot;:&quot;/items/properties/cpf&quot;}&#10;    domain: &quot;syntax&quot;&#10;    ignored: [&quot;examples&quot;]&#10;warning: the following keywords are unknown and will be ignored: [examples]&#10;    level: &quot;warning&quot;&#10;    schema: {&quot;loadingURI&quot;:&quot;#&quot;,&quot;pointer&quot;:&quot;/items/properties/email&quot;}&#10;    domain: &quot;syntax&quot;&#10;    ignored: [&quot;examples&quot;]&#10;warning: the following keywords are unknown and will be ignored: [examples]&#10;    level: &quot;warning&quot;&#10;    schema: {&quot;loadingURI&quot;:&quot;#&quot;,&quot;pointer&quot;:&quot;/items/properties/id&quot;}&#10;    domain: &quot;syntax&quot;&#10;    ignored: [&quot;examples&quot;]&#10;warning: the following keywords are unknown and will be ignored: [examples]&#10;    level: &quot;warning&quot;&#10;    schema: {&quot;loadingURI&quot;:&quot;#&quot;,&quot;pointer&quot;:&quot;/items/properties/nome&quot;}&#10;    domain: &quot;syntax&quot;&#10;    ignored: [&quot;examples&quot;]&#10;warning: the following keywords are unknown and will be ignored: [examples]&#10;    level: &quot;warning&quot;&#10;    schema: {&quot;loadingURI&quot;:&quot;#&quot;,&quot;pointer&quot;:&quot;/items/properties/parcelas&quot;}&#10;    domain: &quot;syntax&quot;&#10;    ignored: [&quot;examples&quot;]&#10;warning: the following keywords are unknown and will be ignored: [examples]&#10;    level: &quot;warning&quot;&#10;    schema: {&quot;loadingURI&quot;:&quot;#&quot;,&quot;pointer&quot;:&quot;/items/properties/seguro&quot;}&#10;    domain: &quot;syntax&quot;&#10;    ignored: [&quot;examples&quot;]&#10;warning: the following keywords are unknown and will be ignored: [examples]&#10;    level: &quot;warning&quot;&#10;    schema: {&quot;loadingURI&quot;:&quot;#&quot;,&quot;pointer&quot;:&quot;/items/properties/valor&quot;}&#10;    domain: &quot;syntax&quot;&#10;    ignored: [&quot;examples&quot;]&#10;warning: the following keywords are unknown and will be ignored: [examples]&#10;    level: &quot;warning&quot;&#10;    schema: {&quot;loadingURI&quot;:&quot;#&quot;,&quot;pointer&quot;:&quot;/items&quot;}&#10;    domain: &quot;syntax&quot;&#10;    ignored: [&quot;examples&quot;]&#10;warning: the following keywords are unknown and will be ignored: [examples]&#10;    level: &quot;warning&quot;&#10;    schema: {&quot;loadingURI&quot;:&quot;#&quot;,&quot;pointer&quot;:&quot;/items/properties/cpf&quot;}&#10;    domain: &quot;syntax&quot;&#10;    ignored: [&quot;examples&quot;]&#10;warning: the following keywords are unknown and will be ignored: [examples]&#10;    level: &quot;warning&quot;&#10;    schema: {&quot;loadingURI&quot;:&quot;#&quot;,&quot;pointer&quot;:&quot;/items/properties/email&quot;}&#10;    domain: &quot;syntax&quot;&#10;    ignored: [&quot;examples&quot;]&#10;warning: the following keywords are unknown and will be ignored: [examples]&#10;    level: &quot;warning&quot;&#10;    schema: {&quot;loadingURI&quot;:&quot;#&quot;,&quot;pointer&quot;:&quot;/items/properties/id&quot;}&#10;    domain: &quot;syntax&quot;&#10;    ignored: [&quot;examples&quot;]&#10;warning: the following keywords are unknown and will be ignored: [examples]&#10;    level: &quot;warning&quot;&#10;    schema: {&quot;loadingURI&quot;:&quot;#&quot;,&quot;pointer&quot;:&quot;/items/properties/nome&quot;}&#10;    domain: &quot;syntax&quot;&#10;    ignored: [&quot;examples&quot;]&#10;warning: the following keywords are unknown and will be ignored: [examples]&#10;    level: &quot;warning&quot;&#10;    schema: {&quot;loadingURI&quot;:&quot;#&quot;,&quot;pointer&quot;:&quot;/items/properties/parcelas&quot;}&#10;    domain: &quot;syntax&quot;&#10;    ignored: [&quot;examples&quot;]&#10;warning: the following keywords are unknown and will be ignored: [examples]&#10;    level: &quot;warning&quot;&#10;    schema: {&quot;loadingURI&quot;:&quot;#&quot;,&quot;pointer&quot;:&quot;/items/properties/seguro&quot;}&#10;    domain: &quot;syntax&quot;&#10;    ignored: [&quot;examples&quot;]&#10;warning: the following keywords are unknown and will be ignored: [examples]&#10;    level: &quot;warning&quot;&#10;    schema: {&quot;loadingURI&quot;:&quot;#&quot;,&quot;pointer&quot;:&quot;/items/properties/valor&quot;}&#10;    domain: &quot;syntax&quot;&#10;    ignored: [&quot;examples&quot;]&#10;warning: the following keywords are unknown and will be ignored: [examples]&#10;    level: &quot;warning&quot;&#10;    schema: {&quot;loadingURI&quot;:&quot;#&quot;,&quot;pointer&quot;:&quot;/items&quot;}&#10;    domain: &quot;syntax&quot;&#10;    ignored: [&quot;examples&quot;]&#10;warning: the following keywords are unknown and will be ignored: [examples]&#10;    level: &quot;warning&quot;&#10;    schema: {&quot;loadingURI&quot;:&quot;#&quot;,&quot;pointer&quot;:&quot;/items/properties/cpf&quot;}&#10;    domain: &quot;syntax&quot;&#10;    ignored: [&quot;examples&quot;]&#10;warning: the following keywords are unknown and will be ignored: [examples]&#10;    level: &quot;warning&quot;&#10;    schema: {&quot;loadingURI&quot;:&quot;#&quot;,&quot;pointer&quot;:&quot;/items/properties/email&quot;}&#10;    domain: &quot;syntax&quot;&#10;    ignored: [&quot;examples&quot;]&#10;warning: the following keywords are unknown and will be ignored: [examples]&#10;    level: &quot;warning&quot;&#10;    schema: {&quot;loadingURI&quot;:&quot;#&quot;,&quot;pointer&quot;:&quot;/items/properties/id&quot;}&#10;    domain: &quot;syntax&quot;&#10;    ignored: [&quot;examples&quot;]&#10;warning: the following keywords are unknown and will be ignored: [examples]&#10;    level: &quot;warning&quot;&#10;    schema: {&quot;loadingURI&quot;:&quot;#&quot;,&quot;pointer&quot;:&quot;/items/properties/nome&quot;}&#10;    domain: &quot;syntax&quot;&#10;    ignored: [&quot;examples&quot;]&#10;warning: the following keywords are unknown and will be ignored: [examples]&#10;    level: &quot;warning&quot;&#10;    schema: {&quot;loadingURI&quot;:&quot;#&quot;,&quot;pointer&quot;:&quot;/items/properties/parcelas&quot;}&#10;    domain: &quot;syntax&quot;&#10;    ignored: [&quot;examples&quot;]&#10;warning: the following keywords are unknown and will be ignored: [examples]&#10;    level: &quot;warning&quot;&#10;    schema: {&quot;loadingURI&quot;:&quot;#&quot;,&quot;pointer&quot;:&quot;/items/properties/seguro&quot;}&#10;    domain: &quot;syntax&quot;&#10;    ignored: [&quot;examples&quot;]&#10;warning: the following keywords are unknown and will be ignored: [examples]&#10;    level: &quot;warning&quot;&#10;    schema: {&quot;loadingURI&quot;:&quot;#&quot;,&quot;pointer&quot;:&quot;/items/properties/valor&quot;}&#10;    domain: &quot;syntax&quot;&#10;    ignored: [&quot;examples&quot;]&#10;warning: the following keywords are unknown and will be ignored: [examples]&#10;    level: &quot;warning&quot;&#10;    schema: {&quot;loadingURI&quot;:&quot;#&quot;,&quot;pointer&quot;:&quot;/items&quot;}&#10;    domain: &quot;syntax&quot;&#10;    ignored: [&quot;examples&quot;]&#10;warning: the following keywords are unknown and will be ignored: [examples]&#10;    level: &quot;warning&quot;&#10;    schema: {&quot;loadingURI&quot;:&quot;#&quot;,&quot;pointer&quot;:&quot;/items/properties/cpf&quot;}&#10;    domain: &quot;syntax&quot;&#10;    ignored: [&quot;examples&quot;]&#10;warning: the following keywords are unknown and will be ignored: [examples]&#10;    level: &quot;warning&quot;&#10;    schema: {&quot;loadingURI&quot;:&quot;#&quot;,&quot;pointer&quot;:&quot;/items/properties/email&quot;}&#10;    domain: &quot;syntax&quot;&#10;    ignored: [&quot;examples&quot;]&#10;warning: the following keywords are unknown and will be ignored: [examples]&#10;    level: &quot;warning&quot;&#10;    schema: {&quot;loadingURI&quot;:&quot;#&quot;,&quot;pointer&quot;:&quot;/items/properties/id&quot;}&#10;    domain: &quot;syntax&quot;&#10;    ignored: [&quot;examples&quot;]&#10;warning: the following keywords are unknown and will be ignored: [examples]&#10;    level: &quot;warning&quot;&#10;    schema: {&quot;loadingURI&quot;:&quot;#&quot;,&quot;pointer&quot;:&quot;/items/properties/nome&quot;}&#10;    domain: &quot;syntax&quot;&#10;    ignored: [&quot;examples&quot;]&#10;warning: the following keywords are unknown and will be ignored: [examples]&#10;    level: &quot;warning&quot;&#10;    schema: {&quot;loadingURI&quot;:&quot;#&quot;,&quot;pointer&quot;:&quot;/items/properties/parcelas&quot;}&#10;    domain: &quot;syntax&quot;&#10;    ignored: [&quot;examples&quot;]&#10;warning: the following keywords are unknown and will be ignored: [examples]&#10;    level: &quot;warning&quot;&#10;    schema: {&quot;loadingURI&quot;:&quot;#&quot;,&quot;pointer&quot;:&quot;/items/properties/seguro&quot;}&#10;    domain: &quot;syntax&quot;&#10;    ignored: [&quot;examples&quot;]&#10;warning: the following keywords are unknown and will be ignored: [examples]&#10;    level: &quot;warning&quot;&#10;    schema: {&quot;loadingURI&quot;:&quot;#&quot;,&quot;pointer&quot;:&quot;/items/properties/valor&quot;}&#10;    domain: &quot;syntax&quot;&#10;    ignored: [&quot;examples&quot;]&#10;warning: the following keywords are unknown and will be ignored: [examples]&#10;    level: &quot;warning&quot;&#10;    schema: {&quot;loadingURI&quot;:&quot;#&quot;,&quot;pointer&quot;:&quot;/items&quot;}&#10;    domain: &quot;syntax&quot;&#10;    ignored: [&quot;examples&quot;]&#10;warning: the following keywords are unknown and will be ignored: [examples]&#10;    level: &quot;warning&quot;&#10;    schema: {&quot;loadingURI&quot;:&quot;#&quot;,&quot;pointer&quot;:&quot;/items/properties/cpf&quot;}&#10;    domain: &quot;syntax&quot;&#10;    ignored: [&quot;examples&quot;]&#10;warning: the following keywords are unknown and will be ignored: [examples]&#10;    level: &quot;warning&quot;&#10;    schema: {&quot;loadingURI&quot;:&quot;#&quot;,&quot;pointer&quot;:&quot;/items/properties/email&quot;}&#10;    domain: &quot;syntax&quot;&#10;    ignored: [&quot;examples&quot;]&#10;warning: the following keywords are unknown and will be ignored: [examples]&#10;    level: &quot;warning&quot;&#10;    schema: {&quot;loadingURI&quot;:&quot;#&quot;,&quot;pointer&quot;:&quot;/items/properties/id&quot;}&#10;    domain: &quot;syntax&quot;&#10;    ignored: [&quot;examples&quot;]&#10;warning: the following keywords are unknown and will be ignored: [examples]&#10;    level: &quot;warning&quot;&#10;    schema: {&quot;loadingURI&quot;:&quot;#&quot;,&quot;pointer&quot;:&quot;/items/properties/nome&quot;}&#10;    domain: &quot;syntax&quot;&#10;    ignored: [&quot;examples&quot;]&#10;warning: the following keywords are unknown and will be ignored: [examples]&#10;    level: &quot;warning&quot;&#10;    schema: {&quot;loadingURI&quot;:&quot;#&quot;,&quot;pointer&quot;:&quot;/items/properties/parcelas&quot;}&#10;    domain: &quot;syntax&quot;&#10;    ignored: [&quot;examples&quot;]&#10;warning: the following keywords are unknown and will be ignored: [examples]&#10;    level: &quot;warning&quot;&#10;    schema: {&quot;loadingURI&quot;:&quot;#&quot;,&quot;pointer&quot;:&quot;/items/properties/seguro&quot;}&#10;    domain: &quot;syntax&quot;&#10;    ignored: [&quot;examples&quot;]&#10;warning: the following keywords are unknown and will be ignored: [examples]&#10;    level: &quot;warning&quot;&#10;    schema: {&quot;loadingURI&quot;:&quot;#&quot;,&quot;pointer&quot;:&quot;/items/properties/valor&quot;}&#10;    domain: &quot;syntax&quot;&#10;    ignored: [&quot;examples&quot;]&#10;warning: the following keywords are unknown and will be ignored: [examples]&#10;    level: &quot;warning&quot;&#10;    schema: {&quot;loadingURI&quot;:&quot;#&quot;,&quot;pointer&quot;:&quot;/items&quot;}&#10;    domain: &quot;syntax&quot;&#10;    ignored: [&quot;examples&quot;]&#10;warning: the following keywords are unknown and will be ignored: [examples]&#10;    level: &quot;warning&quot;&#10;    schema: {&quot;loadingURI&quot;:&quot;#&quot;,&quot;pointer&quot;:&quot;/items/properties/cpf&quot;}&#10;    domain: &quot;syntax&quot;&#10;    ignored: [&quot;examples&quot;]&#10;warning: the following keywords are unknown and will be ignored: [examples]&#10;    level: &quot;warning&quot;&#10;    schema: {&quot;loadingURI&quot;:&quot;#&quot;,&quot;pointer&quot;:&quot;/items/properties/email&quot;}&#10;    domain: &quot;syntax&quot;&#10;    ignored: [&quot;examples&quot;]&#10;warning: the following keywords are unknown and will be ignored: [examples]&#10;    level: &quot;warning&quot;&#10;    schema: {&quot;loadingURI&quot;:&quot;#&quot;,&quot;pointer&quot;:&quot;/items/properties/id&quot;}&#10;    domain: &quot;syntax&quot;&#10;    ignored: [&quot;examples&quot;]&#10;warning: the following keywords are unknown and will be ignored: [examples]&#10;    level: &quot;warning&quot;&#10;    schema: {&quot;loadingURI&quot;:&quot;#&quot;,&quot;pointer&quot;:&quot;/items/properties/nome&quot;}&#10;    domain: &quot;syntax&quot;&#10;    ignored: [&quot;examples&quot;]&#10;warning: the following keywords are unknown and will be ignored: [examples]&#10;    level: &quot;warning&quot;&#10;    schema: {&quot;loadingURI&quot;:&quot;#&quot;,&quot;pointer&quot;:&quot;/items/properties/parcelas&quot;}&#10;    domain: &quot;syntax&quot;&#10;    ignored: [&quot;examples&quot;]&#10;warning: the following keywords are unknown and will be ignored: [examples]&#10;    level: &quot;warning&quot;&#10;    schema: {&quot;loadingURI&quot;:&quot;#&quot;,&quot;pointer&quot;:&quot;/items/properties/seguro&quot;}&#10;    domain: &quot;syntax&quot;&#10;    ignored: [&quot;examples&quot;]&#10;warning: the following keywords are unknown and will be ignored: [examples]&#10;    level: &quot;warning&quot;&#10;    schema: {&quot;loadingURI&quot;:&quot;#&quot;,&quot;pointer&quot;:&quot;/items/properties/valor&quot;}&#10;    domain: &quot;syntax&quot;&#10;    ignored: [&quot;examples&quot;]&#10;warning: the following keywords are unknown and will be ignored: [examples]&#10;    level: &quot;warning&quot;&#10;    schema: {&quot;loadingURI&quot;:&quot;#&quot;,&quot;pointer&quot;:&quot;/items&quot;}&#10;    domain: &quot;syntax&quot;&#10;    ignored: [&quot;examples&quot;]&#10;warning: the following keywords are unknown and will be ignored: [examples]&#10;    level: &quot;warning&quot;&#10;    schema: {&quot;loadingURI&quot;:&quot;#&quot;,&quot;pointer&quot;:&quot;/items/properties/cpf&quot;}&#10;    domain: &quot;syntax&quot;&#10;    ignored: [&quot;examples&quot;]&#10;warning: the following keywords are unknown and will be ignored: [examples]&#10;    level: &quot;warning&quot;&#10;    schema: {&quot;loadingURI&quot;:&quot;#&quot;,&quot;pointer&quot;:&quot;/items/properties/email&quot;}&#10;    domain: &quot;syntax&quot;&#10;    ignored: [&quot;examples&quot;]&#10;warning: the following keywords are unknown and will be ignored: [examples]&#10;    level: &quot;warning&quot;&#10;    schema: {&quot;loadingURI&quot;:&quot;#&quot;,&quot;pointer&quot;:&quot;/items/properties/id&quot;}&#10;    domain: &quot;syntax&quot;&#10;    ignored: [&quot;examples&quot;]&#10;warning: the following keywords are unknown and will be ignored: [examples]&#10;    level: &quot;warning&quot;&#10;    schema: {&quot;loadingURI&quot;:&quot;#&quot;,&quot;pointer&quot;:&quot;/items/properties/nome&quot;}&#10;    domain: &quot;syntax&quot;&#10;    ignored: [&quot;examples&quot;]&#10;warning: the following keywords are unknown and will be ignored: [examples]&#10;    level: &quot;warning&quot;&#10;    schema: {&quot;loadingURI&quot;:&quot;#&quot;,&quot;pointer&quot;:&quot;/items/properties/parcelas&quot;}&#10;    domain: &quot;syntax&quot;&#10;    ignored: [&quot;examples&quot;]&#10;warning: the following keywords are unknown and will be ignored: [examples]&#10;    level: &quot;warning&quot;&#10;    schema: {&quot;loadingURI&quot;:&quot;#&quot;,&quot;pointer&quot;:&quot;/items/properties/seguro&quot;}&#10;    domain: &quot;syntax&quot;&#10;    ignored: [&quot;examples&quot;]&#10;warning: the following keywords are unknown and will be ignored: [examples]&#10;    level: &quot;warning&quot;&#10;    schema: {&quot;loadingURI&quot;:&quot;#&quot;,&quot;pointer&quot;:&quot;/items/properties/valor&quot;}&#10;    domain: &quot;syntax&quot;&#10;    ignored: [&quot;examples&quot;]&#10;warning: the following keywords are unknown and will be ignored: [examples]&#10;    level: &quot;warning&quot;&#10;    schema: {&quot;loadingURI&quot;:&quot;#&quot;,&quot;pointer&quot;:&quot;/items&quot;}&#10;    domain: &quot;syntax&quot;&#10;    ignored: [&quot;examples&quot;]&#10;warning: the following keywords are unknown and will be ignored: [examples]&#10;    level: &quot;warning&quot;&#10;    schema: {&quot;loadingURI&quot;:&quot;#&quot;,&quot;pointer&quot;:&quot;/items/properties/cpf&quot;}&#10;    domain: &quot;syntax&quot;&#10;    ignored: [&quot;examples&quot;]&#10;warning: the following keywords are unknown and will be ignored: [examples]&#10;    level: &quot;warning&quot;&#10;    schema: {&quot;loadingURI&quot;:&quot;#&quot;,&quot;pointer&quot;:&quot;/items/properties/email&quot;}&#10;    domain: &quot;syntax&quot;&#10;    ignored: [&quot;examples&quot;]&#10;warning: the following keywords are unknown and will be ignored: [examples]&#10;    level: &quot;warning&quot;&#10;    schema: {&quot;loadingURI&quot;:&quot;#&quot;,&quot;pointer&quot;:&quot;/items/properties/id&quot;}&#10;    domain: &quot;syntax&quot;&#10;    ignored: [&quot;examples&quot;]&#10;warning: the following keywords are unknown and will be ignored: [examples]&#10;    level: &quot;warning&quot;&#10;    schema: {&quot;loadingURI&quot;:&quot;#&quot;,&quot;pointer&quot;:&quot;/items/properties/nome&quot;}&#10;    domain: &quot;syntax&quot;&#10;    ignored: [&quot;examples&quot;]&#10;warning: the following keywords are unknown and will be ignored: [examples]&#10;    level: &quot;warning&quot;&#10;    schema: {&quot;loadingURI&quot;:&quot;#&quot;,&quot;pointer&quot;:&quot;/items/properties/parcelas&quot;}&#10;    domain: &quot;syntax&quot;&#10;    ignored: [&quot;examples&quot;]&#10;warning: the following keywords are unknown and will be ignored: [examples]&#10;    level: &quot;warning&quot;&#10;    schema: {&quot;loadingURI&quot;:&quot;#&quot;,&quot;pointer&quot;:&quot;/items/properties/seguro&quot;}&#10;    domain: &quot;syntax&quot;&#10;    ignored: [&quot;examples&quot;]&#10;warning: the following keywords are unknown and will be ignored: [examples]&#10;    level: &quot;warning&quot;&#10;    schema: {&quot;loadingURI&quot;:&quot;#&quot;,&quot;pointer&quot;:&quot;/items/properties/valor&quot;}&#10;    domain: &quot;syntax&quot;&#10;    ignored: [&quot;examples&quot;]&#10;warning: the following keywords are unknown and will be ignored: [examples]&#10;    level: &quot;warning&quot;&#10;    schema: {&quot;loadingURI&quot;:&quot;#&quot;,&quot;pointer&quot;:&quot;/items&quot;}&#10;    domain: &quot;syntax&quot;&#10;    ignored: [&quot;examples&quot;]&#10;warning: the following keywords are unknown and will be ignored: [examples]&#10;    level: &quot;warning&quot;&#10;    schema: {&quot;loadingURI&quot;:&quot;#&quot;,&quot;pointer&quot;:&quot;/items/properties/cpf&quot;}&#10;    domain: &quot;syntax&quot;&#10;    ignored: [&quot;examples&quot;]&#10;warning: the following keywords are unknown and will be ignored: [examples]&#10;    level: &quot;warning&quot;&#10;    schema: {&quot;loadingURI&quot;:&quot;#&quot;,&quot;pointer&quot;:&quot;/items/properties/email&quot;}&#10;    domain: &quot;syntax&quot;&#10;    ignored: [&quot;examples&quot;]&#10;warning: the following keywords are unknown and will be ignored: [examples]&#10;    level: &quot;warning&quot;&#10;    schema: {&quot;loadingURI&quot;:&quot;#&quot;,&quot;pointer&quot;:&quot;/items/properties/id&quot;}&#10;    domain: &quot;syntax&quot;&#10;    ignored: [&quot;examples&quot;]&#10;warning: the following keywords are unknown and will be ignored: [examples]&#10;    level: &quot;warning&quot;&#10;    schema: {&quot;loadingURI&quot;:&quot;#&quot;,&quot;pointer&quot;:&quot;/items/properties/nome&quot;}&#10;    domain: &quot;syntax&quot;&#10;    ignored: [&quot;examples&quot;]&#10;warning: the following keywords are unknown and will be ignored: [examples]&#10;    level: &quot;warning&quot;&#10;    schema: {&quot;loadingURI&quot;:&quot;#&quot;,&quot;pointer&quot;:&quot;/items/properties/parcelas&quot;}&#10;    domain: &quot;syntax&quot;&#10;    ignored: [&quot;examples&quot;]&#10;warning: the following keywords are unknown and will be ignored: [examples]&#10;    level: &quot;warning&quot;&#10;    schema: {&quot;loadingURI&quot;:&quot;#&quot;,&quot;pointer&quot;:&quot;/items/properties/seguro&quot;}&#10;    domain: &quot;syntax&quot;&#10;    ignored: [&quot;examples&quot;]&#10;warning: the following keywords are unknown and will be ignored: [examples]&#10;    level: &quot;warning&quot;&#10;    schema: {&quot;loadingURI&quot;:&quot;#&quot;,&quot;pointer&quot;:&quot;/items/properties/valor&quot;}&#10;    domain: &quot;syntax&quot;&#10;    ignored: [&quot;examples&quot;]&#10;warning: the following keywords are unknown and will be ignored: [examples]&#10;    level: &quot;warning&quot;&#10;    schema: {&quot;loadingURI&quot;:&quot;#&quot;,&quot;pointer&quot;:&quot;/items&quot;}&#10;    domain: &quot;syntax&quot;&#10;    ignored: [&quot;examples&quot;]&#10;warning: the following keywords are unknown and will be ignored: [examples]&#10;    level: &quot;warning&quot;&#10;    schema: {&quot;loadingURI&quot;:&quot;#&quot;,&quot;pointer&quot;:&quot;/items/properties/cpf&quot;}&#10;    domain: &quot;syntax&quot;&#10;    ignored: [&quot;examples&quot;]&#10;warning: the following keywords are unknown and will be ignored: [examples]&#10;    level: &quot;warning&quot;&#10;    schema: {&quot;loadingURI&quot;:&quot;#&quot;,&quot;pointer&quot;:&quot;/items/properties/email&quot;}&#10;    domain: &quot;syntax&quot;&#10;    ignored: [&quot;examples&quot;]&#10;warning: the following keywords are unknown and will be ignored: [examples]&#10;    level: &quot;warning&quot;&#10;    schema: {&quot;loadingURI&quot;:&quot;#&quot;,&quot;pointer&quot;:&quot;/items/properties/id&quot;}&#10;    domain: &quot;syntax&quot;&#10;    ignored: [&quot;examples&quot;]&#10;warning: the following keywords are unknown and will be ignored: [examples]&#10;    level: &quot;warning&quot;&#10;    schema: {&quot;loadingURI&quot;:&quot;#&quot;,&quot;pointer&quot;:&quot;/items/properties/nome&quot;}&#10;    domain: &quot;syntax&quot;&#10;    ignored: [&quot;examples&quot;]&#10;warning: the following keywords are unknown and will be ignored: [examples]&#10;    level: &quot;warning&quot;&#10;    schema: {&quot;loadingURI&quot;:&quot;#&quot;,&quot;pointer&quot;:&quot;/items/properties/parcelas&quot;}&#10;    domain: &quot;syntax&quot;&#10;    ignored: [&quot;examples&quot;]&#10;warning: the following keywords are unknown and will be ignored: [examples]&#10;    level: &quot;warning&quot;&#10;    schema: {&quot;loadingURI&quot;:&quot;#&quot;,&quot;pointer&quot;:&quot;/items/properties/seguro&quot;}&#10;    domain: &quot;syntax&quot;&#10;    ignored: [&quot;examples&quot;]&#10;warning: the following keywords are unknown and will be ignored: [examples]&#10;    level: &quot;warning&quot;&#10;    schema: {&quot;loadingURI&quot;:&quot;#&quot;,&quot;pointer&quot;:&quot;/items/properties/valor&quot;}&#10;    domain: &quot;syntax&quot;&#10;    ignored: [&quot;examples&quot;]&#10;warning: the following keywords are unknown and will be ignored: [examples]&#10;    level: &quot;warning&quot;&#10;    schema: {&quot;loadingURI&quot;:&quot;#&quot;,&quot;pointer&quot;:&quot;/items&quot;}&#10;    domain: &quot;syntax&quot;&#10;    ignored: [&quot;examples&quot;]&#10;warning: the following keywords are unknown and will be ignored: [examples]&#10;    level: &quot;warning&quot;&#10;    schema: {&quot;loadingURI&quot;:&quot;#&quot;,&quot;pointer&quot;:&quot;/items/properties/cpf&quot;}&#10;    domain: &quot;syntax&quot;&#10;    ignored: [&quot;examples&quot;]&#10;warning: the following keywords are unknown and will be ignored: [examples]&#10;    level: &quot;warning&quot;&#10;    schema: {&quot;loadingURI&quot;:&quot;#&quot;,&quot;pointer&quot;:&quot;/items/properties/email&quot;}&#10;    domain: &quot;syntax&quot;&#10;    ignored: [&quot;examples&quot;]&#10;warning: the following keywords are unknown and will be ignored: [examples]&#10;    level: &quot;warning&quot;&#10;    schema: {&quot;loadingURI&quot;:&quot;#&quot;,&quot;pointer&quot;:&quot;/items/properties/id&quot;}&#10;    domain: &quot;syntax&quot;&#10;    ignored: [&quot;examples&quot;]&#10;warning: the following keywords are unknown and will be ignored: [examples]&#10;    level: &quot;warning&quot;&#10;    schema: {&quot;loadingURI&quot;:&quot;#&quot;,&quot;pointer&quot;:&quot;/items/properties/nome&quot;}&#10;    domain: &quot;syntax&quot;&#10;    ignored: [&quot;examples&quot;]&#10;warning: the following keywords are unknown and will be ignored: [examples]&#10;    level: &quot;warning&quot;&#10;    schema: {&quot;loadingURI&quot;:&quot;#&quot;,&quot;pointer&quot;:&quot;/items/properties/parcelas&quot;}&#10;    domain: &quot;syntax&quot;&#10;    ignored: [&quot;examples&quot;]&#10;warning: the following keywords are unknown and will be ignored: [examples]&#10;    level: &quot;warning&quot;&#10;    schema: {&quot;loadingURI&quot;:&quot;#&quot;,&quot;pointer&quot;:&quot;/items/properties/seguro&quot;}&#10;    domain: &quot;syntax&quot;&#10;    ignored: [&quot;examples&quot;]&#10;warning: the following keywords are unknown and will be ignored: [examples]&#10;    level: &quot;warning&quot;&#10;    schema: {&quot;loadingURI&quot;:&quot;#&quot;,&quot;pointer&quot;:&quot;/items/properties/valor&quot;}&#10;    domain: &quot;syntax&quot;&#10;    ignored: [&quot;examples&quot;]&#10;warning: the following keywords are unknown and will be ignored: [examples]&#10;    level: &quot;warning&quot;&#10;    schema: {&quot;loadingURI&quot;:&quot;#&quot;,&quot;pointer&quot;:&quot;/items&quot;}&#10;    domain: &quot;syntax&quot;&#10;    ignored: [&quot;examples&quot;]&#10;warning: the following keywords are unknown and will be ignored: [examples]&#10;    level: &quot;warning&quot;&#10;    schema: {&quot;loadingURI&quot;:&quot;#&quot;,&quot;pointer&quot;:&quot;/items/properties/cpf&quot;}&#10;    domain: &quot;syntax&quot;&#10;    ignored: [&quot;examples&quot;]&#10;warning: the following keywords are unknown and will be ignored: [examples]&#10;    level: &quot;warning&quot;&#10;    schema: {&quot;loadingURI&quot;:&quot;#&quot;,&quot;pointer&quot;:&quot;/items/properties/email&quot;}&#10;    domain: &quot;syntax&quot;&#10;    ignored: [&quot;examples&quot;]&#10;warning: the following keywords are unknown and will be ignored: [examples]&#10;    level: &quot;warning&quot;&#10;    schema: {&quot;loadingURI&quot;:&quot;#&quot;,&quot;pointer&quot;:&quot;/items/properties/id&quot;}&#10;    domain: &quot;syntax&quot;&#10;    ignored: [&quot;examples&quot;]&#10;warning: the following keywords are unknown and will be ignored: [examples]&#10;    level: &quot;warning&quot;&#10;    schema: {&quot;loadingURI&quot;:&quot;#&quot;,&quot;pointer&quot;:&quot;/items/properties/nome&quot;}&#10;    domain: &quot;syntax&quot;&#10;    ignored: [&quot;examples&quot;]&#10;warning: the following keywords are unknown and will be ignored: [examples]&#10;    level: &quot;warning&quot;&#10;    schema: {&quot;loadingURI&quot;:&quot;#&quot;,&quot;pointer&quot;:&quot;/items/properties/parcelas&quot;}&#10;    domain: &quot;syntax&quot;&#10;    ignored: [&quot;examples&quot;]&#10;warning: the following keywords are unknown and will be ignored: [examples]&#10;    level: &quot;warning&quot;&#10;    schema: {&quot;loadingURI&quot;:&quot;#&quot;,&quot;pointer&quot;:&quot;/items/properties/seguro&quot;}&#10;    domain: &quot;syntax&quot;&#10;    ignored: [&quot;examples&quot;]&#10;warning: the following keywords are unknown and will be ignored: [examples]&#10;    level: &quot;warning&quot;&#10;    schema: {&quot;loadingURI&quot;:&quot;#&quot;,&quot;pointer&quot;:&quot;/items/properties/valor&quot;}&#10;    domain: &quot;syntax&quot;&#10;    ignored: [&quot;examples&quot;]&#10;warning: the following keywords are unknown and will be ignored: [examples]&#10;    level: &quot;warning&quot;&#10;    schema: {&quot;loadingURI&quot;:&quot;#&quot;,&quot;pointer&quot;:&quot;/items&quot;}&#10;    domain: &quot;syntax&quot;&#10;    ignored: [&quot;examples&quot;]&#10;warning: the following keywords are unknown and will be ignored: [examples]&#10;    level: &quot;warning&quot;&#10;    schema: {&quot;loadingURI&quot;:&quot;#&quot;,&quot;pointer&quot;:&quot;/items/properties/cpf&quot;}&#10;    domain: &quot;syntax&quot;&#10;    ignored: [&quot;examples&quot;]&#10;warning: the following keywords are unknown and will be ignored: [examples]&#10;    level: &quot;warning&quot;&#10;    schema: {&quot;loadingURI&quot;:&quot;#&quot;,&quot;pointer&quot;:&quot;/items/properties/email&quot;}&#10;    domain: &quot;syntax&quot;&#10;    ignored: [&quot;examples&quot;]&#10;warning: the following keywords are unknown and will be ignored: [examples]&#10;    level: &quot;warning&quot;&#10;    schema: {&quot;loadingURI&quot;:&quot;#&quot;,&quot;pointer&quot;:&quot;/items/properties/id&quot;}&#10;    domain: &quot;syntax&quot;&#10;    ignored: [&quot;examples&quot;]&#10;warning: the following keywords are unknown and will be ignored: [examples]&#10;    level: &quot;warning&quot;&#10;    schema: {&quot;loadingURI&quot;:&quot;#&quot;,&quot;pointer&quot;:&quot;/items/properties/nome&quot;}&#10;    domain: &quot;syntax&quot;&#10;    ignored: [&quot;examples&quot;]&#10;warning: the following keywords are unknown and will be ignored: [examples]&#10;    level: &quot;warning&quot;&#10;    schema: {&quot;loadingURI&quot;:&quot;#&quot;,&quot;pointer&quot;:&quot;/items/properties/parcelas&quot;}&#10;    domain: &quot;syntax&quot;&#10;    ignored: [&quot;examples&quot;]&#10;warning: the following keywords are unknown and will be ignored: [examples]&#10;    level: &quot;warning&quot;&#10;    schema: {&quot;loadingURI&quot;:&quot;#&quot;,&quot;pointer&quot;:&quot;/items/properties/seguro&quot;}&#10;    domain: &quot;syntax&quot;&#10;    ignored: [&quot;examples&quot;]&#10;warning: the following keywords are unknown and will be ignored: [examples]&#10;    level: &quot;warning&quot;&#10;    schema: {&quot;loadingURI&quot;:&quot;#&quot;,&quot;pointer&quot;:&quot;/items/properties/valor&quot;}&#10;    domain: &quot;syntax&quot;&#10;    ignored: [&quot;examples&quot;]&#10;warning: the following keywords are unknown and will be ignored: [examples]&#10;    level: &quot;warning&quot;&#10;    schema: {&quot;loadingURI&quot;:&quot;#&quot;,&quot;pointer&quot;:&quot;/items&quot;}&#10;    domain: &quot;syntax&quot;&#10;    ignored: [&quot;examples&quot;]&#10;warning: the following keywords are unknown and will be ignored: [examples]&#10;    level: &quot;warning&quot;&#10;    schema: {&quot;loadingURI&quot;:&quot;#&quot;,&quot;pointer&quot;:&quot;/items/properties/cpf&quot;}&#10;    domain: &quot;syntax&quot;&#10;    ignored: [&quot;examples&quot;]&#10;warning: the following keywords are unknown and will be ignored: [examples]&#10;    level: &quot;warning&quot;&#10;    schema: {&quot;loadingURI&quot;:&quot;#&quot;,&quot;pointer&quot;:&quot;/items/properties/email&quot;}&#10;    domain: &quot;syntax&quot;&#10;    ignored: [&quot;examples&quot;]&#10;warning: the following keywords are unknown and will be ignored: [examples]&#10;    level: &quot;warning&quot;&#10;    schema: {&quot;loadingURI&quot;:&quot;#&quot;,&quot;pointer&quot;:&quot;/items/properties/id&quot;}&#10;    domain: &quot;syntax&quot;&#10;    ignored: [&quot;examples&quot;]&#10;warning: the following keywords are unknown and will be ignored: [examples]&#10;    level: &quot;warning&quot;&#10;    schema: {&quot;loadingURI&quot;:&quot;#&quot;,&quot;pointer&quot;:&quot;/items/properties/nome&quot;}&#10;    domain: &quot;syntax&quot;&#10;    ignored: [&quot;examples&quot;]&#10;warning: the following keywords are unknown and will be ignored: [examples]&#10;    level: &quot;warning&quot;&#10;    schema: {&quot;loadingURI&quot;:&quot;#&quot;,&quot;pointer&quot;:&quot;/items/properties/parcelas&quot;}&#10;    domain: &quot;syntax&quot;&#10;    ignored: [&quot;examples&quot;]&#10;warning: the following keywords are unknown and will be ignored: [examples]&#10;    level: &quot;warning&quot;&#10;    schema: {&quot;loadingURI&quot;:&quot;#&quot;,&quot;pointer&quot;:&quot;/items/properties/seguro&quot;}&#10;    domain: &quot;syntax&quot;&#10;    ignored: [&quot;examples&quot;]&#10;warning: the following keywords are unknown and will be ignored: [examples]&#10;    level: &quot;warning&quot;&#10;    schema: {&quot;loadingURI&quot;:&quot;#&quot;,&quot;pointer&quot;:&quot;/items/properties/valor&quot;}&#10;    domain: &quot;syntax&quot;&#10;    ignored: [&quot;examples&quot;]&#10;warning: the following keywords are unknown and will be ignored: [examples]&#10;    level: &quot;warning&quot;&#10;    schema: {&quot;loadingURI&quot;:&quot;#&quot;,&quot;pointer&quot;:&quot;/items&quot;}&#10;    domain: &quot;syntax&quot;&#10;    ignored: [&quot;examples&quot;]&#10;warning: the following keywords are unknown and will be ignored: [examples]&#10;    level: &quot;warning&quot;&#10;    schema: {&quot;loadingURI&quot;:&quot;#&quot;,&quot;pointer&quot;:&quot;/items/properties/cpf&quot;}&#10;    domain: &quot;syntax&quot;&#10;    ignored: [&quot;examples&quot;]&#10;warning: the following keywords are unknown and will be ignored: [examples]&#10;    level: &quot;warning&quot;&#10;    schema: {&quot;loadingURI&quot;:&quot;#&quot;,&quot;pointer&quot;:&quot;/items/properties/email&quot;}&#10;    domain: &quot;syntax&quot;&#10;    ignored: [&quot;examples&quot;]&#10;warning: the following keywords are unknown and will be ignored: [examples]&#10;    level: &quot;warning&quot;&#10;    schema: {&quot;loadingURI&quot;:&quot;#&quot;,&quot;pointer&quot;:&quot;/items/properties/id&quot;}&#10;    domain: &quot;syntax&quot;&#10;    ignored: [&quot;examples&quot;]&#10;warning: the following keywords are unknown and will be ignored: [examples]&#10;    level: &quot;warning&quot;&#10;    schema: {&quot;loadingURI&quot;:&quot;#&quot;,&quot;pointer&quot;:&quot;/items/properties/nome&quot;}&#10;    domain: &quot;syntax&quot;&#10;    ignored: [&quot;examples&quot;]&#10;warning: the following keywords are unknown and will be ignored: [examples]&#10;    level: &quot;warning&quot;&#10;    schema: {&quot;loadingURI&quot;:&quot;#&quot;,&quot;pointer&quot;:&quot;/items/properties/parcelas&quot;}&#10;    domain: &quot;syntax&quot;&#10;    ignored: [&quot;examples&quot;]&#10;warning: the following keywords are unknown and will be ignored: [examples]&#10;    level: &quot;warning&quot;&#10;    schema: {&quot;loadingURI&quot;:&quot;#&quot;,&quot;pointer&quot;:&quot;/items/properties/seguro&quot;}&#10;    domain: &quot;syntax&quot;&#10;    ignored: [&quot;examples&quot;]&#10;warning: the following keywords are unknown and will be ignored: [examples]&#10;    level: &quot;warning&quot;&#10;    schema: {&quot;loadingURI&quot;:&quot;#&quot;,&quot;pointer&quot;:&quot;/items/properties/valor&quot;}&#10;    domain: &quot;syntax&quot;&#10;    ignored: [&quot;examples&quot;]&#10;warning: the following keywords are unknown and will be ignored: [examples]&#10;    level: &quot;warning&quot;&#10;    schema: {&quot;loadingURI&quot;:&quot;#&quot;,&quot;pointer&quot;:&quot;/items&quot;}&#10;    domain: &quot;syntax&quot;&#10;    ignored: [&quot;examples&quot;]&#10;warning: the following keywords are unknown and will be ignored: [examples]&#10;    level: &quot;warning&quot;&#10;    schema: {&quot;loadingURI&quot;:&quot;#&quot;,&quot;pointer&quot;:&quot;/items/properties/cpf&quot;}&#10;    domain: &quot;syntax&quot;&#10;    ignored: [&quot;examples&quot;]&#10;warning: the following keywords are unknown and will be ignored: [examples]&#10;    level: &quot;warning&quot;&#10;    schema: {&quot;loadingURI&quot;:&quot;#&quot;,&quot;pointer&quot;:&quot;/items/properties/email&quot;}&#10;    domain: &quot;syntax&quot;&#10;    ignored: [&quot;examples&quot;]&#10;warning: the following keywords are unknown and will be ignored: [examples]&#10;    level: &quot;warning&quot;&#10;    schema: {&quot;loadingURI&quot;:&quot;#&quot;,&quot;pointer&quot;:&quot;/items/properties/id&quot;}&#10;    domain: &quot;syntax&quot;&#10;    ignored: [&quot;examples&quot;]&#10;warning: the following keywords are unknown and will be ignored: [examples]&#10;    level: &quot;warning&quot;&#10;    schema: {&quot;loadingURI&quot;:&quot;#&quot;,&quot;pointer&quot;:&quot;/items/properties/nome&quot;}&#10;    domain: &quot;syntax&quot;&#10;    ignored: [&quot;examples&quot;]&#10;warning: the following keywords are unknown and will be ignored: [examples]&#10;    level: &quot;warning&quot;&#10;    schema: {&quot;loadingURI&quot;:&quot;#&quot;,&quot;pointer&quot;:&quot;/items/properties/parcelas&quot;}&#10;    domain: &quot;syntax&quot;&#10;    ignored: [&quot;examples&quot;]&#10;warning: the following keywords are unknown and will be ignored: [examples]&#10;    level: &quot;warning&quot;&#10;    schema: {&quot;loadingURI&quot;:&quot;#&quot;,&quot;pointer&quot;:&quot;/items/properties/seguro&quot;}&#10;    domain: &quot;syntax&quot;&#10;    ignored: [&quot;examples&quot;]&#10;warning: the following keywords are unknown and will be ignored: [examples]&#10;    level: &quot;warning&quot;&#10;    schema: {&quot;loadingURI&quot;:&quot;#&quot;,&quot;pointer&quot;:&quot;/items/properties/valor&quot;}&#10;    domain: &quot;syntax&quot;&#10;    ignored: [&quot;examples&quot;]&#10;warning: the following keywords are unknown and will be ignored: [examples]&#10;    level: &quot;warning&quot;&#10;    schema: {&quot;loadingURI&quot;:&quot;#&quot;,&quot;pointer&quot;:&quot;/items&quot;}&#10;    domain: &quot;syntax&quot;&#10;    ignored: [&quot;examples&quot;]&#10;warning: the following keywords are unknown and will be ignored: [examples]&#10;    level: &quot;warning&quot;&#10;    schema: {&quot;loadingURI&quot;:&quot;#&quot;,&quot;pointer&quot;:&quot;/items/properties/cpf&quot;}&#10;    domain: &quot;syntax&quot;&#10;    ignored: [&quot;examples&quot;]&#10;warning: the following keywords are unknown and will be ignored: [examples]&#10;    level: &quot;warning&quot;&#10;    schema: {&quot;loadingURI&quot;:&quot;#&quot;,&quot;pointer&quot;:&quot;/items/properties/email&quot;}&#10;    domain: &quot;syntax&quot;&#10;    ignored: [&quot;examples&quot;]&#10;warning: the following keywords are unknown and will be ignored: [examples]&#10;    level: &quot;warning&quot;&#10;    schema: {&quot;loadingURI&quot;:&quot;#&quot;,&quot;pointer&quot;:&quot;/items/properties/id&quot;}&#10;    domain: &quot;syntax&quot;&#10;    ignored: [&quot;examples&quot;]&#10;warning: the following keywords are unknown and will be ignored: [examples]&#10;    level: &quot;warning&quot;&#10;    schema: {&quot;loadingURI&quot;:&quot;#&quot;,&quot;pointer&quot;:&quot;/items/properties/nome&quot;}&#10;    domain: &quot;syntax&quot;&#10;    ignored: [&quot;examples&quot;]&#10;warning: the following keywords are unknown and will be ignored: [examples]&#10;    level: &quot;warning&quot;&#10;    schema: {&quot;loadingURI&quot;:&quot;#&quot;,&quot;pointer&quot;:&quot;/items/properties/parcelas&quot;}&#10;    domain: &quot;syntax&quot;&#10;    ignored: [&quot;examples&quot;]&#10;warning: the following keywords are unknown and will be ignored: [examples]&#10;    level: &quot;warning&quot;&#10;    schema: {&quot;loadingURI&quot;:&quot;#&quot;,&quot;pointer&quot;:&quot;/items/properties/seguro&quot;}&#10;    domain: &quot;syntax&quot;&#10;    ignored: [&quot;examples&quot;]&#10;warning: the following keywords are unknown and will be ignored: [examples]&#10;    level: &quot;warning&quot;&#10;    schema: {&quot;loadingURI&quot;:&quot;#&quot;,&quot;pointer&quot;:&quot;/items/properties/valor&quot;}&#10;    domain: &quot;syntax&quot;&#10;    ignored: [&quot;examples&quot;]&#10;warning: the following keywords are unknown and will be ignored: [examples]&#10;    level: &quot;warning&quot;&#10;    schema: {&quot;loadingURI&quot;:&quot;#&quot;,&quot;pointer&quot;:&quot;/items&quot;}&#10;    domain: &quot;syntax&quot;&#10;    ignored: [&quot;examples&quot;]&#10;warning: the following keywords are unknown and will be ignored: [examples]&#10;    level: &quot;warning&quot;&#10;    schema: {&quot;loadingURI&quot;:&quot;#&quot;,&quot;pointer&quot;:&quot;/items/properties/cpf&quot;}&#10;    domain: &quot;syntax&quot;&#10;    ignored: [&quot;examples&quot;]&#10;warning: the following keywords are unknown and will be ignored: [examples]&#10;    level: &quot;warning&quot;&#10;    schema: {&quot;loadingURI&quot;:&quot;#&quot;,&quot;pointer&quot;:&quot;/items/properties/email&quot;}&#10;    domain: &quot;syntax&quot;&#10;    ignored: [&quot;examples&quot;]&#10;warning: the following keywords are unknown and will be ignored: [examples]&#10;    level: &quot;warning&quot;&#10;    schema: {&quot;loadingURI&quot;:&quot;#&quot;,&quot;pointer&quot;:&quot;/items/properties/id&quot;}&#10;    domain: &quot;syntax&quot;&#10;    ignored: [&quot;examples&quot;]&#10;warning: the following keywords are unknown and will be ignored: [examples]&#10;    level: &quot;warning&quot;&#10;    schema: {&quot;loadingURI&quot;:&quot;#&quot;,&quot;pointer&quot;:&quot;/items/properties/nome&quot;}&#10;    domain: &quot;syntax&quot;&#10;    ignored: [&quot;examples&quot;]&#10;warning: the following keywords are unknown and will be ignored: [examples]&#10;    level: &quot;warning&quot;&#10;    schema: {&quot;loadingURI&quot;:&quot;#&quot;,&quot;pointer&quot;:&quot;/items/properties/parcelas&quot;}&#10;    domain: &quot;syntax&quot;&#10;    ignored: [&quot;examples&quot;]&#10;warning: the following keywords are unknown and will be ignored: [examples]&#10;    level: &quot;warning&quot;&#10;    schema: {&quot;loadingURI&quot;:&quot;#&quot;,&quot;pointer&quot;:&quot;/items/properties/seguro&quot;}&#10;    domain: &quot;syntax&quot;&#10;    ignored: [&quot;examples&quot;]&#10;warning: the following keywords are unknown and will be ignored: [examples]&#10;    level: &quot;warning&quot;&#10;    schema: {&quot;loadingURI&quot;:&quot;#&quot;,&quot;pointer&quot;:&quot;/items/properties/valor&quot;}&#10;    domain: &quot;syntax&quot;&#10;    ignored: [&quot;examples&quot;]&#10;warning: the following keywords are unknown and will be ignored: [examples]&#10;    level: &quot;warning&quot;&#10;    schema: {&quot;loadingURI&quot;:&quot;#&quot;,&quot;pointer&quot;:&quot;/items&quot;}&#10;    domain: &quot;syntax&quot;&#10;    ignored: [&quot;examples&quot;]&#10;warning: the following keywords are unknown and will be ignored: [examples]&#10;    level: &quot;warning&quot;&#10;    schema: {&quot;loadingURI&quot;:&quot;#&quot;,&quot;pointer&quot;:&quot;/items/properties/cpf&quot;}&#10;    domain: &quot;syntax&quot;&#10;    ignored: [&quot;examples&quot;]&#10;warning: the following keywords are unknown and will be ignored: [examples]&#10;    level: &quot;warning&quot;&#10;    schema: {&quot;loadingURI&quot;:&quot;#&quot;,&quot;pointer&quot;:&quot;/items/properties/email&quot;}&#10;    domain: &quot;syntax&quot;&#10;    ignored: [&quot;examples&quot;]&#10;warning: the following keywords are unknown and will be ignored: [examples]&#10;    level: &quot;warning&quot;&#10;    schema: {&quot;loadingURI&quot;:&quot;#&quot;,&quot;pointer&quot;:&quot;/items/properties/id&quot;}&#10;    domain: &quot;syntax&quot;&#10;    ignored: [&quot;examples&quot;]&#10;warning: the following keywords are unknown and will be ignored: [examples]&#10;    level: &quot;warning&quot;&#10;    schema: {&quot;loadingURI&quot;:&quot;#&quot;,&quot;pointer&quot;:&quot;/items/properties/nome&quot;}&#10;    domain: &quot;syntax&quot;&#10;    ignored: [&quot;examples&quot;]&#10;warning: the following keywords are unknown and will be ignored: [examples]&#10;    level: &quot;warning&quot;&#10;    schema: {&quot;loadingURI&quot;:&quot;#&quot;,&quot;pointer&quot;:&quot;/items/properties/parcelas&quot;}&#10;    domain: &quot;syntax&quot;&#10;    ignored: [&quot;examples&quot;]&#10;warning: the following keywords are unknown and will be ignored: [examples]&#10;    level: &quot;warning&quot;&#10;    schema: {&quot;loadingURI&quot;:&quot;#&quot;,&quot;pointer&quot;:&quot;/items/properties/seguro&quot;}&#10;    domain: &quot;syntax&quot;&#10;    ignored: [&quot;examples&quot;]&#10;warning: the following keywords are unknown and will be ignored: [examples]&#10;    level: &quot;warning&quot;&#10;    schema: {&quot;loadingURI&quot;:&quot;#&quot;,&quot;pointer&quot;:&quot;/items/properties/valor&quot;}&#10;    domain: &quot;syntax&quot;&#10;    ignored: [&quot;examples&quot;]&#10;warning: the following keywords are unknown and will be ignored: [examples]&#10;    level: &quot;warning&quot;&#10;    schema: {&quot;loadingURI&quot;:&quot;#&quot;,&quot;pointer&quot;:&quot;/items&quot;}&#10;    domain: &quot;syntax&quot;&#10;    ignored: [&quot;examples&quot;]&#10;warning: the following keywords are unknown and will be ignored: [examples]&#10;    level: &quot;warning&quot;&#10;    schema: {&quot;loadingURI&quot;:&quot;#&quot;,&quot;pointer&quot;:&quot;/items/properties/cpf&quot;}&#10;    domain: &quot;syntax&quot;&#10;    ignored: [&quot;examples&quot;]&#10;warning: the following keywords are unknown and will be ignored: [examples]&#10;    level: &quot;warning&quot;&#10;    schema: {&quot;loadingURI&quot;:&quot;#&quot;,&quot;pointer&quot;:&quot;/items/properties/email&quot;}&#10;    domain: &quot;syntax&quot;&#10;    ignored: [&quot;examples&quot;]&#10;warning: the following keywords are unknown and will be ignored: [examples]&#10;    level: &quot;warning&quot;&#10;    schema: {&quot;loadingURI&quot;:&quot;#&quot;,&quot;pointer&quot;:&quot;/items/properties/id&quot;}&#10;    domain: &quot;syntax&quot;&#10;    ignored: [&quot;examples&quot;]&#10;warning: the following keywords are unknown and will be ignored: [examples]&#10;    level: &quot;warning&quot;&#10;    schema: {&quot;loadingURI&quot;:&quot;#&quot;,&quot;pointer&quot;:&quot;/items/properties/nome&quot;}&#10;    domain: &quot;syntax&quot;&#10;    ignored: [&quot;examples&quot;]&#10;warning: the following keywords are unknown and will be ignored: [examples]&#10;    level: &quot;warning&quot;&#10;    schema: {&quot;loadingURI&quot;:&quot;#&quot;,&quot;pointer&quot;:&quot;/items/properties/parcelas&quot;}&#10;    domain: &quot;syntax&quot;&#10;    ignored: [&quot;examples&quot;]&#10;warning: the following keywords are unknown and will be ignored: [examples]&#10;    level: &quot;warning&quot;&#10;    schema: {&quot;loadingURI&quot;:&quot;#&quot;,&quot;pointer&quot;:&quot;/items/properties/seguro&quot;}&#10;    domain: &quot;syntax&quot;&#10;    ignored: [&quot;examples&quot;]&#10;warning: the following keywords are unknown and will be ignored: [examples]&#10;    level: &quot;warning&quot;&#10;    schema: {&quot;loadingURI&quot;:&quot;#&quot;,&quot;pointer&quot;:&quot;/items/properties/valor&quot;}&#10;    domain: &quot;syntax&quot;&#10;    ignored: [&quot;examples&quot;]&#10;warning: the following keywords are unknown and will be ignored: [examples]&#10;    level: &quot;warning&quot;&#10;    schema: {&quot;loadingURI&quot;:&quot;#&quot;,&quot;pointer&quot;:&quot;/items&quot;}&#10;    domain: &quot;syntax&quot;&#10;    ignored: [&quot;examples&quot;]&#10;warning: the following keywords are unknown and will be ignored: [examples]&#10;    level: &quot;warning&quot;&#10;    schema: {&quot;loadingURI&quot;:&quot;#&quot;,&quot;pointer&quot;:&quot;/items/properties/cpf&quot;}&#10;    domain: &quot;syntax&quot;&#10;    ignored: [&quot;examples&quot;]&#10;warning: the following keywords are unknown and will be ignored: [examples]&#10;    level: &quot;warning&quot;&#10;    schema: {&quot;loadingURI&quot;:&quot;#&quot;,&quot;pointer&quot;:&quot;/items/properties/email&quot;}&#10;    domain: &quot;syntax&quot;&#10;    ignored: [&quot;examples&quot;]&#10;warning: the following keywords are unknown and will be ignored: [examples]&#10;    level: &quot;warning&quot;&#10;    schema: {&quot;loadingURI&quot;:&quot;#&quot;,&quot;pointer&quot;:&quot;/items/properties/id&quot;}&#10;    domain: &quot;syntax&quot;&#10;    ignored: [&quot;examples&quot;]&#10;warning: the following keywords are unknown and will be ignored: [examples]&#10;    level: &quot;warning&quot;&#10;    schema: {&quot;loadingURI&quot;:&quot;#&quot;,&quot;pointer&quot;:&quot;/items/properties/nome&quot;}&#10;    domain: &quot;syntax&quot;&#10;    ignored: [&quot;examples&quot;]&#10;warning: the following keywords are unknown and will be ignored: [examples]&#10;    level: &quot;warning&quot;&#10;    schema: {&quot;loadingURI&quot;:&quot;#&quot;,&quot;pointer&quot;:&quot;/items/properties/parcelas&quot;}&#10;    domain: &quot;syntax&quot;&#10;    ignored: [&quot;examples&quot;]&#10;warning: the following keywords are unknown and will be ignored: [examples]&#10;    level: &quot;warning&quot;&#10;    schema: {&quot;loadingURI&quot;:&quot;#&quot;,&quot;pointer&quot;:&quot;/items/properties/seguro&quot;}&#10;    domain: &quot;syntax&quot;&#10;    ignored: [&quot;examples&quot;]&#10;warning: the following keywords are unknown and will be ignored: [examples]&#10;    level: &quot;warning&quot;&#10;    schema: {&quot;loadingURI&quot;:&quot;#&quot;,&quot;pointer&quot;:&quot;/items/properties/valor&quot;}&#10;    domain: &quot;syntax&quot;&#10;    ignored: [&quot;examples&quot;]&#10;warning: the following keywords are unknown and will be ignored: [examples]&#10;    level: &quot;warning&quot;&#10;    schema: {&quot;loadingURI&quot;:&quot;#&quot;,&quot;pointer&quot;:&quot;/items&quot;}&#10;    domain: &quot;syntax&quot;&#10;    ignored: [&quot;examples&quot;]&#10;warning: the following keywords are unknown and will be ignored: [examples]&#10;    level: &quot;warning&quot;&#10;    schema: {&quot;loadingURI&quot;:&quot;#&quot;,&quot;pointer&quot;:&quot;/items/properties/cpf&quot;}&#10;    domain: &quot;syntax&quot;&#10;    ignored: [&quot;examples&quot;]&#10;warning: the following keywords are unknown and will be ignored: [examples]&#10;    level: &quot;warning&quot;&#10;    schema: {&quot;loadingURI&quot;:&quot;#&quot;,&quot;pointer&quot;:&quot;/items/properties/email&quot;}&#10;    domain: &quot;syntax&quot;&#10;    ignored: [&quot;examples&quot;]&#10;warning: the following keywords are unknown and will be ignored: [examples]&#10;    level: &quot;warning&quot;&#10;    schema: {&quot;loadingURI&quot;:&quot;#&quot;,&quot;pointer&quot;:&quot;/items/properties/id&quot;}&#10;    domain: &quot;syntax&quot;&#10;    ignored: [&quot;examples&quot;]&#10;warning: the following keywords are unknown and will be ignored: [examples]&#10;    level: &quot;warning&quot;&#10;    schema: {&quot;loadingURI&quot;:&quot;#&quot;,&quot;pointer&quot;:&quot;/items/properties/nome&quot;}&#10;    domain: &quot;syntax&quot;&#10;    ignored: [&quot;examples&quot;]&#10;warning: the following keywords are unknown and will be ignored: [examples]&#10;    level: &quot;warning&quot;&#10;    schema: {&quot;loadingURI&quot;:&quot;#&quot;,&quot;pointer&quot;:&quot;/items/properties/parcelas&quot;}&#10;    domain: &quot;syntax&quot;&#10;    ignored: [&quot;examples&quot;]&#10;warning: the following keywords are unknown and will be ignored: [examples]&#10;    level: &quot;warning&quot;&#10;    schema: {&quot;loadingURI&quot;:&quot;#&quot;,&quot;pointer&quot;:&quot;/items/properties/seguro&quot;}&#10;    domain: &quot;syntax&quot;&#10;    ignored: [&quot;examples&quot;]&#10;warning: the following keywords are unknown and will be ignored: [examples]&#10;    level: &quot;warning&quot;&#10;    schema: {&quot;loadingURI&quot;:&quot;#&quot;,&quot;pointer&quot;:&quot;/items/properties/valor&quot;}&#10;    domain: &quot;syntax&quot;&#10;    ignored: [&quot;examples&quot;]&#10;warning: the following keywords are unknown and will be ignored: [examples]&#10;    level: &quot;warning&quot;&#10;    schema: {&quot;loadingURI&quot;:&quot;#&quot;,&quot;pointer&quot;:&quot;/items&quot;}&#10;    domain: &quot;syntax&quot;&#10;    ignored: [&quot;examples&quot;]&#10;warning: the following keywords are unknown and will be ignored: [examples]&#10;    level: &quot;warning&quot;&#10;    schema: {&quot;loadingURI&quot;:&quot;#&quot;,&quot;pointer&quot;:&quot;/items/properties/cpf&quot;}&#10;    domain: &quot;syntax&quot;&#10;    ignored: [&quot;examples&quot;]&#10;warning: the following keywords are unknown and will be ignored: [examples]&#10;    level: &quot;warning&quot;&#10;    schema: {&quot;loadingURI&quot;:&quot;#&quot;,&quot;pointer&quot;:&quot;/items/properties/email&quot;}&#10;    domain: &quot;syntax&quot;&#10;    ignored: [&quot;examples&quot;]&#10;warning: the following keywords are unknown and will be ignored: [examples]&#10;    level: &quot;warning&quot;&#10;    schema: {&quot;loadingURI&quot;:&quot;#&quot;,&quot;pointer&quot;:&quot;/items/properties/id&quot;}&#10;    domain: &quot;syntax&quot;&#10;    ignored: [&quot;examples&quot;]&#10;warning: the following keywords are unknown and will be ignored: [examples]&#10;    level: &quot;warning&quot;&#10;    schema: {&quot;loadingURI&quot;:&quot;#&quot;,&quot;pointer&quot;:&quot;/items/properties/nome&quot;}&#10;    domain: &quot;syntax&quot;&#10;    ignored: [&quot;examples&quot;]&#10;warning: the following keywords are unknown and will be ignored: [examples]&#10;    level: &quot;warning&quot;&#10;    schema: {&quot;loadingURI&quot;:&quot;#&quot;,&quot;pointer&quot;:&quot;/items/properties/parcelas&quot;}&#10;    domain: &quot;syntax&quot;&#10;    ignored: [&quot;examples&quot;]&#10;warning: the following keywords are unknown and will be ignored: [examples]&#10;    level: &quot;warning&quot;&#10;    schema: {&quot;loadingURI&quot;:&quot;#&quot;,&quot;pointer&quot;:&quot;/items/properties/seguro&quot;}&#10;    domain: &quot;syntax&quot;&#10;    ignored: [&quot;examples&quot;]&#10;warning: the following keywords are unknown and will be ignored: [examples]&#10;    level: &quot;warning&quot;&#10;    schema: {&quot;loadingURI&quot;:&quot;#&quot;,&quot;pointer&quot;:&quot;/items/properties/valor&quot;}&#10;    domain: &quot;syntax&quot;&#10;    ignored: [&quot;examples&quot;]&#10;warning: the following keywords are unknown and will be ignored: [examples]&#10;    level: &quot;warning&quot;&#10;    schema: {&quot;loadingURI&quot;:&quot;#&quot;,&quot;pointer&quot;:&quot;/items&quot;}&#10;    domain: &quot;syntax&quot;&#10;    ignored: [&quot;examples&quot;]&#10;warning: the following keywords are unknown and will be ignored: [examples]&#10;    level: &quot;warning&quot;&#10;    schema: {&quot;loadingURI&quot;:&quot;#&quot;,&quot;pointer&quot;:&quot;/items/properties/cpf&quot;}&#10;    domain: &quot;syntax&quot;&#10;    ignored: [&quot;examples&quot;]&#10;warning: the following keywords are unknown and will be ignored: [examples]&#10;    level: &quot;warning&quot;&#10;    schema: {&quot;loadingURI&quot;:&quot;#&quot;,&quot;pointer&quot;:&quot;/items/properties/email&quot;}&#10;    domain: &quot;syntax&quot;&#10;    ignored: [&quot;examples&quot;]&#10;warning: the following keywords are unknown and will be ignored: [examples]&#10;    level: &quot;warning&quot;&#10;    schema: {&quot;loadingURI&quot;:&quot;#&quot;,&quot;pointer&quot;:&quot;/items/properties/id&quot;}&#10;    domain: &quot;syntax&quot;&#10;    ignored: [&quot;examples&quot;]&#10;warning: the following keywords are unknown and will be ignored: [examples]&#10;    level: &quot;warning&quot;&#10;    schema: {&quot;loadingURI&quot;:&quot;#&quot;,&quot;pointer&quot;:&quot;/items/properties/nome&quot;}&#10;    domain: &quot;syntax&quot;&#10;    ignored: [&quot;examples&quot;]&#10;warning: the following keywords are unknown and will be ignored: [examples]&#10;    level: &quot;warning&quot;&#10;    schema: {&quot;loadingURI&quot;:&quot;#&quot;,&quot;pointer&quot;:&quot;/items/properties/parcelas&quot;}&#10;    domain: &quot;syntax&quot;&#10;    ignored: [&quot;examples&quot;]&#10;warning: the following keywords are unknown and will be ignored: [examples]&#10;    level: &quot;warning&quot;&#10;    schema: {&quot;loadingURI&quot;:&quot;#&quot;,&quot;pointer&quot;:&quot;/items/properties/seguro&quot;}&#10;    domain: &quot;syntax&quot;&#10;    ignored: [&quot;examples&quot;]&#10;warning: the following keywords are unknown and will be ignored: [examples]&#10;    level: &quot;warning&quot;&#10;    schema: {&quot;loadingURI&quot;:&quot;#&quot;,&quot;pointer&quot;:&quot;/items/properties/valor&quot;}&#10;    domain: &quot;syntax&quot;&#10;    ignored: [&quot;examples&quot;]&#10;warning: the following keywords are unknown and will be ignored: [examples]&#10;    level: &quot;warning&quot;&#10;    schema: {&quot;loadingURI&quot;:&quot;#&quot;,&quot;pointer&quot;:&quot;/items&quot;}&#10;    domain: &quot;syntax&quot;&#10;    ignored: [&quot;examples&quot;]&#10;warning: the following keywords are unknown and will be ignored: [examples]&#10;    level: &quot;warning&quot;&#10;    schema: {&quot;loadingURI&quot;:&quot;#&quot;,&quot;pointer&quot;:&quot;/items/properties/cpf&quot;}&#10;    domain: &quot;syntax&quot;&#10;    ignored: [&quot;examples&quot;]&#10;warning: the following keywords are unknown and will be ignored: [examples]&#10;    level: &quot;warning&quot;&#10;    schema: {&quot;loadingURI&quot;:&quot;#&quot;,&quot;pointer&quot;:&quot;/items/properties/email&quot;}&#10;    domain: &quot;syntax&quot;&#10;    ignored: [&quot;examples&quot;]&#10;warning: the following keywords are unknown and will be ignored: [examples]&#10;    level: &quot;warning&quot;&#10;    schema: {&quot;loadingURI&quot;:&quot;#&quot;,&quot;pointer&quot;:&quot;/items/properties/id&quot;}&#10;    domain: &quot;syntax&quot;&#10;    ignored: [&quot;examples&quot;]&#10;warning: the following keywords are unknown and will be ignored: [examples]&#10;    level: &quot;warning&quot;&#10;    schema: {&quot;loadingURI&quot;:&quot;#&quot;,&quot;pointer&quot;:&quot;/items/properties/nome&quot;}&#10;    domain: &quot;syntax&quot;&#10;    ignored: [&quot;examples&quot;]&#10;warning: the following keywords are unknown and will be ignored: [examples]&#10;    level: &quot;warning&quot;&#10;    schema: {&quot;loadingURI&quot;:&quot;#&quot;,&quot;pointer&quot;:&quot;/items/properties/parcelas&quot;}&#10;    domain: &quot;syntax&quot;&#10;    ignored: [&quot;examples&quot;]&#10;warning: the following keywords are unknown and will be ignored: [examples]&#10;    level: &quot;warning&quot;&#10;    schema: {&quot;loadingURI&quot;:&quot;#&quot;,&quot;pointer&quot;:&quot;/items/properties/seguro&quot;}&#10;    domain: &quot;syntax&quot;&#10;    ignored: [&quot;examples&quot;]&#10;warning: the following keywords are unknown and will be ignored: [examples]&#10;    level: &quot;warning&quot;&#10;    schema: {&quot;loadingURI&quot;:&quot;#&quot;,&quot;pointer&quot;:&quot;/items/properties/valor&quot;}&#10;    domain: &quot;syntax&quot;&#10;    ignored: [&quot;examples&quot;]&#10;warning: the following keywords are unknown and will be ignored: [examples]&#10;    level: &quot;warning&quot;&#10;    schema: {&quot;loadingURI&quot;:&quot;#&quot;,&quot;pointer&quot;:&quot;/items&quot;}&#10;    domain: &quot;syntax&quot;&#10;    ignored: [&quot;examples&quot;]&#10;warning: the following keywords are unknown and will be ignored: [examples]&#10;    level: &quot;warning&quot;&#10;    schema: {&quot;loadingURI&quot;:&quot;#&quot;,&quot;pointer&quot;:&quot;/items/properties/cpf&quot;}&#10;    domain: &quot;syntax&quot;&#10;    ignored: [&quot;examples&quot;]&#10;warning: the following keywords are unknown and will be ignored: [examples]&#10;    level: &quot;warning&quot;&#10;    schema: {&quot;loadingURI&quot;:&quot;#&quot;,&quot;pointer&quot;:&quot;/items/properties/email&quot;}&#10;    domain: &quot;syntax&quot;&#10;    ignored: [&quot;examples&quot;]&#10;warning: the following keywords are unknown and will be ignored: [examples]&#10;    level: &quot;warning&quot;&#10;    schema: {&quot;loadingURI&quot;:&quot;#&quot;,&quot;pointer&quot;:&quot;/items/properties/id&quot;}&#10;    domain: &quot;syntax&quot;&#10;    ignored: [&quot;examples&quot;]&#10;warning: the following keywords are unknown and will be ignored: [examples]&#10;    level: &quot;warning&quot;&#10;    schema: {&quot;loadingURI&quot;:&quot;#&quot;,&quot;pointer&quot;:&quot;/items/properties/nome&quot;}&#10;    domain: &quot;syntax&quot;&#10;    ignored: [&quot;examples&quot;]&#10;warning: the following keywords are unknown and will be ignored: [examples]&#10;    level: &quot;warning&quot;&#10;    schema: {&quot;loadingURI&quot;:&quot;#&quot;,&quot;pointer&quot;:&quot;/items/properties/parcelas&quot;}&#10;    domain: &quot;syntax&quot;&#10;    ignored: [&quot;examples&quot;]&#10;warning: the following keywords are unknown and will be ignored: [examples]&#10;    level: &quot;warning&quot;&#10;    schema: {&quot;loadingURI&quot;:&quot;#&quot;,&quot;pointer&quot;:&quot;/items/properties/seguro&quot;}&#10;    domain: &quot;syntax&quot;&#10;    ignored: [&quot;examples&quot;]&#10;warning: the following keywords are unknown and will be ignored: [examples]&#10;    level: &quot;warning&quot;&#10;    schema: {&quot;loadingURI&quot;:&quot;#&quot;,&quot;pointer&quot;:&quot;/items/properties/valor&quot;}&#10;    domain: &quot;syntax&quot;&#10;    ignored: [&quot;examples&quot;]&#10;warning: the following keywords are unknown and will be ignored: [examples]&#10;    level: &quot;warning&quot;&#10;    schema: {&quot;loadingURI&quot;:&quot;#&quot;,&quot;pointer&quot;:&quot;/items&quot;}&#10;    domain: &quot;syntax&quot;&#10;    ignored: [&quot;examples&quot;]&#10;warning: the following keywords are unknown and will be ignored: [examples]&#10;    level: &quot;warning&quot;&#10;    schema: {&quot;loadingURI&quot;:&quot;#&quot;,&quot;pointer&quot;:&quot;/items/properties/cpf&quot;}&#10;    domain: &quot;syntax&quot;&#10;    ignored: [&quot;examples&quot;]&#10;warning: the following keywords are unknown and will be ignored: [examples]&#10;    level: &quot;warning&quot;&#10;    schema: {&quot;loadingURI&quot;:&quot;#&quot;,&quot;pointer&quot;:&quot;/items/properties/email&quot;}&#10;    domain: &quot;syntax&quot;&#10;    ignored: [&quot;examples&quot;]&#10;warning: the following keywords are unknown and will be ignored: [examples]&#10;    level: &quot;warning&quot;&#10;    schema: {&quot;loadingURI&quot;:&quot;#&quot;,&quot;pointer&quot;:&quot;/items/properties/id&quot;}&#10;    domain: &quot;syntax&quot;&#10;    ignored: [&quot;examples&quot;]&#10;warning: the following keywords are unknown and will be ignored: [examples]&#10;    level: &quot;warning&quot;&#10;    schema: {&quot;loadingURI&quot;:&quot;#&quot;,&quot;pointer&quot;:&quot;/items/properties/nome&quot;}&#10;    domain: &quot;syntax&quot;&#10;    ignored: [&quot;examples&quot;]&#10;warning: the following keywords are unknown and will be ignored: [examples]&#10;    level: &quot;warning&quot;&#10;    schema: {&quot;loadingURI&quot;:&quot;#&quot;,&quot;pointer&quot;:&quot;/items/properties/parcelas&quot;}&#10;    domain: &quot;syntax&quot;&#10;    ignored: [&quot;examples&quot;]&#10;warning: the following keywords are unknown and will be ignored: [examples]&#10;    level: &quot;warning&quot;&#10;    schema: {&quot;loadingURI&quot;:&quot;#&quot;,&quot;pointer&quot;:&quot;/items/properties/seguro&quot;}&#10;    domain: &quot;syntax&quot;&#10;    ignored: [&quot;examples&quot;]&#10;warning: the following keywords are unknown and will be ignored: [examples]&#10;    level: &quot;warning&quot;&#10;    schema: {&quot;loadingURI&quot;:&quot;#&quot;,&quot;pointer&quot;:&quot;/items/properties/valor&quot;}&#10;    domain: &quot;syntax&quot;&#10;    ignored: [&quot;examples&quot;]&#10;warning: the following keywords are unknown and will be ignored: [examples]&#10;    level: &quot;warning&quot;&#10;    schema: {&quot;loadingURI&quot;:&quot;#&quot;,&quot;pointer&quot;:&quot;/items&quot;}&#10;    domain: &quot;syntax&quot;&#10;    ignored: [&quot;examples&quot;]&#10;warning: the following keywords are unknown and will be ignored: [examples]&#10;    level: &quot;warning&quot;&#10;    schema: {&quot;loadingURI&quot;:&quot;#&quot;,&quot;pointer&quot;:&quot;/items/properties/cpf&quot;}&#10;    domain: &quot;syntax&quot;&#10;    ignored: [&quot;examples&quot;]&#10;warning: the following keywords are unknown and will be ignored: [examples]&#10;    level: &quot;warning&quot;&#10;    schema: {&quot;loadingURI&quot;:&quot;#&quot;,&quot;pointer&quot;:&quot;/items/properties/email&quot;}&#10;    domain: &quot;syntax&quot;&#10;    ignored: [&quot;examples&quot;]&#10;warning: the following keywords are unknown and will be ignored: [examples]&#10;    level: &quot;warning&quot;&#10;    schema: {&quot;loadingURI&quot;:&quot;#&quot;,&quot;pointer&quot;:&quot;/items/properties/id&quot;}&#10;    domain: &quot;syntax&quot;&#10;    ignored: [&quot;examples&quot;]&#10;warning: the following keywords are unknown and will be ignored: [examples]&#10;    level: &quot;warning&quot;&#10;    schema: {&quot;loadingURI&quot;:&quot;#&quot;,&quot;pointer&quot;:&quot;/items/properties/nome&quot;}&#10;    domain: &quot;syntax&quot;&#10;    ignored: [&quot;examples&quot;]&#10;warning: the following keywords are unknown and will be ignored: [examples]&#10;    level: &quot;warning&quot;&#10;    schema: {&quot;loadingURI&quot;:&quot;#&quot;,&quot;pointer&quot;:&quot;/items/properties/parcelas&quot;}&#10;    domain: &quot;syntax&quot;&#10;    ignored: [&quot;examples&quot;]&#10;warning: the following keywords are unknown and will be ignored: [examples]&#10;    level: &quot;warning&quot;&#10;    schema: {&quot;loadingURI&quot;:&quot;#&quot;,&quot;pointer&quot;:&quot;/items/properties/seguro&quot;}&#10;    domain: &quot;syntax&quot;&#10;    ignored: [&quot;examples&quot;]&#10;warning: the following keywords are unknown and will be ignored: [examples]&#10;    level: &quot;warning&quot;&#10;    schema: {&quot;loadingURI&quot;:&quot;#&quot;,&quot;pointer&quot;:&quot;/items/properties/valor&quot;}&#10;    domain: &quot;syntax&quot;&#10;    ignored: [&quot;examples&quot;]&#10;warning: the following keywords are unknown and will be ignored: [examples]&#10;    level: &quot;warning&quot;&#10;    schema: {&quot;loadingURI&quot;:&quot;#&quot;,&quot;pointer&quot;:&quot;/items&quot;}&#10;    domain: &quot;syntax&quot;&#10;    ignored: [&quot;examples&quot;]&#10;warning: the following keywords are unknown and will be ignored: [examples]&#10;    level: &quot;warning&quot;&#10;    schema: {&quot;loadingURI&quot;:&quot;#&quot;,&quot;pointer&quot;:&quot;/items/properties/cpf&quot;}&#10;    domain: &quot;syntax&quot;&#10;    ignored: [&quot;examples&quot;]&#10;warning: the following keywords are unknown and will be ignored: [examples]&#10;    level: &quot;warning&quot;&#10;    schema: {&quot;loadingURI&quot;:&quot;#&quot;,&quot;pointer&quot;:&quot;/items/properties/email&quot;}&#10;    domain: &quot;syntax&quot;&#10;    ignored: [&quot;examples&quot;]&#10;warning: the following keywords are unknown and will be ignored: [examples]&#10;    level: &quot;warning&quot;&#10;    schema: {&quot;loadingURI&quot;:&quot;#&quot;,&quot;pointer&quot;:&quot;/items/properties/id&quot;}&#10;    domain: &quot;syntax&quot;&#10;    ignored: [&quot;examples&quot;]&#10;warning: the following keywords are unknown and will be ignored: [examples]&#10;    level: &quot;warning&quot;&#10;    schema: {&quot;loadingURI&quot;:&quot;#&quot;,&quot;pointer&quot;:&quot;/items/properties/nome&quot;}&#10;    domain: &quot;syntax&quot;&#10;    ignored: [&quot;examples&quot;]&#10;warning: the following keywords are unknown and will be ignored: [examples]&#10;    level: &quot;warning&quot;&#10;    schema: {&quot;loadingURI&quot;:&quot;#&quot;,&quot;pointer&quot;:&quot;/items/properties/parcelas&quot;}&#10;    domain: &quot;syntax&quot;&#10;    ignored: [&quot;examples&quot;]&#10;warning: the following keywords are unknown and will be ignored: [examples]&#10;    level: &quot;warning&quot;&#10;    schema: {&quot;loadingURI&quot;:&quot;#&quot;,&quot;pointer&quot;:&quot;/items/properties/seguro&quot;}&#10;    domain: &quot;syntax&quot;&#10;    ignored: [&quot;examples&quot;]&#10;warning: the following keywords are unknown and will be ignored: [examples]&#10;    level: &quot;warning&quot;&#10;    schema: {&quot;loadingURI&quot;:&quot;#&quot;,&quot;pointer&quot;:&quot;/items/properties/valor&quot;}&#10;    domain: &quot;syntax&quot;&#10;    ignored: [&quot;examples&quot;]&#10;warning: the following keywords are unknown and will be ignored: [examples]&#10;    level: &quot;warning&quot;&#10;    schema: {&quot;loadingURI&quot;:&quot;#&quot;,&quot;pointer&quot;:&quot;/items&quot;}&#10;    domain: &quot;syntax&quot;&#10;    ignored: [&quot;examples&quot;]&#10;warning: the following keywords are unknown and will be ignored: [examples]&#10;    level: &quot;warning&quot;&#10;    schema: {&quot;loadingURI&quot;:&quot;#&quot;,&quot;pointer&quot;:&quot;/items/properties/cpf&quot;}&#10;    domain: &quot;syntax&quot;&#10;    ignored: [&quot;examples&quot;]&#10;warning: the following keywords are unknown and will be ignored: [examples]&#10;    level: &quot;warning&quot;&#10;    schema: {&quot;loadingURI&quot;:&quot;#&quot;,&quot;pointer&quot;:&quot;/items/properties/email&quot;}&#10;    domain: &quot;syntax&quot;&#10;    ignored: [&quot;examples&quot;]&#10;warning: the following keywords are unknown and will be ignored: [examples]&#10;    level: &quot;warning&quot;&#10;    schema: {&quot;loadingURI&quot;:&quot;#&quot;,&quot;pointer&quot;:&quot;/items/properties/id&quot;}&#10;    domain: &quot;syntax&quot;&#10;    ignored: [&quot;examples&quot;]&#10;warning: the following keywords are unknown and will be ignored: [examples]&#10;    level: &quot;warning&quot;&#10;    schema: {&quot;loadingURI&quot;:&quot;#&quot;,&quot;pointer&quot;:&quot;/items/properties/nome&quot;}&#10;    domain: &quot;syntax&quot;&#10;    ignored: [&quot;examples&quot;]&#10;warning: the following keywords are unknown and will be ignored: [examples]&#10;    level: &quot;warning&quot;&#10;    schema: {&quot;loadingURI&quot;:&quot;#&quot;,&quot;pointer&quot;:&quot;/items/properties/parcelas&quot;}&#10;    domain: &quot;syntax&quot;&#10;    ignored: [&quot;examples&quot;]&#10;warning: the following keywords are unknown and will be ignored: [examples]&#10;    level: &quot;warning&quot;&#10;    schema: {&quot;loadingURI&quot;:&quot;#&quot;,&quot;pointer&quot;:&quot;/items/properties/seguro&quot;}&#10;    domain: &quot;syntax&quot;&#10;    ignored: [&quot;examples&quot;]&#10;warning: the following keywords are unknown and will be ignored: [examples]&#10;    level: &quot;warning&quot;&#10;    schema: {&quot;loadingURI&quot;:&quot;#&quot;,&quot;pointer&quot;:&quot;/items/properties/valor&quot;}&#10;    domain: &quot;syntax&quot;&#10;    ignored: [&quot;examples&quot;]&#10;warning: the following keywords are unknown and will be ignored: [examples]&#10;    level: &quot;warning&quot;&#10;    schema: {&quot;loadingURI&quot;:&quot;#&quot;,&quot;pointer&quot;:&quot;/items&quot;}&#10;    domain: &quot;syntax&quot;&#10;    ignored: [&quot;examples&quot;]&#10;warning: the following keywords are unknown and will be ignored: [examples]&#10;    level: &quot;warning&quot;&#10;    schema: {&quot;loadingURI&quot;:&quot;#&quot;,&quot;pointer&quot;:&quot;/items/properties/cpf&quot;}&#10;    domain: &quot;syntax&quot;&#10;    ignored: [&quot;examples&quot;]&#10;warning: the following keywords are unknown and will be ignored: [examples]&#10;    level: &quot;warning&quot;&#10;    schema: {&quot;loadingURI&quot;:&quot;#&quot;,&quot;pointer&quot;:&quot;/items/properties/email&quot;}&#10;    domain: &quot;syntax&quot;&#10;    ignored: [&quot;examples&quot;]&#10;warning: the following keywords are unknown and will be ignored: [examples]&#10;    level: &quot;warning&quot;&#10;    schema: {&quot;loadingURI&quot;:&quot;#&quot;,&quot;pointer&quot;:&quot;/items/properties/id&quot;}&#10;    domain: &quot;syntax&quot;&#10;    ignored: [&quot;examples&quot;]&#10;warning: the following keywords are unknown and will be ignored: [examples]&#10;    level: &quot;warning&quot;&#10;    schema: {&quot;loadingURI&quot;:&quot;#&quot;,&quot;pointer&quot;:&quot;/items/properties/nome&quot;}&#10;    domain: &quot;syntax&quot;&#10;    ignored: [&quot;examples&quot;]&#10;warning: the following keywords are unknown and will be ignored: [examples]&#10;    level: &quot;warning&quot;&#10;    schema: {&quot;loadingURI&quot;:&quot;#&quot;,&quot;pointer&quot;:&quot;/items/properties/parcelas&quot;}&#10;    domain: &quot;syntax&quot;&#10;    ignored: [&quot;examples&quot;]&#10;warning: the following keywords are unknown and will be ignored: [examples]&#10;    level: &quot;warning&quot;&#10;    schema: {&quot;loadingURI&quot;:&quot;#&quot;,&quot;pointer&quot;:&quot;/items/properties/seguro&quot;}&#10;    domain: &quot;syntax&quot;&#10;    ignored: [&quot;examples&quot;]&#10;warning: the following keywords are unknown and will be ignored: [examples]&#10;    level: &quot;warning&quot;&#10;    schema: {&quot;loadingURI&quot;:&quot;#&quot;,&quot;pointer&quot;:&quot;/items/properties/valor&quot;}&#10;    domain: &quot;syntax&quot;&#10;    ignored: [&quot;examples&quot;]&#10;warning: the following keywords are unknown and will be ignored: [examples]&#10;    level: &quot;warning&quot;&#10;    schema: {&quot;loadingURI&quot;:&quot;#&quot;,&quot;pointer&quot;:&quot;/items&quot;}&#10;    domain: &quot;syntax&quot;&#10;    ignored: [&quot;examples&quot;]&#10;warning: the following keywords are unknown and will be ignored: [examples]&#10;    level: &quot;warning&quot;&#10;    schema: {&quot;loadingURI&quot;:&quot;#&quot;,&quot;pointer&quot;:&quot;/items/properties/cpf&quot;}&#10;    domain: &quot;syntax&quot;&#10;    ignored: [&quot;examples&quot;]&#10;warning: the following keywords are unknown and will be ignored: [examples]&#10;    level: &quot;warning&quot;&#10;    schema: {&quot;loadingURI&quot;:&quot;#&quot;,&quot;pointer&quot;:&quot;/items/properties/email&quot;}&#10;    domain: &quot;syntax&quot;&#10;    ignored: [&quot;examples&quot;]&#10;warning: the following keywords are unknown and will be ignored: [examples]&#10;    level: &quot;warning&quot;&#10;    schema: {&quot;loadingURI&quot;:&quot;#&quot;,&quot;pointer&quot;:&quot;/items/properties/id&quot;}&#10;    domain: &quot;syntax&quot;&#10;    ignored: [&quot;examples&quot;]&#10;warning: the following keywords are unknown and will be ignored: [examples]&#10;    level: &quot;warning&quot;&#10;    schema: {&quot;loadingURI&quot;:&quot;#&quot;,&quot;pointer&quot;:&quot;/items/properties/nome&quot;}&#10;    domain: &quot;syntax&quot;&#10;    ignored: [&quot;examples&quot;]&#10;warning: the following keywords are unknown and will be ignored: [examples]&#10;    level: &quot;warning&quot;&#10;    schema: {&quot;loadingURI&quot;:&quot;#&quot;,&quot;pointer&quot;:&quot;/items/properties/parcelas&quot;}&#10;    domain: &quot;syntax&quot;&#10;    ignored: [&quot;examples&quot;]&#10;warning: the following keywords are unknown and will be ignored: [examples]&#10;    level: &quot;warning&quot;&#10;    schema: {&quot;loadingURI&quot;:&quot;#&quot;,&quot;pointer&quot;:&quot;/items/properties/seguro&quot;}&#10;    domain: &quot;syntax&quot;&#10;    ignored: [&quot;examples&quot;]&#10;warning: the following keywords are unknown and will be ignored: [examples]&#10;    level: &quot;warning&quot;&#10;    schema: {&quot;loadingURI&quot;:&quot;#&quot;,&quot;pointer&quot;:&quot;/items/properties/valor&quot;}&#10;    domain: &quot;syntax&quot;&#10;    ignored: [&quot;examples&quot;]&#10;warning: the following keywords are unknown and will be ignored: [examples]&#10;    level: &quot;warning&quot;&#10;    schema: {&quot;loadingURI&quot;:&quot;#&quot;,&quot;pointer&quot;:&quot;/items&quot;}&#10;    domain: &quot;syntax&quot;&#10;    ignored: [&quot;examples&quot;]&#10;warning: the following keywords are unknown and will be ignored: [examples]&#10;    level: &quot;warning&quot;&#10;    schema: {&quot;loadingURI&quot;:&quot;#&quot;,&quot;pointer&quot;:&quot;/items/properties/cpf&quot;}&#10;    domain: &quot;syntax&quot;&#10;    ignored: [&quot;examples&quot;]&#10;warning: the following keywords are unknown and will be ignored: [examples]&#10;    level: &quot;warning&quot;&#10;    schema: {&quot;loadingURI&quot;:&quot;#&quot;,&quot;pointer&quot;:&quot;/items/properties/email&quot;}&#10;    domain: &quot;syntax&quot;&#10;    ignored: [&quot;examples&quot;]&#10;warning: the following keywords are unknown and will be ignored: [examples]&#10;    level: &quot;warning&quot;&#10;    schema: {&quot;loadingURI&quot;:&quot;#&quot;,&quot;pointer&quot;:&quot;/items/properties/id&quot;}&#10;    domain: &quot;syntax&quot;&#10;    ignored: [&quot;examples&quot;]&#10;warning: the following keywords are unknown and will be ignored: [examples]&#10;    level: &quot;warning&quot;&#10;    schema: {&quot;loadingURI&quot;:&quot;#&quot;,&quot;pointer&quot;:&quot;/items/properties/nome&quot;}&#10;    domain: &quot;syntax&quot;&#10;    ignored: [&quot;examples&quot;]&#10;warning: the following keywords are unknown and will be ignored: [examples]&#10;    level: &quot;warning&quot;&#10;    schema: {&quot;loadingURI&quot;:&quot;#&quot;,&quot;pointer&quot;:&quot;/items/properties/parcelas&quot;}&#10;    domain: &quot;syntax&quot;&#10;    ignored: [&quot;examples&quot;]&#10;warning: the following keywords are unknown and will be ignored: [examples]&#10;    level: &quot;warning&quot;&#10;    schema: {&quot;loadingURI&quot;:&quot;#&quot;,&quot;pointer&quot;:&quot;/items/properties/seguro&quot;}&#10;    domain: &quot;syntax&quot;&#10;    ignored: [&quot;examples&quot;]&#10;warning: the following keywords are unknown and will be ignored: [examples]&#10;    level: &quot;warning&quot;&#10;    schema: {&quot;loadingURI&quot;:&quot;#&quot;,&quot;pointer&quot;:&quot;/items/properties/valor&quot;}&#10;    domain: &quot;syntax&quot;&#10;    ignored: [&quot;examples&quot;]&#10;warning: the following keywords are unknown and will be ignored: [examples]&#10;    level: &quot;warning&quot;&#10;    schema: {&quot;loadingURI&quot;:&quot;#&quot;,&quot;pointer&quot;:&quot;/items&quot;}&#10;    domain: &quot;syntax&quot;&#10;    ignored: [&quot;examples&quot;]&#10;warning: the following keywords are unknown and will be ignored: [examples]&#10;    level: &quot;warning&quot;&#10;    schema: {&quot;loadingURI&quot;:&quot;#&quot;,&quot;pointer&quot;:&quot;/items/properties/cpf&quot;}&#10;    domain: &quot;syntax&quot;&#10;    ignored: [&quot;examples&quot;]&#10;warning: the following keywords are unknown and will be ignored: [examples]&#10;    level: &quot;warning&quot;&#10;    schema: {&quot;loadingURI&quot;:&quot;#&quot;,&quot;pointer&quot;:&quot;/items/properties/email&quot;}&#10;    domain: &quot;syntax&quot;&#10;    ignored: [&quot;examples&quot;]&#10;warning: the following keywords are unknown and will be ignored: [examples]&#10;    level: &quot;warning&quot;&#10;    schema: {&quot;loadingURI&quot;:&quot;#&quot;,&quot;pointer&quot;:&quot;/items/properties/id&quot;}&#10;    domain: &quot;syntax&quot;&#10;    ignored: [&quot;examples&quot;]&#10;warning: the following keywords are unknown and will be ignored: [examples]&#10;    level: &quot;warning&quot;&#10;    schema: {&quot;loadingURI&quot;:&quot;#&quot;,&quot;pointer&quot;:&quot;/items/properties/nome&quot;}&#10;    domain: &quot;syntax&quot;&#10;    ignored: [&quot;examples&quot;]&#10;warning: the following keywords are unknown and will be ignored: [examples]&#10;    level: &quot;warning&quot;&#10;    schema: {&quot;loadingURI&quot;:&quot;#&quot;,&quot;pointer&quot;:&quot;/items/properties/parcelas&quot;}&#10;    domain: &quot;syntax&quot;&#10;    ignored: [&quot;examples&quot;]&#10;warning: the following keywords are unknown and will be ignored: [examples]&#10;    level: &quot;warning&quot;&#10;    schema: {&quot;loadingURI&quot;:&quot;#&quot;,&quot;pointer&quot;:&quot;/items/properties/seguro&quot;}&#10;    domain: &quot;syntax&quot;&#10;    ignored: [&quot;examples&quot;]&#10;warning: the following keywords are unknown and will be ignored: [examples]&#10;    level: &quot;warning&quot;&#10;    schema: {&quot;loadingURI&quot;:&quot;#&quot;,&quot;pointer&quot;:&quot;/items/properties/valor&quot;}&#10;    domain: &quot;syntax&quot;&#10;    ignored: [&quot;examples&quot;]&#10;warning: the following keywords are unknown and will be ignored: [examples]&#10;    level: &quot;warning&quot;&#10;    schema: {&quot;loadingURI&quot;:&quot;#&quot;,&quot;pointer&quot;:&quot;/items&quot;}&#10;    domain: &quot;syntax&quot;&#10;    ignored: [&quot;examples&quot;]&#10;warning: the following keywords are unknown and will be ignored: [examples]&#10;    level: &quot;warning&quot;&#10;    schema: {&quot;loadingURI&quot;:&quot;#&quot;,&quot;pointer&quot;:&quot;/items/properties/cpf&quot;}&#10;    domain: &quot;syntax&quot;&#10;    ignored: [&quot;examples&quot;]&#10;warning: the following keywords are unknown and will be ignored: [examples]&#10;    level: &quot;warning&quot;&#10;    schema: {&quot;loadingURI&quot;:&quot;#&quot;,&quot;pointer&quot;:&quot;/items/properties/email&quot;}&#10;    domain: &quot;syntax&quot;&#10;    ignored: [&quot;examples&quot;]&#10;warning: the following keywords are unknown and will be ignored: [examples]&#10;    level: &quot;warning&quot;&#10;    schema: {&quot;loadingURI&quot;:&quot;#&quot;,&quot;pointer&quot;:&quot;/items/properties/id&quot;}&#10;    domain: &quot;syntax&quot;&#10;    ignored: [&quot;examples&quot;]&#10;warning: the following keywords are unknown and will be ignored: [examples]&#10;    level: &quot;warning&quot;&#10;    schema: {&quot;loadingURI&quot;:&quot;#&quot;,&quot;pointer&quot;:&quot;/items/properties/nome&quot;}&#10;    domain: &quot;syntax&quot;&#10;    ignored: [&quot;examples&quot;]&#10;warning: the following keywords are unknown and will be ignored: [examples]&#10;    level: &quot;warning&quot;&#10;    schema: {&quot;loadingURI&quot;:&quot;#&quot;,&quot;pointer&quot;:&quot;/items/properties/parcelas&quot;}&#10;    domain: &quot;syntax&quot;&#10;    ignored: [&quot;examples&quot;]&#10;warning: the following keywords are unknown and will be ignored: [examples]&#10;    level: &quot;warning&quot;&#10;    schema: {&quot;loadingURI&quot;:&quot;#&quot;,&quot;pointer&quot;:&quot;/items/properties/seguro&quot;}&#10;    domain: &quot;syntax&quot;&#10;    ignored: [&quot;examples&quot;]&#10;warning: the following keywords are unknown and will be ignored: [examples]&#10;    level: &quot;warning&quot;&#10;    schema: {&quot;loadingURI&quot;:&quot;#&quot;,&quot;pointer&quot;:&quot;/items/properties/valor&quot;}&#10;    domain: &quot;syntax&quot;&#10;    ignored: [&quot;examples&quot;]&#10;warning: the following keywords are unknown and will be ignored: [examples]&#10;    level: &quot;warning&quot;&#10;    schema: {&quot;loadingURI&quot;:&quot;#&quot;,&quot;pointer&quot;:&quot;/items&quot;}&#10;    domain: &quot;syntax&quot;&#10;    ignored: [&quot;examples&quot;]&#10;warning: the following keywords are unknown and will be ignored: [examples]&#10;    level: &quot;warning&quot;&#10;    schema: {&quot;loadingURI&quot;:&quot;#&quot;,&quot;pointer&quot;:&quot;/items/properties/cpf&quot;}&#10;    domain: &quot;syntax&quot;&#10;    ignored: [&quot;examples&quot;]&#10;warning: the following keywords are unknown and will be ignored: [examples]&#10;    level: &quot;warning&quot;&#10;    schema: {&quot;loadingURI&quot;:&quot;#&quot;,&quot;pointer&quot;:&quot;/items/properties/email&quot;}&#10;    domain: &quot;syntax&quot;&#10;    ignored: [&quot;examples&quot;]&#10;warning: the following keywords are unknown and will be ignored: [examples]&#10;    level: &quot;warning&quot;&#10;    schema: {&quot;loadingURI&quot;:&quot;#&quot;,&quot;pointer&quot;:&quot;/items/properties/id&quot;}&#10;    domain: &quot;syntax&quot;&#10;    ignored: [&quot;examples&quot;]&#10;warning: the following keywords are unknown and will be ignored: [examples]&#10;    level: &quot;warning&quot;&#10;    schema: {&quot;loadingURI&quot;:&quot;#&quot;,&quot;pointer&quot;:&quot;/items/properties/nome&quot;}&#10;    domain: &quot;syntax&quot;&#10;    ignored: [&quot;examples&quot;]&#10;warning: the following keywords are unknown and will be ignored: [examples]&#10;    level: &quot;warning&quot;&#10;    schema: {&quot;loadingURI&quot;:&quot;#&quot;,&quot;pointer&quot;:&quot;/items/properties/parcelas&quot;}&#10;    domain: &quot;syntax&quot;&#10;    ignored: [&quot;examples&quot;]&#10;warning: the following keywords are unknown and will be ignored: [examples]&#10;    level: &quot;warning&quot;&#10;    schema: {&quot;loadingURI&quot;:&quot;#&quot;,&quot;pointer&quot;:&quot;/items/properties/seguro&quot;}&#10;    domain: &quot;syntax&quot;&#10;    ignored: [&quot;examples&quot;]&#10;warning: the following keywords are unknown and will be ignored: [examples]&#10;    level: &quot;warning&quot;&#10;    schema: {&quot;loadingURI&quot;:&quot;#&quot;,&quot;pointer&quot;:&quot;/items/properties/valor&quot;}&#10;    domain: &quot;syntax&quot;&#10;    ignored: [&quot;examples&quot;]&#10;warning: the following keywords are unknown and will be ignored: [examples]&#10;    level: &quot;warning&quot;&#10;    schema: {&quot;loadingURI&quot;:&quot;#&quot;,&quot;pointer&quot;:&quot;/items&quot;}&#10;    domain: &quot;syntax&quot;&#10;    ignored: [&quot;examples&quot;]&#10;warning: the following keywords are unknown and will be ignored: [examples]&#10;    level: &quot;warning&quot;&#10;    schema: {&quot;loadingURI&quot;:&quot;#&quot;,&quot;pointer&quot;:&quot;/items/properties/cpf&quot;}&#10;    domain: &quot;syntax&quot;&#10;    ignored: [&quot;examples&quot;]&#10;warning: the following keywords are unknown and will be ignored: [examples]&#10;    level: &quot;warning&quot;&#10;    schema: {&quot;loadingURI&quot;:&quot;#&quot;,&quot;pointer&quot;:&quot;/items/properties/email&quot;}&#10;    domain: &quot;syntax&quot;&#10;    ignored: [&quot;examples&quot;]&#10;warning: the following keywords are unknown and will be ignored: [examples]&#10;    level: &quot;warning&quot;&#10;    schema: {&quot;loadingURI&quot;:&quot;#&quot;,&quot;pointer&quot;:&quot;/items/properties/id&quot;}&#10;    domain: &quot;syntax&quot;&#10;    ignored: [&quot;examples&quot;]&#10;warning: the following keywords are unknown and will be ignored: [examples]&#10;    level: &quot;warning&quot;&#10;    schema: {&quot;loadingURI&quot;:&quot;#&quot;,&quot;pointer&quot;:&quot;/items/properties/nome&quot;}&#10;    domain: &quot;syntax&quot;&#10;    ignored: [&quot;examples&quot;]&#10;warning: the following keywords are unknown and will be ignored: [examples]&#10;    level: &quot;warning&quot;&#10;    schema: {&quot;loadingURI&quot;:&quot;#&quot;,&quot;pointer&quot;:&quot;/items/properties/parcelas&quot;}&#10;    domain: &quot;syntax&quot;&#10;    ignored: [&quot;examples&quot;]&#10;warning: the following keywords are unknown and will be ignored: [examples]&#10;    level: &quot;warning&quot;&#10;    schema: {&quot;loadingURI&quot;:&quot;#&quot;,&quot;pointer&quot;:&quot;/items/properties/seguro&quot;}&#10;    domain: &quot;syntax&quot;&#10;    ignored: [&quot;examples&quot;]&#10;warning: the following keywords are unknown and will be ignored: [examples]&#10;    level: &quot;warning&quot;&#10;    schema: {&quot;loadingURI&quot;:&quot;#&quot;,&quot;pointer&quot;:&quot;/items/properties/valor&quot;}&#10;    domain: &quot;syntax&quot;&#10;    ignored: [&quot;examples&quot;]&#10;warning: the following keywords are unknown and will be ignored: [examples]&#10;    level: &quot;warning&quot;&#10;    schema: {&quot;loadingURI&quot;:&quot;#&quot;,&quot;pointer&quot;:&quot;/items&quot;}&#10;    domain: &quot;syntax&quot;&#10;    ignored: [&quot;examples&quot;]&#10;warning: the following keywords are unknown and will be ignored: [examples]&#10;    level: &quot;warning&quot;&#10;    schema: {&quot;loadingURI&quot;:&quot;#&quot;,&quot;pointer&quot;:&quot;/items/properties/cpf&quot;}&#10;    domain: &quot;syntax&quot;&#10;    ignored: [&quot;examples&quot;]&#10;warning: the following keywords are unknown and will be ignored: [examples]&#10;    level: &quot;warning&quot;&#10;    schema: {&quot;loadingURI&quot;:&quot;#&quot;,&quot;pointer&quot;:&quot;/items/properties/email&quot;}&#10;    domain: &quot;syntax&quot;&#10;    ignored: [&quot;examples&quot;]&#10;warning: the following keywords are unknown and will be ignored: [examples]&#10;    level: &quot;warning&quot;&#10;    schema: {&quot;loadingURI&quot;:&quot;#&quot;,&quot;pointer&quot;:&quot;/items/properties/id&quot;}&#10;    domain: &quot;syntax&quot;&#10;    ignored: [&quot;examples&quot;]&#10;warning: the following keywords are unknown and will be ignored: [examples]&#10;    level: &quot;warning&quot;&#10;    schema: {&quot;loadingURI&quot;:&quot;#&quot;,&quot;pointer&quot;:&quot;/items/properties/nome&quot;}&#10;    domain: &quot;syntax&quot;&#10;    ignored: [&quot;examples&quot;]&#10;warning: the following keywords are unknown and will be ignored: [examples]&#10;    level: &quot;warning&quot;&#10;    schema: {&quot;loadingURI&quot;:&quot;#&quot;,&quot;pointer&quot;:&quot;/items/properties/parcelas&quot;}&#10;    domain: &quot;syntax&quot;&#10;    ignored: [&quot;examples&quot;]&#10;warning: the following keywords are unknown and will be ignored: [examples]&#10;    level: &quot;warning&quot;&#10;    schema: {&quot;loadingURI&quot;:&quot;#&quot;,&quot;pointer&quot;:&quot;/items/properties/seguro&quot;}&#10;    domain: &quot;syntax&quot;&#10;    ignored: [&quot;examples&quot;]&#10;warning: the following keywords are unknown and will be ignored: [examples]&#10;    level: &quot;warning&quot;&#10;    schema: {&quot;loadingURI&quot;:&quot;#&quot;,&quot;pointer&quot;:&quot;/items/properties/valor&quot;}&#10;    domain: &quot;syntax&quot;&#10;    ignored: [&quot;examples&quot;]&#10;warning: the following keywords are unknown and will be ignored: [examples]&#10;    level: &quot;warning&quot;&#10;    schema: {&quot;loadingURI&quot;:&quot;#&quot;,&quot;pointer&quot;:&quot;/items&quot;}&#10;    domain: &quot;syntax&quot;&#10;    ignored: [&quot;examples&quot;]&#10;warning: the following keywords are unknown and will be ignored: [examples]&#10;    level: &quot;warning&quot;&#10;    schema: {&quot;loadingURI&quot;:&quot;#&quot;,&quot;pointer&quot;:&quot;/items/properties/cpf&quot;}&#10;    domain: &quot;syntax&quot;&#10;    ignored: [&quot;examples&quot;]&#10;warning: the following keywords are unknown and will be ignored: [examples]&#10;    level: &quot;warning&quot;&#10;    schema: {&quot;loadingURI&quot;:&quot;#&quot;,&quot;pointer&quot;:&quot;/items/properties/email&quot;}&#10;    domain: &quot;syntax&quot;&#10;    ignored: [&quot;examples&quot;]&#10;warning: the following keywords are unknown and will be ignored: [examples]&#10;    level: &quot;warning&quot;&#10;    schema: {&quot;loadingURI&quot;:&quot;#&quot;,&quot;pointer&quot;:&quot;/items/properties/id&quot;}&#10;    domain: &quot;syntax&quot;&#10;    ignored: [&quot;examples&quot;]&#10;warning: the following keywords are unknown and will be ignored: [examples]&#10;    level: &quot;warning&quot;&#10;    schema: {&quot;loadingURI&quot;:&quot;#&quot;,&quot;pointer&quot;:&quot;/items/properties/nome&quot;}&#10;    domain: &quot;syntax&quot;&#10;    ignored: [&quot;examples&quot;]&#10;warning: the following keywords are unknown and will be ignored: [examples]&#10;    level: &quot;warning&quot;&#10;    schema: {&quot;loadingURI&quot;:&quot;#&quot;,&quot;pointer&quot;:&quot;/items/properties/parcelas&quot;}&#10;    domain: &quot;syntax&quot;&#10;    ignored: [&quot;examples&quot;]&#10;warning: the following keywords are unknown and will be ignored: [examples]&#10;    level: &quot;warning&quot;&#10;    schema: {&quot;loadingURI&quot;:&quot;#&quot;,&quot;pointer&quot;:&quot;/items/properties/seguro&quot;}&#10;    domain: &quot;syntax&quot;&#10;    ignored: [&quot;examples&quot;]&#10;warning: the following keywords are unknown and will be ignored: [examples]&#10;    level: &quot;warning&quot;&#10;    schema: {&quot;loadingURI&quot;:&quot;#&quot;,&quot;pointer&quot;:&quot;/items/properties/valor&quot;}&#10;    domain: &quot;syntax&quot;&#10;    ignored: [&quot;examples&quot;]&#10;warning: the following keywords are unknown and will be ignored: [examples]&#10;    level: &quot;warning&quot;&#10;    schema: {&quot;loadingURI&quot;:&quot;#&quot;,&quot;pointer&quot;:&quot;/items&quot;}&#10;    domain: &quot;syntax&quot;&#10;    ignored: [&quot;examples&quot;]&#10;warning: the following keywords are unknown and will be ignored: [examples]&#10;    level: &quot;warning&quot;&#10;    schema: {&quot;loadingURI&quot;:&quot;#&quot;,&quot;pointer&quot;:&quot;/items/properties/cpf&quot;}&#10;    domain: &quot;syntax&quot;&#10;    ignored: [&quot;examples&quot;]&#10;warning: the following keywords are unknown and will be ignored: [examples]&#10;    level: &quot;warning&quot;&#10;    schema: {&quot;loadingURI&quot;:&quot;#&quot;,&quot;pointer&quot;:&quot;/items/properties/email&quot;}&#10;    domain: &quot;syntax&quot;&#10;    ignored: [&quot;examples&quot;]&#10;warning: the following keywords are unknown and will be ignored: [examples]&#10;    level: &quot;warning&quot;&#10;    schema: {&quot;loadingURI&quot;:&quot;#&quot;,&quot;pointer&quot;:&quot;/items/properties/id&quot;}&#10;    domain: &quot;syntax&quot;&#10;    ignored: [&quot;examples&quot;]&#10;warning: the following keywords are unknown and will be ignored: [examples]&#10;    level: &quot;warning&quot;&#10;    schema: {&quot;loadingURI&quot;:&quot;#&quot;,&quot;pointer&quot;:&quot;/items/properties/nome&quot;}&#10;    domain: &quot;syntax&quot;&#10;    ignored: [&quot;examples&quot;]&#10;warning: the following keywords are unknown and will be ignored: [examples]&#10;    level: &quot;warning&quot;&#10;    schema: {&quot;loadingURI&quot;:&quot;#&quot;,&quot;pointer&quot;:&quot;/items/properties/parcelas&quot;}&#10;    domain: &quot;syntax&quot;&#10;    ignored: [&quot;examples&quot;]&#10;warning: the following keywords are unknown and will be ignored: [examples]&#10;    level: &quot;warning&quot;&#10;    schema: {&quot;loadingURI&quot;:&quot;#&quot;,&quot;pointer&quot;:&quot;/items/properties/seguro&quot;}&#10;    domain: &quot;syntax&quot;&#10;    ignored: [&quot;examples&quot;]&#10;warning: the following keywords are unknown and will be ignored: [examples]&#10;    level: &quot;warning&quot;&#10;    schema: {&quot;loadingURI&quot;:&quot;#&quot;,&quot;pointer&quot;:&quot;/items/properties/valor&quot;}&#10;    domain: &quot;syntax&quot;&#10;    ignored: [&quot;examples&quot;]&#10;warning: the following keywords are unknown and will be ignored: [examples]&#10;    level: &quot;warning&quot;&#10;    schema: {&quot;loadingURI&quot;:&quot;#&quot;,&quot;pointer&quot;:&quot;/items&quot;}&#10;    domain: &quot;syntax&quot;&#10;    ignored: [&quot;examples&quot;]&#10;warning: the following keywords are unknown and will be ignored: [examples]&#10;    level: &quot;warning&quot;&#10;    schema: {&quot;loadingURI&quot;:&quot;#&quot;,&quot;pointer&quot;:&quot;/items/properties/cpf&quot;}&#10;    domain: &quot;syntax&quot;&#10;    ignored: [&quot;examples&quot;]&#10;warning: the following keywords are unknown and will be ignored: [examples]&#10;    level: &quot;warning&quot;&#10;    schema: {&quot;loadingURI&quot;:&quot;#&quot;,&quot;pointer&quot;:&quot;/items/properties/email&quot;}&#10;    domain: &quot;syntax&quot;&#10;    ignored: [&quot;examples&quot;]&#10;warning: the following keywords are unknown and will be ignored: [examples]&#10;    level: &quot;warning&quot;&#10;    schema: {&quot;loadingURI&quot;:&quot;#&quot;,&quot;pointer&quot;:&quot;/items/properties/id&quot;}&#10;    domain: &quot;syntax&quot;&#10;    ignored: [&quot;examples&quot;]&#10;warning: the following keywords are unknown and will be ignored: [examples]&#10;    level: &quot;warning&quot;&#10;    schema: {&quot;loadingURI&quot;:&quot;#&quot;,&quot;pointer&quot;:&quot;/items/properties/nome&quot;}&#10;    domain: &quot;syntax&quot;&#10;    ignored: [&quot;examples&quot;]&#10;warning: the following keywords are unknown and will be ignored: [examples]&#10;    level: &quot;warning&quot;&#10;    schema: {&quot;loadingURI&quot;:&quot;#&quot;,&quot;pointer&quot;:&quot;/items/properties/parcelas&quot;}&#10;    domain: &quot;syntax&quot;&#10;    ignored: [&quot;examples&quot;]&#10;warning: the following keywords are unknown and will be ignored: [examples]&#10;    level: &quot;warning&quot;&#10;    schema: {&quot;loadingURI&quot;:&quot;#&quot;,&quot;pointer&quot;:&quot;/items/properties/seguro&quot;}&#10;    domain: &quot;syntax&quot;&#10;    ignored: [&quot;examples&quot;]&#10;warning: the following keywords are unknown and will be ignored: [examples]&#10;    level: &quot;warning&quot;&#10;    schema: {&quot;loadingURI&quot;:&quot;#&quot;,&quot;pointer&quot;:&quot;/items/properties/valor&quot;}&#10;    domain: &quot;syntax&quot;&#10;    ignored: [&quot;examples&quot;]&#10;warning: the following keywords are unknown and will be ignored: [examples]&#10;    level: &quot;warning&quot;&#10;    schema: {&quot;loadingURI&quot;:&quot;#&quot;,&quot;pointer&quot;:&quot;/items&quot;}&#10;    domain: &quot;syntax&quot;&#10;    ignored: [&quot;examples&quot;]&#10;warning: the following keywords are unknown and will be ignored: [examples]&#10;    level: &quot;warning&quot;&#10;    schema: {&quot;loadingURI&quot;:&quot;#&quot;,&quot;pointer&quot;:&quot;/items/properties/cpf&quot;}&#10;    domain: &quot;syntax&quot;&#10;    ignored: [&quot;examples&quot;]&#10;warning: the following keywords are unknown and will be ignored: [examples]&#10;    level: &quot;warning&quot;&#10;    schema: {&quot;loadingURI&quot;:&quot;#&quot;,&quot;pointer&quot;:&quot;/items/properties/email&quot;}&#10;    domain: &quot;syntax&quot;&#10;    ignored: [&quot;examples&quot;]&#10;warning: the following keywords are unknown and will be ignored: [examples]&#10;    level: &quot;warning&quot;&#10;    schema: {&quot;loadingURI&quot;:&quot;#&quot;,&quot;pointer&quot;:&quot;/items/properties/id&quot;}&#10;    domain: &quot;syntax&quot;&#10;    ignored: [&quot;examples&quot;]&#10;warning: the following keywords are unknown and will be ignored: [examples]&#10;    level: &quot;warning&quot;&#10;    schema: {&quot;loadingURI&quot;:&quot;#&quot;,&quot;pointer&quot;:&quot;/items/properties/nome&quot;}&#10;    domain: &quot;syntax&quot;&#10;    ignored: [&quot;examples&quot;]&#10;warning: the following keywords are unknown and will be ignored: [examples]&#10;    level: &quot;warning&quot;&#10;    schema: {&quot;loadingURI&quot;:&quot;#&quot;,&quot;pointer&quot;:&quot;/items/properties/parcelas&quot;}&#10;    domain: &quot;syntax&quot;&#10;    ignored: [&quot;examples&quot;]&#10;warning: the following keywords are unknown and will be ignored: [examples]&#10;    level: &quot;warning&quot;&#10;    schema: {&quot;loadingURI&quot;:&quot;#&quot;,&quot;pointer&quot;:&quot;/items/properties/seguro&quot;}&#10;    domain: &quot;syntax&quot;&#10;    ignored: [&quot;examples&quot;]&#10;warning: the following keywords are unknown and will be ignored: [examples]&#10;    level: &quot;warning&quot;&#10;    schema: {&quot;loadingURI&quot;:&quot;#&quot;,&quot;pointer&quot;:&quot;/items/properties/valor&quot;}&#10;    domain: &quot;syntax&quot;&#10;    ignored: [&quot;examples&quot;]&#10;warning: the following keywords are unknown and will be ignored: [examples]&#10;    level: &quot;warning&quot;&#10;    schema: {&quot;loadingURI&quot;:&quot;#&quot;,&quot;pointer&quot;:&quot;/items&quot;}&#10;    domain: &quot;syntax&quot;&#10;    ignored: [&quot;examples&quot;]&#10;warning: the following keywords are unknown and will be ignored: [examples]&#10;    level: &quot;warning&quot;&#10;    schema: {&quot;loadingURI&quot;:&quot;#&quot;,&quot;pointer&quot;:&quot;/items/properties/cpf&quot;}&#10;    domain: &quot;syntax&quot;&#10;    ignored: [&quot;examples&quot;]&#10;warning: the following keywords are unknown and will be ignored: [examples]&#10;    level: &quot;warning&quot;&#10;    schema: {&quot;loadingURI&quot;:&quot;#&quot;,&quot;pointer&quot;:&quot;/items/properties/email&quot;}&#10;    domain: &quot;syntax&quot;&#10;    ignored: [&quot;examples&quot;]&#10;warning: the following keywords are unknown and will be ignored: [examples]&#10;    level: &quot;warning&quot;&#10;    schema: {&quot;loadingURI&quot;:&quot;#&quot;,&quot;pointer&quot;:&quot;/items/properties/id&quot;}&#10;    domain: &quot;syntax&quot;&#10;    ignored: [&quot;examples&quot;]&#10;warning: the following keywords are unknown and will be ignored: [examples]&#10;    level: &quot;warning&quot;&#10;    schema: {&quot;loadingURI&quot;:&quot;#&quot;,&quot;pointer&quot;:&quot;/items/properties/nome&quot;}&#10;    domain: &quot;syntax&quot;&#10;    ignored: [&quot;examples&quot;]&#10;warning: the following keywords are unknown and will be ignored: [examples]&#10;    level: &quot;warning&quot;&#10;    schema: {&quot;loadingURI&quot;:&quot;#&quot;,&quot;pointer&quot;:&quot;/items/properties/parcelas&quot;}&#10;    domain: &quot;syntax&quot;&#10;    ignored: [&quot;examples&quot;]&#10;warning: the following keywords are unknown and will be ignored: [examples]&#10;    level: &quot;warning&quot;&#10;    schema: {&quot;loadingURI&quot;:&quot;#&quot;,&quot;pointer&quot;:&quot;/items/properties/seguro&quot;}&#10;    domain: &quot;syntax&quot;&#10;    ignored: [&quot;examples&quot;]&#10;warning: the following keywords are unknown and will be ignored: [examples]&#10;    level: &quot;warning&quot;&#10;    schema: {&quot;loadingURI&quot;:&quot;#&quot;,&quot;pointer&quot;:&quot;/items/properties/valor&quot;}&#10;    domain: &quot;syntax&quot;&#10;    ignored: [&quot;examples&quot;]&#10;warning: the following keywords are unknown and will be ignored: [examples]&#10;    level: &quot;warning&quot;&#10;    schema: {&quot;loadingURI&quot;:&quot;#&quot;,&quot;pointer&quot;:&quot;/items&quot;}&#10;    domain: &quot;syntax&quot;&#10;    ignored: [&quot;examples&quot;]&#10;warning: the following keywords are unknown and will be ignored: [examples]&#10;    level: &quot;warning&quot;&#10;    schema: {&quot;loadingURI&quot;:&quot;#&quot;,&quot;pointer&quot;:&quot;/items/properties/cpf&quot;}&#10;    domain: &quot;syntax&quot;&#10;    ignored: [&quot;examples&quot;]&#10;warning: the following keywords are unknown and will be ignored: [examples]&#10;    level: &quot;warning&quot;&#10;    schema: {&quot;loadingURI&quot;:&quot;#&quot;,&quot;pointer&quot;:&quot;/items/properties/email&quot;}&#10;    domain: &quot;syntax&quot;&#10;    ignored: [&quot;examples&quot;]&#10;warning: the following keywords are unknown and will be ignored: [examples]&#10;    level: &quot;warning&quot;&#10;    schema: {&quot;loadingURI&quot;:&quot;#&quot;,&quot;pointer&quot;:&quot;/items/properties/id&quot;}&#10;    domain: &quot;syntax&quot;&#10;    ignored: [&quot;examples&quot;]&#10;warning: the following keywords are unknown and will be ignored: [examples]&#10;    level: &quot;warning&quot;&#10;    schema: {&quot;loadingURI&quot;:&quot;#&quot;,&quot;pointer&quot;:&quot;/items/properties/nome&quot;}&#10;    domain: &quot;syntax&quot;&#10;    ignored: [&quot;examples&quot;]&#10;warning: the following keywords are unknown and will be ignored: [examples]&#10;    level: &quot;warning&quot;&#10;    schema: {&quot;loadingURI&quot;:&quot;#&quot;,&quot;pointer&quot;:&quot;/items/properties/parcelas&quot;}&#10;    domain: &quot;syntax&quot;&#10;    ignored: [&quot;examples&quot;]&#10;warning: the following keywords are unknown and will be ignored: [examples]&#10;    level: &quot;warning&quot;&#10;    schema: {&quot;loadingURI&quot;:&quot;#&quot;,&quot;pointer&quot;:&quot;/items/properties/seguro&quot;}&#10;    domain: &quot;syntax&quot;&#10;    ignored: [&quot;examples&quot;]&#10;warning: the following keywords are unknown and will be ignored: [examples]&#10;    level: &quot;warning&quot;&#10;    schema: {&quot;loadingURI&quot;:&quot;#&quot;,&quot;pointer&quot;:&quot;/items/properties/valor&quot;}&#10;    domain: &quot;syntax&quot;&#10;    ignored: [&quot;examples&quot;]&#10;warning: the following keywords are unknown and will be ignored: [examples]&#10;    level: &quot;warning&quot;&#10;    schema: {&quot;loadingURI&quot;:&quot;#&quot;,&quot;pointer&quot;:&quot;/items&quot;}&#10;    domain: &quot;syntax&quot;&#10;    ignored: [&quot;examples&quot;]&#10;warning: the following keywords are unknown and will be ignored: [examples]&#10;    level: &quot;warning&quot;&#10;    schema: {&quot;loadingURI&quot;:&quot;#&quot;,&quot;pointer&quot;:&quot;/items/properties/cpf&quot;}&#10;    domain: &quot;syntax&quot;&#10;    ignored: [&quot;examples&quot;]&#10;warning: the following keywords are unknown and will be ignored: [examples]&#10;    level: &quot;warning&quot;&#10;    schema: {&quot;loadingURI&quot;:&quot;#&quot;,&quot;pointer&quot;:&quot;/items/properties/email&quot;}&#10;    domain: &quot;syntax&quot;&#10;    ignored: [&quot;examples&quot;]&#10;warning: the following keywords are unknown and will be ignored: [examples]&#10;    level: &quot;warning&quot;&#10;    schema: {&quot;loadingURI&quot;:&quot;#&quot;,&quot;pointer&quot;:&quot;/items/properties/id&quot;}&#10;    domain: &quot;syntax&quot;&#10;    ignored: [&quot;examples&quot;]&#10;warning: the following keywords are unknown and will be ignored: [examples]&#10;    level: &quot;warning&quot;&#10;    schema: {&quot;loadingURI&quot;:&quot;#&quot;,&quot;pointer&quot;:&quot;/items/properties/nome&quot;}&#10;    domain: &quot;syntax&quot;&#10;    ignored: [&quot;examples&quot;]&#10;warning: the following keywords are unknown and will be ignored: [examples]&#10;    level: &quot;warning&quot;&#10;    schema: {&quot;loadingURI&quot;:&quot;#&quot;,&quot;pointer&quot;:&quot;/items/properties/parcelas&quot;}&#10;    domain: &quot;syntax&quot;&#10;    ignored: [&quot;examples&quot;]&#10;warning: the following keywords are unknown and will be ignored: [examples]&#10;    level: &quot;warning&quot;&#10;    schema: {&quot;loadingURI&quot;:&quot;#&quot;,&quot;pointer&quot;:&quot;/items/properties/seguro&quot;}&#10;    domain: &quot;syntax&quot;&#10;    ignored: [&quot;examples&quot;]&#10;warning: the following keywords are unknown and will be ignored: [examples]&#10;    level: &quot;warning&quot;&#10;    schema: {&quot;loadingURI&quot;:&quot;#&quot;,&quot;pointer&quot;:&quot;/items/properties/valor&quot;}&#10;    domain: &quot;syntax&quot;&#10;    ignored: [&quot;examples&quot;]&#10;warning: the following keywords are unknown and will be ignored: [examples]&#10;    level: &quot;warning&quot;&#10;    schema: {&quot;loadingURI&quot;:&quot;#&quot;,&quot;pointer&quot;:&quot;/items&quot;}&#10;    domain: &quot;syntax&quot;&#10;    ignored: [&quot;examples&quot;]&#10;warning: the following keywords are unknown and will be ignored: [examples]&#10;    level: &quot;warning&quot;&#10;    schema: {&quot;loadingURI&quot;:&quot;#&quot;,&quot;pointer&quot;:&quot;/items/properties/cpf&quot;}&#10;    domain: &quot;syntax&quot;&#10;    ignored: [&quot;examples&quot;]&#10;warning: the following keywords are unknown and will be ignored: [examples]&#10;    level: &quot;warning&quot;&#10;    schema: {&quot;loadingURI&quot;:&quot;#&quot;,&quot;pointer&quot;:&quot;/items/properties/email&quot;}&#10;    domain: &quot;syntax&quot;&#10;    ignored: [&quot;examples&quot;]&#10;warning: the following keywords are unknown and will be ignored: [examples]&#10;    level: &quot;warning&quot;&#10;    schema: {&quot;loadingURI&quot;:&quot;#&quot;,&quot;pointer&quot;:&quot;/items/properties/id&quot;}&#10;    domain: &quot;syntax&quot;&#10;    ignored: [&quot;examples&quot;]&#10;warning: the following keywords are unknown and will be ignored: [examples]&#10;    level: &quot;warning&quot;&#10;    schema: {&quot;loadingURI&quot;:&quot;#&quot;,&quot;pointer&quot;:&quot;/items/properties/nome&quot;}&#10;    domain: &quot;syntax&quot;&#10;    ignored: [&quot;examples&quot;]&#10;warning: the following keywords are unknown and will be ignored: [examples]&#10;    level: &quot;warning&quot;&#10;    schema: {&quot;loadingURI&quot;:&quot;#&quot;,&quot;pointer&quot;:&quot;/items/properties/parcelas&quot;}&#10;    domain: &quot;syntax&quot;&#10;    ignored: [&quot;examples&quot;]&#10;warning: the following keywords are unknown and will be ignored: [examples]&#10;    level: &quot;warning&quot;&#10;    schema: {&quot;loadingURI&quot;:&quot;#&quot;,&quot;pointer&quot;:&quot;/items/properties/seguro&quot;}&#10;    domain: &quot;syntax&quot;&#10;    ignored: [&quot;examples&quot;]&#10;warning: the following keywords are unknown and will be ignored: [examples]&#10;    level: &quot;warning&quot;&#10;    schema: {&quot;loadingURI&quot;:&quot;#&quot;,&quot;pointer&quot;:&quot;/items/properties/valor&quot;}&#10;    domain: &quot;syntax&quot;&#10;    ignored: [&quot;examples&quot;]&#10;warning: the following keywords are unknown and will be ignored: [examples]&#10;    level: &quot;warning&quot;&#10;    schema: {&quot;loadingURI&quot;:&quot;#&quot;,&quot;pointer&quot;:&quot;/items&quot;}&#10;    domain: &quot;syntax&quot;&#10;    ignored: [&quot;examples&quot;]&#10;warning: the following keywords are unknown and will be ignored: [examples]&#10;    level: &quot;warning&quot;&#10;    schema: {&quot;loadingURI&quot;:&quot;#&quot;,&quot;pointer&quot;:&quot;/items/properties/cpf&quot;}&#10;    domain: &quot;syntax&quot;&#10;    ignored: [&quot;examples&quot;]&#10;warning: the following keywords are unknown and will be ignored: [examples]&#10;    level: &quot;warning&quot;&#10;    schema: {&quot;loadingURI&quot;:&quot;#&quot;,&quot;pointer&quot;:&quot;/items/properties/email&quot;}&#10;    domain: &quot;syntax&quot;&#10;    ignored: [&quot;examples&quot;]&#10;warning: the following keywords are unknown and will be ignored: [examples]&#10;    level: &quot;warning&quot;&#10;    schema: {&quot;loadingURI&quot;:&quot;#&quot;,&quot;pointer&quot;:&quot;/items/properties/id&quot;}&#10;    domain: &quot;syntax&quot;&#10;    ignored: [&quot;examples&quot;]&#10;warning: the following keywords are unknown and will be ignored: [examples]&#10;    level: &quot;warning&quot;&#10;    schema: {&quot;loadingURI&quot;:&quot;#&quot;,&quot;pointer&quot;:&quot;/items/properties/nome&quot;}&#10;    domain: &quot;syntax&quot;&#10;    ignored: [&quot;examples&quot;]&#10;warning: the following keywords are unknown and will be ignored: [examples]&#10;    level: &quot;warning&quot;&#10;    schema: {&quot;loadingURI&quot;:&quot;#&quot;,&quot;pointer&quot;:&quot;/items/properties/parcelas&quot;}&#10;    domain: &quot;syntax&quot;&#10;    ignored: [&quot;examples&quot;]&#10;warning: the following keywords are unknown and will be ignored: [examples]&#10;    level: &quot;warning&quot;&#10;    schema: {&quot;loadingURI&quot;:&quot;#&quot;,&quot;pointer&quot;:&quot;/items/properties/seguro&quot;}&#10;    domain: &quot;syntax&quot;&#10;    ignored: [&quot;examples&quot;]&#10;warning: the following keywords are unknown and will be ignored: [examples]&#10;    level: &quot;warning&quot;&#10;    schema: {&quot;loadingURI&quot;:&quot;#&quot;,&quot;pointer&quot;:&quot;/items/properties/valor&quot;}&#10;    domain: &quot;syntax&quot;&#10;    ignored: [&quot;examples&quot;]&#10;warning: the following keywords are unknown and will be ignored: [examples]&#10;    level: &quot;warning&quot;&#10;    schema: {&quot;loadingURI&quot;:&quot;#&quot;,&quot;pointer&quot;:&quot;/items&quot;}&#10;    domain: &quot;syntax&quot;&#10;    ignored: [&quot;examples&quot;]&#10;warning: the following keywords are unknown and will be ignored: [examples]&#10;    level: &quot;warning&quot;&#10;    schema: {&quot;loadingURI&quot;:&quot;#&quot;,&quot;pointer&quot;:&quot;/items/properties/cpf&quot;}&#10;    domain: &quot;syntax&quot;&#10;    ignored: [&quot;examples&quot;]&#10;warning: the following keywords are unknown and will be ignored: [examples]&#10;    level: &quot;warning&quot;&#10;    schema: {&quot;loadingURI&quot;:&quot;#&quot;,&quot;pointer&quot;:&quot;/items/properties/email&quot;}&#10;    domain: &quot;syntax&quot;&#10;    ignored: [&quot;examples&quot;]&#10;warning: the following keywords are unknown and will be ignored: [examples]&#10;    level: &quot;warning&quot;&#10;    schema: {&quot;loadingURI&quot;:&quot;#&quot;,&quot;pointer&quot;:&quot;/items/properties/id&quot;}&#10;    domain: &quot;syntax&quot;&#10;    ignored: [&quot;examples&quot;]&#10;warning: the following keywords are unknown and will be ignored: [examples]&#10;    level: &quot;warning&quot;&#10;    schema: {&quot;loadingURI&quot;:&quot;#&quot;,&quot;pointer&quot;:&quot;/items/properties/nome&quot;}&#10;    domain: &quot;syntax&quot;&#10;    ignored: [&quot;examples&quot;]&#10;warning: the following keywords are unknown and will be ignored: [examples]&#10;    level: &quot;warning&quot;&#10;    schema: {&quot;loadingURI&quot;:&quot;#&quot;,&quot;pointer&quot;:&quot;/items/properties/parcelas&quot;}&#10;    domain: &quot;syntax&quot;&#10;    ignored: [&quot;examples&quot;]&#10;warning: the following keywords are unknown and will be ignored: [examples]&#10;    level: &quot;warning&quot;&#10;    schema: {&quot;loadingURI&quot;:&quot;#&quot;,&quot;pointer&quot;:&quot;/items/properties/seguro&quot;}&#10;    domain: &quot;syntax&quot;&#10;    ignored: [&quot;examples&quot;]&#10;warning: the following keywords are unknown and will be ignored: [examples]&#10;    level: &quot;warning&quot;&#10;    schema: {&quot;loadingURI&quot;:&quot;#&quot;,&quot;pointer&quot;:&quot;/items/properties/valor&quot;}&#10;    domain: &quot;syntax&quot;&#10;    ignored: [&quot;examples&quot;]&#10;warning: the following keywords are unknown and will be ignored: [examples]&#10;    level: &quot;warning&quot;&#10;    schema: {&quot;loadingURI&quot;:&quot;#&quot;,&quot;pointer&quot;:&quot;/items&quot;}&#10;    domain: &quot;syntax&quot;&#10;    ignored: [&quot;examples&quot;]&#10;warning: the following keywords are unknown and will be ignored: [examples]&#10;    level: &quot;warning&quot;&#10;    schema: {&quot;loadingURI&quot;:&quot;#&quot;,&quot;pointer&quot;:&quot;/items/properties/cpf&quot;}&#10;    domain: &quot;syntax&quot;&#10;    ignored: [&quot;examples&quot;]&#10;warning: the following keywords are unknown and will be ignored: [examples]&#10;    level: &quot;warning&quot;&#10;    schema: {&quot;loadingURI&quot;:&quot;#&quot;,&quot;pointer&quot;:&quot;/items/properties/email&quot;}&#10;    domain: &quot;syntax&quot;&#10;    ignored: [&quot;examples&quot;]&#10;warning: the following keywords are unknown and will be ignored: [examples]&#10;    level: &quot;warning&quot;&#10;    schema: {&quot;loadingURI&quot;:&quot;#&quot;,&quot;pointer&quot;:&quot;/items/properties/id&quot;}&#10;    domain: &quot;syntax&quot;&#10;    ignored: [&quot;examples&quot;]&#10;warning: the following keywords are unknown and will be ignored: [examples]&#10;    level: &quot;warning&quot;&#10;    schema: {&quot;loadingURI&quot;:&quot;#&quot;,&quot;pointer&quot;:&quot;/items/properties/nome&quot;}&#10;    domain: &quot;syntax&quot;&#10;    ignored: [&quot;examples&quot;]&#10;warning: the following keywords are unknown and will be ignored: [examples]&#10;    level: &quot;warning&quot;&#10;    schema: {&quot;loadingURI&quot;:&quot;#&quot;,&quot;pointer&quot;:&quot;/items/properties/parcelas&quot;}&#10;    domain: &quot;syntax&quot;&#10;    ignored: [&quot;examples&quot;]&#10;warning: the following keywords are unknown and will be ignored: [examples]&#10;    level: &quot;warning&quot;&#10;    schema: {&quot;loadingURI&quot;:&quot;#&quot;,&quot;pointer&quot;:&quot;/items/properties/seguro&quot;}&#10;    domain: &quot;syntax&quot;&#10;    ignored: [&quot;examples&quot;]&#10;warning: the following keywords are unknown and will be ignored: [examples]&#10;    level: &quot;warning&quot;&#10;    schema: {&quot;loadingURI&quot;:&quot;#&quot;,&quot;pointer&quot;:&quot;/items/properties/valor&quot;}&#10;    domain: &quot;syntax&quot;&#10;    ignored: [&quot;examples&quot;]&#10;warning: the following keywords are unknown and will be ignored: [examples]&#10;    level: &quot;warning&quot;&#10;    schema: {&quot;loadingURI&quot;:&quot;#&quot;,&quot;pointer&quot;:&quot;/items&quot;}&#10;    domain: &quot;syntax&quot;&#10;    ignored: [&quot;examples&quot;]&#10;warning: the following keywords are unknown and will be ignored: [examples]&#10;    level: &quot;warning&quot;&#10;    schema: {&quot;loadingURI&quot;:&quot;#&quot;,&quot;pointer&quot;:&quot;/items/properties/cpf&quot;}&#10;    domain: &quot;syntax&quot;&#10;    ignored: [&quot;examples&quot;]&#10;warning: the following keywords are unknown and will be ignored: [examples]&#10;    level: &quot;warning&quot;&#10;    schema: {&quot;loadingURI&quot;:&quot;#&quot;,&quot;pointer&quot;:&quot;/items/properties/email&quot;}&#10;    domain: &quot;syntax&quot;&#10;    ignored: [&quot;examples&quot;]&#10;warning: the following keywords are unknown and will be ignored: [examples]&#10;    level: &quot;warning&quot;&#10;    schema: {&quot;loadingURI&quot;:&quot;#&quot;,&quot;pointer&quot;:&quot;/items/properties/id&quot;}&#10;    domain: &quot;syntax&quot;&#10;    ignored: [&quot;examples&quot;]&#10;warning: the following keywords are unknown and will be ignored: [examples]&#10;    level: &quot;warning&quot;&#10;    schema: {&quot;loadingURI&quot;:&quot;#&quot;,&quot;pointer&quot;:&quot;/items/properties/nome&quot;}&#10;    domain: &quot;syntax&quot;&#10;    ignored: [&quot;examples&quot;]&#10;warning: the following keywords are unknown and will be ignored: [examples]&#10;    level: &quot;warning&quot;&#10;    schema: {&quot;loadingURI&quot;:&quot;#&quot;,&quot;pointer&quot;:&quot;/items/properties/parcelas&quot;}&#10;    domain: &quot;syntax&quot;&#10;    ignored: [&quot;examples&quot;]&#10;warning: the following keywords are unknown and will be ignored: [examples]&#10;    level: &quot;warning&quot;&#10;    schema: {&quot;loadingURI&quot;:&quot;#&quot;,&quot;pointer&quot;:&quot;/items/properties/seguro&quot;}&#10;    domain: &quot;syntax&quot;&#10;    ignored: [&quot;examples&quot;]&#10;warning: the following keywords are unknown and will be ignored: [examples]&#10;    level: &quot;warning&quot;&#10;    schema: {&quot;loadingURI&quot;:&quot;#&quot;,&quot;pointer&quot;:&quot;/items/properties/valor&quot;}&#10;    domain: &quot;syntax&quot;&#10;    ignored: [&quot;examples&quot;]&#10;warning: the following keywords are unknown and will be ignored: [examples]&#10;    level: &quot;warning&quot;&#10;    schema: {&quot;loadingURI&quot;:&quot;#&quot;,&quot;pointer&quot;:&quot;/items&quot;}&#10;    domain: &quot;syntax&quot;&#10;    ignored: [&quot;examples&quot;]&#10;warning: the following keywords are unknown and will be ignored: [examples]&#10;    level: &quot;warning&quot;&#10;    schema: {&quot;loadingURI&quot;:&quot;#&quot;,&quot;pointer&quot;:&quot;/items/properties/cpf&quot;}&#10;    domain: &quot;syntax&quot;&#10;    ignored: [&quot;examples&quot;]&#10;warning: the following keywords are unknown and will be ignored: [examples]&#10;    level: &quot;warning&quot;&#10;    schema: {&quot;loadingURI&quot;:&quot;#&quot;,&quot;pointer&quot;:&quot;/items/properties/email&quot;}&#10;    domain: &quot;syntax&quot;&#10;    ignored: [&quot;examples&quot;]&#10;warning: the following keywords are unknown and will be ignored: [examples]&#10;    level: &quot;warning&quot;&#10;    schema: {&quot;loadingURI&quot;:&quot;#&quot;,&quot;pointer&quot;:&quot;/items/properties/id&quot;}&#10;    domain: &quot;syntax&quot;&#10;    ignored: [&quot;examples&quot;]&#10;warning: the following keywords are unknown and will be ignored: [examples]&#10;    level: &quot;warning&quot;&#10;    schema: {&quot;loadingURI&quot;:&quot;#&quot;,&quot;pointer&quot;:&quot;/items/properties/nome&quot;}&#10;    domain: &quot;syntax&quot;&#10;    ignored: [&quot;examples&quot;]&#10;warning: the following keywords are unknown and will be ignored: [examples]&#10;    level: &quot;warning&quot;&#10;    schema: {&quot;loadingURI&quot;:&quot;#&quot;,&quot;pointer&quot;:&quot;/items/properties/parcelas&quot;}&#10;    domain: &quot;syntax&quot;&#10;    ignored: [&quot;examples&quot;]&#10;warning: the following keywords are unknown and will be ignored: [examples]&#10;    level: &quot;warning&quot;&#10;    schema: {&quot;loadingURI&quot;:&quot;#&quot;,&quot;pointer&quot;:&quot;/items/properties/seguro&quot;}&#10;    domain: &quot;syntax&quot;&#10;    ignored: [&quot;examples&quot;]&#10;warning: the following keywords are unknown and will be ignored: [examples]&#10;    level: &quot;warning&quot;&#10;    schema: {&quot;loadingURI&quot;:&quot;#&quot;,&quot;pointer&quot;:&quot;/items/properties/valor&quot;}&#10;    domain: &quot;syntax&quot;&#10;    ignored: [&quot;examples&quot;]&#10;warning: the following keywords are unknown and will be ignored: [examples]&#10;    level: &quot;warning&quot;&#10;    schema: {&quot;loadingURI&quot;:&quot;#&quot;,&quot;pointer&quot;:&quot;/items&quot;}&#10;    domain: &quot;syntax&quot;&#10;    ignored: [&quot;examples&quot;]&#10;warning: the following keywords are unknown and will be ignored: [examples]&#10;    level: &quot;warning&quot;&#10;    schema: {&quot;loadingURI&quot;:&quot;#&quot;,&quot;pointer&quot;:&quot;/items/properties/cpf&quot;}&#10;    domain: &quot;syntax&quot;&#10;    ignored: [&quot;examples&quot;]&#10;warning: the following keywords are unknown and will be ignored: [examples]&#10;    level: &quot;warning&quot;&#10;    schema: {&quot;loadingURI&quot;:&quot;#&quot;,&quot;pointer&quot;:&quot;/items/properties/email&quot;}&#10;    domain: &quot;syntax&quot;&#10;    ignored: [&quot;examples&quot;]&#10;warning: the following keywords are unknown and will be ignored: [examples]&#10;    level: &quot;warning&quot;&#10;    schema: {&quot;loadingURI&quot;:&quot;#&quot;,&quot;pointer&quot;:&quot;/items/properties/id&quot;}&#10;    domain: &quot;syntax&quot;&#10;    ignored: [&quot;examples&quot;]&#10;warning: the following keywords are unknown and will be ignored: [examples]&#10;    level: &quot;warning&quot;&#10;    schema: {&quot;loadingURI&quot;:&quot;#&quot;,&quot;pointer&quot;:&quot;/items/properties/nome&quot;}&#10;    domain: &quot;syntax&quot;&#10;    ignored: [&quot;examples&quot;]&#10;warning: the following keywords are unknown and will be ignored: [examples]&#10;    level: &quot;warning&quot;&#10;    schema: {&quot;loadingURI&quot;:&quot;#&quot;,&quot;pointer&quot;:&quot;/items/properties/parcelas&quot;}&#10;    domain: &quot;syntax&quot;&#10;    ignored: [&quot;examples&quot;]&#10;warning: the following keywords are unknown and will be ignored: [examples]&#10;    level: &quot;warning&quot;&#10;    schema: {&quot;loadingURI&quot;:&quot;#&quot;,&quot;pointer&quot;:&quot;/items/properties/seguro&quot;}&#10;    domain: &quot;syntax&quot;&#10;    ignored: [&quot;examples&quot;]&#10;warning: the following keywords are unknown and will be ignored: [examples]&#10;    level: &quot;warning&quot;&#10;    schema: {&quot;loadingURI&quot;:&quot;#&quot;,&quot;pointer&quot;:&quot;/items/properties/valor&quot;}&#10;    domain: &quot;syntax&quot;&#10;    ignored: [&quot;examples&quot;]&#10;warning: the following keywords are unknown and will be ignored: [examples]&#10;    level: &quot;warning&quot;&#10;    schema: {&quot;loadingURI&quot;:&quot;#&quot;,&quot;pointer&quot;:&quot;/items&quot;}&#10;    domain: &quot;syntax&quot;&#10;    ignored: [&quot;examples&quot;]&#10;warning: the following keywords are unknown and will be ignored: [examples]&#10;    level: &quot;warning&quot;&#10;    schema: {&quot;loadingURI&quot;:&quot;#&quot;,&quot;pointer&quot;:&quot;/items/properties/cpf&quot;}&#10;    domain: &quot;syntax&quot;&#10;    ignored: [&quot;examples&quot;]&#10;warning: the following keywords are unknown and will be ignored: [examples]&#10;    level: &quot;warning&quot;&#10;    schema: {&quot;loadingURI&quot;:&quot;#&quot;,&quot;pointer&quot;:&quot;/items/properties/email&quot;}&#10;    domain: &quot;syntax&quot;&#10;    ignored: [&quot;examples&quot;]&#10;warning: the following keywords are unknown and will be ignored: [examples]&#10;    level: &quot;warning&quot;&#10;    schema: {&quot;loadingURI&quot;:&quot;#&quot;,&quot;pointer&quot;:&quot;/items/properties/id&quot;}&#10;    domain: &quot;syntax&quot;&#10;    ignored: [&quot;examples&quot;]&#10;warning: the following keywords are unknown and will be ignored: [examples]&#10;    level: &quot;warning&quot;&#10;    schema: {&quot;loadingURI&quot;:&quot;#&quot;,&quot;pointer&quot;:&quot;/items/properties/nome&quot;}&#10;    domain: &quot;syntax&quot;&#10;    ignored: [&quot;examples&quot;]&#10;warning: the following keywords are unknown and will be ignored: [examples]&#10;    level: &quot;warning&quot;&#10;    schema: {&quot;loadingURI&quot;:&quot;#&quot;,&quot;pointer&quot;:&quot;/items/properties/parcelas&quot;}&#10;    domain: &quot;syntax&quot;&#10;    ignored: [&quot;examples&quot;]&#10;warning: the following keywords are unknown and will be ignored: [examples]&#10;    level: &quot;warning&quot;&#10;    schema: {&quot;loadingURI&quot;:&quot;#&quot;,&quot;pointer&quot;:&quot;/items/properties/seguro&quot;}&#10;    domain: &quot;syntax&quot;&#10;    ignored: [&quot;examples&quot;]&#10;warning: the following keywords are unknown and will be ignored: [examples]&#10;    level: &quot;warning&quot;&#10;    schema: {&quot;loadingURI&quot;:&quot;#&quot;,&quot;pointer&quot;:&quot;/items/properties/valor&quot;}&#10;    domain: &quot;syntax&quot;&#10;    ignored: [&quot;examples&quot;]&#10;warning: the following keywords are unknown and will be ignored: [examples]&#10;    level: &quot;warning&quot;&#10;    schema: {&quot;loadingURI&quot;:&quot;#&quot;,&quot;pointer&quot;:&quot;/items&quot;}&#10;    domain: &quot;syntax&quot;&#10;    ignored: [&quot;examples&quot;]&#10;warning: the following keywords are unknown and will be ignored: [examples]&#10;    level: &quot;warning&quot;&#10;    schema: {&quot;loadingURI&quot;:&quot;#&quot;,&quot;pointer&quot;:&quot;/items/properties/cpf&quot;}&#10;    domain: &quot;syntax&quot;&#10;    ignored: [&quot;examples&quot;]&#10;warning: the following keywords are unknown and will be ignored: [examples]&#10;    level: &quot;warning&quot;&#10;    schema: {&quot;loadingURI&quot;:&quot;#&quot;,&quot;pointer&quot;:&quot;/items/properties/email&quot;}&#10;    domain: &quot;syntax&quot;&#10;    ignored: [&quot;examples&quot;]&#10;warning: the following keywords are unknown and will be ignored: [examples]&#10;    level: &quot;warning&quot;&#10;    schema: {&quot;loadingURI&quot;:&quot;#&quot;,&quot;pointer&quot;:&quot;/items/properties/id&quot;}&#10;    domain: &quot;syntax&quot;&#10;    ignored: [&quot;examples&quot;]&#10;warning: the following keywords are unknown and will be ignored: [examples]&#10;    level: &quot;warning&quot;&#10;    schema: {&quot;loadingURI&quot;:&quot;#&quot;,&quot;pointer&quot;:&quot;/items/properties/nome&quot;}&#10;    domain: &quot;syntax&quot;&#10;    ignored: [&quot;examples&quot;]&#10;warning: the following keywords are unknown and will be ignored: [examples]&#10;    level: &quot;warning&quot;&#10;    schema: {&quot;loadingURI&quot;:&quot;#&quot;,&quot;pointer&quot;:&quot;/items/properties/parcelas&quot;}&#10;    domain: &quot;syntax&quot;&#10;    ignored: [&quot;examples&quot;]&#10;warning: the following keywords are unknown and will be ignored: [examples]&#10;    level: &quot;warning&quot;&#10;    schema: {&quot;loadingURI&quot;:&quot;#&quot;,&quot;pointer&quot;:&quot;/items/properties/seguro&quot;}&#10;    domain: &quot;syntax&quot;&#10;    ignored: [&quot;examples&quot;]&#10;warning: the following keywords are unknown and will be ignored: [examples]&#10;    level: &quot;warning&quot;&#10;    schema: {&quot;loadingURI&quot;:&quot;#&quot;,&quot;pointer&quot;:&quot;/items/properties/valor&quot;}&#10;    domain: &quot;syntax&quot;&#10;    ignored: [&quot;examples&quot;]&#10;warning: the following keywords are unknown and will be ignored: [examples]&#10;    level: &quot;warning&quot;&#10;    schema: {&quot;loadingURI&quot;:&quot;#&quot;,&quot;pointer&quot;:&quot;/items&quot;}&#10;    domain: &quot;syntax&quot;&#10;    ignored: [&quot;examples&quot;]&#10;warning: the following keywords are unknown and will be ignored: [examples]&#10;    level: &quot;warning&quot;&#10;    schema: {&quot;loadingURI&quot;:&quot;#&quot;,&quot;pointer&quot;:&quot;/items/properties/cpf&quot;}&#10;    domain: &quot;syntax&quot;&#10;    ignored: [&quot;examples&quot;]&#10;warning: the following keywords are unknown and will be ignored: [examples]&#10;    level: &quot;warning&quot;&#10;    schema: {&quot;loadingURI&quot;:&quot;#&quot;,&quot;pointer&quot;:&quot;/items/properties/email&quot;}&#10;    domain: &quot;syntax&quot;&#10;    ignored: [&quot;examples&quot;]&#10;warning: the following keywords are unknown and will be ignored: [examples]&#10;    level: &quot;warning&quot;&#10;    schema: {&quot;loadingURI&quot;:&quot;#&quot;,&quot;pointer&quot;:&quot;/items/properties/id&quot;}&#10;    domain: &quot;syntax&quot;&#10;    ignored: [&quot;examples&quot;]&#10;warning: the following keywords are unknown and will be ignored: [examples]&#10;    level: &quot;warning&quot;&#10;    schema: {&quot;loadingURI&quot;:&quot;#&quot;,&quot;pointer&quot;:&quot;/items/properties/nome&quot;}&#10;    domain: &quot;syntax&quot;&#10;    ignored: [&quot;examples&quot;]&#10;warning: the following keywords are unknown and will be ignored: [examples]&#10;    level: &quot;warning&quot;&#10;    schema: {&quot;loadingURI&quot;:&quot;#&quot;,&quot;pointer&quot;:&quot;/items/properties/parcelas&quot;}&#10;    domain: &quot;syntax&quot;&#10;    ignored: [&quot;examples&quot;]&#10;warning: the following keywords are unknown and will be ignored: [examples]&#10;    level: &quot;warning&quot;&#10;    schema: {&quot;loadingURI&quot;:&quot;#&quot;,&quot;pointer&quot;:&quot;/items/properties/seguro&quot;}&#10;    domain: &quot;syntax&quot;&#10;    ignored: [&quot;examples&quot;]&#10;warning: the following keywords are unknown and will be ignored: [examples]&#10;    level: &quot;warning&quot;&#10;    schema: {&quot;loadingURI&quot;:&quot;#&quot;,&quot;pointer&quot;:&quot;/items/properties/valor&quot;}&#10;    domain: &quot;syntax&quot;&#10;    ignored: [&quot;examples&quot;]&#10;warning: the following keywords are unknown and will be ignored: [examples]&#10;    level: &quot;warning&quot;&#10;    schema: {&quot;loadingURI&quot;:&quot;#&quot;,&quot;pointer&quot;:&quot;/items&quot;}&#10;    domain: &quot;syntax&quot;&#10;    ignored: [&quot;examples&quot;]&#10;warning: the following keywords are unknown and will be ignored: [examples]&#10;    level: &quot;warning&quot;&#10;    schema: {&quot;loadingURI&quot;:&quot;#&quot;,&quot;pointer&quot;:&quot;/items/properties/cpf&quot;}&#10;    domain: &quot;syntax&quot;&#10;    ignored: [&quot;examples&quot;]&#10;warning: the following keywords are unknown and will be ignored: [examples]&#10;    level: &quot;warning&quot;&#10;    schema: {&quot;loadingURI&quot;:&quot;#&quot;,&quot;pointer&quot;:&quot;/items/properties/email&quot;}&#10;    domain: &quot;syntax&quot;&#10;    ignored: [&quot;examples&quot;]&#10;warning: the following keywords are unknown and will be ignored: [examples]&#10;    level: &quot;warning&quot;&#10;    schema: {&quot;loadingURI&quot;:&quot;#&quot;,&quot;pointer&quot;:&quot;/items/properties/id&quot;}&#10;    domain: &quot;syntax&quot;&#10;    ignored: [&quot;examples&quot;]&#10;warning: the following keywords are unknown and will be ignored: [examples]&#10;    level: &quot;warning&quot;&#10;    schema: {&quot;loadingURI&quot;:&quot;#&quot;,&quot;pointer&quot;:&quot;/items/properties/nome&quot;}&#10;    domain: &quot;syntax&quot;&#10;    ignored: [&quot;examples&quot;]&#10;warning: the following keywords are unknown and will be ignored: [examples]&#10;    level: &quot;warning&quot;&#10;    schema: {&quot;loadingURI&quot;:&quot;#&quot;,&quot;pointer&quot;:&quot;/items/properties/parcelas&quot;}&#10;    domain: &quot;syntax&quot;&#10;    ignored: [&quot;examples&quot;]&#10;warning: the following keywords are unknown and will be ignored: [examples]&#10;    level: &quot;warning&quot;&#10;    schema: {&quot;loadingURI&quot;:&quot;#&quot;,&quot;pointer&quot;:&quot;/items/properties/seguro&quot;}&#10;    domain: &quot;syntax&quot;&#10;    ignored: [&quot;examples&quot;]&#10;warning: the following keywords are unknown and will be ignored: [examples]&#10;    level: &quot;warning&quot;&#10;    schema: {&quot;loadingURI&quot;:&quot;#&quot;,&quot;pointer&quot;:&quot;/items/properties/valor&quot;}&#10;    domain: &quot;syntax&quot;&#10;    ignored: [&quot;examples&quot;]&#10;warning: the following keywords are unknown and will be ignored: [examples]&#10;    level: &quot;warning&quot;&#10;    schema: {&quot;loadingURI&quot;:&quot;#&quot;,&quot;pointer&quot;:&quot;/items&quot;}&#10;    domain: &quot;syntax&quot;&#10;    ignored: [&quot;examples&quot;]&#10;warning: the following keywords are unknown and will be ignored: [examples]&#10;    level: &quot;warning&quot;&#10;    schema: {&quot;loadingURI&quot;:&quot;#&quot;,&quot;pointer&quot;:&quot;/items/properties/cpf&quot;}&#10;    domain: &quot;syntax&quot;&#10;    ignored: [&quot;examples&quot;]&#10;warning: the following keywords are unknown and will be ignored: [examples]&#10;    level: &quot;warning&quot;&#10;    schema: {&quot;loadingURI&quot;:&quot;#&quot;,&quot;pointer&quot;:&quot;/items/properties/email&quot;}&#10;    domain: &quot;syntax&quot;&#10;    ignored: [&quot;examples&quot;]&#10;warning: the following keywords are unknown and will be ignored: [examples]&#10;    level: &quot;warning&quot;&#10;    schema: {&quot;loadingURI&quot;:&quot;#&quot;,&quot;pointer&quot;:&quot;/items/properties/id&quot;}&#10;    domain: &quot;syntax&quot;&#10;    ignored: [&quot;examples&quot;]&#10;warning: the following keywords are unknown and will be ignored: [examples]&#10;    level: &quot;warning&quot;&#10;    schema: {&quot;loadingURI&quot;:&quot;#&quot;,&quot;pointer&quot;:&quot;/items/properties/nome&quot;}&#10;    domain: &quot;syntax&quot;&#10;    ignored: [&quot;examples&quot;]&#10;warning: the following keywords are unknown and will be ignored: [examples]&#10;    level: &quot;warning&quot;&#10;    schema: {&quot;loadingURI&quot;:&quot;#&quot;,&quot;pointer&quot;:&quot;/items/properties/parcelas&quot;}&#10;    domain: &quot;syntax&quot;&#10;    ignored: [&quot;examples&quot;]&#10;warning: the following keywords are unknown and will be ignored: [examples]&#10;    level: &quot;warning&quot;&#10;    schema: {&quot;loadingURI&quot;:&quot;#&quot;,&quot;pointer&quot;:&quot;/items/properties/seguro&quot;}&#10;    domain: &quot;syntax&quot;&#10;    ignored: [&quot;examples&quot;]&#10;warning: the following keywords are unknown and will be ignored: [examples]&#10;    level: &quot;warning&quot;&#10;    schema: {&quot;loadingURI&quot;:&quot;#&quot;,&quot;pointer&quot;:&quot;/items/properties/valor&quot;}&#10;    domain: &quot;syntax&quot;&#10;    ignored: [&quot;examples&quot;]&#10;warning: the following keywords are unknown and will be ignored: [examples]&#10;    level: &quot;warning&quot;&#10;    schema: {&quot;loadingURI&quot;:&quot;#&quot;,&quot;pointer&quot;:&quot;/items&quot;}&#10;    domain: &quot;syntax&quot;&#10;    ignored: [&quot;examples&quot;]&#10;warning: the following keywords are unknown and will be ignored: [examples]&#10;    level: &quot;warning&quot;&#10;    schema: {&quot;loadingURI&quot;:&quot;#&quot;,&quot;pointer&quot;:&quot;/items/properties/cpf&quot;}&#10;    domain: &quot;syntax&quot;&#10;    ignored: [&quot;examples&quot;]&#10;warning: the following keywords are unknown and will be ignored: [examples]&#10;    level: &quot;warning&quot;&#10;    schema: {&quot;loadingURI&quot;:&quot;#&quot;,&quot;pointer&quot;:&quot;/items/properties/email&quot;}&#10;    domain: &quot;syntax&quot;&#10;    ignored: [&quot;examples&quot;]&#10;warning: the following keywords are unknown and will be ignored: [examples]&#10;    level: &quot;warning&quot;&#10;    schema: {&quot;loadingURI&quot;:&quot;#&quot;,&quot;pointer&quot;:&quot;/items/properties/id&quot;}&#10;    domain: &quot;syntax&quot;&#10;    ignored: [&quot;examples&quot;]&#10;warning: the following keywords are unknown and will be ignored: [examples]&#10;    level: &quot;warning&quot;&#10;    schema: {&quot;loadingURI&quot;:&quot;#&quot;,&quot;pointer&quot;:&quot;/items/properties/nome&quot;}&#10;    domain: &quot;syntax&quot;&#10;    ignored: [&quot;examples&quot;]&#10;warning: the following keywords are unknown and will be ignored: [examples]&#10;    level: &quot;warning&quot;&#10;    schema: {&quot;loadingURI&quot;:&quot;#&quot;,&quot;pointer&quot;:&quot;/items/properties/parcelas&quot;}&#10;    domain: &quot;syntax&quot;&#10;    ignored: [&quot;examples&quot;]&#10;warning: the following keywords are unknown and will be ignored: [examples]&#10;    level: &quot;warning&quot;&#10;    schema: {&quot;loadingURI&quot;:&quot;#&quot;,&quot;pointer&quot;:&quot;/items/properties/seguro&quot;}&#10;    domain: &quot;syntax&quot;&#10;    ignored: [&quot;examples&quot;]&#10;warning: the following keywords are unknown and will be ignored: [examples]&#10;    level: &quot;warning&quot;&#10;    schema: {&quot;loadingURI&quot;:&quot;#&quot;,&quot;pointer&quot;:&quot;/items/properties/valor&quot;}&#10;    domain: &quot;syntax&quot;&#10;    ignored: [&quot;examples&quot;]&#10;warning: the following keywords are unknown and will be ignored: [examples]&#10;    level: &quot;warning&quot;&#10;    schema: {&quot;loadingURI&quot;:&quot;#&quot;,&quot;pointer&quot;:&quot;/items&quot;}&#10;    domain: &quot;syntax&quot;&#10;    ignored: [&quot;examples&quot;]&#10;warning: the following keywords are unknown and will be ignored: [examples]&#10;    level: &quot;warning&quot;&#10;    schema: {&quot;loadingURI&quot;:&quot;#&quot;,&quot;pointer&quot;:&quot;/items/properties/cpf&quot;}&#10;    domain: &quot;syntax&quot;&#10;    ignored: [&quot;examples&quot;]&#10;warning: the following keywords are unknown and will be ignored: [examples]&#10;    level: &quot;warning&quot;&#10;    schema: {&quot;loadingURI&quot;:&quot;#&quot;,&quot;pointer&quot;:&quot;/items/properties/email&quot;}&#10;    domain: &quot;syntax&quot;&#10;    ignored: [&quot;examples&quot;]&#10;warning: the following keywords are unknown and will be ignored: [examples]&#10;    level: &quot;warning&quot;&#10;    schema: {&quot;loadingURI&quot;:&quot;#&quot;,&quot;pointer&quot;:&quot;/items/properties/id&quot;}&#10;    domain: &quot;syntax&quot;&#10;    ignored: [&quot;examples&quot;]&#10;warning: the following keywords are unknown and will be ignored: [examples]&#10;    level: &quot;warning&quot;&#10;    schema: {&quot;loadingURI&quot;:&quot;#&quot;,&quot;pointer&quot;:&quot;/items/properties/nome&quot;}&#10;    domain: &quot;syntax&quot;&#10;    ignored: [&quot;examples&quot;]&#10;warning: the following keywords are unknown and will be ignored: [examples]&#10;    level: &quot;warning&quot;&#10;    schema: {&quot;loadingURI&quot;:&quot;#&quot;,&quot;pointer&quot;:&quot;/items/properties/parcelas&quot;}&#10;    domain: &quot;syntax&quot;&#10;    ignored: [&quot;examples&quot;]&#10;warning: the following keywords are unknown and will be ignored: [examples]&#10;    level: &quot;warning&quot;&#10;    schema: {&quot;loadingURI&quot;:&quot;#&quot;,&quot;pointer&quot;:&quot;/items/properties/seguro&quot;}&#10;    domain: &quot;syntax&quot;&#10;    ignored: [&quot;examples&quot;]&#10;warning: the following keywords are unknown and will be ignored: [examples]&#10;    level: &quot;warning&quot;&#10;    schema: {&quot;loadingURI&quot;:&quot;#&quot;,&quot;pointer&quot;:&quot;/items/properties/valor&quot;}&#10;    domain: &quot;syntax&quot;&#10;    ignored: [&quot;examples&quot;]&#10;warning: the following keywords are unknown and will be ignored: [examples]&#10;    level: &quot;warning&quot;&#10;    schema: {&quot;loadingURI&quot;:&quot;#&quot;,&quot;pointer&quot;:&quot;/items&quot;}&#10;    domain: &quot;syntax&quot;&#10;    ignored: [&quot;examples&quot;]&#10;warning: the following keywords are unknown and will be ignored: [examples]&#10;    level: &quot;warning&quot;&#10;    schema: {&quot;loadingURI&quot;:&quot;#&quot;,&quot;pointer&quot;:&quot;/items/properties/cpf&quot;}&#10;    domain: &quot;syntax&quot;&#10;    ignored: [&quot;examples&quot;]&#10;warning: the following keywords are unknown and will be ignored: [examples]&#10;    level: &quot;warning&quot;&#10;    schema: {&quot;loadingURI&quot;:&quot;#&quot;,&quot;pointer&quot;:&quot;/items/properties/email&quot;}&#10;    domain: &quot;syntax&quot;&#10;    ignored: [&quot;examples&quot;]&#10;warning: the following keywords are unknown and will be ignored: [examples]&#10;    level: &quot;warning&quot;&#10;    schema: {&quot;loadingURI&quot;:&quot;#&quot;,&quot;pointer&quot;:&quot;/items/properties/id&quot;}&#10;    domain: &quot;syntax&quot;&#10;    ignored: [&quot;examples&quot;]&#10;warning: the following keywords are unknown and will be ignored: [examples]&#10;    level: &quot;warning&quot;&#10;    schema: {&quot;loadingURI&quot;:&quot;#&quot;,&quot;pointer&quot;:&quot;/items/properties/nome&quot;}&#10;    domain: &quot;syntax&quot;&#10;    ignored: [&quot;examples&quot;]&#10;warning: the following keywords are unknown and will be ignored: [examples]&#10;    level: &quot;warning&quot;&#10;    schema: {&quot;loadingURI&quot;:&quot;#&quot;,&quot;pointer&quot;:&quot;/items/properties/parcelas&quot;}&#10;    domain: &quot;syntax&quot;&#10;    ignored: [&quot;examples&quot;]&#10;warning: the following keywords are unknown and will be ignored: [examples]&#10;    level: &quot;warning&quot;&#10;    schema: {&quot;loadingURI&quot;:&quot;#&quot;,&quot;pointer&quot;:&quot;/items/properties/seguro&quot;}&#10;    domain: &quot;syntax&quot;&#10;    ignored: [&quot;examples&quot;]&#10;warning: the following keywords are unknown and will be ignored: [examples]&#10;    level: &quot;warning&quot;&#10;    schema: {&quot;loadingURI&quot;:&quot;#&quot;,&quot;pointer&quot;:&quot;/items/properties/valor&quot;}&#10;    domain: &quot;syntax&quot;&#10;    ignored: [&quot;examples&quot;]&#10;warning: the following keywords are unknown and will be ignored: [examples]&#10;    level: &quot;warning&quot;&#10;    schema: {&quot;loadingURI&quot;:&quot;#&quot;,&quot;pointer&quot;:&quot;/items&quot;}&#10;    domain: &quot;syntax&quot;&#10;    ignored: [&quot;examples&quot;]&#10;warning: the following keywords are unknown and will be ignored: [examples]&#10;    level: &quot;warning&quot;&#10;    schema: {&quot;loadingURI&quot;:&quot;#&quot;,&quot;pointer&quot;:&quot;/items/properties/cpf&quot;}&#10;    domain: &quot;syntax&quot;&#10;    ignored: [&quot;examples&quot;]&#10;warning: the following keywords are unknown and will be ignored: [examples]&#10;    level: &quot;warning&quot;&#10;    schema: {&quot;loadingURI&quot;:&quot;#&quot;,&quot;pointer&quot;:&quot;/items/properties/email&quot;}&#10;    domain: &quot;syntax&quot;&#10;    ignored: [&quot;examples&quot;]&#10;warning: the following keywords are unknown and will be ignored: [examples]&#10;    level: &quot;warning&quot;&#10;    schema: {&quot;loadingURI&quot;:&quot;#&quot;,&quot;pointer&quot;:&quot;/items/properties/id&quot;}&#10;    domain: &quot;syntax&quot;&#10;    ignored: [&quot;examples&quot;]&#10;warning: the following keywords are unknown and will be ignored: [examples]&#10;    level: &quot;warning&quot;&#10;    schema: {&quot;loadingURI&quot;:&quot;#&quot;,&quot;pointer&quot;:&quot;/items/properties/nome&quot;}&#10;    domain: &quot;syntax&quot;&#10;    ignored: [&quot;examples&quot;]&#10;warning: the following keywords are unknown and will be ignored: [examples]&#10;    level: &quot;warning&quot;&#10;    schema: {&quot;loadingURI&quot;:&quot;#&quot;,&quot;pointer&quot;:&quot;/items/properties/parcelas&quot;}&#10;    domain: &quot;syntax&quot;&#10;    ignored: [&quot;examples&quot;]&#10;warning: the following keywords are unknown and will be ignored: [examples]&#10;    level: &quot;warning&quot;&#10;    schema: {&quot;loadingURI&quot;:&quot;#&quot;,&quot;pointer&quot;:&quot;/items/properties/seguro&quot;}&#10;    domain: &quot;syntax&quot;&#10;    ignored: [&quot;examples&quot;]&#10;warning: the following keywords are unknown and will be ignored: [examples]&#10;    level: &quot;warning&quot;&#10;    schema: {&quot;loadingURI&quot;:&quot;#&quot;,&quot;pointer&quot;:&quot;/items/properties/valor&quot;}&#10;    domain: &quot;syntax&quot;&#10;    ignored: [&quot;examples&quot;]&#10;warning: the following keywords are unknown and will be ignored: [examples]&#10;    level: &quot;warning&quot;&#10;    schema: {&quot;loadingURI&quot;:&quot;#&quot;,&quot;pointer&quot;:&quot;/items&quot;}&#10;    domain: &quot;syntax&quot;&#10;    ignored: [&quot;examples&quot;]&#10;warning: the following keywords are unknown and will be ignored: [examples]&#10;    level: &quot;warning&quot;&#10;    schema: {&quot;loadingURI&quot;:&quot;#&quot;,&quot;pointer&quot;:&quot;/items/properties/cpf&quot;}&#10;    domain: &quot;syntax&quot;&#10;    ignored: [&quot;examples&quot;]&#10;warning: the following keywords are unknown and will be ignored: [examples]&#10;    level: &quot;warning&quot;&#10;    schema: {&quot;loadingURI&quot;:&quot;#&quot;,&quot;pointer&quot;:&quot;/items/properties/email&quot;}&#10;    domain: &quot;syntax&quot;&#10;    ignored: [&quot;examples&quot;]&#10;warning: the following keywords are unknown and will be ignored: [examples]&#10;    level: &quot;warning&quot;&#10;    schema: {&quot;loadingURI&quot;:&quot;#&quot;,&quot;pointer&quot;:&quot;/items/properties/id&quot;}&#10;    domain: &quot;syntax&quot;&#10;    ignored: [&quot;examples&quot;]&#10;warning: the following keywords are unknown and will be ignored: [examples]&#10;    level: &quot;warning&quot;&#10;    schema: {&quot;loadingURI&quot;:&quot;#&quot;,&quot;pointer&quot;:&quot;/items/properties/nome&quot;}&#10;    domain: &quot;syntax&quot;&#10;    ignored: [&quot;examples&quot;]&#10;warning: the following keywords are unknown and will be ignored: [examples]&#10;    level: &quot;warning&quot;&#10;    schema: {&quot;loadingURI&quot;:&quot;#&quot;,&quot;pointer&quot;:&quot;/items/properties/parcelas&quot;}&#10;    domain: &quot;syntax&quot;&#10;    ignored: [&quot;examples&quot;]&#10;warning: the following keywords are unknown and will be ignored: [examples]&#10;    level: &quot;warning&quot;&#10;    schema: {&quot;loadingURI&quot;:&quot;#&quot;,&quot;pointer&quot;:&quot;/items/properties/seguro&quot;}&#10;    domain: &quot;syntax&quot;&#10;    ignored: [&quot;examples&quot;]&#10;warning: the following keywords are unknown and will be ignored: [examples]&#10;    level: &quot;warning&quot;&#10;    schema: {&quot;loadingURI&quot;:&quot;#&quot;,&quot;pointer&quot;:&quot;/items/properties/valor&quot;}&#10;    domain: &quot;syntax&quot;&#10;    ignored: [&quot;examples&quot;]&#10;warning: the following keywords are unknown and will be ignored: [examples]&#10;    level: &quot;warning&quot;&#10;    schema: {&quot;loadingURI&quot;:&quot;#&quot;,&quot;pointer&quot;:&quot;/items&quot;}&#10;    domain: &quot;syntax&quot;&#10;    ignored: [&quot;examples&quot;]&#10;warning: the following keywords are unknown and will be ignored: [examples]&#10;    level: &quot;warning&quot;&#10;    schema: {&quot;loadingURI&quot;:&quot;#&quot;,&quot;pointer&quot;:&quot;/items/properties/cpf&quot;}&#10;    domain: &quot;syntax&quot;&#10;    ignored: [&quot;examples&quot;]&#10;warning: the following keywords are unknown and will be ignored: [examples]&#10;    level: &quot;warning&quot;&#10;    schema: {&quot;loadingURI&quot;:&quot;#&quot;,&quot;pointer&quot;:&quot;/items/properties/email&quot;}&#10;    domain: &quot;syntax&quot;&#10;    ignored: [&quot;examples&quot;]&#10;warning: the following keywords are unknown and will be ignored: [examples]&#10;    level: &quot;warning&quot;&#10;    schema: {&quot;loadingURI&quot;:&quot;#&quot;,&quot;pointer&quot;:&quot;/items/properties/id&quot;}&#10;    domain: &quot;syntax&quot;&#10;    ignored: [&quot;examples&quot;]&#10;warning: the following keywords are unknown and will be ignored: [examples]&#10;    level: &quot;warning&quot;&#10;    schema: {&quot;loadingURI&quot;:&quot;#&quot;,&quot;pointer&quot;:&quot;/items/properties/nome&quot;}&#10;    domain: &quot;syntax&quot;&#10;    ignored: [&quot;examples&quot;]&#10;warning: the following keywords are unknown and will be ignored: [examples]&#10;    level: &quot;warning&quot;&#10;    schema: {&quot;loadingURI&quot;:&quot;#&quot;,&quot;pointer&quot;:&quot;/items/properties/parcelas&quot;}&#10;    domain: &quot;syntax&quot;&#10;    ignored: [&quot;examples&quot;]&#10;warning: the following keywords are unknown and will be ignored: [examples]&#10;    level: &quot;warning&quot;&#10;    schema: {&quot;loadingURI&quot;:&quot;#&quot;,&quot;pointer&quot;:&quot;/items/properties/seguro&quot;}&#10;    domain: &quot;syntax&quot;&#10;    ignored: [&quot;examples&quot;]&#10;warning: the following keywords are unknown and will be ignored: [examples]&#10;    level: &quot;warning&quot;&#10;    schema: {&quot;loadingURI&quot;:&quot;#&quot;,&quot;pointer&quot;:&quot;/items/properties/valor&quot;}&#10;    domain: &quot;syntax&quot;&#10;    ignored: [&quot;examples&quot;]&#10;warning: the following keywords are unknown and will be ignored: [examples]&#10;    level: &quot;warning&quot;&#10;    schema: {&quot;loadingURI&quot;:&quot;#&quot;,&quot;pointer&quot;:&quot;/items&quot;}&#10;    domain: &quot;syntax&quot;&#10;    ignored: [&quot;examples&quot;]&#10;warning: the following keywords are unknown and will be ignored: [examples]&#10;    level: &quot;warning&quot;&#10;    schema: {&quot;loadingURI&quot;:&quot;#&quot;,&quot;pointer&quot;:&quot;/items/properties/cpf&quot;}&#10;    domain: &quot;syntax&quot;&#10;    ignored: [&quot;examples&quot;]&#10;warning: the following keywords are unknown and will be ignored: [examples]&#10;    level: &quot;warning&quot;&#10;    schema: {&quot;loadingURI&quot;:&quot;#&quot;,&quot;pointer&quot;:&quot;/items/properties/email&quot;}&#10;    domain: &quot;syntax&quot;&#10;    ignored: [&quot;examples&quot;]&#10;warning: the following keywords are unknown and will be ignored: [examples]&#10;    level: &quot;warning&quot;&#10;    schema: {&quot;loadingURI&quot;:&quot;#&quot;,&quot;pointer&quot;:&quot;/items/properties/id&quot;}&#10;    domain: &quot;syntax&quot;&#10;    ignored: [&quot;examples&quot;]&#10;warning: the following keywords are unknown and will be ignored: [examples]&#10;    level: &quot;warning&quot;&#10;    schema: {&quot;loadingURI&quot;:&quot;#&quot;,&quot;pointer&quot;:&quot;/items/properties/nome&quot;}&#10;    domain: &quot;syntax&quot;&#10;    ignored: [&quot;examples&quot;]&#10;warning: the following keywords are unknown and will be ignored: [examples]&#10;    level: &quot;warning&quot;&#10;    schema: {&quot;loadingURI&quot;:&quot;#&quot;,&quot;pointer&quot;:&quot;/items/properties/parcelas&quot;}&#10;    domain: &quot;syntax&quot;&#10;    ignored: [&quot;examples&quot;]&#10;warning: the following keywords are unknown and will be ignored: [examples]&#10;    level: &quot;warning&quot;&#10;    schema: {&quot;loadingURI&quot;:&quot;#&quot;,&quot;pointer&quot;:&quot;/items/properties/seguro&quot;}&#10;    domain: &quot;syntax&quot;&#10;    ignored: [&quot;examples&quot;]&#10;warning: the following keywords are unknown and will be ignored: [examples]&#10;    level: &quot;warning&quot;&#10;    schema: {&quot;loadingURI&quot;:&quot;#&quot;,&quot;pointer&quot;:&quot;/items/properties/valor&quot;}&#10;    domain: &quot;syntax&quot;&#10;    ignored: [&quot;examples&quot;]&#10;warning: the following keywords are unknown and will be ignored: [examples]&#10;    level: &quot;warning&quot;&#10;    schema: {&quot;loadingURI&quot;:&quot;#&quot;,&quot;pointer&quot;:&quot;/items&quot;}&#10;    domain: &quot;syntax&quot;&#10;    ignored: [&quot;examples&quot;]&#10;warning: the following keywords are unknown and will be ignored: [examples]&#10;    level: &quot;warning&quot;&#10;    schema: {&quot;loadingURI&quot;:&quot;#&quot;,&quot;pointer&quot;:&quot;/items/properties/cpf&quot;}&#10;    domain: &quot;syntax&quot;&#10;    ignored: [&quot;examples&quot;]&#10;warning: the following keywords are unknown and will be ignored: [examples]&#10;    level: &quot;warning&quot;&#10;    schema: {&quot;loadingURI&quot;:&quot;#&quot;,&quot;pointer&quot;:&quot;/items/properties/email&quot;}&#10;    domain: &quot;syntax&quot;&#10;    ignored: [&quot;examples&quot;]&#10;warning: the following keywords are unknown and will be ignored: [examples]&#10;    level: &quot;warning&quot;&#10;    schema: {&quot;loadingURI&quot;:&quot;#&quot;,&quot;pointer&quot;:&quot;/items/properties/id&quot;}&#10;    domain: &quot;syntax&quot;&#10;    ignored: [&quot;examples&quot;]&#10;warning: the following keywords are unknown and will be ignored: [examples]&#10;    level: &quot;warning&quot;&#10;    schema: {&quot;loadingURI&quot;:&quot;#&quot;,&quot;pointer&quot;:&quot;/items/properties/nome&quot;}&#10;    domain: &quot;syntax&quot;&#10;    ignored: [&quot;examples&quot;]&#10;warning: the following keywords are unknown and will be ignored: [examples]&#10;    level: &quot;warning&quot;&#10;    schema: {&quot;loadingURI&quot;:&quot;#&quot;,&quot;pointer&quot;:&quot;/items/properties/parcelas&quot;}&#10;    domain: &quot;syntax&quot;&#10;    ignored: [&quot;examples&quot;]&#10;warning: the following keywords are unknown and will be ignored: [examples]&#10;    level: &quot;warning&quot;&#10;    schema: {&quot;loadingURI&quot;:&quot;#&quot;,&quot;pointer&quot;:&quot;/items/properties/seguro&quot;}&#10;    domain: &quot;syntax&quot;&#10;    ignored: [&quot;examples&quot;]&#10;warning: the following keywords are unknown and will be ignored: [examples]&#10;    level: &quot;warning&quot;&#10;    schema: {&quot;loadingURI&quot;:&quot;#&quot;,&quot;pointer&quot;:&quot;/items/properties/valor&quot;}&#10;    domain: &quot;syntax&quot;&#10;    ignored: [&quot;examples&quot;]&#10;warning: the following keywords are unknown and will be ignored: [examples]&#10;    level: &quot;warning&quot;&#10;    schema: {&quot;loadingURI&quot;:&quot;#&quot;,&quot;pointer&quot;:&quot;/items&quot;}&#10;    domain: &quot;syntax&quot;&#10;    ignored: [&quot;examples&quot;]&#10;warning: the following keywords are unknown and will be ignored: [examples]&#10;    level: &quot;warning&quot;&#10;    schema: {&quot;loadingURI&quot;:&quot;#&quot;,&quot;pointer&quot;:&quot;/items/properties/cpf&quot;}&#10;    domain: &quot;syntax&quot;&#10;    ignored: [&quot;examples&quot;]&#10;warning: the following keywords are unknown and will be ignored: [examples]&#10;    level: &quot;warning&quot;&#10;    schema: {&quot;loadingURI&quot;:&quot;#&quot;,&quot;pointer&quot;:&quot;/items/properties/email&quot;}&#10;    domain: &quot;syntax&quot;&#10;    ignored: [&quot;examples&quot;]&#10;warning: the following keywords are unknown and will be ignored: [examples]&#10;    level: &quot;warning&quot;&#10;    schema: {&quot;loadingURI&quot;:&quot;#&quot;,&quot;pointer&quot;:&quot;/items/properties/id&quot;}&#10;    domain: &quot;syntax&quot;&#10;    ignored: [&quot;examples&quot;]&#10;warning: the following keywords are unknown and will be ignored: [examples]&#10;    level: &quot;warning&quot;&#10;    schema: {&quot;loadingURI&quot;:&quot;#&quot;,&quot;pointer&quot;:&quot;/items/properties/nome&quot;}&#10;    domain: &quot;syntax&quot;&#10;    ignored: [&quot;examples&quot;]&#10;warning: the following keywords are unknown and will be ignored: [examples]&#10;    level: &quot;warning&quot;&#10;    schema: {&quot;loadingURI&quot;:&quot;#&quot;,&quot;pointer&quot;:&quot;/items/properties/parcelas&quot;}&#10;    domain: &quot;syntax&quot;&#10;    ignored: [&quot;examples&quot;]&#10;warning: the following keywords are unknown and will be ignored: [examples]&#10;    level: &quot;warning&quot;&#10;    schema: {&quot;loadingURI&quot;:&quot;#&quot;,&quot;pointer&quot;:&quot;/items/properties/seguro&quot;}&#10;    domain: &quot;syntax&quot;&#10;    ignored: [&quot;examples&quot;]&#10;warning: the following keywords are unknown and will be ignored: [examples]&#10;    level: &quot;warning&quot;&#10;    schema: {&quot;loadingURI&quot;:&quot;#&quot;,&quot;pointer&quot;:&quot;/items/properties/valor&quot;}&#10;    domain: &quot;syntax&quot;&#10;    ignored: [&quot;examples&quot;]&#10;warning: the following keywords are unknown and will be ignored: [examples]&#10;    level: &quot;warning&quot;&#10;    schema: {&quot;loadingURI&quot;:&quot;#&quot;,&quot;pointer&quot;:&quot;/items&quot;}&#10;    domain: &quot;syntax&quot;&#10;    ignored: [&quot;examples&quot;]&#10;warning: the following keywords are unknown and will be ignored: [examples]&#10;    level: &quot;warning&quot;&#10;    schema: {&quot;loadingURI&quot;:&quot;#&quot;,&quot;pointer&quot;:&quot;/items/properties/cpf&quot;}&#10;    domain: &quot;syntax&quot;&#10;    ignored: [&quot;examples&quot;]&#10;warning: the following keywords are unknown and will be ignored: [examples]&#10;    level: &quot;warning&quot;&#10;    schema: {&quot;loadingURI&quot;:&quot;#&quot;,&quot;pointer&quot;:&quot;/items/properties/email&quot;}&#10;    domain: &quot;syntax&quot;&#10;    ignored: [&quot;examples&quot;]&#10;warning: the following keywords are unknown and will be ignored: [examples]&#10;    level: &quot;warning&quot;&#10;    schema: {&quot;loadingURI&quot;:&quot;#&quot;,&quot;pointer&quot;:&quot;/items/properties/id&quot;}&#10;    domain: &quot;syntax&quot;&#10;    ignored: [&quot;examples&quot;]&#10;warning: the following keywords are unknown and will be ignored: [examples]&#10;    level: &quot;warning&quot;&#10;    schema: {&quot;loadingURI&quot;:&quot;#&quot;,&quot;pointer&quot;:&quot;/items/properties/nome&quot;}&#10;    domain: &quot;syntax&quot;&#10;    ignored: [&quot;examples&quot;]&#10;warning: the following keywords are unknown and will be ignored: [examples]&#10;    level: &quot;warning&quot;&#10;    schema: {&quot;loadingURI&quot;:&quot;#&quot;,&quot;pointer&quot;:&quot;/items/properties/parcelas&quot;}&#10;    domain: &quot;syntax&quot;&#10;    ignored: [&quot;examples&quot;]&#10;warning: the following keywords are unknown and will be ignored: [examples]&#10;    level: &quot;warning&quot;&#10;    schema: {&quot;loadingURI&quot;:&quot;#&quot;,&quot;pointer&quot;:&quot;/items/properties/seguro&quot;}&#10;    domain: &quot;syntax&quot;&#10;    ignored: [&quot;examples&quot;]&#10;warning: the following keywords are unknown and will be ignored: [examples]&#10;    level: &quot;warning&quot;&#10;    schema: {&quot;loadingURI&quot;:&quot;#&quot;,&quot;pointer&quot;:&quot;/items/properties/valor&quot;}&#10;    domain: &quot;syntax&quot;&#10;    ignored: [&quot;examples&quot;]&#10;warning: the following keywords are unknown and will be ignored: [examples]&#10;    level: &quot;warning&quot;&#10;    schema: {&quot;loadingURI&quot;:&quot;#&quot;,&quot;pointer&quot;:&quot;/items&quot;}&#10;    domain: &quot;syntax&quot;&#10;    ignored: [&quot;examples&quot;]&#10;warning: the following keywords are unknown and will be ignored: [examples]&#10;    level: &quot;warning&quot;&#10;    schema: {&quot;loadingURI&quot;:&quot;#&quot;,&quot;pointer&quot;:&quot;/items/properties/cpf&quot;}&#10;    domain: &quot;syntax&quot;&#10;    ignored: [&quot;examples&quot;]&#10;warning: the following keywords are unknown and will be ignored: [examples]&#10;    level: &quot;warning&quot;&#10;    schema: {&quot;loadingURI&quot;:&quot;#&quot;,&quot;pointer&quot;:&quot;/items/properties/email&quot;}&#10;    domain: &quot;syntax&quot;&#10;    ignored: [&quot;examples&quot;]&#10;warning: the following keywords are unknown and will be ignored: [examples]&#10;    level: &quot;warning&quot;&#10;    schema: {&quot;loadingURI&quot;:&quot;#&quot;,&quot;pointer&quot;:&quot;/items/properties/id&quot;}&#10;    domain: &quot;syntax&quot;&#10;    ignored: [&quot;examples&quot;]&#10;warning: the following keywords are unknown and will be ignored: [examples]&#10;    level: &quot;warning&quot;&#10;    schema: {&quot;loadingURI&quot;:&quot;#&quot;,&quot;pointer&quot;:&quot;/items/properties/nome&quot;}&#10;    domain: &quot;syntax&quot;&#10;    ignored: [&quot;examples&quot;]&#10;warning: the following keywords are unknown and will be ignored: [examples]&#10;    level: &quot;warning&quot;&#10;    schema: {&quot;loadingURI&quot;:&quot;#&quot;,&quot;pointer&quot;:&quot;/items/properties/parcelas&quot;}&#10;    domain: &quot;syntax&quot;&#10;    ignored: [&quot;examples&quot;]&#10;warning: the following keywords are unknown and will be ignored: [examples]&#10;    level: &quot;warning&quot;&#10;    schema: {&quot;loadingURI&quot;:&quot;#&quot;,&quot;pointer&quot;:&quot;/items/properties/seguro&quot;}&#10;    domain: &quot;syntax&quot;&#10;    ignored: [&quot;examples&quot;]&#10;warning: the following keywords are unknown and will be ignored: [examples]&#10;    level: &quot;warning&quot;&#10;    schema: {&quot;loadingURI&quot;:&quot;#&quot;,&quot;pointer&quot;:&quot;/items/properties/valor&quot;}&#10;    domain: &quot;syntax&quot;&#10;    ignored: [&quot;examples&quot;]&#10;warning: the following keywords are unknown and will be ignored: [examples]&#10;    level: &quot;warning&quot;&#10;    schema: {&quot;loadingURI&quot;:&quot;#&quot;,&quot;pointer&quot;:&quot;/items&quot;}&#10;    domain: &quot;syntax&quot;&#10;    ignored: [&quot;examples&quot;]&#10;warning: the following keywords are unknown and will be ignored: [examples]&#10;    level: &quot;warning&quot;&#10;    schema: {&quot;loadingURI&quot;:&quot;#&quot;,&quot;pointer&quot;:&quot;/items/properties/cpf&quot;}&#10;    domain: &quot;syntax&quot;&#10;    ignored: [&quot;examples&quot;]&#10;warning: the following keywords are unknown and will be ignored: [examples]&#10;    level: &quot;warning&quot;&#10;    schema: {&quot;loadingURI&quot;:&quot;#&quot;,&quot;pointer&quot;:&quot;/items/properties/email&quot;}&#10;    domain: &quot;syntax&quot;&#10;    ignored: [&quot;examples&quot;]&#10;warning: the following keywords are unknown and will be ignored: [examples]&#10;    level: &quot;warning&quot;&#10;    schema: {&quot;loadingURI&quot;:&quot;#&quot;,&quot;pointer&quot;:&quot;/items/properties/id&quot;}&#10;    domain: &quot;syntax&quot;&#10;    ignored: [&quot;examples&quot;]&#10;warning: the following keywords are unknown and will be ignored: [examples]&#10;    level: &quot;warning&quot;&#10;    schema: {&quot;loadingURI&quot;:&quot;#&quot;,&quot;pointer&quot;:&quot;/items/properties/nome&quot;}&#10;    domain: &quot;syntax&quot;&#10;    ignored: [&quot;examples&quot;]&#10;warning: the following keywords are unknown and will be ignored: [examples]&#10;    level: &quot;warning&quot;&#10;    schema: {&quot;loadingURI&quot;:&quot;#&quot;,&quot;pointer&quot;:&quot;/items/properties/parcelas&quot;}&#10;    domain: &quot;syntax&quot;&#10;    ignored: [&quot;examples&quot;]&#10;warning: the following keywords are unknown and will be ignored: [examples]&#10;    level: &quot;warning&quot;&#10;    schema: {&quot;loadingURI&quot;:&quot;#&quot;,&quot;pointer&quot;:&quot;/items/properties/seguro&quot;}&#10;    domain: &quot;syntax&quot;&#10;    ignored: [&quot;examples&quot;]&#10;warning: the following keywords are unknown and will be ignored: [examples]&#10;    level: &quot;warning&quot;&#10;    schema: {&quot;loadingURI&quot;:&quot;#&quot;,&quot;pointer&quot;:&quot;/items/properties/valor&quot;}&#10;    domain: &quot;syntax&quot;&#10;    ignored: [&quot;examples&quot;]&#10;warning: the following keywords are unknown and will be ignored: [examples]&#10;    level: &quot;warning&quot;&#10;    schema: {&quot;loadingURI&quot;:&quot;#&quot;,&quot;pointer&quot;:&quot;/items&quot;}&#10;    domain: &quot;syntax&quot;&#10;    ignored: [&quot;examples&quot;]&#10;warning: the following keywords are unknown and will be ignored: [examples]&#10;    level: &quot;warning&quot;&#10;    schema: {&quot;loadingURI&quot;:&quot;#&quot;,&quot;pointer&quot;:&quot;/items/properties/cpf&quot;}&#10;    domain: &quot;syntax&quot;&#10;    ignored: [&quot;examples&quot;]&#10;warning: the following keywords are unknown and will be ignored: [examples]&#10;    level: &quot;warning&quot;&#10;    schema: {&quot;loadingURI&quot;:&quot;#&quot;,&quot;pointer&quot;:&quot;/items/properties/email&quot;}&#10;    domain: &quot;syntax&quot;&#10;    ignored: [&quot;examples&quot;]&#10;warning: the following keywords are unknown and will be ignored: [examples]&#10;    level: &quot;warning&quot;&#10;    schema: {&quot;loadingURI&quot;:&quot;#&quot;,&quot;pointer&quot;:&quot;/items/properties/id&quot;}&#10;    domain: &quot;syntax&quot;&#10;    ignored: [&quot;examples&quot;]&#10;warning: the following keywords are unknown and will be ignored: [examples]&#10;    level: &quot;warning&quot;&#10;    schema: {&quot;loadingURI&quot;:&quot;#&quot;,&quot;pointer&quot;:&quot;/items/properties/nome&quot;}&#10;    domain: &quot;syntax&quot;&#10;    ignored: [&quot;examples&quot;]&#10;warning: the following keywords are unknown and will be ignored: [examples]&#10;    level: &quot;warning&quot;&#10;    schema: {&quot;loadingURI&quot;:&quot;#&quot;,&quot;pointer&quot;:&quot;/items/properties/parcelas&quot;}&#10;    domain: &quot;syntax&quot;&#10;    ignored: [&quot;examples&quot;]&#10;warning: the following keywords are unknown and will be ignored: [examples]&#10;    level: &quot;warning&quot;&#10;    schema: {&quot;loadingURI&quot;:&quot;#&quot;,&quot;pointer&quot;:&quot;/items/properties/seguro&quot;}&#10;    domain: &quot;syntax&quot;&#10;    ignored: [&quot;examples&quot;]&#10;warning: the following keywords are unknown and will be ignored: [examples]&#10;    level: &quot;warning&quot;&#10;    schema: {&quot;loadingURI&quot;:&quot;#&quot;,&quot;pointer&quot;:&quot;/items/properties/valor&quot;}&#10;    domain: &quot;syntax&quot;&#10;    ignored: [&quot;examples&quot;]&#10;warning: the following keywords are unknown and will be ignored: [examples]&#10;    level: &quot;warning&quot;&#10;    schema: {&quot;loadingURI&quot;:&quot;#&quot;,&quot;pointer&quot;:&quot;/items&quot;}&#10;    domain: &quot;syntax&quot;&#10;    ignored: [&quot;examples&quot;]&#10;warning: the following keywords are unknown and will be ignored: [examples]&#10;    level: &quot;warning&quot;&#10;    schema: {&quot;loadingURI&quot;:&quot;#&quot;,&quot;pointer&quot;:&quot;/items/properties/cpf&quot;}&#10;    domain: &quot;syntax&quot;&#10;    ignored: [&quot;examples&quot;]&#10;warning: the following keywords are unknown and will be ignored: [examples]&#10;    level: &quot;warning&quot;&#10;    schema: {&quot;loadingURI&quot;:&quot;#&quot;,&quot;pointer&quot;:&quot;/items/properties/email&quot;}&#10;    domain: &quot;syntax&quot;&#10;    ignored: [&quot;examples&quot;]&#10;warning: the following keywords are unknown and will be ignored: [examples]&#10;    level: &quot;warning&quot;&#10;    schema: {&quot;loadingURI&quot;:&quot;#&quot;,&quot;pointer&quot;:&quot;/items/properties/id&quot;}&#10;    domain: &quot;syntax&quot;&#10;    ignored: [&quot;examples&quot;]&#10;warning: the following keywords are unknown and will be ignored: [examples]&#10;    level: &quot;warning&quot;&#10;    schema: {&quot;loadingURI&quot;:&quot;#&quot;,&quot;pointer&quot;:&quot;/items/properties/nome&quot;}&#10;    domain: &quot;syntax&quot;&#10;    ignored: [&quot;examples&quot;]&#10;warning: the following keywords are unknown and will be ignored: [examples]&#10;    level: &quot;warning&quot;&#10;    schema: {&quot;loadingURI&quot;:&quot;#&quot;,&quot;pointer&quot;:&quot;/items/properties/parcelas&quot;}&#10;    domain: &quot;syntax&quot;&#10;    ignored: [&quot;examples&quot;]&#10;warning: the following keywords are unknown and will be ignored: [examples]&#10;    level: &quot;warning&quot;&#10;    schema: {&quot;loadingURI&quot;:&quot;#&quot;,&quot;pointer&quot;:&quot;/items/properties/seguro&quot;}&#10;    domain: &quot;syntax&quot;&#10;    ignored: [&quot;examples&quot;]&#10;warning: the following keywords are unknown and will be ignored: [examples]&#10;    level: &quot;warning&quot;&#10;    schema: {&quot;loadingURI&quot;:&quot;#&quot;,&quot;pointer&quot;:&quot;/items/properties/valor&quot;}&#10;    domain: &quot;syntax&quot;&#10;    ignored: [&quot;examples&quot;]&#10;warning: the following keywords are unknown and will be ignored: [examples]&#10;    level: &quot;warning&quot;&#10;    schema: {&quot;loadingURI&quot;:&quot;#&quot;,&quot;pointer&quot;:&quot;/items&quot;}&#10;    domain: &quot;syntax&quot;&#10;    ignored: [&quot;examples&quot;]&#10;warning: the following keywords are unknown and will be ignored: [examples]&#10;    level: &quot;warning&quot;&#10;    schema: {&quot;loadingURI&quot;:&quot;#&quot;,&quot;pointer&quot;:&quot;/items/properties/cpf&quot;}&#10;    domain: &quot;syntax&quot;&#10;    ignored: [&quot;examples&quot;]&#10;warning: the following keywords are unknown and will be ignored: [examples]&#10;    level: &quot;warning&quot;&#10;    schema: {&quot;loadingURI&quot;:&quot;#&quot;,&quot;pointer&quot;:&quot;/items/properties/email&quot;}&#10;    domain: &quot;syntax&quot;&#10;    ignored: [&quot;examples&quot;]&#10;warning: the following keywords are unknown and will be ignored: [examples]&#10;    level: &quot;warning&quot;&#10;    schema: {&quot;loadingURI&quot;:&quot;#&quot;,&quot;pointer&quot;:&quot;/items/properties/id&quot;}&#10;    domain: &quot;syntax&quot;&#10;    ignored: [&quot;examples&quot;]&#10;warning: the following keywords are unknown and will be ignored: [examples]&#10;    level: &quot;warning&quot;&#10;    schema: {&quot;loadingURI&quot;:&quot;#&quot;,&quot;pointer&quot;:&quot;/items/properties/nome&quot;}&#10;    domain: &quot;syntax&quot;&#10;    ignored: [&quot;examples&quot;]&#10;warning: the following keywords are unknown and will be ignored: [examples]&#10;    level: &quot;warning&quot;&#10;    schema: {&quot;loadingURI&quot;:&quot;#&quot;,&quot;pointer&quot;:&quot;/items/properties/parcelas&quot;}&#10;    domain: &quot;syntax&quot;&#10;    ignored: [&quot;examples&quot;]&#10;warning: the following keywords are unknown and will be ignored: [examples]&#10;    level: &quot;warning&quot;&#10;    schema: {&quot;loadingURI&quot;:&quot;#&quot;,&quot;pointer&quot;:&quot;/items/properties/seguro&quot;}&#10;    domain: &quot;syntax&quot;&#10;    ignored: [&quot;examples&quot;]&#10;warning: the following keywords are unknown and will be ignored: [examples]&#10;    level: &quot;warning&quot;&#10;    schema: {&quot;loadingURI&quot;:&quot;#&quot;,&quot;pointer&quot;:&quot;/items/properties/valor&quot;}&#10;    domain: &quot;syntax&quot;&#10;    ignored: [&quot;examples&quot;]&#10;warning: the following keywords are unknown and will be ignored: [examples]&#10;    level: &quot;warning&quot;&#10;    schema: {&quot;loadingURI&quot;:&quot;#&quot;,&quot;pointer&quot;:&quot;/items&quot;}&#10;    domain: &quot;syntax&quot;&#10;    ignored: [&quot;examples&quot;]&#10;warning: the following keywords are unknown and will be ignored: [examples]&#10;    level: &quot;warning&quot;&#10;    schema: {&quot;loadingURI&quot;:&quot;#&quot;,&quot;pointer&quot;:&quot;/items/properties/cpf&quot;}&#10;    domain: &quot;syntax&quot;&#10;    ignored: [&quot;examples&quot;]&#10;warning: the following keywords are unknown and will be ignored: [examples]&#10;    level: &quot;warning&quot;&#10;    schema: {&quot;loadingURI&quot;:&quot;#&quot;,&quot;pointer&quot;:&quot;/items/properties/email&quot;}&#10;    domain: &quot;syntax&quot;&#10;    ignored: [&quot;examples&quot;]&#10;warning: the following keywords are unknown and will be ignored: [examples]&#10;    level: &quot;warning&quot;&#10;    schema: {&quot;loadingURI&quot;:&quot;#&quot;,&quot;pointer&quot;:&quot;/items/properties/id&quot;}&#10;    domain: &quot;syntax&quot;&#10;    ignored: [&quot;examples&quot;]&#10;warning: the following keywords are unknown and will be ignored: [examples]&#10;    level: &quot;warning&quot;&#10;    schema: {&quot;loadingURI&quot;:&quot;#&quot;,&quot;pointer&quot;:&quot;/items/properties/nome&quot;}&#10;    domain: &quot;syntax&quot;&#10;    ignored: [&quot;examples&quot;]&#10;warning: the following keywords are unknown and will be ignored: [examples]&#10;    level: &quot;warning&quot;&#10;    schema: {&quot;loadingURI&quot;:&quot;#&quot;,&quot;pointer&quot;:&quot;/items/properties/parcelas&quot;}&#10;    domain: &quot;syntax&quot;&#10;    ignored: [&quot;examples&quot;]&#10;warning: the following keywords are unknown and will be ignored: [examples]&#10;    level: &quot;warning&quot;&#10;    schema: {&quot;loadingURI&quot;:&quot;#&quot;,&quot;pointer&quot;:&quot;/items/properties/seguro&quot;}&#10;    domain: &quot;syntax&quot;&#10;    ignored: [&quot;examples&quot;]&#10;warning: the following keywords are unknown and will be ignored: [examples]&#10;    level: &quot;warning&quot;&#10;    schema: {&quot;loadingURI&quot;:&quot;#&quot;,&quot;pointer&quot;:&quot;/items/properties/valor&quot;}&#10;    domain: &quot;syntax&quot;&#10;    ignored: [&quot;examples&quot;]&#10;warning: the following keywords are unknown and will be ignored: [examples]&#10;    level: &quot;warning&quot;&#10;    schema: {&quot;loadingURI&quot;:&quot;#&quot;,&quot;pointer&quot;:&quot;/items&quot;}&#10;    domain: &quot;syntax&quot;&#10;    ignored: [&quot;examples&quot;]&#10;warning: the following keywords are unknown and will be ignored: [examples]&#10;    level: &quot;warning&quot;&#10;    schema: {&quot;loadingURI&quot;:&quot;#&quot;,&quot;pointer&quot;:&quot;/items/properties/cpf&quot;}&#10;    domain: &quot;syntax&quot;&#10;    ignored: [&quot;examples&quot;]&#10;warning: the following keywords are unknown and will be ignored: [examples]&#10;    level: &quot;warning&quot;&#10;    schema: {&quot;loadingURI&quot;:&quot;#&quot;,&quot;pointer&quot;:&quot;/items/properties/email&quot;}&#10;    domain: &quot;syntax&quot;&#10;    ignored: [&quot;examples&quot;]&#10;warning: the following keywords are unknown and will be ignored: [examples]&#10;    level: &quot;warning&quot;&#10;    schema: {&quot;loadingURI&quot;:&quot;#&quot;,&quot;pointer&quot;:&quot;/items/properties/id&quot;}&#10;    domain: &quot;syntax&quot;&#10;    ignored: [&quot;examples&quot;]&#10;warning: the following keywords are unknown and will be ignored: [examples]&#10;    level: &quot;warning&quot;&#10;    schema: {&quot;loadingURI&quot;:&quot;#&quot;,&quot;pointer&quot;:&quot;/items/properties/nome&quot;}&#10;    domain: &quot;syntax&quot;&#10;    ignored: [&quot;examples&quot;]&#10;warning: the following keywords are unknown and will be ignored: [examples]&#10;    level: &quot;warning&quot;&#10;    schema: {&quot;loadingURI&quot;:&quot;#&quot;,&quot;pointer&quot;:&quot;/items/properties/parcelas&quot;}&#10;    domain: &quot;syntax&quot;&#10;    ignored: [&quot;examples&quot;]&#10;warning: the following keywords are unknown and will be ignored: [examples]&#10;    level: &quot;warning&quot;&#10;    schema: {&quot;loadingURI&quot;:&quot;#&quot;,&quot;pointer&quot;:&quot;/items/properties/seguro&quot;}&#10;    domain: &quot;syntax&quot;&#10;    ignored: [&quot;examples&quot;]&#10;warning: the following keywords are unknown and will be ignored: [examples]&#10;    level: &quot;warning&quot;&#10;    schema: {&quot;loadingURI&quot;:&quot;#&quot;,&quot;pointer&quot;:&quot;/items/properties/valor&quot;}&#10;    domain: &quot;syntax&quot;&#10;    ignored: [&quot;examples&quot;]&#10;warning: the following keywords are unknown and will be ignored: [examples]&#10;    level: &quot;warning&quot;&#10;    schema: {&quot;loadingURI&quot;:&quot;#&quot;,&quot;pointer&quot;:&quot;/items&quot;}&#10;    domain: &quot;syntax&quot;&#10;    ignored: [&quot;examples&quot;]&#10;warning: the following keywords are unknown and will be ignored: [examples]&#10;    level: &quot;warning&quot;&#10;    schema: {&quot;loadingURI&quot;:&quot;#&quot;,&quot;pointer&quot;:&quot;/items/properties/cpf&quot;}&#10;    domain: &quot;syntax&quot;&#10;    ignored: [&quot;examples&quot;]&#10;warning: the following keywords are unknown and will be ignored: [examples]&#10;    level: &quot;warning&quot;&#10;    schema: {&quot;loadingURI&quot;:&quot;#&quot;,&quot;pointer&quot;:&quot;/items/properties/email&quot;}&#10;    domain: &quot;syntax&quot;&#10;    ignored: [&quot;examples&quot;]&#10;warning: the following keywords are unknown and will be ignored: [examples]&#10;    level: &quot;warning&quot;&#10;    schema: {&quot;loadingURI&quot;:&quot;#&quot;,&quot;pointer&quot;:&quot;/items/properties/id&quot;}&#10;    domain: &quot;syntax&quot;&#10;    ignored: [&quot;examples&quot;]&#10;warning: the following keywords are unknown and will be ignored: [examples]&#10;    level: &quot;warning&quot;&#10;    schema: {&quot;loadingURI&quot;:&quot;#&quot;,&quot;pointer&quot;:&quot;/items/properties/nome&quot;}&#10;    domain: &quot;syntax&quot;&#10;    ignored: [&quot;examples&quot;]&#10;warning: the following keywords are unknown and will be ignored: [examples]&#10;    level: &quot;warning&quot;&#10;    schema: {&quot;loadingURI&quot;:&quot;#&quot;,&quot;pointer&quot;:&quot;/items/properties/parcelas&quot;}&#10;    domain: &quot;syntax&quot;&#10;    ignored: [&quot;examples&quot;]&#10;warning: the following keywords are unknown and will be ignored: [examples]&#10;    level: &quot;warning&quot;&#10;    schema: {&quot;loadingURI&quot;:&quot;#&quot;,&quot;pointer&quot;:&quot;/items/properties/seguro&quot;}&#10;    domain: &quot;syntax&quot;&#10;    ignored: [&quot;examples&quot;]&#10;warning: the following keywords are unknown and will be ignored: [examples]&#10;    level: &quot;warning&quot;&#10;    schema: {&quot;loadingURI&quot;:&quot;#&quot;,&quot;pointer&quot;:&quot;/items/properties/valor&quot;}&#10;    domain: &quot;syntax&quot;&#10;    ignored: [&quot;examples&quot;]&#10;warning: the following keywords are unknown and will be ignored: [examples]&#10;    level: &quot;warning&quot;&#10;    schema: {&quot;loadingURI&quot;:&quot;#&quot;,&quot;pointer&quot;:&quot;/items&quot;}&#10;    domain: &quot;syntax&quot;&#10;    ignored: [&quot;examples&quot;]&#10;warning: the following keywords are unknown and will be ignored: [examples]&#10;    level: &quot;warning&quot;&#10;    schema: {&quot;loadingURI&quot;:&quot;#&quot;,&quot;pointer&quot;:&quot;/items/properties/cpf&quot;}&#10;    domain: &quot;syntax&quot;&#10;    ignored: [&quot;examples&quot;]&#10;warning: the following keywords are unknown and will be ignored: [examples]&#10;    level: &quot;warning&quot;&#10;    schema: {&quot;loadingURI&quot;:&quot;#&quot;,&quot;pointer&quot;:&quot;/items/properties/email&quot;}&#10;    domain: &quot;syntax&quot;&#10;    ignored: [&quot;examples&quot;]&#10;warning: the following keywords are unknown and will be ignored: [examples]&#10;    level: &quot;warning&quot;&#10;    schema: {&quot;loadingURI&quot;:&quot;#&quot;,&quot;pointer&quot;:&quot;/items/properties/id&quot;}&#10;    domain: &quot;syntax&quot;&#10;    ignored: [&quot;examples&quot;]&#10;warning: the following keywords are unknown and will be ignored: [examples]&#10;    level: &quot;warning&quot;&#10;    schema: {&quot;loadingURI&quot;:&quot;#&quot;,&quot;pointer&quot;:&quot;/items/properties/nome&quot;}&#10;    domain: &quot;syntax&quot;&#10;    ignored: [&quot;examples&quot;]&#10;warning: the following keywords are unknown and will be ignored: [examples]&#10;    level: &quot;warning&quot;&#10;    schema: {&quot;loadingURI&quot;:&quot;#&quot;,&quot;pointer&quot;:&quot;/items/properties/parcelas&quot;}&#10;    domain: &quot;syntax&quot;&#10;    ignored: [&quot;examples&quot;]&#10;warning: the following keywords are unknown and will be ignored: [examples]&#10;    level: &quot;warning&quot;&#10;    schema: {&quot;loadingURI&quot;:&quot;#&quot;,&quot;pointer&quot;:&quot;/items/properties/seguro&quot;}&#10;    domain: &quot;syntax&quot;&#10;    ignored: [&quot;examples&quot;]&#10;warning: the following keywords are unknown and will be ignored: [examples]&#10;    level: &quot;warning&quot;&#10;    schema: {&quot;loadingURI&quot;:&quot;#&quot;,&quot;pointer&quot;:&quot;/items/properties/valor&quot;}&#10;    domain: &quot;syntax&quot;&#10;    ignored: [&quot;examples&quot;]&#10;warning: the following keywords are unknown and will be ignored: [examples]&#10;    level: &quot;warning&quot;&#10;    schema: {&quot;loadingURI&quot;:&quot;#&quot;,&quot;pointer&quot;:&quot;/items&quot;}&#10;    domain: &quot;syntax&quot;&#10;    ignored: [&quot;examples&quot;]&#10;warning: the following keywords are unknown and will be ignored: [examples]&#10;    level: &quot;warning&quot;&#10;    schema: {&quot;loadingURI&quot;:&quot;#&quot;,&quot;pointer&quot;:&quot;/items/properties/cpf&quot;}&#10;    domain: &quot;syntax&quot;&#10;    ignored: [&quot;examples&quot;]&#10;warning: the following keywords are unknown and will be ignored: [examples]&#10;    level: &quot;warning&quot;&#10;    schema: {&quot;loadingURI&quot;:&quot;#&quot;,&quot;pointer&quot;:&quot;/items/properties/email&quot;}&#10;    domain: &quot;syntax&quot;&#10;    ignored: [&quot;examples&quot;]&#10;warning: the following keywords are unknown and will be ignored: [examples]&#10;    level: &quot;warning&quot;&#10;    schema: {&quot;loadingURI&quot;:&quot;#&quot;,&quot;pointer&quot;:&quot;/items/properties/id&quot;}&#10;    domain: &quot;syntax&quot;&#10;    ignored: [&quot;examples&quot;]&#10;warning: the following keywords are unknown and will be ignored: [examples]&#10;    level: &quot;warning&quot;&#10;    schema: {&quot;loadingURI&quot;:&quot;#&quot;,&quot;pointer&quot;:&quot;/items/properties/nome&quot;}&#10;    domain: &quot;syntax&quot;&#10;    ignored: [&quot;examples&quot;]&#10;warning: the following keywords are unknown and will be ignored: [examples]&#10;    level: &quot;warning&quot;&#10;    schema: {&quot;loadingURI&quot;:&quot;#&quot;,&quot;pointer&quot;:&quot;/items/properties/parcelas&quot;}&#10;    domain: &quot;syntax&quot;&#10;    ignored: [&quot;examples&quot;]&#10;warning: the following keywords are unknown and will be ignored: [examples]&#10;    level: &quot;warning&quot;&#10;    schema: {&quot;loadingURI&quot;:&quot;#&quot;,&quot;pointer&quot;:&quot;/items/properties/seguro&quot;}&#10;    domain: &quot;syntax&quot;&#10;    ignored: [&quot;examples&quot;]&#10;warning: the following keywords are unknown and will be ignored: [examples]&#10;    level: &quot;warning&quot;&#10;    schema: {&quot;loadingURI&quot;:&quot;#&quot;,&quot;pointer&quot;:&quot;/items/properties/valor&quot;}&#10;    domain: &quot;syntax&quot;&#10;    ignored: [&quot;examples&quot;]&#10;warning: the following keywords are unknown and will be ignored: [examples]&#10;    level: &quot;warning&quot;&#10;    schema: {&quot;loadingURI&quot;:&quot;#&quot;,&quot;pointer&quot;:&quot;/items&quot;}&#10;    domain: &quot;syntax&quot;&#10;    ignored: [&quot;examples&quot;]&#10;warning: the following keywords are unknown and will be ignored: [examples]&#10;    level: &quot;warning&quot;&#10;    schema: {&quot;loadingURI&quot;:&quot;#&quot;,&quot;pointer&quot;:&quot;/items/properties/cpf&quot;}&#10;    domain: &quot;syntax&quot;&#10;    ignored: [&quot;examples&quot;]&#10;warning: the following keywords are unknown and will be ignored: [examples]&#10;    level: &quot;warning&quot;&#10;    schema: {&quot;loadingURI&quot;:&quot;#&quot;,&quot;pointer&quot;:&quot;/items/properties/email&quot;}&#10;    domain: &quot;syntax&quot;&#10;    ignored: [&quot;examples&quot;]&#10;warning: the following keywords are unknown and will be ignored: [examples]&#10;    level: &quot;warning&quot;&#10;    schema: {&quot;loadingURI&quot;:&quot;#&quot;,&quot;pointer&quot;:&quot;/items/properties/id&quot;}&#10;    domain: &quot;syntax&quot;&#10;    ignored: [&quot;examples&quot;]&#10;warning: the following keywords are unknown and will be ignored: [examples]&#10;    level: &quot;warning&quot;&#10;    schema: {&quot;loadingURI&quot;:&quot;#&quot;,&quot;pointer&quot;:&quot;/items/properties/nome&quot;}&#10;    domain: &quot;syntax&quot;&#10;    ignored: [&quot;examples&quot;]&#10;warning: the following keywords are unknown and will be ignored: [examples]&#10;    level: &quot;warning&quot;&#10;    schema: {&quot;loadingURI&quot;:&quot;#&quot;,&quot;pointer&quot;:&quot;/items/properties/parcelas&quot;}&#10;    domain: &quot;syntax&quot;&#10;    ignored: [&quot;examples&quot;]&#10;warning: the following keywords are unknown and will be ignored: [examples]&#10;    level: &quot;warning&quot;&#10;    schema: {&quot;loadingURI&quot;:&quot;#&quot;,&quot;pointer&quot;:&quot;/items/properties/seguro&quot;}&#10;    domain: &quot;syntax&quot;&#10;    ignored: [&quot;examples&quot;]&#10;warning: the following keywords are unknown and will be ignored: [examples]&#10;    level: &quot;warning&quot;&#10;    schema: {&quot;loadingURI&quot;:&quot;#&quot;,&quot;pointer&quot;:&quot;/items/properties/valor&quot;}&#10;    domain: &quot;syntax&quot;&#10;    ignored: [&quot;examples&quot;]&#10;warning: the following keywords are unknown and will be ignored: [examples]&#10;    level: &quot;warning&quot;&#10;    schema: {&quot;loadingURI&quot;:&quot;#&quot;,&quot;pointer&quot;:&quot;/items&quot;}&#10;    domain: &quot;syntax&quot;&#10;    ignored: [&quot;examples&quot;]&#10;warning: the following keywords are unknown and will be ignored: [examples]&#10;    level: &quot;warning&quot;&#10;    schema: {&quot;loadingURI&quot;:&quot;#&quot;,&quot;pointer&quot;:&quot;/items/properties/cpf&quot;}&#10;    domain: &quot;syntax&quot;&#10;    ignored: [&quot;examples&quot;]&#10;warning: the following keywords are unknown and will be ignored: [examples]&#10;    level: &quot;warning&quot;&#10;    schema: {&quot;loadingURI&quot;:&quot;#&quot;,&quot;pointer&quot;:&quot;/items/properties/email&quot;}&#10;    domain: &quot;syntax&quot;&#10;    ignored: [&quot;examples&quot;]&#10;warning: the following keywords are unknown and will be ignored: [examples]&#10;    level: &quot;warning&quot;&#10;    schema: {&quot;loadingURI&quot;:&quot;#&quot;,&quot;pointer&quot;:&quot;/items/properties/id&quot;}&#10;    domain: &quot;syntax&quot;&#10;    ignored: [&quot;examples&quot;]&#10;warning: the following keywords are unknown and will be ignored: [examples]&#10;    level: &quot;warning&quot;&#10;    schema: {&quot;loadingURI&quot;:&quot;#&quot;,&quot;pointer&quot;:&quot;/items/properties/nome&quot;}&#10;    domain: &quot;syntax&quot;&#10;    ignored: [&quot;examples&quot;]&#10;warning: the following keywords are unknown and will be ignored: [examples]&#10;    level: &quot;warning&quot;&#10;    schema: {&quot;loadingURI&quot;:&quot;#&quot;,&quot;pointer&quot;:&quot;/items/properties/parcelas&quot;}&#10;    domain: &quot;syntax&quot;&#10;    ignored: [&quot;examples&quot;]&#10;warning: the following keywords are unknown and will be ignored: [examples]&#10;    level: &quot;warning&quot;&#10;    schema: {&quot;loadingURI&quot;:&quot;#&quot;,&quot;pointer&quot;:&quot;/items/properties/seguro&quot;}&#10;    domain: &quot;syntax&quot;&#10;    ignored: [&quot;examples&quot;]&#10;warning: the following keywords are unknown and will be ignored: [examples]&#10;    level: &quot;warning&quot;&#10;    schema: {&quot;loadingURI&quot;:&quot;#&quot;,&quot;pointer&quot;:&quot;/items/properties/valor&quot;}&#10;    domain: &quot;syntax&quot;&#10;    ignored: [&quot;examples&quot;]&#10;warning: the following keywords are unknown and will be ignored: [examples]&#10;    level: &quot;warning&quot;&#10;    schema: {&quot;loadingURI&quot;:&quot;#&quot;,&quot;pointer&quot;:&quot;/items&quot;}&#10;    domain: &quot;syntax&quot;&#10;    ignored: [&quot;examples&quot;]&#10;warning: the following keywords are unknown and will be ignored: [examples]&#10;    level: &quot;warning&quot;&#10;    schema: {&quot;loadingURI&quot;:&quot;#&quot;,&quot;pointer&quot;:&quot;/items/properties/cpf&quot;}&#10;    domain: &quot;syntax&quot;&#10;    ignored: [&quot;examples&quot;]&#10;warning: the following keywords are unknown and will be ignored: [examples]&#10;    level: &quot;warning&quot;&#10;    schema: {&quot;loadingURI&quot;:&quot;#&quot;,&quot;pointer&quot;:&quot;/items/properties/email&quot;}&#10;    domain: &quot;syntax&quot;&#10;    ignored: [&quot;examples&quot;]&#10;warning: the following keywords are unknown and will be ignored: [examples]&#10;    level: &quot;warning&quot;&#10;    schema: {&quot;loadingURI&quot;:&quot;#&quot;,&quot;pointer&quot;:&quot;/items/properties/id&quot;}&#10;    domain: &quot;syntax&quot;&#10;    ignored: [&quot;examples&quot;]&#10;warning: the following keywords are unknown and will be ignored: [examples]&#10;    level: &quot;warning&quot;&#10;    schema: {&quot;loadingURI&quot;:&quot;#&quot;,&quot;pointer&quot;:&quot;/items/properties/nome&quot;}&#10;    domain: &quot;syntax&quot;&#10;    ignored: [&quot;examples&quot;]&#10;warning: the following keywords are unknown and will be ignored: [examples]&#10;    level: &quot;warning&quot;&#10;    schema: {&quot;loadingURI&quot;:&quot;#&quot;,&quot;pointer&quot;:&quot;/items/properties/parcelas&quot;}&#10;    domain: &quot;syntax&quot;&#10;    ignored: [&quot;examples&quot;]&#10;warning: the following keywords are unknown and will be ignored: [examples]&#10;    level: &quot;warning&quot;&#10;    schema: {&quot;loadingURI&quot;:&quot;#&quot;,&quot;pointer&quot;:&quot;/items/properties/seguro&quot;}&#10;    domain: &quot;syntax&quot;&#10;    ignored: [&quot;examples&quot;]&#10;warning: the following keywords are unknown and will be ignored: [examples]&#10;    level: &quot;warning&quot;&#10;    schema: {&quot;loadingURI&quot;:&quot;#&quot;,&quot;pointer&quot;:&quot;/items/properties/valor&quot;}&#10;    domain: &quot;syntax&quot;&#10;    ignored: [&quot;examples&quot;]&#10;warning: the following keywords are unknown and will be ignored: [examples]&#10;    level: &quot;warning&quot;&#10;    schema: {&quot;loadingURI&quot;:&quot;#&quot;,&quot;pointer&quot;:&quot;/items&quot;}&#10;    domain: &quot;syntax&quot;&#10;    ignored: [&quot;examples&quot;]&#10;warning: the following keywords are unknown and will be ignored: [examples]&#10;    level: &quot;warning&quot;&#10;    schema: {&quot;loadingURI&quot;:&quot;#&quot;,&quot;pointer&quot;:&quot;/items/properties/cpf&quot;}&#10;    domain: &quot;syntax&quot;&#10;    ignored: [&quot;examples&quot;]&#10;warning: the following keywords are unknown and will be ignored: [examples]&#10;    level: &quot;warning&quot;&#10;    schema: {&quot;loadingURI&quot;:&quot;#&quot;,&quot;pointer&quot;:&quot;/items/properties/email&quot;}&#10;    domain: &quot;syntax&quot;&#10;    ignored: [&quot;examples&quot;]&#10;warning: the following keywords are unknown and will be ignored: [examples]&#10;    level: &quot;warning&quot;&#10;    schema: {&quot;loadingURI&quot;:&quot;#&quot;,&quot;pointer&quot;:&quot;/items/properties/id&quot;}&#10;    domain: &quot;syntax&quot;&#10;    ignored: [&quot;examples&quot;]&#10;warning: the following keywords are unknown and will be ignored: [examples]&#10;    level: &quot;warning&quot;&#10;    schema: {&quot;loadingURI&quot;:&quot;#&quot;,&quot;pointer&quot;:&quot;/items/properties/nome&quot;}&#10;    domain: &quot;syntax&quot;&#10;    ignored: [&quot;examples&quot;]&#10;warning: the following keywords are unknown and will be ignored: [examples]&#10;    level: &quot;warning&quot;&#10;    schema: {&quot;loadingURI&quot;:&quot;#&quot;,&quot;pointer&quot;:&quot;/items/properties/parcelas&quot;}&#10;    domain: &quot;syntax&quot;&#10;    ignored: [&quot;examples&quot;]&#10;warning: the following keywords are unknown and will be ignored: [examples]&#10;    level: &quot;warning&quot;&#10;    schema: {&quot;loadingURI&quot;:&quot;#&quot;,&quot;pointer&quot;:&quot;/items/properties/seguro&quot;}&#10;    domain: &quot;syntax&quot;&#10;    ignored: [&quot;examples&quot;]&#10;warning: the following keywords are unknown and will be ignored: [examples]&#10;    level: &quot;warning&quot;&#10;    schema: {&quot;loadingURI&quot;:&quot;#&quot;,&quot;pointer&quot;:&quot;/items/properties/valor&quot;}&#10;    domain: &quot;syntax&quot;&#10;    ignored: [&quot;examples&quot;]&#10;warning: the following keywords are unknown and will be ignored: [examples]&#10;    level: &quot;warning&quot;&#10;    schema: {&quot;loadingURI&quot;:&quot;#&quot;,&quot;pointer&quot;:&quot;/items&quot;}&#10;    domain: &quot;syntax&quot;&#10;    ignored: [&quot;examples&quot;]&#10;warning: the following keywords are unknown and will be ignored: [examples]&#10;    level: &quot;warning&quot;&#10;    schema: {&quot;loadingURI&quot;:&quot;#&quot;,&quot;pointer&quot;:&quot;/items/properties/cpf&quot;}&#10;    domain: &quot;syntax&quot;&#10;    ignored: [&quot;examples&quot;]&#10;warning: the following keywords are unknown and will be ignored: [examples]&#10;    level: &quot;warning&quot;&#10;    schema: {&quot;loadingURI&quot;:&quot;#&quot;,&quot;pointer&quot;:&quot;/items/properties/email&quot;}&#10;    domain: &quot;syntax&quot;&#10;    ignored: [&quot;examples&quot;]&#10;warning: the following keywords are unknown and will be ignored: [examples]&#10;    level: &quot;warning&quot;&#10;    schema: {&quot;loadingURI&quot;:&quot;#&quot;,&quot;pointer&quot;:&quot;/items/properties/id&quot;}&#10;    domain: &quot;syntax&quot;&#10;    ignored: [&quot;examples&quot;]&#10;warning: the following keywords are unknown and will be ignored: [examples]&#10;    level: &quot;warning&quot;&#10;    schema: {&quot;loadingURI&quot;:&quot;#&quot;,&quot;pointer&quot;:&quot;/items/properties/nome&quot;}&#10;    domain: &quot;syntax&quot;&#10;    ignored: [&quot;examples&quot;]&#10;warning: the following keywords are unknown and will be ignored: [examples]&#10;    level: &quot;warning&quot;&#10;    schema: {&quot;loadingURI&quot;:&quot;#&quot;,&quot;pointer&quot;:&quot;/items/properties/parcelas&quot;}&#10;    domain: &quot;syntax&quot;&#10;    ignored: [&quot;examples&quot;]&#10;warning: the following keywords are unknown and will be ignored: [examples]&#10;    level: &quot;warning&quot;&#10;    schema: {&quot;loadingURI&quot;:&quot;#&quot;,&quot;pointer&quot;:&quot;/items/properties/seguro&quot;}&#10;    domain: &quot;syntax&quot;&#10;    ignored: [&quot;examples&quot;]&#10;warning: the following keywords are unknown and will be ignored: [examples]&#10;    level: &quot;warning&quot;&#10;    schema: {&quot;loadingURI&quot;:&quot;#&quot;,&quot;pointer&quot;:&quot;/items/properties/valor&quot;}&#10;    domain: &quot;syntax&quot;&#10;    ignored: [&quot;examples&quot;]&#10;&#10;     but: was &quot;[{\&quot;id\&quot;:11,\&quot;nome\&quot;:\&quot;Fulano\&quot;,\&quot;cpf\&quot;:\&quot;66414919004\&quot;,\&quot;email\&quot;:\&quot;fulano@gmail.com\&quot;,\&quot;valor\&quot;:11000.00,\&quot;parcelas\&quot;:3,\&quot;seguro\&quot;:true},{\&quot;id\&quot;:12,\&quot;nome\&quot;:\&quot;Deltrano\&quot;,\&quot;cpf\&quot;:\&quot;17822386034\&quot;,\&quot;email\&quot;:\&quot;deltrano@gmail.com\&quot;,\&quot;valor\&quot;:20000.00,\&quot;parcelas\&quot;:5,\&quot;seguro\&quot;:false},{\&quot;id\&quot;:16,\&quot;nome\&quot;:\&quot;Raul\&quot;,\&quot;cpf\&quot;:\&quot;56402419225\&quot;,\&quot;email\&quot;:\&quot;erick.arantes@bol.com.br\&quot;,\&quot;valor\&quot;:2536.00,\&quot;parcelas\&quot;:20,\&quot;seguro\&quot;:true},{\&quot;id\&quot;:13,\&quot;nome\&quot;:\&quot;Luna\&quot;,\&quot;cpf\&quot;:\&quot;15827520435\&quot;,\&quot;email\&quot;:\&quot;tiago.munhoz@live.com\&quot;,\&quot;valor\&quot;:2157.00,\&quot;parcelas\&quot;:27,\&quot;seguro\&quot;:true},{\&quot;id\&quot;:15,\&quot;nome\&quot;:\&quot;Ruan\&quot;,\&quot;cpf\&quot;:\&quot;85511558774\&quot;,\&quot;email\&quot;:\&quot;margarida.carvalho@gmail.com\&quot;,\&quot;valor\&quot;:2594.00,\&quot;parcelas\&quot;:20,\&quot;seguro\&quot;:true},{\&quot;id\&quot;:21,\&quot;nome\&quot;:\&quot;Gúbio\&quot;,\&quot;cpf\&quot;:\&quot;51338809168\&quot;,\&quot;email\&quot;:\&quot;rebeca.morais@hotmail.com\&quot;,\&quot;valor\&quot;:2340.00,\&quot;parcelas\&quot;:48,\&quot;seguro\&quot;:true},{\&quot;id\&quot;:22,\&quot;nome\&quot;:\&quot;Maria Júlia\&quot;,\&quot;cpf\&quot;:\&quot;36123838327\&quot;,\&quot;email\&quot;:\&quot;anabeatriz.rolim@bol.com.br\&quot;,\&quot;valor\&quot;:2351.00,\&quot;parcelas\&quot;:27,\&quot;seguro\&quot;:true},{\&quot;id\&quot;:26,\&quot;nome\&quot;:\&quot;Ana Sophia\&quot;,\&quot;cpf\&quot;:\&quot;08768751411\&quot;,\&quot;email\&quot;:\&quot;vinicius.galvao@gmail.com\&quot;,\&quot;valor\&quot;:2354.00,\&quot;parcelas\&quot;:49,\&quot;seguro\&quot;:true},{\&quot;id\&quot;:25,\&quot;nome\&quot;:\&quot;Bernardo\&quot;,\&quot;cpf\&quot;:\&quot;24732801950\&quot;,\&quot;email\&quot;:\&quot;fabricio.peres@hotmail.com\&quot;,\&quot;valor\&quot;:2487.00,\&quot;parcelas\&quot;:28,\&quot;seguro\&quot;:true},{\&quot;id\&quot;:30,\&quot;nome\&quot;:\&quot;Sílvia\&quot;,\&quot;cpf\&quot;:\&quot;00428759537\&quot;,\&quot;email\&quot;:\&quot;noah.alvares@yahoo.com\&quot;,\&quot;valor\&quot;:999.00,\&quot;parcelas\&quot;:27,\&quot;seguro\&quot;:true},{\&quot;id\&quot;:32,\&quot;nome\&quot;:\&quot;Maria Clara\&quot;,\&quot;cpf\&quot;:\&quot;56226356742\&quot;,\&quot;email\&quot;:\&quot;meire.marins@gmail.com\&quot;,\&quot;valor\&quot;:2340.00,\&quot;parcelas\&quot;:23,\&quot;seguro\&quot;:true},{\&quot;id\&quot;:34,\&quot;nome\&quot;:\&quot;Lucas\&quot;,\&quot;cpf\&quot;:\&quot;44901350537\&quot;,\&quot;email\&quot;:\&quot;gabrielly.galego@yahoo.com\&quot;,\&quot;valor\&quot;:2059.00,\&quot;parcelas\&quot;:22,\&quot;seguro\&quot;:true},{\&quot;id\&quot;:35,\&quot;nome\&quot;:\&quot;Isis\&quot;,\&quot;cpf\&quot;:\&quot;91354286976\&quot;,\&quot;email\&quot;:\&quot;joaoguilherme.arriaga@yahoo.com\&quot;,\&quot;valor\&quot;:2521.00,\&quot;parcelas\&quot;:21,\&quot;seguro\&quot;:true},{\&quot;id\&quot;:33,\&quot;nome\&quot;:\&quot;Karla\&quot;,\&quot;cpf\&quot;:\&quot;32493700813\&quot;,\&quot;email\&quot;:\&quot;isabelly.chaves@gmail.com\&quot;,\&quot;valor\&quot;:2978.00,\&quot;parcelas\&quot;:23,\&quot;seguro\&quot;:true},{\&quot;id\&quot;:41,\&quot;nome\&quot;:\&quot;Cecília\&quot;,\&quot;cpf\&quot;:\&quot;19709509164\&quot;,\&quot;email\&quot;:\&quot;mariaisis.soeira@live.com\&quot;,\&quot;valor\&quot;:2899.00,\&quot;parcelas\&quot;:22,\&quot;seguro\&quot;:true},{\&quot;id\&quot;:44,\&quot;nome\&quot;:\&quot;Francisco\&quot;,\&quot;cpf\&quot;:\&quot;89039444279\&quot;,\&quot;email\&quot;:\&quot;luna.galvao@hotmail.com\&quot;,\&quot;valor\&quot;:2273.00,\&quot;parcelas\&quot;:25,\&quot;seguro\&quot;:true},{\&quot;id\&quot;:45,\&quot;nome\&quot;:\&quot;João\&quot;,\&quot;cpf\&quot;:\&quot;65064196061\&quot;,\&quot;email\&quot;:\&quot;louise.dapaz@yahoo.com\&quot;,\&quot;valor\&quot;:2553.00,\&quot;parcelas\&quot;:20,\&quot;seguro\&quot;:true},{\&quot;id\&quot;:46,\&quot;nome\&quot;:\&quot;Enzo\&quot;,\&quot;cpf\&quot;:\&quot;14080396292\&quot;,\&quot;email\&quot;:\&quot;marcelo.dacosta@live.com\&quot;,\&quot;valor\&quot;:2874.00,\&quot;parcelas\&quot;:49,\&quot;seguro\&quot;:true},{\&quot;id\&quot;:50,\&quot;nome\&quot;:\&quot;Gabriela\&quot;,\&quot;cpf\&quot;:\&quot;24568647216\&quot;,\&quot;email\&quot;:\&quot;thiago.taveira@gmail.com\&quot;,\&quot;valor\&quot;:999.00,\&quot;parcelas\&quot;:28,\&quot;seguro\&quot;:true},{\&quot;id\&quot;:52,\&quot;nome\&quot;:\&quot;Nathan\&quot;,\&quot;cpf\&quot;:\&quot;43200470172\&quot;,\&quot;email\&quot;:\&quot;gabriel.castro@live.com\&quot;,\&quot;valor\&quot;:2122.00,\&quot;parcelas\&quot;:27,\&quot;seguro\&quot;:true},{\&quot;id\&quot;:54,\&quot;nome\&quot;:\&quot;Carlos Eduardo\&quot;,\&quot;cpf\&quot;:\&quot;72310894342\&quot;,\&quot;email\&quot;:\&quot;caua.pinheira@gmail.com\&quot;,\&quot;valor\&quot;:2618.00,\&quot;parcelas\&quot;:24,\&quot;seguro\&quot;:true},{\&quot;id\&quot;:56,\&quot;nome\&quot;:\&quot;Yago\&quot;,\&quot;cpf\&quot;:\&quot;96780027136\&quot;,\&quot;email\&quot;:\&quot;roberta.marins@hotmail.com\&quot;,\&quot;valor\&quot;:2522.00,\&quot;parcelas\&quot;:26,\&quot;seguro\&quot;:true},{\&quot;id\&quot;:55,\&quot;nome\&quot;:\&quot;Yasmin\&quot;,\&quot;cpf\&quot;:\&quot;27379904983\&quot;,\&quot;email\&quot;:\&quot;anthony.vidal@hotmail.com\&quot;,\&quot;valor\&quot;:2751.00,\&quot;parcelas\&quot;:28,\&quot;seguro\&quot;:true},{\&quot;id\&quot;:62,\&quot;nome\&quot;:\&quot;Luiz Otávio\&quot;,\&quot;cpf\&quot;:\&quot;55016004848\&quot;,\&quot;email\&quot;:\&quot;bryan.velasques@hotmail.com\&quot;,\&quot;valor\&quot;:2193.00,\&quot;parcelas\&quot;:21,\&quot;seguro\&quot;:true},{\&quot;id\&quot;:64,\&quot;nome\&quot;:\&quot;Gabrielly\&quot;,\&quot;cpf\&quot;:\&quot;04678284364\&quot;,\&quot;email\&quot;:\&quot;mariaflor.moniz@hotmail.com\&quot;,\&quot;valor\&quot;:2375.00,\&quot;parcelas\&quot;:21,\&quot;seguro\&quot;:true},{\&quot;id\&quot;:65,\&quot;nome\&quot;:\&quot;Davi Lucca\&quot;,\&quot;cpf\&quot;:\&quot;32003772859\&quot;,\&quot;email\&quot;:\&quot;analuiza.pinto@gmail.com\&quot;,\&quot;valor\&quot;:2989.00,\&quot;parcelas\&quot;:25,\&quot;seguro\&quot;:true},{\&quot;id\&quot;:67,\&quot;nome\&quot;:\&quot;Catarina\&quot;,\&quot;cpf\&quot;:\&quot;49493250485\&quot;,\&quot;email\&quot;:\&quot;julio.barroso@hotmail.com\&quot;,\&quot;valor\&quot;:2000.00,\&quot;parcelas\&quot;:49,\&quot;seguro\&quot;:true},{\&quot;id\&quot;:71,\&quot;nome\&quot;:\&quot;Arthur Gabriel\&quot;,\&quot;cpf\&quot;:\&quot;81452295484\&quot;,\&quot;email\&quot;:\&quot;leticia.ramalho@live.com\&quot;,\&quot;valor\&quot;:999.00,\&quot;parcelas\&quot;:22,\&quot;seguro\&quot;:true},{\&quot;id\&quot;:73,\&quot;nome\&quot;:\&quot;Pérola\&quot;,\&quot;cpf\&quot;:\&quot;04261379135\&quot;,\&quot;email\&quot;:\&quot;liz.pimenta@bol.com.br\&quot;,\&quot;valor\&quot;:2336.00,\&quot;parcelas\&quot;:25,\&quot;seguro\&quot;:true},{\&quot;id\&quot;:75,\&quot;nome\&quot;:\&quot;Helena\&quot;,\&quot;cpf\&quot;:\&quot;76334118857\&quot;,\&quot;email\&quot;:\&quot;oliver.dapenha@yahoo.com\&quot;,\&quot;valor\&quot;:2820.00,\&quot;parcelas\&quot;:21,\&quot;seguro\&quot;:true},{\&quot;id\&quot;:76,\&quot;nome\&quot;:\&quot;Fabiano\&quot;,\&quot;cpf\&quot;:\&quot;61105343093\&quot;,\&quot;email\&quot;:\&quot;luiza.rolim@bol.com.br\&quot;,\&quot;valor\&quot;:2679.00,\&quot;parcelas\&quot;:29,\&quot;seguro\&quot;:true},{\&quot;id\&quot;:77,\&quot;nome\&quot;:\&quot;Caio\&quot;,\&quot;cpf\&quot;:\&quot;14628361060\&quot;,\&quot;email\&quot;:\&quot;clarice.costa@yahoo.com\&quot;,\&quot;valor\&quot;:2645.00,\&quot;parcelas\&quot;:24,\&quot;seguro\&quot;:true},{\&quot;id\&quot;:78,\&quot;nome\&quot;:\&quot;Ana Vitória\&quot;,\&quot;cpf\&quot;:\&quot;90134070789\&quot;,\&quot;email\&quot;:\&quot;joaoguilherme.dagama@bol.com.br\&quot;,\&quot;valor\&quot;:2889.00,\&quot;parcelas\&quot;:20,\&quot;seguro\&quot;:true},{\&quot;id\&quot;:79,\&quot;nome\&quot;:\&quot;Gabrielly\&quot;,\&quot;cpf\&quot;:\&quot;55620773148\&quot;,\&quot;email\&quot;:\&quot;feliciano.hernandes@live.com\&quot;,\&quot;valor\&quot;:2473.00,\&quot;parcelas\&quot;:49,\&quot;seguro\&quot;:true},{\&quot;id\&quot;:80,\&quot;nome\&quot;:\&quot;Ofélia\&quot;,\&quot;cpf\&quot;:\&quot;47916979212\&quot;,\&quot;email\&quot;:\&quot;patricia.roseira@hotmail.com\&quot;,\&quot;valor\&quot;:2837.00,\&quot;parcelas\&quot;:2,\&quot;seguro\&quot;:true},{\&quot;id\&quot;:81,\&quot;nome\&quot;:\&quot;Washington\&quot;,\&quot;cpf\&quot;:\&quot;95004080269\&quot;,\&quot;email\&quot;:\&quot;tertuliano.almeida@gmail.com\&quot;,\&quot;valor\&quot;:2101.00,\&quot;parcelas\&quot;:25,\&quot;seguro\&quot;:true},{\&quot;id\&quot;:82,\&quot;nome\&quot;:\&quot;Davi Ludmer\&quot;,\&quot;cpf\&quot;:\&quot;59373240543\&quot;,\&quot;email\&quot;:\&quot;sirineu.dasneves@live.com\&quot;,\&quot;valor\&quot;:2585.00,\&quot;parcelas\&quot;:25,\&quot;seguro\&quot;:true},{\&quot;id\&quot;:83,\&quot;nome\&quot;:\&quot;Marcelo\&quot;,\&quot;cpf\&quot;:\&quot;06009389637\&quot;,\&quot;email\&quot;:\&quot;isaac.datena@bol.com.br\&quot;,\&quot;valor\&quot;:2142.00,\&quot;parcelas\&quot;:48,\&quot;seguro\&quot;:true},{\&quot;id\&quot;:84,\&quot;nome\&quot;:\&quot;Alícia\&quot;,\&quot;cpf\&quot;:\&quot;47155228309\&quot;,\&quot;email\&quot;:\&quot;bruna.dagama@live.com\&quot;,\&quot;valor\&quot;:2799.00,\&quot;parcelas\&quot;:23,\&quot;seguro\&quot;:true},{\&quot;id\&quot;:85,\&quot;nome\&quot;:\&quot;Joaquim\&quot;,\&quot;cpf\&quot;:\&quot;006.074.801-96\&quot;,\&quot;email\&quot;:\&quot;kleber.barbosa@yahoo.com\&quot;,\&quot;valor\&quot;:2312.00,\&quot;parcelas\&quot;:22,\&quot;seguro\&quot;:true},{\&quot;id\&quot;:86,\&quot;nome\&quot;:\&quot;Enzo Gabriel\&quot;,\&quot;cpf\&quot;:\&quot;71183063213\&quot;,\&quot;email\&quot;:\&quot;bento.marcondes@hotmail.com\&quot;,\&quot;valor\&quot;:2868.00,\&quot;parcelas\&quot;:27,\&quot;seguro\&quot;:true},{\&quot;id\&quot;:87,\&quot;nome\&quot;:\&quot;Maria Clara\&quot;,\&quot;cpf\&quot;:\&quot;50259711961\&quot;,\&quot;email\&quot;:\&quot;mariaisis.bonfim@bol.com.br\&quot;,\&quot;valor\&quot;:2855.00,\&quot;parcelas\&quot;:25,\&quot;seguro\&quot;:true},{\&quot;id\&quot;:89,\&quot;nome\&quot;:\&quot;Nataniel\&quot;,\&quot;cpf\&quot;:\&quot;39699417544\&quot;,\&quot;email\&quot;:\&quot;carloseduardo.nascimento@bol.com.br\&quot;,\&quot;valor\&quot;:2761.00,\&quot;parcelas\&quot;:24,\&quot;seguro\&quot;:true},{\&quot;id\&quot;:90,\&quot;nome\&quot;:\&quot;Augusto\&quot;,\&quot;cpf\&quot;:\&quot;98086331023\&quot;,\&quot;email\&quot;:\&quot;morgana.melo@gmail.com\&quot;,\&quot;valor\&quot;:2720.00,\&quot;parcelas\&quot;:26,\&quot;seguro\&quot;:true},{\&quot;id\&quot;:94,\&quot;nome\&quot;:\&quot;João Luca\&quot;,\&quot;cpf\&quot;:\&quot;56727129642\&quot;,\&quot;email\&quot;:\&quot;rafael.roriz@bol.com.br\&quot;,\&quot;valor\&quot;:2666.00,\&quot;parcelas\&quot;:27,\&quot;seguro\&quot;:true},{\&quot;id\&quot;:96,\&quot;nome\&quot;:\&quot;Júlio\&quot;,\&quot;cpf\&quot;:\&quot;39881492855\&quot;,\&quot;email\&quot;:\&quot;julia.desa@hotmail.com\&quot;,\&quot;valor\&quot;:2693.00,\&quot;parcelas\&quot;:24,\&quot;seguro\&quot;:true},{\&quot;id\&quot;:97,\&quot;nome\&quot;:\&quot;Agatha\&quot;,\&quot;cpf\&quot;:\&quot;67462710193\&quot;,\&quot;email\&quot;:\&quot;liz.domingues@gmail.com\&quot;,\&quot;valor\&quot;:2614.00,\&quot;parcelas\&quot;:28,\&quot;seguro\&quot;:true},{\&quot;id\&quot;:98,\&quot;nome\&quot;:\&quot;Marcela\&quot;,\&quot;cpf\&quot;:\&quot;33662779792\&quot;,\&quot;email\&quot;:\&quot;lucas.garcez@gmail.com\&quot;,\&quot;valor\&quot;:2696.00,\&quot;parcelas\&quot;:27,\&quot;seguro\&quot;:true},{\&quot;id\&quot;:99,\&quot;nome\&quot;:\&quot;Yango\&quot;,\&quot;cpf\&quot;:\&quot;55460802427\&quot;,\&quot;email\&quot;:\&quot;marina.doprado@bol.com.br\&quot;,\&quot;valor\&quot;:2964.00,\&quot;parcelas\&quot;:22,\&quot;seguro\&quot;:true},{\&quot;id\&quot;:101,\&quot;nome\&quot;:\&quot;Enrico\&quot;,\&quot;cpf\&quot;:\&quot;21166746871\&quot;,\&quot;email\&quot;:\&quot;julia.veles@gmail.com\&quot;,\&quot;valor\&quot;:2372.00,\&quot;parcelas\&quot;:49,\&quot;seguro\&quot;:true},{\&quot;id\&quot;:102,\&quot;nome\&quot;:\&quot;Laura\&quot;,\&quot;cpf\&quot;:\&quot;21605572443\&quot;,\&quot;email\&quot;:\&quot;mariaflor.damaia@bol.com.br\&quot;,\&quot;valor\&quot;:2702.00,\&quot;parcelas\&quot;:28,\&quot;seguro\&quot;:true},{\&quot;id\&quot;:103,\&quot;nome\&quot;:\&quot;Paulo\&quot;,\&quot;cpf\&quot;:\&quot;52576473422\&quot;,\&quot;email\&quot;:\&quot;pedrohenrique.esteves@hotmail.com\&quot;,\&quot;valor\&quot;:2981.00,\&quot;parcelas\&quot;:2,\&quot;seguro\&quot;:true},{\&quot;id\&quot;:104,\&quot;nome\&quot;:\&quot;Lívia\&quot;,\&quot;cpf\&quot;:\&quot;36336269797\&quot;,\&quot;email\&quot;:\&quot;felipe.figueira@live.com\&quot;,\&quot;valor\&quot;:2967.00,\&quot;parcelas\&quot;:25,\&quot;seguro\&quot;:true},{\&quot;id\&quot;:106,\&quot;nome\&quot;:\&quot;Vitor\&quot;,\&quot;cpf\&quot;:\&quot;932.886.495-35\&quot;,\&quot;email\&quot;:\&quot;anabeatriz.morais@hotmail.com\&quot;,\&quot;valor\&quot;:2701.00,\&quot;parcelas\&quot;:27,\&quot;seguro\&quot;:true},{\&quot;id\&quot;:107,\&quot;nome\&quot;:\&quot;Nathan\&quot;,\&quot;cpf\&quot;:\&quot;21731016930\&quot;,\&quot;email\&quot;:\&quot;joaovitor.muniz@gmail.com\&quot;,\&quot;valor\&quot;:2289.00,\&quot;parcelas\&quot;:20,\&quot;seguro\&quot;:true},{\&quot;id\&quot;:105,\&quot;nome\&quot;:\&quot;Joaquim\&quot;,\&quot;cpf\&quot;:\&quot;49780998198\&quot;,\&quot;email\&quot;:\&quot;daviludmer.monteiro@yahoo.com\&quot;,\&quot;valor\&quot;:2261.00,\&quot;parcelas\&quot;:48,\&quot;seguro\&quot;:true},{\&quot;id\&quot;:109,\&quot;nome\&quot;:\&quot;João Lucas\&quot;,\&quot;cpf\&quot;:\&quot;88857138619\&quot;,\&quot;email\&quot;:\&quot;helio.dosreis@gmail.com\&quot;,\&quot;valor\&quot;:2602.00,\&quot;parcelas\&quot;:28,\&quot;seguro\&quot;:true},{\&quot;id\&quot;:110,\&quot;nome\&quot;:\&quot;João Luca\&quot;,\&quot;cpf\&quot;:\&quot;76090013801\&quot;,\&quot;email\&quot;:\&quot;maria.veles@bol.com.br\&quot;,\&quot;valor\&quot;:2628.00,\&quot;parcelas\&quot;:27,\&quot;seguro\&quot;:true},{\&quot;id\&quot;:111,\&quot;nome\&quot;:\&quot;Maria Fernanda\&quot;,\&quot;cpf\&quot;:\&quot;09863398128\&quot;,\&quot;email\&quot;:\&quot;analaura.dacunha@live.com\&quot;,\&quot;valor\&quot;:2856.00,\&quot;parcelas\&quot;:49,\&quot;seguro\&quot;:true},{\&quot;id\&quot;:115,\&quot;nome\&quot;:\&quot;Luiz\&quot;,\&quot;cpf\&quot;:\&quot;69988511520\&quot;,\&quot;email\&quot;:\&quot;carla.jesus@yahoo.com\&quot;,\&quot;valor\&quot;:999.00,\&quot;parcelas\&quot;:27,\&quot;seguro\&quot;:true},{\&quot;id\&quot;:118,\&quot;nome\&quot;:\&quot;Marcela\&quot;,\&quot;cpf\&quot;:\&quot;91858483220\&quot;,\&quot;email\&quot;:\&quot;ruan.boucas@live.com\&quot;,\&quot;valor\&quot;:2335.00,\&quot;parcelas\&quot;:22,\&quot;seguro\&quot;:true},{\&quot;id\&quot;:119,\&quot;nome\&quot;:\&quot;Maria Sophia\&quot;,\&quot;cpf\&quot;:\&quot;94104166266\&quot;,\&quot;email\&quot;:\&quot;lucca.ramalho@gmail.com\&quot;,\&quot;valor\&quot;:2124.00,\&quot;parcelas\&quot;:27,\&quot;seguro\&quot;:true},{\&quot;id\&quot;:120,\&quot;nome\&quot;:\&quot;Vitor Hugo\&quot;,\&quot;cpf\&quot;:\&quot;36036172084\&quot;,\&quot;email\&quot;:\&quot;vinicius.xavier@bol.com.br\&quot;,\&quot;valor\&quot;:2730.00,\&quot;parcelas\&quot;:22,\&quot;seguro\&quot;:true},{\&quot;id\&quot;:121,\&quot;nome\&quot;:\&quot;Daniel\&quot;,\&quot;cpf\&quot;:\&quot;64088745576\&quot;,\&quot;email\&quot;:\&quot;gael.regueira@live.com\&quot;,\&quot;valor\&quot;:2469.00,\&quot;parcelas\&quot;:27,\&quot;seguro\&quot;:true},{\&quot;id\&quot;:122,\&quot;nome\&quot;:\&quot;Yasmin\&quot;,\&quot;cpf\&quot;:\&quot;44318206576\&quot;,\&quot;email\&quot;:\&quot;benjamin.guterres@live.com\&quot;,\&quot;valor\&quot;:2039.00,\&quot;parcelas\&quot;:49,\&quot;seguro\&quot;:true},{\&quot;id\&quot;:123,\&quot;nome\&quot;:\&quot;João\&quot;,\&quot;cpf\&quot;:\&quot;66060111631\&quot;,\&quot;email\&quot;:\&quot;andre.correa@yahoo.com\&quot;,\&quot;valor\&quot;:2348.00,\&quot;parcelas\&quot;:2,\&quot;seguro\&quot;:true},{\&quot;id\&quot;:124,\&quot;nome\&quot;:\&quot;Marcia\&quot;,\&quot;cpf\&quot;:\&quot;60374185826\&quot;,\&quot;email\&quot;:\&quot;joaoluca.oliveira@yahoo.com\&quot;,\&quot;valor\&quot;:2711.00,\&quot;parcelas\&quot;:24,\&quot;seguro\&quot;:true},{\&quot;id\&quot;:125,\&quot;nome\&quot;:\&quot;Félix\&quot;,\&quot;cpf\&quot;:\&quot;82891430444\&quot;,\&quot;email\&quot;:\&quot;guilherme.filgueira@live.com\&quot;,\&quot;valor\&quot;:2719.00,\&quot;parcelas\&quot;:24,\&quot;seguro\&quot;:true},{\&quot;id\&quot;:126,\&quot;nome\&quot;:\&quot;Anthony\&quot;,\&quot;cpf\&quot;:\&quot;87310385398\&quot;,\&quot;email\&quot;:\&quot;mariasophia.filgueira@yahoo.com\&quot;,\&quot;valor\&quot;:2997.00,\&quot;parcelas\&quot;:48,\&quot;seguro\&quot;:true},{\&quot;id\&quot;:127,\&quot;nome\&quot;:\&quot;Matheus\&quot;,\&quot;cpf\&quot;:\&quot;67211081180\&quot;,\&quot;email\&quot;:\&quot;ofelia.barreto@gmail.com\&quot;,\&quot;valor\&quot;:2440.00,\&quot;parcelas\&quot;:24,\&quot;seguro\&quot;:true},{\&quot;id\&quot;:128,\&quot;nome\&quot;:\&quot;Luiz Gustavo\&quot;,\&quot;cpf\&quot;:\&quot;741.050.547-50\&quot;,\&quot;email\&quot;:\&quot;elisa.dacunha@bol.com.br\&quot;,\&quot;valor\&quot;:2589.00,\&quot;parcelas\&quot;:26,\&quot;seguro\&quot;:true},{\&quot;id\&quot;:129,\&quot;nome\&quot;:\&quot;Pedro Lucas\&quot;,\&quot;cpf\&quot;:\&quot;34111283294\&quot;,\&quot;email\&quot;:\&quot;adriana.pires@live.com\&quot;,\&quot;valor\&quot;:2122.00,\&quot;parcelas\&quot;:20,\&quot;seguro\&quot;:true},{\&quot;id\&quot;:132,\&quot;nome\&quot;:\&quot;Meire\&quot;,\&quot;cpf\&quot;:\&quot;83567277590\&quot;,\&quot;email\&quot;:\&quot;henrique.ramos@hotmail.com\&quot;,\&quot;valor\&quot;:2988.00,\&quot;parcelas\&quot;:29,\&quot;seguro\&quot;:true},{\&quot;id\&quot;:131,\&quot;nome\&quot;:\&quot;Rodrigo\&quot;,\&quot;cpf\&quot;:\&quot;05991655150\&quot;,\&quot;email\&quot;:\&quot;thomas.limeira@hotmail.com\&quot;,\&quot;valor\&quot;:2331.00,\&quot;parcelas\&quot;:27,\&quot;seguro\&quot;:true},{\&quot;id\&quot;:133,\&quot;nome\&quot;:\&quot;Breno\&quot;,\&quot;cpf\&quot;:\&quot;79121064257\&quot;,\&quot;email\&quot;:\&quot;luna.bernardes@yahoo.com\&quot;,\&quot;valor\&quot;:2386.00,\&quot;parcelas\&quot;:21,\&quot;seguro\&quot;:true},{\&quot;id\&quot;:137,\&quot;nome\&quot;:\&quot;Suélen\&quot;,\&quot;cpf\&quot;:\&quot;68729275605\&quot;,\&quot;email\&quot;:\&quot;fabricia.dacruz@yahoo.com\&quot;,\&quot;valor\&quot;:2542.00,\&quot;parcelas\&quot;:22,\&quot;seguro\&quot;:true},{\&quot;id\&quot;:140,\&quot;nome\&quot;:\&quot;Isabela\&quot;,\&quot;cpf\&quot;:\&quot;75622185000\&quot;,\&quot;email\&quot;:\&quot;rafaela.regueira@yahoo.com\&quot;,\&quot;valor\&quot;:2427.00,\&quot;parcelas\&quot;:26,\&quot;seguro\&quot;:true},{\&quot;id\&quot;:141,\&quot;nome\&quot;:\&quot;Kauê\&quot;,\&quot;cpf\&quot;:\&quot;84289466537\&quot;,\&quot;email\&quot;:\&quot;rodrigo.matoso@bol.com.br\&quot;,\&quot;valor\&quot;:2038.00,\&quot;parcelas\&quot;:23,\&quot;seguro\&quot;:true},{\&quot;id\&quot;:139,\&quot;nome\&quot;:\&quot;Kauê\&quot;,\&quot;cpf\&quot;:\&quot;87711691578\&quot;,\&quot;email\&quot;:\&quot;mathias.castanheira@bol.com.br\&quot;,\&quot;valor\&quot;:2762.00,\&quot;parcelas\&quot;:23,\&quot;seguro\&quot;:true},{\&quot;id\&quot;:142,\&quot;nome\&quot;:\&quot;Pedro Lucas\&quot;,\&quot;cpf\&quot;:\&quot;15641083990\&quot;,\&quot;email\&quot;:\&quot;rafael.dacunha@hotmail.com\&quot;,\&quot;valor\&quot;:2918.00,\&quot;parcelas\&quot;:29,\&quot;seguro\&quot;:true},{\&quot;id\&quot;:143,\&quot;nome\&quot;:\&quot;Arthur Gabriel\&quot;,\&quot;cpf\&quot;:\&quot;63682293887\&quot;,\&quot;email\&quot;:\&quot;thiago.barata@gmail.com\&quot;,\&quot;valor\&quot;:2442.00,\&quot;parcelas\&quot;:49,\&quot;seguro\&quot;:true},{\&quot;id\&quot;:144,\&quot;nome\&quot;:\&quot;Kaique\&quot;,\&quot;cpf\&quot;:\&quot;95973659419\&quot;,\&quot;email\&quot;:\&quot;cesar.cardoso@yahoo.com\&quot;,\&quot;valor\&quot;:2509.00,\&quot;parcelas\&quot;:2,\&quot;seguro\&quot;:true},{\&quot;id\&quot;:145,\&quot;nome\&quot;:\&quot;Júlio\&quot;,\&quot;cpf\&quot;:\&quot;78043853360\&quot;,\&quot;email\&quot;:\&quot;aurora.batista@live.com\&quot;,\&quot;valor\&quot;:2208.00,\&quot;parcelas\&quot;:22,\&quot;seguro\&quot;:true},{\&quot;id\&quot;:147,\&quot;nome\&quot;:\&quot;Ana Laura\&quot;,\&quot;cpf\&quot;:\&quot;00484166824\&quot;,\&quot;email\&quot;:\&quot;pedromiguel.lima@yahoo.com\&quot;,\&quot;valor\&quot;:2747.00,\&quot;parcelas\&quot;:48,\&quot;seguro\&quot;:true},{\&quot;id\&quot;:148,\&quot;nome\&quot;:\&quot;Pedro Lucas\&quot;,\&quot;cpf\&quot;:\&quot;71369844498\&quot;,\&quot;email\&quot;:\&quot;gabrielly.garces@yahoo.com\&quot;,\&quot;valor\&quot;:2246.00,\&quot;parcelas\&quot;:27,\&quot;seguro\&quot;:true},{\&quot;id\&quot;:149,\&quot;nome\&quot;:\&quot;Mércia\&quot;,\&quot;cpf\&quot;:\&quot;616.001.200-92\&quot;,\&quot;email\&quot;:\&quot;vinicius.ramires@yahoo.com\&quot;,\&quot;valor\&quot;:2285.00,\&quot;parcelas\&quot;:25,\&quot;seguro\&quot;:true},{\&quot;id\&quot;:150,\&quot;nome\&quot;:\&quot;Fabrícia\&quot;,\&quot;cpf\&quot;:\&quot;14461125077\&quot;,\&quot;email\&quot;:\&quot;breno.rolim@live.com\&quot;,\&quot;valor\&quot;:2616.00,\&quot;parcelas\&quot;:22,\&quot;seguro\&quot;:true},{\&quot;id\&quot;:153,\&quot;nome\&quot;:\&quot;Manuela\&quot;,\&quot;cpf\&quot;:\&quot;84035728242\&quot;,\&quot;email\&quot;:\&quot;calebe.nunes@live.com\&quot;,\&quot;valor\&quot;:2558.00,\&quot;parcelas\&quot;:20,\&quot;seguro\&quot;:true},{\&quot;id\&quot;:152,\&quot;nome\&quot;:\&quot;João Felipe\&quot;,\&quot;cpf\&quot;:\&quot;07839294424\&quot;,\&quot;email\&quot;:\&quot;paulo.goncalves@bol.com.br\&quot;,\&quot;valor\&quot;:2067.00,\&quot;parcelas\&quot;:49,\&quot;seguro\&quot;:true},{\&quot;id\&quot;:157,\&quot;nome\&quot;:\&quot;Alexandre\&quot;,\&quot;cpf\&quot;:\&quot;04541997077\&quot;,\&quot;email\&quot;:\&quot;adriana.sa@hotmail.com\&quot;,\&quot;valor\&quot;:999.00,\&quot;parcelas\&quot;:29,\&quot;seguro\&quot;:true},{\&quot;id\&quot;:159,\&quot;nome\&quot;:\&quot;Marcelo\&quot;,\&quot;cpf\&quot;:\&quot;07922001687\&quot;,\&quot;email\&quot;:\&quot;raul.martins@bol.com.br\&quot;,\&quot;valor\&quot;:2882.00,\&quot;parcelas\&quot;:27,\&quot;seguro\&quot;:true},{\&quot;id\&quot;:160,\&quot;nome\&quot;:\&quot;Júlia\&quot;,\&quot;cpf\&quot;:\&quot;24145452925\&quot;,\&quot;email\&quot;:\&quot;malu.aguiar@live.com\&quot;,\&quot;valor\&quot;:2068.00,\&quot;parcelas\&quot;:29,\&quot;seguro\&quot;:true},{\&quot;id\&quot;:163,\&quot;nome\&quot;:\&quot;Ladislau\&quot;,\&quot;cpf\&quot;:\&quot;17397045194\&quot;,\&quot;email\&quot;:\&quot;elisio.danobrega@yahoo.com\&quot;,\&quot;valor\&quot;:2336.00,\&quot;parcelas\&quot;:28,\&quot;seguro\&quot;:true},{\&quot;id\&quot;:161,\&quot;nome\&quot;:\&quot;Maria Valentina\&quot;,\&quot;cpf\&quot;:\&quot;58606289684\&quot;,\&quot;email\&quot;:\&quot;benjamin.marques@hotmail.com\&quot;,\&quot;valor\&quot;:2929.00,\&quot;parcelas\&quot;:24,\&quot;seguro\&quot;:true},{\&quot;id\&quot;:167,\&quot;nome\&quot;:\&quot;Bárbara\&quot;,\&quot;cpf\&quot;:\&quot;15466616535\&quot;,\&quot;email\&quot;:\&quot;maite.almada@bol.com.br\&quot;,\&quot;valor\&quot;:2739.00,\&quot;parcelas\&quot;:29,\&quot;seguro\&quot;:true},{\&quot;id\&quot;:169,\&quot;nome\&quot;:\&quot;Miguel\&quot;,\&quot;cpf\&quot;:\&quot;22531322381\&quot;,\&quot;email\&quot;:\&quot;vitor.coqueiro@bol.com.br\&quot;,\&quot;valor\&quot;:2086.00,\&quot;parcelas\&quot;:21,\&quot;seguro\&quot;:true},{\&quot;id\&quot;:171,\&quot;nome\&quot;:\&quot;Allana\&quot;,\&quot;cpf\&quot;:\&quot;12843744031\&quot;,\&quot;email\&quot;:\&quot;clara.goulart@live.com\&quot;,\&quot;valor\&quot;:2258.00,\&quot;parcelas\&quot;:27,\&quot;seguro\&quot;:true},{\&quot;id\&quot;:170,\&quot;nome\&quot;:\&quot;Erick\&quot;,\&quot;cpf\&quot;:\&quot;01042700497\&quot;,\&quot;email\&quot;:\&quot;beatriz.dapenha@hotmail.com\&quot;,\&quot;valor\&quot;:2314.00,\&quot;parcelas\&quot;:26,\&quot;seguro\&quot;:true},{\&quot;id\&quot;:172,\&quot;nome\&quot;:\&quot;Marcelo\&quot;,\&quot;cpf\&quot;:\&quot;96605984713\&quot;,\&quot;email\&quot;:\&quot;marialaura.galvao@live.com\&quot;,\&quot;valor\&quot;:2112.00,\&quot;parcelas\&quot;:25,\&quot;seguro\&quot;:true},{\&quot;id\&quot;:173,\&quot;nome\&quot;:\&quot;Aline\&quot;,\&quot;cpf\&quot;:\&quot;43631937071\&quot;,\&quot;email\&quot;:\&quot;joaoguilherme.ximenes@hotmail.com\&quot;,\&quot;valor\&quot;:2104.00,\&quot;parcelas\&quot;:49,\&quot;seguro\&quot;:true},{\&quot;id\&quot;:174,\&quot;nome\&quot;:\&quot;Marcelo\&quot;,\&quot;cpf\&quot;:\&quot;67465136950\&quot;,\&quot;email\&quot;:\&quot;mercia.henriques@hotmail.com\&quot;,\&quot;valor\&quot;:2871.00,\&quot;parcelas\&quot;:29,\&quot;seguro\&quot;:true},{\&quot;id\&quot;:175,\&quot;nome\&quot;:\&quot;Malu\&quot;,\&quot;cpf\&quot;:\&quot;09955065365\&quot;,\&quot;email\&quot;:\&quot;bernardo.franco@bol.com.br\&quot;,\&quot;valor\&quot;:2254.00,\&quot;parcelas\&quot;:2,\&quot;seguro\&quot;:true},{\&quot;id\&quot;:177,\&quot;nome\&quot;:\&quot;Emanuel\&quot;,\&quot;cpf\&quot;:\&quot;88569795483\&quot;,\&quot;email\&quot;:\&quot;ana.dosreis@gmail.com\&quot;,\&quot;valor\&quot;:2991.00,\&quot;parcelas\&quot;:22,\&quot;seguro\&quot;:true},{\&quot;id\&quot;:178,\&quot;nome\&quot;:\&quot;Fabrícia\&quot;,\&quot;cpf\&quot;:\&quot;46505313795\&quot;,\&quot;email\&quot;:\&quot;anthony.dantas@gmail.com\&quot;,\&quot;valor\&quot;:2292.00,\&quot;parcelas\&quot;:48,\&quot;seguro\&quot;:true},{\&quot;id\&quot;:179,\&quot;nome\&quot;:\&quot;Louise\&quot;,\&quot;cpf\&quot;:\&quot;05977928340\&quot;,\&quot;email\&quot;:\&quot;ian.duarte@live.com\&quot;,\&quot;valor\&quot;:2949.00,\&quot;parcelas\&quot;:22,\&quot;seguro\&quot;:true},{\&quot;id\&quot;:180,\&quot;nome\&quot;:\&quot;Daniel\&quot;,\&quot;cpf\&quot;:\&quot;294.855.087-65\&quot;,\&quot;email\&quot;:\&quot;mirella.ramires@yahoo.com\&quot;,\&quot;valor\&quot;:2159.00,\&quot;parcelas\&quot;:20,\&quot;seguro\&quot;:true},{\&quot;id\&quot;:182,\&quot;nome\&quot;:\&quot;Nicolas\&quot;,\&quot;cpf\&quot;:\&quot;21682347498\&quot;,\&quot;email\&quot;:\&quot;luiz.bentes@live.com\&quot;,\&quot;valor\&quot;:2815.00,\&quot;parcelas\&quot;:26,\&quot;seguro\&quot;:true},{\&quot;id\&quot;:183,\&quot;nome\&quot;:\&quot;Stella\&quot;,\&quot;cpf\&quot;:\&quot;28867598538\&quot;,\&quot;email\&quot;:\&quot;isabella.barroso@bol.com.br\&quot;,\&quot;valor\&quot;:2186.00,\&quot;parcelas\&quot;:49,\&quot;seguro\&quot;:true},{\&quot;id\&quot;:184,\&quot;nome\&quot;:\&quot;Maria Isis\&quot;,\&quot;cpf\&quot;:\&quot;07939566694\&quot;,\&quot;email\&quot;:\&quot;joao.barata@hotmail.com\&quot;,\&quot;valor\&quot;:2564.00,\&quot;parcelas\&quot;:29,\&quot;seguro\&quot;:true},{\&quot;id\&quot;:189,\&quot;nome\&quot;:\&quot;Isadora\&quot;,\&quot;cpf\&quot;:\&quot;46224009606\&quot;,\&quot;email\&quot;:\&quot;mariafernanda.leiria@bol.com.br\&quot;,\&quot;valor\&quot;:999.00,\&quot;parcelas\&quot;:27,\&quot;seguro\&quot;:true},{\&quot;id\&quot;:191,\&quot;nome\&quot;:\&quot;João Samuel\&quot;,\&quot;cpf\&quot;:\&quot;48421613670\&quot;,\&quot;email\&quot;:\&quot;isabella.moraes@yahoo.com\&quot;,\&quot;valor\&quot;:2968.00,\&quot;parcelas\&quot;:22,\&quot;seguro\&quot;:true},{\&quot;id\&quot;:192,\&quot;nome\&quot;:\&quot;Kauê\&quot;,\&quot;cpf\&quot;:\&quot;37613327756\&quot;,\&quot;email\&quot;:\&quot;olivia.sales@live.com\&quot;,\&quot;valor\&quot;:2240.00,\&quot;parcelas\&quot;:21,\&quot;seguro\&quot;:true},{\&quot;id\&quot;:193,\&quot;nome\&quot;:\&quot;Arthur Gabriel\&quot;,\&quot;cpf\&quot;:\&quot;29261660502\&quot;,\&quot;email\&quot;:\&quot;maya.novaes@bol.com.br\&quot;,\&quot;valor\&quot;:2502.00,\&quot;parcelas\&quot;:21,\&quot;seguro\&quot;:true},{\&quot;id\&quot;:194,\&quot;nome\&quot;:\&quot;Djalma\&quot;,\&quot;cpf\&quot;:\&quot;96312240884\&quot;,\&quot;email\&quot;:\&quot;marli.dagama@gmail.com\&quot;,\&quot;valor\&quot;:2951.00,\&quot;parcelas\&quot;:23,\&quot;seguro\&quot;:true},{\&quot;id\&quot;:195,\&quot;nome\&quot;:\&quot;Caio\&quot;,\&quot;cpf\&quot;:\&quot;25598218051\&quot;,\&quot;email\&quot;:\&quot;roberta.caseira@hotmail.com\&quot;,\&quot;valor\&quot;:2063.00,\&quot;parcelas\&quot;:49,\&quot;seguro\&quot;:true},{\&quot;id\&quot;:196,\&quot;nome\&quot;:\&quot;Pablo\&quot;,\&quot;cpf\&quot;:\&quot;80010342064\&quot;,\&quot;email\&quot;:\&quot;marialuiza.espinheira@hotmail.com\&quot;,\&quot;valor\&quot;:2241.00,\&quot;parcelas\&quot;:2,\&quot;seguro\&quot;:true},{\&quot;id\&quot;:197,\&quot;nome\&quot;:\&quot;Giulia\&quot;,\&quot;cpf\&quot;:\&quot;15427529490\&quot;,\&quot;email\&quot;:\&quot;isabella.braga@bol.com.br\&quot;,\&quot;valor\&quot;:2347.00,\&quot;parcelas\&quot;:29,\&quot;seguro\&quot;:true},{\&quot;id\&quot;:198,\&quot;nome\&quot;:\&quot;Clarice\&quot;,\&quot;cpf\&quot;:\&quot;01028054964\&quot;,\&quot;email\&quot;:\&quot;clarice.aparicio@yahoo.com\&quot;,\&quot;valor\&quot;:2475.00,\&quot;parcelas\&quot;:21,\&quot;seguro\&quot;:true},{\&quot;id\&quot;:199,\&quot;nome\&quot;:\&quot;Bernardo\&quot;,\&quot;cpf\&quot;:\&quot;69992132596\&quot;,\&quot;email\&quot;:\&quot;davimiguel.resende@hotmail.com\&quot;,\&quot;valor\&quot;:2801.00,\&quot;parcelas\&quot;:48,\&quot;seguro\&quot;:true},{\&quot;id\&quot;:200,\&quot;nome\&quot;:\&quot;Manuela\&quot;,\&quot;cpf\&quot;:\&quot;80098636860\&quot;,\&quot;email\&quot;:\&quot;milena.dafonseca@bol.com.br\&quot;,\&quot;valor\&quot;:2471.00,\&quot;parcelas\&quot;:23,\&quot;seguro\&quot;:true},{\&quot;id\&quot;:201,\&quot;nome\&quot;:\&quot;Davi\&quot;,\&quot;cpf\&quot;:\&quot;719.046.759-70\&quot;,\&quot;email\&quot;:\&quot;nicolas.bomdia@yahoo.com\&quot;,\&quot;valor\&quot;:2476.00,\&quot;parcelas\&quot;:21,\&quot;seguro\&quot;:true},{\&quot;id\&quot;:202,\&quot;nome\&quot;:\&quot;Fabiano\&quot;,\&quot;cpf\&quot;:\&quot;03625531243\&quot;,\&quot;email\&quot;:\&quot;mariaflor.goncalves@bol.com.br\&quot;,\&quot;valor\&quot;:2398.00,\&quot;parcelas\&quot;:23,\&quot;seguro\&quot;:true},{\&quot;id\&quot;:205,\&quot;nome\&quot;:\&quot;Stella\&quot;,\&quot;cpf\&quot;:\&quot;90149795715\&quot;,\&quot;email\&quot;:\&quot;patricia.conceicao@bol.com.br\&quot;,\&quot;valor\&quot;:2202.00,\&quot;parcelas\&quot;:24,\&quot;seguro\&quot;:true},{\&quot;id\&quot;:203,\&quot;nome\&quot;:\&quot;Ana Vitória\&quot;,\&quot;cpf\&quot;:\&quot;40022851025\&quot;,\&quot;email\&quot;:\&quot;warley.aragao@live.com\&quot;,\&quot;valor\&quot;:2273.00,\&quot;parcelas\&quot;:24,\&quot;seguro\&quot;:true},{\&quot;id\&quot;:206,\&quot;nome\&quot;:\&quot;Gabriela\&quot;,\&quot;cpf\&quot;:\&quot;87544976073\&quot;,\&quot;email\&quot;:\&quot;fabiano.reis@bol.com.br\&quot;,\&quot;valor\&quot;:2575.00,\&quot;parcelas\&quot;:22,\&quot;seguro\&quot;:true},{\&quot;id\&quot;:210,\&quot;nome\&quot;:\&quot;Carlos\&quot;,\&quot;cpf\&quot;:\&quot;20075362582\&quot;,\&quot;email\&quot;:\&quot;lorraine.caseira@gmail.com\&quot;,\&quot;valor\&quot;:2715.00,\&quot;parcelas\&quot;:25,\&quot;seguro\&quot;:true},{\&quot;id\&quot;:212,\&quot;nome\&quot;:\&quot;Tomás\&quot;,\&quot;cpf\&quot;:\&quot;01466925923\&quot;,\&quot;email\&quot;:\&quot;lorenzo.dorneles@live.com\&quot;,\&quot;valor\&quot;:2186.00,\&quot;parcelas\&quot;:26,\&quot;seguro\&quot;:true},{\&quot;id\&quot;:213,\&quot;nome\&quot;:\&quot;Rebeca\&quot;,\&quot;cpf\&quot;:\&quot;44830273383\&quot;,\&quot;email\&quot;:\&quot;igor.goncalves@hotmail.com\&quot;,\&quot;valor\&quot;:2169.00,\&quot;parcelas\&quot;:29,\&quot;seguro\&quot;:true},{\&quot;id\&quot;:214,\&quot;nome\&quot;:\&quot;Roberta\&quot;,\&quot;cpf\&quot;:\&quot;36758148247\&quot;,\&quot;email\&quot;:\&quot;alessandra.monteira@gmail.com\&quot;,\&quot;valor\&quot;:2059.00,\&quot;parcelas\&quot;:27,\&quot;seguro\&quot;:true},{\&quot;id\&quot;:215,\&quot;nome\&quot;:\&quot;Vinícius\&quot;,\&quot;cpf\&quot;:\&quot;34960377054\&quot;,\&quot;email\&quot;:\&quot;alessandra.fontinhas@live.com\&quot;,\&quot;valor\&quot;:2581.00,\&quot;parcelas\&quot;:29,\&quot;seguro\&quot;:true},{\&quot;id\&quot;:217,\&quot;nome\&quot;:\&quot;Mariana\&quot;,\&quot;cpf\&quot;:\&quot;32507449627\&quot;,\&quot;email\&quot;:\&quot;julio.leiria@gmail.com\&quot;,\&quot;valor\&quot;:2183.00,\&quot;parcelas\&quot;:49,\&quot;seguro\&quot;:true},{\&quot;id\&quot;:218,\&quot;nome\&quot;:\&quot;Alice\&quot;,\&quot;cpf\&quot;:\&quot;16499867866\&quot;,\&quot;email\&quot;:\&quot;enzothiago.crespo@gmail.com\&quot;,\&quot;valor\&quot;:2988.00,\&quot;parcelas\&quot;:2,\&quot;seguro\&quot;:true},{\&quot;id\&quot;:219,\&quot;nome\&quot;:\&quot;César\&quot;,\&quot;cpf\&quot;:\&quot;48116106206\&quot;,\&quot;email\&quot;:\&quot;meire.pinheira@bol.com.br\&quot;,\&quot;valor\&quot;:2684.00,\&quot;parcelas\&quot;:28,\&quot;seguro\&quot;:true},{\&quot;id\&quot;:220,\&quot;nome\&quot;:\&quot;Carlos\&quot;,\&quot;cpf\&quot;:\&quot;11108640396\&quot;,\&quot;email\&quot;:\&quot;ian.vimaranes@yahoo.com\&quot;,\&quot;valor\&quot;:2883.00,\&quot;parcelas\&quot;:29,\&quot;seguro\&quot;:true},{\&quot;id\&quot;:221,\&quot;nome\&quot;:\&quot;Milena\&quot;,\&quot;cpf\&quot;:\&quot;71659977647\&quot;,\&quot;email\&quot;:\&quot;cecilia.vasques@yahoo.com\&quot;,\&quot;valor\&quot;:2011.00,\&quot;parcelas\&quot;:48,\&quot;seguro\&quot;:true},{\&quot;id\&quot;:222,\&quot;nome\&quot;:\&quot;Rafael\&quot;,\&quot;cpf\&quot;:\&quot;452.082.752-99\&quot;,\&quot;email\&quot;:\&quot;davilucca.batista@live.com\&quot;,\&quot;valor\&quot;:2321.00,\&quot;parcelas\&quot;:27,\&quot;seguro\&quot;:true},{\&quot;id\&quot;:224,\&quot;nome\&quot;:\&quot;Ana Lívia\&quot;,\&quot;cpf\&quot;:\&quot;41707789628\&quot;,\&quot;email\&quot;:\&quot;anthony.macedo@yahoo.com\&quot;,\&quot;valor\&quot;:2248.00,\&quot;parcelas\&quot;:20,\&quot;seguro\&quot;:true},{\&quot;id\&quot;:223,\&quot;nome\&quot;:\&quot;Maria Eduarda\&quot;,\&quot;cpf\&quot;:\&quot;59258018121\&quot;,\&quot;email\&quot;:\&quot;lucas.viveiros@live.com\&quot;,\&quot;valor\&quot;:2403.00,\&quot;parcelas\&quot;:22,\&quot;seguro\&quot;:true},{\&quot;id\&quot;:226,\&quot;nome\&quot;:\&quot;Clarice\&quot;,\&quot;cpf\&quot;:\&quot;93582449608\&quot;,\&quot;email\&quot;:\&quot;erick.neves@yahoo.com\&quot;,\&quot;valor\&quot;:2914.00,\&quot;parcelas\&quot;:49,\&quot;seguro\&quot;:true},{\&quot;id\&quot;:228,\&quot;nome\&quot;:\&quot;Maria Laura\&quot;,\&quot;cpf\&quot;:\&quot;19139449306\&quot;,\&quot;email\&quot;:\&quot;arthurmiguel.saraiva@bol.com.br\&quot;,\&quot;valor\&quot;:2162.00,\&quot;parcelas\&quot;:21,\&quot;seguro\&quot;:true},{\&quot;id\&quot;:230,\&quot;nome\&quot;:\&quot;Benício\&quot;,\&quot;cpf\&quot;:\&quot;89828785470\&quot;,\&quot;email\&quot;:\&quot;caio.aparicio@yahoo.com\&quot;,\&quot;valor\&quot;:999.00,\&quot;parcelas\&quot;:25,\&quot;seguro\&quot;:true},{\&quot;id\&quot;:234,\&quot;nome\&quot;:\&quot;Yasmin\&quot;,\&quot;cpf\&quot;:\&quot;10702206804\&quot;,\&quot;email\&quot;:\&quot;caio.rego@bol.com.br\&quot;,\&quot;valor\&quot;:2396.00,\&quot;parcelas\&quot;:25,\&quot;seguro\&quot;:true},{\&quot;id\&quot;:233,\&quot;nome\&quot;:\&quot;Isabelly\&quot;,\&quot;cpf\&quot;:\&quot;70078020480\&quot;,\&quot;email\&quot;:\&quot;marcos.cachoeira@bol.com.br\&quot;,\&quot;valor\&quot;:2019.00,\&quot;parcelas\&quot;:25,\&quot;seguro\&quot;:true},{\&quot;id\&quot;:235,\&quot;nome\&quot;:\&quot;Kaique\&quot;,\&quot;cpf\&quot;:\&quot;07677101364\&quot;,\&quot;email\&quot;:\&quot;julia.reboucas@live.com\&quot;,\&quot;valor\&quot;:2817.00,\&quot;parcelas\&quot;:29,\&quot;seguro\&quot;:true},{\&quot;id\&quot;:240,\&quot;nome\&quot;:\&quot;Ofélia\&quot;,\&quot;cpf\&quot;:\&quot;09777951675\&quot;,\&quot;email\&quot;:\&quot;mariah.velasques@hotmail.com\&quot;,\&quot;valor\&quot;:2205.00,\&quot;parcelas\&quot;:23,\&quot;seguro\&quot;:true},{\&quot;id\&quot;:244,\&quot;nome\&quot;:\&quot;Isabelly\&quot;,\&quot;cpf\&quot;:\&quot;89687643564\&quot;,\&quot;email\&quot;:\&quot;nicolas.duarte@gmail.com\&quot;,\&quot;valor\&quot;:2491.00,\&quot;parcelas\&quot;:24,\&quot;seguro\&quot;:true},{\&quot;id\&quot;:242,\&quot;nome\&quot;:\&quot;Marli\&quot;,\&quot;cpf\&quot;:\&quot;98976213269\&quot;,\&quot;email\&quot;:\&quot;mariacecilia.ribeira@hotmail.com\&quot;,\&quot;valor\&quot;:2385.00,\&quot;parcelas\&quot;:29,\&quot;seguro\&quot;:true},{\&quot;id\&quot;:243,\&quot;nome\&quot;:\&quot;Isabela\&quot;,\&quot;cpf\&quot;:\&quot;74298004570\&quot;,\&quot;email\&quot;:\&quot;nicole.neves@gmail.com\&quot;,\&quot;valor\&quot;:2419.00,\&quot;parcelas\&quot;:22,\&quot;seguro\&quot;:true},{\&quot;id\&quot;:245,\&quot;nome\&quot;:\&quot;Lorena\&quot;,\&quot;cpf\&quot;:\&quot;28755058586\&quot;,\&quot;email\&quot;:\&quot;igor.rolim@yahoo.com\&quot;,\&quot;valor\&quot;:2858.00,\&quot;parcelas\&quot;:23,\&quot;seguro\&quot;:true},{\&quot;id\&quot;:247,\&quot;nome\&quot;:\&quot;Fabiano\&quot;,\&quot;cpf\&quot;:\&quot;43569141645\&quot;,\&quot;email\&quot;:\&quot;augusto.diegues@bol.com.br\&quot;,\&quot;valor\&quot;:2669.00,\&quot;parcelas\&quot;:49,\&quot;seguro\&quot;:true},{\&quot;id\&quot;:249,\&quot;nome\&quot;:\&quot;Murilo\&quot;,\&quot;cpf\&quot;:\&quot;52861795776\&quot;,\&quot;email\&quot;:\&quot;oliver.beltrao@live.com\&quot;,\&quot;valor\&quot;:2977.00,\&quot;parcelas\&quot;:2,\&quot;seguro\&quot;:true},{\&quot;id\&quot;:250,\&quot;nome\&quot;:\&quot;Luiz Miguel\&quot;,\&quot;cpf\&quot;:\&quot;84781071861\&quot;,\&quot;email\&quot;:\&quot;maya.dosreis@bol.com.br\&quot;,\&quot;valor\&quot;:2285.00,\&quot;parcelas\&quot;:23,\&quot;seguro\&quot;:true},{\&quot;id\&quot;:251,\&quot;nome\&quot;:\&quot;Ana Clara\&quot;,\&quot;cpf\&quot;:\&quot;63593597257\&quot;,\&quot;email\&quot;:\&quot;deneval.gentil@gmail.com\&quot;,\&quot;valor\&quot;:2688.00,\&quot;parcelas\&quot;:21,\&quot;seguro\&quot;:true},{\&quot;id\&quot;:252,\&quot;nome\&quot;:\&quot;Ana Lívia\&quot;,\&quot;cpf\&quot;:\&quot;75710373123\&quot;,\&quot;email\&quot;:\&quot;giovanna.bomdia@bol.com.br\&quot;,\&quot;valor\&quot;:2529.00,\&quot;parcelas\&quot;:24,\&quot;seguro\&quot;:true},{\&quot;id\&quot;:253,\&quot;nome\&quot;:\&quot;Maria Sophia\&quot;,\&quot;cpf\&quot;:\&quot;48101935671\&quot;,\&quot;email\&quot;:\&quot;lavinia.almeida@hotmail.com\&quot;,\&quot;valor\&quot;:2350.00,\&quot;parcelas\&quot;:21,\&quot;seguro\&quot;:true},{\&quot;id\&quot;:254,\&quot;nome\&quot;:\&quot;Bruno\&quot;,\&quot;cpf\&quot;:\&quot;45007302932\&quot;,\&quot;email\&quot;:\&quot;mariafernanda.dagama@gmail.com\&quot;,\&quot;valor\&quot;:2481.00,\&quot;parcelas\&quot;:48,\&quot;seguro\&quot;:true},{\&quot;id\&quot;:255,\&quot;nome\&quot;:\&quot;Joaquim\&quot;,\&quot;cpf\&quot;:\&quot;80045776818\&quot;,\&quot;email\&quot;:\&quot;sophie.brites@hotmail.com\&quot;,\&quot;valor\&quot;:2531.00,\&quot;parcelas\&quot;:49,\&quot;seguro\&quot;:true},{\&quot;id\&quot;:256,\&quot;nome\&quot;:\&quot;Isadora\&quot;,\&quot;cpf\&quot;:\&quot;70075784948\&quot;,\&quot;email\&quot;:\&quot;perola.dasilva@gmail.com\&quot;,\&quot;valor\&quot;:2222.00,\&quot;parcelas\&quot;:23,\&quot;seguro\&quot;:true},{\&quot;id\&quot;:257,\&quot;nome\&quot;:\&quot;Pedro Miguel\&quot;,\&quot;cpf\&quot;:\&quot;283.486.188-05\&quot;,\&quot;email\&quot;:\&quot;washington.melo@yahoo.com\&quot;,\&quot;valor\&quot;:2670.00,\&quot;parcelas\&quot;:21,\&quot;seguro\&quot;:true},{\&quot;id\&quot;:260,\&quot;nome\&quot;:\&quot;Giovanna\&quot;,\&quot;cpf\&quot;:\&quot;24352954045\&quot;,\&quot;email\&quot;:\&quot;anabeatriz.parreira@gmail.com\&quot;,\&quot;valor\&quot;:999.00,\&quot;parcelas\&quot;:29,\&quot;seguro\&quot;:true},{\&quot;id\&quot;:263,\&quot;nome\&quot;:\&quot;Danilo\&quot;,\&quot;cpf\&quot;:\&quot;45042899457\&quot;,\&quot;email\&quot;:\&quot;isadora.nogueira@yahoo.com\&quot;,\&quot;valor\&quot;:2947.00,\&quot;parcelas\&quot;:23,\&quot;seguro\&quot;:true},{\&quot;id\&quot;:266,\&quot;nome\&quot;:\&quot;Bernardo\&quot;,\&quot;cpf\&quot;:\&quot;34855710368\&quot;,\&quot;email\&quot;:\&quot;joana.lima@bol.com.br\&quot;,\&quot;valor\&quot;:2053.00,\&quot;parcelas\&quot;:25,\&quot;seguro\&quot;:true},{\&quot;id\&quot;:265,\&quot;nome\&quot;:\&quot;Vitor\&quot;,\&quot;cpf\&quot;:\&quot;69488220082\&quot;,\&quot;email\&quot;:\&quot;beatriz.bulhoes@hotmail.com\&quot;,\&quot;valor\&quot;:2135.00,\&quot;parcelas\&quot;:21,\&quot;seguro\&quot;:true},{\&quot;id\&quot;:270,\&quot;nome\&quot;:\&quot;Caio\&quot;,\&quot;cpf\&quot;:\&quot;31441076596\&quot;,\&quot;email\&quot;:\&quot;luna.palmeira@hotmail.com\&quot;,\&quot;valor\&quot;:2964.00,\&quot;parcelas\&quot;:23,\&quot;seguro\&quot;:true},{\&quot;id\&quot;:273,\&quot;nome\&quot;:\&quot;Bernardo\&quot;,\&quot;cpf\&quot;:\&quot;27112168484\&quot;,\&quot;email\&quot;:\&quot;mariahelena.munhoz@live.com\&quot;,\&quot;valor\&quot;:2373.00,\&quot;parcelas\&quot;:26,\&quot;seguro\&quot;:true},{\&quot;id\&quot;:272,\&quot;nome\&quot;:\&quot;Ana Laura\&quot;,\&quot;cpf\&quot;:\&quot;41461611770\&quot;,\&quot;email\&quot;:\&quot;paulo.mangueira@bol.com.br\&quot;,\&quot;valor\&quot;:2281.00,\&quot;parcelas\&quot;:25,\&quot;seguro\&quot;:true},{\&quot;id\&quot;:274,\&quot;nome\&quot;:\&quot;Márcia\&quot;,\&quot;cpf\&quot;:\&quot;99928076152\&quot;,\&quot;email\&quot;:\&quot;alicia.melo@bol.com.br\&quot;,\&quot;valor\&quot;:2079.00,\&quot;parcelas\&quot;:23,\&quot;seguro\&quot;:true},{\&quot;id\&quot;:275,\&quot;nome\&quot;:\&quot;Vitória\&quot;,\&quot;cpf\&quot;:\&quot;56472281345\&quot;,\&quot;email\&quot;:\&quot;igor.fernandes@live.com\&quot;,\&quot;valor\&quot;:2490.00,\&quot;parcelas\&quot;:22,\&quot;seguro\&quot;:true},{\&quot;id\&quot;:277,\&quot;nome\&quot;:\&quot;Igor\&quot;,\&quot;cpf\&quot;:\&quot;57507878621\&quot;,\&quot;email\&quot;:\&quot;ryan.arriaga@bol.com.br\&quot;,\&quot;valor\&quot;:2397.00,\&quot;parcelas\&quot;:49,\&quot;seguro\&quot;:true},{\&quot;id\&quot;:276,\&quot;nome\&quot;:\&quot;Pablo\&quot;,\&quot;cpf\&quot;:\&quot;34494698359\&quot;,\&quot;email\&quot;:\&quot;lavinia.bonfim@yahoo.com\&quot;,\&quot;valor\&quot;:2610.00,\&quot;parcelas\&quot;:21,\&quot;seguro\&quot;:true},{\&quot;id\&quot;:278,\&quot;nome\&quot;:\&quot;Ana Luiza\&quot;,\&quot;cpf\&quot;:\&quot;62802318700\&quot;,\&quot;email\&quot;:\&quot;carlos.barbosa@yahoo.com\&quot;,\&quot;valor\&quot;:2177.00,\&quot;parcelas\&quot;:2,\&quot;seguro\&quot;:true},{\&quot;id\&quot;:280,\&quot;nome\&quot;:\&quot;Isadora\&quot;,\&quot;cpf\&quot;:\&quot;08632809309\&quot;,\&quot;email\&quot;:\&quot;breno.domingues@yahoo.com\&quot;,\&quot;valor\&quot;:2653.00,\&quot;parcelas\&quot;:20,\&quot;seguro\&quot;:true},{\&quot;id\&quot;:281,\&quot;nome\&quot;:\&quot;Isis\&quot;,\&quot;cpf\&quot;:\&quot;21500864553\&quot;,\&quot;email\&quot;:\&quot;gael.muniz@hotmail.com\&quot;,\&quot;valor\&quot;:2097.00,\&quot;parcelas\&quot;:48,\&quot;seguro\&quot;:true},{\&quot;id\&quot;:282,\&quot;nome\&quot;:\&quot;Eduardo\&quot;,\&quot;cpf\&quot;:\&quot;00008215294\&quot;,\&quot;email\&quot;:\&quot;carloseduardo.henriques@bol.com.br\&quot;,\&quot;valor\&quot;:2429.00,\&quot;parcelas\&quot;:23,\&quot;seguro\&quot;:true},{\&quot;id\&quot;:283,\&quot;nome\&quot;:\&quot;Caio\&quot;,\&quot;cpf\&quot;:\&quot;688.537.273-92\&quot;,\&quot;email\&quot;:\&quot;daviluca.menendes@live.com\&quot;,\&quot;valor\&quot;:2306.00,\&quot;parcelas\&quot;:20,\&quot;seguro\&quot;:true},{\&quot;id\&quot;:285,\&quot;nome\&quot;:\&quot;Ana Sophia\&quot;,\&quot;cpf\&quot;:\&quot;71166037014\&quot;,\&quot;email\&quot;:\&quot;karla.aguiar@yahoo.com\&quot;,\&quot;valor\&quot;:2640.00,\&quot;parcelas\&quot;:27,\&quot;seguro\&quot;:true},{\&quot;id\&quot;:286,\&quot;nome\&quot;:\&quot;Tertuliano\&quot;,\&quot;cpf\&quot;:\&quot;65043315203\&quot;,\&quot;email\&quot;:\&quot;olivia.taveira@gmail.com\&quot;,\&quot;valor\&quot;:2104.00,\&quot;parcelas\&quot;:49,\&quot;seguro\&quot;:true},{\&quot;id\&quot;:289,\&quot;nome\&quot;:\&quot;Theo\&quot;,\&quot;cpf\&quot;:\&quot;82975605879\&quot;,\&quot;email\&quot;:\&quot;mariaisis.munhoz@bol.com.br\&quot;,\&quot;valor\&quot;:2116.00,\&quot;parcelas\&quot;:27,\&quot;seguro\&quot;:true},{\&quot;id\&quot;:287,\&quot;nome\&quot;:\&quot;Fábio\&quot;,\&quot;cpf\&quot;:\&quot;50293630656\&quot;,\&quot;email\&quot;:\&quot;marcia.longuinho@hotmail.com\&quot;,\&quot;valor\&quot;:999.00,\&quot;parcelas\&quot;:24,\&quot;seguro\&quot;:true},{\&quot;id\&quot;:295,\&quot;nome\&quot;:\&quot;Benício\&quot;,\&quot;cpf\&quot;:\&quot;96026323594\&quot;,\&quot;email\&quot;:\&quot;sophia.dacruz@bol.com.br\&quot;,\&quot;valor\&quot;:2152.00,\&quot;parcelas\&quot;:25,\&quot;seguro\&quot;:true},{\&quot;id\&quot;:294,\&quot;nome\&quot;:\&quot;Alícia\&quot;,\&quot;cpf\&quot;:\&quot;17487636012\&quot;,\&quot;email\&quot;:\&quot;caua.albuquerque@bol.com.br\&quot;,\&quot;valor\&quot;:2612.00,\&quot;parcelas\&quot;:23,\&quot;seguro\&quot;:true},{\&quot;id\&quot;:296,\&quot;nome\&quot;:\&quot;Milena\&quot;,\&quot;cpf\&quot;:\&quot;27178612730\&quot;,\&quot;email\&quot;:\&quot;yango.dapenha@bol.com.br\&quot;,\&quot;valor\&quot;:2311.00,\&quot;parcelas\&quot;:25,\&quot;seguro\&quot;:true},{\&quot;id\&quot;:297,\&quot;nome\&quot;:\&quot;Ricardo\&quot;,\&quot;cpf\&quot;:\&quot;07828440845\&quot;,\&quot;email\&quot;:\&quot;talita.goulart@live.com\&quot;,\&quot;valor\&quot;:2271.00,\&quot;parcelas\&quot;:23,\&quot;seguro\&quot;:true},{\&quot;id\&quot;:298,\&quot;nome\&quot;:\&quot;Samuel\&quot;,\&quot;cpf\&quot;:\&quot;14617333501\&quot;,\&quot;email\&quot;:\&quot;otavio.rios@bol.com.br\&quot;,\&quot;valor\&quot;:2286.00,\&quot;parcelas\&quot;:49,\&quot;seguro\&quot;:true},{\&quot;id\&quot;:299,\&quot;nome\&quot;:\&quot;Ana Sophia\&quot;,\&quot;cpf\&quot;:\&quot;50185495280\&quot;,\&quot;email\&quot;:\&quot;pablo.dabandeira@live.com\&quot;,\&quot;valor\&quot;:2167.00,\&quot;parcelas\&quot;:2,\&quot;seguro\&quot;:true},{\&quot;id\&quot;:300,\&quot;nome\&quot;:\&quot;Bruno\&quot;,\&quot;cpf\&quot;:\&quot;40477502935\&quot;,\&quot;email\&quot;:\&quot;fernanda.silva@gmail.com\&quot;,\&quot;valor\&quot;:2800.00,\&quot;parcelas\&quot;:21,\&quot;seguro\&quot;:true},{\&quot;id\&quot;:301,\&quot;nome\&quot;:\&quot;Giovanna\&quot;,\&quot;cpf\&quot;:\&quot;13691322727\&quot;,\&quot;email\&quot;:\&quot;marcia.daaldeia@live.com\&quot;,\&quot;valor\&quot;:2846.00,\&quot;parcelas\&quot;:23,\&quot;seguro\&quot;:true},{\&quot;id\&quot;:302,\&quot;nome\&quot;:\&quot;Luan\&quot;,\&quot;cpf\&quot;:\&quot;51413163775\&quot;,\&quot;email\&quot;:\&quot;enzogabriel.godins@hotmail.com\&quot;,\&quot;valor\&quot;:2084.00,\&quot;parcelas\&quot;:48,\&quot;seguro\&quot;:true},{\&quot;id\&quot;:303,\&quot;nome\&quot;:\&quot;Allana\&quot;,\&quot;cpf\&quot;:\&quot;96934800887\&quot;,\&quot;email\&quot;:\&quot;gustavo.melo@hotmail.com\&quot;,\&quot;valor\&quot;:2030.00,\&quot;parcelas\&quot;:22,\&quot;seguro\&quot;:true},{\&quot;id\&quot;:304,\&quot;nome\&quot;:\&quot;Letícia\&quot;,\&quot;cpf\&quot;:\&quot;997.310.010-98\&quot;,\&quot;email\&quot;:\&quot;ayla.danobrega@yahoo.com\&quot;,\&quot;valor\&quot;:2900.00,\&quot;parcelas\&quot;:29,\&quot;seguro\&quot;:true},{\&quot;id\&quot;:305,\&quot;nome\&quot;:\&quot;Yuri\&quot;,\&quot;cpf\&quot;:\&quot;25261162201\&quot;,\&quot;email\&quot;:\&quot;juliana.daluz@bol.com.br\&quot;,\&quot;valor\&quot;:2331.00,\&quot;parcelas\&quot;:28,\&quot;seguro\&quot;:true},{\&quot;id\&quot;:309,\&quot;nome\&quot;:\&quot;Arthur Henrique\&quot;,\&quot;cpf\&quot;:\&quot;17452329542\&quot;,\&quot;email\&quot;:\&quot;isabel.lima@bol.com.br\&quot;,\&quot;valor\&quot;:2936.00,\&quot;parcelas\&quot;:21,\&quot;seguro\&quot;:true},{\&quot;id\&quot;:306,\&quot;nome\&quot;:\&quot;Gúbio\&quot;,\&quot;cpf\&quot;:\&quot;38830114518\&quot;,\&quot;email\&quot;:\&quot;marcia.parreira@live.com\&quot;,\&quot;valor\&quot;:2109.00,\&quot;parcelas\&quot;:29,\&quot;seguro\&quot;:true},{\&quot;id\&quot;:308,\&quot;nome\&quot;:\&quot;Francisco\&quot;,\&quot;cpf\&quot;:\&quot;26625526386\&quot;,\&quot;email\&quot;:\&quot;liz.campos@live.com\&quot;,\&quot;valor\&quot;:2211.00,\&quot;parcelas\&quot;:23,\&quot;seguro\&quot;:true},{\&quot;id\&quot;:313,\&quot;nome\&quot;:\&quot;Bianca\&quot;,\&quot;cpf\&quot;:\&quot;01768338411\&quot;,\&quot;email\&quot;:\&quot;liz.mendes@bol.com.br\&quot;,\&quot;valor\&quot;:2007.00,\&quot;parcelas\&quot;:22,\&quot;seguro\&quot;:true},{\&quot;id\&quot;:316,\&quot;nome\&quot;:\&quot;Milena\&quot;,\&quot;cpf\&quot;:\&quot;80209875376\&quot;,\&quot;email\&quot;:\&quot;mariasophia.banheira@gmail.com\&quot;,\&quot;valor\&quot;:2455.00,\&quot;parcelas\&quot;:27,\&quot;seguro\&quot;:true},{\&quot;id\&quot;:315,\&quot;nome\&quot;:\&quot;Alessandra\&quot;,\&quot;cpf\&quot;:\&quot;60116623619\&quot;,\&quot;email\&quot;:\&quot;anthony.dabarranca@gmail.com\&quot;,\&quot;valor\&quot;:2816.00,\&quot;parcelas\&quot;:21,\&quot;seguro\&quot;:true},{\&quot;id\&quot;:317,\&quot;nome\&quot;:\&quot;Melissa\&quot;,\&quot;cpf\&quot;:\&quot;52747351897\&quot;,\&quot;email\&quot;:\&quot;milena.darosa@bol.com.br\&quot;,\&quot;valor\&quot;:2815.00,\&quot;parcelas\&quot;:24,\&quot;seguro\&quot;:true},{\&quot;id\&quot;:318,\&quot;nome\&quot;:\&quot;Emilly\&quot;,\&quot;cpf\&quot;:\&quot;97608423718\&quot;,\&quot;email\&quot;:\&quot;gael.deassuncao@bol.com.br\&quot;,\&quot;valor\&quot;:2436.00,\&quot;parcelas\&quot;:25,\&quot;seguro\&quot;:true},{\&quot;id\&quot;:320,\&quot;nome\&quot;:\&quot;Louise\&quot;,\&quot;cpf\&quot;:\&quot;14671274447\&quot;,\&quot;email\&quot;:\&quot;eduardo.ordonhes@hotmail.com\&quot;,\&quot;valor\&quot;:2985.00,\&quot;parcelas\&quot;:49,\&quot;seguro\&quot;:true},{\&quot;id\&quot;:319,\&quot;nome\&quot;:\&quot;Bernardo\&quot;,\&quot;cpf\&quot;:\&quot;86432963952\&quot;,\&quot;email\&quot;:\&quot;natalia.videira@bol.com.br\&quot;,\&quot;valor\&quot;:2469.00,\&quot;parcelas\&quot;:2,\&quot;seguro\&quot;:true},{\&quot;id\&quot;:321,\&quot;nome\&quot;:\&quot;Ana Cecília\&quot;,\&quot;cpf\&quot;:\&quot;06483609458\&quot;,\&quot;email\&quot;:\&quot;emilly.domingues@gmail.com\&quot;,\&quot;valor\&quot;:2740.00,\&quot;parcelas\&quot;:20,\&quot;seguro\&quot;:true},{\&quot;id\&quot;:323,\&quot;nome\&quot;:\&quot;Kaique\&quot;,\&quot;cpf\&quot;:\&quot;83015380593\&quot;,\&quot;email\&quot;:\&quot;isabella.leiria@live.com\&quot;,\&quot;valor\&quot;:2784.00,\&quot;parcelas\&quot;:24,\&quot;seguro\&quot;:true},{\&quot;id\&quot;:324,\&quot;nome\&quot;:\&quot;Arthur\&quot;,\&quot;cpf\&quot;:\&quot;48207942868\&quot;,\&quot;email\&quot;:\&quot;janaina.munhoz@hotmail.com\&quot;,\&quot;valor\&quot;:2524.00,\&quot;parcelas\&quot;:48,\&quot;seguro\&quot;:true},{\&quot;id\&quot;:326,\&quot;nome\&quot;:\&quot;João Luca\&quot;,\&quot;cpf\&quot;:\&quot;702.617.705-61\&quot;,\&quot;email\&quot;:\&quot;frederico.dosreis@yahoo.com\&quot;,\&quot;valor\&quot;:2193.00,\&quot;parcelas\&quot;:28,\&quot;seguro\&quot;:true},{\&quot;id\&quot;:327,\&quot;nome\&quot;:\&quot;Davi Lucas\&quot;,\&quot;cpf\&quot;:\&quot;84529180162\&quot;,\&quot;email\&quot;:\&quot;mariaisis.reis@yahoo.com\&quot;,\&quot;valor\&quot;:2050.00,\&quot;parcelas\&quot;:28,\&quot;seguro\&quot;:true},{\&quot;id\&quot;:328,\&quot;nome\&quot;:\&quot;Marcela\&quot;,\&quot;cpf\&quot;:\&quot;41693674416\&quot;,\&quot;email\&quot;:\&quot;lucasgabriel.martins@bol.com.br\&quot;,\&quot;valor\&quot;:2274.00,\&quot;parcelas\&quot;:27,\&quot;seguro\&quot;:true},{\&quot;id\&quot;:329,\&quot;nome\&quot;:\&quot;Enzo Miguel\&quot;,\&quot;cpf\&quot;:\&quot;90560334549\&quot;,\&quot;email\&quot;:\&quot;djalma.barata@bol.com.br\&quot;,\&quot;valor\&quot;:2595.00,\&quot;parcelas\&quot;:49,\&quot;seguro\&quot;:true},{\&quot;id\&quot;:332,\&quot;nome\&quot;:\&quot;Ana Beatriz\&quot;,\&quot;cpf\&quot;:\&quot;90866436716\&quot;,\&quot;email\&quot;:\&quot;daviluca.damata@hotmail.com\&quot;,\&quot;valor\&quot;:2613.00,\&quot;parcelas\&quot;:21,\&quot;seguro\&quot;:true},{\&quot;id\&quot;:334,\&quot;nome\&quot;:\&quot;Rafael\&quot;,\&quot;cpf\&quot;:\&quot;56043132116\&quot;,\&quot;email\&quot;:\&quot;mirella.doprado@hotmail.com\&quot;,\&quot;valor\&quot;:999.00,\&quot;parcelas\&quot;:26,\&quot;seguro\&quot;:true},{\&quot;id\&quot;:338,\&quot;nome\&quot;:\&quot;Alessandra\&quot;,\&quot;cpf\&quot;:\&quot;63095180846\&quot;,\&quot;email\&quot;:\&quot;mariasophia.custodio@bol.com.br\&quot;,\&quot;valor\&quot;:2598.00,\&quot;parcelas\&quot;:29,\&quot;seguro\&quot;:true},{\&quot;id\&quot;:337,\&quot;nome\&quot;:\&quot;Isis\&quot;,\&quot;cpf\&quot;:\&quot;60762326682\&quot;,\&quot;email\&quot;:\&quot;bruno.meira@hotmail.com\&quot;,\&quot;valor\&quot;:2649.00,\&quot;parcelas\&quot;:29,\&quot;seguro\&quot;:true},{\&quot;id\&quot;:339,\&quot;nome\&quot;:\&quot;Melissa\&quot;,\&quot;cpf\&quot;:\&quot;09895583168\&quot;,\&quot;email\&quot;:\&quot;mariavalentina.gabeira@hotmail.com\&quot;,\&quot;valor\&quot;:2376.00,\&quot;parcelas\&quot;:28,\&quot;seguro\&quot;:true},{\&quot;id\&quot;:344,\&quot;nome\&quot;:\&quot;Kauê\&quot;,\&quot;cpf\&quot;:\&quot;50938205350\&quot;,\&quot;email\&quot;:\&quot;gubio.jaques@bol.com.br\&quot;,\&quot;valor\&quot;:2246.00,\&quot;parcelas\&quot;:20,\&quot;seguro\&quot;:true},{\&quot;id\&quot;:345,\&quot;nome\&quot;:\&quot;Olívia\&quot;,\&quot;cpf\&quot;:\&quot;05545171372\&quot;,\&quot;email\&quot;:\&quot;carla.gabeira@yahoo.com\&quot;,\&quot;valor\&quot;:2519.00,\&quot;parcelas\&quot;:28,\&quot;seguro\&quot;:true},{\&quot;id\&quot;:346,\&quot;nome\&quot;:\&quot;Sarah\&quot;,\&quot;cpf\&quot;:\&quot;72925304862\&quot;,\&quot;email\&quot;:\&quot;karla.siqueiro@live.com\&quot;,\&quot;valor\&quot;:2424.00,\&quot;parcelas\&quot;:26,\&quot;seguro\&quot;:true},{\&quot;id\&quot;:347,\&quot;nome\&quot;:\&quot;Enrico\&quot;,\&quot;cpf\&quot;:\&quot;22109999994\&quot;,\&quot;email\&quot;:\&quot;joao.hernandes@yahoo.com\&quot;,\&quot;valor\&quot;:2810.00,\&quot;parcelas\&quot;:21,\&quot;seguro\&quot;:true},{\&quot;id\&quot;:348,\&quot;nome\&quot;:\&quot;Marcos\&quot;,\&quot;cpf\&quot;:\&quot;98545591287\&quot;,\&quot;email\&quot;:\&quot;malu.dacosta@live.com\&quot;,\&quot;valor\&quot;:2432.00,\&quot;parcelas\&quot;:28,\&quot;seguro\&quot;:true},{\&quot;id\&quot;:349,\&quot;nome\&quot;:\&quot;Pedro Tobias\&quot;,\&quot;cpf\&quot;:\&quot;67041156966\&quot;,\&quot;email\&quot;:\&quot;luizmiguel.martim@hotmail.com\&quot;,\&quot;valor\&quot;:2003.00,\&quot;parcelas\&quot;:49,\&quot;seguro\&quot;:true},{\&quot;id\&quot;:351,\&quot;nome\&quot;:\&quot;Adriana\&quot;,\&quot;cpf\&quot;:\&quot;55888996199\&quot;,\&quot;email\&quot;:\&quot;anaclara.saraiva@gmail.com\&quot;,\&quot;valor\&quot;:2429.00,\&quot;parcelas\&quot;:2,\&quot;seguro\&quot;:true},{\&quot;id\&quot;:352,\&quot;nome\&quot;:\&quot;André\&quot;,\&quot;cpf\&quot;:\&quot;13786331901\&quot;,\&quot;email\&quot;:\&quot;marcia.domingues@live.com\&quot;,\&quot;valor\&quot;:2505.00,\&quot;parcelas\&quot;:26,\&quot;seguro\&quot;:true},{\&quot;id\&quot;:353,\&quot;nome\&quot;:\&quot;Maria Alice\&quot;,\&quot;cpf\&quot;:\&quot;32188337704\&quot;,\&quot;email\&quot;:\&quot;mariavitoria.conceicao@yahoo.com\&quot;,\&quot;valor\&quot;:2887.00,\&quot;parcelas\&quot;:20,\&quot;seguro\&quot;:true},{\&quot;id\&quot;:354,\&quot;nome\&quot;:\&quot;Felipe\&quot;,\&quot;cpf\&quot;:\&quot;42801117540\&quot;,\&quot;email\&quot;:\&quot;luizfelipe.desa@gmail.com\&quot;,\&quot;valor\&quot;:2817.00,\&quot;parcelas\&quot;:48,\&quot;seguro\&quot;:true},{\&quot;id\&quot;:355,\&quot;nome\&quot;:\&quot;Eduardo\&quot;,\&quot;cpf\&quot;:\&quot;51341674253\&quot;,\&quot;email\&quot;:\&quot;luizgustavo.garces@yahoo.com\&quot;,\&quot;valor\&quot;:2610.00,\&quot;parcelas\&quot;:27,\&quot;seguro\&quot;:true},{\&quot;id\&quot;:356,\&quot;nome\&quot;:\&quot;Juliana\&quot;,\&quot;cpf\&quot;:\&quot;598.101.208-24\&quot;,\&quot;email\&quot;:\&quot;bruna.sa@bol.com.br\&quot;,\&quot;valor\&quot;:2196.00,\&quot;parcelas\&quot;:23,\&quot;seguro\&quot;:true},{\&quot;id\&quot;:358,\&quot;nome\&quot;:\&quot;Thomas\&quot;,\&quot;cpf\&quot;:\&quot;80722797353\&quot;,\&quot;email\&quot;:\&quot;fabiano.munhoz@gmail.com\&quot;,\&quot;valor\&quot;:2135.00,\&quot;parcelas\&quot;:29,\&quot;seguro\&quot;:true},{\&quot;id\&quot;:359,\&quot;nome\&quot;:\&quot;Ana Lívia\&quot;,\&quot;cpf\&quot;:\&quot;57892449134\&quot;,\&quot;email\&quot;:\&quot;maria.aragao@live.com\&quot;,\&quot;valor\&quot;:2955.00,\&quot;parcelas\&quot;:49,\&quot;seguro\&quot;:true},{\&quot;id\&quot;:360,\&quot;nome\&quot;:\&quot;Davi Lucca\&quot;,\&quot;cpf\&quot;:\&quot;93390037612\&quot;,\&quot;email\&quot;:\&quot;analaura.macedo@hotmail.com\&quot;,\&quot;valor\&quot;:2955.00,\&quot;parcelas\&quot;:22,\&quot;seguro\&quot;:true},{\&quot;id\&quot;:365,\&quot;nome\&quot;:\&quot;Víctor\&quot;,\&quot;cpf\&quot;:\&quot;47392500192\&quot;,\&quot;email\&quot;:\&quot;feliciano.galego@yahoo.com\&quot;,\&quot;valor\&quot;:999.00,\&quot;parcelas\&quot;:22,\&quot;seguro\&quot;:true},{\&quot;id\&quot;:369,\&quot;nome\&quot;:\&quot;Ana Beatriz\&quot;,\&quot;cpf\&quot;:\&quot;01371944751\&quot;,\&quot;email\&quot;:\&quot;levi.porto@yahoo.com\&quot;,\&quot;valor\&quot;:2982.00,\&quot;parcelas\&quot;:22,\&quot;seguro\&quot;:true},{\&quot;id\&quot;:366,\&quot;nome\&quot;:\&quot;Nathan\&quot;,\&quot;cpf\&quot;:\&quot;60606017508\&quot;,\&quot;email\&quot;:\&quot;paulo.bernardes@hotmail.com\&quot;,\&quot;valor\&quot;:2671.00,\&quot;parcelas\&quot;:26,\&quot;seguro\&quot;:true},{\&quot;id\&quot;:367,\&quot;nome\&quot;:\&quot;Maria Júlia\&quot;,\&quot;cpf\&quot;:\&quot;57365664643\&quot;,\&quot;email\&quot;:\&quot;vitorhugo.castelo@gmail.com\&quot;,\&quot;valor\&quot;:2744.00,\&quot;parcelas\&quot;:26,\&quot;seguro\&quot;:true},{\&quot;id\&quot;:374,\&quot;nome\&quot;:\&quot;Felícia\&quot;,\&quot;cpf\&quot;:\&quot;83514458588\&quot;,\&quot;email\&quot;:\&quot;djalma.arantes@yahoo.com\&quot;,\&quot;valor\&quot;:2076.00,\&quot;parcelas\&quot;:26,\&quot;seguro\&quot;:true},{\&quot;id\&quot;:375,\&quot;nome\&quot;:\&quot;Paulo\&quot;,\&quot;cpf\&quot;:\&quot;51759103331\&quot;,\&quot;email\&quot;:\&quot;arthur.dacruz@gmail.com\&quot;,\&quot;valor\&quot;:2409.00,\&quot;parcelas\&quot;:25,\&quot;seguro\&quot;:true},{\&quot;id\&quot;:376,\&quot;nome\&quot;:\&quot;Marcela\&quot;,\&quot;cpf\&quot;:\&quot;57581141983\&quot;,\&quot;email\&quot;:\&quot;lais.aparicio@yahoo.com\&quot;,\&quot;valor\&quot;:2322.00,\&quot;parcelas\&quot;:28,\&quot;seguro\&quot;:true},{\&quot;id\&quot;:377,\&quot;nome\&quot;:\&quot;Marcela\&quot;,\&quot;cpf\&quot;:\&quot;41818404060\&quot;,\&quot;email\&quot;:\&quot;livia.gomide@yahoo.com\&quot;,\&quot;valor\&quot;:2882.00,\&quot;parcelas\&quot;:25,\&quot;seguro\&quot;:true},{\&quot;id\&quot;:378,\&quot;nome\&quot;:\&quot;Isabela\&quot;,\&quot;cpf\&quot;:\&quot;97936220932\&quot;,\&quot;email\&quot;:\&quot;joaquim.reis@live.com\&quot;,\&quot;valor\&quot;:2082.00,\&quot;parcelas\&quot;:28,\&quot;seguro\&quot;:true},{\&quot;id\&quot;:380,\&quot;nome\&quot;:\&quot;Emanuel\&quot;,\&quot;cpf\&quot;:\&quot;41028148149\&quot;,\&quot;email\&quot;:\&quot;malu.hermingues@bol.com.br\&quot;,\&quot;valor\&quot;:2661.00,\&quot;parcelas\&quot;:49,\&quot;seguro\&quot;:true},{\&quot;id\&quot;:381,\&quot;nome\&quot;:\&quot;Sophie\&quot;,\&quot;cpf\&quot;:\&quot;92991725168\&quot;,\&quot;email\&quot;:\&quot;rebeca.simao@yahoo.com\&quot;,\&quot;valor\&quot;:2138.00,\&quot;parcelas\&quot;:2,\&quot;seguro\&quot;:true},{\&quot;id\&quot;:382,\&quot;nome\&quot;:\&quot;Henry\&quot;,\&quot;cpf\&quot;:\&quot;72377646430\&quot;,\&quot;email\&quot;:\&quot;giulia.mendes@bol.com.br\&quot;,\&quot;valor\&quot;:2166.00,\&quot;parcelas\&quot;:29,\&quot;seguro\&quot;:true},{\&quot;id\&quot;:383,\&quot;nome\&quot;:\&quot;Felipe\&quot;,\&quot;cpf\&quot;:\&quot;73817482970\&quot;,\&quot;email\&quot;:\&quot;igor.damaia@yahoo.com\&quot;,\&quot;valor\&quot;:2207.00,\&quot;parcelas\&quot;:22,\&quot;seguro\&quot;:true},{\&quot;id\&quot;:384,\&quot;nome\&quot;:\&quot;Malu\&quot;,\&quot;cpf\&quot;:\&quot;67246769363\&quot;,\&quot;email\&quot;:\&quot;maya.hermingues@live.com\&quot;,\&quot;valor\&quot;:2368.00,\&quot;parcelas\&quot;:48,\&quot;seguro\&quot;:true},{\&quot;id\&quot;:385,\&quot;nome\&quot;:\&quot;Amanda\&quot;,\&quot;cpf\&quot;:\&quot;09426630700\&quot;,\&quot;email\&quot;:\&quot;victor.paes@hotmail.com\&quot;,\&quot;valor\&quot;:2096.00,\&quot;parcelas\&quot;:26,\&quot;seguro\&quot;:true},{\&quot;id\&quot;:386,\&quot;nome\&quot;:\&quot;Ana Sophia\&quot;,\&quot;cpf\&quot;:\&quot;36825228555\&quot;,\&quot;email\&quot;:\&quot;rafaela.correa@hotmail.com\&quot;,\&quot;valor\&quot;:2554.00,\&quot;parcelas\&quot;:27,\&quot;seguro\&quot;:true},{\&quot;id\&quot;:387,\&quot;nome\&quot;:\&quot;Lorraine\&quot;,\&quot;cpf\&quot;:\&quot;102.358.844-39\&quot;,\&quot;email\&quot;:\&quot;mariaalice.quarteira@yahoo.com\&quot;,\&quot;valor\&quot;:2082.00,\&quot;parcelas\&quot;:25,\&quot;seguro\&quot;:true},{\&quot;id\&quot;:390,\&quot;nome\&quot;:\&quot;Luiz Miguel\&quot;,\&quot;cpf\&quot;:\&quot;70033206443\&quot;,\&quot;email\&quot;:\&quot;oliver.campos@bol.com.br\&quot;,\&quot;valor\&quot;:2322.00,\&quot;parcelas\&quot;:21,\&quot;seguro\&quot;:true},{\&quot;id\&quot;:391,\&quot;nome\&quot;:\&quot;Stella\&quot;,\&quot;cpf\&quot;:\&quot;34179393628\&quot;,\&quot;email\&quot;:\&quot;thiago.teixeira@gmail.com\&quot;,\&quot;valor\&quot;:2015.00,\&quot;parcelas\&quot;:49,\&quot;seguro\&quot;:true},{\&quot;id\&quot;:395,\&quot;nome\&quot;:\&quot;Enrico\&quot;,\&quot;cpf\&quot;:\&quot;00065136571\&quot;,\&quot;email\&quot;:\&quot;murilo.carneiro@bol.com.br\&quot;,\&quot;valor\&quot;:999.00,\&quot;parcelas\&quot;:26,\&quot;seguro\&quot;:true},{\&quot;id\&quot;:397,\&quot;nome\&quot;:\&quot;Luna\&quot;,\&quot;cpf\&quot;:\&quot;01919906157\&quot;,\&quot;email\&quot;:\&quot;gabriel.darosa@yahoo.com\&quot;,\&quot;valor\&quot;:2695.00,\&quot;parcelas\&quot;:29,\&quot;seguro\&quot;:true},{\&quot;id\&quot;:398,\&quot;nome\&quot;:\&quot;Ayla\&quot;,\&quot;cpf\&quot;:\&quot;06752333812\&quot;,\&quot;email\&quot;:\&quot;mariacecilia.quaresma@bol.com.br\&quot;,\&quot;valor\&quot;:2118.00,\&quot;parcelas\&quot;:25,\&quot;seguro\&quot;:true},{\&quot;id\&quot;:399,\&quot;nome\&quot;:\&quot;Bernardo\&quot;,\&quot;cpf\&quot;:\&quot;80855596354\&quot;,\&quot;email\&quot;:\&quot;paulo.dafronteira@gmail.com\&quot;,\&quot;valor\&quot;:2026.00,\&quot;parcelas\&quot;:27,\&quot;seguro\&quot;:true},{\&quot;id\&quot;:400,\&quot;nome\&quot;:\&quot;Ofélia\&quot;,\&quot;cpf\&quot;:\&quot;42800657693\&quot;,\&quot;email\&quot;:\&quot;pedromiguel.geraldes@bol.com.br\&quot;,\&quot;valor\&quot;:2155.00,\&quot;parcelas\&quot;:20,\&quot;seguro\&quot;:true},{\&quot;id\&quot;:401,\&quot;nome\&quot;:\&quot;Sophia\&quot;,\&quot;cpf\&quot;:\&quot;44006460442\&quot;,\&quot;email\&quot;:\&quot;antonia.dequadros@gmail.com\&quot;,\&quot;valor\&quot;:2134.00,\&quot;parcelas\&quot;:49,\&quot;seguro\&quot;:true},{\&quot;id\&quot;:402,\&quot;nome\&quot;:\&quot;Maria Sophia\&quot;,\&quot;cpf\&quot;:\&quot;77803300058\&quot;,\&quot;email\&quot;:\&quot;sarah.aroeira@live.com\&quot;,\&quot;valor\&quot;:2653.00,\&quot;parcelas\&quot;:2,\&quot;seguro\&quot;:true},{\&quot;id\&quot;:403,\&quot;nome\&quot;:\&quot;Maria\&quot;,\&quot;cpf\&quot;:\&quot;04868440662\&quot;,\&quot;email\&quot;:\&quot;sophia.coqueiro@gmail.com\&quot;,\&quot;valor\&quot;:2657.00,\&quot;parcelas\&quot;:24,\&quot;seguro\&quot;:true},{\&quot;id\&quot;:404,\&quot;nome\&quot;:\&quot;Yasmin\&quot;,\&quot;cpf\&quot;:\&quot;37977645846\&quot;,\&quot;email\&quot;:\&quot;nicolas.almeida@yahoo.com\&quot;,\&quot;valor\&quot;:2996.00,\&quot;parcelas\&quot;:26,\&quot;seguro\&quot;:true},{\&quot;id\&quot;:405,\&quot;nome\&quot;:\&quot;João Luca\&quot;,\&quot;cpf\&quot;:\&quot;28215016409\&quot;,\&quot;email\&quot;:\&quot;luan.nogueira@hotmail.com\&quot;,\&quot;valor\&quot;:2448.00,\&quot;parcelas\&quot;:48,\&quot;seguro\&quot;:true},{\&quot;id\&quot;:406,\&quot;nome\&quot;:\&quot;Alexandre\&quot;,\&quot;cpf\&quot;:\&quot;80477202335\&quot;,\&quot;email\&quot;:\&quot;norberto.ramalho@gmail.com\&quot;,\&quot;valor\&quot;:2696.00,\&quot;parcelas\&quot;:26,\&quot;seguro\&quot;:true},{\&quot;id\&quot;:407,\&quot;nome\&quot;:\&quot;Noah\&quot;,\&quot;cpf\&quot;:\&quot;782.047.276-46\&quot;,\&quot;email\&quot;:\&quot;lavinia.lessa@yahoo.com\&quot;,\&quot;valor\&quot;:2504.00,\&quot;parcelas\&quot;:21,\&quot;seguro\&quot;:true},{\&quot;id\&quot;:408,\&quot;nome\&quot;:\&quot;Warley\&quot;,\&quot;cpf\&quot;:\&quot;24672740514\&quot;,\&quot;email\&quot;:\&quot;isaac.batista@live.com\&quot;,\&quot;valor\&quot;:2763.00,\&quot;parcelas\&quot;:29,\&quot;seguro\&quot;:true},{\&quot;id\&quot;:411,\&quot;nome\&quot;:\&quot;Agatha\&quot;,\&quot;cpf\&quot;:\&quot;11014935184\&quot;,\&quot;email\&quot;:\&quot;luiz.figueira@hotmail.com\&quot;,\&quot;valor\&quot;:2973.00,\&quot;parcelas\&quot;:24,\&quot;seguro\&quot;:true},{\&quot;id\&quot;:410,\&quot;nome\&quot;:\&quot;Luiz Miguel\&quot;,\&quot;cpf\&quot;:\&quot;95526550345\&quot;,\&quot;email\&quot;:\&quot;ryan.barreto@yahoo.com\&quot;,\&quot;valor\&quot;:2067.00,\&quot;parcelas\&quot;:20,\&quot;seguro\&quot;:true},{\&quot;id\&quot;:412,\&quot;nome\&quot;:\&quot;Samuel\&quot;,\&quot;cpf\&quot;:\&quot;52731442153\&quot;,\&quot;email\&quot;:\&quot;enzothiago.rameira@bol.com.br\&quot;,\&quot;valor\&quot;:2779.00,\&quot;parcelas\&quot;:29,\&quot;seguro\&quot;:true},{\&quot;id\&quot;:416,\&quot;nome\&quot;:\&quot;Davi Miguel\&quot;,\&quot;cpf\&quot;:\&quot;87969548481\&quot;,\&quot;email\&quot;:\&quot;hugo.roseira@live.com\&quot;,\&quot;valor\&quot;:2996.00,\&quot;parcelas\&quot;:22,\&quot;seguro\&quot;:true},{\&quot;id\&quot;:418,\&quot;nome\&quot;:\&quot;Stella\&quot;,\&quot;cpf\&quot;:\&quot;19035374982\&quot;,\&quot;email\&quot;:\&quot;francisco.gabeira@gmail.com\&quot;,\&quot;valor\&quot;:2486.00,\&quot;parcelas\&quot;:22,\&quot;seguro\&quot;:true},{\&quot;id\&quot;:419,\&quot;nome\&quot;:\&quot;Norberto\&quot;,\&quot;cpf\&quot;:\&quot;65776103759\&quot;,\&quot;email\&quot;:\&quot;heitor.galvao@yahoo.com\&quot;,\&quot;valor\&quot;:2344.00,\&quot;parcelas\&quot;:28,\&quot;seguro\&quot;:true},{\&quot;id\&quot;:420,\&quot;nome\&quot;:\&quot;João Felipe\&quot;,\&quot;cpf\&quot;:\&quot;68268314149\&quot;,\&quot;email\&quot;:\&quot;joaopedro.crespo@live.com\&quot;,\&quot;valor\&quot;:2922.00,\&quot;parcelas\&quot;:27,\&quot;seguro\&quot;:true},{\&quot;id\&quot;:421,\&quot;nome\&quot;:\&quot;Ana Lívia\&quot;,\&quot;cpf\&quot;:\&quot;33658182470\&quot;,\&quot;email\&quot;:\&quot;benjamin.siqueiro@yahoo.com\&quot;,\&quot;valor\&quot;:2189.00,\&quot;parcelas\&quot;:21,\&quot;seguro\&quot;:true},{\&quot;id\&quot;:423,\&quot;nome\&quot;:\&quot;Roberta\&quot;,\&quot;cpf\&quot;:\&quot;10277378937\&quot;,\&quot;email\&quot;:\&quot;gustavo.amoreira@hotmail.com\&quot;,\&quot;valor\&quot;:2306.00,\&quot;parcelas\&quot;:49,\&quot;seguro\&quot;:true},{\&quot;id\&quot;:424,\&quot;nome\&quot;:\&quot;Márcio\&quot;,\&quot;cpf\&quot;:\&quot;07915624329\&quot;,\&quot;email\&quot;:\&quot;analuiza.corte@yahoo.com\&quot;,\&quot;valor\&quot;:2021.00,\&quot;parcelas\&quot;:2,\&quot;seguro\&quot;:true},{\&quot;id\&quot;:425,\&quot;nome\&quot;:\&quot;Liz\&quot;,\&quot;cpf\&quot;:\&quot;08121904835\&quot;,\&quot;email\&quot;:\&quot;marli.cruz@live.com\&quot;,\&quot;valor\&quot;:2277.00,\&quot;parcelas\&quot;:25,\&quot;seguro\&quot;:true},{\&quot;id\&quot;:426,\&quot;nome\&quot;:\&quot;Davi Miguel\&quot;,\&quot;cpf\&quot;:\&quot;11005229743\&quot;,\&quot;email\&quot;:\&quot;elisio.paiva@hotmail.com\&quot;,\&quot;valor\&quot;:2653.00,\&quot;parcelas\&quot;:28,\&quot;seguro\&quot;:true},{\&quot;id\&quot;:427,\&quot;nome\&quot;:\&quot;Louise\&quot;,\&quot;cpf\&quot;:\&quot;13215590746\&quot;,\&quot;email\&quot;:\&quot;jose.hernandes@bol.com.br\&quot;,\&quot;valor\&quot;:2962.00,\&quot;parcelas\&quot;:48,\&quot;seguro\&quot;:true},{\&quot;id\&quot;:430,\&quot;nome\&quot;:\&quot;Luiz Miguel\&quot;,\&quot;cpf\&quot;:\&quot;03730860428\&quot;,\&quot;email\&quot;:\&quot;giovanna.leiria@yahoo.com\&quot;,\&quot;valor\&quot;:2441.00,\&quot;parcelas\&quot;:25,\&quot;seguro\&quot;:true},{\&quot;id\&quot;:429,\&quot;nome\&quot;:\&quot;Miguel\&quot;,\&quot;cpf\&quot;:\&quot;730.100.273-42\&quot;,\&quot;email\&quot;:\&quot;ofelia.albuquerque@yahoo.com\&quot;,\&quot;valor\&quot;:2320.00,\&quot;parcelas\&quot;:22,\&quot;seguro\&quot;:true},{\&quot;id\&quot;:431,\&quot;nome\&quot;:\&quot;Arthur Miguel\&quot;,\&quot;cpf\&quot;:\&quot;09584893372\&quot;,\&quot;email\&quot;:\&quot;enrico.monteira@hotmail.com\&quot;,\&quot;valor\&quot;:2845.00,\&quot;parcelas\&quot;:28,\&quot;seguro\&quot;:true},{\&quot;id\&quot;:432,\&quot;nome\&quot;:\&quot;Alexandre\&quot;,\&quot;cpf\&quot;:\&quot;60824480852\&quot;,\&quot;email\&quot;:\&quot;mercia.danobrega@yahoo.com\&quot;,\&quot;valor\&quot;:2497.00,\&quot;parcelas\&quot;:28,\&quot;seguro\&quot;:true},{\&quot;id\&quot;:433,\&quot;nome\&quot;:\&quot;Giovanna\&quot;,\&quot;cpf\&quot;:\&quot;81925006281\&quot;,\&quot;email\&quot;:\&quot;anajulia.farias@gmail.com\&quot;,\&quot;valor\&quot;:2425.00,\&quot;parcelas\&quot;:49,\&quot;seguro\&quot;:true},{\&quot;id\&quot;:437,\&quot;nome\&quot;:\&quot;Sophie\&quot;,\&quot;cpf\&quot;:\&quot;55141632121\&quot;,\&quot;email\&quot;:\&quot;mirella.deassuncao@yahoo.com\&quot;,\&quot;valor\&quot;:999.00,\&quot;parcelas\&quot;:20,\&quot;seguro\&quot;:true},{\&quot;id\&quot;:440,\&quot;nome\&quot;:\&quot;Mathias\&quot;,\&quot;cpf\&quot;:\&quot;76223952214\&quot;,\&quot;email\&quot;:\&quot;enrico.pimenta@live.com\&quot;,\&quot;valor\&quot;:2322.00,\&quot;parcelas\&quot;:27,\&quot;seguro\&quot;:true},{\&quot;id\&quot;:441,\&quot;nome\&quot;:\&quot;Roberta\&quot;,\&quot;cpf\&quot;:\&quot;48114676742\&quot;,\&quot;email\&quot;:\&quot;fernando.leiria@bol.com.br\&quot;,\&quot;valor\&quot;:2386.00,\&quot;parcelas\&quot;:29,\&quot;seguro\&quot;:true},{\&quot;id\&quot;:442,\&quot;nome\&quot;:\&quot;Isabel\&quot;,\&quot;cpf\&quot;:\&quot;21058072717\&quot;,\&quot;email\&quot;:\&quot;jose.ouriques@yahoo.com\&quot;,\&quot;valor\&quot;:2130.00,\&quot;parcelas\&quot;:21,\&quot;seguro\&quot;:true},{\&quot;id\&quot;:443,\&quot;nome\&quot;:\&quot;Mércia\&quot;,\&quot;cpf\&quot;:\&quot;47509444852\&quot;,\&quot;email\&quot;:\&quot;eloah.daconceicao@live.com\&quot;,\&quot;valor\&quot;:2575.00,\&quot;parcelas\&quot;:20,\&quot;seguro\&quot;:true},{\&quot;id\&quot;:444,\&quot;nome\&quot;:\&quot;Francisco\&quot;,\&quot;cpf\&quot;:\&quot;01177676605\&quot;,\&quot;email\&quot;:\&quot;benicio.carvalheira@yahoo.com\&quot;,\&quot;valor\&quot;:2109.00,\&quot;parcelas\&quot;:49,\&quot;seguro\&quot;:true},{\&quot;id\&quot;:445,\&quot;nome\&quot;:\&quot;Lucas\&quot;,\&quot;cpf\&quot;:\&quot;85957193631\&quot;,\&quot;email\&quot;:\&quot;mercia.brum@yahoo.com\&quot;,\&quot;valor\&quot;:2879.00,\&quot;parcelas\&quot;:2,\&quot;seguro\&quot;:true},{\&quot;id\&quot;:446,\&quot;nome\&quot;:\&quot;Francisco\&quot;,\&quot;cpf\&quot;:\&quot;59214054521\&quot;,\&quot;email\&quot;:\&quot;andre.moreira@bol.com.br\&quot;,\&quot;valor\&quot;:2931.00,\&quot;parcelas\&quot;:25,\&quot;seguro\&quot;:true},{\&quot;id\&quot;:447,\&quot;nome\&quot;:\&quot;Danilo\&quot;,\&quot;cpf\&quot;:\&quot;03984002839\&quot;,\&quot;email\&quot;:\&quot;julio.aroeira@gmail.com\&quot;,\&quot;valor\&quot;:2163.00,\&quot;parcelas\&quot;:23,\&quot;seguro\&quot;:true},{\&quot;id\&quot;:448,\&quot;nome\&quot;:\&quot;Nathan\&quot;,\&quot;cpf\&quot;:\&quot;62390596934\&quot;,\&quot;email\&quot;:\&quot;marcelo.viveiros@yahoo.com\&quot;,\&quot;valor\&quot;:2433.00,\&quot;parcelas\&quot;:48,\&quot;seguro\&quot;:true},{\&quot;id\&quot;:449,\&quot;nome\&quot;:\&quot;Dalila\&quot;,\&quot;cpf\&quot;:\&quot;90006649552\&quot;,\&quot;email\&quot;:\&quot;kaique.lobos@gmail.com\&quot;,\&quot;valor\&quot;:2585.00,\&quot;parcelas\&quot;:23,\&quot;seguro\&quot;:true},{\&quot;id\&quot;:450,\&quot;nome\&quot;:\&quot;Pérola\&quot;,\&quot;cpf\&quot;:\&quot;493.509.721-03\&quot;,\&quot;email\&quot;:\&quot;felicia.macieira@bol.com.br\&quot;,\&quot;valor\&quot;:2841.00,\&quot;parcelas\&quot;:21,\&quot;seguro\&quot;:true},{\&quot;id\&quot;:451,\&quot;nome\&quot;:\&quot;Thiago\&quot;,\&quot;cpf\&quot;:\&quot;88254442665\&quot;,\&quot;email\&quot;:\&quot;yango.veloso@live.com\&quot;,\&quot;valor\&quot;:2246.00,\&quot;parcelas\&quot;:27,\&quot;seguro\&quot;:true},{\&quot;id\&quot;:455,\&quot;nome\&quot;:\&quot;Erick\&quot;,\&quot;cpf\&quot;:\&quot;97538388082\&quot;,\&quot;email\&quot;:\&quot;larissa.dapenha@gmail.com\&quot;,\&quot;valor\&quot;:2585.00,\&quot;parcelas\&quot;:26,\&quot;seguro\&quot;:true},{\&quot;id\&quot;:453,\&quot;nome\&quot;:\&quot;Erick\&quot;,\&quot;cpf\&quot;:\&quot;79016008161\&quot;,\&quot;email\&quot;:\&quot;dalila.rocha@gmail.com\&quot;,\&quot;valor\&quot;:2040.00,\&quot;parcelas\&quot;:20,\&quot;seguro\&quot;:true},{\&quot;id\&quot;:452,\&quot;nome\&quot;:\&quot;Tomás\&quot;,\&quot;cpf\&quot;:\&quot;33176354050\&quot;,\&quot;email\&quot;:\&quot;antonia.pimenta@hotmail.com\&quot;,\&quot;valor\&quot;:2125.00,\&quot;parcelas\&quot;:29,\&quot;seguro\&quot;:true},{\&quot;id\&quot;:459,\&quot;nome\&quot;:\&quot;João Victor\&quot;,\&quot;cpf\&quot;:\&quot;56926806876\&quot;,\&quot;email\&quot;:\&quot;aline.godins@bol.com.br\&quot;,\&quot;valor\&quot;:2249.00,\&quot;parcelas\&quot;:23,\&quot;seguro\&quot;:true},{\&quot;id\&quot;:461,\&quot;nome\&quot;:\&quot;Antonia\&quot;,\&quot;cpf\&quot;:\&quot;07822215847\&quot;,\&quot;email\&quot;:\&quot;felix.aparicio@gmail.com\&quot;,\&quot;valor\&quot;:2820.00,\&quot;parcelas\&quot;:28,\&quot;seguro\&quot;:true},{\&quot;id\&quot;:462,\&quot;nome\&quot;:\&quot;Nicole\&quot;,\&quot;cpf\&quot;:\&quot;32441727831\&quot;,\&quot;email\&quot;:\&quot;liz.diegues@hotmail.com\&quot;,\&quot;valor\&quot;:2362.00,\&quot;parcelas\&quot;:26,\&quot;seguro\&quot;:true},{\&quot;id\&quot;:463,\&quot;nome\&quot;:\&quot;Norberto\&quot;,\&quot;cpf\&quot;:\&quot;90479258866\&quot;,\&quot;email\&quot;:\&quot;rafael.datena@live.com\&quot;,\&quot;valor\&quot;:2100.00,\&quot;parcelas\&quot;:28,\&quot;seguro\&quot;:true},{\&quot;id\&quot;:465,\&quot;nome\&quot;:\&quot;Isadora\&quot;,\&quot;cpf\&quot;:\&quot;01092026818\&quot;,\&quot;email\&quot;:\&quot;salvador.dabandeira@bol.com.br\&quot;,\&quot;valor\&quot;:2413.00,\&quot;parcelas\&quot;:27,\&quot;seguro\&quot;:true},{\&quot;id\&quot;:466,\&quot;nome\&quot;:\&quot;Bryan\&quot;,\&quot;cpf\&quot;:\&quot;03956282556\&quot;,\&quot;email\&quot;:\&quot;luiza.bulhoes@yahoo.com\&quot;,\&quot;valor\&quot;:2111.00,\&quot;parcelas\&quot;:49,\&quot;seguro\&quot;:true},{\&quot;id\&quot;:467,\&quot;nome\&quot;:\&quot;Mércia\&quot;,\&quot;cpf\&quot;:\&quot;94156889897\&quot;,\&quot;email\&quot;:\&quot;fernanda.sales@hotmail.com\&quot;,\&quot;valor\&quot;:2529.00,\&quot;parcelas\&quot;:2,\&quot;seguro\&quot;:true},{\&quot;id\&quot;:468,\&quot;nome\&quot;:\&quot;Mércia\&quot;,\&quot;cpf\&quot;:\&quot;04676812087\&quot;,\&quot;email\&quot;:\&quot;lucca.dacunha@bol.com.br\&quot;,\&quot;valor\&quot;:2109.00,\&quot;parcelas\&quot;:24,\&quot;seguro\&quot;:true},{\&quot;id\&quot;:469,\&quot;nome\&quot;:\&quot;Karla\&quot;,\&quot;cpf\&quot;:\&quot;63221129127\&quot;,\&quot;email\&quot;:\&quot;carlos.rodrigues@yahoo.com\&quot;,\&quot;valor\&quot;:2113.00,\&quot;parcelas\&quot;:26,\&quot;seguro\&quot;:true},{\&quot;id\&quot;:471,\&quot;nome\&quot;:\&quot;Fernanda\&quot;,\&quot;cpf\&quot;:\&quot;76547214304\&quot;,\&quot;email\&quot;:\&quot;pedrolucas.quarteira@yahoo.com\&quot;,\&quot;valor\&quot;:2720.00,\&quot;parcelas\&quot;:29,\&quot;seguro\&quot;:true},{\&quot;id\&quot;:470,\&quot;nome\&quot;:\&quot;Enzo Gabriel\&quot;,\&quot;cpf\&quot;:\&quot;22215847460\&quot;,\&quot;email\&quot;:\&quot;pedro.sa@hotmail.com\&quot;,\&quot;valor\&quot;:2779.00,\&quot;parcelas\&quot;:48,\&quot;seguro\&quot;:true},{\&quot;id\&quot;:472,\&quot;nome\&quot;:\&quot;Gael\&quot;,\&quot;cpf\&quot;:\&quot;04836392128\&quot;,\&quot;email\&quot;:\&quot;rafaela.reis@bol.com.br\&quot;,\&quot;valor\&quot;:2213.00,\&quot;parcelas\&quot;:28,\&quot;seguro\&quot;:true},{\&quot;id\&quot;:473,\&quot;nome\&quot;:\&quot;Janaína\&quot;,\&quot;cpf\&quot;:\&quot;228.470.232-58\&quot;,\&quot;email\&quot;:\&quot;luizotavio.dapaz@yahoo.com\&quot;,\&quot;valor\&quot;:2308.00,\&quot;parcelas\&quot;:26,\&quot;seguro\&quot;:true},{\&quot;id\&quot;:476,\&quot;nome\&quot;:\&quot;Agatha\&quot;,\&quot;cpf\&quot;:\&quot;55685455747\&quot;,\&quot;email\&quot;:\&quot;vitoria.castelo@bol.com.br\&quot;,\&quot;valor\&quot;:2746.00,\&quot;parcelas\&quot;:28,\&quot;seguro\&quot;:true},{\&quot;id\&quot;:477,\&quot;nome\&quot;:\&quot;Thiago\&quot;,\&quot;cpf\&quot;:\&quot;24122335190\&quot;,\&quot;email\&quot;:\&quot;bernardo.nogueira@gmail.com\&quot;,\&quot;valor\&quot;:2244.00,\&quot;parcelas\&quot;:49,\&quot;seguro\&quot;:true},{\&quot;id\&quot;:481,\&quot;nome\&quot;:\&quot;Agatha\&quot;,\&quot;cpf\&quot;:\&quot;68097301034\&quot;,\&quot;email\&quot;:\&quot;anavitoria.dequadros@yahoo.com\&quot;,\&quot;valor\&quot;:999.00,\&quot;parcelas\&quot;:28,\&quot;seguro\&quot;:true},{\&quot;id\&quot;:483,\&quot;nome\&quot;:\&quot;Raul\&quot;,\&quot;cpf\&quot;:\&quot;41026910616\&quot;,\&quot;email\&quot;:\&quot;isabel.chaves@hotmail.com\&quot;,\&quot;valor\&quot;:2107.00,\&quot;parcelas\&quot;:25,\&quot;seguro\&quot;:true},{\&quot;id\&quot;:484,\&quot;nome\&quot;:\&quot;Augusto\&quot;,\&quot;cpf\&quot;:\&quot;47413910981\&quot;,\&quot;email\&quot;:\&quot;livia.godins@yahoo.com\&quot;,\&quot;valor\&quot;:2567.00,\&quot;parcelas\&quot;:29,\&quot;seguro\&quot;:true},{\&quot;id\&quot;:482,\&quot;nome\&quot;:\&quot;Emanuelly\&quot;,\&quot;cpf\&quot;:\&quot;99865758732\&quot;,\&quot;email\&quot;:\&quot;silvia.aparicio@gmail.com\&quot;,\&quot;valor\&quot;:2583.00,\&quot;parcelas\&quot;:28,\&quot;seguro\&quot;:true},{\&quot;id\&quot;:485,\&quot;nome\&quot;:\&quot;Ana Cecília\&quot;,\&quot;cpf\&quot;:\&quot;10354755003\&quot;,\&quot;email\&quot;:\&quot;carlos.diegues@live.com\&quot;,\&quot;valor\&quot;:2353.00,\&quot;parcelas\&quot;:25,\&quot;seguro\&quot;:true}]&quot;" type="java.lang.AssertionError"><![CDATA[java.lang.AssertionError: 

Expected: The content to match the given JSON schema.
warning: the following keywords are unknown and will be ignored: [$id, examples]
    level: "warning"
    schema: {"loadingURI":"#","pointer":""}
    domain: "syntax"
    ignored: ["$id","examples"]
warning: the following keywords are unknown and will be ignored: [examples]
    level: "warning"
    schema: {"loadingURI":"#","pointer":"/items"}
    domain: "syntax"
    ignored: ["examples"]
warning: the following keywords are unknown and will be ignored: [examples]
    level: "warning"
    schema: {"loadingURI":"#","pointer":"/items/properties/cpf"}
    domain: "syntax"
    ignored: ["examples"]
warning: the following keywords are unknown and will be ignored: [examples]
    level: "warning"
    schema: {"loadingURI":"#","pointer":"/items/properties/email"}
    domain: "syntax"
    ignored: ["examples"]
warning: the following keywords are unknown and will be ignored: [examples]
    level: "warning"
    schema: {"loadingURI":"#","pointer":"/items/properties/id"}
    domain: "syntax"
    ignored: ["examples"]
warning: the following keywords are unknown and will be ignored: [examples]
    level: "warning"
    schema: {"loadingURI":"#","pointer":"/items/properties/nome"}
    domain: "syntax"
    ignored: ["examples"]
warning: the following keywords are unknown and will be ignored: [examples]
    level: "warning"
    schema: {"loadingURI":"#","pointer":"/items/properties/parcelas"}
    domain: "syntax"
    ignored: ["examples"]
warning: the following keywords are unknown and will be ignored: [examples]
    level: "warning"
    schema: {"loadingURI":"#","pointer":"/items/properties/seguro"}
    domain: "syntax"
    ignored: ["examples"]
warning: the following keywords are unknown and will be ignored: [examples]
    level: "warning"
    schema: {"loadingURI":"#","pointer":"/items/properties/valor"}
    domain: "syntax"
    ignored: ["examples"]
warning: the following keywords are unknown and will be ignored: [examples]
    level: "warning"
    schema: {"loadingURI":"#","pointer":"/items"}
    domain: "syntax"
    ignored: ["examples"]
warning: the following keywords are unknown and will be ignored: [examples]
    level: "warning"
    schema: {"loadingURI":"#","pointer":"/items/properties/cpf"}
    domain: "syntax"
    ignored: ["examples"]
warning: the following keywords are unknown and will be ignored: [examples]
    level: "warning"
    schema: {"loadingURI":"#","pointer":"/items/properties/email"}
    domain: "syntax"
    ignored: ["examples"]
warning: the following keywords are unknown and will be ignored: [examples]
    level: "warning"
    schema: {"loadingURI":"#","pointer":"/items/properties/id"}
    domain: "syntax"
    ignored: ["examples"]
warning: the following keywords are unknown and will be ignored: [examples]
    level: "warning"
    schema: {"loadingURI":"#","pointer":"/items/properties/nome"}
    domain: "syntax"
    ignored: ["examples"]
warning: the following keywords are unknown and will be ignored: [examples]
    level: "warning"
    schema: {"loadingURI":"#","pointer":"/items/properties/parcelas"}
    domain: "syntax"
    ignored: ["examples"]
warning: the following keywords are unknown and will be ignored: [examples]
    level: "warning"
    schema: {"loadingURI":"#","pointer":"/items/properties/seguro"}
    domain: "syntax"
    ignored: ["examples"]
warning: the following keywords are unknown and will be ignored: [examples]
    level: "warning"
    schema: {"loadingURI":"#","pointer":"/items/properties/valor"}
    domain: "syntax"
    ignored: ["examples"]
warning: the following keywords are unknown and will be ignored: [examples]
    level: "warning"
    schema: {"loadingURI":"#","pointer":"/items/properties/cpf"}
    domain: "syntax"
    ignored: ["examples"]
error: instance type (string) does not match any allowed primitive type (allowed: ["integer"])
    level: "error"
    schema: {"loadingURI":"#","pointer":"/items/properties/cpf"}
    instance: {"pointer":"/0/cpf"}
    domain: "validation"
    keyword: "type"
    found: "string"
    expected: ["integer"]
warning: the following keywords are unknown and will be ignored: [examples]
    level: "warning"
    schema: {"loadingURI":"#","pointer":"/items/properties/email"}
    domain: "syntax"
    ignored: ["examples"]
warning: the following keywords are unknown and will be ignored: [examples]
    level: "warning"
    schema: {"loadingURI":"#","pointer":"/items/properties/id"}
    domain: "syntax"
    ignored: ["examples"]
warning: the following keywords are unknown and will be ignored: [examples]
    level: "warning"
    schema: {"loadingURI":"#","pointer":"/items/properties/nome"}
    domain: "syntax"
    ignored: ["examples"]
warning: the following keywords are unknown and will be ignored: [examples]
    level: "warning"
    schema: {"loadingURI":"#","pointer":"/items/properties/parcelas"}
    domain: "syntax"
    ignored: ["examples"]
warning: the following keywords are unknown and will be ignored: [examples]
    level: "warning"
    schema: {"loadingURI":"#","pointer":"/items/properties/seguro"}
    domain: "syntax"
    ignored: ["examples"]
warning: the following keywords are unknown and will be ignored: [examples]
    level: "warning"
    schema: {"loadingURI":"#","pointer":"/items/properties/valor"}
    domain: "syntax"
    ignored: ["examples"]
error: instance type (number) does not match any allowed primitive type (allowed: ["integer"])
    level: "error"
    schema: {"loadingURI":"#","pointer":"/items/properties/valor"}
    instance: {"pointer":"/0/valor"}
    domain: "validation"
    keyword: "type"
    found: "number"
    expected: ["integer"]
warning: the following keywords are unknown and will be ignored: [examples]
    level: "warning"
    schema: {"loadingURI":"#","pointer":"/items"}
    domain: "syntax"
    ignored: ["examples"]
warning: the following keywords are unknown and will be ignored: [examples]
    level: "warning"
    schema: {"loadingURI":"#","pointer":"/items/properties/cpf"}
    domain: "syntax"
    ignored: ["examples"]
warning: the following keywords are unknown and will be ignored: [examples]
    level: "warning"
    schema: {"loadingURI":"#","pointer":"/items/properties/email"}
    domain: "syntax"
    ignored: ["examples"]
warning: the following keywords are unknown and will be ignored: [examples]
    level: "warning"
    schema: {"loadingURI":"#","pointer":"/items/properties/id"}
    domain: "syntax"
    ignored: ["examples"]
warning: the following keywords are unknown and will be ignored: [examples]
    level: "warning"
    schema: {"loadingURI":"#","pointer":"/items/properties/nome"}
    domain: "syntax"
    ignored: ["examples"]
warning: the following keywords are unknown and will be ignored: [examples]
    level: "warning"
    schema: {"loadingURI":"#","pointer":"/items/properties/parcelas"}
    domain: "syntax"
    ignored: ["examples"]
warning: the following keywords are unknown and will be ignored: [examples]
    level: "warning"
    schema: {"loadingURI":"#","pointer":"/items/properties/seguro"}
    domain: "syntax"
    ignored: ["examples"]
warning: the following keywords are unknown and will be ignored: [examples]
    level: "warning"
    schema: {"loadingURI":"#","pointer":"/items/properties/valor"}
    domain: "syntax"
    ignored: ["examples"]
warning: the following keywords are unknown and will be ignored: [examples]
    level: "warning"
    schema: {"loadingURI":"#","pointer":"/items"}
    domain: "syntax"
    ignored: ["examples"]
warning: the following keywords are unknown and will be ignored: [examples]
    level: "warning"
    schema: {"loadingURI":"#","pointer":"/items/properties/cpf"}
    domain: "syntax"
    ignored: ["examples"]
warning: the following keywords are unknown and will be ignored: [examples]
    level: "warning"
    schema: {"loadingURI":"#","pointer":"/items/properties/email"}
    domain: "syntax"
    ignored: ["examples"]
warning: the following keywords are unknown and will be ignored: [examples]
    level: "warning"
    schema: {"loadingURI":"#","pointer":"/items/properties/id"}
    domain: "syntax"
    ignored: ["examples"]
warning: the following keywords are unknown and will be ignored: [examples]
    level: "warning"
    schema: {"loadingURI":"#","pointer":"/items/properties/nome"}
    domain: "syntax"
    ignored: ["examples"]
warning: the following keywords are unknown and will be ignored: [examples]
    level: "warning"
    schema: {"loadingURI":"#","pointer":"/items/properties/parcelas"}
    domain: "syntax"
    ignored: ["examples"]
warning: the following keywords are unknown and will be ignored: [examples]
    level: "warning"
    schema: {"loadingURI":"#","pointer":"/items/properties/seguro"}
    domain: "syntax"
    ignored: ["examples"]
warning: the following keywords are unknown and will be ignored: [examples]
    level: "warning"
    schema: {"loadingURI":"#","pointer":"/items/properties/valor"}
    domain: "syntax"
    ignored: ["examples"]
warning: the following keywords are unknown and will be ignored: [examples]
    level: "warning"
    schema: {"loadingURI":"#","pointer":"/items"}
    domain: "syntax"
    ignored: ["examples"]
warning: the following keywords are unknown and will be ignored: [examples]
    level: "warning"
    schema: {"loadingURI":"#","pointer":"/items/properties/cpf"}
    domain: "syntax"
    ignored: ["examples"]
warning: the following keywords are unknown and will be ignored: [examples]
    level: "warning"
    schema: {"loadingURI":"#","pointer":"/items/properties/email"}
    domain: "syntax"
    ignored: ["examples"]
warning: the following keywords are unknown and will be ignored: [examples]
    level: "warning"
    schema: {"loadingURI":"#","pointer":"/items/properties/id"}
    domain: "syntax"
    ignored: ["examples"]
warning: the following keywords are unknown and will be ignored: [examples]
    level: "warning"
    schema: {"loadingURI":"#","pointer":"/items/properties/nome"}
    domain: "syntax"
    ignored: ["examples"]
warning: the following keywords are unknown and will be ignored: [examples]
    level: "warning"
    schema: {"loadingURI":"#","pointer":"/items/properties/parcelas"}
    domain: "syntax"
    ignored: ["examples"]
warning: the following keywords are unknown and will be ignored: [examples]
    level: "warning"
    schema: {"loadingURI":"#","pointer":"/items/properties/seguro"}
    domain: "syntax"
    ignored: ["examples"]
warning: the following keywords are unknown and will be ignored: [examples]
    level: "warning"
    schema: {"loadingURI":"#","pointer":"/items/properties/valor"}
    domain: "syntax"
    ignored: ["examples"]
warning: the following keywords are unknown and will be ignored: [examples]
    level: "warning"
    schema: {"loadingURI":"#","pointer":"/items"}
    domain: "syntax"
    ignored: ["examples"]
warning: the following keywords are unknown and will be ignored: [examples]
    level: "warning"
    schema: {"loadingURI":"#","pointer":"/items/properties/cpf"}
    domain: "syntax"
    ignored: ["examples"]
warning: the following keywords are unknown and will be ignored: [examples]
    level: "warning"
    schema: {"loadingURI":"#","pointer":"/items/properties/email"}
    domain: "syntax"
    ignored: ["examples"]
warning: the following keywords are unknown and will be ignored: [examples]
    level: "warning"
    schema: {"loadingURI":"#","pointer":"/items/properties/id"}
    domain: "syntax"
    ignored: ["examples"]
warning: the following keywords are unknown and will be ignored: [examples]
    level: "warning"
    schema: {"loadingURI":"#","pointer":"/items/properties/nome"}
    domain: "syntax"
    ignored: ["examples"]
warning: the following keywords are unknown and will be ignored: [examples]
    level: "warning"
    schema: {"loadingURI":"#","pointer":"/items/properties/parcelas"}
    domain: "syntax"
    ignored: ["examples"]
warning: the following keywords are unknown and will be ignored: [examples]
    level: "warning"
    schema: {"loadingURI":"#","pointer":"/items/properties/seguro"}
    domain: "syntax"
    ignored: ["examples"]
warning: the following keywords are unknown and will be ignored: [examples]
    level: "warning"
    schema: {"loadingURI":"#","pointer":"/items/properties/valor"}
    domain: "syntax"
    ignored: ["examples"]
warning: the following keywords are unknown and will be ignored: [examples]
    level: "warning"
    schema: {"loadingURI":"#","pointer":"/items"}
    domain: "syntax"
    ignored: ["examples"]
warning: the following keywords are unknown and will be ignored: [examples]
    level: "warning"
    schema: {"loadingURI":"#","pointer":"/items/properties/cpf"}
    domain: "syntax"
    ignored: ["examples"]
warning: the following keywords are unknown and will be ignored: [examples]
    level: "warning"
    schema: {"loadingURI":"#","pointer":"/items/properties/email"}
    domain: "syntax"
    ignored: ["examples"]
warning: the following keywords are unknown and will be ignored: [examples]
    level: "warning"
    schema: {"loadingURI":"#","pointer":"/items/properties/id"}
    domain: "syntax"
    ignored: ["examples"]
warning: the following keywords are unknown and will be ignored: [examples]
    level: "warning"
    schema: {"loadingURI":"#","pointer":"/items/properties/nome"}
    domain: "syntax"
    ignored: ["examples"]
warning: the following keywords are unknown and will be ignored: [examples]
    level: "warning"
    schema: {"loadingURI":"#","pointer":"/items/properties/parcelas"}
    domain: "syntax"
    ignored: ["examples"]
warning: the following keywords are unknown and will be ignored: [examples]
    level: "warning"
    schema: {"loadingURI":"#","pointer":"/items/properties/seguro"}
    domain: "syntax"
    ignored: ["examples"]
warning: the following keywords are unknown and will be ignored: [examples]
    level: "warning"
    schema: {"loadingURI":"#","pointer":"/items/properties/valor"}
    domain: "syntax"
    ignored: ["examples"]
warning: the following keywords are unknown and will be ignored: [examples]
    level: "warning"
    schema: {"loadingURI":"#","pointer":"/items"}
    domain: "syntax"
    ignored: ["examples"]
warning: the following keywords are unknown and will be ignored: [examples]
    level: "warning"
    schema: {"loadingURI":"#","pointer":"/items/properties/cpf"}
    domain: "syntax"
    ignored: ["examples"]
warning: the following keywords are unknown and will be ignored: [examples]
    level: "warning"
    schema: {"loadingURI":"#","pointer":"/items/properties/email"}
    domain: "syntax"
    ignored: ["examples"]
warning: the following keywords are unknown and will be ignored: [examples]
    level: "warning"
    schema: {"loadingURI":"#","pointer":"/items/properties/id"}
    domain: "syntax"
    ignored: ["examples"]
warning: the following keywords are unknown and will be ignored: [examples]
    level: "warning"
    schema: {"loadingURI":"#","pointer":"/items/properties/nome"}
    domain: "syntax"
    ignored: ["examples"]
warning: the following keywords are unknown and will be ignored: [examples]
    level: "warning"
    schema: {"loadingURI":"#","pointer":"/items/properties/parcelas"}
    domain: "syntax"
    ignored: ["examples"]
warning: the following keywords are unknown and will be ignored: [examples]
    level: "warning"
    schema: {"loadingURI":"#","pointer":"/items/properties/seguro"}
    domain: "syntax"
    ignored: ["examples"]
warning: the following keywords are unknown and will be ignored: [examples]
    level: "warning"
    schema: {"loadingURI":"#","pointer":"/items/properties/valor"}
    domain: "syntax"
    ignored: ["examples"]
warning: the following keywords are unknown and will be ignored: [examples]
    level: "warning"
    schema: {"loadingURI":"#","pointer":"/items"}
    domain: "syntax"
    ignored: ["examples"]
warning: the following keywords are unknown and will be ignored: [examples]
    level: "warning"
    schema: {"loadingURI":"#","pointer":"/items/properties/cpf"}
    domain: "syntax"
    ignored: ["examples"]
warning: the following keywords are unknown and will be ignored: [examples]
    level: "warning"
    schema: {"loadingURI":"#","pointer":"/items/properties/email"}
    domain: "syntax"
    ignored: ["examples"]
warning: the following keywords are unknown and will be ignored: [examples]
    level: "warning"
    schema: {"loadingURI":"#","pointer":"/items/properties/id"}
    domain: "syntax"
    ignored: ["examples"]
warning: the following keywords are unknown and will be ignored: [examples]
    level: "warning"
    schema: {"loadingURI":"#","pointer":"/items/properties/nome"}
    domain: "syntax"
    ignored: ["examples"]
warning: the following keywords are unknown and will be ignored: [examples]
    level: "warning"
    schema: {"loadingURI":"#","pointer":"/items/properties/parcelas"}
    domain: "syntax"
    ignored: ["examples"]
warning: the following keywords are unknown and will be ignored: [examples]
    level: "warning"
    schema: {"loadingURI":"#","pointer":"/items/properties/seguro"}
    domain: "syntax"
    ignored: ["examples"]
warning: the following keywords are unknown and will be ignored: [examples]
    level: "warning"
    schema: {"loadingURI":"#","pointer":"/items/properties/valor"}
    domain: "syntax"
    ignored: ["examples"]
warning: the following keywords are unknown and will be ignored: [examples]
    level: "warning"
    schema: {"loadingURI":"#","pointer":"/items"}
    domain: "syntax"
    ignored: ["examples"]
warning: the following keywords are unknown and will be ignored: [examples]
    level: "warning"
    schema: {"loadingURI":"#","pointer":"/items/properties/cpf"}
    domain: "syntax"
    ignored: ["examples"]
warning: the following keywords are unknown and will be ignored: [examples]
    level: "warning"
    schema: {"loadingURI":"#","pointer":"/items/properties/email"}
    domain: "syntax"
    ignored: ["examples"]
warning: the following keywords are unknown and will be ignored: [examples]
    level: "warning"
    schema: {"loadingURI":"#","pointer":"/items/properties/id"}
    domain: "syntax"
    ignored: ["examples"]
warning: the following keywords are unknown and will be ignored: [examples]
    level: "warning"
    schema: {"loadingURI":"#","pointer":"/items/properties/nome"}
    domain: "syntax"
    ignored: ["examples"]
warning: the following keywords are unknown and will be ignored: [examples]
    level: "warning"
    schema: {"loadingURI":"#","pointer":"/items/properties/parcelas"}
    domain: "syntax"
    ignored: ["examples"]
warning: the following keywords are unknown and will be ignored: [examples]
    level: "warning"
    schema: {"loadingURI":"#","pointer":"/items/properties/seguro"}
    domain: "syntax"
    ignored: ["examples"]
warning: the following keywords are unknown and will be ignored: [examples]
    level: "warning"
    schema: {"loadingURI":"#","pointer":"/items/properties/valor"}
    domain: "syntax"
    ignored: ["examples"]
warning: the following keywords are unknown and will be ignored: [examples]
    level: "warning"
    schema: {"loadingURI":"#","pointer":"/items"}
    domain: "syntax"
    ignored: ["examples"]
warning: the following keywords are unknown and will be ignored: [examples]
    level: "warning"
    schema: {"loadingURI":"#","pointer":"/items/properties/cpf"}
    domain: "syntax"
    ignored: ["examples"]
warning: the following keywords are unknown and will be ignored: [examples]
    level: "warning"
    schema: {"loadingURI":"#","pointer":"/items/properties/email"}
    domain: "syntax"
    ignored: ["examples"]
warning: the following keywords are unknown and will be ignored: [examples]
    level: "warning"
    schema: {"loadingURI":"#","pointer":"/items/properties/id"}
    domain: "syntax"
    ignored: ["examples"]
warning: the following keywords are unknown and will be ignored: [examples]
    level: "warning"
    schema: {"loadingURI":"#","pointer":"/items/properties/nome"}
    domain: "syntax"
    ignored: ["examples"]
warning: the following keywords are unknown and will be ignored: [examples]
    level: "warning"
    schema: {"loadingURI":"#","pointer":"/items/properties/parcelas"}
    domain: "syntax"
    ignored: ["examples"]
warning: the following keywords are unknown and will be ignored: [examples]
    level: "warning"
    schema: {"loadingURI":"#","pointer":"/items/properties/seguro"}
    domain: "syntax"
    ignored: ["examples"]
warning: the following keywords are unknown and will be ignored: [examples]
    level: "warning"
    schema: {"loadingURI":"#","pointer":"/items/properties/valor"}
    domain: "syntax"
    ignored: ["examples"]
warning: the following keywords are unknown and will be ignored: [examples]
    level: "warning"
    schema: {"loadingURI":"#","pointer":"/items"}
    domain: "syntax"
    ignored: ["examples"]
warning: the following keywords are unknown and will be ignored: [examples]
    level: "warning"
    schema: {"loadingURI":"#","pointer":"/items/properties/cpf"}
    domain: "syntax"
    ignored: ["examples"]
warning: the following keywords are unknown and will be ignored: [examples]
    level: "warning"
    schema: {"loadingURI":"#","pointer":"/items/properties/email"}
    domain: "syntax"
    ignored: ["examples"]
warning: the following keywords are unknown and will be ignored: [examples]
    level: "warning"
    schema: {"loadingURI":"#","pointer":"/items/properties/id"}
    domain: "syntax"
    ignored: ["examples"]
warning: the following keywords are unknown and will be ignored: [examples]
    level: "warning"
    schema: {"loadingURI":"#","pointer":"/items/properties/nome"}
    domain: "syntax"
    ignored: ["examples"]
warning: the following keywords are unknown and will be ignored: [examples]
    level: "warning"
    schema: {"loadingURI":"#","pointer":"/items/properties/parcelas"}
    domain: "syntax"
    ignored: ["examples"]
warning: the following keywords are unknown and will be ignored: [examples]
    level: "warning"
    schema: {"loadingURI":"#","pointer":"/items/properties/seguro"}
    domain: "syntax"
    ignored: ["examples"]
warning: the following keywords are unknown and will be ignored: [examples]
    level: "warning"
    schema: {"loadingURI":"#","pointer":"/items/properties/valor"}
    domain: "syntax"
    ignored: ["examples"]
warning: the following keywords are unknown and will be ignored: [examples]
    level: "warning"
    schema: {"loadingURI":"#","pointer":"/items"}
    domain: "syntax"
    ignored: ["examples"]
warning: the following keywords are unknown and will be ignored: [examples]
    level: "warning"
    schema: {"loadingURI":"#","pointer":"/items/properties/cpf"}
    domain: "syntax"
    ignored: ["examples"]
warning: the following keywords are unknown and will be ignored: [examples]
    level: "warning"
    schema: {"loadingURI":"#","pointer":"/items/properties/email"}
    domain: "syntax"
    ignored: ["examples"]
warning: the following keywords are unknown and will be ignored: [examples]
    level: "warning"
    schema: {"loadingURI":"#","pointer":"/items/properties/id"}
    domain: "syntax"
    ignored: ["examples"]
warning: the following keywords are unknown and will be ignored: [examples]
    level: "warning"
    schema: {"loadingURI":"#","pointer":"/items/properties/nome"}
    domain: "syntax"
    ignored: ["examples"]
warning: the following keywords are unknown and will be ignored: [examples]
    level: "warning"
    schema: {"loadingURI":"#","pointer":"/items/properties/parcelas"}
    domain: "syntax"
    ignored: ["examples"]
warning: the following keywords are unknown and will be ignored: [examples]
    level: "warning"
    schema: {"loadingURI":"#","pointer":"/items/properties/seguro"}
    domain: "syntax"
    ignored: ["examples"]
warning: the following keywords are unknown and will be ignored: [examples]
    level: "warning"
    schema: {"loadingURI":"#","pointer":"/items/properties/valor"}
    domain: "syntax"
    ignored: ["examples"]
warning: the following keywords are unknown and will be ignored: [examples]
    level: "warning"
    schema: {"loadingURI":"#","pointer":"/items"}
    domain: "syntax"
    ignored: ["examples"]
warning: the following keywords are unknown and will be ignored: [examples]
    level: "warning"
    schema: {"loadingURI":"#","pointer":"/items/properties/cpf"}
    domain: "syntax"
    ignored: ["examples"]
warning: the following keywords are unknown and will be ignored: [examples]
    level: "warning"
    schema: {"loadingURI":"#","pointer":"/items/properties/email"}
    domain: "syntax"
    ignored: ["examples"]
warning: the following keywords are unknown and will be ignored: [examples]
    level: "warning"
    schema: {"loadingURI":"#","pointer":"/items/properties/id"}
    domain: "syntax"
    ignored: ["examples"]
warning: the following keywords are unknown and will be ignored: [examples]
    level: "warning"
    schema: {"loadingURI":"#","pointer":"/items/properties/nome"}
    domain: "syntax"
    ignored: ["examples"]
warning: the following keywords are unknown and will be ignored: [examples]
    level: "warning"
    schema: {"loadingURI":"#","pointer":"/items/properties/parcelas"}
    domain: "syntax"
    ignored: ["examples"]
warning: the following keywords are unknown and will be ignored: [examples]
    level: "warning"
    schema: {"loadingURI":"#","pointer":"/items/properties/seguro"}
    domain: "syntax"
    ignored: ["examples"]
warning: the following keywords are unknown and will be ignored: [examples]
    level: "warning"
    schema: {"loadingURI":"#","pointer":"/items/properties/valor"}
    domain: "syntax"
    ignored: ["examples"]
warning: the following keywords are unknown and will be ignored: [examples]
    level: "warning"
    schema: {"loadingURI":"#","pointer":"/items"}
    domain: "syntax"
    ignored: ["examples"]
warning: the following keywords are unknown and will be ignored: [examples]
    level: "warning"
    schema: {"loadingURI":"#","pointer":"/items/properties/cpf"}
    domain: "syntax"
    ignored: ["examples"]
warning: the following keywords are unknown and will be ignored: [examples]
    level: "warning"
    schema: {"loadingURI":"#","pointer":"/items/properties/email"}
    domain: "syntax"
    ignored: ["examples"]
warning: the following keywords are unknown and will be ignored: [examples]
    level: "warning"
    schema: {"loadingURI":"#","pointer":"/items/properties/id"}
    domain: "syntax"
    ignored: ["examples"]
warning: the following keywords are unknown and will be ignored: [examples]
    level: "warning"
    schema: {"loadingURI":"#","pointer":"/items/properties/nome"}
    domain: "syntax"
    ignored: ["examples"]
warning: the following keywords are unknown and will be ignored: [examples]
    level: "warning"
    schema: {"loadingURI":"#","pointer":"/items/properties/parcelas"}
    domain: "syntax"
    ignored: ["examples"]
warning: the following keywords are unknown and will be ignored: [examples]
    level: "warning"
    schema: {"loadingURI":"#","pointer":"/items/properties/seguro"}
    domain: "syntax"
    ignored: ["examples"]
warning: the following keywords are unknown and will be ignored: [examples]
    level: "warning"
    schema: {"loadingURI":"#","pointer":"/items/properties/valor"}
    domain: "syntax"
    ignored: ["examples"]
warning: the following keywords are unknown and will be ignored: [examples]
    level: "warning"
    schema: {"loadingURI":"#","pointer":"/items"}
    domain: "syntax"
    ignored: ["examples"]
warning: the following keywords are unknown and will be ignored: [examples]
    level: "warning"
    schema: {"loadingURI":"#","pointer":"/items/properties/cpf"}
    domain: "syntax"
    ignored: ["examples"]
warning: the following keywords are unknown and will be ignored: [examples]
    level: "warning"
    schema: {"loadingURI":"#","pointer":"/items/properties/email"}
    domain: "syntax"
    ignored: ["examples"]
warning: the following keywords are unknown and will be ignored: [examples]
    level: "warning"
    schema: {"loadingURI":"#","pointer":"/items/properties/id"}
    domain: "syntax"
    ignored: ["examples"]
warning: the following keywords are unknown and will be ignored: [examples]
    level: "warning"
    schema: {"loadingURI":"#","pointer":"/items/properties/nome"}
    domain: "syntax"
    ignored: ["examples"]
warning: the following keywords are unknown and will be ignored: [examples]
    level: "warning"
    schema: {"loadingURI":"#","pointer":"/items/properties/parcelas"}
    domain: "syntax"
    ignored: ["examples"]
warning: the following keywords are unknown and will be ignored: [examples]
    level: "warning"
    schema: {"loadingURI":"#","pointer":"/items/properties/seguro"}
    domain: "syntax"
    ignored: ["examples"]
warning: the following keywords are unknown and will be ignored: [examples]
    level: "warning"
    schema: {"loadingURI":"#","pointer":"/items/properties/valor"}
    domain: "syntax"
    ignored: ["examples"]
warning: the following keywords are unknown and will be ignored: [examples]
    level: "warning"
    schema: {"loadingURI":"#","pointer":"/items"}
    domain: "syntax"
    ignored: ["examples"]
warning: the following keywords are unknown and will be ignored: [examples]
    level: "warning"
    schema: {"loadingURI":"#","pointer":"/items/properties/cpf"}
    domain: "syntax"
    ignored: ["examples"]
warning: the following keywords are unknown and will be ignored: [examples]
    level: "warning"
    schema: {"loadingURI":"#","pointer":"/items/properties/email"}
    domain: "syntax"
    ignored: ["examples"]
warning: the following keywords are unknown and will be ignored: [examples]
    level: "warning"
    schema: {"loadingURI":"#","pointer":"/items/properties/id"}
    domain: "syntax"
    ignored: ["examples"]
warning: the following keywords are unknown and will be ignored: [examples]
    level: "warning"
    schema: {"loadingURI":"#","pointer":"/items/properties/nome"}
    domain: "syntax"
    ignored: ["examples"]
warning: the following keywords are unknown and will be ignored: [examples]
    level: "warning"
    schema: {"loadingURI":"#","pointer":"/items/properties/parcelas"}
    domain: "syntax"
    ignored: ["examples"]
warning: the following keywords are unknown and will be ignored: [examples]
    level: "warning"
    schema: {"loadingURI":"#","pointer":"/items/properties/seguro"}
    domain: "syntax"
    ignored: ["examples"]
warning: the following keywords are unknown and will be ignored: [examples]
    level: "warning"
    schema: {"loadingURI":"#","pointer":"/items/properties/valor"}
    domain: "syntax"
    ignored: ["examples"]
warning: the following keywords are unknown and will be ignored: [examples]
    level: "warning"
    schema: {"loadingURI":"#","pointer":"/items"}
    domain: "syntax"
    ignored: ["examples"]
warning: the following keywords are unknown and will be ignored: [examples]
    level: "warning"
    schema: {"loadingURI":"#","pointer":"/items/properties/cpf"}
    domain: "syntax"
    ignored: ["examples"]
warning: the following keywords are unknown and will be ignored: [examples]
    level: "warning"
    schema: {"loadingURI":"#","pointer":"/items/properties/email"}
    domain: "syntax"
    ignored: ["examples"]
warning: the following keywords are unknown and will be ignored: [examples]
    level: "warning"
    schema: {"loadingURI":"#","pointer":"/items/properties/id"}
    domain: "syntax"
    ignored: ["examples"]
warning: the following keywords are unknown and will be ignored: [examples]
    level: "warning"
    schema: {"loadingURI":"#","pointer":"/items/properties/nome"}
    domain: "syntax"
    ignored: ["examples"]
warning: the following keywords are unknown and will be ignored: [examples]
    level: "warning"
    schema: {"loadingURI":"#","pointer":"/items/properties/parcelas"}
    domain: "syntax"
    ignored: ["examples"]
warning: the following keywords are unknown and will be ignored: [examples]
    level: "warning"
    schema: {"loadingURI":"#","pointer":"/items/properties/seguro"}
    domain: "syntax"
    ignored: ["examples"]
warning: the following keywords are unknown and will be ignored: [examples]
    level: "warning"
    schema: {"loadingURI":"#","pointer":"/items/properties/valor"}
    domain: "syntax"
    ignored: ["examples"]
warning: the following keywords are unknown and will be ignored: [examples]
    level: "warning"
    schema: {"loadingURI":"#","pointer":"/items"}
    domain: "syntax"
    ignored: ["examples"]
warning: the following keywords are unknown and will be ignored: [examples]
    level: "warning"
    schema: {"loadingURI":"#","pointer":"/items/properties/cpf"}
    domain: "syntax"
    ignored: ["examples"]
warning: the following keywords are unknown and will be ignored: [examples]
    level: "warning"
    schema: {"loadingURI":"#","pointer":"/items/properties/email"}
    domain: "syntax"
    ignored: ["examples"]
warning: the following keywords are unknown and will be ignored: [examples]
    level: "warning"
    schema: {"loadingURI":"#","pointer":"/items/properties/id"}
    domain: "syntax"
    ignored: ["examples"]
warning: the following keywords are unknown and will be ignored: [examples]
    level: "warning"
    schema: {"loadingURI":"#","pointer":"/items/properties/nome"}
    domain: "syntax"
    ignored: ["examples"]
warning: the following keywords are unknown and will be ignored: [examples]
    level: "warning"
    schema: {"loadingURI":"#","pointer":"/items/properties/parcelas"}
    domain: "syntax"
    ignored: ["examples"]
warning: the following keywords are unknown and will be ignored: [examples]
    level: "warning"
    schema: {"loadingURI":"#","pointer":"/items/properties/seguro"}
    domain: "syntax"
    ignored: ["examples"]
warning: the following keywords are unknown and will be ignored: [examples]
    level: "warning"
    schema: {"loadingURI":"#","pointer":"/items/properties/valor"}
    domain: "syntax"
    ignored: ["examples"]
warning: the following keywords are unknown and will be ignored: [examples]
    level: "warning"
    schema: {"loadingURI":"#","pointer":"/items"}
    domain: "syntax"
    ignored: ["examples"]
warning: the following keywords are unknown and will be ignored: [examples]
    level: "warning"
    schema: {"loadingURI":"#","pointer":"/items/properties/cpf"}
    domain: "syntax"
    ignored: ["examples"]
warning: the following keywords are unknown and will be ignored: [examples]
    level: "warning"
    schema: {"loadingURI":"#","pointer":"/items/properties/email"}
    domain: "syntax"
    ignored: ["examples"]
warning: the following keywords are unknown and will be ignored: [examples]
    level: "warning"
    schema: {"loadingURI":"#","pointer":"/items/properties/id"}
    domain: "syntax"
    ignored: ["examples"]
warning: the following keywords are unknown and will be ignored: [examples]
    level: "warning"
    schema: {"loadingURI":"#","pointer":"/items/properties/nome"}
    domain: "syntax"
    ignored: ["examples"]
warning: the following keywords are unknown and will be ignored: [examples]
    level: "warning"
    schema: {"loadingURI":"#","pointer":"/items/properties/parcelas"}
    domain: "syntax"
    ignored: ["examples"]
warning: the following keywords are unknown and will be ignored: [examples]
    level: "warning"
    schema: {"loadingURI":"#","pointer":"/items/properties/seguro"}
    domain: "syntax"
    ignored: ["examples"]
warning: the following keywords are unknown and will be ignored: [examples]
    level: "warning"
    schema: {"loadingURI":"#","pointer":"/items/properties/valor"}
    domain: "syntax"
    ignored: ["examples"]
warning: the following keywords are unknown and will be ignored: [examples]
    level: "warning"
    schema: {"loadingURI":"#","pointer":"/items"}
    domain: "syntax"
    ignored: ["examples"]
warning: the following keywords are unknown and will be ignored: [examples]
    level: "warning"
    schema: {"loadingURI":"#","pointer":"/items/properties/cpf"}
    domain: "syntax"
    ignored: ["examples"]
warning: the following keywords are unknown and will be ignored: [examples]
    level: "warning"
    schema: {"loadingURI":"#","pointer":"/items/properties/email"}
    domain: "syntax"
    ignored: ["examples"]
warning: the following keywords are unknown and will be ignored: [examples]
    level: "warning"
    schema: {"loadingURI":"#","pointer":"/items/properties/id"}
    domain: "syntax"
    ignored: ["examples"]
warning: the following keywords are unknown and will be ignored: [examples]
    level: "warning"
    schema: {"loadingURI":"#","pointer":"/items/properties/nome"}
    domain: "syntax"
    ignored: ["examples"]
warning: the following keywords are unknown and will be ignored: [examples]
    level: "warning"
    schema: {"loadingURI":"#","pointer":"/items/properties/parcelas"}
    domain: "syntax"
    ignored: ["examples"]
warning: the following keywords are unknown and will be ignored: [examples]
    level: "warning"
    schema: {"loadingURI":"#","pointer":"/items/properties/seguro"}
    domain: "syntax"
    ignored: ["examples"]
warning: the following keywords are unknown and will be ignored: [examples]
    level: "warning"
    schema: {"loadingURI":"#","pointer":"/items/properties/valor"}
    domain: "syntax"
    ignored: ["examples"]
warning: the following keywords are unknown and will be ignored: [examples]
    level: "warning"
    schema: {"loadingURI":"#","pointer":"/items"}
    domain: "syntax"
    ignored: ["examples"]
warning: the following keywords are unknown and will be ignored: [examples]
    level: "warning"
    schema: {"loadingURI":"#","pointer":"/items/properties/cpf"}
    domain: "syntax"
    ignored: ["examples"]
warning: the following keywords are unknown and will be ignored: [examples]
    level: "warning"
    schema: {"loadingURI":"#","pointer":"/items/properties/email"}
    domain: "syntax"
    ignored: ["examples"]
warning: the following keywords are unknown and will be ignored: [examples]
    level: "warning"
    schema: {"loadingURI":"#","pointer":"/items/properties/id"}
    domain: "syntax"
    ignored: ["examples"]
warning: the following keywords are unknown and will be ignored: [examples]
    level: "warning"
    schema: {"loadingURI":"#","pointer":"/items/properties/nome"}
    domain: "syntax"
    ignored: ["examples"]
warning: the following keywords are unknown and will be ignored: [examples]
    level: "warning"
    schema: {"loadingURI":"#","pointer":"/items/properties/parcelas"}
    domain: "syntax"
    ignored: ["examples"]
warning: the following keywords are unknown and will be ignored: [examples]
    level: "warning"
    schema: {"loadingURI":"#","pointer":"/items/properties/seguro"}
    domain: "syntax"
    ignored: ["examples"]
warning: the following keywords are unknown and will be ignored: [examples]
    level: "warning"
    schema: {"loadingURI":"#","pointer":"/items/properties/valor"}
    domain: "syntax"
    ignored: ["examples"]
warning: the following keywords are unknown and will be ignored: [examples]
    level: "warning"
    schema: {"loadingURI":"#","pointer":"/items"}
    domain: "syntax"
    ignored: ["examples"]
warning: the following keywords are unknown and will be ignored: [examples]
    level: "warning"
    schema: {"loadingURI":"#","pointer":"/items/properties/cpf"}
    domain: "syntax"
    ignored: ["examples"]
warning: the following keywords are unknown and will be ignored: [examples]
    level: "warning"
    schema: {"loadingURI":"#","pointer":"/items/properties/email"}
    domain: "syntax"
    ignored: ["examples"]
warning: the following keywords are unknown and will be ignored: [examples]
    level: "warning"
    schema: {"loadingURI":"#","pointer":"/items/properties/id"}
    domain: "syntax"
    ignored: ["examples"]
warning: the following keywords are unknown and will be ignored: [examples]
    level: "warning"
    schema: {"loadingURI":"#","pointer":"/items/properties/nome"}
    domain: "syntax"
    ignored: ["examples"]
warning: the following keywords are unknown and will be ignored: [examples]
    level: "warning"
    schema: {"loadingURI":"#","pointer":"/items/properties/parcelas"}
    domain: "syntax"
    ignored: ["examples"]
warning: the following keywords are unknown and will be ignored: [examples]
    level: "warning"
    schema: {"loadingURI":"#","pointer":"/items/properties/seguro"}
    domain: "syntax"
    ignored: ["examples"]
warning: the following keywords are unknown and will be ignored: [examples]
    level: "warning"
    schema: {"loadingURI":"#","pointer":"/items/properties/valor"}
    domain: "syntax"
    ignored: ["examples"]
warning: the following keywords are unknown and will be ignored: [examples]
    level: "warning"
    schema: {"loadingURI":"#","pointer":"/items"}
    domain: "syntax"
    ignored: ["examples"]
warning: the following keywords are unknown and will be ignored: [examples]
    level: "warning"
    schema: {"loadingURI":"#","pointer":"/items/properties/cpf"}
    domain: "syntax"
    ignored: ["examples"]
warning: the following keywords are unknown and will be ignored: [examples]
    level: "warning"
    schema: {"loadingURI":"#","pointer":"/items/properties/email"}
    domain: "syntax"
    ignored: ["examples"]
warning: the following keywords are unknown and will be ignored: [examples]
    level: "warning"
    schema: {"loadingURI":"#","pointer":"/items/properties/id"}
    domain: "syntax"
    ignored: ["examples"]
warning: the following keywords are unknown and will be ignored: [examples]
    level: "warning"
    schema: {"loadingURI":"#","pointer":"/items/properties/nome"}
    domain: "syntax"
    ignored: ["examples"]
warning: the following keywords are unknown and will be ignored: [examples]
    level: "warning"
    schema: {"loadingURI":"#","pointer":"/items/properties/parcelas"}
    domain: "syntax"
    ignored: ["examples"]
warning: the following keywords are unknown and will be ignored: [examples]
    level: "warning"
    schema: {"loadingURI":"#","pointer":"/items/properties/seguro"}
    domain: "syntax"
    ignored: ["examples"]
warning: the following keywords are unknown and will be ignored: [examples]
    level: "warning"
    schema: {"loadingURI":"#","pointer":"/items/properties/valor"}
    domain: "syntax"
    ignored: ["examples"]
warning: the following keywords are unknown and will be ignored: [examples]
    level: "warning"
    schema: {"loadingURI":"#","pointer":"/items"}
    domain: "syntax"
    ignored: ["examples"]
warning: the following keywords are unknown and will be ignored: [examples]
    level: "warning"
    schema: {"loadingURI":"#","pointer":"/items/properties/cpf"}
    domain: "syntax"
    ignored: ["examples"]
warning: the following keywords are unknown and will be ignored: [examples]
    level: "warning"
    schema: {"loadingURI":"#","pointer":"/items/properties/email"}
    domain: "syntax"
    ignored: ["examples"]
warning: the following keywords are unknown and will be ignored: [examples]
    level: "warning"
    schema: {"loadingURI":"#","pointer":"/items/properties/id"}
    domain: "syntax"
    ignored: ["examples"]
warning: the following keywords are unknown and will be ignored: [examples]
    level: "warning"
    schema: {"loadingURI":"#","pointer":"/items/properties/nome"}
    domain: "syntax"
    ignored: ["examples"]
warning: the following keywords are unknown and will be ignored: [examples]
    level: "warning"
    schema: {"loadingURI":"#","pointer":"/items/properties/parcelas"}
    domain: "syntax"
    ignored: ["examples"]
warning: the following keywords are unknown and will be ignored: [examples]
    level: "warning"
    schema: {"loadingURI":"#","pointer":"/items/properties/seguro"}
    domain: "syntax"
    ignored: ["examples"]
warning: the following keywords are unknown and will be ignored: [examples]
    level: "warning"
    schema: {"loadingURI":"#","pointer":"/items/properties/valor"}
    domain: "syntax"
    ignored: ["examples"]
warning: the following keywords are unknown and will be ignored: [examples]
    level: "warning"
    schema: {"loadingURI":"#","pointer":"/items"}
    domain: "syntax"
    ignored: ["examples"]
warning: the following keywords are unknown and will be ignored: [examples]
    level: "warning"
    schema: {"loadingURI":"#","pointer":"/items/properties/cpf"}
    domain: "syntax"
    ignored: ["examples"]
warning: the following keywords are unknown and will be ignored: [examples]
    level: "warning"
    schema: {"loadingURI":"#","pointer":"/items/properties/email"}
    domain: "syntax"
    ignored: ["examples"]
warning: the following keywords are unknown and will be ignored: [examples]
    level: "warning"
    schema: {"loadingURI":"#","pointer":"/items/properties/id"}
    domain: "syntax"
    ignored: ["examples"]
warning: the following keywords are unknown and will be ignored: [examples]
    level: "warning"
    schema: {"loadingURI":"#","pointer":"/items/properties/nome"}
    domain: "syntax"
    ignored: ["examples"]
warning: the following keywords are unknown and will be ignored: [examples]
    level: "warning"
    schema: {"loadingURI":"#","pointer":"/items/properties/parcelas"}
    domain: "syntax"
    ignored: ["examples"]
warning: the following keywords are unknown and will be ignored: [examples]
    level: "warning"
    schema: {"loadingURI":"#","pointer":"/items/properties/seguro"}
    domain: "syntax"
    ignored: ["examples"]
warning: the following keywords are unknown and will be ignored: [examples]
    level: "warning"
    schema: {"loadingURI":"#","pointer":"/items/properties/valor"}
    domain: "syntax"
    ignored: ["examples"]
warning: the following keywords are unknown and will be ignored: [examples]
    level: "warning"
    schema: {"loadingURI":"#","pointer":"/items"}
    domain: "syntax"
    ignored: ["examples"]
warning: the following keywords are unknown and will be ignored: [examples]
    level: "warning"
    schema: {"loadingURI":"#","pointer":"/items/properties/cpf"}
    domain: "syntax"
    ignored: ["examples"]
warning: the following keywords are unknown and will be ignored: [examples]
    level: "warning"
    schema: {"loadingURI":"#","pointer":"/items/properties/email"}
    domain: "syntax"
    ignored: ["examples"]
warning: the following keywords are unknown and will be ignored: [examples]
    level: "warning"
    schema: {"loadingURI":"#","pointer":"/items/properties/id"}
    domain: "syntax"
    ignored: ["examples"]
warning: the following keywords are unknown and will be ignored: [examples]
    level: "warning"
    schema: {"loadingURI":"#","pointer":"/items/properties/nome"}
    domain: "syntax"
    ignored: ["examples"]
warning: the following keywords are unknown and will be ignored: [examples]
    level: "warning"
    schema: {"loadingURI":"#","pointer":"/items/properties/parcelas"}
    domain: "syntax"
    ignored: ["examples"]
warning: the following keywords are unknown and will be ignored: [examples]
    level: "warning"
    schema: {"loadingURI":"#","pointer":"/items/properties/seguro"}
    domain: "syntax"
    ignored: ["examples"]
warning: the following keywords are unknown and will be ignored: [examples]
    level: "warning"
    schema: {"loadingURI":"#","pointer":"/items/properties/valor"}
    domain: "syntax"
    ignored: ["examples"]
warning: the following keywords are unknown and will be ignored: [examples]
    level: "warning"
    schema: {"loadingURI":"#","pointer":"/items"}
    domain: "syntax"
    ignored: ["examples"]
warning: the following keywords are unknown and will be ignored: [examples]
    level: "warning"
    schema: {"loadingURI":"#","pointer":"/items/properties/cpf"}
    domain: "syntax"
    ignored: ["examples"]
warning: the following keywords are unknown and will be ignored: [examples]
    level: "warning"
    schema: {"loadingURI":"#","pointer":"/items/properties/email"}
    domain: "syntax"
    ignored: ["examples"]
warning: the following keywords are unknown and will be ignored: [examples]
    level: "warning"
    schema: {"loadingURI":"#","pointer":"/items/properties/id"}
    domain: "syntax"
    ignored: ["examples"]
warning: the following keywords are unknown and will be ignored: [examples]
    level: "warning"
    schema: {"loadingURI":"#","pointer":"/items/properties/nome"}
    domain: "syntax"
    ignored: ["examples"]
warning: the following keywords are unknown and will be ignored: [examples]
    level: "warning"
    schema: {"loadingURI":"#","pointer":"/items/properties/parcelas"}
    domain: "syntax"
    ignored: ["examples"]
warning: the following keywords are unknown and will be ignored: [examples]
    level: "warning"
    schema: {"loadingURI":"#","pointer":"/items/properties/seguro"}
    domain: "syntax"
    ignored: ["examples"]
warning: the following keywords are unknown and will be ignored: [examples]
    level: "warning"
    schema: {"loadingURI":"#","pointer":"/items/properties/valor"}
    domain: "syntax"
    ignored: ["examples"]
warning: the following keywords are unknown and will be ignored: [examples]
    level: "warning"
    schema: {"loadingURI":"#","pointer":"/items"}
    domain: "syntax"
    ignored: ["examples"]
warning: the following keywords are unknown and will be ignored: [examples]
    level: "warning"
    schema: {"loadingURI":"#","pointer":"/items/properties/cpf"}
    domain: "syntax"
    ignored: ["examples"]
warning: the following keywords are unknown and will be ignored: [examples]
    level: "warning"
    schema: {"loadingURI":"#","pointer":"/items/properties/email"}
    domain: "syntax"
    ignored: ["examples"]
warning: the following keywords are unknown and will be ignored: [examples]
    level: "warning"
    schema: {"loadingURI":"#","pointer":"/items/properties/id"}
    domain: "syntax"
    ignored: ["examples"]
warning: the following keywords are unknown and will be ignored: [examples]
    level: "warning"
    schema: {"loadingURI":"#","pointer":"/items/properties/nome"}
    domain: "syntax"
    ignored: ["examples"]
warning: the following keywords are unknown and will be ignored: [examples]
    level: "warning"
    schema: {"loadingURI":"#","pointer":"/items/properties/parcelas"}
    domain: "syntax"
    ignored: ["examples"]
warning: the following keywords are unknown and will be ignored: [examples]
    level: "warning"
    schema: {"loadingURI":"#","pointer":"/items/properties/seguro"}
    domain: "syntax"
    ignored: ["examples"]
warning: the following keywords are unknown and will be ignored: [examples]
    level: "warning"
    schema: {"loadingURI":"#","pointer":"/items/properties/valor"}
    domain: "syntax"
    ignored: ["examples"]
warning: the following keywords are unknown and will be ignored: [examples]
    level: "warning"
    schema: {"loadingURI":"#","pointer":"/items"}
    domain: "syntax"
    ignored: ["examples"]
warning: the following keywords are unknown and will be ignored: [examples]
    level: "warning"
    schema: {"loadingURI":"#","pointer":"/items/properties/cpf"}
    domain: "syntax"
    ignored: ["examples"]
warning: the following keywords are unknown and will be ignored: [examples]
    level: "warning"
    schema: {"loadingURI":"#","pointer":"/items/properties/email"}
    domain: "syntax"
    ignored: ["examples"]
warning: the following keywords are unknown and will be ignored: [examples]
    level: "warning"
    schema: {"loadingURI":"#","pointer":"/items/properties/id"}
    domain: "syntax"
    ignored: ["examples"]
warning: the following keywords are unknown and will be ignored: [examples]
    level: "warning"
    schema: {"loadingURI":"#","pointer":"/items/properties/nome"}
    domain: "syntax"
    ignored: ["examples"]
warning: the following keywords are unknown and will be ignored: [examples]
    level: "warning"
    schema: {"loadingURI":"#","pointer":"/items/properties/parcelas"}
    domain: "syntax"
    ignored: ["examples"]
warning: the following keywords are unknown and will be ignored: [examples]
    level: "warning"
    schema: {"loadingURI":"#","pointer":"/items/properties/seguro"}
    domain: "syntax"
    ignored: ["examples"]
warning: the following keywords are unknown and will be ignored: [examples]
    level: "warning"
    schema: {"loadingURI":"#","pointer":"/items/properties/valor"}
    domain: "syntax"
    ignored: ["examples"]
warning: the following keywords are unknown and will be ignored: [examples]
    level: "warning"
    schema: {"loadingURI":"#","pointer":"/items"}
    domain: "syntax"
    ignored: ["examples"]
warning: the following keywords are unknown and will be ignored: [examples]
    level: "warning"
    schema: {"loadingURI":"#","pointer":"/items/properties/cpf"}
    domain: "syntax"
    ignored: ["examples"]
warning: the following keywords are unknown and will be ignored: [examples]
    level: "warning"
    schema: {"loadingURI":"#","pointer":"/items/properties/email"}
    domain: "syntax"
    ignored: ["examples"]
warning: the following keywords are unknown and will be ignored: [examples]
    level: "warning"
    schema: {"loadingURI":"#","pointer":"/items/properties/id"}
    domain: "syntax"
    ignored: ["examples"]
warning: the following keywords are unknown and will be ignored: [examples]
    level: "warning"
    schema: {"loadingURI":"#","pointer":"/items/properties/nome"}
    domain: "syntax"
    ignored: ["examples"]
warning: the following keywords are unknown and will be ignored: [examples]
    level: "warning"
    schema: {"loadingURI":"#","pointer":"/items/properties/parcelas"}
    domain: "syntax"
    ignored: ["examples"]
warning: the following keywords are unknown and will be ignored: [examples]
    level: "warning"
    schema: {"loadingURI":"#","pointer":"/items/properties/seguro"}
    domain: "syntax"
    ignored: ["examples"]
warning: the following keywords are unknown and will be ignored: [examples]
    level: "warning"
    schema: {"loadingURI":"#","pointer":"/items/properties/valor"}
    domain: "syntax"
    ignored: ["examples"]
warning: the following keywords are unknown and will be ignored: [examples]
    level: "warning"
    schema: {"loadingURI":"#","pointer":"/items"}
    domain: "syntax"
    ignored: ["examples"]
warning: the following keywords are unknown and will be ignored: [examples]
    level: "warning"
    schema: {"loadingURI":"#","pointer":"/items/properties/cpf"}
    domain: "syntax"
    ignored: ["examples"]
warning: the following keywords are unknown and will be ignored: [examples]
    level: "warning"
    schema: {"loadingURI":"#","pointer":"/items/properties/email"}
    domain: "syntax"
    ignored: ["examples"]
warning: the following keywords are unknown and will be ignored: [examples]
    level: "warning"
    schema: {"loadingURI":"#","pointer":"/items/properties/id"}
    domain: "syntax"
    ignored: ["examples"]
warning: the following keywords are unknown and will be ignored: [examples]
    level: "warning"
    schema: {"loadingURI":"#","pointer":"/items/properties/nome"}
    domain: "syntax"
    ignored: ["examples"]
warning: the following keywords are unknown and will be ignored: [examples]
    level: "warning"
    schema: {"loadingURI":"#","pointer":"/items/properties/parcelas"}
    domain: "syntax"
    ignored: ["examples"]
warning: the following keywords are unknown and will be ignored: [examples]
    level: "warning"
    schema: {"loadingURI":"#","pointer":"/items/properties/seguro"}
    domain: "syntax"
    ignored: ["examples"]
warning: the following keywords are unknown and will be ignored: [examples]
    level: "warning"
    schema: {"loadingURI":"#","pointer":"/items/properties/valor"}
    domain: "syntax"
    ignored: ["examples"]
warning: the following keywords are unknown and will be ignored: [examples]
    level: "warning"
    schema: {"loadingURI":"#","pointer":"/items"}
    domain: "syntax"
    ignored: ["examples"]
warning: the following keywords are unknown and will be ignored: [examples]
    level: "warning"
    schema: {"loadingURI":"#","pointer":"/items/properties/cpf"}
    domain: "syntax"
    ignored: ["examples"]
warning: the following keywords are unknown and will be ignored: [examples]
    level: "warning"
    schema: {"loadingURI":"#","pointer":"/items/properties/email"}
    domain: "syntax"
    ignored: ["examples"]
warning: the following keywords are unknown and will be ignored: [examples]
    level: "warning"
    schema: {"loadingURI":"#","pointer":"/items/properties/id"}
    domain: "syntax"
    ignored: ["examples"]
warning: the following keywords are unknown and will be ignored: [examples]
    level: "warning"
    schema: {"loadingURI":"#","pointer":"/items/properties/nome"}
    domain: "syntax"
    ignored: ["examples"]
warning: the following keywords are unknown and will be ignored: [examples]
    level: "warning"
    schema: {"loadingURI":"#","pointer":"/items/properties/parcelas"}
    domain: "syntax"
    ignored: ["examples"]
warning: the following keywords are unknown and will be ignored: [examples]
    level: "warning"
    schema: {"loadingURI":"#","pointer":"/items/properties/seguro"}
    domain: "syntax"
    ignored: ["examples"]
warning: the following keywords are unknown and will be ignored: [examples]
    level: "warning"
    schema: {"loadingURI":"#","pointer":"/items/properties/valor"}
    domain: "syntax"
    ignored: ["examples"]
warning: the following keywords are unknown and will be ignored: [examples]
    level: "warning"
    schema: {"loadingURI":"#","pointer":"/items"}
    domain: "syntax"
    ignored: ["examples"]
warning: the following keywords are unknown and will be ignored: [examples]
    level: "warning"
    schema: {"loadingURI":"#","pointer":"/items/properties/cpf"}
    domain: "syntax"
    ignored: ["examples"]
warning: the following keywords are unknown and will be ignored: [examples]
    level: "warning"
    schema: {"loadingURI":"#","pointer":"/items/properties/email"}
    domain: "syntax"
    ignored: ["examples"]
warning: the following keywords are unknown and will be ignored: [examples]
    level: "warning"
    schema: {"loadingURI":"#","pointer":"/items/properties/id"}
    domain: "syntax"
    ignored: ["examples"]
warning: the following keywords are unknown and will be ignored: [examples]
    level: "warning"
    schema: {"loadingURI":"#","pointer":"/items/properties/nome"}
    domain: "syntax"
    ignored: ["examples"]
warning: the following keywords are unknown and will be ignored: [examples]
    level: "warning"
    schema: {"loadingURI":"#","pointer":"/items/properties/parcelas"}
    domain: "syntax"
    ignored: ["examples"]
warning: the following keywords are unknown and will be ignored: [examples]
    level: "warning"
    schema: {"loadingURI":"#","pointer":"/items/properties/seguro"}
    domain: "syntax"
    ignored: ["examples"]
warning: the following keywords are unknown and will be ignored: [examples]
    level: "warning"
    schema: {"loadingURI":"#","pointer":"/items/properties/valor"}
    domain: "syntax"
    ignored: ["examples"]
warning: the following keywords are unknown and will be ignored: [examples]
    level: "warning"
    schema: {"loadingURI":"#","pointer":"/items"}
    domain: "syntax"
    ignored: ["examples"]
warning: the following keywords are unknown and will be ignored: [examples]
    level: "warning"
    schema: {"loadingURI":"#","pointer":"/items/properties/cpf"}
    domain: "syntax"
    ignored: ["examples"]
warning: the following keywords are unknown and will be ignored: [examples]
    level: "warning"
    schema: {"loadingURI":"#","pointer":"/items/properties/email"}
    domain: "syntax"
    ignored: ["examples"]
warning: the following keywords are unknown and will be ignored: [examples]
    level: "warning"
    schema: {"loadingURI":"#","pointer":"/items/properties/id"}
    domain: "syntax"
    ignored: ["examples"]
warning: the following keywords are unknown and will be ignored: [examples]
    level: "warning"
    schema: {"loadingURI":"#","pointer":"/items/properties/nome"}
    domain: "syntax"
    ignored: ["examples"]
warning: the following keywords are unknown and will be ignored: [examples]
    level: "warning"
    schema: {"loadingURI":"#","pointer":"/items/properties/parcelas"}
    domain: "syntax"
    ignored: ["examples"]
warning: the following keywords are unknown and will be ignored: [examples]
    level: "warning"
    schema: {"loadingURI":"#","pointer":"/items/properties/seguro"}
    domain: "syntax"
    ignored: ["examples"]
warning: the following keywords are unknown and will be ignored: [examples]
    level: "warning"
    schema: {"loadingURI":"#","pointer":"/items/properties/valor"}
    domain: "syntax"
    ignored: ["examples"]
warning: the following keywords are unknown and will be ignored: [examples]
    level: "warning"
    schema: {"loadingURI":"#","pointer":"/items"}
    domain: "syntax"
    ignored: ["examples"]
warning: the following keywords are unknown and will be ignored: [examples]
    level: "warning"
    schema: {"loadingURI":"#","pointer":"/items/properties/cpf"}
    domain: "syntax"
    ignored: ["examples"]
warning: the following keywords are unknown and will be ignored: [examples]
    level: "warning"
    schema: {"loadingURI":"#","pointer":"/items/properties/email"}
    domain: "syntax"
    ignored: ["examples"]
warning: the following keywords are unknown and will be ignored: [examples]
    level: "warning"
    schema: {"loadingURI":"#","pointer":"/items/properties/id"}
    domain: "syntax"
    ignored: ["examples"]
warning: the following keywords are unknown and will be ignored: [examples]
    level: "warning"
    schema: {"loadingURI":"#","pointer":"/items/properties/nome"}
    domain: "syntax"
    ignored: ["examples"]
warning: the following keywords are unknown and will be ignored: [examples]
    level: "warning"
    schema: {"loadingURI":"#","pointer":"/items/properties/parcelas"}
    domain: "syntax"
    ignored: ["examples"]
warning: the following keywords are unknown and will be ignored: [examples]
    level: "warning"
    schema: {"loadingURI":"#","pointer":"/items/properties/seguro"}
    domain: "syntax"
    ignored: ["examples"]
warning: the following keywords are unknown and will be ignored: [examples]
    level: "warning"
    schema: {"loadingURI":"#","pointer":"/items/properties/valor"}
    domain: "syntax"
    ignored: ["examples"]
warning: the following keywords are unknown and will be ignored: [examples]
    level: "warning"
    schema: {"loadingURI":"#","pointer":"/items"}
    domain: "syntax"
    ignored: ["examples"]
warning: the following keywords are unknown and will be ignored: [examples]
    level: "warning"
    schema: {"loadingURI":"#","pointer":"/items/properties/cpf"}
    domain: "syntax"
    ignored: ["examples"]
warning: the following keywords are unknown and will be ignored: [examples]
    level: "warning"
    schema: {"loadingURI":"#","pointer":"/items/properties/email"}
    domain: "syntax"
    ignored: ["examples"]
warning: the following keywords are unknown and will be ignored: [examples]
    level: "warning"
    schema: {"loadingURI":"#","pointer":"/items/properties/id"}
    domain: "syntax"
    ignored: ["examples"]
warning: the following keywords are unknown and will be ignored: [examples]
    level: "warning"
    schema: {"loadingURI":"#","pointer":"/items/properties/nome"}
    domain: "syntax"
    ignored: ["examples"]
warning: the following keywords are unknown and will be ignored: [examples]
    level: "warning"
    schema: {"loadingURI":"#","pointer":"/items/properties/parcelas"}
    domain: "syntax"
    ignored: ["examples"]
warning: the following keywords are unknown and will be ignored: [examples]
    level: "warning"
    schema: {"loadingURI":"#","pointer":"/items/properties/seguro"}
    domain: "syntax"
    ignored: ["examples"]
warning: the following keywords are unknown and will be ignored: [examples]
    level: "warning"
    schema: {"loadingURI":"#","pointer":"/items/properties/valor"}
    domain: "syntax"
    ignored: ["examples"]
warning: the following keywords are unknown and will be ignored: [examples]
    level: "warning"
    schema: {"loadingURI":"#","pointer":"/items"}
    domain: "syntax"
    ignored: ["examples"]
warning: the following keywords are unknown and will be ignored: [examples]
    level: "warning"
    schema: {"loadingURI":"#","pointer":"/items/properties/cpf"}
    domain: "syntax"
    ignored: ["examples"]
warning: the following keywords are unknown and will be ignored: [examples]
    level: "warning"
    schema: {"loadingURI":"#","pointer":"/items/properties/email"}
    domain: "syntax"
    ignored: ["examples"]
warning: the following keywords are unknown and will be ignored: [examples]
    level: "warning"
    schema: {"loadingURI":"#","pointer":"/items/properties/id"}
    domain: "syntax"
    ignored: ["examples"]
warning: the following keywords are unknown and will be ignored: [examples]
    level: "warning"
    schema: {"loadingURI":"#","pointer":"/items/properties/nome"}
    domain: "syntax"
    ignored: ["examples"]
warning: the following keywords are unknown and will be ignored: [examples]
    level: "warning"
    schema: {"loadingURI":"#","pointer":"/items/properties/parcelas"}
    domain: "syntax"
    ignored: ["examples"]
warning: the following keywords are unknown and will be ignored: [examples]
    level: "warning"
    schema: {"loadingURI":"#","pointer":"/items/properties/seguro"}
    domain: "syntax"
    ignored: ["examples"]
warning: the following keywords are unknown and will be ignored: [examples]
    level: "warning"
    schema: {"loadingURI":"#","pointer":"/items/properties/valor"}
    domain: "syntax"
    ignored: ["examples"]
warning: the following keywords are unknown and will be ignored: [examples]
    level: "warning"
    schema: {"loadingURI":"#","pointer":"/items"}
    domain: "syntax"
    ignored: ["examples"]
warning: the following keywords are unknown and will be ignored: [examples]
    level: "warning"
    schema: {"loadingURI":"#","pointer":"/items/properties/cpf"}
    domain: "syntax"
    ignored: ["examples"]
warning: the following keywords are unknown and will be ignored: [examples]
    level: "warning"
    schema: {"loadingURI":"#","pointer":"/items/properties/email"}
    domain: "syntax"
    ignored: ["examples"]
warning: the following keywords are unknown and will be ignored: [examples]
    level: "warning"
    schema: {"loadingURI":"#","pointer":"/items/properties/id"}
    domain: "syntax"
    ignored: ["examples"]
warning: the following keywords are unknown and will be ignored: [examples]
    level: "warning"
    schema: {"loadingURI":"#","pointer":"/items/properties/nome"}
    domain: "syntax"
    ignored: ["examples"]
warning: the following keywords are unknown and will be ignored: [examples]
    level: "warning"
    schema: {"loadingURI":"#","pointer":"/items/properties/parcelas"}
    domain: "syntax"
    ignored: ["examples"]
warning: the following keywords are unknown and will be ignored: [examples]
    level: "warning"
    schema: {"loadingURI":"#","pointer":"/items/properties/seguro"}
    domain: "syntax"
    ignored: ["examples"]
warning: the following keywords are unknown and will be ignored: [examples]
    level: "warning"
    schema: {"loadingURI":"#","pointer":"/items/properties/valor"}
    domain: "syntax"
    ignored: ["examples"]
warning: the following keywords are unknown and will be ignored: [examples]
    level: "warning"
    schema: {"loadingURI":"#","pointer":"/items"}
    domain: "syntax"
    ignored: ["examples"]
warning: the following keywords are unknown and will be ignored: [examples]
    level: "warning"
    schema: {"loadingURI":"#","pointer":"/items/properties/cpf"}
    domain: "syntax"
    ignored: ["examples"]
warning: the following keywords are unknown and will be ignored: [examples]
    level: "warning"
    schema: {"loadingURI":"#","pointer":"/items/properties/email"}
    domain: "syntax"
    ignored: ["examples"]
warning: the following keywords are unknown and will be ignored: [examples]
    level: "warning"
    schema: {"loadingURI":"#","pointer":"/items/properties/id"}
    domain: "syntax"
    ignored: ["examples"]
warning: the following keywords are unknown and will be ignored: [examples]
    level: "warning"
    schema: {"loadingURI":"#","pointer":"/items/properties/nome"}
    domain: "syntax"
    ignored: ["examples"]
warning: the following keywords are unknown and will be ignored: [examples]
    level: "warning"
    schema: {"loadingURI":"#","pointer":"/items/properties/parcelas"}
    domain: "syntax"
    ignored: ["examples"]
warning: the following keywords are unknown and will be ignored: [examples]
    level: "warning"
    schema: {"loadingURI":"#","pointer":"/items/properties/seguro"}
    domain: "syntax"
    ignored: ["examples"]
warning: the following keywords are unknown and will be ignored: [examples]
    level: "warning"
    schema: {"loadingURI":"#","pointer":"/items/properties/valor"}
    domain: "syntax"
    ignored: ["examples"]
warning: the following keywords are unknown and will be ignored: [examples]
    level: "warning"
    schema: {"loadingURI":"#","pointer":"/items"}
    domain: "syntax"
    ignored: ["examples"]
warning: the following keywords are unknown and will be ignored: [examples]
    level: "warning"
    schema: {"loadingURI":"#","pointer":"/items/properties/cpf"}
    domain: "syntax"
    ignored: ["examples"]
warning: the following keywords are unknown and will be ignored: [examples]
    level: "warning"
    schema: {"loadingURI":"#","pointer":"/items/properties/email"}
    domain: "syntax"
    ignored: ["examples"]
warning: the following keywords are unknown and will be ignored: [examples]
    level: "warning"
    schema: {"loadingURI":"#","pointer":"/items/properties/id"}
    domain: "syntax"
    ignored: ["examples"]
warning: the following keywords are unknown and will be ignored: [examples]
    level: "warning"
    schema: {"loadingURI":"#","pointer":"/items/properties/nome"}
    domain: "syntax"
    ignored: ["examples"]
warning: the following keywords are unknown and will be ignored: [examples]
    level: "warning"
    schema: {"loadingURI":"#","pointer":"/items/properties/parcelas"}
    domain: "syntax"
    ignored: ["examples"]
warning: the following keywords are unknown and will be ignored: [examples]
    level: "warning"
    schema: {"loadingURI":"#","pointer":"/items/properties/seguro"}
    domain: "syntax"
    ignored: ["examples"]
warning: the following keywords are unknown and will be ignored: [examples]
    level: "warning"
    schema: {"loadingURI":"#","pointer":"/items/properties/valor"}
    domain: "syntax"
    ignored: ["examples"]
warning: the following keywords are unknown and will be ignored: [examples]
    level: "warning"
    schema: {"loadingURI":"#","pointer":"/items"}
    domain: "syntax"
    ignored: ["examples"]
warning: the following keywords are unknown and will be ignored: [examples]
    level: "warning"
    schema: {"loadingURI":"#","pointer":"/items/properties/cpf"}
    domain: "syntax"
    ignored: ["examples"]
warning: the following keywords are unknown and will be ignored: [examples]
    level: "warning"
    schema: {"loadingURI":"#","pointer":"/items/properties/email"}
    domain: "syntax"
    ignored: ["examples"]
warning: the following keywords are unknown and will be ignored: [examples]
    level: "warning"
    schema: {"loadingURI":"#","pointer":"/items/properties/id"}
    domain: "syntax"
    ignored: ["examples"]
warning: the following keywords are unknown and will be ignored: [examples]
    level: "warning"
    schema: {"loadingURI":"#","pointer":"/items/properties/nome"}
    domain: "syntax"
    ignored: ["examples"]
warning: the following keywords are unknown and will be ignored: [examples]
    level: "warning"
    schema: {"loadingURI":"#","pointer":"/items/properties/parcelas"}
    domain: "syntax"
    ignored: ["examples"]
warning: the following keywords are unknown and will be ignored: [examples]
    level: "warning"
    schema: {"loadingURI":"#","pointer":"/items/properties/seguro"}
    domain: "syntax"
    ignored: ["examples"]
warning: the following keywords are unknown and will be ignored: [examples]
    level: "warning"
    schema: {"loadingURI":"#","pointer":"/items/properties/valor"}
    domain: "syntax"
    ignored: ["examples"]
warning: the following keywords are unknown and will be ignored: [examples]
    level: "warning"
    schema: {"loadingURI":"#","pointer":"/items"}
    domain: "syntax"
    ignored: ["examples"]
warning: the following keywords are unknown and will be ignored: [examples]
    level: "warning"
    schema: {"loadingURI":"#","pointer":"/items/properties/cpf"}
    domain: "syntax"
    ignored: ["examples"]
warning: the following keywords are unknown and will be ignored: [examples]
    level: "warning"
    schema: {"loadingURI":"#","pointer":"/items/properties/email"}
    domain: "syntax"
    ignored: ["examples"]
warning: the following keywords are unknown and will be ignored: [examples]
    level: "warning"
    schema: {"loadingURI":"#","pointer":"/items/properties/id"}
    domain: "syntax"
    ignored: ["examples"]
warning: the following keywords are unknown and will be ignored: [examples]
    level: "warning"
    schema: {"loadingURI":"#","pointer":"/items/properties/nome"}
    domain: "syntax"
    ignored: ["examples"]
warning: the following keywords are unknown and will be ignored: [examples]
    level: "warning"
    schema: {"loadingURI":"#","pointer":"/items/properties/parcelas"}
    domain: "syntax"
    ignored: ["examples"]
warning: the following keywords are unknown and will be ignored: [examples]
    level: "warning"
    schema: {"loadingURI":"#","pointer":"/items/properties/seguro"}
    domain: "syntax"
    ignored: ["examples"]
warning: the following keywords are unknown and will be ignored: [examples]
    level: "warning"
    schema: {"loadingURI":"#","pointer":"/items/properties/valor"}
    domain: "syntax"
    ignored: ["examples"]
warning: the following keywords are unknown and will be ignored: [examples]
    level: "warning"
    schema: {"loadingURI":"#","pointer":"/items"}
    domain: "syntax"
    ignored: ["examples"]
warning: the following keywords are unknown and will be ignored: [examples]
    level: "warning"
    schema: {"loadingURI":"#","pointer":"/items/properties/cpf"}
    domain: "syntax"
    ignored: ["examples"]
warning: the following keywords are unknown and will be ignored: [examples]
    level: "warning"
    schema: {"loadingURI":"#","pointer":"/items/properties/email"}
    domain: "syntax"
    ignored: ["examples"]
warning: the following keywords are unknown and will be ignored: [examples]
    level: "warning"
    schema: {"loadingURI":"#","pointer":"/items/properties/id"}
    domain: "syntax"
    ignored: ["examples"]
warning: the following keywords are unknown and will be ignored: [examples]
    level: "warning"
    schema: {"loadingURI":"#","pointer":"/items/properties/nome"}
    domain: "syntax"
    ignored: ["examples"]
warning: the following keywords are unknown and will be ignored: [examples]
    level: "warning"
    schema: {"loadingURI":"#","pointer":"/items/properties/parcelas"}
    domain: "syntax"
    ignored: ["examples"]
warning: the following keywords are unknown and will be ignored: [examples]
    level: "warning"
    schema: {"loadingURI":"#","pointer":"/items/properties/seguro"}
    domain: "syntax"
    ignored: ["examples"]
warning: the following keywords are unknown and will be ignored: [examples]
    level: "warning"
    schema: {"loadingURI":"#","pointer":"/items/properties/valor"}
    domain: "syntax"
    ignored: ["examples"]
warning: the following keywords are unknown and will be ignored: [examples]
    level: "warning"
    schema: {"loadingURI":"#","pointer":"/items"}
    domain: "syntax"
    ignored: ["examples"]
warning: the following keywords are unknown and will be ignored: [examples]
    level: "warning"
    schema: {"loadingURI":"#","pointer":"/items/properties/cpf"}
    domain: "syntax"
    ignored: ["examples"]
warning: the following keywords are unknown and will be ignored: [examples]
    level: "warning"
    schema: {"loadingURI":"#","pointer":"/items/properties/email"}
    domain: "syntax"
    ignored: ["examples"]
warning: the following keywords are unknown and will be ignored: [examples]
    level: "warning"
    schema: {"loadingURI":"#","pointer":"/items/properties/id"}
    domain: "syntax"
    ignored: ["examples"]
warning: the following keywords are unknown and will be ignored: [examples]
    level: "warning"
    schema: {"loadingURI":"#","pointer":"/items/properties/nome"}
    domain: "syntax"
    ignored: ["examples"]
warning: the following keywords are unknown and will be ignored: [examples]
    level: "warning"
    schema: {"loadingURI":"#","pointer":"/items/properties/parcelas"}
    domain: "syntax"
    ignored: ["examples"]
warning: the following keywords are unknown and will be ignored: [examples]
    level: "warning"
    schema: {"loadingURI":"#","pointer":"/items/properties/seguro"}
    domain: "syntax"
    ignored: ["examples"]
warning: the following keywords are unknown and will be ignored: [examples]
    level: "warning"
    schema: {"loadingURI":"#","pointer":"/items/properties/valor"}
    domain: "syntax"
    ignored: ["examples"]
warning: the following keywords are unknown and will be ignored: [examples]
    level: "warning"
    schema: {"loadingURI":"#","pointer":"/items"}
    domain: "syntax"
    ignored: ["examples"]
warning: the following keywords are unknown and will be ignored: [examples]
    level: "warning"
    schema: {"loadingURI":"#","pointer":"/items/properties/cpf"}
    domain: "syntax"
    ignored: ["examples"]
warning: the following keywords are unknown and will be ignored: [examples]
    level: "warning"
    schema: {"loadingURI":"#","pointer":"/items/properties/email"}
    domain: "syntax"
    ignored: ["examples"]
warning: the following keywords are unknown and will be ignored: [examples]
    level: "warning"
    schema: {"loadingURI":"#","pointer":"/items/properties/id"}
    domain: "syntax"
    ignored: ["examples"]
warning: the following keywords are unknown and will be ignored: [examples]
    level: "warning"
    schema: {"loadingURI":"#","pointer":"/items/properties/nome"}
    domain: "syntax"
    ignored: ["examples"]
warning: the following keywords are unknown and will be ignored: [examples]
    level: "warning"
    schema: {"loadingURI":"#","pointer":"/items/properties/parcelas"}
    domain: "syntax"
    ignored: ["examples"]
warning: the following keywords are unknown and will be ignored: [examples]
    level: "warning"
    schema: {"loadingURI":"#","pointer":"/items/properties/seguro"}
    domain: "syntax"
    ignored: ["examples"]
warning: the following keywords are unknown and will be ignored: [examples]
    level: "warning"
    schema: {"loadingURI":"#","pointer":"/items/properties/valor"}
    domain: "syntax"
    ignored: ["examples"]
warning: the following keywords are unknown and will be ignored: [examples]
    level: "warning"
    schema: {"loadingURI":"#","pointer":"/items"}
    domain: "syntax"
    ignored: ["examples"]
warning: the following keywords are unknown and will be ignored: [examples]
    level: "warning"
    schema: {"loadingURI":"#","pointer":"/items/properties/cpf"}
    domain: "syntax"
    ignored: ["examples"]
warning: the following keywords are unknown and will be ignored: [examples]
    level: "warning"
    schema: {"loadingURI":"#","pointer":"/items/properties/email"}
    domain: "syntax"
    ignored: ["examples"]
warning: the following keywords are unknown and will be ignored: [examples]
    level: "warning"
    schema: {"loadingURI":"#","pointer":"/items/properties/id"}
    domain: "syntax"
    ignored: ["examples"]
warning: the following keywords are unknown and will be ignored: [examples]
    level: "warning"
    schema: {"loadingURI":"#","pointer":"/items/properties/nome"}
    domain: "syntax"
    ignored: ["examples"]
warning: the following keywords are unknown and will be ignored: [examples]
    level: "warning"
    schema: {"loadingURI":"#","pointer":"/items/properties/parcelas"}
    domain: "syntax"
    ignored: ["examples"]
warning: the following keywords are unknown and will be ignored: [examples]
    level: "warning"
    schema: {"loadingURI":"#","pointer":"/items/properties/seguro"}
    domain: "syntax"
    ignored: ["examples"]
warning: the following keywords are unknown and will be ignored: [examples]
    level: "warning"
    schema: {"loadingURI":"#","pointer":"/items/properties/valor"}
    domain: "syntax"
    ignored: ["examples"]
warning: the following keywords are unknown and will be ignored: [examples]
    level: "warning"
    schema: {"loadingURI":"#","pointer":"/items"}
    domain: "syntax"
    ignored: ["examples"]
warning: the following keywords are unknown and will be ignored: [examples]
    level: "warning"
    schema: {"loadingURI":"#","pointer":"/items/properties/cpf"}
    domain: "syntax"
    ignored: ["examples"]
warning: the following keywords are unknown and will be ignored: [examples]
    level: "warning"
    schema: {"loadingURI":"#","pointer":"/items/properties/email"}
    domain: "syntax"
    ignored: ["examples"]
warning: the following keywords are unknown and will be ignored: [examples]
    level: "warning"
    schema: {"loadingURI":"#","pointer":"/items/properties/id"}
    domain: "syntax"
    ignored: ["examples"]
warning: the following keywords are unknown and will be ignored: [examples]
    level: "warning"
    schema: {"loadingURI":"#","pointer":"/items/properties/nome"}
    domain: "syntax"
    ignored: ["examples"]
warning: the following keywords are unknown and will be ignored: [examples]
    level: "warning"
    schema: {"loadingURI":"#","pointer":"/items/properties/parcelas"}
    domain: "syntax"
    ignored: ["examples"]
warning: the following keywords are unknown and will be ignored: [examples]
    level: "warning"
    schema: {"loadingURI":"#","pointer":"/items/properties/seguro"}
    domain: "syntax"
    ignored: ["examples"]
warning: the following keywords are unknown and will be ignored: [examples]
    level: "warning"
    schema: {"loadingURI":"#","pointer":"/items/properties/valor"}
    domain: "syntax"
    ignored: ["examples"]
warning: the following keywords are unknown and will be ignored: [examples]
    level: "warning"
    schema: {"loadingURI":"#","pointer":"/items"}
    domain: "syntax"
    ignored: ["examples"]
warning: the following keywords are unknown and will be ignored: [examples]
    level: "warning"
    schema: {"loadingURI":"#","pointer":"/items/properties/cpf"}
    domain: "syntax"
    ignored: ["examples"]
warning: the following keywords are unknown and will be ignored: [examples]
    level: "warning"
    schema: {"loadingURI":"#","pointer":"/items/properties/email"}
    domain: "syntax"
    ignored: ["examples"]
warning: the following keywords are unknown and will be ignored: [examples]
    level: "warning"
    schema: {"loadingURI":"#","pointer":"/items/properties/id"}
    domain: "syntax"
    ignored: ["examples"]
warning: the following keywords are unknown and will be ignored: [examples]
    level: "warning"
    schema: {"loadingURI":"#","pointer":"/items/properties/nome"}
    domain: "syntax"
    ignored: ["examples"]
warning: the following keywords are unknown and will be ignored: [examples]
    level: "warning"
    schema: {"loadingURI":"#","pointer":"/items/properties/parcelas"}
    domain: "syntax"
    ignored: ["examples"]
warning: the following keywords are unknown and will be ignored: [examples]
    level: "warning"
    schema: {"loadingURI":"#","pointer":"/items/properties/seguro"}
    domain: "syntax"
    ignored: ["examples"]
warning: the following keywords are unknown and will be ignored: [examples]
    level: "warning"
    schema: {"loadingURI":"#","pointer":"/items/properties/valor"}
    domain: "syntax"
    ignored: ["examples"]
warning: the following keywords are unknown and will be ignored: [examples]
    level: "warning"
    schema: {"loadingURI":"#","pointer":"/items"}
    domain: "syntax"
    ignored: ["examples"]
warning: the following keywords are unknown and will be ignored: [examples]
    level: "warning"
    schema: {"loadingURI":"#","pointer":"/items/properties/cpf"}
    domain: "syntax"
    ignored: ["examples"]
warning: the following keywords are unknown and will be ignored: [examples]
    level: "warning"
    schema: {"loadingURI":"#","pointer":"/items/properties/email"}
    domain: "syntax"
    ignored: ["examples"]
warning: the following keywords are unknown and will be ignored: [examples]
    level: "warning"
    schema: {"loadingURI":"#","pointer":"/items/properties/id"}
    domain: "syntax"
    ignored: ["examples"]
warning: the following keywords are unknown and will be ignored: [examples]
    level: "warning"
    schema: {"loadingURI":"#","pointer":"/items/properties/nome"}
    domain: "syntax"
    ignored: ["examples"]
warning: the following keywords are unknown and will be ignored: [examples]
    level: "warning"
    schema: {"loadingURI":"#","pointer":"/items/properties/parcelas"}
    domain: "syntax"
    ignored: ["examples"]
warning: the following keywords are unknown and will be ignored: [examples]
    level: "warning"
    schema: {"loadingURI":"#","pointer":"/items/properties/seguro"}
    domain: "syntax"
    ignored: ["examples"]
warning: the following keywords are unknown and will be ignored: [examples]
    level: "warning"
    schema: {"loadingURI":"#","pointer":"/items/properties/valor"}
    domain: "syntax"
    ignored: ["examples"]
warning: the following keywords are unknown and will be ignored: [examples]
    level: "warning"
    schema: {"loadingURI":"#","pointer":"/items"}
    domain: "syntax"
    ignored: ["examples"]
warning: the following keywords are unknown and will be ignored: [examples]
    level: "warning"
    schema: {"loadingURI":"#","pointer":"/items/properties/cpf"}
    domain: "syntax"
    ignored: ["examples"]
warning: the following keywords are unknown and will be ignored: [examples]
    level: "warning"
    schema: {"loadingURI":"#","pointer":"/items/properties/email"}
    domain: "syntax"
    ignored: ["examples"]
warning: the following keywords are unknown and will be ignored: [examples]
    level: "warning"
    schema: {"loadingURI":"#","pointer":"/items/properties/id"}
    domain: "syntax"
    ignored: ["examples"]
warning: the following keywords are unknown and will be ignored: [examples]
    level: "warning"
    schema: {"loadingURI":"#","pointer":"/items/properties/nome"}
    domain: "syntax"
    ignored: ["examples"]
warning: the following keywords are unknown and will be ignored: [examples]
    level: "warning"
    schema: {"loadingURI":"#","pointer":"/items/properties/parcelas"}
    domain: "syntax"
    ignored: ["examples"]
warning: the following keywords are unknown and will be ignored: [examples]
    level: "warning"
    schema: {"loadingURI":"#","pointer":"/items/properties/seguro"}
    domain: "syntax"
    ignored: ["examples"]
warning: the following keywords are unknown and will be ignored: [examples]
    level: "warning"
    schema: {"loadingURI":"#","pointer":"/items/properties/valor"}
    domain: "syntax"
    ignored: ["examples"]
warning: the following keywords are unknown and will be ignored: [examples]
    level: "warning"
    schema: {"loadingURI":"#","pointer":"/items"}
    domain: "syntax"
    ignored: ["examples"]
warning: the following keywords are unknown and will be ignored: [examples]
    level: "warning"
    schema: {"loadingURI":"#","pointer":"/items/properties/cpf"}
    domain: "syntax"
    ignored: ["examples"]
warning: the following keywords are unknown and will be ignored: [examples]
    level: "warning"
    schema: {"loadingURI":"#","pointer":"/items/properties/email"}
    domain: "syntax"
    ignored: ["examples"]
warning: the following keywords are unknown and will be ignored: [examples]
    level: "warning"
    schema: {"loadingURI":"#","pointer":"/items/properties/id"}
    domain: "syntax"
    ignored: ["examples"]
warning: the following keywords are unknown and will be ignored: [examples]
    level: "warning"
    schema: {"loadingURI":"#","pointer":"/items/properties/nome"}
    domain: "syntax"
    ignored: ["examples"]
warning: the following keywords are unknown and will be ignored: [examples]
    level: "warning"
    schema: {"loadingURI":"#","pointer":"/items/properties/parcelas"}
    domain: "syntax"
    ignored: ["examples"]
warning: the following keywords are unknown and will be ignored: [examples]
    level: "warning"
    schema: {"loadingURI":"#","pointer":"/items/properties/seguro"}
    domain: "syntax"
    ignored: ["examples"]
warning: the following keywords are unknown and will be ignored: [examples]
    level: "warning"
    schema: {"loadingURI":"#","pointer":"/items/properties/valor"}
    domain: "syntax"
    ignored: ["examples"]
warning: the following keywords are unknown and will be ignored: [examples]
    level: "warning"
    schema: {"loadingURI":"#","pointer":"/items"}
    domain: "syntax"
    ignored: ["examples"]
warning: the following keywords are unknown and will be ignored: [examples]
    level: "warning"
    schema: {"loadingURI":"#","pointer":"/items/properties/cpf"}
    domain: "syntax"
    ignored: ["examples"]
warning: the following keywords are unknown and will be ignored: [examples]
    level: "warning"
    schema: {"loadingURI":"#","pointer":"/items/properties/email"}
    domain: "syntax"
    ignored: ["examples"]
warning: the following keywords are unknown and will be ignored: [examples]
    level: "warning"
    schema: {"loadingURI":"#","pointer":"/items/properties/id"}
    domain: "syntax"
    ignored: ["examples"]
warning: the following keywords are unknown and will be ignored: [examples]
    level: "warning"
    schema: {"loadingURI":"#","pointer":"/items/properties/nome"}
    domain: "syntax"
    ignored: ["examples"]
warning: the following keywords are unknown and will be ignored: [examples]
    level: "warning"
    schema: {"loadingURI":"#","pointer":"/items/properties/parcelas"}
    domain: "syntax"
    ignored: ["examples"]
warning: the following keywords are unknown and will be ignored: [examples]
    level: "warning"
    schema: {"loadingURI":"#","pointer":"/items/properties/seguro"}
    domain: "syntax"
    ignored: ["examples"]
warning: the following keywords are unknown and will be ignored: [examples]
    level: "warning"
    schema: {"loadingURI":"#","pointer":"/items/properties/valor"}
    domain: "syntax"
    ignored: ["examples"]
warning: the following keywords are unknown and will be ignored: [examples]
    level: "warning"
    schema: {"loadingURI":"#","pointer":"/items"}
    domain: "syntax"
    ignored: ["examples"]
warning: the following keywords are unknown and will be ignored: [examples]
    level: "warning"
    schema: {"loadingURI":"#","pointer":"/items/properties/cpf"}
    domain: "syntax"
    ignored: ["examples"]
warning: the following keywords are unknown and will be ignored: [examples]
    level: "warning"
    schema: {"loadingURI":"#","pointer":"/items/properties/email"}
    domain: "syntax"
    ignored: ["examples"]
warning: the following keywords are unknown and will be ignored: [examples]
    level: "warning"
    schema: {"loadingURI":"#","pointer":"/items/properties/id"}
    domain: "syntax"
    ignored: ["examples"]
warning: the following keywords are unknown and will be ignored: [examples]
    level: "warning"
    schema: {"loadingURI":"#","pointer":"/items/properties/nome"}
    domain: "syntax"
    ignored: ["examples"]
warning: the following keywords are unknown and will be ignored: [examples]
    level: "warning"
    schema: {"loadingURI":"#","pointer":"/items/properties/parcelas"}
    domain: "syntax"
    ignored: ["examples"]
warning: the following keywords are unknown and will be ignored: [examples]
    level: "warning"
    schema: {"loadingURI":"#","pointer":"/items/properties/seguro"}
    domain: "syntax"
    ignored: ["examples"]
warning: the following keywords are unknown and will be ignored: [examples]
    level: "warning"
    schema: {"loadingURI":"#","pointer":"/items/properties/valor"}
    domain: "syntax"
    ignored: ["examples"]
warning: the following keywords are unknown and will be ignored: [examples]
    level: "warning"
    schema: {"loadingURI":"#","pointer":"/items"}
    domain: "syntax"
    ignored: ["examples"]
warning: the following keywords are unknown and will be ignored: [examples]
    level: "warning"
    schema: {"loadingURI":"#","pointer":"/items/properties/cpf"}
    domain: "syntax"
    ignored: ["examples"]
warning: the following keywords are unknown and will be ignored: [examples]
    level: "warning"
    schema: {"loadingURI":"#","pointer":"/items/properties/email"}
    domain: "syntax"
    ignored: ["examples"]
warning: the following keywords are unknown and will be ignored: [examples]
    level: "warning"
    schema: {"loadingURI":"#","pointer":"/items/properties/id"}
    domain: "syntax"
    ignored: ["examples"]
warning: the following keywords are unknown and will be ignored: [examples]
    level: "warning"
    schema: {"loadingURI":"#","pointer":"/items/properties/nome"}
    domain: "syntax"
    ignored: ["examples"]
warning: the following keywords are unknown and will be ignored: [examples]
    level: "warning"
    schema: {"loadingURI":"#","pointer":"/items/properties/parcelas"}
    domain: "syntax"
    ignored: ["examples"]
warning: the following keywords are unknown and will be ignored: [examples]
    level: "warning"
    schema: {"loadingURI":"#","pointer":"/items/properties/seguro"}
    domain: "syntax"
    ignored: ["examples"]
warning: the following keywords are unknown and will be ignored: [examples]
    level: "warning"
    schema: {"loadingURI":"#","pointer":"/items/properties/valor"}
    domain: "syntax"
    ignored: ["examples"]
warning: the following keywords are unknown and will be ignored: [examples]
    level: "warning"
    schema: {"loadingURI":"#","pointer":"/items"}
    domain: "syntax"
    ignored: ["examples"]
warning: the following keywords are unknown and will be ignored: [examples]
    level: "warning"
    schema: {"loadingURI":"#","pointer":"/items/properties/cpf"}
    domain: "syntax"
    ignored: ["examples"]
warning: the following keywords are unknown and will be ignored: [examples]
    level: "warning"
    schema: {"loadingURI":"#","pointer":"/items/properties/email"}
    domain: "syntax"
    ignored: ["examples"]
warning: the following keywords are unknown and will be ignored: [examples]
    level: "warning"
    schema: {"loadingURI":"#","pointer":"/items/properties/id"}
    domain: "syntax"
    ignored: ["examples"]
warning: the following keywords are unknown and will be ignored: [examples]
    level: "warning"
    schema: {"loadingURI":"#","pointer":"/items/properties/nome"}
    domain: "syntax"
    ignored: ["examples"]
warning: the following keywords are unknown and will be ignored: [examples]
    level: "warning"
    schema: {"loadingURI":"#","pointer":"/items/properties/parcelas"}
    domain: "syntax"
    ignored: ["examples"]
warning: the following keywords are unknown and will be ignored: [examples]
    level: "warning"
    schema: {"loadingURI":"#","pointer":"/items/properties/seguro"}
    domain: "syntax"
    ignored: ["examples"]
warning: the following keywords are unknown and will be ignored: [examples]
    level: "warning"
    schema: {"loadingURI":"#","pointer":"/items/properties/valor"}
    domain: "syntax"
    ignored: ["examples"]
warning: the following keywords are unknown and will be ignored: [examples]
    level: "warning"
    schema: {"loadingURI":"#","pointer":"/items"}
    domain: "syntax"
    ignored: ["examples"]
warning: the following keywords are unknown and will be ignored: [examples]
    level: "warning"
    schema: {"loadingURI":"#","pointer":"/items/properties/cpf"}
    domain: "syntax"
    ignored: ["examples"]
warning: the following keywords are unknown and will be ignored: [examples]
    level: "warning"
    schema: {"loadingURI":"#","pointer":"/items/properties/email"}
    domain: "syntax"
    ignored: ["examples"]
warning: the following keywords are unknown and will be ignored: [examples]
    level: "warning"
    schema: {"loadingURI":"#","pointer":"/items/properties/id"}
    domain: "syntax"
    ignored: ["examples"]
warning: the following keywords are unknown and will be ignored: [examples]
    level: "warning"
    schema: {"loadingURI":"#","pointer":"/items/properties/nome"}
    domain: "syntax"
    ignored: ["examples"]
warning: the following keywords are unknown and will be ignored: [examples]
    level: "warning"
    schema: {"loadingURI":"#","pointer":"/items/properties/parcelas"}
    domain: "syntax"
    ignored: ["examples"]
warning: the following keywords are unknown and will be ignored: [examples]
    level: "warning"
    schema: {"loadingURI":"#","pointer":"/items/properties/seguro"}
    domain: "syntax"
    ignored: ["examples"]
warning: the following keywords are unknown and will be ignored: [examples]
    level: "warning"
    schema: {"loadingURI":"#","pointer":"/items/properties/valor"}
    domain: "syntax"
    ignored: ["examples"]
warning: the following keywords are unknown and will be ignored: [examples]
    level: "warning"
    schema: {"loadingURI":"#","pointer":"/items"}
    domain: "syntax"
    ignored: ["examples"]
warning: the following keywords are unknown and will be ignored: [examples]
    level: "warning"
    schema: {"loadingURI":"#","pointer":"/items/properties/cpf"}
    domain: "syntax"
    ignored: ["examples"]
warning: the following keywords are unknown and will be ignored: [examples]
    level: "warning"
    schema: {"loadingURI":"#","pointer":"/items/properties/email"}
    domain: "syntax"
    ignored: ["examples"]
warning: the following keywords are unknown and will be ignored: [examples]
    level: "warning"
    schema: {"loadingURI":"#","pointer":"/items/properties/id"}
    domain: "syntax"
    ignored: ["examples"]
warning: the following keywords are unknown and will be ignored: [examples]
    level: "warning"
    schema: {"loadingURI":"#","pointer":"/items/properties/nome"}
    domain: "syntax"
    ignored: ["examples"]
warning: the following keywords are unknown and will be ignored: [examples]
    level: "warning"
    schema: {"loadingURI":"#","pointer":"/items/properties/parcelas"}
    domain: "syntax"
    ignored: ["examples"]
warning: the following keywords are unknown and will be ignored: [examples]
    level: "warning"
    schema: {"loadingURI":"#","pointer":"/items/properties/seguro"}
    domain: "syntax"
    ignored: ["examples"]
warning: the following keywords are unknown and will be ignored: [examples]
    level: "warning"
    schema: {"loadingURI":"#","pointer":"/items/properties/valor"}
    domain: "syntax"
    ignored: ["examples"]
warning: the following keywords are unknown and will be ignored: [examples]
    level: "warning"
    schema: {"loadingURI":"#","pointer":"/items"}
    domain: "syntax"
    ignored: ["examples"]
warning: the following keywords are unknown and will be ignored: [examples]
    level: "warning"
    schema: {"loadingURI":"#","pointer":"/items/properties/cpf"}
    domain: "syntax"
    ignored: ["examples"]
warning: the following keywords are unknown and will be ignored: [examples]
    level: "warning"
    schema: {"loadingURI":"#","pointer":"/items/properties/email"}
    domain: "syntax"
    ignored: ["examples"]
warning: the following keywords are unknown and will be ignored: [examples]
    level: "warning"
    schema: {"loadingURI":"#","pointer":"/items/properties/id"}
    domain: "syntax"
    ignored: ["examples"]
warning: the following keywords are unknown and will be ignored: [examples]
    level: "warning"
    schema: {"loadingURI":"#","pointer":"/items/properties/nome"}
    domain: "syntax"
    ignored: ["examples"]
warning: the following keywords are unknown and will be ignored: [examples]
    level: "warning"
    schema: {"loadingURI":"#","pointer":"/items/properties/parcelas"}
    domain: "syntax"
    ignored: ["examples"]
warning: the following keywords are unknown and will be ignored: [examples]
    level: "warning"
    schema: {"loadingURI":"#","pointer":"/items/properties/seguro"}
    domain: "syntax"
    ignored: ["examples"]
warning: the following keywords are unknown and will be ignored: [examples]
    level: "warning"
    schema: {"loadingURI":"#","pointer":"/items/properties/valor"}
    domain: "syntax"
    ignored: ["examples"]
warning: the following keywords are unknown and will be ignored: [examples]
    level: "warning"
    schema: {"loadingURI":"#","pointer":"/items"}
    domain: "syntax"
    ignored: ["examples"]
warning: the following keywords are unknown and will be ignored: [examples]
    level: "warning"
    schema: {"loadingURI":"#","pointer":"/items/properties/cpf"}
    domain: "syntax"
    ignored: ["examples"]
warning: the following keywords are unknown and will be ignored: [examples]
    level: "warning"
    schema: {"loadingURI":"#","pointer":"/items/properties/email"}
    domain: "syntax"
    ignored: ["examples"]
warning: the following keywords are unknown and will be ignored: [examples]
    level: "warning"
    schema: {"loadingURI":"#","pointer":"/items/properties/id"}
    domain: "syntax"
    ignored: ["examples"]
warning: the following keywords are unknown and will be ignored: [examples]
    level: "warning"
    schema: {"loadingURI":"#","pointer":"/items/properties/nome"}
    domain: "syntax"
    ignored: ["examples"]
warning: the following keywords are unknown and will be ignored: [examples]
    level: "warning"
    schema: {"loadingURI":"#","pointer":"/items/properties/parcelas"}
    domain: "syntax"
    ignored: ["examples"]
warning: the following keywords are unknown and will be ignored: [examples]
    level: "warning"
    schema: {"loadingURI":"#","pointer":"/items/properties/seguro"}
    domain: "syntax"
    ignored: ["examples"]
warning: the following keywords are unknown and will be ignored: [examples]
    level: "warning"
    schema: {"loadingURI":"#","pointer":"/items/properties/valor"}
    domain: "syntax"
    ignored: ["examples"]
warning: the following keywords are unknown and will be ignored: [examples]
    level: "warning"
    schema: {"loadingURI":"#","pointer":"/items"}
    domain: "syntax"
    ignored: ["examples"]
warning: the following keywords are unknown and will be ignored: [examples]
    level: "warning"
    schema: {"loadingURI":"#","pointer":"/items/properties/cpf"}
    domain: "syntax"
    ignored: ["examples"]
warning: the following keywords are unknown and will be ignored: [examples]
    level: "warning"
    schema: {"loadingURI":"#","pointer":"/items/properties/email"}
    domain: "syntax"
    ignored: ["examples"]
warning: the following keywords are unknown and will be ignored: [examples]
    level: "warning"
    schema: {"loadingURI":"#","pointer":"/items/properties/id"}
    domain: "syntax"
    ignored: ["examples"]
warning: the following keywords are unknown and will be ignored: [examples]
    level: "warning"
    schema: {"loadingURI":"#","pointer":"/items/properties/nome"}
    domain: "syntax"
    ignored: ["examples"]
warning: the following keywords are unknown and will be ignored: [examples]
    level: "warning"
    schema: {"loadingURI":"#","pointer":"/items/properties/parcelas"}
    domain: "syntax"
    ignored: ["examples"]
warning: the following keywords are unknown and will be ignored: [examples]
    level: "warning"
    schema: {"loadingURI":"#","pointer":"/items/properties/seguro"}
    domain: "syntax"
    ignored: ["examples"]
warning: the following keywords are unknown and will be ignored: [examples]
    level: "warning"
    schema: {"loadingURI":"#","pointer":"/items/properties/valor"}
    domain: "syntax"
    ignored: ["examples"]
warning: the following keywords are unknown and will be ignored: [examples]
    level: "warning"
    schema: {"loadingURI":"#","pointer":"/items"}
    domain: "syntax"
    ignored: ["examples"]
warning: the following keywords are unknown and will be ignored: [examples]
    level: "warning"
    schema: {"loadingURI":"#","pointer":"/items/properties/cpf"}
    domain: "syntax"
    ignored: ["examples"]
warning: the following keywords are unknown and will be ignored: [examples]
    level: "warning"
    schema: {"loadingURI":"#","pointer":"/items/properties/email"}
    domain: "syntax"
    ignored: ["examples"]
warning: the following keywords are unknown and will be ignored: [examples]
    level: "warning"
    schema: {"loadingURI":"#","pointer":"/items/properties/id"}
    domain: "syntax"
    ignored: ["examples"]
warning: the following keywords are unknown and will be ignored: [examples]
    level: "warning"
    schema: {"loadingURI":"#","pointer":"/items/properties/nome"}
    domain: "syntax"
    ignored: ["examples"]
warning: the following keywords are unknown and will be ignored: [examples]
    level: "warning"
    schema: {"loadingURI":"#","pointer":"/items/properties/parcelas"}
    domain: "syntax"
    ignored: ["examples"]
warning: the following keywords are unknown and will be ignored: [examples]
    level: "warning"
    schema: {"loadingURI":"#","pointer":"/items/properties/seguro"}
    domain: "syntax"
    ignored: ["examples"]
warning: the following keywords are unknown and will be ignored: [examples]
    level: "warning"
    schema: {"loadingURI":"#","pointer":"/items/properties/valor"}
    domain: "syntax"
    ignored: ["examples"]
warning: the following keywords are unknown and will be ignored: [examples]
    level: "warning"
    schema: {"loadingURI":"#","pointer":"/items"}
    domain: "syntax"
    ignored: ["examples"]
warning: the following keywords are unknown and will be ignored: [examples]
    level: "warning"
    schema: {"loadingURI":"#","pointer":"/items/properties/cpf"}
    domain: "syntax"
    ignored: ["examples"]
warning: the following keywords are unknown and will be ignored: [examples]
    level: "warning"
    schema: {"loadingURI":"#","pointer":"/items/properties/email"}
    domain: "syntax"
    ignored: ["examples"]
warning: the following keywords are unknown and will be ignored: [examples]
    level: "warning"
    schema: {"loadingURI":"#","pointer":"/items/properties/id"}
    domain: "syntax"
    ignored: ["examples"]
warning: the following keywords are unknown and will be ignored: [examples]
    level: "warning"
    schema: {"loadingURI":"#","pointer":"/items/properties/nome"}
    domain: "syntax"
    ignored: ["examples"]
warning: the following keywords are unknown and will be ignored: [examples]
    level: "warning"
    schema: {"loadingURI":"#","pointer":"/items/properties/parcelas"}
    domain: "syntax"
    ignored: ["examples"]
warning: the following keywords are unknown and will be ignored: [examples]
    level: "warning"
    schema: {"loadingURI":"#","pointer":"/items/properties/seguro"}
    domain: "syntax"
    ignored: ["examples"]
warning: the following keywords are unknown and will be ignored: [examples]
    level: "warning"
    schema: {"loadingURI":"#","pointer":"/items/properties/valor"}
    domain: "syntax"
    ignored: ["examples"]
warning: the following keywords are unknown and will be ignored: [examples]
    level: "warning"
    schema: {"loadingURI":"#","pointer":"/items"}
    domain: "syntax"
    ignored: ["examples"]
warning: the following keywords are unknown and will be ignored: [examples]
    level: "warning"
    schema: {"loadingURI":"#","pointer":"/items/properties/cpf"}
    domain: "syntax"
    ignored: ["examples"]
warning: the following keywords are unknown and will be ignored: [examples]
    level: "warning"
    schema: {"loadingURI":"#","pointer":"/items/properties/email"}
    domain: "syntax"
    ignored: ["examples"]
warning: the following keywords are unknown and will be ignored: [examples]
    level: "warning"
    schema: {"loadingURI":"#","pointer":"/items/properties/id"}
    domain: "syntax"
    ignored: ["examples"]
warning: the following keywords are unknown and will be ignored: [examples]
    level: "warning"
    schema: {"loadingURI":"#","pointer":"/items/properties/nome"}
    domain: "syntax"
    ignored: ["examples"]
warning: the following keywords are unknown and will be ignored: [examples]
    level: "warning"
    schema: {"loadingURI":"#","pointer":"/items/properties/parcelas"}
    domain: "syntax"
    ignored: ["examples"]
warning: the following keywords are unknown and will be ignored: [examples]
    level: "warning"
    schema: {"loadingURI":"#","pointer":"/items/properties/seguro"}
    domain: "syntax"
    ignored: ["examples"]
warning: the following keywords are unknown and will be ignored: [examples]
    level: "warning"
    schema: {"loadingURI":"#","pointer":"/items/properties/valor"}
    domain: "syntax"
    ignored: ["examples"]
warning: the following keywords are unknown and will be ignored: [examples]
    level: "warning"
    schema: {"loadingURI":"#","pointer":"/items"}
    domain: "syntax"
    ignored: ["examples"]
warning: the following keywords are unknown and will be ignored: [examples]
    level: "warning"
    schema: {"loadingURI":"#","pointer":"/items/properties/cpf"}
    domain: "syntax"
    ignored: ["examples"]
warning: the following keywords are unknown and will be ignored: [examples]
    level: "warning"
    schema: {"loadingURI":"#","pointer":"/items/properties/email"}
    domain: "syntax"
    ignored: ["examples"]
warning: the following keywords are unknown and will be ignored: [examples]
    level: "warning"
    schema: {"loadingURI":"#","pointer":"/items/properties/id"}
    domain: "syntax"
    ignored: ["examples"]
warning: the following keywords are unknown and will be ignored: [examples]
    level: "warning"
    schema: {"loadingURI":"#","pointer":"/items/properties/nome"}
    domain: "syntax"
    ignored: ["examples"]
warning: the following keywords are unknown and will be ignored: [examples]
    level: "warning"
    schema: {"loadingURI":"#","pointer":"/items/properties/parcelas"}
    domain: "syntax"
    ignored: ["examples"]
warning: the following keywords are unknown and will be ignored: [examples]
    level: "warning"
    schema: {"loadingURI":"#","pointer":"/items/properties/seguro"}
    domain: "syntax"
    ignored: ["examples"]
warning: the following keywords are unknown and will be ignored: [examples]
    level: "warning"
    schema: {"loadingURI":"#","pointer":"/items/properties/valor"}
    domain: "syntax"
    ignored: ["examples"]
warning: the following keywords are unknown and will be ignored: [examples]
    level: "warning"
    schema: {"loadingURI":"#","pointer":"/items"}
    domain: "syntax"
    ignored: ["examples"]
warning: the following keywords are unknown and will be ignored: [examples]
    level: "warning"
    schema: {"loadingURI":"#","pointer":"/items/properties/cpf"}
    domain: "syntax"
    ignored: ["examples"]
warning: the following keywords are unknown and will be ignored: [examples]
    level: "warning"
    schema: {"loadingURI":"#","pointer":"/items/properties/email"}
    domain: "syntax"
    ignored: ["examples"]
warning: the following keywords are unknown and will be ignored: [examples]
    level: "warning"
    schema: {"loadingURI":"#","pointer":"/items/properties/id"}
    domain: "syntax"
    ignored: ["examples"]
warning: the following keywords are unknown and will be ignored: [examples]
    level: "warning"
    schema: {"loadingURI":"#","pointer":"/items/properties/nome"}
    domain: "syntax"
    ignored: ["examples"]
warning: the following keywords are unknown and will be ignored: [examples]
    level: "warning"
    schema: {"loadingURI":"#","pointer":"/items/properties/parcelas"}
    domain: "syntax"
    ignored: ["examples"]
warning: the following keywords are unknown and will be ignored: [examples]
    level: "warning"
    schema: {"loadingURI":"#","pointer":"/items/properties/seguro"}
    domain: "syntax"
    ignored: ["examples"]
warning: the following keywords are unknown and will be ignored: [examples]
    level: "warning"
    schema: {"loadingURI":"#","pointer":"/items/properties/valor"}
    domain: "syntax"
    ignored: ["examples"]
warning: the following keywords are unknown and will be ignored: [examples]
    level: "warning"
    schema: {"loadingURI":"#","pointer":"/items"}
    domain: "syntax"
    ignored: ["examples"]
warning: the following keywords are unknown and will be ignored: [examples]
    level: "warning"
    schema: {"loadingURI":"#","pointer":"/items/properties/cpf"}
    domain: "syntax"
    ignored: ["examples"]
warning: the following keywords are unknown and will be ignored: [examples]
    level: "warning"
    schema: {"loadingURI":"#","pointer":"/items/properties/email"}
    domain: "syntax"
    ignored: ["examples"]
warning: the following keywords are unknown and will be ignored: [examples]
    level: "warning"
    schema: {"loadingURI":"#","pointer":"/items/properties/id"}
    domain: "syntax"
    ignored: ["examples"]
warning: the following keywords are unknown and will be ignored: [examples]
    level: "warning"
    schema: {"loadingURI":"#","pointer":"/items/properties/nome"}
    domain: "syntax"
    ignored: ["examples"]
warning: the following keywords are unknown and will be ignored: [examples]
    level: "warning"
    schema: {"loadingURI":"#","pointer":"/items/properties/parcelas"}
    domain: "syntax"
    ignored: ["examples"]
warning: the following keywords are unknown and will be ignored: [examples]
    level: "warning"
    schema: {"loadingURI":"#","pointer":"/items/properties/seguro"}
    domain: "syntax"
    ignored: ["examples"]
warning: the following keywords are unknown and will be ignored: [examples]
    level: "warning"
    schema: {"loadingURI":"#","pointer":"/items/properties/valor"}
    domain: "syntax"
    ignored: ["examples"]
warning: the following keywords are unknown and will be ignored: [examples]
    level: "warning"
    schema: {"loadingURI":"#","pointer":"/items"}
    domain: "syntax"
    ignored: ["examples"]
warning: the following keywords are unknown and will be ignored: [examples]
    level: "warning"
    schema: {"loadingURI":"#","pointer":"/items/properties/cpf"}
    domain: "syntax"
    ignored: ["examples"]
warning: the following keywords are unknown and will be ignored: [examples]
    level: "warning"
    schema: {"loadingURI":"#","pointer":"/items/properties/email"}
    domain: "syntax"
    ignored: ["examples"]
warning: the following keywords are unknown and will be ignored: [examples]
    level: "warning"
    schema: {"loadingURI":"#","pointer":"/items/properties/id"}
    domain: "syntax"
    ignored: ["examples"]
warning: the following keywords are unknown and will be ignored: [examples]
    level: "warning"
    schema: {"loadingURI":"#","pointer":"/items/properties/nome"}
    domain: "syntax"
    ignored: ["examples"]
warning: the following keywords are unknown and will be ignored: [examples]
    level: "warning"
    schema: {"loadingURI":"#","pointer":"/items/properties/parcelas"}
    domain: "syntax"
    ignored: ["examples"]
warning: the following keywords are unknown and will be ignored: [examples]
    level: "warning"
    schema: {"loadingURI":"#","pointer":"/items/properties/seguro"}
    domain: "syntax"
    ignored: ["examples"]
warning: the following keywords are unknown and will be ignored: [examples]
    level: "warning"
    schema: {"loadingURI":"#","pointer":"/items/properties/valor"}
    domain: "syntax"
    ignored: ["examples"]
warning: the following keywords are unknown and will be ignored: [examples]
    level: "warning"
    schema: {"loadingURI":"#","pointer":"/items"}
    domain: "syntax"
    ignored: ["examples"]
warning: the following keywords are unknown and will be ignored: [examples]
    level: "warning"
    schema: {"loadingURI":"#","pointer":"/items/properties/cpf"}
    domain: "syntax"
    ignored: ["examples"]
warning: the following keywords are unknown and will be ignored: [examples]
    level: "warning"
    schema: {"loadingURI":"#","pointer":"/items/properties/email"}
    domain: "syntax"
    ignored: ["examples"]
warning: the following keywords are unknown and will be ignored: [examples]
    level: "warning"
    schema: {"loadingURI":"#","pointer":"/items/properties/id"}
    domain: "syntax"
    ignored: ["examples"]
warning: the following keywords are unknown and will be ignored: [examples]
    level: "warning"
    schema: {"loadingURI":"#","pointer":"/items/properties/nome"}
    domain: "syntax"
    ignored: ["examples"]
warning: the following keywords are unknown and will be ignored: [examples]
    level: "warning"
    schema: {"loadingURI":"#","pointer":"/items/properties/parcelas"}
    domain: "syntax"
    ignored: ["examples"]
warning: the following keywords are unknown and will be ignored: [examples]
    level: "warning"
    schema: {"loadingURI":"#","pointer":"/items/properties/seguro"}
    domain: "syntax"
    ignored: ["examples"]
warning: the following keywords are unknown and will be ignored: [examples]
    level: "warning"
    schema: {"loadingURI":"#","pointer":"/items/properties/valor"}
    domain: "syntax"
    ignored: ["examples"]
warning: the following keywords are unknown and will be ignored: [examples]
    level: "warning"
    schema: {"loadingURI":"#","pointer":"/items"}
    domain: "syntax"
    ignored: ["examples"]
warning: the following keywords are unknown and will be ignored: [examples]
    level: "warning"
    schema: {"loadingURI":"#","pointer":"/items/properties/cpf"}
    domain: "syntax"
    ignored: ["examples"]
warning: the following keywords are unknown and will be ignored: [examples]
    level: "warning"
    schema: {"loadingURI":"#","pointer":"/items/properties/email"}
    domain: "syntax"
    ignored: ["examples"]
warning: the following keywords are unknown and will be ignored: [examples]
    level: "warning"
    schema: {"loadingURI":"#","pointer":"/items/properties/id"}
    domain: "syntax"
    ignored: ["examples"]
warning: the following keywords are unknown and will be ignored: [examples]
    level: "warning"
    schema: {"loadingURI":"#","pointer":"/items/properties/nome"}
    domain: "syntax"
    ignored: ["examples"]
warning: the following keywords are unknown and will be ignored: [examples]
    level: "warning"
    schema: {"loadingURI":"#","pointer":"/items/properties/parcelas"}
    domain: "syntax"
    ignored: ["examples"]
warning: the following keywords are unknown and will be ignored: [examples]
    level: "warning"
    schema: {"loadingURI":"#","pointer":"/items/properties/seguro"}
    domain: "syntax"
    ignored: ["examples"]
warning: the following keywords are unknown and will be ignored: [examples]
    level: "warning"
    schema: {"loadingURI":"#","pointer":"/items/properties/valor"}
    domain: "syntax"
    ignored: ["examples"]
warning: the following keywords are unknown and will be ignored: [examples]
    level: "warning"
    schema: {"loadingURI":"#","pointer":"/items"}
    domain: "syntax"
    ignored: ["examples"]
warning: the following keywords are unknown and will be ignored: [examples]
    level: "warning"
    schema: {"loadingURI":"#","pointer":"/items/properties/cpf"}
    domain: "syntax"
    ignored: ["examples"]
warning: the following keywords are unknown and will be ignored: [examples]
    level: "warning"
    schema: {"loadingURI":"#","pointer":"/items/properties/email"}
    domain: "syntax"
    ignored: ["examples"]
warning: the following keywords are unknown and will be ignored: [examples]
    level: "warning"
    schema: {"loadingURI":"#","pointer":"/items/properties/id"}
    domain: "syntax"
    ignored: ["examples"]
warning: the following keywords are unknown and will be ignored: [examples]
    level: "warning"
    schema: {"loadingURI":"#","pointer":"/items/properties/nome"}
    domain: "syntax"
    ignored: ["examples"]
warning: the following keywords are unknown and will be ignored: [examples]
    level: "warning"
    schema: {"loadingURI":"#","pointer":"/items/properties/parcelas"}
    domain: "syntax"
    ignored: ["examples"]
warning: the following keywords are unknown and will be ignored: [examples]
    level: "warning"
    schema: {"loadingURI":"#","pointer":"/items/properties/seguro"}
    domain: "syntax"
    ignored: ["examples"]
warning: the following keywords are unknown and will be ignored: [examples]
    level: "warning"
    schema: {"loadingURI":"#","pointer":"/items/properties/valor"}
    domain: "syntax"
    ignored: ["examples"]
warning: the following keywords are unknown and will be ignored: [examples]
    level: "warning"
    schema: {"loadingURI":"#","pointer":"/items"}
    domain: "syntax"
    ignored: ["examples"]
warning: the following keywords are unknown and will be ignored: [examples]
    level: "warning"
    schema: {"loadingURI":"#","pointer":"/items/properties/cpf"}
    domain: "syntax"
    ignored: ["examples"]
warning: the following keywords are unknown and will be ignored: [examples]
    level: "warning"
    schema: {"loadingURI":"#","pointer":"/items/properties/email"}
    domain: "syntax"
    ignored: ["examples"]
warning: the following keywords are unknown and will be ignored: [examples]
    level: "warning"
    schema: {"loadingURI":"#","pointer":"/items/properties/id"}
    domain: "syntax"
    ignored: ["examples"]
warning: the following keywords are unknown and will be ignored: [examples]
    level: "warning"
    schema: {"loadingURI":"#","pointer":"/items/properties/nome"}
    domain: "syntax"
    ignored: ["examples"]
warning: the following keywords are unknown and will be ignored: [examples]
    level: "warning"
    schema: {"loadingURI":"#","pointer":"/items/properties/parcelas"}
    domain: "syntax"
    ignored: ["examples"]
warning: the following keywords are unknown and will be ignored: [examples]
    level: "warning"
    schema: {"loadingURI":"#","pointer":"/items/properties/seguro"}
    domain: "syntax"
    ignored: ["examples"]
warning: the following keywords are unknown and will be ignored: [examples]
    level: "warning"
    schema: {"loadingURI":"#","pointer":"/items/properties/valor"}
    domain: "syntax"
    ignored: ["examples"]
warning: the following keywords are unknown and will be ignored: [examples]
    level: "warning"
    schema: {"loadingURI":"#","pointer":"/items"}
    domain: "syntax"
    ignored: ["examples"]
warning: the following keywords are unknown and will be ignored: [examples]
    level: "warning"
    schema: {"loadingURI":"#","pointer":"/items/properties/cpf"}
    domain: "syntax"
    ignored: ["examples"]
warning: the following keywords are unknown and will be ignored: [examples]
    level: "warning"
    schema: {"loadingURI":"#","pointer":"/items/properties/email"}
    domain: "syntax"
    ignored: ["examples"]
warning: the following keywords are unknown and will be ignored: [examples]
    level: "warning"
    schema: {"loadingURI":"#","pointer":"/items/properties/id"}
    domain: "syntax"
    ignored: ["examples"]
warning: the following keywords are unknown and will be ignored: [examples]
    level: "warning"
    schema: {"loadingURI":"#","pointer":"/items/properties/nome"}
    domain: "syntax"
    ignored: ["examples"]
warning: the following keywords are unknown and will be ignored: [examples]
    level: "warning"
    schema: {"loadingURI":"#","pointer":"/items/properties/parcelas"}
    domain: "syntax"
    ignored: ["examples"]
warning: the following keywords are unknown and will be ignored: [examples]
    level: "warning"
    schema: {"loadingURI":"#","pointer":"/items/properties/seguro"}
    domain: "syntax"
    ignored: ["examples"]
warning: the following keywords are unknown and will be ignored: [examples]
    level: "warning"
    schema: {"loadingURI":"#","pointer":"/items/properties/valor"}
    domain: "syntax"
    ignored: ["examples"]
warning: the following keywords are unknown and will be ignored: [examples]
    level: "warning"
    schema: {"loadingURI":"#","pointer":"/items"}
    domain: "syntax"
    ignored: ["examples"]
warning: the following keywords are unknown and will be ignored: [examples]
    level: "warning"
    schema: {"loadingURI":"#","pointer":"/items/properties/cpf"}
    domain: "syntax"
    ignored: ["examples"]
warning: the following keywords are unknown and will be ignored: [examples]
    level: "warning"
    schema: {"loadingURI":"#","pointer":"/items/properties/email"}
    domain: "syntax"
    ignored: ["examples"]
warning: the following keywords are unknown and will be ignored: [examples]
    level: "warning"
    schema: {"loadingURI":"#","pointer":"/items/properties/id"}
    domain: "syntax"
    ignored: ["examples"]
warning: the following keywords are unknown and will be ignored: [examples]
    level: "warning"
    schema: {"loadingURI":"#","pointer":"/items/properties/nome"}
    domain: "syntax"
    ignored: ["examples"]
warning: the following keywords are unknown and will be ignored: [examples]
    level: "warning"
    schema: {"loadingURI":"#","pointer":"/items/properties/parcelas"}
    domain: "syntax"
    ignored: ["examples"]
warning: the following keywords are unknown and will be ignored: [examples]
    level: "warning"
    schema: {"loadingURI":"#","pointer":"/items/properties/seguro"}
    domain: "syntax"
    ignored: ["examples"]
warning: the following keywords are unknown and will be ignored: [examples]
    level: "warning"
    schema: {"loadingURI":"#","pointer":"/items/properties/valor"}
    domain: "syntax"
    ignored: ["examples"]
warning: the following keywords are unknown and will be ignored: [examples]
    level: "warning"
    schema: {"loadingURI":"#","pointer":"/items"}
    domain: "syntax"
    ignored: ["examples"]
warning: the following keywords are unknown and will be ignored: [examples]
    level: "warning"
    schema: {"loadingURI":"#","pointer":"/items/properties/cpf"}
    domain: "syntax"
    ignored: ["examples"]
warning: the following keywords are unknown and will be ignored: [examples]
    level: "warning"
    schema: {"loadingURI":"#","pointer":"/items/properties/email"}
    domain: "syntax"
    ignored: ["examples"]
warning: the following keywords are unknown and will be ignored: [examples]
    level: "warning"
    schema: {"loadingURI":"#","pointer":"/items/properties/id"}
    domain: "syntax"
    ignored: ["examples"]
warning: the following keywords are unknown and will be ignored: [examples]
    level: "warning"
    schema: {"loadingURI":"#","pointer":"/items/properties/nome"}
    domain: "syntax"
    ignored: ["examples"]
warning: the following keywords are unknown and will be ignored: [examples]
    level: "warning"
    schema: {"loadingURI":"#","pointer":"/items/properties/parcelas"}
    domain: "syntax"
    ignored: ["examples"]
warning: the following keywords are unknown and will be ignored: [examples]
    level: "warning"
    schema: {"loadingURI":"#","pointer":"/items/properties/seguro"}
    domain: "syntax"
    ignored: ["examples"]
warning: the following keywords are unknown and will be ignored: [examples]
    level: "warning"
    schema: {"loadingURI":"#","pointer":"/items/properties/valor"}
    domain: "syntax"
    ignored: ["examples"]
warning: the following keywords are unknown and will be ignored: [examples]
    level: "warning"
    schema: {"loadingURI":"#","pointer":"/items"}
    domain: "syntax"
    ignored: ["examples"]
warning: the following keywords are unknown and will be ignored: [examples]
    level: "warning"
    schema: {"loadingURI":"#","pointer":"/items/properties/cpf"}
    domain: "syntax"
    ignored: ["examples"]
warning: the following keywords are unknown and will be ignored: [examples]
    level: "warning"
    schema: {"loadingURI":"#","pointer":"/items/properties/email"}
    domain: "syntax"
    ignored: ["examples"]
warning: the following keywords are unknown and will be ignored: [examples]
    level: "warning"
    schema: {"loadingURI":"#","pointer":"/items/properties/id"}
    domain: "syntax"
    ignored: ["examples"]
warning: the following keywords are unknown and will be ignored: [examples]
    level: "warning"
    schema: {"loadingURI":"#","pointer":"/items/properties/nome"}
    domain: "syntax"
    ignored: ["examples"]
warning: the following keywords are unknown and will be ignored: [examples]
    level: "warning"
    schema: {"loadingURI":"#","pointer":"/items/properties/parcelas"}
    domain: "syntax"
    ignored: ["examples"]
warning: the following keywords are unknown and will be ignored: [examples]
    level: "warning"
    schema: {"loadingURI":"#","pointer":"/items/properties/seguro"}
    domain: "syntax"
    ignored: ["examples"]
warning: the following keywords are unknown and will be ignored: [examples]
    level: "warning"
    schema: {"loadingURI":"#","pointer":"/items/properties/valor"}
    domain: "syntax"
    ignored: ["examples"]
warning: the following keywords are unknown and will be ignored: [examples]
    level: "warning"
    schema: {"loadingURI":"#","pointer":"/items"}
    domain: "syntax"
    ignored: ["examples"]
warning: the following keywords are unknown and will be ignored: [examples]
    level: "warning"
    schema: {"loadingURI":"#","pointer":"/items/properties/cpf"}
    domain: "syntax"
    ignored: ["examples"]
warning: the following keywords are unknown and will be ignored: [examples]
    level: "warning"
    schema: {"loadingURI":"#","pointer":"/items/properties/email"}
    domain: "syntax"
    ignored: ["examples"]
warning: the following keywords are unknown and will be ignored: [examples]
    level: "warning"
    schema: {"loadingURI":"#","pointer":"/items/properties/id"}
    domain: "syntax"
    ignored: ["examples"]
warning: the following keywords are unknown and will be ignored: [examples]
    level: "warning"
    schema: {"loadingURI":"#","pointer":"/items/properties/nome"}
    domain: "syntax"
    ignored: ["examples"]
warning: the following keywords are unknown and will be ignored: [examples]
    level: "warning"
    schema: {"loadingURI":"#","pointer":"/items/properties/parcelas"}
    domain: "syntax"
    ignored: ["examples"]
warning: the following keywords are unknown and will be ignored: [examples]
    level: "warning"
    schema: {"loadingURI":"#","pointer":"/items/properties/seguro"}
    domain: "syntax"
    ignored: ["examples"]
warning: the following keywords are unknown and will be ignored: [examples]
    level: "warning"
    schema: {"loadingURI":"#","pointer":"/items/properties/valor"}
    domain: "syntax"
    ignored: ["examples"]
warning: the following keywords are unknown and will be ignored: [examples]
    level: "warning"
    schema: {"loadingURI":"#","pointer":"/items"}
    domain: "syntax"
    ignored: ["examples"]
warning: the following keywords are unknown and will be ignored: [examples]
    level: "warning"
    schema: {"loadingURI":"#","pointer":"/items/properties/cpf"}
    domain: "syntax"
    ignored: ["examples"]
warning: the following keywords are unknown and will be ignored: [examples]
    level: "warning"
    schema: {"loadingURI":"#","pointer":"/items/properties/email"}
    domain: "syntax"
    ignored: ["examples"]
warning: the following keywords are unknown and will be ignored: [examples]
    level: "warning"
    schema: {"loadingURI":"#","pointer":"/items/properties/id"}
    domain: "syntax"
    ignored: ["examples"]
warning: the following keywords are unknown and will be ignored: [examples]
    level: "warning"
    schema: {"loadingURI":"#","pointer":"/items/properties/nome"}
    domain: "syntax"
    ignored: ["examples"]
warning: the following keywords are unknown and will be ignored: [examples]
    level: "warning"
    schema: {"loadingURI":"#","pointer":"/items/properties/parcelas"}
    domain: "syntax"
    ignored: ["examples"]
warning: the following keywords are unknown and will be ignored: [examples]
    level: "warning"
    schema: {"loadingURI":"#","pointer":"/items/properties/seguro"}
    domain: "syntax"
    ignored: ["examples"]
warning: the following keywords are unknown and will be ignored: [examples]
    level: "warning"
    schema: {"loadingURI":"#","pointer":"/items/properties/valor"}
    domain: "syntax"
    ignored: ["examples"]
warning: the following keywords are unknown and will be ignored: [examples]
    level: "warning"
    schema: {"loadingURI":"#","pointer":"/items"}
    domain: "syntax"
    ignored: ["examples"]
warning: the following keywords are unknown and will be ignored: [examples]
    level: "warning"
    schema: {"loadingURI":"#","pointer":"/items/properties/cpf"}
    domain: "syntax"
    ignored: ["examples"]
warning: the following keywords are unknown and will be ignored: [examples]
    level: "warning"
    schema: {"loadingURI":"#","pointer":"/items/properties/email"}
    domain: "syntax"
    ignored: ["examples"]
warning: the following keywords are unknown and will be ignored: [examples]
    level: "warning"
    schema: {"loadingURI":"#","pointer":"/items/properties/id"}
    domain: "syntax"
    ignored: ["examples"]
warning: the following keywords are unknown and will be ignored: [examples]
    level: "warning"
    schema: {"loadingURI":"#","pointer":"/items/properties/nome"}
    domain: "syntax"
    ignored: ["examples"]
warning: the following keywords are unknown and will be ignored: [examples]
    level: "warning"
    schema: {"loadingURI":"#","pointer":"/items/properties/parcelas"}
    domain: "syntax"
    ignored: ["examples"]
warning: the following keywords are unknown and will be ignored: [examples]
    level: "warning"
    schema: {"loadingURI":"#","pointer":"/items/properties/seguro"}
    domain: "syntax"
    ignored: ["examples"]
warning: the following keywords are unknown and will be ignored: [examples]
    level: "warning"
    schema: {"loadingURI":"#","pointer":"/items/properties/valor"}
    domain: "syntax"
    ignored: ["examples"]
warning: the following keywords are unknown and will be ignored: [examples]
    level: "warning"
    schema: {"loadingURI":"#","pointer":"/items"}
    domain: "syntax"
    ignored: ["examples"]
warning: the following keywords are unknown and will be ignored: [examples]
    level: "warning"
    schema: {"loadingURI":"#","pointer":"/items/properties/cpf"}
    domain: "syntax"
    ignored: ["examples"]
warning: the following keywords are unknown and will be ignored: [examples]
    level: "warning"
    schema: {"loadingURI":"#","pointer":"/items/properties/email"}
    domain: "syntax"
    ignored: ["examples"]
warning: the following keywords are unknown and will be ignored: [examples]
    level: "warning"
    schema: {"loadingURI":"#","pointer":"/items/properties/id"}
    domain: "syntax"
    ignored: ["examples"]
warning: the following keywords are unknown and will be ignored: [examples]
    level: "warning"
    schema: {"loadingURI":"#","pointer":"/items/properties/nome"}
    domain: "syntax"
    ignored: ["examples"]
warning: the following keywords are unknown and will be ignored: [examples]
    level: "warning"
    schema: {"loadingURI":"#","pointer":"/items/properties/parcelas"}
    domain: "syntax"
    ignored: ["examples"]
warning: the following keywords are unknown and will be ignored: [examples]
    level: "warning"
    schema: {"loadingURI":"#","pointer":"/items/properties/seguro"}
    domain: "syntax"
    ignored: ["examples"]
warning: the following keywords are unknown and will be ignored: [examples]
    level: "warning"
    schema: {"loadingURI":"#","pointer":"/items/properties/valor"}
    domain: "syntax"
    ignored: ["examples"]
warning: the following keywords are unknown and will be ignored: [examples]
    level: "warning"
    schema: {"loadingURI":"#","pointer":"/items"}
    domain: "syntax"
    ignored: ["examples"]
warning: the following keywords are unknown and will be ignored: [examples]
    level: "warning"
    schema: {"loadingURI":"#","pointer":"/items/properties/cpf"}
    domain: "syntax"
    ignored: ["examples"]
warning: the following keywords are unknown and will be ignored: [examples]
    level: "warning"
    schema: {"loadingURI":"#","pointer":"/items/properties/email"}
    domain: "syntax"
    ignored: ["examples"]
warning: the following keywords are unknown and will be ignored: [examples]
    level: "warning"
    schema: {"loadingURI":"#","pointer":"/items/properties/id"}
    domain: "syntax"
    ignored: ["examples"]
warning: the following keywords are unknown and will be ignored: [examples]
    level: "warning"
    schema: {"loadingURI":"#","pointer":"/items/properties/nome"}
    domain: "syntax"
    ignored: ["examples"]
warning: the following keywords are unknown and will be ignored: [examples]
    level: "warning"
    schema: {"loadingURI":"#","pointer":"/items/properties/parcelas"}
    domain: "syntax"
    ignored: ["examples"]
warning: the following keywords are unknown and will be ignored: [examples]
    level: "warning"
    schema: {"loadingURI":"#","pointer":"/items/properties/seguro"}
    domain: "syntax"
    ignored: ["examples"]
warning: the following keywords are unknown and will be ignored: [examples]
    level: "warning"
    schema: {"loadingURI":"#","pointer":"/items/properties/valor"}
    domain: "syntax"
    ignored: ["examples"]
warning: the following keywords are unknown and will be ignored: [examples]
    level: "warning"
    schema: {"loadingURI":"#","pointer":"/items"}
    domain: "syntax"
    ignored: ["examples"]
warning: the following keywords are unknown and will be ignored: [examples]
    level: "warning"
    schema: {"loadingURI":"#","pointer":"/items/properties/cpf"}
    domain: "syntax"
    ignored: ["examples"]
warning: the following keywords are unknown and will be ignored: [examples]
    level: "warning"
    schema: {"loadingURI":"#","pointer":"/items/properties/email"}
    domain: "syntax"
    ignored: ["examples"]
warning: the following keywords are unknown and will be ignored: [examples]
    level: "warning"
    schema: {"loadingURI":"#","pointer":"/items/properties/id"}
    domain: "syntax"
    ignored: ["examples"]
warning: the following keywords are unknown and will be ignored: [examples]
    level: "warning"
    schema: {"loadingURI":"#","pointer":"/items/properties/nome"}
    domain: "syntax"
    ignored: ["examples"]
warning: the following keywords are unknown and will be ignored: [examples]
    level: "warning"
    schema: {"loadingURI":"#","pointer":"/items/properties/parcelas"}
    domain: "syntax"
    ignored: ["examples"]
warning: the following keywords are unknown and will be ignored: [examples]
    level: "warning"
    schema: {"loadingURI":"#","pointer":"/items/properties/seguro"}
    domain: "syntax"
    ignored: ["examples"]
warning: the following keywords are unknown and will be ignored: [examples]
    level: "warning"
    schema: {"loadingURI":"#","pointer":"/items/properties/valor"}
    domain: "syntax"
    ignored: ["examples"]
warning: the following keywords are unknown and will be ignored: [examples]
    level: "warning"
    schema: {"loadingURI":"#","pointer":"/items"}
    domain: "syntax"
    ignored: ["examples"]
warning: the following keywords are unknown and will be ignored: [examples]
    level: "warning"
    schema: {"loadingURI":"#","pointer":"/items/properties/cpf"}
    domain: "syntax"
    ignored: ["examples"]
warning: the following keywords are unknown and will be ignored: [examples]
    level: "warning"
    schema: {"loadingURI":"#","pointer":"/items/properties/email"}
    domain: "syntax"
    ignored: ["examples"]
warning: the following keywords are unknown and will be ignored: [examples]
    level: "warning"
    schema: {"loadingURI":"#","pointer":"/items/properties/id"}
    domain: "syntax"
    ignored: ["examples"]
warning: the following keywords are unknown and will be ignored: [examples]
    level: "warning"
    schema: {"loadingURI":"#","pointer":"/items/properties/nome"}
    domain: "syntax"
    ignored: ["examples"]
warning: the following keywords are unknown and will be ignored: [examples]
    level: "warning"
    schema: {"loadingURI":"#","pointer":"/items/properties/parcelas"}
    domain: "syntax"
    ignored: ["examples"]
warning: the following keywords are unknown and will be ignored: [examples]
    level: "warning"
    schema: {"loadingURI":"#","pointer":"/items/properties/seguro"}
    domain: "syntax"
    ignored: ["examples"]
warning: the following keywords are unknown and will be ignored: [examples]
    level: "warning"
    schema: {"loadingURI":"#","pointer":"/items/properties/valor"}
    domain: "syntax"
    ignored: ["examples"]
warning: the following keywords are unknown and will be ignored: [examples]
    level: "warning"
    schema: {"loadingURI":"#","pointer":"/items"}
    domain: "syntax"
    ignored: ["examples"]
warning: the following keywords are unknown and will be ignored: [examples]
    level: "warning"
    schema: {"loadingURI":"#","pointer":"/items/properties/cpf"}
    domain: "syntax"
    ignored: ["examples"]
warning: the following keywords are unknown and will be ignored: [examples]
    level: "warning"
    schema: {"loadingURI":"#","pointer":"/items/properties/email"}
    domain: "syntax"
    ignored: ["examples"]
warning: the following keywords are unknown and will be ignored: [examples]
    level: "warning"
    schema: {"loadingURI":"#","pointer":"/items/properties/id"}
    domain: "syntax"
    ignored: ["examples"]
warning: the following keywords are unknown and will be ignored: [examples]
    level: "warning"
    schema: {"loadingURI":"#","pointer":"/items/properties/nome"}
    domain: "syntax"
    ignored: ["examples"]
warning: the following keywords are unknown and will be ignored: [examples]
    level: "warning"
    schema: {"loadingURI":"#","pointer":"/items/properties/parcelas"}
    domain: "syntax"
    ignored: ["examples"]
warning: the following keywords are unknown and will be ignored: [examples]
    level: "warning"
    schema: {"loadingURI":"#","pointer":"/items/properties/seguro"}
    domain: "syntax"
    ignored: ["examples"]
warning: the following keywords are unknown and will be ignored: [examples]
    level: "warning"
    schema: {"loadingURI":"#","pointer":"/items/properties/valor"}
    domain: "syntax"
    ignored: ["examples"]
warning: the following keywords are unknown and will be ignored: [examples]
    level: "warning"
    schema: {"loadingURI":"#","pointer":"/items"}
    domain: "syntax"
    ignored: ["examples"]
warning: the following keywords are unknown and will be ignored: [examples]
    level: "warning"
    schema: {"loadingURI":"#","pointer":"/items/properties/cpf"}
    domain: "syntax"
    ignored: ["examples"]
warning: the following keywords are unknown and will be ignored: [examples]
    level: "warning"
    schema: {"loadingURI":"#","pointer":"/items/properties/email"}
    domain: "syntax"
    ignored: ["examples"]
warning: the following keywords are unknown and will be ignored: [examples]
    level: "warning"
    schema: {"loadingURI":"#","pointer":"/items/properties/id"}
    domain: "syntax"
    ignored: ["examples"]
warning: the following keywords are unknown and will be ignored: [examples]
    level: "warning"
    schema: {"loadingURI":"#","pointer":"/items/properties/nome"}
    domain: "syntax"
    ignored: ["examples"]
warning: the following keywords are unknown and will be ignored: [examples]
    level: "warning"
    schema: {"loadingURI":"#","pointer":"/items/properties/parcelas"}
    domain: "syntax"
    ignored: ["examples"]
warning: the following keywords are unknown and will be ignored: [examples]
    level: "warning"
    schema: {"loadingURI":"#","pointer":"/items/properties/seguro"}
    domain: "syntax"
    ignored: ["examples"]
warning: the following keywords are unknown and will be ignored: [examples]
    level: "warning"
    schema: {"loadingURI":"#","pointer":"/items/properties/valor"}
    domain: "syntax"
    ignored: ["examples"]
warning: the following keywords are unknown and will be ignored: [examples]
    level: "warning"
    schema: {"loadingURI":"#","pointer":"/items"}
    domain: "syntax"
    ignored: ["examples"]
warning: the following keywords are unknown and will be ignored: [examples]
    level: "warning"
    schema: {"loadingURI":"#","pointer":"/items/properties/cpf"}
    domain: "syntax"
    ignored: ["examples"]
warning: the following keywords are unknown and will be ignored: [examples]
    level: "warning"
    schema: {"loadingURI":"#","pointer":"/items/properties/email"}
    domain: "syntax"
    ignored: ["examples"]
warning: the following keywords are unknown and will be ignored: [examples]
    level: "warning"
    schema: {"loadingURI":"#","pointer":"/items/properties/id"}
    domain: "syntax"
    ignored: ["examples"]
warning: the following keywords are unknown and will be ignored: [examples]
    level: "warning"
    schema: {"loadingURI":"#","pointer":"/items/properties/nome"}
    domain: "syntax"
    ignored: ["examples"]
warning: the following keywords are unknown and will be ignored: [examples]
    level: "warning"
    schema: {"loadingURI":"#","pointer":"/items/properties/parcelas"}
    domain: "syntax"
    ignored: ["examples"]
warning: the following keywords are unknown and will be ignored: [examples]
    level: "warning"
    schema: {"loadingURI":"#","pointer":"/items/properties/seguro"}
    domain: "syntax"
    ignored: ["examples"]
warning: the following keywords are unknown and will be ignored: [examples]
    level: "warning"
    schema: {"loadingURI":"#","pointer":"/items/properties/valor"}
    domain: "syntax"
    ignored: ["examples"]
warning: the following keywords are unknown and will be ignored: [examples]
    level: "warning"
    schema: {"loadingURI":"#","pointer":"/items"}
    domain: "syntax"
    ignored: ["examples"]
warning: the following keywords are unknown and will be ignored: [examples]
    level: "warning"
    schema: {"loadingURI":"#","pointer":"/items/properties/cpf"}
    domain: "syntax"
    ignored: ["examples"]
warning: the following keywords are unknown and will be ignored: [examples]
    level: "warning"
    schema: {"loadingURI":"#","pointer":"/items/properties/email"}
    domain: "syntax"
    ignored: ["examples"]
warning: the following keywords are unknown and will be ignored: [examples]
    level: "warning"
    schema: {"loadingURI":"#","pointer":"/items/properties/id"}
    domain: "syntax"
    ignored: ["examples"]
warning: the following keywords are unknown and will be ignored: [examples]
    level: "warning"
    schema: {"loadingURI":"#","pointer":"/items/properties/nome"}
    domain: "syntax"
    ignored: ["examples"]
warning: the following keywords are unknown and will be ignored: [examples]
    level: "warning"
    schema: {"loadingURI":"#","pointer":"/items/properties/parcelas"}
    domain: "syntax"
    ignored: ["examples"]
warning: the following keywords are unknown and will be ignored: [examples]
    level: "warning"
    schema: {"loadingURI":"#","pointer":"/items/properties/seguro"}
    domain: "syntax"
    ignored: ["examples"]
warning: the following keywords are unknown and will be ignored: [examples]
    level: "warning"
    schema: {"loadingURI":"#","pointer":"/items/properties/valor"}
    domain: "syntax"
    ignored: ["examples"]
warning: the following keywords are unknown and will be ignored: [examples]
    level: "warning"
    schema: {"loadingURI":"#","pointer":"/items"}
    domain: "syntax"
    ignored: ["examples"]
warning: the following keywords are unknown and will be ignored: [examples]
    level: "warning"
    schema: {"loadingURI":"#","pointer":"/items/properties/cpf"}
    domain: "syntax"
    ignored: ["examples"]
warning: the following keywords are unknown and will be ignored: [examples]
    level: "warning"
    schema: {"loadingURI":"#","pointer":"/items/properties/email"}
    domain: "syntax"
    ignored: ["examples"]
warning: the following keywords are unknown and will be ignored: [examples]
    level: "warning"
    schema: {"loadingURI":"#","pointer":"/items/properties/id"}
    domain: "syntax"
    ignored: ["examples"]
warning: the following keywords are unknown and will be ignored: [examples]
    level: "warning"
    schema: {"loadingURI":"#","pointer":"/items/properties/nome"}
    domain: "syntax"
    ignored: ["examples"]
warning: the following keywords are unknown and will be ignored: [examples]
    level: "warning"
    schema: {"loadingURI":"#","pointer":"/items/properties/parcelas"}
    domain: "syntax"
    ignored: ["examples"]
warning: the following keywords are unknown and will be ignored: [examples]
    level: "warning"
    schema: {"loadingURI":"#","pointer":"/items/properties/seguro"}
    domain: "syntax"
    ignored: ["examples"]
warning: the following keywords are unknown and will be ignored: [examples]
    level: "warning"
    schema: {"loadingURI":"#","pointer":"/items/properties/valor"}
    domain: "syntax"
    ignored: ["examples"]
warning: the following keywords are unknown and will be ignored: [examples]
    level: "warning"
    schema: {"loadingURI":"#","pointer":"/items"}
    domain: "syntax"
    ignored: ["examples"]
warning: the following keywords are unknown and will be ignored: [examples]
    level: "warning"
    schema: {"loadingURI":"#","pointer":"/items/properties/cpf"}
    domain: "syntax"
    ignored: ["examples"]
warning: the following keywords are unknown and will be ignored: [examples]
    level: "warning"
    schema: {"loadingURI":"#","pointer":"/items/properties/email"}
    domain: "syntax"
    ignored: ["examples"]
warning: the following keywords are unknown and will be ignored: [examples]
    level: "warning"
    schema: {"loadingURI":"#","pointer":"/items/properties/id"}
    domain: "syntax"
    ignored: ["examples"]
warning: the following keywords are unknown and will be ignored: [examples]
    level: "warning"
    schema: {"loadingURI":"#","pointer":"/items/properties/nome"}
    domain: "syntax"
    ignored: ["examples"]
warning: the following keywords are unknown and will be ignored: [examples]
    level: "warning"
    schema: {"loadingURI":"#","pointer":"/items/properties/parcelas"}
    domain: "syntax"
    ignored: ["examples"]
warning: the following keywords are unknown and will be ignored: [examples]
    level: "warning"
    schema: {"loadingURI":"#","pointer":"/items/properties/seguro"}
    domain: "syntax"
    ignored: ["examples"]
warning: the following keywords are unknown and will be ignored: [examples]
    level: "warning"
    schema: {"loadingURI":"#","pointer":"/items/properties/valor"}
    domain: "syntax"
    ignored: ["examples"]
warning: the following keywords are unknown and will be ignored: [examples]
    level: "warning"
    schema: {"loadingURI":"#","pointer":"/items"}
    domain: "syntax"
    ignored: ["examples"]
warning: the following keywords are unknown and will be ignored: [examples]
    level: "warning"
    schema: {"loadingURI":"#","pointer":"/items/properties/cpf"}
    domain: "syntax"
    ignored: ["examples"]
warning: the following keywords are unknown and will be ignored: [examples]
    level: "warning"
    schema: {"loadingURI":"#","pointer":"/items/properties/email"}
    domain: "syntax"
    ignored: ["examples"]
warning: the following keywords are unknown and will be ignored: [examples]
    level: "warning"
    schema: {"loadingURI":"#","pointer":"/items/properties/id"}
    domain: "syntax"
    ignored: ["examples"]
warning: the following keywords are unknown and will be ignored: [examples]
    level: "warning"
    schema: {"loadingURI":"#","pointer":"/items/properties/nome"}
    domain: "syntax"
    ignored: ["examples"]
warning: the following keywords are unknown and will be ignored: [examples]
    level: "warning"
    schema: {"loadingURI":"#","pointer":"/items/properties/parcelas"}
    domain: "syntax"
    ignored: ["examples"]
warning: the following keywords are unknown and will be ignored: [examples]
    level: "warning"
    schema: {"loadingURI":"#","pointer":"/items/properties/seguro"}
    domain: "syntax"
    ignored: ["examples"]
warning: the following keywords are unknown and will be ignored: [examples]
    level: "warning"
    schema: {"loadingURI":"#","pointer":"/items/properties/valor"}
    domain: "syntax"
    ignored: ["examples"]
warning: the following keywords are unknown and will be ignored: [examples]
    level: "warning"
    schema: {"loadingURI":"#","pointer":"/items"}
    domain: "syntax"
    ignored: ["examples"]
warning: the following keywords are unknown and will be ignored: [examples]
    level: "warning"
    schema: {"loadingURI":"#","pointer":"/items/properties/cpf"}
    domain: "syntax"
    ignored: ["examples"]
warning: the following keywords are unknown and will be ignored: [examples]
    level: "warning"
    schema: {"loadingURI":"#","pointer":"/items/properties/email"}
    domain: "syntax"
    ignored: ["examples"]
warning: the following keywords are unknown and will be ignored: [examples]
    level: "warning"
    schema: {"loadingURI":"#","pointer":"/items/properties/id"}
    domain: "syntax"
    ignored: ["examples"]
warning: the following keywords are unknown and will be ignored: [examples]
    level: "warning"
    schema: {"loadingURI":"#","pointer":"/items/properties/nome"}
    domain: "syntax"
    ignored: ["examples"]
warning: the following keywords are unknown and will be ignored: [examples]
    level: "warning"
    schema: {"loadingURI":"#","pointer":"/items/properties/parcelas"}
    domain: "syntax"
    ignored: ["examples"]
warning: the following keywords are unknown and will be ignored: [examples]
    level: "warning"
    schema: {"loadingURI":"#","pointer":"/items/properties/seguro"}
    domain: "syntax"
    ignored: ["examples"]
warning: the following keywords are unknown and will be ignored: [examples]
    level: "warning"
    schema: {"loadingURI":"#","pointer":"/items/properties/valor"}
    domain: "syntax"
    ignored: ["examples"]
warning: the following keywords are unknown and will be ignored: [examples]
    level: "warning"
    schema: {"loadingURI":"#","pointer":"/items"}
    domain: "syntax"
    ignored: ["examples"]
warning: the following keywords are unknown and will be ignored: [examples]
    level: "warning"
    schema: {"loadingURI":"#","pointer":"/items/properties/cpf"}
    domain: "syntax"
    ignored: ["examples"]
warning: the following keywords are unknown and will be ignored: [examples]
    level: "warning"
    schema: {"loadingURI":"#","pointer":"/items/properties/email"}
    domain: "syntax"
    ignored: ["examples"]
warning: the following keywords are unknown and will be ignored: [examples]
    level: "warning"
    schema: {"loadingURI":"#","pointer":"/items/properties/id"}
    domain: "syntax"
    ignored: ["examples"]
warning: the following keywords are unknown and will be ignored: [examples]
    level: "warning"
    schema: {"loadingURI":"#","pointer":"/items/properties/nome"}
    domain: "syntax"
    ignored: ["examples"]
warning: the following keywords are unknown and will be ignored: [examples]
    level: "warning"
    schema: {"loadingURI":"#","pointer":"/items/properties/parcelas"}
    domain: "syntax"
    ignored: ["examples"]
warning: the following keywords are unknown and will be ignored: [examples]
    level: "warning"
    schema: {"loadingURI":"#","pointer":"/items/properties/seguro"}
    domain: "syntax"
    ignored: ["examples"]
warning: the following keywords are unknown and will be ignored: [examples]
    level: "warning"
    schema: {"loadingURI":"#","pointer":"/items/properties/valor"}
    domain: "syntax"
    ignored: ["examples"]
warning: the following keywords are unknown and will be ignored: [examples]
    level: "warning"
    schema: {"loadingURI":"#","pointer":"/items"}
    domain: "syntax"
    ignored: ["examples"]
warning: the following keywords are unknown and will be ignored: [examples]
    level: "warning"
    schema: {"loadingURI":"#","pointer":"/items/properties/cpf"}
    domain: "syntax"
    ignored: ["examples"]
warning: the following keywords are unknown and will be ignored: [examples]
    level: "warning"
    schema: {"loadingURI":"#","pointer":"/items/properties/email"}
    domain: "syntax"
    ignored: ["examples"]
warning: the following keywords are unknown and will be ignored: [examples]
    level: "warning"
    schema: {"loadingURI":"#","pointer":"/items/properties/id"}
    domain: "syntax"
    ignored: ["examples"]
warning: the following keywords are unknown and will be ignored: [examples]
    level: "warning"
    schema: {"loadingURI":"#","pointer":"/items/properties/nome"}
    domain: "syntax"
    ignored: ["examples"]
warning: the following keywords are unknown and will be ignored: [examples]
    level: "warning"
    schema: {"loadingURI":"#","pointer":"/items/properties/parcelas"}
    domain: "syntax"
    ignored: ["examples"]
warning: the following keywords are unknown and will be ignored: [examples]
    level: "warning"
    schema: {"loadingURI":"#","pointer":"/items/properties/seguro"}
    domain: "syntax"
    ignored: ["examples"]
warning: the following keywords are unknown and will be ignored: [examples]
    level: "warning"
    schema: {"loadingURI":"#","pointer":"/items/properties/valor"}
    domain: "syntax"
    ignored: ["examples"]
warning: the following keywords are unknown and will be ignored: [examples]
    level: "warning"
    schema: {"loadingURI":"#","pointer":"/items"}
    domain: "syntax"
    ignored: ["examples"]
warning: the following keywords are unknown and will be ignored: [examples]
    level: "warning"
    schema: {"loadingURI":"#","pointer":"/items/properties/cpf"}
    domain: "syntax"
    ignored: ["examples"]
warning: the following keywords are unknown and will be ignored: [examples]
    level: "warning"
    schema: {"loadingURI":"#","pointer":"/items/properties/email"}
    domain: "syntax"
    ignored: ["examples"]
warning: the following keywords are unknown and will be ignored: [examples]
    level: "warning"
    schema: {"loadingURI":"#","pointer":"/items/properties/id"}
    domain: "syntax"
    ignored: ["examples"]
warning: the following keywords are unknown and will be ignored: [examples]
    level: "warning"
    schema: {"loadingURI":"#","pointer":"/items/properties/nome"}
    domain: "syntax"
    ignored: ["examples"]
warning: the following keywords are unknown and will be ignored: [examples]
    level: "warning"
    schema: {"loadingURI":"#","pointer":"/items/properties/parcelas"}
    domain: "syntax"
    ignored: ["examples"]
warning: the following keywords are unknown and will be ignored: [examples]
    level: "warning"
    schema: {"loadingURI":"#","pointer":"/items/properties/seguro"}
    domain: "syntax"
    ignored: ["examples"]
warning: the following keywords are unknown and will be ignored: [examples]
    level: "warning"
    schema: {"loadingURI":"#","pointer":"/items/properties/valor"}
    domain: "syntax"
    ignored: ["examples"]
warning: the following keywords are unknown and will be ignored: [examples]
    level: "warning"
    schema: {"loadingURI":"#","pointer":"/items"}
    domain: "syntax"
    ignored: ["examples"]
warning: the following keywords are unknown and will be ignored: [examples]
    level: "warning"
    schema: {"loadingURI":"#","pointer":"/items/properties/cpf"}
    domain: "syntax"
    ignored: ["examples"]
warning: the following keywords are unknown and will be ignored: [examples]
    level: "warning"
    schema: {"loadingURI":"#","pointer":"/items/properties/email"}
    domain: "syntax"
    ignored: ["examples"]
warning: the following keywords are unknown and will be ignored: [examples]
    level: "warning"
    schema: {"loadingURI":"#","pointer":"/items/properties/id"}
    domain: "syntax"
    ignored: ["examples"]
warning: the following keywords are unknown and will be ignored: [examples]
    level: "warning"
    schema: {"loadingURI":"#","pointer":"/items/properties/nome"}
    domain: "syntax"
    ignored: ["examples"]
warning: the following keywords are unknown and will be ignored: [examples]
    level: "warning"
    schema: {"loadingURI":"#","pointer":"/items/properties/parcelas"}
    domain: "syntax"
    ignored: ["examples"]
warning: the following keywords are unknown and will be ignored: [examples]
    level: "warning"
    schema: {"loadingURI":"#","pointer":"/items/properties/seguro"}
    domain: "syntax"
    ignored: ["examples"]
warning: the following keywords are unknown and will be ignored: [examples]
    level: "warning"
    schema: {"loadingURI":"#","pointer":"/items/properties/valor"}
    domain: "syntax"
    ignored: ["examples"]
warning: the following keywords are unknown and will be ignored: [examples]
    level: "warning"
    schema: {"loadingURI":"#","pointer":"/items"}
    domain: "syntax"
    ignored: ["examples"]
warning: the following keywords are unknown and will be ignored: [examples]
    level: "warning"
    schema: {"loadingURI":"#","pointer":"/items/properties/cpf"}
    domain: "syntax"
    ignored: ["examples"]
warning: the following keywords are unknown and will be ignored: [examples]
    level: "warning"
    schema: {"loadingURI":"#","pointer":"/items/properties/email"}
    domain: "syntax"
    ignored: ["examples"]
warning: the following keywords are unknown and will be ignored: [examples]
    level: "warning"
    schema: {"loadingURI":"#","pointer":"/items/properties/id"}
    domain: "syntax"
    ignored: ["examples"]
warning: the following keywords are unknown and will be ignored: [examples]
    level: "warning"
    schema: {"loadingURI":"#","pointer":"/items/properties/nome"}
    domain: "syntax"
    ignored: ["examples"]
warning: the following keywords are unknown and will be ignored: [examples]
    level: "warning"
    schema: {"loadingURI":"#","pointer":"/items/properties/parcelas"}
    domain: "syntax"
    ignored: ["examples"]
warning: the following keywords are unknown and will be ignored: [examples]
    level: "warning"
    schema: {"loadingURI":"#","pointer":"/items/properties/seguro"}
    domain: "syntax"
    ignored: ["examples"]
warning: the following keywords are unknown and will be ignored: [examples]
    level: "warning"
    schema: {"loadingURI":"#","pointer":"/items/properties/valor"}
    domain: "syntax"
    ignored: ["examples"]
warning: the following keywords are unknown and will be ignored: [examples]
    level: "warning"
    schema: {"loadingURI":"#","pointer":"/items"}
    domain: "syntax"
    ignored: ["examples"]
warning: the following keywords are unknown and will be ignored: [examples]
    level: "warning"
    schema: {"loadingURI":"#","pointer":"/items/properties/cpf"}
    domain: "syntax"
    ignored: ["examples"]
warning: the following keywords are unknown and will be ignored: [examples]
    level: "warning"
    schema: {"loadingURI":"#","pointer":"/items/properties/email"}
    domain: "syntax"
    ignored: ["examples"]
warning: the following keywords are unknown and will be ignored: [examples]
    level: "warning"
    schema: {"loadingURI":"#","pointer":"/items/properties/id"}
    domain: "syntax"
    ignored: ["examples"]
warning: the following keywords are unknown and will be ignored: [examples]
    level: "warning"
    schema: {"loadingURI":"#","pointer":"/items/properties/nome"}
    domain: "syntax"
    ignored: ["examples"]
warning: the following keywords are unknown and will be ignored: [examples]
    level: "warning"
    schema: {"loadingURI":"#","pointer":"/items/properties/parcelas"}
    domain: "syntax"
    ignored: ["examples"]
warning: the following keywords are unknown and will be ignored: [examples]
    level: "warning"
    schema: {"loadingURI":"#","pointer":"/items/properties/seguro"}
    domain: "syntax"
    ignored: ["examples"]
warning: the following keywords are unknown and will be ignored: [examples]
    level: "warning"
    schema: {"loadingURI":"#","pointer":"/items/properties/valor"}
    domain: "syntax"
    ignored: ["examples"]
warning: the following keywords are unknown and will be ignored: [examples]
    level: "warning"
    schema: {"loadingURI":"#","pointer":"/items"}
    domain: "syntax"
    ignored: ["examples"]
warning: the following keywords are unknown and will be ignored: [examples]
    level: "warning"
    schema: {"loadingURI":"#","pointer":"/items/properties/cpf"}
    domain: "syntax"
    ignored: ["examples"]
warning: the following keywords are unknown and will be ignored: [examples]
    level: "warning"
    schema: {"loadingURI":"#","pointer":"/items/properties/email"}
    domain: "syntax"
    ignored: ["examples"]
warning: the following keywords are unknown and will be ignored: [examples]
    level: "warning"
    schema: {"loadingURI":"#","pointer":"/items/properties/id"}
    domain: "syntax"
    ignored: ["examples"]
warning: the following keywords are unknown and will be ignored: [examples]
    level: "warning"
    schema: {"loadingURI":"#","pointer":"/items/properties/nome"}
    domain: "syntax"
    ignored: ["examples"]
warning: the following keywords are unknown and will be ignored: [examples]
    level: "warning"
    schema: {"loadingURI":"#","pointer":"/items/properties/parcelas"}
    domain: "syntax"
    ignored: ["examples"]
warning: the following keywords are unknown and will be ignored: [examples]
    level: "warning"
    schema: {"loadingURI":"#","pointer":"/items/properties/seguro"}
    domain: "syntax"
    ignored: ["examples"]
warning: the following keywords are unknown and will be ignored: [examples]
    level: "warning"
    schema: {"loadingURI":"#","pointer":"/items/properties/valor"}
    domain: "syntax"
    ignored: ["examples"]
warning: the following keywords are unknown and will be ignored: [examples]
    level: "warning"
    schema: {"loadingURI":"#","pointer":"/items"}
    domain: "syntax"
    ignored: ["examples"]
warning: the following keywords are unknown and will be ignored: [examples]
    level: "warning"
    schema: {"loadingURI":"#","pointer":"/items/properties/cpf"}
    domain: "syntax"
    ignored: ["examples"]
warning: the following keywords are unknown and will be ignored: [examples]
    level: "warning"
    schema: {"loadingURI":"#","pointer":"/items/properties/email"}
    domain: "syntax"
    ignored: ["examples"]
warning: the following keywords are unknown and will be ignored: [examples]
    level: "warning"
    schema: {"loadingURI":"#","pointer":"/items/properties/id"}
    domain: "syntax"
    ignored: ["examples"]
warning: the following keywords are unknown and will be ignored: [examples]
    level: "warning"
    schema: {"loadingURI":"#","pointer":"/items/properties/nome"}
    domain: "syntax"
    ignored: ["examples"]
warning: the following keywords are unknown and will be ignored: [examples]
    level: "warning"
    schema: {"loadingURI":"#","pointer":"/items/properties/parcelas"}
    domain: "syntax"
    ignored: ["examples"]
warning: the following keywords are unknown and will be ignored: [examples]
    level: "warning"
    schema: {"loadingURI":"#","pointer":"/items/properties/seguro"}
    domain: "syntax"
    ignored: ["examples"]
warning: the following keywords are unknown and will be ignored: [examples]
    level: "warning"
    schema: {"loadingURI":"#","pointer":"/items/properties/valor"}
    domain: "syntax"
    ignored: ["examples"]
warning: the following keywords are unknown and will be ignored: [examples]
    level: "warning"
    schema: {"loadingURI":"#","pointer":"/items"}
    domain: "syntax"
    ignored: ["examples"]
warning: the following keywords are unknown and will be ignored: [examples]
    level: "warning"
    schema: {"loadingURI":"#","pointer":"/items/properties/cpf"}
    domain: "syntax"
    ignored: ["examples"]
warning: the following keywords are unknown and will be ignored: [examples]
    level: "warning"
    schema: {"loadingURI":"#","pointer":"/items/properties/email"}
    domain: "syntax"
    ignored: ["examples"]
warning: the following keywords are unknown and will be ignored: [examples]
    level: "warning"
    schema: {"loadingURI":"#","pointer":"/items/properties/id"}
    domain: "syntax"
    ignored: ["examples"]
warning: the following keywords are unknown and will be ignored: [examples]
    level: "warning"
    schema: {"loadingURI":"#","pointer":"/items/properties/nome"}
    domain: "syntax"
    ignored: ["examples"]
warning: the following keywords are unknown and will be ignored: [examples]
    level: "warning"
    schema: {"loadingURI":"#","pointer":"/items/properties/parcelas"}
    domain: "syntax"
    ignored: ["examples"]
warning: the following keywords are unknown and will be ignored: [examples]
    level: "warning"
    schema: {"loadingURI":"#","pointer":"/items/properties/seguro"}
    domain: "syntax"
    ignored: ["examples"]
warning: the following keywords are unknown and will be ignored: [examples]
    level: "warning"
    schema: {"loadingURI":"#","pointer":"/items/properties/valor"}
    domain: "syntax"
    ignored: ["examples"]
warning: the following keywords are unknown and will be ignored: [examples]
    level: "warning"
    schema: {"loadingURI":"#","pointer":"/items"}
    domain: "syntax"
    ignored: ["examples"]
warning: the following keywords are unknown and will be ignored: [examples]
    level: "warning"
    schema: {"loadingURI":"#","pointer":"/items/properties/cpf"}
    domain: "syntax"
    ignored: ["examples"]
warning: the following keywords are unknown and will be ignored: [examples]
    level: "warning"
    schema: {"loadingURI":"#","pointer":"/items/properties/email"}
    domain: "syntax"
    ignored: ["examples"]
warning: the following keywords are unknown and will be ignored: [examples]
    level: "warning"
    schema: {"loadingURI":"#","pointer":"/items/properties/id"}
    domain: "syntax"
    ignored: ["examples"]
warning: the following keywords are unknown and will be ignored: [examples]
    level: "warning"
    schema: {"loadingURI":"#","pointer":"/items/properties/nome"}
    domain: "syntax"
    ignored: ["examples"]
warning: the following keywords are unknown and will be ignored: [examples]
    level: "warning"
    schema: {"loadingURI":"#","pointer":"/items/properties/parcelas"}
    domain: "syntax"
    ignored: ["examples"]
warning: the following keywords are unknown and will be ignored: [examples]
    level: "warning"
    schema: {"loadingURI":"#","pointer":"/items/properties/seguro"}
    domain: "syntax"
    ignored: ["examples"]
warning: the following keywords are unknown and will be ignored: [examples]
    level: "warning"
    schema: {"loadingURI":"#","pointer":"/items/properties/valor"}
    domain: "syntax"
    ignored: ["examples"]
warning: the following keywords are unknown and will be ignored: [examples]
    level: "warning"
    schema: {"loadingURI":"#","pointer":"/items"}
    domain: "syntax"
    ignored: ["examples"]
warning: the following keywords are unknown and will be ignored: [examples]
    level: "warning"
    schema: {"loadingURI":"#","pointer":"/items/properties/cpf"}
    domain: "syntax"
    ignored: ["examples"]
warning: the following keywords are unknown and will be ignored: [examples]
    level: "warning"
    schema: {"loadingURI":"#","pointer":"/items/properties/email"}
    domain: "syntax"
    ignored: ["examples"]
warning: the following keywords are unknown and will be ignored: [examples]
    level: "warning"
    schema: {"loadingURI":"#","pointer":"/items/properties/id"}
    domain: "syntax"
    ignored: ["examples"]
warning: the following keywords are unknown and will be ignored: [examples]
    level: "warning"
    schema: {"loadingURI":"#","pointer":"/items/properties/nome"}
    domain: "syntax"
    ignored: ["examples"]
warning: the following keywords are unknown and will be ignored: [examples]
    level: "warning"
    schema: {"loadingURI":"#","pointer":"/items/properties/parcelas"}
    domain: "syntax"
    ignored: ["examples"]
warning: the following keywords are unknown and will be ignored: [examples]
    level: "warning"
    schema: {"loadingURI":"#","pointer":"/items/properties/seguro"}
    domain: "syntax"
    ignored: ["examples"]
warning: the following keywords are unknown and will be ignored: [examples]
    level: "warning"
    schema: {"loadingURI":"#","pointer":"/items/properties/valor"}
    domain: "syntax"
    ignored: ["examples"]
warning: the following keywords are unknown and will be ignored: [examples]
    level: "warning"
    schema: {"loadingURI":"#","pointer":"/items"}
    domain: "syntax"
    ignored: ["examples"]
warning: the following keywords are unknown and will be ignored: [examples]
    level: "warning"
    schema: {"loadingURI":"#","pointer":"/items/properties/cpf"}
    domain: "syntax"
    ignored: ["examples"]
warning: the following keywords are unknown and will be ignored: [examples]
    level: "warning"
    schema: {"loadingURI":"#","pointer":"/items/properties/email"}
    domain: "syntax"
    ignored: ["examples"]
warning: the following keywords are unknown and will be ignored: [examples]
    level: "warning"
    schema: {"loadingURI":"#","pointer":"/items/properties/id"}
    domain: "syntax"
    ignored: ["examples"]
warning: the following keywords are unknown and will be ignored: [examples]
    level: "warning"
    schema: {"loadingURI":"#","pointer":"/items/properties/nome"}
    domain: "syntax"
    ignored: ["examples"]
warning: the following keywords are unknown and will be ignored: [examples]
    level: "warning"
    schema: {"loadingURI":"#","pointer":"/items/properties/parcelas"}
    domain: "syntax"
    ignored: ["examples"]
warning: the following keywords are unknown and will be ignored: [examples]
    level: "warning"
    schema: {"loadingURI":"#","pointer":"/items/properties/seguro"}
    domain: "syntax"
    ignored: ["examples"]
warning: the following keywords are unknown and will be ignored: [examples]
    level: "warning"
    schema: {"loadingURI":"#","pointer":"/items/properties/valor"}
    domain: "syntax"
    ignored: ["examples"]
warning: the following keywords are unknown and will be ignored: [examples]
    level: "warning"
    schema: {"loadingURI":"#","pointer":"/items"}
    domain: "syntax"
    ignored: ["examples"]
warning: the following keywords are unknown and will be ignored: [examples]
    level: "warning"
    schema: {"loadingURI":"#","pointer":"/items/properties/cpf"}
    domain: "syntax"
    ignored: ["examples"]
warning: the following keywords are unknown and will be ignored: [examples]
    level: "warning"
    schema: {"loadingURI":"#","pointer":"/items/properties/email"}
    domain: "syntax"
    ignored: ["examples"]
warning: the following keywords are unknown and will be ignored: [examples]
    level: "warning"
    schema: {"loadingURI":"#","pointer":"/items/properties/id"}
    domain: "syntax"
    ignored: ["examples"]
warning: the following keywords are unknown and will be ignored: [examples]
    level: "warning"
    schema: {"loadingURI":"#","pointer":"/items/properties/nome"}
    domain: "syntax"
    ignored: ["examples"]
warning: the following keywords are unknown and will be ignored: [examples]
    level: "warning"
    schema: {"loadingURI":"#","pointer":"/items/properties/parcelas"}
    domain: "syntax"
    ignored: ["examples"]
warning: the following keywords are unknown and will be ignored: [examples]
    level: "warning"
    schema: {"loadingURI":"#","pointer":"/items/properties/seguro"}
    domain: "syntax"
    ignored: ["examples"]
warning: the following keywords are unknown and will be ignored: [examples]
    level: "warning"
    schema: {"loadingURI":"#","pointer":"/items/properties/valor"}
    domain: "syntax"
    ignored: ["examples"]
warning: the following keywords are unknown and will be ignored: [examples]
    level: "warning"
    schema: {"loadingURI":"#","pointer":"/items"}
    domain: "syntax"
    ignored: ["examples"]
warning: the following keywords are unknown and will be ignored: [examples]
    level: "warning"
    schema: {"loadingURI":"#","pointer":"/items/properties/cpf"}
    domain: "syntax"
    ignored: ["examples"]
warning: the following keywords are unknown and will be ignored: [examples]
    level: "warning"
    schema: {"loadingURI":"#","pointer":"/items/properties/email"}
    domain: "syntax"
    ignored: ["examples"]
warning: the following keywords are unknown and will be ignored: [examples]
    level: "warning"
    schema: {"loadingURI":"#","pointer":"/items/properties/id"}
    domain: "syntax"
    ignored: ["examples"]
warning: the following keywords are unknown and will be ignored: [examples]
    level: "warning"
    schema: {"loadingURI":"#","pointer":"/items/properties/nome"}
    domain: "syntax"
    ignored: ["examples"]
warning: the following keywords are unknown and will be ignored: [examples]
    level: "warning"
    schema: {"loadingURI":"#","pointer":"/items/properties/parcelas"}
    domain: "syntax"
    ignored: ["examples"]
warning: the following keywords are unknown and will be ignored: [examples]
    level: "warning"
    schema: {"loadingURI":"#","pointer":"/items/properties/seguro"}
    domain: "syntax"
    ignored: ["examples"]
warning: the following keywords are unknown and will be ignored: [examples]
    level: "warning"
    schema: {"loadingURI":"#","pointer":"/items/properties/valor"}
    domain: "syntax"
    ignored: ["examples"]
warning: the following keywords are unknown and will be ignored: [examples]
    level: "warning"
    schema: {"loadingURI":"#","pointer":"/items"}
    domain: "syntax"
    ignored: ["examples"]
warning: the following keywords are unknown and will be ignored: [examples]
    level: "warning"
    schema: {"loadingURI":"#","pointer":"/items/properties/cpf"}
    domain: "syntax"
    ignored: ["examples"]
warning: the following keywords are unknown and will be ignored: [examples]
    level: "warning"
    schema: {"loadingURI":"#","pointer":"/items/properties/email"}
    domain: "syntax"
    ignored: ["examples"]
warning: the following keywords are unknown and will be ignored: [examples]
    level: "warning"
    schema: {"loadingURI":"#","pointer":"/items/properties/id"}
    domain: "syntax"
    ignored: ["examples"]
warning: the following keywords are unknown and will be ignored: [examples]
    level: "warning"
    schema: {"loadingURI":"#","pointer":"/items/properties/nome"}
    domain: "syntax"
    ignored: ["examples"]
warning: the following keywords are unknown and will be ignored: [examples]
    level: "warning"
    schema: {"loadingURI":"#","pointer":"/items/properties/parcelas"}
    domain: "syntax"
    ignored: ["examples"]
warning: the following keywords are unknown and will be ignored: [examples]
    level: "warning"
    schema: {"loadingURI":"#","pointer":"/items/properties/seguro"}
    domain: "syntax"
    ignored: ["examples"]
warning: the following keywords are unknown and will be ignored: [examples]
    level: "warning"
    schema: {"loadingURI":"#","pointer":"/items/properties/valor"}
    domain: "syntax"
    ignored: ["examples"]
warning: the following keywords are unknown and will be ignored: [examples]
    level: "warning"
    schema: {"loadingURI":"#","pointer":"/items"}
    domain: "syntax"
    ignored: ["examples"]
warning: the following keywords are unknown and will be ignored: [examples]
    level: "warning"
    schema: {"loadingURI":"#","pointer":"/items/properties/cpf"}
    domain: "syntax"
    ignored: ["examples"]
warning: the following keywords are unknown and will be ignored: [examples]
    level: "warning"
    schema: {"loadingURI":"#","pointer":"/items/properties/email"}
    domain: "syntax"
    ignored: ["examples"]
warning: the following keywords are unknown and will be ignored: [examples]
    level: "warning"
    schema: {"loadingURI":"#","pointer":"/items/properties/id"}
    domain: "syntax"
    ignored: ["examples"]
warning: the following keywords are unknown and will be ignored: [examples]
    level: "warning"
    schema: {"loadingURI":"#","pointer":"/items/properties/nome"}
    domain: "syntax"
    ignored: ["examples"]
warning: the following keywords are unknown and will be ignored: [examples]
    level: "warning"
    schema: {"loadingURI":"#","pointer":"/items/properties/parcelas"}
    domain: "syntax"
    ignored: ["examples"]
warning: the following keywords are unknown and will be ignored: [examples]
    level: "warning"
    schema: {"loadingURI":"#","pointer":"/items/properties/seguro"}
    domain: "syntax"
    ignored: ["examples"]
warning: the following keywords are unknown and will be ignored: [examples]
    level: "warning"
    schema: {"loadingURI":"#","pointer":"/items/properties/valor"}
    domain: "syntax"
    ignored: ["examples"]
warning: the following keywords are unknown and will be ignored: [examples]
    level: "warning"
    schema: {"loadingURI":"#","pointer":"/items"}
    domain: "syntax"
    ignored: ["examples"]
warning: the following keywords are unknown and will be ignored: [examples]
    level: "warning"
    schema: {"loadingURI":"#","pointer":"/items/properties/cpf"}
    domain: "syntax"
    ignored: ["examples"]
warning: the following keywords are unknown and will be ignored: [examples]
    level: "warning"
    schema: {"loadingURI":"#","pointer":"/items/properties/email"}
    domain: "syntax"
    ignored: ["examples"]
warning: the following keywords are unknown and will be ignored: [examples]
    level: "warning"
    schema: {"loadingURI":"#","pointer":"/items/properties/id"}
    domain: "syntax"
    ignored: ["examples"]
warning: the following keywords are unknown and will be ignored: [examples]
    level: "warning"
    schema: {"loadingURI":"#","pointer":"/items/properties/nome"}
    domain: "syntax"
    ignored: ["examples"]
warning: the following keywords are unknown and will be ignored: [examples]
    level: "warning"
    schema: {"loadingURI":"#","pointer":"/items/properties/parcelas"}
    domain: "syntax"
    ignored: ["examples"]
warning: the following keywords are unknown and will be ignored: [examples]
    level: "warning"
    schema: {"loadingURI":"#","pointer":"/items/properties/seguro"}
    domain: "syntax"
    ignored: ["examples"]
warning: the following keywords are unknown and will be ignored: [examples]
    level: "warning"
    schema: {"loadingURI":"#","pointer":"/items/properties/valor"}
    domain: "syntax"
    ignored: ["examples"]
warning: the following keywords are unknown and will be ignored: [examples]
    level: "warning"
    schema: {"loadingURI":"#","pointer":"/items"}
    domain: "syntax"
    ignored: ["examples"]
warning: the following keywords are unknown and will be ignored: [examples]
    level: "warning"
    schema: {"loadingURI":"#","pointer":"/items/properties/cpf"}
    domain: "syntax"
    ignored: ["examples"]
warning: the following keywords are unknown and will be ignored: [examples]
    level: "warning"
    schema: {"loadingURI":"#","pointer":"/items/properties/email"}
    domain: "syntax"
    ignored: ["examples"]
warning: the following keywords are unknown and will be ignored: [examples]
    level: "warning"
    schema: {"loadingURI":"#","pointer":"/items/properties/id"}
    domain: "syntax"
    ignored: ["examples"]
warning: the following keywords are unknown and will be ignored: [examples]
    level: "warning"
    schema: {"loadingURI":"#","pointer":"/items/properties/nome"}
    domain: "syntax"
    ignored: ["examples"]
warning: the following keywords are unknown and will be ignored: [examples]
    level: "warning"
    schema: {"loadingURI":"#","pointer":"/items/properties/parcelas"}
    domain: "syntax"
    ignored: ["examples"]
warning: the following keywords are unknown and will be ignored: [examples]
    level: "warning"
    schema: {"loadingURI":"#","pointer":"/items/properties/seguro"}
    domain: "syntax"
    ignored: ["examples"]
warning: the following keywords are unknown and will be ignored: [examples]
    level: "warning"
    schema: {"loadingURI":"#","pointer":"/items/properties/valor"}
    domain: "syntax"
    ignored: ["examples"]
warning: the following keywords are unknown and will be ignored: [examples]
    level: "warning"
    schema: {"loadingURI":"#","pointer":"/items"}
    domain: "syntax"
    ignored: ["examples"]
warning: the following keywords are unknown and will be ignored: [examples]
    level: "warning"
    schema: {"loadingURI":"#","pointer":"/items/properties/cpf"}
    domain: "syntax"
    ignored: ["examples"]
warning: the following keywords are unknown and will be ignored: [examples]
    level: "warning"
    schema: {"loadingURI":"#","pointer":"/items/properties/email"}
    domain: "syntax"
    ignored: ["examples"]
warning: the following keywords are unknown and will be ignored: [examples]
    level: "warning"
    schema: {"loadingURI":"#","pointer":"/items/properties/id"}
    domain: "syntax"
    ignored: ["examples"]
warning: the following keywords are unknown and will be ignored: [examples]
    level: "warning"
    schema: {"loadingURI":"#","pointer":"/items/properties/nome"}
    domain: "syntax"
    ignored: ["examples"]
warning: the following keywords are unknown and will be ignored: [examples]
    level: "warning"
    schema: {"loadingURI":"#","pointer":"/items/properties/parcelas"}
    domain: "syntax"
    ignored: ["examples"]
warning: the following keywords are unknown and will be ignored: [examples]
    level: "warning"
    schema: {"loadingURI":"#","pointer":"/items/properties/seguro"}
    domain: "syntax"
    ignored: ["examples"]
warning: the following keywords are unknown and will be ignored: [examples]
    level: "warning"
    schema: {"loadingURI":"#","pointer":"/items/properties/valor"}
    domain: "syntax"
    ignored: ["examples"]
warning: the following keywords are unknown and will be ignored: [examples]
    level: "warning"
    schema: {"loadingURI":"#","pointer":"/items"}
    domain: "syntax"
    ignored: ["examples"]
warning: the following keywords are unknown and will be ignored: [examples]
    level: "warning"
    schema: {"loadingURI":"#","pointer":"/items/properties/cpf"}
    domain: "syntax"
    ignored: ["examples"]
warning: the following keywords are unknown and will be ignored: [examples]
    level: "warning"
    schema: {"loadingURI":"#","pointer":"/items/properties/email"}
    domain: "syntax"
    ignored: ["examples"]
warning: the following keywords are unknown and will be ignored: [examples]
    level: "warning"
    schema: {"loadingURI":"#","pointer":"/items/properties/id"}
    domain: "syntax"
    ignored: ["examples"]
warning: the following keywords are unknown and will be ignored: [examples]
    level: "warning"
    schema: {"loadingURI":"#","pointer":"/items/properties/nome"}
    domain: "syntax"
    ignored: ["examples"]
warning: the following keywords are unknown and will be ignored: [examples]
    level: "warning"
    schema: {"loadingURI":"#","pointer":"/items/properties/parcelas"}
    domain: "syntax"
    ignored: ["examples"]
warning: the following keywords are unknown and will be ignored: [examples]
    level: "warning"
    schema: {"loadingURI":"#","pointer":"/items/properties/seguro"}
    domain: "syntax"
    ignored: ["examples"]
warning: the following keywords are unknown and will be ignored: [examples]
    level: "warning"
    schema: {"loadingURI":"#","pointer":"/items/properties/valor"}
    domain: "syntax"
    ignored: ["examples"]
warning: the following keywords are unknown and will be ignored: [examples]
    level: "warning"
    schema: {"loadingURI":"#","pointer":"/items"}
    domain: "syntax"
    ignored: ["examples"]
warning: the following keywords are unknown and will be ignored: [examples]
    level: "warning"
    schema: {"loadingURI":"#","pointer":"/items/properties/cpf"}
    domain: "syntax"
    ignored: ["examples"]
warning: the following keywords are unknown and will be ignored: [examples]
    level: "warning"
    schema: {"loadingURI":"#","pointer":"/items/properties/email"}
    domain: "syntax"
    ignored: ["examples"]
warning: the following keywords are unknown and will be ignored: [examples]
    level: "warning"
    schema: {"loadingURI":"#","pointer":"/items/properties/id"}
    domain: "syntax"
    ignored: ["examples"]
warning: the following keywords are unknown and will be ignored: [examples]
    level: "warning"
    schema: {"loadingURI":"#","pointer":"/items/properties/nome"}
    domain: "syntax"
    ignored: ["examples"]
warning: the following keywords are unknown and will be ignored: [examples]
    level: "warning"
    schema: {"loadingURI":"#","pointer":"/items/properties/parcelas"}
    domain: "syntax"
    ignored: ["examples"]
warning: the following keywords are unknown and will be ignored: [examples]
    level: "warning"
    schema: {"loadingURI":"#","pointer":"/items/properties/seguro"}
    domain: "syntax"
    ignored: ["examples"]
warning: the following keywords are unknown and will be ignored: [examples]
    level: "warning"
    schema: {"loadingURI":"#","pointer":"/items/properties/valor"}
    domain: "syntax"
    ignored: ["examples"]
warning: the following keywords are unknown and will be ignored: [examples]
    level: "warning"
    schema: {"loadingURI":"#","pointer":"/items"}
    domain: "syntax"
    ignored: ["examples"]
warning: the following keywords are unknown and will be ignored: [examples]
    level: "warning"
    schema: {"loadingURI":"#","pointer":"/items/properties/cpf"}
    domain: "syntax"
    ignored: ["examples"]
warning: the following keywords are unknown and will be ignored: [examples]
    level: "warning"
    schema: {"loadingURI":"#","pointer":"/items/properties/email"}
    domain: "syntax"
    ignored: ["examples"]
warning: the following keywords are unknown and will be ignored: [examples]
    level: "warning"
    schema: {"loadingURI":"#","pointer":"/items/properties/id"}
    domain: "syntax"
    ignored: ["examples"]
warning: the following keywords are unknown and will be ignored: [examples]
    level: "warning"
    schema: {"loadingURI":"#","pointer":"/items/properties/nome"}
    domain: "syntax"
    ignored: ["examples"]
warning: the following keywords are unknown and will be ignored: [examples]
    level: "warning"
    schema: {"loadingURI":"#","pointer":"/items/properties/parcelas"}
    domain: "syntax"
    ignored: ["examples"]
warning: the following keywords are unknown and will be ignored: [examples]
    level: "warning"
    schema: {"loadingURI":"#","pointer":"/items/properties/seguro"}
    domain: "syntax"
    ignored: ["examples"]
warning: the following keywords are unknown and will be ignored: [examples]
    level: "warning"
    schema: {"loadingURI":"#","pointer":"/items/properties/valor"}
    domain: "syntax"
    ignored: ["examples"]
warning: the following keywords are unknown and will be ignored: [examples]
    level: "warning"
    schema: {"loadingURI":"#","pointer":"/items"}
    domain: "syntax"
    ignored: ["examples"]
warning: the following keywords are unknown and will be ignored: [examples]
    level: "warning"
    schema: {"loadingURI":"#","pointer":"/items/properties/cpf"}
    domain: "syntax"
    ignored: ["examples"]
warning: the following keywords are unknown and will be ignored: [examples]
    level: "warning"
    schema: {"loadingURI":"#","pointer":"/items/properties/email"}
    domain: "syntax"
    ignored: ["examples"]
warning: the following keywords are unknown and will be ignored: [examples]
    level: "warning"
    schema: {"loadingURI":"#","pointer":"/items/properties/id"}
    domain: "syntax"
    ignored: ["examples"]
warning: the following keywords are unknown and will be ignored: [examples]
    level: "warning"
    schema: {"loadingURI":"#","pointer":"/items/properties/nome"}
    domain: "syntax"
    ignored: ["examples"]
warning: the following keywords are unknown and will be ignored: [examples]
    level: "warning"
    schema: {"loadingURI":"#","pointer":"/items/properties/parcelas"}
    domain: "syntax"
    ignored: ["examples"]
warning: the following keywords are unknown and will be ignored: [examples]
    level: "warning"
    schema: {"loadingURI":"#","pointer":"/items/properties/seguro"}
    domain: "syntax"
    ignored: ["examples"]
warning: the following keywords are unknown and will be ignored: [examples]
    level: "warning"
    schema: {"loadingURI":"#","pointer":"/items/properties/valor"}
    domain: "syntax"
    ignored: ["examples"]
warning: the following keywords are unknown and will be ignored: [examples]
    level: "warning"
    schema: {"loadingURI":"#","pointer":"/items"}
    domain: "syntax"
    ignored: ["examples"]
warning: the following keywords are unknown and will be ignored: [examples]
    level: "warning"
    schema: {"loadingURI":"#","pointer":"/items/properties/cpf"}
    domain: "syntax"
    ignored: ["examples"]
warning: the following keywords are unknown and will be ignored: [examples]
    level: "warning"
    schema: {"loadingURI":"#","pointer":"/items/properties/email"}
    domain: "syntax"
    ignored: ["examples"]
warning: the following keywords are unknown and will be ignored: [examples]
    level: "warning"
    schema: {"loadingURI":"#","pointer":"/items/properties/id"}
    domain: "syntax"
    ignored: ["examples"]
warning: the following keywords are unknown and will be ignored: [examples]
    level: "warning"
    schema: {"loadingURI":"#","pointer":"/items/properties/nome"}
    domain: "syntax"
    ignored: ["examples"]
warning: the following keywords are unknown and will be ignored: [examples]
    level: "warning"
    schema: {"loadingURI":"#","pointer":"/items/properties/parcelas"}
    domain: "syntax"
    ignored: ["examples"]
warning: the following keywords are unknown and will be ignored: [examples]
    level: "warning"
    schema: {"loadingURI":"#","pointer":"/items/properties/seguro"}
    domain: "syntax"
    ignored: ["examples"]
warning: the following keywords are unknown and will be ignored: [examples]
    level: "warning"
    schema: {"loadingURI":"#","pointer":"/items/properties/valor"}
    domain: "syntax"
    ignored: ["examples"]
warning: the following keywords are unknown and will be ignored: [examples]
    level: "warning"
    schema: {"loadingURI":"#","pointer":"/items"}
    domain: "syntax"
    ignored: ["examples"]
warning: the following keywords are unknown and will be ignored: [examples]
    level: "warning"
    schema: {"loadingURI":"#","pointer":"/items/properties/cpf"}
    domain: "syntax"
    ignored: ["examples"]
warning: the following keywords are unknown and will be ignored: [examples]
    level: "warning"
    schema: {"loadingURI":"#","pointer":"/items/properties/email"}
    domain: "syntax"
    ignored: ["examples"]
warning: the following keywords are unknown and will be ignored: [examples]
    level: "warning"
    schema: {"loadingURI":"#","pointer":"/items/properties/id"}
    domain: "syntax"
    ignored: ["examples"]
warning: the following keywords are unknown and will be ignored: [examples]
    level: "warning"
    schema: {"loadingURI":"#","pointer":"/items/properties/nome"}
    domain: "syntax"
    ignored: ["examples"]
warning: the following keywords are unknown and will be ignored: [examples]
    level: "warning"
    schema: {"loadingURI":"#","pointer":"/items/properties/parcelas"}
    domain: "syntax"
    ignored: ["examples"]
warning: the following keywords are unknown and will be ignored: [examples]
    level: "warning"
    schema: {"loadingURI":"#","pointer":"/items/properties/seguro"}
    domain: "syntax"
    ignored: ["examples"]
warning: the following keywords are unknown and will be ignored: [examples]
    level: "warning"
    schema: {"loadingURI":"#","pointer":"/items/properties/valor"}
    domain: "syntax"
    ignored: ["examples"]
warning: the following keywords are unknown and will be ignored: [examples]
    level: "warning"
    schema: {"loadingURI":"#","pointer":"/items"}
    domain: "syntax"
    ignored: ["examples"]
warning: the following keywords are unknown and will be ignored: [examples]
    level: "warning"
    schema: {"loadingURI":"#","pointer":"/items/properties/cpf"}
    domain: "syntax"
    ignored: ["examples"]
warning: the following keywords are unknown and will be ignored: [examples]
    level: "warning"
    schema: {"loadingURI":"#","pointer":"/items/properties/email"}
    domain: "syntax"
    ignored: ["examples"]
warning: the following keywords are unknown and will be ignored: [examples]
    level: "warning"
    schema: {"loadingURI":"#","pointer":"/items/properties/id"}
    domain: "syntax"
    ignored: ["examples"]
warning: the following keywords are unknown and will be ignored: [examples]
    level: "warning"
    schema: {"loadingURI":"#","pointer":"/items/properties/nome"}
    domain: "syntax"
    ignored: ["examples"]
warning: the following keywords are unknown and will be ignored: [examples]
    level: "warning"
    schema: {"loadingURI":"#","pointer":"/items/properties/parcelas"}
    domain: "syntax"
    ignored: ["examples"]
warning: the following keywords are unknown and will be ignored: [examples]
    level: "warning"
    schema: {"loadingURI":"#","pointer":"/items/properties/seguro"}
    domain: "syntax"
    ignored: ["examples"]
warning: the following keywords are unknown and will be ignored: [examples]
    level: "warning"
    schema: {"loadingURI":"#","pointer":"/items/properties/valor"}
    domain: "syntax"
    ignored: ["examples"]
warning: the following keywords are unknown and will be ignored: [examples]
    level: "warning"
    schema: {"loadingURI":"#","pointer":"/items"}
    domain: "syntax"
    ignored: ["examples"]
warning: the following keywords are unknown and will be ignored: [examples]
    level: "warning"
    schema: {"loadingURI":"#","pointer":"/items/properties/cpf"}
    domain: "syntax"
    ignored: ["examples"]
warning: the following keywords are unknown and will be ignored: [examples]
    level: "warning"
    schema: {"loadingURI":"#","pointer":"/items/properties/email"}
    domain: "syntax"
    ignored: ["examples"]
warning: the following keywords are unknown and will be ignored: [examples]
    level: "warning"
    schema: {"loadingURI":"#","pointer":"/items/properties/id"}
    domain: "syntax"
    ignored: ["examples"]
warning: the following keywords are unknown and will be ignored: [examples]
    level: "warning"
    schema: {"loadingURI":"#","pointer":"/items/properties/nome"}
    domain: "syntax"
    ignored: ["examples"]
warning: the following keywords are unknown and will be ignored: [examples]
    level: "warning"
    schema: {"loadingURI":"#","pointer":"/items/properties/parcelas"}
    domain: "syntax"
    ignored: ["examples"]
warning: the following keywords are unknown and will be ignored: [examples]
    level: "warning"
    schema: {"loadingURI":"#","pointer":"/items/properties/seguro"}
    domain: "syntax"
    ignored: ["examples"]
warning: the following keywords are unknown and will be ignored: [examples]
    level: "warning"
    schema: {"loadingURI":"#","pointer":"/items/properties/valor"}
    domain: "syntax"
    ignored: ["examples"]
warning: the following keywords are unknown and will be ignored: [examples]
    level: "warning"
    schema: {"loadingURI":"#","pointer":"/items"}
    domain: "syntax"
    ignored: ["examples"]
warning: the following keywords are unknown and will be ignored: [examples]
    level: "warning"
    schema: {"loadingURI":"#","pointer":"/items/properties/cpf"}
    domain: "syntax"
    ignored: ["examples"]
warning: the following keywords are unknown and will be ignored: [examples]
    level: "warning"
    schema: {"loadingURI":"#","pointer":"/items/properties/email"}
    domain: "syntax"
    ignored: ["examples"]
warning: the following keywords are unknown and will be ignored: [examples]
    level: "warning"
    schema: {"loadingURI":"#","pointer":"/items/properties/id"}
    domain: "syntax"
    ignored: ["examples"]
warning: the following keywords are unknown and will be ignored: [examples]
    level: "warning"
    schema: {"loadingURI":"#","pointer":"/items/properties/nome"}
    domain: "syntax"
    ignored: ["examples"]
warning: the following keywords are unknown and will be ignored: [examples]
    level: "warning"
    schema: {"loadingURI":"#","pointer":"/items/properties/parcelas"}
    domain: "syntax"
    ignored: ["examples"]
warning: the following keywords are unknown and will be ignored: [examples]
    level: "warning"
    schema: {"loadingURI":"#","pointer":"/items/properties/seguro"}
    domain: "syntax"
    ignored: ["examples"]
warning: the following keywords are unknown and will be ignored: [examples]
    level: "warning"
    schema: {"loadingURI":"#","pointer":"/items/properties/valor"}
    domain: "syntax"
    ignored: ["examples"]
warning: the following keywords are unknown and will be ignored: [examples]
    level: "warning"
    schema: {"loadingURI":"#","pointer":"/items"}
    domain: "syntax"
    ignored: ["examples"]
warning: the following keywords are unknown and will be ignored: [examples]
    level: "warning"
    schema: {"loadingURI":"#","pointer":"/items/properties/cpf"}
    domain: "syntax"
    ignored: ["examples"]
warning: the following keywords are unknown and will be ignored: [examples]
    level: "warning"
    schema: {"loadingURI":"#","pointer":"/items/properties/email"}
    domain: "syntax"
    ignored: ["examples"]
warning: the following keywords are unknown and will be ignored: [examples]
    level: "warning"
    schema: {"loadingURI":"#","pointer":"/items/properties/id"}
    domain: "syntax"
    ignored: ["examples"]
warning: the following keywords are unknown and will be ignored: [examples]
    level: "warning"
    schema: {"loadingURI":"#","pointer":"/items/properties/nome"}
    domain: "syntax"
    ignored: ["examples"]
warning: the following keywords are unknown and will be ignored: [examples]
    level: "warning"
    schema: {"loadingURI":"#","pointer":"/items/properties/parcelas"}
    domain: "syntax"
    ignored: ["examples"]
warning: the following keywords are unknown and will be ignored: [examples]
    level: "warning"
    schema: {"loadingURI":"#","pointer":"/items/properties/seguro"}
    domain: "syntax"
    ignored: ["examples"]
warning: the following keywords are unknown and will be ignored: [examples]
    level: "warning"
    schema: {"loadingURI":"#","pointer":"/items/properties/valor"}
    domain: "syntax"
    ignored: ["examples"]
warning: the following keywords are unknown and will be ignored: [examples]
    level: "warning"
    schema: {"loadingURI":"#","pointer":"/items"}
    domain: "syntax"
    ignored: ["examples"]
warning: the following keywords are unknown and will be ignored: [examples]
    level: "warning"
    schema: {"loadingURI":"#","pointer":"/items/properties/cpf"}
    domain: "syntax"
    ignored: ["examples"]
warning: the following keywords are unknown and will be ignored: [examples]
    level: "warning"
    schema: {"loadingURI":"#","pointer":"/items/properties/email"}
    domain: "syntax"
    ignored: ["examples"]
warning: the following keywords are unknown and will be ignored: [examples]
    level: "warning"
    schema: {"loadingURI":"#","pointer":"/items/properties/id"}
    domain: "syntax"
    ignored: ["examples"]
warning: the following keywords are unknown and will be ignored: [examples]
    level: "warning"
    schema: {"loadingURI":"#","pointer":"/items/properties/nome"}
    domain: "syntax"
    ignored: ["examples"]
warning: the following keywords are unknown and will be ignored: [examples]
    level: "warning"
    schema: {"loadingURI":"#","pointer":"/items/properties/parcelas"}
    domain: "syntax"
    ignored: ["examples"]
warning: the following keywords are unknown and will be ignored: [examples]
    level: "warning"
    schema: {"loadingURI":"#","pointer":"/items/properties/seguro"}
    domain: "syntax"
    ignored: ["examples"]
warning: the following keywords are unknown and will be ignored: [examples]
    level: "warning"
    schema: {"loadingURI":"#","pointer":"/items/properties/valor"}
    domain: "syntax"
    ignored: ["examples"]
warning: the following keywords are unknown and will be ignored: [examples]
    level: "warning"
    schema: {"loadingURI":"#","pointer":"/items"}
    domain: "syntax"
    ignored: ["examples"]
warning: the following keywords are unknown and will be ignored: [examples]
    level: "warning"
    schema: {"loadingURI":"#","pointer":"/items/properties/cpf"}
    domain: "syntax"
    ignored: ["examples"]
warning: the following keywords are unknown and will be ignored: [examples]
    level: "warning"
    schema: {"loadingURI":"#","pointer":"/items/properties/email"}
    domain: "syntax"
    ignored: ["examples"]
warning: the following keywords are unknown and will be ignored: [examples]
    level: "warning"
    schema: {"loadingURI":"#","pointer":"/items/properties/id"}
    domain: "syntax"
    ignored: ["examples"]
warning: the following keywords are unknown and will be ignored: [examples]
    level: "warning"
    schema: {"loadingURI":"#","pointer":"/items/properties/nome"}
    domain: "syntax"
    ignored: ["examples"]
warning: the following keywords are unknown and will be ignored: [examples]
    level: "warning"
    schema: {"loadingURI":"#","pointer":"/items/properties/parcelas"}
    domain: "syntax"
    ignored: ["examples"]
warning: the following keywords are unknown and will be ignored: [examples]
    level: "warning"
    schema: {"loadingURI":"#","pointer":"/items/properties/seguro"}
    domain: "syntax"
    ignored: ["examples"]
warning: the following keywords are unknown and will be ignored: [examples]
    level: "warning"
    schema: {"loadingURI":"#","pointer":"/items/properties/valor"}
    domain: "syntax"
    ignored: ["examples"]
warning: the following keywords are unknown and will be ignored: [examples]
    level: "warning"
    schema: {"loadingURI":"#","pointer":"/items"}
    domain: "syntax"
    ignored: ["examples"]
warning: the following keywords are unknown and will be ignored: [examples]
    level: "warning"
    schema: {"loadingURI":"#","pointer":"/items/properties/cpf"}
    domain: "syntax"
    ignored: ["examples"]
warning: the following keywords are unknown and will be ignored: [examples]
    level: "warning"
    schema: {"loadingURI":"#","pointer":"/items/properties/email"}
    domain: "syntax"
    ignored: ["examples"]
warning: the following keywords are unknown and will be ignored: [examples]
    level: "warning"
    schema: {"loadingURI":"#","pointer":"/items/properties/id"}
    domain: "syntax"
    ignored: ["examples"]
warning: the following keywords are unknown and will be ignored: [examples]
    level: "warning"
    schema: {"loadingURI":"#","pointer":"/items/properties/nome"}
    domain: "syntax"
    ignored: ["examples"]
warning: the following keywords are unknown and will be ignored: [examples]
    level: "warning"
    schema: {"loadingURI":"#","pointer":"/items/properties/parcelas"}
    domain: "syntax"
    ignored: ["examples"]
warning: the following keywords are unknown and will be ignored: [examples]
    level: "warning"
    schema: {"loadingURI":"#","pointer":"/items/properties/seguro"}
    domain: "syntax"
    ignored: ["examples"]
warning: the following keywords are unknown and will be ignored: [examples]
    level: "warning"
    schema: {"loadingURI":"#","pointer":"/items/properties/valor"}
    domain: "syntax"
    ignored: ["examples"]
warning: the following keywords are unknown and will be ignored: [examples]
    level: "warning"
    schema: {"loadingURI":"#","pointer":"/items"}
    domain: "syntax"
    ignored: ["examples"]
warning: the following keywords are unknown and will be ignored: [examples]
    level: "warning"
    schema: {"loadingURI":"#","pointer":"/items/properties/cpf"}
    domain: "syntax"
    ignored: ["examples"]
warning: the following keywords are unknown and will be ignored: [examples]
    level: "warning"
    schema: {"loadingURI":"#","pointer":"/items/properties/email"}
    domain: "syntax"
    ignored: ["examples"]
warning: the following keywords are unknown and will be ignored: [examples]
    level: "warning"
    schema: {"loadingURI":"#","pointer":"/items/properties/id"}
    domain: "syntax"
    ignored: ["examples"]
warning: the following keywords are unknown and will be ignored: [examples]
    level: "warning"
    schema: {"loadingURI":"#","pointer":"/items/properties/nome"}
    domain: "syntax"
    ignored: ["examples"]
warning: the following keywords are unknown and will be ignored: [examples]
    level: "warning"
    schema: {"loadingURI":"#","pointer":"/items/properties/parcelas"}
    domain: "syntax"
    ignored: ["examples"]
warning: the following keywords are unknown and will be ignored: [examples]
    level: "warning"
    schema: {"loadingURI":"#","pointer":"/items/properties/seguro"}
    domain: "syntax"
    ignored: ["examples"]
warning: the following keywords are unknown and will be ignored: [examples]
    level: "warning"
    schema: {"loadingURI":"#","pointer":"/items/properties/valor"}
    domain: "syntax"
    ignored: ["examples"]
warning: the following keywords are unknown and will be ignored: [examples]
    level: "warning"
    schema: {"loadingURI":"#","pointer":"/items"}
    domain: "syntax"
    ignored: ["examples"]
warning: the following keywords are unknown and will be ignored: [examples]
    level: "warning"
    schema: {"loadingURI":"#","pointer":"/items/properties/cpf"}
    domain: "syntax"
    ignored: ["examples"]
warning: the following keywords are unknown and will be ignored: [examples]
    level: "warning"
    schema: {"loadingURI":"#","pointer":"/items/properties/email"}
    domain: "syntax"
    ignored: ["examples"]
warning: the following keywords are unknown and will be ignored: [examples]
    level: "warning"
    schema: {"loadingURI":"#","pointer":"/items/properties/id"}
    domain: "syntax"
    ignored: ["examples"]
warning: the following keywords are unknown and will be ignored: [examples]
    level: "warning"
    schema: {"loadingURI":"#","pointer":"/items/properties/nome"}
    domain: "syntax"
    ignored: ["examples"]
warning: the following keywords are unknown and will be ignored: [examples]
    level: "warning"
    schema: {"loadingURI":"#","pointer":"/items/properties/parcelas"}
    domain: "syntax"
    ignored: ["examples"]
warning: the following keywords are unknown and will be ignored: [examples]
    level: "warning"
    schema: {"loadingURI":"#","pointer":"/items/properties/seguro"}
    domain: "syntax"
    ignored: ["examples"]
warning: the following keywords are unknown and will be ignored: [examples]
    level: "warning"
    schema: {"loadingURI":"#","pointer":"/items/properties/valor"}
    domain: "syntax"
    ignored: ["examples"]
warning: the following keywords are unknown and will be ignored: [examples]
    level: "warning"
    schema: {"loadingURI":"#","pointer":"/items"}
    domain: "syntax"
    ignored: ["examples"]
warning: the following keywords are unknown and will be ignored: [examples]
    level: "warning"
    schema: {"loadingURI":"#","pointer":"/items/properties/cpf"}
    domain: "syntax"
    ignored: ["examples"]
warning: the following keywords are unknown and will be ignored: [examples]
    level: "warning"
    schema: {"loadingURI":"#","pointer":"/items/properties/email"}
    domain: "syntax"
    ignored: ["examples"]
warning: the following keywords are unknown and will be ignored: [examples]
    level: "warning"
    schema: {"loadingURI":"#","pointer":"/items/properties/id"}
    domain: "syntax"
    ignored: ["examples"]
warning: the following keywords are unknown and will be ignored: [examples]
    level: "warning"
    schema: {"loadingURI":"#","pointer":"/items/properties/nome"}
    domain: "syntax"
    ignored: ["examples"]
warning: the following keywords are unknown and will be ignored: [examples]
    level: "warning"
    schema: {"loadingURI":"#","pointer":"/items/properties/parcelas"}
    domain: "syntax"
    ignored: ["examples"]
warning: the following keywords are unknown and will be ignored: [examples]
    level: "warning"
    schema: {"loadingURI":"#","pointer":"/items/properties/seguro"}
    domain: "syntax"
    ignored: ["examples"]
warning: the following keywords are unknown and will be ignored: [examples]
    level: "warning"
    schema: {"loadingURI":"#","pointer":"/items/properties/valor"}
    domain: "syntax"
    ignored: ["examples"]
warning: the following keywords are unknown and will be ignored: [examples]
    level: "warning"
    schema: {"loadingURI":"#","pointer":"/items"}
    domain: "syntax"
    ignored: ["examples"]
warning: the following keywords are unknown and will be ignored: [examples]
    level: "warning"
    schema: {"loadingURI":"#","pointer":"/items/properties/cpf"}
    domain: "syntax"
    ignored: ["examples"]
warning: the following keywords are unknown and will be ignored: [examples]
    level: "warning"
    schema: {"loadingURI":"#","pointer":"/items/properties/email"}
    domain: "syntax"
    ignored: ["examples"]
warning: the following keywords are unknown and will be ignored: [examples]
    level: "warning"
    schema: {"loadingURI":"#","pointer":"/items/properties/id"}
    domain: "syntax"
    ignored: ["examples"]
warning: the following keywords are unknown and will be ignored: [examples]
    level: "warning"
    schema: {"loadingURI":"#","pointer":"/items/properties/nome"}
    domain: "syntax"
    ignored: ["examples"]
warning: the following keywords are unknown and will be ignored: [examples]
    level: "warning"
    schema: {"loadingURI":"#","pointer":"/items/properties/parcelas"}
    domain: "syntax"
    ignored: ["examples"]
warning: the following keywords are unknown and will be ignored: [examples]
    level: "warning"
    schema: {"loadingURI":"#","pointer":"/items/properties/seguro"}
    domain: "syntax"
    ignored: ["examples"]
warning: the following keywords are unknown and will be ignored: [examples]
    level: "warning"
    schema: {"loadingURI":"#","pointer":"/items/properties/valor"}
    domain: "syntax"
    ignored: ["examples"]
warning: the following keywords are unknown and will be ignored: [examples]
    level: "warning"
    schema: {"loadingURI":"#","pointer":"/items"}
    domain: "syntax"
    ignored: ["examples"]
warning: the following keywords are unknown and will be ignored: [examples]
    level: "warning"
    schema: {"loadingURI":"#","pointer":"/items/properties/cpf"}
    domain: "syntax"
    ignored: ["examples"]
warning: the following keywords are unknown and will be ignored: [examples]
    level: "warning"
    schema: {"loadingURI":"#","pointer":"/items/properties/email"}
    domain: "syntax"
    ignored: ["examples"]
warning: the following keywords are unknown and will be ignored: [examples]
    level: "warning"
    schema: {"loadingURI":"#","pointer":"/items/properties/id"}
    domain: "syntax"
    ignored: ["examples"]
warning: the following keywords are unknown and will be ignored: [examples]
    level: "warning"
    schema: {"loadingURI":"#","pointer":"/items/properties/nome"}
    domain: "syntax"
    ignored: ["examples"]
warning: the following keywords are unknown and will be ignored: [examples]
    level: "warning"
    schema: {"loadingURI":"#","pointer":"/items/properties/parcelas"}
    domain: "syntax"
    ignored: ["examples"]
warning: the following keywords are unknown and will be ignored: [examples]
    level: "warning"
    schema: {"loadingURI":"#","pointer":"/items/properties/seguro"}
    domain: "syntax"
    ignored: ["examples"]
warning: the following keywords are unknown and will be ignored: [examples]
    level: "warning"
    schema: {"loadingURI":"#","pointer":"/items/properties/valor"}
    domain: "syntax"
    ignored: ["examples"]
warning: the following keywords are unknown and will be ignored: [examples]
    level: "warning"
    schema: {"loadingURI":"#","pointer":"/items"}
    domain: "syntax"
    ignored: ["examples"]
warning: the following keywords are unknown and will be ignored: [examples]
    level: "warning"
    schema: {"loadingURI":"#","pointer":"/items/properties/cpf"}
    domain: "syntax"
    ignored: ["examples"]
warning: the following keywords are unknown and will be ignored: [examples]
    level: "warning"
    schema: {"loadingURI":"#","pointer":"/items/properties/email"}
    domain: "syntax"
    ignored: ["examples"]
warning: the following keywords are unknown and will be ignored: [examples]
    level: "warning"
    schema: {"loadingURI":"#","pointer":"/items/properties/id"}
    domain: "syntax"
    ignored: ["examples"]
warning: the following keywords are unknown and will be ignored: [examples]
    level: "warning"
    schema: {"loadingURI":"#","pointer":"/items/properties/nome"}
    domain: "syntax"
    ignored: ["examples"]
warning: the following keywords are unknown and will be ignored: [examples]
    level: "warning"
    schema: {"loadingURI":"#","pointer":"/items/properties/parcelas"}
    domain: "syntax"
    ignored: ["examples"]
warning: the following keywords are unknown and will be ignored: [examples]
    level: "warning"
    schema: {"loadingURI":"#","pointer":"/items/properties/seguro"}
    domain: "syntax"
    ignored: ["examples"]
warning: the following keywords are unknown and will be ignored: [examples]
    level: "warning"
    schema: {"loadingURI":"#","pointer":"/items/properties/valor"}
    domain: "syntax"
    ignored: ["examples"]
warning: the following keywords are unknown and will be ignored: [examples]
    level: "warning"
    schema: {"loadingURI":"#","pointer":"/items"}
    domain: "syntax"
    ignored: ["examples"]
warning: the following keywords are unknown and will be ignored: [examples]
    level: "warning"
    schema: {"loadingURI":"#","pointer":"/items/properties/cpf"}
    domain: "syntax"
    ignored: ["examples"]
warning: the following keywords are unknown and will be ignored: [examples]
    level: "warning"
    schema: {"loadingURI":"#","pointer":"/items/properties/email"}
    domain: "syntax"
    ignored: ["examples"]
warning: the following keywords are unknown and will be ignored: [examples]
    level: "warning"
    schema: {"loadingURI":"#","pointer":"/items/properties/id"}
    domain: "syntax"
    ignored: ["examples"]
warning: the following keywords are unknown and will be ignored: [examples]
    level: "warning"
    schema: {"loadingURI":"#","pointer":"/items/properties/nome"}
    domain: "syntax"
    ignored: ["examples"]
warning: the following keywords are unknown and will be ignored: [examples]
    level: "warning"
    schema: {"loadingURI":"#","pointer":"/items/properties/parcelas"}
    domain: "syntax"
    ignored: ["examples"]
warning: the following keywords are unknown and will be ignored: [examples]
    level: "warning"
    schema: {"loadingURI":"#","pointer":"/items/properties/seguro"}
    domain: "syntax"
    ignored: ["examples"]
warning: the following keywords are unknown and will be ignored: [examples]
    level: "warning"
    schema: {"loadingURI":"#","pointer":"/items/properties/valor"}
    domain: "syntax"
    ignored: ["examples"]
warning: the following keywords are unknown and will be ignored: [examples]
    level: "warning"
    schema: {"loadingURI":"#","pointer":"/items"}
    domain: "syntax"
    ignored: ["examples"]
warning: the following keywords are unknown and will be ignored: [examples]
    level: "warning"
    schema: {"loadingURI":"#","pointer":"/items/properties/cpf"}
    domain: "syntax"
    ignored: ["examples"]
warning: the following keywords are unknown and will be ignored: [examples]
    level: "warning"
    schema: {"loadingURI":"#","pointer":"/items/properties/email"}
    domain: "syntax"
    ignored: ["examples"]
warning: the following keywords are unknown and will be ignored: [examples]
    level: "warning"
    schema: {"loadingURI":"#","pointer":"/items/properties/id"}
    domain: "syntax"
    ignored: ["examples"]
warning: the following keywords are unknown and will be ignored: [examples]
    level: "warning"
    schema: {"loadingURI":"#","pointer":"/items/properties/nome"}
    domain: "syntax"
    ignored: ["examples"]
warning: the following keywords are unknown and will be ignored: [examples]
    level: "warning"
    schema: {"loadingURI":"#","pointer":"/items/properties/parcelas"}
    domain: "syntax"
    ignored: ["examples"]
warning: the following keywords are unknown and will be ignored: [examples]
    level: "warning"
    schema: {"loadingURI":"#","pointer":"/items/properties/seguro"}
    domain: "syntax"
    ignored: ["examples"]
warning: the following keywords are unknown and will be ignored: [examples]
    level: "warning"
    schema: {"loadingURI":"#","pointer":"/items/properties/valor"}
    domain: "syntax"
    ignored: ["examples"]
warning: the following keywords are unknown and will be ignored: [examples]
    level: "warning"
    schema: {"loadingURI":"#","pointer":"/items"}
    domain: "syntax"
    ignored: ["examples"]
warning: the following keywords are unknown and will be ignored: [examples]
    level: "warning"
    schema: {"loadingURI":"#","pointer":"/items/properties/cpf"}
    domain: "syntax"
    ignored: ["examples"]
warning: the following keywords are unknown and will be ignored: [examples]
    level: "warning"
    schema: {"loadingURI":"#","pointer":"/items/properties/email"}
    domain: "syntax"
    ignored: ["examples"]
warning: the following keywords are unknown and will be ignored: [examples]
    level: "warning"
    schema: {"loadingURI":"#","pointer":"/items/properties/id"}
    domain: "syntax"
    ignored: ["examples"]
warning: the following keywords are unknown and will be ignored: [examples]
    level: "warning"
    schema: {"loadingURI":"#","pointer":"/items/properties/nome"}
    domain: "syntax"
    ignored: ["examples"]
warning: the following keywords are unknown and will be ignored: [examples]
    level: "warning"
    schema: {"loadingURI":"#","pointer":"/items/properties/parcelas"}
    domain: "syntax"
    ignored: ["examples"]
warning: the following keywords are unknown and will be ignored: [examples]
    level: "warning"
    schema: {"loadingURI":"#","pointer":"/items/properties/seguro"}
    domain: "syntax"
    ignored: ["examples"]
warning: the following keywords are unknown and will be ignored: [examples]
    level: "warning"
    schema: {"loadingURI":"#","pointer":"/items/properties/valor"}
    domain: "syntax"
    ignored: ["examples"]
warning: the following keywords are unknown and will be ignored: [examples]
    level: "warning"
    schema: {"loadingURI":"#","pointer":"/items"}
    domain: "syntax"
    ignored: ["examples"]
warning: the following keywords are unknown and will be ignored: [examples]
    level: "warning"
    schema: {"loadingURI":"#","pointer":"/items/properties/cpf"}
    domain: "syntax"
    ignored: ["examples"]
warning: the following keywords are unknown and will be ignored: [examples]
    level: "warning"
    schema: {"loadingURI":"#","pointer":"/items/properties/email"}
    domain: "syntax"
    ignored: ["examples"]
warning: the following keywords are unknown and will be ignored: [examples]
    level: "warning"
    schema: {"loadingURI":"#","pointer":"/items/properties/id"}
    domain: "syntax"
    ignored: ["examples"]
warning: the following keywords are unknown and will be ignored: [examples]
    level: "warning"
    schema: {"loadingURI":"#","pointer":"/items/properties/nome"}
    domain: "syntax"
    ignored: ["examples"]
warning: the following keywords are unknown and will be ignored: [examples]
    level: "warning"
    schema: {"loadingURI":"#","pointer":"/items/properties/parcelas"}
    domain: "syntax"
    ignored: ["examples"]
warning: the following keywords are unknown and will be ignored: [examples]
    level: "warning"
    schema: {"loadingURI":"#","pointer":"/items/properties/seguro"}
    domain: "syntax"
    ignored: ["examples"]
warning: the following keywords are unknown and will be ignored: [examples]
    level: "warning"
    schema: {"loadingURI":"#","pointer":"/items/properties/valor"}
    domain: "syntax"
    ignored: ["examples"]
warning: the following keywords are unknown and will be ignored: [examples]
    level: "warning"
    schema: {"loadingURI":"#","pointer":"/items"}
    domain: "syntax"
    ignored: ["examples"]
warning: the following keywords are unknown and will be ignored: [examples]
    level: "warning"
    schema: {"loadingURI":"#","pointer":"/items/properties/cpf"}
    domain: "syntax"
    ignored: ["examples"]
warning: the following keywords are unknown and will be ignored: [examples]
    level: "warning"
    schema: {"loadingURI":"#","pointer":"/items/properties/email"}
    domain: "syntax"
    ignored: ["examples"]
warning: the following keywords are unknown and will be ignored: [examples]
    level: "warning"
    schema: {"loadingURI":"#","pointer":"/items/properties/id"}
    domain: "syntax"
    ignored: ["examples"]
warning: the following keywords are unknown and will be ignored: [examples]
    level: "warning"
    schema: {"loadingURI":"#","pointer":"/items/properties/nome"}
    domain: "syntax"
    ignored: ["examples"]
warning: the following keywords are unknown and will be ignored: [examples]
    level: "warning"
    schema: {"loadingURI":"#","pointer":"/items/properties/parcelas"}
    domain: "syntax"
    ignored: ["examples"]
warning: the following keywords are unknown and will be ignored: [examples]
    level: "warning"
    schema: {"loadingURI":"#","pointer":"/items/properties/seguro"}
    domain: "syntax"
    ignored: ["examples"]
warning: the following keywords are unknown and will be ignored: [examples]
    level: "warning"
    schema: {"loadingURI":"#","pointer":"/items/properties/valor"}
    domain: "syntax"
    ignored: ["examples"]
warning: the following keywords are unknown and will be ignored: [examples]
    level: "warning"
    schema: {"loadingURI":"#","pointer":"/items"}
    domain: "syntax"
    ignored: ["examples"]
warning: the following keywords are unknown and will be ignored: [examples]
    level: "warning"
    schema: {"loadingURI":"#","pointer":"/items/properties/cpf"}
    domain: "syntax"
    ignored: ["examples"]
warning: the following keywords are unknown and will be ignored: [examples]
    level: "warning"
    schema: {"loadingURI":"#","pointer":"/items/properties/email"}
    domain: "syntax"
    ignored: ["examples"]
warning: the following keywords are unknown and will be ignored: [examples]
    level: "warning"
    schema: {"loadingURI":"#","pointer":"/items/properties/id"}
    domain: "syntax"
    ignored: ["examples"]
warning: the following keywords are unknown and will be ignored: [examples]
    level: "warning"
    schema: {"loadingURI":"#","pointer":"/items/properties/nome"}
    domain: "syntax"
    ignored: ["examples"]
warning: the following keywords are unknown and will be ignored: [examples]
    level: "warning"
    schema: {"loadingURI":"#","pointer":"/items/properties/parcelas"}
    domain: "syntax"
    ignored: ["examples"]
warning: the following keywords are unknown and will be ignored: [examples]
    level: "warning"
    schema: {"loadingURI":"#","pointer":"/items/properties/seguro"}
    domain: "syntax"
    ignored: ["examples"]
warning: the following keywords are unknown and will be ignored: [examples]
    level: "warning"
    schema: {"loadingURI":"#","pointer":"/items/properties/valor"}
    domain: "syntax"
    ignored: ["examples"]
warning: the following keywords are unknown and will be ignored: [examples]
    level: "warning"
    schema: {"loadingURI":"#","pointer":"/items"}
    domain: "syntax"
    ignored: ["examples"]
warning: the following keywords are unknown and will be ignored: [examples]
    level: "warning"
    schema: {"loadingURI":"#","pointer":"/items/properties/cpf"}
    domain: "syntax"
    ignored: ["examples"]
warning: the following keywords are unknown and will be ignored: [examples]
    level: "warning"
    schema: {"loadingURI":"#","pointer":"/items/properties/email"}
    domain: "syntax"
    ignored: ["examples"]
warning: the following keywords are unknown and will be ignored: [examples]
    level: "warning"
    schema: {"loadingURI":"#","pointer":"/items/properties/id"}
    domain: "syntax"
    ignored: ["examples"]
warning: the following keywords are unknown and will be ignored: [examples]
    level: "warning"
    schema: {"loadingURI":"#","pointer":"/items/properties/nome"}
    domain: "syntax"
    ignored: ["examples"]
warning: the following keywords are unknown and will be ignored: [examples]
    level: "warning"
    schema: {"loadingURI":"#","pointer":"/items/properties/parcelas"}
    domain: "syntax"
    ignored: ["examples"]
warning: the following keywords are unknown and will be ignored: [examples]
    level: "warning"
    schema: {"loadingURI":"#","pointer":"/items/properties/seguro"}
    domain: "syntax"
    ignored: ["examples"]
warning: the following keywords are unknown and will be ignored: [examples]
    level: "warning"
    schema: {"loadingURI":"#","pointer":"/items/properties/valor"}
    domain: "syntax"
    ignored: ["examples"]
warning: the following keywords are unknown and will be ignored: [examples]
    level: "warning"
    schema: {"loadingURI":"#","pointer":"/items"}
    domain: "syntax"
    ignored: ["examples"]
warning: the following keywords are unknown and will be ignored: [examples]
    level: "warning"
    schema: {"loadingURI":"#","pointer":"/items/properties/cpf"}
    domain: "syntax"
    ignored: ["examples"]
warning: the following keywords are unknown and will be ignored: [examples]
    level: "warning"
    schema: {"loadingURI":"#","pointer":"/items/properties/email"}
    domain: "syntax"
    ignored: ["examples"]
warning: the following keywords are unknown and will be ignored: [examples]
    level: "warning"
    schema: {"loadingURI":"#","pointer":"/items/properties/id"}
    domain: "syntax"
    ignored: ["examples"]
warning: the following keywords are unknown and will be ignored: [examples]
    level: "warning"
    schema: {"loadingURI":"#","pointer":"/items/properties/nome"}
    domain: "syntax"
    ignored: ["examples"]
warning: the following keywords are unknown and will be ignored: [examples]
    level: "warning"
    schema: {"loadingURI":"#","pointer":"/items/properties/parcelas"}
    domain: "syntax"
    ignored: ["examples"]
warning: the following keywords are unknown and will be ignored: [examples]
    level: "warning"
    schema: {"loadingURI":"#","pointer":"/items/properties/seguro"}
    domain: "syntax"
    ignored: ["examples"]
warning: the following keywords are unknown and will be ignored: [examples]
    level: "warning"
    schema: {"loadingURI":"#","pointer":"/items/properties/valor"}
    domain: "syntax"
    ignored: ["examples"]
warning: the following keywords are unknown and will be ignored: [examples]
    level: "warning"
    schema: {"loadingURI":"#","pointer":"/items"}
    domain: "syntax"
    ignored: ["examples"]
warning: the following keywords are unknown and will be ignored: [examples]
    level: "warning"
    schema: {"loadingURI":"#","pointer":"/items/properties/cpf"}
    domain: "syntax"
    ignored: ["examples"]
warning: the following keywords are unknown and will be ignored: [examples]
    level: "warning"
    schema: {"loadingURI":"#","pointer":"/items/properties/email"}
    domain: "syntax"
    ignored: ["examples"]
warning: the following keywords are unknown and will be ignored: [examples]
    level: "warning"
    schema: {"loadingURI":"#","pointer":"/items/properties/id"}
    domain: "syntax"
    ignored: ["examples"]
warning: the following keywords are unknown and will be ignored: [examples]
    level: "warning"
    schema: {"loadingURI":"#","pointer":"/items/properties/nome"}
    domain: "syntax"
    ignored: ["examples"]
warning: the following keywords are unknown and will be ignored: [examples]
    level: "warning"
    schema: {"loadingURI":"#","pointer":"/items/properties/parcelas"}
    domain: "syntax"
    ignored: ["examples"]
warning: the following keywords are unknown and will be ignored: [examples]
    level: "warning"
    schema: {"loadingURI":"#","pointer":"/items/properties/seguro"}
    domain: "syntax"
    ignored: ["examples"]
warning: the following keywords are unknown and will be ignored: [examples]
    level: "warning"
    schema: {"loadingURI":"#","pointer":"/items/properties/valor"}
    domain: "syntax"
    ignored: ["examples"]
warning: the following keywords are unknown and will be ignored: [examples]
    level: "warning"
    schema: {"loadingURI":"#","pointer":"/items"}
    domain: "syntax"
    ignored: ["examples"]
warning: the following keywords are unknown and will be ignored: [examples]
    level: "warning"
    schema: {"loadingURI":"#","pointer":"/items/properties/cpf"}
    domain: "syntax"
    ignored: ["examples"]
warning: the following keywords are unknown and will be ignored: [examples]
    level: "warning"
    schema: {"loadingURI":"#","pointer":"/items/properties/email"}
    domain: "syntax"
    ignored: ["examples"]
warning: the following keywords are unknown and will be ignored: [examples]
    level: "warning"
    schema: {"loadingURI":"#","pointer":"/items/properties/id"}
    domain: "syntax"
    ignored: ["examples"]
warning: the following keywords are unknown and will be ignored: [examples]
    level: "warning"
    schema: {"loadingURI":"#","pointer":"/items/properties/nome"}
    domain: "syntax"
    ignored: ["examples"]
warning: the following keywords are unknown and will be ignored: [examples]
    level: "warning"
    schema: {"loadingURI":"#","pointer":"/items/properties/parcelas"}
    domain: "syntax"
    ignored: ["examples"]
warning: the following keywords are unknown and will be ignored: [examples]
    level: "warning"
    schema: {"loadingURI":"#","pointer":"/items/properties/seguro"}
    domain: "syntax"
    ignored: ["examples"]
warning: the following keywords are unknown and will be ignored: [examples]
    level: "warning"
    schema: {"loadingURI":"#","pointer":"/items/properties/valor"}
    domain: "syntax"
    ignored: ["examples"]
warning: the following keywords are unknown and will be ignored: [examples]
    level: "warning"
    schema: {"loadingURI":"#","pointer":"/items"}
    domain: "syntax"
    ignored: ["examples"]
warning: the following keywords are unknown and will be ignored: [examples]
    level: "warning"
    schema: {"loadingURI":"#","pointer":"/items/properties/cpf"}
    domain: "syntax"
    ignored: ["examples"]
warning: the following keywords are unknown and will be ignored: [examples]
    level: "warning"
    schema: {"loadingURI":"#","pointer":"/items/properties/email"}
    domain: "syntax"
    ignored: ["examples"]
warning: the following keywords are unknown and will be ignored: [examples]
    level: "warning"
    schema: {"loadingURI":"#","pointer":"/items/properties/id"}
    domain: "syntax"
    ignored: ["examples"]
warning: the following keywords are unknown and will be ignored: [examples]
    level: "warning"
    schema: {"loadingURI":"#","pointer":"/items/properties/nome"}
    domain: "syntax"
    ignored: ["examples"]
warning: the following keywords are unknown and will be ignored: [examples]
    level: "warning"
    schema: {"loadingURI":"#","pointer":"/items/properties/parcelas"}
    domain: "syntax"
    ignored: ["examples"]
warning: the following keywords are unknown and will be ignored: [examples]
    level: "warning"
    schema: {"loadingURI":"#","pointer":"/items/properties/seguro"}
    domain: "syntax"
    ignored: ["examples"]
warning: the following keywords are unknown and will be ignored: [examples]
    level: "warning"
    schema: {"loadingURI":"#","pointer":"/items/properties/valor"}
    domain: "syntax"
    ignored: ["examples"]
warning: the following keywords are unknown and will be ignored: [examples]
    level: "warning"
    schema: {"loadingURI":"#","pointer":"/items"}
    domain: "syntax"
    ignored: ["examples"]
warning: the following keywords are unknown and will be ignored: [examples]
    level: "warning"
    schema: {"loadingURI":"#","pointer":"/items/properties/cpf"}
    domain: "syntax"
    ignored: ["examples"]
warning: the following keywords are unknown and will be ignored: [examples]
    level: "warning"
    schema: {"loadingURI":"#","pointer":"/items/properties/email"}
    domain: "syntax"
    ignored: ["examples"]
warning: the following keywords are unknown and will be ignored: [examples]
    level: "warning"
    schema: {"loadingURI":"#","pointer":"/items/properties/id"}
    domain: "syntax"
    ignored: ["examples"]
warning: the following keywords are unknown and will be ignored: [examples]
    level: "warning"
    schema: {"loadingURI":"#","pointer":"/items/properties/nome"}
    domain: "syntax"
    ignored: ["examples"]
warning: the following keywords are unknown and will be ignored: [examples]
    level: "warning"
    schema: {"loadingURI":"#","pointer":"/items/properties/parcelas"}
    domain: "syntax"
    ignored: ["examples"]
warning: the following keywords are unknown and will be ignored: [examples]
    level: "warning"
    schema: {"loadingURI":"#","pointer":"/items/properties/seguro"}
    domain: "syntax"
    ignored: ["examples"]
warning: the following keywords are unknown and will be ignored: [examples]
    level: "warning"
    schema: {"loadingURI":"#","pointer":"/items/properties/valor"}
    domain: "syntax"
    ignored: ["examples"]
warning: the following keywords are unknown and will be ignored: [examples]
    level: "warning"
    schema: {"loadingURI":"#","pointer":"/items"}
    domain: "syntax"
    ignored: ["examples"]
warning: the following keywords are unknown and will be ignored: [examples]
    level: "warning"
    schema: {"loadingURI":"#","pointer":"/items/properties/cpf"}
    domain: "syntax"
    ignored: ["examples"]
warning: the following keywords are unknown and will be ignored: [examples]
    level: "warning"
    schema: {"loadingURI":"#","pointer":"/items/properties/email"}
    domain: "syntax"
    ignored: ["examples"]
warning: the following keywords are unknown and will be ignored: [examples]
    level: "warning"
    schema: {"loadingURI":"#","pointer":"/items/properties/id"}
    domain: "syntax"
    ignored: ["examples"]
warning: the following keywords are unknown and will be ignored: [examples]
    level: "warning"
    schema: {"loadingURI":"#","pointer":"/items/properties/nome"}
    domain: "syntax"
    ignored: ["examples"]
warning: the following keywords are unknown and will be ignored: [examples]
    level: "warning"
    schema: {"loadingURI":"#","pointer":"/items/properties/parcelas"}
    domain: "syntax"
    ignored: ["examples"]
warning: the following keywords are unknown and will be ignored: [examples]
    level: "warning"
    schema: {"loadingURI":"#","pointer":"/items/properties/seguro"}
    domain: "syntax"
    ignored: ["examples"]
warning: the following keywords are unknown and will be ignored: [examples]
    level: "warning"
    schema: {"loadingURI":"#","pointer":"/items/properties/valor"}
    domain: "syntax"
    ignored: ["examples"]
warning: the following keywords are unknown and will be ignored: [examples]
    level: "warning"
    schema: {"loadingURI":"#","pointer":"/items"}
    domain: "syntax"
    ignored: ["examples"]
warning: the following keywords are unknown and will be ignored: [examples]
    level: "warning"
    schema: {"loadingURI":"#","pointer":"/items/properties/cpf"}
    domain: "syntax"
    ignored: ["examples"]
warning: the following keywords are unknown and will be ignored: [examples]
    level: "warning"
    schema: {"loadingURI":"#","pointer":"/items/properties/email"}
    domain: "syntax"
    ignored: ["examples"]
warning: the following keywords are unknown and will be ignored: [examples]
    level: "warning"
    schema: {"loadingURI":"#","pointer":"/items/properties/id"}
    domain: "syntax"
    ignored: ["examples"]
warning: the following keywords are unknown and will be ignored: [examples]
    level: "warning"
    schema: {"loadingURI":"#","pointer":"/items/properties/nome"}
    domain: "syntax"
    ignored: ["examples"]
warning: the following keywords are unknown and will be ignored: [examples]
    level: "warning"
    schema: {"loadingURI":"#","pointer":"/items/properties/parcelas"}
    domain: "syntax"
    ignored: ["examples"]
warning: the following keywords are unknown and will be ignored: [examples]
    level: "warning"
    schema: {"loadingURI":"#","pointer":"/items/properties/seguro"}
    domain: "syntax"
    ignored: ["examples"]
warning: the following keywords are unknown and will be ignored: [examples]
    level: "warning"
    schema: {"loadingURI":"#","pointer":"/items/properties/valor"}
    domain: "syntax"
    ignored: ["examples"]
warning: the following keywords are unknown and will be ignored: [examples]
    level: "warning"
    schema: {"loadingURI":"#","pointer":"/items"}
    domain: "syntax"
    ignored: ["examples"]
warning: the following keywords are unknown and will be ignored: [examples]
    level: "warning"
    schema: {"loadingURI":"#","pointer":"/items/properties/cpf"}
    domain: "syntax"
    ignored: ["examples"]
warning: the following keywords are unknown and will be ignored: [examples]
    level: "warning"
    schema: {"loadingURI":"#","pointer":"/items/properties/email"}
    domain: "syntax"
    ignored: ["examples"]
warning: the following keywords are unknown and will be ignored: [examples]
    level: "warning"
    schema: {"loadingURI":"#","pointer":"/items/properties/id"}
    domain: "syntax"
    ignored: ["examples"]
warning: the following keywords are unknown and will be ignored: [examples]
    level: "warning"
    schema: {"loadingURI":"#","pointer":"/items/properties/nome"}
    domain: "syntax"
    ignored: ["examples"]
warning: the following keywords are unknown and will be ignored: [examples]
    level: "warning"
    schema: {"loadingURI":"#","pointer":"/items/properties/parcelas"}
    domain: "syntax"
    ignored: ["examples"]
warning: the following keywords are unknown and will be ignored: [examples]
    level: "warning"
    schema: {"loadingURI":"#","pointer":"/items/properties/seguro"}
    domain: "syntax"
    ignored: ["examples"]
warning: the following keywords are unknown and will be ignored: [examples]
    level: "warning"
    schema: {"loadingURI":"#","pointer":"/items/properties/valor"}
    domain: "syntax"
    ignored: ["examples"]
warning: the following keywords are unknown and will be ignored: [examples]
    level: "warning"
    schema: {"loadingURI":"#","pointer":"/items"}
    domain: "syntax"
    ignored: ["examples"]
warning: the following keywords are unknown and will be ignored: [examples]
    level: "warning"
    schema: {"loadingURI":"#","pointer":"/items/properties/cpf"}
    domain: "syntax"
    ignored: ["examples"]
warning: the following keywords are unknown and will be ignored: [examples]
    level: "warning"
    schema: {"loadingURI":"#","pointer":"/items/properties/email"}
    domain: "syntax"
    ignored: ["examples"]
warning: the following keywords are unknown and will be ignored: [examples]
    level: "warning"
    schema: {"loadingURI":"#","pointer":"/items/properties/id"}
    domain: "syntax"
    ignored: ["examples"]
warning: the following keywords are unknown and will be ignored: [examples]
    level: "warning"
    schema: {"loadingURI":"#","pointer":"/items/properties/nome"}
    domain: "syntax"
    ignored: ["examples"]
warning: the following keywords are unknown and will be ignored: [examples]
    level: "warning"
    schema: {"loadingURI":"#","pointer":"/items/properties/parcelas"}
    domain: "syntax"
    ignored: ["examples"]
warning: the following keywords are unknown and will be ignored: [examples]
    level: "warning"
    schema: {"loadingURI":"#","pointer":"/items/properties/seguro"}
    domain: "syntax"
    ignored: ["examples"]
warning: the following keywords are unknown and will be ignored: [examples]
    level: "warning"
    schema: {"loadingURI":"#","pointer":"/items/properties/valor"}
    domain: "syntax"
    ignored: ["examples"]
warning: the following keywords are unknown and will be ignored: [examples]
    level: "warning"
    schema: {"loadingURI":"#","pointer":"/items"}
    domain: "syntax"
    ignored: ["examples"]
warning: the following keywords are unknown and will be ignored: [examples]
    level: "warning"
    schema: {"loadingURI":"#","pointer":"/items/properties/cpf"}
    domain: "syntax"
    ignored: ["examples"]
warning: the following keywords are unknown and will be ignored: [examples]
    level: "warning"
    schema: {"loadingURI":"#","pointer":"/items/properties/email"}
    domain: "syntax"
    ignored: ["examples"]
warning: the following keywords are unknown and will be ignored: [examples]
    level: "warning"
    schema: {"loadingURI":"#","pointer":"/items/properties/id"}
    domain: "syntax"
    ignored: ["examples"]
warning: the following keywords are unknown and will be ignored: [examples]
    level: "warning"
    schema: {"loadingURI":"#","pointer":"/items/properties/nome"}
    domain: "syntax"
    ignored: ["examples"]
warning: the following keywords are unknown and will be ignored: [examples]
    level: "warning"
    schema: {"loadingURI":"#","pointer":"/items/properties/parcelas"}
    domain: "syntax"
    ignored: ["examples"]
warning: the following keywords are unknown and will be ignored: [examples]
    level: "warning"
    schema: {"loadingURI":"#","pointer":"/items/properties/seguro"}
    domain: "syntax"
    ignored: ["examples"]
warning: the following keywords are unknown and will be ignored: [examples]
    level: "warning"
    schema: {"loadingURI":"#","pointer":"/items/properties/valor"}
    domain: "syntax"
    ignored: ["examples"]
warning: the following keywords are unknown and will be ignored: [examples]
    level: "warning"
    schema: {"loadingURI":"#","pointer":"/items"}
    domain: "syntax"
    ignored: ["examples"]
warning: the following keywords are unknown and will be ignored: [examples]
    level: "warning"
    schema: {"loadingURI":"#","pointer":"/items/properties/cpf"}
    domain: "syntax"
    ignored: ["examples"]
warning: the following keywords are unknown and will be ignored: [examples]
    level: "warning"
    schema: {"loadingURI":"#","pointer":"/items/properties/email"}
    domain: "syntax"
    ignored: ["examples"]
warning: the following keywords are unknown and will be ignored: [examples]
    level: "warning"
    schema: {"loadingURI":"#","pointer":"/items/properties/id"}
    domain: "syntax"
    ignored: ["examples"]
warning: the following keywords are unknown and will be ignored: [examples]
    level: "warning"
    schema: {"loadingURI":"#","pointer":"/items/properties/nome"}
    domain: "syntax"
    ignored: ["examples"]
warning: the following keywords are unknown and will be ignored: [examples]
    level: "warning"
    schema: {"loadingURI":"#","pointer":"/items/properties/parcelas"}
    domain: "syntax"
    ignored: ["examples"]
warning: the following keywords are unknown and will be ignored: [examples]
    level: "warning"
    schema: {"loadingURI":"#","pointer":"/items/properties/seguro"}
    domain: "syntax"
    ignored: ["examples"]
warning: the following keywords are unknown and will be ignored: [examples]
    level: "warning"
    schema: {"loadingURI":"#","pointer":"/items/properties/valor"}
    domain: "syntax"
    ignored: ["examples"]
warning: the following keywords are unknown and will be ignored: [examples]
    level: "warning"
    schema: {"loadingURI":"#","pointer":"/items"}
    domain: "syntax"
    ignored: ["examples"]
warning: the following keywords are unknown and will be ignored: [examples]
    level: "warning"
    schema: {"loadingURI":"#","pointer":"/items/properties/cpf"}
    domain: "syntax"
    ignored: ["examples"]
warning: the following keywords are unknown and will be ignored: [examples]
    level: "warning"
    schema: {"loadingURI":"#","pointer":"/items/properties/email"}
    domain: "syntax"
    ignored: ["examples"]
warning: the following keywords are unknown and will be ignored: [examples]
    level: "warning"
    schema: {"loadingURI":"#","pointer":"/items/properties/id"}
    domain: "syntax"
    ignored: ["examples"]
warning: the following keywords are unknown and will be ignored: [examples]
    level: "warning"
    schema: {"loadingURI":"#","pointer":"/items/properties/nome"}
    domain: "syntax"
    ignored: ["examples"]
warning: the following keywords are unknown and will be ignored: [examples]
    level: "warning"
    schema: {"loadingURI":"#","pointer":"/items/properties/parcelas"}
    domain: "syntax"
    ignored: ["examples"]
warning: the following keywords are unknown and will be ignored: [examples]
    level: "warning"
    schema: {"loadingURI":"#","pointer":"/items/properties/seguro"}
    domain: "syntax"
    ignored: ["examples"]
warning: the following keywords are unknown and will be ignored: [examples]
    level: "warning"
    schema: {"loadingURI":"#","pointer":"/items/properties/valor"}
    domain: "syntax"
    ignored: ["examples"]
warning: the following keywords are unknown and will be ignored: [examples]
    level: "warning"
    schema: {"loadingURI":"#","pointer":"/items"}
    domain: "syntax"
    ignored: ["examples"]
warning: the following keywords are unknown and will be ignored: [examples]
    level: "warning"
    schema: {"loadingURI":"#","pointer":"/items/properties/cpf"}
    domain: "syntax"
    ignored: ["examples"]
warning: the following keywords are unknown and will be ignored: [examples]
    level: "warning"
    schema: {"loadingURI":"#","pointer":"/items/properties/email"}
    domain: "syntax"
    ignored: ["examples"]
warning: the following keywords are unknown and will be ignored: [examples]
    level: "warning"
    schema: {"loadingURI":"#","pointer":"/items/properties/id"}
    domain: "syntax"
    ignored: ["examples"]
warning: the following keywords are unknown and will be ignored: [examples]
    level: "warning"
    schema: {"loadingURI":"#","pointer":"/items/properties/nome"}
    domain: "syntax"
    ignored: ["examples"]
warning: the following keywords are unknown and will be ignored: [examples]
    level: "warning"
    schema: {"loadingURI":"#","pointer":"/items/properties/parcelas"}
    domain: "syntax"
    ignored: ["examples"]
warning: the following keywords are unknown and will be ignored: [examples]
    level: "warning"
    schema: {"loadingURI":"#","pointer":"/items/properties/seguro"}
    domain: "syntax"
    ignored: ["examples"]
warning: the following keywords are unknown and will be ignored: [examples]
    level: "warning"
    schema: {"loadingURI":"#","pointer":"/items/properties/valor"}
    domain: "syntax"
    ignored: ["examples"]
warning: the following keywords are unknown and will be ignored: [examples]
    level: "warning"
    schema: {"loadingURI":"#","pointer":"/items"}
    domain: "syntax"
    ignored: ["examples"]
warning: the following keywords are unknown and will be ignored: [examples]
    level: "warning"
    schema: {"loadingURI":"#","pointer":"/items/properties/cpf"}
    domain: "syntax"
    ignored: ["examples"]
warning: the following keywords are unknown and will be ignored: [examples]
    level: "warning"
    schema: {"loadingURI":"#","pointer":"/items/properties/email"}
    domain: "syntax"
    ignored: ["examples"]
warning: the following keywords are unknown and will be ignored: [examples]
    level: "warning"
    schema: {"loadingURI":"#","pointer":"/items/properties/id"}
    domain: "syntax"
    ignored: ["examples"]
warning: the following keywords are unknown and will be ignored: [examples]
    level: "warning"
    schema: {"loadingURI":"#","pointer":"/items/properties/nome"}
    domain: "syntax"
    ignored: ["examples"]
warning: the following keywords are unknown and will be ignored: [examples]
    level: "warning"
    schema: {"loadingURI":"#","pointer":"/items/properties/parcelas"}
    domain: "syntax"
    ignored: ["examples"]
warning: the following keywords are unknown and will be ignored: [examples]
    level: "warning"
    schema: {"loadingURI":"#","pointer":"/items/properties/seguro"}
    domain: "syntax"
    ignored: ["examples"]
warning: the following keywords are unknown and will be ignored: [examples]
    level: "warning"
    schema: {"loadingURI":"#","pointer":"/items/properties/valor"}
    domain: "syntax"
    ignored: ["examples"]
warning: the following keywords are unknown and will be ignored: [examples]
    level: "warning"
    schema: {"loadingURI":"#","pointer":"/items"}
    domain: "syntax"
    ignored: ["examples"]
warning: the following keywords are unknown and will be ignored: [examples]
    level: "warning"
    schema: {"loadingURI":"#","pointer":"/items/properties/cpf"}
    domain: "syntax"
    ignored: ["examples"]
warning: the following keywords are unknown and will be ignored: [examples]
    level: "warning"
    schema: {"loadingURI":"#","pointer":"/items/properties/email"}
    domain: "syntax"
    ignored: ["examples"]
warning: the following keywords are unknown and will be ignored: [examples]
    level: "warning"
    schema: {"loadingURI":"#","pointer":"/items/properties/id"}
    domain: "syntax"
    ignored: ["examples"]
warning: the following keywords are unknown and will be ignored: [examples]
    level: "warning"
    schema: {"loadingURI":"#","pointer":"/items/properties/nome"}
    domain: "syntax"
    ignored: ["examples"]
warning: the following keywords are unknown and will be ignored: [examples]
    level: "warning"
    schema: {"loadingURI":"#","pointer":"/items/properties/parcelas"}
    domain: "syntax"
    ignored: ["examples"]
warning: the following keywords are unknown and will be ignored: [examples]
    level: "warning"
    schema: {"loadingURI":"#","pointer":"/items/properties/seguro"}
    domain: "syntax"
    ignored: ["examples"]
warning: the following keywords are unknown and will be ignored: [examples]
    level: "warning"
    schema: {"loadingURI":"#","pointer":"/items/properties/valor"}
    domain: "syntax"
    ignored: ["examples"]
warning: the following keywords are unknown and will be ignored: [examples]
    level: "warning"
    schema: {"loadingURI":"#","pointer":"/items"}
    domain: "syntax"
    ignored: ["examples"]
warning: the following keywords are unknown and will be ignored: [examples]
    level: "warning"
    schema: {"loadingURI":"#","pointer":"/items/properties/cpf"}
    domain: "syntax"
    ignored: ["examples"]
warning: the following keywords are unknown and will be ignored: [examples]
    level: "warning"
    schema: {"loadingURI":"#","pointer":"/items/properties/email"}
    domain: "syntax"
    ignored: ["examples"]
warning: the following keywords are unknown and will be ignored: [examples]
    level: "warning"
    schema: {"loadingURI":"#","pointer":"/items/properties/id"}
    domain: "syntax"
    ignored: ["examples"]
warning: the following keywords are unknown and will be ignored: [examples]
    level: "warning"
    schema: {"loadingURI":"#","pointer":"/items/properties/nome"}
    domain: "syntax"
    ignored: ["examples"]
warning: the following keywords are unknown and will be ignored: [examples]
    level: "warning"
    schema: {"loadingURI":"#","pointer":"/items/properties/parcelas"}
    domain: "syntax"
    ignored: ["examples"]
warning: the following keywords are unknown and will be ignored: [examples]
    level: "warning"
    schema: {"loadingURI":"#","pointer":"/items/properties/seguro"}
    domain: "syntax"
    ignored: ["examples"]
warning: the following keywords are unknown and will be ignored: [examples]
    level: "warning"
    schema: {"loadingURI":"#","pointer":"/items/properties/valor"}
    domain: "syntax"
    ignored: ["examples"]
warning: the following keywords are unknown and will be ignored: [examples]
    level: "warning"
    schema: {"loadingURI":"#","pointer":"/items"}
    domain: "syntax"
    ignored: ["examples"]
warning: the following keywords are unknown and will be ignored: [examples]
    level: "warning"
    schema: {"loadingURI":"#","pointer":"/items/properties/cpf"}
    domain: "syntax"
    ignored: ["examples"]
warning: the following keywords are unknown and will be ignored: [examples]
    level: "warning"
    schema: {"loadingURI":"#","pointer":"/items/properties/email"}
    domain: "syntax"
    ignored: ["examples"]
warning: the following keywords are unknown and will be ignored: [examples]
    level: "warning"
    schema: {"loadingURI":"#","pointer":"/items/properties/id"}
    domain: "syntax"
    ignored: ["examples"]
warning: the following keywords are unknown and will be ignored: [examples]
    level: "warning"
    schema: {"loadingURI":"#","pointer":"/items/properties/nome"}
    domain: "syntax"
    ignored: ["examples"]
warning: the following keywords are unknown and will be ignored: [examples]
    level: "warning"
    schema: {"loadingURI":"#","pointer":"/items/properties/parcelas"}
    domain: "syntax"
    ignored: ["examples"]
warning: the following keywords are unknown and will be ignored: [examples]
    level: "warning"
    schema: {"loadingURI":"#","pointer":"/items/properties/seguro"}
    domain: "syntax"
    ignored: ["examples"]
warning: the following keywords are unknown and will be ignored: [examples]
    level: "warning"
    schema: {"loadingURI":"#","pointer":"/items/properties/valor"}
    domain: "syntax"
    ignored: ["examples"]
warning: the following keywords are unknown and will be ignored: [examples]
    level: "warning"
    schema: {"loadingURI":"#","pointer":"/items"}
    domain: "syntax"
    ignored: ["examples"]
warning: the following keywords are unknown and will be ignored: [examples]
    level: "warning"
    schema: {"loadingURI":"#","pointer":"/items/properties/cpf"}
    domain: "syntax"
    ignored: ["examples"]
warning: the following keywords are unknown and will be ignored: [examples]
    level: "warning"
    schema: {"loadingURI":"#","pointer":"/items/properties/email"}
    domain: "syntax"
    ignored: ["examples"]
warning: the following keywords are unknown and will be ignored: [examples]
    level: "warning"
    schema: {"loadingURI":"#","pointer":"/items/properties/id"}
    domain: "syntax"
    ignored: ["examples"]
warning: the following keywords are unknown and will be ignored: [examples]
    level: "warning"
    schema: {"loadingURI":"#","pointer":"/items/properties/nome"}
    domain: "syntax"
    ignored: ["examples"]
warning: the following keywords are unknown and will be ignored: [examples]
    level: "warning"
    schema: {"loadingURI":"#","pointer":"/items/properties/parcelas"}
    domain: "syntax"
    ignored: ["examples"]
warning: the following keywords are unknown and will be ignored: [examples]
    level: "warning"
    schema: {"loadingURI":"#","pointer":"/items/properties/seguro"}
    domain: "syntax"
    ignored: ["examples"]
warning: the following keywords are unknown and will be ignored: [examples]
    level: "warning"
    schema: {"loadingURI":"#","pointer":"/items/properties/valor"}
    domain: "syntax"
    ignored: ["examples"]
warning: the following keywords are unknown and will be ignored: [examples]
    level: "warning"
    schema: {"loadingURI":"#","pointer":"/items"}
    domain: "syntax"
    ignored: ["examples"]
warning: the following keywords are unknown and will be ignored: [examples]
    level: "warning"
    schema: {"loadingURI":"#","pointer":"/items/properties/cpf"}
    domain: "syntax"
    ignored: ["examples"]
warning: the following keywords are unknown and will be ignored: [examples]
    level: "warning"
    schema: {"loadingURI":"#","pointer":"/items/properties/email"}
    domain: "syntax"
    ignored: ["examples"]
warning: the following keywords are unknown and will be ignored: [examples]
    level: "warning"
    schema: {"loadingURI":"#","pointer":"/items/properties/id"}
    domain: "syntax"
    ignored: ["examples"]
warning: the following keywords are unknown and will be ignored: [examples]
    level: "warning"
    schema: {"loadingURI":"#","pointer":"/items/properties/nome"}
    domain: "syntax"
    ignored: ["examples"]
warning: the following keywords are unknown and will be ignored: [examples]
    level: "warning"
    schema: {"loadingURI":"#","pointer":"/items/properties/parcelas"}
    domain: "syntax"
    ignored: ["examples"]
warning: the following keywords are unknown and will be ignored: [examples]
    level: "warning"
    schema: {"loadingURI":"#","pointer":"/items/properties/seguro"}
    domain: "syntax"
    ignored: ["examples"]
warning: the following keywords are unknown and will be ignored: [examples]
    level: "warning"
    schema: {"loadingURI":"#","pointer":"/items/properties/valor"}
    domain: "syntax"
    ignored: ["examples"]
warning: the following keywords are unknown and will be ignored: [examples]
    level: "warning"
    schema: {"loadingURI":"#","pointer":"/items"}
    domain: "syntax"
    ignored: ["examples"]
warning: the following keywords are unknown and will be ignored: [examples]
    level: "warning"
    schema: {"loadingURI":"#","pointer":"/items/properties/cpf"}
    domain: "syntax"
    ignored: ["examples"]
warning: the following keywords are unknown and will be ignored: [examples]
    level: "warning"
    schema: {"loadingURI":"#","pointer":"/items/properties/email"}
    domain: "syntax"
    ignored: ["examples"]
warning: the following keywords are unknown and will be ignored: [examples]
    level: "warning"
    schema: {"loadingURI":"#","pointer":"/items/properties/id"}
    domain: "syntax"
    ignored: ["examples"]
warning: the following keywords are unknown and will be ignored: [examples]
    level: "warning"
    schema: {"loadingURI":"#","pointer":"/items/properties/nome"}
    domain: "syntax"
    ignored: ["examples"]
warning: the following keywords are unknown and will be ignored: [examples]
    level: "warning"
    schema: {"loadingURI":"#","pointer":"/items/properties/parcelas"}
    domain: "syntax"
    ignored: ["examples"]
warning: the following keywords are unknown and will be ignored: [examples]
    level: "warning"
    schema: {"loadingURI":"#","pointer":"/items/properties/seguro"}
    domain: "syntax"
    ignored: ["examples"]
warning: the following keywords are unknown and will be ignored: [examples]
    level: "warning"
    schema: {"loadingURI":"#","pointer":"/items/properties/valor"}
    domain: "syntax"
    ignored: ["examples"]
warning: the following keywords are unknown and will be ignored: [examples]
    level: "warning"
    schema: {"loadingURI":"#","pointer":"/items"}
    domain: "syntax"
    ignored: ["examples"]
warning: the following keywords are unknown and will be ignored: [examples]
    level: "warning"
    schema: {"loadingURI":"#","pointer":"/items/properties/cpf"}
    domain: "syntax"
    ignored: ["examples"]
warning: the following keywords are unknown and will be ignored: [examples]
    level: "warning"
    schema: {"loadingURI":"#","pointer":"/items/properties/email"}
    domain: "syntax"
    ignored: ["examples"]
warning: the following keywords are unknown and will be ignored: [examples]
    level: "warning"
    schema: {"loadingURI":"#","pointer":"/items/properties/id"}
    domain: "syntax"
    ignored: ["examples"]
warning: the following keywords are unknown and will be ignored: [examples]
    level: "warning"
    schema: {"loadingURI":"#","pointer":"/items/properties/nome"}
    domain: "syntax"
    ignored: ["examples"]
warning: the following keywords are unknown and will be ignored: [examples]
    level: "warning"
    schema: {"loadingURI":"#","pointer":"/items/properties/parcelas"}
    domain: "syntax"
    ignored: ["examples"]
warning: the following keywords are unknown and will be ignored: [examples]
    level: "warning"
    schema: {"loadingURI":"#","pointer":"/items/properties/seguro"}
    domain: "syntax"
    ignored: ["examples"]
warning: the following keywords are unknown and will be ignored: [examples]
    level: "warning"
    schema: {"loadingURI":"#","pointer":"/items/properties/valor"}
    domain: "syntax"
    ignored: ["examples"]
warning: the following keywords are unknown and will be ignored: [examples]
    level: "warning"
    schema: {"loadingURI":"#","pointer":"/items"}
    domain: "syntax"
    ignored: ["examples"]
warning: the following keywords are unknown and will be ignored: [examples]
    level: "warning"
    schema: {"loadingURI":"#","pointer":"/items/properties/cpf"}
    domain: "syntax"
    ignored: ["examples"]
warning: the following keywords are unknown and will be ignored: [examples]
    level: "warning"
    schema: {"loadingURI":"#","pointer":"/items/properties/email"}
    domain: "syntax"
    ignored: ["examples"]
warning: the following keywords are unknown and will be ignored: [examples]
    level: "warning"
    schema: {"loadingURI":"#","pointer":"/items/properties/id"}
    domain: "syntax"
    ignored: ["examples"]
warning: the following keywords are unknown and will be ignored: [examples]
    level: "warning"
    schema: {"loadingURI":"#","pointer":"/items/properties/nome"}
    domain: "syntax"
    ignored: ["examples"]
warning: the following keywords are unknown and will be ignored: [examples]
    level: "warning"
    schema: {"loadingURI":"#","pointer":"/items/properties/parcelas"}
    domain: "syntax"
    ignored: ["examples"]
warning: the following keywords are unknown and will be ignored: [examples]
    level: "warning"
    schema: {"loadingURI":"#","pointer":"/items/properties/seguro"}
    domain: "syntax"
    ignored: ["examples"]
warning: the following keywords are unknown and will be ignored: [examples]
    level: "warning"
    schema: {"loadingURI":"#","pointer":"/items/properties/valor"}
    domain: "syntax"
    ignored: ["examples"]
warning: the following keywords are unknown and will be ignored: [examples]
    level: "warning"
    schema: {"loadingURI":"#","pointer":"/items"}
    domain: "syntax"
    ignored: ["examples"]
warning: the following keywords are unknown and will be ignored: [examples]
    level: "warning"
    schema: {"loadingURI":"#","pointer":"/items/properties/cpf"}
    domain: "syntax"
    ignored: ["examples"]
warning: the following keywords are unknown and will be ignored: [examples]
    level: "warning"
    schema: {"loadingURI":"#","pointer":"/items/properties/email"}
    domain: "syntax"
    ignored: ["examples"]
warning: the following keywords are unknown and will be ignored: [examples]
    level: "warning"
    schema: {"loadingURI":"#","pointer":"/items/properties/id"}
    domain: "syntax"
    ignored: ["examples"]
warning: the following keywords are unknown and will be ignored: [examples]
    level: "warning"
    schema: {"loadingURI":"#","pointer":"/items/properties/nome"}
    domain: "syntax"
    ignored: ["examples"]
warning: the following keywords are unknown and will be ignored: [examples]
    level: "warning"
    schema: {"loadingURI":"#","pointer":"/items/properties/parcelas"}
    domain: "syntax"
    ignored: ["examples"]
warning: the following keywords are unknown and will be ignored: [examples]
    level: "warning"
    schema: {"loadingURI":"#","pointer":"/items/properties/seguro"}
    domain: "syntax"
    ignored: ["examples"]
warning: the following keywords are unknown and will be ignored: [examples]
    level: "warning"
    schema: {"loadingURI":"#","pointer":"/items/properties/valor"}
    domain: "syntax"
    ignored: ["examples"]
warning: the following keywords are unknown and will be ignored: [examples]
    level: "warning"
    schema: {"loadingURI":"#","pointer":"/items"}
    domain: "syntax"
    ignored: ["examples"]
warning: the following keywords are unknown and will be ignored: [examples]
    level: "warning"
    schema: {"loadingURI":"#","pointer":"/items/properties/cpf"}
    domain: "syntax"
    ignored: ["examples"]
warning: the following keywords are unknown and will be ignored: [examples]
    level: "warning"
    schema: {"loadingURI":"#","pointer":"/items/properties/email"}
    domain: "syntax"
    ignored: ["examples"]
warning: the following keywords are unknown and will be ignored: [examples]
    level: "warning"
    schema: {"loadingURI":"#","pointer":"/items/properties/id"}
    domain: "syntax"
    ignored: ["examples"]
warning: the following keywords are unknown and will be ignored: [examples]
    level: "warning"
    schema: {"loadingURI":"#","pointer":"/items/properties/nome"}
    domain: "syntax"
    ignored: ["examples"]
warning: the following keywords are unknown and will be ignored: [examples]
    level: "warning"
    schema: {"loadingURI":"#","pointer":"/items/properties/parcelas"}
    domain: "syntax"
    ignored: ["examples"]
warning: the following keywords are unknown and will be ignored: [examples]
    level: "warning"
    schema: {"loadingURI":"#","pointer":"/items/properties/seguro"}
    domain: "syntax"
    ignored: ["examples"]
warning: the following keywords are unknown and will be ignored: [examples]
    level: "warning"
    schema: {"loadingURI":"#","pointer":"/items/properties/valor"}
    domain: "syntax"
    ignored: ["examples"]
warning: the following keywords are unknown and will be ignored: [examples]
    level: "warning"
    schema: {"loadingURI":"#","pointer":"/items"}
    domain: "syntax"
    ignored: ["examples"]
warning: the following keywords are unknown and will be ignored: [examples]
    level: "warning"
    schema: {"loadingURI":"#","pointer":"/items/properties/cpf"}
    domain: "syntax"
    ignored: ["examples"]
warning: the following keywords are unknown and will be ignored: [examples]
    level: "warning"
    schema: {"loadingURI":"#","pointer":"/items/properties/email"}
    domain: "syntax"
    ignored: ["examples"]
warning: the following keywords are unknown and will be ignored: [examples]
    level: "warning"
    schema: {"loadingURI":"#","pointer":"/items/properties/id"}
    domain: "syntax"
    ignored: ["examples"]
warning: the following keywords are unknown and will be ignored: [examples]
    level: "warning"
    schema: {"loadingURI":"#","pointer":"/items/properties/nome"}
    domain: "syntax"
    ignored: ["examples"]
warning: the following keywords are unknown and will be ignored: [examples]
    level: "warning"
    schema: {"loadingURI":"#","pointer":"/items/properties/parcelas"}
    domain: "syntax"
    ignored: ["examples"]
warning: the following keywords are unknown and will be ignored: [examples]
    level: "warning"
    schema: {"loadingURI":"#","pointer":"/items/properties/seguro"}
    domain: "syntax"
    ignored: ["examples"]
warning: the following keywords are unknown and will be ignored: [examples]
    level: "warning"
    schema: {"loadingURI":"#","pointer":"/items/properties/valor"}
    domain: "syntax"
    ignored: ["examples"]
warning: the following keywords are unknown and will be ignored: [examples]
    level: "warning"
    schema: {"loadingURI":"#","pointer":"/items"}
    domain: "syntax"
    ignored: ["examples"]
warning: the following keywords are unknown and will be ignored: [examples]
    level: "warning"
    schema: {"loadingURI":"#","pointer":"/items/properties/cpf"}
    domain: "syntax"
    ignored: ["examples"]
warning: the following keywords are unknown and will be ignored: [examples]
    level: "warning"
    schema: {"loadingURI":"#","pointer":"/items/properties/email"}
    domain: "syntax"
    ignored: ["examples"]
warning: the following keywords are unknown and will be ignored: [examples]
    level: "warning"
    schema: {"loadingURI":"#","pointer":"/items/properties/id"}
    domain: "syntax"
    ignored: ["examples"]
warning: the following keywords are unknown and will be ignored: [examples]
    level: "warning"
    schema: {"loadingURI":"#","pointer":"/items/properties/nome"}
    domain: "syntax"
    ignored: ["examples"]
warning: the following keywords are unknown and will be ignored: [examples]
    level: "warning"
    schema: {"loadingURI":"#","pointer":"/items/properties/parcelas"}
    domain: "syntax"
    ignored: ["examples"]
warning: the following keywords are unknown and will be ignored: [examples]
    level: "warning"
    schema: {"loadingURI":"#","pointer":"/items/properties/seguro"}
    domain: "syntax"
    ignored: ["examples"]
warning: the following keywords are unknown and will be ignored: [examples]
    level: "warning"
    schema: {"loadingURI":"#","pointer":"/items/properties/valor"}
    domain: "syntax"
    ignored: ["examples"]
warning: the following keywords are unknown and will be ignored: [examples]
    level: "warning"
    schema: {"loadingURI":"#","pointer":"/items"}
    domain: "syntax"
    ignored: ["examples"]
warning: the following keywords are unknown and will be ignored: [examples]
    level: "warning"
    schema: {"loadingURI":"#","pointer":"/items/properties/cpf"}
    domain: "syntax"
    ignored: ["examples"]
warning: the following keywords are unknown and will be ignored: [examples]
    level: "warning"
    schema: {"loadingURI":"#","pointer":"/items/properties/email"}
    domain: "syntax"
    ignored: ["examples"]
warning: the following keywords are unknown and will be ignored: [examples]
    level: "warning"
    schema: {"loadingURI":"#","pointer":"/items/properties/id"}
    domain: "syntax"
    ignored: ["examples"]
warning: the following keywords are unknown and will be ignored: [examples]
    level: "warning"
    schema: {"loadingURI":"#","pointer":"/items/properties/nome"}
    domain: "syntax"
    ignored: ["examples"]
warning: the following keywords are unknown and will be ignored: [examples]
    level: "warning"
    schema: {"loadingURI":"#","pointer":"/items/properties/parcelas"}
    domain: "syntax"
    ignored: ["examples"]
warning: the following keywords are unknown and will be ignored: [examples]
    level: "warning"
    schema: {"loadingURI":"#","pointer":"/items/properties/seguro"}
    domain: "syntax"
    ignored: ["examples"]
warning: the following keywords are unknown and will be ignored: [examples]
    level: "warning"
    schema: {"loadingURI":"#","pointer":"/items/properties/valor"}
    domain: "syntax"
    ignored: ["examples"]
warning: the following keywords are unknown and will be ignored: [examples]
    level: "warning"
    schema: {"loadingURI":"#","pointer":"/items"}
    domain: "syntax"
    ignored: ["examples"]
warning: the following keywords are unknown and will be ignored: [examples]
    level: "warning"
    schema: {"loadingURI":"#","pointer":"/items/properties/cpf"}
    domain: "syntax"
    ignored: ["examples"]
warning: the following keywords are unknown and will be ignored: [examples]
    level: "warning"
    schema: {"loadingURI":"#","pointer":"/items/properties/email"}
    domain: "syntax"
    ignored: ["examples"]
warning: the following keywords are unknown and will be ignored: [examples]
    level: "warning"
    schema: {"loadingURI":"#","pointer":"/items/properties/id"}
    domain: "syntax"
    ignored: ["examples"]
warning: the following keywords are unknown and will be ignored: [examples]
    level: "warning"
    schema: {"loadingURI":"#","pointer":"/items/properties/nome"}
    domain: "syntax"
    ignored: ["examples"]
warning: the following keywords are unknown and will be ignored: [examples]
    level: "warning"
    schema: {"loadingURI":"#","pointer":"/items/properties/parcelas"}
    domain: "syntax"
    ignored: ["examples"]
warning: the following keywords are unknown and will be ignored: [examples]
    level: "warning"
    schema: {"loadingURI":"#","pointer":"/items/properties/seguro"}
    domain: "syntax"
    ignored: ["examples"]
warning: the following keywords are unknown and will be ignored: [examples]
    level: "warning"
    schema: {"loadingURI":"#","pointer":"/items/properties/valor"}
    domain: "syntax"
    ignored: ["examples"]
warning: the following keywords are unknown and will be ignored: [examples]
    level: "warning"
    schema: {"loadingURI":"#","pointer":"/items"}
    domain: "syntax"
    ignored: ["examples"]
warning: the following keywords are unknown and will be ignored: [examples]
    level: "warning"
    schema: {"loadingURI":"#","pointer":"/items/properties/cpf"}
    domain: "syntax"
    ignored: ["examples"]
warning: the following keywords are unknown and will be ignored: [examples]
    level: "warning"
    schema: {"loadingURI":"#","pointer":"/items/properties/email"}
    domain: "syntax"
    ignored: ["examples"]
warning: the following keywords are unknown and will be ignored: [examples]
    level: "warning"
    schema: {"loadingURI":"#","pointer":"/items/properties/id"}
    domain: "syntax"
    ignored: ["examples"]
warning: the following keywords are unknown and will be ignored: [examples]
    level: "warning"
    schema: {"loadingURI":"#","pointer":"/items/properties/nome"}
    domain: "syntax"
    ignored: ["examples"]
warning: the following keywords are unknown and will be ignored: [examples]
    level: "warning"
    schema: {"loadingURI":"#","pointer":"/items/properties/parcelas"}
    domain: "syntax"
    ignored: ["examples"]
warning: the following keywords are unknown and will be ignored: [examples]
    level: "warning"
    schema: {"loadingURI":"#","pointer":"/items/properties/seguro"}
    domain: "syntax"
    ignored: ["examples"]
warning: the following keywords are unknown and will be ignored: [examples]
    level: "warning"
    schema: {"loadingURI":"#","pointer":"/items/properties/valor"}
    domain: "syntax"
    ignored: ["examples"]
warning: the following keywords are unknown and will be ignored: [examples]
    level: "warning"
    schema: {"loadingURI":"#","pointer":"/items"}
    domain: "syntax"
    ignored: ["examples"]
warning: the following keywords are unknown and will be ignored: [examples]
    level: "warning"
    schema: {"loadingURI":"#","pointer":"/items/properties/cpf"}
    domain: "syntax"
    ignored: ["examples"]
warning: the following keywords are unknown and will be ignored: [examples]
    level: "warning"
    schema: {"loadingURI":"#","pointer":"/items/properties/email"}
    domain: "syntax"
    ignored: ["examples"]
warning: the following keywords are unknown and will be ignored: [examples]
    level: "warning"
    schema: {"loadingURI":"#","pointer":"/items/properties/id"}
    domain: "syntax"
    ignored: ["examples"]
warning: the following keywords are unknown and will be ignored: [examples]
    level: "warning"
    schema: {"loadingURI":"#","pointer":"/items/properties/nome"}
    domain: "syntax"
    ignored: ["examples"]
warning: the following keywords are unknown and will be ignored: [examples]
    level: "warning"
    schema: {"loadingURI":"#","pointer":"/items/properties/parcelas"}
    domain: "syntax"
    ignored: ["examples"]
warning: the following keywords are unknown and will be ignored: [examples]
    level: "warning"
    schema: {"loadingURI":"#","pointer":"/items/properties/seguro"}
    domain: "syntax"
    ignored: ["examples"]
warning: the following keywords are unknown and will be ignored: [examples]
    level: "warning"
    schema: {"loadingURI":"#","pointer":"/items/properties/valor"}
    domain: "syntax"
    ignored: ["examples"]
warning: the following keywords are unknown and will be ignored: [examples]
    level: "warning"
    schema: {"loadingURI":"#","pointer":"/items"}
    domain: "syntax"
    ignored: ["examples"]
warning: the following keywords are unknown and will be ignored: [examples]
    level: "warning"
    schema: {"loadingURI":"#","pointer":"/items/properties/cpf"}
    domain: "syntax"
    ignored: ["examples"]
warning: the following keywords are unknown and will be ignored: [examples]
    level: "warning"
    schema: {"loadingURI":"#","pointer":"/items/properties/email"}
    domain: "syntax"
    ignored: ["examples"]
warning: the following keywords are unknown and will be ignored: [examples]
    level: "warning"
    schema: {"loadingURI":"#","pointer":"/items/properties/id"}
    domain: "syntax"
    ignored: ["examples"]
warning: the following keywords are unknown and will be ignored: [examples]
    level: "warning"
    schema: {"loadingURI":"#","pointer":"/items/properties/nome"}
    domain: "syntax"
    ignored: ["examples"]
warning: the following keywords are unknown and will be ignored: [examples]
    level: "warning"
    schema: {"loadingURI":"#","pointer":"/items/properties/parcelas"}
    domain: "syntax"
    ignored: ["examples"]
warning: the following keywords are unknown and will be ignored: [examples]
    level: "warning"
    schema: {"loadingURI":"#","pointer":"/items/properties/seguro"}
    domain: "syntax"
    ignored: ["examples"]
warning: the following keywords are unknown and will be ignored: [examples]
    level: "warning"
    schema: {"loadingURI":"#","pointer":"/items/properties/valor"}
    domain: "syntax"
    ignored: ["examples"]
warning: the following keywords are unknown and will be ignored: [examples]
    level: "warning"
    schema: {"loadingURI":"#","pointer":"/items"}
    domain: "syntax"
    ignored: ["examples"]
warning: the following keywords are unknown and will be ignored: [examples]
    level: "warning"
    schema: {"loadingURI":"#","pointer":"/items/properties/cpf"}
    domain: "syntax"
    ignored: ["examples"]
warning: the following keywords are unknown and will be ignored: [examples]
    level: "warning"
    schema: {"loadingURI":"#","pointer":"/items/properties/email"}
    domain: "syntax"
    ignored: ["examples"]
warning: the following keywords are unknown and will be ignored: [examples]
    level: "warning"
    schema: {"loadingURI":"#","pointer":"/items/properties/id"}
    domain: "syntax"
    ignored: ["examples"]
warning: the following keywords are unknown and will be ignored: [examples]
    level: "warning"
    schema: {"loadingURI":"#","pointer":"/items/properties/nome"}
    domain: "syntax"
    ignored: ["examples"]
warning: the following keywords are unknown and will be ignored: [examples]
    level: "warning"
    schema: {"loadingURI":"#","pointer":"/items/properties/parcelas"}
    domain: "syntax"
    ignored: ["examples"]
warning: the following keywords are unknown and will be ignored: [examples]
    level: "warning"
    schema: {"loadingURI":"#","pointer":"/items/properties/seguro"}
    domain: "syntax"
    ignored: ["examples"]
warning: the following keywords are unknown and will be ignored: [examples]
    level: "warning"
    schema: {"loadingURI":"#","pointer":"/items/properties/valor"}
    domain: "syntax"
    ignored: ["examples"]
warning: the following keywords are unknown and will be ignored: [examples]
    level: "warning"
    schema: {"loadingURI":"#","pointer":"/items"}
    domain: "syntax"
    ignored: ["examples"]
warning: the following keywords are unknown and will be ignored: [examples]
    level: "warning"
    schema: {"loadingURI":"#","pointer":"/items/properties/cpf"}
    domain: "syntax"
    ignored: ["examples"]
warning: the following keywords are unknown and will be ignored: [examples]
    level: "warning"
    schema: {"loadingURI":"#","pointer":"/items/properties/email"}
    domain: "syntax"
    ignored: ["examples"]
warning: the following keywords are unknown and will be ignored: [examples]
    level: "warning"
    schema: {"loadingURI":"#","pointer":"/items/properties/id"}
    domain: "syntax"
    ignored: ["examples"]
warning: the following keywords are unknown and will be ignored: [examples]
    level: "warning"
    schema: {"loadingURI":"#","pointer":"/items/properties/nome"}
    domain: "syntax"
    ignored: ["examples"]
warning: the following keywords are unknown and will be ignored: [examples]
    level: "warning"
    schema: {"loadingURI":"#","pointer":"/items/properties/parcelas"}
    domain: "syntax"
    ignored: ["examples"]
warning: the following keywords are unknown and will be ignored: [examples]
    level: "warning"
    schema: {"loadingURI":"#","pointer":"/items/properties/seguro"}
    domain: "syntax"
    ignored: ["examples"]
warning: the following keywords are unknown and will be ignored: [examples]
    level: "warning"
    schema: {"loadingURI":"#","pointer":"/items/properties/valor"}
    domain: "syntax"
    ignored: ["examples"]
warning: the following keywords are unknown and will be ignored: [examples]
    level: "warning"
    schema: {"loadingURI":"#","pointer":"/items"}
    domain: "syntax"
    ignored: ["examples"]
warning: the following keywords are unknown and will be ignored: [examples]
    level: "warning"
    schema: {"loadingURI":"#","pointer":"/items/properties/cpf"}
    domain: "syntax"
    ignored: ["examples"]
warning: the following keywords are unknown and will be ignored: [examples]
    level: "warning"
    schema: {"loadingURI":"#","pointer":"/items/properties/email"}
    domain: "syntax"
    ignored: ["examples"]
warning: the following keywords are unknown and will be ignored: [examples]
    level: "warning"
    schema: {"loadingURI":"#","pointer":"/items/properties/id"}
    domain: "syntax"
    ignored: ["examples"]
warning: the following keywords are unknown and will be ignored: [examples]
    level: "warning"
    schema: {"loadingURI":"#","pointer":"/items/properties/nome"}
    domain: "syntax"
    ignored: ["examples"]
warning: the following keywords are unknown and will be ignored: [examples]
    level: "warning"
    schema: {"loadingURI":"#","pointer":"/items/properties/parcelas"}
    domain: "syntax"
    ignored: ["examples"]
warning: the following keywords are unknown and will be ignored: [examples]
    level: "warning"
    schema: {"loadingURI":"#","pointer":"/items/properties/seguro"}
    domain: "syntax"
    ignored: ["examples"]
warning: the following keywords are unknown and will be ignored: [examples]
    level: "warning"
    schema: {"loadingURI":"#","pointer":"/items/properties/valor"}
    domain: "syntax"
    ignored: ["examples"]
warning: the following keywords are unknown and will be ignored: [examples]
    level: "warning"
    schema: {"loadingURI":"#","pointer":"/items"}
    domain: "syntax"
    ignored: ["examples"]
warning: the following keywords are unknown and will be ignored: [examples]
    level: "warning"
    schema: {"loadingURI":"#","pointer":"/items/properties/cpf"}
    domain: "syntax"
    ignored: ["examples"]
warning: the following keywords are unknown and will be ignored: [examples]
    level: "warning"
    schema: {"loadingURI":"#","pointer":"/items/properties/email"}
    domain: "syntax"
    ignored: ["examples"]
warning: the following keywords are unknown and will be ignored: [examples]
    level: "warning"
    schema: {"loadingURI":"#","pointer":"/items/properties/id"}
    domain: "syntax"
    ignored: ["examples"]
warning: the following keywords are unknown and will be ignored: [examples]
    level: "warning"
    schema: {"loadingURI":"#","pointer":"/items/properties/nome"}
    domain: "syntax"
    ignored: ["examples"]
warning: the following keywords are unknown and will be ignored: [examples]
    level: "warning"
    schema: {"loadingURI":"#","pointer":"/items/properties/parcelas"}
    domain: "syntax"
    ignored: ["examples"]
warning: the following keywords are unknown and will be ignored: [examples]
    level: "warning"
    schema: {"loadingURI":"#","pointer":"/items/properties/seguro"}
    domain: "syntax"
    ignored: ["examples"]
warning: the following keywords are unknown and will be ignored: [examples]
    level: "warning"
    schema: {"loadingURI":"#","pointer":"/items/properties/valor"}
    domain: "syntax"
    ignored: ["examples"]
warning: the following keywords are unknown and will be ignored: [examples]
    level: "warning"
    schema: {"loadingURI":"#","pointer":"/items"}
    domain: "syntax"
    ignored: ["examples"]
warning: the following keywords are unknown and will be ignored: [examples]
    level: "warning"
    schema: {"loadingURI":"#","pointer":"/items/properties/cpf"}
    domain: "syntax"
    ignored: ["examples"]
warning: the following keywords are unknown and will be ignored: [examples]
    level: "warning"
    schema: {"loadingURI":"#","pointer":"/items/properties/email"}
    domain: "syntax"
    ignored: ["examples"]
warning: the following keywords are unknown and will be ignored: [examples]
    level: "warning"
    schema: {"loadingURI":"#","pointer":"/items/properties/id"}
    domain: "syntax"
    ignored: ["examples"]
warning: the following keywords are unknown and will be ignored: [examples]
    level: "warning"
    schema: {"loadingURI":"#","pointer":"/items/properties/nome"}
    domain: "syntax"
    ignored: ["examples"]
warning: the following keywords are unknown and will be ignored: [examples]
    level: "warning"
    schema: {"loadingURI":"#","pointer":"/items/properties/parcelas"}
    domain: "syntax"
    ignored: ["examples"]
warning: the following keywords are unknown and will be ignored: [examples]
    level: "warning"
    schema: {"loadingURI":"#","pointer":"/items/properties/seguro"}
    domain: "syntax"
    ignored: ["examples"]
warning: the following keywords are unknown and will be ignored: [examples]
    level: "warning"
    schema: {"loadingURI":"#","pointer":"/items/properties/valor"}
    domain: "syntax"
    ignored: ["examples"]
warning: the following keywords are unknown and will be ignored: [examples]
    level: "warning"
    schema: {"loadingURI":"#","pointer":"/items"}
    domain: "syntax"
    ignored: ["examples"]
warning: the following keywords are unknown and will be ignored: [examples]
    level: "warning"
    schema: {"loadingURI":"#","pointer":"/items/properties/cpf"}
    domain: "syntax"
    ignored: ["examples"]
warning: the following keywords are unknown and will be ignored: [examples]
    level: "warning"
    schema: {"loadingURI":"#","pointer":"/items/properties/email"}
    domain: "syntax"
    ignored: ["examples"]
warning: the following keywords are unknown and will be ignored: [examples]
    level: "warning"
    schema: {"loadingURI":"#","pointer":"/items/properties/id"}
    domain: "syntax"
    ignored: ["examples"]
warning: the following keywords are unknown and will be ignored: [examples]
    level: "warning"
    schema: {"loadingURI":"#","pointer":"/items/properties/nome"}
    domain: "syntax"
    ignored: ["examples"]
warning: the following keywords are unknown and will be ignored: [examples]
    level: "warning"
    schema: {"loadingURI":"#","pointer":"/items/properties/parcelas"}
    domain: "syntax"
    ignored: ["examples"]
warning: the following keywords are unknown and will be ignored: [examples]
    level: "warning"
    schema: {"loadingURI":"#","pointer":"/items/properties/seguro"}
    domain: "syntax"
    ignored: ["examples"]
warning: the following keywords are unknown and will be ignored: [examples]
    level: "warning"
    schema: {"loadingURI":"#","pointer":"/items/properties/valor"}
    domain: "syntax"
    ignored: ["examples"]
warning: the following keywords are unknown and will be ignored: [examples]
    level: "warning"
    schema: {"loadingURI":"#","pointer":"/items"}
    domain: "syntax"
    ignored: ["examples"]
warning: the following keywords are unknown and will be ignored: [examples]
    level: "warning"
    schema: {"loadingURI":"#","pointer":"/items/properties/cpf"}
    domain: "syntax"
    ignored: ["examples"]
warning: the following keywords are unknown and will be ignored: [examples]
    level: "warning"
    schema: {"loadingURI":"#","pointer":"/items/properties/email"}
    domain: "syntax"
    ignored: ["examples"]
warning: the following keywords are unknown and will be ignored: [examples]
    level: "warning"
    schema: {"loadingURI":"#","pointer":"/items/properties/id"}
    domain: "syntax"
    ignored: ["examples"]
warning: the following keywords are unknown and will be ignored: [examples]
    level: "warning"
    schema: {"loadingURI":"#","pointer":"/items/properties/nome"}
    domain: "syntax"
    ignored: ["examples"]
warning: the following keywords are unknown and will be ignored: [examples]
    level: "warning"
    schema: {"loadingURI":"#","pointer":"/items/properties/parcelas"}
    domain: "syntax"
    ignored: ["examples"]
warning: the following keywords are unknown and will be ignored: [examples]
    level: "warning"
    schema: {"loadingURI":"#","pointer":"/items/properties/seguro"}
    domain: "syntax"
    ignored: ["examples"]
warning: the following keywords are unknown and will be ignored: [examples]
    level: "warning"
    schema: {"loadingURI":"#","pointer":"/items/properties/valor"}
    domain: "syntax"
    ignored: ["examples"]
warning: the following keywords are unknown and will be ignored: [examples]
    level: "warning"
    schema: {"loadingURI":"#","pointer":"/items"}
    domain: "syntax"
    ignored: ["examples"]
warning: the following keywords are unknown and will be ignored: [examples]
    level: "warning"
    schema: {"loadingURI":"#","pointer":"/items/properties/cpf"}
    domain: "syntax"
    ignored: ["examples"]
warning: the following keywords are unknown and will be ignored: [examples]
    level: "warning"
    schema: {"loadingURI":"#","pointer":"/items/properties/email"}
    domain: "syntax"
    ignored: ["examples"]
warning: the following keywords are unknown and will be ignored: [examples]
    level: "warning"
    schema: {"loadingURI":"#","pointer":"/items/properties/id"}
    domain: "syntax"
    ignored: ["examples"]
warning: the following keywords are unknown and will be ignored: [examples]
    level: "warning"
    schema: {"loadingURI":"#","pointer":"/items/properties/nome"}
    domain: "syntax"
    ignored: ["examples"]
warning: the following keywords are unknown and will be ignored: [examples]
    level: "warning"
    schema: {"loadingURI":"#","pointer":"/items/properties/parcelas"}
    domain: "syntax"
    ignored: ["examples"]
warning: the following keywords are unknown and will be ignored: [examples]
    level: "warning"
    schema: {"loadingURI":"#","pointer":"/items/properties/seguro"}
    domain: "syntax"
    ignored: ["examples"]
warning: the following keywords are unknown and will be ignored: [examples]
    level: "warning"
    schema: {"loadingURI":"#","pointer":"/items/properties/valor"}
    domain: "syntax"
    ignored: ["examples"]
warning: the following keywords are unknown and will be ignored: [examples]
    level: "warning"
    schema: {"loadingURI":"#","pointer":"/items"}
    domain: "syntax"
    ignored: ["examples"]
warning: the following keywords are unknown and will be ignored: [examples]
    level: "warning"
    schema: {"loadingURI":"#","pointer":"/items/properties/cpf"}
    domain: "syntax"
    ignored: ["examples"]
warning: the following keywords are unknown and will be ignored: [examples]
    level: "warning"
    schema: {"loadingURI":"#","pointer":"/items/properties/email"}
    domain: "syntax"
    ignored: ["examples"]
warning: the following keywords are unknown and will be ignored: [examples]
    level: "warning"
    schema: {"loadingURI":"#","pointer":"/items/properties/id"}
    domain: "syntax"
    ignored: ["examples"]
warning: the following keywords are unknown and will be ignored: [examples]
    level: "warning"
    schema: {"loadingURI":"#","pointer":"/items/properties/nome"}
    domain: "syntax"
    ignored: ["examples"]
warning: the following keywords are unknown and will be ignored: [examples]
    level: "warning"
    schema: {"loadingURI":"#","pointer":"/items/properties/parcelas"}
    domain: "syntax"
    ignored: ["examples"]
warning: the following keywords are unknown and will be ignored: [examples]
    level: "warning"
    schema: {"loadingURI":"#","pointer":"/items/properties/seguro"}
    domain: "syntax"
    ignored: ["examples"]
warning: the following keywords are unknown and will be ignored: [examples]
    level: "warning"
    schema: {"loadingURI":"#","pointer":"/items/properties/valor"}
    domain: "syntax"
    ignored: ["examples"]
warning: the following keywords are unknown and will be ignored: [examples]
    level: "warning"
    schema: {"loadingURI":"#","pointer":"/items"}
    domain: "syntax"
    ignored: ["examples"]
warning: the following keywords are unknown and will be ignored: [examples]
    level: "warning"
    schema: {"loadingURI":"#","pointer":"/items/properties/cpf"}
    domain: "syntax"
    ignored: ["examples"]
warning: the following keywords are unknown and will be ignored: [examples]
    level: "warning"
    schema: {"loadingURI":"#","pointer":"/items/properties/email"}
    domain: "syntax"
    ignored: ["examples"]
warning: the following keywords are unknown and will be ignored: [examples]
    level: "warning"
    schema: {"loadingURI":"#","pointer":"/items/properties/id"}
    domain: "syntax"
    ignored: ["examples"]
warning: the following keywords are unknown and will be ignored: [examples]
    level: "warning"
    schema: {"loadingURI":"#","pointer":"/items/properties/nome"}
    domain: "syntax"
    ignored: ["examples"]
warning: the following keywords are unknown and will be ignored: [examples]
    level: "warning"
    schema: {"loadingURI":"#","pointer":"/items/properties/parcelas"}
    domain: "syntax"
    ignored: ["examples"]
warning: the following keywords are unknown and will be ignored: [examples]
    level: "warning"
    schema: {"loadingURI":"#","pointer":"/items/properties/seguro"}
    domain: "syntax"
    ignored: ["examples"]
warning: the following keywords are unknown and will be ignored: [examples]
    level: "warning"
    schema: {"loadingURI":"#","pointer":"/items/properties/valor"}
    domain: "syntax"
    ignored: ["examples"]
warning: the following keywords are unknown and will be ignored: [examples]
    level: "warning"
    schema: {"loadingURI":"#","pointer":"/items"}
    domain: "syntax"
    ignored: ["examples"]
warning: the following keywords are unknown and will be ignored: [examples]
    level: "warning"
    schema: {"loadingURI":"#","pointer":"/items/properties/cpf"}
    domain: "syntax"
    ignored: ["examples"]
warning: the following keywords are unknown and will be ignored: [examples]
    level: "warning"
    schema: {"loadingURI":"#","pointer":"/items/properties/email"}
    domain: "syntax"
    ignored: ["examples"]
warning: the following keywords are unknown and will be ignored: [examples]
    level: "warning"
    schema: {"loadingURI":"#","pointer":"/items/properties/id"}
    domain: "syntax"
    ignored: ["examples"]
warning: the following keywords are unknown and will be ignored: [examples]
    level: "warning"
    schema: {"loadingURI":"#","pointer":"/items/properties/nome"}
    domain: "syntax"
    ignored: ["examples"]
warning: the following keywords are unknown and will be ignored: [examples]
    level: "warning"
    schema: {"loadingURI":"#","pointer":"/items/properties/parcelas"}
    domain: "syntax"
    ignored: ["examples"]
warning: the following keywords are unknown and will be ignored: [examples]
    level: "warning"
    schema: {"loadingURI":"#","pointer":"/items/properties/seguro"}
    domain: "syntax"
    ignored: ["examples"]
warning: the following keywords are unknown and will be ignored: [examples]
    level: "warning"
    schema: {"loadingURI":"#","pointer":"/items/properties/valor"}
    domain: "syntax"
    ignored: ["examples"]
warning: the following keywords are unknown and will be ignored: [examples]
    level: "warning"
    schema: {"loadingURI":"#","pointer":"/items"}
    domain: "syntax"
    ignored: ["examples"]
warning: the following keywords are unknown and will be ignored: [examples]
    level: "warning"
    schema: {"loadingURI":"#","pointer":"/items/properties/cpf"}
    domain: "syntax"
    ignored: ["examples"]
warning: the following keywords are unknown and will be ignored: [examples]
    level: "warning"
    schema: {"loadingURI":"#","pointer":"/items/properties/email"}
    domain: "syntax"
    ignored: ["examples"]
warning: the following keywords are unknown and will be ignored: [examples]
    level: "warning"
    schema: {"loadingURI":"#","pointer":"/items/properties/id"}
    domain: "syntax"
    ignored: ["examples"]
warning: the following keywords are unknown and will be ignored: [examples]
    level: "warning"
    schema: {"loadingURI":"#","pointer":"/items/properties/nome"}
    domain: "syntax"
    ignored: ["examples"]
warning: the following keywords are unknown and will be ignored: [examples]
    level: "warning"
    schema: {"loadingURI":"#","pointer":"/items/properties/parcelas"}
    domain: "syntax"
    ignored: ["examples"]
warning: the following keywords are unknown and will be ignored: [examples]
    level: "warning"
    schema: {"loadingURI":"#","pointer":"/items/properties/seguro"}
    domain: "syntax"
    ignored: ["examples"]
warning: the following keywords are unknown and will be ignored: [examples]
    level: "warning"
    schema: {"loadingURI":"#","pointer":"/items/properties/valor"}
    domain: "syntax"
    ignored: ["examples"]
warning: the following keywords are unknown and will be ignored: [examples]
    level: "warning"
    schema: {"loadingURI":"#","pointer":"/items"}
    domain: "syntax"
    ignored: ["examples"]
warning: the following keywords are unknown and will be ignored: [examples]
    level: "warning"
    schema: {"loadingURI":"#","pointer":"/items/properties/cpf"}
    domain: "syntax"
    ignored: ["examples"]
warning: the following keywords are unknown and will be ignored: [examples]
    level: "warning"
    schema: {"loadingURI":"#","pointer":"/items/properties/email"}
    domain: "syntax"
    ignored: ["examples"]
warning: the following keywords are unknown and will be ignored: [examples]
    level: "warning"
    schema: {"loadingURI":"#","pointer":"/items/properties/id"}
    domain: "syntax"
    ignored: ["examples"]
warning: the following keywords are unknown and will be ignored: [examples]
    level: "warning"
    schema: {"loadingURI":"#","pointer":"/items/properties/nome"}
    domain: "syntax"
    ignored: ["examples"]
warning: the following keywords are unknown and will be ignored: [examples]
    level: "warning"
    schema: {"loadingURI":"#","pointer":"/items/properties/parcelas"}
    domain: "syntax"
    ignored: ["examples"]
warning: the following keywords are unknown and will be ignored: [examples]
    level: "warning"
    schema: {"loadingURI":"#","pointer":"/items/properties/seguro"}
    domain: "syntax"
    ignored: ["examples"]
warning: the following keywords are unknown and will be ignored: [examples]
    level: "warning"
    schema: {"loadingURI":"#","pointer":"/items/properties/valor"}
    domain: "syntax"
    ignored: ["examples"]
warning: the following keywords are unknown and will be ignored: [examples]
    level: "warning"
    schema: {"loadingURI":"#","pointer":"/items"}
    domain: "syntax"
    ignored: ["examples"]
warning: the following keywords are unknown and will be ignored: [examples]
    level: "warning"
    schema: {"loadingURI":"#","pointer":"/items/properties/cpf"}
    domain: "syntax"
    ignored: ["examples"]
warning: the following keywords are unknown and will be ignored: [examples]
    level: "warning"
    schema: {"loadingURI":"#","pointer":"/items/properties/email"}
    domain: "syntax"
    ignored: ["examples"]
warning: the following keywords are unknown and will be ignored: [examples]
    level: "warning"
    schema: {"loadingURI":"#","pointer":"/items/properties/id"}
    domain: "syntax"
    ignored: ["examples"]
warning: the following keywords are unknown and will be ignored: [examples]
    level: "warning"
    schema: {"loadingURI":"#","pointer":"/items/properties/nome"}
    domain: "syntax"
    ignored: ["examples"]
warning: the following keywords are unknown and will be ignored: [examples]
    level: "warning"
    schema: {"loadingURI":"#","pointer":"/items/properties/parcelas"}
    domain: "syntax"
    ignored: ["examples"]
warning: the following keywords are unknown and will be ignored: [examples]
    level: "warning"
    schema: {"loadingURI":"#","pointer":"/items/properties/seguro"}
    domain: "syntax"
    ignored: ["examples"]
warning: the following keywords are unknown and will be ignored: [examples]
    level: "warning"
    schema: {"loadingURI":"#","pointer":"/items/properties/valor"}
    domain: "syntax"
    ignored: ["examples"]
warning: the following keywords are unknown and will be ignored: [examples]
    level: "warning"
    schema: {"loadingURI":"#","pointer":"/items"}
    domain: "syntax"
    ignored: ["examples"]
warning: the following keywords are unknown and will be ignored: [examples]
    level: "warning"
    schema: {"loadingURI":"#","pointer":"/items/properties/cpf"}
    domain: "syntax"
    ignored: ["examples"]
warning: the following keywords are unknown and will be ignored: [examples]
    level: "warning"
    schema: {"loadingURI":"#","pointer":"/items/properties/email"}
    domain: "syntax"
    ignored: ["examples"]
warning: the following keywords are unknown and will be ignored: [examples]
    level: "warning"
    schema: {"loadingURI":"#","pointer":"/items/properties/id"}
    domain: "syntax"
    ignored: ["examples"]
warning: the following keywords are unknown and will be ignored: [examples]
    level: "warning"
    schema: {"loadingURI":"#","pointer":"/items/properties/nome"}
    domain: "syntax"
    ignored: ["examples"]
warning: the following keywords are unknown and will be ignored: [examples]
    level: "warning"
    schema: {"loadingURI":"#","pointer":"/items/properties/parcelas"}
    domain: "syntax"
    ignored: ["examples"]
warning: the following keywords are unknown and will be ignored: [examples]
    level: "warning"
    schema: {"loadingURI":"#","pointer":"/items/properties/seguro"}
    domain: "syntax"
    ignored: ["examples"]
warning: the following keywords are unknown and will be ignored: [examples]
    level: "warning"
    schema: {"loadingURI":"#","pointer":"/items/properties/valor"}
    domain: "syntax"
    ignored: ["examples"]
warning: the following keywords are unknown and will be ignored: [examples]
    level: "warning"
    schema: {"loadingURI":"#","pointer":"/items"}
    domain: "syntax"
    ignored: ["examples"]
warning: the following keywords are unknown and will be ignored: [examples]
    level: "warning"
    schema: {"loadingURI":"#","pointer":"/items/properties/cpf"}
    domain: "syntax"
    ignored: ["examples"]
warning: the following keywords are unknown and will be ignored: [examples]
    level: "warning"
    schema: {"loadingURI":"#","pointer":"/items/properties/email"}
    domain: "syntax"
    ignored: ["examples"]
warning: the following keywords are unknown and will be ignored: [examples]
    level: "warning"
    schema: {"loadingURI":"#","pointer":"/items/properties/id"}
    domain: "syntax"
    ignored: ["examples"]
warning: the following keywords are unknown and will be ignored: [examples]
    level: "warning"
    schema: {"loadingURI":"#","pointer":"/items/properties/nome"}
    domain: "syntax"
    ignored: ["examples"]
warning: the following keywords are unknown and will be ignored: [examples]
    level: "warning"
    schema: {"loadingURI":"#","pointer":"/items/properties/parcelas"}
    domain: "syntax"
    ignored: ["examples"]
warning: the following keywords are unknown and will be ignored: [examples]
    level: "warning"
    schema: {"loadingURI":"#","pointer":"/items/properties/seguro"}
    domain: "syntax"
    ignored: ["examples"]
warning: the following keywords are unknown and will be ignored: [examples]
    level: "warning"
    schema: {"loadingURI":"#","pointer":"/items/properties/valor"}
    domain: "syntax"
    ignored: ["examples"]
warning: the following keywords are unknown and will be ignored: [examples]
    level: "warning"
    schema: {"loadingURI":"#","pointer":"/items"}
    domain: "syntax"
    ignored: ["examples"]
warning: the following keywords are unknown and will be ignored: [examples]
    level: "warning"
    schema: {"loadingURI":"#","pointer":"/items/properties/cpf"}
    domain: "syntax"
    ignored: ["examples"]
warning: the following keywords are unknown and will be ignored: [examples]
    level: "warning"
    schema: {"loadingURI":"#","pointer":"/items/properties/email"}
    domain: "syntax"
    ignored: ["examples"]
warning: the following keywords are unknown and will be ignored: [examples]
    level: "warning"
    schema: {"loadingURI":"#","pointer":"/items/properties/id"}
    domain: "syntax"
    ignored: ["examples"]
warning: the following keywords are unknown and will be ignored: [examples]
    level: "warning"
    schema: {"loadingURI":"#","pointer":"/items/properties/nome"}
    domain: "syntax"
    ignored: ["examples"]
warning: the following keywords are unknown and will be ignored: [examples]
    level: "warning"
    schema: {"loadingURI":"#","pointer":"/items/properties/parcelas"}
    domain: "syntax"
    ignored: ["examples"]
warning: the following keywords are unknown and will be ignored: [examples]
    level: "warning"
    schema: {"loadingURI":"#","pointer":"/items/properties/seguro"}
    domain: "syntax"
    ignored: ["examples"]
warning: the following keywords are unknown and will be ignored: [examples]
    level: "warning"
    schema: {"loadingURI":"#","pointer":"/items/properties/valor"}
    domain: "syntax"
    ignored: ["examples"]
warning: the following keywords are unknown and will be ignored: [examples]
    level: "warning"
    schema: {"loadingURI":"#","pointer":"/items"}
    domain: "syntax"
    ignored: ["examples"]
warning: the following keywords are unknown and will be ignored: [examples]
    level: "warning"
    schema: {"loadingURI":"#","pointer":"/items/properties/cpf"}
    domain: "syntax"
    ignored: ["examples"]
warning: the following keywords are unknown and will be ignored: [examples]
    level: "warning"
    schema: {"loadingURI":"#","pointer":"/items/properties/email"}
    domain: "syntax"
    ignored: ["examples"]
warning: the following keywords are unknown and will be ignored: [examples]
    level: "warning"
    schema: {"loadingURI":"#","pointer":"/items/properties/id"}
    domain: "syntax"
    ignored: ["examples"]
warning: the following keywords are unknown and will be ignored: [examples]
    level: "warning"
    schema: {"loadingURI":"#","pointer":"/items/properties/nome"}
    domain: "syntax"
    ignored: ["examples"]
warning: the following keywords are unknown and will be ignored: [examples]
    level: "warning"
    schema: {"loadingURI":"#","pointer":"/items/properties/parcelas"}
    domain: "syntax"
    ignored: ["examples"]
warning: the following keywords are unknown and will be ignored: [examples]
    level: "warning"
    schema: {"loadingURI":"#","pointer":"/items/properties/seguro"}
    domain: "syntax"
    ignored: ["examples"]
warning: the following keywords are unknown and will be ignored: [examples]
    level: "warning"
    schema: {"loadingURI":"#","pointer":"/items/properties/valor"}
    domain: "syntax"
    ignored: ["examples"]
warning: the following keywords are unknown and will be ignored: [examples]
    level: "warning"
    schema: {"loadingURI":"#","pointer":"/items"}
    domain: "syntax"
    ignored: ["examples"]
warning: the following keywords are unknown and will be ignored: [examples]
    level: "warning"
    schema: {"loadingURI":"#","pointer":"/items/properties/cpf"}
    domain: "syntax"
    ignored: ["examples"]
warning: the following keywords are unknown and will be ignored: [examples]
    level: "warning"
    schema: {"loadingURI":"#","pointer":"/items/properties/email"}
    domain: "syntax"
    ignored: ["examples"]
warning: the following keywords are unknown and will be ignored: [examples]
    level: "warning"
    schema: {"loadingURI":"#","pointer":"/items/properties/id"}
    domain: "syntax"
    ignored: ["examples"]
warning: the following keywords are unknown and will be ignored: [examples]
    level: "warning"
    schema: {"loadingURI":"#","pointer":"/items/properties/nome"}
    domain: "syntax"
    ignored: ["examples"]
warning: the following keywords are unknown and will be ignored: [examples]
    level: "warning"
    schema: {"loadingURI":"#","pointer":"/items/properties/parcelas"}
    domain: "syntax"
    ignored: ["examples"]
warning: the following keywords are unknown and will be ignored: [examples]
    level: "warning"
    schema: {"loadingURI":"#","pointer":"/items/properties/seguro"}
    domain: "syntax"
    ignored: ["examples"]
warning: the following keywords are unknown and will be ignored: [examples]
    level: "warning"
    schema: {"loadingURI":"#","pointer":"/items/properties/valor"}
    domain: "syntax"
    ignored: ["examples"]
warning: the following keywords are unknown and will be ignored: [examples]
    level: "warning"
    schema: {"loadingURI":"#","pointer":"/items"}
    domain: "syntax"
    ignored: ["examples"]
warning: the following keywords are unknown and will be ignored: [examples]
    level: "warning"
    schema: {"loadingURI":"#","pointer":"/items/properties/cpf"}
    domain: "syntax"
    ignored: ["examples"]
warning: the following keywords are unknown and will be ignored: [examples]
    level: "warning"
    schema: {"loadingURI":"#","pointer":"/items/properties/email"}
    domain: "syntax"
    ignored: ["examples"]
warning: the following keywords are unknown and will be ignored: [examples]
    level: "warning"
    schema: {"loadingURI":"#","pointer":"/items/properties/id"}
    domain: "syntax"
    ignored: ["examples"]
warning: the following keywords are unknown and will be ignored: [examples]
    level: "warning"
    schema: {"loadingURI":"#","pointer":"/items/properties/nome"}
    domain: "syntax"
    ignored: ["examples"]
warning: the following keywords are unknown and will be ignored: [examples]
    level: "warning"
    schema: {"loadingURI":"#","pointer":"/items/properties/parcelas"}
    domain: "syntax"
    ignored: ["examples"]
warning: the following keywords are unknown and will be ignored: [examples]
    level: "warning"
    schema: {"loadingURI":"#","pointer":"/items/properties/seguro"}
    domain: "syntax"
    ignored: ["examples"]
warning: the following keywords are unknown and will be ignored: [examples]
    level: "warning"
    schema: {"loadingURI":"#","pointer":"/items/properties/valor"}
    domain: "syntax"
    ignored: ["examples"]
warning: the following keywords are unknown and will be ignored: [examples]
    level: "warning"
    schema: {"loadingURI":"#","pointer":"/items"}
    domain: "syntax"
    ignored: ["examples"]
warning: the following keywords are unknown and will be ignored: [examples]
    level: "warning"
    schema: {"loadingURI":"#","pointer":"/items/properties/cpf"}
    domain: "syntax"
    ignored: ["examples"]
warning: the following keywords are unknown and will be ignored: [examples]
    level: "warning"
    schema: {"loadingURI":"#","pointer":"/items/properties/email"}
    domain: "syntax"
    ignored: ["examples"]
warning: the following keywords are unknown and will be ignored: [examples]
    level: "warning"
    schema: {"loadingURI":"#","pointer":"/items/properties/id"}
    domain: "syntax"
    ignored: ["examples"]
warning: the following keywords are unknown and will be ignored: [examples]
    level: "warning"
    schema: {"loadingURI":"#","pointer":"/items/properties/nome"}
    domain: "syntax"
    ignored: ["examples"]
warning: the following keywords are unknown and will be ignored: [examples]
    level: "warning"
    schema: {"loadingURI":"#","pointer":"/items/properties/parcelas"}
    domain: "syntax"
    ignored: ["examples"]
warning: the following keywords are unknown and will be ignored: [examples]
    level: "warning"
    schema: {"loadingURI":"#","pointer":"/items/properties/seguro"}
    domain: "syntax"
    ignored: ["examples"]
warning: the following keywords are unknown and will be ignored: [examples]
    level: "warning"
    schema: {"loadingURI":"#","pointer":"/items/properties/valor"}
    domain: "syntax"
    ignored: ["examples"]
warning: the following keywords are unknown and will be ignored: [examples]
    level: "warning"
    schema: {"loadingURI":"#","pointer":"/items"}
    domain: "syntax"
    ignored: ["examples"]
warning: the following keywords are unknown and will be ignored: [examples]
    level: "warning"
    schema: {"loadingURI":"#","pointer":"/items/properties/cpf"}
    domain: "syntax"
    ignored: ["examples"]
warning: the following keywords are unknown and will be ignored: [examples]
    level: "warning"
    schema: {"loadingURI":"#","pointer":"/items/properties/email"}
    domain: "syntax"
    ignored: ["examples"]
warning: the following keywords are unknown and will be ignored: [examples]
    level: "warning"
    schema: {"loadingURI":"#","pointer":"/items/properties/id"}
    domain: "syntax"
    ignored: ["examples"]
warning: the following keywords are unknown and will be ignored: [examples]
    level: "warning"
    schema: {"loadingURI":"#","pointer":"/items/properties/nome"}
    domain: "syntax"
    ignored: ["examples"]
warning: the following keywords are unknown and will be ignored: [examples]
    level: "warning"
    schema: {"loadingURI":"#","pointer":"/items/properties/parcelas"}
    domain: "syntax"
    ignored: ["examples"]
warning: the following keywords are unknown and will be ignored: [examples]
    level: "warning"
    schema: {"loadingURI":"#","pointer":"/items/properties/seguro"}
    domain: "syntax"
    ignored: ["examples"]
warning: the following keywords are unknown and will be ignored: [examples]
    level: "warning"
    schema: {"loadingURI":"#","pointer":"/items/properties/valor"}
    domain: "syntax"
    ignored: ["examples"]
warning: the following keywords are unknown and will be ignored: [examples]
    level: "warning"
    schema: {"loadingURI":"#","pointer":"/items"}
    domain: "syntax"
    ignored: ["examples"]
warning: the following keywords are unknown and will be ignored: [examples]
    level: "warning"
    schema: {"loadingURI":"#","pointer":"/items/properties/cpf"}
    domain: "syntax"
    ignored: ["examples"]
warning: the following keywords are unknown and will be ignored: [examples]
    level: "warning"
    schema: {"loadingURI":"#","pointer":"/items/properties/email"}
    domain: "syntax"
    ignored: ["examples"]
warning: the following keywords are unknown and will be ignored: [examples]
    level: "warning"
    schema: {"loadingURI":"#","pointer":"/items/properties/id"}
    domain: "syntax"
    ignored: ["examples"]
warning: the following keywords are unknown and will be ignored: [examples]
    level: "warning"
    schema: {"loadingURI":"#","pointer":"/items/properties/nome"}
    domain: "syntax"
    ignored: ["examples"]
warning: the following keywords are unknown and will be ignored: [examples]
    level: "warning"
    schema: {"loadingURI":"#","pointer":"/items/properties/parcelas"}
    domain: "syntax"
    ignored: ["examples"]
warning: the following keywords are unknown and will be ignored: [examples]
    level: "warning"
    schema: {"loadingURI":"#","pointer":"/items/properties/seguro"}
    domain: "syntax"
    ignored: ["examples"]
warning: the following keywords are unknown and will be ignored: [examples]
    level: "warning"
    schema: {"loadingURI":"#","pointer":"/items/properties/valor"}
    domain: "syntax"
    ignored: ["examples"]
warning: the following keywords are unknown and will be ignored: [examples]
    level: "warning"
    schema: {"loadingURI":"#","pointer":"/items"}
    domain: "syntax"
    ignored: ["examples"]
warning: the following keywords are unknown and will be ignored: [examples]
    level: "warning"
    schema: {"loadingURI":"#","pointer":"/items/properties/cpf"}
    domain: "syntax"
    ignored: ["examples"]
warning: the following keywords are unknown and will be ignored: [examples]
    level: "warning"
    schema: {"loadingURI":"#","pointer":"/items/properties/email"}
    domain: "syntax"
    ignored: ["examples"]
warning: the following keywords are unknown and will be ignored: [examples]
    level: "warning"
    schema: {"loadingURI":"#","pointer":"/items/properties/id"}
    domain: "syntax"
    ignored: ["examples"]
warning: the following keywords are unknown and will be ignored: [examples]
    level: "warning"
    schema: {"loadingURI":"#","pointer":"/items/properties/nome"}
    domain: "syntax"
    ignored: ["examples"]
warning: the following keywords are unknown and will be ignored: [examples]
    level: "warning"
    schema: {"loadingURI":"#","pointer":"/items/properties/parcelas"}
    domain: "syntax"
    ignored: ["examples"]
warning: the following keywords are unknown and will be ignored: [examples]
    level: "warning"
    schema: {"loadingURI":"#","pointer":"/items/properties/seguro"}
    domain: "syntax"
    ignored: ["examples"]
warning: the following keywords are unknown and will be ignored: [examples]
    level: "warning"
    schema: {"loadingURI":"#","pointer":"/items/properties/valor"}
    domain: "syntax"
    ignored: ["examples"]
warning: the following keywords are unknown and will be ignored: [examples]
    level: "warning"
    schema: {"loadingURI":"#","pointer":"/items"}
    domain: "syntax"
    ignored: ["examples"]
warning: the following keywords are unknown and will be ignored: [examples]
    level: "warning"
    schema: {"loadingURI":"#","pointer":"/items/properties/cpf"}
    domain: "syntax"
    ignored: ["examples"]
warning: the following keywords are unknown and will be ignored: [examples]
    level: "warning"
    schema: {"loadingURI":"#","pointer":"/items/properties/email"}
    domain: "syntax"
    ignored: ["examples"]
warning: the following keywords are unknown and will be ignored: [examples]
    level: "warning"
    schema: {"loadingURI":"#","pointer":"/items/properties/id"}
    domain: "syntax"
    ignored: ["examples"]
warning: the following keywords are unknown and will be ignored: [examples]
    level: "warning"
    schema: {"loadingURI":"#","pointer":"/items/properties/nome"}
    domain: "syntax"
    ignored: ["examples"]
warning: the following keywords are unknown and will be ignored: [examples]
    level: "warning"
    schema: {"loadingURI":"#","pointer":"/items/properties/parcelas"}
    domain: "syntax"
    ignored: ["examples"]
warning: the following keywords are unknown and will be ignored: [examples]
    level: "warning"
    schema: {"loadingURI":"#","pointer":"/items/properties/seguro"}
    domain: "syntax"
    ignored: ["examples"]
warning: the following keywords are unknown and will be ignored: [examples]
    level: "warning"
    schema: {"loadingURI":"#","pointer":"/items/properties/valor"}
    domain: "syntax"
    ignored: ["examples"]
warning: the following keywords are unknown and will be ignored: [examples]
    level: "warning"
    schema: {"loadingURI":"#","pointer":"/items"}
    domain: "syntax"
    ignored: ["examples"]
warning: the following keywords are unknown and will be ignored: [examples]
    level: "warning"
    schema: {"loadingURI":"#","pointer":"/items/properties/cpf"}
    domain: "syntax"
    ignored: ["examples"]
warning: the following keywords are unknown and will be ignored: [examples]
    level: "warning"
    schema: {"loadingURI":"#","pointer":"/items/properties/email"}
    domain: "syntax"
    ignored: ["examples"]
warning: the following keywords are unknown and will be ignored: [examples]
    level: "warning"
    schema: {"loadingURI":"#","pointer":"/items/properties/id"}
    domain: "syntax"
    ignored: ["examples"]
warning: the following keywords are unknown and will be ignored: [examples]
    level: "warning"
    schema: {"loadingURI":"#","pointer":"/items/properties/nome"}
    domain: "syntax"
    ignored: ["examples"]
warning: the following keywords are unknown and will be ignored: [examples]
    level: "warning"
    schema: {"loadingURI":"#","pointer":"/items/properties/parcelas"}
    domain: "syntax"
    ignored: ["examples"]
warning: the following keywords are unknown and will be ignored: [examples]
    level: "warning"
    schema: {"loadingURI":"#","pointer":"/items/properties/seguro"}
    domain: "syntax"
    ignored: ["examples"]
warning: the following keywords are unknown and will be ignored: [examples]
    level: "warning"
    schema: {"loadingURI":"#","pointer":"/items/properties/valor"}
    domain: "syntax"
    ignored: ["examples"]
warning: the following keywords are unknown and will be ignored: [examples]
    level: "warning"
    schema: {"loadingURI":"#","pointer":"/items"}
    domain: "syntax"
    ignored: ["examples"]
warning: the following keywords are unknown and will be ignored: [examples]
    level: "warning"
    schema: {"loadingURI":"#","pointer":"/items/properties/cpf"}
    domain: "syntax"
    ignored: ["examples"]
warning: the following keywords are unknown and will be ignored: [examples]
    level: "warning"
    schema: {"loadingURI":"#","pointer":"/items/properties/email"}
    domain: "syntax"
    ignored: ["examples"]
warning: the following keywords are unknown and will be ignored: [examples]
    level: "warning"
    schema: {"loadingURI":"#","pointer":"/items/properties/id"}
    domain: "syntax"
    ignored: ["examples"]
warning: the following keywords are unknown and will be ignored: [examples]
    level: "warning"
    schema: {"loadingURI":"#","pointer":"/items/properties/nome"}
    domain: "syntax"
    ignored: ["examples"]
warning: the following keywords are unknown and will be ignored: [examples]
    level: "warning"
    schema: {"loadingURI":"#","pointer":"/items/properties/parcelas"}
    domain: "syntax"
    ignored: ["examples"]
warning: the following keywords are unknown and will be ignored: [examples]
    level: "warning"
    schema: {"loadingURI":"#","pointer":"/items/properties/seguro"}
    domain: "syntax"
    ignored: ["examples"]
warning: the following keywords are unknown and will be ignored: [examples]
    level: "warning"
    schema: {"loadingURI":"#","pointer":"/items/properties/valor"}
    domain: "syntax"
    ignored: ["examples"]
warning: the following keywords are unknown and will be ignored: [examples]
    level: "warning"
    schema: {"loadingURI":"#","pointer":"/items"}
    domain: "syntax"
    ignored: ["examples"]
warning: the following keywords are unknown and will be ignored: [examples]
    level: "warning"
    schema: {"loadingURI":"#","pointer":"/items/properties/cpf"}
    domain: "syntax"
    ignored: ["examples"]
warning: the following keywords are unknown and will be ignored: [examples]
    level: "warning"
    schema: {"loadingURI":"#","pointer":"/items/properties/email"}
    domain: "syntax"
    ignored: ["examples"]
warning: the following keywords are unknown and will be ignored: [examples]
    level: "warning"
    schema: {"loadingURI":"#","pointer":"/items/properties/id"}
    domain: "syntax"
    ignored: ["examples"]
warning: the following keywords are unknown and will be ignored: [examples]
    level: "warning"
    schema: {"loadingURI":"#","pointer":"/items/properties/nome"}
    domain: "syntax"
    ignored: ["examples"]
warning: the following keywords are unknown and will be ignored: [examples]
    level: "warning"
    schema: {"loadingURI":"#","pointer":"/items/properties/parcelas"}
    domain: "syntax"
    ignored: ["examples"]
warning: the following keywords are unknown and will be ignored: [examples]
    level: "warning"
    schema: {"loadingURI":"#","pointer":"/items/properties/seguro"}
    domain: "syntax"
    ignored: ["examples"]
warning: the following keywords are unknown and will be ignored: [examples]
    level: "warning"
    schema: {"loadingURI":"#","pointer":"/items/properties/valor"}
    domain: "syntax"
    ignored: ["examples"]
warning: the following keywords are unknown and will be ignored: [examples]
    level: "warning"
    schema: {"loadingURI":"#","pointer":"/items"}
    domain: "syntax"
    ignored: ["examples"]
warning: the following keywords are unknown and will be ignored: [examples]
    level: "warning"
    schema: {"loadingURI":"#","pointer":"/items/properties/cpf"}
    domain: "syntax"
    ignored: ["examples"]
warning: the following keywords are unknown and will be ignored: [examples]
    level: "warning"
    schema: {"loadingURI":"#","pointer":"/items/properties/email"}
    domain: "syntax"
    ignored: ["examples"]
warning: the following keywords are unknown and will be ignored: [examples]
    level: "warning"
    schema: {"loadingURI":"#","pointer":"/items/properties/id"}
    domain: "syntax"
    ignored: ["examples"]
warning: the following keywords are unknown and will be ignored: [examples]
    level: "warning"
    schema: {"loadingURI":"#","pointer":"/items/properties/nome"}
    domain: "syntax"
    ignored: ["examples"]
warning: the following keywords are unknown and will be ignored: [examples]
    level: "warning"
    schema: {"loadingURI":"#","pointer":"/items/properties/parcelas"}
    domain: "syntax"
    ignored: ["examples"]
warning: the following keywords are unknown and will be ignored: [examples]
    level: "warning"
    schema: {"loadingURI":"#","pointer":"/items/properties/seguro"}
    domain: "syntax"
    ignored: ["examples"]
warning: the following keywords are unknown and will be ignored: [examples]
    level: "warning"
    schema: {"loadingURI":"#","pointer":"/items/properties/valor"}
    domain: "syntax"
    ignored: ["examples"]
warning: the following keywords are unknown and will be ignored: [examples]
    level: "warning"
    schema: {"loadingURI":"#","pointer":"/items"}
    domain: "syntax"
    ignored: ["examples"]
warning: the following keywords are unknown and will be ignored: [examples]
    level: "warning"
    schema: {"loadingURI":"#","pointer":"/items/properties/cpf"}
    domain: "syntax"
    ignored: ["examples"]
warning: the following keywords are unknown and will be ignored: [examples]
    level: "warning"
    schema: {"loadingURI":"#","pointer":"/items/properties/email"}
    domain: "syntax"
    ignored: ["examples"]
warning: the following keywords are unknown and will be ignored: [examples]
    level: "warning"
    schema: {"loadingURI":"#","pointer":"/items/properties/id"}
    domain: "syntax"
    ignored: ["examples"]
warning: the following keywords are unknown and will be ignored: [examples]
    level: "warning"
    schema: {"loadingURI":"#","pointer":"/items/properties/nome"}
    domain: "syntax"
    ignored: ["examples"]
warning: the following keywords are unknown and will be ignored: [examples]
    level: "warning"
    schema: {"loadingURI":"#","pointer":"/items/properties/parcelas"}
    domain: "syntax"
    ignored: ["examples"]
warning: the following keywords are unknown and will be ignored: [examples]
    level: "warning"
    schema: {"loadingURI":"#","pointer":"/items/properties/seguro"}
    domain: "syntax"
    ignored: ["examples"]
warning: the following keywords are unknown and will be ignored: [examples]
    level: "warning"
    schema: {"loadingURI":"#","pointer":"/items/properties/valor"}
    domain: "syntax"
    ignored: ["examples"]
warning: the following keywords are unknown and will be ignored: [examples]
    level: "warning"
    schema: {"loadingURI":"#","pointer":"/items"}
    domain: "syntax"
    ignored: ["examples"]
warning: the following keywords are unknown and will be ignored: [examples]
    level: "warning"
    schema: {"loadingURI":"#","pointer":"/items/properties/cpf"}
    domain: "syntax"
    ignored: ["examples"]
warning: the following keywords are unknown and will be ignored: [examples]
    level: "warning"
    schema: {"loadingURI":"#","pointer":"/items/properties/email"}
    domain: "syntax"
    ignored: ["examples"]
warning: the following keywords are unknown and will be ignored: [examples]
    level: "warning"
    schema: {"loadingURI":"#","pointer":"/items/properties/id"}
    domain: "syntax"
    ignored: ["examples"]
warning: the following keywords are unknown and will be ignored: [examples]
    level: "warning"
    schema: {"loadingURI":"#","pointer":"/items/properties/nome"}
    domain: "syntax"
    ignored: ["examples"]
warning: the following keywords are unknown and will be ignored: [examples]
    level: "warning"
    schema: {"loadingURI":"#","pointer":"/items/properties/parcelas"}
    domain: "syntax"
    ignored: ["examples"]
warning: the following keywords are unknown and will be ignored: [examples]
    level: "warning"
    schema: {"loadingURI":"#","pointer":"/items/properties/seguro"}
    domain: "syntax"
    ignored: ["examples"]
warning: the following keywords are unknown and will be ignored: [examples]
    level: "warning"
    schema: {"loadingURI":"#","pointer":"/items/properties/valor"}
    domain: "syntax"
    ignored: ["examples"]
warning: the following keywords are unknown and will be ignored: [examples]
    level: "warning"
    schema: {"loadingURI":"#","pointer":"/items"}
    domain: "syntax"
    ignored: ["examples"]
warning: the following keywords are unknown and will be ignored: [examples]
    level: "warning"
    schema: {"loadingURI":"#","pointer":"/items/properties/cpf"}
    domain: "syntax"
    ignored: ["examples"]
warning: the following keywords are unknown and will be ignored: [examples]
    level: "warning"
    schema: {"loadingURI":"#","pointer":"/items/properties/email"}
    domain: "syntax"
    ignored: ["examples"]
warning: the following keywords are unknown and will be ignored: [examples]
    level: "warning"
    schema: {"loadingURI":"#","pointer":"/items/properties/id"}
    domain: "syntax"
    ignored: ["examples"]
warning: the following keywords are unknown and will be ignored: [examples]
    level: "warning"
    schema: {"loadingURI":"#","pointer":"/items/properties/nome"}
    domain: "syntax"
    ignored: ["examples"]
warning: the following keywords are unknown and will be ignored: [examples]
    level: "warning"
    schema: {"loadingURI":"#","pointer":"/items/properties/parcelas"}
    domain: "syntax"
    ignored: ["examples"]
warning: the following keywords are unknown and will be ignored: [examples]
    level: "warning"
    schema: {"loadingURI":"#","pointer":"/items/properties/seguro"}
    domain: "syntax"
    ignored: ["examples"]
warning: the following keywords are unknown and will be ignored: [examples]
    level: "warning"
    schema: {"loadingURI":"#","pointer":"/items/properties/valor"}
    domain: "syntax"
    ignored: ["examples"]
warning: the following keywords are unknown and will be ignored: [examples]
    level: "warning"
    schema: {"loadingURI":"#","pointer":"/items"}
    domain: "syntax"
    ignored: ["examples"]
warning: the following keywords are unknown and will be ignored: [examples]
    level: "warning"
    schema: {"loadingURI":"#","pointer":"/items/properties/cpf"}
    domain: "syntax"
    ignored: ["examples"]
warning: the following keywords are unknown and will be ignored: [examples]
    level: "warning"
    schema: {"loadingURI":"#","pointer":"/items/properties/email"}
    domain: "syntax"
    ignored: ["examples"]
warning: the following keywords are unknown and will be ignored: [examples]
    level: "warning"
    schema: {"loadingURI":"#","pointer":"/items/properties/id"}
    domain: "syntax"
    ignored: ["examples"]
warning: the following keywords are unknown and will be ignored: [examples]
    level: "warning"
    schema: {"loadingURI":"#","pointer":"/items/properties/nome"}
    domain: "syntax"
    ignored: ["examples"]
warning: the following keywords are unknown and will be ignored: [examples]
    level: "warning"
    schema: {"loadingURI":"#","pointer":"/items/properties/parcelas"}
    domain: "syntax"
    ignored: ["examples"]
warning: the following keywords are unknown and will be ignored: [examples]
    level: "warning"
    schema: {"loadingURI":"#","pointer":"/items/properties/seguro"}
    domain: "syntax"
    ignored: ["examples"]
warning: the following keywords are unknown and will be ignored: [examples]
    level: "warning"
    schema: {"loadingURI":"#","pointer":"/items/properties/valor"}
    domain: "syntax"
    ignored: ["examples"]
warning: the following keywords are unknown and will be ignored: [examples]
    level: "warning"
    schema: {"loadingURI":"#","pointer":"/items"}
    domain: "syntax"
    ignored: ["examples"]
warning: the following keywords are unknown and will be ignored: [examples]
    level: "warning"
    schema: {"loadingURI":"#","pointer":"/items/properties/cpf"}
    domain: "syntax"
    ignored: ["examples"]
warning: the following keywords are unknown and will be ignored: [examples]
    level: "warning"
    schema: {"loadingURI":"#","pointer":"/items/properties/email"}
    domain: "syntax"
    ignored: ["examples"]
warning: the following keywords are unknown and will be ignored: [examples]
    level: "warning"
    schema: {"loadingURI":"#","pointer":"/items/properties/id"}
    domain: "syntax"
    ignored: ["examples"]
warning: the following keywords are unknown and will be ignored: [examples]
    level: "warning"
    schema: {"loadingURI":"#","pointer":"/items/properties/nome"}
    domain: "syntax"
    ignored: ["examples"]
warning: the following keywords are unknown and will be ignored: [examples]
    level: "warning"
    schema: {"loadingURI":"#","pointer":"/items/properties/parcelas"}
    domain: "syntax"
    ignored: ["examples"]
warning: the following keywords are unknown and will be ignored: [examples]
    level: "warning"
    schema: {"loadingURI":"#","pointer":"/items/properties/seguro"}
    domain: "syntax"
    ignored: ["examples"]
warning: the following keywords are unknown and will be ignored: [examples]
    level: "warning"
    schema: {"loadingURI":"#","pointer":"/items/properties/valor"}
    domain: "syntax"
    ignored: ["examples"]
warning: the following keywords are unknown and will be ignored: [examples]
    level: "warning"
    schema: {"loadingURI":"#","pointer":"/items"}
    domain: "syntax"
    ignored: ["examples"]
warning: the following keywords are unknown and will be ignored: [examples]
    level: "warning"
    schema: {"loadingURI":"#","pointer":"/items/properties/cpf"}
    domain: "syntax"
    ignored: ["examples"]
warning: the following keywords are unknown and will be ignored: [examples]
    level: "warning"
    schema: {"loadingURI":"#","pointer":"/items/properties/email"}
    domain: "syntax"
    ignored: ["examples"]
warning: the following keywords are unknown and will be ignored: [examples]
    level: "warning"
    schema: {"loadingURI":"#","pointer":"/items/properties/id"}
    domain: "syntax"
    ignored: ["examples"]
warning: the following keywords are unknown and will be ignored: [examples]
    level: "warning"
    schema: {"loadingURI":"#","pointer":"/items/properties/nome"}
    domain: "syntax"
    ignored: ["examples"]
warning: the following keywords are unknown and will be ignored: [examples]
    level: "warning"
    schema: {"loadingURI":"#","pointer":"/items/properties/parcelas"}
    domain: "syntax"
    ignored: ["examples"]
warning: the following keywords are unknown and will be ignored: [examples]
    level: "warning"
    schema: {"loadingURI":"#","pointer":"/items/properties/seguro"}
    domain: "syntax"
    ignored: ["examples"]
warning: the following keywords are unknown and will be ignored: [examples]
    level: "warning"
    schema: {"loadingURI":"#","pointer":"/items/properties/valor"}
    domain: "syntax"
    ignored: ["examples"]
warning: the following keywords are unknown and will be ignored: [examples]
    level: "warning"
    schema: {"loadingURI":"#","pointer":"/items"}
    domain: "syntax"
    ignored: ["examples"]
warning: the following keywords are unknown and will be ignored: [examples]
    level: "warning"
    schema: {"loadingURI":"#","pointer":"/items/properties/cpf"}
    domain: "syntax"
    ignored: ["examples"]
warning: the following keywords are unknown and will be ignored: [examples]
    level: "warning"
    schema: {"loadingURI":"#","pointer":"/items/properties/email"}
    domain: "syntax"
    ignored: ["examples"]
warning: the following keywords are unknown and will be ignored: [examples]
    level: "warning"
    schema: {"loadingURI":"#","pointer":"/items/properties/id"}
    domain: "syntax"
    ignored: ["examples"]
warning: the following keywords are unknown and will be ignored: [examples]
    level: "warning"
    schema: {"loadingURI":"#","pointer":"/items/properties/nome"}
    domain: "syntax"
    ignored: ["examples"]
warning: the following keywords are unknown and will be ignored: [examples]
    level: "warning"
    schema: {"loadingURI":"#","pointer":"/items/properties/parcelas"}
    domain: "syntax"
    ignored: ["examples"]
warning: the following keywords are unknown and will be ignored: [examples]
    level: "warning"
    schema: {"loadingURI":"#","pointer":"/items/properties/seguro"}
    domain: "syntax"
    ignored: ["examples"]
warning: the following keywords are unknown and will be ignored: [examples]
    level: "warning"
    schema: {"loadingURI":"#","pointer":"/items/properties/valor"}
    domain: "syntax"
    ignored: ["examples"]
warning: the following keywords are unknown and will be ignored: [examples]
    level: "warning"
    schema: {"loadingURI":"#","pointer":"/items"}
    domain: "syntax"
    ignored: ["examples"]
warning: the following keywords are unknown and will be ignored: [examples]
    level: "warning"
    schema: {"loadingURI":"#","pointer":"/items/properties/cpf"}
    domain: "syntax"
    ignored: ["examples"]
warning: the following keywords are unknown and will be ignored: [examples]
    level: "warning"
    schema: {"loadingURI":"#","pointer":"/items/properties/email"}
    domain: "syntax"
    ignored: ["examples"]
warning: the following keywords are unknown and will be ignored: [examples]
    level: "warning"
    schema: {"loadingURI":"#","pointer":"/items/properties/id"}
    domain: "syntax"
    ignored: ["examples"]
warning: the following keywords are unknown and will be ignored: [examples]
    level: "warning"
    schema: {"loadingURI":"#","pointer":"/items/properties/nome"}
    domain: "syntax"
    ignored: ["examples"]
warning: the following keywords are unknown and will be ignored: [examples]
    level: "warning"
    schema: {"loadingURI":"#","pointer":"/items/properties/parcelas"}
    domain: "syntax"
    ignored: ["examples"]
warning: the following keywords are unknown and will be ignored: [examples]
    level: "warning"
    schema: {"loadingURI":"#","pointer":"/items/properties/seguro"}
    domain: "syntax"
    ignored: ["examples"]
warning: the following keywords are unknown and will be ignored: [examples]
    level: "warning"
    schema: {"loadingURI":"#","pointer":"/items/properties/valor"}
    domain: "syntax"
    ignored: ["examples"]
warning: the following keywords are unknown and will be ignored: [examples]
    level: "warning"
    schema: {"loadingURI":"#","pointer":"/items"}
    domain: "syntax"
    ignored: ["examples"]
warning: the following keywords are unknown and will be ignored: [examples]
    level: "warning"
    schema: {"loadingURI":"#","pointer":"/items/properties/cpf"}
    domain: "syntax"
    ignored: ["examples"]
warning: the following keywords are unknown and will be ignored: [examples]
    level: "warning"
    schema: {"loadingURI":"#","pointer":"/items/properties/email"}
    domain: "syntax"
    ignored: ["examples"]
warning: the following keywords are unknown and will be ignored: [examples]
    level: "warning"
    schema: {"loadingURI":"#","pointer":"/items/properties/id"}
    domain: "syntax"
    ignored: ["examples"]
warning: the following keywords are unknown and will be ignored: [examples]
    level: "warning"
    schema: {"loadingURI":"#","pointer":"/items/properties/nome"}
    domain: "syntax"
    ignored: ["examples"]
warning: the following keywords are unknown and will be ignored: [examples]
    level: "warning"
    schema: {"loadingURI":"#","pointer":"/items/properties/parcelas"}
    domain: "syntax"
    ignored: ["examples"]
warning: the following keywords are unknown and will be ignored: [examples]
    level: "warning"
    schema: {"loadingURI":"#","pointer":"/items/properties/seguro"}
    domain: "syntax"
    ignored: ["examples"]
warning: the following keywords are unknown and will be ignored: [examples]
    level: "warning"
    schema: {"loadingURI":"#","pointer":"/items/properties/valor"}
    domain: "syntax"
    ignored: ["examples"]
warning: the following keywords are unknown and will be ignored: [examples]
    level: "warning"
    schema: {"loadingURI":"#","pointer":"/items"}
    domain: "syntax"
    ignored: ["examples"]
warning: the following keywords are unknown and will be ignored: [examples]
    level: "warning"
    schema: {"loadingURI":"#","pointer":"/items/properties/cpf"}
    domain: "syntax"
    ignored: ["examples"]
warning: the following keywords are unknown and will be ignored: [examples]
    level: "warning"
    schema: {"loadingURI":"#","pointer":"/items/properties/email"}
    domain: "syntax"
    ignored: ["examples"]
warning: the following keywords are unknown and will be ignored: [examples]
    level: "warning"
    schema: {"loadingURI":"#","pointer":"/items/properties/id"}
    domain: "syntax"
    ignored: ["examples"]
warning: the following keywords are unknown and will be ignored: [examples]
    level: "warning"
    schema: {"loadingURI":"#","pointer":"/items/properties/nome"}
    domain: "syntax"
    ignored: ["examples"]
warning: the following keywords are unknown and will be ignored: [examples]
    level: "warning"
    schema: {"loadingURI":"#","pointer":"/items/properties/parcelas"}
    domain: "syntax"
    ignored: ["examples"]
warning: the following keywords are unknown and will be ignored: [examples]
    level: "warning"
    schema: {"loadingURI":"#","pointer":"/items/properties/seguro"}
    domain: "syntax"
    ignored: ["examples"]
warning: the following keywords are unknown and will be ignored: [examples]
    level: "warning"
    schema: {"loadingURI":"#","pointer":"/items/properties/valor"}
    domain: "syntax"
    ignored: ["examples"]
warning: the following keywords are unknown and will be ignored: [examples]
    level: "warning"
    schema: {"loadingURI":"#","pointer":"/items"}
    domain: "syntax"
    ignored: ["examples"]
warning: the following keywords are unknown and will be ignored: [examples]
    level: "warning"
    schema: {"loadingURI":"#","pointer":"/items/properties/cpf"}
    domain: "syntax"
    ignored: ["examples"]
warning: the following keywords are unknown and will be ignored: [examples]
    level: "warning"
    schema: {"loadingURI":"#","pointer":"/items/properties/email"}
    domain: "syntax"
    ignored: ["examples"]
warning: the following keywords are unknown and will be ignored: [examples]
    level: "warning"
    schema: {"loadingURI":"#","pointer":"/items/properties/id"}
    domain: "syntax"
    ignored: ["examples"]
warning: the following keywords are unknown and will be ignored: [examples]
    level: "warning"
    schema: {"loadingURI":"#","pointer":"/items/properties/nome"}
    domain: "syntax"
    ignored: ["examples"]
warning: the following keywords are unknown and will be ignored: [examples]
    level: "warning"
    schema: {"loadingURI":"#","pointer":"/items/properties/parcelas"}
    domain: "syntax"
    ignored: ["examples"]
warning: the following keywords are unknown and will be ignored: [examples]
    level: "warning"
    schema: {"loadingURI":"#","pointer":"/items/properties/seguro"}
    domain: "syntax"
    ignored: ["examples"]
warning: the following keywords are unknown and will be ignored: [examples]
    level: "warning"
    schema: {"loadingURI":"#","pointer":"/items/properties/valor"}
    domain: "syntax"
    ignored: ["examples"]
warning: the following keywords are unknown and will be ignored: [examples]
    level: "warning"
    schema: {"loadingURI":"#","pointer":"/items"}
    domain: "syntax"
    ignored: ["examples"]
warning: the following keywords are unknown and will be ignored: [examples]
    level: "warning"
    schema: {"loadingURI":"#","pointer":"/items/properties/cpf"}
    domain: "syntax"
    ignored: ["examples"]
warning: the following keywords are unknown and will be ignored: [examples]
    level: "warning"
    schema: {"loadingURI":"#","pointer":"/items/properties/email"}
    domain: "syntax"
    ignored: ["examples"]
warning: the following keywords are unknown and will be ignored: [examples]
    level: "warning"
    schema: {"loadingURI":"#","pointer":"/items/properties/id"}
    domain: "syntax"
    ignored: ["examples"]
warning: the following keywords are unknown and will be ignored: [examples]
    level: "warning"
    schema: {"loadingURI":"#","pointer":"/items/properties/nome"}
    domain: "syntax"
    ignored: ["examples"]
warning: the following keywords are unknown and will be ignored: [examples]
    level: "warning"
    schema: {"loadingURI":"#","pointer":"/items/properties/parcelas"}
    domain: "syntax"
    ignored: ["examples"]
warning: the following keywords are unknown and will be ignored: [examples]
    level: "warning"
    schema: {"loadingURI":"#","pointer":"/items/properties/seguro"}
    domain: "syntax"
    ignored: ["examples"]
warning: the following keywords are unknown and will be ignored: [examples]
    level: "warning"
    schema: {"loadingURI":"#","pointer":"/items/properties/valor"}
    domain: "syntax"
    ignored: ["examples"]
warning: the following keywords are unknown and will be ignored: [examples]
    level: "warning"
    schema: {"loadingURI":"#","pointer":"/items"}
    domain: "syntax"
    ignored: ["examples"]
warning: the following keywords are unknown and will be ignored: [examples]
    level: "warning"
    schema: {"loadingURI":"#","pointer":"/items/properties/cpf"}
    domain: "syntax"
    ignored: ["examples"]
warning: the following keywords are unknown and will be ignored: [examples]
    level: "warning"
    schema: {"loadingURI":"#","pointer":"/items/properties/email"}
    domain: "syntax"
    ignored: ["examples"]
warning: the following keywords are unknown and will be ignored: [examples]
    level: "warning"
    schema: {"loadingURI":"#","pointer":"/items/properties/id"}
    domain: "syntax"
    ignored: ["examples"]
warning: the following keywords are unknown and will be ignored: [examples]
    level: "warning"
    schema: {"loadingURI":"#","pointer":"/items/properties/nome"}
    domain: "syntax"
    ignored: ["examples"]
warning: the following keywords are unknown and will be ignored: [examples]
    level: "warning"
    schema: {"loadingURI":"#","pointer":"/items/properties/parcelas"}
    domain: "syntax"
    ignored: ["examples"]
warning: the following keywords are unknown and will be ignored: [examples]
    level: "warning"
    schema: {"loadingURI":"#","pointer":"/items/properties/seguro"}
    domain: "syntax"
    ignored: ["examples"]
warning: the following keywords are unknown and will be ignored: [examples]
    level: "warning"
    schema: {"loadingURI":"#","pointer":"/items/properties/valor"}
    domain: "syntax"
    ignored: ["examples"]
warning: the following keywords are unknown and will be ignored: [examples]
    level: "warning"
    schema: {"loadingURI":"#","pointer":"/items"}
    domain: "syntax"
    ignored: ["examples"]
warning: the following keywords are unknown and will be ignored: [examples]
    level: "warning"
    schema: {"loadingURI":"#","pointer":"/items/properties/cpf"}
    domain: "syntax"
    ignored: ["examples"]
warning: the following keywords are unknown and will be ignored: [examples]
    level: "warning"
    schema: {"loadingURI":"#","pointer":"/items/properties/email"}
    domain: "syntax"
    ignored: ["examples"]
warning: the following keywords are unknown and will be ignored: [examples]
    level: "warning"
    schema: {"loadingURI":"#","pointer":"/items/properties/id"}
    domain: "syntax"
    ignored: ["examples"]
warning: the following keywords are unknown and will be ignored: [examples]
    level: "warning"
    schema: {"loadingURI":"#","pointer":"/items/properties/nome"}
    domain: "syntax"
    ignored: ["examples"]
warning: the following keywords are unknown and will be ignored: [examples]
    level: "warning"
    schema: {"loadingURI":"#","pointer":"/items/properties/parcelas"}
    domain: "syntax"
    ignored: ["examples"]
warning: the following keywords are unknown and will be ignored: [examples]
    level: "warning"
    schema: {"loadingURI":"#","pointer":"/items/properties/seguro"}
    domain: "syntax"
    ignored: ["examples"]
warning: the following keywords are unknown and will be ignored: [examples]
    level: "warning"
    schema: {"loadingURI":"#","pointer":"/items/properties/valor"}
    domain: "syntax"
    ignored: ["examples"]
warning: the following keywords are unknown and will be ignored: [examples]
    level: "warning"
    schema: {"loadingURI":"#","pointer":"/items"}
    domain: "syntax"
    ignored: ["examples"]
warning: the following keywords are unknown and will be ignored: [examples]
    level: "warning"
    schema: {"loadingURI":"#","pointer":"/items/properties/cpf"}
    domain: "syntax"
    ignored: ["examples"]
warning: the following keywords are unknown and will be ignored: [examples]
    level: "warning"
    schema: {"loadingURI":"#","pointer":"/items/properties/email"}
    domain: "syntax"
    ignored: ["examples"]
warning: the following keywords are unknown and will be ignored: [examples]
    level: "warning"
    schema: {"loadingURI":"#","pointer":"/items/properties/id"}
    domain: "syntax"
    ignored: ["examples"]
warning: the following keywords are unknown and will be ignored: [examples]
    level: "warning"
    schema: {"loadingURI":"#","pointer":"/items/properties/nome"}
    domain: "syntax"
    ignored: ["examples"]
warning: the following keywords are unknown and will be ignored: [examples]
    level: "warning"
    schema: {"loadingURI":"#","pointer":"/items/properties/parcelas"}
    domain: "syntax"
    ignored: ["examples"]
warning: the following keywords are unknown and will be ignored: [examples]
    level: "warning"
    schema: {"loadingURI":"#","pointer":"/items/properties/seguro"}
    domain: "syntax"
    ignored: ["examples"]
warning: the following keywords are unknown and will be ignored: [examples]
    level: "warning"
    schema: {"loadingURI":"#","pointer":"/items/properties/valor"}
    domain: "syntax"
    ignored: ["examples"]
warning: the following keywords are unknown and will be ignored: [examples]
    level: "warning"
    schema: {"loadingURI":"#","pointer":"/items"}
    domain: "syntax"
    ignored: ["examples"]
warning: the following keywords are unknown and will be ignored: [examples]
    level: "warning"
    schema: {"loadingURI":"#","pointer":"/items/properties/cpf"}
    domain: "syntax"
    ignored: ["examples"]
warning: the following keywords are unknown and will be ignored: [examples]
    level: "warning"
    schema: {"loadingURI":"#","pointer":"/items/properties/email"}
    domain: "syntax"
    ignored: ["examples"]
warning: the following keywords are unknown and will be ignored: [examples]
    level: "warning"
    schema: {"loadingURI":"#","pointer":"/items/properties/id"}
    domain: "syntax"
    ignored: ["examples"]
warning: the following keywords are unknown and will be ignored: [examples]
    level: "warning"
    schema: {"loadingURI":"#","pointer":"/items/properties/nome"}
    domain: "syntax"
    ignored: ["examples"]
warning: the following keywords are unknown and will be ignored: [examples]
    level: "warning"
    schema: {"loadingURI":"#","pointer":"/items/properties/parcelas"}
    domain: "syntax"
    ignored: ["examples"]
warning: the following keywords are unknown and will be ignored: [examples]
    level: "warning"
    schema: {"loadingURI":"#","pointer":"/items/properties/seguro"}
    domain: "syntax"
    ignored: ["examples"]
warning: the following keywords are unknown and will be ignored: [examples]
    level: "warning"
    schema: {"loadingURI":"#","pointer":"/items/properties/valor"}
    domain: "syntax"
    ignored: ["examples"]
warning: the following keywords are unknown and will be ignored: [examples]
    level: "warning"
    schema: {"loadingURI":"#","pointer":"/items"}
    domain: "syntax"
    ignored: ["examples"]
warning: the following keywords are unknown and will be ignored: [examples]
    level: "warning"
    schema: {"loadingURI":"#","pointer":"/items/properties/cpf"}
    domain: "syntax"
    ignored: ["examples"]
warning: the following keywords are unknown and will be ignored: [examples]
    level: "warning"
    schema: {"loadingURI":"#","pointer":"/items/properties/email"}
    domain: "syntax"
    ignored: ["examples"]
warning: the following keywords are unknown and will be ignored: [examples]
    level: "warning"
    schema: {"loadingURI":"#","pointer":"/items/properties/id"}
    domain: "syntax"
    ignored: ["examples"]
warning: the following keywords are unknown and will be ignored: [examples]
    level: "warning"
    schema: {"loadingURI":"#","pointer":"/items/properties/nome"}
    domain: "syntax"
    ignored: ["examples"]
warning: the following keywords are unknown and will be ignored: [examples]
    level: "warning"
    schema: {"loadingURI":"#","pointer":"/items/properties/parcelas"}
    domain: "syntax"
    ignored: ["examples"]
warning: the following keywords are unknown and will be ignored: [examples]
    level: "warning"
    schema: {"loadingURI":"#","pointer":"/items/properties/seguro"}
    domain: "syntax"
    ignored: ["examples"]
warning: the following keywords are unknown and will be ignored: [examples]
    level: "warning"
    schema: {"loadingURI":"#","pointer":"/items/properties/valor"}
    domain: "syntax"
    ignored: ["examples"]
warning: the following keywords are unknown and will be ignored: [examples]
    level: "warning"
    schema: {"loadingURI":"#","pointer":"/items"}
    domain: "syntax"
    ignored: ["examples"]
warning: the following keywords are unknown and will be ignored: [examples]
    level: "warning"
    schema: {"loadingURI":"#","pointer":"/items/properties/cpf"}
    domain: "syntax"
    ignored: ["examples"]
warning: the following keywords are unknown and will be ignored: [examples]
    level: "warning"
    schema: {"loadingURI":"#","pointer":"/items/properties/email"}
    domain: "syntax"
    ignored: ["examples"]
warning: the following keywords are unknown and will be ignored: [examples]
    level: "warning"
    schema: {"loadingURI":"#","pointer":"/items/properties/id"}
    domain: "syntax"
    ignored: ["examples"]
warning: the following keywords are unknown and will be ignored: [examples]
    level: "warning"
    schema: {"loadingURI":"#","pointer":"/items/properties/nome"}
    domain: "syntax"
    ignored: ["examples"]
warning: the following keywords are unknown and will be ignored: [examples]
    level: "warning"
    schema: {"loadingURI":"#","pointer":"/items/properties/parcelas"}
    domain: "syntax"
    ignored: ["examples"]
warning: the following keywords are unknown and will be ignored: [examples]
    level: "warning"
    schema: {"loadingURI":"#","pointer":"/items/properties/seguro"}
    domain: "syntax"
    ignored: ["examples"]
warning: the following keywords are unknown and will be ignored: [examples]
    level: "warning"
    schema: {"loadingURI":"#","pointer":"/items/properties/valor"}
    domain: "syntax"
    ignored: ["examples"]
warning: the following keywords are unknown and will be ignored: [examples]
    level: "warning"
    schema: {"loadingURI":"#","pointer":"/items"}
    domain: "syntax"
    ignored: ["examples"]
warning: the following keywords are unknown and will be ignored: [examples]
    level: "warning"
    schema: {"loadingURI":"#","pointer":"/items/properties/cpf"}
    domain: "syntax"
    ignored: ["examples"]
warning: the following keywords are unknown and will be ignored: [examples]
    level: "warning"
    schema: {"loadingURI":"#","pointer":"/items/properties/email"}
    domain: "syntax"
    ignored: ["examples"]
warning: the following keywords are unknown and will be ignored: [examples]
    level: "warning"
    schema: {"loadingURI":"#","pointer":"/items/properties/id"}
    domain: "syntax"
    ignored: ["examples"]
warning: the following keywords are unknown and will be ignored: [examples]
    level: "warning"
    schema: {"loadingURI":"#","pointer":"/items/properties/nome"}
    domain: "syntax"
    ignored: ["examples"]
warning: the following keywords are unknown and will be ignored: [examples]
    level: "warning"
    schema: {"loadingURI":"#","pointer":"/items/properties/parcelas"}
    domain: "syntax"
    ignored: ["examples"]
warning: the following keywords are unknown and will be ignored: [examples]
    level: "warning"
    schema: {"loadingURI":"#","pointer":"/items/properties/seguro"}
    domain: "syntax"
    ignored: ["examples"]
warning: the following keywords are unknown and will be ignored: [examples]
    level: "warning"
    schema: {"loadingURI":"#","pointer":"/items/properties/valor"}
    domain: "syntax"
    ignored: ["examples"]
warning: the following keywords are unknown and will be ignored: [examples]
    level: "warning"
    schema: {"loadingURI":"#","pointer":"/items"}
    domain: "syntax"
    ignored: ["examples"]
warning: the following keywords are unknown and will be ignored: [examples]
    level: "warning"
    schema: {"loadingURI":"#","pointer":"/items/properties/cpf"}
    domain: "syntax"
    ignored: ["examples"]
warning: the following keywords are unknown and will be ignored: [examples]
    level: "warning"
    schema: {"loadingURI":"#","pointer":"/items/properties/email"}
    domain: "syntax"
    ignored: ["examples"]
warning: the following keywords are unknown and will be ignored: [examples]
    level: "warning"
    schema: {"loadingURI":"#","pointer":"/items/properties/id"}
    domain: "syntax"
    ignored: ["examples"]
warning: the following keywords are unknown and will be ignored: [examples]
    level: "warning"
    schema: {"loadingURI":"#","pointer":"/items/properties/nome"}
    domain: "syntax"
    ignored: ["examples"]
warning: the following keywords are unknown and will be ignored: [examples]
    level: "warning"
    schema: {"loadingURI":"#","pointer":"/items/properties/parcelas"}
    domain: "syntax"
    ignored: ["examples"]
warning: the following keywords are unknown and will be ignored: [examples]
    level: "warning"
    schema: {"loadingURI":"#","pointer":"/items/properties/seguro"}
    domain: "syntax"
    ignored: ["examples"]
warning: the following keywords are unknown and will be ignored: [examples]
    level: "warning"
    schema: {"loadingURI":"#","pointer":"/items/properties/valor"}
    domain: "syntax"
    ignored: ["examples"]
warning: the following keywords are unknown and will be ignored: [examples]
    level: "warning"
    schema: {"loadingURI":"#","pointer":"/items"}
    domain: "syntax"
    ignored: ["examples"]
warning: the following keywords are unknown and will be ignored: [examples]
    level: "warning"
    schema: {"loadingURI":"#","pointer":"/items/properties/cpf"}
    domain: "syntax"
    ignored: ["examples"]
warning: the following keywords are unknown and will be ignored: [examples]
    level: "warning"
    schema: {"loadingURI":"#","pointer":"/items/properties/email"}
    domain: "syntax"
    ignored: ["examples"]
warning: the following keywords are unknown and will be ignored: [examples]
    level: "warning"
    schema: {"loadingURI":"#","pointer":"/items/properties/id"}
    domain: "syntax"
    ignored: ["examples"]
warning: the following keywords are unknown and will be ignored: [examples]
    level: "warning"
    schema: {"loadingURI":"#","pointer":"/items/properties/nome"}
    domain: "syntax"
    ignored: ["examples"]
warning: the following keywords are unknown and will be ignored: [examples]
    level: "warning"
    schema: {"loadingURI":"#","pointer":"/items/properties/parcelas"}
    domain: "syntax"
    ignored: ["examples"]
warning: the following keywords are unknown and will be ignored: [examples]
    level: "warning"
    schema: {"loadingURI":"#","pointer":"/items/properties/seguro"}
    domain: "syntax"
    ignored: ["examples"]
warning: the following keywords are unknown and will be ignored: [examples]
    level: "warning"
    schema: {"loadingURI":"#","pointer":"/items/properties/valor"}
    domain: "syntax"
    ignored: ["examples"]
warning: the following keywords are unknown and will be ignored: [examples]
    level: "warning"
    schema: {"loadingURI":"#","pointer":"/items"}
    domain: "syntax"
    ignored: ["examples"]
warning: the following keywords are unknown and will be ignored: [examples]
    level: "warning"
    schema: {"loadingURI":"#","pointer":"/items/properties/cpf"}
    domain: "syntax"
    ignored: ["examples"]
warning: the following keywords are unknown and will be ignored: [examples]
    level: "warning"
    schema: {"loadingURI":"#","pointer":"/items/properties/email"}
    domain: "syntax"
    ignored: ["examples"]
warning: the following keywords are unknown and will be ignored: [examples]
    level: "warning"
    schema: {"loadingURI":"#","pointer":"/items/properties/id"}
    domain: "syntax"
    ignored: ["examples"]
warning: the following keywords are unknown and will be ignored: [examples]
    level: "warning"
    schema: {"loadingURI":"#","pointer":"/items/properties/nome"}
    domain: "syntax"
    ignored: ["examples"]
warning: the following keywords are unknown and will be ignored: [examples]
    level: "warning"
    schema: {"loadingURI":"#","pointer":"/items/properties/parcelas"}
    domain: "syntax"
    ignored: ["examples"]
warning: the following keywords are unknown and will be ignored: [examples]
    level: "warning"
    schema: {"loadingURI":"#","pointer":"/items/properties/seguro"}
    domain: "syntax"
    ignored: ["examples"]
warning: the following keywords are unknown and will be ignored: [examples]
    level: "warning"
    schema: {"loadingURI":"#","pointer":"/items/properties/valor"}
    domain: "syntax"
    ignored: ["examples"]
warning: the following keywords are unknown and will be ignored: [examples]
    level: "warning"
    schema: {"loadingURI":"#","pointer":"/items"}
    domain: "syntax"
    ignored: ["examples"]
warning: the following keywords are unknown and will be ignored: [examples]
    level: "warning"
    schema: {"loadingURI":"#","pointer":"/items/properties/cpf"}
    domain: "syntax"
    ignored: ["examples"]
warning: the following keywords are unknown and will be ignored: [examples]
    level: "warning"
    schema: {"loadingURI":"#","pointer":"/items/properties/email"}
    domain: "syntax"
    ignored: ["examples"]
warning: the following keywords are unknown and will be ignored: [examples]
    level: "warning"
    schema: {"loadingURI":"#","pointer":"/items/properties/id"}
    domain: "syntax"
    ignored: ["examples"]
warning: the following keywords are unknown and will be ignored: [examples]
    level: "warning"
    schema: {"loadingURI":"#","pointer":"/items/properties/nome"}
    domain: "syntax"
    ignored: ["examples"]
warning: the following keywords are unknown and will be ignored: [examples]
    level: "warning"
    schema: {"loadingURI":"#","pointer":"/items/properties/parcelas"}
    domain: "syntax"
    ignored: ["examples"]
warning: the following keywords are unknown and will be ignored: [examples]
    level: "warning"
    schema: {"loadingURI":"#","pointer":"/items/properties/seguro"}
    domain: "syntax"
    ignored: ["examples"]
warning: the following keywords are unknown and will be ignored: [examples]
    level: "warning"
    schema: {"loadingURI":"#","pointer":"/items/properties/valor"}
    domain: "syntax"
    ignored: ["examples"]
warning: the following keywords are unknown and will be ignored: [examples]
    level: "warning"
    schema: {"loadingURI":"#","pointer":"/items"}
    domain: "syntax"
    ignored: ["examples"]
warning: the following keywords are unknown and will be ignored: [examples]
    level: "warning"
    schema: {"loadingURI":"#","pointer":"/items/properties/cpf"}
    domain: "syntax"
    ignored: ["examples"]
warning: the following keywords are unknown and will be ignored: [examples]
    level: "warning"
    schema: {"loadingURI":"#","pointer":"/items/properties/email"}
    domain: "syntax"
    ignored: ["examples"]
warning: the following keywords are unknown and will be ignored: [examples]
    level: "warning"
    schema: {"loadingURI":"#","pointer":"/items/properties/id"}
    domain: "syntax"
    ignored: ["examples"]
warning: the following keywords are unknown and will be ignored: [examples]
    level: "warning"
    schema: {"loadingURI":"#","pointer":"/items/properties/nome"}
    domain: "syntax"
    ignored: ["examples"]
warning: the following keywords are unknown and will be ignored: [examples]
    level: "warning"
    schema: {"loadingURI":"#","pointer":"/items/properties/parcelas"}
    domain: "syntax"
    ignored: ["examples"]
warning: the following keywords are unknown and will be ignored: [examples]
    level: "warning"
    schema: {"loadingURI":"#","pointer":"/items/properties/seguro"}
    domain: "syntax"
    ignored: ["examples"]
warning: the following keywords are unknown and will be ignored: [examples]
    level: "warning"
    schema: {"loadingURI":"#","pointer":"/items/properties/valor"}
    domain: "syntax"
    ignored: ["examples"]
warning: the following keywords are unknown and will be ignored: [examples]
    level: "warning"
    schema: {"loadingURI":"#","pointer":"/items"}
    domain: "syntax"
    ignored: ["examples"]
warning: the following keywords are unknown and will be ignored: [examples]
    level: "warning"
    schema: {"loadingURI":"#","pointer":"/items/properties/cpf"}
    domain: "syntax"
    ignored: ["examples"]
warning: the following keywords are unknown and will be ignored: [examples]
    level: "warning"
    schema: {"loadingURI":"#","pointer":"/items/properties/email"}
    domain: "syntax"
    ignored: ["examples"]
warning: the following keywords are unknown and will be ignored: [examples]
    level: "warning"
    schema: {"loadingURI":"#","pointer":"/items/properties/id"}
    domain: "syntax"
    ignored: ["examples"]
warning: the following keywords are unknown and will be ignored: [examples]
    level: "warning"
    schema: {"loadingURI":"#","pointer":"/items/properties/nome"}
    domain: "syntax"
    ignored: ["examples"]
warning: the following keywords are unknown and will be ignored: [examples]
    level: "warning"
    schema: {"loadingURI":"#","pointer":"/items/properties/parcelas"}
    domain: "syntax"
    ignored: ["examples"]
warning: the following keywords are unknown and will be ignored: [examples]
    level: "warning"
    schema: {"loadingURI":"#","pointer":"/items/properties/seguro"}
    domain: "syntax"
    ignored: ["examples"]
warning: the following keywords are unknown and will be ignored: [examples]
    level: "warning"
    schema: {"loadingURI":"#","pointer":"/items/properties/valor"}
    domain: "syntax"
    ignored: ["examples"]
warning: the following keywords are unknown and will be ignored: [examples]
    level: "warning"
    schema: {"loadingURI":"#","pointer":"/items"}
    domain: "syntax"
    ignored: ["examples"]
warning: the following keywords are unknown and will be ignored: [examples]
    level: "warning"
    schema: {"loadingURI":"#","pointer":"/items/properties/cpf"}
    domain: "syntax"
    ignored: ["examples"]
warning: the following keywords are unknown and will be ignored: [examples]
    level: "warning"
    schema: {"loadingURI":"#","pointer":"/items/properties/email"}
    domain: "syntax"
    ignored: ["examples"]
warning: the following keywords are unknown and will be ignored: [examples]
    level: "warning"
    schema: {"loadingURI":"#","pointer":"/items/properties/id"}
    domain: "syntax"
    ignored: ["examples"]
warning: the following keywords are unknown and will be ignored: [examples]
    level: "warning"
    schema: {"loadingURI":"#","pointer":"/items/properties/nome"}
    domain: "syntax"
    ignored: ["examples"]
warning: the following keywords are unknown and will be ignored: [examples]
    level: "warning"
    schema: {"loadingURI":"#","pointer":"/items/properties/parcelas"}
    domain: "syntax"
    ignored: ["examples"]
warning: the following keywords are unknown and will be ignored: [examples]
    level: "warning"
    schema: {"loadingURI":"#","pointer":"/items/properties/seguro"}
    domain: "syntax"
    ignored: ["examples"]
warning: the following keywords are unknown and will be ignored: [examples]
    level: "warning"
    schema: {"loadingURI":"#","pointer":"/items/properties/valor"}
    domain: "syntax"
    ignored: ["examples"]
warning: the following keywords are unknown and will be ignored: [examples]
    level: "warning"
    schema: {"loadingURI":"#","pointer":"/items"}
    domain: "syntax"
    ignored: ["examples"]
warning: the following keywords are unknown and will be ignored: [examples]
    level: "warning"
    schema: {"loadingURI":"#","pointer":"/items/properties/cpf"}
    domain: "syntax"
    ignored: ["examples"]
warning: the following keywords are unknown and will be ignored: [examples]
    level: "warning"
    schema: {"loadingURI":"#","pointer":"/items/properties/email"}
    domain: "syntax"
    ignored: ["examples"]
warning: the following keywords are unknown and will be ignored: [examples]
    level: "warning"
    schema: {"loadingURI":"#","pointer":"/items/properties/id"}
    domain: "syntax"
    ignored: ["examples"]
warning: the following keywords are unknown and will be ignored: [examples]
    level: "warning"
    schema: {"loadingURI":"#","pointer":"/items/properties/nome"}
    domain: "syntax"
    ignored: ["examples"]
warning: the following keywords are unknown and will be ignored: [examples]
    level: "warning"
    schema: {"loadingURI":"#","pointer":"/items/properties/parcelas"}
    domain: "syntax"
    ignored: ["examples"]
warning: the following keywords are unknown and will be ignored: [examples]
    level: "warning"
    schema: {"loadingURI":"#","pointer":"/items/properties/seguro"}
    domain: "syntax"
    ignored: ["examples"]
warning: the following keywords are unknown and will be ignored: [examples]
    level: "warning"
    schema: {"loadingURI":"#","pointer":"/items/properties/valor"}
    domain: "syntax"
    ignored: ["examples"]
warning: the following keywords are unknown and will be ignored: [examples]
    level: "warning"
    schema: {"loadingURI":"#","pointer":"/items"}
    domain: "syntax"
    ignored: ["examples"]
warning: the following keywords are unknown and will be ignored: [examples]
    level: "warning"
    schema: {"loadingURI":"#","pointer":"/items/properties/cpf"}
    domain: "syntax"
    ignored: ["examples"]
warning: the following keywords are unknown and will be ignored: [examples]
    level: "warning"
    schema: {"loadingURI":"#","pointer":"/items/properties/email"}
    domain: "syntax"
    ignored: ["examples"]
warning: the following keywords are unknown and will be ignored: [examples]
    level: "warning"
    schema: {"loadingURI":"#","pointer":"/items/properties/id"}
    domain: "syntax"
    ignored: ["examples"]
warning: the following keywords are unknown and will be ignored: [examples]
    level: "warning"
    schema: {"loadingURI":"#","pointer":"/items/properties/nome"}
    domain: "syntax"
    ignored: ["examples"]
warning: the following keywords are unknown and will be ignored: [examples]
    level: "warning"
    schema: {"loadingURI":"#","pointer":"/items/properties/parcelas"}
    domain: "syntax"
    ignored: ["examples"]
warning: the following keywords are unknown and will be ignored: [examples]
    level: "warning"
    schema: {"loadingURI":"#","pointer":"/items/properties/seguro"}
    domain: "syntax"
    ignored: ["examples"]
warning: the following keywords are unknown and will be ignored: [examples]
    level: "warning"
    schema: {"loadingURI":"#","pointer":"/items/properties/valor"}
    domain: "syntax"
    ignored: ["examples"]
warning: the following keywords are unknown and will be ignored: [examples]
    level: "warning"
    schema: {"loadingURI":"#","pointer":"/items"}
    domain: "syntax"
    ignored: ["examples"]
warning: the following keywords are unknown and will be ignored: [examples]
    level: "warning"
    schema: {"loadingURI":"#","pointer":"/items/properties/cpf"}
    domain: "syntax"
    ignored: ["examples"]
warning: the following keywords are unknown and will be ignored: [examples]
    level: "warning"
    schema: {"loadingURI":"#","pointer":"/items/properties/email"}
    domain: "syntax"
    ignored: ["examples"]
warning: the following keywords are unknown and will be ignored: [examples]
    level: "warning"
    schema: {"loadingURI":"#","pointer":"/items/properties/id"}
    domain: "syntax"
    ignored: ["examples"]
warning: the following keywords are unknown and will be ignored: [examples]
    level: "warning"
    schema: {"loadingURI":"#","pointer":"/items/properties/nome"}
    domain: "syntax"
    ignored: ["examples"]
warning: the following keywords are unknown and will be ignored: [examples]
    level: "warning"
    schema: {"loadingURI":"#","pointer":"/items/properties/parcelas"}
    domain: "syntax"
    ignored: ["examples"]
warning: the following keywords are unknown and will be ignored: [examples]
    level: "warning"
    schema: {"loadingURI":"#","pointer":"/items/properties/seguro"}
    domain: "syntax"
    ignored: ["examples"]
warning: the following keywords are unknown and will be ignored: [examples]
    level: "warning"
    schema: {"loadingURI":"#","pointer":"/items/properties/valor"}
    domain: "syntax"
    ignored: ["examples"]
warning: the following keywords are unknown and will be ignored: [examples]
    level: "warning"
    schema: {"loadingURI":"#","pointer":"/items"}
    domain: "syntax"
    ignored: ["examples"]
warning: the following keywords are unknown and will be ignored: [examples]
    level: "warning"
    schema: {"loadingURI":"#","pointer":"/items/properties/cpf"}
    domain: "syntax"
    ignored: ["examples"]
warning: the following keywords are unknown and will be ignored: [examples]
    level: "warning"
    schema: {"loadingURI":"#","pointer":"/items/properties/email"}
    domain: "syntax"
    ignored: ["examples"]
warning: the following keywords are unknown and will be ignored: [examples]
    level: "warning"
    schema: {"loadingURI":"#","pointer":"/items/properties/id"}
    domain: "syntax"
    ignored: ["examples"]
warning: the following keywords are unknown and will be ignored: [examples]
    level: "warning"
    schema: {"loadingURI":"#","pointer":"/items/properties/nome"}
    domain: "syntax"
    ignored: ["examples"]
warning: the following keywords are unknown and will be ignored: [examples]
    level: "warning"
    schema: {"loadingURI":"#","pointer":"/items/properties/parcelas"}
    domain: "syntax"
    ignored: ["examples"]
warning: the following keywords are unknown and will be ignored: [examples]
    level: "warning"
    schema: {"loadingURI":"#","pointer":"/items/properties/seguro"}
    domain: "syntax"
    ignored: ["examples"]
warning: the following keywords are unknown and will be ignored: [examples]
    level: "warning"
    schema: {"loadingURI":"#","pointer":"/items/properties/valor"}
    domain: "syntax"
    ignored: ["examples"]
warning: the following keywords are unknown and will be ignored: [examples]
    level: "warning"
    schema: {"loadingURI":"#","pointer":"/items"}
    domain: "syntax"
    ignored: ["examples"]
warning: the following keywords are unknown and will be ignored: [examples]
    level: "warning"
    schema: {"loadingURI":"#","pointer":"/items/properties/cpf"}
    domain: "syntax"
    ignored: ["examples"]
warning: the following keywords are unknown and will be ignored: [examples]
    level: "warning"
    schema: {"loadingURI":"#","pointer":"/items/properties/email"}
    domain: "syntax"
    ignored: ["examples"]
warning: the following keywords are unknown and will be ignored: [examples]
    level: "warning"
    schema: {"loadingURI":"#","pointer":"/items/properties/id"}
    domain: "syntax"
    ignored: ["examples"]
warning: the following keywords are unknown and will be ignored: [examples]
    level: "warning"
    schema: {"loadingURI":"#","pointer":"/items/properties/nome"}
    domain: "syntax"
    ignored: ["examples"]
warning: the following keywords are unknown and will be ignored: [examples]
    level: "warning"
    schema: {"loadingURI":"#","pointer":"/items/properties/parcelas"}
    domain: "syntax"
    ignored: ["examples"]
warning: the following keywords are unknown and will be ignored: [examples]
    level: "warning"
    schema: {"loadingURI":"#","pointer":"/items/properties/seguro"}
    domain: "syntax"
    ignored: ["examples"]
warning: the following keywords are unknown and will be ignored: [examples]
    level: "warning"
    schema: {"loadingURI":"#","pointer":"/items/properties/valor"}
    domain: "syntax"
    ignored: ["examples"]
warning: the following keywords are unknown and will be ignored: [examples]
    level: "warning"
    schema: {"loadingURI":"#","pointer":"/items"}
    domain: "syntax"
    ignored: ["examples"]
warning: the following keywords are unknown and will be ignored: [examples]
    level: "warning"
    schema: {"loadingURI":"#","pointer":"/items/properties/cpf"}
    domain: "syntax"
    ignored: ["examples"]
warning: the following keywords are unknown and will be ignored: [examples]
    level: "warning"
    schema: {"loadingURI":"#","pointer":"/items/properties/email"}
    domain: "syntax"
    ignored: ["examples"]
warning: the following keywords are unknown and will be ignored: [examples]
    level: "warning"
    schema: {"loadingURI":"#","pointer":"/items/properties/id"}
    domain: "syntax"
    ignored: ["examples"]
warning: the following keywords are unknown and will be ignored: [examples]
    level: "warning"
    schema: {"loadingURI":"#","pointer":"/items/properties/nome"}
    domain: "syntax"
    ignored: ["examples"]
warning: the following keywords are unknown and will be ignored: [examples]
    level: "warning"
    schema: {"loadingURI":"#","pointer":"/items/properties/parcelas"}
    domain: "syntax"
    ignored: ["examples"]
warning: the following keywords are unknown and will be ignored: [examples]
    level: "warning"
    schema: {"loadingURI":"#","pointer":"/items/properties/seguro"}
    domain: "syntax"
    ignored: ["examples"]
warning: the following keywords are unknown and will be ignored: [examples]
    level: "warning"
    schema: {"loadingURI":"#","pointer":"/items/properties/valor"}
    domain: "syntax"
    ignored: ["examples"]
warning: the following keywords are unknown and will be ignored: [examples]
    level: "warning"
    schema: {"loadingURI":"#","pointer":"/items"}
    domain: "syntax"
    ignored: ["examples"]
warning: the following keywords are unknown and will be ignored: [examples]
    level: "warning"
    schema: {"loadingURI":"#","pointer":"/items/properties/cpf"}
    domain: "syntax"
    ignored: ["examples"]
warning: the following keywords are unknown and will be ignored: [examples]
    level: "warning"
    schema: {"loadingURI":"#","pointer":"/items/properties/email"}
    domain: "syntax"
    ignored: ["examples"]
warning: the following keywords are unknown and will be ignored: [examples]
    level: "warning"
    schema: {"loadingURI":"#","pointer":"/items/properties/id"}
    domain: "syntax"
    ignored: ["examples"]
warning: the following keywords are unknown and will be ignored: [examples]
    level: "warning"
    schema: {"loadingURI":"#","pointer":"/items/properties/nome"}
    domain: "syntax"
    ignored: ["examples"]
warning: the following keywords are unknown and will be ignored: [examples]
    level: "warning"
    schema: {"loadingURI":"#","pointer":"/items/properties/parcelas"}
    domain: "syntax"
    ignored: ["examples"]
warning: the following keywords are unknown and will be ignored: [examples]
    level: "warning"
    schema: {"loadingURI":"#","pointer":"/items/properties/seguro"}
    domain: "syntax"
    ignored: ["examples"]
warning: the following keywords are unknown and will be ignored: [examples]
    level: "warning"
    schema: {"loadingURI":"#","pointer":"/items/properties/valor"}
    domain: "syntax"
    ignored: ["examples"]
warning: the following keywords are unknown and will be ignored: [examples]
    level: "warning"
    schema: {"loadingURI":"#","pointer":"/items"}
    domain: "syntax"
    ignored: ["examples"]
warning: the following keywords are unknown and will be ignored: [examples]
    level: "warning"
    schema: {"loadingURI":"#","pointer":"/items/properties/cpf"}
    domain: "syntax"
    ignored: ["examples"]
warning: the following keywords are unknown and will be ignored: [examples]
    level: "warning"
    schema: {"loadingURI":"#","pointer":"/items/properties/email"}
    domain: "syntax"
    ignored: ["examples"]
warning: the following keywords are unknown and will be ignored: [examples]
    level: "warning"
    schema: {"loadingURI":"#","pointer":"/items/properties/id"}
    domain: "syntax"
    ignored: ["examples"]
warning: the following keywords are unknown and will be ignored: [examples]
    level: "warning"
    schema: {"loadingURI":"#","pointer":"/items/properties/nome"}
    domain: "syntax"
    ignored: ["examples"]
warning: the following keywords are unknown and will be ignored: [examples]
    level: "warning"
    schema: {"loadingURI":"#","pointer":"/items/properties/parcelas"}
    domain: "syntax"
    ignored: ["examples"]
warning: the following keywords are unknown and will be ignored: [examples]
    level: "warning"
    schema: {"loadingURI":"#","pointer":"/items/properties/seguro"}
    domain: "syntax"
    ignored: ["examples"]
warning: the following keywords are unknown and will be ignored: [examples]
    level: "warning"
    schema: {"loadingURI":"#","pointer":"/items/properties/valor"}
    domain: "syntax"
    ignored: ["examples"]
warning: the following keywords are unknown and will be ignored: [examples]
    level: "warning"
    schema: {"loadingURI":"#","pointer":"/items"}
    domain: "syntax"
    ignored: ["examples"]
warning: the following keywords are unknown and will be ignored: [examples]
    level: "warning"
    schema: {"loadingURI":"#","pointer":"/items/properties/cpf"}
    domain: "syntax"
    ignored: ["examples"]
warning: the following keywords are unknown and will be ignored: [examples]
    level: "warning"
    schema: {"loadingURI":"#","pointer":"/items/properties/email"}
    domain: "syntax"
    ignored: ["examples"]
warning: the following keywords are unknown and will be ignored: [examples]
    level: "warning"
    schema: {"loadingURI":"#","pointer":"/items/properties/id"}
    domain: "syntax"
    ignored: ["examples"]
warning: the following keywords are unknown and will be ignored: [examples]
    level: "warning"
    schema: {"loadingURI":"#","pointer":"/items/properties/nome"}
    domain: "syntax"
    ignored: ["examples"]
warning: the following keywords are unknown and will be ignored: [examples]
    level: "warning"
    schema: {"loadingURI":"#","pointer":"/items/properties/parcelas"}
    domain: "syntax"
    ignored: ["examples"]
warning: the following keywords are unknown and will be ignored: [examples]
    level: "warning"
    schema: {"loadingURI":"#","pointer":"/items/properties/seguro"}
    domain: "syntax"
    ignored: ["examples"]
warning: the following keywords are unknown and will be ignored: [examples]
    level: "warning"
    schema: {"loadingURI":"#","pointer":"/items/properties/valor"}
    domain: "syntax"
    ignored: ["examples"]
warning: the following keywords are unknown and will be ignored: [examples]
    level: "warning"
    schema: {"loadingURI":"#","pointer":"/items"}
    domain: "syntax"
    ignored: ["examples"]
warning: the following keywords are unknown and will be ignored: [examples]
    level: "warning"
    schema: {"loadingURI":"#","pointer":"/items/properties/cpf"}
    domain: "syntax"
    ignored: ["examples"]
warning: the following keywords are unknown and will be ignored: [examples]
    level: "warning"
    schema: {"loadingURI":"#","pointer":"/items/properties/email"}
    domain: "syntax"
    ignored: ["examples"]
warning: the following keywords are unknown and will be ignored: [examples]
    level: "warning"
    schema: {"loadingURI":"#","pointer":"/items/properties/id"}
    domain: "syntax"
    ignored: ["examples"]
warning: the following keywords are unknown and will be ignored: [examples]
    level: "warning"
    schema: {"loadingURI":"#","pointer":"/items/properties/nome"}
    domain: "syntax"
    ignored: ["examples"]
warning: the following keywords are unknown and will be ignored: [examples]
    level: "warning"
    schema: {"loadingURI":"#","pointer":"/items/properties/parcelas"}
    domain: "syntax"
    ignored: ["examples"]
warning: the following keywords are unknown and will be ignored: [examples]
    level: "warning"
    schema: {"loadingURI":"#","pointer":"/items/properties/seguro"}
    domain: "syntax"
    ignored: ["examples"]
warning: the following keywords are unknown and will be ignored: [examples]
    level: "warning"
    schema: {"loadingURI":"#","pointer":"/items/properties/valor"}
    domain: "syntax"
    ignored: ["examples"]
warning: the following keywords are unknown and will be ignored: [examples]
    level: "warning"
    schema: {"loadingURI":"#","pointer":"/items"}
    domain: "syntax"
    ignored: ["examples"]
warning: the following keywords are unknown and will be ignored: [examples]
    level: "warning"
    schema: {"loadingURI":"#","pointer":"/items/properties/cpf"}
    domain: "syntax"
    ignored: ["examples"]
warning: the following keywords are unknown and will be ignored: [examples]
    level: "warning"
    schema: {"loadingURI":"#","pointer":"/items/properties/email"}
    domain: "syntax"
    ignored: ["examples"]
warning: the following keywords are unknown and will be ignored: [examples]
    level: "warning"
    schema: {"loadingURI":"#","pointer":"/items/properties/id"}
    domain: "syntax"
    ignored: ["examples"]
warning: the following keywords are unknown and will be ignored: [examples]
    level: "warning"
    schema: {"loadingURI":"#","pointer":"/items/properties/nome"}
    domain: "syntax"
    ignored: ["examples"]
warning: the following keywords are unknown and will be ignored: [examples]
    level: "warning"
    schema: {"loadingURI":"#","pointer":"/items/properties/parcelas"}
    domain: "syntax"
    ignored: ["examples"]
warning: the following keywords are unknown and will be ignored: [examples]
    level: "warning"
    schema: {"loadingURI":"#","pointer":"/items/properties/seguro"}
    domain: "syntax"
    ignored: ["examples"]
warning: the following keywords are unknown and will be ignored: [examples]
    level: "warning"
    schema: {"loadingURI":"#","pointer":"/items/properties/valor"}
    domain: "syntax"
    ignored: ["examples"]
warning: the following keywords are unknown and will be ignored: [examples]
    level: "warning"
    schema: {"loadingURI":"#","pointer":"/items"}
    domain: "syntax"
    ignored: ["examples"]
warning: the following keywords are unknown and will be ignored: [examples]
    level: "warning"
    schema: {"loadingURI":"#","pointer":"/items/properties/cpf"}
    domain: "syntax"
    ignored: ["examples"]
warning: the following keywords are unknown and will be ignored: [examples]
    level: "warning"
    schema: {"loadingURI":"#","pointer":"/items/properties/email"}
    domain: "syntax"
    ignored: ["examples"]
warning: the following keywords are unknown and will be ignored: [examples]
    level: "warning"
    schema: {"loadingURI":"#","pointer":"/items/properties/id"}
    domain: "syntax"
    ignored: ["examples"]
warning: the following keywords are unknown and will be ignored: [examples]
    level: "warning"
    schema: {"loadingURI":"#","pointer":"/items/properties/nome"}
    domain: "syntax"
    ignored: ["examples"]
warning: the following keywords are unknown and will be ignored: [examples]
    level: "warning"
    schema: {"loadingURI":"#","pointer":"/items/properties/parcelas"}
    domain: "syntax"
    ignored: ["examples"]
warning: the following keywords are unknown and will be ignored: [examples]
    level: "warning"
    schema: {"loadingURI":"#","pointer":"/items/properties/seguro"}
    domain: "syntax"
    ignored: ["examples"]
warning: the following keywords are unknown and will be ignored: [examples]
    level: "warning"
    schema: {"loadingURI":"#","pointer":"/items/properties/valor"}
    domain: "syntax"
    ignored: ["examples"]
warning: the following keywords are unknown and will be ignored: [examples]
    level: "warning"
    schema: {"loadingURI":"#","pointer":"/items"}
    domain: "syntax"
    ignored: ["examples"]
warning: the following keywords are unknown and will be ignored: [examples]
    level: "warning"
    schema: {"loadingURI":"#","pointer":"/items/properties/cpf"}
    domain: "syntax"
    ignored: ["examples"]
warning: the following keywords are unknown and will be ignored: [examples]
    level: "warning"
    schema: {"loadingURI":"#","pointer":"/items/properties/email"}
    domain: "syntax"
    ignored: ["examples"]
warning: the following keywords are unknown and will be ignored: [examples]
    level: "warning"
    schema: {"loadingURI":"#","pointer":"/items/properties/id"}
    domain: "syntax"
    ignored: ["examples"]
warning: the following keywords are unknown and will be ignored: [examples]
    level: "warning"
    schema: {"loadingURI":"#","pointer":"/items/properties/nome"}
    domain: "syntax"
    ignored: ["examples"]
warning: the following keywords are unknown and will be ignored: [examples]
    level: "warning"
    schema: {"loadingURI":"#","pointer":"/items/properties/parcelas"}
    domain: "syntax"
    ignored: ["examples"]
warning: the following keywords are unknown and will be ignored: [examples]
    level: "warning"
    schema: {"loadingURI":"#","pointer":"/items/properties/seguro"}
    domain: "syntax"
    ignored: ["examples"]
warning: the following keywords are unknown and will be ignored: [examples]
    level: "warning"
    schema: {"loadingURI":"#","pointer":"/items/properties/valor"}
    domain: "syntax"
    ignored: ["examples"]
warning: the following keywords are unknown and will be ignored: [examples]
    level: "warning"
    schema: {"loadingURI":"#","pointer":"/items"}
    domain: "syntax"
    ignored: ["examples"]
warning: the following keywords are unknown and will be ignored: [examples]
    level: "warning"
    schema: {"loadingURI":"#","pointer":"/items/properties/cpf"}
    domain: "syntax"
    ignored: ["examples"]
warning: the following keywords are unknown and will be ignored: [examples]
    level: "warning"
    schema: {"loadingURI":"#","pointer":"/items/properties/email"}
    domain: "syntax"
    ignored: ["examples"]
warning: the following keywords are unknown and will be ignored: [examples]
    level: "warning"
    schema: {"loadingURI":"#","pointer":"/items/properties/id"}
    domain: "syntax"
    ignored: ["examples"]
warning: the following keywords are unknown and will be ignored: [examples]
    level: "warning"
    schema: {"loadingURI":"#","pointer":"/items/properties/nome"}
    domain: "syntax"
    ignored: ["examples"]
warning: the following keywords are unknown and will be ignored: [examples]
    level: "warning"
    schema: {"loadingURI":"#","pointer":"/items/properties/parcelas"}
    domain: "syntax"
    ignored: ["examples"]
warning: the following keywords are unknown and will be ignored: [examples]
    level: "warning"
    schema: {"loadingURI":"#","pointer":"/items/properties/seguro"}
    domain: "syntax"
    ignored: ["examples"]
warning: the following keywords are unknown and will be ignored: [examples]
    level: "warning"
    schema: {"loadingURI":"#","pointer":"/items/properties/valor"}
    domain: "syntax"
    ignored: ["examples"]
warning: the following keywords are unknown and will be ignored: [examples]
    level: "warning"
    schema: {"loadingURI":"#","pointer":"/items"}
    domain: "syntax"
    ignored: ["examples"]
warning: the following keywords are unknown and will be ignored: [examples]
    level: "warning"
    schema: {"loadingURI":"#","pointer":"/items/properties/cpf"}
    domain: "syntax"
    ignored: ["examples"]
warning: the following keywords are unknown and will be ignored: [examples]
    level: "warning"
    schema: {"loadingURI":"#","pointer":"/items/properties/email"}
    domain: "syntax"
    ignored: ["examples"]
warning: the following keywords are unknown and will be ignored: [examples]
    level: "warning"
    schema: {"loadingURI":"#","pointer":"/items/properties/id"}
    domain: "syntax"
    ignored: ["examples"]
warning: the following keywords are unknown and will be ignored: [examples]
    level: "warning"
    schema: {"loadingURI":"#","pointer":"/items/properties/nome"}
    domain: "syntax"
    ignored: ["examples"]
warning: the following keywords are unknown and will be ignored: [examples]
    level: "warning"
    schema: {"loadingURI":"#","pointer":"/items/properties/parcelas"}
    domain: "syntax"
    ignored: ["examples"]
warning: the following keywords are unknown and will be ignored: [examples]
    level: "warning"
    schema: {"loadingURI":"#","pointer":"/items/properties/seguro"}
    domain: "syntax"
    ignored: ["examples"]
warning: the following keywords are unknown and will be ignored: [examples]
    level: "warning"
    schema: {"loadingURI":"#","pointer":"/items/properties/valor"}
    domain: "syntax"
    ignored: ["examples"]
warning: the following keywords are unknown and will be ignored: [examples]
    level: "warning"
    schema: {"loadingURI":"#","pointer":"/items"}
    domain: "syntax"
    ignored: ["examples"]
warning: the following keywords are unknown and will be ignored: [examples]
    level: "warning"
    schema: {"loadingURI":"#","pointer":"/items/properties/cpf"}
    domain: "syntax"
    ignored: ["examples"]
warning: the following keywords are unknown and will be ignored: [examples]
    level: "warning"
    schema: {"loadingURI":"#","pointer":"/items/properties/email"}
    domain: "syntax"
    ignored: ["examples"]
warning: the following keywords are unknown and will be ignored: [examples]
    level: "warning"
    schema: {"loadingURI":"#","pointer":"/items/properties/id"}
    domain: "syntax"
    ignored: ["examples"]
warning: the following keywords are unknown and will be ignored: [examples]
    level: "warning"
    schema: {"loadingURI":"#","pointer":"/items/properties/nome"}
    domain: "syntax"
    ignored: ["examples"]
warning: the following keywords are unknown and will be ignored: [examples]
    level: "warning"
    schema: {"loadingURI":"#","pointer":"/items/properties/parcelas"}
    domain: "syntax"
    ignored: ["examples"]
warning: the following keywords are unknown and will be ignored: [examples]
    level: "warning"
    schema: {"loadingURI":"#","pointer":"/items/properties/seguro"}
    domain: "syntax"
    ignored: ["examples"]
warning: the following keywords are unknown and will be ignored: [examples]
    level: "warning"
    schema: {"loadingURI":"#","pointer":"/items/properties/valor"}
    domain: "syntax"
    ignored: ["examples"]
warning: the following keywords are unknown and will be ignored: [examples]
    level: "warning"
    schema: {"loadingURI":"#","pointer":"/items"}
    domain: "syntax"
    ignored: ["examples"]
warning: the following keywords are unknown and will be ignored: [examples]
    level: "warning"
    schema: {"loadingURI":"#","pointer":"/items/properties/cpf"}
    domain: "syntax"
    ignored: ["examples"]
warning: the following keywords are unknown and will be ignored: [examples]
    level: "warning"
    schema: {"loadingURI":"#","pointer":"/items/properties/email"}
    domain: "syntax"
    ignored: ["examples"]
warning: the following keywords are unknown and will be ignored: [examples]
    level: "warning"
    schema: {"loadingURI":"#","pointer":"/items/properties/id"}
    domain: "syntax"
    ignored: ["examples"]
warning: the following keywords are unknown and will be ignored: [examples]
    level: "warning"
    schema: {"loadingURI":"#","pointer":"/items/properties/nome"}
    domain: "syntax"
    ignored: ["examples"]
warning: the following keywords are unknown and will be ignored: [examples]
    level: "warning"
    schema: {"loadingURI":"#","pointer":"/items/properties/parcelas"}
    domain: "syntax"
    ignored: ["examples"]
warning: the following keywords are unknown and will be ignored: [examples]
    level: "warning"
    schema: {"loadingURI":"#","pointer":"/items/properties/seguro"}
    domain: "syntax"
    ignored: ["examples"]
warning: the following keywords are unknown and will be ignored: [examples]
    level: "warning"
    schema: {"loadingURI":"#","pointer":"/items/properties/valor"}
    domain: "syntax"
    ignored: ["examples"]
warning: the following keywords are unknown and will be ignored: [examples]
    level: "warning"
    schema: {"loadingURI":"#","pointer":"/items"}
    domain: "syntax"
    ignored: ["examples"]
warning: the following keywords are unknown and will be ignored: [examples]
    level: "warning"
    schema: {"loadingURI":"#","pointer":"/items/properties/cpf"}
    domain: "syntax"
    ignored: ["examples"]
warning: the following keywords are unknown and will be ignored: [examples]
    level: "warning"
    schema: {"loadingURI":"#","pointer":"/items/properties/email"}
    domain: "syntax"
    ignored: ["examples"]
warning: the following keywords are unknown and will be ignored: [examples]
    level: "warning"
    schema: {"loadingURI":"#","pointer":"/items/properties/id"}
    domain: "syntax"
    ignored: ["examples"]
warning: the following keywords are unknown and will be ignored: [examples]
    level: "warning"
    schema: {"loadingURI":"#","pointer":"/items/properties/nome"}
    domain: "syntax"
    ignored: ["examples"]
warning: the following keywords are unknown and will be ignored: [examples]
    level: "warning"
    schema: {"loadingURI":"#","pointer":"/items/properties/parcelas"}
    domain: "syntax"
    ignored: ["examples"]
warning: the following keywords are unknown and will be ignored: [examples]
    level: "warning"
    schema: {"loadingURI":"#","pointer":"/items/properties/seguro"}
    domain: "syntax"
    ignored: ["examples"]
warning: the following keywords are unknown and will be ignored: [examples]
    level: "warning"
    schema: {"loadingURI":"#","pointer":"/items/properties/valor"}
    domain: "syntax"
    ignored: ["examples"]
warning: the following keywords are unknown and will be ignored: [examples]
    level: "warning"
    schema: {"loadingURI":"#","pointer":"/items"}
    domain: "syntax"
    ignored: ["examples"]
warning: the following keywords are unknown and will be ignored: [examples]
    level: "warning"
    schema: {"loadingURI":"#","pointer":"/items/properties/cpf"}
    domain: "syntax"
    ignored: ["examples"]
warning: the following keywords are unknown and will be ignored: [examples]
    level: "warning"
    schema: {"loadingURI":"#","pointer":"/items/properties/email"}
    domain: "syntax"
    ignored: ["examples"]
warning: the following keywords are unknown and will be ignored: [examples]
    level: "warning"
    schema: {"loadingURI":"#","pointer":"/items/properties/id"}
    domain: "syntax"
    ignored: ["examples"]
warning: the following keywords are unknown and will be ignored: [examples]
    level: "warning"
    schema: {"loadingURI":"#","pointer":"/items/properties/nome"}
    domain: "syntax"
    ignored: ["examples"]
warning: the following keywords are unknown and will be ignored: [examples]
    level: "warning"
    schema: {"loadingURI":"#","pointer":"/items/properties/parcelas"}
    domain: "syntax"
    ignored: ["examples"]
warning: the following keywords are unknown and will be ignored: [examples]
    level: "warning"
    schema: {"loadingURI":"#","pointer":"/items/properties/seguro"}
    domain: "syntax"
    ignored: ["examples"]
warning: the following keywords are unknown and will be ignored: [examples]
    level: "warning"
    schema: {"loadingURI":"#","pointer":"/items/properties/valor"}
    domain: "syntax"
    ignored: ["examples"]
warning: the following keywords are unknown and will be ignored: [examples]
    level: "warning"
    schema: {"loadingURI":"#","pointer":"/items"}
    domain: "syntax"
    ignored: ["examples"]
warning: the following keywords are unknown and will be ignored: [examples]
    level: "warning"
    schema: {"loadingURI":"#","pointer":"/items/properties/cpf"}
    domain: "syntax"
    ignored: ["examples"]
warning: the following keywords are unknown and will be ignored: [examples]
    level: "warning"
    schema: {"loadingURI":"#","pointer":"/items/properties/email"}
    domain: "syntax"
    ignored: ["examples"]
warning: the following keywords are unknown and will be ignored: [examples]
    level: "warning"
    schema: {"loadingURI":"#","pointer":"/items/properties/id"}
    domain: "syntax"
    ignored: ["examples"]
warning: the following keywords are unknown and will be ignored: [examples]
    level: "warning"
    schema: {"loadingURI":"#","pointer":"/items/properties/nome"}
    domain: "syntax"
    ignored: ["examples"]
warning: the following keywords are unknown and will be ignored: [examples]
    level: "warning"
    schema: {"loadingURI":"#","pointer":"/items/properties/parcelas"}
    domain: "syntax"
    ignored: ["examples"]
warning: the following keywords are unknown and will be ignored: [examples]
    level: "warning"
    schema: {"loadingURI":"#","pointer":"/items/properties/seguro"}
    domain: "syntax"
    ignored: ["examples"]
warning: the following keywords are unknown and will be ignored: [examples]
    level: "warning"
    schema: {"loadingURI":"#","pointer":"/items/properties/valor"}
    domain: "syntax"
    ignored: ["examples"]
warning: the following keywords are unknown and will be ignored: [examples]
    level: "warning"
    schema: {"loadingURI":"#","pointer":"/items"}
    domain: "syntax"
    ignored: ["examples"]
warning: the following keywords are unknown and will be ignored: [examples]
    level: "warning"
    schema: {"loadingURI":"#","pointer":"/items/properties/cpf"}
    domain: "syntax"
    ignored: ["examples"]
warning: the following keywords are unknown and will be ignored: [examples]
    level: "warning"
    schema: {"loadingURI":"#","pointer":"/items/properties/email"}
    domain: "syntax"
    ignored: ["examples"]
warning: the following keywords are unknown and will be ignored: [examples]
    level: "warning"
    schema: {"loadingURI":"#","pointer":"/items/properties/id"}
    domain: "syntax"
    ignored: ["examples"]
warning: the following keywords are unknown and will be ignored: [examples]
    level: "warning"
    schema: {"loadingURI":"#","pointer":"/items/properties/nome"}
    domain: "syntax"
    ignored: ["examples"]
warning: the following keywords are unknown and will be ignored: [examples]
    level: "warning"
    schema: {"loadingURI":"#","pointer":"/items/properties/parcelas"}
    domain: "syntax"
    ignored: ["examples"]
warning: the following keywords are unknown and will be ignored: [examples]
    level: "warning"
    schema: {"loadingURI":"#","pointer":"/items/properties/seguro"}
    domain: "syntax"
    ignored: ["examples"]
warning: the following keywords are unknown and will be ignored: [examples]
    level: "warning"
    schema: {"loadingURI":"#","pointer":"/items/properties/valor"}
    domain: "syntax"
    ignored: ["examples"]
warning: the following keywords are unknown and will be ignored: [examples]
    level: "warning"
    schema: {"loadingURI":"#","pointer":"/items"}
    domain: "syntax"
    ignored: ["examples"]
warning: the following keywords are unknown and will be ignored: [examples]
    level: "warning"
    schema: {"loadingURI":"#","pointer":"/items/properties/cpf"}
    domain: "syntax"
    ignored: ["examples"]
warning: the following keywords are unknown and will be ignored: [examples]
    level: "warning"
    schema: {"loadingURI":"#","pointer":"/items/properties/email"}
    domain: "syntax"
    ignored: ["examples"]
warning: the following keywords are unknown and will be ignored: [examples]
    level: "warning"
    schema: {"loadingURI":"#","pointer":"/items/properties/id"}
    domain: "syntax"
    ignored: ["examples"]
warning: the following keywords are unknown and will be ignored: [examples]
    level: "warning"
    schema: {"loadingURI":"#","pointer":"/items/properties/nome"}
    domain: "syntax"
    ignored: ["examples"]
warning: the following keywords are unknown and will be ignored: [examples]
    level: "warning"
    schema: {"loadingURI":"#","pointer":"/items/properties/parcelas"}
    domain: "syntax"
    ignored: ["examples"]
warning: the following keywords are unknown and will be ignored: [examples]
    level: "warning"
    schema: {"loadingURI":"#","pointer":"/items/properties/seguro"}
    domain: "syntax"
    ignored: ["examples"]
warning: the following keywords are unknown and will be ignored: [examples]
    level: "warning"
    schema: {"loadingURI":"#","pointer":"/items/properties/valor"}
    domain: "syntax"
    ignored: ["examples"]
warning: the following keywords are unknown and will be ignored: [examples]
    level: "warning"
    schema: {"loadingURI":"#","pointer":"/items"}
    domain: "syntax"
    ignored: ["examples"]
warning: the following keywords are unknown and will be ignored: [examples]
    level: "warning"
    schema: {"loadingURI":"#","pointer":"/items/properties/cpf"}
    domain: "syntax"
    ignored: ["examples"]
warning: the following keywords are unknown and will be ignored: [examples]
    level: "warning"
    schema: {"loadingURI":"#","pointer":"/items/properties/email"}
    domain: "syntax"
    ignored: ["examples"]
warning: the following keywords are unknown and will be ignored: [examples]
    level: "warning"
    schema: {"loadingURI":"#","pointer":"/items/properties/id"}
    domain: "syntax"
    ignored: ["examples"]
warning: the following keywords are unknown and will be ignored: [examples]
    level: "warning"
    schema: {"loadingURI":"#","pointer":"/items/properties/nome"}
    domain: "syntax"
    ignored: ["examples"]
warning: the following keywords are unknown and will be ignored: [examples]
    level: "warning"
    schema: {"loadingURI":"#","pointer":"/items/properties/parcelas"}
    domain: "syntax"
    ignored: ["examples"]
warning: the following keywords are unknown and will be ignored: [examples]
    level: "warning"
    schema: {"loadingURI":"#","pointer":"/items/properties/seguro"}
    domain: "syntax"
    ignored: ["examples"]
warning: the following keywords are unknown and will be ignored: [examples]
    level: "warning"
    schema: {"loadingURI":"#","pointer":"/items/properties/valor"}
    domain: "syntax"
    ignored: ["examples"]
warning: the following keywords are unknown and will be ignored: [examples]
    level: "warning"
    schema: {"loadingURI":"#","pointer":"/items"}
    domain: "syntax"
    ignored: ["examples"]
warning: the following keywords are unknown and will be ignored: [examples]
    level: "warning"
    schema: {"loadingURI":"#","pointer":"/items/properties/cpf"}
    domain: "syntax"
    ignored: ["examples"]
warning: the following keywords are unknown and will be ignored: [examples]
    level: "warning"
    schema: {"loadingURI":"#","pointer":"/items/properties/email"}
    domain: "syntax"
    ignored: ["examples"]
warning: the following keywords are unknown and will be ignored: [examples]
    level: "warning"
    schema: {"loadingURI":"#","pointer":"/items/properties/id"}
    domain: "syntax"
    ignored: ["examples"]
warning: the following keywords are unknown and will be ignored: [examples]
    level: "warning"
    schema: {"loadingURI":"#","pointer":"/items/properties/nome"}
    domain: "syntax"
    ignored: ["examples"]
warning: the following keywords are unknown and will be ignored: [examples]
    level: "warning"
    schema: {"loadingURI":"#","pointer":"/items/properties/parcelas"}
    domain: "syntax"
    ignored: ["examples"]
warning: the following keywords are unknown and will be ignored: [examples]
    level: "warning"
    schema: {"loadingURI":"#","pointer":"/items/properties/seguro"}
    domain: "syntax"
    ignored: ["examples"]
warning: the following keywords are unknown and will be ignored: [examples]
    level: "warning"
    schema: {"loadingURI":"#","pointer":"/items/properties/valor"}
    domain: "syntax"
    ignored: ["examples"]
warning: the following keywords are unknown and will be ignored: [examples]
    level: "warning"
    schema: {"loadingURI":"#","pointer":"/items"}
    domain: "syntax"
    ignored: ["examples"]
warning: the following keywords are unknown and will be ignored: [examples]
    level: "warning"
    schema: {"loadingURI":"#","pointer":"/items/properties/cpf"}
    domain: "syntax"
    ignored: ["examples"]
warning: the following keywords are unknown and will be ignored: [examples]
    level: "warning"
    schema: {"loadingURI":"#","pointer":"/items/properties/email"}
    domain: "syntax"
    ignored: ["examples"]
warning: the following keywords are unknown and will be ignored: [examples]
    level: "warning"
    schema: {"loadingURI":"#","pointer":"/items/properties/id"}
    domain: "syntax"
    ignored: ["examples"]
warning: the following keywords are unknown and will be ignored: [examples]
    level: "warning"
    schema: {"loadingURI":"#","pointer":"/items/properties/nome"}
    domain: "syntax"
    ignored: ["examples"]
warning: the following keywords are unknown and will be ignored: [examples]
    level: "warning"
    schema: {"loadingURI":"#","pointer":"/items/properties/parcelas"}
    domain: "syntax"
    ignored: ["examples"]
warning: the following keywords are unknown and will be ignored: [examples]
    level: "warning"
    schema: {"loadingURI":"#","pointer":"/items/properties/seguro"}
    domain: "syntax"
    ignored: ["examples"]
warning: the following keywords are unknown and will be ignored: [examples]
    level: "warning"
    schema: {"loadingURI":"#","pointer":"/items/properties/valor"}
    domain: "syntax"
    ignored: ["examples"]
warning: the following keywords are unknown and will be ignored: [examples]
    level: "warning"
    schema: {"loadingURI":"#","pointer":"/items"}
    domain: "syntax"
    ignored: ["examples"]
warning: the following keywords are unknown and will be ignored: [examples]
    level: "warning"
    schema: {"loadingURI":"#","pointer":"/items/properties/cpf"}
    domain: "syntax"
    ignored: ["examples"]
warning: the following keywords are unknown and will be ignored: [examples]
    level: "warning"
    schema: {"loadingURI":"#","pointer":"/items/properties/email"}
    domain: "syntax"
    ignored: ["examples"]
warning: the following keywords are unknown and will be ignored: [examples]
    level: "warning"
    schema: {"loadingURI":"#","pointer":"/items/properties/id"}
    domain: "syntax"
    ignored: ["examples"]
warning: the following keywords are unknown and will be ignored: [examples]
    level: "warning"
    schema: {"loadingURI":"#","pointer":"/items/properties/nome"}
    domain: "syntax"
    ignored: ["examples"]
warning: the following keywords are unknown and will be ignored: [examples]
    level: "warning"
    schema: {"loadingURI":"#","pointer":"/items/properties/parcelas"}
    domain: "syntax"
    ignored: ["examples"]
warning: the following keywords are unknown and will be ignored: [examples]
    level: "warning"
    schema: {"loadingURI":"#","pointer":"/items/properties/seguro"}
    domain: "syntax"
    ignored: ["examples"]
warning: the following keywords are unknown and will be ignored: [examples]
    level: "warning"
    schema: {"loadingURI":"#","pointer":"/items/properties/valor"}
    domain: "syntax"
    ignored: ["examples"]
warning: the following keywords are unknown and will be ignored: [examples]
    level: "warning"
    schema: {"loadingURI":"#","pointer":"/items"}
    domain: "syntax"
    ignored: ["examples"]
warning: the following keywords are unknown and will be ignored: [examples]
    level: "warning"
    schema: {"loadingURI":"#","pointer":"/items/properties/cpf"}
    domain: "syntax"
    ignored: ["examples"]
warning: the following keywords are unknown and will be ignored: [examples]
    level: "warning"
    schema: {"loadingURI":"#","pointer":"/items/properties/email"}
    domain: "syntax"
    ignored: ["examples"]
warning: the following keywords are unknown and will be ignored: [examples]
    level: "warning"
    schema: {"loadingURI":"#","pointer":"/items/properties/id"}
    domain: "syntax"
    ignored: ["examples"]
warning: the following keywords are unknown and will be ignored: [examples]
    level: "warning"
    schema: {"loadingURI":"#","pointer":"/items/properties/nome"}
    domain: "syntax"
    ignored: ["examples"]
warning: the following keywords are unknown and will be ignored: [examples]
    level: "warning"
    schema: {"loadingURI":"#","pointer":"/items/properties/parcelas"}
    domain: "syntax"
    ignored: ["examples"]
warning: the following keywords are unknown and will be ignored: [examples]
    level: "warning"
    schema: {"loadingURI":"#","pointer":"/items/properties/seguro"}
    domain: "syntax"
    ignored: ["examples"]
warning: the following keywords are unknown and will be ignored: [examples]
    level: "warning"
    schema: {"loadingURI":"#","pointer":"/items/properties/valor"}
    domain: "syntax"
    ignored: ["examples"]
warning: the following keywords are unknown and will be ignored: [examples]
    level: "warning"
    schema: {"loadingURI":"#","pointer":"/items"}
    domain: "syntax"
    ignored: ["examples"]
warning: the following keywords are unknown and will be ignored: [examples]
    level: "warning"
    schema: {"loadingURI":"#","pointer":"/items/properties/cpf"}
    domain: "syntax"
    ignored: ["examples"]
warning: the following keywords are unknown and will be ignored: [examples]
    level: "warning"
    schema: {"loadingURI":"#","pointer":"/items/properties/email"}
    domain: "syntax"
    ignored: ["examples"]
warning: the following keywords are unknown and will be ignored: [examples]
    level: "warning"
    schema: {"loadingURI":"#","pointer":"/items/properties/id"}
    domain: "syntax"
    ignored: ["examples"]
warning: the following keywords are unknown and will be ignored: [examples]
    level: "warning"
    schema: {"loadingURI":"#","pointer":"/items/properties/nome"}
    domain: "syntax"
    ignored: ["examples"]
warning: the following keywords are unknown and will be ignored: [examples]
    level: "warning"
    schema: {"loadingURI":"#","pointer":"/items/properties/parcelas"}
    domain: "syntax"
    ignored: ["examples"]
warning: the following keywords are unknown and will be ignored: [examples]
    level: "warning"
    schema: {"loadingURI":"#","pointer":"/items/properties/seguro"}
    domain: "syntax"
    ignored: ["examples"]
warning: the following keywords are unknown and will be ignored: [examples]
    level: "warning"
    schema: {"loadingURI":"#","pointer":"/items/properties/valor"}
    domain: "syntax"
    ignored: ["examples"]
warning: the following keywords are unknown and will be ignored: [examples]
    level: "warning"
    schema: {"loadingURI":"#","pointer":"/items"}
    domain: "syntax"
    ignored: ["examples"]
warning: the following keywords are unknown and will be ignored: [examples]
    level: "warning"
    schema: {"loadingURI":"#","pointer":"/items/properties/cpf"}
    domain: "syntax"
    ignored: ["examples"]
warning: the following keywords are unknown and will be ignored: [examples]
    level: "warning"
    schema: {"loadingURI":"#","pointer":"/items/properties/email"}
    domain: "syntax"
    ignored: ["examples"]
warning: the following keywords are unknown and will be ignored: [examples]
    level: "warning"
    schema: {"loadingURI":"#","pointer":"/items/properties/id"}
    domain: "syntax"
    ignored: ["examples"]
warning: the following keywords are unknown and will be ignored: [examples]
    level: "warning"
    schema: {"loadingURI":"#","pointer":"/items/properties/nome"}
    domain: "syntax"
    ignored: ["examples"]
warning: the following keywords are unknown and will be ignored: [examples]
    level: "warning"
    schema: {"loadingURI":"#","pointer":"/items/properties/parcelas"}
    domain: "syntax"
    ignored: ["examples"]
warning: the following keywords are unknown and will be ignored: [examples]
    level: "warning"
    schema: {"loadingURI":"#","pointer":"/items/properties/seguro"}
    domain: "syntax"
    ignored: ["examples"]
warning: the following keywords are unknown and will be ignored: [examples]
    level: "warning"
    schema: {"loadingURI":"#","pointer":"/items/properties/valor"}
    domain: "syntax"
    ignored: ["examples"]
warning: the following keywords are unknown and will be ignored: [examples]
    level: "warning"
    schema: {"loadingURI":"#","pointer":"/items"}
    domain: "syntax"
    ignored: ["examples"]
warning: the following keywords are unknown and will be ignored: [examples]
    level: "warning"
    schema: {"loadingURI":"#","pointer":"/items/properties/cpf"}
    domain: "syntax"
    ignored: ["examples"]
warning: the following keywords are unknown and will be ignored: [examples]
    level: "warning"
    schema: {"loadingURI":"#","pointer":"/items/properties/email"}
    domain: "syntax"
    ignored: ["examples"]
warning: the following keywords are unknown and will be ignored: [examples]
    level: "warning"
    schema: {"loadingURI":"#","pointer":"/items/properties/id"}
    domain: "syntax"
    ignored: ["examples"]
warning: the following keywords are unknown and will be ignored: [examples]
    level: "warning"
    schema: {"loadingURI":"#","pointer":"/items/properties/nome"}
    domain: "syntax"
    ignored: ["examples"]
warning: the following keywords are unknown and will be ignored: [examples]
    level: "warning"
    schema: {"loadingURI":"#","pointer":"/items/properties/parcelas"}
    domain: "syntax"
    ignored: ["examples"]
warning: the following keywords are unknown and will be ignored: [examples]
    level: "warning"
    schema: {"loadingURI":"#","pointer":"/items/properties/seguro"}
    domain: "syntax"
    ignored: ["examples"]
warning: the following keywords are unknown and will be ignored: [examples]
    level: "warning"
    schema: {"loadingURI":"#","pointer":"/items/properties/valor"}
    domain: "syntax"
    ignored: ["examples"]
warning: the following keywords are unknown and will be ignored: [examples]
    level: "warning"
    schema: {"loadingURI":"#","pointer":"/items"}
    domain: "syntax"
    ignored: ["examples"]
warning: the following keywords are unknown and will be ignored: [examples]
    level: "warning"
    schema: {"loadingURI":"#","pointer":"/items/properties/cpf"}
    domain: "syntax"
    ignored: ["examples"]
warning: the following keywords are unknown and will be ignored: [examples]
    level: "warning"
    schema: {"loadingURI":"#","pointer":"/items/properties/email"}
    domain: "syntax"
    ignored: ["examples"]
warning: the following keywords are unknown and will be ignored: [examples]
    level: "warning"
    schema: {"loadingURI":"#","pointer":"/items/properties/id"}
    domain: "syntax"
    ignored: ["examples"]
warning: the following keywords are unknown and will be ignored: [examples]
    level: "warning"
    schema: {"loadingURI":"#","pointer":"/items/properties/nome"}
    domain: "syntax"
    ignored: ["examples"]
warning: the following keywords are unknown and will be ignored: [examples]
    level: "warning"
    schema: {"loadingURI":"#","pointer":"/items/properties/parcelas"}
    domain: "syntax"
    ignored: ["examples"]
warning: the following keywords are unknown and will be ignored: [examples]
    level: "warning"
    schema: {"loadingURI":"#","pointer":"/items/properties/seguro"}
    domain: "syntax"
    ignored: ["examples"]
warning: the following keywords are unknown and will be ignored: [examples]
    level: "warning"
    schema: {"loadingURI":"#","pointer":"/items/properties/valor"}
    domain: "syntax"
    ignored: ["examples"]
warning: the following keywords are unknown and will be ignored: [examples]
    level: "warning"
    schema: {"loadingURI":"#","pointer":"/items"}
    domain: "syntax"
    ignored: ["examples"]
warning: the following keywords are unknown and will be ignored: [examples]
    level: "warning"
    schema: {"loadingURI":"#","pointer":"/items/properties/cpf"}
    domain: "syntax"
    ignored: ["examples"]
warning: the following keywords are unknown and will be ignored: [examples]
    level: "warning"
    schema: {"loadingURI":"#","pointer":"/items/properties/email"}
    domain: "syntax"
    ignored: ["examples"]
warning: the following keywords are unknown and will be ignored: [examples]
    level: "warning"
    schema: {"loadingURI":"#","pointer":"/items/properties/id"}
    domain: "syntax"
    ignored: ["examples"]
warning: the following keywords are unknown and will be ignored: [examples]
    level: "warning"
    schema: {"loadingURI":"#","pointer":"/items/properties/nome"}
    domain: "syntax"
    ignored: ["examples"]
warning: the following keywords are unknown and will be ignored: [examples]
    level: "warning"
    schema: {"loadingURI":"#","pointer":"/items/properties/parcelas"}
    domain: "syntax"
    ignored: ["examples"]
warning: the following keywords are unknown and will be ignored: [examples]
    level: "warning"
    schema: {"loadingURI":"#","pointer":"/items/properties/seguro"}
    domain: "syntax"
    ignored: ["examples"]
warning: the following keywords are unknown and will be ignored: [examples]
    level: "warning"
    schema: {"loadingURI":"#","pointer":"/items/properties/valor"}
    domain: "syntax"
    ignored: ["examples"]
warning: the following keywords are unknown and will be ignored: [examples]
    level: "warning"
    schema: {"loadingURI":"#","pointer":"/items"}
    domain: "syntax"
    ignored: ["examples"]
warning: the following keywords are unknown and will be ignored: [examples]
    level: "warning"
    schema: {"loadingURI":"#","pointer":"/items/properties/cpf"}
    domain: "syntax"
    ignored: ["examples"]
warning: the following keywords are unknown and will be ignored: [examples]
    level: "warning"
    schema: {"loadingURI":"#","pointer":"/items/properties/email"}
    domain: "syntax"
    ignored: ["examples"]
warning: the following keywords are unknown and will be ignored: [examples]
    level: "warning"
    schema: {"loadingURI":"#","pointer":"/items/properties/id"}
    domain: "syntax"
    ignored: ["examples"]
warning: the following keywords are unknown and will be ignored: [examples]
    level: "warning"
    schema: {"loadingURI":"#","pointer":"/items/properties/nome"}
    domain: "syntax"
    ignored: ["examples"]
warning: the following keywords are unknown and will be ignored: [examples]
    level: "warning"
    schema: {"loadingURI":"#","pointer":"/items/properties/parcelas"}
    domain: "syntax"
    ignored: ["examples"]
warning: the following keywords are unknown and will be ignored: [examples]
    level: "warning"
    schema: {"loadingURI":"#","pointer":"/items/properties/seguro"}
    domain: "syntax"
    ignored: ["examples"]
warning: the following keywords are unknown and will be ignored: [examples]
    level: "warning"
    schema: {"loadingURI":"#","pointer":"/items/properties/valor"}
    domain: "syntax"
    ignored: ["examples"]
warning: the following keywords are unknown and will be ignored: [examples]
    level: "warning"
    schema: {"loadingURI":"#","pointer":"/items"}
    domain: "syntax"
    ignored: ["examples"]
warning: the following keywords are unknown and will be ignored: [examples]
    level: "warning"
    schema: {"loadingURI":"#","pointer":"/items/properties/cpf"}
    domain: "syntax"
    ignored: ["examples"]
warning: the following keywords are unknown and will be ignored: [examples]
    level: "warning"
    schema: {"loadingURI":"#","pointer":"/items/properties/email"}
    domain: "syntax"
    ignored: ["examples"]
warning: the following keywords are unknown and will be ignored: [examples]
    level: "warning"
    schema: {"loadingURI":"#","pointer":"/items/properties/id"}
    domain: "syntax"
    ignored: ["examples"]
warning: the following keywords are unknown and will be ignored: [examples]
    level: "warning"
    schema: {"loadingURI":"#","pointer":"/items/properties/nome"}
    domain: "syntax"
    ignored: ["examples"]
warning: the following keywords are unknown and will be ignored: [examples]
    level: "warning"
    schema: {"loadingURI":"#","pointer":"/items/properties/parcelas"}
    domain: "syntax"
    ignored: ["examples"]
warning: the following keywords are unknown and will be ignored: [examples]
    level: "warning"
    schema: {"loadingURI":"#","pointer":"/items/properties/seguro"}
    domain: "syntax"
    ignored: ["examples"]
warning: the following keywords are unknown and will be ignored: [examples]
    level: "warning"
    schema: {"loadingURI":"#","pointer":"/items/properties/valor"}
    domain: "syntax"
    ignored: ["examples"]
warning: the following keywords are unknown and will be ignored: [examples]
    level: "warning"
    schema: {"loadingURI":"#","pointer":"/items"}
    domain: "syntax"
    ignored: ["examples"]
warning: the following keywords are unknown and will be ignored: [examples]
    level: "warning"
    schema: {"loadingURI":"#","pointer":"/items/properties/cpf"}
    domain: "syntax"
    ignored: ["examples"]
warning: the following keywords are unknown and will be ignored: [examples]
    level: "warning"
    schema: {"loadingURI":"#","pointer":"/items/properties/email"}
    domain: "syntax"
    ignored: ["examples"]
warning: the following keywords are unknown and will be ignored: [examples]
    level: "warning"
    schema: {"loadingURI":"#","pointer":"/items/properties/id"}
    domain: "syntax"
    ignored: ["examples"]
warning: the following keywords are unknown and will be ignored: [examples]
    level: "warning"
    schema: {"loadingURI":"#","pointer":"/items/properties/nome"}
    domain: "syntax"
    ignored: ["examples"]
warning: the following keywords are unknown and will be ignored: [examples]
    level: "warning"
    schema: {"loadingURI":"#","pointer":"/items/properties/parcelas"}
    domain: "syntax"
    ignored: ["examples"]
warning: the following keywords are unknown and will be ignored: [examples]
    level: "warning"
    schema: {"loadingURI":"#","pointer":"/items/properties/seguro"}
    domain: "syntax"
    ignored: ["examples"]
warning: the following keywords are unknown and will be ignored: [examples]
    level: "warning"
    schema: {"loadingURI":"#","pointer":"/items/properties/valor"}
    domain: "syntax"
    ignored: ["examples"]
warning: the following keywords are unknown and will be ignored: [examples]
    level: "warning"
    schema: {"loadingURI":"#","pointer":"/items"}
    domain: "syntax"
    ignored: ["examples"]
warning: the following keywords are unknown and will be ignored: [examples]
    level: "warning"
    schema: {"loadingURI":"#","pointer":"/items/properties/cpf"}
    domain: "syntax"
    ignored: ["examples"]
warning: the following keywords are unknown and will be ignored: [examples]
    level: "warning"
    schema: {"loadingURI":"#","pointer":"/items/properties/email"}
    domain: "syntax"
    ignored: ["examples"]
warning: the following keywords are unknown and will be ignored: [examples]
    level: "warning"
    schema: {"loadingURI":"#","pointer":"/items/properties/id"}
    domain: "syntax"
    ignored: ["examples"]
warning: the following keywords are unknown and will be ignored: [examples]
    level: "warning"
    schema: {"loadingURI":"#","pointer":"/items/properties/nome"}
    domain: "syntax"
    ignored: ["examples"]
warning: the following keywords are unknown and will be ignored: [examples]
    level: "warning"
    schema: {"loadingURI":"#","pointer":"/items/properties/parcelas"}
    domain: "syntax"
    ignored: ["examples"]
warning: the following keywords are unknown and will be ignored: [examples]
    level: "warning"
    schema: {"loadingURI":"#","pointer":"/items/properties/seguro"}
    domain: "syntax"
    ignored: ["examples"]
warning: the following keywords are unknown and will be ignored: [examples]
    level: "warning"
    schema: {"loadingURI":"#","pointer":"/items/properties/valor"}
    domain: "syntax"
    ignored: ["examples"]
warning: the following keywords are unknown and will be ignored: [examples]
    level: "warning"
    schema: {"loadingURI":"#","pointer":"/items"}
    domain: "syntax"
    ignored: ["examples"]
warning: the following keywords are unknown and will be ignored: [examples]
    level: "warning"
    schema: {"loadingURI":"#","pointer":"/items/properties/cpf"}
    domain: "syntax"
    ignored: ["examples"]
warning: the following keywords are unknown and will be ignored: [examples]
    level: "warning"
    schema: {"loadingURI":"#","pointer":"/items/properties/email"}
    domain: "syntax"
    ignored: ["examples"]
warning: the following keywords are unknown and will be ignored: [examples]
    level: "warning"
    schema: {"loadingURI":"#","pointer":"/items/properties/id"}
    domain: "syntax"
    ignored: ["examples"]
warning: the following keywords are unknown and will be ignored: [examples]
    level: "warning"
    schema: {"loadingURI":"#","pointer":"/items/properties/nome"}
    domain: "syntax"
    ignored: ["examples"]
warning: the following keywords are unknown and will be ignored: [examples]
    level: "warning"
    schema: {"loadingURI":"#","pointer":"/items/properties/parcelas"}
    domain: "syntax"
    ignored: ["examples"]
warning: the following keywords are unknown and will be ignored: [examples]
    level: "warning"
    schema: {"loadingURI":"#","pointer":"/items/properties/seguro"}
    domain: "syntax"
    ignored: ["examples"]
warning: the following keywords are unknown and will be ignored: [examples]
    level: "warning"
    schema: {"loadingURI":"#","pointer":"/items/properties/valor"}
    domain: "syntax"
    ignored: ["examples"]
warning: the following keywords are unknown and will be ignored: [examples]
    level: "warning"
    schema: {"loadingURI":"#","pointer":"/items"}
    domain: "syntax"
    ignored: ["examples"]
warning: the following keywords are unknown and will be ignored: [examples]
    level: "warning"
    schema: {"loadingURI":"#","pointer":"/items/properties/cpf"}
    domain: "syntax"
    ignored: ["examples"]
warning: the following keywords are unknown and will be ignored: [examples]
    level: "warning"
    schema: {"loadingURI":"#","pointer":"/items/properties/email"}
    domain: "syntax"
    ignored: ["examples"]
warning: the following keywords are unknown and will be ignored: [examples]
    level: "warning"
    schema: {"loadingURI":"#","pointer":"/items/properties/id"}
    domain: "syntax"
    ignored: ["examples"]
warning: the following keywords are unknown and will be ignored: [examples]
    level: "warning"
    schema: {"loadingURI":"#","pointer":"/items/properties/nome"}
    domain: "syntax"
    ignored: ["examples"]
warning: the following keywords are unknown and will be ignored: [examples]
    level: "warning"
    schema: {"loadingURI":"#","pointer":"/items/properties/parcelas"}
    domain: "syntax"
    ignored: ["examples"]
warning: the following keywords are unknown and will be ignored: [examples]
    level: "warning"
    schema: {"loadingURI":"#","pointer":"/items/properties/seguro"}
    domain: "syntax"
    ignored: ["examples"]
warning: the following keywords are unknown and will be ignored: [examples]
    level: "warning"
    schema: {"loadingURI":"#","pointer":"/items/properties/valor"}
    domain: "syntax"
    ignored: ["examples"]
warning: the following keywords are unknown and will be ignored: [examples]
    level: "warning"
    schema: {"loadingURI":"#","pointer":"/items"}
    domain: "syntax"
    ignored: ["examples"]
warning: the following keywords are unknown and will be ignored: [examples]
    level: "warning"
    schema: {"loadingURI":"#","pointer":"/items/properties/cpf"}
    domain: "syntax"
    ignored: ["examples"]
warning: the following keywords are unknown and will be ignored: [examples]
    level: "warning"
    schema: {"loadingURI":"#","pointer":"/items/properties/email"}
    domain: "syntax"
    ignored: ["examples"]
warning: the following keywords are unknown and will be ignored: [examples]
    level: "warning"
    schema: {"loadingURI":"#","pointer":"/items/properties/id"}
    domain: "syntax"
    ignored: ["examples"]
warning: the following keywords are unknown and will be ignored: [examples]
    level: "warning"
    schema: {"loadingURI":"#","pointer":"/items/properties/nome"}
    domain: "syntax"
    ignored: ["examples"]
warning: the following keywords are unknown and will be ignored: [examples]
    level: "warning"
    schema: {"loadingURI":"#","pointer":"/items/properties/parcelas"}
    domain: "syntax"
    ignored: ["examples"]
warning: the following keywords are unknown and will be ignored: [examples]
    level: "warning"
    schema: {"loadingURI":"#","pointer":"/items/properties/seguro"}
    domain: "syntax"
    ignored: ["examples"]
warning: the following keywords are unknown and will be ignored: [examples]
    level: "warning"
    schema: {"loadingURI":"#","pointer":"/items/properties/valor"}
    domain: "syntax"
    ignored: ["examples"]
warning: the following keywords are unknown and will be ignored: [examples]
    level: "warning"
    schema: {"loadingURI":"#","pointer":"/items"}
    domain: "syntax"
    ignored: ["examples"]
warning: the following keywords are unknown and will be ignored: [examples]
    level: "warning"
    schema: {"loadingURI":"#","pointer":"/items/properties/cpf"}
    domain: "syntax"
    ignored: ["examples"]
warning: the following keywords are unknown and will be ignored: [examples]
    level: "warning"
    schema: {"loadingURI":"#","pointer":"/items/properties/email"}
    domain: "syntax"
    ignored: ["examples"]
warning: the following keywords are unknown and will be ignored: [examples]
    level: "warning"
    schema: {"loadingURI":"#","pointer":"/items/properties/id"}
    domain: "syntax"
    ignored: ["examples"]
warning: the following keywords are unknown and will be ignored: [examples]
    level: "warning"
    schema: {"loadingURI":"#","pointer":"/items/properties/nome"}
    domain: "syntax"
    ignored: ["examples"]
warning: the following keywords are unknown and will be ignored: [examples]
    level: "warning"
    schema: {"loadingURI":"#","pointer":"/items/properties/parcelas"}
    domain: "syntax"
    ignored: ["examples"]
warning: the following keywords are unknown and will be ignored: [examples]
    level: "warning"
    schema: {"loadingURI":"#","pointer":"/items/properties/seguro"}
    domain: "syntax"
    ignored: ["examples"]
warning: the following keywords are unknown and will be ignored: [examples]
    level: "warning"
    schema: {"loadingURI":"#","pointer":"/items/properties/valor"}
    domain: "syntax"
    ignored: ["examples"]
warning: the following keywords are unknown and will be ignored: [examples]
    level: "warning"
    schema: {"loadingURI":"#","pointer":"/items"}
    domain: "syntax"
    ignored: ["examples"]
warning: the following keywords are unknown and will be ignored: [examples]
    level: "warning"
    schema: {"loadingURI":"#","pointer":"/items/properties/cpf"}
    domain: "syntax"
    ignored: ["examples"]
warning: the following keywords are unknown and will be ignored: [examples]
    level: "warning"
    schema: {"loadingURI":"#","pointer":"/items/properties/email"}
    domain: "syntax"
    ignored: ["examples"]
warning: the following keywords are unknown and will be ignored: [examples]
    level: "warning"
    schema: {"loadingURI":"#","pointer":"/items/properties/id"}
    domain: "syntax"
    ignored: ["examples"]
warning: the following keywords are unknown and will be ignored: [examples]
    level: "warning"
    schema: {"loadingURI":"#","pointer":"/items/properties/nome"}
    domain: "syntax"
    ignored: ["examples"]
warning: the following keywords are unknown and will be ignored: [examples]
    level: "warning"
    schema: {"loadingURI":"#","pointer":"/items/properties/parcelas"}
    domain: "syntax"
    ignored: ["examples"]
warning: the following keywords are unknown and will be ignored: [examples]
    level: "warning"
    schema: {"loadingURI":"#","pointer":"/items/properties/seguro"}
    domain: "syntax"
    ignored: ["examples"]
warning: the following keywords are unknown and will be ignored: [examples]
    level: "warning"
    schema: {"loadingURI":"#","pointer":"/items/properties/valor"}
    domain: "syntax"
    ignored: ["examples"]
warning: the following keywords are unknown and will be ignored: [examples]
    level: "warning"
    schema: {"loadingURI":"#","pointer":"/items"}
    domain: "syntax"
    ignored: ["examples"]
warning: the following keywords are unknown and will be ignored: [examples]
    level: "warning"
    schema: {"loadingURI":"#","pointer":"/items/properties/cpf"}
    domain: "syntax"
    ignored: ["examples"]
warning: the following keywords are unknown and will be ignored: [examples]
    level: "warning"
    schema: {"loadingURI":"#","pointer":"/items/properties/email"}
    domain: "syntax"
    ignored: ["examples"]
warning: the following keywords are unknown and will be ignored: [examples]
    level: "warning"
    schema: {"loadingURI":"#","pointer":"/items/properties/id"}
    domain: "syntax"
    ignored: ["examples"]
warning: the following keywords are unknown and will be ignored: [examples]
    level: "warning"
    schema: {"loadingURI":"#","pointer":"/items/properties/nome"}
    domain: "syntax"
    ignored: ["examples"]
warning: the following keywords are unknown and will be ignored: [examples]
    level: "warning"
    schema: {"loadingURI":"#","pointer":"/items/properties/parcelas"}
    domain: "syntax"
    ignored: ["examples"]
warning: the following keywords are unknown and will be ignored: [examples]
    level: "warning"
    schema: {"loadingURI":"#","pointer":"/items/properties/seguro"}
    domain: "syntax"
    ignored: ["examples"]
warning: the following keywords are unknown and will be ignored: [examples]
    level: "warning"
    schema: {"loadingURI":"#","pointer":"/items/properties/valor"}
    domain: "syntax"
    ignored: ["examples"]
warning: the following keywords are unknown and will be ignored: [examples]
    level: "warning"
    schema: {"loadingURI":"#","pointer":"/items"}
    domain: "syntax"
    ignored: ["examples"]
warning: the following keywords are unknown and will be ignored: [examples]
    level: "warning"
    schema: {"loadingURI":"#","pointer":"/items/properties/cpf"}
    domain: "syntax"
    ignored: ["examples"]
warning: the following keywords are unknown and will be ignored: [examples]
    level: "warning"
    schema: {"loadingURI":"#","pointer":"/items/properties/email"}
    domain: "syntax"
    ignored: ["examples"]
warning: the following keywords are unknown and will be ignored: [examples]
    level: "warning"
    schema: {"loadingURI":"#","pointer":"/items/properties/id"}
    domain: "syntax"
    ignored: ["examples"]
warning: the following keywords are unknown and will be ignored: [examples]
    level: "warning"
    schema: {"loadingURI":"#","pointer":"/items/properties/nome"}
    domain: "syntax"
    ignored: ["examples"]
warning: the following keywords are unknown and will be ignored: [examples]
    level: "warning"
    schema: {"loadingURI":"#","pointer":"/items/properties/parcelas"}
    domain: "syntax"
    ignored: ["examples"]
warning: the following keywords are unknown and will be ignored: [examples]
    level: "warning"
    schema: {"loadingURI":"#","pointer":"/items/properties/seguro"}
    domain: "syntax"
    ignored: ["examples"]
warning: the following keywords are unknown and will be ignored: [examples]
    level: "warning"
    schema: {"loadingURI":"#","pointer":"/items/properties/valor"}
    domain: "syntax"
    ignored: ["examples"]
warning: the following keywords are unknown and will be ignored: [examples]
    level: "warning"
    schema: {"loadingURI":"#","pointer":"/items"}
    domain: "syntax"
    ignored: ["examples"]
warning: the following keywords are unknown and will be ignored: [examples]
    level: "warning"
    schema: {"loadingURI":"#","pointer":"/items/properties/cpf"}
    domain: "syntax"
    ignored: ["examples"]
warning: the following keywords are unknown and will be ignored: [examples]
    level: "warning"
    schema: {"loadingURI":"#","pointer":"/items/properties/email"}
    domain: "syntax"
    ignored: ["examples"]
warning: the following keywords are unknown and will be ignored: [examples]
    level: "warning"
    schema: {"loadingURI":"#","pointer":"/items/properties/id"}
    domain: "syntax"
    ignored: ["examples"]
warning: the following keywords are unknown and will be ignored: [examples]
    level: "warning"
    schema: {"loadingURI":"#","pointer":"/items/properties/nome"}
    domain: "syntax"
    ignored: ["examples"]
warning: the following keywords are unknown and will be ignored: [examples]
    level: "warning"
    schema: {"loadingURI":"#","pointer":"/items/properties/parcelas"}
    domain: "syntax"
    ignored: ["examples"]
warning: the following keywords are unknown and will be ignored: [examples]
    level: "warning"
    schema: {"loadingURI":"#","pointer":"/items/properties/seguro"}
    domain: "syntax"
    ignored: ["examples"]
warning: the following keywords are unknown and will be ignored: [examples]
    level: "warning"
    schema: {"loadingURI":"#","pointer":"/items/properties/valor"}
    domain: "syntax"
    ignored: ["examples"]
warning: the following keywords are unknown and will be ignored: [examples]
    level: "warning"
    schema: {"loadingURI":"#","pointer":"/items"}
    domain: "syntax"
    ignored: ["examples"]
warning: the following keywords are unknown and will be ignored: [examples]
    level: "warning"
    schema: {"loadingURI":"#","pointer":"/items/properties/cpf"}
    domain: "syntax"
    ignored: ["examples"]
warning: the following keywords are unknown and will be ignored: [examples]
    level: "warning"
    schema: {"loadingURI":"#","pointer":"/items/properties/email"}
    domain: "syntax"
    ignored: ["examples"]
warning: the following keywords are unknown and will be ignored: [examples]
    level: "warning"
    schema: {"loadingURI":"#","pointer":"/items/properties/id"}
    domain: "syntax"
    ignored: ["examples"]
warning: the following keywords are unknown and will be ignored: [examples]
    level: "warning"
    schema: {"loadingURI":"#","pointer":"/items/properties/nome"}
    domain: "syntax"
    ignored: ["examples"]
warning: the following keywords are unknown and will be ignored: [examples]
    level: "warning"
    schema: {"loadingURI":"#","pointer":"/items/properties/parcelas"}
    domain: "syntax"
    ignored: ["examples"]
warning: the following keywords are unknown and will be ignored: [examples]
    level: "warning"
    schema: {"loadingURI":"#","pointer":"/items/properties/seguro"}
    domain: "syntax"
    ignored: ["examples"]
warning: the following keywords are unknown and will be ignored: [examples]
    level: "warning"
    schema: {"loadingURI":"#","pointer":"/items/properties/valor"}
    domain: "syntax"
    ignored: ["examples"]
warning: the following keywords are unknown and will be ignored: [examples]
    level: "warning"
    schema: {"loadingURI":"#","pointer":"/items"}
    domain: "syntax"
    ignored: ["examples"]
warning: the following keywords are unknown and will be ignored: [examples]
    level: "warning"
    schema: {"loadingURI":"#","pointer":"/items/properties/cpf"}
    domain: "syntax"
    ignored: ["examples"]
warning: the following keywords are unknown and will be ignored: [examples]
    level: "warning"
    schema: {"loadingURI":"#","pointer":"/items/properties/email"}
    domain: "syntax"
    ignored: ["examples"]
warning: the following keywords are unknown and will be ignored: [examples]
    level: "warning"
    schema: {"loadingURI":"#","pointer":"/items/properties/id"}
    domain: "syntax"
    ignored: ["examples"]
warning: the following keywords are unknown and will be ignored: [examples]
    level: "warning"
    schema: {"loadingURI":"#","pointer":"/items/properties/nome"}
    domain: "syntax"
    ignored: ["examples"]
warning: the following keywords are unknown and will be ignored: [examples]
    level: "warning"
    schema: {"loadingURI":"#","pointer":"/items/properties/parcelas"}
    domain: "syntax"
    ignored: ["examples"]
warning: the following keywords are unknown and will be ignored: [examples]
    level: "warning"
    schema: {"loadingURI":"#","pointer":"/items/properties/seguro"}
    domain: "syntax"
    ignored: ["examples"]
warning: the following keywords are unknown and will be ignored: [examples]
    level: "warning"
    schema: {"loadingURI":"#","pointer":"/items/properties/valor"}
    domain: "syntax"
    ignored: ["examples"]
warning: the following keywords are unknown and will be ignored: [examples]
    level: "warning"
    schema: {"loadingURI":"#","pointer":"/items"}
    domain: "syntax"
    ignored: ["examples"]
warning: the following keywords are unknown and will be ignored: [examples]
    level: "warning"
    schema: {"loadingURI":"#","pointer":"/items/properties/cpf"}
    domain: "syntax"
    ignored: ["examples"]
warning: the following keywords are unknown and will be ignored: [examples]
    level: "warning"
    schema: {"loadingURI":"#","pointer":"/items/properties/email"}
    domain: "syntax"
    ignored: ["examples"]
warning: the following keywords are unknown and will be ignored: [examples]
    level: "warning"
    schema: {"loadingURI":"#","pointer":"/items/properties/id"}
    domain: "syntax"
    ignored: ["examples"]
warning: the following keywords are unknown and will be ignored: [examples]
    level: "warning"
    schema: {"loadingURI":"#","pointer":"/items/properties/nome"}
    domain: "syntax"
    ignored: ["examples"]
warning: the following keywords are unknown and will be ignored: [examples]
    level: "warning"
    schema: {"loadingURI":"#","pointer":"/items/properties/parcelas"}
    domain: "syntax"
    ignored: ["examples"]
warning: the following keywords are unknown and will be ignored: [examples]
    level: "warning"
    schema: {"loadingURI":"#","pointer":"/items/properties/seguro"}
    domain: "syntax"
    ignored: ["examples"]
warning: the following keywords are unknown and will be ignored: [examples]
    level: "warning"
    schema: {"loadingURI":"#","pointer":"/items/properties/valor"}
    domain: "syntax"
    ignored: ["examples"]
warning: the following keywords are unknown and will be ignored: [examples]
    level: "warning"
    schema: {"loadingURI":"#","pointer":"/items"}
    domain: "syntax"
    ignored: ["examples"]
warning: the following keywords are unknown and will be ignored: [examples]
    level: "warning"
    schema: {"loadingURI":"#","pointer":"/items/properties/cpf"}
    domain: "syntax"
    ignored: ["examples"]
warning: the following keywords are unknown and will be ignored: [examples]
    level: "warning"
    schema: {"loadingURI":"#","pointer":"/items/properties/email"}
    domain: "syntax"
    ignored: ["examples"]
warning: the following keywords are unknown and will be ignored: [examples]
    level: "warning"
    schema: {"loadingURI":"#","pointer":"/items/properties/id"}
    domain: "syntax"
    ignored: ["examples"]
warning: the following keywords are unknown and will be ignored: [examples]
    level: "warning"
    schema: {"loadingURI":"#","pointer":"/items/properties/nome"}
    domain: "syntax"
    ignored: ["examples"]
warning: the following keywords are unknown and will be ignored: [examples]
    level: "warning"
    schema: {"loadingURI":"#","pointer":"/items/properties/parcelas"}
    domain: "syntax"
    ignored: ["examples"]
warning: the following keywords are unknown and will be ignored: [examples]
    level: "warning"
    schema: {"loadingURI":"#","pointer":"/items/properties/seguro"}
    domain: "syntax"
    ignored: ["examples"]
warning: the following keywords are unknown and will be ignored: [examples]
    level: "warning"
    schema: {"loadingURI":"#","pointer":"/items/properties/valor"}
    domain: "syntax"
    ignored: ["examples"]
warning: the following keywords are unknown and will be ignored: [examples]
    level: "warning"
    schema: {"loadingURI":"#","pointer":"/items"}
    domain: "syntax"
    ignored: ["examples"]
warning: the following keywords are unknown and will be ignored: [examples]
    level: "warning"
    schema: {"loadingURI":"#","pointer":"/items/properties/cpf"}
    domain: "syntax"
    ignored: ["examples"]
warning: the following keywords are unknown and will be ignored: [examples]
    level: "warning"
    schema: {"loadingURI":"#","pointer":"/items/properties/email"}
    domain: "syntax"
    ignored: ["examples"]
warning: the following keywords are unknown and will be ignored: [examples]
    level: "warning"
    schema: {"loadingURI":"#","pointer":"/items/properties/id"}
    domain: "syntax"
    ignored: ["examples"]
warning: the following keywords are unknown and will be ignored: [examples]
    level: "warning"
    schema: {"loadingURI":"#","pointer":"/items/properties/nome"}
    domain: "syntax"
    ignored: ["examples"]
warning: the following keywords are unknown and will be ignored: [examples]
    level: "warning"
    schema: {"loadingURI":"#","pointer":"/items/properties/parcelas"}
    domain: "syntax"
    ignored: ["examples"]
warning: the following keywords are unknown and will be ignored: [examples]
    level: "warning"
    schema: {"loadingURI":"#","pointer":"/items/properties/seguro"}
    domain: "syntax"
    ignored: ["examples"]
warning: the following keywords are unknown and will be ignored: [examples]
    level: "warning"
    schema: {"loadingURI":"#","pointer":"/items/properties/valor"}
    domain: "syntax"
    ignored: ["examples"]
warning: the following keywords are unknown and will be ignored: [examples]
    level: "warning"
    schema: {"loadingURI":"#","pointer":"/items"}
    domain: "syntax"
    ignored: ["examples"]
warning: the following keywords are unknown and will be ignored: [examples]
    level: "warning"
    schema: {"loadingURI":"#","pointer":"/items/properties/cpf"}
    domain: "syntax"
    ignored: ["examples"]
warning: the following keywords are unknown and will be ignored: [examples]
    level: "warning"
    schema: {"loadingURI":"#","pointer":"/items/properties/email"}
    domain: "syntax"
    ignored: ["examples"]
warning: the following keywords are unknown and will be ignored: [examples]
    level: "warning"
    schema: {"loadingURI":"#","pointer":"/items/properties/id"}
    domain: "syntax"
    ignored: ["examples"]
warning: the following keywords are unknown and will be ignored: [examples]
    level: "warning"
    schema: {"loadingURI":"#","pointer":"/items/properties/nome"}
    domain: "syntax"
    ignored: ["examples"]
warning: the following keywords are unknown and will be ignored: [examples]
    level: "warning"
    schema: {"loadingURI":"#","pointer":"/items/properties/parcelas"}
    domain: "syntax"
    ignored: ["examples"]
warning: the following keywords are unknown and will be ignored: [examples]
    level: "warning"
    schema: {"loadingURI":"#","pointer":"/items/properties/seguro"}
    domain: "syntax"
    ignored: ["examples"]
warning: the following keywords are unknown and will be ignored: [examples]
    level: "warning"
    schema: {"loadingURI":"#","pointer":"/items/properties/valor"}
    domain: "syntax"
    ignored: ["examples"]
warning: the following keywords are unknown and will be ignored: [examples]
    level: "warning"
    schema: {"loadingURI":"#","pointer":"/items"}
    domain: "syntax"
    ignored: ["examples"]
warning: the following keywords are unknown and will be ignored: [examples]
    level: "warning"
    schema: {"loadingURI":"#","pointer":"/items/properties/cpf"}
    domain: "syntax"
    ignored: ["examples"]
warning: the following keywords are unknown and will be ignored: [examples]
    level: "warning"
    schema: {"loadingURI":"#","pointer":"/items/properties/email"}
    domain: "syntax"
    ignored: ["examples"]
warning: the following keywords are unknown and will be ignored: [examples]
    level: "warning"
    schema: {"loadingURI":"#","pointer":"/items/properties/id"}
    domain: "syntax"
    ignored: ["examples"]
warning: the following keywords are unknown and will be ignored: [examples]
    level: "warning"
    schema: {"loadingURI":"#","pointer":"/items/properties/nome"}
    domain: "syntax"
    ignored: ["examples"]
warning: the following keywords are unknown and will be ignored: [examples]
    level: "warning"
    schema: {"loadingURI":"#","pointer":"/items/properties/parcelas"}
    domain: "syntax"
    ignored: ["examples"]
warning: the following keywords are unknown and will be ignored: [examples]
    level: "warning"
    schema: {"loadingURI":"#","pointer":"/items/properties/seguro"}
    domain: "syntax"
    ignored: ["examples"]
warning: the following keywords are unknown and will be ignored: [examples]
    level: "warning"
    schema: {"loadingURI":"#","pointer":"/items/properties/valor"}
    domain: "syntax"
    ignored: ["examples"]
warning: the following keywords are unknown and will be ignored: [examples]
    level: "warning"
    schema: {"loadingURI":"#","pointer":"/items"}
    domain: "syntax"
    ignored: ["examples"]
warning: the following keywords are unknown and will be ignored: [examples]
    level: "warning"
    schema: {"loadingURI":"#","pointer":"/items/properties/cpf"}
    domain: "syntax"
    ignored: ["examples"]
warning: the following keywords are unknown and will be ignored: [examples]
    level: "warning"
    schema: {"loadingURI":"#","pointer":"/items/properties/email"}
    domain: "syntax"
    ignored: ["examples"]
warning: the following keywords are unknown and will be ignored: [examples]
    level: "warning"
    schema: {"loadingURI":"#","pointer":"/items/properties/id"}
    domain: "syntax"
    ignored: ["examples"]
warning: the following keywords are unknown and will be ignored: [examples]
    level: "warning"
    schema: {"loadingURI":"#","pointer":"/items/properties/nome"}
    domain: "syntax"
    ignored: ["examples"]
warning: the following keywords are unknown and will be ignored: [examples]
    level: "warning"
    schema: {"loadingURI":"#","pointer":"/items/properties/parcelas"}
    domain: "syntax"
    ignored: ["examples"]
warning: the following keywords are unknown and will be ignored: [examples]
    level: "warning"
    schema: {"loadingURI":"#","pointer":"/items/properties/seguro"}
    domain: "syntax"
    ignored: ["examples"]
warning: the following keywords are unknown and will be ignored: [examples]
    level: "warning"
    schema: {"loadingURI":"#","pointer":"/items/properties/valor"}
    domain: "syntax"
    ignored: ["examples"]
warning: the following keywords are unknown and will be ignored: [examples]
    level: "warning"
    schema: {"loadingURI":"#","pointer":"/items"}
    domain: "syntax"
    ignored: ["examples"]
warning: the following keywords are unknown and will be ignored: [examples]
    level: "warning"
    schema: {"loadingURI":"#","pointer":"/items/properties/cpf"}
    domain: "syntax"
    ignored: ["examples"]
warning: the following keywords are unknown and will be ignored: [examples]
    level: "warning"
    schema: {"loadingURI":"#","pointer":"/items/properties/email"}
    domain: "syntax"
    ignored: ["examples"]
warning: the following keywords are unknown and will be ignored: [examples]
    level: "warning"
    schema: {"loadingURI":"#","pointer":"/items/properties/id"}
    domain: "syntax"
    ignored: ["examples"]
warning: the following keywords are unknown and will be ignored: [examples]
    level: "warning"
    schema: {"loadingURI":"#","pointer":"/items/properties/nome"}
    domain: "syntax"
    ignored: ["examples"]
warning: the following keywords are unknown and will be ignored: [examples]
    level: "warning"
    schema: {"loadingURI":"#","pointer":"/items/properties/parcelas"}
    domain: "syntax"
    ignored: ["examples"]
warning: the following keywords are unknown and will be ignored: [examples]
    level: "warning"
    schema: {"loadingURI":"#","pointer":"/items/properties/seguro"}
    domain: "syntax"
    ignored: ["examples"]
warning: the following keywords are unknown and will be ignored: [examples]
    level: "warning"
    schema: {"loadingURI":"#","pointer":"/items/properties/valor"}
    domain: "syntax"
    ignored: ["examples"]
warning: the following keywords are unknown and will be ignored: [examples]
    level: "warning"
    schema: {"loadingURI":"#","pointer":"/items"}
    domain: "syntax"
    ignored: ["examples"]
warning: the following keywords are unknown and will be ignored: [examples]
    level: "warning"
    schema: {"loadingURI":"#","pointer":"/items/properties/cpf"}
    domain: "syntax"
    ignored: ["examples"]
warning: the following keywords are unknown and will be ignored: [examples]
    level: "warning"
    schema: {"loadingURI":"#","pointer":"/items/properties/email"}
    domain: "syntax"
    ignored: ["examples"]
warning: the following keywords are unknown and will be ignored: [examples]
    level: "warning"
    schema: {"loadingURI":"#","pointer":"/items/properties/id"}
    domain: "syntax"
    ignored: ["examples"]
warning: the following keywords are unknown and will be ignored: [examples]
    level: "warning"
    schema: {"loadingURI":"#","pointer":"/items/properties/nome"}
    domain: "syntax"
    ignored: ["examples"]
warning: the following keywords are unknown and will be ignored: [examples]
    level: "warning"
    schema: {"loadingURI":"#","pointer":"/items/properties/parcelas"}
    domain: "syntax"
    ignored: ["examples"]
warning: the following keywords are unknown and will be ignored: [examples]
    level: "warning"
    schema: {"loadingURI":"#","pointer":"/items/properties/seguro"}
    domain: "syntax"
    ignored: ["examples"]
warning: the following keywords are unknown and will be ignored: [examples]
    level: "warning"
    schema: {"loadingURI":"#","pointer":"/items/properties/valor"}
    domain: "syntax"
    ignored: ["examples"]
warning: the following keywords are unknown and will be ignored: [examples]
    level: "warning"
    schema: {"loadingURI":"#","pointer":"/items"}
    domain: "syntax"
    ignored: ["examples"]
warning: the following keywords are unknown and will be ignored: [examples]
    level: "warning"
    schema: {"loadingURI":"#","pointer":"/items/properties/cpf"}
    domain: "syntax"
    ignored: ["examples"]
warning: the following keywords are unknown and will be ignored: [examples]
    level: "warning"
    schema: {"loadingURI":"#","pointer":"/items/properties/email"}
    domain: "syntax"
    ignored: ["examples"]
warning: the following keywords are unknown and will be ignored: [examples]
    level: "warning"
    schema: {"loadingURI":"#","pointer":"/items/properties/id"}
    domain: "syntax"
    ignored: ["examples"]
warning: the following keywords are unknown and will be ignored: [examples]
    level: "warning"
    schema: {"loadingURI":"#","pointer":"/items/properties/nome"}
    domain: "syntax"
    ignored: ["examples"]
warning: the following keywords are unknown and will be ignored: [examples]
    level: "warning"
    schema: {"loadingURI":"#","pointer":"/items/properties/parcelas"}
    domain: "syntax"
    ignored: ["examples"]
warning: the following keywords are unknown and will be ignored: [examples]
    level: "warning"
    schema: {"loadingURI":"#","pointer":"/items/properties/seguro"}
    domain: "syntax"
    ignored: ["examples"]
warning: the following keywords are unknown and will be ignored: [examples]
    level: "warning"
    schema: {"loadingURI":"#","pointer":"/items/properties/valor"}
    domain: "syntax"
    ignored: ["examples"]
warning: the following keywords are unknown and will be ignored: [examples]
    level: "warning"
    schema: {"loadingURI":"#","pointer":"/items"}
    domain: "syntax"
    ignored: ["examples"]
warning: the following keywords are unknown and will be ignored: [examples]
    level: "warning"
    schema: {"loadingURI":"#","pointer":"/items/properties/cpf"}
    domain: "syntax"
    ignored: ["examples"]
warning: the following keywords are unknown and will be ignored: [examples]
    level: "warning"
    schema: {"loadingURI":"#","pointer":"/items/properties/email"}
    domain: "syntax"
    ignored: ["examples"]
warning: the following keywords are unknown and will be ignored: [examples]
    level: "warning"
    schema: {"loadingURI":"#","pointer":"/items/properties/id"}
    domain: "syntax"
    ignored: ["examples"]
warning: the following keywords are unknown and will be ignored: [examples]
    level: "warning"
    schema: {"loadingURI":"#","pointer":"/items/properties/nome"}
    domain: "syntax"
    ignored: ["examples"]
warning: the following keywords are unknown and will be ignored: [examples]
    level: "warning"
    schema: {"loadingURI":"#","pointer":"/items/properties/parcelas"}
    domain: "syntax"
    ignored: ["examples"]
warning: the following keywords are unknown and will be ignored: [examples]
    level: "warning"
    schema: {"loadingURI":"#","pointer":"/items/properties/seguro"}
    domain: "syntax"
    ignored: ["examples"]
warning: the following keywords are unknown and will be ignored: [examples]
    level: "warning"
    schema: {"loadingURI":"#","pointer":"/items/properties/valor"}
    domain: "syntax"
    ignored: ["examples"]
warning: the following keywords are unknown and will be ignored: [examples]
    level: "warning"
    schema: {"loadingURI":"#","pointer":"/items"}
    domain: "syntax"
    ignored: ["examples"]
warning: the following keywords are unknown and will be ignored: [examples]
    level: "warning"
    schema: {"loadingURI":"#","pointer":"/items/properties/cpf"}
    domain: "syntax"
    ignored: ["examples"]
warning: the following keywords are unknown and will be ignored: [examples]
    level: "warning"
    schema: {"loadingURI":"#","pointer":"/items/properties/email"}
    domain: "syntax"
    ignored: ["examples"]
warning: the following keywords are unknown and will be ignored: [examples]
    level: "warning"
    schema: {"loadingURI":"#","pointer":"/items/properties/id"}
    domain: "syntax"
    ignored: ["examples"]
warning: the following keywords are unknown and will be ignored: [examples]
    level: "warning"
    schema: {"loadingURI":"#","pointer":"/items/properties/nome"}
    domain: "syntax"
    ignored: ["examples"]
warning: the following keywords are unknown and will be ignored: [examples]
    level: "warning"
    schema: {"loadingURI":"#","pointer":"/items/properties/parcelas"}
    domain: "syntax"
    ignored: ["examples"]
warning: the following keywords are unknown and will be ignored: [examples]
    level: "warning"
    schema: {"loadingURI":"#","pointer":"/items/properties/seguro"}
    domain: "syntax"
    ignored: ["examples"]
warning: the following keywords are unknown and will be ignored: [examples]
    level: "warning"
    schema: {"loadingURI":"#","pointer":"/items/properties/valor"}
    domain: "syntax"
    ignored: ["examples"]
warning: the following keywords are unknown and will be ignored: [examples]
    level: "warning"
    schema: {"loadingURI":"#","pointer":"/items"}
    domain: "syntax"
    ignored: ["examples"]
warning: the following keywords are unknown and will be ignored: [examples]
    level: "warning"
    schema: {"loadingURI":"#","pointer":"/items/properties/cpf"}
    domain: "syntax"
    ignored: ["examples"]
warning: the following keywords are unknown and will be ignored: [examples]
    level: "warning"
    schema: {"loadingURI":"#","pointer":"/items/properties/email"}
    domain: "syntax"
    ignored: ["examples"]
warning: the following keywords are unknown and will be ignored: [examples]
    level: "warning"
    schema: {"loadingURI":"#","pointer":"/items/properties/id"}
    domain: "syntax"
    ignored: ["examples"]
warning: the following keywords are unknown and will be ignored: [examples]
    level: "warning"
    schema: {"loadingURI":"#","pointer":"/items/properties/nome"}
    domain: "syntax"
    ignored: ["examples"]
warning: the following keywords are unknown and will be ignored: [examples]
    level: "warning"
    schema: {"loadingURI":"#","pointer":"/items/properties/parcelas"}
    domain: "syntax"
    ignored: ["examples"]
warning: the following keywords are unknown and will be ignored: [examples]
    level: "warning"
    schema: {"loadingURI":"#","pointer":"/items/properties/seguro"}
    domain: "syntax"
    ignored: ["examples"]
warning: the following keywords are unknown and will be ignored: [examples]
    level: "warning"
    schema: {"loadingURI":"#","pointer":"/items/properties/valor"}
    domain: "syntax"
    ignored: ["examples"]
warning: the following keywords are unknown and will be ignored: [examples]
    level: "warning"
    schema: {"loadingURI":"#","pointer":"/items"}
    domain: "syntax"
    ignored: ["examples"]
warning: the following keywords are unknown and will be ignored: [examples]
    level: "warning"
    schema: {"loadingURI":"#","pointer":"/items/properties/cpf"}
    domain: "syntax"
    ignored: ["examples"]
warning: the following keywords are unknown and will be ignored: [examples]
    level: "warning"
    schema: {"loadingURI":"#","pointer":"/items/properties/email"}
    domain: "syntax"
    ignored: ["examples"]
warning: the following keywords are unknown and will be ignored: [examples]
    level: "warning"
    schema: {"loadingURI":"#","pointer":"/items/properties/id"}
    domain: "syntax"
    ignored: ["examples"]
warning: the following keywords are unknown and will be ignored: [examples]
    level: "warning"
    schema: {"loadingURI":"#","pointer":"/items/properties/nome"}
    domain: "syntax"
    ignored: ["examples"]
warning: the following keywords are unknown and will be ignored: [examples]
    level: "warning"
    schema: {"loadingURI":"#","pointer":"/items/properties/parcelas"}
    domain: "syntax"
    ignored: ["examples"]
warning: the following keywords are unknown and will be ignored: [examples]
    level: "warning"
    schema: {"loadingURI":"#","pointer":"/items/properties/seguro"}
    domain: "syntax"
    ignored: ["examples"]
warning: the following keywords are unknown and will be ignored: [examples]
    level: "warning"
    schema: {"loadingURI":"#","pointer":"/items/properties/valor"}
    domain: "syntax"
    ignored: ["examples"]
warning: the following keywords are unknown and will be ignored: [examples]
    level: "warning"
    schema: {"loadingURI":"#","pointer":"/items"}
    domain: "syntax"
    ignored: ["examples"]
warning: the following keywords are unknown and will be ignored: [examples]
    level: "warning"
    schema: {"loadingURI":"#","pointer":"/items/properties/cpf"}
    domain: "syntax"
    ignored: ["examples"]
warning: the following keywords are unknown and will be ignored: [examples]
    level: "warning"
    schema: {"loadingURI":"#","pointer":"/items/properties/email"}
    domain: "syntax"
    ignored: ["examples"]
warning: the following keywords are unknown and will be ignored: [examples]
    level: "warning"
    schema: {"loadingURI":"#","pointer":"/items/properties/id"}
    domain: "syntax"
    ignored: ["examples"]
warning: the following keywords are unknown and will be ignored: [examples]
    level: "warning"
    schema: {"loadingURI":"#","pointer":"/items/properties/nome"}
    domain: "syntax"
    ignored: ["examples"]
warning: the following keywords are unknown and will be ignored: [examples]
    level: "warning"
    schema: {"loadingURI":"#","pointer":"/items/properties/parcelas"}
    domain: "syntax"
    ignored: ["examples"]
warning: the following keywords are unknown and will be ignored: [examples]
    level: "warning"
    schema: {"loadingURI":"#","pointer":"/items/properties/seguro"}
    domain: "syntax"
    ignored: ["examples"]
warning: the following keywords are unknown and will be ignored: [examples]
    level: "warning"
    schema: {"loadingURI":"#","pointer":"/items/properties/valor"}
    domain: "syntax"
    ignored: ["examples"]
warning: the following keywords are unknown and will be ignored: [examples]
    level: "warning"
    schema: {"loadingURI":"#","pointer":"/items"}
    domain: "syntax"
    ignored: ["examples"]
warning: the following keywords are unknown and will be ignored: [examples]
    level: "warning"
    schema: {"loadingURI":"#","pointer":"/items/properties/cpf"}
    domain: "syntax"
    ignored: ["examples"]
warning: the following keywords are unknown and will be ignored: [examples]
    level: "warning"
    schema: {"loadingURI":"#","pointer":"/items/properties/email"}
    domain: "syntax"
    ignored: ["examples"]
warning: the following keywords are unknown and will be ignored: [examples]
    level: "warning"
    schema: {"loadingURI":"#","pointer":"/items/properties/id"}
    domain: "syntax"
    ignored: ["examples"]
warning: the following keywords are unknown and will be ignored: [examples]
    level: "warning"
    schema: {"loadingURI":"#","pointer":"/items/properties/nome"}
    domain: "syntax"
    ignored: ["examples"]
warning: the following keywords are unknown and will be ignored: [examples]
    level: "warning"
    schema: {"loadingURI":"#","pointer":"/items/properties/parcelas"}
    domain: "syntax"
    ignored: ["examples"]
warning: the following keywords are unknown and will be ignored: [examples]
    level: "warning"
    schema: {"loadingURI":"#","pointer":"/items/properties/seguro"}
    domain: "syntax"
    ignored: ["examples"]
warning: the following keywords are unknown and will be ignored: [examples]
    level: "warning"
    schema: {"loadingURI":"#","pointer":"/items/properties/valor"}
    domain: "syntax"
    ignored: ["examples"]
warning: the following keywords are unknown and will be ignored: [examples]
    level: "warning"
    schema: {"loadingURI":"#","pointer":"/items"}
    domain: "syntax"
    ignored: ["examples"]
warning: the following keywords are unknown and will be ignored: [examples]
    level: "warning"
    schema: {"loadingURI":"#","pointer":"/items/properties/cpf"}
    domain: "syntax"
    ignored: ["examples"]
warning: the following keywords are unknown and will be ignored: [examples]
    level: "warning"
    schema: {"loadingURI":"#","pointer":"/items/properties/email"}
    domain: "syntax"
    ignored: ["examples"]
warning: the following keywords are unknown and will be ignored: [examples]
    level: "warning"
    schema: {"loadingURI":"#","pointer":"/items/properties/id"}
    domain: "syntax"
    ignored: ["examples"]
warning: the following keywords are unknown and will be ignored: [examples]
    level: "warning"
    schema: {"loadingURI":"#","pointer":"/items/properties/nome"}
    domain: "syntax"
    ignored: ["examples"]
warning: the following keywords are unknown and will be ignored: [examples]
    level: "warning"
    schema: {"loadingURI":"#","pointer":"/items/properties/parcelas"}
    domain: "syntax"
    ignored: ["examples"]
warning: the following keywords are unknown and will be ignored: [examples]
    level: "warning"
    schema: {"loadingURI":"#","pointer":"/items/properties/seguro"}
    domain: "syntax"
    ignored: ["examples"]
warning: the following keywords are unknown and will be ignored: [examples]
    level: "warning"
    schema: {"loadingURI":"#","pointer":"/items/properties/valor"}
    domain: "syntax"
    ignored: ["examples"]
warning: the following keywords are unknown and will be ignored: [examples]
    level: "warning"
    schema: {"loadingURI":"#","pointer":"/items"}
    domain: "syntax"
    ignored: ["examples"]
warning: the following keywords are unknown and will be ignored: [examples]
    level: "warning"
    schema: {"loadingURI":"#","pointer":"/items/properties/cpf"}
    domain: "syntax"
    ignored: ["examples"]
warning: the following keywords are unknown and will be ignored: [examples]
    level: "warning"
    schema: {"loadingURI":"#","pointer":"/items/properties/email"}
    domain: "syntax"
    ignored: ["examples"]
warning: the following keywords are unknown and will be ignored: [examples]
    level: "warning"
    schema: {"loadingURI":"#","pointer":"/items/properties/id"}
    domain: "syntax"
    ignored: ["examples"]
warning: the following keywords are unknown and will be ignored: [examples]
    level: "warning"
    schema: {"loadingURI":"#","pointer":"/items/properties/nome"}
    domain: "syntax"
    ignored: ["examples"]
warning: the following keywords are unknown and will be ignored: [examples]
    level: "warning"
    schema: {"loadingURI":"#","pointer":"/items/properties/parcelas"}
    domain: "syntax"
    ignored: ["examples"]
warning: the following keywords are unknown and will be ignored: [examples]
    level: "warning"
    schema: {"loadingURI":"#","pointer":"/items/properties/seguro"}
    domain: "syntax"
    ignored: ["examples"]
warning: the following keywords are unknown and will be ignored: [examples]
    level: "warning"
    schema: {"loadingURI":"#","pointer":"/items/properties/valor"}
    domain: "syntax"
    ignored: ["examples"]
warning: the following keywords are unknown and will be ignored: [examples]
    level: "warning"
    schema: {"loadingURI":"#","pointer":"/items"}
    domain: "syntax"
    ignored: ["examples"]
warning: the following keywords are unknown and will be ignored: [examples]
    level: "warning"
    schema: {"loadingURI":"#","pointer":"/items/properties/cpf"}
    domain: "syntax"
    ignored: ["examples"]
warning: the following keywords are unknown and will be ignored: [examples]
    level: "warning"
    schema: {"loadingURI":"#","pointer":"/items/properties/email"}
    domain: "syntax"
    ignored: ["examples"]
warning: the following keywords are unknown and will be ignored: [examples]
    level: "warning"
    schema: {"loadingURI":"#","pointer":"/items/properties/id"}
    domain: "syntax"
    ignored: ["examples"]
warning: the following keywords are unknown and will be ignored: [examples]
    level: "warning"
    schema: {"loadingURI":"#","pointer":"/items/properties/nome"}
    domain: "syntax"
    ignored: ["examples"]
warning: the following keywords are unknown and will be ignored: [examples]
    level: "warning"
    schema: {"loadingURI":"#","pointer":"/items/properties/parcelas"}
    domain: "syntax"
    ignored: ["examples"]
warning: the following keywords are unknown and will be ignored: [examples]
    level: "warning"
    schema: {"loadingURI":"#","pointer":"/items/properties/seguro"}
    domain: "syntax"
    ignored: ["examples"]
warning: the following keywords are unknown and will be ignored: [examples]
    level: "warning"
    schema: {"loadingURI":"#","pointer":"/items/properties/valor"}
    domain: "syntax"
    ignored: ["examples"]
warning: the following keywords are unknown and will be ignored: [examples]
    level: "warning"
    schema: {"loadingURI":"#","pointer":"/items"}
    domain: "syntax"
    ignored: ["examples"]
warning: the following keywords are unknown and will be ignored: [examples]
    level: "warning"
    schema: {"loadingURI":"#","pointer":"/items/properties/cpf"}
    domain: "syntax"
    ignored: ["examples"]
warning: the following keywords are unknown and will be ignored: [examples]
    level: "warning"
    schema: {"loadingURI":"#","pointer":"/items/properties/email"}
    domain: "syntax"
    ignored: ["examples"]
warning: the following keywords are unknown and will be ignored: [examples]
    level: "warning"
    schema: {"loadingURI":"#","pointer":"/items/properties/id"}
    domain: "syntax"
    ignored: ["examples"]
warning: the following keywords are unknown and will be ignored: [examples]
    level: "warning"
    schema: {"loadingURI":"#","pointer":"/items/properties/nome"}
    domain: "syntax"
    ignored: ["examples"]
warning: the following keywords are unknown and will be ignored: [examples]
    level: "warning"
    schema: {"loadingURI":"#","pointer":"/items/properties/parcelas"}
    domain: "syntax"
    ignored: ["examples"]
warning: the following keywords are unknown and will be ignored: [examples]
    level: "warning"
    schema: {"loadingURI":"#","pointer":"/items/properties/seguro"}
    domain: "syntax"
    ignored: ["examples"]
warning: the following keywords are unknown and will be ignored: [examples]
    level: "warning"
    schema: {"loadingURI":"#","pointer":"/items/properties/valor"}
    domain: "syntax"
    ignored: ["examples"]
warning: the following keywords are unknown and will be ignored: [examples]
    level: "warning"
    schema: {"loadingURI":"#","pointer":"/items"}
    domain: "syntax"
    ignored: ["examples"]
warning: the following keywords are unknown and will be ignored: [examples]
    level: "warning"
    schema: {"loadingURI":"#","pointer":"/items/properties/cpf"}
    domain: "syntax"
    ignored: ["examples"]
warning: the following keywords are unknown and will be ignored: [examples]
    level: "warning"
    schema: {"loadingURI":"#","pointer":"/items/properties/email"}
    domain: "syntax"
    ignored: ["examples"]
warning: the following keywords are unknown and will be ignored: [examples]
    level: "warning"
    schema: {"loadingURI":"#","pointer":"/items/properties/id"}
    domain: "syntax"
    ignored: ["examples"]
warning: the following keywords are unknown and will be ignored: [examples]
    level: "warning"
    schema: {"loadingURI":"#","pointer":"/items/properties/nome"}
    domain: "syntax"
    ignored: ["examples"]
warning: the following keywords are unknown and will be ignored: [examples]
    level: "warning"
    schema: {"loadingURI":"#","pointer":"/items/properties/parcelas"}
    domain: "syntax"
    ignored: ["examples"]
warning: the following keywords are unknown and will be ignored: [examples]
    level: "warning"
    schema: {"loadingURI":"#","pointer":"/items/properties/seguro"}
    domain: "syntax"
    ignored: ["examples"]
warning: the following keywords are unknown and will be ignored: [examples]
    level: "warning"
    schema: {"loadingURI":"#","pointer":"/items/properties/valor"}
    domain: "syntax"
    ignored: ["examples"]
warning: the following keywords are unknown and will be ignored: [examples]
    level: "warning"
    schema: {"loadingURI":"#","pointer":"/items"}
    domain: "syntax"
    ignored: ["examples"]
warning: the following keywords are unknown and will be ignored: [examples]
    level: "warning"
    schema: {"loadingURI":"#","pointer":"/items/properties/cpf"}
    domain: "syntax"
    ignored: ["examples"]
warning: the following keywords are unknown and will be ignored: [examples]
    level: "warning"
    schema: {"loadingURI":"#","pointer":"/items/properties/email"}
    domain: "syntax"
    ignored: ["examples"]
warning: the following keywords are unknown and will be ignored: [examples]
    level: "warning"
    schema: {"loadingURI":"#","pointer":"/items/properties/id"}
    domain: "syntax"
    ignored: ["examples"]
warning: the following keywords are unknown and will be ignored: [examples]
    level: "warning"
    schema: {"loadingURI":"#","pointer":"/items/properties/nome"}
    domain: "syntax"
    ignored: ["examples"]
warning: the following keywords are unknown and will be ignored: [examples]
    level: "warning"
    schema: {"loadingURI":"#","pointer":"/items/properties/parcelas"}
    domain: "syntax"
    ignored: ["examples"]
warning: the following keywords are unknown and will be ignored: [examples]
    level: "warning"
    schema: {"loadingURI":"#","pointer":"/items/properties/seguro"}
    domain: "syntax"
    ignored: ["examples"]
warning: the following keywords are unknown and will be ignored: [examples]
    level: "warning"
    schema: {"loadingURI":"#","pointer":"/items/properties/valor"}
    domain: "syntax"
    ignored: ["examples"]
warning: the following keywords are unknown and will be ignored: [examples]
    level: "warning"
    schema: {"loadingURI":"#","pointer":"/items"}
    domain: "syntax"
    ignored: ["examples"]
warning: the following keywords are unknown and will be ignored: [examples]
    level: "warning"
    schema: {"loadingURI":"#","pointer":"/items/properties/cpf"}
    domain: "syntax"
    ignored: ["examples"]
warning: the following keywords are unknown and will be ignored: [examples]
    level: "warning"
    schema: {"loadingURI":"#","pointer":"/items/properties/email"}
    domain: "syntax"
    ignored: ["examples"]
warning: the following keywords are unknown and will be ignored: [examples]
    level: "warning"
    schema: {"loadingURI":"#","pointer":"/items/properties/id"}
    domain: "syntax"
    ignored: ["examples"]
warning: the following keywords are unknown and will be ignored: [examples]
    level: "warning"
    schema: {"loadingURI":"#","pointer":"/items/properties/nome"}
    domain: "syntax"
    ignored: ["examples"]
warning: the following keywords are unknown and will be ignored: [examples]
    level: "warning"
    schema: {"loadingURI":"#","pointer":"/items/properties/parcelas"}
    domain: "syntax"
    ignored: ["examples"]
warning: the following keywords are unknown and will be ignored: [examples]
    level: "warning"
    schema: {"loadingURI":"#","pointer":"/items/properties/seguro"}
    domain: "syntax"
    ignored: ["examples"]
warning: the following keywords are unknown and will be ignored: [examples]
    level: "warning"
    schema: {"loadingURI":"#","pointer":"/items/properties/valor"}
    domain: "syntax"
    ignored: ["examples"]
warning: the following keywords are unknown and will be ignored: [examples]
    level: "warning"
    schema: {"loadingURI":"#","pointer":"/items"}
    domain: "syntax"
    ignored: ["examples"]
warning: the following keywords are unknown and will be ignored: [examples]
    level: "warning"
    schema: {"loadingURI":"#","pointer":"/items/properties/cpf"}
    domain: "syntax"
    ignored: ["examples"]
warning: the following keywords are unknown and will be ignored: [examples]
    level: "warning"
    schema: {"loadingURI":"#","pointer":"/items/properties/email"}
    domain: "syntax"
    ignored: ["examples"]
warning: the following keywords are unknown and will be ignored: [examples]
    level: "warning"
    schema: {"loadingURI":"#","pointer":"/items/properties/id"}
    domain: "syntax"
    ignored: ["examples"]
warning: the following keywords are unknown and will be ignored: [examples]
    level: "warning"
    schema: {"loadingURI":"#","pointer":"/items/properties/nome"}
    domain: "syntax"
    ignored: ["examples"]
warning: the following keywords are unknown and will be ignored: [examples]
    level: "warning"
    schema: {"loadingURI":"#","pointer":"/items/properties/parcelas"}
    domain: "syntax"
    ignored: ["examples"]
warning: the following keywords are unknown and will be ignored: [examples]
    level: "warning"
    schema: {"loadingURI":"#","pointer":"/items/properties/seguro"}
    domain: "syntax"
    ignored: ["examples"]
warning: the following keywords are unknown and will be ignored: [examples]
    level: "warning"
    schema: {"loadingURI":"#","pointer":"/items/properties/valor"}
    domain: "syntax"
    ignored: ["examples"]
warning: the following keywords are unknown and will be ignored: [examples]
    level: "warning"
    schema: {"loadingURI":"#","pointer":"/items"}
    domain: "syntax"
    ignored: ["examples"]
warning: the following keywords are unknown and will be ignored: [examples]
    level: "warning"
    schema: {"loadingURI":"#","pointer":"/items/properties/cpf"}
    domain: "syntax"
    ignored: ["examples"]
warning: the following keywords are unknown and will be ignored: [examples]
    level: "warning"
    schema: {"loadingURI":"#","pointer":"/items/properties/email"}
    domain: "syntax"
    ignored: ["examples"]
warning: the following keywords are unknown and will be ignored: [examples]
    level: "warning"
    schema: {"loadingURI":"#","pointer":"/items/properties/id"}
    domain: "syntax"
    ignored: ["examples"]
warning: the following keywords are unknown and will be ignored: [examples]
    level: "warning"
    schema: {"loadingURI":"#","pointer":"/items/properties/nome"}
    domain: "syntax"
    ignored: ["examples"]
warning: the following keywords are unknown and will be ignored: [examples]
    level: "warning"
    schema: {"loadingURI":"#","pointer":"/items/properties/parcelas"}
    domain: "syntax"
    ignored: ["examples"]
warning: the following keywords are unknown and will be ignored: [examples]
    level: "warning"
    schema: {"loadingURI":"#","pointer":"/items/properties/seguro"}
    domain: "syntax"
    ignored: ["examples"]
warning: the following keywords are unknown and will be ignored: [examples]
    level: "warning"
    schema: {"loadingURI":"#","pointer":"/items/properties/valor"}
    domain: "syntax"
    ignored: ["examples"]
warning: the following keywords are unknown and will be ignored: [examples]
    level: "warning"
    schema: {"loadingURI":"#","pointer":"/items"}
    domain: "syntax"
    ignored: ["examples"]
warning: the following keywords are unknown and will be ignored: [examples]
    level: "warning"
    schema: {"loadingURI":"#","pointer":"/items/properties/cpf"}
    domain: "syntax"
    ignored: ["examples"]
warning: the following keywords are unknown and will be ignored: [examples]
    level: "warning"
    schema: {"loadingURI":"#","pointer":"/items/properties/email"}
    domain: "syntax"
    ignored: ["examples"]
warning: the following keywords are unknown and will be ignored: [examples]
    level: "warning"
    schema: {"loadingURI":"#","pointer":"/items/properties/id"}
    domain: "syntax"
    ignored: ["examples"]
warning: the following keywords are unknown and will be ignored: [examples]
    level: "warning"
    schema: {"loadingURI":"#","pointer":"/items/properties/nome"}
    domain: "syntax"
    ignored: ["examples"]
warning: the following keywords are unknown and will be ignored: [examples]
    level: "warning"
    schema: {"loadingURI":"#","pointer":"/items/properties/parcelas"}
    domain: "syntax"
    ignored: ["examples"]
warning: the following keywords are unknown and will be ignored: [examples]
    level: "warning"
    schema: {"loadingURI":"#","pointer":"/items/properties/seguro"}
    domain: "syntax"
    ignored: ["examples"]
warning: the following keywords are unknown and will be ignored: [examples]
    level: "warning"
    schema: {"loadingURI":"#","pointer":"/items/properties/valor"}
    domain: "syntax"
    ignored: ["examples"]
warning: the following keywords are unknown and will be ignored: [examples]
    level: "warning"
    schema: {"loadingURI":"#","pointer":"/items"}
    domain: "syntax"
    ignored: ["examples"]
warning: the following keywords are unknown and will be ignored: [examples]
    level: "warning"
    schema: {"loadingURI":"#","pointer":"/items/properties/cpf"}
    domain: "syntax"
    ignored: ["examples"]
warning: the following keywords are unknown and will be ignored: [examples]
    level: "warning"
    schema: {"loadingURI":"#","pointer":"/items/properties/email"}
    domain: "syntax"
    ignored: ["examples"]
warning: the following keywords are unknown and will be ignored: [examples]
    level: "warning"
    schema: {"loadingURI":"#","pointer":"/items/properties/id"}
    domain: "syntax"
    ignored: ["examples"]
warning: the following keywords are unknown and will be ignored: [examples]
    level: "warning"
    schema: {"loadingURI":"#","pointer":"/items/properties/nome"}
    domain: "syntax"
    ignored: ["examples"]
warning: the following keywords are unknown and will be ignored: [examples]
    level: "warning"
    schema: {"loadingURI":"#","pointer":"/items/properties/parcelas"}
    domain: "syntax"
    ignored: ["examples"]
warning: the following keywords are unknown and will be ignored: [examples]
    level: "warning"
    schema: {"loadingURI":"#","pointer":"/items/properties/seguro"}
    domain: "syntax"
    ignored: ["examples"]
warning: the following keywords are unknown and will be ignored: [examples]
    level: "warning"
    schema: {"loadingURI":"#","pointer":"/items/properties/valor"}
    domain: "syntax"
    ignored: ["examples"]
warning: the following keywords are unknown and will be ignored: [examples]
    level: "warning"
    schema: {"loadingURI":"#","pointer":"/items"}
    domain: "syntax"
    ignored: ["examples"]
warning: the following keywords are unknown and will be ignored: [examples]
    level: "warning"
    schema: {"loadingURI":"#","pointer":"/items/properties/cpf"}
    domain: "syntax"
    ignored: ["examples"]
warning: the following keywords are unknown and will be ignored: [examples]
    level: "warning"
    schema: {"loadingURI":"#","pointer":"/items/properties/email"}
    domain: "syntax"
    ignored: ["examples"]
warning: the following keywords are unknown and will be ignored: [examples]
    level: "warning"
    schema: {"loadingURI":"#","pointer":"/items/properties/id"}
    domain: "syntax"
    ignored: ["examples"]
warning: the following keywords are unknown and will be ignored: [examples]
    level: "warning"
    schema: {"loadingURI":"#","pointer":"/items/properties/nome"}
    domain: "syntax"
    ignored: ["examples"]
warning: the following keywords are unknown and will be ignored: [examples]
    level: "warning"
    schema: {"loadingURI":"#","pointer":"/items/properties/parcelas"}
    domain: "syntax"
    ignored: ["examples"]
warning: the following keywords are unknown and will be ignored: [examples]
    level: "warning"
    schema: {"loadingURI":"#","pointer":"/items/properties/seguro"}
    domain: "syntax"
    ignored: ["examples"]
warning: the following keywords are unknown and will be ignored: [examples]
    level: "warning"
    schema: {"loadingURI":"#","pointer":"/items/properties/valor"}
    domain: "syntax"
    ignored: ["examples"]
warning: the following keywords are unknown and will be ignored: [examples]
    level: "warning"
    schema: {"loadingURI":"#","pointer":"/items"}
    domain: "syntax"
    ignored: ["examples"]
warning: the following keywords are unknown and will be ignored: [examples]
    level: "warning"
    schema: {"loadingURI":"#","pointer":"/items/properties/cpf"}
    domain: "syntax"
    ignored: ["examples"]
warning: the following keywords are unknown and will be ignored: [examples]
    level: "warning"
    schema: {"loadingURI":"#","pointer":"/items/properties/email"}
    domain: "syntax"
    ignored: ["examples"]
warning: the following keywords are unknown and will be ignored: [examples]
    level: "warning"
    schema: {"loadingURI":"#","pointer":"/items/properties/id"}
    domain: "syntax"
    ignored: ["examples"]
warning: the following keywords are unknown and will be ignored: [examples]
    level: "warning"
    schema: {"loadingURI":"#","pointer":"/items/properties/nome"}
    domain: "syntax"
    ignored: ["examples"]
warning: the following keywords are unknown and will be ignored: [examples]
    level: "warning"
    schema: {"loadingURI":"#","pointer":"/items/properties/parcelas"}
    domain: "syntax"
    ignored: ["examples"]
warning: the following keywords are unknown and will be ignored: [examples]
    level: "warning"
    schema: {"loadingURI":"#","pointer":"/items/properties/seguro"}
    domain: "syntax"
    ignored: ["examples"]
warning: the following keywords are unknown and will be ignored: [examples]
    level: "warning"
    schema: {"loadingURI":"#","pointer":"/items/properties/valor"}
    domain: "syntax"
    ignored: ["examples"]
warning: the following keywords are unknown and will be ignored: [examples]
    level: "warning"
    schema: {"loadingURI":"#","pointer":"/items"}
    domain: "syntax"
    ignored: ["examples"]
warning: the following keywords are unknown and will be ignored: [examples]
    level: "warning"
    schema: {"loadingURI":"#","pointer":"/items/properties/cpf"}
    domain: "syntax"
    ignored: ["examples"]
warning: the following keywords are unknown and will be ignored: [examples]
    level: "warning"
    schema: {"loadingURI":"#","pointer":"/items/properties/email"}
    domain: "syntax"
    ignored: ["examples"]
warning: the following keywords are unknown and will be ignored: [examples]
    level: "warning"
    schema: {"loadingURI":"#","pointer":"/items/properties/id"}
    domain: "syntax"
    ignored: ["examples"]
warning: the following keywords are unknown and will be ignored: [examples]
    level: "warning"
    schema: {"loadingURI":"#","pointer":"/items/properties/nome"}
    domain: "syntax"
    ignored: ["examples"]
warning: the following keywords are unknown and will be ignored: [examples]
    level: "warning"
    schema: {"loadingURI":"#","pointer":"/items/properties/parcelas"}
    domain: "syntax"
    ignored: ["examples"]
warning: the following keywords are unknown and will be ignored: [examples]
    level: "warning"
    schema: {"loadingURI":"#","pointer":"/items/properties/seguro"}
    domain: "syntax"
    ignored: ["examples"]
warning: the following keywords are unknown and will be ignored: [examples]
    level: "warning"
    schema: {"loadingURI":"#","pointer":"/items/properties/valor"}
    domain: "syntax"
    ignored: ["examples"]
warning: the following keywords are unknown and will be ignored: [examples]
    level: "warning"
    schema: {"loadingURI":"#","pointer":"/items"}
    domain: "syntax"
    ignored: ["examples"]
warning: the following keywords are unknown and will be ignored: [examples]
    level: "warning"
    schema: {"loadingURI":"#","pointer":"/items/properties/cpf"}
    domain: "syntax"
    ignored: ["examples"]
warning: the following keywords are unknown and will be ignored: [examples]
    level: "warning"
    schema: {"loadingURI":"#","pointer":"/items/properties/email"}
    domain: "syntax"
    ignored: ["examples"]
warning: the following keywords are unknown and will be ignored: [examples]
    level: "warning"
    schema: {"loadingURI":"#","pointer":"/items/properties/id"}
    domain: "syntax"
    ignored: ["examples"]
warning: the following keywords are unknown and will be ignored: [examples]
    level: "warning"
    schema: {"loadingURI":"#","pointer":"/items/properties/nome"}
    domain: "syntax"
    ignored: ["examples"]
warning: the following keywords are unknown and will be ignored: [examples]
    level: "warning"
    schema: {"loadingURI":"#","pointer":"/items/properties/parcelas"}
    domain: "syntax"
    ignored: ["examples"]
warning: the following keywords are unknown and will be ignored: [examples]
    level: "warning"
    schema: {"loadingURI":"#","pointer":"/items/properties/seguro"}
    domain: "syntax"
    ignored: ["examples"]
warning: the following keywords are unknown and will be ignored: [examples]
    level: "warning"
    schema: {"loadingURI":"#","pointer":"/items/properties/valor"}
    domain: "syntax"
    ignored: ["examples"]
warning: the following keywords are unknown and will be ignored: [examples]
    level: "warning"
    schema: {"loadingURI":"#","pointer":"/items"}
    domain: "syntax"
    ignored: ["examples"]
warning: the following keywords are unknown and will be ignored: [examples]
    level: "warning"
    schema: {"loadingURI":"#","pointer":"/items/properties/cpf"}
    domain: "syntax"
    ignored: ["examples"]
warning: the following keywords are unknown and will be ignored: [examples]
    level: "warning"
    schema: {"loadingURI":"#","pointer":"/items/properties/email"}
    domain: "syntax"
    ignored: ["examples"]
warning: the following keywords are unknown and will be ignored: [examples]
    level: "warning"
    schema: {"loadingURI":"#","pointer":"/items/properties/id"}
    domain: "syntax"
    ignored: ["examples"]
warning: the following keywords are unknown and will be ignored: [examples]
    level: "warning"
    schema: {"loadingURI":"#","pointer":"/items/properties/nome"}
    domain: "syntax"
    ignored: ["examples"]
warning: the following keywords are unknown and will be ignored: [examples]
    level: "warning"
    schema: {"loadingURI":"#","pointer":"/items/properties/parcelas"}
    domain: "syntax"
    ignored: ["examples"]
warning: the following keywords are unknown and will be ignored: [examples]
    level: "warning"
    schema: {"loadingURI":"#","pointer":"/items/properties/seguro"}
    domain: "syntax"
    ignored: ["examples"]
warning: the following keywords are unknown and will be ignored: [examples]
    level: "warning"
    schema: {"loadingURI":"#","pointer":"/items/properties/valor"}
    domain: "syntax"
    ignored: ["examples"]
warning: the following keywords are unknown and will be ignored: [examples]
    level: "warning"
    schema: {"loadingURI":"#","pointer":"/items"}
    domain: "syntax"
    ignored: ["examples"]
warning: the following keywords are unknown and will be ignored: [examples]
    level: "warning"
    schema: {"loadingURI":"#","pointer":"/items/properties/cpf"}
    domain: "syntax"
    ignored: ["examples"]
warning: the following keywords are unknown and will be ignored: [examples]
    level: "warning"
    schema: {"loadingURI":"#","pointer":"/items/properties/email"}
    domain: "syntax"
    ignored: ["examples"]
warning: the following keywords are unknown and will be ignored: [examples]
    level: "warning"
    schema: {"loadingURI":"#","pointer":"/items/properties/id"}
    domain: "syntax"
    ignored: ["examples"]
warning: the following keywords are unknown and will be ignored: [examples]
    level: "warning"
    schema: {"loadingURI":"#","pointer":"/items/properties/nome"}
    domain: "syntax"
    ignored: ["examples"]
warning: the following keywords are unknown and will be ignored: [examples]
    level: "warning"
    schema: {"loadingURI":"#","pointer":"/items/properties/parcelas"}
    domain: "syntax"
    ignored: ["examples"]
warning: the following keywords are unknown and will be ignored: [examples]
    level: "warning"
    schema: {"loadingURI":"#","pointer":"/items/properties/seguro"}
    domain: "syntax"
    ignored: ["examples"]
warning: the following keywords are unknown and will be ignored: [examples]
    level: "warning"
    schema: {"loadingURI":"#","pointer":"/items/properties/valor"}
    domain: "syntax"
    ignored: ["examples"]
warning: the following keywords are unknown and will be ignored: [examples]
    level: "warning"
    schema: {"loadingURI":"#","pointer":"/items"}
    domain: "syntax"
    ignored: ["examples"]
warning: the following keywords are unknown and will be ignored: [examples]
    level: "warning"
    schema: {"loadingURI":"#","pointer":"/items/properties/cpf"}
    domain: "syntax"
    ignored: ["examples"]
warning: the following keywords are unknown and will be ignored: [examples]
    level: "warning"
    schema: {"loadingURI":"#","pointer":"/items/properties/email"}
    domain: "syntax"
    ignored: ["examples"]
warning: the following keywords are unknown and will be ignored: [examples]
    level: "warning"
    schema: {"loadingURI":"#","pointer":"/items/properties/id"}
    domain: "syntax"
    ignored: ["examples"]
warning: the following keywords are unknown and will be ignored: [examples]
    level: "warning"
    schema: {"loadingURI":"#","pointer":"/items/properties/nome"}
    domain: "syntax"
    ignored: ["examples"]
warning: the following keywords are unknown and will be ignored: [examples]
    level: "warning"
    schema: {"loadingURI":"#","pointer":"/items/properties/parcelas"}
    domain: "syntax"
    ignored: ["examples"]
warning: the following keywords are unknown and will be ignored: [examples]
    level: "warning"
    schema: {"loadingURI":"#","pointer":"/items/properties/seguro"}
    domain: "syntax"
    ignored: ["examples"]
warning: the following keywords are unknown and will be ignored: [examples]
    level: "warning"
    schema: {"loadingURI":"#","pointer":"/items/properties/valor"}
    domain: "syntax"
    ignored: ["examples"]
warning: the following keywords are unknown and will be ignored: [examples]
    level: "warning"
    schema: {"loadingURI":"#","pointer":"/items"}
    domain: "syntax"
    ignored: ["examples"]
warning: the following keywords are unknown and will be ignored: [examples]
    level: "warning"
    schema: {"loadingURI":"#","pointer":"/items/properties/cpf"}
    domain: "syntax"
    ignored: ["examples"]
warning: the following keywords are unknown and will be ignored: [examples]
    level: "warning"
    schema: {"loadingURI":"#","pointer":"/items/properties/email"}
    domain: "syntax"
    ignored: ["examples"]
warning: the following keywords are unknown and will be ignored: [examples]
    level: "warning"
    schema: {"loadingURI":"#","pointer":"/items/properties/id"}
    domain: "syntax"
    ignored: ["examples"]
warning: the following keywords are unknown and will be ignored: [examples]
    level: "warning"
    schema: {"loadingURI":"#","pointer":"/items/properties/nome"}
    domain: "syntax"
    ignored: ["examples"]
warning: the following keywords are unknown and will be ignored: [examples]
    level: "warning"
    schema: {"loadingURI":"#","pointer":"/items/properties/parcelas"}
    domain: "syntax"
    ignored: ["examples"]
warning: the following keywords are unknown and will be ignored: [examples]
    level: "warning"
    schema: {"loadingURI":"#","pointer":"/items/properties/seguro"}
    domain: "syntax"
    ignored: ["examples"]
warning: the following keywords are unknown and will be ignored: [examples]
    level: "warning"
    schema: {"loadingURI":"#","pointer":"/items/properties/valor"}
    domain: "syntax"
    ignored: ["examples"]
warning: the following keywords are unknown and will be ignored: [examples]
    level: "warning"
    schema: {"loadingURI":"#","pointer":"/items"}
    domain: "syntax"
    ignored: ["examples"]
warning: the following keywords are unknown and will be ignored: [examples]
    level: "warning"
    schema: {"loadingURI":"#","pointer":"/items/properties/cpf"}
    domain: "syntax"
    ignored: ["examples"]
warning: the following keywords are unknown and will be ignored: [examples]
    level: "warning"
    schema: {"loadingURI":"#","pointer":"/items/properties/email"}
    domain: "syntax"
    ignored: ["examples"]
warning: the following keywords are unknown and will be ignored: [examples]
    level: "warning"
    schema: {"loadingURI":"#","pointer":"/items/properties/id"}
    domain: "syntax"
    ignored: ["examples"]
warning: the following keywords are unknown and will be ignored: [examples]
    level: "warning"
    schema: {"loadingURI":"#","pointer":"/items/properties/nome"}
    domain: "syntax"
    ignored: ["examples"]
warning: the following keywords are unknown and will be ignored: [examples]
    level: "warning"
    schema: {"loadingURI":"#","pointer":"/items/properties/parcelas"}
    domain: "syntax"
    ignored: ["examples"]
warning: the following keywords are unknown and will be ignored: [examples]
    level: "warning"
    schema: {"loadingURI":"#","pointer":"/items/properties/seguro"}
    domain: "syntax"
    ignored: ["examples"]
warning: the following keywords are unknown and will be ignored: [examples]
    level: "warning"
    schema: {"loadingURI":"#","pointer":"/items/properties/valor"}
    domain: "syntax"
    ignored: ["examples"]
warning: the following keywords are unknown and will be ignored: [examples]
    level: "warning"
    schema: {"loadingURI":"#","pointer":"/items"}
    domain: "syntax"
    ignored: ["examples"]
warning: the following keywords are unknown and will be ignored: [examples]
    level: "warning"
    schema: {"loadingURI":"#","pointer":"/items/properties/cpf"}
    domain: "syntax"
    ignored: ["examples"]
warning: the following keywords are unknown and will be ignored: [examples]
    level: "warning"
    schema: {"loadingURI":"#","pointer":"/items/properties/email"}
    domain: "syntax"
    ignored: ["examples"]
warning: the following keywords are unknown and will be ignored: [examples]
    level: "warning"
    schema: {"loadingURI":"#","pointer":"/items/properties/id"}
    domain: "syntax"
    ignored: ["examples"]
warning: the following keywords are unknown and will be ignored: [examples]
    level: "warning"
    schema: {"loadingURI":"#","pointer":"/items/properties/nome"}
    domain: "syntax"
    ignored: ["examples"]
warning: the following keywords are unknown and will be ignored: [examples]
    level: "warning"
    schema: {"loadingURI":"#","pointer":"/items/properties/parcelas"}
    domain: "syntax"
    ignored: ["examples"]
warning: the following keywords are unknown and will be ignored: [examples]
    level: "warning"
    schema: {"loadingURI":"#","pointer":"/items/properties/seguro"}
    domain: "syntax"
    ignored: ["examples"]
warning: the following keywords are unknown and will be ignored: [examples]
    level: "warning"
    schema: {"loadingURI":"#","pointer":"/items/properties/valor"}
    domain: "syntax"
    ignored: ["examples"]
warning: the following keywords are unknown and will be ignored: [examples]
    level: "warning"
    schema: {"loadingURI":"#","pointer":"/items"}
    domain: "syntax"
    ignored: ["examples"]
warning: the following keywords are unknown and will be ignored: [examples]
    level: "warning"
    schema: {"loadingURI":"#","pointer":"/items/properties/cpf"}
    domain: "syntax"
    ignored: ["examples"]
warning: the following keywords are unknown and will be ignored: [examples]
    level: "warning"
    schema: {"loadingURI":"#","pointer":"/items/properties/email"}
    domain: "syntax"
    ignored: ["examples"]
warning: the following keywords are unknown and will be ignored: [examples]
    level: "warning"
    schema: {"loadingURI":"#","pointer":"/items/properties/id"}
    domain: "syntax"
    ignored: ["examples"]
warning: the following keywords are unknown and will be ignored: [examples]
    level: "warning"
    schema: {"loadingURI":"#","pointer":"/items/properties/nome"}
    domain: "syntax"
    ignored: ["examples"]
warning: the following keywords are unknown and will be ignored: [examples]
    level: "warning"
    schema: {"loadingURI":"#","pointer":"/items/properties/parcelas"}
    domain: "syntax"
    ignored: ["examples"]
warning: the following keywords are unknown and will be ignored: [examples]
    level: "warning"
    schema: {"loadingURI":"#","pointer":"/items/properties/seguro"}
    domain: "syntax"
    ignored: ["examples"]
warning: the following keywords are unknown and will be ignored: [examples]
    level: "warning"
    schema: {"loadingURI":"#","pointer":"/items/properties/valor"}
    domain: "syntax"
    ignored: ["examples"]
warning: the following keywords are unknown and will be ignored: [examples]
    level: "warning"
    schema: {"loadingURI":"#","pointer":"/items"}
    domain: "syntax"
    ignored: ["examples"]
warning: the following keywords are unknown and will be ignored: [examples]
    level: "warning"
    schema: {"loadingURI":"#","pointer":"/items/properties/cpf"}
    domain: "syntax"
    ignored: ["examples"]
warning: the following keywords are unknown and will be ignored: [examples]
    level: "warning"
    schema: {"loadingURI":"#","pointer":"/items/properties/email"}
    domain: "syntax"
    ignored: ["examples"]
warning: the following keywords are unknown and will be ignored: [examples]
    level: "warning"
    schema: {"loadingURI":"#","pointer":"/items/properties/id"}
    domain: "syntax"
    ignored: ["examples"]
warning: the following keywords are unknown and will be ignored: [examples]
    level: "warning"
    schema: {"loadingURI":"#","pointer":"/items/properties/nome"}
    domain: "syntax"
    ignored: ["examples"]
warning: the following keywords are unknown and will be ignored: [examples]
    level: "warning"
    schema: {"loadingURI":"#","pointer":"/items/properties/parcelas"}
    domain: "syntax"
    ignored: ["examples"]
warning: the following keywords are unknown and will be ignored: [examples]
    level: "warning"
    schema: {"loadingURI":"#","pointer":"/items/properties/seguro"}
    domain: "syntax"
    ignored: ["examples"]
warning: the following keywords are unknown and will be ignored: [examples]
    level: "warning"
    schema: {"loadingURI":"#","pointer":"/items/properties/valor"}
    domain: "syntax"
    ignored: ["examples"]
warning: the following keywords are unknown and will be ignored: [examples]
    level: "warning"
    schema: {"loadingURI":"#","pointer":"/items"}
    domain: "syntax"
    ignored: ["examples"]
warning: the following keywords are unknown and will be ignored: [examples]
    level: "warning"
    schema: {"loadingURI":"#","pointer":"/items/properties/cpf"}
    domain: "syntax"
    ignored: ["examples"]
warning: the following keywords are unknown and will be ignored: [examples]
    level: "warning"
    schema: {"loadingURI":"#","pointer":"/items/properties/email"}
    domain: "syntax"
    ignored: ["examples"]
warning: the following keywords are unknown and will be ignored: [examples]
    level: "warning"
    schema: {"loadingURI":"#","pointer":"/items/properties/id"}
    domain: "syntax"
    ignored: ["examples"]
warning: the following keywords are unknown and will be ignored: [examples]
    level: "warning"
    schema: {"loadingURI":"#","pointer":"/items/properties/nome"}
    domain: "syntax"
    ignored: ["examples"]
warning: the following keywords are unknown and will be ignored: [examples]
    level: "warning"
    schema: {"loadingURI":"#","pointer":"/items/properties/parcelas"}
    domain: "syntax"
    ignored: ["examples"]
warning: the following keywords are unknown and will be ignored: [examples]
    level: "warning"
    schema: {"loadingURI":"#","pointer":"/items/properties/seguro"}
    domain: "syntax"
    ignored: ["examples"]
warning: the following keywords are unknown and will be ignored: [examples]
    level: "warning"
    schema: {"loadingURI":"#","pointer":"/items/properties/valor"}
    domain: "syntax"
    ignored: ["examples"]
warning: the following keywords are unknown and will be ignored: [examples]
    level: "warning"
    schema: {"loadingURI":"#","pointer":"/items"}
    domain: "syntax"
    ignored: ["examples"]
warning: the following keywords are unknown and will be ignored: [examples]
    level: "warning"
    schema: {"loadingURI":"#","pointer":"/items/properties/cpf"}
    domain: "syntax"
    ignored: ["examples"]
warning: the following keywords are unknown and will be ignored: [examples]
    level: "warning"
    schema: {"loadingURI":"#","pointer":"/items/properties/email"}
    domain: "syntax"
    ignored: ["examples"]
warning: the following keywords are unknown and will be ignored: [examples]
    level: "warning"
    schema: {"loadingURI":"#","pointer":"/items/properties/id"}
    domain: "syntax"
    ignored: ["examples"]
warning: the following keywords are unknown and will be ignored: [examples]
    level: "warning"
    schema: {"loadingURI":"#","pointer":"/items/properties/nome"}
    domain: "syntax"
    ignored: ["examples"]
warning: the following keywords are unknown and will be ignored: [examples]
    level: "warning"
    schema: {"loadingURI":"#","pointer":"/items/properties/parcelas"}
    domain: "syntax"
    ignored: ["examples"]
warning: the following keywords are unknown and will be ignored: [examples]
    level: "warning"
    schema: {"loadingURI":"#","pointer":"/items/properties/seguro"}
    domain: "syntax"
    ignored: ["examples"]
warning: the following keywords are unknown and will be ignored: [examples]
    level: "warning"
    schema: {"loadingURI":"#","pointer":"/items/properties/valor"}
    domain: "syntax"
    ignored: ["examples"]
warning: the following keywords are unknown and will be ignored: [examples]
    level: "warning"
    schema: {"loadingURI":"#","pointer":"/items"}
    domain: "syntax"
    ignored: ["examples"]
warning: the following keywords are unknown and will be ignored: [examples]
    level: "warning"
    schema: {"loadingURI":"#","pointer":"/items/properties/cpf"}
    domain: "syntax"
    ignored: ["examples"]
warning: the following keywords are unknown and will be ignored: [examples]
    level: "warning"
    schema: {"loadingURI":"#","pointer":"/items/properties/email"}
    domain: "syntax"
    ignored: ["examples"]
warning: the following keywords are unknown and will be ignored: [examples]
    level: "warning"
    schema: {"loadingURI":"#","pointer":"/items/properties/id"}
    domain: "syntax"
    ignored: ["examples"]
warning: the following keywords are unknown and will be ignored: [examples]
    level: "warning"
    schema: {"loadingURI":"#","pointer":"/items/properties/nome"}
    domain: "syntax"
    ignored: ["examples"]
warning: the following keywords are unknown and will be ignored: [examples]
    level: "warning"
    schema: {"loadingURI":"#","pointer":"/items/properties/parcelas"}
    domain: "syntax"
    ignored: ["examples"]
warning: the following keywords are unknown and will be ignored: [examples]
    level: "warning"
    schema: {"loadingURI":"#","pointer":"/items/properties/seguro"}
    domain: "syntax"
    ignored: ["examples"]
warning: the following keywords are unknown and will be ignored: [examples]
    level: "warning"
    schema: {"loadingURI":"#","pointer":"/items/properties/valor"}
    domain: "syntax"
    ignored: ["examples"]
warning: the following keywords are unknown and will be ignored: [examples]
    level: "warning"
    schema: {"loadingURI":"#","pointer":"/items"}
    domain: "syntax"
    ignored: ["examples"]
warning: the following keywords are unknown and will be ignored: [examples]
    level: "warning"
    schema: {"loadingURI":"#","pointer":"/items/properties/cpf"}
    domain: "syntax"
    ignored: ["examples"]
warning: the following keywords are unknown and will be ignored: [examples]
    level: "warning"
    schema: {"loadingURI":"#","pointer":"/items/properties/email"}
    domain: "syntax"
    ignored: ["examples"]
warning: the following keywords are unknown and will be ignored: [examples]
    level: "warning"
    schema: {"loadingURI":"#","pointer":"/items/properties/id"}
    domain: "syntax"
    ignored: ["examples"]
warning: the following keywords are unknown and will be ignored: [examples]
    level: "warning"
    schema: {"loadingURI":"#","pointer":"/items/properties/nome"}
    domain: "syntax"
    ignored: ["examples"]
warning: the following keywords are unknown and will be ignored: [examples]
    level: "warning"
    schema: {"loadingURI":"#","pointer":"/items/properties/parcelas"}
    domain: "syntax"
    ignored: ["examples"]
warning: the following keywords are unknown and will be ignored: [examples]
    level: "warning"
    schema: {"loadingURI":"#","pointer":"/items/properties/seguro"}
    domain: "syntax"
    ignored: ["examples"]
warning: the following keywords are unknown and will be ignored: [examples]
    level: "warning"
    schema: {"loadingURI":"#","pointer":"/items/properties/valor"}
    domain: "syntax"
    ignored: ["examples"]
warning: the following keywords are unknown and will be ignored: [examples]
    level: "warning"
    schema: {"loadingURI":"#","pointer":"/items"}
    domain: "syntax"
    ignored: ["examples"]
warning: the following keywords are unknown and will be ignored: [examples]
    level: "warning"
    schema: {"loadingURI":"#","pointer":"/items/properties/cpf"}
    domain: "syntax"
    ignored: ["examples"]
warning: the following keywords are unknown and will be ignored: [examples]
    level: "warning"
    schema: {"loadingURI":"#","pointer":"/items/properties/email"}
    domain: "syntax"
    ignored: ["examples"]
warning: the following keywords are unknown and will be ignored: [examples]
    level: "warning"
    schema: {"loadingURI":"#","pointer":"/items/properties/id"}
    domain: "syntax"
    ignored: ["examples"]
warning: the following keywords are unknown and will be ignored: [examples]
    level: "warning"
    schema: {"loadingURI":"#","pointer":"/items/properties/nome"}
    domain: "syntax"
    ignored: ["examples"]
warning: the following keywords are unknown and will be ignored: [examples]
    level: "warning"
    schema: {"loadingURI":"#","pointer":"/items/properties/parcelas"}
    domain: "syntax"
    ignored: ["examples"]
warning: the following keywords are unknown and will be ignored: [examples]
    level: "warning"
    schema: {"loadingURI":"#","pointer":"/items/properties/seguro"}
    domain: "syntax"
    ignored: ["examples"]
warning: the following keywords are unknown and will be ignored: [examples]
    level: "warning"
    schema: {"loadingURI":"#","pointer":"/items/properties/valor"}
    domain: "syntax"
    ignored: ["examples"]
warning: the following keywords are unknown and will be ignored: [examples]
    level: "warning"
    schema: {"loadingURI":"#","pointer":"/items"}
    domain: "syntax"
    ignored: ["examples"]
warning: the following keywords are unknown and will be ignored: [examples]
    level: "warning"
    schema: {"loadingURI":"#","pointer":"/items/properties/cpf"}
    domain: "syntax"
    ignored: ["examples"]
warning: the following keywords are unknown and will be ignored: [examples]
    level: "warning"
    schema: {"loadingURI":"#","pointer":"/items/properties/email"}
    domain: "syntax"
    ignored: ["examples"]
warning: the following keywords are unknown and will be ignored: [examples]
    level: "warning"
    schema: {"loadingURI":"#","pointer":"/items/properties/id"}
    domain: "syntax"
    ignored: ["examples"]
warning: the following keywords are unknown and will be ignored: [examples]
    level: "warning"
    schema: {"loadingURI":"#","pointer":"/items/properties/nome"}
    domain: "syntax"
    ignored: ["examples"]
warning: the following keywords are unknown and will be ignored: [examples]
    level: "warning"
    schema: {"loadingURI":"#","pointer":"/items/properties/parcelas"}
    domain: "syntax"
    ignored: ["examples"]
warning: the following keywords are unknown and will be ignored: [examples]
    level: "warning"
    schema: {"loadingURI":"#","pointer":"/items/properties/seguro"}
    domain: "syntax"
    ignored: ["examples"]
warning: the following keywords are unknown and will be ignored: [examples]
    level: "warning"
    schema: {"loadingURI":"#","pointer":"/items/properties/valor"}
    domain: "syntax"
    ignored: ["examples"]
warning: the following keywords are unknown and will be ignored: [examples]
    level: "warning"
    schema: {"loadingURI":"#","pointer":"/items"}
    domain: "syntax"
    ignored: ["examples"]
warning: the following keywords are unknown and will be ignored: [examples]
    level: "warning"
    schema: {"loadingURI":"#","pointer":"/items/properties/cpf"}
    domain: "syntax"
    ignored: ["examples"]
warning: the following keywords are unknown and will be ignored: [examples]
    level: "warning"
    schema: {"loadingURI":"#","pointer":"/items/properties/email"}
    domain: "syntax"
    ignored: ["examples"]
warning: the following keywords are unknown and will be ignored: [examples]
    level: "warning"
    schema: {"loadingURI":"#","pointer":"/items/properties/id"}
    domain: "syntax"
    ignored: ["examples"]
warning: the following keywords are unknown and will be ignored: [examples]
    level: "warning"
    schema: {"loadingURI":"#","pointer":"/items/properties/nome"}
    domain: "syntax"
    ignored: ["examples"]
warning: the following keywords are unknown and will be ignored: [examples]
    level: "warning"
    schema: {"loadingURI":"#","pointer":"/items/properties/parcelas"}
    domain: "syntax"
    ignored: ["examples"]
warning: the following keywords are unknown and will be ignored: [examples]
    level: "warning"
    schema: {"loadingURI":"#","pointer":"/items/properties/seguro"}
    domain: "syntax"
    ignored: ["examples"]
warning: the following keywords are unknown and will be ignored: [examples]
    level: "warning"
    schema: {"loadingURI":"#","pointer":"/items/properties/valor"}
    domain: "syntax"
    ignored: ["examples"]
warning: the following keywords are unknown and will be ignored: [examples]
    level: "warning"
    schema: {"loadingURI":"#","pointer":"/items"}
    domain: "syntax"
    ignored: ["examples"]
warning: the following keywords are unknown and will be ignored: [examples]
    level: "warning"
    schema: {"loadingURI":"#","pointer":"/items/properties/cpf"}
    domain: "syntax"
    ignored: ["examples"]
warning: the following keywords are unknown and will be ignored: [examples]
    level: "warning"
    schema: {"loadingURI":"#","pointer":"/items/properties/email"}
    domain: "syntax"
    ignored: ["examples"]
warning: the following keywords are unknown and will be ignored: [examples]
    level: "warning"
    schema: {"loadingURI":"#","pointer":"/items/properties/id"}
    domain: "syntax"
    ignored: ["examples"]
warning: the following keywords are unknown and will be ignored: [examples]
    level: "warning"
    schema: {"loadingURI":"#","pointer":"/items/properties/nome"}
    domain: "syntax"
    ignored: ["examples"]
warning: the following keywords are unknown and will be ignored: [examples]
    level: "warning"
    schema: {"loadingURI":"#","pointer":"/items/properties/parcelas"}
    domain: "syntax"
    ignored: ["examples"]
warning: the following keywords are unknown and will be ignored: [examples]
    level: "warning"
    schema: {"loadingURI":"#","pointer":"/items/properties/seguro"}
    domain: "syntax"
    ignored: ["examples"]
warning: the following keywords are unknown and will be ignored: [examples]
    level: "warning"
    schema: {"loadingURI":"#","pointer":"/items/properties/valor"}
    domain: "syntax"
    ignored: ["examples"]
warning: the following keywords are unknown and will be ignored: [examples]
    level: "warning"
    schema: {"loadingURI":"#","pointer":"/items"}
    domain: "syntax"
    ignored: ["examples"]
warning: the following keywords are unknown and will be ignored: [examples]
    level: "warning"
    schema: {"loadingURI":"#","pointer":"/items/properties/cpf"}
    domain: "syntax"
    ignored: ["examples"]
warning: the following keywords are unknown and will be ignored: [examples]
    level: "warning"
    schema: {"loadingURI":"#","pointer":"/items/properties/email"}
    domain: "syntax"
    ignored: ["examples"]
warning: the following keywords are unknown and will be ignored: [examples]
    level: "warning"
    schema: {"loadingURI":"#","pointer":"/items/properties/id"}
    domain: "syntax"
    ignored: ["examples"]
warning: the following keywords are unknown and will be ignored: [examples]
    level: "warning"
    schema: {"loadingURI":"#","pointer":"/items/properties/nome"}
    domain: "syntax"
    ignored: ["examples"]
warning: the following keywords are unknown and will be ignored: [examples]
    level: "warning"
    schema: {"loadingURI":"#","pointer":"/items/properties/parcelas"}
    domain: "syntax"
    ignored: ["examples"]
warning: the following keywords are unknown and will be ignored: [examples]
    level: "warning"
    schema: {"loadingURI":"#","pointer":"/items/properties/seguro"}
    domain: "syntax"
    ignored: ["examples"]
warning: the following keywords are unknown and will be ignored: [examples]
    level: "warning"
    schema: {"loadingURI":"#","pointer":"/items/properties/valor"}
    domain: "syntax"
    ignored: ["examples"]

     but: was "[{\"id\":11,\"nome\":\"Fulano\",\"cpf\":\"66414919004\",\"email\":\"fulano@gmail.com\",\"valor\":11000.00,\"parcelas\":3,\"seguro\":true},{\"id\":12,\"nome\":\"Deltrano\",\"cpf\":\"17822386034\",\"email\":\"deltrano@gmail.com\",\"valor\":20000.00,\"parcelas\":5,\"seguro\":false},{\"id\":16,\"nome\":\"Raul\",\"cpf\":\"56402419225\",\"email\":\"erick.arantes@bol.com.br\",\"valor\":2536.00,\"parcelas\":20,\"seguro\":true},{\"id\":13,\"nome\":\"Luna\",\"cpf\":\"15827520435\",\"email\":\"tiago.munhoz@live.com\",\"valor\":2157.00,\"parcelas\":27,\"seguro\":true},{\"id\":15,\"nome\":\"Ruan\",\"cpf\":\"85511558774\",\"email\":\"margarida.carvalho@gmail.com\",\"valor\":2594.00,\"parcelas\":20,\"seguro\":true},{\"id\":21,\"nome\":\"Gúbio\",\"cpf\":\"51338809168\",\"email\":\"rebeca.morais@hotmail.com\",\"valor\":2340.00,\"parcelas\":48,\"seguro\":true},{\"id\":22,\"nome\":\"Maria Júlia\",\"cpf\":\"36123838327\",\"email\":\"anabeatriz.rolim@bol.com.br\",\"valor\":2351.00,\"parcelas\":27,\"seguro\":true},{\"id\":26,\"nome\":\"Ana Sophia\",\"cpf\":\"08768751411\",\"email\":\"vinicius.galvao@gmail.com\",\"valor\":2354.00,\"parcelas\":49,\"seguro\":true},{\"id\":25,\"nome\":\"Bernardo\",\"cpf\":\"24732801950\",\"email\":\"fabricio.peres@hotmail.com\",\"valor\":2487.00,\"parcelas\":28,\"seguro\":true},{\"id\":30,\"nome\":\"Sílvia\",\"cpf\":\"00428759537\",\"email\":\"noah.alvares@yahoo.com\",\"valor\":999.00,\"parcelas\":27,\"seguro\":true},{\"id\":32,\"nome\":\"Maria Clara\",\"cpf\":\"56226356742\",\"email\":\"meire.marins@gmail.com\",\"valor\":2340.00,\"parcelas\":23,\"seguro\":true},{\"id\":34,\"nome\":\"Lucas\",\"cpf\":\"44901350537\",\"email\":\"gabrielly.galego@yahoo.com\",\"valor\":2059.00,\"parcelas\":22,\"seguro\":true},{\"id\":35,\"nome\":\"Isis\",\"cpf\":\"91354286976\",\"email\":\"joaoguilherme.arriaga@yahoo.com\",\"valor\":2521.00,\"parcelas\":21,\"seguro\":true},{\"id\":33,\"nome\":\"Karla\",\"cpf\":\"32493700813\",\"email\":\"isabelly.chaves@gmail.com\",\"valor\":2978.00,\"parcelas\":23,\"seguro\":true},{\"id\":41,\"nome\":\"Cecília\",\"cpf\":\"19709509164\",\"email\":\"mariaisis.soeira@live.com\",\"valor\":2899.00,\"parcelas\":22,\"seguro\":true},{\"id\":44,\"nome\":\"Francisco\",\"cpf\":\"89039444279\",\"email\":\"luna.galvao@hotmail.com\",\"valor\":2273.00,\"parcelas\":25,\"seguro\":true},{\"id\":45,\"nome\":\"João\",\"cpf\":\"65064196061\",\"email\":\"louise.dapaz@yahoo.com\",\"valor\":2553.00,\"parcelas\":20,\"seguro\":true},{\"id\":46,\"nome\":\"Enzo\",\"cpf\":\"14080396292\",\"email\":\"marcelo.dacosta@live.com\",\"valor\":2874.00,\"parcelas\":49,\"seguro\":true},{\"id\":50,\"nome\":\"Gabriela\",\"cpf\":\"24568647216\",\"email\":\"thiago.taveira@gmail.com\",\"valor\":999.00,\"parcelas\":28,\"seguro\":true},{\"id\":52,\"nome\":\"Nathan\",\"cpf\":\"43200470172\",\"email\":\"gabriel.castro@live.com\",\"valor\":2122.00,\"parcelas\":27,\"seguro\":true},{\"id\":54,\"nome\":\"Carlos Eduardo\",\"cpf\":\"72310894342\",\"email\":\"caua.pinheira@gmail.com\",\"valor\":2618.00,\"parcelas\":24,\"seguro\":true},{\"id\":56,\"nome\":\"Yago\",\"cpf\":\"96780027136\",\"email\":\"roberta.marins@hotmail.com\",\"valor\":2522.00,\"parcelas\":26,\"seguro\":true},{\"id\":55,\"nome\":\"Yasmin\",\"cpf\":\"27379904983\",\"email\":\"anthony.vidal@hotmail.com\",\"valor\":2751.00,\"parcelas\":28,\"seguro\":true},{\"id\":62,\"nome\":\"Luiz Otávio\",\"cpf\":\"55016004848\",\"email\":\"bryan.velasques@hotmail.com\",\"valor\":2193.00,\"parcelas\":21,\"seguro\":true},{\"id\":64,\"nome\":\"Gabrielly\",\"cpf\":\"04678284364\",\"email\":\"mariaflor.moniz@hotmail.com\",\"valor\":2375.00,\"parcelas\":21,\"seguro\":true},{\"id\":65,\"nome\":\"Davi Lucca\",\"cpf\":\"32003772859\",\"email\":\"analuiza.pinto@gmail.com\",\"valor\":2989.00,\"parcelas\":25,\"seguro\":true},{\"id\":67,\"nome\":\"Catarina\",\"cpf\":\"49493250485\",\"email\":\"julio.barroso@hotmail.com\",\"valor\":2000.00,\"parcelas\":49,\"seguro\":true},{\"id\":71,\"nome\":\"Arthur Gabriel\",\"cpf\":\"81452295484\",\"email\":\"leticia.ramalho@live.com\",\"valor\":999.00,\"parcelas\":22,\"seguro\":true},{\"id\":73,\"nome\":\"Pérola\",\"cpf\":\"04261379135\",\"email\":\"liz.pimenta@bol.com.br\",\"valor\":2336.00,\"parcelas\":25,\"seguro\":true},{\"id\":75,\"nome\":\"Helena\",\"cpf\":\"76334118857\",\"email\":\"oliver.dapenha@yahoo.com\",\"valor\":2820.00,\"parcelas\":21,\"seguro\":true},{\"id\":76,\"nome\":\"Fabiano\",\"cpf\":\"61105343093\",\"email\":\"luiza.rolim@bol.com.br\",\"valor\":2679.00,\"parcelas\":29,\"seguro\":true},{\"id\":77,\"nome\":\"Caio\",\"cpf\":\"14628361060\",\"email\":\"clarice.costa@yahoo.com\",\"valor\":2645.00,\"parcelas\":24,\"seguro\":true},{\"id\":78,\"nome\":\"Ana Vitória\",\"cpf\":\"90134070789\",\"email\":\"joaoguilherme.dagama@bol.com.br\",\"valor\":2889.00,\"parcelas\":20,\"seguro\":true},{\"id\":79,\"nome\":\"Gabrielly\",\"cpf\":\"55620773148\",\"email\":\"feliciano.hernandes@live.com\",\"valor\":2473.00,\"parcelas\":49,\"seguro\":true},{\"id\":80,\"nome\":\"Ofélia\",\"cpf\":\"47916979212\",\"email\":\"patricia.roseira@hotmail.com\",\"valor\":2837.00,\"parcelas\":2,\"seguro\":true},{\"id\":81,\"nome\":\"Washington\",\"cpf\":\"95004080269\",\"email\":\"tertuliano.almeida@gmail.com\",\"valor\":2101.00,\"parcelas\":25,\"seguro\":true},{\"id\":82,\"nome\":\"Davi Ludmer\",\"cpf\":\"59373240543\",\"email\":\"sirineu.dasneves@live.com\",\"valor\":2585.00,\"parcelas\":25,\"seguro\":true},{\"id\":83,\"nome\":\"Marcelo\",\"cpf\":\"06009389637\",\"email\":\"isaac.datena@bol.com.br\",\"valor\":2142.00,\"parcelas\":48,\"seguro\":true},{\"id\":84,\"nome\":\"Alícia\",\"cpf\":\"47155228309\",\"email\":\"bruna.dagama@live.com\",\"valor\":2799.00,\"parcelas\":23,\"seguro\":true},{\"id\":85,\"nome\":\"Joaquim\",\"cpf\":\"006.074.801-96\",\"email\":\"kleber.barbosa@yahoo.com\",\"valor\":2312.00,\"parcelas\":22,\"seguro\":true},{\"id\":86,\"nome\":\"Enzo Gabriel\",\"cpf\":\"71183063213\",\"email\":\"bento.marcondes@hotmail.com\",\"valor\":2868.00,\"parcelas\":27,\"seguro\":true},{\"id\":87,\"nome\":\"Maria Clara\",\"cpf\":\"50259711961\",\"email\":\"mariaisis.bonfim@bol.com.br\",\"valor\":2855.00,\"parcelas\":25,\"seguro\":true},{\"id\":89,\"nome\":\"Nataniel\",\"cpf\":\"39699417544\",\"email\":\"carloseduardo.nascimento@bol.com.br\",\"valor\":2761.00,\"parcelas\":24,\"seguro\":true},{\"id\":90,\"nome\":\"Augusto\",\"cpf\":\"98086331023\",\"email\":\"morgana.melo@gmail.com\",\"valor\":2720.00,\"parcelas\":26,\"seguro\":true},{\"id\":94,\"nome\":\"João Luca\",\"cpf\":\"56727129642\",\"email\":\"rafael.roriz@bol.com.br\",\"valor\":2666.00,\"parcelas\":27,\"seguro\":true},{\"id\":96,\"nome\":\"Júlio\",\"cpf\":\"39881492855\",\"email\":\"julia.desa@hotmail.com\",\"valor\":2693.00,\"parcelas\":24,\"seguro\":true},{\"id\":97,\"nome\":\"Agatha\",\"cpf\":\"67462710193\",\"email\":\"liz.domingues@gmail.com\",\"valor\":2614.00,\"parcelas\":28,\"seguro\":true},{\"id\":98,\"nome\":\"Marcela\",\"cpf\":\"33662779792\",\"email\":\"lucas.garcez@gmail.com\",\"valor\":2696.00,\"parcelas\":27,\"seguro\":true},{\"id\":99,\"nome\":\"Yango\",\"cpf\":\"55460802427\",\"email\":\"marina.doprado@bol.com.br\",\"valor\":2964.00,\"parcelas\":22,\"seguro\":true},{\"id\":101,\"nome\":\"Enrico\",\"cpf\":\"21166746871\",\"email\":\"julia.veles@gmail.com\",\"valor\":2372.00,\"parcelas\":49,\"seguro\":true},{\"id\":102,\"nome\":\"Laura\",\"cpf\":\"21605572443\",\"email\":\"mariaflor.damaia@bol.com.br\",\"valor\":2702.00,\"parcelas\":28,\"seguro\":true},{\"id\":103,\"nome\":\"Paulo\",\"cpf\":\"52576473422\",\"email\":\"pedrohenrique.esteves@hotmail.com\",\"valor\":2981.00,\"parcelas\":2,\"seguro\":true},{\"id\":104,\"nome\":\"Lívia\",\"cpf\":\"36336269797\",\"email\":\"felipe.figueira@live.com\",\"valor\":2967.00,\"parcelas\":25,\"seguro\":true},{\"id\":106,\"nome\":\"Vitor\",\"cpf\":\"932.886.495-35\",\"email\":\"anabeatriz.morais@hotmail.com\",\"valor\":2701.00,\"parcelas\":27,\"seguro\":true},{\"id\":107,\"nome\":\"Nathan\",\"cpf\":\"21731016930\",\"email\":\"joaovitor.muniz@gmail.com\",\"valor\":2289.00,\"parcelas\":20,\"seguro\":true},{\"id\":105,\"nome\":\"Joaquim\",\"cpf\":\"49780998198\",\"email\":\"daviludmer.monteiro@yahoo.com\",\"valor\":2261.00,\"parcelas\":48,\"seguro\":true},{\"id\":109,\"nome\":\"João Lucas\",\"cpf\":\"88857138619\",\"email\":\"helio.dosreis@gmail.com\",\"valor\":2602.00,\"parcelas\":28,\"seguro\":true},{\"id\":110,\"nome\":\"João Luca\",\"cpf\":\"76090013801\",\"email\":\"maria.veles@bol.com.br\",\"valor\":2628.00,\"parcelas\":27,\"seguro\":true},{\"id\":111,\"nome\":\"Maria Fernanda\",\"cpf\":\"09863398128\",\"email\":\"analaura.dacunha@live.com\",\"valor\":2856.00,\"parcelas\":49,\"seguro\":true},{\"id\":115,\"nome\":\"Luiz\",\"cpf\":\"69988511520\",\"email\":\"carla.jesus@yahoo.com\",\"valor\":999.00,\"parcelas\":27,\"seguro\":true},{\"id\":118,\"nome\":\"Marcela\",\"cpf\":\"91858483220\",\"email\":\"ruan.boucas@live.com\",\"valor\":2335.00,\"parcelas\":22,\"seguro\":true},{\"id\":119,\"nome\":\"Maria Sophia\",\"cpf\":\"94104166266\",\"email\":\"lucca.ramalho@gmail.com\",\"valor\":2124.00,\"parcelas\":27,\"seguro\":true},{\"id\":120,\"nome\":\"Vitor Hugo\",\"cpf\":\"36036172084\",\"email\":\"vinicius.xavier@bol.com.br\",\"valor\":2730.00,\"parcelas\":22,\"seguro\":true},{\"id\":121,\"nome\":\"Daniel\",\"cpf\":\"64088745576\",\"email\":\"gael.regueira@live.com\",\"valor\":2469.00,\"parcelas\":27,\"seguro\":true},{\"id\":122,\"nome\":\"Yasmin\",\"cpf\":\"44318206576\",\"email\":\"benjamin.guterres@live.com\",\"valor\":2039.00,\"parcelas\":49,\"seguro\":true},{\"id\":123,\"nome\":\"João\",\"cpf\":\"66060111631\",\"email\":\"andre.correa@yahoo.com\",\"valor\":2348.00,\"parcelas\":2,\"seguro\":true},{\"id\":124,\"nome\":\"Marcia\",\"cpf\":\"60374185826\",\"email\":\"joaoluca.oliveira@yahoo.com\",\"valor\":2711.00,\"parcelas\":24,\"seguro\":true},{\"id\":125,\"nome\":\"Félix\",\"cpf\":\"82891430444\",\"email\":\"guilherme.filgueira@live.com\",\"valor\":2719.00,\"parcelas\":24,\"seguro\":true},{\"id\":126,\"nome\":\"Anthony\",\"cpf\":\"87310385398\",\"email\":\"mariasophia.filgueira@yahoo.com\",\"valor\":2997.00,\"parcelas\":48,\"seguro\":true},{\"id\":127,\"nome\":\"Matheus\",\"cpf\":\"67211081180\",\"email\":\"ofelia.barreto@gmail.com\",\"valor\":2440.00,\"parcelas\":24,\"seguro\":true},{\"id\":128,\"nome\":\"Luiz Gustavo\",\"cpf\":\"741.050.547-50\",\"email\":\"elisa.dacunha@bol.com.br\",\"valor\":2589.00,\"parcelas\":26,\"seguro\":true},{\"id\":129,\"nome\":\"Pedro Lucas\",\"cpf\":\"34111283294\",\"email\":\"adriana.pires@live.com\",\"valor\":2122.00,\"parcelas\":20,\"seguro\":true},{\"id\":132,\"nome\":\"Meire\",\"cpf\":\"83567277590\",\"email\":\"henrique.ramos@hotmail.com\",\"valor\":2988.00,\"parcelas\":29,\"seguro\":true},{\"id\":131,\"nome\":\"Rodrigo\",\"cpf\":\"05991655150\",\"email\":\"thomas.limeira@hotmail.com\",\"valor\":2331.00,\"parcelas\":27,\"seguro\":true},{\"id\":133,\"nome\":\"Breno\",\"cpf\":\"79121064257\",\"email\":\"luna.bernardes@yahoo.com\",\"valor\":2386.00,\"parcelas\":21,\"seguro\":true},{\"id\":137,\"nome\":\"Suélen\",\"cpf\":\"68729275605\",\"email\":\"fabricia.dacruz@yahoo.com\",\"valor\":2542.00,\"parcelas\":22,\"seguro\":true},{\"id\":140,\"nome\":\"Isabela\",\"cpf\":\"75622185000\",\"email\":\"rafaela.regueira@yahoo.com\",\"valor\":2427.00,\"parcelas\":26,\"seguro\":true},{\"id\":141,\"nome\":\"Kauê\",\"cpf\":\"84289466537\",\"email\":\"rodrigo.matoso@bol.com.br\",\"valor\":2038.00,\"parcelas\":23,\"seguro\":true},{\"id\":139,\"nome\":\"Kauê\",\"cpf\":\"87711691578\",\"email\":\"mathias.castanheira@bol.com.br\",\"valor\":2762.00,\"parcelas\":23,\"seguro\":true},{\"id\":142,\"nome\":\"Pedro Lucas\",\"cpf\":\"15641083990\",\"email\":\"rafael.dacunha@hotmail.com\",\"valor\":2918.00,\"parcelas\":29,\"seguro\":true},{\"id\":143,\"nome\":\"Arthur Gabriel\",\"cpf\":\"63682293887\",\"email\":\"thiago.barata@gmail.com\",\"valor\":2442.00,\"parcelas\":49,\"seguro\":true},{\"id\":144,\"nome\":\"Kaique\",\"cpf\":\"95973659419\",\"email\":\"cesar.cardoso@yahoo.com\",\"valor\":2509.00,\"parcelas\":2,\"seguro\":true},{\"id\":145,\"nome\":\"Júlio\",\"cpf\":\"78043853360\",\"email\":\"aurora.batista@live.com\",\"valor\":2208.00,\"parcelas\":22,\"seguro\":true},{\"id\":147,\"nome\":\"Ana Laura\",\"cpf\":\"00484166824\",\"email\":\"pedromiguel.lima@yahoo.com\",\"valor\":2747.00,\"parcelas\":48,\"seguro\":true},{\"id\":148,\"nome\":\"Pedro Lucas\",\"cpf\":\"71369844498\",\"email\":\"gabrielly.garces@yahoo.com\",\"valor\":2246.00,\"parcelas\":27,\"seguro\":true},{\"id\":149,\"nome\":\"Mércia\",\"cpf\":\"616.001.200-92\",\"email\":\"vinicius.ramires@yahoo.com\",\"valor\":2285.00,\"parcelas\":25,\"seguro\":true},{\"id\":150,\"nome\":\"Fabrícia\",\"cpf\":\"14461125077\",\"email\":\"breno.rolim@live.com\",\"valor\":2616.00,\"parcelas\":22,\"seguro\":true},{\"id\":153,\"nome\":\"Manuela\",\"cpf\":\"84035728242\",\"email\":\"calebe.nunes@live.com\",\"valor\":2558.00,\"parcelas\":20,\"seguro\":true},{\"id\":152,\"nome\":\"João Felipe\",\"cpf\":\"07839294424\",\"email\":\"paulo.goncalves@bol.com.br\",\"valor\":2067.00,\"parcelas\":49,\"seguro\":true},{\"id\":157,\"nome\":\"Alexandre\",\"cpf\":\"04541997077\",\"email\":\"adriana.sa@hotmail.com\",\"valor\":999.00,\"parcelas\":29,\"seguro\":true},{\"id\":159,\"nome\":\"Marcelo\",\"cpf\":\"07922001687\",\"email\":\"raul.martins@bol.com.br\",\"valor\":2882.00,\"parcelas\":27,\"seguro\":true},{\"id\":160,\"nome\":\"Júlia\",\"cpf\":\"24145452925\",\"email\":\"malu.aguiar@live.com\",\"valor\":2068.00,\"parcelas\":29,\"seguro\":true},{\"id\":163,\"nome\":\"Ladislau\",\"cpf\":\"17397045194\",\"email\":\"elisio.danobrega@yahoo.com\",\"valor\":2336.00,\"parcelas\":28,\"seguro\":true},{\"id\":161,\"nome\":\"Maria Valentina\",\"cpf\":\"58606289684\",\"email\":\"benjamin.marques@hotmail.com\",\"valor\":2929.00,\"parcelas\":24,\"seguro\":true},{\"id\":167,\"nome\":\"Bárbara\",\"cpf\":\"15466616535\",\"email\":\"maite.almada@bol.com.br\",\"valor\":2739.00,\"parcelas\":29,\"seguro\":true},{\"id\":169,\"nome\":\"Miguel\",\"cpf\":\"22531322381\",\"email\":\"vitor.coqueiro@bol.com.br\",\"valor\":2086.00,\"parcelas\":21,\"seguro\":true},{\"id\":171,\"nome\":\"Allana\",\"cpf\":\"12843744031\",\"email\":\"clara.goulart@live.com\",\"valor\":2258.00,\"parcelas\":27,\"seguro\":true},{\"id\":170,\"nome\":\"Erick\",\"cpf\":\"01042700497\",\"email\":\"beatriz.dapenha@hotmail.com\",\"valor\":2314.00,\"parcelas\":26,\"seguro\":true},{\"id\":172,\"nome\":\"Marcelo\",\"cpf\":\"96605984713\",\"email\":\"marialaura.galvao@live.com\",\"valor\":2112.00,\"parcelas\":25,\"seguro\":true},{\"id\":173,\"nome\":\"Aline\",\"cpf\":\"43631937071\",\"email\":\"joaoguilherme.ximenes@hotmail.com\",\"valor\":2104.00,\"parcelas\":49,\"seguro\":true},{\"id\":174,\"nome\":\"Marcelo\",\"cpf\":\"67465136950\",\"email\":\"mercia.henriques@hotmail.com\",\"valor\":2871.00,\"parcelas\":29,\"seguro\":true},{\"id\":175,\"nome\":\"Malu\",\"cpf\":\"09955065365\",\"email\":\"bernardo.franco@bol.com.br\",\"valor\":2254.00,\"parcelas\":2,\"seguro\":true},{\"id\":177,\"nome\":\"Emanuel\",\"cpf\":\"88569795483\",\"email\":\"ana.dosreis@gmail.com\",\"valor\":2991.00,\"parcelas\":22,\"seguro\":true},{\"id\":178,\"nome\":\"Fabrícia\",\"cpf\":\"46505313795\",\"email\":\"anthony.dantas@gmail.com\",\"valor\":2292.00,\"parcelas\":48,\"seguro\":true},{\"id\":179,\"nome\":\"Louise\",\"cpf\":\"05977928340\",\"email\":\"ian.duarte@live.com\",\"valor\":2949.00,\"parcelas\":22,\"seguro\":true},{\"id\":180,\"nome\":\"Daniel\",\"cpf\":\"294.855.087-65\",\"email\":\"mirella.ramires@yahoo.com\",\"valor\":2159.00,\"parcelas\":20,\"seguro\":true},{\"id\":182,\"nome\":\"Nicolas\",\"cpf\":\"21682347498\",\"email\":\"luiz.bentes@live.com\",\"valor\":2815.00,\"parcelas\":26,\"seguro\":true},{\"id\":183,\"nome\":\"Stella\",\"cpf\":\"28867598538\",\"email\":\"isabella.barroso@bol.com.br\",\"valor\":2186.00,\"parcelas\":49,\"seguro\":true},{\"id\":184,\"nome\":\"Maria Isis\",\"cpf\":\"07939566694\",\"email\":\"joao.barata@hotmail.com\",\"valor\":2564.00,\"parcelas\":29,\"seguro\":true},{\"id\":189,\"nome\":\"Isadora\",\"cpf\":\"46224009606\",\"email\":\"mariafernanda.leiria@bol.com.br\",\"valor\":999.00,\"parcelas\":27,\"seguro\":true},{\"id\":191,\"nome\":\"João Samuel\",\"cpf\":\"48421613670\",\"email\":\"isabella.moraes@yahoo.com\",\"valor\":2968.00,\"parcelas\":22,\"seguro\":true},{\"id\":192,\"nome\":\"Kauê\",\"cpf\":\"37613327756\",\"email\":\"olivia.sales@live.com\",\"valor\":2240.00,\"parcelas\":21,\"seguro\":true},{\"id\":193,\"nome\":\"Arthur Gabriel\",\"cpf\":\"29261660502\",\"email\":\"maya.novaes@bol.com.br\",\"valor\":2502.00,\"parcelas\":21,\"seguro\":true},{\"id\":194,\"nome\":\"Djalma\",\"cpf\":\"96312240884\",\"email\":\"marli.dagama@gmail.com\",\"valor\":2951.00,\"parcelas\":23,\"seguro\":true},{\"id\":195,\"nome\":\"Caio\",\"cpf\":\"25598218051\",\"email\":\"roberta.caseira@hotmail.com\",\"valor\":2063.00,\"parcelas\":49,\"seguro\":true},{\"id\":196,\"nome\":\"Pablo\",\"cpf\":\"80010342064\",\"email\":\"marialuiza.espinheira@hotmail.com\",\"valor\":2241.00,\"parcelas\":2,\"seguro\":true},{\"id\":197,\"nome\":\"Giulia\",\"cpf\":\"15427529490\",\"email\":\"isabella.braga@bol.com.br\",\"valor\":2347.00,\"parcelas\":29,\"seguro\":true},{\"id\":198,\"nome\":\"Clarice\",\"cpf\":\"01028054964\",\"email\":\"clarice.aparicio@yahoo.com\",\"valor\":2475.00,\"parcelas\":21,\"seguro\":true},{\"id\":199,\"nome\":\"Bernardo\",\"cpf\":\"69992132596\",\"email\":\"davimiguel.resende@hotmail.com\",\"valor\":2801.00,\"parcelas\":48,\"seguro\":true},{\"id\":200,\"nome\":\"Manuela\",\"cpf\":\"80098636860\",\"email\":\"milena.dafonseca@bol.com.br\",\"valor\":2471.00,\"parcelas\":23,\"seguro\":true},{\"id\":201,\"nome\":\"Davi\",\"cpf\":\"719.046.759-70\",\"email\":\"nicolas.bomdia@yahoo.com\",\"valor\":2476.00,\"parcelas\":21,\"seguro\":true},{\"id\":202,\"nome\":\"Fabiano\",\"cpf\":\"03625531243\",\"email\":\"mariaflor.goncalves@bol.com.br\",\"valor\":2398.00,\"parcelas\":23,\"seguro\":true},{\"id\":205,\"nome\":\"Stella\",\"cpf\":\"90149795715\",\"email\":\"patricia.conceicao@bol.com.br\",\"valor\":2202.00,\"parcelas\":24,\"seguro\":true},{\"id\":203,\"nome\":\"Ana Vitória\",\"cpf\":\"40022851025\",\"email\":\"warley.aragao@live.com\",\"valor\":2273.00,\"parcelas\":24,\"seguro\":true},{\"id\":206,\"nome\":\"Gabriela\",\"cpf\":\"87544976073\",\"email\":\"fabiano.reis@bol.com.br\",\"valor\":2575.00,\"parcelas\":22,\"seguro\":true},{\"id\":210,\"nome\":\"Carlos\",\"cpf\":\"20075362582\",\"email\":\"lorraine.caseira@gmail.com\",\"valor\":2715.00,\"parcelas\":25,\"seguro\":true},{\"id\":212,\"nome\":\"Tomás\",\"cpf\":\"01466925923\",\"email\":\"lorenzo.dorneles@live.com\",\"valor\":2186.00,\"parcelas\":26,\"seguro\":true},{\"id\":213,\"nome\":\"Rebeca\",\"cpf\":\"44830273383\",\"email\":\"igor.goncalves@hotmail.com\",\"valor\":2169.00,\"parcelas\":29,\"seguro\":true},{\"id\":214,\"nome\":\"Roberta\",\"cpf\":\"36758148247\",\"email\":\"alessandra.monteira@gmail.com\",\"valor\":2059.00,\"parcelas\":27,\"seguro\":true},{\"id\":215,\"nome\":\"Vinícius\",\"cpf\":\"34960377054\",\"email\":\"alessandra.fontinhas@live.com\",\"valor\":2581.00,\"parcelas\":29,\"seguro\":true},{\"id\":217,\"nome\":\"Mariana\",\"cpf\":\"32507449627\",\"email\":\"julio.leiria@gmail.com\",\"valor\":2183.00,\"parcelas\":49,\"seguro\":true},{\"id\":218,\"nome\":\"Alice\",\"cpf\":\"16499867866\",\"email\":\"enzothiago.crespo@gmail.com\",\"valor\":2988.00,\"parcelas\":2,\"seguro\":true},{\"id\":219,\"nome\":\"César\",\"cpf\":\"48116106206\",\"email\":\"meire.pinheira@bol.com.br\",\"valor\":2684.00,\"parcelas\":28,\"seguro\":true},{\"id\":220,\"nome\":\"Carlos\",\"cpf\":\"11108640396\",\"email\":\"ian.vimaranes@yahoo.com\",\"valor\":2883.00,\"parcelas\":29,\"seguro\":true},{\"id\":221,\"nome\":\"Milena\",\"cpf\":\"71659977647\",\"email\":\"cecilia.vasques@yahoo.com\",\"valor\":2011.00,\"parcelas\":48,\"seguro\":true},{\"id\":222,\"nome\":\"Rafael\",\"cpf\":\"452.082.752-99\",\"email\":\"davilucca.batista@live.com\",\"valor\":2321.00,\"parcelas\":27,\"seguro\":true},{\"id\":224,\"nome\":\"Ana Lívia\",\"cpf\":\"41707789628\",\"email\":\"anthony.macedo@yahoo.com\",\"valor\":2248.00,\"parcelas\":20,\"seguro\":true},{\"id\":223,\"nome\":\"Maria Eduarda\",\"cpf\":\"59258018121\",\"email\":\"lucas.viveiros@live.com\",\"valor\":2403.00,\"parcelas\":22,\"seguro\":true},{\"id\":226,\"nome\":\"Clarice\",\"cpf\":\"93582449608\",\"email\":\"erick.neves@yahoo.com\",\"valor\":2914.00,\"parcelas\":49,\"seguro\":true},{\"id\":228,\"nome\":\"Maria Laura\",\"cpf\":\"19139449306\",\"email\":\"arthurmiguel.saraiva@bol.com.br\",\"valor\":2162.00,\"parcelas\":21,\"seguro\":true},{\"id\":230,\"nome\":\"Benício\",\"cpf\":\"89828785470\",\"email\":\"caio.aparicio@yahoo.com\",\"valor\":999.00,\"parcelas\":25,\"seguro\":true},{\"id\":234,\"nome\":\"Yasmin\",\"cpf\":\"10702206804\",\"email\":\"caio.rego@bol.com.br\",\"valor\":2396.00,\"parcelas\":25,\"seguro\":true},{\"id\":233,\"nome\":\"Isabelly\",\"cpf\":\"70078020480\",\"email\":\"marcos.cachoeira@bol.com.br\",\"valor\":2019.00,\"parcelas\":25,\"seguro\":true},{\"id\":235,\"nome\":\"Kaique\",\"cpf\":\"07677101364\",\"email\":\"julia.reboucas@live.com\",\"valor\":2817.00,\"parcelas\":29,\"seguro\":true},{\"id\":240,\"nome\":\"Ofélia\",\"cpf\":\"09777951675\",\"email\":\"mariah.velasques@hotmail.com\",\"valor\":2205.00,\"parcelas\":23,\"seguro\":true},{\"id\":244,\"nome\":\"Isabelly\",\"cpf\":\"89687643564\",\"email\":\"nicolas.duarte@gmail.com\",\"valor\":2491.00,\"parcelas\":24,\"seguro\":true},{\"id\":242,\"nome\":\"Marli\",\"cpf\":\"98976213269\",\"email\":\"mariacecilia.ribeira@hotmail.com\",\"valor\":2385.00,\"parcelas\":29,\"seguro\":true},{\"id\":243,\"nome\":\"Isabela\",\"cpf\":\"74298004570\",\"email\":\"nicole.neves@gmail.com\",\"valor\":2419.00,\"parcelas\":22,\"seguro\":true},{\"id\":245,\"nome\":\"Lorena\",\"cpf\":\"28755058586\",\"email\":\"igor.rolim@yahoo.com\",\"valor\":2858.00,\"parcelas\":23,\"seguro\":true},{\"id\":247,\"nome\":\"Fabiano\",\"cpf\":\"43569141645\",\"email\":\"augusto.diegues@bol.com.br\",\"valor\":2669.00,\"parcelas\":49,\"seguro\":true},{\"id\":249,\"nome\":\"Murilo\",\"cpf\":\"52861795776\",\"email\":\"oliver.beltrao@live.com\",\"valor\":2977.00,\"parcelas\":2,\"seguro\":true},{\"id\":250,\"nome\":\"Luiz Miguel\",\"cpf\":\"84781071861\",\"email\":\"maya.dosreis@bol.com.br\",\"valor\":2285.00,\"parcelas\":23,\"seguro\":true},{\"id\":251,\"nome\":\"Ana Clara\",\"cpf\":\"63593597257\",\"email\":\"deneval.gentil@gmail.com\",\"valor\":2688.00,\"parcelas\":21,\"seguro\":true},{\"id\":252,\"nome\":\"Ana Lívia\",\"cpf\":\"75710373123\",\"email\":\"giovanna.bomdia@bol.com.br\",\"valor\":2529.00,\"parcelas\":24,\"seguro\":true},{\"id\":253,\"nome\":\"Maria Sophia\",\"cpf\":\"48101935671\",\"email\":\"lavinia.almeida@hotmail.com\",\"valor\":2350.00,\"parcelas\":21,\"seguro\":true},{\"id\":254,\"nome\":\"Bruno\",\"cpf\":\"45007302932\",\"email\":\"mariafernanda.dagama@gmail.com\",\"valor\":2481.00,\"parcelas\":48,\"seguro\":true},{\"id\":255,\"nome\":\"Joaquim\",\"cpf\":\"80045776818\",\"email\":\"sophie.brites@hotmail.com\",\"valor\":2531.00,\"parcelas\":49,\"seguro\":true},{\"id\":256,\"nome\":\"Isadora\",\"cpf\":\"70075784948\",\"email\":\"perola.dasilva@gmail.com\",\"valor\":2222.00,\"parcelas\":23,\"seguro\":true},{\"id\":257,\"nome\":\"Pedro Miguel\",\"cpf\":\"283.486.188-05\",\"email\":\"washington.melo@yahoo.com\",\"valor\":2670.00,\"parcelas\":21,\"seguro\":true},{\"id\":260,\"nome\":\"Giovanna\",\"cpf\":\"24352954045\",\"email\":\"anabeatriz.parreira@gmail.com\",\"valor\":999.00,\"parcelas\":29,\"seguro\":true},{\"id\":263,\"nome\":\"Danilo\",\"cpf\":\"45042899457\",\"email\":\"isadora.nogueira@yahoo.com\",\"valor\":2947.00,\"parcelas\":23,\"seguro\":true},{\"id\":266,\"nome\":\"Bernardo\",\"cpf\":\"34855710368\",\"email\":\"joana.lima@bol.com.br\",\"valor\":2053.00,\"parcelas\":25,\"seguro\":true},{\"id\":265,\"nome\":\"Vitor\",\"cpf\":\"69488220082\",\"email\":\"beatriz.bulhoes@hotmail.com\",\"valor\":2135.00,\"parcelas\":21,\"seguro\":true},{\"id\":270,\"nome\":\"Caio\",\"cpf\":\"31441076596\",\"email\":\"luna.palmeira@hotmail.com\",\"valor\":2964.00,\"parcelas\":23,\"seguro\":true},{\"id\":273,\"nome\":\"Bernardo\",\"cpf\":\"27112168484\",\"email\":\"mariahelena.munhoz@live.com\",\"valor\":2373.00,\"parcelas\":26,\"seguro\":true},{\"id\":272,\"nome\":\"Ana Laura\",\"cpf\":\"41461611770\",\"email\":\"paulo.mangueira@bol.com.br\",\"valor\":2281.00,\"parcelas\":25,\"seguro\":true},{\"id\":274,\"nome\":\"Márcia\",\"cpf\":\"99928076152\",\"email\":\"alicia.melo@bol.com.br\",\"valor\":2079.00,\"parcelas\":23,\"seguro\":true},{\"id\":275,\"nome\":\"Vitória\",\"cpf\":\"56472281345\",\"email\":\"igor.fernandes@live.com\",\"valor\":2490.00,\"parcelas\":22,\"seguro\":true},{\"id\":277,\"nome\":\"Igor\",\"cpf\":\"57507878621\",\"email\":\"ryan.arriaga@bol.com.br\",\"valor\":2397.00,\"parcelas\":49,\"seguro\":true},{\"id\":276,\"nome\":\"Pablo\",\"cpf\":\"34494698359\",\"email\":\"lavinia.bonfim@yahoo.com\",\"valor\":2610.00,\"parcelas\":21,\"seguro\":true},{\"id\":278,\"nome\":\"Ana Luiza\",\"cpf\":\"62802318700\",\"email\":\"carlos.barbosa@yahoo.com\",\"valor\":2177.00,\"parcelas\":2,\"seguro\":true},{\"id\":280,\"nome\":\"Isadora\",\"cpf\":\"08632809309\",\"email\":\"breno.domingues@yahoo.com\",\"valor\":2653.00,\"parcelas\":20,\"seguro\":true},{\"id\":281,\"nome\":\"Isis\",\"cpf\":\"21500864553\",\"email\":\"gael.muniz@hotmail.com\",\"valor\":2097.00,\"parcelas\":48,\"seguro\":true},{\"id\":282,\"nome\":\"Eduardo\",\"cpf\":\"00008215294\",\"email\":\"carloseduardo.henriques@bol.com.br\",\"valor\":2429.00,\"parcelas\":23,\"seguro\":true},{\"id\":283,\"nome\":\"Caio\",\"cpf\":\"688.537.273-92\",\"email\":\"daviluca.menendes@live.com\",\"valor\":2306.00,\"parcelas\":20,\"seguro\":true},{\"id\":285,\"nome\":\"Ana Sophia\",\"cpf\":\"71166037014\",\"email\":\"karla.aguiar@yahoo.com\",\"valor\":2640.00,\"parcelas\":27,\"seguro\":true},{\"id\":286,\"nome\":\"Tertuliano\",\"cpf\":\"65043315203\",\"email\":\"olivia.taveira@gmail.com\",\"valor\":2104.00,\"parcelas\":49,\"seguro\":true},{\"id\":289,\"nome\":\"Theo\",\"cpf\":\"82975605879\",\"email\":\"mariaisis.munhoz@bol.com.br\",\"valor\":2116.00,\"parcelas\":27,\"seguro\":true},{\"id\":287,\"nome\":\"Fábio\",\"cpf\":\"50293630656\",\"email\":\"marcia.longuinho@hotmail.com\",\"valor\":999.00,\"parcelas\":24,\"seguro\":true},{\"id\":295,\"nome\":\"Benício\",\"cpf\":\"96026323594\",\"email\":\"sophia.dacruz@bol.com.br\",\"valor\":2152.00,\"parcelas\":25,\"seguro\":true},{\"id\":294,\"nome\":\"Alícia\",\"cpf\":\"17487636012\",\"email\":\"caua.albuquerque@bol.com.br\",\"valor\":2612.00,\"parcelas\":23,\"seguro\":true},{\"id\":296,\"nome\":\"Milena\",\"cpf\":\"27178612730\",\"email\":\"yango.dapenha@bol.com.br\",\"valor\":2311.00,\"parcelas\":25,\"seguro\":true},{\"id\":297,\"nome\":\"Ricardo\",\"cpf\":\"07828440845\",\"email\":\"talita.goulart@live.com\",\"valor\":2271.00,\"parcelas\":23,\"seguro\":true},{\"id\":298,\"nome\":\"Samuel\",\"cpf\":\"14617333501\",\"email\":\"otavio.rios@bol.com.br\",\"valor\":2286.00,\"parcelas\":49,\"seguro\":true},{\"id\":299,\"nome\":\"Ana Sophia\",\"cpf\":\"50185495280\",\"email\":\"pablo.dabandeira@live.com\",\"valor\":2167.00,\"parcelas\":2,\"seguro\":true},{\"id\":300,\"nome\":\"Bruno\",\"cpf\":\"40477502935\",\"email\":\"fernanda.silva@gmail.com\",\"valor\":2800.00,\"parcelas\":21,\"seguro\":true},{\"id\":301,\"nome\":\"Giovanna\",\"cpf\":\"13691322727\",\"email\":\"marcia.daaldeia@live.com\",\"valor\":2846.00,\"parcelas\":23,\"seguro\":true},{\"id\":302,\"nome\":\"Luan\",\"cpf\":\"51413163775\",\"email\":\"enzogabriel.godins@hotmail.com\",\"valor\":2084.00,\"parcelas\":48,\"seguro\":true},{\"id\":303,\"nome\":\"Allana\",\"cpf\":\"96934800887\",\"email\":\"gustavo.melo@hotmail.com\",\"valor\":2030.00,\"parcelas\":22,\"seguro\":true},{\"id\":304,\"nome\":\"Letícia\",\"cpf\":\"997.310.010-98\",\"email\":\"ayla.danobrega@yahoo.com\",\"valor\":2900.00,\"parcelas\":29,\"seguro\":true},{\"id\":305,\"nome\":\"Yuri\",\"cpf\":\"25261162201\",\"email\":\"juliana.daluz@bol.com.br\",\"valor\":2331.00,\"parcelas\":28,\"seguro\":true},{\"id\":309,\"nome\":\"Arthur Henrique\",\"cpf\":\"17452329542\",\"email\":\"isabel.lima@bol.com.br\",\"valor\":2936.00,\"parcelas\":21,\"seguro\":true},{\"id\":306,\"nome\":\"Gúbio\",\"cpf\":\"38830114518\",\"email\":\"marcia.parreira@live.com\",\"valor\":2109.00,\"parcelas\":29,\"seguro\":true},{\"id\":308,\"nome\":\"Francisco\",\"cpf\":\"26625526386\",\"email\":\"liz.campos@live.com\",\"valor\":2211.00,\"parcelas\":23,\"seguro\":true},{\"id\":313,\"nome\":\"Bianca\",\"cpf\":\"01768338411\",\"email\":\"liz.mendes@bol.com.br\",\"valor\":2007.00,\"parcelas\":22,\"seguro\":true},{\"id\":316,\"nome\":\"Milena\",\"cpf\":\"80209875376\",\"email\":\"mariasophia.banheira@gmail.com\",\"valor\":2455.00,\"parcelas\":27,\"seguro\":true},{\"id\":315,\"nome\":\"Alessandra\",\"cpf\":\"60116623619\",\"email\":\"anthony.dabarranca@gmail.com\",\"valor\":2816.00,\"parcelas\":21,\"seguro\":true},{\"id\":317,\"nome\":\"Melissa\",\"cpf\":\"52747351897\",\"email\":\"milena.darosa@bol.com.br\",\"valor\":2815.00,\"parcelas\":24,\"seguro\":true},{\"id\":318,\"nome\":\"Emilly\",\"cpf\":\"97608423718\",\"email\":\"gael.deassuncao@bol.com.br\",\"valor\":2436.00,\"parcelas\":25,\"seguro\":true},{\"id\":320,\"nome\":\"Louise\",\"cpf\":\"14671274447\",\"email\":\"eduardo.ordonhes@hotmail.com\",\"valor\":2985.00,\"parcelas\":49,\"seguro\":true},{\"id\":319,\"nome\":\"Bernardo\",\"cpf\":\"86432963952\",\"email\":\"natalia.videira@bol.com.br\",\"valor\":2469.00,\"parcelas\":2,\"seguro\":true},{\"id\":321,\"nome\":\"Ana Cecília\",\"cpf\":\"06483609458\",\"email\":\"emilly.domingues@gmail.com\",\"valor\":2740.00,\"parcelas\":20,\"seguro\":true},{\"id\":323,\"nome\":\"Kaique\",\"cpf\":\"83015380593\",\"email\":\"isabella.leiria@live.com\",\"valor\":2784.00,\"parcelas\":24,\"seguro\":true},{\"id\":324,\"nome\":\"Arthur\",\"cpf\":\"48207942868\",\"email\":\"janaina.munhoz@hotmail.com\",\"valor\":2524.00,\"parcelas\":48,\"seguro\":true},{\"id\":326,\"nome\":\"João Luca\",\"cpf\":\"702.617.705-61\",\"email\":\"frederico.dosreis@yahoo.com\",\"valor\":2193.00,\"parcelas\":28,\"seguro\":true},{\"id\":327,\"nome\":\"Davi Lucas\",\"cpf\":\"84529180162\",\"email\":\"mariaisis.reis@yahoo.com\",\"valor\":2050.00,\"parcelas\":28,\"seguro\":true},{\"id\":328,\"nome\":\"Marcela\",\"cpf\":\"41693674416\",\"email\":\"lucasgabriel.martins@bol.com.br\",\"valor\":2274.00,\"parcelas\":27,\"seguro\":true},{\"id\":329,\"nome\":\"Enzo Miguel\",\"cpf\":\"90560334549\",\"email\":\"djalma.barata@bol.com.br\",\"valor\":2595.00,\"parcelas\":49,\"seguro\":true},{\"id\":332,\"nome\":\"Ana Beatriz\",\"cpf\":\"90866436716\",\"email\":\"daviluca.damata@hotmail.com\",\"valor\":2613.00,\"parcelas\":21,\"seguro\":true},{\"id\":334,\"nome\":\"Rafael\",\"cpf\":\"56043132116\",\"email\":\"mirella.doprado@hotmail.com\",\"valor\":999.00,\"parcelas\":26,\"seguro\":true},{\"id\":338,\"nome\":\"Alessandra\",\"cpf\":\"63095180846\",\"email\":\"mariasophia.custodio@bol.com.br\",\"valor\":2598.00,\"parcelas\":29,\"seguro\":true},{\"id\":337,\"nome\":\"Isis\",\"cpf\":\"60762326682\",\"email\":\"bruno.meira@hotmail.com\",\"valor\":2649.00,\"parcelas\":29,\"seguro\":true},{\"id\":339,\"nome\":\"Melissa\",\"cpf\":\"09895583168\",\"email\":\"mariavalentina.gabeira@hotmail.com\",\"valor\":2376.00,\"parcelas\":28,\"seguro\":true},{\"id\":344,\"nome\":\"Kauê\",\"cpf\":\"50938205350\",\"email\":\"gubio.jaques@bol.com.br\",\"valor\":2246.00,\"parcelas\":20,\"seguro\":true},{\"id\":345,\"nome\":\"Olívia\",\"cpf\":\"05545171372\",\"email\":\"carla.gabeira@yahoo.com\",\"valor\":2519.00,\"parcelas\":28,\"seguro\":true},{\"id\":346,\"nome\":\"Sarah\",\"cpf\":\"72925304862\",\"email\":\"karla.siqueiro@live.com\",\"valor\":2424.00,\"parcelas\":26,\"seguro\":true},{\"id\":347,\"nome\":\"Enrico\",\"cpf\":\"22109999994\",\"email\":\"joao.hernandes@yahoo.com\",\"valor\":2810.00,\"parcelas\":21,\"seguro\":true},{\"id\":348,\"nome\":\"Marcos\",\"cpf\":\"98545591287\",\"email\":\"malu.dacosta@live.com\",\"valor\":2432.00,\"parcelas\":28,\"seguro\":true},{\"id\":349,\"nome\":\"Pedro Tobias\",\"cpf\":\"67041156966\",\"email\":\"luizmiguel.martim@hotmail.com\",\"valor\":2003.00,\"parcelas\":49,\"seguro\":true},{\"id\":351,\"nome\":\"Adriana\",\"cpf\":\"55888996199\",\"email\":\"anaclara.saraiva@gmail.com\",\"valor\":2429.00,\"parcelas\":2,\"seguro\":true},{\"id\":352,\"nome\":\"André\",\"cpf\":\"13786331901\",\"email\":\"marcia.domingues@live.com\",\"valor\":2505.00,\"parcelas\":26,\"seguro\":true},{\"id\":353,\"nome\":\"Maria Alice\",\"cpf\":\"32188337704\",\"email\":\"mariavitoria.conceicao@yahoo.com\",\"valor\":2887.00,\"parcelas\":20,\"seguro\":true},{\"id\":354,\"nome\":\"Felipe\",\"cpf\":\"42801117540\",\"email\":\"luizfelipe.desa@gmail.com\",\"valor\":2817.00,\"parcelas\":48,\"seguro\":true},{\"id\":355,\"nome\":\"Eduardo\",\"cpf\":\"51341674253\",\"email\":\"luizgustavo.garces@yahoo.com\",\"valor\":2610.00,\"parcelas\":27,\"seguro\":true},{\"id\":356,\"nome\":\"Juliana\",\"cpf\":\"598.101.208-24\",\"email\":\"bruna.sa@bol.com.br\",\"valor\":2196.00,\"parcelas\":23,\"seguro\":true},{\"id\":358,\"nome\":\"Thomas\",\"cpf\":\"80722797353\",\"email\":\"fabiano.munhoz@gmail.com\",\"valor\":2135.00,\"parcelas\":29,\"seguro\":true},{\"id\":359,\"nome\":\"Ana Lívia\",\"cpf\":\"57892449134\",\"email\":\"maria.aragao@live.com\",\"valor\":2955.00,\"parcelas\":49,\"seguro\":true},{\"id\":360,\"nome\":\"Davi Lucca\",\"cpf\":\"93390037612\",\"email\":\"analaura.macedo@hotmail.com\",\"valor\":2955.00,\"parcelas\":22,\"seguro\":true},{\"id\":365,\"nome\":\"Víctor\",\"cpf\":\"47392500192\",\"email\":\"feliciano.galego@yahoo.com\",\"valor\":999.00,\"parcelas\":22,\"seguro\":true},{\"id\":369,\"nome\":\"Ana Beatriz\",\"cpf\":\"01371944751\",\"email\":\"levi.porto@yahoo.com\",\"valor\":2982.00,\"parcelas\":22,\"seguro\":true},{\"id\":366,\"nome\":\"Nathan\",\"cpf\":\"60606017508\",\"email\":\"paulo.bernardes@hotmail.com\",\"valor\":2671.00,\"parcelas\":26,\"seguro\":true},{\"id\":367,\"nome\":\"Maria Júlia\",\"cpf\":\"57365664643\",\"email\":\"vitorhugo.castelo@gmail.com\",\"valor\":2744.00,\"parcelas\":26,\"seguro\":true},{\"id\":374,\"nome\":\"Felícia\",\"cpf\":\"83514458588\",\"email\":\"djalma.arantes@yahoo.com\",\"valor\":2076.00,\"parcelas\":26,\"seguro\":true},{\"id\":375,\"nome\":\"Paulo\",\"cpf\":\"51759103331\",\"email\":\"arthur.dacruz@gmail.com\",\"valor\":2409.00,\"parcelas\":25,\"seguro\":true},{\"id\":376,\"nome\":\"Marcela\",\"cpf\":\"57581141983\",\"email\":\"lais.aparicio@yahoo.com\",\"valor\":2322.00,\"parcelas\":28,\"seguro\":true},{\"id\":377,\"nome\":\"Marcela\",\"cpf\":\"41818404060\",\"email\":\"livia.gomide@yahoo.com\",\"valor\":2882.00,\"parcelas\":25,\"seguro\":true},{\"id\":378,\"nome\":\"Isabela\",\"cpf\":\"97936220932\",\"email\":\"joaquim.reis@live.com\",\"valor\":2082.00,\"parcelas\":28,\"seguro\":true},{\"id\":380,\"nome\":\"Emanuel\",\"cpf\":\"41028148149\",\"email\":\"malu.hermingues@bol.com.br\",\"valor\":2661.00,\"parcelas\":49,\"seguro\":true},{\"id\":381,\"nome\":\"Sophie\",\"cpf\":\"92991725168\",\"email\":\"rebeca.simao@yahoo.com\",\"valor\":2138.00,\"parcelas\":2,\"seguro\":true},{\"id\":382,\"nome\":\"Henry\",\"cpf\":\"72377646430\",\"email\":\"giulia.mendes@bol.com.br\",\"valor\":2166.00,\"parcelas\":29,\"seguro\":true},{\"id\":383,\"nome\":\"Felipe\",\"cpf\":\"73817482970\",\"email\":\"igor.damaia@yahoo.com\",\"valor\":2207.00,\"parcelas\":22,\"seguro\":true},{\"id\":384,\"nome\":\"Malu\",\"cpf\":\"67246769363\",\"email\":\"maya.hermingues@live.com\",\"valor\":2368.00,\"parcelas\":48,\"seguro\":true},{\"id\":385,\"nome\":\"Amanda\",\"cpf\":\"09426630700\",\"email\":\"victor.paes@hotmail.com\",\"valor\":2096.00,\"parcelas\":26,\"seguro\":true},{\"id\":386,\"nome\":\"Ana Sophia\",\"cpf\":\"36825228555\",\"email\":\"rafaela.correa@hotmail.com\",\"valor\":2554.00,\"parcelas\":27,\"seguro\":true},{\"id\":387,\"nome\":\"Lorraine\",\"cpf\":\"102.358.844-39\",\"email\":\"mariaalice.quarteira@yahoo.com\",\"valor\":2082.00,\"parcelas\":25,\"seguro\":true},{\"id\":390,\"nome\":\"Luiz Miguel\",\"cpf\":\"70033206443\",\"email\":\"oliver.campos@bol.com.br\",\"valor\":2322.00,\"parcelas\":21,\"seguro\":true},{\"id\":391,\"nome\":\"Stella\",\"cpf\":\"34179393628\",\"email\":\"thiago.teixeira@gmail.com\",\"valor\":2015.00,\"parcelas\":49,\"seguro\":true},{\"id\":395,\"nome\":\"Enrico\",\"cpf\":\"00065136571\",\"email\":\"murilo.carneiro@bol.com.br\",\"valor\":999.00,\"parcelas\":26,\"seguro\":true},{\"id\":397,\"nome\":\"Luna\",\"cpf\":\"01919906157\",\"email\":\"gabriel.darosa@yahoo.com\",\"valor\":2695.00,\"parcelas\":29,\"seguro\":true},{\"id\":398,\"nome\":\"Ayla\",\"cpf\":\"06752333812\",\"email\":\"mariacecilia.quaresma@bol.com.br\",\"valor\":2118.00,\"parcelas\":25,\"seguro\":true},{\"id\":399,\"nome\":\"Bernardo\",\"cpf\":\"80855596354\",\"email\":\"paulo.dafronteira@gmail.com\",\"valor\":2026.00,\"parcelas\":27,\"seguro\":true},{\"id\":400,\"nome\":\"Ofélia\",\"cpf\":\"42800657693\",\"email\":\"pedromiguel.geraldes@bol.com.br\",\"valor\":2155.00,\"parcelas\":20,\"seguro\":true},{\"id\":401,\"nome\":\"Sophia\",\"cpf\":\"44006460442\",\"email\":\"antonia.dequadros@gmail.com\",\"valor\":2134.00,\"parcelas\":49,\"seguro\":true},{\"id\":402,\"nome\":\"Maria Sophia\",\"cpf\":\"77803300058\",\"email\":\"sarah.aroeira@live.com\",\"valor\":2653.00,\"parcelas\":2,\"seguro\":true},{\"id\":403,\"nome\":\"Maria\",\"cpf\":\"04868440662\",\"email\":\"sophia.coqueiro@gmail.com\",\"valor\":2657.00,\"parcelas\":24,\"seguro\":true},{\"id\":404,\"nome\":\"Yasmin\",\"cpf\":\"37977645846\",\"email\":\"nicolas.almeida@yahoo.com\",\"valor\":2996.00,\"parcelas\":26,\"seguro\":true},{\"id\":405,\"nome\":\"João Luca\",\"cpf\":\"28215016409\",\"email\":\"luan.nogueira@hotmail.com\",\"valor\":2448.00,\"parcelas\":48,\"seguro\":true},{\"id\":406,\"nome\":\"Alexandre\",\"cpf\":\"80477202335\",\"email\":\"norberto.ramalho@gmail.com\",\"valor\":2696.00,\"parcelas\":26,\"seguro\":true},{\"id\":407,\"nome\":\"Noah\",\"cpf\":\"782.047.276-46\",\"email\":\"lavinia.lessa@yahoo.com\",\"valor\":2504.00,\"parcelas\":21,\"seguro\":true},{\"id\":408,\"nome\":\"Warley\",\"cpf\":\"24672740514\",\"email\":\"isaac.batista@live.com\",\"valor\":2763.00,\"parcelas\":29,\"seguro\":true},{\"id\":411,\"nome\":\"Agatha\",\"cpf\":\"11014935184\",\"email\":\"luiz.figueira@hotmail.com\",\"valor\":2973.00,\"parcelas\":24,\"seguro\":true},{\"id\":410,\"nome\":\"Luiz Miguel\",\"cpf\":\"95526550345\",\"email\":\"ryan.barreto@yahoo.com\",\"valor\":2067.00,\"parcelas\":20,\"seguro\":true},{\"id\":412,\"nome\":\"Samuel\",\"cpf\":\"52731442153\",\"email\":\"enzothiago.rameira@bol.com.br\",\"valor\":2779.00,\"parcelas\":29,\"seguro\":true},{\"id\":416,\"nome\":\"Davi Miguel\",\"cpf\":\"87969548481\",\"email\":\"hugo.roseira@live.com\",\"valor\":2996.00,\"parcelas\":22,\"seguro\":true},{\"id\":418,\"nome\":\"Stella\",\"cpf\":\"19035374982\",\"email\":\"francisco.gabeira@gmail.com\",\"valor\":2486.00,\"parcelas\":22,\"seguro\":true},{\"id\":419,\"nome\":\"Norberto\",\"cpf\":\"65776103759\",\"email\":\"heitor.galvao@yahoo.com\",\"valor\":2344.00,\"parcelas\":28,\"seguro\":true},{\"id\":420,\"nome\":\"João Felipe\",\"cpf\":\"68268314149\",\"email\":\"joaopedro.crespo@live.com\",\"valor\":2922.00,\"parcelas\":27,\"seguro\":true},{\"id\":421,\"nome\":\"Ana Lívia\",\"cpf\":\"33658182470\",\"email\":\"benjamin.siqueiro@yahoo.com\",\"valor\":2189.00,\"parcelas\":21,\"seguro\":true},{\"id\":423,\"nome\":\"Roberta\",\"cpf\":\"10277378937\",\"email\":\"gustavo.amoreira@hotmail.com\",\"valor\":2306.00,\"parcelas\":49,\"seguro\":true},{\"id\":424,\"nome\":\"Márcio\",\"cpf\":\"07915624329\",\"email\":\"analuiza.corte@yahoo.com\",\"valor\":2021.00,\"parcelas\":2,\"seguro\":true},{\"id\":425,\"nome\":\"Liz\",\"cpf\":\"08121904835\",\"email\":\"marli.cruz@live.com\",\"valor\":2277.00,\"parcelas\":25,\"seguro\":true},{\"id\":426,\"nome\":\"Davi Miguel\",\"cpf\":\"11005229743\",\"email\":\"elisio.paiva@hotmail.com\",\"valor\":2653.00,\"parcelas\":28,\"seguro\":true},{\"id\":427,\"nome\":\"Louise\",\"cpf\":\"13215590746\",\"email\":\"jose.hernandes@bol.com.br\",\"valor\":2962.00,\"parcelas\":48,\"seguro\":true},{\"id\":430,\"nome\":\"Luiz Miguel\",\"cpf\":\"03730860428\",\"email\":\"giovanna.leiria@yahoo.com\",\"valor\":2441.00,\"parcelas\":25,\"seguro\":true},{\"id\":429,\"nome\":\"Miguel\",\"cpf\":\"730.100.273-42\",\"email\":\"ofelia.albuquerque@yahoo.com\",\"valor\":2320.00,\"parcelas\":22,\"seguro\":true},{\"id\":431,\"nome\":\"Arthur Miguel\",\"cpf\":\"09584893372\",\"email\":\"enrico.monteira@hotmail.com\",\"valor\":2845.00,\"parcelas\":28,\"seguro\":true},{\"id\":432,\"nome\":\"Alexandre\",\"cpf\":\"60824480852\",\"email\":\"mercia.danobrega@yahoo.com\",\"valor\":2497.00,\"parcelas\":28,\"seguro\":true},{\"id\":433,\"nome\":\"Giovanna\",\"cpf\":\"81925006281\",\"email\":\"anajulia.farias@gmail.com\",\"valor\":2425.00,\"parcelas\":49,\"seguro\":true},{\"id\":437,\"nome\":\"Sophie\",\"cpf\":\"55141632121\",\"email\":\"mirella.deassuncao@yahoo.com\",\"valor\":999.00,\"parcelas\":20,\"seguro\":true},{\"id\":440,\"nome\":\"Mathias\",\"cpf\":\"76223952214\",\"email\":\"enrico.pimenta@live.com\",\"valor\":2322.00,\"parcelas\":27,\"seguro\":true},{\"id\":441,\"nome\":\"Roberta\",\"cpf\":\"48114676742\",\"email\":\"fernando.leiria@bol.com.br\",\"valor\":2386.00,\"parcelas\":29,\"seguro\":true},{\"id\":442,\"nome\":\"Isabel\",\"cpf\":\"21058072717\",\"email\":\"jose.ouriques@yahoo.com\",\"valor\":2130.00,\"parcelas\":21,\"seguro\":true},{\"id\":443,\"nome\":\"Mércia\",\"cpf\":\"47509444852\",\"email\":\"eloah.daconceicao@live.com\",\"valor\":2575.00,\"parcelas\":20,\"seguro\":true},{\"id\":444,\"nome\":\"Francisco\",\"cpf\":\"01177676605\",\"email\":\"benicio.carvalheira@yahoo.com\",\"valor\":2109.00,\"parcelas\":49,\"seguro\":true},{\"id\":445,\"nome\":\"Lucas\",\"cpf\":\"85957193631\",\"email\":\"mercia.brum@yahoo.com\",\"valor\":2879.00,\"parcelas\":2,\"seguro\":true},{\"id\":446,\"nome\":\"Francisco\",\"cpf\":\"59214054521\",\"email\":\"andre.moreira@bol.com.br\",\"valor\":2931.00,\"parcelas\":25,\"seguro\":true},{\"id\":447,\"nome\":\"Danilo\",\"cpf\":\"03984002839\",\"email\":\"julio.aroeira@gmail.com\",\"valor\":2163.00,\"parcelas\":23,\"seguro\":true},{\"id\":448,\"nome\":\"Nathan\",\"cpf\":\"62390596934\",\"email\":\"marcelo.viveiros@yahoo.com\",\"valor\":2433.00,\"parcelas\":48,\"seguro\":true},{\"id\":449,\"nome\":\"Dalila\",\"cpf\":\"90006649552\",\"email\":\"kaique.lobos@gmail.com\",\"valor\":2585.00,\"parcelas\":23,\"seguro\":true},{\"id\":450,\"nome\":\"Pérola\",\"cpf\":\"493.509.721-03\",\"email\":\"felicia.macieira@bol.com.br\",\"valor\":2841.00,\"parcelas\":21,\"seguro\":true},{\"id\":451,\"nome\":\"Thiago\",\"cpf\":\"88254442665\",\"email\":\"yango.veloso@live.com\",\"valor\":2246.00,\"parcelas\":27,\"seguro\":true},{\"id\":455,\"nome\":\"Erick\",\"cpf\":\"97538388082\",\"email\":\"larissa.dapenha@gmail.com\",\"valor\":2585.00,\"parcelas\":26,\"seguro\":true},{\"id\":453,\"nome\":\"Erick\",\"cpf\":\"79016008161\",\"email\":\"dalila.rocha@gmail.com\",\"valor\":2040.00,\"parcelas\":20,\"seguro\":true},{\"id\":452,\"nome\":\"Tomás\",\"cpf\":\"33176354050\",\"email\":\"antonia.pimenta@hotmail.com\",\"valor\":2125.00,\"parcelas\":29,\"seguro\":true},{\"id\":459,\"nome\":\"João Victor\",\"cpf\":\"56926806876\",\"email\":\"aline.godins@bol.com.br\",\"valor\":2249.00,\"parcelas\":23,\"seguro\":true},{\"id\":461,\"nome\":\"Antonia\",\"cpf\":\"07822215847\",\"email\":\"felix.aparicio@gmail.com\",\"valor\":2820.00,\"parcelas\":28,\"seguro\":true},{\"id\":462,\"nome\":\"Nicole\",\"cpf\":\"32441727831\",\"email\":\"liz.diegues@hotmail.com\",\"valor\":2362.00,\"parcelas\":26,\"seguro\":true},{\"id\":463,\"nome\":\"Norberto\",\"cpf\":\"90479258866\",\"email\":\"rafael.datena@live.com\",\"valor\":2100.00,\"parcelas\":28,\"seguro\":true},{\"id\":465,\"nome\":\"Isadora\",\"cpf\":\"01092026818\",\"email\":\"salvador.dabandeira@bol.com.br\",\"valor\":2413.00,\"parcelas\":27,\"seguro\":true},{\"id\":466,\"nome\":\"Bryan\",\"cpf\":\"03956282556\",\"email\":\"luiza.bulhoes@yahoo.com\",\"valor\":2111.00,\"parcelas\":49,\"seguro\":true},{\"id\":467,\"nome\":\"Mércia\",\"cpf\":\"94156889897\",\"email\":\"fernanda.sales@hotmail.com\",\"valor\":2529.00,\"parcelas\":2,\"seguro\":true},{\"id\":468,\"nome\":\"Mércia\",\"cpf\":\"04676812087\",\"email\":\"lucca.dacunha@bol.com.br\",\"valor\":2109.00,\"parcelas\":24,\"seguro\":true},{\"id\":469,\"nome\":\"Karla\",\"cpf\":\"63221129127\",\"email\":\"carlos.rodrigues@yahoo.com\",\"valor\":2113.00,\"parcelas\":26,\"seguro\":true},{\"id\":471,\"nome\":\"Fernanda\",\"cpf\":\"76547214304\",\"email\":\"pedrolucas.quarteira@yahoo.com\",\"valor\":2720.00,\"parcelas\":29,\"seguro\":true},{\"id\":470,\"nome\":\"Enzo Gabriel\",\"cpf\":\"22215847460\",\"email\":\"pedro.sa@hotmail.com\",\"valor\":2779.00,\"parcelas\":48,\"seguro\":true},{\"id\":472,\"nome\":\"Gael\",\"cpf\":\"04836392128\",\"email\":\"rafaela.reis@bol.com.br\",\"valor\":2213.00,\"parcelas\":28,\"seguro\":true},{\"id\":473,\"nome\":\"Janaína\",\"cpf\":\"228.470.232-58\",\"email\":\"luizotavio.dapaz@yahoo.com\",\"valor\":2308.00,\"parcelas\":26,\"seguro\":true},{\"id\":476,\"nome\":\"Agatha\",\"cpf\":\"55685455747\",\"email\":\"vitoria.castelo@bol.com.br\",\"valor\":2746.00,\"parcelas\":28,\"seguro\":true},{\"id\":477,\"nome\":\"Thiago\",\"cpf\":\"24122335190\",\"email\":\"bernardo.nogueira@gmail.com\",\"valor\":2244.00,\"parcelas\":49,\"seguro\":true},{\"id\":481,\"nome\":\"Agatha\",\"cpf\":\"68097301034\",\"email\":\"anavitoria.dequadros@yahoo.com\",\"valor\":999.00,\"parcelas\":28,\"seguro\":true},{\"id\":483,\"nome\":\"Raul\",\"cpf\":\"41026910616\",\"email\":\"isabel.chaves@hotmail.com\",\"valor\":2107.00,\"parcelas\":25,\"seguro\":true},{\"id\":484,\"nome\":\"Augusto\",\"cpf\":\"47413910981\",\"email\":\"livia.godins@yahoo.com\",\"valor\":2567.00,\"parcelas\":29,\"seguro\":true},{\"id\":482,\"nome\":\"Emanuelly\",\"cpf\":\"99865758732\",\"email\":\"silvia.aparicio@gmail.com\",\"valor\":2583.00,\"parcelas\":28,\"seguro\":true},{\"id\":485,\"nome\":\"Ana Cecília\",\"cpf\":\"10354755003\",\"email\":\"carlos.diegues@live.com\",\"valor\":2353.00,\"parcelas\":25,\"seguro\":true}]"
	at org.hamcrest.MatcherAssert.assertThat(MatcherAssert.java:18)
	at org.hamcrest.MatcherAssert.assertThat(MatcherAssert.java:6)
	at tests.Simulacoes.TestGetSimulacoes.deveValidarSchemaRaiz200(TestGetSimulacoes.java:38)
	at java.base/jdk.internal.reflect.DirectMethodHandleAccessor.invoke(DirectMethodHandleAccessor.java:104)
	at java.base/java.lang.reflect.Method.invoke(Method.java:578)
	at org.junit.platform.commons.util.ReflectionUtils.invokeMethod(ReflectionUtils.java:727)
	at org.junit.jupiter.engine.execution.MethodInvocation.proceed(MethodInvocation.java:60)
	at org.junit.jupiter.engine.execution.InvocationInterceptorChain$ValidatingInvocation.proceed(InvocationInterceptorChain.java:131)
	at org.junit.jupiter.api.extension.InvocationInterceptor.interceptTestMethod(InvocationInterceptor.java:118)
	at org.junit.jupiter.engine.execution.InterceptingExecutableInvoker$ReflectiveInterceptorCall.lambda$ofVoidMethod$0(InterceptingExecutableInvoker.java:103)
	at org.junit.jupiter.engine.execution.InterceptingExecutableInvoker.lambda$invoke$0(InterceptingExecutableInvoker.java:93)
	at org.junit.jupiter.engine.execution.InvocationInterceptorChain$InterceptedInvocation.proceed(InvocationInterceptorChain.java:106)
	at org.junit.jupiter.engine.extension.TimeoutExtension.intercept(TimeoutExtension.java:156)
	at org.junit.jupiter.engine.extension.TimeoutExtension.interceptTestableMethod(TimeoutExtension.java:147)
	at org.junit.jupiter.engine.extension.TimeoutExtension.interceptTestMethod(TimeoutExtension.java:86)
	at org.junit.jupiter.engine.execution.InterceptingExecutableInvoker$ReflectiveInterceptorCall.lambda$ofVoidMethod$0(InterceptingExecutableInvoker.java:103)
	at org.junit.jupiter.engine.execution.InterceptingExecutableInvoker.lambda$invoke$0(InterceptingExecutableInvoker.java:93)
	at org.junit.jupiter.engine.execution.InvocationInterceptorChain$InterceptedInvocation.proceed(InvocationInterceptorChain.java:106)
	at org.junit.jupiter.engine.execution.InvocationInterceptorChain.proceed(InvocationInterceptorChain.java:64)
	at org.junit.jupiter.engine.execution.InvocationInterceptorChain.chainAndInvoke(InvocationInterceptorChain.java:45)
	at org.junit.jupiter.engine.execution.InvocationInterceptorChain.invoke(InvocationInterceptorChain.java:37)
	at org.junit.jupiter.engine.execution.InterceptingExecutableInvoker.invoke(InterceptingExecutableInvoker.java:92)
	at org.junit.jupiter.engine.execution.InterceptingExecutableInvoker.invoke(InterceptingExecutableInvoker.java:86)
	at org.junit.jupiter.engine.descriptor.TestMethodTestDescriptor.lambda$invokeTestMethod$7(TestMethodTestDescriptor.java:217)
	at org.junit.platform.engine.support.hierarchical.ThrowableCollector.execute(ThrowableCollector.java:73)
	at org.junit.jupiter.engine.descriptor.TestMethodTestDescriptor.invokeTestMethod(TestMethodTestDescriptor.java:213)
	at org.junit.jupiter.engine.descriptor.TestMethodTestDescriptor.execute(TestMethodTestDescriptor.java:138)
	at org.junit.jupiter.engine.descriptor.TestMethodTestDescriptor.execute(TestMethodTestDescriptor.java:68)
	at org.junit.platform.engine.support.hierarchical.NodeTestTask.lambda$executeRecursively$6(NodeTestTask.java:151)
	at org.junit.platform.engine.support.hierarchical.ThrowableCollector.execute(ThrowableCollector.java:73)
	at org.junit.platform.engine.support.hierarchical.NodeTestTask.lambda$executeRecursively$8(NodeTestTask.java:141)
	at org.junit.platform.engine.support.hierarchical.Node.around(Node.java:137)
	at org.junit.platform.engine.support.hierarchical.NodeTestTask.lambda$executeRecursively$9(NodeTestTask.java:139)
	at org.junit.platform.engine.support.hierarchical.ThrowableCollector.execute(ThrowableCollector.java:73)
	at org.junit.platform.engine.support.hierarchical.NodeTestTask.executeRecursively(NodeTestTask.java:138)
	at org.junit.platform.engine.support.hierarchical.NodeTestTask.execute(NodeTestTask.java:95)
	at org.junit.platform.engine.support.hierarchical.ForkJoinPoolHierarchicalTestExecutorService$ExclusiveTask.compute(ForkJoinPoolHierarchicalTestExecutorService.java:185)
	at java.base/java.util.concurrent.RecursiveAction.exec(RecursiveAction.java:194)
	at java.base/java.util.concurrent.ForkJoinTask.doExec(ForkJoinTask.java:387)
	at java.base/java.util.concurrent.ForkJoinPool$WorkQueue.tryRemoveAndExec(ForkJoinPool.java:1350)
	at java.base/java.util.concurrent.ForkJoinTask.awaitDone(ForkJoinTask.java:422)
	at java.base/java.util.concurrent.ForkJoinTask.join(ForkJoinTask.java:651)
	at org.junit.platform.engine.support.hierarchical.ForkJoinPoolHierarchicalTestExecutorService.joinConcurrentTasksInReverseOrderToEnableWorkStealing(ForkJoinPoolHierarchicalTestExecutorService.java:162)
	at org.junit.platform.engine.support.hierarchical.ForkJoinPoolHierarchicalTestExecutorService.invokeAll(ForkJoinPoolHierarchicalTestExecutorService.java:136)
	at org.junit.platform.engine.support.hierarchical.NodeTestTask.lambda$executeRecursively$6(NodeTestTask.java:155)
	at org.junit.platform.engine.support.hierarchical.ThrowableCollector.execute(ThrowableCollector.java:73)
	at org.junit.platform.engine.support.hierarchical.NodeTestTask.lambda$executeRecursively$8(NodeTestTask.java:141)
	at org.junit.platform.engine.support.hierarchical.Node.around(Node.java:137)
	at org.junit.platform.engine.support.hierarchical.NodeTestTask.lambda$executeRecursively$9(NodeTestTask.java:139)
	at org.junit.platform.engine.support.hierarchical.ThrowableCollector.execute(ThrowableCollector.java:73)
	at org.junit.platform.engine.support.hierarchical.NodeTestTask.executeRecursively(NodeTestTask.java:138)
	at org.junit.platform.engine.support.hierarchical.NodeTestTask.execute(NodeTestTask.java:95)
	at org.junit.platform.engine.support.hierarchical.ForkJoinPoolHierarchicalTestExecutorService$ExclusiveTask.compute(ForkJoinPoolHierarchicalTestExecutorService.java:185)
	at java.base/java.util.concurrent.RecursiveAction.exec(RecursiveAction.java:194)
	at java.base/java.util.concurrent.ForkJoinTask.doExec(ForkJoinTask.java:387)
	at java.base/java.util.concurrent.ForkJoinPool$WorkQueue.topLevelExec(ForkJoinPool.java:1311)
	at java.base/java.util.concurrent.ForkJoinPool.scan(ForkJoinPool.java:1840)
	at java.base/java.util.concurrent.ForkJoinPool.runWorker(ForkJoinPool.java:1806)
	at java.base/java.util.concurrent.ForkJoinWorkerThread.run(ForkJoinWorkerThread.java:177)
]]></failure>
  </testcase>
  <testcase name="deveValidarSchemaSimulacaoEncontrada" classname="tests.Simulacoes.TestGetSimulacoes" time="0.031">
    <failure message="&#10;Expected: The content to match the given JSON schema.&#10;warning: the following keywords are unknown and will be ignored: [$id, examples]&#10;    level: &quot;warning&quot;&#10;    schema: {&quot;loadingURI&quot;:&quot;#&quot;,&quot;pointer&quot;:&quot;&quot;}&#10;    domain: &quot;syntax&quot;&#10;    ignored: [&quot;$id&quot;,&quot;examples&quot;]&#10;warning: the following keywords are unknown and will be ignored: [examples]&#10;    level: &quot;warning&quot;&#10;    schema: {&quot;loadingURI&quot;:&quot;#&quot;,&quot;pointer&quot;:&quot;/properties/cpf&quot;}&#10;    domain: &quot;syntax&quot;&#10;    ignored: [&quot;examples&quot;]&#10;warning: the following keywords are unknown and will be ignored: [examples]&#10;    level: &quot;warning&quot;&#10;    schema: {&quot;loadingURI&quot;:&quot;#&quot;,&quot;pointer&quot;:&quot;/properties/email&quot;}&#10;    domain: &quot;syntax&quot;&#10;    ignored: [&quot;examples&quot;]&#10;warning: the following keywords are unknown and will be ignored: [examples]&#10;    level: &quot;warning&quot;&#10;    schema: {&quot;loadingURI&quot;:&quot;#&quot;,&quot;pointer&quot;:&quot;/properties/nome&quot;}&#10;    domain: &quot;syntax&quot;&#10;    ignored: [&quot;examples&quot;]&#10;warning: the following keywords are unknown and will be ignored: [examples]&#10;    level: &quot;warning&quot;&#10;    schema: {&quot;loadingURI&quot;:&quot;#&quot;,&quot;pointer&quot;:&quot;/properties/parcelas&quot;}&#10;    domain: &quot;syntax&quot;&#10;    ignored: [&quot;examples&quot;]&#10;warning: the following keywords are unknown and will be ignored: [examples]&#10;    level: &quot;warning&quot;&#10;    schema: {&quot;loadingURI&quot;:&quot;#&quot;,&quot;pointer&quot;:&quot;/properties/seguro&quot;}&#10;    domain: &quot;syntax&quot;&#10;    ignored: [&quot;examples&quot;]&#10;warning: the following keywords are unknown and will be ignored: [examples]&#10;    level: &quot;warning&quot;&#10;    schema: {&quot;loadingURI&quot;:&quot;#&quot;,&quot;pointer&quot;:&quot;/properties/valor&quot;}&#10;    domain: &quot;syntax&quot;&#10;    ignored: [&quot;examples&quot;]&#10;warning: the following keywords are unknown and will be ignored: [examples]&#10;    level: &quot;warning&quot;&#10;    schema: {&quot;loadingURI&quot;:&quot;#&quot;,&quot;pointer&quot;:&quot;/properties/cpf&quot;}&#10;    domain: &quot;syntax&quot;&#10;    ignored: [&quot;examples&quot;]&#10;error: instance type (string) does not match any allowed primitive type (allowed: [&quot;integer&quot;])&#10;    level: &quot;error&quot;&#10;    schema: {&quot;loadingURI&quot;:&quot;#&quot;,&quot;pointer&quot;:&quot;/properties/cpf&quot;}&#10;    instance: {&quot;pointer&quot;:&quot;/cpf&quot;}&#10;    domain: &quot;validation&quot;&#10;    keyword: &quot;type&quot;&#10;    found: &quot;string&quot;&#10;    expected: [&quot;integer&quot;]&#10;warning: the following keywords are unknown and will be ignored: [examples]&#10;    level: &quot;warning&quot;&#10;    schema: {&quot;loadingURI&quot;:&quot;#&quot;,&quot;pointer&quot;:&quot;/properties/email&quot;}&#10;    domain: &quot;syntax&quot;&#10;    ignored: [&quot;examples&quot;]&#10;warning: the following keywords are unknown and will be ignored: [examples]&#10;    level: &quot;warning&quot;&#10;    schema: {&quot;loadingURI&quot;:&quot;#&quot;,&quot;pointer&quot;:&quot;/properties/nome&quot;}&#10;    domain: &quot;syntax&quot;&#10;    ignored: [&quot;examples&quot;]&#10;warning: the following keywords are unknown and will be ignored: [examples]&#10;    level: &quot;warning&quot;&#10;    schema: {&quot;loadingURI&quot;:&quot;#&quot;,&quot;pointer&quot;:&quot;/properties/parcelas&quot;}&#10;    domain: &quot;syntax&quot;&#10;    ignored: [&quot;examples&quot;]&#10;warning: the following keywords are unknown and will be ignored: [examples]&#10;    level: &quot;warning&quot;&#10;    schema: {&quot;loadingURI&quot;:&quot;#&quot;,&quot;pointer&quot;:&quot;/properties/seguro&quot;}&#10;    domain: &quot;syntax&quot;&#10;    ignored: [&quot;examples&quot;]&#10;warning: the following keywords are unknown and will be ignored: [examples]&#10;    level: &quot;warning&quot;&#10;    schema: {&quot;loadingURI&quot;:&quot;#&quot;,&quot;pointer&quot;:&quot;/properties/valor&quot;}&#10;    domain: &quot;syntax&quot;&#10;    ignored: [&quot;examples&quot;]&#10;error: instance type (number) does not match any allowed primitive type (allowed: [&quot;integer&quot;])&#10;    level: &quot;error&quot;&#10;    schema: {&quot;loadingURI&quot;:&quot;#&quot;,&quot;pointer&quot;:&quot;/properties/valor&quot;}&#10;    instance: {&quot;pointer&quot;:&quot;/valor&quot;}&#10;    domain: &quot;validation&quot;&#10;    keyword: &quot;type&quot;&#10;    found: &quot;number&quot;&#10;    expected: [&quot;integer&quot;]&#10;&#10;     but: was &quot;{\&quot;id\&quot;:484,\&quot;nome\&quot;:\&quot;Augusto\&quot;,\&quot;cpf\&quot;:\&quot;47413910981\&quot;,\&quot;email\&quot;:\&quot;livia.godins@yahoo.com\&quot;,\&quot;valor\&quot;:2567.00,\&quot;parcelas\&quot;:29,\&quot;seguro\&quot;:true}&quot;" type="java.lang.AssertionError"><![CDATA[java.lang.AssertionError: 

Expected: The content to match the given JSON schema.
warning: the following keywords are unknown and will be ignored: [$id, examples]
    level: "warning"
    schema: {"loadingURI":"#","pointer":""}
    domain: "syntax"
    ignored: ["$id","examples"]
warning: the following keywords are unknown and will be ignored: [examples]
    level: "warning"
    schema: {"loadingURI":"#","pointer":"/properties/cpf"}
    domain: "syntax"
    ignored: ["examples"]
warning: the following keywords are unknown and will be ignored: [examples]
    level: "warning"
    schema: {"loadingURI":"#","pointer":"/properties/email"}
    domain: "syntax"
    ignored: ["examples"]
warning: the following keywords are unknown and will be ignored: [examples]
    level: "warning"
    schema: {"loadingURI":"#","pointer":"/properties/nome"}
    domain: "syntax"
    ignored: ["examples"]
warning: the following keywords are unknown and will be ignored: [examples]
    level: "warning"
    schema: {"loadingURI":"#","pointer":"/properties/parcelas"}
    domain: "syntax"
    ignored: ["examples"]
warning: the following keywords are unknown and will be ignored: [examples]
    level: "warning"
    schema: {"loadingURI":"#","pointer":"/properties/seguro"}
    domain: "syntax"
    ignored: ["examples"]
warning: the following keywords are unknown and will be ignored: [examples]
    level: "warning"
    schema: {"loadingURI":"#","pointer":"/properties/valor"}
    domain: "syntax"
    ignored: ["examples"]
warning: the following keywords are unknown and will be ignored: [examples]
    level: "warning"
    schema: {"loadingURI":"#","pointer":"/properties/cpf"}
    domain: "syntax"
    ignored: ["examples"]
error: instance type (string) does not match any allowed primitive type (allowed: ["integer"])
    level: "error"
    schema: {"loadingURI":"#","pointer":"/properties/cpf"}
    instance: {"pointer":"/cpf"}
    domain: "validation"
    keyword: "type"
    found: "string"
    expected: ["integer"]
warning: the following keywords are unknown and will be ignored: [examples]
    level: "warning"
    schema: {"loadingURI":"#","pointer":"/properties/email"}
    domain: "syntax"
    ignored: ["examples"]
warning: the following keywords are unknown and will be ignored: [examples]
    level: "warning"
    schema: {"loadingURI":"#","pointer":"/properties/nome"}
    domain: "syntax"
    ignored: ["examples"]
warning: the following keywords are unknown and will be ignored: [examples]
    level: "warning"
    schema: {"loadingURI":"#","pointer":"/properties/parcelas"}
    domain: "syntax"
    ignored: ["examples"]
warning: the following keywords are unknown and will be ignored: [examples]
    level: "warning"
    schema: {"loadingURI":"#","pointer":"/properties/seguro"}
    domain: "syntax"
    ignored: ["examples"]
warning: the following keywords are unknown and will be ignored: [examples]
    level: "warning"
    schema: {"loadingURI":"#","pointer":"/properties/valor"}
    domain: "syntax"
    ignored: ["examples"]
error: instance type (number) does not match any allowed primitive type (allowed: ["integer"])
    level: "error"
    schema: {"loadingURI":"#","pointer":"/properties/valor"}
    instance: {"pointer":"/valor"}
    domain: "validation"
    keyword: "type"
    found: "number"
    expected: ["integer"]

     but: was "{\"id\":484,\"nome\":\"Augusto\",\"cpf\":\"47413910981\",\"email\":\"livia.godins@yahoo.com\",\"valor\":2567.00,\"parcelas\":29,\"seguro\":true}"
	at org.hamcrest.MatcherAssert.assertThat(MatcherAssert.java:18)
	at org.hamcrest.MatcherAssert.assertThat(MatcherAssert.java:6)
	at tests.Simulacoes.TestGetSimulacoes.deveValidarSchemaSimulacaoEncontrada(TestGetSimulacoes.java:44)
	at java.base/jdk.internal.reflect.DirectMethodHandleAccessor.invoke(DirectMethodHandleAccessor.java:104)
	at java.base/java.lang.reflect.Method.invoke(Method.java:578)
	at org.junit.platform.commons.util.ReflectionUtils.invokeMethod(ReflectionUtils.java:727)
	at org.junit.jupiter.engine.execution.MethodInvocation.proceed(MethodInvocation.java:60)
	at org.junit.jupiter.engine.execution.InvocationInterceptorChain$ValidatingInvocation.proceed(InvocationInterceptorChain.java:131)
	at org.junit.jupiter.api.extension.InvocationInterceptor.interceptTestMethod(InvocationInterceptor.java:118)
	at org.junit.jupiter.engine.execution.InterceptingExecutableInvoker$ReflectiveInterceptorCall.lambda$ofVoidMethod$0(InterceptingExecutableInvoker.java:103)
	at org.junit.jupiter.engine.execution.InterceptingExecutableInvoker.lambda$invoke$0(InterceptingExecutableInvoker.java:93)
	at org.junit.jupiter.engine.execution.InvocationInterceptorChain$InterceptedInvocation.proceed(InvocationInterceptorChain.java:106)
	at org.junit.jupiter.engine.extension.TimeoutExtension.intercept(TimeoutExtension.java:156)
	at org.junit.jupiter.engine.extension.TimeoutExtension.interceptTestableMethod(TimeoutExtension.java:147)
	at org.junit.jupiter.engine.extension.TimeoutExtension.interceptTestMethod(TimeoutExtension.java:86)
	at org.junit.jupiter.engine.execution.InterceptingExecutableInvoker$ReflectiveInterceptorCall.lambda$ofVoidMethod$0(InterceptingExecutableInvoker.java:103)
	at org.junit.jupiter.engine.execution.InterceptingExecutableInvoker.lambda$invoke$0(InterceptingExecutableInvoker.java:93)
	at org.junit.jupiter.engine.execution.InvocationInterceptorChain$InterceptedInvocation.proceed(InvocationInterceptorChain.java:106)
	at org.junit.jupiter.engine.execution.InvocationInterceptorChain.proceed(InvocationInterceptorChain.java:64)
	at org.junit.jupiter.engine.execution.InvocationInterceptorChain.chainAndInvoke(InvocationInterceptorChain.java:45)
	at org.junit.jupiter.engine.execution.InvocationInterceptorChain.invoke(InvocationInterceptorChain.java:37)
	at org.junit.jupiter.engine.execution.InterceptingExecutableInvoker.invoke(InterceptingExecutableInvoker.java:92)
	at org.junit.jupiter.engine.execution.InterceptingExecutableInvoker.invoke(InterceptingExecutableInvoker.java:86)
	at org.junit.jupiter.engine.descriptor.TestMethodTestDescriptor.lambda$invokeTestMethod$7(TestMethodTestDescriptor.java:217)
	at org.junit.platform.engine.support.hierarchical.ThrowableCollector.execute(ThrowableCollector.java:73)
	at org.junit.jupiter.engine.descriptor.TestMethodTestDescriptor.invokeTestMethod(TestMethodTestDescriptor.java:213)
	at org.junit.jupiter.engine.descriptor.TestMethodTestDescriptor.execute(TestMethodTestDescriptor.java:138)
	at org.junit.jupiter.engine.descriptor.TestMethodTestDescriptor.execute(TestMethodTestDescriptor.java:68)
	at org.junit.platform.engine.support.hierarchical.NodeTestTask.lambda$executeRecursively$6(NodeTestTask.java:151)
	at org.junit.platform.engine.support.hierarchical.ThrowableCollector.execute(ThrowableCollector.java:73)
	at org.junit.platform.engine.support.hierarchical.NodeTestTask.lambda$executeRecursively$8(NodeTestTask.java:141)
	at org.junit.platform.engine.support.hierarchical.Node.around(Node.java:137)
	at org.junit.platform.engine.support.hierarchical.NodeTestTask.lambda$executeRecursively$9(NodeTestTask.java:139)
	at org.junit.platform.engine.support.hierarchical.ThrowableCollector.execute(ThrowableCollector.java:73)
	at org.junit.platform.engine.support.hierarchical.NodeTestTask.executeRecursively(NodeTestTask.java:138)
	at org.junit.platform.engine.support.hierarchical.NodeTestTask.execute(NodeTestTask.java:95)
	at org.junit.platform.engine.support.hierarchical.ForkJoinPoolHierarchicalTestExecutorService$ExclusiveTask.compute(ForkJoinPoolHierarchicalTestExecutorService.java:185)
	at java.base/java.util.concurrent.RecursiveAction.exec(RecursiveAction.java:194)
	at java.base/java.util.concurrent.ForkJoinTask.doExec(ForkJoinTask.java:387)
	at java.base/java.util.concurrent.ForkJoinPool$WorkQueue.tryRemoveAndExec(ForkJoinPool.java:1350)
	at java.base/java.util.concurrent.ForkJoinTask.awaitDone(ForkJoinTask.java:422)
	at java.base/java.util.concurrent.ForkJoinTask.join(ForkJoinTask.java:651)
	at org.junit.platform.engine.support.hierarchical.ForkJoinPoolHierarchicalTestExecutorService.joinConcurrentTasksInReverseOrderToEnableWorkStealing(ForkJoinPoolHierarchicalTestExecutorService.java:162)
	at org.junit.platform.engine.support.hierarchical.ForkJoinPoolHierarchicalTestExecutorService.invokeAll(ForkJoinPoolHierarchicalTestExecutorService.java:136)
	at org.junit.platform.engine.support.hierarchical.NodeTestTask.lambda$executeRecursively$6(NodeTestTask.java:155)
	at org.junit.platform.engine.support.hierarchical.ThrowableCollector.execute(ThrowableCollector.java:73)
	at org.junit.platform.engine.support.hierarchical.NodeTestTask.lambda$executeRecursively$8(NodeTestTask.java:141)
	at org.junit.platform.engine.support.hierarchical.Node.around(Node.java:137)
	at org.junit.platform.engine.support.hierarchical.NodeTestTask.lambda$executeRecursively$9(NodeTestTask.java:139)
	at org.junit.platform.engine.support.hierarchical.ThrowableCollector.execute(ThrowableCollector.java:73)
	at org.junit.platform.engine.support.hierarchical.NodeTestTask.executeRecursively(NodeTestTask.java:138)
	at org.junit.platform.engine.support.hierarchical.NodeTestTask.execute(NodeTestTask.java:95)
	at org.junit.platform.engine.support.hierarchical.ForkJoinPoolHierarchicalTestExecutorService$ExclusiveTask.compute(ForkJoinPoolHierarchicalTestExecutorService.java:185)
	at java.base/java.util.concurrent.RecursiveAction.exec(RecursiveAction.java:194)
	at java.base/java.util.concurrent.ForkJoinTask.doExec(ForkJoinTask.java:387)
	at java.base/java.util.concurrent.ForkJoinPool$WorkQueue.topLevelExec(ForkJoinPool.java:1311)
	at java.base/java.util.concurrent.ForkJoinPool.scan(ForkJoinPool.java:1840)
	at java.base/java.util.concurrent.ForkJoinPool.runWorker(ForkJoinPool.java:1806)
	at java.base/java.util.concurrent.ForkJoinWorkerThread.run(ForkJoinWorkerThread.java:177)
]]></failure>
  </testcase>
  <testcase name="deveFalharSimulacaoInexistente" classname="tests.Simulacoes.TestGetSimulacoes" time="0.232">
    <failure message="simulacao (1 failure)&#10;	java.lang.AssertionError: &#10;Expected: &quot;O CPF 88387234377 possui restrição&quot;&#10;     but: was &quot;CPF 88387234377 não encontrado&quot;" type="org.opentest4j.MultipleFailuresError"><![CDATA[org.opentest4j.MultipleFailuresError: 
simulacao (1 failure)
	java.lang.AssertionError: 
Expected: "O CPF 88387234377 possui restrição"
     but: was "CPF 88387234377 não encontrado"
	at org.junit.jupiter.api.AssertAll.assertAll(AssertAll.java:80)
	at org.junit.jupiter.api.AssertAll.assertAll(AssertAll.java:44)
	at org.junit.jupiter.api.Assertions.assertAll(Assertions.java:2928)
	at tests.Simulacoes.TestGetSimulacoes.deveFalharSimulacaoInexistente(TestGetSimulacoes.java:77)
	at java.base/jdk.internal.reflect.DirectMethodHandleAccessor.invoke(DirectMethodHandleAccessor.java:104)
	at java.base/java.lang.reflect.Method.invoke(Method.java:578)
	at org.junit.platform.commons.util.ReflectionUtils.invokeMethod(ReflectionUtils.java:727)
	at org.junit.jupiter.engine.execution.MethodInvocation.proceed(MethodInvocation.java:60)
	at org.junit.jupiter.engine.execution.InvocationInterceptorChain$ValidatingInvocation.proceed(InvocationInterceptorChain.java:131)
	at org.junit.jupiter.api.extension.InvocationInterceptor.interceptTestMethod(InvocationInterceptor.java:118)
	at org.junit.jupiter.engine.execution.InterceptingExecutableInvoker$ReflectiveInterceptorCall.lambda$ofVoidMethod$0(InterceptingExecutableInvoker.java:103)
	at org.junit.jupiter.engine.execution.InterceptingExecutableInvoker.lambda$invoke$0(InterceptingExecutableInvoker.java:93)
	at org.junit.jupiter.engine.execution.InvocationInterceptorChain$InterceptedInvocation.proceed(InvocationInterceptorChain.java:106)
	at org.junit.jupiter.engine.extension.TimeoutExtension.intercept(TimeoutExtension.java:156)
	at org.junit.jupiter.engine.extension.TimeoutExtension.interceptTestableMethod(TimeoutExtension.java:147)
	at org.junit.jupiter.engine.extension.TimeoutExtension.interceptTestMethod(TimeoutExtension.java:86)
	at org.junit.jupiter.engine.execution.InterceptingExecutableInvoker$ReflectiveInterceptorCall.lambda$ofVoidMethod$0(InterceptingExecutableInvoker.java:103)
	at org.junit.jupiter.engine.execution.InterceptingExecutableInvoker.lambda$invoke$0(InterceptingExecutableInvoker.java:93)
	at org.junit.jupiter.engine.execution.InvocationInterceptorChain$InterceptedInvocation.proceed(InvocationInterceptorChain.java:106)
	at org.junit.jupiter.engine.execution.InvocationInterceptorChain.proceed(InvocationInterceptorChain.java:64)
	at org.junit.jupiter.engine.execution.InvocationInterceptorChain.chainAndInvoke(InvocationInterceptorChain.java:45)
	at org.junit.jupiter.engine.execution.InvocationInterceptorChain.invoke(InvocationInterceptorChain.java:37)
	at org.junit.jupiter.engine.execution.InterceptingExecutableInvoker.invoke(InterceptingExecutableInvoker.java:92)
	at org.junit.jupiter.engine.execution.InterceptingExecutableInvoker.invoke(InterceptingExecutableInvoker.java:86)
	at org.junit.jupiter.engine.descriptor.TestMethodTestDescriptor.lambda$invokeTestMethod$7(TestMethodTestDescriptor.java:217)
	at org.junit.platform.engine.support.hierarchical.ThrowableCollector.execute(ThrowableCollector.java:73)
	at org.junit.jupiter.engine.descriptor.TestMethodTestDescriptor.invokeTestMethod(TestMethodTestDescriptor.java:213)
	at org.junit.jupiter.engine.descriptor.TestMethodTestDescriptor.execute(TestMethodTestDescriptor.java:138)
	at org.junit.jupiter.engine.descriptor.TestMethodTestDescriptor.execute(TestMethodTestDescriptor.java:68)
	at org.junit.platform.engine.support.hierarchical.NodeTestTask.lambda$executeRecursively$6(NodeTestTask.java:151)
	at org.junit.platform.engine.support.hierarchical.ThrowableCollector.execute(ThrowableCollector.java:73)
	at org.junit.platform.engine.support.hierarchical.NodeTestTask.lambda$executeRecursively$8(NodeTestTask.java:141)
	at org.junit.platform.engine.support.hierarchical.Node.around(Node.java:137)
	at org.junit.platform.engine.support.hierarchical.NodeTestTask.lambda$executeRecursively$9(NodeTestTask.java:139)
	at org.junit.platform.engine.support.hierarchical.ThrowableCollector.execute(ThrowableCollector.java:73)
	at org.junit.platform.engine.support.hierarchical.NodeTestTask.executeRecursively(NodeTestTask.java:138)
	at org.junit.platform.engine.support.hierarchical.NodeTestTask.execute(NodeTestTask.java:95)
	at org.junit.platform.engine.support.hierarchical.ForkJoinPoolHierarchicalTestExecutorService$ExclusiveTask.compute(ForkJoinPoolHierarchicalTestExecutorService.java:185)
	at java.base/java.util.concurrent.RecursiveAction.exec(RecursiveAction.java:194)
	at java.base/java.util.concurrent.ForkJoinTask.doExec(ForkJoinTask.java:387)
	at java.base/java.util.concurrent.ForkJoinPool$WorkQueue.tryRemoveAndExec(ForkJoinPool.java:1350)
	at java.base/java.util.concurrent.ForkJoinTask.awaitDone(ForkJoinTask.java:422)
	at java.base/java.util.concurrent.ForkJoinTask.join(ForkJoinTask.java:651)
	at org.junit.platform.engine.support.hierarchical.ForkJoinPoolHierarchicalTestExecutorService.joinConcurrentTasksInReverseOrderToEnableWorkStealing(ForkJoinPoolHierarchicalTestExecutorService.java:162)
	at org.junit.platform.engine.support.hierarchical.ForkJoinPoolHierarchicalTestExecutorService.invokeAll(ForkJoinPoolHierarchicalTestExecutorService.java:136)
	at org.junit.platform.engine.support.hierarchical.NodeTestTask.lambda$executeRecursively$6(NodeTestTask.java:155)
	at org.junit.platform.engine.support.hierarchical.ThrowableCollector.execute(ThrowableCollector.java:73)
	at org.junit.platform.engine.support.hierarchical.NodeTestTask.lambda$executeRecursively$8(NodeTestTask.java:141)
	at org.junit.platform.engine.support.hierarchical.Node.around(Node.java:137)
	at org.junit.platform.engine.support.hierarchical.NodeTestTask.lambda$executeRecursively$9(NodeTestTask.java:139)
	at org.junit.platform.engine.support.hierarchical.ThrowableCollector.execute(ThrowableCollector.java:73)
	at org.junit.platform.engine.support.hierarchical.NodeTestTask.executeRecursively(NodeTestTask.java:138)
	at org.junit.platform.engine.support.hierarchical.NodeTestTask.execute(NodeTestTask.java:95)
	at org.junit.platform.engine.support.hierarchical.ForkJoinPoolHierarchicalTestExecutorService$ExclusiveTask.compute(ForkJoinPoolHierarchicalTestExecutorService.java:185)
	at java.base/java.util.concurrent.RecursiveAction.exec(RecursiveAction.java:194)
	at java.base/java.util.concurrent.ForkJoinTask.doExec(ForkJoinTask.java:387)
	at java.base/java.util.concurrent.ForkJoinPool$WorkQueue.topLevelExec(ForkJoinPool.java:1311)
	at java.base/java.util.concurrent.ForkJoinPool.scan(ForkJoinPool.java:1840)
	at java.base/java.util.concurrent.ForkJoinPool.runWorker(ForkJoinPool.java:1806)
	at java.base/java.util.concurrent.ForkJoinWorkerThread.run(ForkJoinWorkerThread.java:177)
	Suppressed: java.lang.AssertionError: 
Expected: "O CPF 88387234377 possui restrição"
     but: was "CPF 88387234377 não encontrado"
		at org.hamcrest.MatcherAssert.assertThat(MatcherAssert.java:18)
		at org.hamcrest.MatcherAssert.assertThat(MatcherAssert.java:6)
		at tests.Simulacoes.TestGetSimulacoes.lambda$deveFalharSimulacaoInexistente$7(TestGetSimulacoes.java:78)
		at org.junit.jupiter.api.AssertAll.lambda$assertAll$0(AssertAll.java:68)
		at java.base/java.util.stream.ReferencePipeline$3$1.accept(ReferencePipeline.java:197)
		at java.base/java.util.Spliterators$ArraySpliterator.forEachRemaining(Spliterators.java:1006)
		at java.base/java.util.stream.AbstractPipeline.copyInto(AbstractPipeline.java:509)
		at java.base/java.util.stream.AbstractPipeline.wrapAndCopyInto(AbstractPipeline.java:499)
		at java.base/java.util.stream.ReduceOps$ReduceOp.evaluateSequential(ReduceOps.java:921)
		at java.base/java.util.stream.AbstractPipeline.evaluate(AbstractPipeline.java:234)
		at java.base/java.util.stream.ReferencePipeline.collect(ReferencePipeline.java:682)
		at org.junit.jupiter.api.AssertAll.assertAll(AssertAll.java:77)
		... 59 more
]]></failure>
  </testcase>
  <testcase name="deveValidarSchemaSimulacaoNaoEncontrada" classname="tests.Simulacoes.TestGetSimulacoes" time="0.015"/>
  <testcase name="deveRecusarPostRaiz" classname="tests.Restricoes.TestPostRestricoes" time="0.963"/>
  <testcase name="deveRecusarPostCpfRestricao" classname="tests.Restricoes.TestPostRestricoes" time="0.018">
    <system-err><![CDATA[[ForkJoinPool-1-worker-2] INFO org.eclipse.jetty.server.AbstractConnector - Stopped NetworkTrafficServerConnector@7da3a2c3{HTTP/1.1, (http/1.1, h2c)}{0.0.0.0:9600}
[ForkJoinPool-1-worker-5] INFO org.eclipse.jetty.server.AbstractConnector - Stopped NetworkTrafficServerConnector@1d5c32a7{HTTP/1.1, (http/1.1, h2c)}{0.0.0.0:9000}
[ForkJoinPool-1-worker-5] INFO org.eclipse.jetty.server.handler.ContextHandler - Stopped o.e.j.s.ServletContextHandler@767dd7e{/,null,STOPPED}
[ForkJoinPool-1-worker-2] INFO org.eclipse.jetty.server.handler.ContextHandler - Stopped o.e.j.s.ServletContextHandler@615000d0{/,null,STOPPED}
[ForkJoinPool-1-worker-5] INFO org.eclipse.jetty.server.handler.ContextHandler - Stopped o.e.j.s.ServletContextHandler@6532e9a0{/__admin,null,STOPPED}
[ForkJoinPool-1-worker-2] INFO org.eclipse.jetty.server.handler.ContextHandler - Stopped o.e.j.s.ServletContextHandler@4d8510ea{/__admin,null,STOPPED}
]]></system-err>
  </testcase>
  <testcase name="devePegarCpfComRestricao" classname="tests.Restricoes.TestGetRestricoes" time="0.964">
    <failure message="&#10;Expected: &quot;O CPF 62648716050 possui restrição&quot;&#10;     but: was &quot;O CPF 62648716050 tem problema&quot;" type="java.lang.AssertionError"><![CDATA[java.lang.AssertionError: 

Expected: "O CPF 62648716050 possui restrição"
     but: was "O CPF 62648716050 tem problema"
	at org.hamcrest.MatcherAssert.assertThat(MatcherAssert.java:18)
	at org.hamcrest.MatcherAssert.assertThat(MatcherAssert.java:6)
	at tests.Restricoes.TestGetRestricoes.devePegarCpfComRestricao(TestGetRestricoes.java:35)
	at java.base/jdk.internal.reflect.DirectMethodHandleAccessor.invoke(DirectMethodHandleAccessor.java:104)
	at java.base/java.lang.reflect.Method.invoke(Method.java:578)
	at org.junit.platform.commons.util.ReflectionUtils.invokeMethod(ReflectionUtils.java:727)
	at org.junit.jupiter.engine.execution.MethodInvocation.proceed(MethodInvocation.java:60)
	at org.junit.jupiter.engine.execution.InvocationInterceptorChain$ValidatingInvocation.proceed(InvocationInterceptorChain.java:131)
	at org.junit.jupiter.api.extension.InvocationInterceptor.interceptTestMethod(InvocationInterceptor.java:118)
	at org.junit.jupiter.engine.execution.InterceptingExecutableInvoker$ReflectiveInterceptorCall.lambda$ofVoidMethod$0(InterceptingExecutableInvoker.java:103)
	at org.junit.jupiter.engine.execution.InterceptingExecutableInvoker.lambda$invoke$0(InterceptingExecutableInvoker.java:93)
	at org.junit.jupiter.engine.execution.InvocationInterceptorChain$InterceptedInvocation.proceed(InvocationInterceptorChain.java:106)
	at org.junit.jupiter.engine.extension.TimeoutExtension.intercept(TimeoutExtension.java:156)
	at org.junit.jupiter.engine.extension.TimeoutExtension.interceptTestableMethod(TimeoutExtension.java:147)
	at org.junit.jupiter.engine.extension.TimeoutExtension.interceptTestMethod(TimeoutExtension.java:86)
	at org.junit.jupiter.engine.execution.InterceptingExecutableInvoker$ReflectiveInterceptorCall.lambda$ofVoidMethod$0(InterceptingExecutableInvoker.java:103)
	at org.junit.jupiter.engine.execution.InterceptingExecutableInvoker.lambda$invoke$0(InterceptingExecutableInvoker.java:93)
	at org.junit.jupiter.engine.execution.InvocationInterceptorChain$InterceptedInvocation.proceed(InvocationInterceptorChain.java:106)
	at org.junit.jupiter.engine.execution.InvocationInterceptorChain.proceed(InvocationInterceptorChain.java:64)
	at org.junit.jupiter.engine.execution.InvocationInterceptorChain.chainAndInvoke(InvocationInterceptorChain.java:45)
	at org.junit.jupiter.engine.execution.InvocationInterceptorChain.invoke(InvocationInterceptorChain.java:37)
	at org.junit.jupiter.engine.execution.InterceptingExecutableInvoker.invoke(InterceptingExecutableInvoker.java:92)
	at org.junit.jupiter.engine.execution.InterceptingExecutableInvoker.invoke(InterceptingExecutableInvoker.java:86)
	at org.junit.jupiter.engine.descriptor.TestMethodTestDescriptor.lambda$invokeTestMethod$7(TestMethodTestDescriptor.java:217)
	at org.junit.platform.engine.support.hierarchical.ThrowableCollector.execute(ThrowableCollector.java:73)
	at org.junit.jupiter.engine.descriptor.TestMethodTestDescriptor.invokeTestMethod(TestMethodTestDescriptor.java:213)
	at org.junit.jupiter.engine.descriptor.TestMethodTestDescriptor.execute(TestMethodTestDescriptor.java:138)
	at org.junit.jupiter.engine.descriptor.TestMethodTestDescriptor.execute(TestMethodTestDescriptor.java:68)
	at org.junit.platform.engine.support.hierarchical.NodeTestTask.lambda$executeRecursively$6(NodeTestTask.java:151)
	at org.junit.platform.engine.support.hierarchical.ThrowableCollector.execute(ThrowableCollector.java:73)
	at org.junit.platform.engine.support.hierarchical.NodeTestTask.lambda$executeRecursively$8(NodeTestTask.java:141)
	at org.junit.platform.engine.support.hierarchical.Node.around(Node.java:137)
	at org.junit.platform.engine.support.hierarchical.NodeTestTask.lambda$executeRecursively$9(NodeTestTask.java:139)
	at org.junit.platform.engine.support.hierarchical.ThrowableCollector.execute(ThrowableCollector.java:73)
	at org.junit.platform.engine.support.hierarchical.NodeTestTask.executeRecursively(NodeTestTask.java:138)
	at org.junit.platform.engine.support.hierarchical.NodeTestTask.execute(NodeTestTask.java:95)
	at org.junit.platform.engine.support.hierarchical.ForkJoinPoolHierarchicalTestExecutorService$ExclusiveTask.compute(ForkJoinPoolHierarchicalTestExecutorService.java:185)
	at java.base/java.util.concurrent.RecursiveAction.exec(RecursiveAction.java:194)
	at java.base/java.util.concurrent.ForkJoinTask.doExec(ForkJoinTask.java:387)
	at java.base/java.util.concurrent.ForkJoinPool$WorkQueue.tryRemoveAndExec(ForkJoinPool.java:1350)
	at java.base/java.util.concurrent.ForkJoinTask.awaitDone(ForkJoinTask.java:422)
	at java.base/java.util.concurrent.ForkJoinTask.join(ForkJoinTask.java:651)
	at org.junit.platform.engine.support.hierarchical.ForkJoinPoolHierarchicalTestExecutorService.joinConcurrentTasksInReverseOrderToEnableWorkStealing(ForkJoinPoolHierarchicalTestExecutorService.java:162)
	at org.junit.platform.engine.support.hierarchical.ForkJoinPoolHierarchicalTestExecutorService.invokeAll(ForkJoinPoolHierarchicalTestExecutorService.java:136)
	at org.junit.platform.engine.support.hierarchical.NodeTestTask.lambda$executeRecursively$6(NodeTestTask.java:155)
	at org.junit.platform.engine.support.hierarchical.ThrowableCollector.execute(ThrowableCollector.java:73)
	at org.junit.platform.engine.support.hierarchical.NodeTestTask.lambda$executeRecursively$8(NodeTestTask.java:141)
	at org.junit.platform.engine.support.hierarchical.Node.around(Node.java:137)
	at org.junit.platform.engine.support.hierarchical.NodeTestTask.lambda$executeRecursively$9(NodeTestTask.java:139)
	at org.junit.platform.engine.support.hierarchical.ThrowableCollector.execute(ThrowableCollector.java:73)
	at org.junit.platform.engine.support.hierarchical.NodeTestTask.executeRecursively(NodeTestTask.java:138)
	at org.junit.platform.engine.support.hierarchical.NodeTestTask.execute(NodeTestTask.java:95)
	at org.junit.platform.engine.support.hierarchical.ForkJoinPoolHierarchicalTestExecutorService$ExclusiveTask.compute(ForkJoinPoolHierarchicalTestExecutorService.java:185)
	at java.base/java.util.concurrent.RecursiveAction.exec(RecursiveAction.java:194)
	at java.base/java.util.concurrent.ForkJoinTask.doExec(ForkJoinTask.java:387)
	at java.base/java.util.concurrent.ForkJoinPool$WorkQueue.topLevelExec(ForkJoinPool.java:1311)
	at java.base/java.util.concurrent.ForkJoinPool.scan(ForkJoinPool.java:1840)
	at java.base/java.util.concurrent.ForkJoinPool.runWorker(ForkJoinPool.java:1806)
	at java.base/java.util.concurrent.ForkJoinWorkerThread.run(ForkJoinWorkerThread.java:177)
]]></failure>
  </testcase>
  <testcase name="devePegarCpfSemRestricao" classname="tests.Restricoes.TestGetRestricoes" time="0.019"/>
</testsuite>