<?xml version="1.0" encoding="UTF-8"?>
<testsuite xmlns:xsi="http://www.w3.org/2001/XMLSchema-instance" xsi:noNamespaceSchemaLocation="https://maven.apache.org/surefire/maven-surefire-plugin/xsd/surefire-test-report-3.0.xsd" version="3.0" name="tests.Simulacoes.TestDeleteSimulacoes" time="0.269" tests="3" errors="0" skipped="0" failures="2">
  <properties>
    <property name="java.specification.version" value="19"/>
    <property name="sun.cpu.isalist" value="amd64"/>
    <property name="sun.jnu.encoding" value="Cp1252"/>
    <property name="java.class.path" value="C:\Users\ignacio\IdeaProjects\challengeignacio\target\test-classes;C:\Users\ignacio\IdeaProjects\challengeignacio\target\classes;C:\Users\ignacio\.m2\repository\org\junit\jupiter\junit-jupiter-engine\5.9.0\junit-jupiter-engine-5.9.0.jar;C:\Users\ignacio\.m2\repository\org\junit\platform\junit-platform-engine\1.9.0\junit-platform-engine-1.9.0.jar;C:\Users\ignacio\.m2\repository\org\opentest4j\opentest4j\1.2.0\opentest4j-1.2.0.jar;C:\Users\ignacio\.m2\repository\org\junit\platform\junit-platform-commons\1.9.0\junit-platform-commons-1.9.0.jar;C:\Users\ignacio\.m2\repository\org\junit\jupiter\junit-jupiter-api\5.9.0\junit-jupiter-api-5.9.0.jar;C:\Users\ignacio\.m2\repository\org\apiguardian\apiguardian-api\1.1.2\apiguardian-api-1.1.2.jar;C:\Users\ignacio\.m2\repository\io\rest-assured\rest-assured\5.1.1\rest-assured-5.1.1.jar;C:\Users\ignacio\.m2\repository\org\apache\groovy\groovy\4.0.1\groovy-4.0.1.jar;C:\Users\ignacio\.m2\repository\org\apache\groovy\groovy-xml\4.0.1\groovy-xml-4.0.1.jar;C:\Users\ignacio\.m2\repository\org\apache\httpcomponents\httpclient\4.5.13\httpclient-4.5.13.jar;C:\Users\ignacio\.m2\repository\org\apache\httpcomponents\httpcore\4.4.13\httpcore-4.4.13.jar;C:\Users\ignacio\.m2\repository\commons-logging\commons-logging\1.2\commons-logging-1.2.jar;C:\Users\ignacio\.m2\repository\commons-codec\commons-codec\1.11\commons-codec-1.11.jar;C:\Users\ignacio\.m2\repository\org\apache\httpcomponents\httpmime\4.5.13\httpmime-4.5.13.jar;C:\Users\ignacio\.m2\repository\org\hamcrest\hamcrest\2.1\hamcrest-2.1.jar;C:\Users\ignacio\.m2\repository\org\ccil\cowan\tagsoup\tagsoup\1.2.1\tagsoup-1.2.1.jar;C:\Users\ignacio\.m2\repository\io\rest-assured\json-path\5.1.1\json-path-5.1.1.jar;C:\Users\ignacio\.m2\repository\org\apache\groovy\groovy-json\4.0.1\groovy-json-4.0.1.jar;C:\Users\ignacio\.m2\repository\io\rest-assured\rest-assured-common\5.1.1\rest-assured-common-5.1.1.jar;C:\Users\ignacio\.m2\repository\io\rest-assured\xml-path\5.1.1\xml-path-5.1.1.jar;C:\Users\ignacio\.m2\repository\com\github\tomakehurst\wiremock-jre8\2.33.2\wiremock-jre8-2.33.2.jar;C:\Users\ignacio\.m2\repository\org\eclipse\jetty\jetty-server\9.4.46.v20220331\jetty-server-9.4.46.v20220331.jar;C:\Users\ignacio\.m2\repository\javax\servlet\javax.servlet-api\3.1.0\javax.servlet-api-3.1.0.jar;C:\Users\ignacio\.m2\repository\org\eclipse\jetty\jetty-http\9.4.46.v20220331\jetty-http-9.4.46.v20220331.jar;C:\Users\ignacio\.m2\repository\org\eclipse\jetty\jetty-io\9.4.46.v20220331\jetty-io-9.4.46.v20220331.jar;C:\Users\ignacio\.m2\repository\org\eclipse\jetty\jetty-servlet\9.4.46.v20220331\jetty-servlet-9.4.46.v20220331.jar;C:\Users\ignacio\.m2\repository\org\eclipse\jetty\jetty-security\9.4.46.v20220331\jetty-security-9.4.46.v20220331.jar;C:\Users\ignacio\.m2\repository\org\eclipse\jetty\jetty-util-ajax\9.4.46.v20220331\jetty-util-ajax-9.4.46.v20220331.jar;C:\Users\ignacio\.m2\repository\org\eclipse\jetty\jetty-servlets\9.4.46.v20220331\jetty-servlets-9.4.46.v20220331.jar;C:\Users\ignacio\.m2\repository\org\eclipse\jetty\jetty-continuation\9.4.46.v20220331\jetty-continuation-9.4.46.v20220331.jar;C:\Users\ignacio\.m2\repository\org\eclipse\jetty\jetty-util\9.4.46.v20220331\jetty-util-9.4.46.v20220331.jar;C:\Users\ignacio\.m2\repository\org\eclipse\jetty\jetty-webapp\9.4.46.v20220331\jetty-webapp-9.4.46.v20220331.jar;C:\Users\ignacio\.m2\repository\org\eclipse\jetty\jetty-xml\9.4.46.v20220331\jetty-xml-9.4.46.v20220331.jar;C:\Users\ignacio\.m2\repository\org\eclipse\jetty\jetty-proxy\9.4.46.v20220331\jetty-proxy-9.4.46.v20220331.jar;C:\Users\ignacio\.m2\repository\org\eclipse\jetty\jetty-client\9.4.46.v20220331\jetty-client-9.4.46.v20220331.jar;C:\Users\ignacio\.m2\repository\org\eclipse\jetty\http2\http2-server\9.4.46.v20220331\http2-server-9.4.46.v20220331.jar;C:\Users\ignacio\.m2\repository\org\eclipse\jetty\http2\http2-common\9.4.46.v20220331\http2-common-9.4.46.v20220331.jar;C:\Users\ignacio\.m2\repository\org\eclipse\jetty\http2\http2-hpack\9.4.46.v20220331\http2-hpack-9.4.46.v20220331.jar;C:\Users\ignacio\.m2\repository\org\eclipse\jetty\jetty-alpn-server\9.4.46.v20220331\jetty-alpn-server-9.4.46.v20220331.jar;C:\Users\ignacio\.m2\repository\org\eclipse\jetty\jetty-alpn-java-server\9.4.46.v20220331\jetty-alpn-java-server-9.4.46.v20220331.jar;C:\Users\ignacio\.m2\repository\org\eclipse\jetty\jetty-alpn-openjdk8-server\9.4.46.v20220331\jetty-alpn-openjdk8-server-9.4.46.v20220331.jar;C:\Users\ignacio\.m2\repository\org\eclipse\jetty\jetty-alpn-java-client\9.4.46.v20220331\jetty-alpn-java-client-9.4.46.v20220331.jar;C:\Users\ignacio\.m2\repository\org\eclipse\jetty\jetty-alpn-client\9.4.46.v20220331\jetty-alpn-client-9.4.46.v20220331.jar;C:\Users\ignacio\.m2\repository\org\eclipse\jetty\jetty-alpn-openjdk8-client\9.4.46.v20220331\jetty-alpn-openjdk8-client-9.4.46.v20220331.jar;C:\Users\ignacio\.m2\repository\com\google\guava\guava\31.1-jre\guava-31.1-jre.jar;C:\Users\ignacio\.m2\repository\com\google\guava\failureaccess\1.0.1\failureaccess-1.0.1.jar;C:\Users\ignacio\.m2\repository\com\google\guava\listenablefuture\9999.0-empty-to-avoid-conflict-with-guava\listenablefuture-9999.0-empty-to-avoid-conflict-with-guava.jar;C:\Users\ignacio\.m2\repository\com\google\code\findbugs\jsr305\3.0.2\jsr305-3.0.2.jar;C:\Users\ignacio\.m2\repository\org\checkerframework\checker-qual\3.12.0\checker-qual-3.12.0.jar;C:\Users\ignacio\.m2\repository\com\google\errorprone\error_prone_annotations\2.11.0\error_prone_annotations-2.11.0.jar;C:\Users\ignacio\.m2\repository\com\google\j2objc\j2objc-annotations\1.3\j2objc-annotations-1.3.jar;C:\Users\ignacio\.m2\repository\com\fasterxml\jackson\core\jackson-annotations\2.13.2\jackson-annotations-2.13.2.jar;C:\Users\ignacio\.m2\repository\org\apache\httpcomponents\client5\httpclient5\5.1.3\httpclient5-5.1.3.jar;C:\Users\ignacio\.m2\repository\org\apache\httpcomponents\core5\httpcore5\5.1.3\httpcore5-5.1.3.jar;C:\Users\ignacio\.m2\repository\org\apache\httpcomponents\core5\httpcore5-h2\5.1.3\httpcore5-h2-5.1.3.jar;C:\Users\ignacio\.m2\repository\org\xmlunit\xmlunit-core\2.9.0\xmlunit-core-2.9.0.jar;C:\Users\ignacio\.m2\repository\jakarta\xml\bind\jakarta.xml.bind-api\2.3.3\jakarta.xml.bind-api-2.3.3.jar;C:\Users\ignacio\.m2\repository\jakarta\activation\jakarta.activation-api\1.2.2\jakarta.activation-api-1.2.2.jar;C:\Users\ignacio\.m2\repository\org\xmlunit\xmlunit-legacy\2.9.0\xmlunit-legacy-2.9.0.jar;C:\Users\ignacio\.m2\repository\org\xmlunit\xmlunit-placeholders\2.9.0\xmlunit-placeholders-2.9.0.jar;C:\Users\ignacio\.m2\repository\net\javacrumbs\json-unit\json-unit-core\2.33.0\json-unit-core-2.33.0.jar;C:\Users\ignacio\.m2\repository\org\hamcrest\hamcrest-core\2.2\hamcrest-core-2.2.jar;C:\Users\ignacio\.m2\repository\com\jayway\jsonpath\json-path\2.7.0\json-path-2.7.0.jar;C:\Users\ignacio\.m2\repository\net\minidev\json-smart\2.4.7\json-smart-2.4.7.jar;C:\Users\ignacio\.m2\repository\net\minidev\accessors-smart\2.4.7\accessors-smart-2.4.7.jar;C:\Users\ignacio\.m2\repository\org\ow2\asm\asm\9.3\asm-9.3.jar;C:\Users\ignacio\.m2\repository\net\sf\jopt-simple\jopt-simple\5.0.4\jopt-simple-5.0.4.jar;C:\Users\ignacio\.m2\repository\org\apache\commons\commons-lang3\3.12.0\commons-lang3-3.12.0.jar;C:\Users\ignacio\.m2\repository\com\github\jknack\handlebars\4.3.0\handlebars-4.3.0.jar;C:\Users\ignacio\.m2\repository\com\github\jknack\handlebars-helpers\4.3.0\handlebars-helpers-4.3.0.jar;C:\Users\ignacio\.m2\repository\commons-fileupload\commons-fileupload\1.4\commons-fileupload-1.4.jar;C:\Users\ignacio\.m2\repository\commons-io\commons-io\2.11.0\commons-io-2.11.0.jar;C:\Users\ignacio\.m2\repository\io\rest-assured\json-schema-validator\5.1.1\json-schema-validator-5.1.1.jar;C:\Users\ignacio\.m2\repository\com\github\java-json-tools\json-schema-validator\2.2.14\json-schema-validator-2.2.14.jar;C:\Users\ignacio\.m2\repository\com\github\java-json-tools\jackson-coreutils-equivalence\1.0\jackson-coreutils-equivalence-1.0.jar;C:\Users\ignacio\.m2\repository\com\github\java-json-tools\jackson-coreutils\2.0\jackson-coreutils-2.0.jar;C:\Users\ignacio\.m2\repository\com\github\java-json-tools\msg-simple\1.2\msg-simple-1.2.jar;C:\Users\ignacio\.m2\repository\com\github\java-json-tools\btf\1.3\btf-1.3.jar;C:\Users\ignacio\.m2\repository\com\github\java-json-tools\json-schema-core\1.2.14\json-schema-core-1.2.14.jar;C:\Users\ignacio\.m2\repository\com\github\java-json-tools\uri-template\0.10\uri-template-0.10.jar;C:\Users\ignacio\.m2\repository\org\mozilla\rhino\1.7.7.2\rhino-1.7.7.2.jar;C:\Users\ignacio\.m2\repository\com\sun\mail\mailapi\1.6.2\mailapi-1.6.2.jar;C:\Users\ignacio\.m2\repository\joda-time\joda-time\2.10.5\joda-time-2.10.5.jar;C:\Users\ignacio\.m2\repository\com\googlecode\libphonenumber\libphonenumber\8.11.1\libphonenumber-8.11.1.jar;C:\Users\ignacio\.m2\repository\com\fasterxml\jackson\core\jackson-core\2.13.3\jackson-core-2.13.3.jar;C:\Users\ignacio\.m2\repository\com\fasterxml\jackson\core\jackson-databind\2.13.3\jackson-databind-2.13.3.jar;C:\Users\ignacio\.m2\repository\com\github\javafaker\javafaker\1.0.2\javafaker-1.0.2.jar;C:\Users\ignacio\.m2\repository\org\yaml\snakeyaml\1.23\snakeyaml-1.23-android.jar;C:\Users\ignacio\.m2\repository\com\github\mifmif\generex\1.0.2\generex-1.0.2.jar;C:\Users\ignacio\.m2\repository\dk\brics\automaton\automaton\1.11-8\automaton-1.11-8.jar;C:\Users\ignacio\.m2\repository\org\projectlombok\lombok\1.18.24\lombok-1.18.24.jar;C:\Users\ignacio\.m2\repository\io\qameta\allure\allure-junit5\2.18.1\allure-junit5-2.18.1.jar;C:\Users\ignacio\.m2\repository\io\qameta\allure\allure-junit-platform\2.18.1\allure-junit-platform-2.18.1.jar;C:\Users\ignacio\.m2\repository\io\qameta\allure\allure-java-commons\2.18.1\allure-java-commons-2.18.1.jar;C:\Users\ignacio\.m2\repository\io\qameta\allure\allure-model\2.18.1\allure-model-2.18.1.jar;C:\Users\ignacio\.m2\repository\io\qameta\allure\allure-test-filter\2.18.1\allure-test-filter-2.18.1.jar;C:\Users\ignacio\.m2\repository\org\junit\platform\junit-platform-launcher\1.8.2\junit-platform-launcher-1.8.2.jar;C:\Users\ignacio\.m2\repository\org\slf4j\slf4j-api\1.7.36\slf4j-api-1.7.36.jar;C:\Users\ignacio\.m2\repository\org\slf4j\slf4j-simple\1.7.36\slf4j-simple-1.7.36.jar;"/>
    <property name="java.vm.vendor" value="Oracle Corporation"/>
    <property name="sun.arch.data.model" value="64"/>
    <property name="user.variant" value=""/>
    <property name="java.vendor.url" value="https://java.oracle.com/"/>
    <property name="user.timezone" value="America/Sao_Paulo"/>
    <property name="os.name" value="Windows 10"/>
    <property name="java.vm.specification.version" value="19"/>
    <property name="sun.java.launcher" value="SUN_STANDARD"/>
    <property name="user.country" value="BR"/>
    <property name="sun.boot.library.path" value="C:\Program Files\Java\jdk-19\bin"/>
    <property name="sun.java.command" value="C:\Users\ignacio\AppData\Local\Temp\surefire4109984646027432516\surefirebooter-20221202115625430_3.jar C:\Users\ignacio\AppData\Local\Temp\surefire4109984646027432516 2022-12-02T11-56-25_253-jvmRun1 surefire-20221202115625430_1tmp surefire_0-20221202115625430_2tmp"/>
    <property name="jdk.debug" value="release"/>
    <property name="surefire.test.class.path" value="C:\Users\ignacio\IdeaProjects\challengeignacio\target\test-classes;C:\Users\ignacio\IdeaProjects\challengeignacio\target\classes;C:\Users\ignacio\.m2\repository\org\junit\jupiter\junit-jupiter-engine\5.9.0\junit-jupiter-engine-5.9.0.jar;C:\Users\ignacio\.m2\repository\org\junit\platform\junit-platform-engine\1.9.0\junit-platform-engine-1.9.0.jar;C:\Users\ignacio\.m2\repository\org\opentest4j\opentest4j\1.2.0\opentest4j-1.2.0.jar;C:\Users\ignacio\.m2\repository\org\junit\platform\junit-platform-commons\1.9.0\junit-platform-commons-1.9.0.jar;C:\Users\ignacio\.m2\repository\org\junit\jupiter\junit-jupiter-api\5.9.0\junit-jupiter-api-5.9.0.jar;C:\Users\ignacio\.m2\repository\org\apiguardian\apiguardian-api\1.1.2\apiguardian-api-1.1.2.jar;C:\Users\ignacio\.m2\repository\io\rest-assured\rest-assured\5.1.1\rest-assured-5.1.1.jar;C:\Users\ignacio\.m2\repository\org\apache\groovy\groovy\4.0.1\groovy-4.0.1.jar;C:\Users\ignacio\.m2\repository\org\apache\groovy\groovy-xml\4.0.1\groovy-xml-4.0.1.jar;C:\Users\ignacio\.m2\repository\org\apache\httpcomponents\httpclient\4.5.13\httpclient-4.5.13.jar;C:\Users\ignacio\.m2\repository\org\apache\httpcomponents\httpcore\4.4.13\httpcore-4.4.13.jar;C:\Users\ignacio\.m2\repository\commons-logging\commons-logging\1.2\commons-logging-1.2.jar;C:\Users\ignacio\.m2\repository\commons-codec\commons-codec\1.11\commons-codec-1.11.jar;C:\Users\ignacio\.m2\repository\org\apache\httpcomponents\httpmime\4.5.13\httpmime-4.5.13.jar;C:\Users\ignacio\.m2\repository\org\hamcrest\hamcrest\2.1\hamcrest-2.1.jar;C:\Users\ignacio\.m2\repository\org\ccil\cowan\tagsoup\tagsoup\1.2.1\tagsoup-1.2.1.jar;C:\Users\ignacio\.m2\repository\io\rest-assured\json-path\5.1.1\json-path-5.1.1.jar;C:\Users\ignacio\.m2\repository\org\apache\groovy\groovy-json\4.0.1\groovy-json-4.0.1.jar;C:\Users\ignacio\.m2\repository\io\rest-assured\rest-assured-common\5.1.1\rest-assured-common-5.1.1.jar;C:\Users\ignacio\.m2\repository\io\rest-assured\xml-path\5.1.1\xml-path-5.1.1.jar;C:\Users\ignacio\.m2\repository\com\github\tomakehurst\wiremock-jre8\2.33.2\wiremock-jre8-2.33.2.jar;C:\Users\ignacio\.m2\repository\org\eclipse\jetty\jetty-server\9.4.46.v20220331\jetty-server-9.4.46.v20220331.jar;C:\Users\ignacio\.m2\repository\javax\servlet\javax.servlet-api\3.1.0\javax.servlet-api-3.1.0.jar;C:\Users\ignacio\.m2\repository\org\eclipse\jetty\jetty-http\9.4.46.v20220331\jetty-http-9.4.46.v20220331.jar;C:\Users\ignacio\.m2\repository\org\eclipse\jetty\jetty-io\9.4.46.v20220331\jetty-io-9.4.46.v20220331.jar;C:\Users\ignacio\.m2\repository\org\eclipse\jetty\jetty-servlet\9.4.46.v20220331\jetty-servlet-9.4.46.v20220331.jar;C:\Users\ignacio\.m2\repository\org\eclipse\jetty\jetty-security\9.4.46.v20220331\jetty-security-9.4.46.v20220331.jar;C:\Users\ignacio\.m2\repository\org\eclipse\jetty\jetty-util-ajax\9.4.46.v20220331\jetty-util-ajax-9.4.46.v20220331.jar;C:\Users\ignacio\.m2\repository\org\eclipse\jetty\jetty-servlets\9.4.46.v20220331\jetty-servlets-9.4.46.v20220331.jar;C:\Users\ignacio\.m2\repository\org\eclipse\jetty\jetty-continuation\9.4.46.v20220331\jetty-continuation-9.4.46.v20220331.jar;C:\Users\ignacio\.m2\repository\org\eclipse\jetty\jetty-util\9.4.46.v20220331\jetty-util-9.4.46.v20220331.jar;C:\Users\ignacio\.m2\repository\org\eclipse\jetty\jetty-webapp\9.4.46.v20220331\jetty-webapp-9.4.46.v20220331.jar;C:\Users\ignacio\.m2\repository\org\eclipse\jetty\jetty-xml\9.4.46.v20220331\jetty-xml-9.4.46.v20220331.jar;C:\Users\ignacio\.m2\repository\org\eclipse\jetty\jetty-proxy\9.4.46.v20220331\jetty-proxy-9.4.46.v20220331.jar;C:\Users\ignacio\.m2\repository\org\eclipse\jetty\jetty-client\9.4.46.v20220331\jetty-client-9.4.46.v20220331.jar;C:\Users\ignacio\.m2\repository\org\eclipse\jetty\http2\http2-server\9.4.46.v20220331\http2-server-9.4.46.v20220331.jar;C:\Users\ignacio\.m2\repository\org\eclipse\jetty\http2\http2-common\9.4.46.v20220331\http2-common-9.4.46.v20220331.jar;C:\Users\ignacio\.m2\repository\org\eclipse\jetty\http2\http2-hpack\9.4.46.v20220331\http2-hpack-9.4.46.v20220331.jar;C:\Users\ignacio\.m2\repository\org\eclipse\jetty\jetty-alpn-server\9.4.46.v20220331\jetty-alpn-server-9.4.46.v20220331.jar;C:\Users\ignacio\.m2\repository\org\eclipse\jetty\jetty-alpn-java-server\9.4.46.v20220331\jetty-alpn-java-server-9.4.46.v20220331.jar;C:\Users\ignacio\.m2\repository\org\eclipse\jetty\jetty-alpn-openjdk8-server\9.4.46.v20220331\jetty-alpn-openjdk8-server-9.4.46.v20220331.jar;C:\Users\ignacio\.m2\repository\org\eclipse\jetty\jetty-alpn-java-client\9.4.46.v20220331\jetty-alpn-java-client-9.4.46.v20220331.jar;C:\Users\ignacio\.m2\repository\org\eclipse\jetty\jetty-alpn-client\9.4.46.v20220331\jetty-alpn-client-9.4.46.v20220331.jar;C:\Users\ignacio\.m2\repository\org\eclipse\jetty\jetty-alpn-openjdk8-client\9.4.46.v20220331\jetty-alpn-openjdk8-client-9.4.46.v20220331.jar;C:\Users\ignacio\.m2\repository\com\google\guava\guava\31.1-jre\guava-31.1-jre.jar;C:\Users\ignacio\.m2\repository\com\google\guava\failureaccess\1.0.1\failureaccess-1.0.1.jar;C:\Users\ignacio\.m2\repository\com\google\guava\listenablefuture\9999.0-empty-to-avoid-conflict-with-guava\listenablefuture-9999.0-empty-to-avoid-conflict-with-guava.jar;C:\Users\ignacio\.m2\repository\com\google\code\findbugs\jsr305\3.0.2\jsr305-3.0.2.jar;C:\Users\ignacio\.m2\repository\org\checkerframework\checker-qual\3.12.0\checker-qual-3.12.0.jar;C:\Users\ignacio\.m2\repository\com\google\errorprone\error_prone_annotations\2.11.0\error_prone_annotations-2.11.0.jar;C:\Users\ignacio\.m2\repository\com\google\j2objc\j2objc-annotations\1.3\j2objc-annotations-1.3.jar;C:\Users\ignacio\.m2\repository\com\fasterxml\jackson\core\jackson-annotations\2.13.2\jackson-annotations-2.13.2.jar;C:\Users\ignacio\.m2\repository\org\apache\httpcomponents\client5\httpclient5\5.1.3\httpclient5-5.1.3.jar;C:\Users\ignacio\.m2\repository\org\apache\httpcomponents\core5\httpcore5\5.1.3\httpcore5-5.1.3.jar;C:\Users\ignacio\.m2\repository\org\apache\httpcomponents\core5\httpcore5-h2\5.1.3\httpcore5-h2-5.1.3.jar;C:\Users\ignacio\.m2\repository\org\xmlunit\xmlunit-core\2.9.0\xmlunit-core-2.9.0.jar;C:\Users\ignacio\.m2\repository\jakarta\xml\bind\jakarta.xml.bind-api\2.3.3\jakarta.xml.bind-api-2.3.3.jar;C:\Users\ignacio\.m2\repository\jakarta\activation\jakarta.activation-api\1.2.2\jakarta.activation-api-1.2.2.jar;C:\Users\ignacio\.m2\repository\org\xmlunit\xmlunit-legacy\2.9.0\xmlunit-legacy-2.9.0.jar;C:\Users\ignacio\.m2\repository\org\xmlunit\xmlunit-placeholders\2.9.0\xmlunit-placeholders-2.9.0.jar;C:\Users\ignacio\.m2\repository\net\javacrumbs\json-unit\json-unit-core\2.33.0\json-unit-core-2.33.0.jar;C:\Users\ignacio\.m2\repository\org\hamcrest\hamcrest-core\2.2\hamcrest-core-2.2.jar;C:\Users\ignacio\.m2\repository\com\jayway\jsonpath\json-path\2.7.0\json-path-2.7.0.jar;C:\Users\ignacio\.m2\repository\net\minidev\json-smart\2.4.7\json-smart-2.4.7.jar;C:\Users\ignacio\.m2\repository\net\minidev\accessors-smart\2.4.7\accessors-smart-2.4.7.jar;C:\Users\ignacio\.m2\repository\org\ow2\asm\asm\9.3\asm-9.3.jar;C:\Users\ignacio\.m2\repository\net\sf\jopt-simple\jopt-simple\5.0.4\jopt-simple-5.0.4.jar;C:\Users\ignacio\.m2\repository\org\apache\commons\commons-lang3\3.12.0\commons-lang3-3.12.0.jar;C:\Users\ignacio\.m2\repository\com\github\jknack\handlebars\4.3.0\handlebars-4.3.0.jar;C:\Users\ignacio\.m2\repository\com\github\jknack\handlebars-helpers\4.3.0\handlebars-helpers-4.3.0.jar;C:\Users\ignacio\.m2\repository\commons-fileupload\commons-fileupload\1.4\commons-fileupload-1.4.jar;C:\Users\ignacio\.m2\repository\commons-io\commons-io\2.11.0\commons-io-2.11.0.jar;C:\Users\ignacio\.m2\repository\io\rest-assured\json-schema-validator\5.1.1\json-schema-validator-5.1.1.jar;C:\Users\ignacio\.m2\repository\com\github\java-json-tools\json-schema-validator\2.2.14\json-schema-validator-2.2.14.jar;C:\Users\ignacio\.m2\repository\com\github\java-json-tools\jackson-coreutils-equivalence\1.0\jackson-coreutils-equivalence-1.0.jar;C:\Users\ignacio\.m2\repository\com\github\java-json-tools\jackson-coreutils\2.0\jackson-coreutils-2.0.jar;C:\Users\ignacio\.m2\repository\com\github\java-json-tools\msg-simple\1.2\msg-simple-1.2.jar;C:\Users\ignacio\.m2\repository\com\github\java-json-tools\btf\1.3\btf-1.3.jar;C:\Users\ignacio\.m2\repository\com\github\java-json-tools\json-schema-core\1.2.14\json-schema-core-1.2.14.jar;C:\Users\ignacio\.m2\repository\com\github\java-json-tools\uri-template\0.10\uri-template-0.10.jar;C:\Users\ignacio\.m2\repository\org\mozilla\rhino\1.7.7.2\rhino-1.7.7.2.jar;C:\Users\ignacio\.m2\repository\com\sun\mail\mailapi\1.6.2\mailapi-1.6.2.jar;C:\Users\ignacio\.m2\repository\joda-time\joda-time\2.10.5\joda-time-2.10.5.jar;C:\Users\ignacio\.m2\repository\com\googlecode\libphonenumber\libphonenumber\8.11.1\libphonenumber-8.11.1.jar;C:\Users\ignacio\.m2\repository\com\fasterxml\jackson\core\jackson-core\2.13.3\jackson-core-2.13.3.jar;C:\Users\ignacio\.m2\repository\com\fasterxml\jackson\core\jackson-databind\2.13.3\jackson-databind-2.13.3.jar;C:\Users\ignacio\.m2\repository\com\github\javafaker\javafaker\1.0.2\javafaker-1.0.2.jar;C:\Users\ignacio\.m2\repository\org\yaml\snakeyaml\1.23\snakeyaml-1.23-android.jar;C:\Users\ignacio\.m2\repository\com\github\mifmif\generex\1.0.2\generex-1.0.2.jar;C:\Users\ignacio\.m2\repository\dk\brics\automaton\automaton\1.11-8\automaton-1.11-8.jar;C:\Users\ignacio\.m2\repository\org\projectlombok\lombok\1.18.24\lombok-1.18.24.jar;C:\Users\ignacio\.m2\repository\io\qameta\allure\allure-junit5\2.18.1\allure-junit5-2.18.1.jar;C:\Users\ignacio\.m2\repository\io\qameta\allure\allure-junit-platform\2.18.1\allure-junit-platform-2.18.1.jar;C:\Users\ignacio\.m2\repository\io\qameta\allure\allure-java-commons\2.18.1\allure-java-commons-2.18.1.jar;C:\Users\ignacio\.m2\repository\io\qameta\allure\allure-model\2.18.1\allure-model-2.18.1.jar;C:\Users\ignacio\.m2\repository\io\qameta\allure\allure-test-filter\2.18.1\allure-test-filter-2.18.1.jar;C:\Users\ignacio\.m2\repository\org\junit\platform\junit-platform-launcher\1.8.2\junit-platform-launcher-1.8.2.jar;C:\Users\ignacio\.m2\repository\org\slf4j\slf4j-api\1.7.36\slf4j-api-1.7.36.jar;C:\Users\ignacio\.m2\repository\org\slf4j\slf4j-simple\1.7.36\slf4j-simple-1.7.36.jar;"/>
    <property name="allure.results.directory" value="C:\Users\ignacio\IdeaProjects\challengeignacio\target/allure-results"/>
    <property name="sun.cpu.endian" value="little"/>
    <property name="user.home" value="C:\Users\ignacio"/>
    <property name="user.language" value="pt"/>
    <property name="java.specification.vendor" value="Oracle Corporation"/>
    <property name="java.version.date" value="2022-09-20"/>
    <property name="java.home" value="C:\Program Files\Java\jdk-19"/>
    <property name="file.separator" value="\"/>
    <property name="basedir" value="C:\Users\ignacio\IdeaProjects\challengeignacio"/>
    <property name="java.vm.compressedOopsMode" value="Zero based"/>
    <property name="line.separator" value="&#10;"/>
    <property name="java.vm.specification.vendor" value="Oracle Corporation"/>
    <property name="java.specification.name" value="Java Platform API Specification"/>
    <property name="surefire.real.class.path" value="C:\Users\ignacio\AppData\Local\Temp\surefire4109984646027432516\surefirebooter-20221202115625430_3.jar"/>
    <property name="user.script" value=""/>
    <property name="sun.management.compiler" value="HotSpot 64-Bit Tiered Compilers"/>
    <property name="org.eclipse.jetty.http.HttpGenerator.STRICT" value="true"/>
    <property name="java.runtime.version" value="19+36-2238"/>
    <property name="user.name" value="ignacio"/>
    <property name="stdout.encoding" value="Cp1252"/>
    <property name="path.separator" value=";"/>
    <property name="os.version" value="10.0"/>
    <property name="java.runtime.name" value="Java(TM) SE Runtime Environment"/>
    <property name="file.encoding" value="UTF-8"/>
    <property name="java.vm.name" value="Java HotSpot(TM) 64-Bit Server VM"/>
    <property name="localRepository" value="C:\Users\ignacio\.m2\repository"/>
    <property name="javax.xml.xpath.XPathFactory:http://java.sun.com/jaxp/xpath/dom" value="com.sun.org.apache.xpath.internal.jaxp.XPathFactoryImpl"/>
    <property name="java.vendor.url.bug" value="https://bugreport.java.com/bugreport/"/>
    <property name="jetty.git.hash" value="bc17a0369a11ecf40bb92c839b9ef0a8ac50ea18"/>
    <property name="java.io.tmpdir" value="C:\Users\ignacio\AppData\Local\Temp\"/>
    <property name="java.version" value="19"/>
    <property name="user.dir" value="C:\Users\ignacio\IdeaProjects\challengeignacio"/>
    <property name="os.arch" value="amd64"/>
    <property name="java.vm.specification.name" value="Java Virtual Machine Specification"/>
    <property name="env" value="local"/>
    <property name="sun.os.patch.level" value=""/>
    <property name="native.encoding" value="Cp1252"/>
    <property name="java.library.path" value="C:\Program Files\Java\jdk-19\bin;C:\Windows\Sun\Java\bin;C:\Windows\system32;C:\Windows;C:\Program Files\Alacritty\;C:\Program Files\Common Files\Oracle\Java\javapath;E:\CUDA\bin;E:\CUDA\libnvvp;C:\Windows\system32;C:\Windows;C:\Windows\System32\Wbem;C:\Windows\System32\WindowsPowerShell\v1.0\;C:\Windows\System32\OpenSSH\;C:\Program Files\Git\cmd;C:\Program Files (x86)\NVIDIA Corporation\PhysX\Common;C:\Program Files\NVIDIA Corporation\NVIDIA NvDLISR;C:\Program Files\NVIDIA Corporation\Nsight Compute 2022.3.0\;C:\Program Files\Java\jdk-19\bin;C:\Program Files\apache-maven-3.8.6\bin;C:\Program Files\dotnet\;C:\Users\ignacio\scoop\apps\allure\2.20.1\bin;;C:\Program Files\Docker\Docker\resources\bin;C:\Users\ignacio\scoop\shims;C:\Users\ignacio\AppData\Local\Programs\Python\Python310\Scripts\;C:\Users\ignacio\AppData\Local\Programs\Python\Python310\;C:\Users\ignacio\AppData\Local\Programs\Python\Launcher\;C:\Users\ignacio\AppData\Local\Microsoft\WindowsApps;;C:\Users\ignacio\AppData\Local\Programs\Microsoft VS Code\bin;C:\Program Files\JetBrains\IntelliJ IDEA Community Edition 2022.2.3\bin;;."/>
    <property name="junit.jupiter.extensions.autodetection.enabled" value="true"/>
    <property name="java.vm.info" value="mixed mode, sharing"/>
    <property name="stderr.encoding" value="Cp1252"/>
    <property name="java.vendor" value="Oracle Corporation"/>
    <property name="java.vm.version" value="19+36-2238"/>
    <property name="sun.io.unicode.encoding" value="UnicodeLittle"/>
    <property name="javax.xml.transform.TransformerFactory" value="com.sun.org.apache.xalan.internal.xsltc.trax.TransformerFactoryImpl"/>
    <property name="java.class.version" value="63.0"/>
  </properties>
  <testcase name="deveDeletarSimulacao" classname="tests.Simulacoes.TestDeleteSimulacoes" time="0.215">
    <failure message="simulacao (1 failure)&#10;	java.lang.AssertionError: &#10;Expected: is &lt;204&gt;&#10;     but: was &lt;200&gt;" type="org.opentest4j.MultipleFailuresError"><![CDATA[org.opentest4j.MultipleFailuresError: 
simulacao (1 failure)
	java.lang.AssertionError: 
Expected: is <204>
     but: was <200>
	at org.junit.jupiter.api.AssertAll.assertAll(AssertAll.java:80)
	at org.junit.jupiter.api.AssertAll.assertAll(AssertAll.java:44)
	at org.junit.jupiter.api.Assertions.assertAll(Assertions.java:2928)
	at tests.Simulacoes.TestDeleteSimulacoes.deveDeletarSimulacao(TestDeleteSimulacoes.java:26)
	at java.base/jdk.internal.reflect.DirectMethodHandleAccessor.invoke(DirectMethodHandleAccessor.java:104)
	at java.base/java.lang.reflect.Method.invoke(Method.java:578)
	at org.junit.platform.commons.util.ReflectionUtils.invokeMethod(ReflectionUtils.java:727)
	at org.junit.jupiter.engine.execution.MethodInvocation.proceed(MethodInvocation.java:60)
	at org.junit.jupiter.engine.execution.InvocationInterceptorChain$ValidatingInvocation.proceed(InvocationInterceptorChain.java:131)
	at org.junit.jupiter.api.extension.InvocationInterceptor.interceptTestMethod(InvocationInterceptor.java:118)
	at org.junit.jupiter.engine.execution.InterceptingExecutableInvoker$ReflectiveInterceptorCall.lambda$ofVoidMethod$0(InterceptingExecutableInvoker.java:103)
	at org.junit.jupiter.engine.execution.InterceptingExecutableInvoker.lambda$invoke$0(InterceptingExecutableInvoker.java:93)
	at org.junit.jupiter.engine.execution.InvocationInterceptorChain$InterceptedInvocation.proceed(InvocationInterceptorChain.java:106)
	at org.junit.jupiter.engine.extension.TimeoutExtension.intercept(TimeoutExtension.java:156)
	at org.junit.jupiter.engine.extension.TimeoutExtension.interceptTestableMethod(TimeoutExtension.java:147)
	at org.junit.jupiter.engine.extension.TimeoutExtension.interceptTestMethod(TimeoutExtension.java:86)
	at org.junit.jupiter.engine.execution.InterceptingExecutableInvoker$ReflectiveInterceptorCall.lambda$ofVoidMethod$0(InterceptingExecutableInvoker.java:103)
	at org.junit.jupiter.engine.execution.InterceptingExecutableInvoker.lambda$invoke$0(InterceptingExecutableInvoker.java:93)
	at org.junit.jupiter.engine.execution.InvocationInterceptorChain$InterceptedInvocation.proceed(InvocationInterceptorChain.java:106)
	at org.junit.jupiter.engine.execution.InvocationInterceptorChain.proceed(InvocationInterceptorChain.java:64)
	at org.junit.jupiter.engine.execution.InvocationInterceptorChain.chainAndInvoke(InvocationInterceptorChain.java:45)
	at org.junit.jupiter.engine.execution.InvocationInterceptorChain.invoke(InvocationInterceptorChain.java:37)
	at org.junit.jupiter.engine.execution.InterceptingExecutableInvoker.invoke(InterceptingExecutableInvoker.java:92)
	at org.junit.jupiter.engine.execution.InterceptingExecutableInvoker.invoke(InterceptingExecutableInvoker.java:86)
	at org.junit.jupiter.engine.descriptor.TestMethodTestDescriptor.lambda$invokeTestMethod$7(TestMethodTestDescriptor.java:217)
	at org.junit.platform.engine.support.hierarchical.ThrowableCollector.execute(ThrowableCollector.java:73)
	at org.junit.jupiter.engine.descriptor.TestMethodTestDescriptor.invokeTestMethod(TestMethodTestDescriptor.java:213)
	at org.junit.jupiter.engine.descriptor.TestMethodTestDescriptor.execute(TestMethodTestDescriptor.java:138)
	at org.junit.jupiter.engine.descriptor.TestMethodTestDescriptor.execute(TestMethodTestDescriptor.java:68)
	at org.junit.platform.engine.support.hierarchical.NodeTestTask.lambda$executeRecursively$6(NodeTestTask.java:151)
	at org.junit.platform.engine.support.hierarchical.ThrowableCollector.execute(ThrowableCollector.java:73)
	at org.junit.platform.engine.support.hierarchical.NodeTestTask.lambda$executeRecursively$8(NodeTestTask.java:141)
	at org.junit.platform.engine.support.hierarchical.Node.around(Node.java:137)
	at org.junit.platform.engine.support.hierarchical.NodeTestTask.lambda$executeRecursively$9(NodeTestTask.java:139)
	at org.junit.platform.engine.support.hierarchical.ThrowableCollector.execute(ThrowableCollector.java:73)
	at org.junit.platform.engine.support.hierarchical.NodeTestTask.executeRecursively(NodeTestTask.java:138)
	at org.junit.platform.engine.support.hierarchical.NodeTestTask.execute(NodeTestTask.java:95)
	at java.base/java.util.ArrayList.forEach(ArrayList.java:1511)
	at org.junit.platform.engine.support.hierarchical.SameThreadHierarchicalTestExecutorService.invokeAll(SameThreadHierarchicalTestExecutorService.java:41)
	at org.junit.platform.engine.support.hierarchical.NodeTestTask.lambda$executeRecursively$6(NodeTestTask.java:155)
	at org.junit.platform.engine.support.hierarchical.ThrowableCollector.execute(ThrowableCollector.java:73)
	at org.junit.platform.engine.support.hierarchical.NodeTestTask.lambda$executeRecursively$8(NodeTestTask.java:141)
	at org.junit.platform.engine.support.hierarchical.Node.around(Node.java:137)
	at org.junit.platform.engine.support.hierarchical.NodeTestTask.lambda$executeRecursively$9(NodeTestTask.java:139)
	at org.junit.platform.engine.support.hierarchical.ThrowableCollector.execute(ThrowableCollector.java:73)
	at org.junit.platform.engine.support.hierarchical.NodeTestTask.executeRecursively(NodeTestTask.java:138)
	at org.junit.platform.engine.support.hierarchical.NodeTestTask.execute(NodeTestTask.java:95)
	at java.base/java.util.ArrayList.forEach(ArrayList.java:1511)
	at org.junit.platform.engine.support.hierarchical.SameThreadHierarchicalTestExecutorService.invokeAll(SameThreadHierarchicalTestExecutorService.java:41)
	at org.junit.platform.engine.support.hierarchical.NodeTestTask.lambda$executeRecursively$6(NodeTestTask.java:155)
	at org.junit.platform.engine.support.hierarchical.ThrowableCollector.execute(ThrowableCollector.java:73)
	at org.junit.platform.engine.support.hierarchical.NodeTestTask.lambda$executeRecursively$8(NodeTestTask.java:141)
	at org.junit.platform.engine.support.hierarchical.Node.around(Node.java:137)
	at org.junit.platform.engine.support.hierarchical.NodeTestTask.lambda$executeRecursively$9(NodeTestTask.java:139)
	at org.junit.platform.engine.support.hierarchical.ThrowableCollector.execute(ThrowableCollector.java:73)
	at org.junit.platform.engine.support.hierarchical.NodeTestTask.executeRecursively(NodeTestTask.java:138)
	at org.junit.platform.engine.support.hierarchical.NodeTestTask.execute(NodeTestTask.java:95)
	at org.junit.platform.engine.support.hierarchical.SameThreadHierarchicalTestExecutorService.submit(SameThreadHierarchicalTestExecutorService.java:35)
	at org.junit.platform.engine.support.hierarchical.HierarchicalTestExecutor.execute(HierarchicalTestExecutor.java:57)
	at org.junit.platform.engine.support.hierarchical.HierarchicalTestEngine.execute(HierarchicalTestEngine.java:54)
	at org.junit.platform.launcher.core.EngineExecutionOrchestrator.execute(EngineExecutionOrchestrator.java:107)
	at org.junit.platform.launcher.core.EngineExecutionOrchestrator.execute(EngineExecutionOrchestrator.java:88)
	at org.junit.platform.launcher.core.EngineExecutionOrchestrator.lambda$execute$0(EngineExecutionOrchestrator.java:54)
	at org.junit.platform.launcher.core.EngineExecutionOrchestrator.withInterceptedStreams(EngineExecutionOrchestrator.java:67)
	at org.junit.platform.launcher.core.EngineExecutionOrchestrator.execute(EngineExecutionOrchestrator.java:52)
	at org.junit.platform.launcher.core.DefaultLauncher.execute(DefaultLauncher.java:114)
	at org.junit.platform.launcher.core.DefaultLauncher.execute(DefaultLauncher.java:86)
	at org.junit.platform.launcher.core.DefaultLauncherSession$DelegatingLauncher.execute(DefaultLauncherSession.java:86)
	at org.apache.maven.surefire.junitplatform.LazyLauncher.execute(LazyLauncher.java:55)
	at org.apache.maven.surefire.junitplatform.JUnitPlatformProvider.execute(JUnitPlatformProvider.java:223)
	at org.apache.maven.surefire.junitplatform.JUnitPlatformProvider.invokeAllTests(JUnitPlatformProvider.java:175)
	at org.apache.maven.surefire.junitplatform.JUnitPlatformProvider.invoke(JUnitPlatformProvider.java:139)
	at org.apache.maven.surefire.booter.ForkedBooter.runSuitesInProcess(ForkedBooter.java:456)
	at org.apache.maven.surefire.booter.ForkedBooter.execute(ForkedBooter.java:169)
	at org.apache.maven.surefire.booter.ForkedBooter.run(ForkedBooter.java:595)
	at org.apache.maven.surefire.booter.ForkedBooter.main(ForkedBooter.java:581)
	Suppressed: java.lang.AssertionError: 
Expected: is <204>
     but: was <200>
		at org.hamcrest.MatcherAssert.assertThat(MatcherAssert.java:18)
		at org.hamcrest.MatcherAssert.assertThat(MatcherAssert.java:6)
		at tests.Simulacoes.TestDeleteSimulacoes.lambda$deveDeletarSimulacao$1(TestDeleteSimulacoes.java:28)
		at org.junit.jupiter.api.AssertAll.lambda$assertAll$0(AssertAll.java:68)
		at java.base/java.util.stream.ReferencePipeline$3$1.accept(ReferencePipeline.java:197)
		at java.base/java.util.Spliterators$ArraySpliterator.forEachRemaining(Spliterators.java:1006)
		at java.base/java.util.stream.AbstractPipeline.copyInto(AbstractPipeline.java:509)
		at java.base/java.util.stream.AbstractPipeline.wrapAndCopyInto(AbstractPipeline.java:499)
		at java.base/java.util.stream.ReduceOps$ReduceOp.evaluateSequential(ReduceOps.java:921)
		at java.base/java.util.stream.AbstractPipeline.evaluate(AbstractPipeline.java:234)
		at java.base/java.util.stream.ReferencePipeline.collect(ReferencePipeline.java:682)
		at org.junit.jupiter.api.AssertAll.assertAll(AssertAll.java:77)
		... 75 more
]]></failure>
  </testcase>
  <testcase name="deveFalharDeleteSimulacao" classname="tests.Simulacoes.TestDeleteSimulacoes" time="0.037">
    <failure message="simulacao (2 failures)&#10;	java.lang.IllegalStateException: Cannot determine which path implementation to use because the content-type text/plain;charset=UTF-8 doesn&apos;t map to a path implementation.&#10;	java.lang.AssertionError: &#10;Expected: is &lt;404&gt;&#10;     but: was &lt;200&gt;" type="org.opentest4j.MultipleFailuresError"><![CDATA[org.opentest4j.MultipleFailuresError: 
simulacao (2 failures)
	java.lang.IllegalStateException: Cannot determine which path implementation to use because the content-type text/plain;charset=UTF-8 doesn't map to a path implementation.
	java.lang.AssertionError: 
Expected: is <404>
     but: was <200>
	at org.junit.jupiter.api.AssertAll.assertAll(AssertAll.java:80)
	at org.junit.jupiter.api.AssertAll.assertAll(AssertAll.java:44)
	at org.junit.jupiter.api.Assertions.assertAll(Assertions.java:2928)
	at tests.Simulacoes.TestDeleteSimulacoes.deveFalharDeleteSimulacao(TestDeleteSimulacoes.java:38)
	at java.base/jdk.internal.reflect.DirectMethodHandleAccessor.invoke(DirectMethodHandleAccessor.java:104)
	at java.base/java.lang.reflect.Method.invoke(Method.java:578)
	at org.junit.platform.commons.util.ReflectionUtils.invokeMethod(ReflectionUtils.java:727)
	at org.junit.jupiter.engine.execution.MethodInvocation.proceed(MethodInvocation.java:60)
	at org.junit.jupiter.engine.execution.InvocationInterceptorChain$ValidatingInvocation.proceed(InvocationInterceptorChain.java:131)
	at org.junit.jupiter.api.extension.InvocationInterceptor.interceptTestMethod(InvocationInterceptor.java:118)
	at org.junit.jupiter.engine.execution.InterceptingExecutableInvoker$ReflectiveInterceptorCall.lambda$ofVoidMethod$0(InterceptingExecutableInvoker.java:103)
	at org.junit.jupiter.engine.execution.InterceptingExecutableInvoker.lambda$invoke$0(InterceptingExecutableInvoker.java:93)
	at org.junit.jupiter.engine.execution.InvocationInterceptorChain$InterceptedInvocation.proceed(InvocationInterceptorChain.java:106)
	at org.junit.jupiter.engine.extension.TimeoutExtension.intercept(TimeoutExtension.java:156)
	at org.junit.jupiter.engine.extension.TimeoutExtension.interceptTestableMethod(TimeoutExtension.java:147)
	at org.junit.jupiter.engine.extension.TimeoutExtension.interceptTestMethod(TimeoutExtension.java:86)
	at org.junit.jupiter.engine.execution.InterceptingExecutableInvoker$ReflectiveInterceptorCall.lambda$ofVoidMethod$0(InterceptingExecutableInvoker.java:103)
	at org.junit.jupiter.engine.execution.InterceptingExecutableInvoker.lambda$invoke$0(InterceptingExecutableInvoker.java:93)
	at org.junit.jupiter.engine.execution.InvocationInterceptorChain$InterceptedInvocation.proceed(InvocationInterceptorChain.java:106)
	at org.junit.jupiter.engine.execution.InvocationInterceptorChain.proceed(InvocationInterceptorChain.java:64)
	at org.junit.jupiter.engine.execution.InvocationInterceptorChain.chainAndInvoke(InvocationInterceptorChain.java:45)
	at org.junit.jupiter.engine.execution.InvocationInterceptorChain.invoke(InvocationInterceptorChain.java:37)
	at org.junit.jupiter.engine.execution.InterceptingExecutableInvoker.invoke(InterceptingExecutableInvoker.java:92)
	at org.junit.jupiter.engine.execution.InterceptingExecutableInvoker.invoke(InterceptingExecutableInvoker.java:86)
	at org.junit.jupiter.engine.descriptor.TestMethodTestDescriptor.lambda$invokeTestMethod$7(TestMethodTestDescriptor.java:217)
	at org.junit.platform.engine.support.hierarchical.ThrowableCollector.execute(ThrowableCollector.java:73)
	at org.junit.jupiter.engine.descriptor.TestMethodTestDescriptor.invokeTestMethod(TestMethodTestDescriptor.java:213)
	at org.junit.jupiter.engine.descriptor.TestMethodTestDescriptor.execute(TestMethodTestDescriptor.java:138)
	at org.junit.jupiter.engine.descriptor.TestMethodTestDescriptor.execute(TestMethodTestDescriptor.java:68)
	at org.junit.platform.engine.support.hierarchical.NodeTestTask.lambda$executeRecursively$6(NodeTestTask.java:151)
	at org.junit.platform.engine.support.hierarchical.ThrowableCollector.execute(ThrowableCollector.java:73)
	at org.junit.platform.engine.support.hierarchical.NodeTestTask.lambda$executeRecursively$8(NodeTestTask.java:141)
	at org.junit.platform.engine.support.hierarchical.Node.around(Node.java:137)
	at org.junit.platform.engine.support.hierarchical.NodeTestTask.lambda$executeRecursively$9(NodeTestTask.java:139)
	at org.junit.platform.engine.support.hierarchical.ThrowableCollector.execute(ThrowableCollector.java:73)
	at org.junit.platform.engine.support.hierarchical.NodeTestTask.executeRecursively(NodeTestTask.java:138)
	at org.junit.platform.engine.support.hierarchical.NodeTestTask.execute(NodeTestTask.java:95)
	at java.base/java.util.ArrayList.forEach(ArrayList.java:1511)
	at org.junit.platform.engine.support.hierarchical.SameThreadHierarchicalTestExecutorService.invokeAll(SameThreadHierarchicalTestExecutorService.java:41)
	at org.junit.platform.engine.support.hierarchical.NodeTestTask.lambda$executeRecursively$6(NodeTestTask.java:155)
	at org.junit.platform.engine.support.hierarchical.ThrowableCollector.execute(ThrowableCollector.java:73)
	at org.junit.platform.engine.support.hierarchical.NodeTestTask.lambda$executeRecursively$8(NodeTestTask.java:141)
	at org.junit.platform.engine.support.hierarchical.Node.around(Node.java:137)
	at org.junit.platform.engine.support.hierarchical.NodeTestTask.lambda$executeRecursively$9(NodeTestTask.java:139)
	at org.junit.platform.engine.support.hierarchical.ThrowableCollector.execute(ThrowableCollector.java:73)
	at org.junit.platform.engine.support.hierarchical.NodeTestTask.executeRecursively(NodeTestTask.java:138)
	at org.junit.platform.engine.support.hierarchical.NodeTestTask.execute(NodeTestTask.java:95)
	at java.base/java.util.ArrayList.forEach(ArrayList.java:1511)
	at org.junit.platform.engine.support.hierarchical.SameThreadHierarchicalTestExecutorService.invokeAll(SameThreadHierarchicalTestExecutorService.java:41)
	at org.junit.platform.engine.support.hierarchical.NodeTestTask.lambda$executeRecursively$6(NodeTestTask.java:155)
	at org.junit.platform.engine.support.hierarchical.ThrowableCollector.execute(ThrowableCollector.java:73)
	at org.junit.platform.engine.support.hierarchical.NodeTestTask.lambda$executeRecursively$8(NodeTestTask.java:141)
	at org.junit.platform.engine.support.hierarchical.Node.around(Node.java:137)
	at org.junit.platform.engine.support.hierarchical.NodeTestTask.lambda$executeRecursively$9(NodeTestTask.java:139)
	at org.junit.platform.engine.support.hierarchical.ThrowableCollector.execute(ThrowableCollector.java:73)
	at org.junit.platform.engine.support.hierarchical.NodeTestTask.executeRecursively(NodeTestTask.java:138)
	at org.junit.platform.engine.support.hierarchical.NodeTestTask.execute(NodeTestTask.java:95)
	at org.junit.platform.engine.support.hierarchical.SameThreadHierarchicalTestExecutorService.submit(SameThreadHierarchicalTestExecutorService.java:35)
	at org.junit.platform.engine.support.hierarchical.HierarchicalTestExecutor.execute(HierarchicalTestExecutor.java:57)
	at org.junit.platform.engine.support.hierarchical.HierarchicalTestEngine.execute(HierarchicalTestEngine.java:54)
	at org.junit.platform.launcher.core.EngineExecutionOrchestrator.execute(EngineExecutionOrchestrator.java:107)
	at org.junit.platform.launcher.core.EngineExecutionOrchestrator.execute(EngineExecutionOrchestrator.java:88)
	at org.junit.platform.launcher.core.EngineExecutionOrchestrator.lambda$execute$0(EngineExecutionOrchestrator.java:54)
	at org.junit.platform.launcher.core.EngineExecutionOrchestrator.withInterceptedStreams(EngineExecutionOrchestrator.java:67)
	at org.junit.platform.launcher.core.EngineExecutionOrchestrator.execute(EngineExecutionOrchestrator.java:52)
	at org.junit.platform.launcher.core.DefaultLauncher.execute(DefaultLauncher.java:114)
	at org.junit.platform.launcher.core.DefaultLauncher.execute(DefaultLauncher.java:86)
	at org.junit.platform.launcher.core.DefaultLauncherSession$DelegatingLauncher.execute(DefaultLauncherSession.java:86)
	at org.apache.maven.surefire.junitplatform.LazyLauncher.execute(LazyLauncher.java:55)
	at org.apache.maven.surefire.junitplatform.JUnitPlatformProvider.execute(JUnitPlatformProvider.java:223)
	at org.apache.maven.surefire.junitplatform.JUnitPlatformProvider.invokeAllTests(JUnitPlatformProvider.java:175)
	at org.apache.maven.surefire.junitplatform.JUnitPlatformProvider.invoke(JUnitPlatformProvider.java:139)
	at org.apache.maven.surefire.booter.ForkedBooter.runSuitesInProcess(ForkedBooter.java:456)
	at org.apache.maven.surefire.booter.ForkedBooter.execute(ForkedBooter.java:169)
	at org.apache.maven.surefire.booter.ForkedBooter.run(ForkedBooter.java:595)
	at org.apache.maven.surefire.booter.ForkedBooter.main(ForkedBooter.java:581)
	Suppressed: java.lang.IllegalStateException: Cannot determine which path implementation to use because the content-type text/plain;charset=UTF-8 doesn't map to a path implementation.
		at java.base/jdk.internal.reflect.DirectConstructorHandleAccessor.newInstance(DirectConstructorHandleAccessor.java:67)
		at java.base/java.lang.reflect.Constructor.newInstanceWithCaller(Constructor.java:500)
		at java.base/java.lang.reflect.Constructor.newInstance(Constructor.java:484)
		at org.codehaus.groovy.reflection.CachedConstructor.invoke(CachedConstructor.java:73)
		at org.codehaus.groovy.reflection.CachedConstructor.doConstructorInvoke(CachedConstructor.java:60)
		at org.codehaus.groovy.runtime.callsite.ConstructorSite$ConstructorSiteNoUnwrap.callConstructor(ConstructorSite.java:86)
		at org.codehaus.groovy.runtime.callsite.CallSiteArray.defaultCallConstructor(CallSiteArray.java:58)
		at org.codehaus.groovy.runtime.callsite.AbstractCallSite.callConstructor(AbstractCallSite.java:263)
		at org.codehaus.groovy.runtime.callsite.AbstractCallSite.callConstructor(AbstractCallSite.java:277)
		at io.restassured.internal.RestAssuredResponseOptionsGroovyImpl.path(RestAssuredResponseOptionsGroovyImpl.groovy:416)
		at io.restassured.internal.RestAssuredResponseOptionsImpl.path(RestAssuredResponseOptionsImpl.java:230)
		at tests.Simulacoes.TestDeleteSimulacoes.lambda$deveFalharDeleteSimulacao$2(TestDeleteSimulacoes.java:39)
		at org.junit.jupiter.api.AssertAll.lambda$assertAll$0(AssertAll.java:68)
		at java.base/java.util.stream.ReferencePipeline$3$1.accept(ReferencePipeline.java:197)
		at java.base/java.util.Spliterators$ArraySpliterator.forEachRemaining(Spliterators.java:1006)
		at java.base/java.util.stream.AbstractPipeline.copyInto(AbstractPipeline.java:509)
		at java.base/java.util.stream.AbstractPipeline.wrapAndCopyInto(AbstractPipeline.java:499)
		at java.base/java.util.stream.ReduceOps$ReduceOp.evaluateSequential(ReduceOps.java:921)
		at java.base/java.util.stream.AbstractPipeline.evaluate(AbstractPipeline.java:234)
		at java.base/java.util.stream.ReferencePipeline.collect(ReferencePipeline.java:682)
		at org.junit.jupiter.api.AssertAll.assertAll(AssertAll.java:77)
		... 75 more
	Suppressed: java.lang.AssertionError: 
Expected: is <404>
     but: was <200>
		at org.hamcrest.MatcherAssert.assertThat(MatcherAssert.java:18)
		at org.hamcrest.MatcherAssert.assertThat(MatcherAssert.java:6)
		at tests.Simulacoes.TestDeleteSimulacoes.lambda$deveFalharDeleteSimulacao$3(TestDeleteSimulacoes.java:40)
		at org.junit.jupiter.api.AssertAll.lambda$assertAll$0(AssertAll.java:68)
		at java.base/java.util.stream.ReferencePipeline$3$1.accept(ReferencePipeline.java:197)
		at java.base/java.util.Spliterators$ArraySpliterator.forEachRemaining(Spliterators.java:1006)
		at java.base/java.util.stream.AbstractPipeline.copyInto(AbstractPipeline.java:509)
		at java.base/java.util.stream.AbstractPipeline.wrapAndCopyInto(AbstractPipeline.java:499)
		at java.base/java.util.stream.ReduceOps$ReduceOp.evaluateSequential(ReduceOps.java:921)
		at java.base/java.util.stream.AbstractPipeline.evaluate(AbstractPipeline.java:234)
		at java.base/java.util.stream.ReferencePipeline.collect(ReferencePipeline.java:682)
		at org.junit.jupiter.api.AssertAll.assertAll(AssertAll.java:77)
		... 75 more
]]></failure>
  </testcase>
  <testcase name="deveFalharDeleteRaiz" classname="tests.Simulacoes.TestDeleteSimulacoes" time="0.009"/>
</testsuite>